/out/sourcedata/freesurfer/sub-v1s18x0051274_ses-1/mri
/opt/freesurfer/bin/talairach_avi
--i orig_nu.mgz --xfm transforms/talairach.auto.xfm
talairach_avi 7.3.2
Linux dna058 5.14.0-427.37.1.el9_4.x86_64 #1 SMP PREEMPT_DYNAMIC Fri Sep 13 12:41:50 EDT 2024 x86_64 x86_64 x86_64 GNU/Linux
Mon Mar  9 07:14:50 CET 2026
mri_convert orig_nu.mgz talsrcimg.img 
reading from orig_nu.mgz...
TR=0.00, TE=0.00, TI=0.00, flip angle=0.00
i_ras = (-1, 0, 0)
j_ras = (0, 0, -1)
k_ras = (0, 1, 0)
writing to talsrcimg.img...
Analyze Output Matrix
-1.00000   0.00000   0.00000   129.59985;
 0.00000   0.00000   1.00000  -124.37334;
 0.00000  -1.00000   0.00000   121.52542;
 0.00000   0.00000   0.00000   1.00000;
--------------------
INFO: set hdr.hist.orient to -1
mpr2mni305 talsrcimg
Mon Mar  9 07:14:50 CET 2026
/opt/freesurfer/bin/mpr2mni305 talsrcimg
mpr2mni305 7.3.2
target=711-2C_as_mni_average_305

---------------------------------------------------------------------
analyzeto4dfp talsrcimg -O0 -y
---------------------------------------------------------------------

freesurfer ifh2hdr.c
Mon Mar  9 07:14:50 2026
Writing: talsrcimg.4dfp.hdr
freesurfer analyzeto4dfp.c
Reading: talsrcimg.hdr
header size 348 bytes
hdr.dime.datatype	offset=70	value=2
hdr.dime.bitpix		offset=72	value=8
hdr.hist.orient		offset=252	value=-1
dimensionality     4
dimensions       256       256       256         1
Reading: talsrcimg.img
Writing: talsrcimg.4dfp.img
Writing: talsrcimg.4dfp.ifh
ifh2hdr talsrcimg -r0to224
ori=2

---------------------------------------------------------------------
gauss_4dfp talsrcimg 1.1
---------------------------------------------------------------------

freesurfer gauss_4dfp.c
Reading: talsrcimg.4dfp.img
Writing: talsrcimg_g11.4dfp.img
image dimensions 256 256 256 padded to 288 288 288
processing volume 1freesurfer ifh2hdr.c
Mon Mar  9 07:14:52 2026
Writing: talsrcimg_g11.4dfp.hdr

Writing: talsrcimg_g11.4dfp.ifh
including: talsrcimg.4dfp.img.rec in talsrcimg_g11.4dfp.img.rec

---------------------------------------------------------------------
imgreg_4dfp /opt/freesurfer/average/711-2C_as_mni_average_305 none talsrcimg_g11 none talsrcimg_to_711-2C_as_mni_average_305_t4 4355
---------------------------------------------------------------------

freesurfer imgreg_4dfp.c
/opt/freesurfer/average/711-2C_as_mni_average_305.4dfp.img
       256       256       256         1
  1.000000  1.000000  1.000000
orientation T byte_order littleendian
Reading image: /opt/freesurfer/average/711-2C_as_mni_average_305.4dfp.img
dimensions:      256       256       256
mmppix:       1.0000   -1.0000   -1.0000
center:     128.0000 -129.0000 -129.0000
talsrcimg_g11.4dfp.img
       256       256       256         1
  1.000000  1.000000  1.000000
orientation T byte_order littleendian
Reading image: talsrcimg_g11.4dfp.img
dimensions:      256       256       256
mmppix:       1.0000   -1.0000   -1.0000
center:     128.0000 -129.0000 -129.0000
t4_read: open error in t4_sub.f l:  41 t4_file(1:l)talsrcimg_to_711-2C_as_mni_average_305_t4 
t4_read: transform initialized to I4
rotation matrix determinant  1.000000
image alignment mode   4355 decimal     1103 hex
   -7.5000  -45.0000  -45.0000 6540.6113   18.8889
    0.0000  -45.0000  -45.0000 6816.1504   18.8487
    7.5000  -45.0000  -45.0000 6524.7754   18.7804
   -7.5000  -37.5000  -45.0000 7044.5063   18.6399
    0.0000  -37.5000  -45.0000 7368.6289   18.5979
    7.5000  -37.5000  -45.0000 7028.1870   18.5210
   -7.5000  -30.0000  -45.0000 7856.6206   18.5344
    0.0000  -30.0000  -45.0000 8233.4102   18.4975
    7.5000  -30.0000  -45.0000 7862.8823   18.4149
   -7.5000  -22.5000  -45.0000 8707.6221   18.4778
    0.0000  -22.5000  -45.0000 9125.3174   18.4475
    7.5000  -22.5000  -45.0000 8724.9092   18.3696
   -7.5000  -15.0000  -45.0000 9482.8809   18.4707
    0.0000  -15.0000  -45.0000 9968.0098   18.4434
    7.5000  -15.0000  -45.0000 9518.0322   18.3757
   -7.5000   -7.5000  -45.000010227.5127   18.4637
    0.0000   -7.5000  -45.000010745.4707   18.4323
    7.5000   -7.5000  -45.000010239.2051   18.3707
   -7.5000    0.0000  -45.000010922.2598   18.4497
    0.0000    0.0000  -45.000011497.0518   18.4108
    7.5000    0.0000  -45.000010904.2217   18.3458
   -7.5000    7.5000  -45.000010847.3701   18.4432
    0.0000    7.5000  -45.000011423.0400   18.4015
    7.5000    7.5000  -45.000010828.8311   18.3261
   -7.5000   15.0000  -45.000010596.4688   18.4498
    0.0000   15.0000  -45.000011149.8105   18.4126
    7.5000   15.0000  -45.000010578.5107   18.3306
   -7.5000   22.5000  -45.000010160.0127   18.4609
    0.0000   22.5000  -45.000010665.1758   18.4305
    7.5000   22.5000  -45.000010098.4170   18.3528
   -7.5000   30.0000  -45.0000 9721.6709   18.2246
    0.0000   30.0000  -45.000010201.4561   18.1977
    7.5000   30.0000  -45.0000 9609.9404   18.1308
   -7.5000   37.5000  -45.0000 9471.1533   18.2176
    0.0000   37.5000  -45.0000 9936.0654   18.1867
    7.5000   37.5000  -45.0000 9341.8555   18.1259
   -7.5000   45.0000  -45.0000 8719.9805   17.7416
    0.0000   45.0000  -45.0000 9147.1201   17.7042
    7.5000   45.0000  -45.0000 8576.6387   17.6417
   -7.5000  -45.0000  -37.5000 6914.3052   18.8230
    0.0000  -45.0000  -37.5000 7198.0874   18.7851
    7.5000  -45.0000  -37.5000 6864.3833   18.7243
   -7.5000  -37.5000  -37.5000 7480.3911   18.5707
    0.0000  -37.5000  -37.5000 7802.1533   18.5339
    7.5000  -37.5000  -37.5000 7434.1958   18.4705
   -7.5000  -30.0000  -37.5000 8357.8154   18.4650
    0.0000  -30.0000  -37.5000 8747.1172   18.4362
    7.5000  -30.0000  -37.5000 8341.6562   18.3708
   -7.5000  -22.5000  -37.5000 9247.2539   18.4151
    0.0000  -22.5000  -37.5000 9677.2236   18.3924
    7.5000  -22.5000  -37.5000 9239.2002   18.3285
   -7.5000  -15.0000  -37.500010081.5332   18.4145
    0.0000  -15.0000  -37.500010568.9863   18.3919
    7.5000  -15.0000  -37.500010081.6221   18.3319
   -7.5000   -7.5000  -37.500010859.1387   18.4063
    0.0000   -7.5000  -37.500011362.3760   18.3774
    7.5000   -7.5000  -37.500010829.6836   18.3204
   -7.5000    0.0000  -37.500011537.5947   18.3871
    0.0000    0.0000  -37.500012101.9307   18.3505
    7.5000    0.0000  -37.500011501.4277   18.2926
   -7.5000    7.5000  -37.500011421.8486   18.3755
    0.0000    7.5000  -37.500011980.3828   18.3390
    7.5000    7.5000  -37.500011417.1484   18.2768
   -7.5000   15.0000  -37.500011167.4678   18.3811
    0.0000   15.0000  -37.500011723.5059   18.3521
    7.5000   15.0000  -37.500011165.3311   18.2871
   -7.5000   22.5000  -37.500010704.6309   18.3984
    0.0000   22.5000  -37.500011245.9541   18.3755
    7.5000   22.5000  -37.500010650.4326   18.3118
   -7.5000   30.0000  -37.500010239.4668   18.1691
    0.0000   30.0000  -37.500010749.1270   18.1468
    7.5000   30.0000  -37.500010132.5605   18.0876
   -7.5000   37.5000  -37.5000 9984.1660   18.1610
    0.0000   37.5000  -37.500010494.7715   18.1325
    7.5000   37.5000  -37.5000 9865.8389   18.0763
   -7.5000   45.0000  -37.5000 9181.5713   17.6814
    0.0000   45.0000  -37.5000 9634.2881   17.6462
    7.5000   45.0000  -37.5000 9057.7012   17.5906
   -7.5000  -45.0000  -30.0000 7388.2881   19.6330
    0.0000  -45.0000  -30.0000 7704.9033   19.6008
    7.5000  -45.0000  -30.0000 7354.7920   19.5509
   -7.5000  -37.5000  -30.0000 8039.6743   19.3632
    0.0000  -37.5000  -30.0000 8392.5898   19.3312
    7.5000  -37.5000  -30.0000 7992.4644   19.2849
   -7.5000  -30.0000  -30.0000 9002.3232   19.2464
    0.0000  -30.0000  -30.0000 9417.5244   19.2218
    7.5000  -30.0000  -30.0000 8961.0723   19.1759
   -7.5000  -22.5000  -30.0000 9942.5967   19.1950
    0.0000  -22.5000  -30.000010400.6504   19.1761
    7.5000  -22.5000  -30.0000 9904.8896   19.1272
   -7.5000  -15.0000  -30.000010856.8516   19.2002
    0.0000  -15.0000  -30.000011358.9570   19.1823
    7.5000  -15.0000  -30.000010813.8643   19.1306
   -7.5000   -7.5000  -30.000011725.1807   19.1975
    0.0000   -7.5000  -30.000012215.3809   19.1741
    7.5000   -7.5000  -30.000011654.6875   19.1238
   -7.5000    0.0000  -30.000012449.1064   19.1781
    0.0000    0.0000  -30.000013000.9707   19.1468
    7.5000    0.0000  -30.000012401.4062   19.0993
   -7.5000    7.5000  -30.000012317.0088   19.1598
    0.0000    7.5000  -30.000012841.5645   19.1280
    7.5000    7.5000  -30.000012291.4404   19.0825
   -7.5000   15.0000  -30.000012033.3779   19.1593
    0.0000   15.0000  -30.000012578.4912   19.1343
    7.5000   15.0000  -30.000012022.0537   19.0887
   -7.5000   22.5000  -30.000011499.4238   19.1756
    0.0000   22.5000  -30.000012052.2129   19.1566
    7.5000   22.5000  -30.000011451.6064   19.1079
   -7.5000   30.0000  -30.000010956.7852   18.9461
    0.0000   30.0000  -30.000011467.4170   18.9285
    7.5000   30.0000  -30.000010868.3643   18.8775
   -7.5000   37.5000  -30.000010656.0166   18.9435
    0.0000   37.5000  -30.000011175.1582   18.9204
    7.5000   37.5000  -30.000010573.9932   18.8707
   -7.5000   45.0000  -30.0000 9808.2031   18.4555
    0.0000   45.0000  -30.000010262.8428   18.4254
    7.5000   45.0000  -30.0000 9717.5615   18.3798
   -7.5000  -45.0000  -22.5000 7956.6274   20.3517
    0.0000  -45.0000  -22.5000 8308.6465   20.3236
    7.5000  -45.0000  -22.5000 7896.2373   20.2777
   -7.5000  -37.5000  -22.5000 8667.5605   20.0702
    0.0000  -37.5000  -22.5000 9051.9932   20.0383
    7.5000  -37.5000  -22.5000 8584.0947   19.9959
   -7.5000  -30.0000  -22.5000 9723.4004   19.9440
    0.0000  -30.0000  -22.500010154.8760   19.9154
    7.5000  -30.0000  -22.5000 9631.7197   19.8721
   -7.5000  -22.5000  -22.500010737.1992   19.8851
    0.0000  -22.5000  -22.500011190.9375   19.8624
    7.5000  -22.5000  -22.500010648.8604   19.8146
   -7.5000  -15.0000  -22.500011726.9082   19.8903
    0.0000  -15.0000  -22.500012213.2402   19.8723
    7.5000  -15.0000  -22.500011633.3545   19.8214
   -7.5000   -7.5000  -22.500012646.1875   19.8940
    0.0000   -7.5000  -22.500013128.9639   19.8742
    7.5000   -7.5000  -22.500012541.4756   19.8258
   -7.5000    0.0000  -22.500013434.4209   19.8789
    0.0000    0.0000  -22.500013970.5508   19.8513
    7.5000    0.0000  -22.500013346.1504   19.8078
   -7.5000    7.5000  -22.500013277.2051   19.8591
    0.0000    7.5000  -22.500013811.2119   19.8272
    7.5000    7.5000  -22.500013214.7100   19.7856
   -7.5000   15.0000  -22.500012951.2744   19.8538
    0.0000   15.0000  -22.500013506.9531   19.8248
    7.5000   15.0000  -22.500012922.3584   19.7817
   -7.5000   22.5000  -22.500012343.5674   19.8638
    0.0000   22.5000  -22.500012892.1006   19.8411
    7.5000   22.5000  -22.500012293.1025   19.7934
   -7.5000   30.0000  -22.500011685.8213   19.6301
    0.0000   30.0000  -22.500012213.8584   19.6124
    7.5000   30.0000  -22.500011634.6660   19.5622
   -7.5000   37.5000  -22.500011415.8164   19.6338
    0.0000   37.5000  -22.500011914.2559   19.6142
    7.5000   37.5000  -22.500011353.0977   19.5665
   -7.5000   45.0000  -22.500010521.2480   19.1444
    0.0000   45.0000  -22.500010970.0342   19.1178
    7.5000   45.0000  -22.500010484.4824   19.0759
   -7.5000  -45.0000  -15.0000 8513.1387   20.8631
    0.0000  -45.0000  -15.0000 8899.9805   20.8338
    7.5000  -45.0000  -15.0000 8433.9990   20.7812
   -7.5000  -37.5000  -15.0000 9292.8154   20.5781
    0.0000  -37.5000  -15.0000 9710.7070   20.5414
    7.5000  -37.5000  -15.0000 9173.3184   20.4863
   -7.5000  -30.0000  -15.000010405.4023   20.4501
    0.0000  -30.0000  -15.000010868.6436   20.4125
    7.5000  -30.0000  -15.000010299.1426   20.3524
   -7.5000  -22.5000  -15.000011473.5684   20.3847
    0.0000  -22.5000  -15.000011975.6621   20.3534
    7.5000  -22.5000  -15.000011391.4785   20.2914
   -7.5000  -15.0000  -15.000012536.3340   20.3851
    0.0000  -15.0000  -15.000013074.7461   20.3618
    7.5000  -15.0000  -15.000012456.2148   20.3027
   -7.5000   -7.5000  -15.000013509.8799   20.3895
    0.0000   -7.5000  -15.000014046.1982   20.3679
    7.5000   -7.5000  -15.000013400.5645   20.3147
   -7.5000    0.0000  -15.000014326.8115   20.3776
    0.0000    0.0000  -15.000014903.7695   20.3489
    7.5000    0.0000  -15.000014217.4092   20.2988
   -7.5000    7.5000  -15.000014168.2373   20.3613
    0.0000    7.5000  -15.000014737.7520   20.3246
    7.5000    7.5000  -15.000014104.3379   20.2705
   -7.5000   15.0000  -15.000013874.8643   20.3572
    0.0000   15.0000  -15.000014465.5918   20.3193
    7.5000   15.0000  -15.000013808.3721   20.2596
   -7.5000   22.5000  -15.000013245.8750   20.3619
    0.0000   22.5000  -15.000013827.1924   20.3305
    7.5000   22.5000  -15.000013199.0889   20.2688
   -7.5000   30.0000  -15.000012478.0635   20.1213
    0.0000   30.0000  -15.000013041.6699   20.0983
    7.5000   30.0000  -15.000012470.0293   20.0400
   -7.5000   37.5000  -15.000012202.7959   20.1257
    0.0000   37.5000  -15.000012712.6094   20.1043
    7.5000   37.5000  -15.000012180.5527   20.0518
   -7.5000   45.0000  -15.000011253.0605   19.6364
    0.0000   45.0000  -15.000011711.5420   19.6088
    7.5000   45.0000  -15.000011240.2354   19.5605
   -7.5000  -45.0000   -7.5000 9084.5771   21.0816
    0.0000  -45.0000   -7.5000 9514.3750   21.0449
    7.5000  -45.0000   -7.5000 8983.3242   20.9778
   -7.5000  -37.5000   -7.5000 9910.5830   20.7994
    0.0000  -37.5000   -7.500010386.5938   20.7561
    7.5000  -37.5000   -7.5000 9794.7793   20.6800
   -7.5000  -30.0000   -7.500011084.9512   20.6759
    0.0000  -30.0000   -7.500011610.4180   20.6330
    7.5000  -30.0000   -7.500011006.7441   20.5492
   -7.5000  -22.5000   -7.500012236.4121   20.6099
    0.0000  -22.5000   -7.500012836.5088   20.5737
    7.5000  -22.5000   -7.500012199.2715   20.4928
   -7.5000  -15.0000   -7.500013379.4375   20.6052
    0.0000  -15.0000   -7.500014020.6152   20.5762
    7.5000  -15.0000   -7.500013335.5889   20.5052
   -7.5000   -7.5000   -7.500014454.4355   20.6043
    0.0000   -7.5000   -7.500015097.5908   20.5757
    7.5000   -7.5000   -7.500014347.8086   20.5129
   -7.5000    0.0000   -7.500015329.4717   20.5915
    0.0000    0.0000   -7.500016006.8408   20.5557
    7.5000    0.0000   -7.500015214.9121   20.4918
   -7.5000    7.5000   -7.500015145.3779   20.5802
    0.0000    7.5000   -7.500015836.3652   20.5371
    7.5000    7.5000   -7.500015086.5986   20.4625
   -7.5000   15.0000   -7.500014860.5059   20.5818
    0.0000   15.0000   -7.500015559.3291   20.5385
    7.5000   15.0000   -7.500014815.4814   20.4553
   -7.5000   22.5000   -7.500014191.5010   20.5845
    0.0000   22.5000   -7.500014878.3691   20.5482
    7.5000   22.5000   -7.500014187.1006   20.4676
   -7.5000   30.0000   -7.500013353.9268   20.3380
    0.0000   30.0000   -7.500013973.0537   20.3093
    7.5000   30.0000   -7.500013381.1162   20.2393
   -7.5000   37.5000   -7.500013013.1025   20.3371
    0.0000   37.5000   -7.500013579.5947   20.3088
    7.5000   37.5000   -7.500013014.8105   20.2468
   -7.5000   45.0000   -7.500012016.3975   19.8463
    0.0000   45.0000   -7.500012551.6904   19.8118
    7.5000   45.0000   -7.500012044.9180   19.7502
   -7.5000  -45.0000    0.0000 9547.9912   21.0807
    0.0000  -45.0000    0.0000 9993.0186   21.0366
    7.5000  -45.0000    0.0000 9436.0244   20.9605
   -7.5000  -37.5000    0.000010396.2979   20.8021
    0.0000  -37.5000    0.000010909.1377   20.7560
    7.5000  -37.5000    0.000010314.9541   20.6704
   -7.5000  -30.0000    0.000011659.0791   20.6845
    0.0000  -30.0000    0.000012232.8496   20.6440
    7.5000  -30.0000    0.000011602.0635   20.5522
   -7.5000  -22.5000    0.000012910.4902   20.6230
    0.0000  -22.5000    0.000013526.9912   20.5898
    7.5000  -22.5000    0.000012873.0732   20.5030
   -7.5000  -15.0000    0.000014163.7432   20.6166
    0.0000  -15.0000    0.000014820.9658   20.5867
    7.5000  -15.0000    0.000014132.6699   20.5109
   -7.5000   -7.5000    0.000015373.3857   20.6087
    0.0000   -7.5000    0.000016123.2246   20.5743
    7.5000   -7.5000    0.000015293.5898   20.5053
   -7.5000    0.0000    0.000016276.6094   20.5919
    0.0000    0.0000    0.000017183.3457   20.5491
    7.5000    0.0000    0.000016252.2158   20.4766
   -7.5000    7.5000    0.000016046.9482   20.5832
    0.0000    7.5000    0.000016999.3223   20.5374
    7.5000    7.5000    0.000016110.6152   20.4535
   -7.5000   15.0000    0.000015684.5820   20.5904
    0.0000   15.0000    0.000016637.4355   20.5496
    7.5000   15.0000    0.000015775.5840   20.4584
   -7.5000   22.5000    0.000014986.9551   20.5976
    0.0000   22.5000    0.000015860.5752   20.5642
    7.5000   22.5000    0.000015100.1328   20.4777
   -7.5000   30.0000    0.000014082.6768   20.3498
    0.0000   30.0000    0.000014845.0205   20.3203
    7.5000   30.0000    0.000014194.2930   20.2455
   -7.5000   37.5000    0.000013730.3379   20.3420
    0.0000   37.5000    0.000014411.9961   20.3080
    7.5000   37.5000    0.000013774.5732   20.2399
   -7.5000   45.0000    0.000012724.4072   19.8482
    0.0000   45.0000    0.000013335.1357   19.8070
    7.5000   45.0000    0.000012723.7285   19.7371
   -7.5000  -45.0000    7.5000 9289.4717   21.0617
    0.0000  -45.0000    7.5000 9720.5986   21.0195
    7.5000  -45.0000    7.5000 9219.1973   20.9513
   -7.5000  -37.5000    7.500010103.3682   20.7795
    0.0000  -37.5000    7.500010591.5635   20.7385
    7.5000  -37.5000    7.500010068.0674   20.6675
   -7.5000  -30.0000    7.500011332.2891   20.6614
    0.0000  -30.0000    7.500011875.6377   20.6293
    7.5000  -30.0000    7.500011310.2207   20.5561
   -7.5000  -22.5000    7.500012583.6025   20.6058
    0.0000  -22.5000    7.500013173.3057   20.5804
    7.5000  -22.5000    7.500012581.1494   20.5089
   -7.5000  -15.0000    7.500013897.6045   20.6050
    0.0000  -15.0000    7.500014605.3008   20.5798
    7.5000  -15.0000    7.500013918.2227   20.5126
   -7.5000   -7.5000    7.500015174.4150   20.5957
    0.0000   -7.5000    7.500016227.7646   20.5634
    7.5000   -7.5000    7.500015182.0020   20.4996
   -7.5000    0.0000    7.500015982.5830   20.5740
    0.0000    0.0000    7.500017138.6816   20.5332
    7.5000    0.0000    7.500016072.8496   20.4684
   -7.5000    7.5000    7.500015592.0439   20.5612
    0.0000    7.5000    7.500016604.2832   20.5204
    7.5000    7.5000    7.500015810.0439   20.4508
   -7.5000   15.0000    7.500015220.2764   20.5676
    0.0000   15.0000    7.500016182.8232   20.5352
    7.5000   15.0000    7.500015467.7520   20.4624
   -7.5000   22.5000    7.500014627.0137   20.5803
    0.0000   22.5000    7.500015563.0908   20.5548
    7.5000   22.5000    7.500014846.8467   20.4836
   -7.5000   30.0000    7.500013797.9727   20.3383
    0.0000   30.0000    7.500014650.6055   20.3134
    7.5000   30.0000    7.500013956.8164   20.2472
   -7.5000   37.5000    7.500013466.5527   20.3291
    0.0000   37.5000    7.500014217.0762   20.2973
    7.5000   37.5000    7.500013506.6348   20.2343
   -7.5000   45.0000    7.500012520.2432   19.8310
    0.0000   45.0000    7.500013154.9736   19.7916
    7.5000   45.0000    7.500012457.5078   19.7292
   -7.5000  -45.0000   15.0000 8872.3379   21.0826
    0.0000  -45.0000   15.0000 9336.1201   21.0481
    7.5000  -45.0000   15.0000 8870.7744   20.9945
   -7.5000  -37.5000   15.0000 9653.6299   20.7929
    0.0000  -37.5000   15.000010167.9727   20.7586
    7.5000  -37.5000   15.0000 9674.3828   20.7088
   -7.5000  -30.0000   15.000010802.1738   20.6675
    0.0000  -30.0000   15.000011408.1328   20.6410
    7.5000  -30.0000   15.000010858.8984   20.5918
   -7.5000  -22.5000   15.000011997.5635   20.6123
    0.0000  -22.5000   15.000012671.8828   20.5920
    7.5000  -22.5000   15.000012094.1084   20.5394
   -7.5000  -15.0000   15.000013303.0654   20.6179
    0.0000  -15.0000   15.000014187.1953   20.5986
    7.5000  -15.0000   15.000013413.7646   20.5432
   -7.5000   -7.5000   15.000014648.8486   20.6150
    0.0000   -7.5000   15.000015875.8975   20.5899
    7.5000   -7.5000   15.000014712.9883   20.5358
   -7.5000    0.0000   15.000015520.2520   20.5941
    0.0000    0.0000   15.000016603.8418   20.5605
    7.5000    0.0000   15.000015627.9258   20.5096
   -7.5000    7.5000   15.000015143.1982   20.5745
    0.0000    7.5000   15.000016029.0811   20.5403
    7.5000    7.5000   15.000015340.4619   20.4915
   -7.5000   15.0000   15.000014838.3682   20.5740
    0.0000   15.0000   15.000015756.8154   20.5471
    7.5000   15.0000   15.000015027.4658   20.4981
   -7.5000   22.5000   15.000014267.9092   20.5870
    0.0000   22.5000   15.000015264.7773   20.5665
    7.5000   22.5000   15.000014432.6055   20.5142
   -7.5000   30.0000   15.000013424.1797   20.3510
    0.0000   30.0000   15.000014372.5098   20.3320
    7.5000   30.0000   15.000013528.2129   20.2773
   -7.5000   37.5000   15.000012993.4502   20.3482
    0.0000   37.5000   15.000013861.5674   20.3234
    7.5000   37.5000   15.000013027.2539   20.2700
   -7.5000   45.0000   15.000012037.0957   19.8503
    0.0000   45.0000   15.000012801.7158   19.8179
    7.5000   45.0000   15.000012006.3936   19.7689
   -7.5000  -45.0000   22.5000 8440.6406   21.1397
    0.0000  -45.0000   22.5000 8861.8262   21.1101
    7.5000  -45.0000   22.5000 8507.9287   21.0628
   -7.5000  -37.5000   22.5000 9175.1797   20.8472
    0.0000  -37.5000   22.5000 9653.8799   20.8136
    7.5000  -37.5000   22.5000 9282.0762   20.7700
   -7.5000  -30.0000   22.500010262.7197   20.7160
    0.0000  -30.0000   22.500010810.1084   20.6859
    7.5000  -30.0000   22.500010384.0664   20.6412
   -7.5000  -22.5000   22.500011367.6152   20.6548
    0.0000  -22.5000   22.500011976.7539   20.6309
    7.5000  -22.5000   22.500011487.5273   20.5815
   -7.5000  -15.0000   22.500012599.2344   20.6602
    0.0000  -15.0000   22.500013446.3438   20.6411
    7.5000  -15.0000   22.500012695.0693   20.5886
   -7.5000   -7.5000   22.500013889.8008   20.6640
    0.0000   -7.5000   22.500015137.7646   20.6430
    7.5000   -7.5000   22.500013890.0889   20.5931
   -7.5000    0.0000   22.500014933.6475   20.6483
    0.0000    0.0000   22.500016292.6426   20.6193
    7.5000    0.0000   22.500014905.2109   20.5744
   -7.5000    7.5000   22.500014762.9346   20.6278
    0.0000    7.5000   22.500016028.7236   20.5943
    7.5000    7.5000   22.500014750.5205   20.5514
   -7.5000   15.0000   22.500014387.0371   20.6222
    0.0000   15.0000   22.500015575.0615   20.5917
    7.5000   15.0000   22.500014365.6318   20.5472
   -7.5000   22.5000   22.500013678.5928   20.6295
    0.0000   22.5000   22.500014757.7119   20.6055
    7.5000   22.5000   22.500013707.1963   20.5563
   -7.5000   30.0000   22.500012788.1143   20.3928
    0.0000   30.0000   22.500013723.1807   20.3740
    7.5000   30.0000   22.500012874.3281   20.3221
   -7.5000   37.5000   22.500012296.6631   20.3966
    0.0000   37.5000   22.500013108.0684   20.3759
    7.5000   37.5000   22.500012389.2773   20.3266
   -7.5000   45.0000   22.500011405.6641   19.9026
    0.0000   45.0000   22.500012093.8818   19.8747
    7.5000   45.0000   22.500011445.9561   19.8314
   -7.5000  -45.0000   30.0000 7839.7969   21.2390
    0.0000  -45.0000   30.0000 8270.1553   21.2087
    7.5000  -45.0000   30.0000 7958.0396   21.1564
   -7.5000  -37.5000   30.0000 8578.5020   20.9480
    0.0000  -37.5000   30.0000 9048.1318   20.9101
    7.5000  -37.5000   30.0000 8689.6338   20.8551
   -7.5000  -30.0000   30.0000 9629.5889   20.8166
    0.0000  -30.0000   30.000010147.5938   20.7780
    7.5000  -30.0000   30.0000 9726.2354   20.7178
   -7.5000  -22.5000   30.000010703.2236   20.7491
    0.0000  -22.5000   30.000011314.9219   20.7168
    7.5000  -22.5000   30.000010806.8867   20.6548
   -7.5000  -15.0000   30.000011866.7725   20.7492
    0.0000  -15.0000   30.000012685.3516   20.7250
    7.5000  -15.0000   30.000011945.2197   20.6660
   -7.5000   -7.5000   30.000012984.1445   20.7541
    0.0000   -7.5000   30.000013946.2959   20.7316
    7.5000   -7.5000   30.000012968.6172   20.6786
   -7.5000    0.0000   30.000013849.9004   20.7427
    0.0000    0.0000   30.000014809.9854   20.7130
    7.5000    0.0000   30.000013788.6797   20.6631
   -7.5000    7.5000   30.000013652.5400   20.7263
    0.0000    7.5000   30.000014649.0254   20.6885
    7.5000    7.5000   30.000013653.9492   20.6345
   -7.5000   15.0000   30.000013332.6953   20.7217
    0.0000   15.0000   30.000014368.0635   20.6827
    7.5000   15.0000   30.000013392.4844   20.6229
   -7.5000   22.5000   30.000012714.5391   20.7236
    0.0000   22.5000   30.000013682.3955   20.6912
    7.5000   22.5000   30.000012804.5469   20.6294
   -7.5000   30.0000   30.000011919.0244   20.4806
    0.0000   30.0000   30.000012798.2090   20.4568
    7.5000   30.0000   30.000012055.1035   20.3985
   -7.5000   37.5000   30.000011451.1152   20.4855
    0.0000   37.5000   30.000012264.0840   20.4633
    7.5000   37.5000   30.000011581.4102   20.4110
   -7.5000   45.0000   30.000010579.7656   19.9936
    0.0000   45.0000   30.000011311.4590   19.9650
    7.5000   45.0000   30.000010693.8916   19.9169
   -7.5000  -45.0000   37.5000 7509.3340   21.3651
    0.0000  -45.0000   37.5000 7957.1870   21.3275
    7.5000  -45.0000   37.5000 7612.2676   21.2619
   -7.5000  -37.5000   37.5000 8239.5273   21.0761
    0.0000  -37.5000   37.5000 8703.3525   21.0318
    7.5000  -37.5000   37.5000 8323.6982   20.9569
   -7.5000  -30.0000   37.5000 9266.9219   20.9480
    0.0000  -30.0000   37.5000 9747.1523   20.9041
    7.5000  -30.0000   37.5000 9324.3818   20.8213
   -7.5000  -22.5000   37.500010283.2314   20.8785
    0.0000  -22.5000   37.500010808.0615   20.8415
    7.5000  -22.5000   37.500010322.9287   20.7616
   -7.5000  -15.0000   37.500011297.3262   20.8730
    0.0000  -15.0000   37.500011915.2832   20.8433
    7.5000  -15.0000   37.500011330.9033   20.7735
   -7.5000   -7.5000   37.500012234.7295   20.8737
    0.0000   -7.5000   37.500012884.8320   20.8444
    7.5000   -7.5000   37.500012233.8291   20.7831
   -7.5000    0.0000   37.500012961.6387   20.8629
    0.0000    0.0000   37.500013631.4424   20.8262
    7.5000    0.0000   37.500012994.4375   20.7637
   -7.5000    7.5000   37.500012787.4600   20.8515
    0.0000    7.5000   37.500013492.6826   20.8074
    7.5000    7.5000   37.500012878.1162   20.7340
   -7.5000   15.0000   37.500012533.9434   20.8515
    0.0000   15.0000   37.500013247.4023   20.8073
    7.5000   15.0000   37.500012649.5947   20.7251
   -7.5000   22.5000   37.500012049.9004   20.8526
    0.0000   22.5000   37.500012759.2334   20.8155
    7.5000   22.5000   37.500012184.5889   20.7358
   -7.5000   30.0000   37.500011402.7197   20.6029
    0.0000   30.0000   37.500012081.0459   20.5735
    7.5000   30.0000   37.500011548.1182   20.5047
   -7.5000   37.5000   37.500011012.6719   20.6036
    0.0000   37.5000   37.500011665.9365   20.5747
    7.5000   37.5000   37.500011124.8867   20.5141
   -7.5000   45.0000   37.500010178.3760   20.1094
    0.0000   45.0000   37.500010775.7598   20.0740
    7.5000   45.0000   37.500010279.3926   20.0139
   -7.5000  -45.0000   45.0000 6844.3394   21.6719
    0.0000  -45.0000   45.0000 7220.4805   21.6255
    7.5000  -45.0000   45.0000 6896.9702   21.5490
   -7.5000  -37.5000   45.0000 7510.5044   21.3755
    0.0000  -37.5000   45.0000 7864.3418   21.3272
    7.5000  -37.5000   45.0000 7525.5107   21.2407
   -7.5000  -30.0000   45.0000 8437.7969   21.2483
    0.0000  -30.0000   45.0000 8791.6045   21.2063
    7.5000  -30.0000   45.0000 8442.7998   21.1131
   -7.5000  -22.5000   45.0000 9352.6748   21.1808
    0.0000  -22.5000   45.0000 9739.2969   21.1465
    7.5000  -22.5000   45.0000 9343.2148   21.0588
   -7.5000  -15.0000   45.000010270.8301   21.1736
    0.0000  -15.0000   45.000010696.2158   21.1426
    7.5000  -15.0000   45.000010256.1592   21.0668
   -7.5000   -7.5000   45.000011120.4307   21.1675
    0.0000   -7.5000   45.000011533.5635   21.1315
    7.5000   -7.5000   45.000011068.6504   21.0628
   -7.5000    0.0000   45.000011786.4688   21.1522
    0.0000    0.0000   45.000012234.3887   21.1073
    7.5000    0.0000   45.000011771.7764   21.0347
   -7.5000    7.5000   45.000011644.7510   21.1429
    0.0000    7.5000   45.000012125.5693   21.0950
    7.5000    7.5000   45.000011664.1445   21.0102
   -7.5000   15.0000   45.000011386.1045   21.1484
    0.0000   15.0000   45.000011906.4424   21.1059
    7.5000   15.0000   45.000011445.6992   21.0135
   -7.5000   22.5000   45.000010987.6250   21.1541
    0.0000   22.5000   45.000011494.6084   21.1196
    7.5000   22.5000   45.000011061.5654   21.0322
   -7.5000   30.0000   45.000010430.9775   20.8978
    0.0000   30.0000   45.000010956.6807   20.8672
    7.5000   30.0000   45.000010520.1680   20.7923
   -7.5000   37.5000   45.000010095.8955   20.8917
    0.0000   37.5000   45.000010645.0361   20.8562
    7.5000   37.5000   45.000010164.4785   20.7884
   -7.5000   45.0000   45.0000 9353.1025   20.3975
    0.0000   45.0000   45.0000 9846.7656   20.3542
    7.5000   45.0000   45.0000 9398.1855   20.2842

---------------------------------------------------------------------
imgreg_4dfp /opt/freesurfer/average/711-2C_as_mni_average_305 /opt/freesurfer/average/711-2B_as_mni_average_305_mask talsrcimg_g11 none talsrcimg_to_711-2C_as_mni_average_305_t4 4355
---------------------------------------------------------------------

freesurfer imgreg_4dfp.c
/opt/freesurfer/average/711-2C_as_mni_average_305.4dfp.img
       256       256       256         1
  1.000000  1.000000  1.000000
orientation T byte_order littleendian
Reading image: /opt/freesurfer/average/711-2C_as_mni_average_305.4dfp.img
dimensions:      256       256       256
mmppix:       1.0000   -1.0000   -1.0000
center:     128.0000 -129.0000 -129.0000
/opt/freesurfer/average/711-2B_as_mni_average_305_mask.4dfp.img
       256       256       256         1
  1.000000  1.000000  1.000000
orientation T byte_order littleendian
Reading mask: /opt/freesurfer/average/711-2B_as_mni_average_305_mask.4dfp.img (2306576 pixels)
talsrcimg_g11.4dfp.img
       256       256       256         1
  1.000000  1.000000  1.000000
orientation T byte_order littleendian
Reading image: talsrcimg_g11.4dfp.img
dimensions:      256       256       256
mmppix:       1.0000   -1.0000   -1.0000
center:     128.0000 -129.0000 -129.0000
rotation matrix determinant  1.000000
image alignment mode   4355 decimal     1103 hex
   -7.5000  -45.0000  -45.0000 1879.3662   28.3673
    0.0000  -45.0000  -45.0000 1885.0233   28.1773
    7.5000  -45.0000  -45.0000 1877.1472   28.3556
   -7.5000  -37.5000  -45.0000 1980.8740   25.6264
    0.0000  -37.5000  -45.0000 1987.5410   25.5694
    7.5000  -37.5000  -45.0000 1978.8363   25.6863
   -7.5000  -30.0000  -45.0000 2066.5815   23.4927
    0.0000  -30.0000  -45.0000 2076.8330   23.4836
    7.5000  -30.0000  -45.0000 2069.9565   23.5592
   -7.5000  -22.5000  -45.0000 2139.6887   21.9339
    0.0000  -22.5000  -45.0000 2151.0588   21.9400
    7.5000  -22.5000  -45.0000 2144.9009   21.9964
   -7.5000  -15.0000  -45.0000 2173.6450   20.7863
    0.0000  -15.0000  -45.0000 2188.5198   20.8030
    7.5000  -15.0000  -45.0000 2176.2632   20.8118
   -7.5000   -7.5000  -45.0000 2202.0002   20.1289
    0.0000   -7.5000  -45.0000 2212.0525   20.1006
    7.5000   -7.5000  -45.0000 2203.8479   20.2171
   -7.5000    0.0000  -45.0000 2222.8796   19.8715
    0.0000    0.0000  -45.0000 2237.4915   19.8059
    7.5000    0.0000  -45.0000 2223.9492   19.9165
   -7.5000    7.5000  -45.0000 2221.1716   19.9159
    0.0000    7.5000  -45.0000 2243.8081   19.9325
    7.5000    7.5000  -45.0000 2222.6892   20.0114
   -7.5000   15.0000  -45.0000 2215.3032   20.2863
    0.0000   15.0000  -45.0000 2229.1772   20.2406
    7.5000   15.0000  -45.0000 2214.0879   20.3410
   -7.5000   22.5000  -45.0000 2184.3967   20.9929
    0.0000   22.5000  -45.0000 2199.4382   20.9149
    7.5000   22.5000  -45.0000 2182.6030   20.9662
   -7.5000   30.0000  -45.0000 2143.7485   21.8865
    0.0000   30.0000  -45.0000 2161.4114   21.7972
    7.5000   30.0000  -45.0000 2143.5859   21.8714
   -7.5000   37.5000  -45.0000 2097.2170   23.2492
    0.0000   37.5000  -45.0000 2105.1091   23.1064
    7.5000   37.5000  -45.0000 2090.3806   23.2377
   -7.5000   45.0000  -45.0000 2028.0394   25.0830
    0.0000   45.0000  -45.0000 2029.4470   24.9186
    7.5000   45.0000  -45.0000 2013.3779   25.1734
   -7.5000  -45.0000  -37.5000 1950.8849   26.6330
    0.0000  -45.0000  -37.5000 1949.4755   26.5951
    7.5000  -45.0000  -37.5000 1939.1746   26.6643
   -7.5000  -37.5000  -37.5000 2058.8801   24.0774
    0.0000  -37.5000  -37.5000 2057.7739   24.0737
    7.5000  -37.5000  -37.5000 2050.1450   24.0902
   -7.5000  -30.0000  -37.5000 2155.6213   22.0511
    0.0000  -30.0000  -37.5000 2156.1819   22.0504
    7.5000  -30.0000  -37.5000 2148.9248   22.0572
   -7.5000  -22.5000  -37.5000 2230.7295   20.4886
    0.0000  -22.5000  -37.5000 2234.4910   20.5105
    7.5000  -22.5000  -37.5000 2225.7266   20.5509
   -7.5000  -15.0000  -37.5000 2271.7317   19.3934
    0.0000  -15.0000  -37.5000 2287.7812   19.4046
    7.5000  -15.0000  -37.5000 2273.7297   19.4283
   -7.5000   -7.5000  -37.5000 2296.0911   18.6834
    0.0000   -7.5000  -37.5000 2311.8469   18.6865
    7.5000   -7.5000  -37.5000 2293.1096   18.7472
   -7.5000    0.0000  -37.5000 2311.3713   18.2759
    0.0000    0.0000  -37.5000 2320.7153   18.2367
    7.5000    0.0000  -37.5000 2305.4849   18.3264
   -7.5000    7.5000  -37.5000 2312.1526   18.2493
    0.0000    7.5000  -37.5000 2329.1528   18.2412
    7.5000    7.5000  -37.5000 2309.7808   18.3036
   -7.5000   15.0000  -37.5000 2309.7009   18.5017
    0.0000   15.0000  -37.5000 2323.7263   18.5115
    7.5000   15.0000  -37.5000 2307.3818   18.5749
   -7.5000   22.5000  -37.5000 2289.3342   19.1383
    0.0000   22.5000  -37.5000 2309.7288   19.1459
    7.5000   22.5000  -37.5000 2286.8848   19.1905
   -7.5000   30.0000  -37.5000 2254.8977   20.0419
    0.0000   30.0000  -37.5000 2270.7083   20.0462
    7.5000   30.0000  -37.5000 2251.2522   20.1049
   -7.5000   37.5000  -37.5000 2206.4795   21.3662
    0.0000   37.5000  -37.5000 2211.2263   21.3029
    7.5000   37.5000  -37.5000 2193.6528   21.3643
   -7.5000   45.0000  -37.5000 2130.1274   23.0919
    0.0000   45.0000  -37.5000 2127.5781   22.9708
    7.5000   45.0000  -37.5000 2108.1509   23.0947
   -7.5000  -45.0000  -30.0000 2043.6398   26.1334
    0.0000  -45.0000  -30.0000 2047.8274   26.1543
    7.5000  -45.0000  -30.0000 2043.1553   26.2085
   -7.5000  -37.5000  -30.0000 2168.1299   23.5300
    0.0000  -37.5000  -30.0000 2172.5520   23.5732
    7.5000  -37.5000  -30.0000 2165.6096   23.5624
   -7.5000  -30.0000  -30.0000 2274.7820   21.4346
    0.0000  -30.0000  -30.0000 2280.1470   21.4686
    7.5000  -30.0000  -30.0000 2267.1035   21.4701
   -7.5000  -22.5000  -30.0000 2351.1719   19.8404
    0.0000  -22.5000  -30.0000 2357.7795   19.8350
    7.5000  -22.5000  -30.0000 2345.5115   19.8905
   -7.5000  -15.0000  -30.0000 2407.4434   18.7602
    0.0000  -15.0000  -30.0000 2422.1172   18.7359
    7.5000  -15.0000  -30.0000 2400.9783   18.8165
   -7.5000   -7.5000  -30.0000 2439.2124   18.0422
    0.0000   -7.5000  -30.0000 2446.4568   17.9202
    7.5000   -7.5000  -30.0000 2427.0264   18.0496
   -7.5000    0.0000  -30.0000 2453.2329   17.4999
    0.0000    0.0000  -30.0000 2462.4211   17.4345
    7.5000    0.0000  -30.0000 2447.2363   17.5672
   -7.5000    7.5000  -30.0000 2464.9036   17.4839
    0.0000    7.5000  -30.0000 2470.9902   17.4032
    7.5000    7.5000  -30.0000 2462.0422   17.5768
   -7.5000   15.0000  -30.0000 2460.3748   17.7358
    0.0000   15.0000  -30.0000 2470.5530   17.6752
    7.5000   15.0000  -30.0000 2455.9556   17.8597
   -7.5000   22.5000  -30.0000 2445.1311   18.3501
    0.0000   22.5000  -30.0000 2463.3889   18.2810
    7.5000   22.5000  -30.0000 2440.3047   18.4347
   -7.5000   30.0000  -30.0000 2406.3357   19.2289
    0.0000   30.0000  -30.0000 2422.7119   19.2152
    7.5000   30.0000  -30.0000 2401.2466   19.2926
   -7.5000   37.5000  -30.0000 2344.4182   20.5051
    0.0000   37.5000  -30.0000 2358.3960   20.4605
    7.5000   37.5000  -30.0000 2334.9678   20.5331
   -7.5000   45.0000  -30.0000 2264.5566   22.1440
    0.0000   45.0000  -30.0000 2270.2295   22.1051
    7.5000   45.0000  -30.0000 2246.5579   22.2020
   -7.5000  -45.0000  -22.5000 2121.3967   25.4216
    0.0000  -45.0000  -22.5000 2127.3342   25.4147
    7.5000  -45.0000  -22.5000 2117.5225   25.3605
   -7.5000  -37.5000  -22.5000 2257.2747   22.8276
    0.0000  -37.5000  -22.5000 2263.7527   22.8324
    7.5000  -37.5000  -22.5000 2249.4709   22.8138
   -7.5000  -30.0000  -22.5000 2372.8035   20.7756
    0.0000  -30.0000  -22.5000 2379.4177   20.7555
    7.5000  -30.0000  -22.5000 2362.9839   20.7811
   -7.5000  -22.5000  -22.5000 2455.5176   19.1503
    0.0000  -22.5000  -22.5000 2459.9875   19.0727
    7.5000  -22.5000  -22.5000 2447.0955   19.1320
   -7.5000  -15.0000  -22.5000 2518.7341   17.9998
    0.0000  -15.0000  -22.5000 2522.0378   17.8379
    7.5000  -15.0000  -22.5000 2512.0713   17.9863
   -7.5000   -7.5000  -22.5000 2557.7212   17.2194
    0.0000   -7.5000  -22.5000 2559.4346   17.0303
    7.5000   -7.5000  -22.5000 2551.2229   17.2040
   -7.5000    0.0000  -22.5000 2576.7891   16.6692
    0.0000    0.0000  -22.5000 2579.9915   16.5536
    7.5000    0.0000  -22.5000 2576.0271   16.7265
   -7.5000    7.5000  -22.5000 2596.4651   16.6639
    0.0000    7.5000  -22.5000 2593.9868   16.5315
    7.5000    7.5000  -22.5000 2592.2319   16.7545
   -7.5000   15.0000  -22.5000 2586.7444   16.9197
    0.0000   15.0000  -22.5000 2596.3718   16.8279
    7.5000   15.0000  -22.5000 2584.1313   17.0348
   -7.5000   22.5000  -22.5000 2567.5923   17.4781
    0.0000   22.5000  -22.5000 2589.3276   17.3874
    7.5000   22.5000  -22.5000 2561.3743   17.5868
   -7.5000   30.0000  -22.5000 2524.8296   18.3120
    0.0000   30.0000  -22.5000 2548.9663   18.2697
    7.5000   30.0000  -22.5000 2527.1714   18.4059
   -7.5000   37.5000  -22.5000 2460.7522   19.4765
    0.0000   37.5000  -22.5000 2482.6628   19.4603
    7.5000   37.5000  -22.5000 2459.6262   19.5970
   -7.5000   45.0000  -22.5000 2370.8604   21.0688
    0.0000   45.0000  -22.5000 2386.6519   21.0163
    7.5000   45.0000  -22.5000 2365.6060   21.1463
   -7.5000  -45.0000  -15.0000 2161.2219   24.7272
    0.0000  -45.0000  -15.0000 2171.9033   24.6223
    7.5000  -45.0000  -15.0000 2162.8252   24.6144
   -7.5000  -37.5000  -15.0000 2302.9768   22.1436
    0.0000  -37.5000  -15.0000 2314.5493   22.0015
    7.5000  -37.5000  -15.0000 2295.7859   22.0038
   -7.5000  -30.0000  -15.0000 2422.9602   20.0741
    0.0000  -30.0000  -15.0000 2434.1650   19.9371
    7.5000  -30.0000  -15.0000 2417.3154   19.9913
   -7.5000  -22.5000  -15.0000 2513.4539   18.4600
    0.0000  -22.5000  -15.0000 2523.2302   18.3467
    7.5000  -22.5000  -15.0000 2511.0662   18.4263
   -7.5000  -15.0000  -15.0000 2581.4172   17.2550
    0.0000  -15.0000  -15.0000 2588.7517   17.0709
    7.5000  -15.0000  -15.0000 2584.7549   17.2185
   -7.5000   -7.5000  -15.0000 2632.6135   16.3563
    0.0000   -7.5000  -15.0000 2638.4487   16.1645
    7.5000   -7.5000  -15.0000 2636.8640   16.3611
   -7.5000    0.0000  -15.0000 2654.4324   15.7890
    0.0000    0.0000  -15.0000 2664.3372   15.6448
    7.5000    0.0000  -15.0000 2658.1985   15.8500
   -7.5000    7.5000  -15.0000 2673.1577   15.7585
    0.0000    7.5000  -15.0000 2678.2671   15.6212
    7.5000    7.5000  -15.0000 2678.7190   15.8504
   -7.5000   15.0000  -15.0000 2667.5139   16.0851
    0.0000   15.0000  -15.0000 2689.2246   15.9599
    7.5000   15.0000  -15.0000 2678.9861   16.1812
   -7.5000   22.5000  -15.0000 2650.3970   16.6474
    0.0000   22.5000  -15.0000 2672.0042   16.4963
    7.5000   22.5000  -15.0000 2660.3179   16.7258
   -7.5000   30.0000  -15.0000 2604.1006   17.4238
    0.0000   30.0000  -15.0000 2629.5396   17.2985
    7.5000   30.0000  -15.0000 2621.3108   17.5147
   -7.5000   37.5000  -15.0000 2544.7056   18.5337
    0.0000   37.5000  -15.0000 2566.1372   18.4431
    7.5000   37.5000  -15.0000 2556.2292   18.6265
   -7.5000   45.0000  -15.0000 2447.6575   20.0432
    0.0000   45.0000  -15.0000 2469.3884   19.9491
    7.5000   45.0000  -15.0000 2453.5784   20.1011
   -7.5000  -45.0000   -7.5000 2184.5186   23.9885
    0.0000  -45.0000   -7.5000 2198.5273   23.8796
    7.5000  -45.0000   -7.5000 2180.5732   23.8351
   -7.5000  -37.5000   -7.5000 2326.7732   21.3936
    0.0000  -37.5000   -7.5000 2340.7153   21.2552
    7.5000  -37.5000   -7.5000 2323.2246   21.2824
   -7.5000  -30.0000   -7.5000 2445.9792   19.3743
    0.0000  -30.0000   -7.5000 2459.9624   19.2489
    7.5000  -30.0000   -7.5000 2446.2908   19.3169
   -7.5000  -22.5000   -7.5000 2544.7107   17.8177
    0.0000  -22.5000   -7.5000 2561.7717   17.6635
    7.5000  -22.5000   -7.5000 2553.2178   17.7914
   -7.5000  -15.0000   -7.5000 2621.9663   16.6021
    0.0000  -15.0000   -7.5000 2639.7266   16.4342
    7.5000  -15.0000   -7.5000 2636.0874   16.5595
   -7.5000   -7.5000   -7.5000 2681.6255   15.6440
    0.0000   -7.5000   -7.5000 2694.7039   15.4805
    7.5000   -7.5000   -7.5000 2693.4236   15.6239
   -7.5000    0.0000   -7.5000 2707.6931   14.9983
    0.0000    0.0000   -7.5000 2726.8940   14.8817
    7.5000    0.0000   -7.5000 2715.9507   15.0457
   -7.5000    7.5000   -7.5000 2732.9768   14.8855
    0.0000    7.5000   -7.5000 2745.8516   14.7600
    7.5000    7.5000   -7.5000 2749.2197   15.0153
   -7.5000   15.0000   -7.5000 2734.0166   15.2837
    0.0000   15.0000   -7.5000 2752.1270   15.1401
    7.5000   15.0000   -7.5000 2757.7764   15.3494
   -7.5000   22.5000   -7.5000 2719.1597   15.8561
    0.0000   22.5000   -7.5000 2731.3855   15.7007
    7.5000   22.5000   -7.5000 2735.4497   15.9076
   -7.5000   30.0000   -7.5000 2670.2805   16.5776
    0.0000   30.0000   -7.5000 2685.7061   16.4199
    7.5000   30.0000   -7.5000 2689.0144   16.6377
   -7.5000   37.5000   -7.5000 2605.1321   17.6480
    0.0000   37.5000   -7.5000 2617.1897   17.4789
    7.5000   37.5000   -7.5000 2614.7839   17.6933
   -7.5000   45.0000   -7.5000 2507.0701   19.1540
    0.0000   45.0000   -7.5000 2522.0198   18.9792
    7.5000   45.0000   -7.5000 2515.0088   19.2127
   -7.5000  -45.0000    0.0000 2184.9324   23.6286
    0.0000  -45.0000    0.0000 2191.4863   23.5001
    7.5000  -45.0000    0.0000 2178.1172   23.5319
   -7.5000  -37.5000    0.0000 2321.4888   20.9763
    0.0000  -37.5000    0.0000 2335.6807   20.8648
    7.5000  -37.5000    0.0000 2317.9927   20.9105
   -7.5000  -30.0000    0.0000 2443.4043   18.9527
    0.0000  -30.0000    0.0000 2458.0623   18.8269
    7.5000  -30.0000    0.0000 2442.7576   18.9370
   -7.5000  -22.5000    0.0000 2552.9565   17.3879
    0.0000  -22.5000    0.0000 2567.0637   17.2819
    7.5000  -22.5000    0.0000 2556.9512   17.4228
   -7.5000  -15.0000    0.0000 2636.1155   16.1528
    0.0000  -15.0000    0.0000 2653.3542   16.0185
    7.5000  -15.0000    0.0000 2649.7458   16.1710
   -7.5000   -7.5000    0.0000 2709.4553   15.2063
    0.0000   -7.5000    0.0000 2728.7998   15.0836
    7.5000   -7.5000    0.0000 2722.4617   15.2037
   -7.5000    0.0000    0.0000 2747.0676   14.4843
    0.0000    0.0000    0.0000 2764.1948   14.3566
    7.5000    0.0000    0.0000 2755.4192   14.5539
   -7.5000    7.5000    0.0000 2780.4448   14.2966
    0.0000    7.5000    0.0000 2785.4893   14.1598
    7.5000    7.5000    0.0000 2797.1746   14.4069
   -7.5000   15.0000    0.0000 2782.2522   14.6415
    0.0000   15.0000    0.0000 2796.7705   14.5103
    7.5000   15.0000    0.0000 2804.4409   14.6912
   -7.5000   22.5000    0.0000 2757.3254   15.1897
    0.0000   22.5000    0.0000 2772.6433   15.0617
    7.5000   22.5000    0.0000 2780.2273   15.2449
   -7.5000   30.0000    0.0000 2710.3899   15.9736
    0.0000   30.0000    0.0000 2717.4402   15.7998
    7.5000   30.0000    0.0000 2727.7532   16.0635
   -7.5000   37.5000    0.0000 2641.2129   17.0620
    0.0000   37.5000    0.0000 2647.6262   16.8549
    7.5000   37.5000    0.0000 2650.5891   17.1541
   -7.5000   45.0000    0.0000 2544.5432   18.5183
    0.0000   45.0000    0.0000 2551.8345   18.2859
    7.5000   45.0000    0.0000 2543.9971   18.5822
   -7.5000  -45.0000    7.5000 2180.1658   23.7947
    0.0000  -45.0000    7.5000 2192.1748   23.6558
    7.5000  -45.0000    7.5000 2184.0488   23.7778
   -7.5000  -37.5000    7.5000 2317.1958   21.0495
    0.0000  -37.5000    7.5000 2329.5835   20.9174
    7.5000  -37.5000    7.5000 2319.3855   21.0606
   -7.5000  -30.0000    7.5000 2437.4841   18.9485
    0.0000  -30.0000    7.5000 2447.0400   18.7750
    7.5000  -30.0000    7.5000 2437.7893   18.9569
   -7.5000  -22.5000    7.5000 2545.5713   17.3277
    0.0000  -22.5000    7.5000 2555.3684   17.1762
    7.5000  -22.5000    7.5000 2545.9807   17.3734
   -7.5000  -15.0000    7.5000 2634.3066   16.0584
    0.0000  -15.0000    7.5000 2645.6968   15.9188
    7.5000  -15.0000    7.5000 2643.4651   16.0990
   -7.5000   -7.5000    7.5000 2716.8218   15.0878
    0.0000   -7.5000    7.5000 2738.1125   15.0223
    7.5000   -7.5000    7.5000 2735.5884   15.1260
   -7.5000    0.0000    7.5000 2767.7832   14.2718
    0.0000    0.0000    7.5000 2786.5308   14.2078
    7.5000    0.0000    7.5000 2782.2131   14.4300
   -7.5000    7.5000    7.5000 2805.2656   13.8752
    0.0000    7.5000    7.5000 2815.1243   13.7860
    7.5000    7.5000    7.5000 2821.5957   14.1093
   -7.5000   15.0000    7.5000 2810.9028   14.2059
    0.0000   15.0000    7.5000 2818.7683   14.0171
    7.5000   15.0000    7.5000 2832.2725   14.3803
   -7.5000   22.5000    7.5000 2797.0444   14.8837
    0.0000   22.5000    7.5000 2802.1580   14.6161
    7.5000   22.5000    7.5000 2819.8008   15.0002
   -7.5000   30.0000    7.5000 2749.5288   15.7273
    0.0000   30.0000    7.5000 2751.9316   15.4842
    7.5000   30.0000    7.5000 2760.4080   15.8540
   -7.5000   37.5000    7.5000 2683.2378   16.8285
    0.0000   37.5000    7.5000 2674.2739   16.5508
    7.5000   37.5000    7.5000 2680.0793   16.8840
   -7.5000   45.0000    7.5000 2585.2058   18.2458
    0.0000   45.0000    7.5000 2577.8982   17.9486
    7.5000   45.0000    7.5000 2575.2954   18.2669
   -7.5000  -45.0000   15.0000 2147.6782   24.0600
    0.0000  -45.0000   15.0000 2163.2351   24.0083
    7.5000  -45.0000   15.0000 2159.1543   24.0861
   -7.5000  -37.5000   15.0000 2276.7971   21.2908
    0.0000  -37.5000   15.0000 2296.5635   21.2391
    7.5000  -37.5000   15.0000 2290.0359   21.3450
   -7.5000  -30.0000   15.0000 2396.0479   19.1436
    0.0000  -30.0000   15.0000 2416.5024   19.0645
    7.5000  -30.0000   15.0000 2407.3921   19.1646
   -7.5000  -22.5000   15.0000 2506.3159   17.4880
    0.0000  -22.5000   15.0000 2523.6887   17.4143
    7.5000  -22.5000   15.0000 2518.0198   17.5615
   -7.5000  -15.0000   15.0000 2600.9448   16.1988
    0.0000  -15.0000   15.0000 2617.5491   16.1753
    7.5000  -15.0000   15.0000 2616.8423   16.2802
   -7.5000   -7.5000   15.0000 2697.4067   15.2837
    0.0000   -7.5000   15.0000 2716.1750   15.3139
    7.5000   -7.5000   15.0000 2718.0986   15.3494
   -7.5000    0.0000   15.0000 2767.4448   14.4954
    0.0000    0.0000   15.0000 2801.6128   14.5833
    7.5000    0.0000   15.0000 2788.7236   14.6435
   -7.5000    7.5000   15.0000 2815.0725   13.9552
    0.0000    7.5000   15.0000 2833.5730   13.8382
    7.5000    7.5000   15.0000 2831.5076   14.2054
   -7.5000   15.0000   15.0000 2831.1033   14.2077
    0.0000   15.0000   15.0000 2854.6787   14.0492
    7.5000   15.0000   15.0000 2848.5791   14.4026
   -7.5000   22.5000   15.0000 2813.1482   14.8583
    0.0000   22.5000   15.0000 2837.7356   14.7531
    7.5000   22.5000   15.0000 2830.4851   14.9390
   -7.5000   30.0000   15.0000 2758.7644   15.7213
    0.0000   30.0000   15.0000 2777.3130   15.6359
    7.5000   30.0000   15.0000 2769.5269   15.7805
   -7.5000   37.5000   15.0000 2685.1892   16.8619
    0.0000   37.5000   15.0000 2696.6108   16.7236
    7.5000   37.5000   15.0000 2685.0962   16.8484
   -7.5000   45.0000   15.0000 2585.9111   18.2718
    0.0000   45.0000   15.0000 2598.9956   18.0941
    7.5000   45.0000   15.0000 2580.6558   18.2226
   -7.5000  -45.0000   22.5000 2118.5491   24.9157
    0.0000  -45.0000   22.5000 2125.5542   24.7534
    7.5000  -45.0000   22.5000 2136.7571   25.1037
   -7.5000  -37.5000   22.5000 2244.3025   21.8928
    0.0000  -37.5000   22.5000 2249.7969   21.6786
    7.5000  -37.5000   22.5000 2265.4812   22.0505
   -7.5000  -30.0000   22.5000 2361.6428   19.6515
    0.0000  -30.0000   22.5000 2359.9785   19.4472
    7.5000  -30.0000   22.5000 2379.3870   19.7394
   -7.5000  -22.5000   22.5000 2468.5286   18.0349
    0.0000  -22.5000   22.5000 2468.6177   17.8950
    7.5000  -22.5000   22.5000 2489.3901   18.0601
   -7.5000  -15.0000   22.5000 2569.1357   16.8032
    0.0000  -15.0000   22.5000 2582.4817   16.7761
    7.5000  -15.0000   22.5000 2594.5862   16.7976
   -7.5000   -7.5000   22.5000 2683.0146   15.9717
    0.0000   -7.5000   22.5000 2721.2854   16.1680
    7.5000   -7.5000   22.5000 2704.3542   15.9282
   -7.5000    0.0000   22.5000 2762.5046   15.1884
    0.0000    0.0000   22.5000 2831.2144   15.4825
    7.5000    0.0000   22.5000 2770.2886   15.1999
   -7.5000    7.5000   22.5000 2828.4937   14.7555
    0.0000    7.5000   22.5000 2890.3706   14.9245
    7.5000    7.5000   22.5000 2827.9170   14.8143
   -7.5000   15.0000   22.5000 2834.1187   14.7287
    0.0000   15.0000   22.5000 2885.2678   14.8167
    7.5000   15.0000   22.5000 2835.5588   14.7884
   -7.5000   22.5000   22.5000 2808.4246   15.1360
    0.0000   22.5000   22.5000 2846.3879   15.1333
    7.5000   22.5000   22.5000 2818.1807   15.1458
   -7.5000   30.0000   22.5000 2750.0513   15.9487
    0.0000   30.0000   22.5000 2771.4019   15.8686
    7.5000   30.0000   22.5000 2763.7468   15.9393
   -7.5000   37.5000   22.5000 2676.6035   17.0689
    0.0000   37.5000   22.5000 2682.0945   16.9430
    7.5000   37.5000   22.5000 2678.6899   17.0742
   -7.5000   45.0000   22.5000 2583.4795   18.4983
    0.0000   45.0000   22.5000 2588.9617   18.3316
    7.5000   45.0000   22.5000 2579.2678   18.5146
   -7.5000  -45.0000   30.0000 2072.6169   26.1075
    0.0000  -45.0000   30.0000 2067.2715   25.8166
    7.5000  -45.0000   30.0000 2089.7681   26.2394
   -7.5000  -37.5000   30.0000 2211.2354   23.0369
    0.0000  -37.5000   30.0000 2205.2527   22.7978
    7.5000  -37.5000   30.0000 2225.3025   23.1375
   -7.5000  -30.0000   30.0000 2330.8455   20.7982
    0.0000  -30.0000   30.0000 2329.5051   20.6491
    7.5000  -30.0000   30.0000 2345.3838   20.8492
   -7.5000  -22.5000   30.0000 2446.9739   19.2188
    0.0000  -22.5000   30.0000 2453.6409   19.1110
    7.5000  -22.5000   30.0000 2459.4236   19.1664
   -7.5000  -15.0000   30.0000 2563.9976   18.0276
    0.0000  -15.0000   30.0000 2579.1309   17.9890
    7.5000  -15.0000   30.0000 2572.0156   17.8769
   -7.5000   -7.5000   30.0000 2669.4482   16.9970
    0.0000   -7.5000   30.0000 2692.3862   17.0561
    7.5000   -7.5000   30.0000 2665.3667   16.7885
   -7.5000    0.0000   30.0000 2740.2190   16.0739
    0.0000    0.0000   30.0000 2774.4639   16.0300
    7.5000    0.0000   30.0000 2733.0142   15.9701
   -7.5000    7.5000   30.0000 2799.6838   15.6558
    0.0000    7.5000   30.0000 2835.6213   15.6156
    7.5000    7.5000   30.0000 2791.2500   15.5923
   -7.5000   15.0000   30.0000 2811.3518   15.6276
    0.0000   15.0000   30.0000 2857.0098   15.6434
    7.5000   15.0000   30.0000 2803.9417   15.5812
   -7.5000   22.5000   30.0000 2777.7900   15.9321
    0.0000   22.5000   30.0000 2815.8738   15.9622
    7.5000   22.5000   30.0000 2776.0901   15.9058
   -7.5000   30.0000   30.0000 2715.5911   16.5889
    0.0000   30.0000   30.0000 2741.0413   16.5809
    7.5000   30.0000   30.0000 2721.9226   16.6014
   -7.5000   37.5000   30.0000 2640.3271   17.6269
    0.0000   37.5000   30.0000 2653.0918   17.5527
    7.5000   37.5000   30.0000 2635.7878   17.6219
   -7.5000   45.0000   30.0000 2545.5383   19.0024
    0.0000   45.0000   30.0000 2560.8899   18.8952
    7.5000   45.0000   30.0000 2542.7014   18.9880
   -7.5000  -45.0000   37.5000 2039.0852   27.9607
    0.0000  -45.0000   37.5000 2040.2057   27.7748
    7.5000  -45.0000   37.5000 2051.9978   28.0793
   -7.5000  -37.5000   37.5000 2181.5708   24.8021
    0.0000  -37.5000   37.5000 2180.8076   24.5673
    7.5000  -37.5000   37.5000 2187.8835   24.8221
   -7.5000  -30.0000   37.5000 2309.7427   22.4072
    0.0000  -30.0000   37.5000 2305.9502   22.1446
    7.5000  -30.0000   37.5000 2310.8821   22.2734
   -7.5000  -22.5000   37.5000 2427.8875   20.6421
    0.0000  -22.5000   37.5000 2424.7507   20.3449
    7.5000  -22.5000   37.5000 2424.8298   20.3901
   -7.5000  -15.0000   37.5000 2530.8936   19.1736
    0.0000  -15.0000   37.5000 2526.5068   18.9286
    7.5000  -15.0000   37.5000 2529.1868   18.9070
   -7.5000   -7.5000   37.5000 2623.0134   17.9456
    0.0000   -7.5000   37.5000 2622.5166   17.7017
    7.5000   -7.5000   37.5000 2616.3147   17.7333
   -7.5000    0.0000   37.5000 2686.7375   16.9434
    0.0000    0.0000   37.5000 2698.3555   16.7260
    7.5000    0.0000   37.5000 2680.0569   16.8637
   -7.5000    7.5000   37.5000 2739.2654   16.5083
    0.0000    7.5000   37.5000 2753.7185   16.3640
    7.5000    7.5000   37.5000 2736.4722   16.4917
   -7.5000   15.0000   37.5000 2749.2444   16.4855
    0.0000   15.0000   37.5000 2775.9534   16.3751
    7.5000   15.0000   37.5000 2749.2104   16.4771
   -7.5000   22.5000   37.5000 2719.6594   16.8621
    0.0000   22.5000   37.5000 2742.9392   16.7464
    7.5000   22.5000   37.5000 2723.8518   16.8387
   -7.5000   30.0000   37.5000 2662.7561   17.5331
    0.0000   30.0000   37.5000 2681.8733   17.4246
    7.5000   30.0000   37.5000 2673.0688   17.5283
   -7.5000   37.5000   37.5000 2592.6418   18.5265
    0.0000   37.5000   37.5000 2604.1296   18.4184
    7.5000   37.5000   37.5000 2590.3450   18.5229
   -7.5000   45.0000   37.5000 2502.6501   19.8424
    0.0000   45.0000   37.5000 2508.4915   19.6540
    7.5000   45.0000   37.5000 2496.2427   19.8644
   -7.5000  -45.0000   45.0000 2001.4714   30.1956
    0.0000  -45.0000   45.0000 2001.2698   29.9525
    7.5000  -45.0000   45.0000 2005.9198   30.1709
   -7.5000  -37.5000   45.0000 2141.0872   26.5947
    0.0000  -37.5000   45.0000 2134.1204   26.1976
    7.5000  -37.5000   45.0000 2137.3315   26.3965
   -7.5000  -30.0000   45.0000 2258.9846   23.9415
    0.0000  -30.0000   45.0000 2246.3577   23.4118
    7.5000  -30.0000   45.0000 2252.2073   23.5744
   -7.5000  -22.5000   45.0000 2374.5449   21.9570
    0.0000  -22.5000   45.0000 2353.1746   21.4002
    7.5000  -22.5000   45.0000 2361.9331   21.5113
   -7.5000  -15.0000   45.0000 2472.8743   20.3620
    0.0000  -15.0000   45.0000 2451.1602   19.8852
    7.5000  -15.0000   45.0000 2462.5574   19.9552
   -7.5000   -7.5000   45.0000 2560.5337   19.0299
    0.0000   -7.5000   45.0000 2545.7810   18.5895
    7.5000   -7.5000   45.0000 2545.9268   18.7806
   -7.5000    0.0000   45.0000 2620.6965   17.9938
    0.0000    0.0000   45.0000 2611.2310   17.6436
    7.5000    0.0000   45.0000 2604.6130   17.8730
   -7.5000    7.5000   45.0000 2665.8943   17.5407
    0.0000    7.5000   45.0000 2661.7466   17.2388
    7.5000    7.5000   45.0000 2654.6321   17.4508
   -7.5000   15.0000   45.0000 2666.5957   17.4879
    0.0000   15.0000   45.0000 2674.7837   17.2693
    7.5000   15.0000   45.0000 2665.7275   17.4379
   -7.5000   22.5000   45.0000 2640.6997   17.8719
    0.0000   22.5000   45.0000 2649.8401   17.6964
    7.5000   22.5000   45.0000 2647.3262   17.8731
   -7.5000   30.0000   45.0000 2589.8782   18.5011
    0.0000   30.0000   45.0000 2605.0391   18.3361
    7.5000   30.0000   45.0000 2602.8357   18.5375
   -7.5000   37.5000   45.0000 2528.1499   19.4898
    0.0000   37.5000   45.0000 2544.9971   19.3135
    7.5000   37.5000   45.0000 2530.5684   19.5027
   -7.5000   45.0000   45.0000 2438.2979   20.8377
    0.0000   45.0000   45.0000 2446.1057   20.6672
    7.5000   45.0000   45.0000 2432.8640   20.8399

---------------------------------------------------------------------
imgreg_4dfp /opt/freesurfer/average/711-2C_as_mni_average_305 /opt/freesurfer/average/711-2B_as_mni_average_305_mask talsrcimg_g11 none talsrcimg_to_711-2C_as_mni_average_305_t4 1283
---------------------------------------------------------------------

freesurfer imgreg_4dfp.c
/opt/freesurfer/average/711-2C_as_mni_average_305.4dfp.img
       256       256       256         1
  1.000000  1.000000  1.000000
orientation T byte_order littleendian
Reading image: /opt/freesurfer/average/711-2C_as_mni_average_305.4dfp.img
dimensions:      256       256       256
mmppix:       1.0000   -1.0000   -1.0000
center:     128.0000 -129.0000 -129.0000
/opt/freesurfer/average/711-2B_as_mni_average_305_mask.4dfp.img
       256       256       256         1
  1.000000  1.000000  1.000000
orientation T byte_order littleendian
Reading mask: /opt/freesurfer/average/711-2B_as_mni_average_305_mask.4dfp.img (2306576 pixels)
talsrcimg_g11.4dfp.img
       256       256       256         1
  1.000000  1.000000  1.000000
orientation T byte_order littleendian
Reading image: talsrcimg_g11.4dfp.img
dimensions:      256       256       256
mmppix:       1.0000   -1.0000   -1.0000
center:     128.0000 -129.0000 -129.0000
rotation matrix determinant  1.000000
fimgreg.f
image alignment mode   1283 decimal      503 hex
parameters
    0.0000    7.5000   22.5000    0.0000    0.0000    0.0000
eta,q 0.90631 14.99713
niter,ni,del,rscale     5    3   12.0000    1.2000
parameter  4-10.694842 ->  0.500000 qaram    1.1500
parameters
   -0.1322   10.3112   22.9725   -3.4500   -1.6522   -0.4540
eta,q 0.91188 14.78875
  0.1106  0.1037  0.1117  0.0875  0.0932  0.0913
  0.1054  0.0987  0.1037  0.0878  0.0902  0.0894
  0.0969  0.0944  0.0952  0.0911  0.0882  0.0884
  0.0929  0.0927  0.0925  0.0930  0.0886  0.0880
  0.0983  0.0930  0.0942  0.0940  0.0917  0.0881
  0.1056  0.0919  0.0992  0.0958  0.0975  0.0899
  0.1124  0.0930  0.1069  0.0976  0.1047  0.0931
niter,ni,del,rscale     5    3   12.0000    1.2000
parameters
    0.2745   11.4990   22.6520   -4.1392   -2.4454   -1.1609
eta,q 0.91091 14.73065
  0.1056  0.1004  0.1046  0.0931  0.0945  0.0906
  0.1009  0.0937  0.0954  0.0886  0.0914  0.0890
  0.0945  0.0871  0.0902  0.0877  0.0896  0.0890
  0.0881  0.0875  0.0899  0.0897  0.0891  0.0891
  0.0888  0.0908  0.0935  0.0898  0.0902  0.0890
  0.0967  0.0905  0.0996  0.0909  0.0936  0.0897
  0.1037  0.0913  0.1057  0.0937  0.0993  0.0919
niter,ni,del,rscale     4    3   12.0000    1.2000
parameters
    0.7732   12.2616   22.4700   -5.0532   -3.3633   -1.0364
eta,q 0.91053 14.67961
  0.1051  0.0974  0.1041  0.0912  0.0938  0.0911
  0.1002  0.0897  0.0953  0.0879  0.0904  0.0891
  0.0942  0.0851  0.0902  0.0882  0.0896  0.0889
  0.0891  0.0884  0.0899  0.0897  0.0894  0.0894
  0.0896  0.0900  0.0929  0.0886  0.0903  0.0893
  0.0961  0.0892  0.0983  0.0896  0.0932  0.0894
  0.1022  0.0909  0.1038  0.0924  0.0981  0.0906
niter,ni,del,rscale     3    3   12.0000    1.2000
parameter  4  0.543826 ->  0.500000 qaram    1.3225
parameters
    1.3631   13.3888   22.1383   -9.0207   -4.7972    0.9231
eta,q 0.91478 14.72167
  0.1045  0.0969  0.1015  0.0883  0.0912  0.0917
  0.0995  0.0887  0.0939  0.0863  0.0877  0.0894
  0.0939  0.0851  0.0899  0.0885  0.0860  0.0875
  0.0895  0.0889  0.0898  0.0896  0.0866  0.0858
  0.0898  0.0890  0.0925  0.0878  0.0889  0.0852
  0.0954  0.0877  0.0976  0.0890  0.0934  0.0858
  0.1009  0.0895  0.1023  0.0919  0.0993  0.0874
niter,ni,del,rscale     3    3   12.0000    1.2000
parameters
    2.0036   15.5854   22.0526   -9.6564   -6.0588    0.6487
eta,q 0.91561 14.72752
  0.1046  0.1028  0.0964  0.0888  0.0900  0.0887
  0.0990  0.0960  0.0914  0.0865  0.0858  0.0868
  0.0923  0.0882  0.0878  0.0839  0.0843  0.0852
  0.0852  0.0842  0.0858  0.0858  0.0854  0.0844
  0.0862  0.0857  0.0867  0.0863  0.0877  0.0851
  0.0940  0.0864  0.0912  0.0862  0.0908  0.0871
  0.0997  0.0874  0.0980  0.0905  0.0953  0.0898
niter,ni,del,rscale     2    3   12.0000    1.2000
parameters
    2.6286   16.3828   21.9703  -10.1883   -6.8261    0.1413
eta,q 0.91578 14.76181
  0.1020  0.0958  0.0961  0.0888  0.0909  0.0878
  0.0958  0.0878  0.0915  0.0864  0.0861  0.0857
  0.0892  0.0826  0.0873  0.0840  0.0839  0.0846
  0.0844  0.0840  0.0850  0.0850  0.0846  0.0842
  0.0852  0.0855  0.0860  0.0854  0.0867  0.0848
  0.0909  0.0865  0.0907  0.0859  0.0897  0.0866
  0.0972  0.0885  0.0980  0.0909  0.0938  0.0895
niter,ni,del,rscale     1    3   12.0000    1.2000
parameters
    2.9041   16.5488   21.9109  -10.4093   -7.1267   -0.1199
eta,q 0.91585 14.76391
  0.1010  0.0929  0.0959  0.0888  0.0923  0.0879
  0.0948  0.0855  0.0914  0.0868  0.0868  0.0858
  0.0878  0.0818  0.0869  0.0840  0.0841  0.0845
  0.0842  0.0842  0.0843  0.0844  0.0842  0.0841
  0.0861  0.0853  0.0855  0.0849  0.0862  0.0845
  0.0923  0.0865  0.0903  0.0857  0.0890  0.0861
  0.0989  0.0897  0.0979  0.0902  0.0926  0.0889
registration optimization eta report
parameter search radius
    6.0000    6.0000    6.0000    7.9350    6.0000    6.0000
100000*second partial in parameter space
       42.       22.       34.        9.       23.       12.
  0.1010  0.0929  0.0959  0.0888  0.0923  0.0879
  0.0948  0.0855  0.0914  0.0868  0.0868  0.0858
  0.0878  0.0818  0.0869  0.0840  0.0841  0.0845
  0.0842  0.0842  0.0843  0.0844  0.0842  0.0841
  0.0861  0.0853  0.0855  0.0849  0.0862  0.0845
  0.0923  0.0865  0.0903  0.0857  0.0890  0.0861
  0.0989  0.0897  0.0979  0.0902  0.0926  0.0889
    2.9041   16.5488   21.9109  -10.4093   -7.1267   -0.1199
eta,q 0.91585 14.76391

---------------------------------------------------------------------
imgreg_4dfp /opt/freesurfer/average/711-2C_as_mni_average_305 /opt/freesurfer/average/711-2B_as_mni_average_305_mask talsrcimg_g11 none talsrcimg_to_711-2C_as_mni_average_305_t4 3335
---------------------------------------------------------------------

freesurfer imgreg_4dfp.c
/opt/freesurfer/average/711-2C_as_mni_average_305.4dfp.img
       256       256       256         1
  1.000000  1.000000  1.000000
orientation T byte_order littleendian
Reading image: /opt/freesurfer/average/711-2C_as_mni_average_305.4dfp.img
dimensions:      256       256       256
mmppix:       1.0000   -1.0000   -1.0000
center:     128.0000 -129.0000 -129.0000
/opt/freesurfer/average/711-2B_as_mni_average_305_mask.4dfp.img
       256       256       256         1
  1.000000  1.000000  1.000000
orientation T byte_order littleendian
Reading mask: /opt/freesurfer/average/711-2B_as_mni_average_305_mask.4dfp.img (2306576 pixels)
talsrcimg_g11.4dfp.img
       256       256       256         1
  1.000000  1.000000  1.000000
orientation T byte_order littleendian
Reading image: talsrcimg_g11.4dfp.img
dimensions:      256       256       256
mmppix:       1.0000   -1.0000   -1.0000
center:     128.0000 -129.0000 -129.0000
fimgreg.f
image alignment mode   3335 decimal      D07 hex
parameters
    2.9041   16.5488   21.9109   -0.7728   -1.6413   -2.4056
   -2.0357   12.2399   -0.2077   18.0422  -12.4063  -17.9282
eta,q 0.91519 14.93577
niter,ni,del,rscale     5    3    5.0000    1.2000
parameter  2  1.325536 ->  0.500000 qaram    1.1500
parameter  4  1.284377 ->  0.500000 qaram    1.1500
parameter  5********** ->  0.500000 qaram    1.1500
parameter 10 -0.746142 -> -0.500000 qaram    1.1500
parameter 11 -0.925596 -> -0.500000 qaram    1.1500
parameter 12 -2.104076 -> -0.500000 qaram    1.1500
parameters
    2.9523   15.1688   21.1365   -4.9128   -5.7813   -5.5300
    0.2580   12.0238   -0.1366   22.1822   -8.2663  -13.7882
eta,q 0.93347 14.91480
  0.0888  0.0841  0.0847  0.0744  0.0659  0.0717  0.0741  0.0754  0.0719  0.0775  0.0720  0.0749
  0.0867  0.0839  0.0839  0.0758  0.0700  0.0715  0.0728  0.0731  0.0715  0.0745  0.0708  0.0726
  0.0853  0.0842  0.0837  0.0785  0.0733  0.0711  0.0719  0.0718  0.0713  0.0724  0.0701  0.0707
  0.0848  0.0848  0.0840  0.0837  0.0764  0.0711  0.0713  0.0711  0.0712  0.0712  0.0695  0.0689
  0.0852  0.0854  0.0847  0.0911  0.0799  0.0740  0.0711  0.0711  0.0712  0.0701  0.0692  0.0674
  0.0866  0.0859  0.0858  0.0988  0.0833  0.0808  0.0713  0.0727  0.0715  0.0694  0.0689  0.0662
  0.0885  0.0864  0.0872  0.1064  0.0871  0.0894  0.0719  0.0768  0.0720  0.0698  0.0688  0.0653
niter,ni,del,rscale     7    3    5.0000    1.2000
parameter  3  2.998249 ->  0.500000 qaram    1.1500
parameter  4  0.541936 ->  0.500000 qaram    1.3225
parameter  5  4.572855 ->  0.500000 qaram    1.3225
parameter 12 -1.294922 -> -0.500000 qaram    1.3225
parameters
    2.9570   15.1816   19.7565   -9.6738  -10.5423   -6.1932
    0.4033   11.6769    1.2243   18.8498   -5.1192   -9.0272
eta,q 0.94421 14.52815
  0.0692  0.0684  0.0627  0.0624  0.0548  0.0603  0.0597  0.0602  0.0601  0.0586  0.0579  0.0605
  0.0676  0.0672  0.0636  0.0625  0.0567  0.0595  0.0586  0.0590  0.0589  0.0575  0.0575  0.0591
  0.0667  0.0666  0.0650  0.0629  0.0595  0.0584  0.0579  0.0581  0.0581  0.0570  0.0572  0.0579
  0.0665  0.0665  0.0665  0.0640  0.0626  0.0574  0.0576  0.0576  0.0577  0.0576  0.0570  0.0570
  0.0669  0.0668  0.0683  0.0668  0.0656  0.0574  0.0578  0.0576  0.0576  0.0596  0.0570  0.0562
  0.0677  0.0674  0.0701  0.0735  0.0686  0.0595  0.0585  0.0587  0.0581  0.0625  0.0570  0.0557
  0.0690  0.0681  0.0720  0.0824  0.0721  0.0630  0.0595  0.0616  0.0588  0.0662  0.0572  0.0554
niter,ni,del,rscale     7    3    5.0000    1.2000
parameter  2  0.747280 ->  0.500000 qaram    1.3225
parameter  3  3.067247 ->  0.500000 qaram    1.3225
parameter  5  1.370002 ->  0.500000 qaram    1.5209
parameter 10  1.572920 ->  0.500000 qaram    1.3225
parameter 11  0.955916 ->  0.500000 qaram    1.3225
parameter 12  1.604718 ->  0.500000 qaram    1.5209
parameters
    2.2544   13.5946   18.1695  -12.5025  -16.0174   -9.3725
   -1.3404   10.1617   -0.3190   14.0888   -9.8802  -14.5023
eta,q 0.95836 14.25421
  0.0566  0.0548  0.0495  0.0532  0.0464  0.0470  0.0485  0.0485  0.0482  0.0424  0.0432  0.0409
  0.0558  0.0545  0.0509  0.0521  0.0469  0.0473  0.0476  0.0476  0.0474  0.0434  0.0432  0.0415
  0.0556  0.0548  0.0526  0.0514  0.0487  0.0473  0.0472  0.0472  0.0471  0.0450  0.0434  0.0422
  0.0558  0.0556  0.0545  0.0513  0.0514  0.0472  0.0474  0.0472  0.0471  0.0470  0.0438  0.0433
  0.0564  0.0568  0.0566  0.0524  0.0547  0.0480  0.0480  0.0476  0.0476  0.0494  0.0443  0.0446
  0.0574  0.0584  0.0589  0.0558  0.0589  0.0510  0.0491  0.0486  0.0485  0.0522  0.0450  0.0462
  0.0587  0.0602  0.0614  0.0627  0.0625  0.0555  0.0506  0.0509  0.0497  0.0557  0.0457  0.0479
niter,ni,del,rscale     7    3    5.0000    1.2000
parameter  2  0.513774 ->  0.500000 qaram    1.5209
parameter  3  7.496600 ->  0.500000 qaram    1.5209
parameter  4 -0.787812 -> -0.500000 qaram    1.5209
parameter  6  0.602579 ->  0.500000 qaram    1.1500
parameters
    1.7021   11.7695   16.3445   -7.0274  -19.7749  -13.5125
   -1.8256    8.5153    0.0139   10.6991  -11.5610  -15.4634
eta,q 0.96967 14.27721
  0.0428  0.0415  0.0303  0.0391  0.0356  0.0316  0.0331  0.0332  0.0335  0.0327  0.0317  0.0320
  0.0419  0.0405  0.0332  0.0372  0.0337  0.0312  0.0320  0.0318  0.0322  0.0311  0.0308  0.0311
  0.0415  0.0404  0.0366  0.0354  0.0325  0.0317  0.0314  0.0311  0.0314  0.0304  0.0304  0.0305
  0.0416  0.0415  0.0403  0.0341  0.0325  0.0325  0.0313  0.0312  0.0311  0.0310  0.0304  0.0303
  0.0422  0.0438  0.0443  0.0331  0.0356  0.0335  0.0316  0.0321  0.0312  0.0330  0.0310  0.0306
  0.0433  0.0470  0.0483  0.0324  0.0432  0.0355  0.0324  0.0339  0.0319  0.0364  0.0318  0.0314
  0.0448  0.0509  0.0519  0.0331  0.0532  0.0391  0.0337  0.0370  0.0331  0.0408  0.0329  0.0329
niter,ni,del,rscale     7    3    5.0000    1.2000
parameter  3  1.495951 ->  0.500000 qaram    1.7490
parameters
    1.8974   12.4723   14.2457   -8.6878  -19.3207  -12.8110
   -2.4499    9.0354    0.2423   11.8540  -11.7956  -18.4502
eta,q 0.97402 14.28078
  0.0332  0.0376  0.0245  0.0320  0.0344  0.0308  0.0284  0.0311  0.0286  0.0329  0.0281  0.0273
  0.0318  0.0342  0.0257  0.0297  0.0316  0.0293  0.0273  0.0285  0.0275  0.0298  0.0269  0.0262
  0.0308  0.0317  0.0275  0.0278  0.0290  0.0278  0.0266  0.0270  0.0267  0.0276  0.0263  0.0260
  0.0303  0.0303  0.0301  0.0261  0.0268  0.0266  0.0264  0.0264  0.0264  0.0264  0.0263  0.0262
  0.0304  0.0302  0.0335  0.0257  0.0256  0.0263  0.0268  0.0267  0.0265  0.0264  0.0265  0.0269
  0.0311  0.0313  0.0373  0.0315  0.0279  0.0271  0.0278  0.0278  0.0272  0.0279  0.0272  0.0281
  0.0325  0.0337  0.0414  0.0421  0.0358  0.0306  0.0294  0.0298  0.0285  0.0306  0.0281  0.0297
niter,ni,del,rscale     7    3    5.0000    1.2000
parameter  3  0.755511 ->  0.500000 qaram    2.0114
parameters
    1.7116   12.8102   11.8320   -9.5149  -19.7129  -14.0649
   -2.5379    9.2833    0.3941   13.8048  -11.0059  -19.0498
eta,q 0.97551 14.20259
  0.0282  0.0328  0.0237  0.0307  0.0322  0.0281  0.0270  0.0291  0.0267  0.0318  0.0265  0.0274
  0.0269  0.0294  0.0234  0.0280  0.0293  0.0265  0.0258  0.0264  0.0256  0.0279  0.0251  0.0250
  0.0262  0.0270  0.0242  0.0256  0.0264  0.0252  0.0250  0.0250  0.0249  0.0257  0.0246  0.0244
  0.0260  0.0260  0.0259  0.0235  0.0239  0.0242  0.0246  0.0246  0.0246  0.0246  0.0245  0.0245
  0.0264  0.0263  0.0287  0.0225  0.0228  0.0237  0.0248  0.0250  0.0248  0.0247  0.0247  0.0251
  0.0274  0.0278  0.0326  0.0270  0.0269  0.0274  0.0257  0.0260  0.0254  0.0256  0.0250  0.0262
  0.0291  0.0307  0.0371  0.0376  0.0375  0.0357  0.0273  0.0284  0.0266  0.0274  0.0257  0.0273
niter,ni,del,rscale     7    3    5.0000    1.2000
parameters
    1.5873   13.0805   10.6060   -9.4579  -19.6350  -15.0384
   -2.4644    8.9944    0.1771   14.7566  -10.2634  -18.8360
eta,q 0.97556 14.15995
  0.0267  0.0304  0.0270  0.0315  0.0321  0.0279  0.0268  0.0282  0.0261  0.0298  0.0263  0.0280
  0.0254  0.0273  0.0247  0.0287  0.0293  0.0263  0.0255  0.0257  0.0252  0.0264  0.0249  0.0251
  0.0247  0.0253  0.0241  0.0263  0.0266  0.0250  0.0247  0.0245  0.0246  0.0248  0.0244  0.0244
  0.0245  0.0245  0.0245  0.0241  0.0241  0.0240  0.0244  0.0244  0.0243  0.0244  0.0244  0.0244
  0.0248  0.0249  0.0258  0.0224  0.0225  0.0231  0.0245  0.0248  0.0246  0.0248  0.0246  0.0249
  0.0258  0.0263  0.0283  0.0251  0.0255  0.0260  0.0254  0.0260  0.0252  0.0260  0.0249  0.0259
  0.0273  0.0288  0.0321  0.0348  0.0356  0.0342  0.0269  0.0289  0.0264  0.0275  0.0255  0.0269
niter,ni,del,rscale     6    3    5.0000    1.2000
parameters
    1.4499   13.2705   10.1556   -9.2271  -19.6216  -15.4990
   -2.3326    8.6918   -0.1503   15.2450   -9.8835  -18.6577
eta,q 0.97558 14.14608
  0.0266  0.0297  0.0282  0.0316  0.0319  0.0280  0.0269  0.0281  0.0260  0.0288  0.0261  0.0278
  0.0253  0.0269  0.0255  0.0289  0.0292  0.0264  0.0255  0.0257  0.0251  0.0259  0.0248  0.0251
  0.0246  0.0251  0.0245  0.0265  0.0266  0.0252  0.0247  0.0246  0.0245  0.0246  0.0244  0.0244
  0.0244  0.0244  0.0244  0.0244  0.0242  0.0242  0.0244  0.0244  0.0244  0.0244  0.0244  0.0244
  0.0248  0.0248  0.0252  0.0226  0.0227  0.0232  0.0245  0.0247  0.0246  0.0249  0.0246  0.0249
  0.0257  0.0263  0.0269  0.0249  0.0257  0.0246  0.0253  0.0259  0.0252  0.0260  0.0249  0.0258
  0.0272  0.0287  0.0296  0.0344  0.0354  0.0321  0.0268  0.0290  0.0264  0.0275  0.0256  0.0268
niter,ni,del,rscale     5    3    5.0000    1.2000
parameters
    1.3755   13.4026    9.8914   -9.1534  -19.7137  -15.7718
   -2.2221    8.5277   -0.3661   15.5772   -9.6418  -18.5515
eta,q 0.97550 14.12824
  0.0268  0.0294  0.0284  0.0316  0.0317  0.0280  0.0269  0.0283  0.0261  0.0285  0.0261  0.0277
  0.0254  0.0267  0.0257  0.0289  0.0291  0.0265  0.0256  0.0259  0.0252  0.0259  0.0248  0.0251
  0.0246  0.0250  0.0246  0.0265  0.0266  0.0253  0.0248  0.0247  0.0247  0.0247  0.0245  0.0245
  0.0244  0.0244  0.0244  0.0244  0.0243  0.0244  0.0245  0.0245  0.0245  0.0245  0.0245  0.0245
  0.0247  0.0248  0.0251  0.0227  0.0229  0.0234  0.0246  0.0248  0.0247  0.0250  0.0247  0.0250
  0.0256  0.0263  0.0266  0.0252  0.0259  0.0242  0.0254  0.0259  0.0253  0.0260  0.0250  0.0258
  0.0271  0.0287  0.0291  0.0349  0.0355  0.0313  0.0268  0.0289  0.0264  0.0275  0.0257  0.0268
niter,ni,del,rscale     4    3    5.0000    1.2000
parameters
    1.3310   13.5231    9.6956   -9.1190  -19.8428  -16.0089
   -2.1327    8.4097   -0.5323   15.8787   -9.4616  -18.4925
eta,q 0.97538 14.10924
  0.0269  0.0294  0.0285  0.0316  0.0316  0.0280  0.0270  0.0284  0.0262  0.0284  0.0261  0.0276
  0.0255  0.0267  0.0259  0.0289  0.0291  0.0265  0.0257  0.0260  0.0253  0.0259  0.0250  0.0252
  0.0248  0.0251  0.0247  0.0266  0.0267  0.0254  0.0249  0.0249  0.0248  0.0248  0.0246  0.0246
  0.0245  0.0245  0.0245  0.0245  0.0245  0.0245  0.0246  0.0246  0.0246  0.0246  0.0246  0.0246
  0.0248  0.0249  0.0252  0.0229  0.0231  0.0236  0.0248  0.0249  0.0248  0.0251  0.0248  0.0251
  0.0257  0.0263  0.0266  0.0254  0.0261  0.0242  0.0256  0.0259  0.0254  0.0260  0.0251  0.0259
  0.0271  0.0288  0.0289  0.0350  0.0355  0.0310  0.0269  0.0288  0.0264  0.0275  0.0258  0.0269
niter,ni,del,rscale     3    3    5.0000    1.2000
parameters
    1.2968   13.6381    9.5111   -9.1059  -19.9861  -16.2512
   -2.0630    8.3193   -0.6657   16.1874   -9.3314  -18.4298
eta,q 0.97525 14.08835
  0.0270  0.0294  0.0285  0.0317  0.0316  0.0280  0.0271  0.0284  0.0263  0.0283  0.0262  0.0276
  0.0257  0.0268  0.0260  0.0290  0.0291  0.0266  0.0258  0.0262  0.0255  0.0260  0.0251  0.0254
  0.0249  0.0252  0.0249  0.0267  0.0267  0.0255  0.0250  0.0250  0.0249  0.0249  0.0247  0.0248
  0.0246  0.0246  0.0246  0.0246  0.0246  0.0247  0.0247  0.0247  0.0247  0.0247  0.0247  0.0247
  0.0249  0.0250  0.0253  0.0230  0.0233  0.0238  0.0249  0.0250  0.0249  0.0252  0.0249  0.0252
  0.0257  0.0264  0.0267  0.0256  0.0262  0.0243  0.0257  0.0260  0.0255  0.0261  0.0253  0.0260
  0.0272  0.0288  0.0289  0.0352  0.0354  0.0309  0.0270  0.0289  0.0265  0.0275  0.0259  0.0269
niter,ni,del,rscale     2    3    5.0000    1.2000
parameters
    1.2651   13.7661    9.3188   -9.1075  -20.1565  -16.5214
   -2.0020    8.2356   -0.7638   16.5424   -9.2584  -18.3698
eta,q 0.97509 14.06415
  0.0271  0.0294  0.0285  0.0318  0.0315  0.0279  0.0272  0.0285  0.0265  0.0283  0.0263  0.0275
  0.0258  0.0269  0.0261  0.0291  0.0291  0.0266  0.0259  0.0263  0.0256  0.0261  0.0252  0.0255
  0.0250  0.0254  0.0250  0.0268  0.0268  0.0255  0.0252  0.0252  0.0251  0.0251  0.0249  0.0250
  0.0248  0.0247  0.0247  0.0247  0.0247  0.0248  0.0249  0.0249  0.0249  0.0249  0.0249  0.0249
  0.0250  0.0251  0.0254  0.0231  0.0235  0.0241  0.0251  0.0251  0.0251  0.0253  0.0251  0.0253
  0.0259  0.0265  0.0268  0.0257  0.0263  0.0244  0.0258  0.0261  0.0256  0.0262  0.0254  0.0260
  0.0273  0.0288  0.0289  0.0353  0.0354  0.0309  0.0271  0.0289  0.0266  0.0275  0.0260  0.0270
niter,ni,del,rscale     1    3    5.0000    1.2000
parameters
    1.2341   13.9173    9.0957   -9.1296  -20.3708  -16.8472
   -1.9492    8.1691   -0.8129   16.9912   -9.2815  -18.2720
eta,q 0.97491 14.03387
  0.0272  0.0295  0.0285  0.0319  0.0315  0.0279  0.0273  0.0286  0.0267  0.0283  0.0265  0.0275
  0.0259  0.0271  0.0262  0.0292  0.0292  0.0266  0.0261  0.0264  0.0258  0.0263  0.0254  0.0257
  0.0251  0.0255  0.0252  0.0269  0.0269  0.0257  0.0253  0.0254  0.0253  0.0253  0.0251  0.0252
  0.0249  0.0249  0.0249  0.0249  0.0249  0.0250  0.0251  0.0251  0.0251  0.0251  0.0251  0.0251
  0.0252  0.0252  0.0256  0.0233  0.0237  0.0243  0.0252  0.0253  0.0252  0.0254  0.0253  0.0255
  0.0260  0.0266  0.0270  0.0259  0.0264  0.0246  0.0260  0.0263  0.0258  0.0262  0.0257  0.0261
  0.0274  0.0289  0.0290  0.0354  0.0355  0.0309  0.0273  0.0289  0.0268  0.0275  0.0262  0.0270
registration optimization eta report
parameter search radius
    2.4000    3.6501    4.8273   10.9503   10.9503    8.2800
    7.2000    7.2000    7.2000    9.5220    9.5220   10.9503
100000*second partial in parameter space
       42.       32.       17.        8.        7.        7.
        4.        7.        3.        3.        1.        2.
  0.0272  0.0295  0.0285  0.0319  0.0315  0.0279  0.0273  0.0286  0.0267  0.0283  0.0265  0.0275
  0.0259  0.0271  0.0262  0.0292  0.0292  0.0266  0.0261  0.0264  0.0258  0.0263  0.0254  0.0257
  0.0251  0.0255  0.0252  0.0269  0.0269  0.0257  0.0253  0.0254  0.0253  0.0253  0.0251  0.0252
  0.0249  0.0249  0.0249  0.0249  0.0249  0.0250  0.0251  0.0251  0.0251  0.0251  0.0251  0.0251
  0.0252  0.0252  0.0256  0.0233  0.0237  0.0243  0.0252  0.0253  0.0252  0.0254  0.0253  0.0255
  0.0260  0.0266  0.0270  0.0259  0.0264  0.0246  0.0260  0.0263  0.0258  0.0262  0.0257  0.0261
  0.0274  0.0289  0.0290  0.0354  0.0355  0.0309  0.0273  0.0289  0.0268  0.0275  0.0262  0.0270
    1.2341   13.9173    9.0957   -9.1296  -20.3708  -16.8472
   -1.9492    8.1691   -0.8129   16.9912   -9.2815  -18.2720
eta,q 0.97491 14.03387

---------------------------------------------------------------------
imgreg_4dfp /opt/freesurfer/average/711-2C_as_mni_average_305 /opt/freesurfer/average/711-2B_as_mni_average_305_mask talsrcimg_g11 none talsrcimg_to_711-2C_as_mni_average_305_t4 2311
---------------------------------------------------------------------

freesurfer imgreg_4dfp.c
/opt/freesurfer/average/711-2C_as_mni_average_305.4dfp.img
       256       256       256         1
  1.000000  1.000000  1.000000
orientation T byte_order littleendian
Reading image: /opt/freesurfer/average/711-2C_as_mni_average_305.4dfp.img
dimensions:      256       256       256
mmppix:       1.0000   -1.0000   -1.0000
center:     128.0000 -129.0000 -129.0000
/opt/freesurfer/average/711-2B_as_mni_average_305_mask.4dfp.img
       256       256       256         1
  1.000000  1.000000  1.000000
orientation T byte_order littleendian
Reading mask: /opt/freesurfer/average/711-2B_as_mni_average_305_mask.4dfp.img (2306576 pixels)
talsrcimg_g11.4dfp.img
       256       256       256         1
  1.000000  1.000000  1.000000
orientation T byte_order littleendian
Reading image: talsrcimg_g11.4dfp.img
dimensions:      256       256       256
mmppix:       1.0000   -1.0000   -1.0000
center:     128.0000 -129.0000 -129.0000
fimgreg.f
image alignment mode   2311 decimal      907 hex
parameters
    1.2341   13.9173    9.0957   -9.1296  -20.3708  -16.8472
   -1.9492    8.1691   -0.8129   16.9912   -9.2815  -18.2720
eta,q 0.97491 14.03388
niter,ni,del,rscale     5    3    5.0000    0.8000
parameter  4 -1.607936 -> -0.500000 qaram    1.1500
parameter  5 -0.686616 -> -0.500000 qaram    1.1500
parameters
    1.2058   14.1394    8.7491   -6.3696  -17.6108  -15.9292
   -2.0946    8.2205   -0.8907   18.0171   -8.5308  -17.8867
eta,q 0.97724 14.36143
  0.0261  0.0261  0.0253  0.0277  0.0265  0.0243  0.0250  0.0263  0.0243  0.0246  0.0240  0.0236
  0.0255  0.0256  0.0252  0.0268  0.0255  0.0237  0.0237  0.0244  0.0234  0.0236  0.0233  0.0231
  0.0252  0.0253  0.0251  0.0259  0.0246  0.0233  0.0230  0.0233  0.0229  0.0230  0.0229  0.0228
  0.0251  0.0251  0.0251  0.0251  0.0238  0.0229  0.0228  0.0228  0.0228  0.0228  0.0228  0.0228
  0.0252  0.0251  0.0252  0.0242  0.0232  0.0227  0.0231  0.0230  0.0230  0.0228  0.0228  0.0228
  0.0256  0.0253  0.0254  0.0236  0.0229  0.0227  0.0239  0.0241  0.0235  0.0230  0.0230  0.0230
  0.0262  0.0257  0.0257  0.0237  0.0234  0.0238  0.0252  0.0264  0.0244  0.0234  0.0234  0.0233
niter,ni,del,rscale     6    3    5.0000    0.9000
parameters
    1.2498   13.5471    9.2474   -6.8699  -17.9819  -14.6161
   -1.8394    8.1248   -1.0716   16.6475   -8.3663  -18.0183
eta,q 0.97769 14.38375
  0.0253  0.0233  0.0238  0.0261  0.0259  0.0249  0.0248  0.0265  0.0238  0.0231  0.0235  0.0233
  0.0239  0.0228  0.0232  0.0248  0.0247  0.0241  0.0235  0.0243  0.0230  0.0225  0.0228  0.0226
  0.0231  0.0226  0.0228  0.0236  0.0236  0.0235  0.0227  0.0230  0.0226  0.0223  0.0224  0.0223
  0.0228  0.0228  0.0226  0.0226  0.0228  0.0229  0.0224  0.0224  0.0224  0.0224  0.0223  0.0223
  0.0230  0.0233  0.0226  0.0224  0.0227  0.0222  0.0226  0.0227  0.0226  0.0228  0.0224  0.0225
  0.0238  0.0242  0.0227  0.0244  0.0243  0.0219  0.0232  0.0242  0.0231  0.0234  0.0228  0.0228
  0.0250  0.0256  0.0229  0.0294  0.0280  0.0241  0.0244  0.0272  0.0240  0.0245  0.0233  0.0232
niter,ni,del,rscale     5    3    5.0000    0.8000
parameters
    1.2752   13.2865    9.7653   -6.5849  -17.3827  -14.2441
   -1.7998    8.1504   -0.9591   16.1830   -8.4713  -18.2114
eta,q 0.97829 14.44683
  0.0242  0.0231  0.0233  0.0255  0.0252  0.0238  0.0238  0.0253  0.0232  0.0228  0.0226  0.0225
  0.0231  0.0226  0.0228  0.0244  0.0241  0.0231  0.0226  0.0234  0.0224  0.0221  0.0221  0.0220
  0.0225  0.0223  0.0225  0.0233  0.0230  0.0225  0.0220  0.0223  0.0219  0.0218  0.0218  0.0217
  0.0223  0.0223  0.0223  0.0222  0.0221  0.0219  0.0217  0.0217  0.0217  0.0217  0.0217  0.0217
  0.0225  0.0225  0.0222  0.0218  0.0217  0.0213  0.0220  0.0219  0.0219  0.0220  0.0218  0.0219
  0.0231  0.0231  0.0223  0.0228  0.0223  0.0215  0.0226  0.0231  0.0223  0.0225  0.0222  0.0222
  0.0240  0.0239  0.0225  0.0260  0.0248  0.0242  0.0237  0.0255  0.0230  0.0232  0.0227  0.0226
niter,ni,del,rscale     4    3    5.0000    0.7000
parameters
    1.2953   13.0165   10.0889   -6.3364  -16.9282  -13.4521
   -1.8772    8.2131   -0.7527   16.1144   -8.6977  -17.9866
eta,q 0.97890 14.51938
  0.0232  0.0223  0.0225  0.0245  0.0242  0.0232  0.0228  0.0245  0.0224  0.0223  0.0220  0.0220
  0.0224  0.0219  0.0221  0.0235  0.0232  0.0226  0.0218  0.0227  0.0217  0.0216  0.0215  0.0214
  0.0219  0.0217  0.0218  0.0225  0.0223  0.0220  0.0213  0.0216  0.0213  0.0212  0.0212  0.0212
  0.0217  0.0217  0.0217  0.0217  0.0216  0.0214  0.0211  0.0211  0.0211  0.0211  0.0211  0.0211
  0.0219  0.0219  0.0217  0.0214  0.0213  0.0209  0.0213  0.0213  0.0212  0.0213  0.0212  0.0212
  0.0223  0.0224  0.0218  0.0222  0.0219  0.0210  0.0219  0.0224  0.0216  0.0217  0.0216  0.0214
  0.0231  0.0231  0.0220  0.0247  0.0239  0.0227  0.0229  0.0245  0.0222  0.0224  0.0222  0.0218
niter,ni,del,rscale     3    3    5.0000    0.6000
parameters
    1.3124   12.8170   10.3550   -6.1938  -16.5120  -12.9497
   -2.0191    8.3253   -0.5783   15.8827   -9.0160  -17.8318
eta,q 0.97930 14.56480
  0.0223  0.0217  0.0218  0.0234  0.0232  0.0225  0.0219  0.0235  0.0217  0.0216  0.0214  0.0214
  0.0217  0.0213  0.0214  0.0225  0.0224  0.0220  0.0212  0.0221  0.0212  0.0210  0.0209  0.0210
  0.0212  0.0211  0.0212  0.0217  0.0216  0.0214  0.0208  0.0211  0.0208  0.0208  0.0207  0.0207
  0.0211  0.0211  0.0211  0.0211  0.0210  0.0209  0.0207  0.0207  0.0207  0.0207  0.0207  0.0207
  0.0212  0.0213  0.0211  0.0209  0.0208  0.0205  0.0209  0.0209  0.0208  0.0209  0.0208  0.0208
  0.0216  0.0216  0.0212  0.0217  0.0213  0.0207  0.0214  0.0217  0.0211  0.0212  0.0211  0.0210
  0.0223  0.0222  0.0213  0.0237  0.0229  0.0223  0.0221  0.0233  0.0215  0.0219  0.0216  0.0212
niter,ni,del,rscale     2    3    5.0000    0.5000
parameters
    1.3254   12.6488   10.5447   -6.0891  -16.2077  -12.4852
   -2.1428    8.4503   -0.4317   15.7557   -9.3100  -17.6585
eta,q 0.97960 14.59922
  0.0216  0.0211  0.0212  0.0225  0.0223  0.0220  0.0213  0.0226  0.0212  0.0212  0.0209  0.0210
  0.0211  0.0208  0.0209  0.0218  0.0216  0.0215  0.0208  0.0215  0.0208  0.0207  0.0206  0.0206
  0.0208  0.0207  0.0208  0.0211  0.0210  0.0210  0.0205  0.0208  0.0205  0.0205  0.0204  0.0205
  0.0207  0.0207  0.0207  0.0207  0.0206  0.0206  0.0204  0.0204  0.0204  0.0204  0.0204  0.0204
  0.0208  0.0208  0.0207  0.0206  0.0206  0.0203  0.0206  0.0205  0.0205  0.0205  0.0205  0.0205
  0.0211  0.0211  0.0208  0.0212  0.0210  0.0205  0.0209  0.0212  0.0207  0.0208  0.0208  0.0206
  0.0215  0.0215  0.0209  0.0227  0.0221  0.0217  0.0214  0.0223  0.0210  0.0213  0.0212  0.0208
niter,ni,del,rscale     1    3    5.0000    0.4000
parameters
    1.3367   12.5296   10.6924   -6.0284  -15.9666  -12.1103
   -2.2396    8.5737   -0.3290   15.6454   -9.5622  -17.5186
eta,q 0.97978 14.62292
  0.0210  0.0207  0.0208  0.0217  0.0215  0.0214  0.0208  0.0218  0.0207  0.0208  0.0206  0.0206
  0.0207  0.0205  0.0206  0.0211  0.0210  0.0210  0.0205  0.0210  0.0205  0.0204  0.0204  0.0204
  0.0205  0.0204  0.0205  0.0207  0.0206  0.0207  0.0203  0.0205  0.0203  0.0203  0.0202  0.0203
  0.0204  0.0204  0.0204  0.0204  0.0204  0.0204  0.0202  0.0202  0.0202  0.0202  0.0202  0.0202
  0.0205  0.0205  0.0204  0.0204  0.0203  0.0202  0.0203  0.0203  0.0203  0.0203  0.0203  0.0203
  0.0207  0.0207  0.0205  0.0208  0.0206  0.0203  0.0206  0.0207  0.0204  0.0205  0.0205  0.0204
  0.0210  0.0210  0.0206  0.0218  0.0213  0.0211  0.0209  0.0215  0.0206  0.0209  0.0208  0.0205
registration optimization eta report
parameter search radius
    0.8000    0.8000    0.8000    2.7600    2.7600    2.4000
    2.4000    2.4000    2.4000    2.4000    2.4000    2.4000
100000*second partial in parameter space
       93.       69.       46.       18.       14.       17.
       11.       25.        8.       10.        8.        6.
  0.0210  0.0207  0.0208  0.0217  0.0215  0.0214  0.0208  0.0218  0.0207  0.0208  0.0206  0.0206
  0.0207  0.0205  0.0206  0.0211  0.0210  0.0210  0.0205  0.0210  0.0205  0.0204  0.0204  0.0204
  0.0205  0.0204  0.0205  0.0207  0.0206  0.0207  0.0203  0.0205  0.0203  0.0203  0.0202  0.0203
  0.0204  0.0204  0.0204  0.0204  0.0204  0.0204  0.0202  0.0202  0.0202  0.0202  0.0202  0.0202
  0.0205  0.0205  0.0204  0.0204  0.0203  0.0202  0.0203  0.0203  0.0203  0.0203  0.0203  0.0203
  0.0207  0.0207  0.0205  0.0208  0.0206  0.0203  0.0206  0.0207  0.0204  0.0205  0.0205  0.0204
  0.0210  0.0210  0.0206  0.0218  0.0213  0.0211  0.0209  0.0215  0.0206  0.0209  0.0208  0.0205
    1.3367   12.5296   10.6924   -6.0284  -15.9666  -12.1103
   -2.2396    8.5737   -0.3290   15.6454   -9.5622  -17.5186
eta,q 0.97978 14.62292

---------------------------------------------------------------------
imgreg_4dfp /opt/freesurfer/average/711-2C_as_mni_average_305 /opt/freesurfer/average/711-2B_as_mni_average_305_mask talsrcimg_g11 none talsrcimg_to_711-2C_as_mni_average_305_t4 2311
---------------------------------------------------------------------

freesurfer imgreg_4dfp.c
/opt/freesurfer/average/711-2C_as_mni_average_305.4dfp.img
       256       256       256         1
  1.000000  1.000000  1.000000
orientation T byte_order littleendian
Reading image: /opt/freesurfer/average/711-2C_as_mni_average_305.4dfp.img
dimensions:      256       256       256
mmppix:       1.0000   -1.0000   -1.0000
center:     128.0000 -129.0000 -129.0000
/opt/freesurfer/average/711-2B_as_mni_average_305_mask.4dfp.img
       256       256       256         1
  1.000000  1.000000  1.000000
orientation T byte_order littleendian
Reading mask: /opt/freesurfer/average/711-2B_as_mni_average_305_mask.4dfp.img (2306576 pixels)
talsrcimg_g11.4dfp.img
       256       256       256         1
  1.000000  1.000000  1.000000
orientation T byte_order littleendian
Reading image: talsrcimg_g11.4dfp.img
dimensions:      256       256       256
mmppix:       1.0000   -1.0000   -1.0000
center:     128.0000 -129.0000 -129.0000
fimgreg.f
image alignment mode   2311 decimal      907 hex
parameters
    1.3367   12.5296   10.6924   -6.0284  -15.9666  -12.1103
   -2.2396    8.5737   -0.3290   15.6454   -9.5622  -17.5186
eta,q 0.97978 14.62292
niter,ni,del,rscale     5    3    5.0000    0.8000
parameters
    1.3538   12.3966   10.8965   -6.7364  -16.3266  -12.8593
   -2.1833    8.6552   -0.2377   14.8356   -9.7072  -18.0430
eta,q 0.97931 14.55728
  0.0228  0.0217  0.0220  0.0228  0.0228  0.0230  0.0228  0.0246  0.0223  0.0220  0.0217  0.0216
  0.0214  0.0209  0.0210  0.0217  0.0218  0.0221  0.0217  0.0226  0.0215  0.0211  0.0211  0.0209
  0.0205  0.0204  0.0204  0.0208  0.0209  0.0213  0.0210  0.0214  0.0210  0.0208  0.0208  0.0207
  0.0202  0.0202  0.0202  0.0202  0.0204  0.0205  0.0208  0.0208  0.0208  0.0208  0.0207  0.0207
  0.0205  0.0205  0.0203  0.0206  0.0205  0.0203  0.0210  0.0210  0.0210  0.0212  0.0209  0.0210
  0.0213  0.0212  0.0206  0.0225  0.0218  0.0227  0.0216  0.0221  0.0214  0.0220  0.0212  0.0214
  0.0227  0.0224  0.0212  0.0264  0.0246  0.0278  0.0227  0.0246  0.0222  0.0231  0.0218  0.0218
niter,ni,del,rscale     4    3    5.0000    0.7000
parameters
    1.3726   12.5300   10.7125   -6.5587  -16.4374  -13.0833
   -2.3014    8.7545   -0.1965   15.1668   -9.7235  -18.1842
eta,q 0.97930 14.55389
  0.0222  0.0222  0.0212  0.0230  0.0227  0.0226  0.0223  0.0239  0.0220  0.0224  0.0216  0.0215
  0.0214  0.0214  0.0208  0.0221  0.0218  0.0219  0.0214  0.0222  0.0213  0.0214  0.0211  0.0210
  0.0209  0.0209  0.0207  0.0213  0.0211  0.0212  0.0209  0.0212  0.0209  0.0209  0.0208  0.0207
  0.0207  0.0207  0.0207  0.0207  0.0206  0.0206  0.0207  0.0207  0.0207  0.0207  0.0207  0.0207
  0.0208  0.0207  0.0208  0.0205  0.0206  0.0203  0.0209  0.0209  0.0208  0.0208  0.0208  0.0209
  0.0213  0.0211  0.0211  0.0212  0.0215  0.0212  0.0215  0.0218  0.0212  0.0212  0.0211  0.0211
  0.0221  0.0217  0.0215  0.0232  0.0235  0.0244  0.0225  0.0238  0.0219  0.0218  0.0216  0.0215
niter,ni,del,rscale     3    3    5.0000    0.6000
parameters
    1.3855   12.5829   10.6510   -6.2405  -16.3032  -12.8911
   -2.3353    8.7824   -0.2477   15.4839   -9.7068  -17.9806
eta,q 0.97948 14.58109
  0.0219  0.0217  0.0212  0.0227  0.0223  0.0223  0.0218  0.0231  0.0215  0.0218  0.0213  0.0213
  0.0212  0.0212  0.0209  0.0219  0.0216  0.0217  0.0211  0.0218  0.0209  0.0211  0.0209  0.0208
  0.0208  0.0208  0.0207  0.0212  0.0210  0.0211  0.0206  0.0209  0.0206  0.0207  0.0206  0.0206
  0.0207  0.0207  0.0207  0.0207  0.0206  0.0206  0.0205  0.0205  0.0205  0.0205  0.0205  0.0205
  0.0208  0.0208  0.0208  0.0206  0.0206  0.0203  0.0207  0.0207  0.0206  0.0206  0.0206  0.0206
  0.0212  0.0210  0.0210  0.0211  0.0211  0.0207  0.0211  0.0216  0.0210  0.0209  0.0209  0.0208
  0.0218  0.0215  0.0213  0.0224  0.0224  0.0226  0.0219  0.0232  0.0215  0.0214  0.0213  0.0211
niter,ni,del,rscale     2    3    5.0000    0.5000
parameters
    1.3899   12.5518   10.6844   -6.0493  -16.0770  -12.4960
   -2.3223    8.7806   -0.2883   15.6108   -9.7371  -17.7125
eta,q 0.97968 14.60980
  0.0214  0.0211  0.0209  0.0220  0.0218  0.0218  0.0213  0.0223  0.0210  0.0212  0.0209  0.0209
  0.0209  0.0208  0.0207  0.0214  0.0212  0.0214  0.0207  0.0213  0.0206  0.0207  0.0206  0.0206
  0.0206  0.0206  0.0206  0.0209  0.0208  0.0209  0.0204  0.0206  0.0204  0.0204  0.0204  0.0204
  0.0205  0.0205  0.0205  0.0205  0.0205  0.0204  0.0203  0.0203  0.0203  0.0203  0.0203  0.0203
  0.0206  0.0206  0.0206  0.0205  0.0204  0.0202  0.0204  0.0205  0.0204  0.0204  0.0204  0.0204
  0.0209  0.0208  0.0207  0.0209  0.0208  0.0204  0.0207  0.0212  0.0207  0.0206  0.0206  0.0205
  0.0214  0.0212  0.0209  0.0219  0.0216  0.0216  0.0213  0.0224  0.0211  0.0211  0.0210  0.0207
niter,ni,del,rscale     1    3    5.0000    0.4000
parameters
    1.3851   12.4820   10.7621   -5.9774  -15.8792  -12.1288
   -2.3134    8.7913   -0.2872   15.5853   -9.8095  -17.5172
eta,q 0.97981 14.62946
  0.0209  0.0207  0.0207  0.0213  0.0212  0.0214  0.0208  0.0216  0.0207  0.0208  0.0206  0.0206
  0.0206  0.0205  0.0205  0.0209  0.0208  0.0210  0.0205  0.0209  0.0204  0.0204  0.0204  0.0204
  0.0204  0.0204  0.0204  0.0205  0.0205  0.0206  0.0203  0.0204  0.0202  0.0202  0.0202  0.0202
  0.0203  0.0203  0.0203  0.0203  0.0203  0.0203  0.0202  0.0202  0.0202  0.0202  0.0202  0.0202
  0.0204  0.0204  0.0203  0.0203  0.0203  0.0201  0.0203  0.0203  0.0202  0.0203  0.0203  0.0202
  0.0206  0.0206  0.0204  0.0207  0.0205  0.0203  0.0205  0.0208  0.0204  0.0205  0.0204  0.0203
  0.0209  0.0209  0.0205  0.0214  0.0211  0.0211  0.0208  0.0216  0.0207  0.0208  0.0207  0.0205
registration optimization eta report
parameter search radius
    0.8000    0.8000    0.8000    2.4000    2.4000    2.4000
    2.4000    2.4000    2.4000    2.4000    2.4000    2.4000
100000*second partial in parameter space
       94.       70.       45.       18.       14.       17.
       11.       25.        8.       10.        8.        6.
  0.0209  0.0207  0.0207  0.0213  0.0212  0.0214  0.0208  0.0216  0.0207  0.0208  0.0206  0.0206
  0.0206  0.0205  0.0205  0.0209  0.0208  0.0210  0.0205  0.0209  0.0204  0.0204  0.0204  0.0204
  0.0204  0.0204  0.0204  0.0205  0.0205  0.0206  0.0203  0.0204  0.0202  0.0202  0.0202  0.0202
  0.0203  0.0203  0.0203  0.0203  0.0203  0.0203  0.0202  0.0202  0.0202  0.0202  0.0202  0.0202
  0.0204  0.0204  0.0203  0.0203  0.0203  0.0201  0.0203  0.0203  0.0202  0.0203  0.0203  0.0202
  0.0206  0.0206  0.0204  0.0207  0.0205  0.0203  0.0205  0.0208  0.0204  0.0205  0.0204  0.0203
  0.0209  0.0209  0.0205  0.0214  0.0211  0.0211  0.0208  0.0216  0.0207  0.0208  0.0207  0.0205
    1.3851   12.4820   10.7621   -5.9774  -15.8792  -12.1288
   -2.3134    8.7913   -0.2872   15.5853   -9.8095  -17.5172
eta,q 0.97981 14.62946

---------------------------------------------------------------------
compute_vox2vox talsrcimg talsrcimg_to_711-2C_as_mni_average_305_t4 /opt/freesurfer/average/711-2C_as_mni_average_305
---------------------------------------------------------------------

freesurfer compute_vox2vox.c
Reading: talsrcimg.4dfp.ifh
Reading: talsrcimg_to_711-2C_as_mni_average_305_t4
Reading: /opt/freesurfer/average/711-2C_as_mni_average_305.4dfp.ifh
Writing: talsrcimg_to_711-2C_as_mni_average_305_t4_vox2vox.txt

start time Mon Mar 9 07:14:50 CET 2026
end		time Mon Mar 9 07:16:24 CET 2026

mpr2mni305 success

avi2talxfm orig_nu.mgz /opt/freesurfer/average/mni305.cor.mgz talsrcimg_to_711-2C_as_mni_average_305_t4_vox2vox.txt transforms/talairach.auto.xfm
avi2talxfm done
mv -f /out/sourcedata/freesurfer/sub-v1s18x0051274_ses-1/mri/talsrcimg_to_711-2C_as_mni_average_305_t4_vox2vox.txt /out/sourcedata/freesurfer/sub-v1s18x0051274_ses-1/mri/transforms/talsrcimg_to_711-2C_as_mni_average_305_t4_vox2vox.txt
lta_convert --src orig_nu.mgz --trg /opt/freesurfer/average/mni305.cor.mgz --inxfm transforms/talairach.auto.xfm --outlta transforms/talairach.auto.xfm.lta --subject fsaverage
7.3.2

--src: orig_nu.mgz src image (geometry).
--trg: /opt/freesurfer/average/mni305.cor.mgz trg image (geometry).
--inmni: transforms/talairach.auto.xfm input MNI/XFM transform.
--outlta: transforms/talairach.auto.xfm.lta output LTA.
--s: fsaverage subject name
 LTA read, type : 1
 1.05248  -0.10650   0.00677  -0.59059;
 0.11400   1.08596   0.22927  -17.99998;
-0.01753  -0.20156   1.14631  -2.80508;
 0.00000   0.00000   0.00000   1.00000;
setting subject to fsaverage
Writing  LTA to file transforms/talairach.auto.xfm.lta...
lta_convert successful.
 
 
Started at Mon Mar 9 07:14:50 CET 2026
Ended   at Mon Mar  9 07:16:24 CET 2026
talairach_avi done
