/out/sourcedata/freesurfer/sub-v1s18x0051223_ses-1/mri
/opt/freesurfer/bin/talairach_avi
--i orig_nu.mgz --xfm transforms/talairach.auto.xfm
talairach_avi 7.3.2
Linux dna063 5.14.0-427.37.1.el9_4.x86_64 #1 SMP PREEMPT_DYNAMIC Fri Sep 13 12:41:50 EDT 2024 x86_64 x86_64 x86_64 GNU/Linux
Mon Mar  9 04:25:11 CET 2026
mri_convert orig_nu.mgz talsrcimg.img 
reading from orig_nu.mgz...
TR=0.00, TE=0.00, TI=0.00, flip angle=0.00
i_ras = (-1, 5.67525e-10, 0)
j_ras = (-7.45058e-09, 2.32831e-10, -1)
k_ras = (-8.06176e-09, 1, -2.32831e-10)
writing to talsrcimg.img...
Analyze Output Matrix
-1.00000  -0.00000  -0.00000   133.95345;
 0.00000   0.00000   1.00000  -127.43942;
 0.00000  -1.00000  -0.00000   129.35385;
 0.00000   0.00000   0.00000   1.00000;
--------------------
INFO: set hdr.hist.orient to -1
mpr2mni305 talsrcimg
Mon Mar  9 04:25:12 CET 2026
/opt/freesurfer/bin/mpr2mni305 talsrcimg
mpr2mni305 7.3.2
target=711-2C_as_mni_average_305

---------------------------------------------------------------------
analyzeto4dfp talsrcimg -O0 -y
---------------------------------------------------------------------

freesurfer ifh2hdr.c
Mon Mar  9 04:25:12 2026
Writing: talsrcimg.4dfp.hdr
freesurfer analyzeto4dfp.c
Reading: talsrcimg.hdr
header size 348 bytes
hdr.dime.datatype	offset=70	value=2
hdr.dime.bitpix		offset=72	value=8
hdr.hist.orient		offset=252	value=-1
dimensionality     4
dimensions       256       256       256         1
Reading: talsrcimg.img
Writing: talsrcimg.4dfp.img
Writing: talsrcimg.4dfp.ifh
ifh2hdr talsrcimg -r0to185
ori=2

---------------------------------------------------------------------
gauss_4dfp talsrcimg 1.1
---------------------------------------------------------------------

freesurfer gauss_4dfp.c
Reading: talsrcimg.4dfp.img
Writing: talsrcimg_g11.4dfp.img
image dimensions 256 256 256 padded to 288 288 288
processing volume 1freesurfer ifh2hdr.c
Mon Mar  9 04:25:14 2026
Writing: talsrcimg_g11.4dfp.hdr

Writing: talsrcimg_g11.4dfp.ifh
including: talsrcimg.4dfp.img.rec in talsrcimg_g11.4dfp.img.rec

---------------------------------------------------------------------
imgreg_4dfp /opt/freesurfer/average/711-2C_as_mni_average_305 none talsrcimg_g11 none talsrcimg_to_711-2C_as_mni_average_305_t4 4355
---------------------------------------------------------------------

freesurfer imgreg_4dfp.c
/opt/freesurfer/average/711-2C_as_mni_average_305.4dfp.img
       256       256       256         1
  1.000000  1.000000  1.000000
orientation T byte_order littleendian
Reading image: /opt/freesurfer/average/711-2C_as_mni_average_305.4dfp.img
dimensions:      256       256       256
mmppix:       1.0000   -1.0000   -1.0000
center:     128.0000 -129.0000 -129.0000
talsrcimg_g11.4dfp.img
       256       256       256         1
  1.000000  1.000000  1.000000
orientation T byte_order littleendian
Reading image: talsrcimg_g11.4dfp.img
dimensions:      256       256       256
mmppix:       1.0000   -1.0000   -1.0000
center:     128.0000 -129.0000 -129.0000
t4_read: open error in t4_sub.f l:  41 t4_file(1:l)talsrcimg_to_711-2C_as_mni_average_305_t4 
t4_read: transform initialized to I4
rotation matrix determinant  1.000000
image alignment mode   4355 decimal     1103 hex
   -7.5000  -45.0000  -45.0000 6864.5845   24.1863
    0.0000  -45.0000  -45.0000 7146.8140   24.1350
    7.5000  -45.0000  -45.0000 6787.2290   24.0831
   -7.5000  -37.5000  -45.0000 7432.2686   23.9988
    0.0000  -37.5000  -45.0000 7752.4180   23.9562
    7.5000  -37.5000  -45.0000 7340.8403   23.9094
   -7.5000  -30.0000  -45.0000 8330.0986   23.9439
    0.0000  -30.0000  -45.0000 8667.6094   23.9124
    7.5000  -30.0000  -45.0000 8208.3760   23.8672
   -7.5000  -22.5000  -45.0000 9211.7842   23.9728
    0.0000  -22.5000  -45.0000 9568.5537   23.9432
    7.5000  -22.5000  -45.0000 9041.5205   23.8924
   -7.5000  -15.0000  -45.0000 9960.7051   24.0003
    0.0000  -15.0000  -45.000010311.7197   23.9641
    7.5000  -15.0000  -45.0000 9751.1133   23.9052
   -7.5000   -7.5000  -45.000010657.4688   23.9806
    0.0000   -7.5000  -45.000011049.8223   23.9341
    7.5000   -7.5000  -45.000010431.4473   23.8768
   -7.5000    0.0000  -45.000011329.3838   23.9371
    0.0000    0.0000  -45.000011752.8643   23.8861
    7.5000    0.0000  -45.000011094.2354   23.8354
   -7.5000    7.5000  -45.000011123.7949   23.9144
    0.0000    7.5000  -45.000011580.9121   23.8717
    7.5000    7.5000  -45.000010939.2480   23.8254
   -7.5000   15.0000  -45.000010806.1162   23.9305
    0.0000   15.0000  -45.000011244.7441   23.8988
    7.5000   15.0000  -45.000010639.5596   23.8539
   -7.5000   22.5000  -45.000010329.2236   23.9695
    0.0000   22.5000  -45.000010726.5693   23.9399
    7.5000   22.5000  -45.000010167.9570   23.8891
   -7.5000   30.0000  -45.0000 9699.8281   23.6804
    0.0000   30.0000  -45.000010051.0947   23.6448
    7.5000   30.0000  -45.0000 9542.3037   23.5866
   -7.5000   37.5000  -45.0000 9264.8682   23.6611
    0.0000   37.5000  -45.0000 9570.7607   23.6152
    7.5000   37.5000  -45.0000 9091.7344   23.5586
   -7.5000   45.0000  -45.0000 8527.1035   23.0184
    0.0000   45.0000  -45.0000 8814.7686   22.9694
    7.5000   45.0000  -45.0000 8352.0244   22.9206
   -7.5000  -45.0000  -37.5000 7323.7651   23.9500
    0.0000  -45.0000  -37.5000 7597.4248   23.9019
    7.5000  -45.0000  -37.5000 7207.7271   23.8560
   -7.5000  -37.5000  -37.5000 7943.8975   23.7575
    0.0000  -37.5000  -37.5000 8250.5879   23.7168
    7.5000  -37.5000  -37.5000 7817.8115   23.6805
   -7.5000  -30.0000  -37.5000 8885.8604   23.6812
    0.0000  -30.0000  -37.5000 9218.7822   23.6514
    7.5000  -30.0000  -37.5000 8764.2197   23.6202
   -7.5000  -22.5000  -37.5000 9816.8477   23.6951
    0.0000  -22.5000  -37.500010178.3887   23.6681
    7.5000  -22.5000  -37.5000 9655.4033   23.6303
   -7.5000  -15.0000  -37.500010594.3770   23.7294
    0.0000  -15.0000  -37.500010988.1426   23.6968
    7.5000  -15.0000  -37.500010391.2305   23.6470
   -7.5000   -7.5000  -37.500011314.0312   23.7331
    0.0000   -7.5000  -37.500011741.8525   23.6905
    7.5000   -7.5000  -37.500011074.0381   23.6387
   -7.5000    0.0000  -37.500011960.0986   23.7051
    0.0000    0.0000  -37.500012418.3271   23.6573
    7.5000    0.0000  -37.500011712.4336   23.6125
   -7.5000    7.5000  -37.500011737.0684   23.6744
    0.0000    7.5000  -37.500012209.5391   23.6337
    7.5000    7.5000  -37.500011517.6064   23.5978
   -7.5000   15.0000  -37.500011439.2168   23.6681
    0.0000   15.0000  -37.500011871.6064   23.6380
    7.5000   15.0000  -37.500011193.6084   23.6073
   -7.5000   22.5000  -37.500010960.6055   23.6918
    0.0000   22.5000  -37.500011329.3584   23.6649
    7.5000   22.5000  -37.500010683.5938   23.6270
   -7.5000   30.0000  -37.500010260.7412   23.4131
    0.0000   30.0000  -37.500010616.1680   23.3810
    7.5000   30.0000  -37.500010037.4307   23.3319
   -7.5000   37.5000  -37.5000 9795.7275   23.4168
    0.0000   37.5000  -37.500010091.7402   23.3748
    7.5000   37.5000  -37.5000 9551.5068   23.3237
   -7.5000   45.0000  -37.5000 8987.6660   22.7953
    0.0000   45.0000  -37.5000 9261.7461   22.7493
    7.5000   45.0000  -37.5000 8756.1895   22.7062
   -7.5000  -45.0000  -30.0000 7920.2505   24.9996
    0.0000  -45.0000  -30.0000 8222.7100   24.9792
    7.5000  -45.0000  -30.0000 7827.7515   24.9618
   -7.5000  -37.5000  -30.0000 8607.0908   24.8001
    0.0000  -37.5000  -30.0000 8916.2344   24.7819
    7.5000  -37.5000  -30.0000 8474.2734   24.7756
   -7.5000  -30.0000  -30.0000 9618.2422   24.7117
    0.0000  -30.0000  -30.0000 9968.7168   24.6961
    7.5000  -30.0000  -30.0000 9462.8281   24.6893
   -7.5000  -22.5000  -30.000010593.4355   24.7130
    0.0000  -22.5000  -30.000010973.1934   24.6975
    7.5000  -22.5000  -30.000010397.7852   24.6767
   -7.5000  -15.0000  -30.000011450.0371   24.7442
    0.0000  -15.0000  -30.000011860.8076   24.7278
    7.5000  -15.0000  -30.000011201.7021   24.6932
   -7.5000   -7.5000  -30.000012252.8320   24.7593
    0.0000   -7.5000  -30.000012698.2578   24.7403
    7.5000   -7.5000  -30.000011964.2314   24.7092
   -7.5000    0.0000  -30.000012930.9795   24.7428
    0.0000    0.0000  -30.000013404.7773   24.7220
    7.5000    0.0000  -30.000012634.5850   24.7051
   -7.5000    7.5000  -30.000012655.7617   24.7127
    0.0000    7.5000  -30.000013126.8389   24.6942
    7.5000    7.5000  -30.000012372.1963   24.6882
   -7.5000   15.0000  -30.000012307.0723   24.6980
    0.0000   15.0000  -30.000012736.1611   24.6822
    7.5000   15.0000  -30.000012000.5811   24.6757
   -7.5000   22.5000  -30.000011795.2832   24.7070
    0.0000   22.5000  -30.000012191.1045   24.6916
    7.5000   22.5000  -30.000011468.7236   24.6708
   -7.5000   30.0000  -30.000011026.0771   24.4168
    0.0000   30.0000  -30.000011411.5049   24.4006
    7.5000   30.0000  -30.000010747.0488   24.3664
   -7.5000   37.5000  -30.000010493.3389   24.4317
    0.0000   37.5000  -30.000010829.6006   24.4129
    7.5000   37.5000  -30.000010224.2451   24.3822
   -7.5000   45.0000  -30.0000 9618.2490   23.8106
    0.0000   45.0000  -30.0000 9929.8496   23.7906
    7.5000   45.0000  -30.0000 9376.4121   23.7744
   -7.5000  -45.0000  -22.5000 8544.5781   25.9119
    0.0000  -45.0000  -22.5000 8869.3164   25.9221
    7.5000  -45.0000  -22.5000 8446.3877   25.9304
   -7.5000  -37.5000  -22.5000 9267.7881   25.7154
    0.0000  -37.5000  -22.5000 9616.7959   25.7232
    7.5000  -37.5000  -22.5000 9143.6182   25.7389
   -7.5000  -30.0000  -22.500010357.1582   25.6390
    0.0000  -30.0000  -22.500010757.0723   25.6406
    7.5000  -30.0000  -22.500010212.9951   25.6457
   -7.5000  -22.5000  -22.500011393.6387   25.6431
    0.0000  -22.5000  -22.500011815.0049   25.6408
    7.5000  -22.5000  -22.500011214.8477   25.6260
   -7.5000  -15.0000  -22.500012309.8672   25.6627
    0.0000  -15.0000  -22.500012779.0283   25.6636
    7.5000  -15.0000  -22.500012083.6445   25.6379
   -7.5000   -7.5000  -22.500013200.0293   25.6642
    0.0000   -7.5000  -22.500013703.2871   25.6707
    7.5000   -7.5000  -22.500012883.9717   25.6578
   -7.5000    0.0000  -22.500013946.7334   25.6440
    0.0000    0.0000  -22.500014466.5361   25.6533
    7.5000    0.0000  -22.500013585.5303   25.6616
   -7.5000    7.5000  -22.500013638.2705   25.6241
    0.0000    7.5000  -22.500014134.3857   25.6314
    7.5000    7.5000  -22.500013288.8496   25.6472
   -7.5000   15.0000  -22.500013224.5479   25.6247
    0.0000   15.0000  -22.500013693.6104   25.6259
    7.5000   15.0000  -22.500012847.3232   25.6314
   -7.5000   22.5000  -22.500012601.4707   25.6352
    0.0000   22.5000  -22.500013096.4668   25.6328
    7.5000   22.5000  -22.500012287.1992   25.6181
   -7.5000   30.0000  -22.500011771.0303   25.3270
    0.0000   30.0000  -22.500012246.0068   25.3279
    7.5000   30.0000  -22.500011512.4033   25.3025
   -7.5000   37.5000  -22.500011217.2090   25.3285
    0.0000   37.5000  -22.500011655.0479   25.3349
    7.5000   37.5000  -22.500010976.3379   25.3222
   -7.5000   45.0000  -22.500010272.3301   24.6964
    0.0000   45.0000  -22.500010667.2578   24.7053
    7.5000   45.0000  -22.500010052.9053   24.7134
   -7.5000  -45.0000  -15.0000 9151.9424   26.5485
    0.0000  -45.0000  -15.0000 9522.1533   26.5612
    7.5000  -45.0000  -15.0000 9038.5176   26.5656
   -7.5000  -37.5000  -15.0000 9917.4688   26.3559
    0.0000  -37.5000  -15.000010337.7705   26.3660
    7.5000  -37.5000  -15.0000 9808.3818   26.3722
   -7.5000  -30.0000  -15.000011071.7236   26.3000
    0.0000  -30.0000  -15.000011540.7646   26.3028
    7.5000  -30.0000  -15.000010948.2061   26.2931
   -7.5000  -22.5000  -15.000012198.6016   26.3183
    0.0000  -22.5000  -15.000012698.9697   26.3163
    7.5000  -22.5000  -15.000012044.3965   26.2876
   -7.5000  -15.0000  -15.000013200.4268   26.3301
    0.0000  -15.0000  -15.000013744.1201   26.3316
    7.5000  -15.0000  -15.000012975.4336   26.2976
   -7.5000   -7.5000  -15.000014129.3086   26.3086
    0.0000   -7.5000  -15.000014698.3516   26.3165
    7.5000   -7.5000  -15.000013830.0420   26.2999
   -7.5000    0.0000  -15.000014886.7031   26.2736
    0.0000    0.0000  -15.000015521.1963   26.2852
    7.5000    0.0000  -15.000014568.0430   26.2897
   -7.5000    7.5000  -15.000014637.5195   26.2622
    0.0000    7.5000  -15.000015215.2480   26.2719
    7.5000    7.5000  -15.000014257.6182   26.2782
   -7.5000   15.0000  -15.000014165.6484   26.2851
    0.0000   15.0000  -15.000014722.6650   26.2877
    7.5000   15.0000  -15.000013769.0459   26.2784
   -7.5000   22.5000  -15.000013481.7871   26.3089
    0.0000   22.5000  -15.000014038.1572   26.3070
    7.5000   22.5000  -15.000013165.8975   26.2783
   -7.5000   30.0000  -15.000012552.1729   25.9894
    0.0000   30.0000  -15.000013113.7793   25.9908
    7.5000   30.0000  -15.000012326.5234   25.9572
   -7.5000   37.5000  -15.000011957.9629   25.9681
    0.0000   37.5000  -15.000012500.2129   25.9759
    7.5000   37.5000  -15.000011742.7627   25.9596
   -7.5000   45.0000  -15.000010978.7432   25.3181
    0.0000   45.0000  -15.000011458.3936   25.3293
    7.5000   45.0000  -15.000010748.2324   25.3336
   -7.5000  -45.0000   -7.5000 9812.5127   26.8094
    0.0000  -45.0000   -7.500010217.8555   26.7872
    7.5000  -45.0000   -7.5000 9707.9150   26.7568
   -7.5000  -37.5000   -7.500010604.8047   26.6118
    0.0000  -37.5000   -7.500011060.4307   26.5930
    7.5000  -37.5000   -7.500010507.8965   26.5637
   -7.5000  -30.0000   -7.500011851.3760   26.5617
    0.0000  -30.0000   -7.500012337.7148   26.5448
    7.5000  -30.0000   -7.500011715.3799   26.5057
   -7.5000  -22.5000   -7.500013113.7100   26.5927
    0.0000  -22.5000   -7.500013649.4160   26.5737
    7.5000  -22.5000   -7.500012899.1152   26.5222
   -7.5000  -15.0000   -7.500014250.3340   26.6110
    0.0000  -15.0000   -7.500014820.1494   26.5900
    7.5000  -15.0000   -7.500013940.0557   26.5341
   -7.5000   -7.5000   -7.500015200.9277   26.5805
    0.0000   -7.5000   -7.500015844.5732   26.5577
    7.5000   -7.5000   -7.500014864.8281   26.5139
   -7.5000    0.0000   -7.500015962.3066   26.5332
    0.0000    0.0000   -7.500016675.4980   26.5106
    7.5000    0.0000   -7.500015636.5723   26.4810
   -7.5000    7.5000   -7.500015713.0664   26.5180
    0.0000    7.5000   -7.500016399.1387   26.4989
    7.5000    7.5000   -7.500015359.5771   26.4700
   -7.5000   15.0000   -7.500015162.8457   26.5468
    0.0000   15.0000   -7.500015811.5156   26.5297
    7.5000   15.0000   -7.500014793.8066   26.4909
   -7.5000   22.5000   -7.500014442.1504   26.5803
    0.0000   22.5000   -7.500015032.4238   26.5613
    7.5000   22.5000   -7.500014087.1172   26.5100
   -7.5000   30.0000   -7.500013466.0381   26.2659
    0.0000   30.0000   -7.500014052.1582   26.2452
    7.5000   30.0000   -7.500013172.5361   26.1900
   -7.5000   37.5000   -7.500012837.8906   26.2358
    0.0000   37.5000   -7.500013428.9541   26.2133
    7.5000   37.5000   -7.500012577.1045   26.1700
   -7.5000   45.0000   -7.500011789.5889   25.5730
    0.0000   45.0000   -7.500012317.7861   25.5513
    7.5000   45.0000   -7.500011525.4248   25.5227
   -7.5000  -45.0000    0.000010422.0420   26.8043
    0.0000  -45.0000    0.000010805.3770   26.7481
    7.5000  -45.0000    0.000010268.2812   26.6888
   -7.5000  -37.5000    0.000011199.5332   26.5965
    0.0000  -37.5000    0.000011651.8809   26.5494
    7.5000  -37.5000    0.000011072.1611   26.4963
   -7.5000  -30.0000    0.000012517.8398   26.5332
    0.0000  -30.0000    0.000013019.6084   26.4982
    7.5000  -30.0000    0.000012358.8203   26.4469
   -7.5000  -22.5000    0.000013967.1230   26.5639
    0.0000  -22.5000    0.000014492.7920   26.5309
    7.5000  -22.5000    0.000013685.1562   26.4731
   -7.5000  -15.0000    0.000015335.4307   26.5954
    0.0000  -15.0000    0.000015972.2949   26.5553
    7.5000  -15.0000    0.000014922.7041   26.4884
   -7.5000   -7.5000    0.000016302.5752   26.5764
    0.0000   -7.5000    0.000017057.2480   26.5252
    7.5000   -7.5000    0.000015945.5312   26.4600
   -7.5000    0.0000    0.000016992.7031   26.5299
    0.0000    0.0000    0.000017797.8398   26.4740
    7.5000    0.0000    0.000016745.8477   26.4161
   -7.5000    7.5000    0.000016648.9961   26.5035
    0.0000    7.5000    0.000017437.3301   26.4564
    7.5000    7.5000    0.000016359.3027   26.4038
   -7.5000   15.0000    0.000016066.4131   26.5184
    0.0000   15.0000    0.000016779.9395   26.4832
    7.5000   15.0000    0.000015716.1523   26.4323
   -7.5000   22.5000    0.000015286.4307   26.5516
    0.0000   22.5000    0.000015943.5498   26.5186
    7.5000   22.5000    0.000014908.2793   26.4609
   -7.5000   30.0000    0.000014260.0781   26.2512
    0.0000   30.0000    0.000014866.7490   26.2116
    7.5000   30.0000    0.000013894.3125   26.1456
   -7.5000   37.5000    0.000013649.6943   26.2324
    0.0000   37.5000    0.000014250.8037   26.1819
    7.5000   37.5000    0.000013292.3750   26.1175
   -7.5000   45.0000    0.000012481.0010   25.5718
    0.0000   45.0000    0.000013050.7607   25.5179
    7.5000   45.0000    0.000012177.0391   25.4621
   -7.5000  -45.0000    7.500010184.3115   26.8003
    0.0000  -45.0000    7.500010555.0273   26.7466
    7.5000  -45.0000    7.500010040.9072   26.6952
   -7.5000  -37.5000    7.500010928.7109   26.5850
    0.0000  -37.5000    7.500011382.5898   26.5394
    7.5000  -37.5000    7.500010810.1465   26.4987
   -7.5000  -30.0000    7.500012207.4756   26.4996
    0.0000  -30.0000    7.500012731.6797   26.4662
    7.5000  -30.0000    7.500012074.5977   26.4313
   -7.5000  -22.5000    7.500013777.9863   26.5151
    0.0000  -22.5000    7.500014374.2539   26.4850
    7.5000  -22.5000    7.500013490.7383   26.4426
   -7.5000  -15.0000    7.500015306.9443   26.5535
    0.0000  -15.0000    7.500016039.9736   26.5171
    7.5000  -15.0000    7.500014854.3145   26.4613
   -7.5000   -7.5000    7.500016228.1533   26.5577
    0.0000   -7.5000    7.500016983.5430   26.5100
    7.5000   -7.5000    7.500015897.4414   26.4520
   -7.5000    0.0000    7.500016711.2930   26.5264
    0.0000    0.0000    7.500017417.3066   26.4728
    7.5000    0.0000    7.500016547.1465   26.4227
   -7.5000    7.5000    7.500016271.1973   26.4920
    0.0000    7.5000    7.500016963.5254   26.4464
    7.5000    7.5000    7.500016075.4844   26.4062
   -7.5000   15.0000    7.500015705.4443   26.4849
    0.0000   15.0000    7.500016379.8799   26.4513
    7.5000   15.0000    7.500015433.7529   26.4168
   -7.5000   22.5000    7.500014958.6660   26.5029
    0.0000   22.5000    7.500015588.5527   26.4727
    7.5000   22.5000    7.500014615.9844   26.4304
   -7.5000   30.0000    7.500013956.7607   26.2099
    0.0000   30.0000    7.500014531.5459   26.1739
    7.5000   30.0000    7.500013592.7090   26.1189
   -7.5000   37.5000    7.500013378.6230   26.2140
    0.0000   37.5000    7.500013965.8164   26.1669
    7.5000   37.5000    7.500013017.2861   26.1097
   -7.5000   45.0000    7.500012267.0195   25.5684
    0.0000   45.0000    7.500012807.8672   25.5167
    7.5000   45.0000    7.500011955.0732   25.4684
   -7.5000  -45.0000   15.0000 9797.7119   26.8455
    0.0000  -45.0000   15.000010186.9131   26.8236
    7.5000  -45.0000   15.0000 9678.8867   26.8049
   -7.5000  -37.5000   15.000010486.0586   26.6312
    0.0000  -37.5000   15.000010943.7510   26.6117
    7.5000  -37.5000   15.000010424.6436   26.6050
   -7.5000  -30.0000   15.000011647.3691   26.5363
    0.0000  -30.0000   15.000012191.8350   26.5196
    7.5000  -30.0000   15.000011640.8320   26.5123
   -7.5000  -22.5000   15.000013133.2070   26.5377
    0.0000  -22.5000   15.000013782.5068   26.5211
    7.5000  -22.5000   15.000012978.8418   26.4987
   -7.5000  -15.0000   15.000014643.8867   26.5712
    0.0000  -15.0000   15.000015350.4355   26.5536
    7.5000  -15.0000   15.000014290.3525   26.5164
   -7.5000   -7.5000   15.000015516.8359   26.5874
    0.0000   -7.5000   15.000016123.6201   26.5670
    7.5000   -7.5000   15.000015282.0596   26.5336
   -7.5000    0.0000   15.000016036.6465   26.5696
    0.0000    0.0000   15.000016588.1797   26.5473
    7.5000    0.0000   15.000015974.0586   26.5293
   -7.5000    7.5000   15.000015659.7656   26.5374
    0.0000    7.5000   15.000016238.3701   26.5176
    7.5000    7.5000   15.000015569.1113   26.5111
   -7.5000   15.0000   15.000015201.3975   26.5215
    0.0000   15.0000   15.000015734.0459   26.5046
    7.5000   15.0000   15.000014925.9521   26.4977
   -7.5000   22.5000   15.000014485.5107   26.5255
    0.0000   22.5000   15.000014976.1445   26.5088
    7.5000   22.5000   15.000014115.6260   26.4865
   -7.5000   30.0000   15.000013492.1289   26.2274
    0.0000   30.0000   15.000013935.8975   26.2100
    7.5000   30.0000   15.000013077.0537   26.1732
   -7.5000   37.5000   15.000012928.4141   26.2433
    0.0000   37.5000   15.000013439.7305   26.2231
    7.5000   37.5000   15.000012539.8877   26.1902
   -7.5000   45.0000   15.000011852.0117   25.6101
    0.0000   45.0000   15.000012359.5420   25.5886
    7.5000   45.0000   15.000011508.5811   25.5712
   -7.5000  -45.0000   22.5000 9314.1357   26.8986
    0.0000  -45.0000   22.5000 9741.5635   26.9093
    7.5000  -45.0000   22.5000 9250.2051   26.9179
   -7.5000  -37.5000   22.5000 9942.0654   26.6947
    0.0000  -37.5000   22.500010449.5322   26.7028
    7.5000  -37.5000   22.5000 9973.6689   26.7190
   -7.5000  -30.0000   22.500011020.2988   26.6154
    0.0000  -30.0000   22.500011665.8604   26.6169
    7.5000  -30.0000   22.500011110.1250   26.6223
   -7.5000  -22.5000   22.500012342.7939   26.6196
    0.0000  -22.5000   22.500013104.0488   26.6172
    7.5000  -22.5000   22.500012332.3271   26.6018
   -7.5000  -15.0000   22.500013759.6240   26.6399
    0.0000  -15.0000   22.500014427.2666   26.6408
    7.5000  -15.0000   22.500013447.9727   26.6142
   -7.5000   -7.5000   22.500014905.5049   26.6415
    0.0000   -7.5000   22.500015294.3760   26.6483
    7.5000   -7.5000   22.500014384.6016   26.6348
   -7.5000    0.0000   22.500015756.2119   26.6205
    0.0000    0.0000   22.500016089.2305   26.6301
    7.5000    0.0000   22.500015188.8711   26.6388
   -7.5000    7.5000   22.500015414.8457   26.5998
    0.0000    7.5000   22.500015825.4961   26.6075
    7.5000    7.5000   22.500014920.9824   26.6239
   -7.5000   15.0000   22.500014742.6289   26.6004
    0.0000   15.0000   22.500015165.7334   26.6017
    7.5000   15.0000   22.500014291.7041   26.6075
   -7.5000   22.5000   22.500013856.6270   26.6073
    0.0000   22.5000   22.500014301.2666   26.6049
    7.5000   22.5000   22.500013460.9189   26.5895
   -7.5000   30.0000   22.500012835.5654   26.2951
    0.0000   30.0000   22.500013264.4658   26.2960
    7.5000   30.0000   22.500012480.7500   26.2697
   -7.5000   37.5000   22.500012330.3438   26.2967
    0.0000   37.5000   22.500012767.0752   26.3034
    7.5000   37.5000   22.500011975.3486   26.2901
   -7.5000   45.0000   22.500011319.6270   25.6591
    0.0000   45.0000   22.500011746.8447   25.6684
    7.5000   45.0000   22.500011009.8047   25.6767
   -7.5000  -45.0000   30.0000 8697.8623   26.9565
    0.0000  -45.0000   30.0000 9123.9561   26.9692
    7.5000  -45.0000   30.0000 8634.3633   26.9736
   -7.5000  -37.5000   30.0000 9374.1396   26.7605
    0.0000  -37.5000   30.0000 9817.5010   26.7707
    7.5000  -37.5000   30.0000 9302.3838   26.7768
   -7.5000  -30.0000   30.000010481.9355   26.7036
    0.0000  -30.0000   30.000010973.4434   26.7063
    7.5000  -30.0000   30.000010397.8027   26.6964
   -7.5000  -22.5000   30.000011724.8350   26.7221
    0.0000  -22.5000   30.000012244.4414   26.7200
    7.5000  -22.5000   30.000011550.3643   26.6907
   -7.5000  -15.0000   30.000012910.0996   26.7342
    0.0000  -15.0000   30.000013296.5938   26.7356
    7.5000  -15.0000   30.000012523.1455   26.7009
   -7.5000   -7.5000   30.000013895.9023   26.7124
    0.0000   -7.5000   30.000014139.0000   26.7203
    7.5000   -7.5000   30.000013362.5078   26.7034
   -7.5000    0.0000   30.000014755.9023   26.6769
    0.0000    0.0000   30.000015028.0186   26.6886
    7.5000    0.0000   30.000014191.5732   26.6930
   -7.5000    7.5000   30.000014520.4150   26.6652
    0.0000    7.5000   30.000014847.1992   26.6750
    7.5000    7.5000   30.000013997.3975   26.6813
   -7.5000   15.0000   30.000013942.9805   26.6885
    0.0000   15.0000   30.000014286.6279   26.6909
    7.5000   15.0000   30.000013486.3955   26.6814
   -7.5000   22.5000   30.000013093.2881   26.7098
    0.0000   22.5000   30.000013467.2188   26.7076
    7.5000   22.5000   30.000012721.2852   26.6784
   -7.5000   30.0000   30.000012090.8701   26.3882
    0.0000   30.0000   30.000012502.5771   26.3896
    7.5000   30.0000   30.000011791.5537   26.3554
   -7.5000   37.5000   30.000011567.0137   26.3667
    0.0000   37.5000   30.000012015.2939   26.3745
    7.5000   37.5000   30.000011304.5889   26.3578
   -7.5000   45.0000   30.000010576.4277   25.7135
    0.0000   45.0000   30.000011014.3057   25.7247
    7.5000   45.0000   30.000010364.5801   25.7290
   -7.5000  -45.0000   37.5000 8401.9385   27.1170
    0.0000  -45.0000   37.5000 8776.6094   27.0945
    7.5000  -45.0000   37.5000 8312.1270   27.0641
   -7.5000  -37.5000   37.5000 9062.4541   26.9153
    0.0000  -37.5000   37.5000 9500.4238   26.8963
    7.5000  -37.5000   37.5000 8988.6875   26.8669
   -7.5000  -30.0000   37.500010095.2461   26.8642
    0.0000  -30.0000   37.500010593.8242   26.8471
    7.5000  -30.0000   37.500010033.5547   26.8078
   -7.5000  -22.5000   37.500011175.7949   26.8958
    0.0000  -22.5000   37.500011702.1396   26.8765
    7.5000  -22.5000   37.500011102.1182   26.8247
   -7.5000  -15.0000   37.500012132.6445   26.9145
    0.0000  -15.0000   37.500012622.4443   26.8931
    7.5000  -15.0000   37.500012000.0098   26.8368
   -7.5000   -7.5000   37.500012968.1543   26.8833
    0.0000   -7.5000   37.500013455.8965   26.8602
    7.5000   -7.5000   37.500012802.6660   26.8161
   -7.5000    0.0000   37.500013765.7900   26.8351
    0.0000    0.0000   37.500014319.5010   26.8122
    7.5000    0.0000   37.500013567.2715   26.7825
   -7.5000    7.5000   37.500013621.1445   26.8195
    0.0000    7.5000   37.500014197.8418   26.8003
    7.5000    7.5000   37.500013436.2051   26.7713
   -7.5000   15.0000   37.500013187.4990   26.8490
    0.0000   15.0000   37.500013743.6641   26.8316
    7.5000   15.0000   37.500012993.6172   26.7927
   -7.5000   22.5000   37.500012503.5479   26.8834
    0.0000   22.5000   37.500013024.7080   26.8641
    7.5000   22.5000   37.500012286.6689   26.8123
   -7.5000   30.0000   37.500011616.1465   26.5662
    0.0000   30.0000   37.500012102.4258   26.5451
    7.5000   30.0000   37.500011416.5693   26.4895
   -7.5000   37.5000   37.500011149.0996   26.5354
    0.0000   37.5000   37.500011616.4307   26.5126
    7.5000   37.5000   37.500010952.0781   26.4690
   -7.5000   45.0000   37.500010168.0684   25.8659
    0.0000   45.0000   37.500010615.8057   25.8439
    7.5000   45.0000   37.500010010.6641   25.8152
   -7.5000  -45.0000   45.0000 7732.8809   27.3621
    0.0000  -45.0000   45.0000 8074.1143   27.3045
    7.5000  -45.0000   45.0000 7634.8091   27.2443
   -7.5000  -37.5000   45.0000 8309.1924   27.1478
    0.0000  -37.5000   45.0000 8710.9541   27.0995
    7.5000  -37.5000   45.0000 8255.0430   27.0457
   -7.5000  -30.0000   45.0000 9230.6943   27.0813
    0.0000  -30.0000   45.0000 9679.3066   27.0452
    7.5000  -30.0000   45.0000 9189.5361   26.9933
   -7.5000  -22.5000   45.000010176.1035   27.1134
    0.0000  -22.5000   45.000010665.3809   27.0793
    7.5000  -22.5000   45.000010166.8330   27.0210
   -7.5000  -15.0000   45.000011008.7598   27.1463
    0.0000  -15.0000   45.000011476.5518   27.1053
    7.5000  -15.0000   45.000010978.6035   27.0375
   -7.5000   -7.5000   45.000011740.0078   27.1266
    0.0000   -7.5000   45.000012217.5215   27.0744
    7.5000   -7.5000   45.000011719.5303   27.0081
   -7.5000    0.0000   45.000012469.5332   27.0781
    0.0000    0.0000   45.000012961.5068   27.0209
    7.5000    0.0000   45.000012439.3135   26.9622
   -7.5000    7.5000   45.000012316.9912   27.0503
    0.0000    7.5000   45.000012835.8369   27.0020
    7.5000    7.5000   45.000012293.0117   26.9487
   -7.5000   15.0000   45.000011977.7832   27.0658
    0.0000   15.0000   45.000012491.4141   27.0294
    7.5000   15.0000   45.000011928.3271   26.9781
   -7.5000   22.5000   45.000011405.3184   27.1008
    0.0000   22.5000   45.000011894.7588   27.0667
    7.5000   22.5000   45.000011312.9307   27.0084
   -7.5000   30.0000   45.000010612.2832   26.7927
    0.0000   30.0000   45.000011065.3535   26.7522
    7.5000   30.0000   45.000010481.6396   26.6852
   -7.5000   37.5000   45.000010209.3125   26.7732
    0.0000   37.5000   45.000010646.8779   26.7216
    7.5000   37.5000   45.000010049.3193   26.6562
   -7.5000   45.0000   45.0000 9322.5352   26.1120
    0.0000   45.0000   45.0000 9736.3730   26.0569
    7.5000   45.0000   45.0000 9206.9561   26.0002

---------------------------------------------------------------------
imgreg_4dfp /opt/freesurfer/average/711-2C_as_mni_average_305 /opt/freesurfer/average/711-2B_as_mni_average_305_mask talsrcimg_g11 none talsrcimg_to_711-2C_as_mni_average_305_t4 4355
---------------------------------------------------------------------

freesurfer imgreg_4dfp.c
/opt/freesurfer/average/711-2C_as_mni_average_305.4dfp.img
       256       256       256         1
  1.000000  1.000000  1.000000
orientation T byte_order littleendian
Reading image: /opt/freesurfer/average/711-2C_as_mni_average_305.4dfp.img
dimensions:      256       256       256
mmppix:       1.0000   -1.0000   -1.0000
center:     128.0000 -129.0000 -129.0000
/opt/freesurfer/average/711-2B_as_mni_average_305_mask.4dfp.img
       256       256       256         1
  1.000000  1.000000  1.000000
orientation T byte_order littleendian
Reading mask: /opt/freesurfer/average/711-2B_as_mni_average_305_mask.4dfp.img (2306576 pixels)
talsrcimg_g11.4dfp.img
       256       256       256         1
  1.000000  1.000000  1.000000
orientation T byte_order littleendian
Reading image: talsrcimg_g11.4dfp.img
dimensions:      256       256       256
mmppix:       1.0000   -1.0000   -1.0000
center:     128.0000 -129.0000 -129.0000
rotation matrix determinant  1.000000
image alignment mode   4355 decimal     1103 hex
   -7.5000  -45.0000  -45.0000 1960.3136   34.1397
    0.0000  -45.0000  -45.0000 1970.0509   33.9268
    7.5000  -45.0000  -45.0000 1959.6912   34.2604
   -7.5000  -37.5000  -45.0000 2058.4001   31.1495
    0.0000  -37.5000  -45.0000 2067.7793   30.8954
    7.5000  -37.5000  -45.0000 2049.8574   31.0964
   -7.5000  -30.0000  -45.0000 2133.8491   28.6644
    0.0000  -30.0000  -45.0000 2140.9104   28.5822
    7.5000  -30.0000  -45.0000 2120.5811   28.8060
   -7.5000  -22.5000  -45.0000 2188.6829   26.9683
    0.0000  -22.5000  -45.0000 2189.2515   26.8910
    7.5000  -22.5000  -45.0000 2159.3398   27.0770
   -7.5000  -15.0000  -45.0000 2212.0503   25.7692
    0.0000  -15.0000  -45.0000 2207.7390   25.6670
    7.5000  -15.0000  -45.0000 2188.1567   25.9503
   -7.5000   -7.5000  -45.0000 2223.8682   25.0080
    0.0000   -7.5000  -45.0000 2223.9219   24.9327
    7.5000   -7.5000  -45.0000 2206.7629   25.2794
   -7.5000    0.0000  -45.0000 2234.0657   24.6958
    0.0000    0.0000  -45.0000 2230.0403   24.5771
    7.5000    0.0000  -45.0000 2206.0947   24.9275
   -7.5000    7.5000  -45.0000 2219.2524   24.6962
    0.0000    7.5000  -45.0000 2222.2229   24.5518
    7.5000    7.5000  -45.0000 2196.4639   24.9312
   -7.5000   15.0000  -45.0000 2195.2209   25.1781
    0.0000   15.0000  -45.0000 2201.8047   24.9687
    7.5000   15.0000  -45.0000 2179.0149   25.4515
   -7.5000   22.5000  -45.0000 2161.3867   26.1734
    0.0000   22.5000  -45.0000 2166.9995   25.9588
    7.5000   22.5000  -45.0000 2148.9382   26.4113
   -7.5000   30.0000  -45.0000 2112.9456   27.6269
    0.0000   30.0000  -45.0000 2113.2048   27.3848
    7.5000   30.0000  -45.0000 2094.6721   27.8726
   -7.5000   37.5000  -45.0000 2043.2520   29.5716
    0.0000   37.5000  -45.0000 2041.2385   29.3645
    7.5000   37.5000  -45.0000 2024.5603   29.8900
   -7.5000   45.0000  -45.0000 1944.6559   32.1428
    0.0000   45.0000  -45.0000 1956.0841   31.9105
    7.5000   45.0000  -45.0000 1935.5229   32.4365
   -7.5000  -45.0000  -37.5000 2052.1975   31.6639
    0.0000  -45.0000  -37.5000 2050.3423   31.4400
    7.5000  -45.0000  -37.5000 2029.0392   31.6852
   -7.5000  -37.5000  -37.5000 2158.7910   28.8834
    0.0000  -37.5000  -37.5000 2161.5679   28.7204
    7.5000  -37.5000  -37.5000 2133.9482   28.8840
   -7.5000  -30.0000  -37.5000 2236.3879   26.7019
    0.0000  -30.0000  -37.5000 2237.2400   26.5271
    7.5000  -30.0000  -37.5000 2215.3997   26.6797
   -7.5000  -22.5000  -37.5000 2289.4116   25.0520
    0.0000  -22.5000  -37.5000 2289.4512   24.8854
    7.5000  -22.5000  -37.5000 2265.3213   24.9948
   -7.5000  -15.0000  -37.5000 2307.4734   23.8952
    0.0000  -15.0000  -37.5000 2312.3325   23.7963
    7.5000  -15.0000  -37.5000 2294.3818   23.9251
   -7.5000   -7.5000  -37.5000 2315.5479   23.1174
    0.0000   -7.5000  -37.5000 2321.6375   23.0044
    7.5000   -7.5000  -37.5000 2300.9062   23.1814
   -7.5000    0.0000  -37.5000 2318.0549   22.7065
    0.0000    0.0000  -37.5000 2321.1814   22.5536
    7.5000    0.0000  -37.5000 2296.9189   22.8195
   -7.5000    7.5000  -37.5000 2310.1765   22.6719
    0.0000    7.5000  -37.5000 2319.5364   22.5295
    7.5000    7.5000  -37.5000 2293.8716   22.8054
   -7.5000   15.0000  -37.5000 2302.2759   23.1656
    0.0000   15.0000  -37.5000 2310.5891   23.0151
    7.5000   15.0000  -37.5000 2285.8052   23.3321
   -7.5000   22.5000  -37.5000 2280.1689   24.0887
    0.0000   22.5000  -37.5000 2283.8867   23.9430
    7.5000   22.5000  -37.5000 2258.2488   24.2631
   -7.5000   30.0000  -37.5000 2223.5913   25.4867
    0.0000   30.0000  -37.5000 2230.3816   25.3033
    7.5000   30.0000  -37.5000 2209.9229   25.6611
   -7.5000   37.5000  -37.5000 2152.6658   27.3153
    0.0000   37.5000  -37.5000 2150.9204   27.1122
    7.5000   37.5000  -37.5000 2132.7881   27.5840
   -7.5000   45.0000  -37.5000 2045.2498   29.7282
    0.0000   45.0000  -37.5000 2048.3064   29.4551
    7.5000   45.0000  -37.5000 2026.4891   30.0405
   -7.5000  -45.0000  -30.0000 2162.1782   30.8103
    0.0000  -45.0000  -30.0000 2164.7749   30.5813
    7.5000  -45.0000  -30.0000 2142.0535   30.6380
   -7.5000  -37.5000  -30.0000 2280.2119   27.9285
    0.0000  -37.5000  -30.0000 2279.2327   27.7260
    7.5000  -37.5000  -30.0000 2250.9248   27.8964
   -7.5000  -30.0000  -30.0000 2362.2969   25.6720
    0.0000  -30.0000  -30.0000 2363.0896   25.5187
    7.5000  -30.0000  -30.0000 2334.5852   25.7019
   -7.5000  -22.5000  -30.0000 2412.8511   24.0060
    0.0000  -22.5000  -30.0000 2413.2705   23.8992
    7.5000  -22.5000  -30.0000 2385.5261   24.0894
   -7.5000  -15.0000  -30.0000 2445.2517   22.8896
    0.0000  -15.0000  -30.0000 2448.6123   22.7939
    7.5000  -15.0000  -30.0000 2415.0198   22.9175
   -7.5000   -7.5000  -30.0000 2458.4878   22.1325
    0.0000   -7.5000  -30.0000 2464.6936   22.0438
    7.5000   -7.5000  -30.0000 2439.5168   22.1867
   -7.5000    0.0000  -30.0000 2459.8870   21.7108
    0.0000    0.0000  -30.0000 2473.7068   21.6126
    7.5000    0.0000  -30.0000 2451.1487   21.8077
   -7.5000    7.5000  -30.0000 2452.6912   21.6864
    0.0000    7.5000  -30.0000 2469.7373   21.5935
    7.5000    7.5000  -30.0000 2443.9675   21.8356
   -7.5000   15.0000  -30.0000 2443.0793   22.1555
    0.0000   15.0000  -30.0000 2458.0847   22.0507
    7.5000   15.0000  -30.0000 2431.6653   22.3464
   -7.5000   22.5000  -30.0000 2423.4800   23.0912
    0.0000   22.5000  -30.0000 2436.6775   22.9451
    7.5000   22.5000  -30.0000 2405.2419   23.2494
   -7.5000   30.0000  -30.0000 2368.5713   24.4787
    0.0000   30.0000  -30.0000 2378.6846   24.3086
    7.5000   30.0000  -30.0000 2349.1660   24.6429
   -7.5000   37.5000  -30.0000 2289.7637   26.2924
    0.0000   37.5000  -30.0000 2286.4758   26.1354
    7.5000   37.5000  -30.0000 2261.9414   26.5562
   -7.5000   45.0000  -30.0000 2184.6921   28.7242
    0.0000   45.0000  -30.0000 2182.6409   28.4769
    7.5000   45.0000  -30.0000 2156.4143   28.9900
   -7.5000  -45.0000  -22.5000 2242.1338   29.7118
    0.0000  -45.0000  -22.5000 2243.9827   29.3384
    7.5000  -45.0000  -22.5000 2223.2737   29.5430
   -7.5000  -37.5000  -22.5000 2366.2849   26.8515
    0.0000  -37.5000  -22.5000 2369.0176   26.5869
    7.5000  -37.5000  -22.5000 2340.9395   26.7543
   -7.5000  -30.0000  -22.5000 2457.8442   24.5573
    0.0000  -30.0000  -22.5000 2462.3738   24.4343
    7.5000  -30.0000  -22.5000 2436.2576   24.5818
   -7.5000  -22.5000  -22.5000 2510.7825   22.8698
    0.0000  -22.5000  -22.5000 2518.1553   22.8201
    7.5000  -22.5000  -22.5000 2492.1277   23.0085
   -7.5000  -15.0000  -22.5000 2545.0195   21.7055
    0.0000  -15.0000  -22.5000 2557.5725   21.6560
    7.5000  -15.0000  -22.5000 2529.7769   21.8364
   -7.5000   -7.5000  -22.5000 2571.8137   20.9229
    0.0000   -7.5000  -22.5000 2586.4270   20.8960
    7.5000   -7.5000  -22.5000 2556.9001   21.0261
   -7.5000    0.0000  -22.5000 2587.4238   20.5369
    0.0000    0.0000  -22.5000 2600.5906   20.4662
    7.5000    0.0000  -22.5000 2570.7925   20.6617
   -7.5000    7.5000  -22.5000 2582.6729   20.5665
    0.0000    7.5000  -22.5000 2599.7559   20.5089
    7.5000    7.5000  -22.5000 2568.3003   20.7493
   -7.5000   15.0000  -22.5000 2570.6472   21.0840
    0.0000   15.0000  -22.5000 2589.0068   21.0282
    7.5000   15.0000  -22.5000 2554.2026   21.2746
   -7.5000   22.5000  -22.5000 2540.4873   21.9971
    0.0000   22.5000  -22.5000 2562.4727   21.9445
    7.5000   22.5000  -22.5000 2527.4250   22.1726
   -7.5000   30.0000  -22.5000 2480.4382   23.2697
    0.0000   30.0000  -22.5000 2497.1797   23.2057
    7.5000   30.0000  -22.5000 2462.7874   23.4499
   -7.5000   37.5000  -22.5000 2394.7026   24.9889
    0.0000   37.5000  -22.5000 2406.8462   24.9124
    7.5000   37.5000  -22.5000 2375.9004   25.2023
   -7.5000   45.0000  -22.5000 2277.4915   27.2412
    0.0000   45.0000  -22.5000 2287.3538   27.1339
    7.5000   45.0000  -22.5000 2260.1372   27.4814
   -7.5000  -45.0000  -15.0000 2288.6074   28.3770
    0.0000  -45.0000  -15.0000 2291.8496   28.1477
    7.5000  -45.0000  -15.0000 2268.0088   28.3728
   -7.5000  -37.5000  -15.0000 2412.9534   25.6350
    0.0000  -37.5000  -15.0000 2420.4932   25.3863
    7.5000  -37.5000  -15.0000 2392.2729   25.6342
   -7.5000  -30.0000  -15.0000 2512.7197   23.4634
    0.0000  -30.0000  -15.0000 2522.0413   23.3170
    7.5000  -30.0000  -15.0000 2501.6318   23.4812
   -7.5000  -22.5000  -15.0000 2582.6416   21.8700
    0.0000  -22.5000  -15.0000 2598.1382   21.8173
    7.5000  -22.5000  -15.0000 2575.0295   21.9555
   -7.5000  -15.0000  -15.0000 2622.2629   20.6017
    0.0000  -15.0000  -15.0000 2636.7878   20.6229
    7.5000  -15.0000  -15.0000 2616.7561   20.7518
   -7.5000   -7.5000  -15.0000 2659.0286   19.8056
    0.0000   -7.5000  -15.0000 2671.0601   19.8067
    7.5000   -7.5000  -15.0000 2644.0986   19.9052
   -7.5000    0.0000  -15.0000 2672.6099   19.3635
    0.0000    0.0000  -15.0000 2690.7068   19.3687
    7.5000    0.0000  -15.0000 2663.6191   19.5307
   -7.5000    7.5000  -15.0000 2678.9084   19.4748
    0.0000    7.5000  -15.0000 2700.1711   19.4706
    7.5000    7.5000  -15.0000 2669.4370   19.6811
   -7.5000   15.0000  -15.0000 2668.4509   19.9923
    0.0000   15.0000  -15.0000 2689.9814   19.9992
    7.5000   15.0000  -15.0000 2651.5908   20.2386
   -7.5000   22.5000  -15.0000 2628.9980   20.8554
    0.0000   22.5000  -15.0000 2654.7927   20.8652
    7.5000   22.5000  -15.0000 2623.2061   21.0847
   -7.5000   30.0000  -15.0000 2562.3193   22.1089
    0.0000   30.0000  -15.0000 2584.9495   22.0676
    7.5000   30.0000  -15.0000 2557.9622   22.2993
   -7.5000   37.5000  -15.0000 2474.7417   23.7381
    0.0000   37.5000  -15.0000 2493.4172   23.6870
    7.5000   37.5000  -15.0000 2462.5974   23.9684
   -7.5000   45.0000  -15.0000 2352.1838   25.8756
    0.0000   45.0000  -15.0000 2364.9072   25.7998
    7.5000   45.0000  -15.0000 2335.3462   26.1603
   -7.5000  -45.0000   -7.5000 2321.6907   27.1579
    0.0000  -45.0000   -7.5000 2330.2954   26.9554
    7.5000  -45.0000   -7.5000 2305.2659   27.3144
   -7.5000  -37.5000   -7.5000 2443.3513   24.4476
    0.0000  -37.5000   -7.5000 2456.3335   24.2542
    7.5000  -37.5000   -7.5000 2435.1201   24.5814
   -7.5000  -30.0000   -7.5000 2553.5549   22.4198
    0.0000  -30.0000   -7.5000 2565.8696   22.2371
    7.5000  -30.0000   -7.5000 2545.9131   22.4571
   -7.5000  -22.5000   -7.5000 2642.1572   20.9074
    0.0000  -22.5000   -7.5000 2654.2336   20.7440
    7.5000  -22.5000   -7.5000 2633.2656   20.8936
   -7.5000  -15.0000   -7.5000 2697.0952   19.7311
    0.0000  -15.0000   -7.5000 2716.7444   19.6692
    7.5000  -15.0000   -7.5000 2691.4377   19.7593
   -7.5000   -7.5000   -7.5000 2730.6748   18.8278
    0.0000   -7.5000   -7.5000 2746.9734   18.8381
    7.5000   -7.5000   -7.5000 2718.1145   18.9140
   -7.5000    0.0000   -7.5000 2743.7197   18.3001
    0.0000    0.0000   -7.5000 2763.2366   18.3282
    7.5000    0.0000   -7.5000 2740.4626   18.5236
   -7.5000    7.5000   -7.5000 2755.4858   18.4439
    0.0000    7.5000   -7.5000 2782.4609   18.4750
    7.5000    7.5000   -7.5000 2755.1665   18.7250
   -7.5000   15.0000   -7.5000 2738.6118   18.9454
    0.0000   15.0000   -7.5000 2768.4041   18.9942
    7.5000   15.0000   -7.5000 2740.0417   19.1933
   -7.5000   22.5000   -7.5000 2700.9392   19.7971
    0.0000   22.5000   -7.5000 2724.3357   19.7862
    7.5000   22.5000   -7.5000 2703.9788   19.9758
   -7.5000   30.0000   -7.5000 2632.1226   21.0148
    0.0000   30.0000   -7.5000 2647.9834   20.9287
    7.5000   30.0000   -7.5000 2627.7439   21.1959
   -7.5000   37.5000   -7.5000 2533.4189   22.6102
    0.0000   37.5000   -7.5000 2547.0364   22.5050
    7.5000   37.5000   -7.5000 2524.2573   22.8324
   -7.5000   45.0000   -7.5000 2411.3474   24.6481
    0.0000   45.0000   -7.5000 2419.3457   24.5320
    7.5000   45.0000   -7.5000 2398.4490   24.9221
   -7.5000  -45.0000    0.0000 2337.2061   26.4036
    0.0000  -45.0000    0.0000 2345.1716   26.1891
    7.5000  -45.0000    0.0000 2321.5557   26.5835
   -7.5000  -37.5000    0.0000 2458.0645   23.7218
    0.0000  -37.5000    0.0000 2474.0076   23.5579
    7.5000  -37.5000    0.0000 2447.6072   23.8888
   -7.5000  -30.0000    0.0000 2575.7524   21.6820
    0.0000  -30.0000    0.0000 2592.3862   21.5364
    7.5000  -30.0000    0.0000 2566.9255   21.8079
   -7.5000  -22.5000    0.0000 2683.0183   20.2053
    0.0000  -22.5000    0.0000 2700.1733   20.0826
    7.5000  -22.5000    0.0000 2666.4443   20.2595
   -7.5000  -15.0000    0.0000 2755.9111   19.0850
    0.0000  -15.0000    0.0000 2781.6311   19.0313
    7.5000  -15.0000    0.0000 2742.5881   19.1647
   -7.5000   -7.5000    0.0000 2793.1619   18.1285
    0.0000   -7.5000    0.0000 2812.8967   18.1456
    7.5000   -7.5000    0.0000 2775.5974   18.3270
   -7.5000    0.0000    0.0000 2800.0430   17.4764
    0.0000    0.0000    0.0000 2822.5034   17.5304
    7.5000    0.0000    0.0000 2796.7029   17.8753
   -7.5000    7.5000    0.0000 2812.8872   17.5911
    0.0000    7.5000    0.0000 2838.1743   17.6312
    7.5000    7.5000    0.0000 2809.2205   17.9573
   -7.5000   15.0000    0.0000 2797.5120   18.1153
    0.0000   15.0000    0.0000 2822.4336   18.1090
    7.5000   15.0000    0.0000 2799.3083   18.3637
   -7.5000   22.5000    0.0000 2752.9639   18.9712
    0.0000   22.5000    0.0000 2777.3716   18.9309
    7.5000   22.5000    0.0000 2755.4692   19.1957
   -7.5000   30.0000    0.0000 2679.7117   20.2368
    0.0000   30.0000    0.0000 2695.7383   20.1807
    7.5000   30.0000    0.0000 2668.4849   20.4656
   -7.5000   37.5000    0.0000 2582.9480   21.8610
    0.0000   37.5000    0.0000 2591.6672   21.7848
    7.5000   37.5000    0.0000 2557.7952   22.1012
   -7.5000   45.0000    0.0000 2452.7446   23.8013
    0.0000   45.0000    0.0000 2462.7839   23.7431
    7.5000   45.0000    0.0000 2430.8938   24.0148
   -7.5000  -45.0000    7.5000 2341.0771   26.1135
    0.0000  -45.0000    7.5000 2345.3503   25.8990
    7.5000  -45.0000    7.5000 2329.5535   26.5000
   -7.5000  -37.5000    7.5000 2464.2788   23.3763
    0.0000  -37.5000    7.5000 2479.6736   23.2488
    7.5000  -37.5000    7.5000 2454.4104   23.7717
   -7.5000  -30.0000    7.5000 2585.9355   21.2937
    0.0000  -30.0000    7.5000 2605.2588   21.2029
    7.5000  -30.0000    7.5000 2575.9688   21.6168
   -7.5000  -22.5000    7.5000 2699.9258   19.8246
    0.0000  -22.5000    7.5000 2725.6689   19.7490
    7.5000  -22.5000    7.5000 2688.0496   20.0533
   -7.5000  -15.0000    7.5000 2792.2241   18.7038
    0.0000  -15.0000    7.5000 2821.8921   18.6481
    7.5000  -15.0000    7.5000 2778.3064   18.9012
   -7.5000   -7.5000    7.5000 2849.4966   17.6771
    0.0000   -7.5000    7.5000 2877.0166   17.7426
    7.5000   -7.5000    7.5000 2822.6238   18.0990
   -7.5000    0.0000    7.5000 2847.6436   16.8885
    0.0000    0.0000    7.5000 2876.1511   16.9326
    7.5000    0.0000    7.5000 2838.3582   17.5709
   -7.5000    7.5000    7.5000 2847.9546   16.9916
    0.0000    7.5000    7.5000 2871.7585   16.9615
    7.5000    7.5000    7.5000 2835.7380   17.5675
   -7.5000   15.0000    7.5000 2830.0115   17.5443
    0.0000   15.0000    7.5000 2853.2856   17.5069
    7.5000   15.0000    7.5000 2822.9424   17.9821
   -7.5000   22.5000    7.5000 2792.1272   18.4351
    0.0000   22.5000    7.5000 2815.4536   18.4456
    7.5000   22.5000    7.5000 2785.0994   18.8246
   -7.5000   30.0000    7.5000 2718.2749   19.7171
    0.0000   30.0000    7.5000 2734.4775   19.7472
    7.5000   30.0000    7.5000 2702.8521   20.0773
   -7.5000   37.5000    7.5000 2612.5786   21.3560
    0.0000   37.5000    7.5000 2623.6875   21.3756
    7.5000   37.5000    7.5000 2592.9421   21.7008
   -7.5000   45.0000    7.5000 2483.4661   23.3061
    0.0000   45.0000    7.5000 2491.8188   23.3306
    7.5000   45.0000    7.5000 2465.1973   23.6797
   -7.5000  -45.0000   15.0000 2320.1006   25.9867
    0.0000  -45.0000   15.0000 2333.6113   25.8437
    7.5000  -45.0000   15.0000 2321.8584   26.6247
   -7.5000  -37.5000   15.0000 2443.3635   23.2638
    0.0000  -37.5000   15.0000 2463.4243   23.1519
    7.5000  -37.5000   15.0000 2447.5798   23.8903
   -7.5000  -30.0000   15.0000 2562.6455   21.2226
    0.0000  -30.0000   15.0000 2585.3257   21.1141
    7.5000  -30.0000   15.0000 2566.1008   21.7766
   -7.5000  -22.5000   15.0000 2679.1802   19.6999
    0.0000  -22.5000   15.0000 2703.9951   19.6085
    7.5000  -22.5000   15.0000 2682.3057   20.1669
   -7.5000  -15.0000   15.0000 2777.8774   18.6019
    0.0000  -15.0000   15.0000 2811.8755   18.5164
    7.5000  -15.0000   15.0000 2775.8301   18.9276
   -7.5000   -7.5000   15.0000 2848.9348   17.5318
    0.0000   -7.5000   15.0000 2879.6665   17.5290
    7.5000   -7.5000   15.0000 2826.7783   18.0342
   -7.5000    0.0000   15.0000 2866.0688   16.7279
    0.0000    0.0000   15.0000 2885.8320   16.7139
    7.5000    0.0000   15.0000 2844.8040   17.5004
   -7.5000    7.5000   15.0000 2857.3171   16.7740
    0.0000    7.5000   15.0000 2877.8362   16.7876
    7.5000    7.5000   15.0000 2851.0701   17.5531
   -7.5000   15.0000   15.0000 2833.9321   17.3938
    0.0000   15.0000   15.0000 2852.7893   17.4077
    7.5000   15.0000   15.0000 2823.5676   17.9777
   -7.5000   22.5000   15.0000 2791.3630   18.3501
    0.0000   22.5000   15.0000 2810.0034   18.3165
    7.5000   22.5000   15.0000 2780.5256   18.7465
   -7.5000   30.0000   15.0000 2713.6719   19.6260
    0.0000   30.0000   15.0000 2730.2021   19.5641
    7.5000   30.0000   15.0000 2701.0996   19.9315
   -7.5000   37.5000   15.0000 2611.3149   21.2207
    0.0000   37.5000   15.0000 2628.6104   21.1797
    7.5000   37.5000   15.0000 2597.9856   21.5389
   -7.5000   45.0000   15.0000 2489.7856   23.1784
    0.0000   45.0000   15.0000 2505.9910   23.1699
    7.5000   45.0000   15.0000 2475.2534   23.5301
   -7.5000  -45.0000   22.5000 2303.3589   26.4227
    0.0000  -45.0000   22.5000 2318.9431   26.4156
    7.5000  -45.0000   22.5000 2314.1484   27.2233
   -7.5000  -37.5000   22.5000 2416.5142   23.5561
    0.0000  -37.5000   22.5000 2444.6709   23.5701
    7.5000  -37.5000   22.5000 2441.1606   24.3624
   -7.5000  -30.0000   22.5000 2527.4683   21.5057
    0.0000  -30.0000   22.5000 2567.5139   21.4838
    7.5000  -30.0000   22.5000 2562.4734   22.1970
   -7.5000  -22.5000   22.5000 2646.7791   20.0818
    0.0000  -22.5000   22.5000 2687.8384   20.0063
    7.5000  -22.5000   22.5000 2677.8286   20.5537
   -7.5000  -15.0000   22.5000 2756.1584   19.1145
    0.0000  -15.0000   22.5000 2793.4575   18.8991
    7.5000  -15.0000   22.5000 2764.3567   19.2927
   -7.5000   -7.5000   22.5000 2843.1782   18.3017
    0.0000   -7.5000   22.5000 2849.0713   17.8855
    7.5000   -7.5000   22.5000 2812.6714   18.3459
   -7.5000    0.0000   22.5000 2880.1187   17.6060
    0.0000    0.0000   22.5000 2880.9485   17.2535
    7.5000    0.0000   22.5000 2845.1929   17.8006
   -7.5000    7.5000   22.5000 2869.6328   17.4758
    0.0000    7.5000   22.5000 2891.4402   17.3453
    7.5000    7.5000   22.5000 2855.4011   17.8494
   -7.5000   15.0000   22.5000 2823.8621   17.8318
    0.0000   15.0000   22.5000 2846.3418   17.8278
    7.5000   15.0000   22.5000 2818.2043   18.3231
   -7.5000   22.5000   22.5000 2765.7427   18.6010
    0.0000   22.5000   22.5000 2786.5259   18.6050
    7.5000   22.5000   22.5000 2764.7388   19.0456
   -7.5000   30.0000   22.5000 2687.2498   19.7738
    0.0000   30.0000   22.5000 2706.3320   19.7376
    7.5000   30.0000   22.5000 2685.2607   20.1173
   -7.5000   37.5000   22.5000 2601.5383   21.3341
    0.0000   37.5000   22.5000 2611.6409   21.2831
    7.5000   37.5000   22.5000 2587.8376   21.6151
   -7.5000   45.0000   22.5000 2478.5015   23.3259
    0.0000   45.0000   22.5000 2488.4614   23.2892
    7.5000   45.0000   22.5000 2462.7092   23.6262
   -7.5000  -45.0000   30.0000 2275.4434   27.2743
    0.0000  -45.0000   30.0000 2299.2200   27.2817
    7.5000  -45.0000   30.0000 2292.4399   27.9735
   -7.5000  -37.5000   30.0000 2394.2302   24.6026
    0.0000  -37.5000   30.0000 2422.0430   24.4357
    7.5000  -37.5000   30.0000 2417.1877   25.1001
   -7.5000  -30.0000   30.0000 2516.5750   22.6923
    0.0000  -30.0000   30.0000 2541.8171   22.4102
    7.5000  -30.0000   30.0000 2539.6780   23.0008
   -7.5000  -22.5000   30.0000 2635.9341   21.2127
    0.0000  -22.5000   30.0000 2658.3674   20.9115
    7.5000  -22.5000   30.0000 2650.2837   21.3440
   -7.5000  -15.0000   30.0000 2734.5583   20.1021
    0.0000  -15.0000   30.0000 2745.7598   19.6371
    7.5000  -15.0000   30.0000 2727.1360   19.9955
   -7.5000   -7.5000   30.0000 2803.4294   19.1658
    0.0000   -7.5000   30.0000 2801.4651   18.5848
    7.5000   -7.5000   30.0000 2784.0696   19.0032
   -7.5000    0.0000   30.0000 2836.7764   18.5817
    0.0000    0.0000   30.0000 2844.2012   18.1516
    7.5000    0.0000   30.0000 2818.7852   18.4895
   -7.5000    7.5000   30.0000 2838.0205   18.4808
    0.0000    7.5000   30.0000 2855.6719   18.2320
    7.5000    7.5000   30.0000 2824.2014   18.5221
   -7.5000   15.0000   30.0000 2795.4121   18.8428
    0.0000   15.0000   30.0000 2810.1863   18.7066
    7.5000   15.0000   30.0000 2787.1821   18.9850
   -7.5000   22.5000   30.0000 2731.6221   19.6043
    0.0000   22.5000   30.0000 2745.6462   19.4811
    7.5000   22.5000   30.0000 2730.6917   19.7739
   -7.5000   30.0000   30.0000 2646.0413   20.5892
    0.0000   30.0000   30.0000 2662.4902   20.5064
    7.5000   30.0000   30.0000 2647.5039   20.7996
   -7.5000   37.5000   30.0000 2557.3538   21.9128
    0.0000   37.5000   30.0000 2572.0310   21.8469
    7.5000   37.5000   30.0000 2553.8374   22.1091
   -7.5000   45.0000   30.0000 2432.8376   23.6973
    0.0000   45.0000   30.0000 2446.2615   23.6612
    7.5000   45.0000   30.0000 2426.4404   23.9557
   -7.5000  -45.0000   37.5000 2245.0513   28.7706
    0.0000  -45.0000   37.5000 2266.6729   28.6220
    7.5000  -45.0000   37.5000 2258.7998   29.1483
   -7.5000  -37.5000   37.5000 2370.5334   26.0991
    0.0000  -37.5000   37.5000 2397.2676   25.8701
    7.5000  -37.5000   37.5000 2382.7949   26.3024
   -7.5000  -30.0000   37.5000 2489.0403   23.9813
    0.0000  -30.0000   37.5000 2513.0806   23.6943
    7.5000  -30.0000   37.5000 2497.3330   24.0769
   -7.5000  -22.5000   37.5000 2593.3157   22.2089
    0.0000  -22.5000   37.5000 2619.6306   21.9255
    7.5000  -22.5000   37.5000 2603.1472   22.2516
   -7.5000  -15.0000   37.5000 2682.2495   20.9312
    0.0000  -15.0000   37.5000 2698.5266   20.4886
    7.5000  -15.0000   37.5000 2685.3618   20.8647
   -7.5000   -7.5000   37.5000 2745.1492   19.9179
    0.0000   -7.5000   37.5000 2757.3562   19.5458
    7.5000   -7.5000   37.5000 2739.3806   19.8927
   -7.5000    0.0000   37.5000 2779.7988   19.4893
    0.0000    0.0000   37.5000 2792.4431   19.1764
    7.5000    0.0000   37.5000 2768.7061   19.4689
   -7.5000    7.5000   37.5000 2777.7917   19.4595
    0.0000    7.5000   37.5000 2800.6313   19.2868
    7.5000    7.5000   37.5000 2767.7197   19.5272
   -7.5000   15.0000   37.5000 2735.7798   19.8489
    0.0000   15.0000   37.5000 2761.8071   19.7570
    7.5000   15.0000   37.5000 2732.7300   19.9620
   -7.5000   22.5000   37.5000 2681.5818   20.6364
    0.0000   22.5000   37.5000 2701.8252   20.5820
    7.5000   22.5000   37.5000 2675.0864   20.7509
   -7.5000   30.0000   37.5000 2602.2197   21.7073
    0.0000   30.0000   37.5000 2622.8093   21.6519
    7.5000   30.0000   37.5000 2597.7993   21.8088
   -7.5000   37.5000   37.5000 2504.5442   23.0273
    0.0000   37.5000   37.5000 2518.9443   22.9461
    7.5000   37.5000   37.5000 2498.9250   23.1522
   -7.5000   45.0000   37.5000 2371.9792   24.6465
    0.0000   45.0000   37.5000 2388.8623   24.5757
    7.5000   45.0000   37.5000 2369.9067   24.8674
   -7.5000  -45.0000   45.0000 2205.3584   30.2888
    0.0000  -45.0000   45.0000 2227.7805   30.1648
    7.5000  -45.0000   45.0000 2212.4802   30.5322
   -7.5000  -37.5000   45.0000 2326.6792   27.4073
    0.0000  -37.5000   45.0000 2356.2556   27.2555
    7.5000  -37.5000   45.0000 2333.2747   27.5783
   -7.5000  -30.0000   45.0000 2433.5493   25.0764
    0.0000  -30.0000   45.0000 2463.7397   24.8649
    7.5000  -30.0000   45.0000 2440.9539   25.2108
   -7.5000  -22.5000   45.0000 2529.9170   23.2644
    0.0000  -22.5000   45.0000 2559.3225   22.9767
    7.5000  -22.5000   45.0000 2545.3503   23.3878
   -7.5000  -15.0000   45.0000 2611.7444   21.9108
    0.0000  -15.0000   45.0000 2636.4478   21.5536
    7.5000  -15.0000   45.0000 2621.6045   21.9688
   -7.5000   -7.5000   45.0000 2672.6658   20.9421
    0.0000   -7.5000   45.0000 2686.9375   20.6616
    7.5000   -7.5000   45.0000 2677.3723   21.0422
   -7.5000    0.0000   45.0000 2707.1274   20.6150
    0.0000    0.0000   45.0000 2717.3022   20.2778
    7.5000    0.0000   45.0000 2706.5417   20.6804
   -7.5000    7.5000   45.0000 2700.5391   20.6222
    0.0000    7.5000   45.0000 2722.0698   20.3967
    7.5000    7.5000   45.0000 2703.5444   20.7401
   -7.5000   15.0000   45.0000 2665.9011   21.0421
    0.0000   15.0000   45.0000 2691.5708   20.8842
    7.5000   15.0000   45.0000 2671.0364   21.1848
   -7.5000   22.5000   45.0000 2614.6870   21.8088
    0.0000   22.5000   45.0000 2639.6533   21.6937
    7.5000   22.5000   45.0000 2616.4312   21.9542
   -7.5000   30.0000   45.0000 2537.4050   22.8985
    0.0000   30.0000   45.0000 2558.4390   22.8041
    7.5000   30.0000   45.0000 2535.4719   22.9248
   -7.5000   37.5000   45.0000 2441.9580   24.3451
    0.0000   37.5000   45.0000 2459.4263   24.2587
    7.5000   37.5000   45.0000 2435.0022   24.3419
   -7.5000   45.0000   45.0000 2310.5347   26.0679
    0.0000   45.0000   45.0000 2326.2119   25.9827
    7.5000   45.0000   45.0000 2306.3679   26.1102

---------------------------------------------------------------------
imgreg_4dfp /opt/freesurfer/average/711-2C_as_mni_average_305 /opt/freesurfer/average/711-2B_as_mni_average_305_mask talsrcimg_g11 none talsrcimg_to_711-2C_as_mni_average_305_t4 1283
---------------------------------------------------------------------

freesurfer imgreg_4dfp.c
/opt/freesurfer/average/711-2C_as_mni_average_305.4dfp.img
       256       256       256         1
  1.000000  1.000000  1.000000
orientation T byte_order littleendian
Reading image: /opt/freesurfer/average/711-2C_as_mni_average_305.4dfp.img
dimensions:      256       256       256
mmppix:       1.0000   -1.0000   -1.0000
center:     128.0000 -129.0000 -129.0000
/opt/freesurfer/average/711-2B_as_mni_average_305_mask.4dfp.img
       256       256       256         1
  1.000000  1.000000  1.000000
orientation T byte_order littleendian
Reading mask: /opt/freesurfer/average/711-2B_as_mni_average_305_mask.4dfp.img (2306576 pixels)
talsrcimg_g11.4dfp.img
       256       256       256         1
  1.000000  1.000000  1.000000
orientation T byte_order littleendian
Reading image: talsrcimg_g11.4dfp.img
dimensions:      256       256       256
mmppix:       1.0000   -1.0000   -1.0000
center:     128.0000 -129.0000 -129.0000
rotation matrix determinant  1.000000
fimgreg.f
image alignment mode   1283 decimal      503 hex
parameters
    0.0000    7.5000   22.5000    0.0000    0.0000    0.0000
eta,q 0.90562 17.36764
niter,ni,del,rscale     5    3   12.0000    1.2000
parameter  2  0.962684 ->  0.500000 qaram    1.1500
parameter  6  0.734477 ->  0.500000 qaram    1.1500
parameters
   -1.6074    4.0500   22.0420   -2.7224    0.9316   -3.4500
eta,q 0.91009 17.13766
  0.1004  0.0934  0.0978  0.0951  0.0969  0.0901
  0.0974  0.0933  0.0950  0.0928  0.0965  0.0900
  0.0966  0.0955  0.0925  0.0922  0.0946  0.0902
  0.0979  0.0959  0.0943  0.0943  0.0922  0.0916
  0.1003  0.0966  0.0949  0.0959  0.0912  0.0947
  0.1011  0.1002  0.0960  0.0962  0.0927  0.0982
  0.1025  0.1032  0.0985  0.0965  0.0964  0.1016
niter,ni,del,rscale     6    3   12.0000    1.2000
parameters
   -1.8238    4.5945   20.3708   -0.4136    1.3090   -5.7056
eta,q 0.91080 16.98940
  0.0954  0.1029  0.0915  0.0966  0.0955  0.0911
  0.0936  0.0972  0.0914  0.0935  0.0935  0.0899
  0.0924  0.0912  0.0910  0.0919  0.0912  0.0892
  0.0899  0.0902  0.0910  0.0909  0.0897  0.0895
  0.0906  0.0944  0.0909  0.0898  0.0894  0.0910
  0.0944  0.0961  0.0925  0.0899  0.0911  0.0935
  0.0967  0.0980  0.0964  0.0915  0.0954  0.0963
niter,ni,del,rscale     5    3   12.0000    1.2000
parameters
   -0.8933    3.5763   18.6817   -1.2337    1.0419   -8.3004
eta,q 0.91330 16.89426
  0.0953  0.0946  0.0893  0.0904  0.0936  0.0893
  0.0940  0.0893  0.0876  0.0882  0.0923  0.0877
  0.0921  0.0871  0.0876  0.0877  0.0891  0.0867
  0.0892  0.0876  0.0869  0.0874  0.0876  0.0876
  0.0867  0.0907  0.0893  0.0877  0.0888  0.0900
  0.0891  0.0944  0.0906  0.0899  0.0919  0.0926
  0.0946  0.0975  0.0932  0.0931  0.0959  0.0946
niter,ni,del,rscale     4    3   12.0000    1.2000
parameters
   -0.1751    3.4923   18.2341   -1.5649    0.8892   -8.8742
eta,q 0.91442 16.90615
  0.0968  0.0968  0.0915  0.0908  0.0941  0.0914
  0.0942  0.0893  0.0858  0.0868  0.0912  0.0886
  0.0918  0.0869  0.0852  0.0855  0.0871  0.0866
  0.0867  0.0855  0.0855  0.0856  0.0856  0.0855
  0.0855  0.0863  0.0861  0.0863  0.0877  0.0870
  0.0892  0.0923  0.0899  0.0884  0.0913  0.0903
  0.0956  0.0958  0.0915  0.0915  0.0952  0.0936
niter,ni,del,rscale     3    3   12.0000    1.2000
parameters
   -0.0489    3.5090   18.1531   -1.6154    0.8202   -9.0469
eta,q 0.91450 16.90314
  0.0967  0.0974  0.0932  0.0918  0.0945  0.0920
  0.0938  0.0894  0.0864  0.0872  0.0913  0.0892
  0.0904  0.0865  0.0847  0.0856  0.0871  0.0869
  0.0856  0.0854  0.0854  0.0855  0.0854  0.0854
  0.0861  0.0860  0.0857  0.0863  0.0873  0.0863
  0.0911  0.0921  0.0893  0.0882  0.0912  0.0895
  0.0985  0.0955  0.0915  0.0912  0.0951  0.0931
niter,ni,del,rscale     2    3   12.0000    1.2000
parameters
   -0.0017    3.5221   18.1381   -1.6279    0.7812   -9.0945
eta,q 0.91453 16.90248
  0.0967  0.0974  0.0935  0.0920  0.0946  0.0923
  0.0937  0.0894  0.0866  0.0873  0.0913  0.0894
  0.0902  0.0864  0.0846  0.0856  0.0871  0.0870
  0.0855  0.0855  0.0854  0.0855  0.0854  0.0854
  0.0862  0.0861  0.0856  0.0863  0.0872  0.0861
  0.0914  0.0922  0.0893  0.0882  0.0912  0.0892
  0.0990  0.0955  0.0916  0.0912  0.0950  0.0930
registration optimization eta report
parameter search radius
    6.0000    6.9000    6.0000    6.0000    6.0000    6.9000
100000*second partial in parameter space
       32.       24.       22.       17.       25.       15.
  0.0967  0.0974  0.0935  0.0920  0.0946  0.0923
  0.0937  0.0894  0.0866  0.0873  0.0913  0.0894
  0.0902  0.0864  0.0846  0.0856  0.0871  0.0870
  0.0855  0.0855  0.0854  0.0855  0.0854  0.0854
  0.0862  0.0861  0.0856  0.0863  0.0872  0.0861
  0.0914  0.0922  0.0893  0.0882  0.0912  0.0892
  0.0990  0.0955  0.0916  0.0912  0.0950  0.0930
   -0.0017    3.5221   18.1381   -1.6279    0.7812   -9.0945
eta,q 0.91453 16.90248

---------------------------------------------------------------------
imgreg_4dfp /opt/freesurfer/average/711-2C_as_mni_average_305 /opt/freesurfer/average/711-2B_as_mni_average_305_mask talsrcimg_g11 none talsrcimg_to_711-2C_as_mni_average_305_t4 3335
---------------------------------------------------------------------

freesurfer imgreg_4dfp.c
/opt/freesurfer/average/711-2C_as_mni_average_305.4dfp.img
       256       256       256         1
  1.000000  1.000000  1.000000
orientation T byte_order littleendian
Reading image: /opt/freesurfer/average/711-2C_as_mni_average_305.4dfp.img
dimensions:      256       256       256
mmppix:       1.0000   -1.0000   -1.0000
center:     128.0000 -129.0000 -129.0000
/opt/freesurfer/average/711-2B_as_mni_average_305_mask.4dfp.img
       256       256       256         1
  1.000000  1.000000  1.000000
orientation T byte_order littleendian
Reading mask: /opt/freesurfer/average/711-2B_as_mni_average_305_mask.4dfp.img (2306576 pixels)
talsrcimg_g11.4dfp.img
       256       256       256         1
  1.000000  1.000000  1.000000
orientation T byte_order littleendian
Reading image: talsrcimg_g11.4dfp.img
dimensions:      256       256       256
mmppix:       1.0000   -1.0000   -1.0000
center:     128.0000 -129.0000 -129.0000
fimgreg.f
image alignment mode   3335 decimal      D07 hex
parameters
   -0.0017    3.5221   18.1381   -1.2663   -1.3031   -0.0497
   15.8382   -0.8967  -15.8049    3.0206    1.3634   -2.8407
eta,q 0.91094 16.96576
niter,ni,del,rscale     5    3    5.0000    1.2000
parameter  4  2.650459 ->  0.500000 qaram    1.1500
parameter  5-11.002738 ->  0.500000 qaram    1.1500
parameter  6  4.529142 ->  0.500000 qaram    1.1500
parameter  7  8.565232 ->  0.500000 qaram    1.1500
parameter  8 84.202644 -> -0.500000 qaram    1.1500
parameter  9 -1.071470 -> -0.500000 qaram    1.1500
parameter 10 -1.639585 -> -0.500000 qaram    1.1500
parameter 11 -3.962266 -> -0.500000 qaram    1.1500
parameter 12 -1.863121 -> -0.500000 qaram    1.1500
parameters
   -0.0370    3.9919   18.6208   -5.4063   -5.4431   -4.1897
   11.6982    3.2433  -11.6649    7.1606    5.5034    1.2993
eta,q 0.93645 17.06276
  0.0899  0.0912  0.0903  0.0826  0.0791  0.0745  0.0763  0.0850  0.0743  0.0769  0.0731  0.0722
  0.0896  0.0903  0.0896  0.0842  0.0819  0.0775  0.0769  0.0827  0.0733  0.0748  0.0717  0.0700
  0.0894  0.0895  0.0891  0.0866  0.0835  0.0800  0.0776  0.0800  0.0725  0.0730  0.0702  0.0679
  0.0891  0.0891  0.0890  0.0891  0.0847  0.0825  0.0782  0.0771  0.0718  0.0711  0.0686  0.0660
  0.0889  0.0891  0.0891  0.0913  0.0865  0.0854  0.0789  0.0741  0.0714  0.0695  0.0670  0.0644
  0.0893  0.0894  0.0893  0.0947  0.0880  0.0884  0.0797  0.0710  0.0711  0.0683  0.0657  0.0633
  0.0904  0.0900  0.0894  0.0981  0.0902  0.0925  0.0803  0.0690  0.0709  0.0681  0.0651  0.0625
niter,ni,del,rscale     7    3    5.0000    1.2000
parameter  1  0.625887 ->  0.500000 qaram    1.1500
parameter  2  1.235856 ->  0.500000 qaram    1.1500
parameter  3  0.564554 ->  0.500000 qaram    1.1500
parameter  4  1.179678 ->  0.500000 qaram    1.3225
parameter  5 18.909359 ->  0.500000 qaram    1.3225
parameter  6  0.828017 ->  0.500000 qaram    1.3225
parameter  7  0.648774 ->  0.500000 qaram    1.3225
parameter 10  0.913960 ->  0.500000 qaram    1.3225
parameter 11  0.949799 ->  0.500000 qaram    1.3225
parameter 12  1.409960 ->  0.500000 qaram    1.3225
parameters
   -1.4170    2.6119   17.2408  -10.1673  -10.2041   -8.9507
    6.9372    3.3731  -12.5283    2.3996    0.7424   -3.4617
eta,q 0.96112 17.01250
  0.0627  0.0602  0.0604  0.0528  0.0440  0.0439  0.0447  0.0499  0.0461  0.0418  0.0408  0.0385
  0.0622  0.0604  0.0599  0.0535  0.0467  0.0451  0.0441  0.0461  0.0449  0.0416  0.0408  0.0387
  0.0625  0.0611  0.0600  0.0556  0.0502  0.0461  0.0443  0.0445  0.0442  0.0423  0.0411  0.0395
  0.0635  0.0622  0.0605  0.0599  0.0539  0.0476  0.0454  0.0441  0.0441  0.0440  0.0417  0.0409
  0.0655  0.0636  0.0616  0.0657  0.0580  0.0514  0.0472  0.0443  0.0446  0.0463  0.0424  0.0425
  0.0682  0.0653  0.0629  0.0729  0.0618  0.0585  0.0494  0.0460  0.0457  0.0490  0.0433  0.0442
  0.0714  0.0671  0.0645  0.0785  0.0646  0.0638  0.0519  0.0495  0.0471  0.0521  0.0444  0.0460
niter,ni,del,rscale     7    3    5.0000    1.2000
parameter  2  1.115642 ->  0.500000 qaram    1.3225
parameter  3  2.438771 ->  0.500000 qaram    1.3225
parameter  5  0.555943 ->  0.500000 qaram    1.5209
parameters
   -1.9240    1.0249   15.6538  -13.2686  -15.6793  -11.3333
    8.5254    3.1032  -12.1630    0.5937   -1.4798   -4.3430
eta,q 0.97257 16.84598
  0.0421  0.0342  0.0275  0.0325  0.0295  0.0316  0.0340  0.0329  0.0306  0.0314  0.0285  0.0292
  0.0400  0.0346  0.0293  0.0311  0.0282  0.0297  0.0313  0.0297  0.0291  0.0288  0.0277  0.0280
  0.0389  0.0361  0.0318  0.0303  0.0281  0.0282  0.0292  0.0282  0.0282  0.0277  0.0275  0.0275
  0.0389  0.0387  0.0349  0.0300  0.0303  0.0280  0.0280  0.0278  0.0278  0.0278  0.0276  0.0275
  0.0401  0.0422  0.0385  0.0320  0.0352  0.0294  0.0279  0.0287  0.0280  0.0292  0.0280  0.0278
  0.0424  0.0464  0.0423  0.0381  0.0423  0.0341  0.0290  0.0305  0.0288  0.0318  0.0288  0.0286
  0.0459  0.0509  0.0463  0.0465  0.0504  0.0427  0.0312  0.0333  0.0302  0.0355  0.0298  0.0300
niter,ni,del,rscale     7    3    5.0000    1.2000
parameter  3  0.901922 ->  0.500000 qaram    1.5209
parameters
   -1.7042    1.0450   13.8288  -12.8239  -16.7141  -12.7131
    8.2976    4.1002  -11.4353    1.4615   -0.2924   -4.8097
eta,q 0.97384 16.72516
  0.0322  0.0324  0.0252  0.0310  0.0323  0.0302  0.0307  0.0341  0.0289  0.0325  0.0282  0.0278
  0.0297  0.0297  0.0253  0.0287  0.0295  0.0284  0.0284  0.0293  0.0276  0.0288  0.0269  0.0267
  0.0281  0.0280  0.0260  0.0268  0.0270  0.0269  0.0269  0.0268  0.0267  0.0269  0.0264  0.0262
  0.0274  0.0274  0.0274  0.0254  0.0252  0.0256  0.0261  0.0262  0.0262  0.0262  0.0262  0.0262
  0.0277  0.0279  0.0294  0.0247  0.0258  0.0256  0.0266  0.0267  0.0263  0.0266  0.0262  0.0265
  0.0288  0.0296  0.0320  0.0267  0.0301  0.0294  0.0284  0.0281  0.0269  0.0279  0.0266  0.0271
  0.0309  0.0323  0.0352  0.0313  0.0381  0.0374  0.0316  0.0304  0.0282  0.0302  0.0272  0.0280
niter,ni,del,rscale     7    3    5.0000    1.2000
parameters
   -1.6251    1.4320   12.2126  -12.3391  -16.9508  -13.7862
    7.8757    4.5346  -11.6471    2.7417    1.2646   -5.1624
eta,q 0.97419 16.65171
  0.0303  0.0315  0.0265  0.0307  0.0325  0.0296  0.0300  0.0326  0.0278  0.0321  0.0278  0.0275
  0.0281  0.0288  0.0256  0.0284  0.0298  0.0278  0.0279  0.0281  0.0267  0.0284  0.0266  0.0264
  0.0267  0.0270  0.0255  0.0267  0.0274  0.0265  0.0264  0.0260  0.0261  0.0265  0.0260  0.0259
  0.0262  0.0262  0.0261  0.0255  0.0253  0.0254  0.0257  0.0258  0.0258  0.0258  0.0258  0.0258
  0.0265  0.0263  0.0273  0.0246  0.0251  0.0248  0.0262  0.0264  0.0260  0.0261  0.0259  0.0262
  0.0277  0.0274  0.0293  0.0263  0.0283  0.0278  0.0281  0.0279  0.0268  0.0272  0.0261  0.0268
  0.0299  0.0294  0.0318  0.0310  0.0354  0.0355  0.0313  0.0307  0.0282  0.0290  0.0267  0.0276
niter,ni,del,rscale     6    3    5.0000    1.2000
parameters
   -1.5425    1.9543   11.6396  -12.0799  -17.4281  -14.3550
    7.6296    4.5656  -12.5970    4.0749    2.7002   -4.8087
eta,q 0.97413 16.59630
  0.0298  0.0309  0.0276  0.0303  0.0319  0.0298  0.0300  0.0315  0.0274  0.0314  0.0276  0.0277
  0.0276  0.0284  0.0264  0.0282  0.0295  0.0280  0.0279  0.0277  0.0264  0.0281  0.0266  0.0266
  0.0263  0.0267  0.0257  0.0267  0.0274  0.0267  0.0265  0.0261  0.0260  0.0264  0.0261  0.0260
  0.0258  0.0258  0.0257  0.0256  0.0255  0.0257  0.0259  0.0259  0.0259  0.0259  0.0259  0.0259
  0.0261  0.0258  0.0263  0.0247  0.0254  0.0249  0.0263  0.0264  0.0262  0.0261  0.0259  0.0261
  0.0273  0.0267  0.0276  0.0265  0.0285  0.0266  0.0279  0.0281  0.0270  0.0270  0.0261  0.0266
  0.0294  0.0284  0.0294  0.0312  0.0354  0.0337  0.0308  0.0311  0.0283  0.0286  0.0267  0.0273
niter,ni,del,rscale     5    3    5.0000    1.2000
parameters
   -1.4420    2.5438   11.1190  -12.0866  -18.2868  -15.2123
    7.4611    4.5986  -13.6989    5.5516    3.8391   -4.1740
eta,q 0.97400 16.47556
  0.0298  0.0307  0.0276  0.0300  0.0311  0.0293  0.0299  0.0310  0.0275  0.0309  0.0276  0.0278
  0.0276  0.0284  0.0264  0.0281  0.0290  0.0277  0.0279  0.0278  0.0266  0.0281  0.0267  0.0268
  0.0264  0.0268  0.0258  0.0267  0.0272  0.0267  0.0266  0.0266  0.0261  0.0267  0.0263  0.0262
  0.0259  0.0259  0.0257  0.0257  0.0257  0.0260  0.0261  0.0261  0.0261  0.0261  0.0260  0.0260
  0.0262  0.0257  0.0263  0.0249  0.0257  0.0253  0.0265  0.0264  0.0265  0.0262  0.0260  0.0261
  0.0273  0.0265  0.0274  0.0269  0.0288  0.0268  0.0279  0.0279  0.0273  0.0269  0.0263  0.0266
  0.0293  0.0281  0.0292  0.0315  0.0355  0.0337  0.0304  0.0308  0.0284  0.0284  0.0270  0.0273
niter,ni,del,rscale     4    3    5.0000    1.2000
parameters
   -1.3470    3.2331   10.6152  -12.0624  -19.3437  -16.1541
    7.3761    4.6233  -13.8865    7.1050    3.1701   -3.8970
eta,q 0.97392 16.33938
  0.0299  0.0308  0.0277  0.0300  0.0306  0.0290  0.0297  0.0306  0.0281  0.0304  0.0272  0.0277
  0.0277  0.0286  0.0266  0.0281  0.0286  0.0275  0.0278  0.0279  0.0270  0.0282  0.0265  0.0268
  0.0264  0.0269  0.0259  0.0268  0.0270  0.0266  0.0266  0.0267  0.0263  0.0269  0.0262  0.0263
  0.0260  0.0260  0.0258  0.0258  0.0258  0.0261  0.0262  0.0262  0.0262  0.0262  0.0261  0.0261
  0.0263  0.0258  0.0263  0.0251  0.0259  0.0256  0.0266  0.0264  0.0265  0.0262  0.0263  0.0262
  0.0274  0.0265  0.0275  0.0269  0.0288  0.0267  0.0278  0.0278  0.0271  0.0269  0.0267  0.0267
  0.0293  0.0280  0.0292  0.0313  0.0351  0.0331  0.0299  0.0307  0.0282  0.0283  0.0276  0.0275
niter,ni,del,rscale     3    3    5.0000    1.2000
parameters
   -1.2877    3.9054   10.1977  -12.0942  -20.2761  -16.9203
    7.2963    4.7074  -12.9233    8.5413    1.7847   -3.8908
eta,q 0.97405 16.21359
  0.0297  0.0308  0.0279  0.0299  0.0305  0.0288  0.0295  0.0305  0.0287  0.0301  0.0270  0.0275
  0.0277  0.0286  0.0267  0.0280  0.0285  0.0273  0.0277  0.0278  0.0274  0.0282  0.0263  0.0266
  0.0265  0.0270  0.0260  0.0267  0.0270  0.0265  0.0266  0.0266  0.0266  0.0269  0.0260  0.0261
  0.0261  0.0261  0.0259  0.0259  0.0259  0.0261  0.0262  0.0262  0.0262  0.0261  0.0260  0.0259
  0.0264  0.0259  0.0264  0.0253  0.0259  0.0258  0.0265  0.0264  0.0262  0.0261  0.0263  0.0261
  0.0275  0.0266  0.0275  0.0271  0.0285  0.0265  0.0277  0.0278  0.0267  0.0268  0.0269  0.0267
  0.0294  0.0281  0.0291  0.0312  0.0343  0.0318  0.0297  0.0303  0.0278  0.0284  0.0277  0.0275
niter,ni,del,rscale     2    3    5.0000    1.2000
parameters
   -1.2503    4.4349    9.9151  -12.1868  -20.9136  -17.4616
    7.0438    4.8204  -12.1240    9.4994    1.1240   -4.0830
eta,q 0.97410 16.12083
  0.0294  0.0305  0.0280  0.0298  0.0304  0.0287  0.0292  0.0304  0.0286  0.0298  0.0272  0.0274
  0.0275  0.0283  0.0268  0.0279  0.0285  0.0272  0.0275  0.0276  0.0273  0.0280  0.0264  0.0266
  0.0263  0.0267  0.0260  0.0266  0.0269  0.0263  0.0264  0.0264  0.0264  0.0267  0.0260  0.0261
  0.0259  0.0259  0.0258  0.0258  0.0259  0.0260  0.0260  0.0260  0.0260  0.0260  0.0259  0.0259
  0.0263  0.0259  0.0263  0.0253  0.0257  0.0259  0.0264  0.0264  0.0261  0.0261  0.0262  0.0261
  0.0273  0.0267  0.0273  0.0271  0.0279  0.0263  0.0276  0.0277  0.0267  0.0270  0.0268  0.0267
  0.0292  0.0283  0.0289  0.0310  0.0334  0.0308  0.0297  0.0300  0.0278  0.0287  0.0276  0.0275
niter,ni,del,rscale     1    3    5.0000    1.2000
parameters
   -1.1864    4.7532    9.7621  -12.2052  -21.2446  -17.7006
    6.7638    4.9541  -11.8278   10.0638    0.9170   -4.2665
eta,q 0.97407 16.07935
  0.0294  0.0301  0.0283  0.0298  0.0305  0.0288  0.0291  0.0305  0.0283  0.0296  0.0275  0.0274
  0.0275  0.0279  0.0270  0.0279  0.0285  0.0273  0.0275  0.0276  0.0271  0.0278  0.0265  0.0266
  0.0263  0.0265  0.0261  0.0266  0.0270  0.0263  0.0264  0.0263  0.0263  0.0266  0.0261  0.0261
  0.0259  0.0259  0.0259  0.0259  0.0259  0.0259  0.0260  0.0260  0.0260  0.0260  0.0259  0.0259
  0.0262  0.0261  0.0263  0.0254  0.0257  0.0259  0.0263  0.0264  0.0261  0.0262  0.0262  0.0261
  0.0272  0.0270  0.0272  0.0271  0.0275  0.0261  0.0275  0.0277  0.0269  0.0272  0.0267  0.0267
  0.0291  0.0286  0.0288  0.0308  0.0327  0.0303  0.0297  0.0300  0.0280  0.0289  0.0275  0.0275
registration optimization eta report
parameter search radius
    2.7600    3.1740    3.6501    9.5220   10.9503    9.5220
    9.5220    8.2800    8.2800    9.5220    9.5220    9.5220
100000*second partial in parameter space
       44.       34.       20.        5.        5.        4.
        4.        6.        3.        4.        2.        2.
  0.0294  0.0301  0.0283  0.0298  0.0305  0.0288  0.0291  0.0305  0.0283  0.0296  0.0275  0.0274
  0.0275  0.0279  0.0270  0.0279  0.0285  0.0273  0.0275  0.0276  0.0271  0.0278  0.0265  0.0266
  0.0263  0.0265  0.0261  0.0266  0.0270  0.0263  0.0264  0.0263  0.0263  0.0266  0.0261  0.0261
  0.0259  0.0259  0.0259  0.0259  0.0259  0.0259  0.0260  0.0260  0.0260  0.0260  0.0259  0.0259
  0.0262  0.0261  0.0263  0.0254  0.0257  0.0259  0.0263  0.0264  0.0261  0.0262  0.0262  0.0261
  0.0272  0.0270  0.0272  0.0271  0.0275  0.0261  0.0275  0.0277  0.0269  0.0272  0.0267  0.0267
  0.0291  0.0286  0.0288  0.0308  0.0327  0.0303  0.0297  0.0300  0.0280  0.0289  0.0275  0.0275
   -1.1864    4.7532    9.7621  -12.2052  -21.2446  -17.7006
    6.7638    4.9541  -11.8278   10.0638    0.9170   -4.2665
eta,q 0.97407 16.07935

---------------------------------------------------------------------
imgreg_4dfp /opt/freesurfer/average/711-2C_as_mni_average_305 /opt/freesurfer/average/711-2B_as_mni_average_305_mask talsrcimg_g11 none talsrcimg_to_711-2C_as_mni_average_305_t4 2311
---------------------------------------------------------------------

freesurfer imgreg_4dfp.c
/opt/freesurfer/average/711-2C_as_mni_average_305.4dfp.img
       256       256       256         1
  1.000000  1.000000  1.000000
orientation T byte_order littleendian
Reading image: /opt/freesurfer/average/711-2C_as_mni_average_305.4dfp.img
dimensions:      256       256       256
mmppix:       1.0000   -1.0000   -1.0000
center:     128.0000 -129.0000 -129.0000
/opt/freesurfer/average/711-2B_as_mni_average_305_mask.4dfp.img
       256       256       256         1
  1.000000  1.000000  1.000000
orientation T byte_order littleendian
Reading mask: /opt/freesurfer/average/711-2B_as_mni_average_305_mask.4dfp.img (2306576 pixels)
talsrcimg_g11.4dfp.img
       256       256       256         1
  1.000000  1.000000  1.000000
orientation T byte_order littleendian
Reading image: talsrcimg_g11.4dfp.img
dimensions:      256       256       256
mmppix:       1.0000   -1.0000   -1.0000
center:     128.0000 -129.0000 -129.0000
fimgreg.f
image alignment mode   2311 decimal      907 hex
parameters
   -1.1864    4.7532    9.7621  -12.2052  -21.2446  -17.7006
    6.7638    4.9541  -11.8278   10.0638    0.9170   -4.2665
eta,q 0.97407 16.07935
niter,ni,del,rscale     5    3    5.0000    0.8000
parameter  4 -0.510693 -> -0.500000 qaram    1.1500
parameter  6 -0.607267 -> -0.500000 qaram    1.1500
parameters
   -1.1097    4.8871    9.7331   -9.4452  -19.0858  -14.9406
    6.3481    5.8970  -11.6465   10.0436    1.5359   -6.4361
eta,q 0.97511 16.54885
  0.0271  0.0270  0.0265  0.0272  0.0272  0.0263  0.0262  0.0289  0.0260  0.0259  0.0259  0.0250
  0.0265  0.0264  0.0262  0.0267  0.0265  0.0258  0.0255  0.0269  0.0255  0.0254  0.0254  0.0249
  0.0261  0.0261  0.0260  0.0262  0.0259  0.0255  0.0251  0.0256  0.0251  0.0251  0.0251  0.0249
  0.0259  0.0259  0.0259  0.0259  0.0255  0.0252  0.0250  0.0250  0.0250  0.0250  0.0250  0.0249
  0.0260  0.0260  0.0260  0.0256  0.0253  0.0251  0.0253  0.0250  0.0250  0.0251  0.0250  0.0251
  0.0263  0.0262  0.0262  0.0255  0.0253  0.0250  0.0258  0.0256  0.0253  0.0254  0.0252  0.0253
  0.0269  0.0267  0.0265  0.0260  0.0257  0.0251  0.0267  0.0267  0.0259  0.0260  0.0255  0.0257
niter,ni,del,rscale     6    3    5.0000    0.9000
parameters
   -1.1077    4.6018   10.0562  -10.8747  -18.8823  -15.4437
    6.8373    5.4381  -11.9536    9.7312    1.6909   -6.0274
eta,q 0.97489 16.47188
  0.0271  0.0258  0.0258  0.0265  0.0267  0.0263  0.0268  0.0270  0.0261  0.0262  0.0257  0.0257
  0.0259  0.0252  0.0253  0.0259  0.0260  0.0257  0.0260  0.0257  0.0255  0.0256  0.0253  0.0254
  0.0252  0.0249  0.0250  0.0253  0.0255  0.0254  0.0254  0.0252  0.0252  0.0252  0.0252  0.0252
  0.0249  0.0249  0.0249  0.0248  0.0251  0.0251  0.0252  0.0251  0.0251  0.0251  0.0251  0.0251
  0.0251  0.0252  0.0249  0.0254  0.0250  0.0248  0.0252  0.0254  0.0253  0.0253  0.0252  0.0251
  0.0258  0.0257  0.0250  0.0276  0.0255  0.0252  0.0256  0.0263  0.0257  0.0257  0.0253  0.0253
  0.0271  0.0266  0.0253  0.0305  0.0268  0.0280  0.0264  0.0277  0.0264  0.0265  0.0256  0.0255
niter,ni,del,rscale     5    3    5.0000    0.8000
parameters
   -1.1223    4.5193    9.9237  -10.9975  -18.6168  -15.0968
    6.9586    5.4672  -11.9980    9.6077    1.8219   -6.3466
eta,q 0.97494 16.49908
  0.0264  0.0260  0.0255  0.0267  0.0265  0.0261  0.0263  0.0269  0.0259  0.0260  0.0255  0.0254
  0.0257  0.0255  0.0253  0.0261  0.0259  0.0256  0.0256  0.0257  0.0255  0.0254  0.0252  0.0252
  0.0252  0.0252  0.0251  0.0256  0.0254  0.0253  0.0252  0.0252  0.0252  0.0251  0.0251  0.0251
  0.0251  0.0251  0.0251  0.0251  0.0251  0.0251  0.0251  0.0251  0.0251  0.0251  0.0251  0.0251
  0.0252  0.0252  0.0252  0.0249  0.0251  0.0248  0.0251  0.0252  0.0252  0.0252  0.0251  0.0251
  0.0257  0.0256  0.0254  0.0256  0.0255  0.0248  0.0255  0.0258  0.0255  0.0255  0.0252  0.0253
  0.0264  0.0262  0.0257  0.0276  0.0264  0.0263  0.0262  0.0268  0.0260  0.0261  0.0254  0.0255
niter,ni,del,rscale     4    3    5.0000    0.7000
parameters
   -1.1363    4.4921    9.9377  -10.7135  -18.4479  -14.5314
    6.9924    5.5774  -12.0696    9.5890    2.0148   -6.6148
eta,q 0.97511 16.55958
  0.0260  0.0258  0.0254  0.0265  0.0261  0.0258  0.0258  0.0266  0.0256  0.0256  0.0253  0.0251
  0.0255  0.0254  0.0252  0.0260  0.0256  0.0254  0.0253  0.0256  0.0252  0.0252  0.0251  0.0250
  0.0252  0.0251  0.0251  0.0255  0.0252  0.0252  0.0250  0.0251  0.0250  0.0250  0.0249  0.0249
  0.0251  0.0251  0.0251  0.0251  0.0250  0.0250  0.0249  0.0249  0.0249  0.0249  0.0249  0.0249
  0.0252  0.0252  0.0251  0.0248  0.0250  0.0247  0.0250  0.0250  0.0250  0.0250  0.0249  0.0249
  0.0255  0.0254  0.0252  0.0252  0.0253  0.0247  0.0253  0.0255  0.0252  0.0252  0.0250  0.0250
  0.0261  0.0259  0.0254  0.0267  0.0261  0.0258  0.0259  0.0264  0.0256  0.0256  0.0252  0.0252
niter,ni,del,rscale     3    3    5.0000    0.6000
parameters
   -1.1238    4.4404   10.0144  -10.4454  -18.2600  -14.0494
    6.9996    5.6604  -12.1375    9.5523    2.1351   -6.7608
eta,q 0.97527 16.61488
  0.0257  0.0254  0.0252  0.0262  0.0257  0.0255  0.0255  0.0261  0.0252  0.0253  0.0251  0.0249
  0.0253  0.0251  0.0250  0.0257  0.0253  0.0252  0.0251  0.0253  0.0250  0.0250  0.0249  0.0248
  0.0250  0.0249  0.0249  0.0253  0.0250  0.0250  0.0248  0.0249  0.0248  0.0248  0.0248  0.0247
  0.0249  0.0249  0.0249  0.0249  0.0248  0.0248  0.0247  0.0247  0.0247  0.0247  0.0247  0.0247
  0.0250  0.0250  0.0249  0.0247  0.0248  0.0246  0.0248  0.0248  0.0248  0.0248  0.0248  0.0248
  0.0252  0.0252  0.0250  0.0251  0.0251  0.0246  0.0250  0.0253  0.0250  0.0250  0.0249  0.0248
  0.0257  0.0255  0.0251  0.0262  0.0256  0.0255  0.0255  0.0260  0.0253  0.0253  0.0250  0.0250
niter,ni,del,rscale     2    3    5.0000    0.5000
parameters
   -1.1116    4.3588   10.1045  -10.2139  -18.0665  -13.5702
    7.0000    5.7125  -12.1594    9.4574    2.1725   -6.7976
eta,q 0.97542 16.66457
  0.0253  0.0251  0.0250  0.0258  0.0253  0.0253  0.0251  0.0257  0.0250  0.0250  0.0249  0.0247
  0.0250  0.0249  0.0248  0.0254  0.0251  0.0251  0.0248  0.0251  0.0248  0.0247  0.0247  0.0246
  0.0248  0.0248  0.0248  0.0250  0.0248  0.0249  0.0247  0.0247  0.0246  0.0246  0.0246  0.0246
  0.0247  0.0247  0.0247  0.0247  0.0247  0.0247  0.0246  0.0246  0.0246  0.0246  0.0246  0.0246
  0.0248  0.0248  0.0247  0.0246  0.0247  0.0245  0.0246  0.0247  0.0246  0.0246  0.0246  0.0246
  0.0250  0.0250  0.0248  0.0249  0.0249  0.0245  0.0248  0.0250  0.0248  0.0248  0.0247  0.0247
  0.0253  0.0252  0.0249  0.0258  0.0253  0.0252  0.0251  0.0256  0.0250  0.0250  0.0248  0.0247
niter,ni,del,rscale     1    3    5.0000    0.4000
parameters
   -1.1039    4.2599   10.2100  -10.0325  -17.8676  -13.1170
    6.9647    5.7343  -12.1610    9.3071    2.1644   -6.8512
eta,q 0.97553 16.70884
  0.0250  0.0248  0.0248  0.0254  0.0250  0.0250  0.0248  0.0253  0.0247  0.0247  0.0247  0.0246
  0.0248  0.0247  0.0247  0.0251  0.0248  0.0249  0.0246  0.0248  0.0246  0.0246  0.0246  0.0245
  0.0246  0.0246  0.0246  0.0248  0.0246  0.0247  0.0245  0.0246  0.0245  0.0245  0.0245  0.0245
  0.0246  0.0246  0.0246  0.0246  0.0246  0.0245  0.0245  0.0245  0.0245  0.0245  0.0245  0.0245
  0.0246  0.0246  0.0246  0.0245  0.0246  0.0244  0.0245  0.0246  0.0245  0.0245  0.0245  0.0245
  0.0248  0.0247  0.0246  0.0248  0.0247  0.0245  0.0246  0.0248  0.0246  0.0246  0.0246  0.0245
  0.0250  0.0249  0.0247  0.0254  0.0249  0.0249  0.0249  0.0252  0.0247  0.0248  0.0247  0.0246
registration optimization eta report
parameter search radius
    0.8000    0.8000    0.8000    2.7600    2.4000    2.7600
    2.4000    2.4000    2.4000    2.4000    2.4000    2.4000
100000*second partial in parameter space
       66.       44.       24.       11.        7.        6.
        6.       14.        5.        5.        3.        2.
  0.0250  0.0248  0.0248  0.0254  0.0250  0.0250  0.0248  0.0253  0.0247  0.0247  0.0247  0.0246
  0.0248  0.0247  0.0247  0.0251  0.0248  0.0249  0.0246  0.0248  0.0246  0.0246  0.0246  0.0245
  0.0246  0.0246  0.0246  0.0248  0.0246  0.0247  0.0245  0.0246  0.0245  0.0245  0.0245  0.0245
  0.0246  0.0246  0.0246  0.0246  0.0246  0.0245  0.0245  0.0245  0.0245  0.0245  0.0245  0.0245
  0.0246  0.0246  0.0246  0.0245  0.0246  0.0244  0.0245  0.0246  0.0245  0.0245  0.0245  0.0245
  0.0248  0.0247  0.0246  0.0248  0.0247  0.0245  0.0246  0.0248  0.0246  0.0246  0.0246  0.0245
  0.0250  0.0249  0.0247  0.0254  0.0249  0.0249  0.0249  0.0252  0.0247  0.0248  0.0247  0.0246
   -1.1039    4.2599   10.2100  -10.0325  -17.8676  -13.1170
    6.9647    5.7343  -12.1610    9.3071    2.1644   -6.8512
eta,q 0.97553 16.70884

---------------------------------------------------------------------
imgreg_4dfp /opt/freesurfer/average/711-2C_as_mni_average_305 /opt/freesurfer/average/711-2B_as_mni_average_305_mask talsrcimg_g11 none talsrcimg_to_711-2C_as_mni_average_305_t4 2311
---------------------------------------------------------------------

freesurfer imgreg_4dfp.c
/opt/freesurfer/average/711-2C_as_mni_average_305.4dfp.img
       256       256       256         1
  1.000000  1.000000  1.000000
orientation T byte_order littleendian
Reading image: /opt/freesurfer/average/711-2C_as_mni_average_305.4dfp.img
dimensions:      256       256       256
mmppix:       1.0000   -1.0000   -1.0000
center:     128.0000 -129.0000 -129.0000
/opt/freesurfer/average/711-2B_as_mni_average_305_mask.4dfp.img
       256       256       256         1
  1.000000  1.000000  1.000000
orientation T byte_order littleendian
Reading mask: /opt/freesurfer/average/711-2B_as_mni_average_305_mask.4dfp.img (2306576 pixels)
talsrcimg_g11.4dfp.img
       256       256       256         1
  1.000000  1.000000  1.000000
orientation T byte_order littleendian
Reading image: talsrcimg_g11.4dfp.img
dimensions:      256       256       256
mmppix:       1.0000   -1.0000   -1.0000
center:     128.0000 -129.0000 -129.0000
fimgreg.f
image alignment mode   2311 decimal      907 hex
parameters
   -1.1039    4.2599   10.2100  -10.0325  -17.8676  -13.1170
    6.9647    5.7343  -12.1610    9.3071    2.1644   -6.8512
eta,q 0.97553 16.70884
niter,ni,del,rscale     5    3    5.0000    0.8000
parameters
   -1.1473    4.0972   10.3902  -10.7374  -18.1870  -13.9403
    7.0940    5.5785  -12.3337    8.8992    2.3210   -6.2965
eta,q 0.97522 16.62213
  0.0262  0.0254  0.0254  0.0260  0.0259  0.0256  0.0261  0.0268  0.0256  0.0256  0.0253  0.0253
  0.0253  0.0248  0.0249  0.0254  0.0253  0.0253  0.0254  0.0256  0.0251  0.0251  0.0250  0.0250
  0.0247  0.0245  0.0246  0.0249  0.0249  0.0249  0.0250  0.0250  0.0249  0.0248  0.0248  0.0248
  0.0245  0.0245  0.0245  0.0245  0.0246  0.0246  0.0248  0.0248  0.0248  0.0248  0.0248  0.0248
  0.0247  0.0247  0.0245  0.0247  0.0247  0.0245  0.0249  0.0250  0.0249  0.0250  0.0248  0.0248
  0.0253  0.0251  0.0247  0.0259  0.0253  0.0255  0.0252  0.0258  0.0252  0.0253  0.0250  0.0249
  0.0264  0.0259  0.0250  0.0281  0.0267  0.0280  0.0260  0.0271  0.0257  0.0260  0.0252  0.0251
niter,ni,del,rscale     4    3    5.0000    0.7000
parameters
   -1.1184    4.1567   10.2136  -10.4545  -18.1261  -13.9487
    7.0758    5.6210  -12.3756    9.0213    2.3212   -6.4397
eta,q 0.97530 16.63628
  0.0259  0.0256  0.0251  0.0262  0.0258  0.0255  0.0257  0.0265  0.0254  0.0255  0.0251  0.0250
  0.0253  0.0252  0.0249  0.0257  0.0254  0.0252  0.0251  0.0255  0.0250  0.0251  0.0249  0.0248
  0.0249  0.0249  0.0248  0.0252  0.0250  0.0249  0.0248  0.0249  0.0248  0.0248  0.0247  0.0247
  0.0248  0.0248  0.0248  0.0248  0.0247  0.0247  0.0247  0.0247  0.0247  0.0247  0.0247  0.0247
  0.0249  0.0248  0.0249  0.0246  0.0247  0.0245  0.0248  0.0249  0.0248  0.0248  0.0247  0.0247
  0.0252  0.0251  0.0250  0.0250  0.0251  0.0247  0.0251  0.0254  0.0250  0.0250  0.0249  0.0248
  0.0258  0.0255  0.0253  0.0262  0.0260  0.0260  0.0257  0.0265  0.0254  0.0254  0.0251  0.0250
niter,ni,del,rscale     3    3    5.0000    0.6000
parameters
   -1.1145    4.1925   10.2218  -10.2266  -18.0350  -13.4937
    7.0708    5.6727  -12.3221    9.1298    2.2853   -6.6148
eta,q 0.97544 16.67555
  0.0256  0.0253  0.0250  0.0259  0.0255  0.0253  0.0253  0.0261  0.0251  0.0252  0.0249  0.0248
  0.0251  0.0250  0.0248  0.0254  0.0251  0.0251  0.0249  0.0252  0.0248  0.0248  0.0247  0.0246
  0.0248  0.0248  0.0247  0.0250  0.0248  0.0248  0.0247  0.0247  0.0246  0.0246  0.0246  0.0246
  0.0247  0.0247  0.0247  0.0247  0.0247  0.0246  0.0246  0.0246  0.0246  0.0246  0.0246  0.0246
  0.0248  0.0247  0.0247  0.0246  0.0247  0.0245  0.0246  0.0247  0.0246  0.0246  0.0246  0.0246
  0.0251  0.0249  0.0248  0.0249  0.0249  0.0245  0.0249  0.0252  0.0248  0.0248  0.0247  0.0247
  0.0256  0.0253  0.0250  0.0259  0.0256  0.0253  0.0254  0.0260  0.0251  0.0251  0.0249  0.0248
niter,ni,del,rscale     2    3    5.0000    0.5000
parameters
   -1.1139    4.1604   10.2869  -10.0898  -17.8822  -13.1797
    7.0496    5.7043  -12.2860    9.0978    2.2482   -6.7266
eta,q 0.97552 16.70786
  0.0252  0.0250  0.0248  0.0255  0.0252  0.0251  0.0250  0.0257  0.0249  0.0249  0.0248  0.0246
  0.0249  0.0247  0.0247  0.0251  0.0249  0.0249  0.0247  0.0250  0.0247  0.0247  0.0246  0.0245
  0.0246  0.0246  0.0246  0.0248  0.0247  0.0247  0.0245  0.0246  0.0245  0.0245  0.0245  0.0245
  0.0246  0.0246  0.0246  0.0246  0.0245  0.0245  0.0245  0.0245  0.0245  0.0245  0.0245  0.0245
  0.0246  0.0246  0.0246  0.0245  0.0245  0.0244  0.0245  0.0246  0.0245  0.0245  0.0245  0.0245
  0.0248  0.0248  0.0246  0.0248  0.0247  0.0245  0.0247  0.0250  0.0246  0.0247  0.0246  0.0246
  0.0252  0.0250  0.0248  0.0255  0.0252  0.0251  0.0251  0.0256  0.0249  0.0249  0.0248  0.0247
niter,ni,del,rscale     1    3    5.0000    0.4000
parameters
   -1.1109    4.0964   10.3595   -9.9519  -17.7102  -12.7896
    7.0114    5.7202  -12.2577    8.9980    2.2162   -6.7435
eta,q 0.97560 16.74254
  0.0249  0.0247  0.0247  0.0252  0.0249  0.0249  0.0248  0.0253  0.0247  0.0247  0.0246  0.0245
  0.0247  0.0246  0.0246  0.0249  0.0247  0.0247  0.0246  0.0248  0.0245  0.0245  0.0245  0.0244
  0.0245  0.0245  0.0245  0.0246  0.0246  0.0246  0.0244  0.0245  0.0244  0.0244  0.0244  0.0244
  0.0245  0.0245  0.0245  0.0245  0.0245  0.0245  0.0244  0.0244  0.0244  0.0244  0.0244  0.0244
  0.0245  0.0245  0.0245  0.0245  0.0245  0.0244  0.0244  0.0245  0.0244  0.0244  0.0244  0.0244
  0.0247  0.0246  0.0245  0.0247  0.0246  0.0244  0.0246  0.0248  0.0245  0.0246  0.0245  0.0245
  0.0249  0.0248  0.0246  0.0251  0.0249  0.0248  0.0248  0.0252  0.0247  0.0247  0.0246  0.0245
registration optimization eta report
parameter search radius
    0.8000    0.8000    0.8000    2.4000    2.4000    2.4000
    2.4000    2.4000    2.4000    2.4000    2.4000    2.4000
100000*second partial in parameter space
       70.       45.       26.       12.        8.        7.
        7.       15.        5.        5.        4.        2.
  0.0249  0.0247  0.0247  0.0252  0.0249  0.0249  0.0248  0.0253  0.0247  0.0247  0.0246  0.0245
  0.0247  0.0246  0.0246  0.0249  0.0247  0.0247  0.0246  0.0248  0.0245  0.0245  0.0245  0.0244
  0.0245  0.0245  0.0245  0.0246  0.0246  0.0246  0.0244  0.0245  0.0244  0.0244  0.0244  0.0244
  0.0245  0.0245  0.0245  0.0245  0.0245  0.0245  0.0244  0.0244  0.0244  0.0244  0.0244  0.0244
  0.0245  0.0245  0.0245  0.0245  0.0245  0.0244  0.0244  0.0245  0.0244  0.0244  0.0244  0.0244
  0.0247  0.0246  0.0245  0.0247  0.0246  0.0244  0.0246  0.0248  0.0245  0.0246  0.0245  0.0245
  0.0249  0.0248  0.0246  0.0251  0.0249  0.0248  0.0248  0.0252  0.0247  0.0247  0.0246  0.0245
   -1.1109    4.0964   10.3595   -9.9519  -17.7102  -12.7896
    7.0114    5.7202  -12.2577    8.9980    2.2162   -6.7435
eta,q 0.97560 16.74254

---------------------------------------------------------------------
compute_vox2vox talsrcimg talsrcimg_to_711-2C_as_mni_average_305_t4 /opt/freesurfer/average/711-2C_as_mni_average_305
---------------------------------------------------------------------

freesurfer compute_vox2vox.c
Reading: talsrcimg.4dfp.ifh
Reading: talsrcimg_to_711-2C_as_mni_average_305_t4
Reading: /opt/freesurfer/average/711-2C_as_mni_average_305.4dfp.ifh
Writing: talsrcimg_to_711-2C_as_mni_average_305_t4_vox2vox.txt

start time Mon Mar 9 04:25:12 CET 2026
end		time Mon Mar 9 04:26:39 CET 2026

mpr2mni305 success

avi2talxfm orig_nu.mgz /opt/freesurfer/average/mni305.cor.mgz talsrcimg_to_711-2C_as_mni_average_305_t4_vox2vox.txt transforms/talairach.auto.xfm
avi2talxfm done
mv -f /out/sourcedata/freesurfer/sub-v1s18x0051223_ses-1/mri/talsrcimg_to_711-2C_as_mni_average_305_t4_vox2vox.txt /out/sourcedata/freesurfer/sub-v1s18x0051223_ses-1/mri/transforms/talsrcimg_to_711-2C_as_mni_average_305_t4_vox2vox.txt
lta_convert --src orig_nu.mgz --trg /opt/freesurfer/average/mni305.cor.mgz --inxfm transforms/talairach.auto.xfm --outlta transforms/talairach.auto.xfm.lta --subject fsaverage
7.3.2

--src: orig_nu.mgz src image (geometry).
--trg: /opt/freesurfer/average/mni305.cor.mgz trg image (geometry).
--inmni: transforms/talairach.auto.xfm input MNI/XFM transform.
--outlta: transforms/talairach.auto.xfm.lta output LTA.
--s: fsaverage subject name
 LTA read, type : 1
 1.09861  -0.06188  -0.09868  -3.10658;
-0.01514   1.13789   0.09454  -13.78838;
 0.16530  -0.13364   1.19018  -4.47238;
 0.00000   0.00000   0.00000   1.00000;
setting subject to fsaverage
Writing  LTA to file transforms/talairach.auto.xfm.lta...
lta_convert successful.
 
 
Started at Mon Mar 9 04:25:11 CET 2026
Ended   at Mon Mar  9 04:26:39 CET 2026
talairach_avi done
