status file for recon-all
Mon Mar  9 05:09:46 CET 2026
#@# MotionCor Mon Mar  9 05:09:48 CET 2026
#@# Talairach Mon Mar  9 05:09:55 CET 2026
#@# Talairach Failure Detection Mon Mar  9 05:14:27 CET 2026
#@# Nu Intensity Correction Mon Mar  9 05:14:27 CET 2026
#@# Intensity Normalization Mon Mar  9 05:17:42 CET 2026
recon-all -s sub-v1s18x0051235_ses-1 finished without error at Mon Mar  9 05:19:09 CET 2026



#New# invocation of recon-all 



status file for recon-all
Mon Mar  9 05:26:27 CET 2026
#@# EM Registration Mon Mar  9 05:26:27 CET 2026
recon-all -s sub-v1s18x0051235_ses-1 finished without error at Mon Mar  9 05:28:18 CET 2026



#New# invocation of recon-all 



status file for recon-all
Mon Mar  9 05:28:19 CET 2026
#@# CA Normalize Mon Mar  9 05:28:19 CET 2026
#@# CA Reg Mon Mar  9 05:29:38 CET 2026
#@# SubCort Seg Mon Mar  9 06:15:41 CET 2026
#@# CC Seg Mon Mar  9 06:45:20 CET 2026
#@# Merge ASeg Mon Mar  9 06:46:15 CET 2026
#@# Intensity Normalization2 Mon Mar  9 06:46:15 CET 2026
#@# Mask BFS Mon Mar  9 06:48:21 CET 2026
#@# WM Segmentation Mon Mar  9 06:48:22 CET 2026
#@# Fill Mon Mar  9 06:50:19 CET 2026
recon-all -s sub-v1s18x0051235_ses-1 finished without error at Mon Mar  9 06:51:20 CET 2026



#New# invocation of recon-all 



status file for recon-all
Mon Mar  9 07:42:33 CET 2026
#@# white curv lh Mon Mar  9 07:42:33 CET 2026
#@# white area lh Mon Mar  9 07:42:33 CET 2026
#@# pial curv lh Mon Mar  9 07:42:33 CET 2026
#@# pial area lh Mon Mar  9 07:42:33 CET 2026
#@# thickness lh Mon Mar  9 07:42:33 CET 2026
#@# area and vertex vol lh Mon Mar  9 07:42:33 CET 2026
#@# white curv rh Mon Mar  9 07:42:33 CET 2026
#@# white area rh Mon Mar  9 07:42:33 CET 2026
#@# pial curv rh Mon Mar  9 07:42:33 CET 2026
#@# pial area rh Mon Mar  9 07:42:33 CET 2026
#@# thickness rh Mon Mar  9 07:42:33 CET 2026
#@# area and vertex vol rh Mon Mar  9 07:42:33 CET 2026
#@# Cortical ribbon mask Mon Mar  9 07:42:33 CET 2026
recon-all -s sub-v1s18x0051235_ses-1 finished without error at Mon Mar  9 07:50:24 CET 2026



#New# invocation of recon-all 



status file for recon-all
Mon Mar  9 07:57:25 CET 2026
#@# white curv lh Mon Mar  9 07:57:26 CET 2026
#@# white area lh Mon Mar  9 07:57:26 CET 2026
#@# pial curv lh Mon Mar  9 07:57:26 CET 2026
#@# pial area lh Mon Mar  9 07:57:26 CET 2026
#@# thickness lh Mon Mar  9 07:57:26 CET 2026
#@# area and vertex vol lh Mon Mar  9 07:57:26 CET 2026
#@# white curv rh Mon Mar  9 07:57:26 CET 2026
#@# white area rh Mon Mar  9 07:57:26 CET 2026
#@# pial curv rh Mon Mar  9 07:57:26 CET 2026
#@# pial area rh Mon Mar  9 07:57:26 CET 2026
#@# thickness rh Mon Mar  9 07:57:26 CET 2026
#@# area and vertex vol rh Mon Mar  9 07:57:26 CET 2026
#@# Curvature Stats lh Mon Mar  9 07:57:26 CET 2026
#@# Curvature Stats rh Mon Mar  9 07:57:28 CET 2026
#@# Relabel Hypointensities Mon Mar  9 07:57:31 CET 2026
#@# APas-to-ASeg Mon Mar  9 07:57:46 CET 2026
#@# AParc-to-ASeg aparc Mon Mar  9 07:57:55 CET 2026
#@# AParc-to-ASeg aparc.a2009s Mon Mar  9 07:58:38 CET 2026
#@# AParc-to-ASeg aparc.DKTatlas Mon Mar  9 07:59:26 CET 2026
#@# WMParc Mon Mar  9 08:00:04 CET 2026
#@# ASeg Stats Mon Mar  9 08:03:41 CET 2026
recon-all -s sub-v1s18x0051235_ses-1 finished without error at Mon Mar  9 08:04:18 CET 2026
