status file for recon-all
Mon Mar  9 07:16:01 CET 2026
#@# Tessellate rh Mon Mar  9 07:16:01 CET 2026
#@# Smooth1 rh Mon Mar  9 07:16:04 CET 2026
#@# Inflation1 rh Mon Mar  9 07:16:07 CET 2026
#@# QSphere rh Mon Mar  9 07:16:19 CET 2026
#@# Fix Topology rh Mon Mar  9 07:17:33 CET 2026
#@# Smooth2 rh Mon Mar  9 07:23:18 CET 2026
#@# Inflation2 rh Mon Mar  9 07:23:21 CET 2026
#@# Curv .H and .K rh Mon Mar  9 07:23:34 CET 2026
#@# Sphere rh Mon Mar  9 07:24:25 CET 2026
#@# Surf Reg rh Mon Mar  9 07:28:49 CET 2026
#@# Jacobian white rh Mon Mar  9 07:34:19 CET 2026
#@# AvgCurv rh Mon Mar  9 07:34:20 CET 2026
#@# Cortical Parc rh Mon Mar  9 07:34:21 CET 2026
#@# white curv rh Mon Mar  9 07:41:17 CET 2026
#@# white area rh Mon Mar  9 07:41:19 CET 2026
#@# pial curv rh Mon Mar  9 07:41:19 CET 2026
#@# pial area rh Mon Mar  9 07:41:21 CET 2026
#@# thickness rh Mon Mar  9 07:41:22 CET 2026
#@# area and vertex vol rh Mon Mar  9 07:41:53 CET 2026
#@# Curvature Stats rh Mon Mar  9 07:41:55 CET 2026
#@# Cortical Parc 2 rh Mon Mar  9 07:41:57 CET 2026
#@# Cortical Parc 3 rh Mon Mar  9 07:42:11 CET 2026
#@# WM/GM Contrast rh Mon Mar  9 07:42:22 CET 2026
recon-all -s sub-v1s18x0051235_ses-1 finished without error at Mon Mar  9 07:42:25 CET 2026



#New# invocation of recon-all 



status file for recon-all
Mon Mar  9 07:53:56 CET 2026
#@# white curv rh Mon Mar  9 07:53:56 CET 2026
#@# white area rh Mon Mar  9 07:53:56 CET 2026
#@# pial curv rh Mon Mar  9 07:53:56 CET 2026
#@# pial area rh Mon Mar  9 07:53:56 CET 2026
#@# thickness rh Mon Mar  9 07:53:56 CET 2026
#@# area and vertex vol rh Mon Mar  9 07:53:56 CET 2026
#@# Parcellation Stats rh Mon Mar  9 07:53:56 CET 2026
#@# Parcellation Stats 2 rh Mon Mar  9 07:54:17 CET 2026
#@# Parcellation Stats 3 rh Mon Mar  9 07:54:28 CET 2026
#@# BA_exvivo Labels rh Mon Mar  9 07:54:39 CET 2026
recon-all -s sub-v1s18x0051235_ses-1 finished without error at Mon Mar  9 07:57:20 CET 2026
