status file for recon-all
Mon Mar  9 03:47:59 CET 2026
#@# MotionCor Mon Mar  9 03:48:00 CET 2026
#@# Talairach Mon Mar  9 03:48:08 CET 2026
#@# Talairach Failure Detection Mon Mar  9 03:52:34 CET 2026
#@# Nu Intensity Correction Mon Mar  9 03:52:34 CET 2026
#@# Intensity Normalization Mon Mar  9 03:55:47 CET 2026
recon-all -s sub-v1s18x0051208_ses-1 finished without error at Mon Mar  9 03:57:08 CET 2026



#New# invocation of recon-all 



status file for recon-all
Mon Mar  9 04:03:47 CET 2026
#@# EM Registration Mon Mar  9 04:03:47 CET 2026
recon-all -s sub-v1s18x0051208_ses-1 finished without error at Mon Mar  9 04:05:35 CET 2026



#New# invocation of recon-all 



status file for recon-all
Mon Mar  9 04:05:39 CET 2026
#@# CA Normalize Mon Mar  9 04:05:39 CET 2026
#@# CA Reg Mon Mar  9 04:06:58 CET 2026
#@# SubCort Seg Mon Mar  9 04:51:34 CET 2026
#@# CC Seg Mon Mar  9 05:14:49 CET 2026
#@# Merge ASeg Mon Mar  9 05:17:04 CET 2026
#@# Intensity Normalization2 Mon Mar  9 05:17:04 CET 2026
#@# Mask BFS Mon Mar  9 05:19:08 CET 2026
#@# WM Segmentation Mon Mar  9 05:19:08 CET 2026
#@# Fill Mon Mar  9 05:20:55 CET 2026
recon-all -s sub-v1s18x0051208_ses-1 finished without error at Mon Mar  9 05:21:56 CET 2026



#New# invocation of recon-all 



status file for recon-all
Mon Mar  9 05:47:44 CET 2026
#@# white curv lh Mon Mar  9 05:47:44 CET 2026
#@# white area lh Mon Mar  9 05:47:44 CET 2026
#@# pial curv lh Mon Mar  9 05:47:44 CET 2026
#@# pial area lh Mon Mar  9 05:47:44 CET 2026
#@# thickness lh Mon Mar  9 05:47:44 CET 2026
#@# area and vertex vol lh Mon Mar  9 05:47:44 CET 2026
#@# white curv rh Mon Mar  9 05:47:45 CET 2026
#@# white area rh Mon Mar  9 05:47:45 CET 2026
#@# pial curv rh Mon Mar  9 05:47:45 CET 2026
#@# pial area rh Mon Mar  9 05:47:45 CET 2026
#@# thickness rh Mon Mar  9 05:47:45 CET 2026
#@# area and vertex vol rh Mon Mar  9 05:47:45 CET 2026
#@# Cortical ribbon mask Mon Mar  9 05:47:45 CET 2026
recon-all -s sub-v1s18x0051208_ses-1 finished without error at Mon Mar  9 05:51:16 CET 2026



#New# invocation of recon-all 



status file for recon-all
Mon Mar  9 05:56:00 CET 2026
#@# white curv lh Mon Mar  9 05:56:00 CET 2026
#@# white area lh Mon Mar  9 05:56:00 CET 2026
#@# pial curv lh Mon Mar  9 05:56:00 CET 2026
#@# pial area lh Mon Mar  9 05:56:00 CET 2026
#@# thickness lh Mon Mar  9 05:56:00 CET 2026
#@# area and vertex vol lh Mon Mar  9 05:56:00 CET 2026
#@# white curv rh Mon Mar  9 05:56:00 CET 2026
#@# white area rh Mon Mar  9 05:56:00 CET 2026
#@# pial curv rh Mon Mar  9 05:56:00 CET 2026
#@# pial area rh Mon Mar  9 05:56:00 CET 2026
#@# thickness rh Mon Mar  9 05:56:00 CET 2026
#@# area and vertex vol rh Mon Mar  9 05:56:00 CET 2026
#@# Curvature Stats lh Mon Mar  9 05:56:00 CET 2026
#@# Curvature Stats rh Mon Mar  9 05:56:02 CET 2026
#@# Relabel Hypointensities Mon Mar  9 05:56:03 CET 2026
#@# APas-to-ASeg Mon Mar  9 05:56:16 CET 2026
#@# AParc-to-ASeg aparc Mon Mar  9 05:56:22 CET 2026
#@# AParc-to-ASeg aparc.a2009s Mon Mar  9 05:56:43 CET 2026
#@# AParc-to-ASeg aparc.DKTatlas Mon Mar  9 05:57:04 CET 2026
#@# WMParc Mon Mar  9 05:57:25 CET 2026
#@# ASeg Stats Mon Mar  9 06:00:51 CET 2026
recon-all -s sub-v1s18x0051208_ses-1 finished without error at Mon Mar  9 06:01:22 CET 2026
