status file for recon-all
Mon Mar  9 05:34:52 CET 2026
#@# Tessellate rh Mon Mar  9 05:34:52 CET 2026
#@# Smooth1 rh Mon Mar  9 05:34:55 CET 2026
#@# Inflation1 rh Mon Mar  9 05:34:57 CET 2026
#@# QSphere rh Mon Mar  9 05:35:04 CET 2026
#@# Fix Topology rh Mon Mar  9 05:35:52 CET 2026
#@# Smooth2 rh Mon Mar  9 05:39:06 CET 2026
#@# Inflation2 rh Mon Mar  9 05:39:08 CET 2026
#@# Curv .H and .K rh Mon Mar  9 05:39:16 CET 2026
#@# Sphere rh Mon Mar  9 05:39:51 CET 2026
#@# Surf Reg rh Mon Mar  9 05:40:55 CET 2026
#@# Jacobian white rh Mon Mar  9 05:42:56 CET 2026
#@# AvgCurv rh Mon Mar  9 05:42:57 CET 2026
#@# Cortical Parc rh Mon Mar  9 05:42:57 CET 2026
#@# white curv rh Mon Mar  9 05:46:54 CET 2026
#@# white area rh Mon Mar  9 05:46:56 CET 2026
#@# pial curv rh Mon Mar  9 05:46:56 CET 2026
#@# pial area rh Mon Mar  9 05:46:57 CET 2026
#@# thickness rh Mon Mar  9 05:46:58 CET 2026
#@# area and vertex vol rh Mon Mar  9 05:47:19 CET 2026
#@# Curvature Stats rh Mon Mar  9 05:47:20 CET 2026
#@# Cortical Parc 2 rh Mon Mar  9 05:47:22 CET 2026
#@# Cortical Parc 3 rh Mon Mar  9 05:47:32 CET 2026
#@# WM/GM Contrast rh Mon Mar  9 05:47:39 CET 2026
recon-all -s sub-v1s18x0051208_ses-1 finished without error at Mon Mar  9 05:47:41 CET 2026



#New# invocation of recon-all 



status file for recon-all
Mon Mar  9 05:53:38 CET 2026
#@# white curv rh Mon Mar  9 05:53:38 CET 2026
#@# white area rh Mon Mar  9 05:53:38 CET 2026
#@# pial curv rh Mon Mar  9 05:53:38 CET 2026
#@# pial area rh Mon Mar  9 05:53:38 CET 2026
#@# thickness rh Mon Mar  9 05:53:38 CET 2026
#@# area and vertex vol rh Mon Mar  9 05:53:39 CET 2026
#@# Parcellation Stats rh Mon Mar  9 05:53:39 CET 2026
#@# Parcellation Stats 2 rh Mon Mar  9 05:53:50 CET 2026
#@# Parcellation Stats 3 rh Mon Mar  9 05:53:56 CET 2026
#@# BA_exvivo Labels rh Mon Mar  9 05:54:02 CET 2026
recon-all -s sub-v1s18x0051208_ses-1 finished without error at Mon Mar  9 05:55:53 CET 2026
