/out/sourcedata/freesurfer/sub-v1s18x0051275_ses-1/mri
/opt/freesurfer/bin/talairach_avi
--i orig_nu.mgz --xfm transforms/talairach.auto.xfm
talairach_avi 7.3.2
Linux dna078 5.14.0-427.37.1.el9_4.x86_64 #1 SMP PREEMPT_DYNAMIC Fri Sep 13 12:41:50 EDT 2024 x86_64 x86_64 x86_64 GNU/Linux
Mon Mar  9 07:14:04 CET 2026
mri_convert orig_nu.mgz talsrcimg.img 
reading from orig_nu.mgz...
TR=0.00, TE=0.00, TI=0.00, flip angle=0.00
i_ras = (-1, 0, 0)
j_ras = (0, 0, -1)
k_ras = (0, 1, 0)
writing to talsrcimg.img...
Analyze Output Matrix
-1.00000   0.00000   0.00000   133.76593;
 0.00000   0.00000   1.00000  -121.34671;
 0.00000  -1.00000   0.00000   139.72467;
 0.00000   0.00000   0.00000   1.00000;
--------------------
INFO: set hdr.hist.orient to -1
mpr2mni305 talsrcimg
Mon Mar  9 07:14:04 CET 2026
/opt/freesurfer/bin/mpr2mni305 talsrcimg
mpr2mni305 7.3.2
target=711-2C_as_mni_average_305

---------------------------------------------------------------------
analyzeto4dfp talsrcimg -O0 -y
---------------------------------------------------------------------

freesurfer ifh2hdr.c
Mon Mar  9 07:14:04 2026
Writing: talsrcimg.4dfp.hdr
freesurfer analyzeto4dfp.c
Reading: talsrcimg.hdr
header size 348 bytes
hdr.dime.datatype	offset=70	value=2
hdr.dime.bitpix		offset=72	value=8
hdr.hist.orient		offset=252	value=-1
dimensionality     4
dimensions       256       256       256         1
Reading: talsrcimg.img
Writing: talsrcimg.4dfp.img
Writing: talsrcimg.4dfp.ifh
ifh2hdr talsrcimg -r0to234
ori=2

---------------------------------------------------------------------
gauss_4dfp talsrcimg 1.1
---------------------------------------------------------------------

freesurfer gauss_4dfp.c
Reading: talsrcimg.4dfp.img
Writing: talsrcimg_g11.4dfp.img
image dimensions 256 256 256 padded to 288 288 288
processing volume 1freesurfer ifh2hdr.c
Mon Mar  9 07:14:05 2026
Writing: talsrcimg_g11.4dfp.hdr

Writing: talsrcimg_g11.4dfp.ifh
including: talsrcimg.4dfp.img.rec in talsrcimg_g11.4dfp.img.rec

---------------------------------------------------------------------
imgreg_4dfp /opt/freesurfer/average/711-2C_as_mni_average_305 none talsrcimg_g11 none talsrcimg_to_711-2C_as_mni_average_305_t4 4355
---------------------------------------------------------------------

freesurfer imgreg_4dfp.c
/opt/freesurfer/average/711-2C_as_mni_average_305.4dfp.img
       256       256       256         1
  1.000000  1.000000  1.000000
orientation T byte_order littleendian
Reading image: /opt/freesurfer/average/711-2C_as_mni_average_305.4dfp.img
dimensions:      256       256       256
mmppix:       1.0000   -1.0000   -1.0000
center:     128.0000 -129.0000 -129.0000
talsrcimg_g11.4dfp.img
       256       256       256         1
  1.000000  1.000000  1.000000
orientation T byte_order littleendian
Reading image: talsrcimg_g11.4dfp.img
dimensions:      256       256       256
mmppix:       1.0000   -1.0000   -1.0000
center:     128.0000 -129.0000 -129.0000
t4_read: open error in t4_sub.f l:  41 t4_file(1:l)talsrcimg_to_711-2C_as_mni_average_305_t4 
t4_read: transform initialized to I4
rotation matrix determinant  1.000000
image alignment mode   4355 decimal     1103 hex
   -7.5000  -45.0000  -45.0000 7456.0996   16.3890
    0.0000  -45.0000  -45.0000 7777.6855   16.3760
    7.5000  -45.0000  -45.0000 7466.8550   16.3648
   -7.5000  -37.5000  -45.0000 8003.0464   16.3793
    0.0000  -37.5000  -45.0000 8347.8340   16.3565
    7.5000  -37.5000  -45.0000 7995.4478   16.3374
   -7.5000  -30.0000  -45.0000 8821.2061   16.3790
    0.0000  -30.0000  -45.0000 9201.4463   16.3532
    7.5000  -30.0000  -45.0000 8803.7529   16.3274
   -7.5000  -22.5000  -45.0000 9557.4502   16.3568
    0.0000  -22.5000  -45.0000 9985.4941   16.3397
    7.5000  -22.5000  -45.0000 9549.0938   16.3163
   -7.5000  -15.0000  -45.000010232.6709   16.3355
    0.0000  -15.0000  -45.000010691.1934   16.3303
    7.5000  -15.0000  -45.000010243.4697   16.3150
   -7.5000   -7.5000  -45.000010875.3232   16.3394
    0.0000   -7.5000  -45.000011357.0947   16.3351
    7.5000   -7.5000  -45.000010882.1992   16.3257
   -7.5000    0.0000  -45.000011423.4277   16.3609
    0.0000    0.0000  -45.000011961.5977   16.3479
    7.5000    0.0000  -45.000011442.2686   16.3369
   -7.5000    7.5000  -45.000011098.5771   16.3792
    0.0000    7.5000  -45.000011630.3184   16.3565
    7.5000    7.5000  -45.000011111.5850   16.3373
   -7.5000   15.0000  -45.000010738.1758   16.3790
    0.0000   15.0000  -45.000011213.2549   16.3532
    7.5000   15.0000  -45.000010695.2402   16.3274
   -7.5000   22.5000  -45.000010201.9287   16.3545
    0.0000   22.5000  -45.000010635.7168   16.3375
    7.5000   22.5000  -45.000010154.8164   16.3140
   -7.5000   30.0000  -45.0000 9391.8428   16.1178
    0.0000   30.0000  -45.0000 9780.0508   16.1127
    7.5000   30.0000  -45.0000 9338.6650   16.0976
   -7.5000   37.5000  -45.0000 8930.8037   16.1217
    0.0000   37.5000  -45.0000 9299.1152   16.1175
    7.5000   37.5000  -45.0000 8855.9746   16.1081
   -7.5000   45.0000  -45.0000 8203.0205   15.7329
    0.0000   45.0000  -45.0000 8528.0713   15.7204
    7.5000   45.0000  -45.0000 8105.9453   15.7099
   -7.5000  -45.0000  -37.5000 8025.3198   16.2263
    0.0000  -45.0000  -37.5000 8380.1367   16.2177
    7.5000  -45.0000  -37.5000 8021.8330   16.2096
   -7.5000  -37.5000  -37.5000 8601.9697   16.2179
    0.0000  -37.5000  -37.5000 8987.5381   16.2010
    7.5000  -37.5000  -37.5000 8577.9707   16.1837
   -7.5000  -30.0000  -37.5000 9479.0332   16.2251
    0.0000  -30.0000  -37.5000 9918.9326   16.2049
    7.5000  -30.0000  -37.5000 9478.7412   16.1784
   -7.5000  -22.5000  -37.500010247.7236   16.2096
    0.0000  -22.5000  -37.500010720.0908   16.1966
    7.5000  -22.5000  -37.500010242.4092   16.1714
   -7.5000  -15.0000  -37.500010949.0010   16.1890
    0.0000  -15.0000  -37.500011442.7119   16.1859
    7.5000  -15.0000  -37.500010933.7676   16.1701
   -7.5000   -7.5000  -37.500011581.0264   16.1854
    0.0000   -7.5000  -37.500012131.5557   16.1833
    7.5000   -7.5000  -37.500011575.2764   16.1756
   -7.5000    0.0000  -37.500012162.3848   16.1988
    0.0000    0.0000  -37.500012762.3174   16.1901
    7.5000    0.0000  -37.500012161.5332   16.1822
   -7.5000    7.5000  -37.500011815.1602   16.2179
    0.0000    7.5000  -37.500012384.1611   16.2009
    7.5000    7.5000  -37.500011814.7051   16.1836
   -7.5000   15.0000  -37.500011368.5078   16.2251
    0.0000   15.0000  -37.500011912.3613   16.2049
    7.5000   15.0000  -37.500011346.4658   16.1784
   -7.5000   22.5000  -37.500010817.9180   16.2073
    0.0000   22.5000  -37.500011346.3340   16.1944
    7.5000   22.5000  -37.500010791.8047   16.1692
   -7.5000   30.0000  -37.5000 9955.2100   15.9732
    0.0000   30.0000  -37.500010432.1543   15.9702
    7.5000   30.0000  -37.5000 9912.1572   15.9546
   -7.5000   37.5000  -37.5000 9397.9775   15.9697
    0.0000   37.5000  -37.5000 9856.4854   15.9677
    7.5000   37.5000  -37.5000 9351.3574   15.9600
   -7.5000   45.0000  -37.5000 8601.5850   15.5771
    0.0000   45.0000  -37.5000 8978.4385   15.5687
    7.5000   45.0000  -37.5000 8539.5732   15.5611
   -7.5000  -45.0000  -30.0000 8718.8105   16.8933
    0.0000  -45.0000  -30.0000 9147.0957   16.8796
    7.5000  -45.0000  -30.0000 8730.1748   16.8775
   -7.5000  -37.5000  -30.0000 9329.9072   16.8868
    0.0000  -37.5000  -30.0000 9793.8389   16.8677
    7.5000  -37.5000  -30.0000 9325.7158   16.8567
   -7.5000  -30.0000  -30.000010302.1562   16.9007
    0.0000  -30.0000  -30.000010803.0068   16.8795
    7.5000  -30.0000  -30.000010289.9697   16.8576
   -7.5000  -22.5000  -30.000011140.5986   16.8880
    0.0000  -22.5000  -30.000011658.6396   16.8718
    7.5000  -22.5000  -30.000011121.3672   16.8495
   -7.5000  -15.0000  -30.000011857.8262   16.8649
    0.0000  -15.0000  -30.000012405.1582   16.8556
    7.5000  -15.0000  -30.000011829.0947   16.8428
   -7.5000   -7.5000  -30.000012523.0527   16.8553
    0.0000   -7.5000  -30.000013115.3945   16.8465
    7.5000   -7.5000  -30.000012497.6416   16.8432
   -7.5000    0.0000  -30.000013136.5186   16.8647
    0.0000    0.0000  -30.000013765.1338   16.8509
    7.5000    0.0000  -30.000013145.0459   16.8490
   -7.5000    7.5000  -30.000012788.6318   16.8868
    0.0000    7.5000  -30.000013384.1611   16.8677
    7.5000    7.5000  -30.000012776.1768   16.8566
   -7.5000   15.0000  -30.000012268.0859   16.9007
    0.0000   15.0000  -30.000012850.4121   16.8795
    7.5000   15.0000  -30.000012233.4707   16.8576
   -7.5000   22.5000  -30.000011636.2959   16.8840
    0.0000   22.5000  -30.000012211.4854   16.8677
    7.5000   22.5000  -30.000011594.5537   16.8455
   -7.5000   30.0000  -30.000010686.2295   16.6418
    0.0000   30.0000  -30.000011212.7578   16.6325
    7.5000   30.0000  -30.000010651.9258   16.6200
   -7.5000   37.5000  -30.000010059.8398   16.6323
    0.0000   37.5000  -30.000010554.9404   16.6236
    7.5000   37.5000  -30.000010022.5410   16.6204
   -7.5000   45.0000  -30.0000 9183.7227   16.2294
    0.0000   45.0000  -30.0000 9606.7402   16.2160
    7.5000   45.0000  -30.0000 9132.9775   16.2142
   -7.5000  -45.0000  -22.5000 9423.5635   17.5050
    0.0000  -45.0000  -22.5000 9909.3135   17.4826
    7.5000  -45.0000  -22.5000 9443.0869   17.4835
   -7.5000  -37.5000  -22.500010077.8467   17.4979
    0.0000  -37.5000  -22.500010590.2344   17.4725
    7.5000  -37.5000  -22.500010061.0303   17.4666
   -7.5000  -30.0000  -22.500011103.9258   17.5094
    0.0000  -30.0000  -22.500011655.6924   17.4833
    7.5000  -30.0000  -22.500011060.1367   17.4687
   -7.5000  -22.5000  -22.500011999.6729   17.4937
    0.0000  -22.5000  -22.500012556.2910   17.4710
    7.5000  -22.5000  -22.500011951.3135   17.4553
   -7.5000  -15.0000  -22.500012761.8086   17.4691
    0.0000  -15.0000  -22.500013359.8867   17.4517
    7.5000  -15.0000  -22.500012703.7422   17.4436
   -7.5000   -7.5000  -22.500013477.9238   17.4622
    0.0000   -7.5000  -22.500014130.9355   17.4444
    7.5000   -7.5000  -22.500013481.6416   17.4442
   -7.5000    0.0000  -22.500014152.5166   17.4752
    0.0000    0.0000  -22.500014839.4502   17.4528
    7.5000    0.0000  -22.500014162.9053   17.4539
   -7.5000    7.5000  -22.500013729.0615   17.4978
    0.0000    7.5000  -22.500014412.4297   17.4724
    7.5000    7.5000  -22.500013722.1387   17.4666
   -7.5000   15.0000  -22.500013106.2158   17.5094
    0.0000   15.0000  -22.500013745.5576   17.4833
    7.5000   15.0000  -22.500013062.8008   17.4687
   -7.5000   22.5000  -22.500012426.2344   17.4883
    0.0000   22.5000  -22.500013036.2529   17.4656
    7.5000   22.5000  -22.500012376.8652   17.4499
   -7.5000   30.0000  -22.500011422.7637   17.2406
    0.0000   30.0000  -22.500011979.8682   17.2235
    7.5000   30.0000  -22.500011397.8936   17.2154
   -7.5000   37.5000  -22.500010750.3916   17.2338
    0.0000   37.5000  -22.500011256.4199   17.2162
    7.5000   37.5000  -22.500010692.5059   17.2160
   -7.5000   45.0000  -22.5000 9799.8379   16.8295
    0.0000   45.0000  -22.500010268.4141   16.8079
    7.5000   45.0000  -22.5000 9744.2559   16.8090
   -7.5000  -45.0000  -15.000010120.2744   17.9543
    0.0000  -45.0000  -15.000010646.1348   17.9260
    7.5000  -45.0000  -15.000010134.7227   17.9220
   -7.5000  -37.5000  -15.000010816.6924   17.9449
    0.0000  -37.5000  -15.000011367.7344   17.9136
    7.5000  -37.5000  -15.000010803.1934   17.9050
   -7.5000  -30.0000  -15.000011869.1240   17.9489
    0.0000  -30.0000  -15.000012485.8232   17.9180
    7.5000  -30.0000  -15.000011853.0801   17.9044
   -7.5000  -22.5000  -15.000012826.8750   17.9270
    0.0000  -22.5000  -15.000013451.0107   17.9009
    7.5000  -22.5000  -15.000012799.7900   17.8874
   -7.5000  -15.0000  -15.000013653.3301   17.9023
    0.0000  -15.0000  -15.000014311.2393   17.8823
    7.5000  -15.0000  -15.000013609.6357   17.8742
   -7.5000   -7.5000  -15.000014427.6133   17.9031
    0.0000   -7.5000  -15.000015159.7090   17.8812
    7.5000   -7.5000  -15.000014432.2998   17.8780
   -7.5000    0.0000  -15.000015144.8848   17.9237
    0.0000    0.0000  -15.000015935.5312   17.8954
    7.5000    0.0000  -15.000015180.9746   17.8917
   -7.5000    7.5000  -15.000014656.0088   17.9449
    0.0000    7.5000  -15.000015431.4619   17.9135
    7.5000    7.5000  -15.000014691.5664   17.9050
   -7.5000   15.0000  -15.000013923.8213   17.9489
    0.0000   15.0000  -15.000014631.2031   17.9180
    7.5000   15.0000  -15.000013912.5059   17.9044
   -7.5000   22.5000  -15.000013189.4072   17.9207
    0.0000   22.5000  -15.000013849.7412   17.8946
    7.5000   22.5000  -15.000013145.2100   17.8811
   -7.5000   30.0000  -15.000012150.1016   17.6707
    0.0000   30.0000  -15.000012757.1504   17.6508
    7.5000   30.0000  -15.000012125.3721   17.6429
   -7.5000   37.5000  -15.000011448.2100   17.6714
    0.0000   37.5000  -15.000012012.4805   17.6498
    7.5000   37.5000  -15.000011425.3896   17.6466
   -7.5000   45.0000  -15.000010404.6895   17.2718
    0.0000   45.0000  -15.000010920.9180   17.2446
    7.5000   45.0000  -15.000010384.2188   17.2410
   -7.5000  -45.0000   -7.500010872.7139   18.1642
    0.0000  -45.0000   -7.500011458.8613   18.1409
    7.5000  -45.0000   -7.500010891.9707   18.1292
   -7.5000  -37.5000   -7.500011564.8438   18.1531
    0.0000  -37.5000   -7.500012203.4004   18.1226
    7.5000  -37.5000   -7.500011596.4736   18.1048
   -7.5000  -30.0000   -7.500012681.6445   18.1519
    0.0000  -30.0000   -7.500013363.4463   18.1203
    7.5000  -30.0000   -7.500012694.5361   18.0979
   -7.5000  -22.5000   -7.500013724.7510   18.1265
    0.0000  -22.5000   -7.500014408.0869   18.1032
    7.5000  -22.5000   -7.500013694.9863   18.0826
   -7.5000  -15.0000   -7.500014568.3857   18.1027
    0.0000  -15.0000   -7.500015334.7842   18.0895
    7.5000  -15.0000   -7.500014566.3223   18.0757
   -7.5000   -7.5000   -7.500015378.8740   18.1083
    0.0000   -7.5000   -7.500016220.2607   18.0942
    7.5000   -7.5000   -7.500015402.3730   18.0847
   -7.5000    0.0000   -7.500016146.9434   18.1333
    0.0000    0.0000   -7.500017057.6211   18.1100
    7.5000    0.0000   -7.500016207.3379   18.0985
   -7.5000    7.5000   -7.500015628.4355   18.1531
    0.0000    7.5000   -7.500016515.3125   18.1225
    7.5000    7.5000   -7.500015696.3809   18.1048
   -7.5000   15.0000   -7.500014811.8438   18.1519
    0.0000   15.0000   -7.500015630.4355   18.1203
    7.5000   15.0000   -7.500014837.8311   18.0979
   -7.5000   22.5000   -7.500014002.8926   18.1182
    0.0000   22.5000   -7.500014754.2734   18.0949
    7.5000   22.5000   -7.500013980.7119   18.0743
   -7.5000   30.0000   -7.500012903.1152   17.8680
    0.0000   30.0000   -7.500013593.1357   17.8549
    7.5000   30.0000   -7.500012902.1074   17.8413
   -7.5000   37.5000   -7.500012179.1309   17.8734
    0.0000   37.5000   -7.500012831.9814   17.8595
    7.5000   37.5000   -7.500012171.7354   17.8501
   -7.5000   45.0000   -7.500011061.1133   17.4771
    0.0000   45.0000   -7.500011650.6387   17.4546
    7.5000   45.0000   -7.500011064.7783   17.4436
   -7.5000  -45.0000    0.000011522.2139   18.1741
    0.0000  -45.0000    0.000012195.5234   18.1608
    7.5000  -45.0000    0.000011616.6670   18.1457
   -7.5000  -37.5000    0.000012236.2979   18.1630
    0.0000  -37.5000    0.000012963.1016   18.1389
    7.5000  -37.5000    0.000012348.8652   18.1150
   -7.5000  -30.0000    0.000013449.4658   18.1630
    0.0000  -30.0000    0.000014193.9795   18.1352
    7.5000  -30.0000    0.000013500.1611   18.1040
   -7.5000  -22.5000    0.000014527.0635   18.1393
    0.0000  -22.5000    0.000015369.6729   18.1211
    7.5000  -22.5000    0.000014592.2598   18.0925
   -7.5000  -15.0000    0.000015361.2275   18.1163
    0.0000  -15.0000    0.000016366.4238   18.1113
    7.5000  -15.0000    0.000015557.3730   18.0918
   -7.5000   -7.5000    0.000016174.0918   18.1203
    0.0000   -7.5000    0.000017234.6660   18.1164
    7.5000   -7.5000    0.000016394.3887   18.1035
   -7.5000    0.0000    0.000016995.8242   18.1432
    0.0000    0.0000    0.000018094.4648   18.1299
    7.5000    0.0000    0.000017219.4062   18.1151
   -7.5000    7.5000    0.000016490.8047   18.1630
    0.0000    7.5000    0.000017527.1992   18.1389
    7.5000    7.5000    0.000016692.6230   18.1150
   -7.5000   15.0000    0.000015619.6416   18.1630
    0.0000   15.0000    0.000016586.8672   18.1352
    7.5000   15.0000    0.000015794.3721   18.1040
   -7.5000   22.5000    0.000014743.3633   18.1309
    0.0000   22.5000    0.000015610.3359   18.1127
    7.5000   22.5000    0.000014806.5449   18.0842
   -7.5000   30.0000    0.000013593.6631   17.8819
    0.0000   30.0000    0.000014398.6182   17.8769
    7.5000   30.0000    0.000013637.0439   17.8577
   -7.5000   37.5000    0.000012849.1982   17.8858
    0.0000   37.5000    0.000013581.0254   17.8820
    7.5000   37.5000    0.000012863.8584   17.8692
   -7.5000   45.0000    0.000011679.6045   17.4880
    0.0000   45.0000    0.000012334.7373   17.4751
    7.5000   45.0000    0.000011688.2236   17.4609
   -7.5000  -45.0000    7.500011273.1006   18.1429
    0.0000  -45.0000    7.500011966.6084   18.1328
    7.5000  -45.0000    7.500011436.1172   18.1225
   -7.5000  -37.5000    7.500011999.6221   18.1339
    0.0000  -37.5000    7.500012701.0811   18.1145
    7.5000  -37.5000    7.500012135.2910   18.0940
   -7.5000  -30.0000    7.500013213.2500   18.1419
    0.0000  -30.0000    7.500014000.4648   18.1189
    7.5000  -30.0000    7.500013336.8320   18.0881
   -7.5000  -22.5000    7.500014324.6035   18.1242
    0.0000  -22.5000    7.500015341.2588   18.1092
    7.5000  -22.5000    7.500014550.1318   18.0798
   -7.5000  -15.0000    7.500015117.4199   18.1008
    0.0000  -15.0000    7.500016199.0664   18.0968
    7.5000  -15.0000    7.500015462.4756   18.0779
   -7.5000   -7.5000    7.500015815.9785   18.0968
    0.0000   -7.5000    7.500016863.8418   18.0940
    7.5000   -7.5000    7.500016195.4229   18.0841
   -7.5000    0.0000    7.500016609.9844   18.1121
    0.0000    0.0000    7.500017671.6426   18.1019
    7.5000    0.0000    7.500016964.2754   18.0919
   -7.5000    7.5000    7.500016145.6689   18.1339
    0.0000    7.5000    7.500017182.4551   18.1145
    7.5000    7.5000    7.500016482.4746   18.0939
   -7.5000   15.0000    7.500015287.0293   18.1419
    0.0000   15.0000    7.500016254.7461   18.1189
    7.5000   15.0000    7.500015588.0312   18.0881
   -7.5000   22.5000    7.500014360.6035   18.1158
    0.0000   22.5000    7.500015227.2246   18.1008
    7.5000   22.5000    7.500014519.8125   18.0715
   -7.5000   30.0000    7.500013221.2061   17.8666
    0.0000   30.0000    7.500014030.0273   17.8626
    7.5000   30.0000    7.500013319.2744   17.8440
   -7.5000   37.5000    7.500012501.5352   17.8626
    0.0000   37.5000    7.500013261.5703   17.8598
    7.5000   37.5000    7.500012533.0625   17.8501
   -7.5000   45.0000    7.500011391.8604   17.4580
    0.0000   45.0000    7.500012084.2354   17.4482
    7.5000   45.0000    7.500011429.9707   17.4385
   -7.5000  -45.0000   15.000010942.6084   18.1407
    0.0000  -45.0000   15.000011589.0605   18.1259
    7.5000  -45.0000   15.000011091.1699   18.1237
   -7.5000  -37.5000   15.000011635.8037   18.1337
    0.0000  -37.5000   15.000012317.8770   18.1132
    7.5000  -37.5000   15.000011756.7148   18.1013
   -7.5000  -30.0000   15.000012821.3926   18.1485
    0.0000  -30.0000   15.000013638.7285   18.1258
    7.5000  -30.0000   15.000012932.8604   18.1023
   -7.5000  -22.5000   15.000013937.9893   18.1350
    0.0000  -22.5000   15.000014882.0000   18.1175
    7.5000  -22.5000   15.000014066.2910   18.0936
   -7.5000  -15.0000   15.000014705.2754   18.1101
    0.0000  -15.0000   15.000015497.7939   18.1001
    7.5000  -15.0000   15.000014885.6172   18.0864
   -7.5000   -7.5000   15.000015297.8096   18.0998
    0.0000   -7.5000   15.000016046.3135   18.0903
    7.5000   -7.5000   15.000015569.4619   18.0869
   -7.5000    0.0000   15.000016029.8193   18.1099
    0.0000    0.0000   15.000016881.5898   18.0950
    7.5000    0.0000   15.000016385.2520   18.0930
   -7.5000    7.5000   15.000015596.9131   18.1336
    0.0000    7.5000   15.000016519.5957   18.1131
    7.5000    7.5000   15.000015963.0059   18.1012
   -7.5000   15.0000   15.000014795.6094   18.1485
    0.0000   15.0000   15.000015694.2051   18.1258
    7.5000   15.0000   15.000015077.1855   18.1023
   -7.5000   22.5000   15.000013859.6084   18.1266
    0.0000   22.5000   15.000014677.2373   18.1092
    7.5000   22.5000   15.000013976.7822   18.0853
   -7.5000   30.0000   15.000012791.4648   17.8758
    0.0000   30.0000   15.000013560.6357   17.8658
    7.5000   30.0000   15.000012845.3213   17.8523
   -7.5000   37.5000   15.000012120.8867   17.8656
    0.0000   37.5000   15.000012861.6934   17.8562
    7.5000   37.5000   15.000012151.7744   17.8528
   -7.5000   45.0000   15.000011042.9668   17.4559
    0.0000   45.0000   15.000011698.0068   17.4415
    7.5000   45.0000   15.000011072.3350   17.4396
   -7.5000  -45.0000   22.500010497.7188   18.1715
    0.0000  -45.0000   22.500011096.2822   18.1484
    7.5000  -45.0000   22.500010633.3926   18.1493
   -7.5000  -37.5000   22.500011131.3428   18.1642
    0.0000  -37.5000   22.500011762.9658   18.1378
    7.5000  -37.5000   22.500011253.9619   18.1317
   -7.5000  -30.0000   22.500012243.1191   18.1762
    0.0000  -30.0000   22.500013010.6514   18.1490
    7.5000  -30.0000   22.500012336.5342   18.1339
   -7.5000  -22.5000   22.500013370.1338   18.1598
    0.0000  -22.5000   22.500014158.7773   18.1363
    7.5000  -22.5000   22.500013359.6133   18.1200
   -7.5000  -15.0000   22.500014241.1680   18.1344
    0.0000  -15.0000   22.500014842.3584   18.1163
    7.5000  -15.0000   22.500014196.9463   18.1078
   -7.5000   -7.5000   22.500014897.5869   18.1272
    0.0000   -7.5000   22.500015495.3740   18.1087
    7.5000   -7.5000   22.500014979.3535   18.1085
   -7.5000    0.0000   22.500015578.8789   18.1407
    0.0000    0.0000   22.500016320.5322   18.1174
    7.5000    0.0000   22.500015766.9717   18.1185
   -7.5000    7.5000   22.500015168.4922   18.1641
    0.0000    7.5000   22.500016002.8369   18.1378
    7.5000    7.5000   22.500015355.6074   18.1317
   -7.5000   15.0000   22.500014343.4961   18.1762
    0.0000   15.0000   22.500015155.4473   18.1490
    7.5000   15.0000   22.500014489.4688   18.1339
   -7.5000   22.5000   22.500013325.1211   18.1514
    0.0000   22.5000   22.500014039.6455   18.1279
    7.5000   22.5000   22.500013371.8340   18.1117
   -7.5000   30.0000   22.500012265.8896   17.8997
    0.0000   30.0000   22.500012951.8877   17.8818
    7.5000   30.0000   22.500012297.6367   17.8735
   -7.5000   37.5000   22.500011578.6289   17.8926
    0.0000   37.5000   22.500012238.6689   17.8743
    7.5000   37.5000   22.500011606.3545   17.8741
   -7.5000   45.0000   22.500010516.6289   17.4855
    0.0000   45.0000   22.500011129.0615   17.4631
    7.5000   45.0000   22.500010526.1982   17.4642
   -7.5000  -45.0000   30.0000 9930.2539   18.2100
    0.0000  -45.0000   30.000010411.8145   18.1810
    7.5000  -45.0000   30.000010009.2803   18.1769
   -7.5000  -37.5000   30.000010515.8867   18.2005
    0.0000  -37.5000   30.000011056.3926   18.1684
    7.5000  -37.5000   30.000010614.8320   18.1597
   -7.5000  -30.0000   30.000011543.0996   18.2045
    0.0000  -30.0000   30.000012199.5801   18.1729
    7.5000  -30.0000   30.000011638.7041   18.1591
   -7.5000  -22.5000   30.000012563.1611   18.1823
    0.0000  -22.5000   30.000013245.8496   18.1556
    7.5000  -22.5000   30.000012542.1289   18.1418
   -7.5000  -15.0000   30.000013473.4668   18.1573
    0.0000  -15.0000   30.000014147.4639   18.1366
    7.5000  -15.0000   30.000013373.4336   18.1284
   -7.5000   -7.5000   30.000014282.0498   18.1580
    0.0000   -7.5000   30.000015036.3779   18.1356
    7.5000   -7.5000   30.000014196.3408   18.1322
   -7.5000    0.0000   30.000014966.7070   18.1790
    0.0000    0.0000   30.000015805.7578   18.1500
    7.5000    0.0000   30.000014915.9561   18.1461
   -7.5000    7.5000   30.000014453.2617   18.2005
    0.0000    7.5000   30.000015267.3809   18.1683
    7.5000    7.5000   30.000014459.3770   18.1596
   -7.5000   15.0000   30.000013611.1426   18.2045
    0.0000   15.0000   30.000014338.7588   18.1729
    7.5000   15.0000   30.000013653.6426   18.1591
   -7.5000   22.5000   30.000012564.2969   18.1740
    0.0000   22.5000   30.000013215.3457   18.1472
    7.5000   22.5000   30.000012613.3037   18.1334
   -7.5000   30.0000   30.000011556.6582   17.9223
    0.0000   30.0000   30.000012148.5078   17.9019
    7.5000   30.0000   30.000011613.7100   17.8938
   -7.5000   37.5000   30.000010923.2402   17.9230
    0.0000   37.5000   30.000011467.3379   17.9009
    7.5000   37.5000   30.000010970.3643   17.8975
   -7.5000   45.0000   30.0000 9931.0488   17.5224
    0.0000   45.0000   30.000010438.1924   17.4945
    7.5000   45.0000   30.0000 9945.7178   17.4908
   -7.5000  -45.0000   37.5000 9661.1826   18.2987
    0.0000  -45.0000   37.500010121.6641   18.2748
    7.5000  -45.0000   37.5000 9718.6748   18.2630
   -7.5000  -37.5000   37.500010259.5518   18.2875
    0.0000  -37.5000   37.500010790.5918   18.2562
    7.5000  -37.5000   37.500010348.6621   18.2384
   -7.5000  -30.0000   37.500011293.5518   18.2860
    0.0000  -30.0000   37.500011901.8750   18.2538
    7.5000  -30.0000   37.500011383.4189   18.2312
   -7.5000  -22.5000   37.500012281.8926   18.2603
    0.0000  -22.5000   37.500012907.6074   18.2363
    7.5000  -22.5000   37.500012313.1943   18.2155
   -7.5000  -15.0000   37.500013084.6270   18.2362
    0.0000  -15.0000   37.500013723.5801   18.2224
    7.5000  -15.0000   37.500013096.1084   18.2085
   -7.5000   -7.5000   37.500013817.5234   18.2420
    0.0000   -7.5000   37.500014487.3438   18.2273
    7.5000   -7.5000   37.500013820.5713   18.2177
   -7.5000    0.0000   37.500014486.4756   18.2674
    0.0000    0.0000   37.500015193.6807   18.2435
    7.5000    0.0000   37.500014484.3867   18.2319
   -7.5000    7.5000   37.500014052.2676   18.2874
    0.0000    7.5000   37.500014753.7539   18.2562
    7.5000    7.5000   37.500014070.7637   18.2383
   -7.5000   15.0000   37.500013262.8525   18.2860
    0.0000   15.0000   37.500013925.8320   18.2538
    7.5000   15.0000   37.500013298.9355   18.2312
   -7.5000   22.5000   37.500012272.1846   18.2518
    0.0000   22.5000   37.500012901.0469   18.2279
    7.5000   22.5000   37.500012310.6396   18.2071
   -7.5000   30.0000   37.500011276.5000   18.0002
    0.0000   30.0000   37.500011832.1162   17.9866
    7.5000   30.0000   37.500011305.2969   17.9728
   -7.5000   37.5000   37.500010663.3740   18.0059
    0.0000   37.5000   37.500011169.0674   17.9914
    7.5000   37.5000   37.500010657.9482   17.9819
   -7.5000   45.0000   37.5000 9680.5234   17.6077
    0.0000   45.0000   37.500010148.9531   17.5846
    7.5000   45.0000   37.5000 9676.5283   17.5735
   -7.5000  -45.0000   45.0000 8882.9473   18.3084
    0.0000  -45.0000   45.0000 9332.1787   18.2946
    7.5000  -45.0000   45.0000 8976.6309   18.2792
   -7.5000  -37.5000   45.0000 9462.1768   18.2963
    0.0000  -37.5000   45.0000 9945.0771   18.2716
    7.5000  -37.5000   45.0000 9560.8691   18.2472
   -7.5000  -30.0000   45.000010396.3105   18.2955
    0.0000  -30.0000   45.000010921.1611   18.2670
    7.5000  -30.0000   45.000010475.8857   18.2351
   -7.5000  -22.5000   45.000011264.4688   18.2712
    0.0000  -22.5000   45.000011791.1250   18.2524
    7.5000  -22.5000   45.000011315.6895   18.2232
   -7.5000  -15.0000   45.000011976.1133   18.2484
    0.0000  -15.0000   45.000012511.1562   18.2430
    7.5000  -15.0000   45.000012017.0273   18.2230
   -7.5000   -7.5000   45.000012626.7842   18.2532
    0.0000   -7.5000   45.000013188.1660   18.2491
    7.5000   -7.5000   45.000012665.6357   18.2357
   -7.5000    0.0000   45.000013205.1689   18.2768
    0.0000    0.0000   45.000013801.1924   18.2630
    7.5000    0.0000   45.000013254.4941   18.2479
   -7.5000    7.5000   45.000012837.2256   18.2963
    0.0000    7.5000   45.000013432.4375   18.2715
    7.5000    7.5000   45.000012887.7715   18.2471
   -7.5000   15.0000   45.000012186.5264   18.2955
    0.0000   15.0000   45.000012777.9004   18.2670
    7.5000   15.0000   45.000012253.1309   18.2351
   -7.5000   22.5000   45.000011320.6309   18.2627
    0.0000   22.5000   45.000011878.8193   18.2439
    7.5000   22.5000   45.000011356.5391   18.2147
   -7.5000   30.0000   45.000010403.9365   18.0106
    0.0000   30.0000   45.000010921.6904   18.0054
    7.5000   30.0000   45.000010433.8896   17.9856
   -7.5000   37.5000   45.0000 9841.1982   18.0154
    0.0000   37.5000   45.000010324.5283   18.0113
    7.5000   37.5000   45.0000 9850.8350   17.9981
   -7.5000   45.0000   45.0000 8954.0352   17.6247
    0.0000   45.0000   45.0000 9379.9072   17.6115
    7.5000   45.0000   45.0000 8946.1982   17.5968

---------------------------------------------------------------------
imgreg_4dfp /opt/freesurfer/average/711-2C_as_mni_average_305 /opt/freesurfer/average/711-2B_as_mni_average_305_mask talsrcimg_g11 none talsrcimg_to_711-2C_as_mni_average_305_t4 4355
---------------------------------------------------------------------

freesurfer imgreg_4dfp.c
/opt/freesurfer/average/711-2C_as_mni_average_305.4dfp.img
       256       256       256         1
  1.000000  1.000000  1.000000
orientation T byte_order littleendian
Reading image: /opt/freesurfer/average/711-2C_as_mni_average_305.4dfp.img
dimensions:      256       256       256
mmppix:       1.0000   -1.0000   -1.0000
center:     128.0000 -129.0000 -129.0000
/opt/freesurfer/average/711-2B_as_mni_average_305_mask.4dfp.img
       256       256       256         1
  1.000000  1.000000  1.000000
orientation T byte_order littleendian
Reading mask: /opt/freesurfer/average/711-2B_as_mni_average_305_mask.4dfp.img (2306576 pixels)
talsrcimg_g11.4dfp.img
       256       256       256         1
  1.000000  1.000000  1.000000
orientation T byte_order littleendian
Reading image: talsrcimg_g11.4dfp.img
dimensions:      256       256       256
mmppix:       1.0000   -1.0000   -1.0000
center:     128.0000 -129.0000 -129.0000
rotation matrix determinant  1.000000
image alignment mode   4355 decimal     1103 hex
   -7.5000  -45.0000  -45.0000 1998.4701   21.5466
    0.0000  -45.0000  -45.0000 2004.0734   21.4832
    7.5000  -45.0000  -45.0000 1992.0031   21.6178
   -7.5000  -37.5000  -45.0000 2085.6150   19.8242
    0.0000  -37.5000  -45.0000 2092.4539   19.7570
    7.5000  -37.5000  -45.0000 2077.1587   19.8893
   -7.5000  -30.0000  -45.0000 2141.8337   18.6095
    0.0000  -30.0000  -45.0000 2146.8367   18.5109
    7.5000  -30.0000  -45.0000 2131.0039   18.6138
   -7.5000  -22.5000  -45.0000 2180.1267   17.6862
    0.0000  -22.5000  -45.0000 2186.6055   17.5946
    7.5000  -22.5000  -45.0000 2171.8003   17.7192
   -7.5000  -15.0000  -45.0000 2203.2666   17.1111
    0.0000  -15.0000  -45.0000 2211.0217   16.9848
    7.5000  -15.0000  -45.0000 2196.7605   17.1533
   -7.5000   -7.5000  -45.0000 2204.1357   16.9666
    0.0000   -7.5000  -45.0000 2210.1614   16.8397
    7.5000   -7.5000  -45.0000 2196.5159   17.0040
   -7.5000    0.0000  -45.0000 2193.1055   17.1791
    0.0000    0.0000  -45.0000 2202.4082   17.0405
    7.5000    0.0000  -45.0000 2181.6299   17.2291
   -7.5000    7.5000  -45.0000 2163.8245   17.8214
    0.0000    7.5000  -45.0000 2175.6682   17.6552
    7.5000    7.5000  -45.0000 2152.6904   17.8335
   -7.5000   15.0000  -45.0000 2120.1675   18.6789
    0.0000   15.0000  -45.0000 2128.8877   18.5299
    7.5000   15.0000  -45.0000 2109.1521   18.6903
   -7.5000   22.5000  -45.0000 2061.6492   19.8175
    0.0000   22.5000  -45.0000 2065.4082   19.6482
    7.5000   22.5000  -45.0000 2049.7712   19.8571
   -7.5000   30.0000  -45.0000 1980.3881   21.4111
    0.0000   30.0000  -45.0000 1984.0115   21.1807
    7.5000   30.0000  -45.0000 1972.6451   21.5464
   -7.5000   37.5000  -45.0000 1892.7220   23.7297
    0.0000   37.5000  -45.0000 1897.9895   23.4393
    7.5000   37.5000  -45.0000 1883.4611   23.8459
   -7.5000   45.0000  -45.0000 1797.9847   27.0384
    0.0000   45.0000  -45.0000 1802.0958   26.6986
    7.5000   45.0000  -45.0000 1786.7397   27.0565
   -7.5000  -45.0000  -37.5000 2090.8293   19.7962
    0.0000  -45.0000  -37.5000 2100.5952   19.7121
    7.5000  -45.0000  -37.5000 2086.7617   19.8082
   -7.5000  -37.5000  -37.5000 2185.6016   18.1617
    0.0000  -37.5000  -37.5000 2192.2993   18.1335
    7.5000  -37.5000  -37.5000 2176.6094   18.1884
   -7.5000  -30.0000  -37.5000 2246.1282   16.9933
    0.0000  -30.0000  -37.5000 2258.3191   16.9430
    7.5000  -30.0000  -37.5000 2246.1663   16.9729
   -7.5000  -22.5000  -37.5000 2278.3972   16.1919
    0.0000  -22.5000  -37.5000 2289.5874   16.1001
    7.5000  -22.5000  -37.5000 2280.5681   16.1289
   -7.5000  -15.0000  -37.5000 2298.9709   15.6737
    0.0000  -15.0000  -37.5000 2307.5815   15.5953
    7.5000  -15.0000  -37.5000 2294.5413   15.7041
   -7.5000   -7.5000  -37.5000 2298.9771   15.5369
    0.0000   -7.5000  -37.5000 2313.6201   15.4662
    7.5000   -7.5000  -37.5000 2295.9841   15.5757
   -7.5000    0.0000  -37.5000 2292.8762   15.6886
    0.0000    0.0000  -37.5000 2308.3762   15.6312
    7.5000    0.0000  -37.5000 2284.3398   15.7485
   -7.5000    7.5000  -37.5000 2265.7378   16.1949
    0.0000    7.5000  -37.5000 2279.8096   16.1082
    7.5000    7.5000  -37.5000 2257.3533   16.2013
   -7.5000   15.0000  -37.5000 2224.1753   16.9318
    0.0000   15.0000  -37.5000 2236.7439   16.8072
    7.5000   15.0000  -37.5000 2217.2888   16.8932
   -7.5000   22.5000  -37.5000 2161.9282   17.9715
    0.0000   22.5000  -37.5000 2174.3015   17.8261
    7.5000   22.5000  -37.5000 2152.9954   17.9410
   -7.5000   30.0000  -37.5000 2076.8315   19.4530
    0.0000   30.0000  -37.5000 2090.2573   19.2828
    7.5000   30.0000  -37.5000 2071.6116   19.5012
   -7.5000   37.5000  -37.5000 1977.6282   21.5240
    0.0000   37.5000  -37.5000 1990.7377   21.3439
    7.5000   37.5000  -37.5000 1974.2719   21.6205
   -7.5000   45.0000  -37.5000 1869.6146   24.4341
    0.0000   45.0000  -37.5000 1875.9719   24.1156
    7.5000   45.0000  -37.5000 1869.3949   24.4300
   -7.5000  -45.0000  -30.0000 2216.1956   18.8261
    0.0000  -45.0000  -30.0000 2228.8835   18.7891
    7.5000  -45.0000  -30.0000 2214.1631   18.8688
   -7.5000  -37.5000  -30.0000 2314.2034   17.2675
    0.0000  -37.5000  -30.0000 2321.6924   17.2397
    7.5000  -37.5000  -30.0000 2306.5989   17.2822
   -7.5000  -30.0000  -30.0000 2386.0188   16.1266
    0.0000  -30.0000  -30.0000 2400.3625   16.1028
    7.5000  -30.0000  -30.0000 2383.7310   16.1177
   -7.5000  -22.5000  -30.0000 2426.3789   15.3997
    0.0000  -22.5000  -30.0000 2437.3210   15.3288
    7.5000  -22.5000  -30.0000 2420.1370   15.3411
   -7.5000  -15.0000  -30.0000 2442.1011   14.9605
    0.0000  -15.0000  -30.0000 2452.2356   14.8852
    7.5000  -15.0000  -30.0000 2435.2109   14.9689
   -7.5000   -7.5000  -30.0000 2447.4980   14.7837
    0.0000   -7.5000  -30.0000 2463.5908   14.7240
    7.5000   -7.5000  -30.0000 2440.5291   14.8188
   -7.5000    0.0000  -30.0000 2437.2937   14.9108
    0.0000    0.0000  -30.0000 2452.8740   14.8605
    7.5000    0.0000  -30.0000 2435.0581   14.9471
   -7.5000    7.5000  -30.0000 2417.0515   15.3339
    0.0000    7.5000  -30.0000 2430.6787   15.2515
    7.5000    7.5000  -30.0000 2411.1299   15.3434
   -7.5000   15.0000  -30.0000 2373.5088   16.0289
    0.0000   15.0000  -30.0000 2387.7480   15.9648
    7.5000   15.0000  -30.0000 2369.6797   16.0269
   -7.5000   22.5000  -30.0000 2301.6616   17.0662
    0.0000   22.5000  -30.0000 2317.5732   16.9446
    7.5000   22.5000  -30.0000 2296.7478   17.0484
   -7.5000   30.0000  -30.0000 2210.9216   18.5248
    0.0000   30.0000  -30.0000 2223.8728   18.3490
    7.5000   30.0000  -30.0000 2204.8242   18.4496
   -7.5000   37.5000  -30.0000 2104.8835   20.4904
    0.0000   37.5000  -30.0000 2117.1978   20.3060
    7.5000   37.5000  -30.0000 2100.5762   20.4468
   -7.5000   45.0000  -30.0000 1985.6552   23.1616
    0.0000   45.0000  -30.0000 1995.4523   22.9147
    7.5000   45.0000  -30.0000 1982.5316   23.1443
   -7.5000  -45.0000  -22.5000 2317.7075   17.8781
    0.0000  -45.0000  -22.5000 2325.1919   17.8634
    7.5000  -45.0000  -22.5000 2311.9583   17.9110
   -7.5000  -37.5000  -22.5000 2419.0647   16.3590
    0.0000  -37.5000  -22.5000 2428.1042   16.3446
    7.5000  -37.5000  -22.5000 2407.2468   16.3485
   -7.5000  -30.0000  -22.5000 2499.0979   15.2778
    0.0000  -30.0000  -22.5000 2510.5750   15.2079
    7.5000  -30.0000  -22.5000 2489.2253   15.2349
   -7.5000  -22.5000  -22.5000 2546.0862   14.5598
    0.0000  -22.5000  -22.5000 2553.7761   14.4836
    7.5000  -22.5000  -22.5000 2533.3882   14.4888
   -7.5000  -15.0000  -22.5000 2566.3823   14.1238
    0.0000  -15.0000  -22.5000 2577.8809   14.0542
    7.5000  -15.0000  -22.5000 2557.4541   14.1055
   -7.5000   -7.5000  -22.5000 2583.1885   13.9911
    0.0000   -7.5000  -22.5000 2596.6982   13.8995
    7.5000   -7.5000  -22.5000 2577.3042   13.9941
   -7.5000    0.0000  -22.5000 2576.6179   14.1292
    0.0000    0.0000  -22.5000 2585.0750   14.0553
    7.5000    0.0000  -22.5000 2567.5854   14.1679
   -7.5000    7.5000  -22.5000 2550.2935   14.5416
    0.0000    7.5000  -22.5000 2566.3545   14.4418
    7.5000    7.5000  -22.5000 2541.1116   14.5464
   -7.5000   15.0000  -22.5000 2498.7495   15.1952
    0.0000   15.0000  -22.5000 2515.9714   15.1358
    7.5000   15.0000  -22.5000 2491.0889   15.1908
   -7.5000   22.5000  -22.5000 2417.0730   16.1684
    0.0000   22.5000  -22.5000 2433.1904   16.0888
    7.5000   22.5000  -22.5000 2409.1262   16.1596
   -7.5000   30.0000  -22.5000 2321.2576   17.5080
    0.0000   30.0000  -22.5000 2332.6450   17.4155
    7.5000   30.0000  -22.5000 2313.5518   17.4761
   -7.5000   37.5000  -22.5000 2207.3555   19.4024
    0.0000   37.5000  -22.5000 2222.2971   19.2617
    7.5000   37.5000  -22.5000 2202.0459   19.3477
   -7.5000   45.0000  -22.5000 2077.8208   21.8710
    0.0000   45.0000  -22.5000 2094.3325   21.6621
    7.5000   45.0000  -22.5000 2076.4446   21.7801
   -7.5000  -45.0000  -15.0000 2378.0500   17.0588
    0.0000  -45.0000  -15.0000 2387.8401   17.0258
    7.5000  -45.0000  -15.0000 2372.4241   17.0631
   -7.5000  -37.5000  -15.0000 2493.3250   15.5930
    0.0000  -37.5000  -15.0000 2502.6770   15.5547
    7.5000  -37.5000  -15.0000 2481.3499   15.5680
   -7.5000  -30.0000  -15.0000 2578.6138   14.4806
    0.0000  -30.0000  -15.0000 2589.6787   14.4048
    7.5000  -30.0000  -15.0000 2570.3313   14.4636
   -7.5000  -22.5000  -15.0000 2634.2722   13.7543
    0.0000  -22.5000  -15.0000 2644.1140   13.6720
    7.5000  -22.5000  -15.0000 2623.0911   13.7339
   -7.5000  -15.0000  -15.0000 2666.4910   13.3406
    0.0000  -15.0000  -15.0000 2675.0171   13.2546
    7.5000  -15.0000  -15.0000 2653.6467   13.3061
   -7.5000   -7.5000  -15.0000 2692.4307   13.2102
    0.0000   -7.5000  -15.0000 2703.7544   13.1016
    7.5000   -7.5000  -15.0000 2682.7271   13.1911
   -7.5000    0.0000  -15.0000 2684.2009   13.3854
    0.0000    0.0000  -15.0000 2696.1943   13.2815
    7.5000    0.0000  -15.0000 2680.1799   13.3775
   -7.5000    7.5000  -15.0000 2649.9097   13.7909
    0.0000    7.5000  -15.0000 2672.3428   13.7011
    7.5000    7.5000  -15.0000 2648.3196   13.7846
   -7.5000   15.0000  -15.0000 2591.8137   14.4334
    0.0000   15.0000  -15.0000 2614.8997   14.3740
    7.5000   15.0000  -15.0000 2587.6082   14.4434
   -7.5000   22.5000  -15.0000 2509.6992   15.3130
    0.0000   22.5000  -15.0000 2528.6611   15.2687
    7.5000   22.5000  -15.0000 2504.4583   15.3463
   -7.5000   30.0000  -15.0000 2404.8257   16.5892
    0.0000   30.0000  -15.0000 2422.6924   16.5088
    7.5000   30.0000  -15.0000 2402.1396   16.5933
   -7.5000   37.5000  -15.0000 2282.0891   18.3555
    0.0000   37.5000  -15.0000 2296.1267   18.2486
    7.5000   37.5000  -15.0000 2281.3982   18.3449
   -7.5000   45.0000  -15.0000 2145.3494   20.6924
    0.0000   45.0000  -15.0000 2158.6511   20.5320
    7.5000   45.0000  -15.0000 2142.7163   20.6431
   -7.5000  -45.0000   -7.5000 2423.6750   16.2889
    0.0000  -45.0000   -7.5000 2432.9089   16.2680
    7.5000  -45.0000   -7.5000 2417.5181   16.3413
   -7.5000  -37.5000   -7.5000 2538.8254   14.8528
    0.0000  -37.5000   -7.5000 2552.3865   14.8392
    7.5000  -37.5000   -7.5000 2532.6707   14.8863
   -7.5000  -30.0000   -7.5000 2633.0618   13.7903
    0.0000  -30.0000   -7.5000 2649.3545   13.7462
    7.5000  -30.0000   -7.5000 2627.5444   13.7730
   -7.5000  -22.5000   -7.5000 2704.1270   13.0437
    0.0000  -22.5000   -7.5000 2715.3845   12.9611
    7.5000  -22.5000   -7.5000 2695.0989   13.0285
   -7.5000  -15.0000   -7.5000 2748.4438   12.5859
    0.0000  -15.0000   -7.5000 2758.3794   12.5031
    7.5000  -15.0000   -7.5000 2736.8691   12.5718
   -7.5000   -7.5000   -7.5000 2775.9536   12.4212
    0.0000   -7.5000   -7.5000 2789.9536   12.3388
    7.5000   -7.5000   -7.5000 2768.8762   12.4545
   -7.5000    0.0000   -7.5000 2770.6592   12.6440
    0.0000    0.0000   -7.5000 2789.3894   12.5723
    7.5000    0.0000   -7.5000 2768.0166   12.6493
   -7.5000    7.5000   -7.5000 2735.7935   13.0454
    0.0000    7.5000   -7.5000 2761.2324   12.9786
    7.5000    7.5000   -7.5000 2736.0356   13.0652
   -7.5000   15.0000   -7.5000 2667.2585   13.6858
    0.0000   15.0000   -7.5000 2693.2415   13.6032
    7.5000   15.0000   -7.5000 2667.9937   13.7042
   -7.5000   22.5000   -7.5000 2583.6030   14.5589
    0.0000   22.5000   -7.5000 2600.7598   14.4633
    7.5000   22.5000   -7.5000 2582.6860   14.5658
   -7.5000   30.0000   -7.5000 2468.3442   15.7556
    0.0000   30.0000   -7.5000 2486.2329   15.6800
    7.5000   30.0000   -7.5000 2470.2852   15.7911
   -7.5000   37.5000   -7.5000 2342.3401   17.4181
    0.0000   37.5000   -7.5000 2362.0640   17.3439
    7.5000   37.5000   -7.5000 2342.7825   17.3889
   -7.5000   45.0000   -7.5000 2194.7581   19.5669
    0.0000   45.0000   -7.5000 2210.6567   19.5039
    7.5000   45.0000   -7.5000 2196.4590   19.5391
   -7.5000  -45.0000    0.0000 2442.8643   15.6721
    0.0000  -45.0000    0.0000 2459.7405   15.6684
    7.5000  -45.0000    0.0000 2447.2690   15.7960
   -7.5000  -37.5000    0.0000 2563.7820   14.2886
    0.0000  -37.5000    0.0000 2583.2297   14.2681
    7.5000  -37.5000    0.0000 2567.6985   14.3519
   -7.5000  -30.0000    0.0000 2671.7820   13.2372
    0.0000  -30.0000    0.0000 2692.3125   13.1919
    7.5000  -30.0000    0.0000 2670.4470   13.2567
   -7.5000  -22.5000    0.0000 2757.8196   12.4929
    0.0000  -22.5000    0.0000 2779.3962   12.4348
    7.5000  -22.5000    0.0000 2754.3237   12.5030
   -7.5000  -15.0000    0.0000 2809.4895   11.9896
    0.0000  -15.0000    0.0000 2833.6033   11.9636
    7.5000  -15.0000    0.0000 2808.6821   12.0522
   -7.5000   -7.5000    0.0000 2841.6802   11.8006
    0.0000   -7.5000    0.0000 2865.3896   11.7769
    7.5000   -7.5000    0.0000 2848.4456   11.8790
   -7.5000    0.0000    0.0000 2836.7690   12.0047
    0.0000    0.0000    0.0000 2861.9524   11.9672
    7.5000    0.0000    0.0000 2849.1602   12.0424
   -7.5000    7.5000    0.0000 2802.9304   12.4509
    0.0000    7.5000    0.0000 2825.4326   12.3611
    7.5000    7.5000    0.0000 2815.1577   12.4574
   -7.5000   15.0000    0.0000 2731.2229   13.0884
    0.0000   15.0000    0.0000 2752.5830   12.9772
    7.5000   15.0000    0.0000 2740.9849   13.0940
   -7.5000   22.5000    0.0000 2637.2556   13.9465
    0.0000   22.5000    0.0000 2652.8926   13.8314
    7.5000   22.5000    0.0000 2640.2410   13.9586
   -7.5000   30.0000    0.0000 2515.7410   15.1430
    0.0000   30.0000    0.0000 2532.5569   15.0440
    7.5000   30.0000    0.0000 2518.8765   15.1704
   -7.5000   37.5000    0.0000 2385.7341   16.7077
    0.0000   37.5000    0.0000 2401.6753   16.6129
    7.5000   37.5000    0.0000 2388.7302   16.7129
   -7.5000   45.0000    0.0000 2232.6855   18.7439
    0.0000   45.0000    0.0000 2248.1211   18.6586
    7.5000   45.0000    0.0000 2233.8579   18.7425
   -7.5000  -45.0000    7.5000 2448.0466   15.3065
    0.0000  -45.0000    7.5000 2469.8296   15.2418
    7.5000  -45.0000    7.5000 2456.8318   15.3798
   -7.5000  -37.5000    7.5000 2577.5161   13.9250
    0.0000  -37.5000    7.5000 2598.1458   13.8522
    7.5000  -37.5000    7.5000 2585.1101   13.9715
   -7.5000  -30.0000    7.5000 2698.2476   12.8772
    0.0000  -30.0000    7.5000 2720.2964   12.7925
    7.5000  -30.0000    7.5000 2701.4114   12.9036
   -7.5000  -22.5000    7.5000 2797.5103   12.1673
    0.0000  -22.5000    7.5000 2826.8008   12.0869
    7.5000  -22.5000    7.5000 2804.6404   12.1823
   -7.5000  -15.0000    7.5000 2864.7939   11.6124
    0.0000  -15.0000    7.5000 2899.8262   11.5918
    7.5000  -15.0000    7.5000 2870.4819   11.7208
   -7.5000   -7.5000    7.5000 2901.9741   11.3342
    0.0000   -7.5000    7.5000 2933.0916   11.2824
    7.5000   -7.5000    7.5000 2915.2053   11.4758
   -7.5000    0.0000    7.5000 2889.9910   11.5588
    0.0000    0.0000    7.5000 2919.4258   11.4424
    7.5000    0.0000    7.5000 2911.1519   11.6108
   -7.5000    7.5000    7.5000 2848.7769   12.0537
    0.0000    7.5000    7.5000 2875.4688   11.8752
    7.5000    7.5000    7.5000 2868.2185   12.0372
   -7.5000   15.0000    7.5000 2768.6963   12.6964
    0.0000   15.0000    7.5000 2793.6001   12.5233
    7.5000   15.0000    7.5000 2784.0530   12.7151
   -7.5000   22.5000    7.5000 2668.4531   13.5591
    0.0000   22.5000    7.5000 2686.2253   13.4121
    7.5000   22.5000    7.5000 2678.1497   13.5756
   -7.5000   30.0000    7.5000 2541.8677   14.6866
    0.0000   30.0000    7.5000 2561.7490   14.5839
    7.5000   30.0000    7.5000 2548.4565   14.7292
   -7.5000   37.5000    7.5000 2409.3054   16.1682
    0.0000   37.5000    7.5000 2429.6467   16.1118
    7.5000   37.5000    7.5000 2412.7595   16.2658
   -7.5000   45.0000    7.5000 2258.8372   18.1866
    0.0000   45.0000    7.5000 2278.0833   18.0997
    7.5000   45.0000    7.5000 2262.5059   18.2151
   -7.5000  -45.0000   15.0000 2438.6692   15.3024
    0.0000  -45.0000   15.0000 2455.5544   15.1193
    7.5000  -45.0000   15.0000 2449.2883   15.2625
   -7.5000  -37.5000   15.0000 2570.6650   13.8917
    0.0000  -37.5000   15.0000 2590.1746   13.7143
    7.5000  -37.5000   15.0000 2578.6418   13.8180
   -7.5000  -30.0000   15.0000 2694.8564   12.8175
    0.0000  -30.0000   15.0000 2715.9109   12.6651
    7.5000  -30.0000   15.0000 2697.1628   12.7631
   -7.5000  -22.5000   15.0000 2802.2917   12.0685
    0.0000  -22.5000   15.0000 2832.2114   11.9354
    7.5000  -22.5000   15.0000 2810.3909   12.0277
   -7.5000  -15.0000   15.0000 2886.2046   11.4754
    0.0000  -15.0000   15.0000 2927.1482   11.3216
    7.5000  -15.0000   15.0000 2889.9246   11.4804
   -7.5000   -7.5000   15.0000 2929.2046   11.1190
    0.0000   -7.5000   15.0000 2962.6804   10.8639
    7.5000   -7.5000   15.0000 2937.7361   11.1747
   -7.5000    0.0000   15.0000 2915.5305   11.3187
    0.0000    0.0000   15.0000 2946.4922   11.0817
    7.5000    0.0000   15.0000 2939.3853   11.3355
   -7.5000    7.5000   15.0000 2864.5999   11.8520
    0.0000    7.5000   15.0000 2896.7976   11.6595
    7.5000    7.5000   15.0000 2891.3943   11.8758
   -7.5000   15.0000   15.0000 2787.1313   12.5397
    0.0000   15.0000   15.0000 2809.8252   12.4043
    7.5000   15.0000   15.0000 2799.8508   12.5625
   -7.5000   22.5000   15.0000 2683.2791   13.4142
    0.0000   22.5000   15.0000 2697.7168   13.2695
    7.5000   22.5000   15.0000 2690.0757   13.3919
   -7.5000   30.0000   15.0000 2554.0239   14.5708
    0.0000   30.0000   15.0000 2570.4141   14.4160
    7.5000   30.0000   15.0000 2557.1313   14.5522
   -7.5000   37.5000   15.0000 2421.8953   16.0481
    0.0000   37.5000   15.0000 2443.2732   15.9373
    7.5000   37.5000   15.0000 2423.8960   16.0903
   -7.5000   45.0000   15.0000 2270.2729   17.9300
    0.0000   45.0000   15.0000 2286.8015   17.8620
    7.5000   45.0000   15.0000 2270.7446   17.9729
   -7.5000  -45.0000   22.5000 2421.8335   15.5187
    0.0000  -45.0000   22.5000 2439.6345   15.2727
    7.5000  -45.0000   22.5000 2433.7324   15.4070
   -7.5000  -37.5000   22.5000 2548.8059   14.0952
    0.0000  -37.5000   22.5000 2569.6218   13.8621
    7.5000  -37.5000   22.5000 2559.0718   13.9642
   -7.5000  -30.0000   22.5000 2672.8794   13.0145
    0.0000  -30.0000   22.5000 2693.8928   12.7798
    7.5000  -30.0000   22.5000 2679.4421   12.8796
   -7.5000  -22.5000   22.5000 2787.0957   12.2159
    0.0000  -22.5000   22.5000 2811.2478   12.0344
    7.5000  -22.5000   22.5000 2793.2141   12.1021
   -7.5000  -15.0000   22.5000 2875.8110   11.6477
    0.0000  -15.0000   22.5000 2904.2383   11.3687
    7.5000  -15.0000   22.5000 2873.0359   11.5320
   -7.5000   -7.5000   22.5000 2927.5032   11.3603
    0.0000   -7.5000   22.5000 2955.6982   11.0685
    7.5000   -7.5000   22.5000 2929.2979   11.3180
   -7.5000    0.0000   22.5000 2917.0071   11.4685
    0.0000    0.0000   22.5000 2954.1812   11.2640
    7.5000    0.0000   22.5000 2936.4792   11.4793
   -7.5000    7.5000   22.5000 2865.8584   11.9458
    0.0000    7.5000   22.5000 2902.5413   11.7941
    7.5000    7.5000   22.5000 2886.9712   11.9460
   -7.5000   15.0000   22.5000 2777.6663   12.6195
    0.0000   15.0000   22.5000 2800.7532   12.4756
    7.5000   15.0000   22.5000 2793.8545   12.5950
   -7.5000   22.5000   22.5000 2673.1423   13.4673
    0.0000   22.5000   22.5000 2684.6289   13.3294
    7.5000   22.5000   22.5000 2678.9121   13.4451
   -7.5000   30.0000   22.5000 2548.7568   14.5708
    0.0000   30.0000   22.5000 2561.9026   14.4493
    7.5000   30.0000   22.5000 2551.3003   14.5597
   -7.5000   37.5000   22.5000 2412.6277   16.0357
    0.0000   37.5000   22.5000 2426.6587   15.9425
    7.5000   37.5000   22.5000 2413.5559   16.0174
   -7.5000   45.0000   22.5000 2259.6252   17.9001
    0.0000   45.0000   22.5000 2275.0259   17.8340
    7.5000   45.0000   22.5000 2256.8643   17.8812
   -7.5000  -45.0000   30.0000 2392.6033   15.9213
    0.0000  -45.0000   30.0000 2408.7617   15.5709
    7.5000  -45.0000   30.0000 2405.4175   15.7291
   -7.5000  -37.5000   30.0000 2516.7700   14.4806
    0.0000  -37.5000   30.0000 2534.1628   14.1621
    7.5000  -37.5000   30.0000 2526.5525   14.2786
   -7.5000  -30.0000   30.0000 2638.8359   13.4067
    0.0000  -30.0000   30.0000 2656.9148   13.1328
    7.5000  -30.0000   30.0000 2647.8821   13.2370
   -7.5000  -22.5000   30.0000 2746.4077   12.6121
    0.0000  -22.5000   30.0000 2768.7158   12.3606
    7.5000  -22.5000   30.0000 2750.5996   12.4324
   -7.5000  -15.0000   30.0000 2828.1921   12.1072
    0.0000  -15.0000   30.0000 2858.8083   11.8208
    7.5000  -15.0000   30.0000 2827.3232   11.9225
   -7.5000   -7.5000   30.0000 2878.6343   11.8995
    0.0000   -7.5000   30.0000 2908.0674   11.6930
    7.5000   -7.5000   30.0000 2876.7466   11.7598
   -7.5000    0.0000   30.0000 2872.4326   11.9729
    0.0000    0.0000   30.0000 2909.7959   11.8196
    7.5000    0.0000   30.0000 2881.3533   11.8547
   -7.5000    7.5000   30.0000 2826.6633   12.2749
    0.0000    7.5000   30.0000 2859.7595   12.1498
    7.5000    7.5000   30.0000 2838.9963   12.2170
   -7.5000   15.0000   30.0000 2743.6208   12.8602
    0.0000   15.0000   30.0000 2763.2483   12.7181
    7.5000   15.0000   30.0000 2755.6677   12.8224
   -7.5000   22.5000   30.0000 2639.1160   13.6725
    0.0000   22.5000   30.0000 2654.2710   13.5090
    7.5000   22.5000   30.0000 2652.0432   13.6286
   -7.5000   30.0000   30.0000 2520.5593   14.7435
    0.0000   30.0000   30.0000 2533.0017   14.5849
    7.5000   30.0000   30.0000 2530.0259   14.7216
   -7.5000   37.5000   30.0000 2383.7922   16.2231
    0.0000   37.5000   30.0000 2393.5530   16.0906
    7.5000   37.5000   30.0000 2390.6228   16.1907
   -7.5000   45.0000   30.0000 2230.2563   18.0740
    0.0000   45.0000   30.0000 2245.9763   17.9542
    7.5000   45.0000   30.0000 2232.9626   18.0463
   -7.5000  -45.0000   37.5000 2358.4609   16.6574
    0.0000  -45.0000   37.5000 2373.1206   16.2620
    7.5000  -45.0000   37.5000 2365.4934   16.3808
   -7.5000  -37.5000   37.5000 2482.0945   15.1668
    0.0000  -37.5000   37.5000 2502.6897   14.8533
    7.5000  -37.5000   37.5000 2493.0332   14.9563
   -7.5000  -30.0000   37.5000 2599.7073   14.0706
    0.0000  -30.0000   37.5000 2619.3735   13.7976
    7.5000  -30.0000   37.5000 2607.2317   13.8692
   -7.5000  -22.5000   37.5000 2699.9746   13.2956
    0.0000  -22.5000   37.5000 2721.5474   12.9541
    7.5000  -22.5000   37.5000 2706.5300   13.0577
   -7.5000  -15.0000   37.5000 2765.9441   12.7339
    0.0000  -15.0000   37.5000 2792.0720   12.4073
    7.5000  -15.0000   37.5000 2773.5342   12.5601
   -7.5000   -7.5000   37.5000 2807.5593   12.4816
    0.0000   -7.5000   37.5000 2831.0894   12.2279
    7.5000   -7.5000   37.5000 2813.1162   12.3688
   -7.5000    0.0000   37.5000 2805.9150   12.4987
    0.0000    0.0000   37.5000 2829.4011   12.2706
    7.5000    0.0000   37.5000 2815.3259   12.3986
   -7.5000    7.5000   37.5000 2760.7524   12.8520
    0.0000    7.5000   37.5000 2783.6062   12.6358
    7.5000    7.5000   37.5000 2772.3423   12.7489
   -7.5000   15.0000   37.5000 2684.1807   13.4094
    0.0000   15.0000   37.5000 2703.0425   13.2292
    7.5000   15.0000   37.5000 2694.5134   13.2996
   -7.5000   22.5000   37.5000 2588.4685   14.1670
    0.0000   22.5000   37.5000 2608.3701   14.0127
    7.5000   22.5000   37.5000 2600.1064   14.1092
   -7.5000   30.0000   37.5000 2476.8567   15.1741
    0.0000   30.0000   37.5000 2489.0056   15.0087
    7.5000   30.0000   37.5000 2482.0911   15.1550
   -7.5000   37.5000   37.5000 2344.8152   16.5705
    0.0000   37.5000   37.5000 2355.4438   16.4408
    7.5000   37.5000   37.5000 2349.0930   16.5322
   -7.5000   45.0000   37.5000 2194.0137   18.3813
    0.0000   45.0000   37.5000 2211.3066   18.2747
    7.5000   45.0000   37.5000 2202.0322   18.3840
   -7.5000  -45.0000   45.0000 2309.1147   17.6853
    0.0000  -45.0000   45.0000 2326.6128   17.3043
    7.5000  -45.0000   45.0000 2320.3728   17.4401
   -7.5000  -37.5000   45.0000 2430.9802   16.1319
    0.0000  -37.5000   45.0000 2449.8967   15.7879
    7.5000  -37.5000   45.0000 2443.1235   15.9082
   -7.5000  -30.0000   45.0000 2540.6450   14.9829
    0.0000  -30.0000   45.0000 2559.7141   14.6218
    7.5000  -30.0000   45.0000 2552.3723   14.7155
   -7.5000  -22.5000   45.0000 2633.0205   14.0949
    0.0000  -22.5000   45.0000 2655.8931   13.7164
    7.5000  -22.5000   45.0000 2641.9741   13.8599
   -7.5000  -15.0000   45.0000 2689.9316   13.4894
    0.0000  -15.0000   45.0000 2709.0452   13.1680
    7.5000  -15.0000   45.0000 2694.8433   13.3179
   -7.5000   -7.5000   45.0000 2721.8823   13.2337
    0.0000   -7.5000   45.0000 2739.0999   12.9532
    7.5000   -7.5000   45.0000 2728.1084   13.0906
   -7.5000    0.0000   45.0000 2715.5457   13.1973
    0.0000    0.0000   45.0000 2733.3806   12.9539
    7.5000    0.0000   45.0000 2728.1501   13.0978
   -7.5000    7.5000   45.0000 2678.9468   13.5332
    0.0000    7.5000   45.0000 2694.5300   13.3029
    7.5000    7.5000   45.0000 2685.8020   13.4326
   -7.5000   15.0000   45.0000 2609.0950   14.0801
    0.0000   15.0000   45.0000 2629.4346   13.8726
    7.5000   15.0000   45.0000 2620.8635   13.9700
   -7.5000   22.5000   45.0000 2522.1589   14.8566
    0.0000   22.5000   45.0000 2540.9524   14.6877
    7.5000   22.5000   45.0000 2532.6248   14.7621
   -7.5000   30.0000   45.0000 2413.4409   15.8689
    0.0000   30.0000   45.0000 2429.8062   15.7094
    7.5000   30.0000   45.0000 2421.6792   15.8299
   -7.5000   37.5000   45.0000 2288.2612   17.2299
    0.0000   37.5000   45.0000 2302.0029   17.1220
    7.5000   37.5000   45.0000 2289.3105   17.2105
   -7.5000   45.0000   45.0000 2151.3562   19.0297
    0.0000   45.0000   45.0000 2163.3469   18.9152
    7.5000   45.0000   45.0000 2149.7954   19.0117

---------------------------------------------------------------------
imgreg_4dfp /opt/freesurfer/average/711-2C_as_mni_average_305 /opt/freesurfer/average/711-2B_as_mni_average_305_mask talsrcimg_g11 none talsrcimg_to_711-2C_as_mni_average_305_t4 1283
---------------------------------------------------------------------

freesurfer imgreg_4dfp.c
/opt/freesurfer/average/711-2C_as_mni_average_305.4dfp.img
       256       256       256         1
  1.000000  1.000000  1.000000
orientation T byte_order littleendian
Reading image: /opt/freesurfer/average/711-2C_as_mni_average_305.4dfp.img
dimensions:      256       256       256
mmppix:       1.0000   -1.0000   -1.0000
center:     128.0000 -129.0000 -129.0000
/opt/freesurfer/average/711-2B_as_mni_average_305_mask.4dfp.img
       256       256       256         1
  1.000000  1.000000  1.000000
orientation T byte_order littleendian
Reading mask: /opt/freesurfer/average/711-2B_as_mni_average_305_mask.4dfp.img (2306576 pixels)
talsrcimg_g11.4dfp.img
       256       256       256         1
  1.000000  1.000000  1.000000
orientation T byte_order littleendian
Reading image: talsrcimg_g11.4dfp.img
dimensions:      256       256       256
mmppix:       1.0000   -1.0000   -1.0000
center:     128.0000 -129.0000 -129.0000
rotation matrix determinant  1.000000
fimgreg.f
image alignment mode   1283 decimal      503 hex
parameters
    0.0000   -7.5000   15.0000    0.0000    0.0000    0.0000
eta,q 0.92987 10.93198
niter,ni,del,rscale     5    3   12.0000    1.2000
parameter  6 -0.555734 -> -0.500000 qaram    1.1500
parameters
    0.7480   -6.7529   15.1115   -0.9383   -1.6069    3.4500
eta,q 0.93472 10.64483
  0.0766  0.0757  0.0746  0.0702  0.0682  0.0728
  0.0731  0.0708  0.0686  0.0685  0.0670  0.0702
  0.0699  0.0675  0.0649  0.0668  0.0663  0.0679
  0.0671  0.0664  0.0665  0.0665  0.0663  0.0663
  0.0668  0.0670  0.0701  0.0682  0.0673  0.0653
  0.0694  0.0691  0.0710  0.0706  0.0700  0.0654
  0.0740  0.0715  0.0706  0.0730  0.0727  0.0660
niter,ni,del,rscale     5    3   12.0000    1.2000
parameters
    1.0277   -6.5589   15.3752   -1.0284   -1.4851    3.5636
eta,q 0.93443 10.63911
  0.0727  0.0717  0.0727  0.0718  0.0687  0.0701
  0.0684  0.0673  0.0682  0.0687  0.0675  0.0677
  0.0663  0.0653  0.0648  0.0656  0.0666  0.0661
  0.0653  0.0653  0.0653  0.0657  0.0656  0.0656
  0.0659  0.0662  0.0681  0.0674  0.0653  0.0660
  0.0678  0.0678  0.0694  0.0692  0.0665  0.0672
  0.0713  0.0700  0.0693  0.0714  0.0694  0.0700
niter,ni,del,rscale     4    3   12.0000    1.2000
parameters
    1.0635   -6.4028   15.4388   -1.1448   -1.5243    3.5883
eta,q 0.93436 10.63663
  0.0721  0.0716  0.0720  0.0719  0.0687  0.0701
  0.0682  0.0675  0.0676  0.0688  0.0675  0.0677
  0.0663  0.0657  0.0646  0.0656  0.0666  0.0662
  0.0656  0.0656  0.0656  0.0657  0.0656  0.0656
  0.0663  0.0664  0.0683  0.0674  0.0654  0.0661
  0.0681  0.0680  0.0693  0.0693  0.0667  0.0673
  0.0719  0.0702  0.0692  0.0716  0.0698  0.0703
niter,ni,del,rscale     3    3   12.0000    1.2000
parameters
    1.0865   -6.2983   15.4439   -1.2426   -1.5517    3.5861
eta,q 0.93438 10.63555
  0.0720  0.0714  0.0717  0.0719  0.0686  0.0701
  0.0681  0.0675  0.0673  0.0689  0.0675  0.0678
  0.0664  0.0657  0.0646  0.0657  0.0666  0.0662
  0.0656  0.0656  0.0657  0.0657  0.0656  0.0656
  0.0663  0.0665  0.0683  0.0674  0.0653  0.0661
  0.0681  0.0680  0.0693  0.0693  0.0666  0.0674
  0.0719  0.0702  0.0692  0.0717  0.0697  0.0704
niter,ni,del,rscale     2    3   12.0000    1.2000
parameters
    1.0983   -6.2244   15.4276   -1.3170   -1.5721    3.5747
eta,q 0.93441 10.63465
  0.0718  0.0713  0.0716  0.0719  0.0686  0.0701
  0.0680  0.0674  0.0672  0.0690  0.0674  0.0677
  0.0664  0.0657  0.0646  0.0658  0.0665  0.0662
  0.0656  0.0656  0.0657  0.0656  0.0656  0.0656
  0.0663  0.0666  0.0682  0.0673  0.0653  0.0661
  0.0680  0.0680  0.0692  0.0693  0.0666  0.0673
  0.0718  0.0702  0.0691  0.0717  0.0697  0.0704
niter,ni,del,rscale     1    3   12.0000    1.2000
parameters
    1.1046   -6.1765   15.4108   -1.3670   -1.5821    3.5616
eta,q 0.93443 10.63392
  0.0717  0.0712  0.0715  0.0719  0.0686  0.0701
  0.0680  0.0674  0.0672  0.0691  0.0674  0.0677
  0.0664  0.0656  0.0646  0.0658  0.0665  0.0661
  0.0656  0.0656  0.0656  0.0656  0.0656  0.0656
  0.0662  0.0666  0.0682  0.0672  0.0653  0.0661
  0.0680  0.0680  0.0692  0.0692  0.0665  0.0673
  0.0718  0.0702  0.0691  0.0716  0.0696  0.0704
registration optimization eta report
parameter search radius
    6.0000    6.0000    6.0000    6.0000    6.0000    6.9000
100000*second partial in parameter space
       17.       14.       13.       17.       10.       10.
  0.0717  0.0712  0.0715  0.0719  0.0686  0.0701
  0.0680  0.0674  0.0672  0.0691  0.0674  0.0677
  0.0664  0.0656  0.0646  0.0658  0.0665  0.0661
  0.0656  0.0656  0.0656  0.0656  0.0656  0.0656
  0.0662  0.0666  0.0682  0.0672  0.0653  0.0661
  0.0680  0.0680  0.0692  0.0692  0.0665  0.0673
  0.0718  0.0702  0.0691  0.0716  0.0696  0.0704
    1.1046   -6.1765   15.4108   -1.3670   -1.5821    3.5616
eta,q 0.93443 10.63392

---------------------------------------------------------------------
imgreg_4dfp /opt/freesurfer/average/711-2C_as_mni_average_305 /opt/freesurfer/average/711-2B_as_mni_average_305_mask talsrcimg_g11 none talsrcimg_to_711-2C_as_mni_average_305_t4 3335
---------------------------------------------------------------------

freesurfer imgreg_4dfp.c
/opt/freesurfer/average/711-2C_as_mni_average_305.4dfp.img
       256       256       256         1
  1.000000  1.000000  1.000000
orientation T byte_order littleendian
Reading image: /opt/freesurfer/average/711-2C_as_mni_average_305.4dfp.img
dimensions:      256       256       256
mmppix:       1.0000   -1.0000   -1.0000
center:     128.0000 -129.0000 -129.0000
/opt/freesurfer/average/711-2B_as_mni_average_305_mask.4dfp.img
       256       256       256         1
  1.000000  1.000000  1.000000
orientation T byte_order littleendian
Reading mask: /opt/freesurfer/average/711-2B_as_mni_average_305_mask.4dfp.img (2306576 pixels)
talsrcimg_g11.4dfp.img
       256       256       256         1
  1.000000  1.000000  1.000000
orientation T byte_order littleendian
Reading image: talsrcimg_g11.4dfp.img
dimensions:      256       256       256
mmppix:       1.0000   -1.0000   -1.0000
center:     128.0000 -129.0000 -129.0000
fimgreg.f
image alignment mode   3335 decimal      D07 hex
parameters
    1.1046   -6.1765   15.4108   -0.2312   -0.2256   -0.0666
   -6.2761    2.6067    6.2098    2.5525   -2.7610   -2.3847
eta,q 0.93267 10.89612
niter,ni,del,rscale     5    3    5.0000    1.2000
parameter  3 -0.756177 -> -0.500000 qaram    1.1500
parameter  4  4.392706 ->  0.500000 qaram    1.1500
parameter  5-14.747344 ->  0.500000 qaram    1.1500
parameter  6-19.048550 ->  0.500000 qaram    1.1500
parameter 12  2.126149 ->  0.500000 qaram    1.1500
parameters
    1.3026   -5.3396   16.7908   -4.3712   -4.3656   -4.2066
   -5.9659    5.8901    2.7728    4.1775   -3.0906   -6.5247
eta,q 0.95240 10.59872
  0.0688  0.0681  0.0680  0.0609  0.0527  0.0431  0.0513  0.0546  0.0490  0.0504  0.0492  0.0471
  0.0681  0.0678  0.0676  0.0623  0.0563  0.0481  0.0504  0.0526  0.0487  0.0496  0.0489  0.0475
  0.0676  0.0675  0.0674  0.0644  0.0596  0.0530  0.0499  0.0509  0.0487  0.0490  0.0487  0.0480
  0.0673  0.0673  0.0672  0.0670  0.0628  0.0572  0.0497  0.0497  0.0490  0.0487  0.0486  0.0486
  0.0674  0.0672  0.0671  0.0697  0.0660  0.0615  0.0498  0.0490  0.0495  0.0486  0.0486  0.0493
  0.0677  0.0673  0.0670  0.0725  0.0691  0.0659  0.0503  0.0491  0.0502  0.0489  0.0489  0.0501
  0.0685  0.0675  0.0671  0.0747  0.0723  0.0707  0.0510  0.0500  0.0513  0.0494  0.0494  0.0510
niter,ni,del,rscale     7    3    5.0000    1.2000
parameter  4  0.871177 ->  0.500000 qaram    1.3225
parameter  5  6.908969 ->  0.500000 qaram    1.3225
parameter  6  0.962635 ->  0.500000 qaram    1.3225
parameters
    1.5491   -5.3023   17.4482   -9.1322   -9.1266   -8.9676
   -4.5949    5.9412    4.3862    4.8767   -4.7076   -8.7143
eta,q 0.96895 10.58796
  0.0511  0.0485  0.0490  0.0446  0.0330  0.0321  0.0352  0.0363  0.0344  0.0360  0.0321  0.0323
  0.0493  0.0479  0.0483  0.0447  0.0359  0.0315  0.0335  0.0336  0.0330  0.0336  0.0314  0.0314
  0.0481  0.0476  0.0479  0.0455  0.0400  0.0326  0.0322  0.0320  0.0320  0.0320  0.0312  0.0311
  0.0476  0.0476  0.0476  0.0474  0.0449  0.0369  0.0316  0.0315  0.0315  0.0313  0.0313  0.0312
  0.0477  0.0477  0.0474  0.0509  0.0496  0.0422  0.0315  0.0319  0.0314  0.0316  0.0317  0.0319
  0.0485  0.0480  0.0475  0.0551  0.0541  0.0479  0.0321  0.0335  0.0318  0.0326  0.0323  0.0330
  0.0499  0.0484  0.0481  0.0592  0.0584  0.0533  0.0332  0.0362  0.0326  0.0345  0.0332  0.0347
niter,ni,del,rscale     7    3    5.0000    1.2000
parameter  3  0.780716 ->  0.500000 qaram    1.3225
parameter  5  0.980222 ->  0.500000 qaram    1.5209
parameter 10 -0.572980 -> -0.500000 qaram    1.1500
parameters
    1.6300   -4.7581   15.8612   -9.5490  -14.6017  -12.1212
   -5.1663    6.3361    4.8993    9.0167   -5.6298  -11.2891
eta,q 0.97550 10.38570
  0.0342  0.0348  0.0294  0.0337  0.0249  0.0280  0.0283  0.0301  0.0283  0.0314  0.0254  0.0253
  0.0325  0.0329  0.0292  0.0317  0.0250  0.0269  0.0269  0.0277  0.0271  0.0292  0.0249  0.0247
  0.0314  0.0317  0.0297  0.0301  0.0263  0.0259  0.0261  0.0263  0.0262  0.0273  0.0247  0.0245
  0.0311  0.0310  0.0310  0.0293  0.0293  0.0252  0.0259  0.0259  0.0259  0.0259  0.0247  0.0247
  0.0313  0.0310  0.0329  0.0293  0.0340  0.0280  0.0264  0.0262  0.0261  0.0249  0.0249  0.0252
  0.0322  0.0315  0.0354  0.0313  0.0394  0.0338  0.0275  0.0272  0.0266  0.0247  0.0252  0.0262
  0.0338  0.0324  0.0383  0.0358  0.0444  0.0403  0.0291  0.0292  0.0277  0.0257  0.0259  0.0276
niter,ni,del,rscale     7    3    5.0000    1.2000
parameter  3  0.504186 ->  0.500000 qaram    1.5209
parameters
    1.7930   -3.6800   14.0362   -7.2087  -17.8661  -13.6452
   -5.6635    6.6673    4.9450    9.4324   -4.3066  -14.5716
eta,q 0.97763 10.27592
  0.0279  0.0304  0.0239  0.0293  0.0254  0.0268  0.0251  0.0278  0.0251  0.0273  0.0241  0.0229
  0.0261  0.0279  0.0231  0.0267  0.0232  0.0249  0.0237  0.0251  0.0238  0.0250  0.0233  0.0225
  0.0250  0.0258  0.0231  0.0246  0.0220  0.0235  0.0228  0.0233  0.0229  0.0234  0.0228  0.0224
  0.0245  0.0245  0.0238  0.0230  0.0222  0.0220  0.0227  0.0226  0.0226  0.0226  0.0226  0.0226
  0.0247  0.0239  0.0252  0.0220  0.0245  0.0229  0.0231  0.0230  0.0229  0.0228  0.0226  0.0232
  0.0256  0.0240  0.0270  0.0227  0.0294  0.0275  0.0242  0.0244  0.0237  0.0242  0.0228  0.0241
  0.0271  0.0249  0.0294  0.0257  0.0356  0.0328  0.0259  0.0270  0.0250  0.0267  0.0232  0.0253
niter,ni,del,rscale     7    3    5.0000    1.2000
parameters
    1.7874   -3.6175   13.9644   -6.1927  -18.3758  -13.6658
   -5.7973    6.4429    4.6760    9.9511   -4.2283  -14.6992
eta,q 0.97795 10.29001
  0.0256  0.0255  0.0258  0.0278  0.0279  0.0277  0.0250  0.0269  0.0244  0.0270  0.0232  0.0236
  0.0238  0.0237  0.0235  0.0256  0.0252  0.0254  0.0234  0.0242  0.0231  0.0245  0.0225  0.0227
  0.0227  0.0227  0.0224  0.0238  0.0231  0.0237  0.0224  0.0226  0.0223  0.0229  0.0221  0.0222
  0.0224  0.0224  0.0224  0.0224  0.0220  0.0221  0.0221  0.0221  0.0221  0.0221  0.0220  0.0221
  0.0227  0.0227  0.0230  0.0218  0.0224  0.0213  0.0225  0.0227  0.0224  0.0223  0.0222  0.0222
  0.0238  0.0237  0.0240  0.0233  0.0251  0.0243  0.0235  0.0246  0.0234  0.0236  0.0225  0.0228
  0.0257  0.0251  0.0257  0.0267  0.0303  0.0293  0.0252  0.0276  0.0248  0.0261  0.0232  0.0237
niter,ni,del,rscale     6    3    5.0000    1.2000
parameters
    1.7284   -3.5734   14.0398   -6.0660  -18.4686  -13.5858
   -5.7126    6.3579    4.6500   10.0328   -4.2019  -14.7019
eta,q 0.97800 10.29485
  0.0254  0.0251  0.0259  0.0272  0.0282  0.0278  0.0250  0.0271  0.0245  0.0265  0.0232  0.0236
  0.0235  0.0234  0.0235  0.0251  0.0255  0.0255  0.0234  0.0243  0.0231  0.0242  0.0225  0.0227
  0.0224  0.0224  0.0222  0.0234  0.0233  0.0237  0.0224  0.0226  0.0223  0.0226  0.0221  0.0221
  0.0221  0.0220  0.0221  0.0221  0.0220  0.0220  0.0220  0.0220  0.0220  0.0220  0.0220  0.0220
  0.0225  0.0224  0.0226  0.0220  0.0222  0.0212  0.0223  0.0225  0.0223  0.0224  0.0221  0.0221
  0.0237  0.0234  0.0236  0.0241  0.0245  0.0241  0.0233  0.0244  0.0231  0.0239  0.0225  0.0227
  0.0257  0.0248  0.0252  0.0279  0.0295  0.0292  0.0249  0.0274  0.0246  0.0265  0.0231  0.0236
niter,ni,del,rscale     5    3    5.0000    1.2000
parameters
    1.7084   -3.5667   14.0769   -6.0440  -18.4941  -13.5532
   -5.6979    6.3284    4.6511   10.0456   -4.2161  -14.6913
eta,q 0.97801 10.29651
  0.0254  0.0250  0.0258  0.0271  0.0282  0.0278  0.0250  0.0271  0.0245  0.0264  0.0232  0.0236
  0.0235  0.0233  0.0234  0.0250  0.0255  0.0254  0.0233  0.0244  0.0231  0.0241  0.0224  0.0227
  0.0224  0.0223  0.0221  0.0234  0.0233  0.0237  0.0223  0.0226  0.0223  0.0226  0.0221  0.0221
  0.0220  0.0220  0.0220  0.0220  0.0220  0.0220  0.0220  0.0220  0.0220  0.0220  0.0220  0.0220
  0.0224  0.0224  0.0225  0.0220  0.0221  0.0211  0.0223  0.0225  0.0223  0.0224  0.0221  0.0221
  0.0236  0.0234  0.0236  0.0242  0.0244  0.0242  0.0233  0.0243  0.0231  0.0239  0.0225  0.0227
  0.0256  0.0248  0.0253  0.0280  0.0294  0.0293  0.0249  0.0273  0.0245  0.0266  0.0231  0.0236
niter,ni,del,rscale     4    3    5.0000    1.2000
parameters
    1.7039   -3.5657   14.0897   -6.0419  -18.5018  -13.5422
   -5.7006    6.3252    4.6560   10.0482   -4.2252  -14.6901
eta,q 0.97802 10.29694
  0.0255  0.0250  0.0257  0.0271  0.0282  0.0277  0.0249  0.0272  0.0245  0.0264  0.0232  0.0236
  0.0236  0.0232  0.0233  0.0250  0.0255  0.0254  0.0233  0.0244  0.0231  0.0241  0.0224  0.0226
  0.0224  0.0223  0.0221  0.0233  0.0233  0.0237  0.0223  0.0226  0.0223  0.0226  0.0221  0.0221
  0.0220  0.0220  0.0220  0.0220  0.0220  0.0220  0.0220  0.0220  0.0220  0.0220  0.0220  0.0220
  0.0224  0.0224  0.0225  0.0220  0.0221  0.0211  0.0223  0.0225  0.0223  0.0224  0.0221  0.0221
  0.0235  0.0234  0.0236  0.0242  0.0244  0.0242  0.0233  0.0243  0.0231  0.0239  0.0225  0.0227
  0.0255  0.0248  0.0253  0.0281  0.0293  0.0293  0.0249  0.0273  0.0245  0.0266  0.0231  0.0236
registration optimization eta report
parameter search radius
    2.4000    2.4000    3.6501    9.5220   10.9503    9.5220
    7.2000    7.2000    7.2000    8.2800    7.2000    8.2800
100000*second partial in parameter space
       61.       50.       27.        6.        6.        7.
        6.       10.        5.        7.        2.        2.
  0.0255  0.0250  0.0257  0.0271  0.0282  0.0277  0.0249  0.0272  0.0245  0.0264  0.0232  0.0236
  0.0236  0.0232  0.0233  0.0250  0.0255  0.0254  0.0233  0.0244  0.0231  0.0241  0.0224  0.0226
  0.0224  0.0223  0.0221  0.0233  0.0233  0.0237  0.0223  0.0226  0.0223  0.0226  0.0221  0.0221
  0.0220  0.0220  0.0220  0.0220  0.0220  0.0220  0.0220  0.0220  0.0220  0.0220  0.0220  0.0220
  0.0224  0.0224  0.0225  0.0220  0.0221  0.0211  0.0223  0.0225  0.0223  0.0224  0.0221  0.0221
  0.0235  0.0234  0.0236  0.0242  0.0244  0.0242  0.0233  0.0243  0.0231  0.0239  0.0225  0.0227
  0.0255  0.0248  0.0253  0.0281  0.0293  0.0293  0.0249  0.0273  0.0245  0.0266  0.0231  0.0236
    1.7039   -3.5657   14.0897   -6.0419  -18.5018  -13.5422
   -5.7006    6.3252    4.6560   10.0482   -4.2252  -14.6901
eta,q 0.97802 10.29694

---------------------------------------------------------------------
imgreg_4dfp /opt/freesurfer/average/711-2C_as_mni_average_305 /opt/freesurfer/average/711-2B_as_mni_average_305_mask talsrcimg_g11 none talsrcimg_to_711-2C_as_mni_average_305_t4 2311
---------------------------------------------------------------------

freesurfer imgreg_4dfp.c
/opt/freesurfer/average/711-2C_as_mni_average_305.4dfp.img
       256       256       256         1
  1.000000  1.000000  1.000000
orientation T byte_order littleendian
Reading image: /opt/freesurfer/average/711-2C_as_mni_average_305.4dfp.img
dimensions:      256       256       256
mmppix:       1.0000   -1.0000   -1.0000
center:     128.0000 -129.0000 -129.0000
/opt/freesurfer/average/711-2B_as_mni_average_305_mask.4dfp.img
       256       256       256         1
  1.000000  1.000000  1.000000
orientation T byte_order littleendian
Reading mask: /opt/freesurfer/average/711-2B_as_mni_average_305_mask.4dfp.img (2306576 pixels)
talsrcimg_g11.4dfp.img
       256       256       256         1
  1.000000  1.000000  1.000000
orientation T byte_order littleendian
Reading image: talsrcimg_g11.4dfp.img
dimensions:      256       256       256
mmppix:       1.0000   -1.0000   -1.0000
center:     128.0000 -129.0000 -129.0000
fimgreg.f
image alignment mode   2311 decimal      907 hex
parameters
    1.7039   -3.5657   14.0897   -6.0419  -18.5018  -13.5422
   -5.7006    6.3252    4.6560   10.0482   -4.2252  -14.6901
eta,q 0.97802 10.29694
niter,ni,del,rscale     5    3    5.0000    0.8000
parameters
    1.7147   -3.6168   13.7468   -4.8998  -17.3544  -12.6277
   -5.8574    6.5376    4.5008   10.2015   -4.1285  -14.8429
eta,q 0.97880 10.38158
  0.0236  0.0232  0.0223  0.0241  0.0236  0.0240  0.0226  0.0247  0.0224  0.0234  0.0221  0.0219
  0.0227  0.0225  0.0220  0.0233  0.0228  0.0232  0.0218  0.0229  0.0217  0.0222  0.0216  0.0215
  0.0222  0.0221  0.0219  0.0225  0.0221  0.0225  0.0213  0.0217  0.0213  0.0215  0.0213  0.0212
  0.0220  0.0220  0.0220  0.0219  0.0217  0.0216  0.0212  0.0212  0.0212  0.0212  0.0212  0.0212
  0.0221  0.0222  0.0222  0.0217  0.0216  0.0211  0.0214  0.0215  0.0214  0.0214  0.0213  0.0213
  0.0227  0.0226  0.0224  0.0220  0.0218  0.0216  0.0220  0.0225  0.0219  0.0220  0.0216  0.0215
  0.0235  0.0234  0.0228  0.0229  0.0225  0.0232  0.0228  0.0242  0.0226  0.0231  0.0220  0.0219
niter,ni,del,rscale     4    3    5.0000    0.7000
parameters
    1.6175   -3.6151   14.1885   -5.1028  -17.4455  -11.8732
   -5.7199    6.3943    4.4875   10.2970   -4.3527  -14.7912
eta,q 0.97913 10.40276
  0.0224  0.0223  0.0224  0.0226  0.0222  0.0234  0.0222  0.0233  0.0219  0.0226  0.0215  0.0214
  0.0217  0.0217  0.0218  0.0219  0.0217  0.0228  0.0215  0.0220  0.0213  0.0217  0.0211  0.0211
  0.0213  0.0213  0.0214  0.0214  0.0213  0.0220  0.0210  0.0211  0.0210  0.0211  0.0209  0.0209
  0.0212  0.0212  0.0212  0.0211  0.0211  0.0211  0.0209  0.0209  0.0209  0.0209  0.0209  0.0209
  0.0214  0.0213  0.0211  0.0213  0.0213  0.0208  0.0210  0.0212  0.0210  0.0210  0.0210  0.0209
  0.0220  0.0217  0.0212  0.0219  0.0216  0.0213  0.0214  0.0222  0.0213  0.0216  0.0213  0.0211
  0.0228  0.0223  0.0215  0.0231  0.0224  0.0227  0.0220  0.0237  0.0219  0.0225  0.0217  0.0214
niter,ni,del,rscale     3    3    5.0000    0.6000
parameters
    1.5895   -3.5757   14.5299   -5.1029  -17.5663  -11.3915
   -5.7308    6.3945    4.5113   10.3632   -4.5495  -14.7735
eta,q 0.97931 10.41593
  0.0219  0.0218  0.0218  0.0221  0.0216  0.0229  0.0216  0.0227  0.0215  0.0220  0.0212  0.0211
  0.0213  0.0213  0.0214  0.0215  0.0212  0.0222  0.0211  0.0216  0.0210  0.0213  0.0209  0.0209
  0.0210  0.0210  0.0210  0.0211  0.0209  0.0215  0.0208  0.0209  0.0208  0.0209  0.0207  0.0207
  0.0209  0.0209  0.0209  0.0208  0.0208  0.0208  0.0207  0.0207  0.0207  0.0207  0.0207  0.0207
  0.0210  0.0210  0.0208  0.0209  0.0209  0.0207  0.0208  0.0209  0.0208  0.0208  0.0208  0.0207
  0.0214  0.0212  0.0209  0.0213  0.0212  0.0212  0.0211  0.0216  0.0210  0.0212  0.0210  0.0209
  0.0220  0.0216  0.0211  0.0222  0.0218  0.0224  0.0216  0.0227  0.0215  0.0220  0.0213  0.0211
niter,ni,del,rscale     2    3    5.0000    0.5000
parameters
    1.5809   -3.5577   14.7474   -5.0953  -17.6325  -11.0608
   -5.7537    6.4277    4.5193   10.3880   -4.6946  -14.7678
eta,q 0.97939 10.42374
  0.0214  0.0213  0.0214  0.0216  0.0212  0.0224  0.0212  0.0221  0.0212  0.0216  0.0210  0.0209
  0.0210  0.0210  0.0210  0.0212  0.0209  0.0218  0.0209  0.0213  0.0208  0.0210  0.0208  0.0207
  0.0208  0.0208  0.0208  0.0208  0.0207  0.0211  0.0207  0.0208  0.0207  0.0207  0.0206  0.0206
  0.0207  0.0207  0.0207  0.0207  0.0207  0.0207  0.0206  0.0206  0.0206  0.0206  0.0206  0.0206
  0.0208  0.0208  0.0207  0.0207  0.0207  0.0206  0.0207  0.0208  0.0207  0.0207  0.0207  0.0206
  0.0210  0.0209  0.0208  0.0211  0.0209  0.0211  0.0209  0.0212  0.0208  0.0210  0.0208  0.0207
  0.0215  0.0213  0.0209  0.0217  0.0213  0.0220  0.0212  0.0221  0.0212  0.0215  0.0211  0.0209
niter,ni,del,rscale     1    3    5.0000    0.4000
parameters
    1.5821   -3.5520   14.8780   -5.0943  -17.6975  -10.8448
   -5.7545    6.4693    4.5231   10.3844   -4.7810  -14.7397
eta,q 0.97943 10.42675
  0.0211  0.0210  0.0210  0.0212  0.0210  0.0219  0.0210  0.0216  0.0209  0.0212  0.0208  0.0208
  0.0208  0.0208  0.0208  0.0209  0.0208  0.0213  0.0207  0.0210  0.0207  0.0209  0.0207  0.0206
  0.0207  0.0206  0.0207  0.0207  0.0206  0.0209  0.0206  0.0207  0.0206  0.0206  0.0206  0.0206
  0.0206  0.0206  0.0206  0.0206  0.0206  0.0206  0.0206  0.0206  0.0206  0.0206  0.0206  0.0206
  0.0207  0.0207  0.0206  0.0206  0.0206  0.0206  0.0206  0.0207  0.0206  0.0206  0.0206  0.0206
  0.0208  0.0208  0.0207  0.0209  0.0208  0.0210  0.0207  0.0210  0.0207  0.0208  0.0207  0.0206
  0.0211  0.0210  0.0208  0.0213  0.0210  0.0216  0.0210  0.0215  0.0209  0.0212  0.0209  0.0207
registration optimization eta report
parameter search radius
    0.8000    0.8000    0.8000    2.4000    2.4000    2.4000
    2.4000    2.4000    2.4000    2.4000    2.4000    2.4000
100000*second partial in parameter space
       78.       60.       49.       11.        7.       19.
        7.       17.        6.       11.        5.        3.
  0.0211  0.0210  0.0210  0.0212  0.0210  0.0219  0.0210  0.0216  0.0209  0.0212  0.0208  0.0208
  0.0208  0.0208  0.0208  0.0209  0.0208  0.0213  0.0207  0.0210  0.0207  0.0209  0.0207  0.0206
  0.0207  0.0206  0.0207  0.0207  0.0206  0.0209  0.0206  0.0207  0.0206  0.0206  0.0206  0.0206
  0.0206  0.0206  0.0206  0.0206  0.0206  0.0206  0.0206  0.0206  0.0206  0.0206  0.0206  0.0206
  0.0207  0.0207  0.0206  0.0206  0.0206  0.0206  0.0206  0.0207  0.0206  0.0206  0.0206  0.0206
  0.0208  0.0208  0.0207  0.0209  0.0208  0.0210  0.0207  0.0210  0.0207  0.0208  0.0207  0.0206
  0.0211  0.0210  0.0208  0.0213  0.0210  0.0216  0.0210  0.0215  0.0209  0.0212  0.0209  0.0207
    1.5821   -3.5520   14.8780   -5.0943  -17.6975  -10.8448
   -5.7545    6.4693    4.5231   10.3844   -4.7810  -14.7397
eta,q 0.97943 10.42675

---------------------------------------------------------------------
imgreg_4dfp /opt/freesurfer/average/711-2C_as_mni_average_305 /opt/freesurfer/average/711-2B_as_mni_average_305_mask talsrcimg_g11 none talsrcimg_to_711-2C_as_mni_average_305_t4 2311
---------------------------------------------------------------------

freesurfer imgreg_4dfp.c
/opt/freesurfer/average/711-2C_as_mni_average_305.4dfp.img
       256       256       256         1
  1.000000  1.000000  1.000000
orientation T byte_order littleendian
Reading image: /opt/freesurfer/average/711-2C_as_mni_average_305.4dfp.img
dimensions:      256       256       256
mmppix:       1.0000   -1.0000   -1.0000
center:     128.0000 -129.0000 -129.0000
/opt/freesurfer/average/711-2B_as_mni_average_305_mask.4dfp.img
       256       256       256         1
  1.000000  1.000000  1.000000
orientation T byte_order littleendian
Reading mask: /opt/freesurfer/average/711-2B_as_mni_average_305_mask.4dfp.img (2306576 pixels)
talsrcimg_g11.4dfp.img
       256       256       256         1
  1.000000  1.000000  1.000000
orientation T byte_order littleendian
Reading image: talsrcimg_g11.4dfp.img
dimensions:      256       256       256
mmppix:       1.0000   -1.0000   -1.0000
center:     128.0000 -129.0000 -129.0000
fimgreg.f
image alignment mode   2311 decimal      907 hex
parameters
    1.5821   -3.5520   14.8780   -5.0943  -17.6975  -10.8448
   -5.7545    6.4693    4.5231   10.3844   -4.7810  -14.7397
eta,q 0.97943 10.42674
niter,ni,del,rscale     5    3    5.0000    0.8000
parameters
    1.5832   -3.5355   14.9593   -5.5822  -17.8994  -11.2342
   -5.6777    6.4018    4.6199   10.3667   -4.7814  -14.5813
eta,q 0.97930 10.40998
  0.0226  0.0222  0.0220  0.0223  0.0220  0.0233  0.0223  0.0239  0.0221  0.0228  0.0217  0.0215
  0.0215  0.0213  0.0212  0.0215  0.0213  0.0224  0.0214  0.0222  0.0213  0.0217  0.0211  0.0210
  0.0208  0.0207  0.0208  0.0209  0.0208  0.0213  0.0209  0.0211  0.0209  0.0210  0.0208  0.0208
  0.0206  0.0206  0.0206  0.0206  0.0206  0.0206  0.0207  0.0207  0.0207  0.0207  0.0207  0.0207
  0.0208  0.0207  0.0207  0.0209  0.0208  0.0210  0.0209  0.0211  0.0208  0.0209  0.0208  0.0208
  0.0215  0.0212  0.0211  0.0219  0.0213  0.0225  0.0214  0.0223  0.0213  0.0217  0.0212  0.0210
  0.0226  0.0221  0.0217  0.0236  0.0223  0.0252  0.0222  0.0241  0.0220  0.0229  0.0217  0.0214
niter,ni,del,rscale     4    3    5.0000    0.7000
parameters
    1.6162   -3.5516   14.7891   -5.3621  -17.7523  -11.3025
   -5.7487    6.4656    4.6072   10.3542   -4.7268  -14.6627
eta,q 0.97933 10.41375
  0.0222  0.0218  0.0214  0.0224  0.0218  0.0231  0.0218  0.0234  0.0217  0.0224  0.0215  0.0212
  0.0214  0.0212  0.0210  0.0217  0.0213  0.0223  0.0212  0.0220  0.0211  0.0215  0.0210  0.0209
  0.0209  0.0208  0.0207  0.0211  0.0209  0.0213  0.0208  0.0210  0.0208  0.0209  0.0208  0.0207
  0.0207  0.0207  0.0207  0.0207  0.0207  0.0207  0.0207  0.0207  0.0207  0.0207  0.0207  0.0207
  0.0208  0.0209  0.0209  0.0207  0.0207  0.0208  0.0208  0.0209  0.0208  0.0208  0.0208  0.0207
  0.0213  0.0212  0.0213  0.0212  0.0211  0.0218  0.0212  0.0218  0.0211  0.0214  0.0210  0.0209
  0.0221  0.0219  0.0218  0.0223  0.0218  0.0238  0.0219  0.0233  0.0217  0.0224  0.0214  0.0212
niter,ni,del,rscale     3    3    5.0000    0.6000
parameters
    1.6100   -3.5574   14.7719   -5.2309  -17.6911  -11.1692
   -5.7589    6.4784    4.5749   10.3632   -4.7332  -14.7133
eta,q 0.97937 10.41911
  0.0217  0.0215  0.0213  0.0220  0.0215  0.0227  0.0215  0.0227  0.0214  0.0219  0.0212  0.0210
  0.0211  0.0210  0.0209  0.0214  0.0211  0.0220  0.0210  0.0216  0.0210  0.0212  0.0209  0.0208
  0.0208  0.0208  0.0207  0.0209  0.0208  0.0212  0.0207  0.0209  0.0207  0.0208  0.0207  0.0207
  0.0207  0.0207  0.0207  0.0207  0.0207  0.0207  0.0206  0.0206  0.0206  0.0206  0.0206  0.0206
  0.0208  0.0208  0.0207  0.0207  0.0207  0.0207  0.0207  0.0208  0.0207  0.0208  0.0207  0.0207
  0.0212  0.0211  0.0210  0.0211  0.0210  0.0214  0.0210  0.0215  0.0210  0.0212  0.0209  0.0208
  0.0218  0.0215  0.0213  0.0219  0.0215  0.0228  0.0215  0.0227  0.0214  0.0219  0.0212  0.0210
niter,ni,del,rscale     2    3    5.0000    0.5000
parameters
    1.5986   -3.5554   14.8295   -5.1621  -17.6942  -10.9766
   -5.7571    6.4845    4.5534   10.3747   -4.7745  -14.7363
eta,q 0.97941 10.42342
  0.0214  0.0212  0.0211  0.0216  0.0212  0.0223  0.0212  0.0221  0.0211  0.0215  0.0210  0.0209
  0.0210  0.0209  0.0209  0.0211  0.0209  0.0217  0.0209  0.0213  0.0208  0.0210  0.0208  0.0207
  0.0207  0.0207  0.0207  0.0208  0.0207  0.0210  0.0207  0.0208  0.0206  0.0207  0.0206  0.0206
  0.0206  0.0206  0.0206  0.0206  0.0206  0.0206  0.0206  0.0206  0.0206  0.0206  0.0206  0.0206
  0.0207  0.0207  0.0207  0.0207  0.0207  0.0207  0.0207  0.0207  0.0207  0.0207  0.0206  0.0206
  0.0210  0.0209  0.0208  0.0210  0.0209  0.0212  0.0209  0.0212  0.0208  0.0210  0.0208  0.0207
  0.0214  0.0212  0.0210  0.0216  0.0212  0.0221  0.0212  0.0221  0.0211  0.0215  0.0210  0.0209
niter,ni,del,rscale     1    3    5.0000    0.4000
parameters
    1.5918   -3.5528   14.9070   -5.1210  -17.7128  -10.8158
   -5.7516    6.4999    4.5423   10.3758   -4.8283  -14.7497
eta,q 0.97943 10.42674
  0.0211  0.0210  0.0210  0.0212  0.0210  0.0218  0.0210  0.0215  0.0209  0.0212  0.0209  0.0207
  0.0208  0.0208  0.0208  0.0209  0.0208  0.0213  0.0207  0.0210  0.0207  0.0208  0.0207  0.0206
  0.0206  0.0206  0.0206  0.0207  0.0206  0.0208  0.0206  0.0207  0.0206  0.0206  0.0206  0.0206
  0.0206  0.0206  0.0206  0.0206  0.0206  0.0206  0.0206  0.0206  0.0206  0.0206  0.0206  0.0206
  0.0206  0.0206  0.0206  0.0206  0.0206  0.0206  0.0206  0.0207  0.0206  0.0206  0.0206  0.0206
  0.0208  0.0208  0.0207  0.0208  0.0207  0.0210  0.0207  0.0210  0.0207  0.0208  0.0207  0.0206
  0.0211  0.0210  0.0208  0.0212  0.0210  0.0216  0.0210  0.0215  0.0209  0.0212  0.0209  0.0207
registration optimization eta report
parameter search radius
    0.8000    0.8000    0.8000    2.4000    2.4000    2.4000
    2.4000    2.4000    2.4000    2.4000    2.4000    2.4000
100000*second partial in parameter space
       79.       60.       49.       11.        7.       20.
        7.       17.        6.       11.        5.        3.
  0.0211  0.0210  0.0210  0.0212  0.0210  0.0218  0.0210  0.0215  0.0209  0.0212  0.0209  0.0207
  0.0208  0.0208  0.0208  0.0209  0.0208  0.0213  0.0207  0.0210  0.0207  0.0208  0.0207  0.0206
  0.0206  0.0206  0.0206  0.0207  0.0206  0.0208  0.0206  0.0207  0.0206  0.0206  0.0206  0.0206
  0.0206  0.0206  0.0206  0.0206  0.0206  0.0206  0.0206  0.0206  0.0206  0.0206  0.0206  0.0206
  0.0206  0.0206  0.0206  0.0206  0.0206  0.0206  0.0206  0.0207  0.0206  0.0206  0.0206  0.0206
  0.0208  0.0208  0.0207  0.0208  0.0207  0.0210  0.0207  0.0210  0.0207  0.0208  0.0207  0.0206
  0.0211  0.0210  0.0208  0.0212  0.0210  0.0216  0.0210  0.0215  0.0209  0.0212  0.0209  0.0207
    1.5918   -3.5528   14.9070   -5.1210  -17.7128  -10.8158
   -5.7516    6.4999    4.5423   10.3758   -4.8283  -14.7497
eta,q 0.97943 10.42674

---------------------------------------------------------------------
compute_vox2vox talsrcimg talsrcimg_to_711-2C_as_mni_average_305_t4 /opt/freesurfer/average/711-2C_as_mni_average_305
---------------------------------------------------------------------

freesurfer compute_vox2vox.c
Reading: talsrcimg.4dfp.ifh
Reading: talsrcimg_to_711-2C_as_mni_average_305_t4
Reading: /opt/freesurfer/average/711-2C_as_mni_average_305.4dfp.ifh
Writing: talsrcimg_to_711-2C_as_mni_average_305_t4_vox2vox.txt

start time Mon Mar 9 07:14:04 CET 2026
end		time Mon Mar 9 07:14:18 CET 2026

mpr2mni305 success

avi2talxfm orig_nu.mgz /opt/freesurfer/average/mni305.cor.mgz talsrcimg_to_711-2C_as_mni_average_305_t4_vox2vox.txt transforms/talairach.auto.xfm
avi2talxfm done
mv -f /out/sourcedata/freesurfer/sub-v1s18x0051275_ses-1/mri/talsrcimg_to_711-2C_as_mni_average_305_t4_vox2vox.txt /out/sourcedata/freesurfer/sub-v1s18x0051275_ses-1/mri/transforms/talsrcimg_to_711-2C_as_mni_average_305_t4_vox2vox.txt
lta_convert --src orig_nu.mgz --trg /opt/freesurfer/average/mni305.cor.mgz --inxfm transforms/talairach.auto.xfm --outlta transforms/talairach.auto.xfm.lta --subject fsaverage
7.3.2

--src: orig_nu.mgz src image (geometry).
--trg: /opt/freesurfer/average/mni305.cor.mgz trg image (geometry).
--inmni: transforms/talairach.auto.xfm input MNI/XFM transform.
--outlta: transforms/talairach.auto.xfm.lta output LTA.
--s: fsaverage subject name
 LTA read, type : 1
 1.04695  -0.08309   0.05829  -5.28294;
 0.04616   1.09471   0.19945  -26.32606;
-0.06361  -0.13345   1.18689  -5.23065;
 0.00000   0.00000   0.00000   1.00000;
setting subject to fsaverage
Writing  LTA to file transforms/talairach.auto.xfm.lta...
lta_convert successful.
 
 
Started at Mon Mar 9 07:14:04 CET 2026
Ended   at Mon Mar  9 07:14:18 CET 2026
talairach_avi done
