status file for recon-all
Thu Mar 12 13:30:58 CET 2026
#@# Tessellate lh Thu Mar 12 13:30:58 CET 2026
#@# Smooth1 lh Thu Mar 12 13:31:01 CET 2026
#@# Inflation1 lh Thu Mar 12 13:31:03 CET 2026
#@# QSphere lh Thu Mar 12 13:31:16 CET 2026
#@# Fix Topology lh Thu Mar 12 13:32:18 CET 2026
#@# Smooth2 lh Thu Mar 12 13:36:29 CET 2026
#@# Inflation2 lh Thu Mar 12 13:36:31 CET 2026
#@# Curv .H and .K lh Thu Mar 12 13:36:42 CET 2026
#@# Sphere lh Thu Mar 12 13:37:20 CET 2026
#@# Surf Reg lh Thu Mar 12 13:40:42 CET 2026
#@# Jacobian white lh Thu Mar 12 13:45:56 CET 2026
#@# AvgCurv lh Thu Mar 12 13:45:56 CET 2026
#@# Cortical Parc lh Thu Mar 12 13:45:57 CET 2026
#@# white curv lh Thu Mar 12 13:51:09 CET 2026
#@# white area lh Thu Mar 12 13:51:11 CET 2026
#@# pial curv lh Thu Mar 12 13:51:12 CET 2026
#@# pial area lh Thu Mar 12 13:51:13 CET 2026
#@# thickness lh Thu Mar 12 13:51:14 CET 2026
#@# area and vertex vol lh Thu Mar 12 13:51:36 CET 2026
#@# Curvature Stats lh Thu Mar 12 13:51:37 CET 2026
#@# Cortical Parc 2 lh Thu Mar 12 13:51:39 CET 2026
#@# Cortical Parc 3 lh Thu Mar 12 13:51:50 CET 2026
#@# WM/GM Contrast lh Thu Mar 12 13:51:58 CET 2026
recon-all -s sub-v1s18x0051204_ses-1 finished without error at Thu Mar 12 13:52:01 CET 2026



#New# invocation of recon-all 



status file for recon-all
Thu Mar 12 14:13:38 CET 2026
#@# white curv lh Thu Mar 12 14:13:38 CET 2026
#@# white area lh Thu Mar 12 14:13:38 CET 2026
#@# pial curv lh Thu Mar 12 14:13:38 CET 2026
#@# pial area lh Thu Mar 12 14:13:38 CET 2026
#@# thickness lh Thu Mar 12 14:13:38 CET 2026
#@# area and vertex vol lh Thu Mar 12 14:13:38 CET 2026
#@# Parcellation Stats lh Thu Mar 12 14:13:38 CET 2026
#@# Parcellation Stats 2 lh Thu Mar 12 14:13:52 CET 2026
#@# Parcellation Stats 3 lh Thu Mar 12 14:13:58 CET 2026
#@# BA_exvivo Labels lh Thu Mar 12 14:14:05 CET 2026
recon-all -s sub-v1s18x0051204_ses-1 finished without error at Thu Mar 12 14:16:14 CET 2026
