/out/sourcedata/freesurfer/sub-v1s18x0051218_ses-1/mri
/opt/freesurfer/bin/talairach_avi
--i orig_nu.mgz --xfm transforms/talairach.auto.xfm
talairach_avi 7.3.2
Linux dna058 5.14.0-427.37.1.el9_4.x86_64 #1 SMP PREEMPT_DYNAMIC Fri Sep 13 12:41:50 EDT 2024 x86_64 x86_64 x86_64 GNU/Linux
Mon Mar  9 04:05:43 CET 2026
mri_convert orig_nu.mgz talsrcimg.img 
reading from orig_nu.mgz...
TR=0.00, TE=0.00, TI=0.00, flip angle=0.00
i_ras = (-1, 0, 0)
j_ras = (0, 0, -1)
k_ras = (0, 1, 0)
writing to talsrcimg.img...
Analyze Output Matrix
-1.00000   0.00000   0.00000   142.36832;
 0.00000   0.00000   1.00000  -122.55737;
 0.00000  -1.00000   0.00000   137.22772;
 0.00000   0.00000   0.00000   1.00000;
--------------------
INFO: set hdr.hist.orient to -1
mpr2mni305 talsrcimg
Mon Mar  9 04:05:43 CET 2026
/opt/freesurfer/bin/mpr2mni305 talsrcimg
mpr2mni305 7.3.2
target=711-2C_as_mni_average_305

---------------------------------------------------------------------
analyzeto4dfp talsrcimg -O0 -y
---------------------------------------------------------------------

freesurfer ifh2hdr.c
Mon Mar  9 04:05:43 2026
Writing: talsrcimg.4dfp.hdr
freesurfer analyzeto4dfp.c
Reading: talsrcimg.hdr
header size 348 bytes
hdr.dime.datatype	offset=70	value=2
hdr.dime.bitpix		offset=72	value=8
hdr.hist.orient		offset=252	value=-1
dimensionality     4
dimensions       256       256       256         1
Reading: talsrcimg.img
Writing: talsrcimg.4dfp.img
Writing: talsrcimg.4dfp.ifh
ifh2hdr talsrcimg -r0to233
ori=2

---------------------------------------------------------------------
gauss_4dfp talsrcimg 1.1
---------------------------------------------------------------------

freesurfer gauss_4dfp.c
Reading: talsrcimg.4dfp.img
Writing: talsrcimg_g11.4dfp.img
image dimensions 256 256 256 padded to 288 288 288
processing volume 1freesurfer ifh2hdr.c
Mon Mar  9 04:05:45 2026
Writing: talsrcimg_g11.4dfp.hdr

Writing: talsrcimg_g11.4dfp.ifh
including: talsrcimg.4dfp.img.rec in talsrcimg_g11.4dfp.img.rec

---------------------------------------------------------------------
imgreg_4dfp /opt/freesurfer/average/711-2C_as_mni_average_305 none talsrcimg_g11 none talsrcimg_to_711-2C_as_mni_average_305_t4 4355
---------------------------------------------------------------------

freesurfer imgreg_4dfp.c
/opt/freesurfer/average/711-2C_as_mni_average_305.4dfp.img
       256       256       256         1
  1.000000  1.000000  1.000000
orientation T byte_order littleendian
Reading image: /opt/freesurfer/average/711-2C_as_mni_average_305.4dfp.img
dimensions:      256       256       256
mmppix:       1.0000   -1.0000   -1.0000
center:     128.0000 -129.0000 -129.0000
talsrcimg_g11.4dfp.img
       256       256       256         1
  1.000000  1.000000  1.000000
orientation T byte_order littleendian
Reading image: talsrcimg_g11.4dfp.img
dimensions:      256       256       256
mmppix:       1.0000   -1.0000   -1.0000
center:     128.0000 -129.0000 -129.0000
t4_read: open error in t4_sub.f l:  41 t4_file(1:l)talsrcimg_to_711-2C_as_mni_average_305_t4 
t4_read: transform initialized to I4
rotation matrix determinant  1.000000
image alignment mode   4355 decimal     1103 hex
   -7.5000  -45.0000  -45.0000 8582.4883   17.6784
    0.0000  -45.0000  -45.0000 8959.7480   17.6888
    7.5000  -45.0000  -45.0000 8582.6230   17.6945
   -7.5000  -37.5000  -45.0000 9022.6338   17.6384
    0.0000  -37.5000  -45.0000 9415.8877   17.6390
    7.5000  -37.5000  -45.0000 8995.4590   17.6384
   -7.5000  -30.0000  -45.0000 9784.7246   17.6334
    0.0000  -30.0000  -45.000010197.3809   17.6222
    7.5000  -30.0000  -45.0000 9719.9473   17.6128
   -7.5000  -22.5000  -45.000010466.2324   17.6426
    0.0000  -22.5000  -45.000010936.5645   17.6296
    7.5000  -22.5000  -45.000010416.9854   17.6174
   -7.5000  -15.0000  -45.000010990.5391   17.6457
    0.0000  -15.0000  -45.000011510.1279   17.6396
    7.5000  -15.0000  -45.000010975.0059   17.6313
   -7.5000   -7.5000  -45.000011432.2188   17.6357
    0.0000   -7.5000  -45.000011967.5312   17.6415
    7.5000   -7.5000  -45.000011410.4443   17.6425
   -7.5000    0.0000  -45.000011730.5645   17.6257
    0.0000    0.0000  -45.000012260.9082   17.6368
    7.5000    0.0000  -45.000011681.2529   17.6429
   -7.5000    7.5000  -45.000011146.2295   17.6264
    0.0000    7.5000  -45.000011659.3926   17.6273
    7.5000    7.5000  -45.000011097.7285   17.6269
   -7.5000   15.0000  -45.000010391.3047   17.6332
    0.0000   15.0000  -45.000010869.0498   17.6220
    7.5000   15.0000  -45.000010349.1406   17.6127
   -7.5000   22.5000  -45.0000 9580.4434   17.6401
    0.0000   22.5000  -45.000010019.1973   17.6272
    7.5000   22.5000  -45.0000 9524.4805   17.6150
   -7.5000   30.0000  -45.0000 8755.6006   17.4136
    0.0000   30.0000  -45.0000 9135.0020   17.4075
    7.5000   30.0000  -45.0000 8681.1660   17.3993
   -7.5000   37.5000  -45.0000 8320.5645   17.5088
    0.0000   37.5000  -45.0000 8656.6631   17.5144
    7.5000   37.5000  -45.0000 8208.7598   17.5152
   -7.5000   45.0000  -45.0000 7641.2617   17.3335
    0.0000   45.0000  -45.0000 7947.1440   17.3448
    7.5000   45.0000  -45.0000 7526.6221   17.3515
   -7.5000  -45.0000  -37.5000 9059.2549   17.6401
    0.0000  -45.0000  -37.5000 9457.2305   17.6516
    7.5000  -45.0000  -37.5000 9058.0293   17.6616
   -7.5000  -37.5000  -37.5000 9517.8818   17.6033
    0.0000  -37.5000  -37.5000 9931.3135   17.6076
    7.5000  -37.5000  -37.5000 9474.1982   17.6120
   -7.5000  -30.0000  -37.500010298.4990   17.6113
    0.0000  -30.0000  -37.500010750.0127   17.6014
    7.5000  -30.0000  -37.500010241.8281   17.5928
   -7.5000  -22.5000  -37.500011025.6855   17.6302
    0.0000  -22.5000  -37.500011540.6143   17.6139
    7.5000  -22.5000  -37.500010977.8428   17.5982
   -7.5000  -15.0000  -37.500011619.6152   17.6308
    0.0000  -15.0000  -37.500012152.0039   17.6193
    7.5000  -15.0000  -37.500011574.0498   17.6070
   -7.5000   -7.5000  -37.500012056.7578   17.6085
    0.0000   -7.5000  -37.500012601.8652   17.6109
    7.5000   -7.5000  -37.500011976.8975   17.6118
   -7.5000    0.0000  -37.500012379.7988   17.5883
    0.0000    0.0000  -37.500012901.4111   17.6005
    7.5000    0.0000  -37.500012229.3555   17.6110
   -7.5000    7.5000  -37.500011780.5498   17.5915
    0.0000    7.5000  -37.500012299.5752   17.5962
    7.5000    7.5000  -37.500011621.6182   17.6008
   -7.5000   15.0000  -37.500011005.0625   17.6112
    0.0000   15.0000  -37.500011503.7012   17.6013
    7.5000   15.0000  -37.500010858.8252   17.5927
   -7.5000   22.5000  -37.500010099.9180   17.6278
    0.0000   22.5000  -37.500010575.1221   17.6115
    7.5000   22.5000  -37.5000 9998.0703   17.5958
   -7.5000   30.0000  -37.5000 9195.7393   17.3990
    0.0000   30.0000  -37.5000 9641.8242   17.3875
    7.5000   30.0000  -37.5000 9124.9238   17.3753
   -7.5000   37.5000  -37.5000 8730.5654   17.4816
    0.0000   37.5000  -37.5000 9144.1475   17.4838
    7.5000   37.5000  -37.5000 8626.3848   17.4845
   -7.5000   45.0000  -37.5000 8005.2129   17.2977
    0.0000   45.0000  -37.5000 8359.5088   17.3085
    7.5000   45.0000  -37.5000 7910.1797   17.3185
   -7.5000  -45.0000  -30.0000 9719.8701   18.3832
    0.0000  -45.0000  -30.000010154.3701   18.4076
    7.5000  -45.0000  -30.0000 9684.4688   18.4250
   -7.5000  -37.5000  -30.000010202.1562   18.3509
    0.0000  -37.5000  -30.000010638.1152   18.3673
    7.5000  -37.5000  -30.000010117.5723   18.3754
   -7.5000  -30.0000  -30.000011034.5508   18.3631
    0.0000  -30.0000  -30.000011499.5273   18.3618
    7.5000  -30.0000  -30.000010928.6846   18.3524
   -7.5000  -22.5000  -30.000011846.0283   18.3788
    0.0000  -22.5000  -30.000012375.9941   18.3689
    7.5000  -22.5000  -30.000011725.1895   18.3524
   -7.5000  -15.0000  -30.000012520.5557   18.3723
    0.0000  -15.0000  -30.000013058.2959   18.3688
    7.5000  -15.0000  -30.000012362.2598   18.3599
   -7.5000   -7.5000  -30.000012966.3594   18.3475
    0.0000   -7.5000  -30.000013519.1445   18.3611
    7.5000   -7.5000  -30.000012765.2100   18.3689
   -7.5000    0.0000  -30.000013278.0010   18.3301
    0.0000    0.0000  -30.000013827.3564   18.3553
    7.5000    0.0000  -30.000013035.5332   18.3731
   -7.5000    7.5000  -30.000012596.8584   18.3390
    0.0000    7.5000  -30.000013158.9561   18.3557
    7.5000    7.5000  -30.000012380.2764   18.3639
   -7.5000   15.0000  -30.000011778.7549   18.3629
    0.0000   15.0000  -30.000012349.4893   18.3617
    7.5000   15.0000  -30.000011612.8633   18.3523
   -7.5000   22.5000  -30.000010794.0225   18.3744
    0.0000   22.5000  -30.000011336.8564   18.3645
    7.5000   22.5000  -30.000010682.6201   18.3480
   -7.5000   30.0000  -30.0000 9808.3213   18.1321
    0.0000   30.0000  -30.000010317.4512   18.1286
    7.5000   30.0000  -30.0000 9741.3496   18.1197
   -7.5000   37.5000  -30.0000 9300.8887   18.2172
    0.0000   37.5000  -30.0000 9776.1611   18.2303
    7.5000   37.5000  -30.0000 9218.8750   18.2380
   -7.5000   45.0000  -30.0000 8510.9023   18.0390
    0.0000   45.0000  -30.0000 8925.0449   18.0625
    7.5000   45.0000  -30.0000 8422.1162   18.0794
   -7.5000  -45.0000  -22.500010408.8887   19.0236
    0.0000  -45.0000  -22.500010869.1016   19.0587
    7.5000  -45.0000  -22.500010335.4160   19.0783
   -7.5000  -37.5000  -22.500010925.1602   18.9925
    0.0000  -37.5000  -22.500011379.4102   19.0161
    7.5000  -37.5000  -22.500010794.1650   19.0222
   -7.5000  -30.0000  -22.500011811.5371   18.9923
    0.0000  -30.0000  -22.500012290.1436   18.9981
    7.5000  -30.0000  -22.500011647.2266   18.9876
   -7.5000  -22.5000  -22.500012690.1924   18.9917
    0.0000  -22.5000  -22.500013207.2578   18.9923
    7.5000  -22.5000  -22.500012487.8896   18.9800
   -7.5000  -15.0000  -22.500013413.5498   18.9806
    0.0000  -15.0000  -22.500013932.5586   18.9918
    7.5000  -15.0000  -22.500013133.5430   18.9918
   -7.5000   -7.5000  -22.500013896.2363   18.9696
    0.0000   -7.5000  -22.500014436.1338   18.9978
    7.5000   -7.5000  -22.500013588.2002   19.0134
   -7.5000    0.0000  -22.500014230.6035   18.9690
    0.0000    0.0000  -22.500014803.7627   19.0047
    7.5000    0.0000  -22.500013914.4424   19.0247
   -7.5000    7.5000  -22.500013456.3506   18.9804
    0.0000    7.5000  -22.500014045.7871   19.0043
    7.5000    7.5000  -22.500013190.2988   19.0106
   -7.5000   15.0000  -22.500012572.7090   18.9921
    0.0000   15.0000  -22.500013186.7617   18.9980
    7.5000   15.0000  -22.500012384.7139   18.9874
   -7.5000   22.5000  -22.500011534.5850   18.9859
    0.0000   22.5000  -22.500012148.5078   18.9865
    7.5000   22.5000  -22.500011414.7920   18.9742
   -7.5000   30.0000  -22.500010466.2080   18.7350
    0.0000   30.0000  -22.500011015.9854   18.7460
    7.5000   30.0000  -22.500010392.8809   18.7459
   -7.5000   37.5000  -22.5000 9895.6123   18.8375
    0.0000   37.5000  -22.500010409.5420   18.8652
    7.5000   37.5000  -22.5000 9830.4814   18.8806
   -7.5000   45.0000  -22.5000 9061.3135   18.6784
    0.0000   45.0000  -22.5000 9502.2461   18.7141
    7.5000   45.0000  -22.5000 8958.1133   18.7335
   -7.5000  -45.0000  -15.000011095.7012   19.4877
    0.0000  -45.0000  -15.000011588.6826   19.5247
    7.5000  -45.0000  -15.000010999.2520   19.5406
   -7.5000  -37.5000  -15.000011650.6133   19.4495
    0.0000  -37.5000  -15.000012130.6035   19.4721
    7.5000  -37.5000  -15.000011481.8213   19.4738
   -7.5000  -30.0000  -15.000012548.8789   19.4328
    0.0000  -30.0000  -15.000013059.1943   19.4388
    7.5000  -30.0000  -15.000012361.1240   19.4280
   -7.5000  -22.5000  -15.000013472.1777   19.4220
    0.0000  -22.5000  -15.000013987.9971   19.4268
    7.5000  -22.5000  -15.000013220.0557   19.4185
   -7.5000  -15.0000  -15.000014273.1943   19.4158
    0.0000  -15.0000  -15.000014814.3662   19.4337
    7.5000  -15.0000  -15.000013938.5342   19.4382
   -7.5000   -7.5000  -15.000014848.7373   19.4204
    0.0000   -7.5000  -15.000015414.7783   19.4544
    7.5000   -7.5000  -15.000014449.3291   19.4708
   -7.5000    0.0000  -15.000015228.4639   19.4309
    0.0000    0.0000  -15.000015810.1494   19.4687
    7.5000    0.0000  -15.000014847.4375   19.4850
   -7.5000    7.5000  -15.000014326.1855   19.4369
    0.0000    7.5000  -15.000014969.4062   19.4599
    7.5000    7.5000  -15.000014055.9199   19.4618
   -7.5000   15.0000  -15.000013344.9727   19.4326
    0.0000   15.0000  -15.000013981.9131   19.4386
    7.5000   15.0000  -15.000013149.3711   19.4279
   -7.5000   22.5000  -15.000012274.4873   19.4151
    0.0000   22.5000  -15.000012886.0518   19.4199
    7.5000   22.5000  -15.000012142.8145   19.4116
   -7.5000   30.0000  -15.000011147.8926   19.1672
    0.0000   30.0000  -15.000011714.2236   19.1849
    7.5000   30.0000  -15.000011037.4756   19.1893
   -7.5000   37.5000  -15.000010523.1768   19.2878
    0.0000   37.5000  -15.000011053.2305   19.3212
    7.5000   37.5000  -15.000010421.7881   19.3375
   -7.5000   45.0000  -15.0000 9599.7803   19.1430
    0.0000   45.0000  -15.000010073.7832   19.1825
    7.5000   45.0000  -15.0000 9487.0576   19.1991
   -7.5000  -45.0000   -7.500011817.2539   19.7088
    0.0000  -45.0000   -7.500012332.0732   19.7333
    7.5000  -45.0000   -7.500011714.4629   19.7424
   -7.5000  -37.5000   -7.500012414.2920   19.6645
    0.0000  -37.5000   -7.500012886.7549   19.6749
    7.5000  -37.5000   -7.500012199.4365   19.6731
   -7.5000  -30.0000   -7.500013371.0303   19.6468
    0.0000  -30.0000   -7.500013865.8887   19.6426
    7.5000  -30.0000   -7.500013113.6387   19.6314
   -7.5000  -22.5000   -7.500014356.5000   19.6426
    0.0000  -22.5000   -7.500014868.9131   19.6386
    7.5000  -22.5000   -7.500014049.7715   19.6288
   -7.5000  -15.0000   -7.500015195.4043   19.6436
    0.0000  -15.0000   -7.500015729.0361   19.6511
    7.5000  -15.0000   -7.500014787.8877   19.6501
   -7.5000   -7.5000   -7.500015827.9404   19.6465
    0.0000   -7.5000   -7.500016386.5879   19.6685
    7.5000   -7.5000   -7.500015380.5791   19.6771
   -7.5000    0.0000   -7.500016186.7734   19.6504
    0.0000    0.0000   -7.500016824.3438   19.6757
    7.5000    0.0000   -7.500015778.1270   19.6852
   -7.5000    7.5000   -7.500015275.2803   19.6513
    0.0000    7.5000   -7.500015916.0518   19.6622
    7.5000    7.5000   -7.500014944.1816   19.6605
   -7.5000   15.0000   -7.500014208.6377   19.6466
    0.0000   15.0000   -7.500014829.1152   19.6425
    7.5000   15.0000   -7.500013955.9062   19.6312
   -7.5000   22.5000   -7.500013101.0488   19.6335
    0.0000   22.5000   -7.500013696.8740   19.6295
    7.5000   22.5000   -7.500012885.8232   19.6197
   -7.5000   30.0000   -7.500011921.1924   19.3919
    0.0000   30.0000   -7.500012483.2930   19.3993
    7.5000   30.0000   -7.500011736.0801   19.3982
   -7.5000   37.5000   -7.500011271.1719   19.5119
    0.0000   37.5000   -7.500011796.6572   19.5336
    7.5000   37.5000   -7.500011086.4580   19.5420
   -7.5000   45.0000   -7.500010253.6553   19.3643
    0.0000   45.0000   -7.500010725.0713   19.3915
    7.5000   45.0000   -7.500010049.2383   19.4020
   -7.5000  -45.0000    0.000012453.8711   19.7407
    0.0000  -45.0000    0.000012955.1660   19.7509
    7.5000  -45.0000    0.000012273.3291   19.7568
   -7.5000  -37.5000    0.000013100.9844   19.6962
    0.0000  -37.5000    0.000013588.7627   19.6954
    7.5000  -37.5000    0.000012852.7295   19.6945
   -7.5000  -30.0000    0.000014178.5518   19.6910
    0.0000  -30.0000    0.000014702.6309   19.6770
    7.5000  -30.0000    0.000013888.4482   19.6662
   -7.5000  -22.5000    0.000015287.8086   19.7014
    0.0000  -22.5000    0.000015800.2646   19.6855
    7.5000  -22.5000    0.000014920.3848   19.6715
   -7.5000  -15.0000    0.000016140.1592   19.7048
    0.0000  -15.0000    0.000016648.7598   19.6966
    7.5000  -15.0000    0.000015670.1445   19.6868
   -7.5000   -7.5000    0.000016737.9883   19.6933
    0.0000   -7.5000    0.000017303.9238   19.6984
    7.5000   -7.5000    0.000016260.9922   19.6990
   -7.5000    0.0000    0.000017086.1543   19.6819
    0.0000    0.0000    0.000017704.6914   19.6930
    7.5000    0.0000    0.000016610.7324   19.6994
   -7.5000    7.5000    0.000016164.6895   19.6828
    0.0000    7.5000    0.000016766.1250   19.6825
    7.5000    7.5000    0.000015719.2529   19.6816
   -7.5000   15.0000    0.000015076.9248   19.6908
    0.0000   15.0000    0.000015663.1143   19.6769
    7.5000   15.0000    0.000014668.0664   19.6661
   -7.5000   22.5000    0.000013934.1719   19.6924
    0.0000   22.5000    0.000014483.1904   19.6764
    7.5000   22.5000    0.000013537.7783   19.6624
   -7.5000   30.0000    0.000012707.2373   19.4533
    0.0000   30.0000    0.000013223.5273   19.4450
    7.5000   30.0000    0.000012342.2373   19.4354
   -7.5000   37.5000    0.000011991.7695   19.5590
    0.0000   37.5000    0.000012478.7529   19.5638
    7.5000   37.5000    0.000011640.8936   19.5642
   -7.5000   45.0000    0.000010872.4365   19.4003
    0.0000   45.0000    0.000011300.8613   19.4116
    7.5000   45.0000    0.000010526.0898   19.4186
   -7.5000  -45.0000    7.500012078.9922   19.7397
    0.0000  -45.0000    7.500012557.6201   19.7526
    7.5000  -45.0000    7.500011885.4795   19.7637
   -7.5000  -37.5000    7.500012773.0332   19.6985
    0.0000  -37.5000    7.500013278.7930   19.7033
    7.5000  -37.5000    7.500012544.5400   19.7083
   -7.5000  -30.0000    7.500014033.1338   19.7075
    0.0000  -30.0000    7.500014597.2764   19.6964
    7.5000  -30.0000    7.500013696.3906   19.6868
   -7.5000  -22.5000    7.500015225.2734   19.7286
    0.0000  -22.5000    7.500015782.3994   19.7104
    7.5000  -22.5000    7.500014759.6797   19.6928
   -7.5000  -15.0000    7.500015887.7881   19.7293
    0.0000  -15.0000    7.500016391.7715   19.7164
    7.5000  -15.0000    7.500015428.4268   19.7026
   -7.5000   -7.5000    7.500016323.5098   19.7043
    0.0000   -7.5000    7.500016838.8730   19.7070
    7.5000   -7.5000    7.500015879.6660   19.7080
   -7.5000    0.0000    7.500016732.3809   19.6817
    0.0000    0.0000    7.500017265.8945   19.6954
    7.5000    0.0000    7.500016175.0566   19.7071
   -7.5000    7.5000    7.500015922.3594   19.6854
    0.0000    7.5000    7.500016442.9590   19.6906
    7.5000    7.5000    7.500015300.8887   19.6957
   -7.5000   15.0000    7.500014895.4609   19.7073
    0.0000   15.0000    7.500015388.8779   19.6962
    7.5000   15.0000    7.500014294.0342   19.6866
   -7.5000   22.5000    7.500013755.1758   19.7196
    0.0000   22.5000    7.500014208.7100   19.7013
    7.5000   22.5000    7.500013174.7285   19.6837
   -7.5000   30.0000    7.500012533.3350   19.4775
    0.0000   30.0000    7.500012988.9531   19.4646
    7.5000   30.0000    7.500012043.8584   19.4509
   -7.5000   37.5000    7.500011813.2178   19.5700
    0.0000   37.5000    7.500012246.0059   19.5724
    7.5000   37.5000    7.500011352.1865   19.5731
   -7.5000   45.0000    7.500010671.8018   19.4021
    0.0000   45.0000    7.500011071.5215   19.4142
    7.5000   45.0000    7.500010233.0088   19.4255
   -7.5000  -45.0000   15.000011492.1074   19.7405
    0.0000  -45.0000   15.000012009.6582   19.7668
    7.5000  -45.0000   15.000011408.6367   19.7854
   -7.5000  -37.5000   15.000012237.5928   19.7059
    0.0000  -37.5000   15.000012818.1289   19.7235
    7.5000  -37.5000   15.000012071.2295   19.7321
   -7.5000  -30.0000   15.000013676.0996   19.7189
    0.0000  -30.0000   15.000014387.1514   19.7176
    7.5000  -30.0000   15.000013283.0498   19.7075
   -7.5000  -22.5000   15.000014986.3135   19.7358
    0.0000  -22.5000   15.000015600.3271   19.7252
    7.5000  -22.5000   15.000014405.8545   19.7075
   -7.5000  -15.0000   15.000015578.4004   19.7288
    0.0000  -15.0000   15.000016021.8271   19.7251
    7.5000  -15.0000   15.000015039.8506   19.7155
   -7.5000   -7.5000   15.000015948.1123   19.7022
    0.0000   -7.5000   15.000016338.2373   19.7168
    7.5000   -7.5000   15.000015383.6553   19.7252
   -7.5000    0.0000   15.000016344.7441   19.6836
    0.0000    0.0000   15.000016766.7852   19.7106
    7.5000    0.0000   15.000015619.2500   19.7297
   -7.5000    7.5000   15.000015501.3789   19.6931
    0.0000    7.5000   15.000015923.6582   19.7110
    7.5000    7.5000   15.000014737.7900   19.7198
   -7.5000   15.0000   15.000014420.9834   19.7187
    0.0000   15.0000   15.000014853.3867   19.7174
    7.5000   15.0000   15.000013727.0811   19.7073
   -7.5000   22.5000   15.000013255.4072   19.7267
    0.0000   22.5000   15.000013717.7793   19.7161
    7.5000   22.5000   15.000012664.4600   19.6984
   -7.5000   30.0000   15.000012045.5410   19.4766
    0.0000   30.0000   15.000012524.5576   19.4729
    7.5000   30.0000   15.000011570.1299   19.4633
   -7.5000   37.5000   15.000011354.7598   19.5680
    0.0000   37.5000   15.000011821.5605   19.5821
    7.5000   37.5000   15.000010915.5244   19.5903
   -7.5000   45.0000   15.000010237.4971   19.4023
    0.0000   45.0000   15.000010633.7314   19.4276
    7.5000   45.0000   15.0000 9833.6904   19.4457
   -7.5000  -45.0000   22.500010925.0205   19.7482
    0.0000  -45.0000   22.500011427.9551   19.7846
    7.5000  -45.0000   22.500010825.6240   19.8050
   -7.5000  -37.5000   22.500011703.2480   19.7159
    0.0000  -37.5000   22.500012265.3516   19.7404
    7.5000  -37.5000   22.500011431.0947   19.7468
   -7.5000  -30.0000   22.500013101.0088   19.7157
    0.0000  -30.0000   22.500013781.3828   19.7217
    7.5000  -30.0000   22.500012549.2031   19.7108
   -7.5000  -22.5000   22.500014358.2080   19.7151
    0.0000  -22.5000   22.500015004.5264   19.7157
    7.5000  -22.5000   22.500013593.6865   19.7029
   -7.5000  -15.0000   22.500015016.5898   19.7036
    0.0000  -15.0000   22.500015560.3076   19.7152
    7.5000  -15.0000   22.500014266.6992   19.7152
   -7.5000   -7.5000   22.500015384.1816   19.6921
    0.0000   -7.5000   22.500015889.4795   19.7214
    7.5000   -7.5000   22.500014665.3916   19.7376
   -7.5000    0.0000   22.500015639.0029   19.6915
    0.0000    0.0000   22.500016184.3994   19.7286
    7.5000    0.0000   22.500014921.7812   19.7494
   -7.5000    7.5000   22.500014687.2480   19.7033
    0.0000    7.5000   22.500015199.5811   19.7282
    7.5000    7.5000   22.500014033.7334   19.7347
   -7.5000   15.0000   22.500013607.3008   19.7155
    0.0000   15.0000   22.500014091.0117   19.7216
    7.5000   15.0000   22.500013051.4209   19.7107
   -7.5000   22.5000   22.500012501.7021   19.7060
    0.0000   22.5000   22.500012971.6504   19.7067
    7.5000   22.5000   22.500012028.1709   19.6939
   -7.5000   30.0000   22.500011385.0674   19.4513
    0.0000   30.0000   22.500011826.5547   19.4627
    7.5000   30.0000   22.500011009.2090   19.4626
   -7.5000   37.5000   22.500010739.4258   19.5578
    0.0000   37.5000   22.500011179.1084   19.5865
    7.5000   37.5000   22.500010407.2451   19.6025
   -7.5000   45.0000   22.5000 9671.3281   19.4066
    0.0000   45.0000   22.500010052.6016   19.4438
    7.5000   45.0000   22.5000 9368.7549   19.4639
   -7.5000  -45.0000   30.000010306.9404   19.8212
    0.0000  -45.0000   30.000010708.4717   19.8596
    7.5000  -45.0000   30.000010119.7715   19.8763
   -7.5000  -37.5000   30.000010960.2969   19.7820
    0.0000  -37.5000   30.000011392.8877   19.8057
    7.5000  -37.5000   30.000010663.4404   19.8080
   -7.5000  -30.0000   30.000012049.5068   19.7648
    0.0000  -30.0000   30.000012589.1182   19.7716
    7.5000  -30.0000   30.000011658.0879   19.7611
   -7.5000  -22.5000   30.000012998.6396   19.7539
    0.0000  -22.5000   30.000013529.2012   19.7594
    7.5000  -22.5000   30.000012550.0039   19.7514
   -7.5000  -15.0000   30.000013640.0664   19.7478
    0.0000  -15.0000   30.000014142.9541   19.7667
    7.5000  -15.0000   30.000013196.4668   19.7718
   -7.5000   -7.5000   30.000014098.2510   19.7527
    0.0000   -7.5000   30.000014652.0498   19.7879
    7.5000   -7.5000   30.000013666.8945   19.8051
   -7.5000    0.0000   30.000014439.6279   19.7634
    0.0000    0.0000   30.000015044.5996   19.8025
    7.5000    0.0000   30.000014002.6406   19.8196
   -7.5000    7.5000   30.000013620.2500   19.7692
    0.0000    7.5000   30.000014213.8086   19.7932
    7.5000    7.5000   30.000013210.7207   19.7956
   -7.5000   15.0000   30.000012620.4443   19.7646
    0.0000   15.0000   30.000013177.3018   19.7714
    7.5000   15.0000   30.000012249.4561   19.7609
   -7.5000   22.5000   30.000011568.3525   19.7448
    0.0000   22.5000   30.000012088.7227   19.7503
    7.5000   22.5000   30.000011261.4785   19.7423
   -7.5000   30.0000   30.000010563.6621   19.4950
    0.0000   30.0000   30.000011026.8076   19.5136
    7.5000   30.0000   30.000010304.2041   19.5186
   -7.5000   37.5000   30.0000 9949.7822   19.6182
    0.0000   37.5000   30.000010389.4717   19.6529
    7.5000   37.5000   30.0000 9737.0947   19.6699
   -7.5000   45.0000   30.0000 8963.9775   19.4771
    0.0000   45.0000   30.0000 9338.8604   19.5180
    7.5000   45.0000   30.0000 8781.1162   19.5354
   -7.5000  -45.0000   37.5000 9774.2822   19.9199
    0.0000  -45.0000   37.500010156.9971   19.9460
    7.5000  -45.0000   37.5000 9647.1582   19.9566
   -7.5000  -37.5000   37.500010333.6709   19.8748
    0.0000  -37.5000   37.500010748.9580   19.8866
    7.5000  -37.5000   37.500010175.3369   19.8863
   -7.5000  -30.0000   37.500011258.0674   19.8568
    0.0000  -30.0000   37.500011759.7344   19.8539
    7.5000  -30.0000   37.500011088.3623   19.8439
   -7.5000  -22.5000   37.500012084.8623   19.8526
    0.0000  -22.5000   37.500012600.8438   19.8498
    7.5000  -22.5000   37.500011907.1338   19.8413
   -7.5000  -15.0000   37.500012717.0000   19.8534
    0.0000  -15.0000   37.500013234.4824   19.8623
    7.5000  -15.0000   37.500012514.0645   19.8626
   -7.5000   -7.5000   37.500013227.4238   19.8563
    0.0000   -7.5000   37.500013752.8242   19.8799
    7.5000   -7.5000   37.500013009.5488   19.8900
   -7.5000    0.0000   37.500013584.6279   19.8603
    0.0000    0.0000   37.500014139.0469   19.8873
    7.5000    0.0000   37.500013352.2783   19.8983
   -7.5000    7.5000   37.500012906.7041   19.8614
    0.0000    7.5000   37.500013434.6201   19.8736
    7.5000    7.5000   37.500012656.1602   19.8734
   -7.5000   15.0000   37.500012036.7549   19.8566
    0.0000   15.0000   37.500012526.1250   19.8537
    7.5000   15.0000   37.500011804.5117   19.8438
   -7.5000   22.5000   37.500011082.9199   19.8434
    0.0000   22.5000   37.500011548.1104   19.8406
    7.5000   22.5000   37.500010877.5176   19.8321
   -7.5000   30.0000   37.500010119.0049   19.5996
    0.0000   30.0000   37.500010557.2910   19.6084
    7.5000   30.0000   37.5000 9934.3252   19.6086
   -7.5000   37.5000   37.5000 9521.9463   19.7218
    0.0000   37.5000   37.5000 9938.0039   19.7450
    7.5000   37.5000   37.5000 9352.9023   19.7550
   -7.5000   45.0000   37.5000 8577.6777   19.5764
    0.0000   45.0000   37.5000 8952.6953   19.6053
    7.5000   45.0000   37.5000 8433.6260   19.6174
   -7.5000  -45.0000   45.0000 8889.2842   20.2439
    0.0000  -45.0000   45.0000 9258.0586   20.2562
    7.5000  -45.0000   45.0000 8828.2070   20.2649
   -7.5000  -37.5000   45.0000 9397.6318   20.1971
    0.0000  -37.5000   45.0000 9815.1396   20.1980
    7.5000  -37.5000   45.0000 9333.4014   20.1994
   -7.5000  -30.0000   45.000010212.7783   20.1918
    0.0000  -30.0000   45.000010681.7832   20.1789
    7.5000  -30.0000   45.000010149.0391   20.1697
   -7.5000  -22.5000   45.000010950.9404   20.2028
    0.0000  -22.5000   45.000011438.1309   20.1877
    7.5000  -22.5000   45.000010870.8740   20.1751
   -7.5000  -15.0000   45.000011548.9023   20.2060
    0.0000  -15.0000   45.000012047.8926   20.1989
    7.5000  -15.0000   45.000011448.8096   20.1908
   -7.5000   -7.5000   45.000012046.8721   20.1937
    0.0000   -7.5000   45.000012568.2148   20.2004
    7.5000   -7.5000   45.000011927.5615   20.2035
   -7.5000    0.0000   45.000012405.7568   20.1817
    0.0000    0.0000   45.000012916.8535   20.1948
    7.5000    0.0000   45.000012253.0283   20.2041
   -7.5000    7.5000   45.000011813.1768   20.1829
    0.0000    7.5000   45.000012308.8770   20.1843
    7.5000    7.5000   45.000011642.8057   20.1858
   -7.5000   15.0000   45.000011042.7236   20.1916
    0.0000   15.0000   45.000011510.6514   20.1788
    7.5000   15.0000   45.000010874.1973   20.1696
   -7.5000   22.5000   45.000010182.8584   20.1934
    0.0000   22.5000   45.000010597.0215   20.1783
    7.5000   22.5000   45.000010027.8525   20.1657
   -7.5000   30.0000   45.0000 9311.8154   19.9464
    0.0000   30.0000   45.0000 9705.3242   19.9393
    7.5000   30.0000   45.0000 9158.1973   19.9313
   -7.5000   37.5000   45.0000 8794.4170   20.0581
    0.0000   37.5000   45.0000 9159.5244   20.0646
    7.5000   37.5000   45.0000 8636.3926   20.0674
   -7.5000   45.0000   45.0000 7932.3364   19.9158
    0.0000   45.0000   45.0000 8244.4287   19.9293
    7.5000   45.0000   45.0000 7809.5259   19.9393

---------------------------------------------------------------------
imgreg_4dfp /opt/freesurfer/average/711-2C_as_mni_average_305 /opt/freesurfer/average/711-2B_as_mni_average_305_mask talsrcimg_g11 none talsrcimg_to_711-2C_as_mni_average_305_t4 4355
---------------------------------------------------------------------

freesurfer imgreg_4dfp.c
/opt/freesurfer/average/711-2C_as_mni_average_305.4dfp.img
       256       256       256         1
  1.000000  1.000000  1.000000
orientation T byte_order littleendian
Reading image: /opt/freesurfer/average/711-2C_as_mni_average_305.4dfp.img
dimensions:      256       256       256
mmppix:       1.0000   -1.0000   -1.0000
center:     128.0000 -129.0000 -129.0000
/opt/freesurfer/average/711-2B_as_mni_average_305_mask.4dfp.img
       256       256       256         1
  1.000000  1.000000  1.000000
orientation T byte_order littleendian
Reading mask: /opt/freesurfer/average/711-2B_as_mni_average_305_mask.4dfp.img (2306576 pixels)
talsrcimg_g11.4dfp.img
       256       256       256         1
  1.000000  1.000000  1.000000
orientation T byte_order littleendian
Reading image: talsrcimg_g11.4dfp.img
dimensions:      256       256       256
mmppix:       1.0000   -1.0000   -1.0000
center:     128.0000 -129.0000 -129.0000
rotation matrix determinant  1.000000
image alignment mode   4355 decimal     1103 hex
   -7.5000  -45.0000  -45.0000 2211.5134   19.6206
    0.0000  -45.0000  -45.0000 2215.8635   19.4564
    7.5000  -45.0000  -45.0000 2200.3730   19.5100
   -7.5000  -37.5000  -45.0000 2251.4573   18.9092
    0.0000  -37.5000  -45.0000 2254.3760   18.8003
    7.5000  -37.5000  -45.0000 2239.6272   18.8857
   -7.5000  -30.0000  -45.0000 2277.7041   18.6067
    0.0000  -30.0000  -45.0000 2277.1973   18.5018
    7.5000  -30.0000  -45.0000 2262.2073   18.6133
   -7.5000  -22.5000  -45.0000 2284.2244   18.5450
    0.0000  -22.5000  -45.0000 2285.6907   18.4267
    7.5000  -22.5000  -45.0000 2272.0159   18.6044
   -7.5000  -15.0000  -45.0000 2280.6289   18.7221
    0.0000  -15.0000  -45.0000 2284.6802   18.5917
    7.5000  -15.0000  -45.0000 2262.0625   18.7664
   -7.5000   -7.5000  -45.0000 2261.5967   19.0948
    0.0000   -7.5000  -45.0000 2265.6790   18.9747
    7.5000   -7.5000  -45.0000 2244.8616   19.1248
   -7.5000    0.0000  -45.0000 2226.4082   19.7529
    0.0000    0.0000  -45.0000 2230.3311   19.6046
    7.5000    0.0000  -45.0000 2208.7322   19.7506
   -7.5000    7.5000  -45.0000 2185.5491   20.6876
    0.0000    7.5000  -45.0000 2187.5828   20.5360
    7.5000    7.5000  -45.0000 2169.6260   20.7034
   -7.5000   15.0000  -45.0000 2123.9026   21.9664
    0.0000   15.0000  -45.0000 2124.3035   21.7457
    7.5000   15.0000  -45.0000 2109.4451   21.9369
   -7.5000   22.5000  -45.0000 2042.8198   23.6315
    0.0000   22.5000  -45.0000 2044.7859   23.3526
    7.5000   22.5000  -45.0000 2032.1420   23.6351
   -7.5000   30.0000  -45.0000 1938.7275   25.8621
    0.0000   30.0000  -45.0000 1945.6106   25.5552
    7.5000   30.0000  -45.0000 1935.6725   25.9355
   -7.5000   37.5000  -45.0000 1845.8958   28.9594
    0.0000   37.5000  -45.0000 1847.7109   28.6808
    7.5000   37.5000  -45.0000 1831.4109   29.1132
   -7.5000   45.0000  -45.0000 1742.3799   32.9201
    0.0000   45.0000  -45.0000 1741.2969   32.7356
    7.5000   45.0000  -45.0000 1725.0922   33.2905
   -7.5000  -45.0000  -37.5000 2307.2500   18.4230
    0.0000  -45.0000  -37.5000 2310.4951   18.2751
    7.5000  -45.0000  -37.5000 2293.4082   18.2751
   -7.5000  -37.5000  -37.5000 2349.5974   17.7053
    0.0000  -37.5000  -37.5000 2348.7124   17.6029
    7.5000  -37.5000  -37.5000 2327.0466   17.5969
   -7.5000  -30.0000  -37.5000 2370.2947   17.2695
    0.0000  -30.0000  -37.5000 2371.3699   17.1810
    7.5000  -30.0000  -37.5000 2344.9211   17.2490
   -7.5000  -22.5000  -37.5000 2379.6980   17.1248
    0.0000  -22.5000  -37.5000 2385.0142   17.0754
    7.5000  -22.5000  -37.5000 2357.6821   17.1947
   -7.5000  -15.0000  -37.5000 2378.3176   17.2621
    0.0000  -15.0000  -37.5000 2387.0125   17.1852
    7.5000  -15.0000  -37.5000 2360.1406   17.2972
   -7.5000   -7.5000  -37.5000 2365.5364   17.5654
    0.0000   -7.5000  -37.5000 2376.6504   17.5138
    7.5000   -7.5000  -37.5000 2350.1152   17.5843
   -7.5000    0.0000  -37.5000 2336.9507   18.1551
    0.0000    0.0000  -37.5000 2345.7888   18.0959
    7.5000    0.0000  -37.5000 2318.0264   18.1786
   -7.5000    7.5000  -37.5000 2299.8931   19.0360
    0.0000    7.5000  -37.5000 2299.8979   18.9051
    7.5000    7.5000  -37.5000 2273.7876   19.0034
   -7.5000   15.0000  -37.5000 2235.3418   20.2115
    0.0000   15.0000  -37.5000 2230.2617   20.0143
    7.5000   15.0000  -37.5000 2209.0867   20.1295
   -7.5000   22.5000  -37.5000 2149.1008   21.8188
    0.0000   22.5000  -37.5000 2145.8269   21.5754
    7.5000   22.5000  -37.5000 2131.2942   21.7659
   -7.5000   30.0000  -37.5000 2046.7476   23.9122
    0.0000   30.0000  -37.5000 2049.2439   23.6545
    7.5000   30.0000  -37.5000 2035.9081   23.9119
   -7.5000   37.5000  -37.5000 1944.6312   26.6496
    0.0000   37.5000  -37.5000 1948.9414   26.4533
    7.5000   37.5000  -37.5000 1926.6818   26.7698
   -7.5000   45.0000  -37.5000 1828.2760   30.2368
    0.0000   45.0000  -37.5000 1826.0352   30.0112
    7.5000   45.0000  -37.5000 1812.6729   30.4743
   -7.5000  -45.0000  -30.0000 2438.3772   17.9148
    0.0000  -45.0000  -30.0000 2444.3479   17.8030
    7.5000  -45.0000  -30.0000 2418.2192   17.7920
   -7.5000  -37.5000  -30.0000 2483.0579   17.0823
    0.0000  -37.5000  -30.0000 2484.8325   16.9999
    7.5000  -37.5000  -30.0000 2454.1318   16.9905
   -7.5000  -30.0000  -30.0000 2508.5217   16.5992
    0.0000  -30.0000  -30.0000 2515.4231   16.5216
    7.5000  -30.0000  -30.0000 2476.8801   16.5745
   -7.5000  -22.5000  -30.0000 2523.6643   16.4699
    0.0000  -22.5000  -30.0000 2530.5259   16.4301
    7.5000  -22.5000  -30.0000 2494.2544   16.4797
   -7.5000  -15.0000  -30.0000 2525.9219   16.6134
    0.0000  -15.0000  -30.0000 2535.3882   16.5318
    7.5000  -15.0000  -30.0000 2502.8125   16.5851
   -7.5000   -7.5000  -30.0000 2515.9050   16.8913
    0.0000   -7.5000  -30.0000 2530.0212   16.8180
    7.5000   -7.5000  -30.0000 2492.0938   16.8767
   -7.5000    0.0000  -30.0000 2486.3784   17.4130
    0.0000    0.0000  -30.0000 2498.7166   17.3598
    7.5000    0.0000  -30.0000 2459.5503   17.4328
   -7.5000    7.5000  -30.0000 2442.9338   18.2044
    0.0000    7.5000  -30.0000 2454.2383   18.1471
    7.5000    7.5000  -30.0000 2416.1299   18.1920
   -7.5000   15.0000  -30.0000 2378.7222   19.3030
    0.0000   15.0000  -30.0000 2381.6011   19.1966
    7.5000   15.0000  -30.0000 2352.0239   19.2367
   -7.5000   22.5000  -30.0000 2287.3027   20.8025
    0.0000   22.5000  -30.0000 2292.0710   20.6608
    7.5000   22.5000  -30.0000 2268.2400   20.7522
   -7.5000   30.0000  -30.0000 2185.8101   22.7935
    0.0000   30.0000  -30.0000 2189.3145   22.6221
    7.5000   30.0000  -30.0000 2167.0220   22.7734
   -7.5000   37.5000  -30.0000 2080.2620   25.3749
    0.0000   37.5000  -30.0000 2083.2649   25.2594
    7.5000   37.5000  -30.0000 2056.7266   25.4969
   -7.5000   45.0000  -30.0000 1946.2925   28.7004
    0.0000   45.0000  -30.0000 1948.4625   28.6210
    7.5000   45.0000  -30.0000 1926.1803   28.9936
   -7.5000  -45.0000  -22.5000 2534.3704   17.3414
    0.0000  -45.0000  -22.5000 2540.7832   17.1801
    7.5000  -45.0000  -22.5000 2507.1382   17.1268
   -7.5000  -37.5000  -22.5000 2583.5476   16.3494
    0.0000  -37.5000  -22.5000 2587.0054   16.2076
    7.5000  -37.5000  -22.5000 2556.1079   16.1752
   -7.5000  -30.0000  -22.5000 2613.6399   15.8203
    0.0000  -30.0000  -22.5000 2624.5566   15.6905
    7.5000  -30.0000  -22.5000 2590.3345   15.7094
   -7.5000  -22.5000  -22.5000 2639.5742   15.6678
    0.0000  -22.5000  -22.5000 2645.1194   15.5844
    7.5000  -22.5000  -22.5000 2610.1926   15.6031
   -7.5000  -15.0000  -22.5000 2645.6045   15.8051
    0.0000  -15.0000  -22.5000 2651.6064   15.7028
    7.5000  -15.0000  -22.5000 2613.6111   15.7140
   -7.5000   -7.5000  -22.5000 2634.7292   16.0621
    0.0000   -7.5000  -22.5000 2648.9329   16.0222
    7.5000   -7.5000  -22.5000 2606.2646   16.0422
   -7.5000    0.0000  -22.5000 2607.5027   16.5387
    0.0000    0.0000  -22.5000 2623.1702   16.5005
    7.5000    0.0000  -22.5000 2581.3206   16.5912
   -7.5000    7.5000  -22.5000 2562.2412   17.2123
    0.0000    7.5000  -22.5000 2579.2405   17.1677
    7.5000    7.5000  -22.5000 2538.1245   17.2500
   -7.5000   15.0000  -22.5000 2489.9546   18.1971
    0.0000   15.0000  -22.5000 2504.4058   18.1300
    7.5000   15.0000  -22.5000 2470.5566   18.1906
   -7.5000   22.5000  -22.5000 2395.7957   19.5766
    0.0000   22.5000  -22.5000 2414.1531   19.5219
    7.5000   22.5000  -22.5000 2383.0049   19.5863
   -7.5000   30.0000  -22.5000 2290.2239   21.4606
    0.0000   30.0000  -22.5000 2298.6914   21.3744
    7.5000   30.0000  -22.5000 2276.6938   21.5037
   -7.5000   37.5000  -22.5000 2176.6575   23.9069
    0.0000   37.5000  -22.5000 2183.5430   23.8411
    7.5000   37.5000  -22.5000 2159.3569   24.0966
   -7.5000   45.0000  -22.5000 2042.3937   27.1644
    0.0000   45.0000  -22.5000 2042.4209   27.0799
    7.5000   45.0000  -22.5000 2022.4658   27.4489
   -7.5000  -45.0000  -15.0000 2577.7913   16.6910
    0.0000  -45.0000  -15.0000 2588.3494   16.5174
    7.5000  -45.0000  -15.0000 2562.9785   16.4869
   -7.5000  -37.5000  -15.0000 2647.7114   15.6723
    0.0000  -37.5000  -15.0000 2655.8506   15.4816
    7.5000  -37.5000  -15.0000 2627.8206   15.4382
   -7.5000  -30.0000  -15.0000 2678.7205   15.0220
    0.0000  -30.0000  -15.0000 2691.7290   14.8890
    7.5000  -30.0000  -15.0000 2667.0469   14.8722
   -7.5000  -22.5000  -15.0000 2707.0269   14.8109
    0.0000  -22.5000  -15.0000 2717.9663   14.7282
    7.5000  -22.5000  -15.0000 2687.0808   14.7080
   -7.5000  -15.0000  -15.0000 2716.4509   14.9172
    0.0000  -15.0000  -15.0000 2726.7542   14.8292
    7.5000  -15.0000  -15.0000 2694.8210   14.8067
   -7.5000   -7.5000  -15.0000 2718.0210   15.2020
    0.0000   -7.5000  -15.0000 2735.1997   15.1470
    7.5000   -7.5000  -15.0000 2696.1284   15.1917
   -7.5000    0.0000  -15.0000 2695.0520   15.6733
    0.0000    0.0000  -15.0000 2711.2427   15.6251
    7.5000    0.0000  -15.0000 2681.2317   15.7484
   -7.5000    7.5000  -15.0000 2645.9221   16.3015
    0.0000    7.5000  -15.0000 2669.2092   16.2362
    7.5000    7.5000  -15.0000 2640.4629   16.3639
   -7.5000   15.0000  -15.0000 2568.2104   17.1992
    0.0000   15.0000  -15.0000 2588.5320   17.1440
    7.5000   15.0000  -15.0000 2563.4385   17.2546
   -7.5000   22.5000  -15.0000 2473.3577   18.4964
    0.0000   22.5000  -15.0000 2491.3806   18.4126
    7.5000   22.5000  -15.0000 2475.0200   18.5087
   -7.5000   30.0000  -15.0000 2362.7515   20.2438
    0.0000   30.0000  -15.0000 2379.5845   20.1706
    7.5000   30.0000  -15.0000 2357.1072   20.2944
   -7.5000   37.5000  -15.0000 2235.6008   22.5223
    0.0000   37.5000  -15.0000 2245.8611   22.5264
    7.5000   37.5000  -15.0000 2225.2927   22.7215
   -7.5000   45.0000  -15.0000 2094.6255   25.6196
    0.0000   45.0000  -15.0000 2100.8816   25.5966
    7.5000   45.0000  -15.0000 2081.2871   25.8696
   -7.5000  -45.0000   -7.5000 2608.3149   16.1712
    0.0000  -45.0000   -7.5000 2620.1260   15.9555
    7.5000  -45.0000   -7.5000 2601.6436   15.9451
   -7.5000  -37.5000   -7.5000 2685.6660   15.1060
    0.0000  -37.5000   -7.5000 2696.8015   14.8594
    7.5000  -37.5000   -7.5000 2671.0974   14.8832
   -7.5000  -30.0000   -7.5000 2730.8533   14.3986
    0.0000  -30.0000   -7.5000 2741.5925   14.2204
    7.5000  -30.0000   -7.5000 2715.6277   14.2497
   -7.5000  -22.5000   -7.5000 2760.0967   14.1091
    0.0000  -22.5000   -7.5000 2773.2065   13.9626
    7.5000  -22.5000   -7.5000 2747.0208   14.0046
   -7.5000  -15.0000   -7.5000 2772.2051   14.1099
    0.0000  -15.0000   -7.5000 2784.3989   14.0029
    7.5000  -15.0000   -7.5000 2764.7021   14.0418
   -7.5000   -7.5000   -7.5000 2779.3313   14.3991
    0.0000   -7.5000   -7.5000 2798.5491   14.2997
    7.5000   -7.5000   -7.5000 2773.4741   14.4041
   -7.5000    0.0000   -7.5000 2761.8621   14.8839
    0.0000    0.0000   -7.5000 2779.3467   14.7901
    7.5000    0.0000   -7.5000 2754.9304   14.9248
   -7.5000    7.5000   -7.5000 2717.6013   15.5095
    0.0000    7.5000   -7.5000 2732.5574   15.4112
    7.5000    7.5000   -7.5000 2707.2939   15.5820
   -7.5000   15.0000   -7.5000 2637.4541   16.3656
    0.0000   15.0000   -7.5000 2651.1868   16.2645
    7.5000   15.0000   -7.5000 2634.1943   16.4365
   -7.5000   22.5000   -7.5000 2537.4446   17.6343
    0.0000   22.5000   -7.5000 2553.3513   17.5141
    7.5000   22.5000   -7.5000 2534.9192   17.6676
   -7.5000   30.0000   -7.5000 2422.0095   19.3078
    0.0000   30.0000   -7.5000 2437.5203   19.2266
    7.5000   30.0000   -7.5000 2414.9709   19.3902
   -7.5000   37.5000   -7.5000 2289.2681   21.5036
    0.0000   37.5000   -7.5000 2295.0293   21.4610
    7.5000   37.5000   -7.5000 2276.6040   21.6784
   -7.5000   45.0000   -7.5000 2139.5881   24.3575
    0.0000   45.0000   -7.5000 2146.1997   24.2864
    7.5000   45.0000   -7.5000 2124.4163   24.6010
   -7.5000  -45.0000    0.0000 2617.7490   15.8755
    0.0000  -45.0000    0.0000 2626.7842   15.6509
    7.5000  -45.0000    0.0000 2608.4956   15.6815
   -7.5000  -37.5000    0.0000 2699.0381   14.7909
    0.0000  -37.5000    0.0000 2713.6987   14.5579
    7.5000  -37.5000    0.0000 2693.6594   14.6246
   -7.5000  -30.0000    0.0000 2761.2942   14.0378
    0.0000  -30.0000    0.0000 2773.2886   13.8331
    7.5000  -30.0000    0.0000 2754.5535   13.9600
   -7.5000  -22.5000    0.0000 2801.8267   13.6923
    0.0000  -22.5000    0.0000 2814.1536   13.5049
    7.5000  -22.5000    0.0000 2797.9814   13.6851
   -7.5000  -15.0000    0.0000 2816.1917   13.6090
    0.0000  -15.0000    0.0000 2824.1284   13.4355
    7.5000  -15.0000    0.0000 2810.1123   13.6493
   -7.5000   -7.5000    0.0000 2822.7136   13.8490
    0.0000   -7.5000    0.0000 2837.1953   13.7041
    7.5000   -7.5000    0.0000 2821.2405   13.9008
   -7.5000    0.0000    0.0000 2805.3442   14.3031
    0.0000    0.0000    0.0000 2824.4558   14.1702
    7.5000    0.0000    0.0000 2798.9238   14.3941
   -7.5000    7.5000    0.0000 2763.1157   14.9427
    0.0000    7.5000    0.0000 2774.9119   14.7984
    7.5000    7.5000    0.0000 2750.6211   15.0585
   -7.5000   15.0000    0.0000 2682.6604   15.7914
    0.0000   15.0000    0.0000 2695.8147   15.6542
    7.5000   15.0000    0.0000 2675.3716   15.9072
   -7.5000   22.5000    0.0000 2587.2935   17.0528
    0.0000   22.5000    0.0000 2601.2156   16.9322
    7.5000   22.5000    0.0000 2574.8000   17.1653
   -7.5000   30.0000    0.0000 2473.8010   18.6963
    0.0000   30.0000    0.0000 2482.0417   18.6230
    7.5000   30.0000    0.0000 2451.9417   18.8363
   -7.5000   37.5000    0.0000 2338.5701   20.7858
    0.0000   37.5000    0.0000 2336.4778   20.7593
    7.5000   37.5000    0.0000 2314.4878   20.9904
   -7.5000   45.0000    0.0000 2181.0007   23.4931
    0.0000   45.0000    0.0000 2178.0872   23.4667
    7.5000   45.0000    0.0000 2155.1914   23.7906
   -7.5000  -45.0000    7.5000 2612.6365   15.8434
    0.0000  -45.0000    7.5000 2619.1987   15.5972
    7.5000  -45.0000    7.5000 2601.8916   15.7837
   -7.5000  -37.5000    7.5000 2695.7969   14.8060
    0.0000  -37.5000    7.5000 2709.7642   14.5619
    7.5000  -37.5000    7.5000 2694.0444   14.7443
   -7.5000  -30.0000    7.5000 2775.9929   14.0710
    0.0000  -30.0000    7.5000 2787.6414   13.8448
    7.5000  -30.0000    7.5000 2776.6125   14.0651
   -7.5000  -22.5000    7.5000 2837.0376   13.7163
    0.0000  -22.5000    7.5000 2844.9795   13.4558
    7.5000  -22.5000    7.5000 2828.3594   13.7154
   -7.5000  -15.0000    7.5000 2861.3562   13.4373
    0.0000  -15.0000    7.5000 2865.8362   13.2070
    7.5000  -15.0000    7.5000 2845.7253   13.5737
   -7.5000   -7.5000    7.5000 2863.6758   13.5330
    0.0000   -7.5000    7.5000 2868.7966   13.3429
    7.5000   -7.5000    7.5000 2845.9644   13.6870
   -7.5000    0.0000    7.5000 2846.6096   13.9822
    0.0000    0.0000    7.5000 2850.2031   13.7833
    7.5000    0.0000    7.5000 2824.8020   14.1238
   -7.5000    7.5000    7.5000 2808.6614   14.6538
    0.0000    7.5000    7.5000 2810.6533   14.4826
    7.5000    7.5000    7.5000 2783.0955   14.8004
   -7.5000   15.0000    7.5000 2731.3933   15.6107
    0.0000   15.0000    7.5000 2732.1038   15.4220
    7.5000   15.0000    7.5000 2711.6436   15.6936
   -7.5000   22.5000    7.5000 2638.6980   16.9088
    0.0000   22.5000    7.5000 2641.4514   16.7159
    7.5000   22.5000    7.5000 2612.0156   16.9778
   -7.5000   30.0000    7.5000 2518.7910   18.5370
    0.0000   30.0000    7.5000 2523.6379   18.3992
    7.5000   30.0000    7.5000 2495.4607   18.6398
   -7.5000   37.5000    7.5000 2377.4568   20.5699
    0.0000   37.5000    7.5000 2378.5955   20.5232
    7.5000   37.5000    7.5000 2356.1587   20.7969
   -7.5000   45.0000    7.5000 2208.6072   23.0710
    0.0000   45.0000    7.5000 2210.1938   23.0584
    7.5000   45.0000    7.5000 2180.3904   23.3991
   -7.5000  -45.0000   15.0000 2568.5596   16.0134
    0.0000  -45.0000   15.0000 2584.4194   15.8375
    7.5000  -45.0000   15.0000 2580.3567   16.1463
   -7.5000  -37.5000   15.0000 2667.5520   15.0374
    0.0000  -37.5000   15.0000 2685.5789   14.8652
    7.5000  -37.5000   15.0000 2689.4644   15.1388
   -7.5000  -30.0000   15.0000 2770.4612   14.4798
    0.0000  -30.0000   15.0000 2787.6394   14.2935
    7.5000  -30.0000   15.0000 2780.2693   14.4535
   -7.5000  -22.5000   15.0000 2858.3718   14.1655
    0.0000  -22.5000   15.0000 2871.9963   13.9631
    7.5000  -22.5000   15.0000 2834.5889   14.0445
   -7.5000  -15.0000   15.0000 2896.0820   13.7141
    0.0000  -15.0000   15.0000 2897.0081   13.4657
    7.5000  -15.0000   15.0000 2855.6799   13.7594
   -7.5000   -7.5000   15.0000 2888.1558   13.5208
    0.0000   -7.5000   15.0000 2876.0156   13.3006
    7.5000   -7.5000   15.0000 2856.2710   13.7163
   -7.5000    0.0000   15.0000 2864.2393   13.9119
    0.0000    0.0000   15.0000 2861.4268   13.7139
    7.5000    0.0000   15.0000 2835.1455   14.0474
   -7.5000    7.5000   15.0000 2821.4968   14.6960
    0.0000    7.5000   15.0000 2816.1631   14.5329
    7.5000    7.5000   15.0000 2791.8291   14.7552
   -7.5000   15.0000   15.0000 2738.3755   15.7132
    0.0000   15.0000   15.0000 2736.4146   15.5401
    7.5000   15.0000   15.0000 2712.3252   15.7135
   -7.5000   22.5000   15.0000 2649.1814   17.0279
    0.0000   22.5000   15.0000 2653.6980   16.8726
    7.5000   22.5000   15.0000 2620.3408   16.9719
   -7.5000   30.0000   15.0000 2530.5579   18.6335
    0.0000   30.0000   15.0000 2544.5771   18.5691
    7.5000   30.0000   15.0000 2505.1689   18.6598
   -7.5000   37.5000   15.0000 2392.3811   20.5575
    0.0000   37.5000   15.0000 2405.2007   20.6021
    7.5000   37.5000   15.0000 2370.0732   20.7113
   -7.5000   45.0000   15.0000 2222.9587   23.0307
    0.0000   45.0000   15.0000 2225.6255   23.0720
    7.5000   45.0000   15.0000 2196.6426   23.2596
   -7.5000  -45.0000   22.5000 2522.5876   16.5972
    0.0000  -45.0000   22.5000 2552.2261   16.4536
    7.5000  -45.0000   22.5000 2557.4885   16.7258
   -7.5000  -37.5000   22.5000 2646.5544   15.7056
    0.0000  -37.5000   22.5000 2668.7585   15.5560
    7.5000  -37.5000   22.5000 2662.1831   15.7145
   -7.5000  -30.0000   22.5000 2762.8955   15.1917
    0.0000  -30.0000   22.5000 2776.8159   15.0484
    7.5000  -30.0000   22.5000 2752.6602   14.9998
   -7.5000  -22.5000   22.5000 2849.9409   14.7944
    0.0000  -22.5000   22.5000 2864.8508   14.6444
    7.5000  -22.5000   22.5000 2812.3638   14.5214
   -7.5000  -15.0000   22.5000 2884.3611   14.2348
    0.0000  -15.0000   22.5000 2892.2800   14.0788
    7.5000  -15.0000   22.5000 2840.3027   14.1755
   -7.5000   -7.5000   22.5000 2886.9480   13.9720
    0.0000   -7.5000   22.5000 2893.0964   13.8664
    7.5000   -7.5000   22.5000 2847.2537   14.0701
   -7.5000    0.0000   22.5000 2856.7629   14.2238
    0.0000    0.0000   22.5000 2865.8535   14.1408
    7.5000    0.0000   22.5000 2824.1067   14.3330
   -7.5000    7.5000   22.5000 2806.0571   14.9006
    0.0000    7.5000   22.5000 2809.0029   14.8040
    7.5000    7.5000   22.5000 2777.1082   14.9646
   -7.5000   15.0000   22.5000 2717.5632   15.9119
    0.0000   15.0000   22.5000 2715.8301   15.7699
    7.5000   15.0000   22.5000 2696.1160   15.9050
   -7.5000   22.5000   22.5000 2632.5557   17.2037
    0.0000   22.5000   22.5000 2632.0610   17.0522
    7.5000   22.5000   22.5000 2602.3762   17.1303
   -7.5000   30.0000   22.5000 2520.0786   18.8139
    0.0000   30.0000   22.5000 2529.2378   18.7258
    7.5000   30.0000   22.5000 2492.8105   18.8276
   -7.5000   37.5000   22.5000 2384.8271   20.7539
    0.0000   37.5000   22.5000 2398.7004   20.7746
    7.5000   37.5000   22.5000 2361.5618   20.9081
   -7.5000   45.0000   22.5000 2218.8179   23.2111
    0.0000   45.0000   22.5000 2226.2634   23.2991
    7.5000   45.0000   22.5000 2190.6599   23.4447
   -7.5000  -45.0000   30.0000 2500.2710   17.7345
    0.0000  -45.0000   30.0000 2514.8455   17.5822
    7.5000  -45.0000   30.0000 2509.3064   17.7187
   -7.5000  -37.5000   30.0000 2616.2412   16.6869
    0.0000  -37.5000   30.0000 2624.7717   16.5079
    7.5000  -37.5000   30.0000 2611.7302   16.5632
   -7.5000  -30.0000   30.0000 2717.1448   15.9746
    0.0000  -30.0000   30.0000 2725.2078   15.7922
    7.5000  -30.0000   30.0000 2700.7839   15.7672
   -7.5000  -22.5000   30.0000 2793.5461   15.3622
    0.0000  -22.5000   30.0000 2803.4570   15.1677
    7.5000  -22.5000   30.0000 2764.0029   15.1772
   -7.5000  -15.0000   30.0000 2828.8630   14.8643
    0.0000  -15.0000   30.0000 2836.9075   14.6843
    7.5000  -15.0000   30.0000 2798.1941   14.8437
   -7.5000   -7.5000   30.0000 2840.4707   14.7253
    0.0000   -7.5000   30.0000 2848.6638   14.6087
    7.5000   -7.5000   30.0000 2808.6431   14.7684
   -7.5000    0.0000   30.0000 2821.3904   14.9820
    0.0000    0.0000   30.0000 2825.7905   14.9185
    7.5000    0.0000   30.0000 2782.2070   15.0320
   -7.5000    7.5000   30.0000 2770.1501   15.5613
    0.0000    7.5000   30.0000 2778.8374   15.5551
    7.5000    7.5000   30.0000 2735.2446   15.6241
   -7.5000   15.0000   30.0000 2680.2688   16.4361
    0.0000   15.0000   30.0000 2685.2905   16.3758
    7.5000   15.0000   30.0000 2649.4907   16.4711
   -7.5000   22.5000   30.0000 2585.9441   17.6060
    0.0000   22.5000   30.0000 2595.5642   17.5218
    7.5000   22.5000   30.0000 2560.2776   17.6084
   -7.5000   30.0000   30.0000 2484.9412   19.1402
    0.0000   30.0000   30.0000 2495.9277   19.0830
    7.5000   30.0000   30.0000 2456.8760   19.1994
   -7.5000   37.5000   30.0000 2344.9951   21.0902
    0.0000   37.5000   30.0000 2358.2244   21.0785
    7.5000   37.5000   30.0000 2331.9624   21.2371
   -7.5000   45.0000   30.0000 2191.5625   23.5687
    0.0000   45.0000   30.0000 2196.0098   23.6019
    7.5000   45.0000   30.0000 2171.5569   23.8048
   -7.5000  -45.0000   37.5000 2462.9185   18.9306
    0.0000  -45.0000   37.5000 2469.4116   18.7399
    7.5000  -45.0000   37.5000 2458.9968   18.9129
   -7.5000  -37.5000   37.5000 2565.1814   17.6828
    0.0000  -37.5000   37.5000 2576.1467   17.4733
    7.5000  -37.5000   37.5000 2563.3491   17.6080
   -7.5000  -30.0000   37.5000 2657.5674   16.7624
    0.0000  -30.0000   37.5000 2663.7070   16.5523
    7.5000  -30.0000   37.5000 2644.9202   16.6731
   -7.5000  -22.5000   37.5000 2731.6187   16.0778
    0.0000  -22.5000   37.5000 2737.8740   15.8762
    7.5000  -22.5000   37.5000 2708.2158   16.0352
   -7.5000  -15.0000   37.5000 2763.1458   15.6571
    0.0000  -15.0000   37.5000 2767.0386   15.4976
    7.5000  -15.0000   37.5000 2737.2200   15.6714
   -7.5000   -7.5000   37.5000 2770.3142   15.6316
    0.0000   -7.5000   37.5000 2777.8491   15.4598
    7.5000   -7.5000   37.5000 2747.5334   15.6666
   -7.5000    0.0000   37.5000 2746.4031   15.8570
    0.0000    0.0000   37.5000 2752.7495   15.7399
    7.5000    0.0000   37.5000 2720.9014   15.9266
   -7.5000    7.5000   37.5000 2708.3975   16.4176
    0.0000    7.5000   37.5000 2711.5408   16.3156
    7.5000    7.5000   37.5000 2671.6567   16.4856
   -7.5000   15.0000   37.5000 2635.4751   17.3106
    0.0000   15.0000   37.5000 2639.8389   17.1951
    7.5000   15.0000   37.5000 2600.2698   17.3265
   -7.5000   22.5000   37.5000 2545.9866   18.4160
    0.0000   22.5000   37.5000 2555.6611   18.3574
    7.5000   22.5000   37.5000 2518.3015   18.4451
   -7.5000   30.0000   37.5000 2432.5383   19.8470
    0.0000   30.0000   37.5000 2444.3040   19.8244
    7.5000   30.0000   37.5000 2411.1035   19.9511
   -7.5000   37.5000   37.5000 2295.9863   21.7525
    0.0000   37.5000   37.5000 2306.5913   21.8084
    7.5000   37.5000   37.5000 2276.8230   21.9901
   -7.5000   45.0000   37.5000 2160.5371   24.2361
    0.0000   45.0000   37.5000 2162.2207   24.2287
    7.5000   45.0000   37.5000 2135.4724   24.5318
   -7.5000  -45.0000   45.0000 2401.0825   20.2024
    0.0000  -45.0000   45.0000 2411.3127   20.0685
    7.5000  -45.0000   45.0000 2399.2808   20.3439
   -7.5000  -37.5000   45.0000 2501.0312   18.8422
    0.0000  -37.5000   45.0000 2514.6147   18.6430
    7.5000  -37.5000   45.0000 2500.9778   18.9122
   -7.5000  -30.0000   45.0000 2583.8799   17.7550
    0.0000  -30.0000   45.0000 2595.0579   17.5779
    7.5000  -30.0000   45.0000 2577.3369   17.8287
   -7.5000  -22.5000   45.0000 2649.7737   17.0433
    0.0000  -22.5000   45.0000 2658.1448   16.8743
    7.5000  -22.5000   45.0000 2634.1204   17.1298
   -7.5000  -15.0000   45.0000 2684.0920   16.6533
    0.0000  -15.0000   45.0000 2687.5945   16.5120
    7.5000  -15.0000   45.0000 2660.1670   16.7213
   -7.5000   -7.5000   45.0000 2687.2324   16.6856
    0.0000   -7.5000   45.0000 2697.3916   16.5269
    7.5000   -7.5000   45.0000 2669.2566   16.7330
   -7.5000    0.0000   45.0000 2661.6748   16.9199
    0.0000    0.0000   45.0000 2669.5176   16.8022
    7.5000    0.0000   45.0000 2644.7974   17.0021
   -7.5000    7.5000   45.0000 2632.3787   17.4265
    0.0000    7.5000   45.0000 2641.2944   17.3072
    7.5000    7.5000   45.0000 2604.6890   17.5473
   -7.5000   15.0000   45.0000 2569.6372   18.2338
    0.0000   15.0000   45.0000 2576.6736   18.1417
    7.5000   15.0000   45.0000 2535.7153   18.3337
   -7.5000   22.5000   45.0000 2488.4470   19.4331
    0.0000   22.5000   45.0000 2488.1636   19.3564
    7.5000   22.5000   45.0000 2459.0718   19.4869
   -7.5000   30.0000   45.0000 2374.1714   20.9291
    0.0000   30.0000   45.0000 2381.6362   20.8879
    7.5000   30.0000   45.0000 2349.2771   21.0248
   -7.5000   37.5000   45.0000 2241.6448   22.8072
    0.0000   37.5000   45.0000 2252.6604   22.8295
    7.5000   37.5000   45.0000 2220.6643   23.0683
   -7.5000   45.0000   45.0000 2112.7747   25.1716
    0.0000   45.0000   45.0000 2110.3428   25.2471
    7.5000   45.0000   45.0000 2096.3201   25.5791

---------------------------------------------------------------------
imgreg_4dfp /opt/freesurfer/average/711-2C_as_mni_average_305 /opt/freesurfer/average/711-2B_as_mni_average_305_mask talsrcimg_g11 none talsrcimg_to_711-2C_as_mni_average_305_t4 1283
---------------------------------------------------------------------

freesurfer imgreg_4dfp.c
/opt/freesurfer/average/711-2C_as_mni_average_305.4dfp.img
       256       256       256         1
  1.000000  1.000000  1.000000
orientation T byte_order littleendian
Reading image: /opt/freesurfer/average/711-2C_as_mni_average_305.4dfp.img
dimensions:      256       256       256
mmppix:       1.0000   -1.0000   -1.0000
center:     128.0000 -129.0000 -129.0000
/opt/freesurfer/average/711-2B_as_mni_average_305_mask.4dfp.img
       256       256       256         1
  1.000000  1.000000  1.000000
orientation T byte_order littleendian
Reading mask: /opt/freesurfer/average/711-2B_as_mni_average_305_mask.4dfp.img (2306576 pixels)
talsrcimg_g11.4dfp.img
       256       256       256         1
  1.000000  1.000000  1.000000
orientation T byte_order littleendian
Reading image: talsrcimg_g11.4dfp.img
dimensions:      256       256       256
mmppix:       1.0000   -1.0000   -1.0000
center:     128.0000 -129.0000 -129.0000
rotation matrix determinant  1.000000
fimgreg.f
image alignment mode   1283 decimal      503 hex
parameters
    0.0000  -15.0000   15.0000    0.0000    0.0000    0.0000
eta,q 0.90675 13.50246
niter,ni,del,rscale     5    3   12.0000    1.2000
parameter  1 -1.766188 ->  0.500000 qaram    1.1500
parameter  3 -0.554441 -> -0.500000 qaram    1.1500
parameter  4-19.694986 ->  0.500000 qaram    1.1500
parameter  6  0.656626 ->  0.500000 qaram    1.1500
parameters
   -3.4500  -15.0803   18.4500   -3.4500   -1.3720   -3.4500
eta,q 0.91882 13.87709
  0.0883  0.0988  0.1019  0.0791  0.0863  0.0819
  0.0893  0.0943  0.0980  0.0824  0.0834  0.0813
  0.0925  0.0910  0.0930  0.0851  0.0825  0.0813
  0.0938  0.0893  0.0892  0.0872  0.0833  0.0827
  0.0921  0.0915  0.0874  0.0901  0.0848  0.0855
  0.0918  0.0948  0.0880  0.0927  0.0872  0.0887
  0.0959  0.0991  0.0892  0.0954  0.0903  0.0916
niter,ni,del,rscale     7    3   12.0000    1.2000
parameter  4 21.352667 ->  0.500000 qaram    1.3225
parameters
   -2.9642  -14.9363   18.0079   -7.4175   -1.1735   -3.7702
eta,q 0.92512 13.80250
  0.0990  0.0920  0.0902  0.0722  0.0828  0.0814
  0.0911  0.0845  0.0851  0.0741  0.0787  0.0779
  0.0839  0.0805  0.0822  0.0776  0.0756  0.0756
  0.0812  0.0815  0.0816  0.0815  0.0749  0.0749
  0.0846  0.0833  0.0842  0.0842  0.0760  0.0758
  0.0899  0.0851  0.0870  0.0874  0.0784  0.0786
  0.0934  0.0893  0.0920  0.0906  0.0814  0.0829
niter,ni,del,rscale     7    3   12.0000    1.2000
parameter  4  0.560366 ->  0.500000 qaram    1.5209
parameters
   -3.0433  -13.9233   17.4641  -11.9801   -1.1554   -3.3694
eta,q 0.92953 13.83281
  0.0922  0.0924  0.0864  0.0765  0.0791  0.0782
  0.0837  0.0839  0.0805  0.0713  0.0739  0.0742
  0.0766  0.0774  0.0759  0.0709  0.0707  0.0719
  0.0749  0.0748  0.0757  0.0754  0.0706  0.0706
  0.0801  0.0772  0.0792  0.0809  0.0716  0.0709
  0.0861  0.0797  0.0833  0.0842  0.0745  0.0733
  0.0906  0.0826  0.0891  0.0868  0.0783  0.0767
niter,ni,del,rscale     7    3   12.0000    1.2000
parameters
   -2.7907  -12.2531   16.4836  -14.0040   -1.3753   -4.2038
eta,q 0.92911 13.76794
  0.0903  0.0928  0.0822  0.0771  0.0793  0.0747
  0.0809  0.0840  0.0761  0.0771  0.0741  0.0723
  0.0727  0.0759  0.0723  0.0722  0.0709  0.0712
  0.0705  0.0707  0.0712  0.0710  0.0709  0.0708
  0.0746  0.0717  0.0764  0.0753  0.0723  0.0717
  0.0801  0.0750  0.0825  0.0819  0.0756  0.0739
  0.0863  0.0771  0.0878  0.0863  0.0798  0.0772
niter,ni,del,rscale     6    3   12.0000    1.2000
parameters
   -2.4816  -10.9842   15.8151  -15.7489   -1.6558   -4.4877
eta,q 0.92855 13.69039
  0.0911  0.0872  0.0821  0.0785  0.0790  0.0772
  0.0809  0.0807  0.0769  0.0773  0.0749  0.0739
  0.0725  0.0744  0.0735  0.0734  0.0722  0.0721
  0.0709  0.0713  0.0715  0.0716  0.0715  0.0715
  0.0750  0.0720  0.0755  0.0757  0.0730  0.0722
  0.0798  0.0741  0.0806  0.0813  0.0762  0.0746
  0.0862  0.0781  0.0858  0.0871  0.0801  0.0783
niter,ni,del,rscale     5    3   12.0000    1.2000
parameters
   -2.2039  -10.3407   15.3490  -16.6021   -1.9497   -4.4118
eta,q 0.92789 13.61319
  0.0907  0.0848  0.0829  0.0806  0.0793  0.0796
  0.0801  0.0804  0.0778  0.0792  0.0754  0.0756
  0.0727  0.0753  0.0741  0.0759  0.0729  0.0732
  0.0714  0.0718  0.0715  0.0718  0.0722  0.0721
  0.0755  0.0720  0.0750  0.0749  0.0737  0.0726
  0.0796  0.0759  0.0807  0.0803  0.0767  0.0754
  0.0860  0.0815  0.0855  0.0861  0.0805  0.0794
niter,ni,del,rscale     4    3   12.0000    1.2000
parameters
   -2.2319  -10.0376   15.0805  -16.8689   -1.9804   -4.3428
eta,q 0.92764 13.55671
  0.0888  0.0842  0.0836  0.0817  0.0799  0.0804
  0.0792  0.0801  0.0786  0.0804  0.0764  0.0763
  0.0730  0.0754  0.0747  0.0772  0.0735  0.0736
  0.0721  0.0721  0.0719  0.0722  0.0724  0.0724
  0.0759  0.0727  0.0743  0.0742  0.0736  0.0729
  0.0803  0.0778  0.0805  0.0794  0.0764  0.0760
  0.0875  0.0832  0.0853  0.0850  0.0801  0.0803
niter,ni,del,rscale     3    3   12.0000    1.2000
parameters
   -2.3301   -9.9769   14.9235  -16.9257   -1.9455   -4.2885
eta,q 0.92756 13.53295
  0.0883  0.0837  0.0837  0.0821  0.0800  0.0806
  0.0791  0.0796  0.0791  0.0807  0.0767  0.0765
  0.0733  0.0752  0.0750  0.0777  0.0738  0.0738
  0.0724  0.0723  0.0722  0.0724  0.0725  0.0725
  0.0759  0.0735  0.0738  0.0740  0.0736  0.0730
  0.0806  0.0790  0.0802  0.0792  0.0763  0.0763
  0.0877  0.0840  0.0850  0.0847  0.0801  0.0806
niter,ni,del,rscale     2    3   12.0000    1.2000
parameters
   -2.4026  -10.0150   14.8140  -16.9070   -1.9039   -4.2556
eta,q 0.92752 13.52250
  0.0883  0.0834  0.0837  0.0822  0.0799  0.0806
  0.0792  0.0795  0.0792  0.0808  0.0768  0.0765
  0.0735  0.0751  0.0751  0.0778  0.0739  0.0738
  0.0724  0.0724  0.0724  0.0725  0.0725  0.0725
  0.0759  0.0738  0.0735  0.0740  0.0736  0.0731
  0.0807  0.0794  0.0799  0.0791  0.0763  0.0763
  0.0875  0.0844  0.0849  0.0845  0.0800  0.0807
niter,ni,del,rscale     1    3   12.0000    1.2000
parameters
   -2.4599  -10.0807   14.7348  -16.8622   -1.8654   -4.2342
eta,q 0.92752 13.51777
  0.0884  0.0834  0.0837  0.0823  0.0798  0.0805
  0.0793  0.0795  0.0793  0.0808  0.0768  0.0765
  0.0736  0.0751  0.0752  0.0778  0.0739  0.0738
  0.0725  0.0724  0.0725  0.0725  0.0725  0.0725
  0.0759  0.0739  0.0733  0.0740  0.0735  0.0731
  0.0807  0.0795  0.0797  0.0791  0.0762  0.0763
  0.0874  0.0845  0.0848  0.0845  0.0800  0.0807
registration optimization eta report
parameter search radius
    6.9000    6.0000    6.9000    9.1253    6.0000    6.9000
100000*second partial in parameter space
       32.       31.       24.       11.       20.       17.
  0.0884  0.0834  0.0837  0.0823  0.0798  0.0805
  0.0793  0.0795  0.0793  0.0808  0.0768  0.0765
  0.0736  0.0751  0.0752  0.0778  0.0739  0.0738
  0.0725  0.0724  0.0725  0.0725  0.0725  0.0725
  0.0759  0.0739  0.0733  0.0740  0.0735  0.0731
  0.0807  0.0795  0.0797  0.0791  0.0762  0.0763
  0.0874  0.0845  0.0848  0.0845  0.0800  0.0807
   -2.4599  -10.0807   14.7348  -16.8622   -1.8654   -4.2342
eta,q 0.92752 13.51777

---------------------------------------------------------------------
imgreg_4dfp /opt/freesurfer/average/711-2C_as_mni_average_305 /opt/freesurfer/average/711-2B_as_mni_average_305_mask talsrcimg_g11 none talsrcimg_to_711-2C_as_mni_average_305_t4 3335
---------------------------------------------------------------------

freesurfer imgreg_4dfp.c
/opt/freesurfer/average/711-2C_as_mni_average_305.4dfp.img
       256       256       256         1
  1.000000  1.000000  1.000000
orientation T byte_order littleendian
Reading image: /opt/freesurfer/average/711-2C_as_mni_average_305.4dfp.img
dimensions:      256       256       256
mmppix:       1.0000   -1.0000   -1.0000
center:     128.0000 -129.0000 -129.0000
/opt/freesurfer/average/711-2B_as_mni_average_305_mask.4dfp.img
       256       256       256         1
  1.000000  1.000000  1.000000
orientation T byte_order littleendian
Reading mask: /opt/freesurfer/average/711-2B_as_mni_average_305_mask.4dfp.img (2306576 pixels)
talsrcimg_g11.4dfp.img
       256       256       256         1
  1.000000  1.000000  1.000000
orientation T byte_order littleendian
Reading image: talsrcimg_g11.4dfp.img
dimensions:      256       256       256
mmppix:       1.0000   -1.0000   -1.0000
center:     128.0000 -129.0000 -129.0000
fimgreg.f
image alignment mode   3335 decimal      D07 hex
parameters
   -2.4599  -10.0807   14.7348   -0.3258   -4.4910   -4.3502
    6.1243    5.2483   -7.3795   28.6980   -3.2551  -28.9918
eta,q 0.92754 13.57774
niter,ni,del,rscale     5    3    5.0000    1.2000
parameter  4  5.418342 ->  0.500000 qaram    1.1500
parameter  5  2.546249 ->  0.500000 qaram    1.1500
parameter  6  2.112462 ->  0.500000 qaram    1.1500
parameter 10  0.702925 ->  0.500000 qaram    1.1500
parameter 12 -1.521928 -> -0.500000 qaram    1.1500
parameters
   -3.4994  -11.2550   14.7855   -4.4658   -8.6310   -8.4902
    5.8903    2.6546   -4.8516   24.5580   -3.3842  -24.8518
eta,q 0.96540 14.06636
  0.0728  0.0721  0.0735  0.0560  0.0472  0.0390  0.0458  0.0451  0.0447  0.0381  0.0410  0.0469
  0.0721  0.0715  0.0724  0.0593  0.0506  0.0409  0.0438  0.0412  0.0426  0.0376  0.0391  0.0430
  0.0720  0.0715  0.0716  0.0643  0.0547  0.0452  0.0424  0.0401  0.0410  0.0382  0.0380  0.0400
  0.0725  0.0719  0.0714  0.0714  0.0604  0.0516  0.0419  0.0419  0.0400  0.0397  0.0377  0.0377
  0.0734  0.0729  0.0718  0.0789  0.0674  0.0601  0.0424  0.0458  0.0397  0.0427  0.0382  0.0358
  0.0746  0.0743  0.0724  0.0848  0.0742  0.0671  0.0440  0.0508  0.0400  0.0468  0.0393  0.0342
  0.0762  0.0757  0.0732  0.0902  0.0807  0.0736  0.0466  0.0559  0.0409  0.0511  0.0411  0.0329
niter,ni,del,rscale     7    3    5.0000    1.2000
parameter  3  0.897082 ->  0.500000 qaram    1.1500
parameter  4  0.584761 ->  0.500000 qaram    1.3225
parameter  5  0.886300 ->  0.500000 qaram    1.3225
parameter 12 -0.879392 -> -0.500000 qaram    1.3225
parameters
   -3.0827  -10.3219   13.4055   -9.2268  -13.3920  -11.3452
    5.5031    2.2894   -4.3801   23.9437   -4.2475  -20.0908
eta,q 0.97639 13.75509
  0.0427  0.0399  0.0316  0.0305  0.0239  0.0278  0.0281  0.0298  0.0280  0.0295  0.0261  0.0309
  0.0388  0.0377  0.0314  0.0292  0.0246  0.0263  0.0265  0.0270  0.0267  0.0273  0.0255  0.0288
  0.0361  0.0358  0.0321  0.0290  0.0264  0.0252  0.0255  0.0256  0.0257  0.0259  0.0253  0.0269
  0.0346  0.0344  0.0337  0.0315  0.0290  0.0250  0.0252  0.0252  0.0252  0.0252  0.0253  0.0252
  0.0345  0.0337  0.0358  0.0380  0.0335  0.0280  0.0257  0.0257  0.0254  0.0257  0.0255  0.0240
  0.0359  0.0339  0.0383  0.0468  0.0400  0.0349  0.0269  0.0275  0.0261  0.0279  0.0259  0.0235
  0.0386  0.0353  0.0412  0.0550  0.0475  0.0446  0.0289  0.0311  0.0275  0.0317  0.0267  0.0238
niter,ni,del,rscale     7    3    5.0000    1.2000
parameters
   -2.4478  -10.0762   12.1782  -10.1496  -15.5929  -12.4830
    5.0594    2.6661   -4.3904   23.7672   -4.1096  -20.1103
eta,q 0.97671 13.56431
  0.0293  0.0276  0.0237  0.0287  0.0264  0.0272  0.0265  0.0286  0.0257  0.0274  0.0241  0.0265
  0.0267  0.0254  0.0228  0.0262  0.0242  0.0254  0.0248  0.0254  0.0244  0.0252  0.0236  0.0247
  0.0247  0.0240  0.0227  0.0242  0.0229  0.0241  0.0236  0.0238  0.0236  0.0239  0.0234  0.0236
  0.0236  0.0233  0.0233  0.0227  0.0230  0.0228  0.0233  0.0233  0.0233  0.0233  0.0233  0.0233
  0.0233  0.0235  0.0245  0.0228  0.0246  0.0228  0.0239  0.0237  0.0236  0.0236  0.0234  0.0238
  0.0239  0.0245  0.0263  0.0269  0.0276  0.0263  0.0253  0.0250  0.0244  0.0252  0.0236  0.0249
  0.0254  0.0261  0.0286  0.0342  0.0337  0.0337  0.0275  0.0274  0.0257  0.0281  0.0240  0.0264
niter,ni,del,rscale     6    3    5.0000    1.2000
parameters
   -2.3124   -9.8313   12.0695   -9.6436  -15.8736  -12.7606
    4.8694    2.7543   -4.4247   24.0785   -3.7801  -20.3982
eta,q 0.97688 13.56955
  0.0273  0.0270  0.0254  0.0300  0.0280  0.0275  0.0267  0.0281  0.0255  0.0275  0.0240  0.0261
  0.0252  0.0251  0.0242  0.0273  0.0256  0.0257  0.0248  0.0251  0.0242  0.0252  0.0235  0.0244
  0.0239  0.0238  0.0235  0.0251  0.0237  0.0243  0.0236  0.0235  0.0234  0.0238  0.0232  0.0234
  0.0233  0.0233  0.0233  0.0233  0.0230  0.0230  0.0232  0.0232  0.0232  0.0232  0.0231  0.0231
  0.0236  0.0235  0.0236  0.0223  0.0236  0.0223  0.0237  0.0237  0.0235  0.0233  0.0232  0.0237
  0.0246  0.0243  0.0244  0.0244  0.0254  0.0244  0.0250  0.0251  0.0243  0.0245  0.0234  0.0248
  0.0265  0.0257  0.0257  0.0305  0.0292  0.0303  0.0271  0.0277  0.0256  0.0271  0.0238  0.0263
niter,ni,del,rscale     5    3    5.0000    1.2000
parameters
   -2.2938   -9.7629   11.9935   -9.5556  -15.9681  -12.8043
    4.8604    2.7448   -4.4324   24.2580   -3.6615  -20.5221
eta,q 0.97691 13.57085
  0.0268  0.0263  0.0253  0.0297  0.0281  0.0277  0.0268  0.0280  0.0254  0.0272  0.0239  0.0262
  0.0248  0.0246  0.0240  0.0271  0.0258  0.0258  0.0249  0.0250  0.0242  0.0250  0.0234  0.0244
  0.0236  0.0235  0.0233  0.0249  0.0239  0.0244  0.0236  0.0235  0.0234  0.0237  0.0232  0.0234
  0.0231  0.0231  0.0231  0.0231  0.0231  0.0231  0.0231  0.0231  0.0231  0.0231  0.0231  0.0231
  0.0235  0.0234  0.0234  0.0224  0.0236  0.0222  0.0235  0.0236  0.0234  0.0233  0.0232  0.0236
  0.0247  0.0244  0.0242  0.0251  0.0253  0.0241  0.0248  0.0251  0.0242  0.0245  0.0234  0.0247
  0.0268  0.0259  0.0255  0.0314  0.0289  0.0297  0.0269  0.0278  0.0255  0.0271  0.0238  0.0262
niter,ni,del,rscale     4    3    5.0000    1.2000
parameters
   -2.2975   -9.7357   11.9558   -9.5390  -16.0211  -12.8360
    4.8697    2.7366   -4.4312   24.3324   -3.6066  -20.5783
eta,q 0.97691 13.56945
  0.0268  0.0262  0.0253  0.0296  0.0281  0.0277  0.0268  0.0280  0.0254  0.0271  0.0239  0.0262
  0.0248  0.0244  0.0241  0.0270  0.0258  0.0258  0.0249  0.0250  0.0242  0.0249  0.0234  0.0245
  0.0235  0.0234  0.0233  0.0248  0.0239  0.0244  0.0236  0.0235  0.0234  0.0237  0.0232  0.0234
  0.0231  0.0231  0.0231  0.0231  0.0231  0.0231  0.0231  0.0231  0.0231  0.0231  0.0231  0.0231
  0.0235  0.0234  0.0234  0.0224  0.0236  0.0222  0.0235  0.0236  0.0234  0.0233  0.0232  0.0236
  0.0247  0.0244  0.0241  0.0252  0.0253  0.0241  0.0248  0.0251  0.0242  0.0246  0.0234  0.0247
  0.0268  0.0260  0.0254  0.0316  0.0288  0.0298  0.0268  0.0278  0.0254  0.0272  0.0238  0.0262
niter,ni,del,rscale     3    3    5.0000    1.2000
parameters
   -2.2998   -9.7196   11.9359   -9.5321  -16.0458  -12.8552
    4.8707    2.7304   -4.4308   24.3739   -3.5994  -20.6068
eta,q 0.97691 13.56875
  0.0268  0.0261  0.0253  0.0296  0.0282  0.0277  0.0267  0.0279  0.0254  0.0270  0.0239  0.0262
  0.0248  0.0244  0.0241  0.0270  0.0258  0.0259  0.0249  0.0250  0.0242  0.0249  0.0234  0.0245
  0.0235  0.0234  0.0233  0.0248  0.0239  0.0244  0.0236  0.0235  0.0234  0.0236  0.0232  0.0234
  0.0231  0.0231  0.0231  0.0231  0.0231  0.0231  0.0231  0.0231  0.0231  0.0231  0.0231  0.0231
  0.0235  0.0234  0.0234  0.0224  0.0236  0.0222  0.0235  0.0236  0.0234  0.0233  0.0232  0.0236
  0.0247  0.0244  0.0241  0.0252  0.0253  0.0240  0.0248  0.0251  0.0241  0.0246  0.0234  0.0246
  0.0268  0.0260  0.0254  0.0316  0.0287  0.0297  0.0269  0.0278  0.0254  0.0272  0.0238  0.0261
registration optimization eta report
parameter search radius
    2.4000    2.4000    2.7600    9.5220    9.5220    8.2800
    7.2000    7.2000    7.2000    8.2800    7.2000    9.5220
100000*second partial in parameter space
       64.       51.       30.        9.        6.        9.
        7.        9.        4.        6.        1.        3.
  0.0268  0.0261  0.0253  0.0296  0.0282  0.0277  0.0267  0.0279  0.0254  0.0270  0.0239  0.0262
  0.0248  0.0244  0.0241  0.0270  0.0258  0.0259  0.0249  0.0250  0.0242  0.0249  0.0234  0.0245
  0.0235  0.0234  0.0233  0.0248  0.0239  0.0244  0.0236  0.0235  0.0234  0.0236  0.0232  0.0234
  0.0231  0.0231  0.0231  0.0231  0.0231  0.0231  0.0231  0.0231  0.0231  0.0231  0.0231  0.0231
  0.0235  0.0234  0.0234  0.0224  0.0236  0.0222  0.0235  0.0236  0.0234  0.0233  0.0232  0.0236
  0.0247  0.0244  0.0241  0.0252  0.0253  0.0240  0.0248  0.0251  0.0241  0.0246  0.0234  0.0246
  0.0268  0.0260  0.0254  0.0316  0.0287  0.0297  0.0269  0.0278  0.0254  0.0272  0.0238  0.0261
   -2.2998   -9.7196   11.9359   -9.5321  -16.0458  -12.8552
    4.8707    2.7304   -4.4308   24.3739   -3.5994  -20.6068
eta,q 0.97691 13.56875

---------------------------------------------------------------------
imgreg_4dfp /opt/freesurfer/average/711-2C_as_mni_average_305 /opt/freesurfer/average/711-2B_as_mni_average_305_mask talsrcimg_g11 none talsrcimg_to_711-2C_as_mni_average_305_t4 2311
---------------------------------------------------------------------

freesurfer imgreg_4dfp.c
/opt/freesurfer/average/711-2C_as_mni_average_305.4dfp.img
       256       256       256         1
  1.000000  1.000000  1.000000
orientation T byte_order littleendian
Reading image: /opt/freesurfer/average/711-2C_as_mni_average_305.4dfp.img
dimensions:      256       256       256
mmppix:       1.0000   -1.0000   -1.0000
center:     128.0000 -129.0000 -129.0000
/opt/freesurfer/average/711-2B_as_mni_average_305_mask.4dfp.img
       256       256       256         1
  1.000000  1.000000  1.000000
orientation T byte_order littleendian
Reading mask: /opt/freesurfer/average/711-2B_as_mni_average_305_mask.4dfp.img (2306576 pixels)
talsrcimg_g11.4dfp.img
       256       256       256         1
  1.000000  1.000000  1.000000
orientation T byte_order littleendian
Reading image: talsrcimg_g11.4dfp.img
dimensions:      256       256       256
mmppix:       1.0000   -1.0000   -1.0000
center:     128.0000 -129.0000 -129.0000
fimgreg.f
image alignment mode   2311 decimal      907 hex
parameters
   -2.2998   -9.7196   11.9359   -9.5321  -16.0458  -12.8552
    4.8707    2.7304   -4.4308   24.3739   -3.5994  -20.6068
eta,q 0.97691 13.56875
niter,ni,del,rscale     5    3    5.0000    0.8000
parameters
   -2.2821   -9.7394   11.9249   -7.1547  -16.2112  -11.1838
    4.2989    3.1087   -4.2902   25.0832   -2.9559  -20.7635
eta,q 0.97843 13.71296
  0.0248  0.0244  0.0238  0.0259  0.0238  0.0248  0.0233  0.0259  0.0229  0.0238  0.0226  0.0226
  0.0239  0.0237  0.0234  0.0248  0.0230  0.0239  0.0223  0.0236  0.0222  0.0229  0.0221  0.0220
  0.0233  0.0232  0.0232  0.0239  0.0225  0.0232  0.0218  0.0223  0.0218  0.0221  0.0218  0.0217
  0.0231  0.0231  0.0231  0.0231  0.0224  0.0224  0.0217  0.0217  0.0217  0.0217  0.0216  0.0216
  0.0233  0.0233  0.0232  0.0225  0.0226  0.0218  0.0221  0.0219  0.0218  0.0216  0.0216  0.0217
  0.0238  0.0237  0.0234  0.0224  0.0231  0.0218  0.0230  0.0229  0.0221  0.0220  0.0218  0.0221
  0.0247  0.0245  0.0239  0.0233  0.0240  0.0231  0.0242  0.0248  0.0227  0.0230  0.0222  0.0227
niter,ni,del,rscale     4    3    5.0000    0.7000
parameters
   -2.3815   -9.9454   12.2030   -7.4393  -16.1675  -11.0917
    4.6658    2.8414   -4.3350   24.8380   -2.8799  -20.6208
eta,q 0.97850 13.71303
  0.0230  0.0224  0.0229  0.0235  0.0228  0.0239  0.0233  0.0237  0.0224  0.0228  0.0221  0.0224
  0.0222  0.0218  0.0222  0.0226  0.0221  0.0231  0.0224  0.0224  0.0219  0.0221  0.0218  0.0220
  0.0217  0.0216  0.0217  0.0219  0.0217  0.0222  0.0218  0.0217  0.0216  0.0217  0.0216  0.0216
  0.0216  0.0216  0.0215  0.0215  0.0215  0.0215  0.0215  0.0215  0.0215  0.0215  0.0215  0.0215
  0.0218  0.0218  0.0215  0.0216  0.0217  0.0214  0.0216  0.0218  0.0216  0.0217  0.0216  0.0216
  0.0225  0.0223  0.0217  0.0226  0.0221  0.0223  0.0220  0.0228  0.0219  0.0222  0.0217  0.0219
  0.0236  0.0230  0.0221  0.0247  0.0228  0.0243  0.0228  0.0245  0.0224  0.0233  0.0221  0.0223
niter,ni,del,rscale     3    3    5.0000    0.6000
parameters
   -2.4254   -9.9759   12.2207   -7.3261  -16.1420  -10.8477
    4.6345    2.7899   -4.3038   24.8200   -2.9119  -20.5877
eta,q 0.97859 13.72262
  0.0226  0.0223  0.0222  0.0232  0.0224  0.0234  0.0225  0.0233  0.0221  0.0225  0.0219  0.0221
  0.0220  0.0218  0.0218  0.0225  0.0219  0.0227  0.0219  0.0222  0.0217  0.0220  0.0216  0.0217
  0.0216  0.0216  0.0216  0.0219  0.0216  0.0220  0.0215  0.0216  0.0215  0.0216  0.0215  0.0215
  0.0215  0.0215  0.0215  0.0215  0.0215  0.0215  0.0214  0.0214  0.0214  0.0214  0.0214  0.0214
  0.0217  0.0216  0.0216  0.0215  0.0216  0.0213  0.0215  0.0216  0.0215  0.0215  0.0215  0.0215
  0.0221  0.0219  0.0218  0.0220  0.0219  0.0219  0.0219  0.0223  0.0217  0.0219  0.0216  0.0217
  0.0228  0.0224  0.0222  0.0233  0.0224  0.0234  0.0226  0.0235  0.0221  0.0226  0.0219  0.0221
niter,ni,del,rscale     2    3    5.0000    0.5000
parameters
   -2.4442  -10.0111   12.2785   -7.1777  -16.1985  -10.6260
    4.5886    2.7919   -4.2791   24.8057   -2.9576  -20.5538
eta,q 0.97867 13.72932
  0.0222  0.0220  0.0220  0.0227  0.0220  0.0229  0.0221  0.0227  0.0218  0.0221  0.0217  0.0218
  0.0218  0.0217  0.0217  0.0222  0.0217  0.0223  0.0217  0.0220  0.0215  0.0217  0.0215  0.0216
  0.0215  0.0215  0.0215  0.0217  0.0215  0.0218  0.0214  0.0215  0.0214  0.0214  0.0214  0.0214
  0.0214  0.0214  0.0214  0.0214  0.0214  0.0214  0.0213  0.0213  0.0213  0.0213  0.0213  0.0213
  0.0215  0.0215  0.0214  0.0214  0.0215  0.0213  0.0214  0.0215  0.0214  0.0214  0.0214  0.0214
  0.0218  0.0217  0.0216  0.0218  0.0217  0.0217  0.0217  0.0219  0.0215  0.0217  0.0215  0.0216
  0.0223  0.0220  0.0218  0.0227  0.0221  0.0228  0.0222  0.0228  0.0218  0.0222  0.0217  0.0218
niter,ni,del,rscale     1    3    5.0000    0.4000
parameters
   -2.4573  -10.0331   12.3393   -7.0314  -16.2550  -10.4424
    4.5449    2.8067   -4.2545   24.7881   -2.9970  -20.5278
eta,q 0.97871 13.73462
  0.0219  0.0217  0.0217  0.0222  0.0217  0.0224  0.0218  0.0222  0.0216  0.0218  0.0215  0.0216
  0.0216  0.0215  0.0215  0.0218  0.0215  0.0220  0.0215  0.0217  0.0214  0.0215  0.0214  0.0214
  0.0214  0.0214  0.0214  0.0215  0.0214  0.0216  0.0213  0.0214  0.0213  0.0214  0.0213  0.0213
  0.0213  0.0213  0.0213  0.0213  0.0213  0.0213  0.0213  0.0213  0.0213  0.0213  0.0213  0.0213
  0.0214  0.0214  0.0214  0.0213  0.0214  0.0213  0.0214  0.0214  0.0213  0.0213  0.0213  0.0213
  0.0216  0.0215  0.0215  0.0216  0.0215  0.0216  0.0215  0.0217  0.0214  0.0215  0.0214  0.0214
  0.0219  0.0217  0.0216  0.0221  0.0218  0.0223  0.0218  0.0222  0.0216  0.0219  0.0215  0.0216
registration optimization eta report
parameter search radius
    0.8000    0.8000    0.8000    2.4000    2.4000    2.4000
    2.4000    2.4000    2.4000    2.4000    2.4000    2.4000
100000*second partial in parameter space
       89.       60.       52.       15.        8.       18.
        9.       16.        5.       10.        4.        5.
  0.0219  0.0217  0.0217  0.0222  0.0217  0.0224  0.0218  0.0222  0.0216  0.0218  0.0215  0.0216
  0.0216  0.0215  0.0215  0.0218  0.0215  0.0220  0.0215  0.0217  0.0214  0.0215  0.0214  0.0214
  0.0214  0.0214  0.0214  0.0215  0.0214  0.0216  0.0213  0.0214  0.0213  0.0214  0.0213  0.0213
  0.0213  0.0213  0.0213  0.0213  0.0213  0.0213  0.0213  0.0213  0.0213  0.0213  0.0213  0.0213
  0.0214  0.0214  0.0214  0.0213  0.0214  0.0213  0.0214  0.0214  0.0213  0.0213  0.0213  0.0213
  0.0216  0.0215  0.0215  0.0216  0.0215  0.0216  0.0215  0.0217  0.0214  0.0215  0.0214  0.0214
  0.0219  0.0217  0.0216  0.0221  0.0218  0.0223  0.0218  0.0222  0.0216  0.0219  0.0215  0.0216
   -2.4573  -10.0331   12.3393   -7.0314  -16.2550  -10.4424
    4.5449    2.8067   -4.2545   24.7881   -2.9970  -20.5278
eta,q 0.97871 13.73462

---------------------------------------------------------------------
imgreg_4dfp /opt/freesurfer/average/711-2C_as_mni_average_305 /opt/freesurfer/average/711-2B_as_mni_average_305_mask talsrcimg_g11 none talsrcimg_to_711-2C_as_mni_average_305_t4 2311
---------------------------------------------------------------------

freesurfer imgreg_4dfp.c
/opt/freesurfer/average/711-2C_as_mni_average_305.4dfp.img
       256       256       256         1
  1.000000  1.000000  1.000000
orientation T byte_order littleendian
Reading image: /opt/freesurfer/average/711-2C_as_mni_average_305.4dfp.img
dimensions:      256       256       256
mmppix:       1.0000   -1.0000   -1.0000
center:     128.0000 -129.0000 -129.0000
/opt/freesurfer/average/711-2B_as_mni_average_305_mask.4dfp.img
       256       256       256         1
  1.000000  1.000000  1.000000
orientation T byte_order littleendian
Reading mask: /opt/freesurfer/average/711-2B_as_mni_average_305_mask.4dfp.img (2306576 pixels)
talsrcimg_g11.4dfp.img
       256       256       256         1
  1.000000  1.000000  1.000000
orientation T byte_order littleendian
Reading image: talsrcimg_g11.4dfp.img
dimensions:      256       256       256
mmppix:       1.0000   -1.0000   -1.0000
center:     128.0000 -129.0000 -129.0000
fimgreg.f
image alignment mode   2311 decimal      907 hex
parameters
   -2.4573  -10.0331   12.3393   -7.0314  -16.2550  -10.4424
    4.5449    2.8067   -4.2545   24.7881   -2.9970  -20.5278
eta,q 0.97871 13.73462
niter,ni,del,rscale     5    3    5.0000    0.8000
parameters
   -2.4845  -10.0319   12.4206   -7.6607  -16.1880  -10.9803
    4.7483    2.6999   -4.2842   24.5015   -3.1136  -20.4414
eta,q 0.97844 13.70755
  0.0235  0.0228  0.0228  0.0236  0.0231  0.0240  0.0237  0.0246  0.0227  0.0232  0.0222  0.0227
  0.0223  0.0220  0.0220  0.0226  0.0222  0.0230  0.0226  0.0228  0.0221  0.0224  0.0218  0.0221
  0.0215  0.0215  0.0215  0.0218  0.0216  0.0220  0.0219  0.0219  0.0217  0.0218  0.0216  0.0217
  0.0213  0.0213  0.0213  0.0213  0.0214  0.0214  0.0216  0.0215  0.0215  0.0215  0.0216  0.0216
  0.0216  0.0215  0.0214  0.0216  0.0216  0.0217  0.0217  0.0219  0.0217  0.0218  0.0216  0.0217
  0.0224  0.0220  0.0218  0.0232  0.0221  0.0234  0.0223  0.0229  0.0221  0.0225  0.0219  0.0221
  0.0237  0.0228  0.0225  0.0262  0.0231  0.0265  0.0234  0.0249  0.0227  0.0238  0.0223  0.0226
niter,ni,del,rscale     4    3    5.0000    0.7000
parameters
   -2.4460   -9.9961   12.2687   -7.5572  -16.0647  -10.9673
    4.6494    2.7858   -4.2833   24.6561   -3.0371  -20.5018
eta,q 0.97851 13.71517
  0.0232  0.0228  0.0223  0.0237  0.0229  0.0237  0.0230  0.0241  0.0224  0.0230  0.0221  0.0223
  0.0223  0.0221  0.0218  0.0228  0.0222  0.0230  0.0222  0.0226  0.0219  0.0223  0.0218  0.0219
  0.0218  0.0217  0.0216  0.0221  0.0217  0.0221  0.0217  0.0218  0.0216  0.0218  0.0216  0.0216
  0.0216  0.0216  0.0216  0.0215  0.0215  0.0215  0.0215  0.0215  0.0215  0.0215  0.0215  0.0215
  0.0217  0.0217  0.0217  0.0215  0.0216  0.0214  0.0217  0.0217  0.0216  0.0216  0.0215  0.0216
  0.0222  0.0220  0.0221  0.0222  0.0220  0.0223  0.0223  0.0225  0.0219  0.0220  0.0217  0.0219
  0.0231  0.0227  0.0226  0.0239  0.0227  0.0244  0.0231  0.0239  0.0224  0.0229  0.0221  0.0224
niter,ni,del,rscale     3    3    5.0000    0.6000
parameters
   -2.4312  -10.0115   12.2563   -7.3588  -16.1022  -10.7948
    4.6133    2.8110   -4.2803   24.7360   -2.9832  -20.5310
eta,q 0.97860 13.72362
  0.0227  0.0223  0.0222  0.0232  0.0224  0.0234  0.0225  0.0234  0.0221  0.0226  0.0219  0.0221
  0.0221  0.0219  0.0218  0.0225  0.0219  0.0227  0.0219  0.0223  0.0217  0.0220  0.0216  0.0217
  0.0216  0.0216  0.0216  0.0219  0.0216  0.0220  0.0215  0.0216  0.0215  0.0216  0.0215  0.0215
  0.0215  0.0215  0.0215  0.0215  0.0215  0.0215  0.0214  0.0214  0.0214  0.0214  0.0214  0.0214
  0.0216  0.0216  0.0216  0.0214  0.0216  0.0213  0.0215  0.0216  0.0215  0.0215  0.0214  0.0215
  0.0220  0.0219  0.0218  0.0219  0.0219  0.0220  0.0219  0.0222  0.0217  0.0219  0.0216  0.0217
  0.0227  0.0224  0.0222  0.0232  0.0224  0.0235  0.0226  0.0234  0.0221  0.0226  0.0219  0.0221
niter,ni,del,rscale     2    3    5.0000    0.5000
parameters
   -2.4416  -10.0262   12.2974   -7.1831  -16.1814  -10.6048
    4.5816    2.8080   -4.2712   24.7657   -2.9941  -20.5317
eta,q 0.97867 13.72992
  0.0222  0.0220  0.0219  0.0227  0.0220  0.0229  0.0221  0.0227  0.0218  0.0222  0.0217  0.0218
  0.0218  0.0217  0.0217  0.0222  0.0217  0.0223  0.0217  0.0220  0.0215  0.0217  0.0215  0.0216
  0.0215  0.0215  0.0215  0.0217  0.0215  0.0218  0.0214  0.0215  0.0214  0.0215  0.0214  0.0214
  0.0214  0.0214  0.0214  0.0214  0.0214  0.0214  0.0213  0.0213  0.0213  0.0213  0.0213  0.0213
  0.0215  0.0215  0.0215  0.0214  0.0215  0.0213  0.0214  0.0215  0.0214  0.0214  0.0214  0.0214
  0.0218  0.0217  0.0216  0.0217  0.0217  0.0218  0.0217  0.0219  0.0215  0.0217  0.0215  0.0216
  0.0223  0.0220  0.0219  0.0226  0.0221  0.0228  0.0222  0.0228  0.0218  0.0222  0.0217  0.0218
niter,ni,del,rscale     1    3    5.0000    0.4000
parameters
   -2.4548  -10.0393   12.3519   -7.0305  -16.2539  -10.4290
    4.5441    2.8156   -4.2539   24.7694   -3.0305  -20.5151
eta,q 0.97871 13.73492
  0.0219  0.0217  0.0217  0.0222  0.0217  0.0224  0.0218  0.0222  0.0216  0.0218  0.0215  0.0216
  0.0216  0.0215  0.0215  0.0218  0.0215  0.0219  0.0215  0.0217  0.0214  0.0216  0.0214  0.0214
  0.0214  0.0214  0.0214  0.0215  0.0214  0.0216  0.0213  0.0214  0.0213  0.0214  0.0213  0.0213
  0.0213  0.0213  0.0213  0.0213  0.0213  0.0213  0.0213  0.0213  0.0213  0.0213  0.0213  0.0213
  0.0214  0.0214  0.0214  0.0213  0.0214  0.0213  0.0214  0.0214  0.0213  0.0213  0.0213  0.0213
  0.0216  0.0215  0.0215  0.0216  0.0215  0.0216  0.0215  0.0217  0.0214  0.0215  0.0214  0.0214
  0.0219  0.0217  0.0216  0.0221  0.0218  0.0223  0.0218  0.0222  0.0216  0.0219  0.0215  0.0216
registration optimization eta report
parameter search radius
    0.8000    0.8000    0.8000    2.4000    2.4000    2.4000
    2.4000    2.4000    2.4000    2.4000    2.4000    2.4000
100000*second partial in parameter space
       90.       61.       53.       15.        8.       18.
        9.       16.        5.       10.        4.        5.
  0.0219  0.0217  0.0217  0.0222  0.0217  0.0224  0.0218  0.0222  0.0216  0.0218  0.0215  0.0216
  0.0216  0.0215  0.0215  0.0218  0.0215  0.0219  0.0215  0.0217  0.0214  0.0216  0.0214  0.0214
  0.0214  0.0214  0.0214  0.0215  0.0214  0.0216  0.0213  0.0214  0.0213  0.0214  0.0213  0.0213
  0.0213  0.0213  0.0213  0.0213  0.0213  0.0213  0.0213  0.0213  0.0213  0.0213  0.0213  0.0213
  0.0214  0.0214  0.0214  0.0213  0.0214  0.0213  0.0214  0.0214  0.0213  0.0213  0.0213  0.0213
  0.0216  0.0215  0.0215  0.0216  0.0215  0.0216  0.0215  0.0217  0.0214  0.0215  0.0214  0.0214
  0.0219  0.0217  0.0216  0.0221  0.0218  0.0223  0.0218  0.0222  0.0216  0.0219  0.0215  0.0216
   -2.4548  -10.0393   12.3519   -7.0305  -16.2539  -10.4290
    4.5441    2.8156   -4.2539   24.7694   -3.0305  -20.5151
eta,q 0.97871 13.73492

---------------------------------------------------------------------
compute_vox2vox talsrcimg talsrcimg_to_711-2C_as_mni_average_305_t4 /opt/freesurfer/average/711-2C_as_mni_average_305
---------------------------------------------------------------------

freesurfer compute_vox2vox.c
Reading: talsrcimg.4dfp.ifh
Reading: talsrcimg_to_711-2C_as_mni_average_305_t4
Reading: /opt/freesurfer/average/711-2C_as_mni_average_305.4dfp.ifh
Writing: talsrcimg_to_711-2C_as_mni_average_305_t4_vox2vox.txt

start time Mon Mar 9 04:05:43 CET 2026
end		time Mon Mar 9 04:07:17 CET 2026

mpr2mni305 success

avi2talxfm orig_nu.mgz /opt/freesurfer/average/mni305.cor.mgz talsrcimg_to_711-2C_as_mni_average_305_t4_vox2vox.txt transforms/talairach.auto.xfm
avi2talxfm done
mv -f /out/sourcedata/freesurfer/sub-v1s18x0051218_ses-1/mri/talsrcimg_to_711-2C_as_mni_average_305_t4_vox2vox.txt /out/sourcedata/freesurfer/sub-v1s18x0051218_ses-1/mri/transforms/talsrcimg_to_711-2C_as_mni_average_305_t4_vox2vox.txt
lta_convert --src orig_nu.mgz --trg /opt/freesurfer/average/mni305.cor.mgz --inxfm transforms/talairach.auto.xfm --outlta transforms/talairach.auto.xfm.lta --subject fsaverage
7.3.2

--src: orig_nu.mgz src image (geometry).
--trg: /opt/freesurfer/average/mni305.cor.mgz trg image (geometry).
--inmni: transforms/talairach.auto.xfm input MNI/XFM transform.
--outlta: transforms/talairach.auto.xfm.lta output LTA.
--s: fsaverage subject name
 LTA read, type : 1
 1.07224  -0.01650  -0.06222  -11.52103;
 0.04566   1.04490   0.25349  -19.63260;
 0.04096  -0.30989   1.11595   7.08885;
 0.00000   0.00000   0.00000   1.00000;
setting subject to fsaverage
Writing  LTA to file transforms/talairach.auto.xfm.lta...
lta_convert successful.
 
 
Started at Mon Mar 9 04:05:43 CET 2026
Ended   at Mon Mar  9 04:07:17 CET 2026
talairach_avi done
