/out/sourcedata/freesurfer/sub-v1s18x0051264_ses-1/mri
/opt/freesurfer/bin/talairach_avi
--i orig_nu.mgz --xfm transforms/talairach.auto.xfm
talairach_avi 7.3.2
Linux dna079 5.14.0-427.37.1.el9_4.x86_64 #1 SMP PREEMPT_DYNAMIC Fri Sep 13 12:41:50 EDT 2024 x86_64 x86_64 x86_64 GNU/Linux
Mon Mar  9 06:45:13 CET 2026
mri_convert orig_nu.mgz talsrcimg.img 
reading from orig_nu.mgz...
TR=0.00, TE=0.00, TI=0.00, flip angle=0.00
i_ras = (-1, 0, 0)
j_ras = (0, 0, -1)
k_ras = (0, 1, 0)
writing to talsrcimg.img...
Analyze Output Matrix
-1.00000   0.00000   0.00000   127.76809;
 0.00000   0.00000   1.00000  -120.13605;
 0.00000  -1.00000   0.00000   119.11339;
 0.00000   0.00000   0.00000   1.00000;
--------------------
INFO: set hdr.hist.orient to -1
mpr2mni305 talsrcimg
Mon Mar  9 06:45:14 CET 2026
/opt/freesurfer/bin/mpr2mni305 talsrcimg
mpr2mni305 7.3.2
target=711-2C_as_mni_average_305

---------------------------------------------------------------------
analyzeto4dfp talsrcimg -O0 -y
---------------------------------------------------------------------

freesurfer ifh2hdr.c
Mon Mar  9 06:45:14 2026
Writing: talsrcimg.4dfp.hdr
freesurfer analyzeto4dfp.c
Reading: talsrcimg.hdr
header size 348 bytes
hdr.dime.datatype	offset=70	value=2
hdr.dime.bitpix		offset=72	value=8
hdr.hist.orient		offset=252	value=-1
dimensionality     4
dimensions       256       256       256         1
Reading: talsrcimg.img
Writing: talsrcimg.4dfp.img
Writing: talsrcimg.4dfp.ifh
ifh2hdr talsrcimg -r0to230
ori=2

---------------------------------------------------------------------
gauss_4dfp talsrcimg 1.1
---------------------------------------------------------------------

freesurfer gauss_4dfp.c
Reading: talsrcimg.4dfp.img
Writing: talsrcimg_g11.4dfp.img
image dimensions 256 256 256 padded to 288 288 288
processing volume 1freesurfer ifh2hdr.c
Mon Mar  9 06:45:15 2026
Writing: talsrcimg_g11.4dfp.hdr

Writing: talsrcimg_g11.4dfp.ifh
including: talsrcimg.4dfp.img.rec in talsrcimg_g11.4dfp.img.rec

---------------------------------------------------------------------
imgreg_4dfp /opt/freesurfer/average/711-2C_as_mni_average_305 none talsrcimg_g11 none talsrcimg_to_711-2C_as_mni_average_305_t4 4355
---------------------------------------------------------------------

freesurfer imgreg_4dfp.c
/opt/freesurfer/average/711-2C_as_mni_average_305.4dfp.img
       256       256       256         1
  1.000000  1.000000  1.000000
orientation T byte_order littleendian
Reading image: /opt/freesurfer/average/711-2C_as_mni_average_305.4dfp.img
dimensions:      256       256       256
mmppix:       1.0000   -1.0000   -1.0000
center:     128.0000 -129.0000 -129.0000
talsrcimg_g11.4dfp.img
       256       256       256         1
  1.000000  1.000000  1.000000
orientation T byte_order littleendian
Reading image: talsrcimg_g11.4dfp.img
dimensions:      256       256       256
mmppix:       1.0000   -1.0000   -1.0000
center:     128.0000 -129.0000 -129.0000
t4_read: open error in t4_sub.f l:  41 t4_file(1:l)talsrcimg_to_711-2C_as_mni_average_305_t4 
t4_read: transform initialized to I4
rotation matrix determinant  1.000000
image alignment mode   4355 decimal     1103 hex
   -7.5000  -45.0000  -45.0000 6655.5977   18.9081
    0.0000  -45.0000  -45.0000 6979.0146   18.9311
    7.5000  -45.0000  -45.0000 6764.8071   18.9470
   -7.5000  -37.5000  -45.0000 7232.0493   18.8926
    0.0000  -37.5000  -45.0000 7593.4336   18.9171
    7.5000  -37.5000  -45.0000 7341.5088   18.9446
   -7.5000  -30.0000  -45.0000 8103.5039   18.9277
    0.0000  -30.0000  -45.0000 8486.5117   18.9436
    7.5000  -30.0000  -45.0000 8191.0381   18.9662
   -7.5000  -22.5000  -45.0000 8879.2129   18.9304
    0.0000  -22.5000  -45.0000 9298.9268   18.9364
    7.5000  -22.5000  -45.0000 8989.2861   18.9416
   -7.5000  -15.0000  -45.0000 9524.4922   18.9009
    0.0000  -15.0000  -45.0000 9976.0479   18.9050
    7.5000  -15.0000  -45.0000 9653.9678   18.8983
   -7.5000   -7.5000  -45.000010199.4912   18.8660
    0.0000   -7.5000  -45.000010667.9404   18.8781
    7.5000   -7.5000  -45.000010343.6123   18.8767
   -7.5000    0.0000  -45.000010766.1807   18.8599
    0.0000    0.0000  -45.000011296.6201   18.8824
    7.5000    0.0000  -45.000010914.4043   18.8979
   -7.5000    7.5000  -45.000010628.3691   18.8919
    0.0000    7.5000  -45.000011159.0928   18.9164
    7.5000    7.5000  -45.000010768.0498   18.9440
   -7.5000   15.0000  -45.000010399.9424   18.9277
    0.0000   15.0000  -45.000010894.0938   18.9436
    7.5000   15.0000  -45.000010516.9521   18.9662
   -7.5000   22.5000  -45.000010094.7920   18.9278
    0.0000   22.5000  -45.000010520.4717   18.9338
    7.5000   22.5000  -45.000010168.5342   18.9390
   -7.5000   30.0000  -45.0000 9372.3926   18.6491
    0.0000   30.0000  -45.0000 9739.6738   18.6530
    7.5000   30.0000  -45.0000 9410.3389   18.6464
   -7.5000   37.5000  -45.0000 9010.1973   18.6146
    0.0000   37.5000  -45.0000 9354.3682   18.6265
    7.5000   37.5000  -45.0000 9045.2881   18.6252
   -7.5000   45.0000  -45.0000 8341.3652   18.1361
    0.0000   45.0000  -45.0000 8644.3945   18.1577
    7.5000   45.0000  -45.0000 8367.6074   18.1726
   -7.5000  -45.0000  -37.5000 7150.9790   18.6523
    0.0000  -45.0000  -37.5000 7507.0005   18.6890
    7.5000  -45.0000  -37.5000 7265.3003   18.6968
   -7.5000  -37.5000  -37.5000 7770.8916   18.6410
    0.0000  -37.5000  -37.5000 8171.6460   18.6815
    7.5000  -37.5000  -37.5000 7886.8135   18.7017
   -7.5000  -30.0000  -37.5000 8673.9062   18.6655
    0.0000  -30.0000  -37.5000 9105.5137   18.6965
    7.5000  -30.0000  -37.5000 8777.6719   18.7165
   -7.5000  -22.5000  -37.5000 9502.3555   18.6539
    0.0000  -22.5000  -37.5000 9951.8887   18.6716
    7.5000  -22.5000  -37.5000 9590.8604   18.6779
   -7.5000  -15.0000  -37.500010190.1299   18.6193
    0.0000  -15.0000  -37.500010680.5645   18.6319
    7.5000  -15.0000  -37.500010297.7334   18.6258
   -7.5000   -7.5000  -37.500010883.6465   18.5960
    0.0000   -7.5000  -37.500011434.1475   18.6176
    7.5000   -7.5000  -37.500011021.8750   18.6124
   -7.5000    0.0000  -37.500011499.3633   18.6055
    0.0000    0.0000  -37.500012129.5674   18.6417
    7.5000    0.0000  -37.500011640.8730   18.6492
   -7.5000    7.5000  -37.500011362.5049   18.6404
    0.0000    7.5000  -37.500011961.3311   18.6809
    7.5000    7.5000  -37.500011465.7832   18.7011
   -7.5000   15.0000  -37.500011097.2568   18.6655
    0.0000   15.0000  -37.500011662.0234   18.6965
    7.5000   15.0000  -37.500011170.3369   18.7165
   -7.5000   22.5000  -37.500010689.9824   18.6513
    0.0000   22.5000  -37.500011203.3242   18.6690
    7.5000   22.5000  -37.500010744.1025   18.6754
   -7.5000   30.0000  -37.5000 9914.9219   18.3711
    0.0000   30.0000  -37.500010334.1787   18.3836
    7.5000   30.0000  -37.5000 9931.0703   18.3776
   -7.5000   37.5000  -37.5000 9511.6348   18.3482
    0.0000   37.5000  -37.5000 9916.2861   18.3695
    7.5000   37.5000  -37.5000 9515.7139   18.3644
   -7.5000   45.0000  -37.5000 8789.8574   17.8914
    0.0000   45.0000  -37.5000 9172.7246   17.9262
    7.5000   45.0000  -37.5000 8799.1436   17.9334
   -7.5000  -45.0000  -30.0000 7810.6787   19.3666
    0.0000  -45.0000  -30.0000 8214.7314   19.4059
    7.5000  -45.0000  -30.0000 7938.9893   19.4105
   -7.5000  -37.5000  -30.0000 8474.0596   19.3597
    0.0000  -37.5000  -30.0000 8922.1221   19.4037
    7.5000  -37.5000  -30.0000 8600.5537   19.4224
   -7.5000  -30.0000  -30.0000 9431.3838   19.3819
    0.0000  -30.0000  -30.0000 9913.6162   19.4164
    7.5000  -30.0000  -30.0000 9532.2451   19.4388
   -7.5000  -22.5000  -30.000010308.5625   19.3639
    0.0000  -22.5000  -30.000010814.1758   19.3837
    7.5000  -22.5000  -30.000010384.6895   19.3949
   -7.5000  -15.0000  -30.000011070.6338   19.3234
    0.0000  -15.0000  -30.000011636.3350   19.3370
    7.5000  -15.0000  -30.000011158.4619   19.3347
   -7.5000   -7.5000  -30.000011829.2090   19.3007
    0.0000   -7.5000  -30.000012487.8555   19.3238
    7.5000   -7.5000  -30.000011977.4385   19.3184
   -7.5000    0.0000  -30.000012497.5156   19.3184
    0.0000    0.0000  -30.000013228.0039   19.3572
    7.5000    0.0000  -30.000012630.4531   19.3615
   -7.5000    7.5000  -30.000012312.1436   19.3591
    0.0000    7.5000  -30.000013012.4697   19.4031
    7.5000    7.5000  -30.000012386.5234   19.4217
   -7.5000   15.0000  -30.000011988.9746   19.3819
    0.0000   15.0000  -30.000012662.1758   19.4164
    7.5000   15.0000  -30.000012030.3115   19.4388
   -7.5000   22.5000  -30.000011495.8037   19.3592
    0.0000   22.5000  -30.000012073.3750   19.3790
    7.5000   22.5000  -30.000011520.2344   19.3902
   -7.5000   30.0000  -30.000010656.2676   19.0677
    0.0000   30.0000  -30.000011151.0664   19.0812
    7.5000   30.0000  -30.000010644.3223   19.0789
   -7.5000   37.5000  -30.000010200.8320   19.0453
    0.0000   37.5000  -30.000010694.5811   19.0681
    7.5000   37.5000  -30.000010196.4375   19.0628
   -7.5000   45.0000  -30.0000 9392.2832   18.5906
    0.0000   45.0000  -30.0000 9853.6074   18.6279
    7.5000   45.0000  -30.0000 9383.0283   18.6321
   -7.5000  -45.0000  -22.5000 8464.8848   20.0296
    0.0000  -45.0000  -22.5000 8907.7383   20.0544
    7.5000  -45.0000  -22.5000 8581.5371   20.0630
   -7.5000  -37.5000  -22.5000 9184.1777   20.0236
    0.0000  -37.5000  -22.5000 9656.0586   20.0501
    7.5000  -37.5000  -22.5000 9288.9639   20.0730
   -7.5000  -30.0000  -22.500010206.3564   20.0583
    0.0000  -30.0000  -22.500010726.7588   20.0760
    7.5000  -30.0000  -22.500010294.1543   20.1015
   -7.5000  -22.5000  -22.500011138.5078   20.0542
    0.0000  -22.5000  -22.500011706.0293   20.0606
    7.5000  -22.5000  -22.500011180.8359   20.0737
   -7.5000  -15.0000  -22.500012001.8301   20.0148
    0.0000  -15.0000  -22.500012624.3447   20.0185
    7.5000  -15.0000  -22.500012050.2432   20.0178
   -7.5000   -7.5000  -22.500012827.9316   19.9759
    0.0000   -7.5000  -22.500013573.9600   19.9887
    7.5000   -7.5000  -22.500012923.5049   19.9859
   -7.5000    0.0000  -22.500013540.9482   19.9799
    0.0000    0.0000  -22.500014368.0811   20.0043
    7.5000    0.0000  -22.500013601.6562   20.0125
   -7.5000    7.5000  -22.500013247.2363   20.0229
    0.0000    7.5000  -22.500014031.0088   20.0494
    7.5000    7.5000  -22.500013279.2109   20.0723
   -7.5000   15.0000  -22.500012885.5850   20.0583
    0.0000   15.0000  -22.500013625.8877   20.0760
    7.5000   15.0000  -22.500012882.1924   20.1015
   -7.5000   22.5000  -22.500012348.1699   20.0480
    0.0000   22.5000  -22.500013019.5469   20.0544
    7.5000   22.5000  -22.500012322.6348   20.0675
   -7.5000   30.0000  -22.500011428.7529   19.7530
    0.0000   30.0000  -22.500012050.8711   19.7567
    7.5000   30.0000  -22.500011420.0244   19.7560
   -7.5000   37.5000  -22.500010914.0537   19.7146
    0.0000   37.5000  -22.500011492.4268   19.7273
    7.5000   37.5000  -22.500010914.9395   19.7245
   -7.5000   45.0000  -22.5000 9986.8975   19.2416
    0.0000   45.0000  -22.500010528.2402   19.2651
    7.5000   45.0000  -22.5000 9970.5977   19.2730
   -7.5000  -45.0000  -15.0000 9130.9189   20.5247
    0.0000  -45.0000  -15.0000 9594.9688   20.5337
    7.5000  -45.0000  -15.0000 9211.3359   20.5504
   -7.5000  -37.5000  -15.0000 9907.4355   20.5140
    0.0000  -37.5000  -15.000010410.1621   20.5207
    7.5000  -37.5000  -15.0000 9977.1768   20.5507
   -7.5000  -30.0000  -15.000010993.7783   20.5609
    0.0000  -30.0000  -15.000011543.0068   20.5594
    7.5000  -30.0000  -15.000011037.9951   20.5874
   -7.5000  -22.5000  -15.000011993.5840   20.5743
    0.0000  -22.5000  -15.000012597.9971   20.5663
    7.5000  -22.5000  -15.000011984.1797   20.5782
   -7.5000  -15.0000  -15.000012958.2695   20.5412
    0.0000  -15.0000  -15.000013624.2744   20.5354
    7.5000  -15.0000  -15.000012969.3271   20.5341
   -7.5000   -7.5000  -15.000013820.6123   20.4882
    0.0000   -7.5000  -15.000014653.1465   20.4907
    7.5000   -7.5000  -15.000013842.7891   20.4916
   -7.5000    0.0000  -15.000014563.1289   20.4736
    0.0000    0.0000  -15.000015420.2920   20.4822
    7.5000    0.0000  -15.000014542.6182   20.4984
   -7.5000    7.5000  -15.000014221.7236   20.5132
    0.0000    7.5000  -15.000015058.3926   20.5200
    7.5000    7.5000  -15.000014180.8672   20.5500
   -7.5000   15.0000  -15.000013808.8740   20.5609
    0.0000   15.0000  -15.000014600.3623   20.5594
    7.5000   15.0000  -15.000013747.8008   20.5874
   -7.5000   22.5000  -15.000013222.7920   20.5670
    0.0000   22.5000  -15.000013942.3398   20.5591
    7.5000   22.5000  -15.000013142.4404   20.5709
   -7.5000   30.0000  -15.000012244.5244   20.2753
    0.0000   30.0000  -15.000012914.9150   20.2696
    7.5000   30.0000  -15.000012190.5195   20.2683
   -7.5000   37.5000  -15.000011675.5254   20.2230
    0.0000   37.5000  -15.000012307.0137   20.2255
    7.5000   37.5000  -15.000011620.9082   20.2264
   -7.5000   45.0000  -15.000010632.3799   19.7290
    0.0000   45.0000  -15.000011214.5586   19.7372
    7.5000   45.0000  -15.000010560.5000   19.7529
   -7.5000  -45.0000   -7.5000 9816.1025   20.7551
    0.0000  -45.0000   -7.500010283.1904   20.7634
    7.5000  -45.0000   -7.5000 9883.8936   20.7834
   -7.5000  -37.5000   -7.500010669.9736   20.7379
    0.0000  -37.5000   -7.500011179.8301   20.7443
    7.5000  -37.5000   -7.500010715.0791   20.7764
   -7.5000  -30.0000   -7.500011828.5771   20.7851
    0.0000  -30.0000   -7.500012386.6426   20.7836
    7.5000  -30.0000   -7.500011844.1807   20.8099
   -7.5000  -22.5000   -7.500012933.2832   20.8021
    0.0000  -22.5000   -7.500013538.0049   20.7946
    7.5000  -22.5000   -7.500012905.8926   20.8022
   -7.5000  -15.0000   -7.500014005.7500   20.7739
    0.0000  -15.0000   -7.500014782.5420   20.7685
    7.5000  -15.0000   -7.500014003.1006   20.7638
   -7.5000   -7.5000   -7.500014938.3232   20.7230
    0.0000   -7.5000   -7.500015845.5762   20.7250
    7.5000   -7.5000   -7.500014854.4600   20.7264
   -7.5000    0.0000   -7.500015664.4834   20.7032
    0.0000    0.0000   -7.500016589.1660   20.7111
    7.5000    0.0000   -7.500015562.8867   20.7306
   -7.5000    7.5000   -7.500015246.5205   20.7372
    0.0000    7.5000   -7.500016091.7158   20.7436
    7.5000    7.5000   -7.500015167.3818   20.7757
   -7.5000   15.0000   -7.500014800.0801   20.7851
    0.0000   15.0000   -7.500015578.4971   20.7836
    7.5000   15.0000   -7.500014686.3008   20.8099
   -7.5000   22.5000   -7.500014120.3486   20.7925
    0.0000   22.5000   -7.500014884.1484   20.7849
    7.5000   22.5000   -7.500014003.6670   20.7926
   -7.5000   30.0000   -7.500013106.8545   20.5045
    0.0000   30.0000   -7.500013840.1143   20.4991
    7.5000   30.0000   -7.500013010.1514   20.4945
   -7.5000   37.5000   -7.500012522.6719   20.4542
    0.0000   37.5000   -7.500013208.2197   20.4563
    7.5000   37.5000   -7.500012408.7432   20.4576
   -7.5000   45.0000   -7.500011369.3809   19.9540
    0.0000   45.0000   -7.500011987.0020   19.9616
    7.5000   45.0000   -7.500011240.7686   19.9804
   -7.5000  -45.0000    0.000010392.5820   20.7709
    0.0000  -45.0000    0.000010867.2666   20.7936
    7.5000  -45.0000    0.000010476.0615   20.8095
   -7.5000  -37.5000    0.000011272.4336   20.7531
    0.0000  -37.5000    0.000011791.7432   20.7773
    7.5000  -37.5000    0.000011335.5059   20.8055
   -7.5000  -30.0000    0.000012607.7109   20.7914
    0.0000  -30.0000    0.000013154.7705   20.8066
    7.5000  -30.0000    0.000012626.4883   20.8294
   -7.5000  -22.5000    0.000013871.5938   20.7958
    0.0000  -22.5000    0.000014513.2236   20.8008
    7.5000  -22.5000    0.000013868.6523   20.8051
   -7.5000  -15.0000    0.000015062.9775   20.7651
    0.0000  -15.0000    0.000015981.5225   20.7681
    7.5000  -15.0000    0.000014979.1201   20.7599
   -7.5000   -7.5000    0.000015970.2441   20.7270
    0.0000   -7.5000    0.000016901.7812   20.7384
    7.5000   -7.5000    0.000015777.9951   20.7360
   -7.5000    0.0000    0.000016616.7969   20.7189
    0.0000    0.0000    0.000017456.1543   20.7411
    7.5000    0.0000    0.000016497.6387   20.7566
   -7.5000    7.5000    0.000016168.2871   20.7524
    0.0000    7.5000    0.000016939.1934   20.7766
    7.5000    7.5000    0.000016090.1523   20.8048
   -7.5000   15.0000    0.000015677.7217   20.7914
    0.0000   15.0000    0.000016393.0469   20.8066
    7.5000   15.0000    0.000015562.7109   20.8294
   -7.5000   22.5000    0.000014886.2969   20.7863
    0.0000   22.5000    0.000015597.1807   20.7912
    7.5000   22.5000    0.000014772.8311   20.7955
   -7.5000   30.0000    0.000013866.0039   20.4963
    0.0000   30.0000    0.000014556.5928   20.4993
    7.5000   30.0000    0.000013758.0127   20.4913
   -7.5000   37.5000    0.000013337.3213   20.4587
    0.0000   37.5000    0.000013975.3936   20.4700
    7.5000   37.5000    0.000013180.1406   20.4677
   -7.5000   45.0000    0.000012106.0459   19.9706
    0.0000   45.0000    0.000012715.9756   19.9920
    7.5000   45.0000    0.000011951.3633   20.0070
   -7.5000  -45.0000    7.500010154.4297   20.7575
    0.0000  -45.0000    7.500010585.6055   20.7971
    7.5000  -45.0000    7.500010219.2021   20.8055
   -7.5000  -37.5000    7.500010964.6523   20.7448
    0.0000  -37.5000    7.500011428.3262   20.7887
    7.5000  -37.5000    7.500011019.0898   20.8108
   -7.5000  -30.0000    7.500012372.4062   20.7715
    0.0000  -30.0000    7.500012860.6738   20.8050
    7.5000  -30.0000    7.500012372.6689   20.8268
   -7.5000  -22.5000    7.500013950.9033   20.7584
    0.0000  -22.5000    7.500014685.5527   20.7771
    7.5000  -22.5000    7.500013871.1348   20.7839
   -7.5000  -15.0000    7.500015169.7119   20.7203
    0.0000  -15.0000    7.500016043.3916   20.7333
    7.5000  -15.0000    7.500014969.5195   20.7263
   -7.5000   -7.5000    7.500015776.5674   20.6950
    0.0000   -7.5000    7.500016416.2285   20.7180
    7.5000   -7.5000    7.500015559.8467   20.7119
   -7.5000    0.0000    7.500016321.5479   20.7057
    0.0000    0.0000    7.500016805.5625   20.7447
    7.5000    0.0000    7.500016216.7412   20.7528
   -7.5000    7.5000    7.500015935.7783   20.7441
    0.0000    7.5000    7.500016458.7812   20.7880
    7.5000    7.5000    7.500015883.8867   20.8101
   -7.5000   15.0000    7.500015467.8477   20.7715
    0.0000   15.0000    7.500016013.1963   20.8050
    7.5000   15.0000    7.500015405.0684   20.8268
   -7.5000   22.5000    7.500014690.5352   20.7489
    0.0000   22.5000    7.500015239.9287   20.7676
    7.5000   22.5000    7.500014592.9990   20.7743
   -7.5000   30.0000    7.500013735.4531   20.4522
    0.0000   30.0000    7.500014268.5732   20.4650
    7.5000   30.0000    7.500013579.6982   20.4581
   -7.5000   37.5000    7.500013212.6279   20.4272
    0.0000   37.5000    7.500013790.1777   20.4498
    7.5000   37.5000    7.500013011.2705   20.4439
   -7.5000   45.0000    7.500011993.1758   19.9579
    0.0000   45.0000    7.500012549.1523   19.9955
    7.5000   45.0000    7.500011809.1162   20.0033
   -7.5000  -45.0000   15.0000 9751.9287   20.7690
    0.0000  -45.0000   15.000010163.5469   20.8106
    7.5000  -45.0000   15.0000 9773.7061   20.8151
   -7.5000  -37.5000   15.000010526.9688   20.7613
    0.0000  -37.5000   15.000010956.5127   20.8080
    7.5000  -37.5000   15.000010559.2354   20.8275
   -7.5000  -30.0000   15.000011875.5527   20.7856
    0.0000  -30.0000   15.000012395.3203   20.8220
    7.5000  -30.0000   15.000011885.1348   20.8456
   -7.5000  -22.5000   15.000013461.9785   20.7671
    0.0000  -22.5000   15.000014271.7656   20.7878
    7.5000  -22.5000   15.000013478.5078   20.7993
   -7.5000  -15.0000   15.000014748.1729   20.7242
    0.0000  -15.0000   15.000015499.2979   20.7383
    7.5000  -15.0000   15.000014740.6758   20.7354
   -7.5000   -7.5000   15.000015366.2305   20.6993
    0.0000   -7.5000   15.000015694.2988   20.7237
    7.5000   -7.5000   15.000015296.4316   20.7174
   -7.5000    0.0000   15.000016032.1221   20.7174
    0.0000    0.0000   15.000016152.3262   20.7585
    7.5000    0.0000   15.000015912.9990   20.7626
   -7.5000    7.5000   15.000015724.6904   20.7606
    0.0000    7.5000   15.000015950.2637   20.8073
    7.5000    7.5000   15.000015613.4043   20.8268
   -7.5000   15.0000   15.000015240.0947   20.7856
    0.0000   15.0000   15.000015589.9189   20.8220
    7.5000   15.0000   15.000015118.2510   20.8456
   -7.5000   22.5000   15.000014395.1104   20.7575
    0.0000   22.5000   15.000014833.7129   20.7783
    7.5000   22.5000   15.000014240.1709   20.7898
   -7.5000   30.0000   15.000013373.6055   20.4560
    0.0000   30.0000   15.000013872.2051   20.4699
    7.5000   30.0000   15.000013190.7393   20.4670
   -7.5000   37.5000   15.000012823.8174   20.4314
    0.0000   37.5000   15.000013382.6377   20.4555
    7.5000   37.5000   15.000012624.5215   20.4492
   -7.5000   45.0000   15.000011594.6943   19.9692
    0.0000   45.0000   15.000012126.2324   20.0088
    7.5000   45.0000   15.000011451.0586   20.0128
   -7.5000  -45.0000   22.5000 9306.0205   20.7993
    0.0000  -45.0000   22.5000 9706.0186   20.8250
    7.5000  -45.0000   22.5000 9351.6895   20.8337
   -7.5000  -37.5000   22.500010076.1104   20.7934
    0.0000  -37.5000   22.500010477.4805   20.8207
    7.5000  -37.5000   22.500010118.5146   20.8442
   -7.5000  -30.0000   22.500011318.9961   20.8299
    0.0000  -30.0000   22.500011787.3652   20.8481
    7.5000  -30.0000   22.500011358.4795   20.8744
   -7.5000  -22.5000   22.500012570.2031   20.8260
    0.0000  -22.5000   22.500013264.2539   20.8324
    7.5000  -22.5000   22.500012716.5713   20.8458
   -7.5000  -15.0000   22.500013757.9658   20.7850
    0.0000  -15.0000   22.500014520.2363   20.7887
    7.5000  -15.0000   22.500013890.4766   20.7876
   -7.5000   -7.5000   22.500014693.8232   20.7440
    0.0000   -7.5000   22.500015255.8887   20.7572
    7.5000   -7.5000   22.500014700.3887   20.7539
   -7.5000    0.0000   22.500015475.8936   20.7477
    0.0000    0.0000   22.500015886.4424   20.7729
    7.5000    0.0000   22.500015375.0986   20.7811
   -7.5000    7.5000   22.500015133.7979   20.7926
    0.0000    7.5000   22.500015575.3906   20.8200
    7.5000    7.5000   22.500015002.1514   20.8435
   -7.5000   15.0000   22.500014594.4756   20.8299
    0.0000   15.0000   22.500015060.1025   20.8481
    7.5000   15.0000   22.500014459.3564   20.8744
   -7.5000   22.5000   22.500013703.5000   20.8164
    0.0000   22.5000   22.500014175.6816   20.8228
    7.5000   22.5000   22.500013581.8027   20.8362
   -7.5000   30.0000   22.500012697.1963   20.5160
    0.0000   30.0000   22.500013192.6924   20.5197
    7.5000   30.0000   22.500012587.0322   20.5186
   -7.5000   37.5000   22.500012166.4395   20.4755
    0.0000   37.5000   22.500012679.2959   20.4885
    7.5000   37.5000   22.500012037.8955   20.4853
   -7.5000   45.0000   22.500010996.0068   19.9984
    0.0000   45.0000   22.500011478.1055   20.0227
    7.5000   45.0000   22.500010914.2637   20.0306
   -7.5000  -45.0000   30.0000 8679.2949   20.8593
    0.0000  -45.0000   30.0000 9074.2451   20.8683
    7.5000  -45.0000   30.0000 8745.2354   20.8846
   -7.5000  -37.5000   30.0000 9416.1445   20.8493
    0.0000  -37.5000   30.0000 9872.7744   20.8561
    7.5000  -37.5000   30.0000 9451.7441   20.8860
   -7.5000  -30.0000   30.000010560.0420   20.8988
    0.0000  -30.0000   30.000011090.1553   20.8971
    7.5000  -30.0000   30.000010588.0674   20.9249
   -7.5000  -22.5000   30.000011663.1211   20.9130
    0.0000  -22.5000   30.000012317.3584   20.9048
    7.5000  -22.5000   30.000011756.5801   20.9161
   -7.5000  -15.0000   30.000012658.8809   20.8786
    0.0000  -15.0000   30.000013361.0703   20.8725
    7.5000  -15.0000   30.000012737.1709   20.8703
   -7.5000   -7.5000   30.000013525.2461   20.8229
    0.0000   -7.5000   30.000014173.1816   20.8253
    7.5000   -7.5000   30.000013502.0195   20.8254
   -7.5000    0.0000   30.000014300.3291   20.8072
    0.0000    0.0000   30.000014918.5488   20.8158
    7.5000    0.0000   30.000014265.2080   20.8316
   -7.5000    7.5000   30.000014008.4326   20.8485
    0.0000    7.5000   30.000014600.4775   20.8553
    7.5000    7.5000   30.000013960.4658   20.8852
   -7.5000   15.0000   30.000013539.2666   20.8988
    0.0000   15.0000   30.000014093.6963   20.8971
    7.5000   15.0000   30.000013460.8965   20.9249
   -7.5000   22.5000   30.000012722.6045   20.9034
    0.0000   22.5000   30.000013259.3633   20.8951
    7.5000   22.5000   30.000012653.6494   20.9065
   -7.5000   30.0000   30.000011824.0615   20.6083
    0.0000   30.0000   30.000012324.5127   20.6023
    7.5000   30.0000   30.000011753.3799   20.6002
   -7.5000   37.5000   30.000011312.7666   20.5534
    0.0000   37.5000   30.000011796.8701   20.5558
    7.5000   37.5000   30.000011265.8555   20.5559
   -7.5000   45.0000   30.000010241.1865   20.0557
    0.0000   45.0000   30.000010679.9092   20.0640
    7.5000   45.0000   30.000010209.5654   20.0793
   -7.5000  -45.0000   37.5000 8351.6221   20.9661
    0.0000  -45.0000   37.5000 8810.0654   20.9742
    7.5000  -45.0000   37.5000 8422.6230   20.9941
   -7.5000  -37.5000   37.5000 9052.3994   20.9494
    0.0000  -37.5000   37.5000 9551.5635   20.9556
    7.5000  -37.5000   37.5000 9117.7383   20.9878
   -7.5000  -30.0000   37.500010110.7764   21.0000
    0.0000  -30.0000   37.500010641.4639   20.9977
    7.5000  -30.0000   37.500010157.2832   21.0238
   -7.5000  -22.5000   37.500011122.7207   21.0191
    0.0000  -22.5000   37.500011680.0430   21.0103
    7.5000  -22.5000   37.500011186.4199   21.0171
   -7.5000  -15.0000   37.500012050.6016   20.9899
    0.0000  -15.0000   37.500012580.1318   20.9833
    7.5000  -15.0000   37.500012087.1602   20.9773
   -7.5000   -7.5000   37.500012866.7832   20.9354
    0.0000   -7.5000   37.500013405.8330   20.9368
    7.5000   -7.5000   37.500012847.7422   20.9373
   -7.5000    0.0000   37.500013620.9248   20.9133
    0.0000    0.0000   37.500014147.1826   20.9210
    7.5000    0.0000   37.500013596.5020   20.9403
   -7.5000    7.5000   37.500013393.6006   20.9487
    0.0000    7.5000   37.500013932.5020   20.9548
    7.5000    7.5000   37.500013373.9697   20.9871
   -7.5000   15.0000   37.500012957.0410   21.0000
    0.0000   15.0000   37.500013482.9805   20.9977
    7.5000   15.0000   37.500012921.8701   21.0238
   -7.5000   22.5000   37.500012182.4844   21.0094
    0.0000   22.5000   37.500012721.0400   21.0006
    7.5000   22.5000   37.500012151.2695   21.0074
   -7.5000   30.0000   37.500011331.8916   20.7183
    0.0000   30.0000   37.500011840.0586   20.7117
    7.5000   30.0000   37.500011288.8301   20.7058
   -7.5000   37.5000   37.500010802.9648   20.6645
    0.0000   37.5000   37.500011295.8125   20.6658
    7.5000   37.5000   37.500010774.3252   20.6663
   -7.5000   45.0000   37.5000 9803.8604   20.1580
    0.0000   45.0000   37.500010245.7920   20.1654
    7.5000   45.0000   37.5000 9772.8740   20.1840
   -7.5000  -45.0000   45.0000 7793.5659   21.3012
    0.0000  -45.0000   45.0000 8208.2998   21.3258
    7.5000  -45.0000   45.0000 7853.0981   21.3406
   -7.5000  -37.5000   45.0000 8426.9961   21.2817
    0.0000  -37.5000   45.0000 8893.4805   21.3082
    7.5000  -37.5000   45.0000 8489.4785   21.3363
   -7.5000  -30.0000   45.0000 9370.2969   21.3239
    0.0000  -30.0000   45.0000 9871.6660   21.3410
    7.5000  -30.0000   45.0000 9414.8896   21.3636
   -7.5000  -22.5000   45.000010252.0186   21.3314
    0.0000  -22.5000   45.000010776.4297   21.3373
    7.5000  -22.5000   45.000010297.2217   21.3402
   -7.5000  -15.0000   45.000011072.6797   21.2998
    0.0000  -15.0000   45.000011585.6270   21.3035
    7.5000  -15.0000   45.000011090.3799   21.2927
   -7.5000   -7.5000   45.000011836.5039   21.2574
    0.0000   -7.5000   45.000012366.6846   21.2698
    7.5000   -7.5000   45.000011830.6816   21.2650
   -7.5000    0.0000   45.000012552.1943   21.2461
    0.0000    0.0000   45.000013127.2676   21.2702
    7.5000    0.0000   45.000012556.4688   21.2845
   -7.5000    7.5000   45.000012353.3008   21.2809
    0.0000    7.5000   45.000012907.2881   21.3075
    7.5000    7.5000   45.000012372.5869   21.3355
   -7.5000   15.0000   45.000011941.4629   21.3239
    0.0000   15.0000   45.000012504.5088   21.3410
    7.5000   15.0000   45.000011950.7051   21.3636
   -7.5000   22.5000   45.000011242.0332   21.3215
    0.0000   22.5000   45.000011778.6885   21.3274
    7.5000   22.5000   45.000011238.7432   21.3303
   -7.5000   30.0000   45.000010466.2529   21.0224
    0.0000   30.0000   45.000010965.5693   21.0259
    7.5000   30.0000   45.000010445.6064   21.0153
   -7.5000   37.5000   45.0000 9975.0029   20.9805
    0.0000   37.5000   45.000010455.5195   20.9927
    7.5000   37.5000   45.0000 9945.4541   20.9880
   -7.5000   45.0000   45.0000 9090.8252   20.4881
    0.0000   45.0000   45.0000 9515.1602   20.5113
    7.5000   45.0000   45.0000 9059.5059   20.5251

---------------------------------------------------------------------
imgreg_4dfp /opt/freesurfer/average/711-2C_as_mni_average_305 /opt/freesurfer/average/711-2B_as_mni_average_305_mask talsrcimg_g11 none talsrcimg_to_711-2C_as_mni_average_305_t4 4355
---------------------------------------------------------------------

freesurfer imgreg_4dfp.c
/opt/freesurfer/average/711-2C_as_mni_average_305.4dfp.img
       256       256       256         1
  1.000000  1.000000  1.000000
orientation T byte_order littleendian
Reading image: /opt/freesurfer/average/711-2C_as_mni_average_305.4dfp.img
dimensions:      256       256       256
mmppix:       1.0000   -1.0000   -1.0000
center:     128.0000 -129.0000 -129.0000
/opt/freesurfer/average/711-2B_as_mni_average_305_mask.4dfp.img
       256       256       256         1
  1.000000  1.000000  1.000000
orientation T byte_order littleendian
Reading mask: /opt/freesurfer/average/711-2B_as_mni_average_305_mask.4dfp.img (2306576 pixels)
talsrcimg_g11.4dfp.img
       256       256       256         1
  1.000000  1.000000  1.000000
orientation T byte_order littleendian
Reading image: talsrcimg_g11.4dfp.img
dimensions:      256       256       256
mmppix:       1.0000   -1.0000   -1.0000
center:     128.0000 -129.0000 -129.0000
rotation matrix determinant  1.000000
image alignment mode   4355 decimal     1103 hex
   -7.5000  -45.0000  -45.0000 1890.4421   27.0415
    0.0000  -45.0000  -45.0000 1908.0901   26.5907
    7.5000  -45.0000  -45.0000 1912.2703   26.6895
   -7.5000  -37.5000  -45.0000 1980.7554   24.5856
    0.0000  -37.5000  -45.0000 2004.6643   24.1941
    7.5000  -37.5000  -45.0000 2003.5084   24.2766
   -7.5000  -30.0000  -45.0000 2068.1345   22.6911
    0.0000  -30.0000  -45.0000 2084.6707   22.3147
    7.5000  -30.0000  -45.0000 2084.6350   22.3621
   -7.5000  -22.5000  -45.0000 2127.6199   21.2266
    0.0000  -22.5000  -45.0000 2146.2871   20.9205
    7.5000  -22.5000  -45.0000 2145.0203   20.9907
   -7.5000  -15.0000  -45.0000 2167.4951   20.2072
    0.0000  -15.0000  -45.0000 2184.0676   19.8669
    7.5000  -15.0000  -45.0000 2185.1577   19.9874
   -7.5000   -7.5000  -45.0000 2187.1807   19.5247
    0.0000   -7.5000  -45.0000 2205.6252   19.2594
    7.5000   -7.5000  -45.0000 2201.2937   19.3416
   -7.5000    0.0000  -45.0000 2180.8904   19.2015
    0.0000    0.0000  -45.0000 2196.2031   18.9125
    7.5000    0.0000  -45.0000 2190.0117   19.0442
   -7.5000    7.5000  -45.0000 2162.3738   19.3941
    0.0000    7.5000  -45.0000 2175.7083   19.0528
    7.5000    7.5000  -45.0000 2172.0369   19.1527
   -7.5000   15.0000  -45.0000 2124.4978   19.8454
    0.0000   15.0000  -45.0000 2138.2278   19.4658
    7.5000   15.0000  -45.0000 2134.2068   19.5791
   -7.5000   22.5000  -45.0000 2080.5449   20.6692
    0.0000   22.5000  -45.0000 2091.2168   20.2267
    7.5000   22.5000  -45.0000 2080.3242   20.3650
   -7.5000   30.0000  -45.0000 2013.1260   22.0048
    0.0000   30.0000  -45.0000 2024.1405   21.5073
    7.5000   30.0000  -45.0000 2011.1353   21.6499
   -7.5000   37.5000  -45.0000 1927.0841   23.6369
    0.0000   37.5000  -45.0000 1942.2384   23.1095
    7.5000   37.5000  -45.0000 1935.1273   23.3477
   -7.5000   45.0000  -45.0000 1826.9834   25.8378
    0.0000   45.0000  -45.0000 1844.5840   25.2691
    7.5000   45.0000  -45.0000 1845.9457   25.5079
   -7.5000  -45.0000  -37.5000 1980.0557   24.9021
    0.0000  -45.0000  -37.5000 1996.5920   24.4536
    7.5000  -45.0000  -37.5000 2001.0553   24.5183
   -7.5000  -37.5000  -37.5000 2081.8196   22.6647
    0.0000  -37.5000  -37.5000 2104.6462   22.3090
    7.5000  -37.5000  -37.5000 2102.7939   22.3653
   -7.5000  -30.0000  -37.5000 2164.3569   20.8969
    0.0000  -30.0000  -37.5000 2188.2812   20.6247
    7.5000  -30.0000  -37.5000 2187.8401   20.6272
   -7.5000  -22.5000  -37.5000 2221.3625   19.4955
    0.0000  -22.5000  -37.5000 2243.0789   19.2699
    7.5000  -22.5000  -37.5000 2243.4946   19.3007
   -7.5000  -15.0000  -37.5000 2266.4294   18.5148
    0.0000  -15.0000  -37.5000 2283.1929   18.2962
    7.5000  -15.0000  -37.5000 2285.5566   18.3292
   -7.5000   -7.5000  -37.5000 2291.6240   17.9869
    0.0000   -7.5000  -37.5000 2306.1448   17.7489
    7.5000   -7.5000  -37.5000 2303.4861   17.8102
   -7.5000    0.0000  -37.5000 2283.0911   17.6319
    0.0000    0.0000  -37.5000 2305.6216   17.4611
    7.5000    0.0000  -37.5000 2289.8860   17.4887
   -7.5000    7.5000  -37.5000 2278.0325   17.7528
    0.0000    7.5000  -37.5000 2291.4214   17.5234
    7.5000    7.5000  -37.5000 2279.7937   17.5912
   -7.5000   15.0000  -37.5000 2241.0415   18.1448
    0.0000   15.0000  -37.5000 2257.5952   17.8572
    7.5000   15.0000  -37.5000 2242.5378   17.9220
   -7.5000   22.5000  -37.5000 2191.0757   18.8939
    0.0000   22.5000  -37.5000 2200.8823   18.5302
    7.5000   22.5000  -37.5000 2187.8726   18.5889
   -7.5000   30.0000  -37.5000 2114.8838   20.0929
    0.0000   30.0000  -37.5000 2123.0266   19.6323
    7.5000   30.0000  -37.5000 2114.4497   19.7138
   -7.5000   37.5000  -37.5000 2027.0292   21.6605
    0.0000   37.5000  -37.5000 2041.9896   21.1108
    7.5000   37.5000  -37.5000 2029.2062   21.2735
   -7.5000   45.0000  -37.5000 1932.8062   23.7283
    0.0000   45.0000  -37.5000 1944.2390   23.1330
    7.5000   45.0000  -37.5000 1942.7450   23.3277
   -7.5000  -45.0000  -30.0000 2102.1890   24.0406
    0.0000  -45.0000  -30.0000 2118.4851   23.6353
    7.5000  -45.0000  -30.0000 2117.9180   23.6224
   -7.5000  -37.5000  -30.0000 2212.1672   21.7090
    0.0000  -37.5000  -30.0000 2237.7876   21.4023
    7.5000  -37.5000  -30.0000 2227.6953   21.3930
   -7.5000  -30.0000  -30.0000 2299.7236   19.9873
    0.0000  -30.0000  -30.0000 2323.3669   19.7627
    7.5000  -30.0000  -30.0000 2316.6589   19.7488
   -7.5000  -22.5000  -30.0000 2359.3501   18.6813
    0.0000  -22.5000  -30.0000 2382.4453   18.4765
    7.5000  -22.5000  -30.0000 2378.0627   18.4620
   -7.5000  -15.0000  -30.0000 2406.3333   17.6314
    0.0000  -15.0000  -30.0000 2430.0454   17.4912
    7.5000  -15.0000  -30.0000 2420.1260   17.4844
   -7.5000   -7.5000  -30.0000 2437.6587   17.1242
    0.0000   -7.5000  -30.0000 2460.4021   16.9790
    7.5000   -7.5000  -30.0000 2449.0742   16.9633
   -7.5000    0.0000  -30.0000 2429.6677   16.8378
    0.0000    0.0000  -30.0000 2460.3081   16.7143
    7.5000    0.0000  -30.0000 2440.0132   16.6729
   -7.5000    7.5000  -30.0000 2427.4749   16.9328
    0.0000    7.5000  -30.0000 2451.9546   16.7831
    7.5000    7.5000  -30.0000 2433.7573   16.7908
   -7.5000   15.0000  -30.0000 2391.4385   17.3073
    0.0000   15.0000  -30.0000 2413.1858   17.0870
    7.5000   15.0000  -30.0000 2392.9553   17.0663
   -7.5000   22.5000  -30.0000 2334.2986   17.9995
    0.0000   22.5000  -30.0000 2351.1821   17.7442
    7.5000   22.5000  -30.0000 2335.3308   17.7167
   -7.5000   30.0000  -30.0000 2254.9045   19.0634
    0.0000   30.0000  -30.0000 2266.0337   18.7343
    7.5000   30.0000  -30.0000 2253.3518   18.7404
   -7.5000   37.5000  -30.0000 2158.3027   20.5398
    0.0000   37.5000  -30.0000 2176.6858   20.1823
    7.5000   37.5000  -30.0000 2162.7886   20.2188
   -7.5000   45.0000  -30.0000 2051.9858   22.6064
    0.0000   45.0000  -30.0000 2068.8311   22.1752
    7.5000   45.0000  -30.0000 2061.7446   22.2703
   -7.5000  -45.0000  -22.5000 2190.8591   23.0129
    0.0000  -45.0000  -22.5000 2213.5999   22.7086
    7.5000  -45.0000  -22.5000 2205.4448   22.6030
   -7.5000  -37.5000  -22.5000 2308.7390   20.7574
    0.0000  -37.5000  -22.5000 2332.5210   20.5127
    7.5000  -37.5000  -22.5000 2322.8613   20.4167
   -7.5000  -30.0000  -22.5000 2399.6333   19.0083
    0.0000  -30.0000  -22.5000 2424.1160   18.8343
    7.5000  -30.0000  -22.5000 2413.2480   18.7430
   -7.5000  -22.5000  -22.5000 2469.2229   17.7608
    0.0000  -22.5000  -22.5000 2494.4512   17.6107
    7.5000  -22.5000  -22.5000 2479.8491   17.5534
   -7.5000  -15.0000  -22.5000 2519.0242   16.7802
    0.0000  -15.0000  -22.5000 2546.5623   16.6870
    7.5000  -15.0000  -22.5000 2527.2627   16.6569
   -7.5000   -7.5000  -22.5000 2554.9478   16.2257
    0.0000   -7.5000  -22.5000 2584.4136   16.1213
    7.5000   -7.5000  -22.5000 2563.2439   16.0531
   -7.5000    0.0000  -22.5000 2560.3049   15.9629
    0.0000    0.0000  -22.5000 2592.0273   15.8582
    7.5000    0.0000  -22.5000 2565.8359   15.7765
   -7.5000    7.5000  -22.5000 2551.1646   16.0246
    0.0000    7.5000  -22.5000 2585.0996   15.9397
    7.5000    7.5000  -22.5000 2557.9561   15.8666
   -7.5000   15.0000  -22.5000 2513.2532   16.3637
    0.0000   15.0000  -22.5000 2546.0837   16.2689
    7.5000   15.0000  -22.5000 2515.5176   16.1599
   -7.5000   22.5000  -22.5000 2452.7720   17.0057
    0.0000   22.5000  -22.5000 2481.7939   16.8875
    7.5000   22.5000  -22.5000 2457.5774   16.7841
   -7.5000   30.0000  -22.5000 2367.0286   18.0213
    0.0000   30.0000  -22.5000 2393.6917   17.8206
    7.5000   30.0000  -22.5000 2371.9929   17.7882
   -7.5000   37.5000  -22.5000 2270.6934   19.4605
    0.0000   37.5000  -22.5000 2291.5754   19.1824
    7.5000   37.5000  -22.5000 2278.4626   19.2277
   -7.5000   45.0000  -22.5000 2148.7329   21.4723
    0.0000   45.0000  -22.5000 2170.6599   21.1137
    7.5000   45.0000  -22.5000 2159.7759   21.2292
   -7.5000  -45.0000  -15.0000 2249.4961   22.0183
    0.0000  -45.0000  -15.0000 2271.0845   21.6821
    7.5000  -45.0000  -15.0000 2265.2717   21.5958
   -7.5000  -37.5000  -15.0000 2372.6079   19.8013
    0.0000  -37.5000  -15.0000 2402.4150   19.5808
    7.5000  -37.5000  -15.0000 2386.4644   19.4571
   -7.5000  -30.0000  -15.0000 2466.4690   18.0773
    0.0000  -30.0000  -15.0000 2492.9771   17.8934
    7.5000  -30.0000  -15.0000 2480.2024   17.8136
   -7.5000  -22.5000  -15.0000 2540.1907   16.8288
    0.0000  -22.5000  -15.0000 2566.9270   16.7048
    7.5000  -22.5000  -15.0000 2547.2654   16.6219
   -7.5000  -15.0000  -15.0000 2599.4619   15.9527
    0.0000  -15.0000  -15.0000 2629.5059   15.8786
    7.5000  -15.0000  -15.0000 2607.0137   15.8357
   -7.5000   -7.5000  -15.0000 2633.0447   15.3474
    0.0000   -7.5000  -15.0000 2663.9990   15.3012
    7.5000   -7.5000  -15.0000 2639.8101   15.2263
   -7.5000    0.0000  -15.0000 2647.1846   15.0709
    0.0000    0.0000  -15.0000 2677.1692   15.0247
    7.5000    0.0000  -15.0000 2649.7021   14.9386
   -7.5000    7.5000  -15.0000 2639.7024   15.1051
    0.0000    7.5000  -15.0000 2674.8918   15.0429
    7.5000    7.5000  -15.0000 2646.4026   14.9577
   -7.5000   15.0000  -15.0000 2600.9500   15.4439
    0.0000   15.0000  -15.0000 2637.5713   15.3812
    7.5000   15.0000  -15.0000 2608.5291   15.2885
   -7.5000   22.5000  -15.0000 2540.4158   16.1182
    0.0000   22.5000  -15.0000 2573.1909   16.0041
    7.5000   22.5000  -15.0000 2548.8142   15.9483
   -7.5000   30.0000  -15.0000 2450.3030   17.1097
    0.0000   30.0000  -15.0000 2479.8950   16.9712
    7.5000   30.0000  -15.0000 2461.8821   16.9403
   -7.5000   37.5000  -15.0000 2350.4773   18.5254
    0.0000   37.5000  -15.0000 2377.8640   18.3148
    7.5000   37.5000  -15.0000 2360.4465   18.3615
   -7.5000   45.0000  -15.0000 2215.9785   20.4359
    0.0000   45.0000  -15.0000 2237.7471   20.1810
    7.5000   45.0000  -15.0000 2225.0342   20.2374
   -7.5000  -45.0000   -7.5000 2292.6082   21.0217
    0.0000  -45.0000   -7.5000 2312.8687   20.6935
    7.5000  -45.0000   -7.5000 2307.5227   20.6835
   -7.5000  -37.5000   -7.5000 2422.2866   18.9090
    0.0000  -37.5000   -7.5000 2445.6826   18.5913
    7.5000  -37.5000   -7.5000 2439.5234   18.6157
   -7.5000  -30.0000   -7.5000 2516.5872   17.2128
    0.0000  -30.0000   -7.5000 2544.3245   16.9999
    7.5000  -30.0000   -7.5000 2533.1201   16.9809
   -7.5000  -22.5000   -7.5000 2597.7292   15.9748
    0.0000  -22.5000   -7.5000 2626.9563   15.8162
    7.5000  -22.5000   -7.5000 2607.4287   15.7525
   -7.5000  -15.0000   -7.5000 2667.1060   15.1696
    0.0000  -15.0000   -7.5000 2700.0107   15.0554
    7.5000  -15.0000   -7.5000 2674.9912   15.0157
   -7.5000   -7.5000   -7.5000 2698.9387   14.5465
    0.0000   -7.5000   -7.5000 2737.9221   14.5204
    7.5000   -7.5000   -7.5000 2706.6482   14.4234
   -7.5000    0.0000   -7.5000 2711.6387   14.2193
    0.0000    0.0000   -7.5000 2746.1494   14.1785
    7.5000    0.0000   -7.5000 2719.3254   14.0850
   -7.5000    7.5000   -7.5000 2700.3120   14.2097
    0.0000    7.5000   -7.5000 2735.8071   14.1421
    7.5000    7.5000   -7.5000 2718.2285   14.0953
   -7.5000   15.0000   -7.5000 2669.2329   14.5764
    0.0000   15.0000   -7.5000 2699.7300   14.4375
    7.5000   15.0000   -7.5000 2683.6511   14.4667
   -7.5000   22.5000   -7.5000 2609.0422   15.2772
    0.0000   22.5000   -7.5000 2639.5630   15.1342
    7.5000   22.5000   -7.5000 2620.4343   15.1577
   -7.5000   30.0000   -7.5000 2517.3579   16.3069
    0.0000   30.0000   -7.5000 2547.7961   16.1622
    7.5000   30.0000   -7.5000 2527.4612   16.1564
   -7.5000   37.5000   -7.5000 2411.1013   17.7287
    0.0000   37.5000   -7.5000 2441.6421   17.5605
    7.5000   37.5000   -7.5000 2421.2546   17.5550
   -7.5000   45.0000   -7.5000 2267.1643   19.5319
    0.0000   45.0000   -7.5000 2292.8599   19.3808
    7.5000   45.0000   -7.5000 2273.1194   19.3449
   -7.5000  -45.0000    0.0000 2316.0627   20.3272
    0.0000  -45.0000    0.0000 2335.1350   19.9444
    7.5000  -45.0000    0.0000 2333.4858   20.0669
   -7.5000  -37.5000    0.0000 2448.3845   18.2407
    0.0000  -37.5000    0.0000 2476.0293   17.9309
    7.5000  -37.5000    0.0000 2467.9861   18.0171
   -7.5000  -30.0000    0.0000 2559.3269   16.6541
    0.0000  -30.0000    0.0000 2592.0422   16.4173
    7.5000  -30.0000    0.0000 2579.0610   16.4616
   -7.5000  -22.5000    0.0000 2645.8057   15.4463
    0.0000  -22.5000    0.0000 2682.6562   15.2411
    7.5000  -22.5000    0.0000 2660.2930   15.2662
   -7.5000  -15.0000    0.0000 2714.0552   14.5924
    0.0000  -15.0000    0.0000 2754.9407   14.4389
    7.5000  -15.0000    0.0000 2721.5439   14.3992
   -7.5000   -7.5000    0.0000 2744.5745   13.8967
    0.0000   -7.5000    0.0000 2789.2454   13.8317
    7.5000   -7.5000    0.0000 2748.1497   13.7381
   -7.5000    0.0000    0.0000 2751.5593   13.4933
    0.0000    0.0000    0.0000 2787.0896   13.3951
    7.5000    0.0000    0.0000 2764.4397   13.3939
   -7.5000    7.5000    0.0000 2749.6399   13.4975
    0.0000    7.5000    0.0000 2784.0566   13.3349
    7.5000    7.5000    0.0000 2772.7405   13.4316
   -7.5000   15.0000    0.0000 2718.1628   13.9507
    0.0000   15.0000    0.0000 2746.3069   13.7561
    7.5000   15.0000    0.0000 2736.5566   13.8576
   -7.5000   22.5000    0.0000 2650.2759   14.7007
    0.0000   22.5000    0.0000 2676.1501   14.5195
    7.5000   22.5000    0.0000 2667.7673   14.5996
   -7.5000   30.0000    0.0000 2552.9373   15.7558
    0.0000   30.0000    0.0000 2577.2681   15.5650
    7.5000   30.0000    0.0000 2570.1375   15.6095
   -7.5000   37.5000    0.0000 2455.5269   17.1251
    0.0000   37.5000    0.0000 2477.6677   16.9552
    7.5000   37.5000    0.0000 2468.8992   16.9675
   -7.5000   45.0000    0.0000 2311.7466   18.8791
    0.0000   45.0000    0.0000 2340.6636   18.7039
    7.5000   45.0000    0.0000 2323.7544   18.7275
   -7.5000  -45.0000    7.5000 2342.3521   20.0228
    0.0000  -45.0000    7.5000 2358.8445   19.5587
    7.5000  -45.0000    7.5000 2352.4675   19.7844
   -7.5000  -37.5000    7.5000 2475.9829   17.9266
    0.0000  -37.5000    7.5000 2496.9695   17.5538
    7.5000  -37.5000    7.5000 2487.2812   17.7548
   -7.5000  -30.0000    7.5000 2596.4124   16.4329
    0.0000  -30.0000    7.5000 2623.0886   16.0983
    7.5000  -30.0000    7.5000 2609.3726   16.2521
   -7.5000  -22.5000    7.5000 2707.0332   15.4034
    0.0000  -22.5000    7.5000 2739.5767   15.0988
    7.5000  -22.5000    7.5000 2709.5002   15.1638
   -7.5000  -15.0000    7.5000 2767.4038   14.4649
    0.0000  -15.0000    7.5000 2809.9475   14.2487
    7.5000  -15.0000    7.5000 2767.7432   14.2319
   -7.5000   -7.5000    7.5000 2773.6240   13.4828
    0.0000   -7.5000    7.5000 2811.8462   13.2272
    7.5000   -7.5000    7.5000 2769.8606   13.3044
   -7.5000    0.0000    7.5000 2782.5293   13.0498
    0.0000    0.0000    7.5000 2798.5408   12.6917
    7.5000    0.0000    7.5000 2794.1255   12.9772
   -7.5000    7.5000    7.5000 2793.1831   13.1770
    0.0000    7.5000    7.5000 2816.8103   12.8546
    7.5000    7.5000    7.5000 2813.9827   13.1149
   -7.5000   15.0000    7.5000 2760.8420   13.7175
    0.0000   15.0000    7.5000 2782.7222   13.4207
    7.5000   15.0000    7.5000 2782.9116   13.6186
   -7.5000   22.5000    7.5000 2694.2109   14.5070
    0.0000   22.5000    7.5000 2707.6062   14.2089
    7.5000   22.5000    7.5000 2711.4807   14.3550
   -7.5000   30.0000    7.5000 2598.2080   15.5569
    0.0000   30.0000    7.5000 2605.8867   15.2573
    7.5000   30.0000    7.5000 2607.6777   15.3569
   -7.5000   37.5000    7.5000 2495.4255   16.9165
    0.0000   37.5000    7.5000 2514.9722   16.6071
    7.5000   37.5000    7.5000 2501.6790   16.7023
   -7.5000   45.0000    7.5000 2354.6951   18.6475
    0.0000   45.0000    7.5000 2377.7148   18.3584
    7.5000   45.0000    7.5000 2360.5776   18.4634
   -7.5000  -45.0000   15.0000 2353.6543   20.0194
    0.0000  -45.0000   15.0000 2368.9055   19.4856
    7.5000  -45.0000   15.0000 2355.5671   19.7808
   -7.5000  -37.5000   15.0000 2490.5430   17.9431
    0.0000  -37.5000   15.0000 2511.5701   17.5443
    7.5000  -37.5000   15.0000 2492.4558   17.7777
   -7.5000  -30.0000   15.0000 2613.9653   16.4240
    0.0000  -30.0000   15.0000 2639.9414   16.0592
    7.5000  -30.0000   15.0000 2617.0835   16.2928
   -7.5000  -22.5000   15.0000 2727.4282   15.3982
    0.0000  -22.5000   15.0000 2754.8057   15.0913
    7.5000  -22.5000   15.0000 2724.6924   15.2517
   -7.5000  -15.0000   15.0000 2807.3218   14.6160
    0.0000  -15.0000   15.0000 2847.5571   14.4238
    7.5000  -15.0000   15.0000 2791.9685   14.3887
   -7.5000   -7.5000   15.0000 2795.5454   13.5764
    0.0000   -7.5000   15.0000 2802.9397   13.0331
    7.5000   -7.5000   15.0000 2796.8921   13.4834
   -7.5000    0.0000   15.0000 2816.6638   13.1408
    0.0000    0.0000   15.0000 2803.9875   12.5400
    7.5000    0.0000   15.0000 2812.4458   13.0707
   -7.5000    7.5000   15.0000 2828.7722   13.3421
    0.0000    7.5000   15.0000 2826.0808   12.8608
    7.5000    7.5000   15.0000 2831.0679   13.2007
   -7.5000   15.0000   15.0000 2786.6006   13.8769
    0.0000   15.0000   15.0000 2797.5537   13.4652
    7.5000   15.0000   15.0000 2796.6821   13.6634
   -7.5000   22.5000   15.0000 2715.0620   14.6239
    0.0000   22.5000   15.0000 2727.6777   14.2678
    7.5000   22.5000   15.0000 2719.8301   14.3646
   -7.5000   30.0000   15.0000 2611.1777   15.5988
    0.0000   30.0000   15.0000 2629.2808   15.2814
    7.5000   30.0000   15.0000 2613.0840   15.3296
   -7.5000   37.5000   15.0000 2510.0510   16.8894
    0.0000   37.5000   15.0000 2534.2383   16.6402
    7.5000   37.5000   15.0000 2509.2810   16.6672
   -7.5000   45.0000   15.0000 2365.8596   18.5885
    0.0000   45.0000   15.0000 2385.1970   18.3832
    7.5000   45.0000   15.0000 2369.5068   18.3870
   -7.5000  -45.0000   22.5000 2361.2605   20.3626
    0.0000  -45.0000   22.5000 2376.2280   19.8043
    7.5000  -45.0000   22.5000 2367.9258   20.1668
   -7.5000  -37.5000   22.5000 2501.4788   18.2930
    0.0000  -37.5000   22.5000 2513.0300   17.8040
    7.5000  -37.5000   22.5000 2506.0369   18.1247
   -7.5000  -30.0000   22.5000 2623.5146   16.7660
    0.0000  -30.0000   22.5000 2632.9785   16.2968
    7.5000  -30.0000   22.5000 2627.5383   16.6298
   -7.5000  -22.5000   22.5000 2723.3345   15.6278
    0.0000  -22.5000   22.5000 2737.9106   15.2731
    7.5000  -22.5000   22.5000 2720.6663   15.5306
   -7.5000  -15.0000   22.5000 2799.1653   14.7818
    0.0000  -15.0000   22.5000 2813.6523   14.4243
    7.5000  -15.0000   22.5000 2783.2300   14.6650
   -7.5000   -7.5000   22.5000 2816.0586   14.0418
    0.0000   -7.5000   22.5000 2833.7461   13.6128
    7.5000   -7.5000   22.5000 2800.5955   13.8922
   -7.5000    0.0000   22.5000 2830.3933   13.6764
    0.0000    0.0000   22.5000 2834.7437   13.2299
    7.5000    0.0000   22.5000 2813.2668   13.5561
   -7.5000    7.5000   22.5000 2826.3835   13.7698
    0.0000    7.5000   22.5000 2836.1230   13.4035
    7.5000    7.5000   22.5000 2819.0574   13.6397
   -7.5000   15.0000   22.5000 2781.8147   14.2215
    0.0000   15.0000   22.5000 2786.5051   13.8614
    7.5000   15.0000   22.5000 2777.4438   14.0280
   -7.5000   22.5000   22.5000 2714.1208   14.9185
    0.0000   22.5000   22.5000 2713.2915   14.5500
    7.5000   22.5000   22.5000 2708.0542   14.6689
   -7.5000   30.0000   22.5000 2608.5186   15.7914
    0.0000   30.0000   22.5000 2618.9146   15.4514
    7.5000   30.0000   22.5000 2608.0488   15.5349
   -7.5000   37.5000   22.5000 2499.5911   17.0060
    0.0000   37.5000   22.5000 2516.9004   16.7284
    7.5000   37.5000   22.5000 2498.7869   16.7787
   -7.5000   45.0000   22.5000 2343.9536   18.6711
    0.0000   45.0000   22.5000 2360.5037   18.4223
    7.5000   45.0000   22.5000 2358.2881   18.4795
   -7.5000  -45.0000   30.0000 2357.6472   20.9085
    0.0000  -45.0000   30.0000 2373.4221   20.4323
    7.5000  -45.0000   30.0000 2357.9727   20.7647
   -7.5000  -37.5000   30.0000 2497.4973   18.8815
    0.0000  -37.5000   30.0000 2516.4551   18.5147
    7.5000  -37.5000   30.0000 2491.7014   18.7552
   -7.5000  -30.0000   30.0000 2606.6753   17.3526
    0.0000  -30.0000   30.0000 2628.9175   17.0529
    7.5000  -30.0000   30.0000 2600.5642   17.2425
   -7.5000  -22.5000   30.0000 2699.9822   16.1705
    0.0000  -22.5000   30.0000 2717.1750   15.8566
    7.5000  -22.5000   30.0000 2690.3540   16.0525
   -7.5000  -15.0000   30.0000 2767.1794   15.1693
    0.0000  -15.0000   30.0000 2778.5039   14.8219
    7.5000  -15.0000   30.0000 2750.6113   15.0694
   -7.5000   -7.5000   30.0000 2805.5081   14.4772
    0.0000   -7.5000   30.0000 2820.4255   14.1573
    7.5000   -7.5000   30.0000 2780.2893   14.3556
   -7.5000    0.0000   30.0000 2815.0098   14.2629
    0.0000    0.0000   30.0000 2830.6040   13.9599
    7.5000    0.0000   30.0000 2797.9922   14.0821
   -7.5000    7.5000   30.0000 2795.3503   14.3227
    0.0000    7.5000   30.0000 2814.1721   14.0482
    7.5000    7.5000   30.0000 2787.5876   14.1658
   -7.5000   15.0000   30.0000 2749.7507   14.7333
    0.0000   15.0000   30.0000 2762.7639   14.5094
    7.5000   15.0000   30.0000 2740.2349   14.5954
   -7.5000   22.5000   30.0000 2680.9998   15.4079
    0.0000   22.5000   30.0000 2692.9480   15.1580
    7.5000   22.5000   30.0000 2673.2024   15.2038
   -7.5000   30.0000   30.0000 2579.6709   16.2459
    0.0000   30.0000   30.0000 2595.4622   15.9787
    7.5000   30.0000   30.0000 2575.0886   16.0040
   -7.5000   37.5000   30.0000 2460.9768   17.4254
    0.0000   37.5000   30.0000 2477.5833   17.1412
    7.5000   37.5000   30.0000 2465.0134   17.1850
   -7.5000   45.0000   30.0000 2307.2559   19.0196
    0.0000   45.0000   30.0000 2320.6353   18.7323
    7.5000   45.0000   30.0000 2319.1003   18.7858
   -7.5000  -45.0000   37.5000 2338.4690   21.6827
    0.0000  -45.0000   37.5000 2357.1812   21.4269
    7.5000  -45.0000   37.5000 2331.7788   21.5356
   -7.5000  -37.5000   37.5000 2473.2510   19.6242
    0.0000  -37.5000   37.5000 2498.3521   19.4024
    7.5000  -37.5000   37.5000 2464.0327   19.4707
   -7.5000  -30.0000   37.5000 2573.9895   18.0175
    0.0000  -30.0000   37.5000 2599.5435   17.7679
    7.5000  -30.0000   37.5000 2564.6968   17.8707
   -7.5000  -22.5000   37.5000 2659.1365   16.7140
    0.0000  -22.5000   37.5000 2680.1904   16.3956
    7.5000  -22.5000   37.5000 2648.8445   16.5581
   -7.5000  -15.0000   37.5000 2724.9819   15.7238
    0.0000  -15.0000   37.5000 2738.0767   15.3620
    7.5000  -15.0000   37.5000 2708.4155   15.5522
   -7.5000   -7.5000   37.5000 2763.9373   15.1047
    0.0000   -7.5000   37.5000 2778.3853   14.7571
    7.5000   -7.5000   37.5000 2743.3892   14.9246
   -7.5000    0.0000   37.5000 2778.3708   14.9309
    0.0000    0.0000   37.5000 2789.3901   14.5821
    7.5000    0.0000   37.5000 2761.7471   14.6972
   -7.5000    7.5000   37.5000 2759.0032   15.0044
    0.0000    7.5000   37.5000 2776.8584   14.7094
    7.5000    7.5000   37.5000 2751.1116   14.8035
   -7.5000   15.0000   37.5000 2711.9460   15.4420
    0.0000   15.0000   37.5000 2724.7732   15.1866
    7.5000   15.0000   37.5000 2700.9597   15.2450
   -7.5000   22.5000   37.5000 2635.7825   16.0737
    0.0000   22.5000   37.5000 2658.4702   15.8705
    7.5000   22.5000   37.5000 2631.4248   15.8474
   -7.5000   30.0000   37.5000 2541.0166   16.8543
    0.0000   30.0000   37.5000 2559.8093   16.6668
    7.5000   30.0000   37.5000 2536.6636   16.6336
   -7.5000   37.5000   37.5000 2413.7512   17.9370
    0.0000   37.5000   37.5000 2432.5122   17.7695
    7.5000   37.5000   37.5000 2413.9631   17.7604
   -7.5000   45.0000   37.5000 2266.8828   19.5153
    0.0000   45.0000   37.5000 2284.1006   19.3361
    7.5000   45.0000   37.5000 2263.4463   19.3705
   -7.5000  -45.0000   45.0000 2301.5820   22.5927
    0.0000  -45.0000   45.0000 2323.5034   22.4347
    7.5000  -45.0000   45.0000 2297.2664   22.4925
   -7.5000  -37.5000   45.0000 2431.0364   20.4576
    0.0000  -37.5000   45.0000 2456.0676   20.2745
    7.5000  -37.5000   45.0000 2421.2200   20.3395
   -7.5000  -30.0000   45.0000 2521.8970   18.7980
    0.0000  -30.0000   45.0000 2551.1814   18.6013
    7.5000  -30.0000   45.0000 2510.3677   18.6332
   -7.5000  -22.5000   45.0000 2599.6697   17.4428
    0.0000  -22.5000   45.0000 2623.1284   17.1626
    7.5000  -22.5000   45.0000 2591.0781   17.2794
   -7.5000  -15.0000   45.0000 2664.9568   16.4246
    0.0000  -15.0000   45.0000 2681.9436   16.1362
    7.5000  -15.0000   45.0000 2643.1416   16.2571
   -7.5000   -7.5000   45.0000 2705.2188   15.8307
    0.0000   -7.5000   45.0000 2719.6638   15.5402
    7.5000   -7.5000   45.0000 2677.9426   15.6696
   -7.5000    0.0000   45.0000 2718.7009   15.6641
    0.0000    0.0000   45.0000 2734.4441   15.3510
    7.5000    0.0000   45.0000 2698.7358   15.4687
   -7.5000    7.5000   45.0000 2701.4336   15.7683
    0.0000    7.5000   45.0000 2719.2275   15.5029
    7.5000    7.5000   45.0000 2691.7322   15.6061
   -7.5000   15.0000   45.0000 2652.0439   16.2319
    0.0000   15.0000   45.0000 2669.4639   15.9861
    7.5000   15.0000   45.0000 2640.6643   16.0555
   -7.5000   22.5000   45.0000 2579.1755   16.8581
    0.0000   22.5000   45.0000 2601.5542   16.6508
    7.5000   22.5000   45.0000 2570.4988   16.6680
   -7.5000   30.0000   45.0000 2476.0745   17.5703
    0.0000   30.0000   45.0000 2497.7488   17.4001
    7.5000   30.0000   45.0000 2469.9827   17.4007
   -7.5000   37.5000   45.0000 2348.7937   18.6852
    0.0000   37.5000   45.0000 2370.3049   18.5336
    7.5000   37.5000   45.0000 2346.6716   18.5140
   -7.5000   45.0000   45.0000 2218.6389   20.2843
    0.0000   45.0000   45.0000 2232.7161   20.1709
    7.5000   45.0000   45.0000 2212.2754   20.1491

---------------------------------------------------------------------
imgreg_4dfp /opt/freesurfer/average/711-2C_as_mni_average_305 /opt/freesurfer/average/711-2B_as_mni_average_305_mask talsrcimg_g11 none talsrcimg_to_711-2C_as_mni_average_305_t4 1283
---------------------------------------------------------------------

freesurfer imgreg_4dfp.c
/opt/freesurfer/average/711-2C_as_mni_average_305.4dfp.img
       256       256       256         1
  1.000000  1.000000  1.000000
orientation T byte_order littleendian
Reading image: /opt/freesurfer/average/711-2C_as_mni_average_305.4dfp.img
dimensions:      256       256       256
mmppix:       1.0000   -1.0000   -1.0000
center:     128.0000 -129.0000 -129.0000
/opt/freesurfer/average/711-2B_as_mni_average_305_mask.4dfp.img
       256       256       256         1
  1.000000  1.000000  1.000000
orientation T byte_order littleendian
Reading mask: /opt/freesurfer/average/711-2B_as_mni_average_305_mask.4dfp.img (2306576 pixels)
talsrcimg_g11.4dfp.img
       256       256       256         1
  1.000000  1.000000  1.000000
orientation T byte_order littleendian
Reading image: talsrcimg_g11.4dfp.img
dimensions:      256       256       256
mmppix:       1.0000   -1.0000   -1.0000
center:     128.0000 -129.0000 -129.0000
rotation matrix determinant  1.000000
fimgreg.f
image alignment mode   1283 decimal      503 hex
parameters
    0.0000  -15.0000   15.0000    0.0000    0.0000    0.0000
eta,q 0.89416 14.40740
niter,ni,del,rscale     5    3   12.0000    1.2000
parameter  3  0.589447 ->  0.500000 qaram    1.1500
parameter  4 -0.589691 -> -0.500000 qaram    1.1500
parameter  5 -0.812355 -> -0.500000 qaram    1.1500
parameters
   -0.5373  -12.7882   11.5500    3.4500    3.4500    0.0570
eta,q 0.90293 13.98507
  0.1145  0.1323  0.1061  0.1073  0.1099  0.1034
  0.1109  0.1221  0.1022  0.1040  0.1059  0.1003
  0.1095  0.1145  0.1009  0.1029  0.1006  0.0979
  0.1098  0.1087  0.1055  0.1007  0.0970  0.0971
  0.1117  0.1057  0.1101  0.0985  0.0971  0.0979
  0.1125  0.1082  0.1112  0.0972  0.0966  0.1000
  0.1156  0.1126  0.1130  0.1006  0.0946  0.1032
niter,ni,del,rscale     7    3   12.0000    1.2000
parameter  5 -0.657745 -> -0.500000 qaram    1.3225
parameters
   -0.6703  -13.2361   13.2780    3.3149    7.4175   -0.1297
eta,q 0.90705 13.98942
  0.1104  0.1163  0.1148  0.1029  0.1024  0.1007
  0.1035  0.1077  0.1064  0.1022  0.0989  0.0964
  0.0988  0.0997  0.0999  0.0998  0.0968  0.0936
  0.0971  0.0971  0.0968  0.0971  0.0972  0.0930
  0.0977  0.1043  0.0975  0.0982  0.0942  0.0942
  0.1043  0.1132  0.0997  0.1010  0.0931  0.0972
  0.1123  0.1202  0.1023  0.1049  0.0953  0.1016
niter,ni,del,rscale     7    3   12.0000    1.2000
parameters
   -0.6331  -13.3657   13.8687    4.5722    6.4523   -0.9770
eta,q 0.90692 13.91251
  0.1096  0.1160  0.1121  0.1027  0.0983  0.0987
  0.1065  0.1059  0.1025  0.0999  0.0971  0.0949
  0.1000  0.0976  0.0966  0.0962  0.0955  0.0930
  0.0930  0.0929  0.0929  0.0928  0.0928  0.0935
  0.0943  0.0986  0.0959  0.0942  0.0938  0.0953
  0.1034  0.1086  0.1021  0.0962  0.0987  0.0978
  0.1128  0.1168  0.1049  0.0982  0.1036  0.1021
niter,ni,del,rscale     6    3   12.0000    1.2000
parameters
   -0.6710  -13.6141   13.8574    4.9956    6.0868   -1.2874
eta,q 0.90688 13.93095
  0.1063  0.1161  0.1078  0.1014  0.0997  0.0997
  0.1051  0.1048  0.0992  0.0987  0.0974  0.0959
  0.1007  0.0955  0.0944  0.0951  0.0960  0.0934
  0.0931  0.0932  0.0929  0.0929  0.0931  0.0933
  0.0932  0.1002  0.0975  0.0950  0.0932  0.0951
  0.1020  0.1093  0.1028  0.0970  0.0975  0.0971
  0.1114  0.1172  0.1045  0.0999  0.1028  0.1005
niter,ni,del,rscale     5    3   12.0000    1.2000
parameters
   -0.7700  -13.7549   13.8894    5.1671    6.0123   -1.4655
eta,q 0.90670 13.93519
  0.1055  0.1172  0.1075  0.1014  0.1003  0.1001
  0.1044  0.1056  0.0994  0.0986  0.0979  0.0963
  0.1005  0.0960  0.0947  0.0951  0.0961  0.0938
  0.0931  0.0934  0.0932  0.0933  0.0933  0.0934
  0.0930  0.0998  0.0975  0.0954  0.0930  0.0953
  0.1018  0.1090  0.1026  0.0977  0.0968  0.0971
  0.1112  0.1170  0.1041  0.1009  0.1025  0.1002
niter,ni,del,rscale     4    3   12.0000    1.2000
parameters
   -0.8468  -13.8183   13.9078    5.2874    5.9965   -1.6010
eta,q 0.90654 13.92990
  0.1053  0.1179  0.1074  0.1015  0.1004  0.1002
  0.1043  0.1062  0.0995  0.0987  0.0981  0.0965
  0.1007  0.0964  0.0949  0.0953  0.0962  0.0940
  0.0933  0.0935  0.0935  0.0935  0.0935  0.0935
  0.0928  0.0996  0.0978  0.0956  0.0931  0.0955
  0.1014  0.1086  0.1027  0.0979  0.0967  0.0973
  0.1109  0.1167  0.1041  0.1012  0.1025  0.1001
niter,ni,del,rscale     3    3   12.0000    1.2000
parameters
   -0.9069  -13.8573   13.9312    5.3874    6.0016   -1.7115
eta,q 0.90639 13.92241
  0.1053  0.1181  0.1074  0.1016  0.1006  0.1003
  0.1042  0.1063  0.0997  0.0987  0.0983  0.0967
  0.1008  0.0966  0.0950  0.0954  0.0963  0.0942
  0.0935  0.0936  0.0936  0.0936  0.0937  0.0937
  0.0927  0.0996  0.0980  0.0957  0.0932  0.0956
  0.1013  0.1086  0.1028  0.0980  0.0968  0.0974
  0.1108  0.1165  0.1041  0.1014  0.1026  0.1000
niter,ni,del,rscale     2    3   12.0000    1.2000
parameters
   -0.9539  -13.8869   13.9550    5.4712    6.0037   -1.7983
eta,q 0.90626 13.91552
  0.1053  0.1182  0.1073  0.1017  0.1006  0.1004
  0.1042  0.1064  0.0998  0.0988  0.0984  0.0968
  0.1010  0.0967  0.0952  0.0954  0.0963  0.0944
  0.0936  0.0938  0.0937  0.0937  0.0938  0.0938
  0.0927  0.0996  0.0981  0.0958  0.0933  0.0957
  0.1012  0.1085  0.1028  0.0981  0.0968  0.0975
  0.1108  0.1164  0.1041  0.1015  0.1027  0.1000
niter,ni,del,rscale     1    3   12.0000    1.2000
parameters
   -0.9875  -13.9081   13.9804    5.5401    6.0035   -1.8658
eta,q 0.90615 13.90919
  0.1054  0.1182  0.1073  0.1018  0.1007  0.1004
  0.1042  0.1064  0.0999  0.0988  0.0985  0.0969
  0.1011  0.0967  0.0953  0.0955  0.0963  0.0945
  0.0937  0.0938  0.0938  0.0938  0.0939  0.0939
  0.0926  0.0997  0.0982  0.0959  0.0934  0.0958
  0.1011  0.1085  0.1029  0.0982  0.0969  0.0976
  0.1107  0.1163  0.1041  0.1016  0.1027  0.1000
registration optimization eta report
parameter search radius
    6.0000    6.0000    6.9000    6.9000    7.9350    6.0000
100000*second partial in parameter space
       37.       62.       23.       15.       12.       17.
  0.1054  0.1182  0.1073  0.1018  0.1007  0.1004
  0.1042  0.1064  0.0999  0.0988  0.0985  0.0969
  0.1011  0.0967  0.0953  0.0955  0.0963  0.0945
  0.0937  0.0938  0.0938  0.0938  0.0939  0.0939
  0.0926  0.0997  0.0982  0.0959  0.0934  0.0958
  0.1011  0.1085  0.1029  0.0982  0.0969  0.0976
  0.1107  0.1163  0.1041  0.1016  0.1027  0.1000
   -0.9875  -13.9081   13.9804    5.5401    6.0035   -1.8658
eta,q 0.90615 13.90919

---------------------------------------------------------------------
imgreg_4dfp /opt/freesurfer/average/711-2C_as_mni_average_305 /opt/freesurfer/average/711-2B_as_mni_average_305_mask talsrcimg_g11 none talsrcimg_to_711-2C_as_mni_average_305_t4 3335
---------------------------------------------------------------------

freesurfer imgreg_4dfp.c
/opt/freesurfer/average/711-2C_as_mni_average_305.4dfp.img
       256       256       256         1
  1.000000  1.000000  1.000000
orientation T byte_order littleendian
Reading image: /opt/freesurfer/average/711-2C_as_mni_average_305.4dfp.img
dimensions:      256       256       256
mmppix:       1.0000   -1.0000   -1.0000
center:     128.0000 -129.0000 -129.0000
/opt/freesurfer/average/711-2B_as_mni_average_305_mask.4dfp.img
       256       256       256         1
  1.000000  1.000000  1.000000
orientation T byte_order littleendian
Reading mask: /opt/freesurfer/average/711-2B_as_mni_average_305_mask.4dfp.img (2306576 pixels)
talsrcimg_g11.4dfp.img
       256       256       256         1
  1.000000  1.000000  1.000000
orientation T byte_order littleendian
Reading image: talsrcimg_g11.4dfp.img
dimensions:      256       256       256
mmppix:       1.0000   -1.0000   -1.0000
center:     128.0000 -129.0000 -129.0000
fimgreg.f
image alignment mode   3335 decimal      D07 hex
parameters
   -0.9875  -13.9081   13.9804   -0.6012   -0.4870   -1.0130
    2.2314  -10.7189   -3.2379   -9.3101   10.4590    9.6012
eta,q 0.90132 13.91845
niter,ni,del,rscale     5    3    5.0000    1.2000
parameter  4  8.719407 ->  0.500000 qaram    1.1500
parameter  5  1.056501 ->  0.500000 qaram    1.1500
parameter  6  9.485447 ->  0.500000 qaram    1.1500
parameter  7  1.071409 ->  0.500000 qaram    1.1500
parameter  8 -0.532330 -> -0.500000 qaram    1.1500
parameter 10  1.381605 ->  0.500000 qaram    1.1500
parameter 11  0.626768 ->  0.500000 qaram    1.1500
parameters
   -1.1513  -13.8584   14.7133   -4.7412   -4.6270   -5.1530
   -1.9086   -6.5789   -0.1752  -13.4501    6.3190    8.7950
eta,q 0.93249 13.97242
  0.1005  0.1031  0.1015  0.0866  0.0813  0.0700  0.0727  0.0796  0.0749  0.0680  0.0679  0.0694
  0.0995  0.1009  0.1003  0.0901  0.0833  0.0740  0.0728  0.0769  0.0735  0.0680  0.0676  0.0681
  0.0988  0.0994  0.0993  0.0941  0.0862  0.0789  0.0738  0.0747  0.0724  0.0696  0.0677  0.0675
  0.0987  0.0987  0.0987  0.0984  0.0912  0.0840  0.0753  0.0730  0.0720  0.0719  0.0682  0.0676
  0.0990  0.0990  0.0984  0.1030  0.0997  0.0890  0.0771  0.0720  0.0719  0.0741  0.0692  0.0680
  0.0999  0.1005  0.0987  0.1076  0.1106  0.0934  0.0795  0.0721  0.0720  0.0771  0.0704  0.0689
  0.1011  0.1029  0.0994  0.1118  0.1209  0.0993  0.0824  0.0730  0.0721  0.0801  0.0718  0.0703
niter,ni,del,rscale     7    3    5.0000    1.2000
parameter  2 -1.889695 -> -0.500000 qaram    1.1500
parameter  3 -1.402904 -> -0.500000 qaram    1.1500
parameter  4  1.342521 ->  0.500000 qaram    1.3225
parameter  5  0.688950 ->  0.500000 qaram    1.3225
parameter  6  0.534868 ->  0.500000 qaram    1.3225
parameter 10  1.037414 ->  0.500000 qaram    1.3225
parameter 12 -0.894457 -> -0.500000 qaram    1.1500
parameters
   -0.9640  -12.4784   16.0933   -9.5022   -9.3880   -9.9140
   -0.6163   -4.2906    2.7748  -18.2111    6.8724   12.9350
eta,q 0.95851 13.71815
  0.0717  0.0799  0.0732  0.0497  0.0468  0.0470  0.0506  0.0582  0.0478  0.0421  0.0449  0.0464
  0.0696  0.0756  0.0691  0.0512  0.0475  0.0466  0.0487  0.0531  0.0468  0.0423  0.0438  0.0448
  0.0681  0.0713  0.0655  0.0540  0.0492  0.0465  0.0473  0.0490  0.0461  0.0436  0.0430  0.0435
  0.0675  0.0675  0.0624  0.0586  0.0518  0.0479  0.0465  0.0464  0.0456  0.0454  0.0426  0.0425
  0.0678  0.0642  0.0600  0.0655  0.0577  0.0534  0.0465  0.0456  0.0453  0.0481  0.0426  0.0418
  0.0688  0.0618  0.0582  0.0732  0.0688  0.0625  0.0473  0.0468  0.0455  0.0512  0.0432  0.0414
  0.0706  0.0604  0.0573  0.0798  0.0812  0.0730  0.0488  0.0502  0.0458  0.0550  0.0445  0.0415
niter,ni,del,rscale     7    3    5.0000    1.2000
parameter  2 -2.033677 -> -0.500000 qaram    1.3225
parameters
   -1.3185  -10.8914   16.6861  -12.8212  -14.0373  -10.0186
   -1.3684   -5.0519    1.9498  -20.2308    6.6002   16.7811
eta,q 0.96716 13.38949
  0.0444  0.0554  0.0392  0.0381  0.0347  0.0393  0.0370  0.0398  0.0350  0.0375  0.0348  0.0367
  0.0425  0.0504  0.0374  0.0362  0.0339  0.0368  0.0350  0.0360  0.0341  0.0343  0.0339  0.0352
  0.0415  0.0457  0.0362  0.0350  0.0338  0.0350  0.0339  0.0340  0.0337  0.0333  0.0334  0.0341
  0.0415  0.0414  0.0355  0.0354  0.0351  0.0337  0.0338  0.0337  0.0336  0.0336  0.0332  0.0332
  0.0424  0.0377  0.0354  0.0385  0.0397  0.0328  0.0345  0.0350  0.0340  0.0353  0.0335  0.0329
  0.0442  0.0348  0.0359  0.0450  0.0497  0.0339  0.0361  0.0379  0.0347  0.0384  0.0341  0.0329
  0.0467  0.0330  0.0370  0.0538  0.0616  0.0425  0.0383  0.0425  0.0358  0.0425  0.0350  0.0334
niter,ni,del,rscale     7    3    5.0000    1.2000
parameter  2 -0.991570 -> -0.500000 qaram    1.5209
parameters
   -1.2427   -9.0663   16.7588  -13.4783  -17.2177  -10.5451
   -1.7258   -5.0931    1.5419  -19.6787    6.9509   15.4917
eta,q 0.97059 13.09290
  0.0368  0.0454  0.0316  0.0348  0.0319  0.0347  0.0330  0.0369  0.0312  0.0372  0.0315  0.0307
  0.0347  0.0404  0.0304  0.0324  0.0303  0.0322  0.0310  0.0325  0.0302  0.0328  0.0304  0.0299
  0.0334  0.0362  0.0295  0.0305  0.0294  0.0304  0.0298  0.0301  0.0296  0.0304  0.0297  0.0294
  0.0328  0.0328  0.0292  0.0292  0.0294  0.0294  0.0295  0.0295  0.0295  0.0295  0.0295  0.0295
  0.0332  0.0304  0.0295  0.0293  0.0314  0.0286  0.0301  0.0304  0.0298  0.0302  0.0297  0.0299
  0.0344  0.0290  0.0302  0.0322  0.0387  0.0302  0.0315  0.0328  0.0305  0.0323  0.0302  0.0307
  0.0364  0.0288  0.0314  0.0386  0.0502  0.0394  0.0336  0.0368  0.0317  0.0351  0.0311  0.0317
niter,ni,del,rscale     7    3    5.0000    1.2000
parameters
   -1.0788   -7.5693   16.5998  -13.0695  -18.9083  -10.8176
   -1.8062   -5.1890    1.2796  -18.3595    6.8626   14.8587
eta,q 0.97137 12.96373
  0.0336  0.0403  0.0303  0.0341  0.0326  0.0339  0.0323  0.0359  0.0302  0.0369  0.0304  0.0302
  0.0315  0.0356  0.0292  0.0316  0.0306  0.0315  0.0303  0.0315  0.0294  0.0322  0.0294  0.0293
  0.0300  0.0318  0.0286  0.0297  0.0291  0.0297  0.0290  0.0292  0.0288  0.0298  0.0288  0.0287
  0.0294  0.0294  0.0284  0.0284  0.0283  0.0286  0.0287  0.0287  0.0287  0.0287  0.0287  0.0287
  0.0296  0.0284  0.0288  0.0279  0.0285  0.0279  0.0292  0.0296  0.0289  0.0291  0.0289  0.0290
  0.0307  0.0289  0.0296  0.0296  0.0323  0.0291  0.0305  0.0320  0.0295  0.0306  0.0295  0.0297
  0.0327  0.0306  0.0308  0.0345  0.0418  0.0374  0.0324  0.0359  0.0305  0.0328  0.0304  0.0307
niter,ni,del,rscale     6    3    5.0000    1.2000
parameters
   -1.0415   -7.0296   16.4221  -13.0042  -19.2839  -10.9080
   -1.6840   -5.1771    1.2648  -17.5056    6.7867   14.6322
eta,q 0.97128 12.92253
  0.0324  0.0357  0.0305  0.0339  0.0332  0.0339  0.0324  0.0360  0.0302  0.0352  0.0305  0.0304
  0.0304  0.0320  0.0294  0.0315  0.0313  0.0315  0.0304  0.0316  0.0294  0.0314  0.0294  0.0295
  0.0291  0.0296  0.0287  0.0298  0.0297  0.0297  0.0291  0.0292  0.0289  0.0294  0.0289  0.0289
  0.0286  0.0286  0.0286  0.0286  0.0286  0.0287  0.0287  0.0287  0.0287  0.0287  0.0287  0.0287
  0.0290  0.0289  0.0290  0.0283  0.0282  0.0281  0.0291  0.0296  0.0289  0.0292  0.0290  0.0290
  0.0302  0.0302  0.0298  0.0302  0.0296  0.0289  0.0303  0.0319  0.0294  0.0308  0.0296  0.0296
  0.0322  0.0322  0.0310  0.0350  0.0364  0.0366  0.0321  0.0356  0.0302  0.0328  0.0304  0.0305
niter,ni,del,rscale     5    3    5.0000    1.2000
parameters
   -1.0406   -6.6956   16.2530  -13.0324  -19.5021  -11.0582
   -1.6313   -5.1949    1.2728  -16.9009    6.7020   14.5507
eta,q 0.97115 12.88726
  0.0323  0.0346  0.0306  0.0338  0.0330  0.0338  0.0324  0.0359  0.0302  0.0344  0.0306  0.0305
  0.0304  0.0313  0.0295  0.0315  0.0313  0.0315  0.0305  0.0316  0.0294  0.0311  0.0295  0.0296
  0.0292  0.0294  0.0289  0.0299  0.0298  0.0298  0.0292  0.0293  0.0290  0.0294  0.0290  0.0290
  0.0287  0.0287  0.0287  0.0287  0.0287  0.0288  0.0288  0.0288  0.0288  0.0288  0.0288  0.0289
  0.0291  0.0292  0.0291  0.0285  0.0283  0.0283  0.0293  0.0298  0.0290  0.0294  0.0291  0.0291
  0.0303  0.0305  0.0299  0.0303  0.0295  0.0291  0.0305  0.0319  0.0294  0.0309  0.0297  0.0297
  0.0323  0.0325  0.0311  0.0352  0.0356  0.0366  0.0322  0.0356  0.0301  0.0327  0.0305  0.0306
niter,ni,del,rscale     4    3    5.0000    1.2000
parameters
   -1.0405   -6.4248   16.0942  -13.0805  -19.8027  -11.2142
   -1.6067   -5.2131    1.2955  -16.3527    6.5950   14.5830
eta,q 0.97102 12.84605
  0.0323  0.0342  0.0307  0.0338  0.0328  0.0338  0.0324  0.0359  0.0302  0.0340  0.0307  0.0307
  0.0305  0.0311  0.0297  0.0316  0.0312  0.0315  0.0305  0.0316  0.0295  0.0311  0.0297  0.0298
  0.0293  0.0294  0.0290  0.0299  0.0299  0.0299  0.0293  0.0294  0.0291  0.0295  0.0291  0.0292
  0.0288  0.0288  0.0289  0.0289  0.0289  0.0289  0.0290  0.0290  0.0290  0.0290  0.0290  0.0290
  0.0292  0.0293  0.0292  0.0286  0.0285  0.0285  0.0294  0.0299  0.0291  0.0295  0.0293  0.0292
  0.0304  0.0306  0.0300  0.0305  0.0296  0.0292  0.0306  0.0320  0.0295  0.0309  0.0298  0.0298
  0.0324  0.0325  0.0312  0.0352  0.0354  0.0365  0.0323  0.0356  0.0302  0.0326  0.0306  0.0307
niter,ni,del,rscale     3    3    5.0000    1.2000
parameters
   -1.0419   -6.1381   15.9255  -13.1556  -20.2243  -11.4012
   -1.6007   -5.2393    1.3411  -15.7190    6.4578   14.6837
eta,q 0.97088 12.79169
  0.0324  0.0340  0.0309  0.0338  0.0326  0.0338  0.0325  0.0359  0.0303  0.0338  0.0308  0.0308
  0.0305  0.0312  0.0298  0.0316  0.0311  0.0316  0.0306  0.0317  0.0296  0.0313  0.0298  0.0299
  0.0294  0.0295  0.0291  0.0300  0.0299  0.0300  0.0295  0.0295  0.0292  0.0297  0.0292  0.0293
  0.0290  0.0290  0.0290  0.0290  0.0290  0.0291  0.0291  0.0291  0.0291  0.0291  0.0291  0.0291
  0.0293  0.0294  0.0294  0.0288  0.0287  0.0288  0.0296  0.0301  0.0293  0.0296  0.0294  0.0293
  0.0305  0.0306  0.0302  0.0306  0.0297  0.0294  0.0307  0.0321  0.0296  0.0308  0.0300  0.0299
  0.0324  0.0324  0.0313  0.0352  0.0353  0.0364  0.0324  0.0355  0.0303  0.0325  0.0308  0.0307
niter,ni,del,rscale     2    3    5.0000    1.2000
parameters
   -1.0442   -5.7710   15.7072  -13.2820  -20.8610  -11.6633
   -1.6069   -5.2846    1.3949  -14.8059    6.2610   14.8443
eta,q 0.97075 12.70957
  0.0324  0.0340  0.0309  0.0338  0.0322  0.0337  0.0325  0.0358  0.0304  0.0338  0.0309  0.0309
  0.0306  0.0313  0.0299  0.0316  0.0309  0.0316  0.0307  0.0317  0.0298  0.0315  0.0299  0.0300
  0.0295  0.0297  0.0292  0.0301  0.0299  0.0301  0.0296  0.0296  0.0294  0.0300  0.0294  0.0295
  0.0291  0.0291  0.0291  0.0291  0.0291  0.0292  0.0293  0.0293  0.0293  0.0293  0.0293  0.0293
  0.0295  0.0294  0.0295  0.0289  0.0290  0.0290  0.0297  0.0302  0.0294  0.0295  0.0295  0.0294
  0.0306  0.0305  0.0303  0.0307  0.0299  0.0296  0.0308  0.0322  0.0298  0.0306  0.0301  0.0299
  0.0325  0.0322  0.0315  0.0352  0.0352  0.0364  0.0324  0.0355  0.0304  0.0323  0.0309  0.0308
niter,ni,del,rscale     1    3    5.0000    1.2000
parameters
   -1.0473   -5.2231   15.3952  -13.4973  -21.9117  -12.0455
   -1.6482   -5.3515    1.4626  -13.3831    6.0358   15.1255
eta,q 0.97078 12.57660
  0.0325  0.0343  0.0308  0.0336  0.0318  0.0335  0.0324  0.0356  0.0306  0.0341  0.0309  0.0309
  0.0307  0.0317  0.0298  0.0315  0.0306  0.0315  0.0307  0.0316  0.0299  0.0319  0.0299  0.0300
  0.0296  0.0300  0.0293  0.0300  0.0297  0.0301  0.0297  0.0296  0.0295  0.0303  0.0293  0.0295
  0.0292  0.0293  0.0292  0.0292  0.0292  0.0293  0.0294  0.0294  0.0294  0.0294  0.0292  0.0292
  0.0296  0.0294  0.0296  0.0291  0.0292  0.0292  0.0298  0.0303  0.0295  0.0294  0.0295  0.0293
  0.0307  0.0303  0.0305  0.0308  0.0303  0.0298  0.0309  0.0322  0.0299  0.0304  0.0302  0.0299
  0.0325  0.0319  0.0316  0.0352  0.0351  0.0363  0.0324  0.0352  0.0306  0.0320  0.0309  0.0307
registration optimization eta report
parameter search radius
    2.4000    3.6501    2.7600    9.5220    9.5220    9.5220
    8.2800    8.2800    7.2000    9.5220    8.2800    8.2800
100000*second partial in parameter space
       56.       29.       26.        6.        5.        6.
        4.        9.        2.        4.        2.        2.
  0.0325  0.0343  0.0308  0.0336  0.0318  0.0335  0.0324  0.0356  0.0306  0.0341  0.0309  0.0309
  0.0307  0.0317  0.0298  0.0315  0.0306  0.0315  0.0307  0.0316  0.0299  0.0319  0.0299  0.0300
  0.0296  0.0300  0.0293  0.0300  0.0297  0.0301  0.0297  0.0296  0.0295  0.0303  0.0293  0.0295
  0.0292  0.0293  0.0292  0.0292  0.0292  0.0293  0.0294  0.0294  0.0294  0.0294  0.0292  0.0292
  0.0296  0.0294  0.0296  0.0291  0.0292  0.0292  0.0298  0.0303  0.0295  0.0294  0.0295  0.0293
  0.0307  0.0303  0.0305  0.0308  0.0303  0.0298  0.0309  0.0322  0.0299  0.0304  0.0302  0.0299
  0.0325  0.0319  0.0316  0.0352  0.0351  0.0363  0.0324  0.0352  0.0306  0.0320  0.0309  0.0307
   -1.0473   -5.2231   15.3952  -13.4973  -21.9117  -12.0455
   -1.6482   -5.3515    1.4626  -13.3831    6.0358   15.1255
eta,q 0.97078 12.57660

---------------------------------------------------------------------
imgreg_4dfp /opt/freesurfer/average/711-2C_as_mni_average_305 /opt/freesurfer/average/711-2B_as_mni_average_305_mask talsrcimg_g11 none talsrcimg_to_711-2C_as_mni_average_305_t4 2311
---------------------------------------------------------------------

freesurfer imgreg_4dfp.c
/opt/freesurfer/average/711-2C_as_mni_average_305.4dfp.img
       256       256       256         1
  1.000000  1.000000  1.000000
orientation T byte_order littleendian
Reading image: /opt/freesurfer/average/711-2C_as_mni_average_305.4dfp.img
dimensions:      256       256       256
mmppix:       1.0000   -1.0000   -1.0000
center:     128.0000 -129.0000 -129.0000
/opt/freesurfer/average/711-2B_as_mni_average_305_mask.4dfp.img
       256       256       256         1
  1.000000  1.000000  1.000000
orientation T byte_order littleendian
Reading mask: /opt/freesurfer/average/711-2B_as_mni_average_305_mask.4dfp.img (2306576 pixels)
talsrcimg_g11.4dfp.img
       256       256       256         1
  1.000000  1.000000  1.000000
orientation T byte_order littleendian
Reading image: talsrcimg_g11.4dfp.img
dimensions:      256       256       256
mmppix:       1.0000   -1.0000   -1.0000
center:     128.0000 -129.0000 -129.0000
fimgreg.f
image alignment mode   2311 decimal      907 hex
parameters
   -1.0473   -5.2231   15.3952  -13.4973  -21.9117  -12.0455
   -1.6482   -5.3515    1.4626  -13.3831    6.0358   15.1255
eta,q 0.97078 12.57660
niter,ni,del,rscale     5    3    5.0000    0.8000
parameters
   -1.0223   -4.4987   15.0006  -12.4754  -21.8387   -9.9878
   -1.0662   -5.1139    2.0449  -12.2282    6.7951   14.5721
eta,q 0.97124 12.73736
  0.0307  0.0307  0.0294  0.0304  0.0296  0.0302  0.0303  0.0316  0.0297  0.0306  0.0296  0.0291
  0.0299  0.0300  0.0291  0.0298  0.0292  0.0296  0.0296  0.0300  0.0293  0.0298  0.0292  0.0289
  0.0294  0.0295  0.0290  0.0293  0.0290  0.0291  0.0291  0.0291  0.0290  0.0292  0.0289  0.0288
  0.0292  0.0292  0.0291  0.0290  0.0289  0.0289  0.0289  0.0289  0.0289  0.0289  0.0288  0.0288
  0.0293  0.0291  0.0293  0.0289  0.0289  0.0289  0.0289  0.0291  0.0289  0.0288  0.0288  0.0288
  0.0298  0.0291  0.0296  0.0290  0.0292  0.0289  0.0292  0.0298  0.0291  0.0290  0.0289  0.0291
  0.0306  0.0293  0.0301  0.0297  0.0296  0.0290  0.0297  0.0310  0.0294  0.0295  0.0292  0.0294
niter,ni,del,rscale     4    3    5.0000    0.7000
parameters
   -1.1063   -4.1845   15.0643  -12.1630  -22.2943   -9.8955
   -1.2409   -5.2981    1.7737  -11.6125    7.1241   14.3889
eta,q 0.97134 12.71963
  0.0297  0.0297  0.0292  0.0298  0.0292  0.0292  0.0295  0.0304  0.0292  0.0299  0.0292  0.0290
  0.0292  0.0292  0.0290  0.0293  0.0289  0.0289  0.0290  0.0293  0.0289  0.0293  0.0289  0.0288
  0.0289  0.0289  0.0288  0.0290  0.0287  0.0288  0.0287  0.0288  0.0287  0.0289  0.0287  0.0287
  0.0288  0.0288  0.0287  0.0287  0.0287  0.0287  0.0287  0.0287  0.0287  0.0287  0.0287  0.0287
  0.0289  0.0287  0.0288  0.0287  0.0288  0.0286  0.0288  0.0289  0.0288  0.0287  0.0287  0.0287
  0.0293  0.0289  0.0289  0.0289  0.0290  0.0287  0.0291  0.0296  0.0290  0.0289  0.0288  0.0288
  0.0300  0.0291  0.0291  0.0297  0.0295  0.0293  0.0296  0.0306  0.0293  0.0294  0.0290  0.0291
niter,ni,del,rscale     3    3    5.0000    0.6000
parameters
   -1.1092   -4.0073   15.0361  -12.1810  -22.5064   -9.5426
   -1.1482   -5.3007    1.6163  -11.2703    7.3971   14.3947
eta,q 0.97136 12.71868
  0.0295  0.0293  0.0289  0.0294  0.0290  0.0290  0.0293  0.0300  0.0290  0.0295  0.0290  0.0289
  0.0290  0.0290  0.0288  0.0291  0.0288  0.0288  0.0289  0.0292  0.0288  0.0291  0.0288  0.0288
  0.0288  0.0288  0.0287  0.0288  0.0287  0.0287  0.0287  0.0288  0.0287  0.0288  0.0287  0.0287
  0.0287  0.0287  0.0287  0.0286  0.0287  0.0286  0.0286  0.0286  0.0286  0.0286  0.0286  0.0286
  0.0287  0.0287  0.0287  0.0286  0.0287  0.0286  0.0287  0.0288  0.0287  0.0287  0.0287  0.0287
  0.0290  0.0288  0.0288  0.0289  0.0289  0.0286  0.0289  0.0292  0.0289  0.0289  0.0287  0.0287
  0.0295  0.0290  0.0290  0.0295  0.0292  0.0289  0.0292  0.0300  0.0291  0.0292  0.0289  0.0289
niter,ni,del,rscale     2    3    5.0000    0.5000
parameters
   -1.1011   -3.9065   15.0308  -12.0366  -22.6291   -9.3154
   -1.1080   -5.2663    1.5380  -11.1252    7.5870   14.3545
eta,q 0.97139 12.72780
  0.0292  0.0290  0.0288  0.0292  0.0289  0.0288  0.0291  0.0296  0.0289  0.0292  0.0289  0.0288
  0.0289  0.0288  0.0287  0.0290  0.0288  0.0287  0.0288  0.0291  0.0287  0.0289  0.0287  0.0287
  0.0287  0.0287  0.0287  0.0288  0.0287  0.0287  0.0287  0.0287  0.0286  0.0287  0.0286  0.0286
  0.0286  0.0286  0.0286  0.0286  0.0286  0.0286  0.0286  0.0286  0.0286  0.0286  0.0286  0.0286
  0.0287  0.0287  0.0287  0.0286  0.0287  0.0286  0.0287  0.0287  0.0287  0.0287  0.0286  0.0286
  0.0289  0.0287  0.0287  0.0288  0.0288  0.0286  0.0288  0.0290  0.0288  0.0288  0.0287  0.0287
  0.0292  0.0289  0.0288  0.0292  0.0290  0.0288  0.0290  0.0296  0.0289  0.0291  0.0288  0.0288
niter,ni,del,rscale     1    3    5.0000    0.4000
parameters
   -1.0907   -3.8722   15.0613  -11.8980  -22.6546   -8.9037
   -1.0860   -5.2421    1.5174  -11.0826    7.7345   14.2769
eta,q 0.97142 12.75455
  0.0290  0.0288  0.0288  0.0290  0.0288  0.0288  0.0289  0.0293  0.0288  0.0289  0.0288  0.0287
  0.0288  0.0287  0.0287  0.0288  0.0287  0.0287  0.0287  0.0289  0.0287  0.0287  0.0287  0.0286
  0.0287  0.0286  0.0286  0.0287  0.0286  0.0286  0.0286  0.0287  0.0286  0.0286  0.0286  0.0286
  0.0286  0.0286  0.0286  0.0286  0.0286  0.0286  0.0286  0.0286  0.0286  0.0286  0.0286  0.0286
  0.0287  0.0286  0.0286  0.0286  0.0286  0.0286  0.0286  0.0287  0.0286  0.0286  0.0286  0.0286
  0.0288  0.0287  0.0287  0.0287  0.0287  0.0286  0.0287  0.0289  0.0287  0.0287  0.0286  0.0286
  0.0290  0.0288  0.0287  0.0290  0.0288  0.0287  0.0289  0.0293  0.0288  0.0289  0.0287  0.0287
registration optimization eta report
parameter search radius
    0.8000    0.8000    0.8000    2.4000    2.4000    2.4000
    2.4000    2.4000    2.4000    2.4000    2.4000    2.4000
100000*second partial in parameter space
       59.       34.       21.        7.        3.        2.
        5.       12.        3.        6.        3.        2.
  0.0290  0.0288  0.0288  0.0290  0.0288  0.0288  0.0289  0.0293  0.0288  0.0289  0.0288  0.0287
  0.0288  0.0287  0.0287  0.0288  0.0287  0.0287  0.0287  0.0289  0.0287  0.0287  0.0287  0.0286
  0.0287  0.0286  0.0286  0.0287  0.0286  0.0286  0.0286  0.0287  0.0286  0.0286  0.0286  0.0286
  0.0286  0.0286  0.0286  0.0286  0.0286  0.0286  0.0286  0.0286  0.0286  0.0286  0.0286  0.0286
  0.0287  0.0286  0.0286  0.0286  0.0286  0.0286  0.0286  0.0287  0.0286  0.0286  0.0286  0.0286
  0.0288  0.0287  0.0287  0.0287  0.0287  0.0286  0.0287  0.0289  0.0287  0.0287  0.0286  0.0286
  0.0290  0.0288  0.0287  0.0290  0.0288  0.0287  0.0289  0.0293  0.0288  0.0289  0.0287  0.0287
   -1.0907   -3.8722   15.0613  -11.8980  -22.6546   -8.9037
   -1.0860   -5.2421    1.5174  -11.0826    7.7345   14.2769
eta,q 0.97142 12.75455

---------------------------------------------------------------------
imgreg_4dfp /opt/freesurfer/average/711-2C_as_mni_average_305 /opt/freesurfer/average/711-2B_as_mni_average_305_mask talsrcimg_g11 none talsrcimg_to_711-2C_as_mni_average_305_t4 2311
---------------------------------------------------------------------

freesurfer imgreg_4dfp.c
/opt/freesurfer/average/711-2C_as_mni_average_305.4dfp.img
       256       256       256         1
  1.000000  1.000000  1.000000
orientation T byte_order littleendian
Reading image: /opt/freesurfer/average/711-2C_as_mni_average_305.4dfp.img
dimensions:      256       256       256
mmppix:       1.0000   -1.0000   -1.0000
center:     128.0000 -129.0000 -129.0000
/opt/freesurfer/average/711-2B_as_mni_average_305_mask.4dfp.img
       256       256       256         1
  1.000000  1.000000  1.000000
orientation T byte_order littleendian
Reading mask: /opt/freesurfer/average/711-2B_as_mni_average_305_mask.4dfp.img (2306576 pixels)
talsrcimg_g11.4dfp.img
       256       256       256         1
  1.000000  1.000000  1.000000
orientation T byte_order littleendian
Reading image: talsrcimg_g11.4dfp.img
dimensions:      256       256       256
mmppix:       1.0000   -1.0000   -1.0000
center:     128.0000 -129.0000 -129.0000
fimgreg.f
image alignment mode   2311 decimal      907 hex
parameters
   -1.0907   -3.8722   15.0613  -11.8980  -22.6546   -8.9037
   -1.0860   -5.2421    1.5174  -11.0826    7.7345   14.2769
eta,q 0.97142 12.75454
niter,ni,del,rscale     5    3    5.0000    0.8000
parameters
   -1.0898   -3.8520   15.1317  -12.6211  -22.9351  -10.0408
   -1.4310   -5.4471    1.2239  -10.9452    7.1343   14.2586
eta,q 0.97131 12.62653
  0.0302  0.0295  0.0292  0.0297  0.0293  0.0291  0.0297  0.0308  0.0293  0.0300  0.0291  0.0292
  0.0293  0.0290  0.0289  0.0292  0.0290  0.0289  0.0291  0.0295  0.0290  0.0293  0.0288  0.0289
  0.0288  0.0287  0.0287  0.0288  0.0287  0.0288  0.0288  0.0288  0.0288  0.0289  0.0287  0.0288
  0.0286  0.0286  0.0286  0.0286  0.0286  0.0286  0.0287  0.0287  0.0287  0.0287  0.0287  0.0287
  0.0288  0.0287  0.0286  0.0288  0.0287  0.0286  0.0289  0.0290  0.0288  0.0288  0.0288  0.0287
  0.0293  0.0290  0.0288  0.0296  0.0290  0.0292  0.0293  0.0297  0.0291  0.0293  0.0290  0.0289
  0.0302  0.0294  0.0291  0.0312  0.0296  0.0317  0.0299  0.0311  0.0295  0.0299  0.0293  0.0292
niter,ni,del,rscale     4    3    5.0000    0.7000
parameters
   -1.0469   -3.7642   14.9469  -12.7095  -22.8792  -10.1850
   -1.3166   -5.3482    1.4490  -10.8521    6.8734   14.3524
eta,q 0.97131 12.61187
  0.0298  0.0294  0.0290  0.0295  0.0293  0.0291  0.0296  0.0305  0.0293  0.0297  0.0290  0.0291
  0.0292  0.0290  0.0288  0.0292  0.0290  0.0288  0.0291  0.0294  0.0290  0.0292  0.0288  0.0289
  0.0288  0.0288  0.0287  0.0289  0.0288  0.0287  0.0288  0.0288  0.0288  0.0288  0.0287  0.0288
  0.0287  0.0287  0.0287  0.0287  0.0287  0.0287  0.0287  0.0287  0.0287  0.0287  0.0287  0.0287
  0.0288  0.0287  0.0288  0.0287  0.0287  0.0287  0.0288  0.0289  0.0287  0.0288  0.0288  0.0287
  0.0291  0.0289  0.0289  0.0290  0.0289  0.0287  0.0291  0.0294  0.0289  0.0291  0.0289  0.0288
  0.0297  0.0293  0.0292  0.0298  0.0293  0.0293  0.0295  0.0302  0.0292  0.0296  0.0291  0.0291
niter,ni,del,rscale     3    3    5.0000    0.6000
parameters
   -1.0356   -3.7107   14.9044  -12.4738  -22.9094   -9.7787
   -1.2250   -5.2083    1.6594  -10.8053    7.1490   14.4444
eta,q 0.97134 12.64796
  0.0295  0.0292  0.0290  0.0294  0.0291  0.0289  0.0293  0.0301  0.0291  0.0294  0.0290  0.0289
  0.0291  0.0289  0.0288  0.0291  0.0289  0.0288  0.0290  0.0293  0.0289  0.0290  0.0288  0.0288
  0.0288  0.0288  0.0287  0.0288  0.0287  0.0287  0.0287  0.0288  0.0287  0.0287  0.0287  0.0287
  0.0287  0.0287  0.0287  0.0287  0.0287  0.0287  0.0287  0.0287  0.0287  0.0287  0.0287  0.0287
  0.0288  0.0287  0.0287  0.0287  0.0287  0.0287  0.0287  0.0288  0.0287  0.0288  0.0287  0.0287
  0.0290  0.0289  0.0288  0.0288  0.0289  0.0286  0.0289  0.0292  0.0288  0.0290  0.0288  0.0288
  0.0295  0.0291  0.0290  0.0293  0.0291  0.0289  0.0293  0.0298  0.0290  0.0294  0.0289  0.0289
niter,ni,del,rscale     2    3    5.0000    0.5000
parameters
   -1.0405   -3.7157   14.9227  -12.1411  -22.8947   -9.4708
   -1.2079   -5.1462    1.6526  -10.8524    7.4558   14.4391
eta,q 0.97137 12.68734
  0.0292  0.0290  0.0289  0.0292  0.0289  0.0288  0.0291  0.0297  0.0289  0.0291  0.0289  0.0288
  0.0289  0.0288  0.0288  0.0290  0.0288  0.0287  0.0288  0.0291  0.0288  0.0288  0.0288  0.0287
  0.0287  0.0287  0.0287  0.0288  0.0287  0.0287  0.0287  0.0287  0.0287  0.0287  0.0287  0.0287
  0.0287  0.0287  0.0287  0.0287  0.0286  0.0286  0.0286  0.0286  0.0286  0.0286  0.0286  0.0286
  0.0287  0.0287  0.0287  0.0286  0.0287  0.0286  0.0287  0.0287  0.0287  0.0287  0.0286  0.0286
  0.0289  0.0288  0.0288  0.0288  0.0288  0.0286  0.0288  0.0290  0.0288  0.0289  0.0287  0.0287
  0.0292  0.0290  0.0289  0.0291  0.0290  0.0288  0.0291  0.0296  0.0289  0.0291  0.0288  0.0288
niter,ni,del,rscale     1    3    5.0000    0.4000
parameters
   -1.0470   -3.7454   14.9871  -11.9301  -22.8346   -9.0215
   -1.1841   -5.1428    1.5780  -10.9178    7.6653   14.2888
eta,q 0.97141 12.72864
  0.0290  0.0288  0.0288  0.0290  0.0288  0.0288  0.0289  0.0293  0.0288  0.0289  0.0288  0.0287
  0.0288  0.0287  0.0287  0.0289  0.0287  0.0287  0.0287  0.0289  0.0287  0.0287  0.0287  0.0286
  0.0287  0.0286  0.0287  0.0287  0.0286  0.0286  0.0286  0.0287  0.0286  0.0286  0.0286  0.0286
  0.0286  0.0286  0.0286  0.0286  0.0286  0.0286  0.0286  0.0286  0.0286  0.0286  0.0286  0.0286
  0.0287  0.0287  0.0286  0.0286  0.0286  0.0286  0.0286  0.0287  0.0286  0.0286  0.0286  0.0286
  0.0288  0.0287  0.0287  0.0287  0.0287  0.0286  0.0287  0.0289  0.0287  0.0288  0.0286  0.0287
  0.0290  0.0289  0.0287  0.0290  0.0288  0.0287  0.0289  0.0293  0.0288  0.0289  0.0287  0.0287
registration optimization eta report
parameter search radius
    0.8000    0.8000    0.8000    2.4000    2.4000    2.4000
    2.4000    2.4000    2.4000    2.4000    2.4000    2.4000
100000*second partial in parameter space
       58.       33.       21.        7.        3.        2.
        5.       12.        3.        6.        3.        2.
  0.0290  0.0288  0.0288  0.0290  0.0288  0.0288  0.0289  0.0293  0.0288  0.0289  0.0288  0.0287
  0.0288  0.0287  0.0287  0.0289  0.0287  0.0287  0.0287  0.0289  0.0287  0.0287  0.0287  0.0286
  0.0287  0.0286  0.0287  0.0287  0.0286  0.0286  0.0286  0.0287  0.0286  0.0286  0.0286  0.0286
  0.0286  0.0286  0.0286  0.0286  0.0286  0.0286  0.0286  0.0286  0.0286  0.0286  0.0286  0.0286
  0.0287  0.0287  0.0286  0.0286  0.0286  0.0286  0.0286  0.0287  0.0286  0.0286  0.0286  0.0286
  0.0288  0.0287  0.0287  0.0287  0.0287  0.0286  0.0287  0.0289  0.0287  0.0288  0.0286  0.0287
  0.0290  0.0289  0.0287  0.0290  0.0288  0.0287  0.0289  0.0293  0.0288  0.0289  0.0287  0.0287
   -1.0470   -3.7454   14.9871  -11.9301  -22.8346   -9.0215
   -1.1841   -5.1428    1.5780  -10.9178    7.6653   14.2888
eta,q 0.97141 12.72864

---------------------------------------------------------------------
compute_vox2vox talsrcimg talsrcimg_to_711-2C_as_mni_average_305_t4 /opt/freesurfer/average/711-2C_as_mni_average_305
---------------------------------------------------------------------

freesurfer compute_vox2vox.c
Reading: talsrcimg.4dfp.ifh
Reading: talsrcimg_to_711-2C_as_mni_average_305_t4
Reading: /opt/freesurfer/average/711-2C_as_mni_average_305.4dfp.ifh
Writing: talsrcimg_to_711-2C_as_mni_average_305_t4_vox2vox.txt

start time Mon Mar 9 06:45:14 CET 2026
end		time Mon Mar 9 06:45:28 CET 2026

mpr2mni305 success

avi2talxfm orig_nu.mgz /opt/freesurfer/average/mni305.cor.mgz talsrcimg_to_711-2C_as_mni_average_305_t4_vox2vox.txt transforms/talairach.auto.xfm
avi2talxfm done
mv -f /out/sourcedata/freesurfer/sub-v1s18x0051264_ses-1/mri/talsrcimg_to_711-2C_as_mni_average_305_t4_vox2vox.txt /out/sourcedata/freesurfer/sub-v1s18x0051264_ses-1/mri/transforms/talsrcimg_to_711-2C_as_mni_average_305_t4_vox2vox.txt
lta_convert --src orig_nu.mgz --trg /opt/freesurfer/average/mni305.cor.mgz --inxfm transforms/talairach.auto.xfm --outlta transforms/talairach.auto.xfm.lta --subject fsaverage
7.3.2

--src: orig_nu.mgz src image (geometry).
--trg: /opt/freesurfer/average/mni305.cor.mgz trg image (geometry).
--inmni: transforms/talairach.auto.xfm input MNI/XFM transform.
--outlta: transforms/talairach.auto.xfm.lta output LTA.
--s: fsaverage subject name
 LTA read, type : 1
 1.12975   0.06451   0.00539   1.17395;
-0.08957   1.07015  -0.19954  -28.37834;
-0.03577   0.15009   1.26758   13.76823;
 0.00000   0.00000   0.00000   1.00000;
setting subject to fsaverage
Writing  LTA to file transforms/talairach.auto.xfm.lta...
lta_convert successful.
 
 
Started at Mon Mar 9 06:45:13 CET 2026
Ended   at Mon Mar  9 06:45:28 CET 2026
talairach_avi done
