/out/sourcedata/freesurfer/sub-v1s18x0051205_ses-1/mri
/opt/freesurfer/bin/talairach_avi
--i orig_nu.mgz --xfm transforms/talairach.auto.xfm
talairach_avi 7.3.2
Linux dna010 5.14.0-427.37.1.el9_4.x86_64 #1 SMP PREEMPT_DYNAMIC Fri Sep 13 12:41:50 EDT 2024 x86_64 x86_64 x86_64 GNU/Linux
Mon Mar  9 03:42:00 CET 2026
mri_convert orig_nu.mgz talsrcimg.img 
reading from orig_nu.mgz...
TR=0.00, TE=0.00, TI=0.00, flip angle=0.00
i_ras = (-1, 0, 0)
j_ras = (0, 0, -1)
k_ras = (0, 1, 0)
writing to talsrcimg.img...
Analyze Output Matrix
-1.00000   0.00000   0.00000   128.38919;
 0.00000   0.00000   1.00000  -121.34671;
 0.00000  -1.00000   0.00000   148.15981;
 0.00000   0.00000   0.00000   1.00000;
--------------------
INFO: set hdr.hist.orient to -1
mpr2mni305 talsrcimg
Mon Mar  9 03:42:01 CET 2026
/opt/freesurfer/bin/mpr2mni305 talsrcimg
mpr2mni305 7.3.2
target=711-2C_as_mni_average_305

---------------------------------------------------------------------
analyzeto4dfp talsrcimg -O0 -y
---------------------------------------------------------------------

freesurfer ifh2hdr.c
Mon Mar  9 03:42:01 2026
Writing: talsrcimg.4dfp.hdr
freesurfer analyzeto4dfp.c
Reading: talsrcimg.hdr
header size 348 bytes
hdr.dime.datatype	offset=70	value=2
hdr.dime.bitpix		offset=72	value=8
hdr.hist.orient		offset=252	value=-1
dimensionality     4
dimensions       256       256       256         1
Reading: talsrcimg.img
Writing: talsrcimg.4dfp.img
Writing: talsrcimg.4dfp.ifh
ifh2hdr talsrcimg -r0to229
ori=2

---------------------------------------------------------------------
gauss_4dfp talsrcimg 1.1
---------------------------------------------------------------------

freesurfer gauss_4dfp.c
Reading: talsrcimg.4dfp.img
Writing: talsrcimg_g11.4dfp.img
image dimensions 256 256 256 padded to 288 288 288
processing volume 1freesurfer ifh2hdr.c
Mon Mar  9 03:42:03 2026
Writing: talsrcimg_g11.4dfp.hdr

Writing: talsrcimg_g11.4dfp.ifh
including: talsrcimg.4dfp.img.rec in talsrcimg_g11.4dfp.img.rec

---------------------------------------------------------------------
imgreg_4dfp /opt/freesurfer/average/711-2C_as_mni_average_305 none talsrcimg_g11 none talsrcimg_to_711-2C_as_mni_average_305_t4 4355
---------------------------------------------------------------------

freesurfer imgreg_4dfp.c
/opt/freesurfer/average/711-2C_as_mni_average_305.4dfp.img
       256       256       256         1
  1.000000  1.000000  1.000000
orientation T byte_order littleendian
Reading image: /opt/freesurfer/average/711-2C_as_mni_average_305.4dfp.img
dimensions:      256       256       256
mmppix:       1.0000   -1.0000   -1.0000
center:     128.0000 -129.0000 -129.0000
talsrcimg_g11.4dfp.img
       256       256       256         1
  1.000000  1.000000  1.000000
orientation T byte_order littleendian
Reading image: talsrcimg_g11.4dfp.img
dimensions:      256       256       256
mmppix:       1.0000   -1.0000   -1.0000
center:     128.0000 -129.0000 -129.0000
t4_read: open error in t4_sub.f l:  41 t4_file(1:l)talsrcimg_to_711-2C_as_mni_average_305_t4 
t4_read: transform initialized to I4
rotation matrix determinant  1.000000
image alignment mode   4355 decimal     1103 hex
   -7.5000  -45.0000  -45.0000 7673.1865   16.9015
    0.0000  -45.0000  -45.0000 8103.3232   16.9066
    7.5000  -45.0000  -45.0000 7762.3862   16.9085
   -7.5000  -37.5000  -45.0000 8187.8130   16.5984
    0.0000  -37.5000  -45.0000 8639.9609   16.5975
    7.5000  -37.5000  -45.0000 8289.9072   16.6117
   -7.5000  -30.0000  -45.0000 9097.6523   16.4989
    0.0000  -30.0000  -45.0000 9587.8193   16.4987
    7.5000  -30.0000  -45.0000 9189.9121   16.5083
   -7.5000  -22.5000  -45.0000 9979.3428   16.4634
    0.0000  -22.5000  -45.000010522.5820   16.4698
    7.5000  -22.5000  -45.000010068.1094   16.4613
   -7.5000  -15.0000  -45.000010815.0537   16.4623
    0.0000  -15.0000  -45.000011416.9229   16.4742
    7.5000  -15.0000  -45.000010900.3066   16.4513
   -7.5000   -7.5000  -45.000011640.2178   16.4744
    0.0000   -7.5000  -45.000012282.1016   16.4846
    7.5000   -7.5000  -45.000011736.2607   16.4667
   -7.5000    0.0000  -45.000012384.6543   16.4866
    0.0000    0.0000  -45.000013116.6104   16.4901
    7.5000    0.0000  -45.000012517.6934   16.4910
   -7.5000    7.5000  -45.000012202.7383   16.4890
    0.0000    7.5000  -45.000012946.3340   16.4872
    7.5000    7.5000  -45.000012314.2773   16.5010
   -7.5000   15.0000  -45.000011751.2656   16.4778
    0.0000   15.0000  -45.000012512.9990   16.4772
    7.5000   15.0000  -45.000011852.9746   16.4866
   -7.5000   22.5000  -45.000011151.3574   16.4610
    0.0000   22.5000  -45.000011891.4248   16.4674
    7.5000   22.5000  -45.000011260.9824   16.4589
   -7.5000   30.0000  -45.000010300.3896   16.2429
    0.0000   30.0000  -45.000010971.4814   16.2547
    7.5000   30.0000  -45.000010421.2480   16.2321
   -7.5000   37.5000  -45.0000 9825.3672   16.2548
    0.0000   37.5000  -45.000010465.5791   16.2649
    7.5000   37.5000  -45.0000 9936.5566   16.2473
   -7.5000   45.0000  -45.0000 9055.7568   15.8539
    0.0000   45.0000  -45.0000 9618.3242   15.8573
    7.5000   45.0000  -45.0000 9144.1084   15.8581
   -7.5000  -45.0000  -37.5000 8120.9321   16.9112
    0.0000  -45.0000  -37.5000 8578.7441   16.9102
    7.5000  -45.0000  -37.5000 8201.5166   16.9093
   -7.5000  -37.5000  -37.5000 8696.1426   16.6077
    0.0000  -37.5000  -37.5000 9155.3311   16.6014
    7.5000  -37.5000  -37.5000 8763.9033   16.6119
   -7.5000  -30.0000  -37.5000 9668.3389   16.5021
    0.0000  -30.0000  -37.500010161.5127   16.4959
    7.5000  -30.0000  -37.5000 9712.2070   16.5005
   -7.5000  -22.5000  -37.500010602.8877   16.4600
    0.0000  -22.5000  -37.500011137.7168   16.4598
    7.5000  -22.5000  -37.500010634.1816   16.4465
   -7.5000  -15.0000  -37.500011485.0498   16.4556
    0.0000  -15.0000  -37.500012086.9492   16.4611
    7.5000  -15.0000  -37.500011504.7266   16.4349
   -7.5000   -7.5000  -37.500012319.6035   16.4733
    0.0000   -7.5000  -37.500012974.3965   16.4771
    7.5000   -7.5000  -37.500012380.5693   16.4569
   -7.5000    0.0000  -37.500013099.0664   16.4941
    0.0000    0.0000  -37.500013829.0674   16.4919
    7.5000    0.0000  -37.500013178.5127   16.4902
   -7.5000    7.5000  -37.500012852.7324   16.4976
    0.0000    7.5000  -37.500013598.9766   16.4905
    7.5000    7.5000  -37.500012919.4141   16.5006
   -7.5000   15.0000  -37.500012335.7822   16.4810
    0.0000   15.0000  -37.500013068.3691   16.4744
    7.5000   15.0000  -37.500012413.2852   16.4787
   -7.5000   22.5000  -37.500011709.7500   16.4576
    0.0000   22.5000  -37.500012409.9990   16.4574
    7.5000   22.5000  -37.500011793.3818   16.4441
   -7.5000   30.0000  -37.500010826.2158   16.2363
    0.0000   30.0000  -37.500011485.6836   16.2417
    7.5000   30.0000  -37.500010915.0566   16.2159
   -7.5000   37.5000  -37.500010335.0947   16.2537
    0.0000   37.5000  -37.500010943.8730   16.2575
    7.5000   37.5000  -37.500010406.8418   16.2376
   -7.5000   45.0000  -37.5000 9515.4648   15.8611
    0.0000   45.0000  -37.500010067.3506   15.8589
    7.5000   45.0000  -37.5000 9570.5244   15.8573
   -7.5000  -45.0000  -30.0000 8733.0488   17.6035
    0.0000  -45.0000  -30.0000 9185.6123   17.6033
    7.5000  -45.0000  -30.0000 8764.6172   17.6097
   -7.5000  -37.5000  -30.0000 9326.7148   17.2859
    0.0000  -37.5000  -30.0000 9780.7109   17.2813
    7.5000  -37.5000  -30.0000 9339.1748   17.2977
   -7.5000  -30.0000  -30.000010353.5537   17.1740
    0.0000  -30.0000  -30.000010840.5352   17.1686
    7.5000  -30.0000  -30.000010350.6768   17.1775
   -7.5000  -22.5000  -30.000011359.5244   17.1300
    0.0000  -22.5000  -30.000011917.2070   17.1289
    7.5000  -22.5000  -30.000011334.9443   17.1200
   -7.5000  -15.0000  -30.000012322.8838   17.1258
    0.0000  -15.0000  -30.000012918.0830   17.1296
    7.5000  -15.0000  -30.000012298.2100   17.1094
   -7.5000   -7.5000  -30.000013225.1367   17.1465
    0.0000   -7.5000  -30.000013854.1992   17.1495
    7.5000   -7.5000  -30.000013206.6006   17.1365
   -7.5000    0.0000  -30.000014081.2812   17.1692
    0.0000    0.0000  -30.000014773.5000   17.1679
    7.5000    0.0000  -30.000014033.0146   17.1732
   -7.5000    7.5000  -30.000013779.3994   17.1706
    0.0000    7.5000  -30.000014482.3701   17.1653
    7.5000    7.5000  -30.000013720.6045   17.1812
   -7.5000   15.0000  -30.000013162.5654   17.1519
    0.0000   15.0000  -30.000013854.3262   17.1461
    7.5000   15.0000  -30.000013142.0566   17.1548
   -7.5000   22.5000  -30.000012486.7178   17.1258
    0.0000   22.5000  -30.000013150.9062   17.1247
    7.5000   22.5000  -30.000012504.2852   17.1157
   -7.5000   30.0000  -30.000011575.2158   16.8992
    0.0000   30.0000  -30.000012210.6650   16.9030
    7.5000   30.0000  -30.000011606.2900   16.8831
   -7.5000   37.5000  -30.000011023.8076   16.9196
    0.0000   37.5000  -30.000011627.8516   16.9225
    7.5000   37.5000  -30.000011069.0605   16.9098
   -7.5000   45.0000  -30.000010120.1064   16.5224
    0.0000   45.0000  -30.000010691.0293   16.5211
    7.5000   45.0000  -30.000010167.2432   16.5263
   -7.5000  -45.0000  -22.5000 9336.5283   18.1735
    0.0000  -45.0000  -22.5000 9802.0889   18.1824
    7.5000  -45.0000  -22.5000 9308.9639   18.2006
   -7.5000  -37.5000  -22.5000 9960.3633   17.8452
    0.0000  -37.5000  -22.500010425.6240   17.8488
    7.5000  -37.5000  -22.5000 9897.0674   17.8765
   -7.5000  -30.0000  -22.500011029.8838   17.7355
    0.0000  -30.0000  -22.500011532.4883   17.7369
    7.5000  -30.0000  -22.500010962.0947   17.7571
   -7.5000  -22.5000  -22.500012087.2168   17.6971
    0.0000  -22.5000  -22.500012669.2705   17.7014
    7.5000  -22.5000  -22.500012032.8037   17.7036
   -7.5000  -15.0000  -22.500013146.8691   17.6956
    0.0000  -15.0000  -22.500013746.2617   17.7046
    7.5000  -15.0000  -22.500013077.9316   17.6958
   -7.5000   -7.5000  -22.500014157.8486   17.7122
    0.0000   -7.5000  -22.500014814.0352   17.7224
    7.5000   -7.5000  -22.500014066.0381   17.7208
   -7.5000    0.0000  -22.500015103.7510   17.7273
    0.0000    0.0000  -22.500015823.9316   17.7347
    7.5000    0.0000  -22.500014941.9912   17.7513
   -7.5000    7.5000  -22.500014746.7832   17.7264
    0.0000    7.5000  -22.500015425.6895   17.7291
    7.5000    7.5000  -22.500014587.9668   17.7562
   -7.5000   15.0000  -22.500014026.7979   17.7127
    0.0000   15.0000  -22.500014680.0029   17.7136
    7.5000   15.0000  -22.500013922.3447   17.7334
   -7.5000   22.5000  -22.500013263.7939   17.6916
    0.0000   22.5000  -22.500013899.7559   17.6958
    7.5000   22.5000  -22.500013217.8027   17.6980
   -7.5000   30.0000  -22.500012304.1357   17.4641
    0.0000   30.0000  -22.500012905.4277   17.4730
    7.5000   30.0000  -22.500012294.2305   17.4643
   -7.5000   37.5000  -22.500011733.4854   17.4805
    0.0000   37.5000  -22.500012331.5791   17.4906
    7.5000   37.5000  -22.500011756.4639   17.4890
   -7.5000   45.0000  -22.500010795.2949   17.0723
    0.0000   45.0000  -22.500011346.7656   17.0794
    7.5000   45.0000  -22.500010783.9336   17.0954
   -7.5000  -45.0000  -15.0000 9897.4014   18.5960
    0.0000  -45.0000  -15.000010378.5107   18.6130
    7.5000  -45.0000  -15.0000 9874.5322   18.6364
   -7.5000  -37.5000  -15.000010532.1582   18.2610
    0.0000  -37.5000  -15.000011015.5361   18.2707
    7.5000  -37.5000  -15.000010493.5400   18.3049
   -7.5000  -30.0000  -15.000011655.3945   18.1567
    0.0000  -30.0000  -15.000012166.3926   18.1638
    7.5000  -30.0000  -15.000011589.7715   18.1915
   -7.5000  -22.5000  -15.000012794.1396   18.1253
    0.0000  -22.5000  -15.000013377.1006   18.1359
    7.5000  -22.5000  -15.000012734.8574   18.1451
   -7.5000  -15.0000  -15.000013924.4365   18.1266
    0.0000  -15.0000  -15.000014555.7900   18.1427
    7.5000  -15.0000  -15.000013882.3926   18.1392
   -7.5000   -7.5000  -15.000015082.1113   18.1360
    0.0000   -7.5000  -15.000015783.5986   18.1544
    7.5000   -7.5000  -15.000014976.2236   18.1572
   -7.5000    0.0000  -15.000016096.4639   18.1415
    0.0000    0.0000  -15.000016838.9414   18.1564
    7.5000    0.0000  -15.000015869.3271   18.1779
   -7.5000    7.5000  -15.000015715.7119   18.1401
    0.0000    7.5000  -15.000016369.2383   18.1488
    7.5000    7.5000  -15.000015460.6992   18.1823
   -7.5000   15.0000  -15.000014883.3184   18.1333
    0.0000   15.0000  -15.000015535.4424   18.1400
    7.5000   15.0000  -15.000014708.6152   18.1673
   -7.5000   22.5000  -15.000014066.5400   18.1188
    0.0000   22.5000  -15.000014704.2451   18.1294
    7.5000   22.5000  -15.000013958.8281   18.1386
   -7.5000   30.0000  -15.000013068.5088   17.8920
    0.0000   30.0000  -15.000013676.4395   17.9079
    7.5000   30.0000  -15.000013018.5400   17.9045
   -7.5000   37.5000  -15.000012463.8242   17.9013
    0.0000   37.5000  -15.000013090.2139   17.9195
    7.5000   37.5000  -15.000012441.8721   17.9223
   -7.5000   45.0000  -15.000011454.4961   17.4817
    0.0000   45.0000  -15.000012045.9971   17.4961
    7.5000   45.0000  -15.000011394.4912   17.5168
   -7.5000  -45.0000   -7.500010446.4648   18.8399
    0.0000  -45.0000   -7.500010949.1191   18.8546
    7.5000  -45.0000   -7.500010423.4424   18.8694
   -7.5000  -37.5000   -7.500011109.0693   18.5012
    0.0000  -37.5000   -7.500011617.7051   18.5083
    7.5000  -37.5000   -7.500011071.8770   18.5359
   -7.5000  -30.0000   -7.500012275.5879   18.3962
    0.0000  -30.0000   -7.500012814.4492   18.4028
    7.5000  -30.0000   -7.500012189.0869   18.4252
   -7.5000  -22.5000   -7.500013494.2100   18.3647
    0.0000  -22.5000   -7.500014084.7383   18.3769
    7.5000  -22.5000   -7.500013407.5742   18.3798
   -7.5000  -15.0000   -7.500014806.3867   18.3667
    0.0000  -15.0000   -7.500015476.4854   18.3848
    7.5000  -15.0000   -7.500014738.4980   18.3725
   -7.5000   -7.5000   -7.500016216.0293   18.3749
    0.0000   -7.5000   -7.500017005.6016   18.3934
    7.5000   -7.5000   -7.500016033.1953   18.3864
   -7.5000    0.0000   -7.500017290.2520   18.3794
    0.0000    0.0000   -7.500018097.4668   18.3920
    7.5000    0.0000   -7.500016945.9375   18.4051
   -7.5000    7.5000   -7.500016746.0645   18.3792
    0.0000    7.5000   -7.500017401.1309   18.3854
    7.5000    7.5000   -7.500016369.8154   18.4124
   -7.5000   15.0000   -7.500015810.0117   18.3725
    0.0000   15.0000   -7.500016466.0781   18.3787
    7.5000   15.0000   -7.500015539.8008   18.4008
   -7.5000   22.5000   -7.500014926.1689   18.3561
    0.0000   22.5000   -7.500015585.4326   18.3683
    7.5000   22.5000   -7.500014726.8994   18.3711
   -7.5000   30.0000   -7.500013874.8438   18.1286
    0.0000   30.0000   -7.500014511.4658   18.1464
    7.5000   30.0000   -7.500013740.9814   18.1342
   -7.5000   37.5000   -7.500013272.2559   18.1367
    0.0000   37.5000   -7.500013929.6318   18.1548
    7.5000   37.5000   -7.500013166.8945   18.1480
   -7.5000   45.0000   -7.500012208.5312   17.7142
    0.0000   45.0000   -7.500012835.0156   17.7264
    7.5000   45.0000   -7.500012097.0752   17.7391
   -7.5000  -45.0000    0.000010901.9248   18.9132
    0.0000  -45.0000    0.000011434.2666   18.9190
    7.5000  -45.0000    0.000010871.2100   18.9210
   -7.5000  -37.5000    0.000011565.9717   18.5741
    0.0000  -37.5000    0.000012122.8994   18.5730
    7.5000  -37.5000    0.000011516.7744   18.5889
   -7.5000  -30.0000    0.000012730.3057   18.4627
    0.0000  -30.0000    0.000013336.2412   18.4625
    7.5000  -30.0000    0.000012670.9561   18.4732
   -7.5000  -22.5000    0.000014067.0850   18.4230
    0.0000  -22.5000    0.000014736.1650   18.4302
    7.5000  -22.5000    0.000013975.8809   18.4207
   -7.5000  -15.0000    0.000015646.0332   18.4217
    0.0000  -15.0000    0.000016450.5625   18.4351
    7.5000  -15.0000    0.000015467.0322   18.4094
   -7.5000   -7.5000    0.000017340.8652   18.4353
    0.0000   -7.5000    0.000018401.5820   18.4467
    7.5000   -7.5000    0.000016974.0098   18.4267
   -7.5000    0.0000    0.000018330.1387   18.4490
    0.0000    0.0000    0.000019277.2402   18.4529
    7.5000    0.0000    0.000017854.4746   18.4539
   -7.5000    7.5000    0.000017572.5801   18.4516
    0.0000    7.5000    0.000018263.1699   18.4496
    7.5000    7.5000    0.000017151.3008   18.4651
   -7.5000   15.0000    0.000016542.7910   18.4391
    0.0000   15.0000    0.000017239.0508   18.4384
    7.5000   15.0000    0.000016226.4561   18.4489
   -7.5000   22.5000    0.000015628.6582   18.4144
    0.0000   22.5000    0.000016361.5293   18.4215
    7.5000   22.5000    0.000015372.6963   18.4120
   -7.5000   30.0000    0.000014566.4502   18.1833
    0.0000   30.0000    0.000015265.4531   18.1965
    7.5000   30.0000    0.000014353.0840   18.1712
   -7.5000   37.5000    0.000013946.7549   18.1967
    0.0000   37.5000    0.000014648.9805   18.2080
    7.5000   37.5000    0.000013779.4521   18.1882
   -7.5000   45.0000    0.000012843.0850   17.7827
    0.0000   45.0000    0.000013499.3604   17.7865
    7.5000   45.0000    0.000012658.2900   17.7874
   -7.5000  -45.0000    7.500010454.4893   18.9240
    0.0000  -45.0000    7.500011006.0205   18.9230
    7.5000  -45.0000    7.500010424.5088   18.9220
   -7.5000  -37.5000    7.500011087.7969   18.5845
    0.0000  -37.5000    7.500011672.3135   18.5775
    7.5000  -37.5000    7.500011040.2461   18.5892
   -7.5000  -30.0000    7.500012229.3848   18.4663
    0.0000  -30.0000    7.500012887.9102   18.4594
    7.5000  -30.0000    7.500012161.0225   18.4645
   -7.5000  -22.5000    7.500013562.5908   18.4192
    0.0000  -22.5000    7.500014345.8037   18.4189
    7.5000  -22.5000    7.500013412.0410   18.4040
   -7.5000  -15.0000    7.500015151.5166   18.4142
    0.0000  -15.0000    7.500016204.1982   18.4204
    7.5000  -15.0000    7.500014891.1963   18.3911
   -7.5000   -7.5000    7.500016814.8945   18.4340
    0.0000   -7.5000    7.500018096.2930   18.4383
    7.5000   -7.5000    7.500016427.7715   18.4157
   -7.5000    0.0000    7.500017936.4297   18.4574
    0.0000    0.0000    7.500019028.3008   18.4548
    7.5000    0.0000    7.500017463.2637   18.4530
   -7.5000    7.5000    7.500017301.3438   18.4612
    0.0000    7.5000    7.500018083.8555   18.4534
    7.5000    7.5000    7.500016819.2812   18.4647
   -7.5000   15.0000    7.500016241.2158   18.4426
    0.0000   15.0000    7.500016955.7383   18.4353
    7.5000   15.0000    7.500015819.5527   18.4401
   -7.5000   22.5000    7.500015208.2793   18.4106
    0.0000   22.5000    7.500015955.3799   18.4103
    7.5000   22.5000    7.500014894.4248   18.3954
   -7.5000   30.0000    7.500014085.0596   18.1759
    0.0000   30.0000    7.500014807.4814   18.1820
    7.5000   30.0000    7.500013828.9746   18.1531
   -7.5000   37.5000    7.500013476.6201   18.1955
    0.0000   37.5000    7.500014198.9834   18.1997
    7.5000   37.5000    7.500013273.9453   18.1774
   -7.5000   45.0000    7.500012394.3467   17.7908
    0.0000   45.0000    7.500013068.6250   17.7883
    7.5000   45.0000    7.500012211.2158   17.7866
   -7.5000  -45.0000   15.0000 9916.6387   18.9033
    0.0000  -45.0000   15.000010512.1826   18.9031
    7.5000  -45.0000   15.0000 9882.3408   18.9100
   -7.5000  -37.5000   15.000010511.4004   18.5622
    0.0000  -37.5000   15.000011173.9443   18.5573
    7.5000  -37.5000   15.000010458.3701   18.5748
   -7.5000  -30.0000   15.000011619.8301   18.4421
    0.0000  -30.0000   15.000012413.5068   18.4363
    7.5000  -30.0000   15.000011556.4609   18.4458
   -7.5000  -22.5000   15.000012901.9170   18.3948
    0.0000  -22.5000   15.000013890.9678   18.3936
    7.5000  -22.5000   15.000012785.9561   18.3841
   -7.5000  -15.0000   15.000014316.2354   18.3903
    0.0000  -15.0000   15.000015604.7910   18.3944
    7.5000  -15.0000   15.000014162.4678   18.3727
   -7.5000   -7.5000   15.000015738.5312   18.4125
    0.0000   -7.5000   15.000017202.6758   18.4157
    7.5000   -7.5000   15.000015563.3330   18.4018
   -7.5000    0.0000   15.000016917.8750   18.4369
    0.0000    0.0000   15.000018302.2148   18.4355
    7.5000    0.0000   15.000016731.6738   18.4412
   -7.5000    7.5000   15.000016602.9844   18.4385
    0.0000    7.5000   15.000017700.0117   18.4327
    7.5000    7.5000   15.000016312.6660   18.4497
   -7.5000   15.0000   15.000015600.2227   18.4184
    0.0000   15.0000   15.000016467.7949   18.4121
    7.5000   15.0000   15.000015288.9766   18.4214
   -7.5000   22.5000   15.000014475.9502   18.3862
    0.0000   22.5000   15.000015216.8184   18.3850
    7.5000   22.5000   15.000014208.8477   18.3754
   -7.5000   30.0000   15.000013351.7275   18.1523
    0.0000   30.0000   15.000013979.3955   18.1563
    7.5000   30.0000   15.000013108.8193   18.1350
   -7.5000   37.5000   15.000012810.9238   18.1742
    0.0000   37.5000   15.000013407.5986   18.1774
    7.5000   37.5000   15.000012577.7637   18.1636
   -7.5000   45.0000   15.000011793.1299   17.7711
    0.0000   45.0000   15.000012366.0576   17.7697
    7.5000   45.0000   15.000011594.2539   17.7752
   -7.5000  -45.0000   22.5000 9260.3682   18.8714
    0.0000  -45.0000   22.5000 9848.6885   18.8807
    7.5000  -45.0000   22.5000 9210.4043   18.8996
   -7.5000  -37.5000   22.5000 9842.7119   18.5304
    0.0000  -37.5000   22.500010462.3145   18.5342
    7.5000  -37.5000   22.5000 9786.4844   18.5630
   -7.5000  -30.0000   22.500010926.3164   18.4168
    0.0000  -30.0000   22.500011592.0537   18.4183
    7.5000  -30.0000   22.500010867.2715   18.4392
   -7.5000  -22.5000   22.500012085.1514   18.3772
    0.0000  -22.5000   22.500012861.0869   18.3817
    7.5000  -22.5000   22.500011997.6045   18.3840
   -7.5000  -15.0000   22.500013297.6748   18.3756
    0.0000  -15.0000   22.500014191.5879   18.3850
    7.5000  -15.0000   22.500013187.1328   18.3759
   -7.5000   -7.5000   22.500014404.4473   18.3926
    0.0000   -7.5000   22.500015335.2275   18.4032
    7.5000   -7.5000   22.500014282.2920   18.4015
   -7.5000    0.0000   22.500015357.3945   18.4080
    0.0000    0.0000   22.500016304.7891   18.4157
    7.5000    0.0000   22.500015248.8623   18.4329
   -7.5000    7.5000   22.500015149.5957   18.4071
    0.0000    7.5000   22.500016057.8223   18.4099
    7.5000    7.5000   22.500015014.0186   18.4380
   -7.5000   15.0000   22.500014430.0107   18.3931
    0.0000   15.0000   22.500015282.1406   18.3941
    7.5000   15.0000   22.500014264.7051   18.4147
   -7.5000   22.5000   22.500013474.6104   18.3686
    0.0000   22.5000   22.500014240.5605   18.3731
    7.5000   22.5000   22.500013329.7168   18.3754
   -7.5000   30.0000   22.500012477.4834   18.1378
    0.0000   30.0000   22.500013138.2969   18.1471
    7.5000   30.0000   22.500012318.4248   18.1381
   -7.5000   37.5000   22.500011986.0566   18.1545
    0.0000   37.5000   22.500012585.8525   18.1651
    7.5000   37.5000   22.500011782.9834   18.1634
   -7.5000   45.0000   22.500011016.1816   17.7432
    0.0000   45.0000   22.500011572.4453   17.7506
    7.5000   45.0000   22.500010840.0234   17.7672
   -7.5000  -45.0000   30.0000 8475.6357   18.9666
    0.0000  -45.0000   30.0000 8911.6719   18.9844
    7.5000  -45.0000   30.0000 8469.4756   19.0086
   -7.5000  -37.5000   30.0000 9007.8213   18.6221
    0.0000  -37.5000   30.0000 9463.5332   18.6324
    7.5000  -37.5000   30.0000 9005.2676   18.6676
   -7.5000  -30.0000   30.0000 9953.4619   18.5155
    0.0000  -30.0000   30.000010466.8145   18.5231
    7.5000  -30.0000   30.0000 9972.2734   18.5516
   -7.5000  -22.5000   30.000010959.6504   18.4847
    0.0000  -22.5000   30.000011549.8535   18.4959
    7.5000  -22.5000   30.000010978.2305   18.5055
   -7.5000  -15.0000   30.000011981.7373   18.4871
    0.0000  -15.0000   30.000012621.7090   18.5040
    7.5000  -15.0000   30.000011969.8467   18.5006
   -7.5000   -7.5000   30.000012896.7754   18.4963
    0.0000   -7.5000   30.000013524.2549   18.5156
    7.5000   -7.5000   30.000012884.9629   18.5186
   -7.5000    0.0000   30.000013735.5771   18.5004
    0.0000    0.0000   30.000014364.9277   18.5162
    7.5000    0.0000   30.000013699.7744   18.5383
   -7.5000    7.5000   30.000013610.1143   18.4981
    0.0000    7.5000   30.000014212.4727   18.5074
    7.5000    7.5000   30.000013526.6436   18.5418
   -7.5000   15.0000   30.000013058.7236   18.4915
    0.0000   15.0000   30.000013621.7236   18.4986
    7.5000   15.0000   30.000012938.5830   18.5268
   -7.5000   22.5000   30.000012300.1914   18.4761
    0.0000   22.5000   30.000012858.5615   18.4873
    7.5000   22.5000   30.000012194.8857   18.4968
   -7.5000   30.0000   30.000011450.8428   18.2478
    0.0000   30.0000   30.000011990.1670   18.2645
    7.5000   30.0000   30.000011345.9453   18.2611
   -7.5000   37.5000   30.000011011.8555   18.2569
    0.0000   37.5000   30.000011551.6934   18.2760
    7.5000   37.5000   30.000010891.0078   18.2790
   -7.5000   45.0000   30.000010092.1758   17.8323
    0.0000   45.0000   30.000010606.8838   17.8475
    7.5000   45.0000   30.000010002.0527   17.8688
   -7.5000  -45.0000   37.5000 8033.1504   19.3877
    0.0000  -45.0000   37.5000 8439.3857   19.4036
    7.5000  -45.0000   37.5000 8064.0669   19.4197
   -7.5000  -37.5000   37.5000 8543.2617   19.0339
    0.0000  -37.5000   37.5000 8982.5762   19.0418
    7.5000  -37.5000   37.5000 8609.3232   19.0713
   -7.5000  -30.0000   37.5000 9427.9082   18.9232
    0.0000  -30.0000   37.5000 9934.8701   18.9305
    7.5000  -30.0000   37.5000 9537.7275   18.9547
   -7.5000  -22.5000   37.500010369.6875   18.8905
    0.0000  -22.5000   37.500010939.5771   18.9039
    7.5000  -22.5000   37.500010466.0996   18.9076
   -7.5000  -15.0000   37.500011305.3291   18.8932
    0.0000  -15.0000   37.500011899.4014   18.9128
    7.5000  -15.0000   37.500011369.3633   18.9005
   -7.5000   -7.5000   37.500012146.1514   18.9017
    0.0000   -7.5000   37.500012730.2422   18.9216
    7.5000   -7.5000   37.500012224.1768   18.9148
   -7.5000    0.0000   37.500012916.4551   18.9058
    0.0000    0.0000   37.500013540.0928   18.9195
    7.5000    0.0000   37.500012993.2773   18.9336
   -7.5000    7.5000   37.500012820.9551   18.9051
    0.0000    7.5000   37.500013423.4053   18.9120
    7.5000    7.5000   37.500012842.8887   18.9407
   -7.5000   15.0000   37.500012340.7900   18.8982
    0.0000   15.0000   37.500012902.5967   18.9050
    7.5000   15.0000   37.500012317.2764   18.9289
   -7.5000   22.5000   37.500011640.9453   18.8817
    0.0000   22.5000   37.500012165.4717   18.8950
    7.5000   22.5000   37.500011616.6289   18.8987
   -7.5000   30.0000   37.500010868.4678   18.6487
    0.0000   30.0000   37.500011381.6729   18.6680
    7.5000   30.0000   37.500010850.5352   18.6559
   -7.5000   37.5000   37.500010474.5439   18.6571
    0.0000   37.5000   37.500011007.1328   18.6767
    7.5000   37.5000   37.500010435.9873   18.6700
   -7.5000   45.0000   37.5000 9619.4873   18.2230
    0.0000   45.0000   37.500010092.5264   18.2362
    7.5000   45.0000   37.5000 9568.1172   18.2498
   -7.5000  -45.0000   45.0000 7359.3389   19.9526
    0.0000  -45.0000   45.0000 7722.7188   19.9602
    7.5000  -45.0000   45.0000 7414.5825   19.9654
   -7.5000  -37.5000   45.0000 7837.6777   19.5831
    0.0000  -37.5000   45.0000 8238.1172   19.5830
    7.5000  -37.5000   45.0000 7908.3291   19.6034
   -7.5000  -30.0000   45.0000 8642.7656   19.4589
    0.0000  -30.0000   45.0000 9092.8398   19.4599
    7.5000  -30.0000   45.0000 8747.4658   19.4743
   -7.5000  -22.5000   45.0000 9516.6689   19.4157
    0.0000  -22.5000   45.000010028.5635   19.4248
    7.5000  -22.5000   45.0000 9621.4580   19.4166
   -7.5000  -15.0000   45.000010337.9941   19.4151
    0.0000  -15.0000   45.000010872.1855   19.4312
    7.5000  -15.0000   45.000010423.5518   19.4050
   -7.5000   -7.5000   45.000011088.5264   19.4299
    0.0000   -7.5000   45.000011620.7422   19.4438
    7.5000   -7.5000   45.000011169.1748   19.4239
   -7.5000    0.0000   45.000011780.6367   19.4438
    0.0000    0.0000   45.000012347.2275   19.4493
    7.5000    0.0000   45.000011862.0967   19.4530
   -7.5000    7.5000   45.000011677.3584   19.4461
    0.0000    7.5000   45.000012234.8584   19.4450
    7.5000    7.5000   45.000011739.0010   19.4648
   -7.5000   15.0000   45.000011241.0010   19.4325
    0.0000   15.0000   45.000011792.7480   19.4329
    7.5000   15.0000   45.000011280.7871   19.4471
   -7.5000   22.5000   45.000010607.6250   19.4065
    0.0000   22.5000   45.000011128.0342   19.4156
    7.5000   22.5000   45.000010608.3896   19.4074
   -7.5000   30.0000   45.0000 9916.0391   19.1622
    0.0000   30.0000   45.000010426.6201   19.1781
    7.5000   30.0000   45.0000 9898.9746   19.1522
   -7.5000   37.5000   45.0000 9590.3643   19.1768
    0.0000   37.5000   45.000010082.8037   19.1905
    7.5000   37.5000   45.0000 9558.8936   19.1709
   -7.5000   45.0000   45.0000 8811.6553   18.7501
    0.0000   45.0000   45.0000 9270.7627   18.7554
    7.5000   45.0000   45.0000 8794.5703   18.7590

---------------------------------------------------------------------
imgreg_4dfp /opt/freesurfer/average/711-2C_as_mni_average_305 /opt/freesurfer/average/711-2B_as_mni_average_305_mask talsrcimg_g11 none talsrcimg_to_711-2C_as_mni_average_305_t4 4355
---------------------------------------------------------------------

freesurfer imgreg_4dfp.c
/opt/freesurfer/average/711-2C_as_mni_average_305.4dfp.img
       256       256       256         1
  1.000000  1.000000  1.000000
orientation T byte_order littleendian
Reading image: /opt/freesurfer/average/711-2C_as_mni_average_305.4dfp.img
dimensions:      256       256       256
mmppix:       1.0000   -1.0000   -1.0000
center:     128.0000 -129.0000 -129.0000
/opt/freesurfer/average/711-2B_as_mni_average_305_mask.4dfp.img
       256       256       256         1
  1.000000  1.000000  1.000000
orientation T byte_order littleendian
Reading mask: /opt/freesurfer/average/711-2B_as_mni_average_305_mask.4dfp.img (2306576 pixels)
talsrcimg_g11.4dfp.img
       256       256       256         1
  1.000000  1.000000  1.000000
orientation T byte_order littleendian
Reading image: talsrcimg_g11.4dfp.img
dimensions:      256       256       256
mmppix:       1.0000   -1.0000   -1.0000
center:     128.0000 -129.0000 -129.0000
rotation matrix determinant  1.000000
image alignment mode   4355 decimal     1103 hex
   -7.5000  -45.0000  -45.0000 2127.6484   22.3137
    0.0000  -45.0000  -45.0000 2145.2468   22.1736
    7.5000  -45.0000  -45.0000 2140.7810   21.9568
   -7.5000  -37.5000  -45.0000 2216.4243   20.6668
    0.0000  -37.5000  -45.0000 2233.2437   20.4905
    7.5000  -37.5000  -45.0000 2230.3206   20.3066
   -7.5000  -30.0000  -45.0000 2275.1870   19.3551
    0.0000  -30.0000  -45.0000 2288.4355   19.1771
    7.5000  -30.0000  -45.0000 2284.9524   19.0517
   -7.5000  -22.5000  -45.0000 2313.2141   18.4336
    0.0000  -22.5000  -45.0000 2329.0322   18.2759
    7.5000  -22.5000  -45.0000 2320.5771   18.1402
   -7.5000  -15.0000  -45.0000 2321.5276   17.7795
    0.0000  -15.0000  -45.0000 2338.7925   17.6520
    7.5000  -15.0000  -45.0000 2328.9436   17.5279
   -7.5000   -7.5000  -45.0000 2329.0818   17.3878
    0.0000   -7.5000  -45.0000 2345.8044   17.2825
    7.5000   -7.5000  -45.0000 2335.6299   17.1643
   -7.5000    0.0000  -45.0000 2331.3215   17.2391
    0.0000    0.0000  -45.0000 2348.0972   17.1439
    7.5000    0.0000  -45.0000 2337.8640   17.0220
   -7.5000    7.5000  -45.0000 2329.4495   17.3843
    0.0000    7.5000  -45.0000 2349.3594   17.2667
    7.5000    7.5000  -45.0000 2337.2712   17.1373
   -7.5000   15.0000  -45.0000 2304.3142   17.7143
    0.0000   15.0000  -45.0000 2329.2075   17.5778
    7.5000   15.0000  -45.0000 2318.3350   17.5010
   -7.5000   22.5000  -45.0000 2279.8674   18.3433
    0.0000   22.5000  -45.0000 2305.9963   18.2305
    7.5000   22.5000  -45.0000 2291.4602   18.1070
   -7.5000   30.0000  -45.0000 2234.1167   19.3186
    0.0000   30.0000  -45.0000 2253.9177   19.1934
    7.5000   30.0000  -45.0000 2241.7217   19.0414
   -7.5000   37.5000  -45.0000 2186.0610   20.6800
    0.0000   37.5000  -45.0000 2201.6243   20.4664
    7.5000   37.5000  -45.0000 2189.0908   20.4350
   -7.5000   45.0000  -45.0000 2112.2141   22.4918
    0.0000   45.0000  -45.0000 2119.0288   22.1683
    7.5000   45.0000  -45.0000 2110.4585   22.1764
   -7.5000  -45.0000  -37.5000 2205.9241   21.1044
    0.0000  -45.0000  -37.5000 2233.1067   20.9221
    7.5000  -45.0000  -37.5000 2219.2446   20.7364
   -7.5000  -37.5000  -37.5000 2303.4631   19.4428
    0.0000  -37.5000  -37.5000 2324.1658   19.2452
    7.5000  -37.5000  -37.5000 2314.3315   19.1137
   -7.5000  -30.0000  -37.5000 2367.0935   18.1666
    0.0000  -30.0000  -37.5000 2382.8887   17.9419
    7.5000  -30.0000  -37.5000 2374.0046   17.8044
   -7.5000  -22.5000  -37.5000 2407.1360   17.2169
    0.0000  -22.5000  -37.5000 2418.4319   16.9888
    7.5000  -22.5000  -37.5000 2410.1611   16.8881
   -7.5000  -15.0000  -37.5000 2427.0264   16.5707
    0.0000  -15.0000  -37.5000 2441.3835   16.3830
    7.5000  -15.0000  -37.5000 2430.1377   16.3083
   -7.5000   -7.5000  -37.5000 2435.8501   16.1582
    0.0000   -7.5000  -37.5000 2453.2827   15.9903
    7.5000   -7.5000  -37.5000 2441.9651   15.9324
   -7.5000    0.0000  -37.5000 2429.5039   16.0048
    0.0000    0.0000  -37.5000 2451.4346   15.9008
    7.5000    0.0000  -37.5000 2439.7119   15.8091
   -7.5000    7.5000  -37.5000 2429.1909   16.0833
    0.0000    7.5000  -37.5000 2453.3005   15.9598
    7.5000    7.5000  -37.5000 2439.8059   15.9037
   -7.5000   15.0000  -37.5000 2407.7717   16.3711
    0.0000   15.0000  -37.5000 2435.6318   16.2521
    7.5000   15.0000  -37.5000 2421.8025   16.2142
   -7.5000   22.5000  -37.5000 2385.9668   16.9471
    0.0000   22.5000  -37.5000 2415.4702   16.8472
    7.5000   22.5000  -37.5000 2396.3223   16.7800
   -7.5000   30.0000  -37.5000 2339.5208   17.8594
    0.0000   30.0000  -37.5000 2366.0168   17.7833
    7.5000   30.0000  -37.5000 2347.8623   17.6833
   -7.5000   37.5000  -37.5000 2285.2783   19.1436
    0.0000   37.5000  -37.5000 2305.1782   19.0553
    7.5000   37.5000  -37.5000 2283.5994   18.9989
   -7.5000   45.0000  -37.5000 2208.0002   20.7873
    0.0000   45.0000  -37.5000 2221.2302   20.6493
    7.5000   45.0000  -37.5000 2203.9087   20.6142
   -7.5000  -45.0000  -30.0000 2311.9761   20.6682
    0.0000  -45.0000  -30.0000 2331.1660   20.4289
    7.5000  -45.0000  -30.0000 2317.6946   20.2364
   -7.5000  -37.5000  -30.0000 2415.4268   18.9948
    0.0000  -37.5000  -30.0000 2429.8721   18.7424
    7.5000  -37.5000  -30.0000 2418.5012   18.6219
   -7.5000  -30.0000  -30.0000 2485.3298   17.6530
    0.0000  -30.0000  -30.0000 2497.2817   17.3965
    7.5000  -30.0000  -30.0000 2489.3828   17.2892
   -7.5000  -22.5000  -30.0000 2531.8125   16.6390
    0.0000  -22.5000  -30.0000 2544.4661   16.3957
    7.5000  -22.5000  -30.0000 2535.3760   16.3185
   -7.5000  -15.0000  -30.0000 2563.1816   15.9300
    0.0000  -15.0000  -30.0000 2574.7061   15.7415
    7.5000  -15.0000  -30.0000 2562.6951   15.7165
   -7.5000   -7.5000  -30.0000 2579.2026   15.5218
    0.0000   -7.5000  -30.0000 2593.1487   15.3648
    7.5000   -7.5000  -30.0000 2578.9683   15.3461
   -7.5000    0.0000  -30.0000 2573.5110   15.3999
    0.0000    0.0000  -30.0000 2588.9998   15.2655
    7.5000    0.0000  -30.0000 2572.7166   15.2553
   -7.5000    7.5000  -30.0000 2568.7463   15.4511
    0.0000    7.5000  -30.0000 2590.8765   15.2932
    7.5000    7.5000  -30.0000 2570.7766   15.3255
   -7.5000   15.0000  -30.0000 2549.7378   15.7306
    0.0000   15.0000  -30.0000 2579.4929   15.5746
    7.5000   15.0000  -30.0000 2556.8706   15.6040
   -7.5000   22.5000  -30.0000 2526.7715   16.2801
    0.0000   22.5000  -30.0000 2555.6592   16.1588
    7.5000   22.5000  -30.0000 2533.2136   16.1417
   -7.5000   30.0000  -30.0000 2482.4150   17.1422
    0.0000   30.0000  -30.0000 2513.9202   17.0674
    7.5000   30.0000  -30.0000 2484.6265   17.0278
   -7.5000   37.5000  -30.0000 2415.1621   18.3420
    0.0000   37.5000  -30.0000 2439.2834   18.2993
    7.5000   37.5000  -30.0000 2417.2441   18.2385
   -7.5000   45.0000  -30.0000 2328.0818   19.9911
    0.0000   45.0000  -30.0000 2348.7590   19.8626
    7.5000   45.0000  -30.0000 2331.6658   19.8528
   -7.5000  -45.0000  -22.5000 2379.1831   20.0935
    0.0000  -45.0000  -22.5000 2396.3555   19.7803
    7.5000  -45.0000  -22.5000 2381.8418   19.6520
   -7.5000  -37.5000  -22.5000 2485.1135   18.3678
    0.0000  -37.5000  -22.5000 2497.5564   18.0733
    7.5000  -37.5000  -22.5000 2482.9338   17.9865
   -7.5000  -30.0000  -22.5000 2566.0129   16.9910
    0.0000  -30.0000  -22.5000 2575.5679   16.7267
    7.5000  -30.0000  -22.5000 2560.8638   16.6539
   -7.5000  -22.5000  -22.5000 2617.9775   15.9902
    0.0000  -22.5000  -22.5000 2632.5920   15.8138
    7.5000  -22.5000  -22.5000 2621.9341   15.7037
   -7.5000  -15.0000  -22.5000 2662.2319   15.2835
    0.0000  -15.0000  -22.5000 2669.4736   15.0826
    7.5000  -15.0000  -22.5000 2660.3086   15.0652
   -7.5000   -7.5000  -22.5000 2693.0752   14.8411
    0.0000   -7.5000  -22.5000 2696.4629   14.6388
    7.5000   -7.5000  -22.5000 2684.4919   14.6497
   -7.5000    0.0000  -22.5000 2688.4558   14.6929
    0.0000    0.0000  -22.5000 2700.4114   14.5264
    7.5000    0.0000  -22.5000 2675.2922   14.5461
   -7.5000    7.5000  -22.5000 2679.3342   14.7165
    0.0000    7.5000  -22.5000 2693.2346   14.5307
    7.5000    7.5000  -22.5000 2670.6694   14.6077
   -7.5000   15.0000  -22.5000 2660.5232   15.0090
    0.0000   15.0000  -22.5000 2684.1113   14.8157
    7.5000   15.0000  -22.5000 2659.5681   14.8784
   -7.5000   22.5000  -22.5000 2638.5034   15.5502
    0.0000   22.5000  -22.5000 2662.1699   15.3999
    7.5000   22.5000  -22.5000 2640.4497   15.4080
   -7.5000   30.0000  -22.5000 2595.3762   16.4029
    0.0000   30.0000  -22.5000 2616.1201   16.2968
    7.5000   30.0000  -22.5000 2597.3206   16.2511
   -7.5000   37.5000  -22.5000 2525.7092   17.5993
    0.0000   37.5000  -22.5000 2549.3271   17.4997
    7.5000   37.5000  -22.5000 2528.3557   17.4498
   -7.5000   45.0000  -22.5000 2428.5508   19.1426
    0.0000   45.0000  -22.5000 2451.5674   19.0309
    7.5000   45.0000  -22.5000 2426.9158   19.0142
   -7.5000  -45.0000  -15.0000 2408.2397   19.5633
    0.0000  -45.0000  -15.0000 2428.1443   19.2490
    7.5000  -45.0000  -15.0000 2423.9194   19.1822
   -7.5000  -37.5000  -15.0000 2513.4795   17.8510
    0.0000  -37.5000  -15.0000 2527.0266   17.5215
    7.5000  -37.5000  -15.0000 2524.7031   17.5177
   -7.5000  -30.0000  -15.0000 2604.9629   16.4819
    0.0000  -30.0000  -15.0000 2612.2905   16.1712
    7.5000  -30.0000  -15.0000 2609.7683   16.1474
   -7.5000  -22.5000  -15.0000 2674.4558   15.4563
    0.0000  -22.5000  -15.0000 2682.3376   15.1912
    7.5000  -22.5000  -15.0000 2680.5830   15.1660
   -7.5000  -15.0000  -15.0000 2721.6274   14.7158
    0.0000  -15.0000  -15.0000 2731.3845   14.4947
    7.5000  -15.0000  -15.0000 2725.9019   14.4824
   -7.5000   -7.5000  -15.0000 2762.0913   14.3063
    0.0000   -7.5000  -15.0000 2767.1047   14.0739
    7.5000   -7.5000  -15.0000 2757.3984   14.0779
   -7.5000    0.0000  -15.0000 2760.6599   14.1239
    0.0000    0.0000  -15.0000 2770.0500   13.9080
    7.5000    0.0000  -15.0000 2746.5771   13.9434
   -7.5000    7.5000  -15.0000 2755.1096   14.0720
    0.0000    7.5000  -15.0000 2764.8372   13.8478
    7.5000    7.5000  -15.0000 2743.8186   13.9374
   -7.5000   15.0000  -15.0000 2733.8525   14.3355
    0.0000   15.0000  -15.0000 2752.9624   14.1255
    7.5000   15.0000  -15.0000 2733.6687   14.2129
   -7.5000   22.5000  -15.0000 2712.7070   14.8835
    0.0000   22.5000  -15.0000 2732.0190   14.7085
    7.5000   22.5000  -15.0000 2718.5750   14.7609
   -7.5000   30.0000  -15.0000 2666.8621   15.7530
    0.0000   30.0000  -15.0000 2682.9402   15.5920
    7.5000   30.0000  -15.0000 2672.9558   15.6053
   -7.5000   37.5000  -15.0000 2591.2510   16.9627
    0.0000   37.5000  -15.0000 2612.9924   16.8042
    7.5000   37.5000  -15.0000 2595.7175   16.8284
   -7.5000   45.0000  -15.0000 2490.0225   18.4471
    0.0000   45.0000  -15.0000 2514.6577   18.3135
    7.5000   45.0000  -15.0000 2490.9512   18.3352
   -7.5000  -45.0000   -7.5000 2422.2598   19.2502
    0.0000  -45.0000   -7.5000 2442.2366   18.8974
    7.5000  -45.0000   -7.5000 2449.0120   18.8626
   -7.5000  -37.5000   -7.5000 2529.9419   17.5138
    0.0000  -37.5000   -7.5000 2540.1316   17.1366
    7.5000  -37.5000   -7.5000 2549.7312   17.1706
   -7.5000  -30.0000   -7.5000 2630.2090   16.1413
    0.0000  -30.0000   -7.5000 2635.8630   15.7648
    7.5000  -30.0000   -7.5000 2639.9102   15.7787
   -7.5000  -22.5000   -7.5000 2711.3425   15.1053
    0.0000  -22.5000   -7.5000 2723.1394   14.7581
    7.5000  -22.5000   -7.5000 2723.9209   14.7573
   -7.5000  -15.0000   -7.5000 2775.3052   14.4215
    0.0000  -15.0000   -7.5000 2779.3843   14.1027
    7.5000  -15.0000   -7.5000 2783.5020   14.0813
   -7.5000   -7.5000   -7.5000 2820.8782   14.0224
    0.0000   -7.5000   -7.5000 2830.2925   13.7599
    7.5000   -7.5000   -7.5000 2819.6421   13.7159
   -7.5000    0.0000   -7.5000 2824.5754   13.7584
    0.0000    0.0000   -7.5000 2834.0833   13.4959
    7.5000    0.0000   -7.5000 2811.7139   13.5191
   -7.5000    7.5000   -7.5000 2811.7854   13.6105
    0.0000    7.5000   -7.5000 2816.9375   13.3015
    7.5000    7.5000   -7.5000 2800.3193   13.4213
   -7.5000   15.0000   -7.5000 2788.3933   13.8171
    0.0000   15.0000   -7.5000 2801.4460   13.5487
    7.5000   15.0000   -7.5000 2794.1646   13.6763
   -7.5000   22.5000   -7.5000 2766.0867   14.3813
    0.0000   22.5000   -7.5000 2783.6465   14.1470
    7.5000   22.5000   -7.5000 2778.3738   14.2707
   -7.5000   30.0000   -7.5000 2710.1338   15.3009
    0.0000   30.0000   -7.5000 2729.0703   15.0856
    7.5000   30.0000   -7.5000 2724.2258   15.1830
   -7.5000   37.5000   -7.5000 2637.2212   16.5089
    0.0000   37.5000   -7.5000 2657.0798   16.3253
    7.5000   37.5000   -7.5000 2648.1855   16.4054
   -7.5000   45.0000   -7.5000 2538.3601   17.9734
    0.0000   45.0000   -7.5000 2561.8018   17.7651
    7.5000   45.0000   -7.5000 2546.4504   17.8361
   -7.5000  -45.0000    0.0000 2426.2766   19.2261
    0.0000  -45.0000    0.0000 2434.5020   18.8421
    7.5000  -45.0000    0.0000 2451.8989   18.8663
   -7.5000  -37.5000    0.0000 2537.2891   17.4779
    0.0000  -37.5000    0.0000 2539.0618   17.0707
    7.5000  -37.5000    0.0000 2556.6707   17.1135
   -7.5000  -30.0000    0.0000 2632.8850   16.0585
    0.0000  -30.0000    0.0000 2636.6851   15.6850
    7.5000  -30.0000    0.0000 2650.7603   15.6800
   -7.5000  -22.5000    0.0000 2725.7266   15.0156
    0.0000  -22.5000    0.0000 2731.1819   14.6587
    7.5000  -22.5000    0.0000 2739.8911   14.6524
   -7.5000  -15.0000    0.0000 2802.0637   14.3138
    0.0000  -15.0000    0.0000 2804.9309   14.0071
    7.5000  -15.0000    0.0000 2809.6228   13.9836
   -7.5000   -7.5000    0.0000 2867.1870   14.0486
    0.0000   -7.5000    0.0000 2883.2617   13.7618
    7.5000   -7.5000    0.0000 2865.3303   13.6862
   -7.5000    0.0000    0.0000 2874.6782   13.7047
    0.0000    0.0000    0.0000 2894.5012   13.4233
    7.5000    0.0000    0.0000 2864.5647   13.4012
   -7.5000    7.5000    0.0000 2840.0537   13.3741
    0.0000    7.5000    0.0000 2839.5798   13.0095
    7.5000    7.5000    0.0000 2829.8877   13.1971
   -7.5000   15.0000    0.0000 2815.3560   13.5303
    0.0000   15.0000    0.0000 2818.6875   13.1843
    7.5000   15.0000    0.0000 2822.9697   13.4298
   -7.5000   22.5000    0.0000 2796.7642   14.1524
    0.0000   22.5000    0.0000 2809.5125   13.8665
    7.5000   22.5000    0.0000 2809.3586   14.0386
   -7.5000   30.0000    0.0000 2741.8625   15.1241
    0.0000   30.0000    0.0000 2758.4370   14.8542
    7.5000   30.0000    0.0000 2753.3499   14.9760
   -7.5000   37.5000    0.0000 2666.5771   16.3370
    0.0000   37.5000    0.0000 2680.2124   16.0830
    7.5000   37.5000    0.0000 2674.3643   16.1632
   -7.5000   45.0000    0.0000 2567.6836   17.7381
    0.0000   45.0000    0.0000 2582.1331   17.5007
    7.5000   45.0000    0.0000 2570.3379   17.5815
   -7.5000  -45.0000    7.5000 2403.0142   19.3130
    0.0000  -45.0000    7.5000 2409.8113   19.0497
    7.5000  -45.0000    7.5000 2422.0798   19.0156
   -7.5000  -37.5000    7.5000 2515.1184   17.5423
    0.0000  -37.5000    7.5000 2516.9038   17.2986
    7.5000  -37.5000    7.5000 2527.9822   17.2617
   -7.5000  -30.0000    7.5000 2616.9116   16.1348
    0.0000  -30.0000    7.5000 2619.9260   15.9125
    7.5000  -30.0000    7.5000 2627.8108   15.8404
   -7.5000  -22.5000    7.5000 2716.5193   15.0922
    0.0000  -22.5000    7.5000 2728.3784   14.9147
    7.5000  -22.5000    7.5000 2722.9062   14.8094
   -7.5000  -15.0000    7.5000 2811.8066   14.4754
    0.0000  -15.0000    7.5000 2835.5938   14.3766
    7.5000  -15.0000    7.5000 2813.0190   14.1658
   -7.5000   -7.5000    7.5000 2898.5718   14.1950
    0.0000   -7.5000    7.5000 2937.3540   14.1293
    7.5000   -7.5000    7.5000 2882.6140   13.8706
   -7.5000    0.0000    7.5000 2920.6675   13.8138
    0.0000    0.0000    7.5000 2961.8718   13.7146
    7.5000    0.0000    7.5000 2894.3003   13.6057
   -7.5000    7.5000    7.5000 2875.3977   13.5194
    0.0000    7.5000    7.5000 2882.7073   13.1954
    7.5000    7.5000    7.5000 2858.1028   13.4109
   -7.5000   15.0000    7.5000 2834.6790   13.6197
    0.0000   15.0000    7.5000 2841.3547   13.3362
    7.5000   15.0000    7.5000 2829.1653   13.5157
   -7.5000   22.5000    7.5000 2801.1167   14.1984
    0.0000   22.5000    7.5000 2817.4663   13.9709
    7.5000   22.5000    7.5000 2806.6548   14.0581
   -7.5000   30.0000    7.5000 2742.6775   15.1327
    0.0000   30.0000    7.5000 2760.2358   14.9309
    7.5000   30.0000    7.5000 2746.4053   14.9643
   -7.5000   37.5000    7.5000 2669.2788   16.3296
    0.0000   37.5000    7.5000 2684.7229   16.1390
    7.5000   37.5000    7.5000 2670.2981   16.1460
   -7.5000   45.0000    7.5000 2571.2671   17.7596
    0.0000   45.0000    7.5000 2585.2798   17.5698
    7.5000   45.0000    7.5000 2567.7085   17.6095
   -7.5000  -45.0000   15.0000 2384.7517   19.7978
    0.0000  -45.0000   15.0000 2399.0574   19.7430
    7.5000  -45.0000   15.0000 2399.3081   19.6793
   -7.5000  -37.5000   15.0000 2488.2537   17.9876
    0.0000  -37.5000   15.0000 2505.7283   17.9877
    7.5000  -37.5000   15.0000 2501.8682   17.8775
   -7.5000  -30.0000   15.0000 2596.5991   16.6035
    0.0000  -30.0000   15.0000 2619.4395   16.6058
    7.5000  -30.0000   15.0000 2611.7346   16.4529
   -7.5000  -22.5000   15.0000 2703.7236   15.5866
    0.0000  -22.5000   15.0000 2737.3774   15.6286
    7.5000  -22.5000   15.0000 2711.7012   15.4048
   -7.5000  -15.0000   15.0000 2801.6541   14.9325
    0.0000  -15.0000   15.0000 2847.2959   15.0549
    7.5000  -15.0000   15.0000 2803.9702   14.7096
   -7.5000   -7.5000   15.0000 2881.4971   14.5062
    0.0000   -7.5000   15.0000 2938.8542   14.6858
    7.5000   -7.5000   15.0000 2867.1052   14.3513
   -7.5000    0.0000   15.0000 2910.5295   14.1373
    0.0000    0.0000   15.0000 2961.2329   14.1809
    7.5000    0.0000   15.0000 2889.6763   14.1211
   -7.5000    7.5000   15.0000 2894.9229   14.0400
    0.0000    7.5000   15.0000 2924.8999   13.9530
    7.5000    7.5000   15.0000 2873.5132   14.0121
   -7.5000   15.0000   15.0000 2833.8704   14.1114
    0.0000   15.0000   15.0000 2843.9167   13.9239
    7.5000   15.0000   15.0000 2828.3926   14.0517
   -7.5000   22.5000   15.0000 2783.0625   14.5353
    0.0000   22.5000   15.0000 2787.5012   14.2994
    7.5000   22.5000   15.0000 2784.6667   14.4235
   -7.5000   30.0000   15.0000 2720.5388   15.3836
    0.0000   30.0000   15.0000 2723.0645   15.1105
    7.5000   30.0000   15.0000 2720.7847   15.1987
   -7.5000   37.5000   15.0000 2651.3994   16.5285
    0.0000   37.5000   15.0000 2653.0081   16.2684
    7.5000   37.5000   15.0000 2646.1045   16.3184
   -7.5000   45.0000   15.0000 2551.4192   17.9501
    0.0000   45.0000   15.0000 2559.4502   17.7435
    7.5000   45.0000   15.0000 2545.9409   17.7993
   -7.5000  -45.0000   22.5000 2359.9807   20.6294
    0.0000  -45.0000   22.5000 2384.1816   20.7560
    7.5000  -45.0000   22.5000 2373.2698   20.7324
   -7.5000  -37.5000   22.5000 2472.2097   18.9016
    0.0000  -37.5000   22.5000 2495.1604   18.9558
    7.5000  -37.5000   22.5000 2483.5317   18.8878
   -7.5000  -30.0000   22.5000 2583.7200   17.5360
    0.0000  -30.0000   22.5000 2603.4592   17.5440
    7.5000  -30.0000   22.5000 2598.2563   17.4823
   -7.5000  -22.5000   22.5000 2687.6904   16.4800
    0.0000  -22.5000   22.5000 2706.4722   16.5020
    7.5000  -22.5000   22.5000 2696.4114   16.3704
   -7.5000  -15.0000   22.5000 2774.6489   15.7426
    0.0000  -15.0000   22.5000 2801.8213   15.7427
    7.5000  -15.0000   22.5000 2781.5593   15.6016
   -7.5000   -7.5000   22.5000 2837.9712   15.1495
    0.0000   -7.5000   22.5000 2864.3157   15.1012
    7.5000   -7.5000   22.5000 2835.0732   15.0977
   -7.5000    0.0000   22.5000 2865.3977   14.7256
    0.0000    0.0000   22.5000 2894.3054   14.6217
    7.5000    0.0000   22.5000 2858.4731   14.7618
   -7.5000    7.5000   22.5000 2863.5469   14.6913
    0.0000    7.5000   22.5000 2886.4077   14.6120
    7.5000    7.5000   22.5000 2854.6150   14.7236
   -7.5000   15.0000   22.5000 2816.0972   14.9239
    0.0000   15.0000   22.5000 2838.1479   14.8735
    7.5000   15.0000   22.5000 2807.4253   14.9058
   -7.5000   22.5000   22.5000 2755.3665   15.3738
    0.0000   22.5000   22.5000 2770.0129   15.2789
    7.5000   22.5000   22.5000 2753.0784   15.3256
   -7.5000   30.0000   22.5000 2686.4221   16.0816
    0.0000   30.0000   22.5000 2695.6997   15.9279
    7.5000   30.0000   22.5000 2683.8801   15.9857
   -7.5000   37.5000   22.5000 2611.3625   17.0978
    0.0000   37.5000   22.5000 2615.9707   16.9026
    7.5000   37.5000   22.5000 2600.2026   16.9216
   -7.5000   45.0000   22.5000 2510.9988   18.4342
    0.0000   45.0000   22.5000 2517.5269   18.2027
    7.5000   45.0000   22.5000 2504.4451   18.2036
   -7.5000  -45.0000   30.0000 2333.7566   22.0247
    0.0000  -45.0000   30.0000 2349.8015   22.0439
    7.5000  -45.0000   30.0000 2347.8279   22.2382
   -7.5000  -37.5000   30.0000 2443.0056   20.0795
    0.0000  -37.5000   30.0000 2458.2454   20.0352
    7.5000  -37.5000   30.0000 2453.9060   20.2203
   -7.5000  -30.0000   30.0000 2542.7505   18.5870
    0.0000  -30.0000   30.0000 2559.6409   18.4917
    7.5000  -30.0000   30.0000 2562.4370   18.6164
   -7.5000  -22.5000   30.0000 2635.0002   17.3902
    0.0000  -22.5000   30.0000 2650.0103   17.2772
    7.5000  -22.5000   30.0000 2653.1963   17.3232
   -7.5000  -15.0000   30.0000 2710.9363   16.5026
    0.0000  -15.0000   30.0000 2728.6831   16.3468
    7.5000  -15.0000   30.0000 2724.1416   16.4083
   -7.5000   -7.5000   30.0000 2761.3325   15.8114
    0.0000   -7.5000   30.0000 2777.5989   15.5888
    7.5000   -7.5000   30.0000 2767.4661   15.7900
   -7.5000    0.0000   30.0000 2791.3120   15.3935
    0.0000    0.0000   30.0000 2804.8337   15.1929
    7.5000    0.0000   30.0000 2789.4019   15.4213
   -7.5000    7.5000   30.0000 2791.9192   15.4877
    0.0000    7.5000   30.0000 2803.1130   15.2960
    7.5000    7.5000   30.0000 2788.9319   15.4577
   -7.5000   15.0000   30.0000 2756.9263   15.7941
    0.0000   15.0000   30.0000 2771.3738   15.5896
    7.5000   15.0000   30.0000 2751.4761   15.7188
   -7.5000   22.5000   30.0000 2710.4841   16.3400
    0.0000   22.5000   30.0000 2716.9956   16.1588
    7.5000   22.5000   30.0000 2705.2278   16.2342
   -7.5000   30.0000   30.0000 2639.6680   17.0604
    0.0000   30.0000   30.0000 2650.6140   16.9084
    7.5000   30.0000   30.0000 2638.9702   16.9373
   -7.5000   37.5000   30.0000 2557.5742   18.0459
    0.0000   37.5000   30.0000 2570.7917   17.9333
    7.5000   37.5000   30.0000 2557.4658   17.9213
   -7.5000   45.0000   30.0000 2448.1042   19.2736
    0.0000   45.0000   30.0000 2457.8481   19.1302
    7.5000   45.0000   30.0000 2448.2202   19.1414
   -7.5000  -45.0000   37.5000 2283.0322   23.2947
    0.0000  -45.0000   37.5000 2298.3245   23.2425
    7.5000  -45.0000   37.5000 2300.4229   23.5934
   -7.5000  -37.5000   37.5000 2392.7815   21.2633
    0.0000  -37.5000   37.5000 2408.1165   21.1421
    7.5000  -37.5000   37.5000 2410.5544   21.4880
   -7.5000  -30.0000   37.5000 2486.2168   19.6493
    0.0000  -30.0000   37.5000 2502.2007   19.5257
    7.5000  -30.0000   37.5000 2509.5051   19.7872
   -7.5000  -22.5000   37.5000 2573.2476   18.3838
    0.0000  -22.5000   37.5000 2586.1350   18.1752
    7.5000  -22.5000   37.5000 2592.1357   18.4072
   -7.5000  -15.0000   37.5000 2640.1572   17.4046
    0.0000  -15.0000   37.5000 2657.8225   17.1942
    7.5000  -15.0000   37.5000 2653.5510   17.4010
   -7.5000   -7.5000   37.5000 2688.8728   16.6677
    0.0000   -7.5000   37.5000 2700.2908   16.4375
    7.5000   -7.5000   37.5000 2699.2051   16.7307
   -7.5000    0.0000   37.5000 2711.8262   16.3001
    0.0000    0.0000   37.5000 2720.1965   16.1124
    7.5000    0.0000   37.5000 2717.0354   16.3747
   -7.5000    7.5000   37.5000 2712.2603   16.4430
    0.0000    7.5000   37.5000 2721.4202   16.2240
    7.5000    7.5000   37.5000 2714.8535   16.4333
   -7.5000   15.0000   37.5000 2678.4773   16.7770
    0.0000   15.0000   37.5000 2692.1665   16.5315
    7.5000   15.0000   37.5000 2681.8032   16.7045
   -7.5000   22.5000   37.5000 2642.7864   17.3223
    0.0000   22.5000   37.5000 2653.8926   17.0904
    7.5000   22.5000   37.5000 2645.6047   17.2319
   -7.5000   30.0000   37.5000 2583.6292   18.0765
    0.0000   30.0000   37.5000 2596.4106   17.8925
    7.5000   30.0000   37.5000 2587.3904   17.9737
   -7.5000   37.5000   37.5000 2499.3369   19.1187
    0.0000   37.5000   37.5000 2514.8035   18.9712
    7.5000   37.5000   37.5000 2500.2480   18.9931
   -7.5000   45.0000   37.5000 2385.7256   20.4548
    0.0000   45.0000   37.5000 2394.9824   20.2961
    7.5000   45.0000   37.5000 2384.0991   20.3004
   -7.5000  -45.0000   45.0000 2223.9880   24.7698
    0.0000  -45.0000   45.0000 2238.6272   24.6354
    7.5000  -45.0000   45.0000 2241.8872   25.1640
   -7.5000  -37.5000   45.0000 2335.5859   22.6278
    0.0000  -37.5000   45.0000 2348.7207   22.4267
    7.5000  -37.5000   45.0000 2349.4780   22.8732
   -7.5000  -30.0000   45.0000 2419.5876   20.9540
    0.0000  -30.0000   45.0000 2433.3237   20.7339
    7.5000  -30.0000   45.0000 2436.2036   21.1147
   -7.5000  -22.5000   45.0000 2499.9968   19.6179
    0.0000  -22.5000   45.0000 2514.5085   19.3698
    7.5000  -22.5000   45.0000 2513.0344   19.6792
   -7.5000  -15.0000   45.0000 2561.0579   18.5697
    0.0000  -15.0000   45.0000 2579.4924   18.3348
    7.5000  -15.0000   45.0000 2572.9670   18.6287
   -7.5000   -7.5000   45.0000 2605.7756   17.7959
    0.0000   -7.5000   45.0000 2616.9846   17.5703
    7.5000   -7.5000   45.0000 2613.0984   17.9075
   -7.5000    0.0000   45.0000 2622.1953   17.4843
    0.0000    0.0000   45.0000 2628.7341   17.2622
    7.5000    0.0000   45.0000 2628.6118   17.5662
   -7.5000    7.5000   45.0000 2621.0464   17.6493
    0.0000    7.5000   45.0000 2632.5027   17.4220
    7.5000    7.5000   45.0000 2626.8035   17.6587
   -7.5000   15.0000   45.0000 2597.8772   17.9448
    0.0000   15.0000   45.0000 2614.5044   17.7040
    7.5000   15.0000   45.0000 2603.1746   17.9176
   -7.5000   22.5000   45.0000 2565.3699   18.4643
    0.0000   22.5000   45.0000 2579.5444   18.2403
    7.5000   22.5000   45.0000 2564.6023   18.4014
   -7.5000   30.0000   45.0000 2509.3245   19.2642
    0.0000   30.0000   45.0000 2524.1326   19.0586
    7.5000   30.0000   45.0000 2505.2734   19.1500
   -7.5000   37.5000   45.0000 2427.3904   20.3693
    0.0000   37.5000   45.0000 2440.5461   20.2010
    7.5000   37.5000   45.0000 2421.4922   20.2216
   -7.5000   45.0000   45.0000 2313.4709   21.8498
    0.0000   45.0000   45.0000 2326.4819   21.7091
    7.5000   45.0000   45.0000 2313.1338   21.6771

---------------------------------------------------------------------
imgreg_4dfp /opt/freesurfer/average/711-2C_as_mni_average_305 /opt/freesurfer/average/711-2B_as_mni_average_305_mask talsrcimg_g11 none talsrcimg_to_711-2C_as_mni_average_305_t4 1283
---------------------------------------------------------------------

freesurfer imgreg_4dfp.c
/opt/freesurfer/average/711-2C_as_mni_average_305.4dfp.img
       256       256       256         1
  1.000000  1.000000  1.000000
orientation T byte_order littleendian
Reading image: /opt/freesurfer/average/711-2C_as_mni_average_305.4dfp.img
dimensions:      256       256       256
mmppix:       1.0000   -1.0000   -1.0000
center:     128.0000 -129.0000 -129.0000
/opt/freesurfer/average/711-2B_as_mni_average_305_mask.4dfp.img
       256       256       256         1
  1.000000  1.000000  1.000000
orientation T byte_order littleendian
Reading mask: /opt/freesurfer/average/711-2B_as_mni_average_305_mask.4dfp.img (2306576 pixels)
talsrcimg_g11.4dfp.img
       256       256       256         1
  1.000000  1.000000  1.000000
orientation T byte_order littleendian
Reading image: talsrcimg_g11.4dfp.img
dimensions:      256       256       256
mmppix:       1.0000   -1.0000   -1.0000
center:     128.0000 -129.0000 -129.0000
rotation matrix determinant  1.000000
fimgreg.f
image alignment mode   1283 decimal      503 hex
parameters
    0.0000    0.0000    7.5000    0.0000    0.0000    0.0000
eta,q 0.92803 13.74728
niter,ni,del,rscale     5    3   12.0000    1.2000
parameter  6  1.101660 ->  0.500000 qaram    1.1500
parameters
   -2.1254   -2.4966    8.9932   -2.1537    0.2437   -3.4500
eta,q 0.93525 14.03823
  0.0772  0.0740  0.0817  0.0688  0.0704  0.0640
  0.0719  0.0703  0.0739  0.0671  0.0672  0.0645
  0.0718  0.0693  0.0720  0.0668  0.0664  0.0657
  0.0751  0.0714  0.0691  0.0675  0.0668  0.0668
  0.0773  0.0765  0.0671  0.0688  0.0675  0.0682
  0.0797  0.0824  0.0704  0.0722  0.0679  0.0703
  0.0850  0.0892  0.0727  0.0759  0.0689  0.0738
niter,ni,del,rscale     5    3   12.0000    1.2000
parameters
   -1.9142   -1.4331    8.8133   -4.5625    0.4862   -4.5059
eta,q 0.93741 14.03452
  0.0811  0.0845  0.0734  0.0657  0.0681  0.0680
  0.0710  0.0751  0.0699  0.0634  0.0655  0.0636
  0.0652  0.0682  0.0661  0.0636  0.0640  0.0621
  0.0647  0.0649  0.0648  0.0646  0.0635  0.0634
  0.0674  0.0653  0.0691  0.0665  0.0635  0.0655
  0.0712  0.0680  0.0715  0.0691  0.0650  0.0673
  0.0771  0.0744  0.0726  0.0730  0.0675  0.0696
niter,ni,del,rscale     4    3   12.0000    1.2000
parameters
   -2.1073   -0.4717    8.1676   -5.2284    0.2808   -4.7420
eta,q 0.93864 13.94952
  0.0779  0.0834  0.0722  0.0681  0.0679  0.0684
  0.0682  0.0752  0.0675  0.0632  0.0645  0.0639
  0.0632  0.0672  0.0632  0.0612  0.0623  0.0613
  0.0626  0.0625  0.0625  0.0618  0.0614  0.0614
  0.0657  0.0634  0.0690  0.0636  0.0623  0.0631
  0.0709  0.0664  0.0727  0.0666  0.0654  0.0655
  0.0784  0.0747  0.0723  0.0700  0.0688  0.0682
niter,ni,del,rscale     3    3   12.0000    1.2000
parameters
   -2.2573   -0.1857    7.8603   -5.4739    0.1727   -4.7195
eta,q 0.93889 13.92345
  0.0772  0.0808  0.0742  0.0690  0.0686  0.0685
  0.0673  0.0720  0.0678  0.0642  0.0648  0.0642
  0.0621  0.0638  0.0633  0.0611  0.0621  0.0615
  0.0614  0.0612  0.0614  0.0613  0.0611  0.0611
  0.0647  0.0635  0.0668  0.0629  0.0620  0.0624
  0.0698  0.0685  0.0729  0.0659  0.0654  0.0648
  0.0770  0.0779  0.0731  0.0693  0.0691  0.0676
niter,ni,del,rscale     2    3   12.0000    1.2000
parameters
   -2.3348   -0.0654    7.7236   -5.6013    0.1277   -4.6350
eta,q 0.93886 13.91296
  0.0775  0.0803  0.0755  0.0693  0.0689  0.0684
  0.0673  0.0713  0.0685  0.0646  0.0650  0.0642
  0.0619  0.0631  0.0635  0.0612  0.0622  0.0616
  0.0611  0.0611  0.0612  0.0612  0.0611  0.0611
  0.0644  0.0637  0.0658  0.0627  0.0620  0.0622
  0.0696  0.0694  0.0727  0.0656  0.0653  0.0645
  0.0764  0.0790  0.0737  0.0691  0.0691  0.0674
niter,ni,del,rscale     1    3   12.0000    1.2000
parameters
   -2.3648    0.0029    7.6628   -5.6754    0.1138   -4.5833
eta,q 0.93883 13.90660
  0.0779  0.0802  0.0761  0.0694  0.0690  0.0682
  0.0675  0.0711  0.0690  0.0647  0.0652  0.0641
  0.0620  0.0631  0.0637  0.0613  0.0622  0.0616
  0.0611  0.0611  0.0612  0.0612  0.0611  0.0612
  0.0645  0.0638  0.0654  0.0626  0.0620  0.0622
  0.0696  0.0698  0.0725  0.0655  0.0653  0.0644
  0.0762  0.0795  0.0739  0.0691  0.0692  0.0675
registration optimization eta report
parameter search radius
    6.0000    6.0000    6.0000    6.0000    6.0000    6.9000
100000*second partial in parameter space
       44.       52.       35.       23.       22.       14.
  0.0779  0.0802  0.0761  0.0694  0.0690  0.0682
  0.0675  0.0711  0.0690  0.0647  0.0652  0.0641
  0.0620  0.0631  0.0637  0.0613  0.0622  0.0616
  0.0611  0.0611  0.0612  0.0612  0.0611  0.0612
  0.0645  0.0638  0.0654  0.0626  0.0620  0.0622
  0.0696  0.0698  0.0725  0.0655  0.0653  0.0644
  0.0762  0.0795  0.0739  0.0691  0.0692  0.0675
   -2.3648    0.0029    7.6628   -5.6754    0.1138   -4.5833
eta,q 0.93883 13.90660

---------------------------------------------------------------------
imgreg_4dfp /opt/freesurfer/average/711-2C_as_mni_average_305 /opt/freesurfer/average/711-2B_as_mni_average_305_mask talsrcimg_g11 none talsrcimg_to_711-2C_as_mni_average_305_t4 3335
---------------------------------------------------------------------

freesurfer imgreg_4dfp.c
/opt/freesurfer/average/711-2C_as_mni_average_305.4dfp.img
       256       256       256         1
  1.000000  1.000000  1.000000
orientation T byte_order littleendian
Reading image: /opt/freesurfer/average/711-2C_as_mni_average_305.4dfp.img
dimensions:      256       256       256
mmppix:       1.0000   -1.0000   -1.0000
center:     128.0000 -129.0000 -129.0000
/opt/freesurfer/average/711-2B_as_mni_average_305_mask.4dfp.img
       256       256       256         1
  1.000000  1.000000  1.000000
orientation T byte_order littleendian
Reading mask: /opt/freesurfer/average/711-2B_as_mni_average_305_mask.4dfp.img (2306576 pixels)
talsrcimg_g11.4dfp.img
       256       256       256         1
  1.000000  1.000000  1.000000
orientation T byte_order littleendian
Reading image: talsrcimg_g11.4dfp.img
dimensions:      256       256       256
mmppix:       1.0000   -1.0000   -1.0000
center:     128.0000 -129.0000 -129.0000
fimgreg.f
image alignment mode   3335 decimal      D07 hex
parameters
   -2.3648    0.0029    7.6628   -0.3200   -0.8100   -0.4904
    7.9713    0.5933   -7.9909    9.8734    0.1986   -9.8892
eta,q 0.93463 13.94088
niter,ni,del,rscale     5    3    5.0000    1.2000
parameter  4  2.275801 ->  0.500000 qaram    1.1500
parameter  5  1.457452 ->  0.500000 qaram    1.1500
parameter  6 13.209298 ->  0.500000 qaram    1.1500
parameter 10  0.854611 ->  0.500000 qaram    1.1500
parameters
   -1.7949    0.3003    8.5545   -4.4600   -4.9500   -4.6304
    6.2026   -2.9477   -5.3345    5.7334   -0.2841   -9.1794
eta,q 0.96729 14.24496
  0.0708  0.0685  0.0668  0.0543  0.0483  0.0332  0.0413  0.0398  0.0407  0.0329  0.0362  0.0362
  0.0683  0.0669  0.0659  0.0563  0.0500  0.0376  0.0397  0.0367  0.0386  0.0326  0.0342  0.0345
  0.0664  0.0658  0.0653  0.0598  0.0528  0.0440  0.0389  0.0364  0.0371  0.0336  0.0331  0.0334
  0.0654  0.0652  0.0651  0.0651  0.0571  0.0506  0.0391  0.0389  0.0362  0.0359  0.0328  0.0328
  0.0652  0.0652  0.0651  0.0713  0.0625  0.0563  0.0403  0.0429  0.0359  0.0395  0.0335  0.0328
  0.0659  0.0659  0.0651  0.0776  0.0686  0.0634  0.0425  0.0474  0.0361  0.0439  0.0350  0.0337
  0.0673  0.0672  0.0653  0.0825  0.0754  0.0688  0.0455  0.0520  0.0369  0.0485  0.0371  0.0352
niter,ni,del,rscale     7    3    5.0000    1.2000
parameter  4  0.533422 ->  0.500000 qaram    1.3225
parameter  6  0.526107 ->  0.500000 qaram    1.3225
parameters
   -1.7479    1.2222    8.6047   -9.2210   -8.8536   -9.3914
    4.4237   -2.5777   -3.7335    2.6878   -0.8461  -10.5488
eta,q 0.97343 13.95484
  0.0387  0.0386  0.0362  0.0316  0.0301  0.0296  0.0291  0.0320  0.0305  0.0283  0.0276  0.0274
  0.0355  0.0361  0.0340  0.0303  0.0292  0.0280  0.0279  0.0294  0.0291  0.0270  0.0270  0.0268
  0.0334  0.0341  0.0326  0.0302  0.0290  0.0268  0.0274  0.0280  0.0280  0.0266  0.0267  0.0266
  0.0327  0.0327  0.0321  0.0321  0.0302  0.0290  0.0275  0.0273  0.0273  0.0272  0.0266  0.0266
  0.0333  0.0321  0.0325  0.0370  0.0331  0.0358  0.0284  0.0275  0.0272  0.0287  0.0268  0.0269
  0.0352  0.0324  0.0338  0.0442  0.0387  0.0435  0.0299  0.0287  0.0276  0.0312  0.0272  0.0274
  0.0382  0.0336  0.0358  0.0527  0.0469  0.0509  0.0320  0.0313  0.0286  0.0347  0.0280  0.0283
niter,ni,del,rscale     7    3    5.0000    1.2000
parameter  3  1.255327 ->  0.500000 qaram    1.1500
parameters
   -1.2668    2.2800    7.2247   -8.8091   -9.4195  -11.7126
    3.5476   -2.1919   -3.4657    3.4009   -0.9887  -11.8747
eta,q 0.97519 13.82458
  0.0315  0.0322  0.0234  0.0308  0.0279  0.0290  0.0276  0.0304  0.0278  0.0295  0.0259  0.0256
  0.0292  0.0297  0.0236  0.0281  0.0259  0.0269  0.0261  0.0273  0.0264  0.0272  0.0253  0.0251
  0.0275  0.0277  0.0244  0.0257  0.0243  0.0253  0.0251  0.0255  0.0253  0.0256  0.0250  0.0248
  0.0266  0.0264  0.0257  0.0238  0.0236  0.0236  0.0249  0.0249  0.0249  0.0249  0.0249  0.0249
  0.0264  0.0258  0.0274  0.0232  0.0241  0.0256  0.0257  0.0253  0.0251  0.0252  0.0250  0.0252
  0.0272  0.0259  0.0293  0.0256  0.0259  0.0333  0.0272  0.0267  0.0260  0.0263  0.0253  0.0257
  0.0288  0.0268  0.0314  0.0313  0.0304  0.0429  0.0293  0.0293  0.0274  0.0281  0.0259  0.0265
niter,ni,del,rscale     7    3    5.0000    1.2000
parameter  3  0.741110 ->  0.500000 qaram    1.3225
parameters
   -1.1471    2.5768    5.6377   -8.7344   -8.9535  -13.5597
    3.3122   -1.9098   -3.2707    4.1154   -1.5499  -12.0511
eta,q 0.97554 13.72738
  0.0290  0.0289  0.0239  0.0303  0.0289  0.0292  0.0278  0.0301  0.0272  0.0291  0.0254  0.0257
  0.0269  0.0268  0.0237  0.0277  0.0267  0.0268  0.0261  0.0269  0.0258  0.0268  0.0248  0.0250
  0.0254  0.0255  0.0240  0.0254  0.0248  0.0250  0.0249  0.0251  0.0249  0.0252  0.0245  0.0246
  0.0248  0.0248  0.0247  0.0237  0.0237  0.0236  0.0245  0.0245  0.0245  0.0245  0.0245  0.0245
  0.0251  0.0249  0.0259  0.0233  0.0238  0.0243  0.0250  0.0250  0.0248  0.0248  0.0247  0.0246
  0.0262  0.0258  0.0273  0.0261  0.0250  0.0310  0.0263  0.0265  0.0256  0.0259  0.0250  0.0251
  0.0283  0.0273  0.0291  0.0317  0.0286  0.0402  0.0283  0.0292  0.0270  0.0277  0.0257  0.0258
niter,ni,del,rscale     7    3    5.0000    1.2000
parameters
   -1.0662    2.7725    5.0243   -8.5991   -8.8690  -14.5269
    3.1485   -1.6450   -3.0143    4.5605   -1.8420  -12.1137
eta,q 0.97533 13.67839
  0.0285  0.0281  0.0260  0.0306  0.0292  0.0304  0.0280  0.0302  0.0273  0.0289  0.0257  0.0259
  0.0264  0.0262  0.0248  0.0280  0.0271  0.0277  0.0263  0.0271  0.0260  0.0267  0.0250  0.0253
  0.0250  0.0250  0.0243  0.0259  0.0252  0.0256  0.0251  0.0252  0.0250  0.0252  0.0247  0.0248
  0.0245  0.0245  0.0244  0.0243  0.0243  0.0243  0.0247  0.0247  0.0247  0.0247  0.0247  0.0247
  0.0248  0.0247  0.0251  0.0240  0.0245  0.0234  0.0251  0.0252  0.0249  0.0250  0.0248  0.0248
  0.0260  0.0256  0.0263  0.0265  0.0259  0.0282  0.0264  0.0267  0.0257  0.0262  0.0252  0.0253
  0.0281  0.0271  0.0279  0.0316  0.0299  0.0372  0.0284  0.0293  0.0270  0.0281  0.0258  0.0260
niter,ni,del,rscale     6    3    5.0000    1.2000
parameters
   -1.0115    2.9300    4.8219   -8.5082   -8.9162  -14.8705
    3.0279   -1.4942   -2.8587    4.8385   -2.0234  -12.1908
eta,q 0.97523 13.66092
  0.0286  0.0281  0.0269  0.0307  0.0293  0.0310  0.0281  0.0301  0.0273  0.0288  0.0258  0.0260
  0.0266  0.0263  0.0256  0.0282  0.0273  0.0283  0.0264  0.0270  0.0260  0.0267  0.0252  0.0253
  0.0252  0.0251  0.0248  0.0262  0.0255  0.0261  0.0252  0.0253  0.0251  0.0252  0.0248  0.0249
  0.0247  0.0247  0.0247  0.0246  0.0246  0.0246  0.0248  0.0248  0.0248  0.0248  0.0248  0.0248
  0.0250  0.0249  0.0250  0.0244  0.0248  0.0234  0.0252  0.0254  0.0250  0.0252  0.0249  0.0249
  0.0262  0.0258  0.0260  0.0269  0.0263  0.0266  0.0265  0.0269  0.0258  0.0264  0.0253  0.0254
  0.0283  0.0273  0.0275  0.0318  0.0304  0.0350  0.0284  0.0295  0.0271  0.0282  0.0259  0.0261
niter,ni,del,rscale     5    3    5.0000    1.2000
parameters
   -0.9811    3.0169    4.7287   -8.4610   -8.9542  -14.9967
    2.9524   -1.4104   -2.7636    5.0112   -2.1027  -12.2363
eta,q 0.97519 13.65491
  0.0286  0.0280  0.0272  0.0308  0.0294  0.0312  0.0282  0.0300  0.0273  0.0287  0.0259  0.0260
  0.0266  0.0262  0.0258  0.0283  0.0274  0.0285  0.0265  0.0270  0.0260  0.0266  0.0252  0.0254
  0.0253  0.0252  0.0250  0.0263  0.0256  0.0262  0.0253  0.0253  0.0251  0.0252  0.0249  0.0250
  0.0248  0.0248  0.0248  0.0248  0.0247  0.0247  0.0248  0.0248  0.0248  0.0248  0.0248  0.0248
  0.0251  0.0250  0.0251  0.0246  0.0250  0.0235  0.0252  0.0254  0.0251  0.0252  0.0250  0.0250
  0.0264  0.0260  0.0260  0.0271  0.0264  0.0262  0.0265  0.0270  0.0259  0.0265  0.0253  0.0254
  0.0285  0.0275  0.0275  0.0319  0.0305  0.0343  0.0284  0.0296  0.0272  0.0283  0.0259  0.0261
niter,ni,del,rscale     4    3    5.0000    1.2000
parameters
   -0.9645    3.0642    4.6763   -8.4393   -8.9743  -15.0624
    2.9099   -1.3659   -2.7145    5.1090   -2.1527  -12.2553
eta,q 0.97517 13.65182
  0.0286  0.0279  0.0273  0.0308  0.0295  0.0312  0.0282  0.0300  0.0272  0.0286  0.0259  0.0261
  0.0266  0.0262  0.0259  0.0283  0.0275  0.0285  0.0265  0.0270  0.0260  0.0266  0.0253  0.0254
  0.0253  0.0252  0.0251  0.0263  0.0257  0.0263  0.0253  0.0253  0.0252  0.0252  0.0249  0.0250
  0.0248  0.0248  0.0248  0.0248  0.0248  0.0248  0.0248  0.0248  0.0248  0.0248  0.0248  0.0248
  0.0252  0.0251  0.0251  0.0246  0.0250  0.0235  0.0252  0.0255  0.0251  0.0253  0.0250  0.0250
  0.0264  0.0261  0.0260  0.0272  0.0264  0.0261  0.0265  0.0270  0.0259  0.0265  0.0253  0.0254
  0.0286  0.0276  0.0274  0.0320  0.0305  0.0341  0.0284  0.0297  0.0272  0.0283  0.0259  0.0261
niter,ni,del,rscale     3    3    5.0000    1.2000
parameters
   -0.9548    3.0904    4.6477   -8.4279   -8.9886  -15.0977
    2.8855   -1.3415   -2.6853    5.1648   -2.1720  -12.2672
eta,q 0.97515 13.65002
  0.0286  0.0278  0.0273  0.0308  0.0295  0.0313  0.0282  0.0300  0.0272  0.0286  0.0260  0.0261
  0.0266  0.0262  0.0259  0.0284  0.0275  0.0286  0.0266  0.0270  0.0260  0.0265  0.0253  0.0254
  0.0253  0.0252  0.0251  0.0263  0.0257  0.0263  0.0254  0.0253  0.0252  0.0252  0.0249  0.0250
  0.0248  0.0248  0.0248  0.0248  0.0248  0.0248  0.0248  0.0248  0.0248  0.0249  0.0249  0.0249
  0.0252  0.0252  0.0251  0.0247  0.0250  0.0235  0.0253  0.0255  0.0251  0.0253  0.0250  0.0250
  0.0265  0.0261  0.0260  0.0272  0.0264  0.0261  0.0265  0.0271  0.0259  0.0265  0.0253  0.0254
  0.0286  0.0277  0.0274  0.0321  0.0305  0.0340  0.0284  0.0297  0.0272  0.0284  0.0259  0.0261
niter,ni,del,rscale     2    3    5.0000    1.2000
parameters
   -0.9487    3.1041    4.6326   -8.4211   -8.9953  -15.1155
    2.8733   -1.3274   -2.6724    5.1916   -2.1855  -12.2743
eta,q 0.97514 13.64912
  0.0286  0.0278  0.0273  0.0308  0.0295  0.0313  0.0283  0.0300  0.0272  0.0285  0.0260  0.0261
  0.0266  0.0262  0.0260  0.0284  0.0275  0.0286  0.0266  0.0270  0.0260  0.0265  0.0253  0.0254
  0.0253  0.0252  0.0252  0.0263  0.0257  0.0264  0.0254  0.0253  0.0252  0.0252  0.0249  0.0250
  0.0249  0.0248  0.0249  0.0249  0.0248  0.0249  0.0249  0.0249  0.0249  0.0249  0.0249  0.0249
  0.0252  0.0252  0.0251  0.0247  0.0251  0.0235  0.0253  0.0255  0.0251  0.0253  0.0250  0.0250
  0.0265  0.0262  0.0260  0.0272  0.0265  0.0261  0.0265  0.0271  0.0259  0.0266  0.0254  0.0255
  0.0287  0.0277  0.0274  0.0321  0.0305  0.0340  0.0284  0.0297  0.0273  0.0284  0.0259  0.0261
registration optimization eta report
parameter search radius
    2.4000    2.4000    3.1740    9.5220    8.2800    9.5220
    7.2000    7.2000    7.2000    8.2800    7.2000    7.2000
100000*second partial in parameter space
       65.       50.       25.        7.        8.        9.
        7.       10.        5.        5.        2.        2.
  0.0286  0.0278  0.0273  0.0308  0.0295  0.0313  0.0283  0.0300  0.0272  0.0285  0.0260  0.0261
  0.0266  0.0262  0.0260  0.0284  0.0275  0.0286  0.0266  0.0270  0.0260  0.0265  0.0253  0.0254
  0.0253  0.0252  0.0252  0.0263  0.0257  0.0264  0.0254  0.0253  0.0252  0.0252  0.0249  0.0250
  0.0249  0.0248  0.0249  0.0249  0.0248  0.0249  0.0249  0.0249  0.0249  0.0249  0.0249  0.0249
  0.0252  0.0252  0.0251  0.0247  0.0251  0.0235  0.0253  0.0255  0.0251  0.0253  0.0250  0.0250
  0.0265  0.0262  0.0260  0.0272  0.0265  0.0261  0.0265  0.0271  0.0259  0.0266  0.0254  0.0255
  0.0287  0.0277  0.0274  0.0321  0.0305  0.0340  0.0284  0.0297  0.0273  0.0284  0.0259  0.0261
   -0.9487    3.1041    4.6326   -8.4211   -8.9953  -15.1155
    2.8733   -1.3274   -2.6724    5.1916   -2.1855  -12.2743
eta,q 0.97514 13.64912

---------------------------------------------------------------------
imgreg_4dfp /opt/freesurfer/average/711-2C_as_mni_average_305 /opt/freesurfer/average/711-2B_as_mni_average_305_mask talsrcimg_g11 none talsrcimg_to_711-2C_as_mni_average_305_t4 2311
---------------------------------------------------------------------

freesurfer imgreg_4dfp.c
/opt/freesurfer/average/711-2C_as_mni_average_305.4dfp.img
       256       256       256         1
  1.000000  1.000000  1.000000
orientation T byte_order littleendian
Reading image: /opt/freesurfer/average/711-2C_as_mni_average_305.4dfp.img
dimensions:      256       256       256
mmppix:       1.0000   -1.0000   -1.0000
center:     128.0000 -129.0000 -129.0000
/opt/freesurfer/average/711-2B_as_mni_average_305_mask.4dfp.img
       256       256       256         1
  1.000000  1.000000  1.000000
orientation T byte_order littleendian
Reading mask: /opt/freesurfer/average/711-2B_as_mni_average_305_mask.4dfp.img (2306576 pixels)
talsrcimg_g11.4dfp.img
       256       256       256         1
  1.000000  1.000000  1.000000
orientation T byte_order littleendian
Reading image: talsrcimg_g11.4dfp.img
dimensions:      256       256       256
mmppix:       1.0000   -1.0000   -1.0000
center:     128.0000 -129.0000 -129.0000
fimgreg.f
image alignment mode   2311 decimal      907 hex
parameters
   -0.9487    3.1041    4.6326   -8.4211   -8.9953  -15.1155
    2.8733   -1.3274   -2.6724    5.1916   -2.1855  -12.2743
eta,q 0.97514 13.64912
niter,ni,del,rscale     5    3    5.0000    0.8000
parameter  6 -0.801762 -> -0.500000 qaram    1.1500
parameters
   -0.9163    3.0995    4.6656   -6.9636   -8.5683  -12.3555
    2.3718   -1.3028   -2.9449    6.2506   -1.8086  -11.3532
eta,q 0.97666 13.87844
  0.0266  0.0262  0.0255  0.0273  0.0264  0.0270  0.0249  0.0272  0.0244  0.0255  0.0244  0.0244
  0.0257  0.0254  0.0252  0.0264  0.0254  0.0260  0.0240  0.0251  0.0239  0.0245  0.0239  0.0239
  0.0251  0.0250  0.0250  0.0255  0.0248  0.0251  0.0235  0.0239  0.0235  0.0238  0.0235  0.0235
  0.0249  0.0249  0.0249  0.0249  0.0245  0.0245  0.0234  0.0234  0.0234  0.0234  0.0234  0.0234
  0.0250  0.0250  0.0249  0.0245  0.0246  0.0239  0.0238  0.0238  0.0236  0.0234  0.0234  0.0234
  0.0256  0.0255  0.0251  0.0247  0.0250  0.0234  0.0246  0.0251  0.0240  0.0237  0.0237  0.0235
  0.0265  0.0262  0.0255  0.0257  0.0259  0.0240  0.0257  0.0271  0.0247  0.0242  0.0242  0.0238
niter,ni,del,rscale     5    3    5.0000    0.8000
parameters
   -0.9978    2.7697    4.9353   -7.0286   -8.2092  -12.9126
    2.7564   -1.3690   -3.0065    5.3682   -1.6656  -11.4601
eta,q 0.97653 13.86190
  0.0252  0.0241  0.0247  0.0256  0.0252  0.0261  0.0256  0.0265  0.0245  0.0244  0.0242  0.0241
  0.0242  0.0236  0.0239  0.0246  0.0242  0.0251  0.0246  0.0248  0.0240  0.0238  0.0238  0.0238
  0.0235  0.0233  0.0235  0.0238  0.0236  0.0242  0.0239  0.0238  0.0237  0.0235  0.0236  0.0235
  0.0233  0.0233  0.0233  0.0233  0.0233  0.0233  0.0235  0.0235  0.0235  0.0235  0.0235  0.0235
  0.0236  0.0237  0.0233  0.0233  0.0234  0.0231  0.0236  0.0239  0.0236  0.0238  0.0235  0.0236
  0.0244  0.0243  0.0235  0.0243  0.0238  0.0252  0.0242  0.0249  0.0240  0.0244  0.0237  0.0238
  0.0257  0.0252  0.0239  0.0261  0.0247  0.0291  0.0251  0.0266  0.0246  0.0254  0.0241  0.0242
niter,ni,del,rscale     4    3    5.0000    0.7000
parameters
   -1.0701    2.6554    4.8708   -6.9652   -8.1613  -12.8233
    2.8508   -1.4776   -3.1349    5.3680   -1.5925  -11.3248
eta,q 0.97661 13.87047
  0.0249  0.0243  0.0240  0.0253  0.0248  0.0258  0.0249  0.0257  0.0242  0.0245  0.0240  0.0239
  0.0241  0.0238  0.0237  0.0245  0.0240  0.0250  0.0241  0.0244  0.0237  0.0238  0.0236  0.0237
  0.0236  0.0235  0.0235  0.0239  0.0236  0.0242  0.0236  0.0236  0.0235  0.0235  0.0235  0.0235
  0.0235  0.0235  0.0235  0.0235  0.0234  0.0234  0.0234  0.0234  0.0234  0.0234  0.0234  0.0234
  0.0237  0.0236  0.0236  0.0235  0.0236  0.0229  0.0235  0.0237  0.0235  0.0235  0.0234  0.0234
  0.0243  0.0240  0.0238  0.0241  0.0240  0.0239  0.0240  0.0246  0.0238  0.0239  0.0236  0.0236
  0.0252  0.0247  0.0241  0.0255  0.0247  0.0267  0.0248  0.0260  0.0243  0.0244  0.0239  0.0239
niter,ni,del,rscale     3    3    5.0000    0.6000
parameters
   -1.0922    2.6307    4.8823   -6.8360   -8.1707  -12.4439
    2.8507   -1.5441   -3.1795    5.4530   -1.6202  -11.1366
eta,q 0.97679 13.89307
  0.0245  0.0241  0.0239  0.0248  0.0243  0.0254  0.0243  0.0251  0.0238  0.0240  0.0237  0.0236
  0.0239  0.0237  0.0236  0.0242  0.0238  0.0247  0.0237  0.0240  0.0235  0.0236  0.0234  0.0234
  0.0235  0.0235  0.0234  0.0237  0.0235  0.0241  0.0233  0.0234  0.0233  0.0233  0.0232  0.0233
  0.0234  0.0234  0.0234  0.0234  0.0234  0.0234  0.0232  0.0232  0.0232  0.0232  0.0232  0.0232
  0.0235  0.0235  0.0235  0.0234  0.0235  0.0229  0.0233  0.0234  0.0233  0.0233  0.0233  0.0232
  0.0239  0.0238  0.0236  0.0239  0.0238  0.0234  0.0237  0.0241  0.0235  0.0235  0.0234  0.0234
  0.0246  0.0242  0.0238  0.0248  0.0243  0.0254  0.0243  0.0253  0.0238  0.0239  0.0237  0.0236
niter,ni,del,rscale     2    3    5.0000    0.5000
parameters
   -1.1116    2.5887    4.9715   -6.7097   -8.1882  -11.9822
    2.8366   -1.5924   -3.1855    5.4877   -1.7063  -10.9091
eta,q 0.97701 13.91859
  0.0240  0.0237  0.0236  0.0243  0.0238  0.0249  0.0238  0.0244  0.0234  0.0236  0.0233  0.0233
  0.0236  0.0234  0.0234  0.0238  0.0235  0.0243  0.0233  0.0236  0.0232  0.0232  0.0231  0.0232
  0.0233  0.0233  0.0233  0.0234  0.0233  0.0238  0.0231  0.0231  0.0230  0.0231  0.0230  0.0230
  0.0232  0.0232  0.0232  0.0232  0.0232  0.0232  0.0230  0.0230  0.0230  0.0230  0.0230  0.0230
  0.0233  0.0233  0.0232  0.0232  0.0233  0.0228  0.0231  0.0232  0.0230  0.0231  0.0230  0.0230
  0.0236  0.0235  0.0233  0.0236  0.0235  0.0232  0.0234  0.0237  0.0232  0.0232  0.0232  0.0231
  0.0241  0.0238  0.0235  0.0243  0.0239  0.0246  0.0238  0.0245  0.0234  0.0235  0.0234  0.0232
niter,ni,del,rscale     1    3    5.0000    0.4000
parameters
   -1.1330    2.5351    5.1299   -6.5887   -8.2201  -11.4727
    2.8227   -1.6386   -3.2124    5.4619   -1.7924  -10.6792
eta,q 0.97721 13.94476
  0.0235  0.0233  0.0234  0.0237  0.0234  0.0244  0.0233  0.0238  0.0231  0.0231  0.0230  0.0230
  0.0232  0.0231  0.0232  0.0234  0.0232  0.0239  0.0230  0.0232  0.0229  0.0229  0.0229  0.0229
  0.0230  0.0230  0.0231  0.0231  0.0230  0.0234  0.0228  0.0229  0.0228  0.0228  0.0228  0.0228
  0.0230  0.0230  0.0230  0.0230  0.0230  0.0230  0.0228  0.0228  0.0228  0.0228  0.0228  0.0228
  0.0231  0.0230  0.0230  0.0230  0.0230  0.0227  0.0228  0.0229  0.0228  0.0228  0.0228  0.0228
  0.0233  0.0232  0.0230  0.0232  0.0232  0.0230  0.0230  0.0233  0.0229  0.0230  0.0229  0.0229
  0.0236  0.0234  0.0231  0.0237  0.0234  0.0239  0.0233  0.0239  0.0231  0.0231  0.0231  0.0230
registration optimization eta report
parameter search radius
    0.8000    0.8000    0.8000    2.4000    2.4000    2.7600
    2.4000    2.4000    2.4000    2.4000    2.4000    2.4000
100000*second partial in parameter space
       87.       54.       42.       13.        8.       16.
        9.       18.        5.        6.        5.        4.
  0.0235  0.0233  0.0234  0.0237  0.0234  0.0244  0.0233  0.0238  0.0231  0.0231  0.0230  0.0230
  0.0232  0.0231  0.0232  0.0234  0.0232  0.0239  0.0230  0.0232  0.0229  0.0229  0.0229  0.0229
  0.0230  0.0230  0.0231  0.0231  0.0230  0.0234  0.0228  0.0229  0.0228  0.0228  0.0228  0.0228
  0.0230  0.0230  0.0230  0.0230  0.0230  0.0230  0.0228  0.0228  0.0228  0.0228  0.0228  0.0228
  0.0231  0.0230  0.0230  0.0230  0.0230  0.0227  0.0228  0.0229  0.0228  0.0228  0.0228  0.0228
  0.0233  0.0232  0.0230  0.0232  0.0232  0.0230  0.0230  0.0233  0.0229  0.0230  0.0229  0.0229
  0.0236  0.0234  0.0231  0.0237  0.0234  0.0239  0.0233  0.0239  0.0231  0.0231  0.0231  0.0230
   -1.1330    2.5351    5.1299   -6.5887   -8.2201  -11.4727
    2.8227   -1.6386   -3.2124    5.4619   -1.7924  -10.6792
eta,q 0.97721 13.94476

---------------------------------------------------------------------
imgreg_4dfp /opt/freesurfer/average/711-2C_as_mni_average_305 /opt/freesurfer/average/711-2B_as_mni_average_305_mask talsrcimg_g11 none talsrcimg_to_711-2C_as_mni_average_305_t4 2311
---------------------------------------------------------------------

freesurfer imgreg_4dfp.c
/opt/freesurfer/average/711-2C_as_mni_average_305.4dfp.img
       256       256       256         1
  1.000000  1.000000  1.000000
orientation T byte_order littleendian
Reading image: /opt/freesurfer/average/711-2C_as_mni_average_305.4dfp.img
dimensions:      256       256       256
mmppix:       1.0000   -1.0000   -1.0000
center:     128.0000 -129.0000 -129.0000
/opt/freesurfer/average/711-2B_as_mni_average_305_mask.4dfp.img
       256       256       256         1
  1.000000  1.000000  1.000000
orientation T byte_order littleendian
Reading mask: /opt/freesurfer/average/711-2B_as_mni_average_305_mask.4dfp.img (2306576 pixels)
talsrcimg_g11.4dfp.img
       256       256       256         1
  1.000000  1.000000  1.000000
orientation T byte_order littleendian
Reading image: talsrcimg_g11.4dfp.img
dimensions:      256       256       256
mmppix:       1.0000   -1.0000   -1.0000
center:     128.0000 -129.0000 -129.0000
fimgreg.f
image alignment mode   2311 decimal      907 hex
parameters
   -1.1330    2.5351    5.1299   -6.5887   -8.2201  -11.4727
    2.8227   -1.6386   -3.2124    5.4619   -1.7924  -10.6792
eta,q 0.97721 13.94476
niter,ni,del,rscale     5    3    5.0000    0.8000
parameters
   -1.1565    2.4843    5.4350   -7.0585   -8.1776  -11.8967
    2.9735   -1.6516   -3.1907    5.0081   -1.7091  -11.1213
eta,q 0.97700 13.91803
  0.0250  0.0241  0.0245  0.0249  0.0246  0.0253  0.0250  0.0263  0.0242  0.0242  0.0238  0.0236
  0.0238  0.0233  0.0236  0.0239  0.0237  0.0245  0.0240  0.0245  0.0235  0.0234  0.0234  0.0232
  0.0230  0.0229  0.0230  0.0232  0.0230  0.0237  0.0233  0.0234  0.0232  0.0231  0.0231  0.0230
  0.0228  0.0228  0.0228  0.0228  0.0228  0.0228  0.0230  0.0230  0.0230  0.0230  0.0230  0.0230
  0.0231  0.0230  0.0228  0.0231  0.0230  0.0227  0.0232  0.0234  0.0232  0.0233  0.0231  0.0231
  0.0239  0.0235  0.0231  0.0243  0.0235  0.0245  0.0238  0.0245  0.0235  0.0238  0.0233  0.0234
  0.0251  0.0243  0.0235  0.0264  0.0246  0.0277  0.0248  0.0263  0.0241  0.0247  0.0238  0.0238
niter,ni,del,rscale     4    3    5.0000    0.7000
parameters
   -1.1463    2.5025    5.2374   -7.0700   -8.1888  -12.0166
    2.9439   -1.6629   -3.2365    5.1488   -1.6774  -11.1169
eta,q 0.97697 13.90904
  0.0246  0.0241  0.0235  0.0248  0.0243  0.0251  0.0245  0.0256  0.0239  0.0242  0.0237  0.0236
  0.0238  0.0235  0.0232  0.0240  0.0236  0.0244  0.0237  0.0242  0.0234  0.0235  0.0233  0.0233
  0.0232  0.0231  0.0230  0.0234  0.0231  0.0237  0.0232  0.0233  0.0231  0.0231  0.0231  0.0231
  0.0230  0.0230  0.0230  0.0230  0.0230  0.0230  0.0230  0.0230  0.0230  0.0230  0.0230  0.0230
  0.0232  0.0231  0.0232  0.0230  0.0231  0.0227  0.0232  0.0233  0.0231  0.0232  0.0231  0.0231
  0.0237  0.0235  0.0235  0.0237  0.0236  0.0238  0.0237  0.0242  0.0234  0.0235  0.0233  0.0233
  0.0246  0.0241  0.0239  0.0252  0.0243  0.0262  0.0245  0.0257  0.0239  0.0241  0.0236  0.0236
niter,ni,del,rscale     3    3    5.0000    0.6000
parameters
   -1.1301    2.5314    5.1545   -6.9219   -8.1925  -11.8474
    2.8866   -1.6620   -3.2393    5.3045   -1.7066  -10.9700
eta,q 0.97706 13.92019
  0.0243  0.0239  0.0235  0.0245  0.0240  0.0248  0.0240  0.0250  0.0236  0.0238  0.0234  0.0234
  0.0236  0.0234  0.0232  0.0239  0.0234  0.0242  0.0234  0.0239  0.0232  0.0233  0.0231  0.0232
  0.0232  0.0231  0.0231  0.0234  0.0231  0.0236  0.0231  0.0232  0.0230  0.0230  0.0230  0.0230
  0.0230  0.0230  0.0230  0.0230  0.0230  0.0230  0.0229  0.0229  0.0229  0.0229  0.0229  0.0229
  0.0232  0.0231  0.0231  0.0230  0.0231  0.0227  0.0231  0.0232  0.0230  0.0230  0.0230  0.0230
  0.0235  0.0234  0.0233  0.0235  0.0234  0.0234  0.0235  0.0238  0.0232  0.0233  0.0232  0.0231
  0.0242  0.0238  0.0236  0.0245  0.0240  0.0251  0.0241  0.0250  0.0236  0.0237  0.0234  0.0233
niter,ni,del,rscale     2    3    5.0000    0.5000
parameters
   -1.1343    2.5204    5.1967   -6.7625   -8.2170  -11.5088
    2.8540   -1.6721   -3.2288    5.3786   -1.7571  -10.8019
eta,q 0.97721 13.93941
  0.0238  0.0235  0.0234  0.0241  0.0236  0.0244  0.0236  0.0243  0.0232  0.0234  0.0232  0.0231
  0.0233  0.0232  0.0231  0.0236  0.0232  0.0240  0.0231  0.0235  0.0230  0.0230  0.0230  0.0230
  0.0230  0.0230  0.0230  0.0232  0.0230  0.0234  0.0229  0.0230  0.0228  0.0229  0.0228  0.0228
  0.0229  0.0229  0.0229  0.0229  0.0229  0.0229  0.0228  0.0228  0.0228  0.0228  0.0228  0.0228
  0.0230  0.0230  0.0230  0.0229  0.0230  0.0227  0.0229  0.0230  0.0228  0.0229  0.0228  0.0228
  0.0233  0.0232  0.0231  0.0233  0.0232  0.0231  0.0232  0.0235  0.0230  0.0230  0.0230  0.0229
  0.0238  0.0235  0.0233  0.0240  0.0236  0.0243  0.0236  0.0243  0.0232  0.0233  0.0232  0.0231
niter,ni,del,rscale     1    3    5.0000    0.4000
parameters
   -1.1477    2.4870    5.3409   -6.6241   -8.2557  -11.0966
    2.8414   -1.6968   -3.2537    5.3683   -1.8262  -10.6195
eta,q 0.97735 13.96087
  0.0233  0.0231  0.0232  0.0236  0.0232  0.0240  0.0232  0.0237  0.0229  0.0230  0.0229  0.0229
  0.0230  0.0229  0.0230  0.0232  0.0230  0.0236  0.0229  0.0231  0.0228  0.0228  0.0228  0.0228
  0.0228  0.0228  0.0229  0.0229  0.0228  0.0232  0.0227  0.0228  0.0227  0.0227  0.0227  0.0227
  0.0228  0.0228  0.0228  0.0228  0.0228  0.0228  0.0227  0.0227  0.0227  0.0226  0.0226  0.0227
  0.0229  0.0228  0.0228  0.0228  0.0228  0.0226  0.0227  0.0228  0.0227  0.0227  0.0227  0.0227
  0.0231  0.0230  0.0229  0.0230  0.0230  0.0229  0.0229  0.0231  0.0228  0.0228  0.0228  0.0227
  0.0234  0.0232  0.0230  0.0235  0.0232  0.0236  0.0232  0.0237  0.0229  0.0230  0.0229  0.0228
registration optimization eta report
parameter search radius
    0.8000    0.8000    0.8000    2.4000    2.4000    2.4000
    2.4000    2.4000    2.4000    2.4000    2.4000    2.4000
100000*second partial in parameter space
       90.       55.       46.       13.        8.       18.
        9.       18.        5.        6.        5.        3.
  0.0233  0.0231  0.0232  0.0236  0.0232  0.0240  0.0232  0.0237  0.0229  0.0230  0.0229  0.0229
  0.0230  0.0229  0.0230  0.0232  0.0230  0.0236  0.0229  0.0231  0.0228  0.0228  0.0228  0.0228
  0.0228  0.0228  0.0229  0.0229  0.0228  0.0232  0.0227  0.0228  0.0227  0.0227  0.0227  0.0227
  0.0228  0.0228  0.0228  0.0228  0.0228  0.0228  0.0227  0.0227  0.0227  0.0226  0.0226  0.0227
  0.0229  0.0228  0.0228  0.0228  0.0228  0.0226  0.0227  0.0228  0.0227  0.0227  0.0227  0.0227
  0.0231  0.0230  0.0229  0.0230  0.0230  0.0229  0.0229  0.0231  0.0228  0.0228  0.0228  0.0227
  0.0234  0.0232  0.0230  0.0235  0.0232  0.0236  0.0232  0.0237  0.0229  0.0230  0.0229  0.0228
   -1.1477    2.4870    5.3409   -6.6241   -8.2557  -11.0966
    2.8414   -1.6968   -3.2537    5.3683   -1.8262  -10.6195
eta,q 0.97735 13.96087

---------------------------------------------------------------------
compute_vox2vox talsrcimg talsrcimg_to_711-2C_as_mni_average_305_t4 /opt/freesurfer/average/711-2C_as_mni_average_305
---------------------------------------------------------------------

freesurfer compute_vox2vox.c
Reading: talsrcimg.4dfp.ifh
Reading: talsrcimg_to_711-2C_as_mni_average_305_t4
Reading: /opt/freesurfer/average/711-2C_as_mni_average_305.4dfp.ifh
Writing: talsrcimg_to_711-2C_as_mni_average_305_t4_vox2vox.txt

start time Mon Mar 9 03:42:01 CET 2026
end		time Mon Mar 9 03:43:35 CET 2026

mpr2mni305 success

avi2talxfm orig_nu.mgz /opt/freesurfer/average/mni305.cor.mgz talsrcimg_to_711-2C_as_mni_average_305_t4_vox2vox.txt transforms/talairach.auto.xfm
avi2talxfm done
mv -f /out/sourcedata/freesurfer/sub-v1s18x0051205_ses-1/mri/talsrcimg_to_711-2C_as_mni_average_305_t4_vox2vox.txt /out/sourcedata/freesurfer/sub-v1s18x0051205_ses-1/mri/transforms/talsrcimg_to_711-2C_as_mni_average_305_t4_vox2vox.txt
lta_convert --src orig_nu.mgz --trg /opt/freesurfer/average/mni305.cor.mgz --inxfm transforms/talairach.auto.xfm --outlta transforms/talairach.auto.xfm.lta --subject fsaverage
7.3.2

--src: orig_nu.mgz src image (geometry).
--trg: /opt/freesurfer/average/mni305.cor.mgz trg image (geometry).
--inmni: transforms/talairach.auto.xfm input MNI/XFM transform.
--outlta: transforms/talairach.auto.xfm.lta output LTA.
--s: fsaverage subject name
 LTA read, type : 1
 1.07031   0.02227  -0.03057   2.27670;
 0.02634   1.11756   0.12854  -17.14041;
 0.03642  -0.06460   1.08138  -22.56953;
 0.00000   0.00000   0.00000   1.00000;
setting subject to fsaverage
Writing  LTA to file transforms/talairach.auto.xfm.lta...
lta_convert successful.
 
 
Started at Mon Mar 9 03:42:00 CET 2026
Ended   at Mon Mar  9 03:43:35 CET 2026
talairach_avi done
