status file for recon-all
Mon Mar  9 07:11:35 CET 2026
#@# Tessellate rh Mon Mar  9 07:11:35 CET 2026
#@# Smooth1 rh Mon Mar  9 07:11:39 CET 2026
#@# Inflation1 rh Mon Mar  9 07:11:41 CET 2026
#@# QSphere rh Mon Mar  9 07:11:50 CET 2026
#@# Fix Topology rh Mon Mar  9 07:12:50 CET 2026
#@# Smooth2 rh Mon Mar  9 07:18:16 CET 2026
#@# Inflation2 rh Mon Mar  9 07:18:19 CET 2026
#@# Curv .H and .K rh Mon Mar  9 07:18:29 CET 2026
#@# Sphere rh Mon Mar  9 07:19:17 CET 2026
#@# Surf Reg rh Mon Mar  9 07:20:56 CET 2026
#@# Jacobian white rh Mon Mar  9 07:23:44 CET 2026
#@# AvgCurv rh Mon Mar  9 07:23:45 CET 2026
#@# Cortical Parc rh Mon Mar  9 07:23:46 CET 2026
#@# white curv rh Mon Mar  9 07:29:40 CET 2026
#@# white area rh Mon Mar  9 07:29:42 CET 2026
#@# pial curv rh Mon Mar  9 07:29:43 CET 2026
#@# pial area rh Mon Mar  9 07:29:44 CET 2026
#@# thickness rh Mon Mar  9 07:29:45 CET 2026
#@# area and vertex vol rh Mon Mar  9 07:30:14 CET 2026
#@# Curvature Stats rh Mon Mar  9 07:30:15 CET 2026
#@# Cortical Parc 2 rh Mon Mar  9 07:30:17 CET 2026
#@# Cortical Parc 3 rh Mon Mar  9 07:30:30 CET 2026
#@# WM/GM Contrast rh Mon Mar  9 07:30:40 CET 2026
recon-all -s sub-v1s18x0051237_ses-1 finished without error at Mon Mar  9 07:30:42 CET 2026



#New# invocation of recon-all 



status file for recon-all
Mon Mar  9 07:38:26 CET 2026
#@# white curv rh Mon Mar  9 07:38:26 CET 2026
#@# white area rh Mon Mar  9 07:38:26 CET 2026
#@# pial curv rh Mon Mar  9 07:38:26 CET 2026
#@# pial area rh Mon Mar  9 07:38:26 CET 2026
#@# thickness rh Mon Mar  9 07:38:26 CET 2026
#@# area and vertex vol rh Mon Mar  9 07:38:26 CET 2026
#@# Parcellation Stats rh Mon Mar  9 07:38:26 CET 2026
#@# Parcellation Stats 2 rh Mon Mar  9 07:38:44 CET 2026
#@# Parcellation Stats 3 rh Mon Mar  9 07:38:54 CET 2026
#@# BA_exvivo Labels rh Mon Mar  9 07:39:03 CET 2026
recon-all -s sub-v1s18x0051237_ses-1 finished without error at Mon Mar  9 07:41:24 CET 2026
