status file for recon-all
Mon Mar  9 06:52:56 CET 2026
#@# Tessellate lh Mon Mar  9 06:52:56 CET 2026
#@# Smooth1 lh Mon Mar  9 06:52:59 CET 2026
#@# Inflation1 lh Mon Mar  9 06:53:02 CET 2026
#@# QSphere lh Mon Mar  9 06:53:11 CET 2026
#@# Fix Topology lh Mon Mar  9 06:54:05 CET 2026
#@# Smooth2 lh Mon Mar  9 06:59:26 CET 2026
#@# Inflation2 lh Mon Mar  9 06:59:29 CET 2026
#@# Curv .H and .K lh Mon Mar  9 06:59:39 CET 2026
#@# Sphere lh Mon Mar  9 07:00:26 CET 2026
#@# Surf Reg lh Mon Mar  9 07:02:10 CET 2026
#@# Jacobian white lh Mon Mar  9 07:04:45 CET 2026
#@# AvgCurv lh Mon Mar  9 07:04:46 CET 2026
#@# Cortical Parc lh Mon Mar  9 07:04:47 CET 2026
#@# white curv lh Mon Mar  9 07:10:31 CET 2026
#@# white area lh Mon Mar  9 07:10:32 CET 2026
#@# pial curv lh Mon Mar  9 07:10:33 CET 2026
#@# pial area lh Mon Mar  9 07:10:34 CET 2026
#@# thickness lh Mon Mar  9 07:10:35 CET 2026
#@# area and vertex vol lh Mon Mar  9 07:11:04 CET 2026
#@# Curvature Stats lh Mon Mar  9 07:11:05 CET 2026
#@# Cortical Parc 2 lh Mon Mar  9 07:11:07 CET 2026
#@# Cortical Parc 3 lh Mon Mar  9 07:11:20 CET 2026
#@# WM/GM Contrast lh Mon Mar  9 07:11:30 CET 2026
recon-all -s sub-v1s18x0051237_ses-1 finished without error at Mon Mar  9 07:11:32 CET 2026



#New# invocation of recon-all 



status file for recon-all
Mon Mar  9 07:35:28 CET 2026
#@# white curv lh Mon Mar  9 07:35:28 CET 2026
#@# white area lh Mon Mar  9 07:35:28 CET 2026
#@# pial curv lh Mon Mar  9 07:35:28 CET 2026
#@# pial area lh Mon Mar  9 07:35:28 CET 2026
#@# thickness lh Mon Mar  9 07:35:28 CET 2026
#@# area and vertex vol lh Mon Mar  9 07:35:28 CET 2026
#@# Parcellation Stats lh Mon Mar  9 07:35:28 CET 2026
#@# Parcellation Stats 2 lh Mon Mar  9 07:35:46 CET 2026
#@# Parcellation Stats 3 lh Mon Mar  9 07:35:55 CET 2026
#@# BA_exvivo Labels lh Mon Mar  9 07:36:04 CET 2026
recon-all -s sub-v1s18x0051237_ses-1 finished without error at Mon Mar  9 07:38:25 CET 2026
