status file for recon-all
Mon Mar  9 06:57:48 CET 2026
#@# MotionCor Mon Mar  9 06:57:49 CET 2026
#@# Talairach Mon Mar  9 06:57:55 CET 2026
#@# Talairach Failure Detection Mon Mar  9 07:00:44 CET 2026
#@# Nu Intensity Correction Mon Mar  9 07:00:44 CET 2026
#@# Intensity Normalization Mon Mar  9 07:03:30 CET 2026
recon-all -s sub-v1s18x0051268_ses-1 finished without error at Mon Mar  9 07:04:26 CET 2026



#New# invocation of recon-all 



status file for recon-all
Mon Mar  9 07:10:27 CET 2026
#@# EM Registration Mon Mar  9 07:10:27 CET 2026
recon-all -s sub-v1s18x0051268_ses-1 finished without error at Mon Mar  9 07:12:55 CET 2026



#New# invocation of recon-all 



status file for recon-all
Mon Mar  9 07:12:58 CET 2026
#@# CA Normalize Mon Mar  9 07:12:58 CET 2026
#@# CA Reg Mon Mar  9 07:13:51 CET 2026
#@# SubCort Seg Mon Mar  9 08:00:10 CET 2026
#@# CC Seg Mon Mar  9 08:20:30 CET 2026
#@# Merge ASeg Mon Mar  9 08:20:49 CET 2026
#@# Intensity Normalization2 Mon Mar  9 08:20:49 CET 2026
#@# Mask BFS Mon Mar  9 08:22:09 CET 2026
#@# WM Segmentation Mon Mar  9 08:22:09 CET 2026
#@# Fill Mon Mar  9 08:23:37 CET 2026
recon-all -s sub-v1s18x0051268_ses-1 finished without error at Mon Mar  9 08:24:14 CET 2026



#New# invocation of recon-all 



status file for recon-all
Mon Mar  9 09:10:05 CET 2026
#@# white curv lh Mon Mar  9 09:10:05 CET 2026
#@# white area lh Mon Mar  9 09:10:05 CET 2026
#@# pial curv lh Mon Mar  9 09:10:05 CET 2026
#@# pial area lh Mon Mar  9 09:10:05 CET 2026
#@# thickness lh Mon Mar  9 09:10:05 CET 2026
#@# area and vertex vol lh Mon Mar  9 09:10:05 CET 2026
#@# white curv rh Mon Mar  9 09:10:05 CET 2026
#@# white area rh Mon Mar  9 09:10:05 CET 2026
#@# pial curv rh Mon Mar  9 09:10:05 CET 2026
#@# pial area rh Mon Mar  9 09:10:05 CET 2026
#@# thickness rh Mon Mar  9 09:10:05 CET 2026
#@# area and vertex vol rh Mon Mar  9 09:10:05 CET 2026
#@# Cortical ribbon mask Mon Mar  9 09:10:05 CET 2026
recon-all -s sub-v1s18x0051268_ses-1 finished without error at Mon Mar  9 09:13:58 CET 2026



#New# invocation of recon-all 



status file for recon-all
Mon Mar  9 09:19:40 CET 2026
#@# white curv lh Mon Mar  9 09:19:40 CET 2026
#@# white area lh Mon Mar  9 09:19:40 CET 2026
#@# pial curv lh Mon Mar  9 09:19:40 CET 2026
#@# pial area lh Mon Mar  9 09:19:40 CET 2026
#@# thickness lh Mon Mar  9 09:19:40 CET 2026
#@# area and vertex vol lh Mon Mar  9 09:19:40 CET 2026
#@# white curv rh Mon Mar  9 09:19:40 CET 2026
#@# white area rh Mon Mar  9 09:19:40 CET 2026
#@# pial curv rh Mon Mar  9 09:19:40 CET 2026
#@# pial area rh Mon Mar  9 09:19:40 CET 2026
#@# thickness rh Mon Mar  9 09:19:40 CET 2026
#@# area and vertex vol rh Mon Mar  9 09:19:40 CET 2026
#@# Curvature Stats lh Mon Mar  9 09:19:40 CET 2026
#@# Curvature Stats rh Mon Mar  9 09:19:42 CET 2026
#@# Relabel Hypointensities Mon Mar  9 09:19:44 CET 2026
#@# APas-to-ASeg Mon Mar  9 09:19:55 CET 2026
#@# AParc-to-ASeg aparc Mon Mar  9 09:20:02 CET 2026
#@# AParc-to-ASeg aparc.a2009s Mon Mar  9 09:20:23 CET 2026
#@# AParc-to-ASeg aparc.DKTatlas Mon Mar  9 09:20:49 CET 2026
#@# WMParc Mon Mar  9 09:21:18 CET 2026
#@# ASeg Stats Mon Mar  9 09:23:39 CET 2026
recon-all -s sub-v1s18x0051268_ses-1 finished without error at Mon Mar  9 09:23:59 CET 2026
