status file for recon-all
Mon Mar  9 08:45:21 CET 2026
#@# Tessellate rh Mon Mar  9 08:45:21 CET 2026
#@# Smooth1 rh Mon Mar  9 08:45:24 CET 2026
#@# Inflation1 rh Mon Mar  9 08:45:26 CET 2026
#@# QSphere rh Mon Mar  9 08:45:39 CET 2026
#@# Fix Topology rh Mon Mar  9 08:46:39 CET 2026
#@# Smooth2 rh Mon Mar  9 08:53:00 CET 2026
#@# Inflation2 rh Mon Mar  9 08:53:02 CET 2026
#@# Curv .H and .K rh Mon Mar  9 08:53:17 CET 2026
#@# Sphere rh Mon Mar  9 08:53:57 CET 2026
#@# Surf Reg rh Mon Mar  9 08:57:29 CET 2026
#@# Jacobian white rh Mon Mar  9 09:02:33 CET 2026
#@# AvgCurv rh Mon Mar  9 09:02:34 CET 2026
#@# Cortical Parc rh Mon Mar  9 09:02:34 CET 2026
#@# white curv rh Mon Mar  9 09:09:10 CET 2026
#@# white area rh Mon Mar  9 09:09:12 CET 2026
#@# pial curv rh Mon Mar  9 09:09:13 CET 2026
#@# pial area rh Mon Mar  9 09:09:14 CET 2026
#@# thickness rh Mon Mar  9 09:09:15 CET 2026
#@# area and vertex vol rh Mon Mar  9 09:09:36 CET 2026
#@# Curvature Stats rh Mon Mar  9 09:09:37 CET 2026
#@# Cortical Parc 2 rh Mon Mar  9 09:09:39 CET 2026
#@# Cortical Parc 3 rh Mon Mar  9 09:09:50 CET 2026
#@# WM/GM Contrast rh Mon Mar  9 09:09:58 CET 2026
recon-all -s sub-v1s18x0051268_ses-1 finished without error at Mon Mar  9 09:10:00 CET 2026



#New# invocation of recon-all 



status file for recon-all
Mon Mar  9 09:16:48 CET 2026
#@# white curv rh Mon Mar  9 09:16:49 CET 2026
#@# white area rh Mon Mar  9 09:16:49 CET 2026
#@# pial curv rh Mon Mar  9 09:16:49 CET 2026
#@# pial area rh Mon Mar  9 09:16:49 CET 2026
#@# thickness rh Mon Mar  9 09:16:49 CET 2026
#@# area and vertex vol rh Mon Mar  9 09:16:49 CET 2026
#@# Parcellation Stats rh Mon Mar  9 09:16:49 CET 2026
#@# Parcellation Stats 2 rh Mon Mar  9 09:17:06 CET 2026
#@# Parcellation Stats 3 rh Mon Mar  9 09:17:14 CET 2026
#@# BA_exvivo Labels rh Mon Mar  9 09:17:23 CET 2026
recon-all -s sub-v1s18x0051268_ses-1 finished without error at Mon Mar  9 09:19:35 CET 2026
