status file for recon-all
Mon Mar  9 08:24:19 CET 2026
#@# Tessellate lh Mon Mar  9 08:24:19 CET 2026
#@# Smooth1 lh Mon Mar  9 08:24:21 CET 2026
#@# Inflation1 lh Mon Mar  9 08:24:23 CET 2026
#@# QSphere lh Mon Mar  9 08:24:36 CET 2026
#@# Fix Topology lh Mon Mar  9 08:25:30 CET 2026
#@# Smooth2 lh Mon Mar  9 08:31:20 CET 2026
#@# Inflation2 lh Mon Mar  9 08:31:22 CET 2026
#@# Curv .H and .K lh Mon Mar  9 08:31:34 CET 2026
#@# Sphere lh Mon Mar  9 08:32:13 CET 2026
#@# Surf Reg lh Mon Mar  9 08:34:48 CET 2026
#@# Jacobian white lh Mon Mar  9 08:38:16 CET 2026
#@# AvgCurv lh Mon Mar  9 08:38:17 CET 2026
#@# Cortical Parc lh Mon Mar  9 08:38:18 CET 2026
#@# white curv lh Mon Mar  9 08:44:31 CET 2026
#@# white area lh Mon Mar  9 08:44:32 CET 2026
#@# pial curv lh Mon Mar  9 08:44:32 CET 2026
#@# pial area lh Mon Mar  9 08:44:34 CET 2026
#@# thickness lh Mon Mar  9 08:44:34 CET 2026
#@# area and vertex vol lh Mon Mar  9 08:44:55 CET 2026
#@# Curvature Stats lh Mon Mar  9 08:44:56 CET 2026
#@# Cortical Parc 2 lh Mon Mar  9 08:44:58 CET 2026
#@# Cortical Parc 3 lh Mon Mar  9 08:45:08 CET 2026
#@# WM/GM Contrast lh Mon Mar  9 08:45:16 CET 2026
recon-all -s sub-v1s18x0051268_ses-1 finished without error at Mon Mar  9 08:45:18 CET 2026



#New# invocation of recon-all 



status file for recon-all
Mon Mar  9 09:14:01 CET 2026
#@# white curv lh Mon Mar  9 09:14:01 CET 2026
#@# white area lh Mon Mar  9 09:14:01 CET 2026
#@# pial curv lh Mon Mar  9 09:14:01 CET 2026
#@# pial area lh Mon Mar  9 09:14:01 CET 2026
#@# thickness lh Mon Mar  9 09:14:01 CET 2026
#@# area and vertex vol lh Mon Mar  9 09:14:01 CET 2026
#@# Parcellation Stats lh Mon Mar  9 09:14:01 CET 2026
#@# Parcellation Stats 2 lh Mon Mar  9 09:14:18 CET 2026
#@# Parcellation Stats 3 lh Mon Mar  9 09:14:27 CET 2026
#@# BA_exvivo Labels lh Mon Mar  9 09:14:35 CET 2026
recon-all -s sub-v1s18x0051268_ses-1 finished without error at Mon Mar  9 09:16:44 CET 2026
