status file for recon-all
Mon Mar  9 05:05:35 CET 2026
#@# MotionCor Mon Mar  9 05:05:36 CET 2026
#@# Talairach Mon Mar  9 05:05:44 CET 2026
#@# Talairach Failure Detection Mon Mar  9 05:10:07 CET 2026
#@# Nu Intensity Correction Mon Mar  9 05:10:07 CET 2026
#@# Intensity Normalization Mon Mar  9 05:13:20 CET 2026
recon-all -s sub-v1s18x0051234_ses-1 finished without error at Mon Mar  9 05:14:46 CET 2026



#New# invocation of recon-all 



status file for recon-all
Mon Mar  9 05:21:37 CET 2026
#@# EM Registration Mon Mar  9 05:21:37 CET 2026
recon-all -s sub-v1s18x0051234_ses-1 finished without error at Mon Mar  9 05:23:28 CET 2026



#New# invocation of recon-all 



status file for recon-all
Mon Mar  9 05:23:30 CET 2026
#@# CA Normalize Mon Mar  9 05:23:30 CET 2026
#@# CA Reg Mon Mar  9 05:24:49 CET 2026
#@# SubCort Seg Mon Mar  9 06:03:10 CET 2026
#@# CC Seg Mon Mar  9 06:29:19 CET 2026
#@# Merge ASeg Mon Mar  9 06:29:52 CET 2026
#@# Intensity Normalization2 Mon Mar  9 06:29:52 CET 2026
#@# Mask BFS Mon Mar  9 06:32:03 CET 2026
#@# WM Segmentation Mon Mar  9 06:32:04 CET 2026
#@# Fill Mon Mar  9 06:33:55 CET 2026
recon-all -s sub-v1s18x0051234_ses-1 finished without error at Mon Mar  9 06:34:56 CET 2026



#New# invocation of recon-all 



status file for recon-all
Mon Mar  9 07:12:04 CET 2026
#@# white curv lh Mon Mar  9 07:12:04 CET 2026
#@# white area lh Mon Mar  9 07:12:04 CET 2026
#@# pial curv lh Mon Mar  9 07:12:04 CET 2026
#@# pial area lh Mon Mar  9 07:12:04 CET 2026
#@# thickness lh Mon Mar  9 07:12:04 CET 2026
#@# area and vertex vol lh Mon Mar  9 07:12:04 CET 2026
#@# white curv rh Mon Mar  9 07:12:04 CET 2026
#@# white area rh Mon Mar  9 07:12:04 CET 2026
#@# pial curv rh Mon Mar  9 07:12:04 CET 2026
#@# pial area rh Mon Mar  9 07:12:04 CET 2026
#@# thickness rh Mon Mar  9 07:12:04 CET 2026
#@# area and vertex vol rh Mon Mar  9 07:12:04 CET 2026
#@# Cortical ribbon mask Mon Mar  9 07:12:05 CET 2026
recon-all -s sub-v1s18x0051234_ses-1 finished without error at Mon Mar  9 07:16:05 CET 2026



#New# invocation of recon-all 



status file for recon-all
Mon Mar  9 07:21:40 CET 2026
#@# white curv lh Mon Mar  9 07:21:40 CET 2026
#@# white area lh Mon Mar  9 07:21:40 CET 2026
#@# pial curv lh Mon Mar  9 07:21:40 CET 2026
#@# pial area lh Mon Mar  9 07:21:40 CET 2026
#@# thickness lh Mon Mar  9 07:21:40 CET 2026
#@# area and vertex vol lh Mon Mar  9 07:21:40 CET 2026
#@# white curv rh Mon Mar  9 07:21:40 CET 2026
#@# white area rh Mon Mar  9 07:21:40 CET 2026
#@# pial curv rh Mon Mar  9 07:21:40 CET 2026
#@# pial area rh Mon Mar  9 07:21:40 CET 2026
#@# thickness rh Mon Mar  9 07:21:40 CET 2026
#@# area and vertex vol rh Mon Mar  9 07:21:40 CET 2026
#@# Curvature Stats lh Mon Mar  9 07:21:40 CET 2026
#@# Curvature Stats rh Mon Mar  9 07:21:42 CET 2026
#@# Relabel Hypointensities Mon Mar  9 07:21:44 CET 2026
#@# APas-to-ASeg Mon Mar  9 07:21:58 CET 2026
#@# AParc-to-ASeg aparc Mon Mar  9 07:22:05 CET 2026
#@# AParc-to-ASeg aparc.a2009s Mon Mar  9 07:22:43 CET 2026
#@# AParc-to-ASeg aparc.DKTatlas Mon Mar  9 07:23:20 CET 2026
#@# WMParc Mon Mar  9 07:23:57 CET 2026
#@# ASeg Stats Mon Mar  9 07:27:29 CET 2026
recon-all -s sub-v1s18x0051234_ses-1 finished without error at Mon Mar  9 07:28:00 CET 2026
