status file for recon-all
Thu Mar 12 13:50:57 CET 2026
#@# Tessellate lh Thu Mar 12 13:50:57 CET 2026
#@# Smooth1 lh Thu Mar 12 13:51:00 CET 2026
#@# Inflation1 lh Thu Mar 12 13:51:03 CET 2026
#@# QSphere lh Thu Mar 12 13:51:17 CET 2026
#@# Fix Topology lh Thu Mar 12 13:52:25 CET 2026
#@# Smooth2 lh Thu Mar 12 13:58:05 CET 2026
#@# Inflation2 lh Thu Mar 12 13:58:08 CET 2026
#@# Curv .H and .K lh Thu Mar 12 13:58:23 CET 2026
#@# Sphere lh Thu Mar 12 13:59:08 CET 2026
#@# Surf Reg lh Thu Mar 12 14:02:36 CET 2026
#@# Jacobian white lh Thu Mar 12 14:06:28 CET 2026
#@# AvgCurv lh Thu Mar 12 14:06:29 CET 2026
#@# Cortical Parc lh Thu Mar 12 14:06:30 CET 2026
#@# white curv lh Thu Mar 12 14:12:53 CET 2026
#@# white area lh Thu Mar 12 14:12:55 CET 2026
#@# pial curv lh Thu Mar 12 14:12:56 CET 2026
#@# pial area lh Thu Mar 12 14:12:58 CET 2026
#@# thickness lh Thu Mar 12 14:12:59 CET 2026
#@# area and vertex vol lh Thu Mar 12 14:13:28 CET 2026
#@# Curvature Stats lh Thu Mar 12 14:13:29 CET 2026
#@# Cortical Parc 2 lh Thu Mar 12 14:13:32 CET 2026
#@# Cortical Parc 3 lh Thu Mar 12 14:13:45 CET 2026
#@# WM/GM Contrast lh Thu Mar 12 14:13:55 CET 2026
recon-all -s sub-v1s18x0051279_ses-1 finished without error at Thu Mar 12 14:13:58 CET 2026



#New# invocation of recon-all 



status file for recon-all
Thu Mar 12 14:46:39 CET 2026
#@# white curv lh Thu Mar 12 14:46:39 CET 2026
#@# white area lh Thu Mar 12 14:46:39 CET 2026
#@# pial curv lh Thu Mar 12 14:46:39 CET 2026
#@# pial area lh Thu Mar 12 14:46:39 CET 2026
#@# thickness lh Thu Mar 12 14:46:39 CET 2026
#@# area and vertex vol lh Thu Mar 12 14:46:39 CET 2026
#@# Parcellation Stats lh Thu Mar 12 14:46:39 CET 2026
#@# Parcellation Stats 2 lh Thu Mar 12 14:46:58 CET 2026
#@# Parcellation Stats 3 lh Thu Mar 12 14:47:08 CET 2026
#@# BA_exvivo Labels lh Thu Mar 12 14:47:16 CET 2026
recon-all -s sub-v1s18x0051279_ses-1 finished without error at Thu Mar 12 14:49:54 CET 2026
