status file for recon-all
Thu Mar 12 14:14:01 CET 2026
#@# Tessellate rh Thu Mar 12 14:14:01 CET 2026
#@# Smooth1 rh Thu Mar 12 14:14:04 CET 2026
#@# Inflation1 rh Thu Mar 12 14:14:07 CET 2026
#@# QSphere rh Thu Mar 12 14:14:20 CET 2026
#@# Fix Topology rh Thu Mar 12 14:15:46 CET 2026
#@# Smooth2 rh Thu Mar 12 14:21:55 CET 2026
#@# Inflation2 rh Thu Mar 12 14:21:58 CET 2026
#@# Curv .H and .K rh Thu Mar 12 14:22:14 CET 2026
#@# Sphere rh Thu Mar 12 14:22:58 CET 2026
#@# Surf Reg rh Thu Mar 12 14:28:40 CET 2026
#@# Jacobian white rh Thu Mar 12 14:34:52 CET 2026
#@# AvgCurv rh Thu Mar 12 14:34:53 CET 2026
#@# Cortical Parc rh Thu Mar 12 14:34:54 CET 2026
#@# white curv rh Thu Mar 12 14:41:19 CET 2026
#@# white area rh Thu Mar 12 14:41:21 CET 2026
#@# pial curv rh Thu Mar 12 14:41:22 CET 2026
#@# pial area rh Thu Mar 12 14:41:23 CET 2026
#@# thickness rh Thu Mar 12 14:41:24 CET 2026
#@# area and vertex vol rh Thu Mar 12 14:41:52 CET 2026
#@# Curvature Stats rh Thu Mar 12 14:41:54 CET 2026
#@# Cortical Parc 2 rh Thu Mar 12 14:41:57 CET 2026
#@# Cortical Parc 3 rh Thu Mar 12 14:42:10 CET 2026
#@# WM/GM Contrast rh Thu Mar 12 14:42:20 CET 2026
recon-all -s sub-v1s18x0051279_ses-1 finished without error at Thu Mar 12 14:42:23 CET 2026



#New# invocation of recon-all 



status file for recon-all
Thu Mar 12 14:49:59 CET 2026
#@# white curv rh Thu Mar 12 14:49:59 CET 2026
#@# white area rh Thu Mar 12 14:49:59 CET 2026
#@# pial curv rh Thu Mar 12 14:49:59 CET 2026
#@# pial area rh Thu Mar 12 14:49:59 CET 2026
#@# thickness rh Thu Mar 12 14:49:59 CET 2026
#@# area and vertex vol rh Thu Mar 12 14:49:59 CET 2026
#@# Parcellation Stats rh Thu Mar 12 14:49:59 CET 2026
#@# Parcellation Stats 2 rh Thu Mar 12 14:50:18 CET 2026
#@# Parcellation Stats 3 rh Thu Mar 12 14:50:27 CET 2026
#@# BA_exvivo Labels rh Thu Mar 12 14:50:37 CET 2026
recon-all -s sub-v1s18x0051279_ses-1 finished without error at Thu Mar 12 14:53:20 CET 2026
