/out/sourcedata/freesurfer/sub-v1s18x0051256_ses-1/mri
/opt/freesurfer/bin/talairach_avi
--i orig_nu.mgz --xfm transforms/talairach.auto.xfm
talairach_avi 7.3.2
Linux dna007 5.14.0-427.37.1.el9_4.x86_64 #1 SMP PREEMPT_DYNAMIC Fri Sep 13 12:41:50 EDT 2024 x86_64 x86_64 x86_64 GNU/Linux
Mon Mar  9 06:12:38 CET 2026
mri_convert orig_nu.mgz talsrcimg.img 
reading from orig_nu.mgz...
TR=0.00, TE=0.00, TI=0.00, flip angle=0.00
i_ras = (-1, 0, 0)
j_ras = (0, 0, -1)
k_ras = (0, 1, 0)
writing to talsrcimg.img...
Analyze Output Matrix
-1.00000   0.00000   0.00000   130.13397;
 0.00000   0.00000   1.00000  -129.21597;
 0.00000  -1.00000   0.00000   132.46075;
 0.00000   0.00000   0.00000   1.00000;
--------------------
INFO: set hdr.hist.orient to -1
mpr2mni305 talsrcimg
Mon Mar  9 06:12:38 CET 2026
/opt/freesurfer/bin/mpr2mni305 talsrcimg
mpr2mni305 7.3.2
target=711-2C_as_mni_average_305

---------------------------------------------------------------------
analyzeto4dfp talsrcimg -O0 -y
---------------------------------------------------------------------

freesurfer ifh2hdr.c
Mon Mar  9 06:12:38 2026
Writing: talsrcimg.4dfp.hdr
freesurfer analyzeto4dfp.c
Reading: talsrcimg.hdr
header size 348 bytes
hdr.dime.datatype	offset=70	value=2
hdr.dime.bitpix		offset=72	value=8
hdr.hist.orient		offset=252	value=-1
dimensionality     4
dimensions       256       256       256         1
Reading: talsrcimg.img
Writing: talsrcimg.4dfp.img
Writing: talsrcimg.4dfp.ifh
ifh2hdr talsrcimg -r0to239
ori=2

---------------------------------------------------------------------
gauss_4dfp talsrcimg 1.1
---------------------------------------------------------------------

freesurfer gauss_4dfp.c
Reading: talsrcimg.4dfp.img
Writing: talsrcimg_g11.4dfp.img
image dimensions 256 256 256 padded to 288 288 288
processing volume 1freesurfer ifh2hdr.c
Mon Mar  9 06:12:40 2026
Writing: talsrcimg_g11.4dfp.hdr

Writing: talsrcimg_g11.4dfp.ifh
including: talsrcimg.4dfp.img.rec in talsrcimg_g11.4dfp.img.rec

---------------------------------------------------------------------
imgreg_4dfp /opt/freesurfer/average/711-2C_as_mni_average_305 none talsrcimg_g11 none talsrcimg_to_711-2C_as_mni_average_305_t4 4355
---------------------------------------------------------------------

freesurfer imgreg_4dfp.c
/opt/freesurfer/average/711-2C_as_mni_average_305.4dfp.img
       256       256       256         1
  1.000000  1.000000  1.000000
orientation T byte_order littleendian
Reading image: /opt/freesurfer/average/711-2C_as_mni_average_305.4dfp.img
dimensions:      256       256       256
mmppix:       1.0000   -1.0000   -1.0000
center:     128.0000 -129.0000 -129.0000
talsrcimg_g11.4dfp.img
       256       256       256         1
  1.000000  1.000000  1.000000
orientation T byte_order littleendian
Reading image: talsrcimg_g11.4dfp.img
dimensions:      256       256       256
mmppix:       1.0000   -1.0000   -1.0000
center:     128.0000 -129.0000 -129.0000
t4_read: open error in t4_sub.f l:  41 t4_file(1:l)talsrcimg_to_711-2C_as_mni_average_305_t4 
t4_read: transform initialized to I4
rotation matrix determinant  1.000000
image alignment mode   4355 decimal     1103 hex
   -7.5000  -45.0000  -45.0000 6821.0127   16.9869
    0.0000  -45.0000  -45.0000 7141.0381   16.9355
    7.5000  -45.0000  -45.0000 6860.9312   16.9219
   -7.5000  -37.5000  -45.0000 7381.0093   16.8025
    0.0000  -37.5000  -45.0000 7713.5996   16.7499
    7.5000  -37.5000  -45.0000 7397.4443   16.7420
   -7.5000  -30.0000  -45.0000 8254.3135   16.6945
    0.0000  -30.0000  -45.0000 8625.8643   16.6381
    7.5000  -30.0000  -45.0000 8254.4268   16.6284
   -7.5000  -22.5000  -45.0000 9115.8604   16.6220
    0.0000  -22.5000  -45.0000 9540.0850   16.5619
    7.5000  -22.5000  -45.0000 9135.2822   16.5421
   -7.5000  -15.0000  -45.0000 9907.5029   16.6111
    0.0000  -15.0000  -45.000010379.9834   16.5510
    7.5000  -15.0000  -45.0000 9925.6279   16.5252
   -7.5000   -7.5000  -45.000010654.9404   16.6142
    0.0000   -7.5000  -45.000011157.1416   16.5592
    7.5000   -7.5000  -45.000010669.0459   16.5359
   -7.5000    0.0000  -45.000011348.8096   16.6252
    0.0000    0.0000  -45.000011862.5342   16.5742
    7.5000    0.0000  -45.000011346.2891   16.5577
   -7.5000    7.5000  -45.000011220.6650   16.6308
    0.0000    7.5000  -45.000011723.2871   16.5794
    7.5000    7.5000  -45.000011190.5078   16.5699
   -7.5000   15.0000  -45.000010903.0527   16.6278
    0.0000   15.0000  -45.000011365.6768   16.5724
    7.5000   15.0000  -45.000010844.4678   16.5621
   -7.5000   22.5000  -45.000010507.3184   16.6167
    0.0000   22.5000  -45.000010948.6455   16.5567
    7.5000   22.5000  -45.000010437.5537   16.5369
   -7.5000   30.0000  -45.000010009.0420   16.3897
    0.0000   30.0000  -45.000010425.2471   16.3305
    7.5000   30.0000  -45.0000 9930.4521   16.3050
   -7.5000   37.5000  -45.0000 9676.8984   16.3928
    0.0000   37.5000  -45.000010103.5215   16.3385
    7.5000   37.5000  -45.0000 9624.7500   16.3155
   -7.5000   45.0000  -45.0000 8935.3545   15.9871
    0.0000   45.0000  -45.0000 9342.8486   15.9381
    7.5000   45.0000  -45.0000 8894.4219   15.9222
   -7.5000  -45.0000  -37.5000 7286.6191   16.7584
    0.0000  -45.0000  -37.5000 7621.4839   16.7016
    7.5000  -45.0000  -37.5000 7294.7485   16.6827
   -7.5000  -37.5000  -37.5000 7886.4453   16.5666
    0.0000  -37.5000  -37.5000 8248.2607   16.5070
    7.5000  -37.5000  -37.5000 7881.4316   16.4973
   -7.5000  -30.0000  -37.5000 8814.7217   16.4534
    0.0000  -30.0000  -37.5000 9208.8389   16.3898
    7.5000  -30.0000  -37.5000 8799.5957   16.3800
   -7.5000  -22.5000  -37.5000 9754.7686   16.3828
    0.0000  -22.5000  -37.500010202.1855   16.3174
    7.5000  -22.5000  -37.5000 9752.5488   16.2960
   -7.5000  -15.0000  -37.500010596.1934   16.3789
    0.0000  -15.0000  -37.500011104.2432   16.3148
    7.5000  -15.0000  -37.500010609.4268   16.2834
   -7.5000   -7.5000  -37.500011379.9023   16.3859
    0.0000   -7.5000  -37.500011911.2891   16.3267
    7.5000   -7.5000  -37.500011372.4463   16.2961
   -7.5000    0.0000  -37.500012077.5479   16.3936
    0.0000    0.0000  -37.500012626.0859   16.3377
    7.5000    0.0000  -37.500012061.3135   16.3160
   -7.5000    7.5000  -37.500011928.9531   16.3933
    0.0000    7.5000  -37.500012439.6377   16.3351
    7.5000    7.5000  -37.500011886.2148   16.3239
   -7.5000   15.0000  -37.500011565.7354   16.3866
    0.0000   15.0000  -37.500012059.3291   16.3239
    7.5000   15.0000  -37.500011504.3184   16.3137
   -7.5000   22.5000  -37.500011122.1162   16.3776
    0.0000   22.5000  -37.500011605.2998   16.3123
    7.5000   22.5000  -37.500011052.9893   16.2909
   -7.5000   30.0000  -37.500010623.8418   16.1607
    0.0000   30.0000  -37.500011089.8096   16.0974
    7.5000   30.0000  -37.500010553.3525   16.0664
   -7.5000   37.5000  -37.500010268.9014   16.1675
    0.0000   37.5000  -37.500010744.4854   16.1091
    7.5000   37.5000  -37.500010241.8154   16.0789
   -7.5000   45.0000  -37.5000 9437.9326   15.7644
    0.0000   45.0000  -37.5000 9877.4199   15.7106
    7.5000   45.0000  -37.5000 9423.4307   15.6898
   -7.5000  -45.0000  -30.0000 7856.9673   17.3329
    0.0000  -45.0000  -30.0000 8207.1016   17.2689
    7.5000  -45.0000  -30.0000 7864.7905   17.2400
   -7.5000  -37.5000  -30.0000 8527.0693   17.1331
    0.0000  -37.5000  -30.0000 8911.3193   17.0644
    7.5000  -37.5000  -30.0000 8530.9121   17.0498
   -7.5000  -30.0000  -30.0000 9554.4980   17.0110
    0.0000  -30.0000  -30.0000 9991.5752   16.9367
    7.5000  -30.0000  -30.0000 9553.4824   16.9253
   -7.5000  -22.5000  -30.000010565.3398   16.9349
    0.0000  -22.5000  -30.000011067.0635   16.8597
    7.5000  -22.5000  -30.000010569.3125   16.8355
   -7.5000  -15.0000  -30.000011482.1074   16.9336
    0.0000  -15.0000  -30.000012023.8945   16.8615
    7.5000  -15.0000  -30.000011482.9238   16.8226
   -7.5000   -7.5000  -30.000012313.3008   16.9475
    0.0000   -7.5000  -30.000012876.1123   16.8813
    7.5000   -7.5000  -30.000012276.7461   16.8396
   -7.5000    0.0000  -30.000013058.4912   16.9584
    0.0000    0.0000  -30.000013617.6982   16.8955
    7.5000    0.0000  -30.000012992.9648   16.8642
   -7.5000    7.5000  -30.000012873.2793   16.9549
    0.0000    7.5000  -30.000013407.3887   16.8878
    7.5000    7.5000  -30.000012792.5820   16.8717
   -7.5000   15.0000  -30.000012460.1514   16.9422
    0.0000   15.0000  -30.000012995.6367   16.8690
    7.5000   15.0000  -30.000012381.8975   16.8571
   -7.5000   22.5000  -30.000011945.2549   16.9278
    0.0000   22.5000  -30.000012473.9990   16.8527
    7.5000   22.5000  -30.000011877.8398   16.8285
   -7.5000   30.0000  -30.000011405.0098   16.7096
    0.0000   30.0000  -30.000011931.1299   16.6384
    7.5000   30.0000  -30.000011344.9365   16.6000
   -7.5000   37.5000  -30.000011009.1943   16.7233
    0.0000   37.5000  -30.000011545.9561   16.6579
    7.5000   37.5000  -30.000011000.0059   16.6168
   -7.5000   45.0000  -30.000010104.6758   16.3195
    0.0000   45.0000  -30.000010562.7725   16.2590
    7.5000   45.0000  -30.000010095.2256   16.2289
   -7.5000  -45.0000  -22.5000 8480.9141   17.9060
    0.0000  -45.0000  -22.5000 8850.5684   17.8412
    7.5000  -45.0000  -22.5000 8481.8086   17.8087
   -7.5000  -37.5000  -22.5000 9218.4756   17.7031
    0.0000  -37.5000  -22.5000 9634.2666   17.6335
    7.5000  -37.5000  -22.5000 9217.8750   17.6164
   -7.5000  -30.0000  -22.500010331.5410   17.5731
    0.0000  -30.0000  -22.500010812.5518   17.4956
    7.5000  -30.0000  -22.500010316.0801   17.4836
   -7.5000  -22.5000  -22.500011408.6514   17.4863
    0.0000  -22.5000  -22.500011948.2070   17.4065
    7.5000  -22.5000  -22.500011399.9717   17.3826
   -7.5000  -15.0000  -22.500012408.8008   17.4806
    0.0000  -15.0000  -22.500012977.2080   17.4041
    7.5000  -15.0000  -22.500012398.4395   17.3648
   -7.5000   -7.5000  -22.500013302.3682   17.5007
    0.0000   -7.5000  -22.500013890.4463   17.4316
    7.5000   -7.5000  -22.500013270.4561   17.3874
   -7.5000    0.0000  -22.500014097.8291   17.5206
    0.0000    0.0000  -22.500014723.3672   17.4569
    7.5000    0.0000  -22.500014037.4688   17.4220
   -7.5000    7.5000  -22.500013863.3066   17.5196
    0.0000    7.5000  -22.500014450.4072   17.4517
    7.5000    7.5000  -22.500013782.3223   17.4330
   -7.5000   15.0000  -22.500013404.2285   17.5021
    0.0000   15.0000  -22.500013968.2549   17.4258
    7.5000   15.0000  -22.500013342.9033   17.4133
   -7.5000   22.5000  -22.500012808.4277   17.4777
    0.0000   22.5000  -22.500013368.3291   17.3981
    7.5000   22.5000  -22.500012755.8086   17.3742
   -7.5000   30.0000  -22.500012244.1562   17.2520
    0.0000   30.0000  -22.500012778.5791   17.1764
    7.5000   30.0000  -22.500012182.6943   17.1376
   -7.5000   37.5000  -22.500011855.6377   17.2717
    0.0000   37.5000  -22.500012378.2686   17.2036
    7.5000   37.5000  -22.500011828.8555   17.1599
   -7.5000   45.0000  -22.500010848.4238   16.8732
    0.0000   45.0000  -22.500011310.7227   16.8119
    7.5000   45.0000  -22.500010833.8721   16.7782
   -7.5000  -45.0000  -15.0000 9111.5938   18.3532
    0.0000  -45.0000  -15.0000 9537.0557   18.2922
    7.5000  -45.0000  -15.0000 9127.2334   18.2646
   -7.5000  -37.5000  -15.0000 9928.9004   18.1508
    0.0000  -37.5000  -15.000010390.5732   18.0871
    7.5000  -37.5000  -15.0000 9929.4150   18.0714
   -7.5000  -30.0000  -15.000011103.5547   18.0205
    0.0000  -30.0000  -15.000011612.9756   17.9489
    7.5000  -30.0000  -15.000011100.4912   17.9365
   -7.5000  -22.5000  -15.000012255.1162   17.9286
    0.0000  -22.5000  -15.000012822.8174   17.8523
    7.5000  -22.5000  -15.000012248.5439   17.8296
   -7.5000  -15.0000  -15.000013323.5752   17.9160
    0.0000  -15.0000  -15.000013936.7930   17.8412
    7.5000  -15.0000  -15.000013331.6143   17.8069
   -7.5000   -7.5000  -15.000014254.4600   17.9341
    0.0000   -7.5000  -15.000014894.6406   17.8669
    7.5000   -7.5000  -15.000014244.0918   17.8294
   -7.5000    0.0000  -15.000015113.6367   17.9588
    0.0000    0.0000  -15.000015810.9541   17.8987
    7.5000    0.0000  -15.000015072.2393   17.8682
   -7.5000    7.5000  -15.000014883.1016   17.9631
    0.0000    7.5000  -15.000015538.8857   17.9010
    7.5000    7.5000  -15.000014808.2969   17.8836
   -7.5000   15.0000  -15.000014412.6465   17.9479
    0.0000   15.0000  -15.000015049.1240   17.8773
    7.5000   15.0000  -15.000014357.5674   17.8644
   -7.5000   22.5000  -15.000013737.2461   17.9190
    0.0000   22.5000  -15.000014352.2188   17.8429
    7.5000   22.5000  -15.000013683.5078   17.8202
   -7.5000   30.0000  -15.000013109.0654   17.6842
    0.0000   30.0000  -15.000013645.9131   17.6103
    7.5000   30.0000  -15.000013033.7900   17.5765
   -7.5000   37.5000  -15.000012715.2070   17.7020
    0.0000   37.5000  -15.000013232.0801   17.6357
    7.5000   37.5000  -15.000012663.4404   17.5987
   -7.5000   45.0000  -15.000011642.1592   17.3057
    0.0000   45.0000  -15.000012119.2178   17.2477
    7.5000   45.0000  -15.000011610.7285   17.2184
   -7.5000  -45.0000   -7.5000 9785.9639   18.5420
    0.0000  -45.0000   -7.500010237.7432   18.4825
    7.5000  -45.0000   -7.5000 9791.9199   18.4640
   -7.5000  -37.5000   -7.500010658.2939   18.3403
    0.0000  -37.5000   -7.500011146.5107   18.2800
    7.5000  -37.5000   -7.500010656.0146   18.2687
   -7.5000  -30.0000   -7.500011922.6494   18.2152
    0.0000  -30.0000   -7.500012468.3262   18.1490
    7.5000  -30.0000   -7.500011929.8447   18.1372
   -7.5000  -22.5000   -7.500013150.9697   18.1270
    0.0000  -22.5000   -7.500013805.5938   18.0557
    7.5000  -22.5000   -7.500013165.7461   18.0337
   -7.5000  -15.0000   -7.500014273.1738   18.1119
    0.0000  -15.0000   -7.500014985.9268   18.0405
    7.5000  -15.0000   -7.500014312.9717   18.0115
   -7.5000   -7.5000   -7.500015248.5928   18.1228
    0.0000   -7.5000   -7.500015980.5840   18.0579
    7.5000   -7.5000   -7.500015269.2061   18.0296
   -7.5000    0.0000   -7.500016188.9551   18.1439
    0.0000    0.0000   -7.500016946.6016   18.0851
    7.5000    0.0000   -7.500016116.3057   18.0634
   -7.5000    7.5000   -7.500015947.2949   18.1511
    0.0000    7.5000   -7.500016692.2949   18.0923
    7.5000    7.5000   -7.500015873.1611   18.0793
   -7.5000   15.0000   -7.500015499.8613   18.1421
    0.0000   15.0000   -7.500016236.0439   18.0770
    7.5000   15.0000   -7.500015426.7021   18.0647
   -7.5000   22.5000   -7.500014769.9932   18.1154
    0.0000   22.5000   -7.500015461.3389   18.0443
    7.5000   22.5000   -7.500014725.6367   18.0223
   -7.5000   30.0000   -7.500014016.3105   17.8770
    0.0000   30.0000   -7.500014611.4473   17.8066
    7.5000   30.0000   -7.500013958.2578   17.7779
   -7.5000   37.5000   -7.500013607.6904   17.8878
    0.0000   37.5000   -7.500014156.6191   17.8237
    7.5000   37.5000   -7.500013562.1484   17.7958
   -7.5000   45.0000   -7.500012497.5645   17.4873
    0.0000   45.0000   -7.500013009.4326   17.4307
    7.5000   45.0000   -7.500012484.3408   17.4097
   -7.5000  -45.0000    0.000010362.3301   18.5397
    0.0000  -45.0000    0.000010859.1689   18.4786
    7.5000  -45.0000    0.000010375.0889   18.4634
   -7.5000  -37.5000    0.000011295.8418   18.3356
    0.0000  -37.5000    0.000011826.4180   18.2735
    7.5000  -37.5000    0.000011299.5410   18.2646
   -7.5000  -30.0000    0.000012645.5830   18.2136
    0.0000  -30.0000    0.000013253.6064   18.1473
    7.5000  -30.0000    0.000012666.0898   18.1365
   -7.5000  -22.5000    0.000013977.5977   18.1323
    0.0000  -22.5000    0.000014692.2783   18.0620
    7.5000  -22.5000    0.000013995.8301   18.0400
   -7.5000  -15.0000    0.000015216.8965   18.1214
    0.0000  -15.0000    0.000016029.7598   18.0509
    7.5000  -15.0000    0.000015273.0713   18.0220
   -7.5000   -7.5000    0.000016250.8184   18.1277
    0.0000   -7.5000    0.000017093.7559   18.0628
    7.5000   -7.5000    0.000016308.6240   18.0367
   -7.5000    0.0000    0.000017169.2754   18.1414
    0.0000    0.0000    0.000018012.5938   18.0812
    7.5000    0.0000    0.000017166.9043   18.0628
   -7.5000    7.5000    0.000016929.8926   18.1465
    0.0000    7.5000    0.000017760.9570   18.0859
    7.5000    7.5000    0.000016908.1895   18.0753
   -7.5000   15.0000    0.000016461.2285   18.1406
    0.0000   15.0000    0.000017280.9414   18.0755
    7.5000   15.0000    0.000016430.9492   18.0641
   -7.5000   22.5000    0.000015705.8506   18.1208
    0.0000   22.5000    0.000016470.6992   18.0506
    7.5000   22.5000    0.000015707.2188   18.0286
   -7.5000   30.0000    0.000014859.8789   17.8869
    0.0000   30.0000    0.000015518.2373   17.8173
    7.5000   30.0000    0.000014830.5098   17.7888
   -7.5000   37.5000    0.000014451.3145   17.8931
    0.0000   37.5000    0.000015089.9229   17.8290
    7.5000   37.5000    0.000014453.0977   17.8033
   -7.5000   45.0000    0.000013299.0859   17.4863
    0.0000   45.0000    0.000013911.4971   17.4282
    7.5000   45.0000    0.000013299.6455   17.4105
   -7.5000  -45.0000    7.500010183.1582   18.5237
    0.0000  -45.0000    7.500010689.1123   18.4569
    7.5000  -45.0000    7.500010208.9453   18.4346
   -7.5000  -37.5000    7.500011060.9336   18.3146
    0.0000  -37.5000    7.500011625.6084   18.2453
    7.5000  -37.5000    7.500011119.3301   18.2333
   -7.5000  -30.0000    7.500012371.8271   18.1904
    0.0000  -30.0000    7.500013014.9541   18.1169
    7.5000  -30.0000    7.500012432.1035   18.1049
   -7.5000  -22.5000    7.500013725.4111   18.1119
    0.0000  -22.5000    7.500014475.2285   18.0364
    7.5000  -22.5000    7.500013745.1113   18.0116
   -7.5000  -15.0000    7.500015021.4844   18.1071
    0.0000  -15.0000    7.500015897.0449   18.0326
    7.5000  -15.0000    7.500015061.4258   17.9967
   -7.5000   -7.5000    7.500016086.8154   18.1156
    0.0000   -7.5000    7.500017061.8984   18.0463
    7.5000   -7.5000    7.500016185.7275   18.0112
   -7.5000    0.0000    7.500016905.8730   18.1253
    0.0000    0.0000    7.500017859.9238   18.0596
    7.5000    0.0000    7.500017013.3828   18.0344
   -7.5000    7.5000    7.500016614.0645   18.1253
    0.0000    7.5000    7.500017486.2148   18.0576
    7.5000    7.5000    7.500016698.2441   18.0439
   -7.5000   15.0000    7.500016146.1484   18.1174
    0.0000   15.0000    7.500017042.8027   18.0451
    7.5000   15.0000    7.500016229.1455   18.0325
   -7.5000   22.5000    7.500015449.0352   18.1003
    0.0000   22.5000    7.500016302.5049   18.0250
    7.5000   22.5000    7.500015514.4395   18.0002
   -7.5000   30.0000    7.500014610.7139   17.8728
    0.0000   30.0000    7.500015388.1543   17.7992
    7.5000   30.0000    7.500014604.5850   17.7638
   -7.5000   37.5000    7.500014240.9336   17.8812
    0.0000   37.5000    7.500014972.1416   17.8128
    7.5000   37.5000    7.500014204.5078   17.7781
   -7.5000   45.0000    7.500013148.6348   17.4707
    0.0000   45.0000    7.500013818.3945   17.4074
    7.5000   45.0000    7.500013085.2979   17.3830
   -7.5000  -45.0000   15.0000 9817.6543   18.5457
    0.0000  -45.0000   15.000010365.0537   18.4750
    7.5000  -45.0000   15.0000 9891.9316   18.4435
   -7.5000  -37.5000   15.000010665.0986   18.3332
    0.0000  -37.5000   15.000011256.2197   18.2577
    7.5000  -37.5000   15.000010751.9668   18.2415
   -7.5000  -30.0000   15.000011907.8818   18.2025
    0.0000  -30.0000   15.000012582.5352   18.1212
    7.5000  -30.0000   15.000012004.3633   18.1084
   -7.5000  -22.5000   15.000013198.6553   18.1200
    0.0000  -22.5000   15.000013965.2012   18.0378
    7.5000  -22.5000   15.000013253.3203   18.0113
   -7.5000  -15.0000   15.000014553.4268   18.1181
    0.0000  -15.0000   15.000015465.0830   18.0389
    7.5000  -15.0000   15.000014570.0166   17.9967
   -7.5000   -7.5000   15.000015799.8848   18.1337
    0.0000   -7.5000   15.000016862.8887   18.0607
    7.5000   -7.5000   15.000015837.5596   18.0155
   -7.5000    0.0000   15.000016660.0156   18.1464
    0.0000    0.0000   15.000017725.5293   18.0770
    7.5000    0.0000   15.000016815.1621   18.0429
   -7.5000    7.5000   15.000016284.4072   18.1432
    0.0000    7.5000   15.000017287.4160   18.0695
    7.5000    7.5000   15.000016481.3926   18.0517
   -7.5000   15.0000   15.000015806.4502   18.1292
    0.0000   15.0000   15.000016838.9121   18.0490
    7.5000   15.0000   15.000015946.0918   18.0358
   -7.5000   22.5000   15.000015128.6084   18.1084
    0.0000   22.5000   15.000016128.5146   18.0264
    7.5000   22.5000   15.000015186.6445   17.9999
   -7.5000   30.0000   15.000014236.1289   17.8836
    0.0000   30.0000   15.000015125.8779   17.8054
    7.5000   30.0000   15.000014227.9043   17.7638
   -7.5000   37.5000   15.000013839.5762   17.8990
    0.0000   37.5000   15.000014645.7354   17.8269
    7.5000   37.5000   15.000013769.2695   17.7823
   -7.5000   45.0000   15.000012740.6152   17.4911
    0.0000   45.0000   15.000013452.6602   17.4241
    7.5000   45.0000   15.000012650.3242   17.3913
   -7.5000  -45.0000   22.5000 9400.0645   18.5980
    0.0000  -45.0000   22.5000 9925.4434   18.5305
    7.5000  -45.0000   22.5000 9509.1602   18.4968
   -7.5000  -37.5000   22.500010182.6494   18.3871
    0.0000  -37.5000   22.500010723.6621   18.3146
    7.5000  -37.5000   22.500010281.9375   18.2969
   -7.5000  -30.0000   22.500011334.9375   18.2519
    0.0000  -30.0000   22.500011950.9258   18.1712
    7.5000  -30.0000   22.500011439.8008   18.1589
   -7.5000  -22.5000   22.500012531.3096   18.1617
    0.0000  -22.5000   22.500013264.2051   18.0786
    7.5000  -22.5000   22.500012637.4102   18.0539
   -7.5000  -15.0000   22.500013827.6348   18.1560
    0.0000  -15.0000   22.500014806.0693   18.0762
    7.5000  -15.0000   22.500013890.5293   18.0355
   -7.5000   -7.5000   22.500015166.1680   18.1769
    0.0000   -7.5000   22.500016321.1699   18.1049
    7.5000   -7.5000   22.500015109.2969   18.0590
   -7.5000    0.0000   22.500016235.1465   18.1976
    0.0000    0.0000   22.500017332.2520   18.1312
    7.5000    0.0000   22.500016110.4951   18.0949
   -7.5000    7.5000   22.500015944.5283   18.1964
    0.0000    7.5000   22.500017009.9395   18.1256
    7.5000    7.5000   22.500015847.9775   18.1063
   -7.5000   15.0000   22.500015376.1211   18.1781
    0.0000   15.0000   22.500016443.2812   18.0986
    7.5000   15.0000   22.500015328.4092   18.0858
   -7.5000   22.5000   22.500014622.4824   18.1501
    0.0000   22.5000   22.500015613.7754   18.0671
    7.5000   22.5000   22.500014602.6084   18.0424
   -7.5000   30.0000   22.500013641.0566   17.9210
    0.0000   30.0000   22.500014492.8789   17.8423
    7.5000   30.0000   22.500013639.0488   17.8021
   -7.5000   37.5000   22.500013194.4668   17.9416
    0.0000   37.5000   22.500013954.2197   17.8706
    7.5000   37.5000   22.500013149.6035   17.8253
   -7.5000   45.0000   22.500012160.1924   17.5404
    0.0000   45.0000   22.500012818.6230   17.4764
    7.5000   45.0000   22.500012094.0342   17.4414
   -7.5000  -45.0000   30.0000 8837.3926   18.7188
    0.0000  -45.0000   30.0000 9324.8994   18.6561
    7.5000  -45.0000   30.0000 8963.3115   18.6277
   -7.5000  -37.5000   30.0000 9583.3252   18.5109
    0.0000  -37.5000   30.000010079.1904   18.4455
    7.5000  -37.5000   30.0000 9691.6152   18.4292
   -7.5000  -30.0000   30.000010684.2598   18.3772
    0.0000  -30.0000   30.000011250.7969   18.3035
    7.5000  -30.0000   30.000010793.0293   18.2907
   -7.5000  -22.5000   30.000011819.3047   18.2830
    0.0000  -22.5000   30.000012524.9043   18.2046
    7.5000  -22.5000   30.000011963.8105   18.1812
   -7.5000  -15.0000   30.000013051.2236   18.2703
    0.0000  -15.0000   30.000013958.3447   18.1934
    7.5000  -15.0000   30.000013149.1846   18.1582
   -7.5000   -7.5000   30.000014228.2227   18.2890
    0.0000   -7.5000   30.000015206.1826   18.2199
    7.5000   -7.5000   30.000014223.1670   18.1814
   -7.5000    0.0000   30.000015138.7725   18.3142
    0.0000    0.0000   30.000016078.9277   18.2524
    7.5000    0.0000   30.000015111.6758   18.2210
   -7.5000    7.5000   30.000014934.0537   18.3184
    0.0000    7.5000   30.000015810.3594   18.2546
    7.5000    7.5000   30.000014905.7061   18.2366
   -7.5000   15.0000   30.000014516.0801   18.3027
    0.0000   15.0000   30.000015408.0566   18.2301
    7.5000   15.0000   30.000014469.4033   18.2168
   -7.5000   22.5000   30.000013854.8936   18.2712
    0.0000   22.5000   30.000014688.1562   18.1930
    7.5000   22.5000   30.000013826.4658   18.1697
   -7.5000   30.0000   30.000012907.2207   18.0339
    0.0000   30.0000   30.000013649.6748   17.9579
    7.5000   30.0000   30.000012902.0938   17.9232
   -7.5000   37.5000   30.000012451.5771   18.0523
    0.0000   37.5000   30.000013134.2227   17.9841
    7.5000   37.5000   30.000012418.2393   17.9461
   -7.5000   45.0000   30.000011492.8359   17.6528
    0.0000   45.0000   30.000012084.0098   17.5932
    7.5000   45.0000   30.000011423.8857   17.5630
   -7.5000  -45.0000   37.5000 8561.3711   18.8649
    0.0000  -45.0000   37.5000 9030.2178   18.8036
    7.5000  -45.0000   37.5000 8664.9707   18.7843
   -7.5000  -37.5000   37.5000 9288.4443   18.6562
    0.0000  -37.5000   37.5000 9757.3213   18.5942
    7.5000  -37.5000   37.5000 9382.3799   18.5824
   -7.5000  -30.0000   37.500010376.7500   18.5273
    0.0000  -30.0000   37.500010907.3564   18.4593
    7.5000  -30.0000   37.500010480.0811   18.4469
   -7.5000  -22.5000   37.500011501.5703   18.4369
    0.0000  -22.5000   37.500012121.3193   18.3634
    7.5000  -22.5000   37.500011620.6025   18.3405
   -7.5000  -15.0000   37.500012630.2705   18.4217
    0.0000  -15.0000   37.500013342.8652   18.3480
    7.5000  -15.0000   37.500012748.9307   18.3177
   -7.5000   -7.5000   37.500013661.5938   18.4326
    0.0000   -7.5000   37.500014381.7715   18.3656
    7.5000   -7.5000   37.500013746.8418   18.3363
   -7.5000    0.0000   37.500014498.9678   18.4537
    0.0000    0.0000   37.500015218.8125   18.3933
    7.5000    0.0000   37.500014553.9746   18.3707
   -7.5000    7.5000   37.500014299.6260   18.4609
    0.0000    7.5000   37.500015007.6152   18.4005
    7.5000    7.5000   37.500014353.5898   18.3869
   -7.5000   15.0000   37.500013910.2695   18.4519
    0.0000   15.0000   37.500014638.9902   18.3849
    7.5000   15.0000   37.500013975.8008   18.3721
   -7.5000   22.5000   37.500013364.1396   18.4251
    0.0000   22.5000   37.500014047.0908   18.3517
    7.5000   22.5000   37.500013385.1592   18.3288
   -7.5000   30.0000   37.500012517.1836   18.1833
    0.0000   30.0000   37.500013163.9600   18.1105
    7.5000   30.0000   37.500012537.3467   18.0807
   -7.5000   37.5000   37.500012069.2666   18.1941
    0.0000   37.5000   37.500012700.4600   18.1279
    7.5000   37.5000   37.500012056.5176   18.0990
   -7.5000   45.0000   37.500011133.2188   17.7873
    0.0000   45.0000   37.500011718.0273   17.7290
    7.5000   45.0000   37.500011104.4531   17.7072
   -7.5000  -45.0000   45.0000 7920.0776   19.0769
    0.0000  -45.0000   45.0000 8337.1191   19.0130
    7.5000  -45.0000   45.0000 7984.7495   18.9968
   -7.5000  -37.5000   45.0000 8615.5654   18.8592
    0.0000  -37.5000   45.0000 9027.0352   18.7943
    7.5000  -37.5000   45.0000 8658.3291   18.7848
   -7.5000  -30.0000   45.0000 9627.9111   18.7289
    0.0000  -30.0000   45.000010066.5928   18.6596
    7.5000  -30.0000   45.0000 9672.0996   18.6481
   -7.5000  -22.5000   45.000010638.7451   18.6422
    0.0000  -22.5000   45.000011152.8496   18.5688
    7.5000  -22.5000   45.000010706.7686   18.5455
   -7.5000  -15.0000   45.000011663.7764   18.6307
    0.0000  -15.0000   45.000012229.7305   18.5573
    7.5000  -15.0000   45.000011751.0732   18.5267
   -7.5000   -7.5000   45.000012570.0557   18.6380
    0.0000   -7.5000   45.000013114.2305   18.5702
    7.5000   -7.5000   45.000012645.8682   18.5425
   -7.5000    0.0000   45.000013308.8750   18.6528
    0.0000    0.0000   45.000013882.6455   18.5899
    7.5000    0.0000   45.000013367.5820   18.5703
   -7.5000    7.5000   45.000013128.2217   18.6579
    0.0000    7.5000   45.000013703.1797   18.5946
    7.5000    7.5000   45.000013159.3945   18.5832
   -7.5000   15.0000   45.000012804.9072   18.6512
    0.0000   15.0000   45.000013388.8691   18.5832
    7.5000   15.0000   45.000012811.8555   18.5711
   -7.5000   22.5000   45.000012331.8447   18.6301
    0.0000   22.5000   45.000012899.3652   18.5569
    7.5000   22.5000   45.000012306.3936   18.5336
   -7.5000   30.0000   45.000011587.3604   18.3880
    0.0000   30.0000   45.000012139.4141   18.3155
    7.5000   30.0000   45.000011577.6885   18.2853
   -7.5000   37.5000   45.000011181.5801   18.3952
    0.0000   37.5000   45.000011732.3770   18.3283
    7.5000   37.5000   45.000011164.7803   18.3010
   -7.5000   45.0000   45.000010335.0059   17.9873
    0.0000   45.0000   45.000010852.2480   17.9266
    7.5000   45.0000   45.000010305.2871   17.9077

---------------------------------------------------------------------
imgreg_4dfp /opt/freesurfer/average/711-2C_as_mni_average_305 /opt/freesurfer/average/711-2B_as_mni_average_305_mask talsrcimg_g11 none talsrcimg_to_711-2C_as_mni_average_305_t4 4355
---------------------------------------------------------------------

freesurfer imgreg_4dfp.c
/opt/freesurfer/average/711-2C_as_mni_average_305.4dfp.img
       256       256       256         1
  1.000000  1.000000  1.000000
orientation T byte_order littleendian
Reading image: /opt/freesurfer/average/711-2C_as_mni_average_305.4dfp.img
dimensions:      256       256       256
mmppix:       1.0000   -1.0000   -1.0000
center:     128.0000 -129.0000 -129.0000
/opt/freesurfer/average/711-2B_as_mni_average_305_mask.4dfp.img
       256       256       256         1
  1.000000  1.000000  1.000000
orientation T byte_order littleendian
Reading mask: /opt/freesurfer/average/711-2B_as_mni_average_305_mask.4dfp.img (2306576 pixels)
talsrcimg_g11.4dfp.img
       256       256       256         1
  1.000000  1.000000  1.000000
orientation T byte_order littleendian
Reading image: talsrcimg_g11.4dfp.img
dimensions:      256       256       256
mmppix:       1.0000   -1.0000   -1.0000
center:     128.0000 -129.0000 -129.0000
rotation matrix determinant  1.000000
image alignment mode   4355 decimal     1103 hex
   -7.5000  -45.0000  -45.0000 1992.0122   26.1385
    0.0000  -45.0000  -45.0000 1994.8792   26.0971
    7.5000  -45.0000  -45.0000 1985.0017   26.3236
   -7.5000  -37.5000  -45.0000 2088.1777   23.6157
    0.0000  -37.5000  -45.0000 2089.7957   23.5740
    7.5000  -37.5000  -45.0000 2075.9788   23.6759
   -7.5000  -30.0000  -45.0000 2171.3269   21.5764
    0.0000  -30.0000  -45.0000 2172.8667   21.5039
    7.5000  -30.0000  -45.0000 2157.4744   21.6282
   -7.5000  -22.5000  -45.0000 2234.3418   20.0584
    0.0000  -22.5000  -45.0000 2240.9683   19.9903
    7.5000  -22.5000  -45.0000 2224.7859   20.0964
   -7.5000  -15.0000  -45.0000 2272.8540   18.9947
    0.0000  -15.0000  -45.0000 2276.5640   18.8789
    7.5000  -15.0000  -45.0000 2259.0095   18.9947
   -7.5000   -7.5000  -45.0000 2301.9492   18.3581
    0.0000   -7.5000  -45.0000 2306.5256   18.2229
    7.5000   -7.5000  -45.0000 2289.5068   18.3320
   -7.5000    0.0000  -45.0000 2314.4453   18.1783
    0.0000    0.0000  -45.0000 2315.1978   18.0020
    7.5000    0.0000  -45.0000 2298.5659   18.0850
   -7.5000    7.5000  -45.0000 2313.9773   18.2620
    0.0000    7.5000  -45.0000 2311.8850   18.1367
    7.5000    7.5000  -45.0000 2291.0874   18.1735
   -7.5000   15.0000  -45.0000 2291.2402   18.6372
    0.0000   15.0000  -45.0000 2292.8086   18.4636
    7.5000   15.0000  -45.0000 2268.9470   18.5511
   -7.5000   22.5000  -45.0000 2245.3354   19.2373
    0.0000   22.5000  -45.0000 2249.5134   19.0921
    7.5000   22.5000  -45.0000 2235.7249   19.2055
   -7.5000   30.0000  -45.0000 2197.4751   20.1566
    0.0000   30.0000  -45.0000 2201.5054   20.0061
    7.5000   30.0000  -45.0000 2184.3333   20.1508
   -7.5000   37.5000  -45.0000 2132.6226   21.5385
    0.0000   37.5000  -45.0000 2134.1040   21.3565
    7.5000   37.5000  -45.0000 2112.3840   21.5649
   -7.5000   45.0000  -45.0000 2045.1119   23.3343
    0.0000   45.0000  -45.0000 2046.3948   23.1808
    7.5000   45.0000  -45.0000 2032.6946   23.5421
   -7.5000  -45.0000  -37.5000 2062.6858   24.2353
    0.0000  -45.0000  -37.5000 2067.3525   24.2464
    7.5000  -45.0000  -37.5000 2050.9043   24.2996
   -7.5000  -37.5000  -37.5000 2166.1196   21.8552
    0.0000  -37.5000  -37.5000 2172.9844   21.8441
    7.5000  -37.5000  -37.5000 2157.0459   21.9044
   -7.5000  -30.0000  -37.5000 2255.6345   19.9661
    0.0000  -30.0000  -37.5000 2259.3411   19.9644
    7.5000  -30.0000  -37.5000 2243.7834   20.0544
   -7.5000  -22.5000  -37.5000 2329.0232   18.5750
    0.0000  -22.5000  -37.5000 2334.9717   18.5317
    7.5000  -22.5000  -37.5000 2321.2617   18.5964
   -7.5000  -15.0000  -37.5000 2368.6233   17.5639
    0.0000  -15.0000  -37.5000 2377.1079   17.5195
    7.5000  -15.0000  -37.5000 2360.3406   17.5702
   -7.5000   -7.5000  -37.5000 2397.0088   16.9649
    0.0000   -7.5000  -37.5000 2403.9404   16.8825
    7.5000   -7.5000  -37.5000 2386.5005   16.9597
   -7.5000    0.0000  -37.5000 2404.9185   16.7568
    0.0000    0.0000  -37.5000 2411.2180   16.6393
    7.5000    0.0000  -37.5000 2393.3906   16.6770
   -7.5000    7.5000  -37.5000 2407.5300   16.7502
    0.0000    7.5000  -37.5000 2408.6931   16.6404
    7.5000    7.5000  -37.5000 2388.5889   16.6745
   -7.5000   15.0000  -37.5000 2391.8647   17.0124
    0.0000   15.0000  -37.5000 2396.4797   16.8639
    7.5000   15.0000  -37.5000 2372.0010   16.9381
   -7.5000   22.5000  -37.5000 2356.2644   17.5621
    0.0000   22.5000  -37.5000 2362.7083   17.4527
    7.5000   22.5000  -37.5000 2342.6167   17.5220
   -7.5000   30.0000  -37.5000 2302.0808   18.4427
    0.0000   30.0000  -37.5000 2308.7166   18.3584
    7.5000   30.0000  -37.5000 2290.0359   18.4243
   -7.5000   37.5000  -37.5000 2231.6711   19.7215
    0.0000   37.5000  -37.5000 2235.2986   19.5758
    7.5000   37.5000  -37.5000 2218.2969   19.6951
   -7.5000   45.0000  -37.5000 2139.7720   21.3791
    0.0000   45.0000  -37.5000 2141.6931   21.2298
    7.5000   45.0000  -37.5000 2127.6699   21.4405
   -7.5000  -45.0000  -30.0000 2158.8032   23.4314
    0.0000  -45.0000  -30.0000 2169.0869   23.4349
    7.5000  -45.0000  -30.0000 2156.3435   23.4777
   -7.5000  -37.5000  -30.0000 2276.7354   21.1215
    0.0000  -37.5000  -30.0000 2287.2771   21.1258
    7.5000  -37.5000  -30.0000 2273.0376   21.1407
   -7.5000  -30.0000  -30.0000 2378.4502   19.2584
    0.0000  -30.0000  -30.0000 2387.0137   19.2833
    7.5000  -30.0000  -30.0000 2373.8652   19.3287
   -7.5000  -22.5000  -30.0000 2459.3882   17.7952
    0.0000  -22.5000  -30.0000 2471.7124   17.8144
    7.5000  -22.5000  -30.0000 2460.7004   17.9008
   -7.5000  -15.0000  -30.0000 2501.5237   16.8249
    0.0000  -15.0000  -30.0000 2517.8767   16.7966
    7.5000  -15.0000  -30.0000 2500.5847   16.8815
   -7.5000   -7.5000  -30.0000 2529.7292   16.2676
    0.0000   -7.5000  -30.0000 2539.6885   16.1665
    7.5000   -7.5000  -30.0000 2518.2358   16.2530
   -7.5000    0.0000  -30.0000 2541.0344   15.9984
    0.0000    0.0000  -30.0000 2544.6470   15.8641
    7.5000    0.0000  -30.0000 2523.7781   15.9254
   -7.5000    7.5000  -30.0000 2545.5686   15.9962
    0.0000    7.5000  -30.0000 2549.9226   15.8567
    7.5000    7.5000  -30.0000 2528.2068   15.9277
   -7.5000   15.0000  -30.0000 2532.7593   16.2250
    0.0000   15.0000  -30.0000 2540.9023   16.0930
    7.5000   15.0000  -30.0000 2512.3318   16.1948
   -7.5000   22.5000  -30.0000 2499.0754   16.7338
    0.0000   22.5000  -30.0000 2510.3376   16.6418
    7.5000   22.5000  -30.0000 2488.4644   16.7417
   -7.5000   30.0000  -30.0000 2443.8103   17.5987
    0.0000   30.0000  -30.0000 2454.9353   17.4959
    7.5000   30.0000  -30.0000 2430.5815   17.5669
   -7.5000   37.5000  -30.0000 2364.8213   18.8291
    0.0000   37.5000  -30.0000 2377.0149   18.7315
    7.5000   37.5000  -30.0000 2354.1492   18.8175
   -7.5000   45.0000  -30.0000 2270.0322   20.4324
    0.0000   45.0000  -30.0000 2272.3149   20.3300
    7.5000   45.0000  -30.0000 2257.2009   20.4716
   -7.5000  -45.0000  -22.5000 2233.3215   22.6349
    0.0000  -45.0000  -22.5000 2242.2124   22.6158
    7.5000  -45.0000  -22.5000 2236.3884   22.6662
   -7.5000  -37.5000  -22.5000 2359.6165   20.3910
    0.0000  -37.5000  -22.5000 2374.8186   20.3761
    7.5000  -37.5000  -22.5000 2363.1160   20.4372
   -7.5000  -30.0000  -22.5000 2470.2822   18.5198
    0.0000  -30.0000  -22.5000 2487.6702   18.5171
    7.5000  -30.0000  -22.5000 2469.2363   18.5851
   -7.5000  -22.5000  -22.5000 2553.1287   17.0173
    0.0000  -22.5000  -22.5000 2570.1660   17.0036
    7.5000  -22.5000  -22.5000 2552.4084   17.0796
   -7.5000  -15.0000  -22.5000 2610.8323   16.0275
    0.0000  -15.0000  -22.5000 2623.2197   15.9507
    7.5000  -15.0000  -22.5000 2608.1494   16.0486
   -7.5000   -7.5000  -22.5000 2645.2202   15.4804
    0.0000   -7.5000  -22.5000 2652.0042   15.3532
    7.5000   -7.5000  -22.5000 2636.8457   15.4474
   -7.5000    0.0000  -22.5000 2665.6470   15.2274
    0.0000    0.0000  -22.5000 2670.4944   15.0598
    7.5000    0.0000  -22.5000 2650.1140   15.1594
   -7.5000    7.5000  -22.5000 2668.5303   15.2338
    0.0000    7.5000  -22.5000 2674.7266   15.0695
    7.5000    7.5000  -22.5000 2652.7878   15.2152
   -7.5000   15.0000  -22.5000 2651.0027   15.4556
    0.0000   15.0000  -22.5000 2655.5845   15.2962
    7.5000   15.0000  -22.5000 2636.3000   15.4512
   -7.5000   22.5000  -22.5000 2616.9375   15.9234
    0.0000   22.5000  -22.5000 2631.3418   15.8336
    7.5000   22.5000  -22.5000 2605.8196   15.9351
   -7.5000   30.0000  -22.5000 2563.8696   16.7078
    0.0000   30.0000  -22.5000 2576.1367   16.6474
    7.5000   30.0000  -22.5000 2546.7256   16.7344
   -7.5000   37.5000  -22.5000 2481.1401   17.8694
    0.0000   37.5000  -22.5000 2492.8149   17.7923
    7.5000   37.5000  -22.5000 2467.3123   17.8650
   -7.5000   45.0000  -22.5000 2374.2437   19.4339
    0.0000   45.0000  -22.5000 2380.5603   19.3361
    7.5000   45.0000  -22.5000 2362.5012   19.4505
   -7.5000  -45.0000  -15.0000 2277.1921   21.8246
    0.0000  -45.0000  -15.0000 2291.0176   21.8539
    7.5000  -45.0000  -15.0000 2284.5579   21.9724
   -7.5000  -37.5000  -15.0000 2410.0742   19.5565
    0.0000  -37.5000  -15.0000 2425.9998   19.5828
    7.5000  -37.5000  -15.0000 2413.8184   19.7210
   -7.5000  -30.0000  -15.0000 2523.9631   17.7080
    0.0000  -30.0000  -15.0000 2539.7900   17.7094
    7.5000  -30.0000  -15.0000 2526.0967   17.8220
   -7.5000  -22.5000  -15.0000 2614.2024   16.2863
    0.0000  -22.5000  -15.0000 2627.2881   16.2173
    7.5000  -22.5000  -15.0000 2616.9165   16.3247
   -7.5000  -15.0000  -15.0000 2678.8560   15.2575
    0.0000  -15.0000  -15.0000 2689.2754   15.1366
    7.5000  -15.0000  -15.0000 2680.8201   15.2535
   -7.5000   -7.5000  -15.0000 2725.0378   14.6446
    0.0000   -7.5000  -15.0000 2729.4963   14.5247
    7.5000   -7.5000  -15.0000 2713.9675   14.6205
   -7.5000    0.0000  -15.0000 2748.6917   14.3800
    0.0000    0.0000  -15.0000 2755.5183   14.2486
    7.5000    0.0000  -15.0000 2741.4954   14.3539
   -7.5000    7.5000  -15.0000 2756.9958   14.4402
    0.0000    7.5000  -15.0000 2767.6931   14.2923
    7.5000    7.5000  -15.0000 2745.4177   14.4337
   -7.5000   15.0000  -15.0000 2743.7332   14.6928
    0.0000   15.0000  -15.0000 2753.0740   14.5517
    7.5000   15.0000  -15.0000 2733.0830   14.7105
   -7.5000   22.5000  -15.0000 2708.6677   15.1388
    0.0000   22.5000  -15.0000 2726.0518   15.0258
    7.5000   22.5000  -15.0000 2697.9668   15.1546
   -7.5000   30.0000  -15.0000 2650.3503   15.8847
    0.0000   30.0000  -15.0000 2665.0994   15.7940
    7.5000   30.0000  -15.0000 2636.4265   15.8826
   -7.5000   37.5000  -15.0000 2563.6638   16.9525
    0.0000   37.5000  -15.0000 2577.1904   16.8675
    7.5000   37.5000  -15.0000 2554.8191   16.9845
   -7.5000   45.0000  -15.0000 2454.2671   18.4365
    0.0000   45.0000  -15.0000 2465.0698   18.3501
    7.5000   45.0000  -15.0000 2443.0920   18.4332
   -7.5000  -45.0000   -7.5000 2304.4304   21.1308
    0.0000  -45.0000   -7.5000 2320.7822   21.1016
    7.5000  -45.0000   -7.5000 2311.7336   21.2676
   -7.5000  -37.5000   -7.5000 2441.7273   18.8328
    0.0000  -37.5000   -7.5000 2455.6099   18.8312
    7.5000  -37.5000   -7.5000 2447.0642   18.9983
   -7.5000  -30.0000   -7.5000 2559.2061   16.9987
    0.0000  -30.0000   -7.5000 2572.2795   16.9732
    7.5000  -30.0000   -7.5000 2563.5530   17.1151
   -7.5000  -22.5000   -7.5000 2659.8645   15.5655
    0.0000  -22.5000   -7.5000 2673.7651   15.5040
    7.5000  -22.5000   -7.5000 2660.1846   15.6114
   -7.5000  -15.0000   -7.5000 2735.9644   14.5130
    0.0000  -15.0000   -7.5000 2747.2510   14.4451
    7.5000  -15.0000   -7.5000 2735.1851   14.5642
   -7.5000   -7.5000   -7.5000 2780.7268   13.8430
    0.0000   -7.5000   -7.5000 2787.4597   13.7713
    7.5000   -7.5000   -7.5000 2773.1106   13.9011
   -7.5000    0.0000   -7.5000 2812.6919   13.5170
    0.0000    0.0000   -7.5000 2819.8657   13.4521
    7.5000    0.0000   -7.5000 2798.8733   13.5442
   -7.5000    7.5000   -7.5000 2828.3613   13.6030
    0.0000    7.5000   -7.5000 2840.1875   13.4921
    7.5000    7.5000   -7.5000 2816.0994   13.6097
   -7.5000   15.0000   -7.5000 2820.0947   13.9039
    0.0000   15.0000   -7.5000 2832.6238   13.7703
    7.5000   15.0000   -7.5000 2807.3804   13.9249
   -7.5000   22.5000   -7.5000 2788.9277   14.3611
    0.0000   22.5000   -7.5000 2799.7141   14.2127
    7.5000   22.5000   -7.5000 2775.8757   14.3757
   -7.5000   30.0000   -7.5000 2723.3347   15.0520
    0.0000   30.0000   -7.5000 2733.5723   14.9143
    7.5000   30.0000   -7.5000 2709.6389   15.0523
   -7.5000   37.5000   -7.5000 2629.6741   16.0885
    0.0000   37.5000   -7.5000 2640.0869   15.9593
    7.5000   37.5000   -7.5000 2622.2629   16.0771
   -7.5000   45.0000   -7.5000 2521.1985   17.5035
    0.0000   45.0000   -7.5000 2530.3284   17.3842
    7.5000   45.0000   -7.5000 2511.3728   17.4717
   -7.5000  -45.0000    0.0000 2312.9194   20.5591
    0.0000  -45.0000    0.0000 2330.9253   20.5416
    7.5000  -45.0000    0.0000 2321.0759   20.6914
   -7.5000  -37.5000    0.0000 2449.2986   18.2726
    0.0000  -37.5000    0.0000 2467.9880   18.2641
    7.5000  -37.5000    0.0000 2457.1494   18.3934
   -7.5000  -30.0000    0.0000 2569.8123   16.4589
    0.0000  -30.0000    0.0000 2589.7046   16.4374
    7.5000  -30.0000    0.0000 2576.0332   16.5510
   -7.5000  -22.5000    0.0000 2681.2346   15.0476
    0.0000  -22.5000    0.0000 2699.0823   15.0137
    7.5000  -22.5000    0.0000 2685.5347   15.1376
   -7.5000  -15.0000    0.0000 2772.8188   13.9745
    0.0000  -15.0000    0.0000 2788.0898   13.9578
    7.5000  -15.0000    0.0000 2771.0833   14.0618
   -7.5000   -7.5000    0.0000 2831.9131   13.2467
    0.0000   -7.5000    0.0000 2842.3503   13.2131
    7.5000   -7.5000    0.0000 2821.3862   13.3759
   -7.5000    0.0000    0.0000 2867.9019   12.8270
    0.0000    0.0000    0.0000 2869.0842   12.7507
    7.5000    0.0000    0.0000 2848.4722   12.9485
   -7.5000    7.5000    0.0000 2887.7832   12.8964
    0.0000    7.5000    0.0000 2895.2363   12.7693
    7.5000    7.5000    0.0000 2874.1340   12.9728
   -7.5000   15.0000    0.0000 2881.5569   13.2249
    0.0000   15.0000    0.0000 2891.3940   13.0901
    7.5000   15.0000    0.0000 2867.9712   13.2590
   -7.5000   22.5000    0.0000 2844.5308   13.7062
    0.0000   22.5000    0.0000 2855.7693   13.5726
    7.5000   22.5000    0.0000 2837.2612   13.7473
   -7.5000   30.0000    0.0000 2775.9114   14.4192
    0.0000   30.0000    0.0000 2787.3098   14.2612
    7.5000   30.0000    0.0000 2767.5293   14.4558
   -7.5000   37.5000    0.0000 2684.2827   15.4087
    0.0000   37.5000    0.0000 2693.9795   15.2638
    7.5000   37.5000    0.0000 2673.4231   15.4672
   -7.5000   45.0000    0.0000 2566.4202   16.8051
    0.0000   45.0000    0.0000 2578.4229   16.6845
    7.5000   45.0000    0.0000 2552.6321   16.8460
   -7.5000  -45.0000    7.5000 2312.5413   20.3375
    0.0000  -45.0000    7.5000 2327.7205   20.2811
    7.5000  -45.0000    7.5000 2319.6123   20.4962
   -7.5000  -37.5000    7.5000 2444.3315   18.0323
    0.0000  -37.5000    7.5000 2461.5833   17.9521
    7.5000  -37.5000    7.5000 2454.5278   18.1324
   -7.5000  -30.0000    7.5000 2567.7856   16.2262
    0.0000  -30.0000    7.5000 2588.1733   16.1408
    7.5000  -30.0000    7.5000 2578.7385   16.2792
   -7.5000  -22.5000    7.5000 2686.9746   14.8112
    0.0000  -22.5000    7.5000 2711.3386   14.7258
    7.5000  -22.5000    7.5000 2692.2844   14.8315
   -7.5000  -15.0000    7.5000 2793.8406   13.7408
    0.0000  -15.0000    7.5000 2817.5422   13.6851
    7.5000  -15.0000    7.5000 2794.3474   13.7484
   -7.5000   -7.5000    7.5000 2868.8770   12.9658
    0.0000   -7.5000    7.5000 2892.5791   12.9132
    7.5000   -7.5000    7.5000 2860.7285   13.0535
   -7.5000    0.0000    7.5000 2917.5410   12.4416
    0.0000    0.0000    7.5000 2929.7659   12.3425
    7.5000    0.0000    7.5000 2900.8735   12.6116
   -7.5000    7.5000    7.5000 2937.0461   12.4247
    0.0000    7.5000    7.5000 2945.1895   12.2782
    7.5000    7.5000    7.5000 2922.3662   12.5497
   -7.5000   15.0000    7.5000 2927.7803   12.8032
    0.0000   15.0000    7.5000 2942.9353   12.6361
    7.5000   15.0000    7.5000 2917.0703   12.8775
   -7.5000   22.5000    7.5000 2888.9790   13.3209
    0.0000   22.5000    7.5000 2903.1116   13.1494
    7.5000   22.5000    7.5000 2878.3496   13.3980
   -7.5000   30.0000    7.5000 2817.7886   14.0263
    0.0000   30.0000    7.5000 2829.8589   13.8629
    7.5000   30.0000    7.5000 2804.9800   14.0779
   -7.5000   37.5000    7.5000 2717.6672   15.0755
    0.0000   37.5000    7.5000 2728.6863   14.9179
    7.5000   37.5000    7.5000 2705.5959   15.1216
   -7.5000   45.0000    7.5000 2598.3999   16.4555
    0.0000   45.0000    7.5000 2613.6304   16.3231
    7.5000   45.0000    7.5000 2584.8149   16.5315
   -7.5000  -45.0000   15.0000 2291.2747   20.4265
    0.0000  -45.0000   15.0000 2306.6741   20.3682
    7.5000  -45.0000   15.0000 2303.2827   20.5234
   -7.5000  -37.5000   15.0000 2426.2136   18.0784
    0.0000  -37.5000   15.0000 2438.4814   17.9780
    7.5000  -37.5000   15.0000 2432.5615   18.1009
   -7.5000  -30.0000   15.0000 2549.4617   16.2378
    0.0000  -30.0000   15.0000 2568.3784   16.1358
    7.5000  -30.0000   15.0000 2558.3853   16.2497
   -7.5000  -22.5000   15.0000 2675.5369   14.7873
    0.0000  -22.5000   15.0000 2695.3618   14.6983
    7.5000  -22.5000   15.0000 2676.9583   14.7713
   -7.5000  -15.0000   15.0000 2785.3091   13.7029
    0.0000  -15.0000   15.0000 2809.6321   13.6272
    7.5000  -15.0000   15.0000 2786.9985   13.6794
   -7.5000   -7.5000   15.0000 2877.4114   12.9708
    0.0000   -7.5000   15.0000 2912.6704   12.9014
    7.5000   -7.5000   15.0000 2879.0642   12.9601
   -7.5000    0.0000   15.0000 2944.8645   12.5011
    0.0000    0.0000   15.0000 2980.0955   12.3961
    7.5000    0.0000   15.0000 2940.2424   12.5736
   -7.5000    7.5000   15.0000 2968.0403   12.3566
    0.0000    7.5000   15.0000 3001.4329   12.2265
    7.5000    7.5000   15.0000 2967.1328   12.4811
   -7.5000   15.0000   15.0000 2949.3271   12.6135
    0.0000   15.0000   15.0000 2985.1853   12.5180
    7.5000   15.0000   15.0000 2946.5430   12.7180
   -7.5000   22.5000   15.0000 2903.8345   13.1591
    0.0000   22.5000   15.0000 2929.9282   13.0158
    7.5000   22.5000   15.0000 2897.6016   13.1983
   -7.5000   30.0000   15.0000 2828.8215   13.9305
    0.0000   30.0000   15.0000 2843.7961   13.7810
    7.5000   30.0000   15.0000 2820.6040   13.9264
   -7.5000   37.5000   15.0000 2732.9626   14.9896
    0.0000   37.5000   15.0000 2745.3567   14.8459
    7.5000   37.5000   15.0000 2721.5457   14.9851
   -7.5000   45.0000   15.0000 2613.5933   16.3399
    0.0000   45.0000   15.0000 2627.3904   16.2277
    7.5000   45.0000   15.0000 2599.5728   16.3676
   -7.5000  -45.0000   22.5000 2270.6082   20.8169
    0.0000  -45.0000   22.5000 2284.3257   20.6998
    7.5000  -45.0000   22.5000 2280.0049   20.8662
   -7.5000  -37.5000   22.5000 2401.9604   18.3406
    0.0000  -37.5000   22.5000 2411.2058   18.1610
    7.5000  -37.5000   22.5000 2403.8943   18.3213
   -7.5000  -30.0000   22.5000 2525.0513   16.4430
    0.0000  -30.0000   22.5000 2533.7964   16.2740
    7.5000  -30.0000   22.5000 2525.9888   16.3829
   -7.5000  -22.5000   22.5000 2650.6096   14.9868
    0.0000  -22.5000   22.5000 2665.6172   14.8462
    7.5000  -22.5000   22.5000 2652.3499   14.9086
   -7.5000  -15.0000   22.5000 2763.5200   13.9057
    0.0000  -15.0000   22.5000 2786.2722   13.8422
    7.5000  -15.0000   22.5000 2768.7402   13.8367
   -7.5000   -7.5000   22.5000 2868.4133   13.2671
    0.0000   -7.5000   22.5000 2910.1018   13.2864
    7.5000   -7.5000   22.5000 2869.4143   13.1754
   -7.5000    0.0000   22.5000 2946.5305   12.8439
    0.0000    0.0000   22.5000 3007.0425   12.8295
    7.5000    0.0000   22.5000 2939.7761   12.7607
   -7.5000    7.5000   22.5000 2981.2205   12.6638
    0.0000    7.5000   22.5000 3039.8887   12.5497
    7.5000    7.5000   22.5000 2978.5005   12.6171
   -7.5000   15.0000   22.5000 2953.7354   12.7675
    0.0000   15.0000   22.5000 3001.7458   12.6514
    7.5000   15.0000   22.5000 2957.4338   12.7831
   -7.5000   22.5000   22.5000 2904.7915   13.2281
    0.0000   22.5000   22.5000 2933.8359   13.1070
    7.5000   22.5000   22.5000 2904.4666   13.2438
   -7.5000   30.0000   22.5000 2821.7437   13.9750
    0.0000   30.0000   22.5000 2835.6506   13.8488
    7.5000   30.0000   22.5000 2825.2456   13.9604
   -7.5000   37.5000   22.5000 2730.0244   15.0364
    0.0000   37.5000   22.5000 2739.1145   14.8855
    7.5000   37.5000   22.5000 2723.8901   15.0102
   -7.5000   45.0000   22.5000 2613.7581   16.3706
    0.0000   45.0000   22.5000 2623.7153   16.2387
    7.5000   45.0000   22.5000 2605.7043   16.3879
   -7.5000  -45.0000   30.0000 2239.1047   21.3769
    0.0000  -45.0000   30.0000 2250.6038   21.1614
    7.5000  -45.0000   30.0000 2251.4954   21.4233
   -7.5000  -37.5000   30.0000 2368.1362   18.8739
    0.0000  -37.5000   30.0000 2372.1040   18.6106
    7.5000  -37.5000   30.0000 2369.4558   18.8323
   -7.5000  -30.0000   30.0000 2493.8428   16.9714
    0.0000  -30.0000   30.0000 2494.5901   16.7371
    7.5000  -30.0000   30.0000 2488.7144   16.8683
   -7.5000  -22.5000   30.0000 2622.2920   15.5035
    0.0000  -22.5000   30.0000 2633.3711   15.3742
    7.5000  -22.5000   30.0000 2622.1223   15.4295
   -7.5000  -15.0000   30.0000 2738.6521   14.4482
    0.0000  -15.0000   30.0000 2759.0142   14.3688
    7.5000  -15.0000   30.0000 2738.5444   14.3620
   -7.5000   -7.5000   30.0000 2840.9392   13.7510
    0.0000   -7.5000   30.0000 2870.3276   13.6886
    7.5000   -7.5000   30.0000 2837.7832   13.6143
   -7.5000    0.0000   30.0000 2912.3552   13.2317
    0.0000    0.0000   30.0000 2955.0259   13.1040
    7.5000    0.0000   30.0000 2905.8157   13.1468
   -7.5000    7.5000   30.0000 2950.8196   13.0351
    0.0000    7.5000   30.0000 2987.4719   12.8260
    7.5000    7.5000   30.0000 2950.9409   12.9379
   -7.5000   15.0000   30.0000 2935.5637   13.1900
    0.0000   15.0000   30.0000 2971.4678   13.0151
    7.5000   15.0000   30.0000 2936.2383   13.1017
   -7.5000   22.5000   30.0000 2889.9424   13.6690
    0.0000   22.5000   30.0000 2914.7861   13.5019
    7.5000   22.5000   30.0000 2887.0640   13.5658
   -7.5000   30.0000   30.0000 2796.6938   14.3873
    0.0000   30.0000   30.0000 2811.9993   14.2191
    7.5000   30.0000   30.0000 2802.9089   14.2721
   -7.5000   37.5000   30.0000 2703.2778   15.3545
    0.0000   37.5000   30.0000 2716.5967   15.1726
    7.5000   37.5000   30.0000 2703.2317   15.2686
   -7.5000   45.0000   30.0000 2596.7495   16.6163
    0.0000   45.0000   30.0000 2605.0378   16.4573
    7.5000   45.0000   30.0000 2587.1487   16.6027
   -7.5000  -45.0000   37.5000 2203.3735   22.2956
    0.0000  -45.0000   37.5000 2210.3411   22.0298
    7.5000  -45.0000   37.5000 2209.4749   22.2624
   -7.5000  -37.5000   37.5000 2335.5591   19.6795
    0.0000  -37.5000   37.5000 2337.6582   19.3925
    7.5000  -37.5000   37.5000 2334.5530   19.6662
   -7.5000  -30.0000   37.5000 2459.8728   17.7415
    0.0000  -30.0000   37.5000 2466.4980   17.4966
    7.5000  -30.0000   37.5000 2457.1990   17.6846
   -7.5000  -22.5000   37.5000 2586.6975   16.2552
    0.0000  -22.5000   37.5000 2592.3591   16.0208
    7.5000  -22.5000   37.5000 2584.3359   16.1737
   -7.5000  -15.0000   37.5000 2703.1406   15.1363
    0.0000  -15.0000   37.5000 2709.0708   14.9068
    7.5000  -15.0000   37.5000 2700.9045   15.0150
   -7.5000   -7.5000   37.5000 2800.8884   14.3459
    0.0000   -7.5000   37.5000 2814.2449   14.1517
    7.5000   -7.5000   37.5000 2799.6831   14.2324
   -7.5000    0.0000   37.5000 2863.0613   13.8027
    0.0000    0.0000   37.5000 2885.7957   13.5144
    7.5000    0.0000   37.5000 2861.2156   13.7075
   -7.5000    7.5000   37.5000 2900.5857   13.5894
    0.0000    7.5000   37.5000 2925.4041   13.3471
    7.5000    7.5000   37.5000 2903.2917   13.5015
   -7.5000   15.0000   37.5000 2885.0818   13.7167
    0.0000   15.0000   37.5000 2911.0156   13.5486
    7.5000   15.0000   37.5000 2890.7080   13.6523
   -7.5000   22.5000   37.5000 2847.3684   14.1884
    0.0000   22.5000   37.5000 2864.5188   13.9928
    7.5000   22.5000   37.5000 2847.9099   14.0961
   -7.5000   30.0000   37.5000 2762.5278   14.9215
    0.0000   30.0000   37.5000 2778.8840   14.7235
    7.5000   30.0000   37.5000 2770.3506   14.7755
   -7.5000   37.5000   37.5000 2670.1509   15.8779
    0.0000   37.5000   37.5000 2686.6487   15.6686
    7.5000   37.5000   37.5000 2673.5264   15.7486
   -7.5000   45.0000   37.5000 2560.9165   17.0625
    0.0000   45.0000   37.5000 2579.0588   16.9008
    7.5000   45.0000   37.5000 2559.7139   17.0085
   -7.5000  -45.0000   45.0000 2159.6523   23.4560
    0.0000  -45.0000   45.0000 2163.9153   23.1708
    7.5000  -45.0000   45.0000 2161.1143   23.4670
   -7.5000  -37.5000   45.0000 2293.3606   20.8095
    0.0000  -37.5000   45.0000 2295.8157   20.4423
    7.5000  -37.5000   45.0000 2288.0032   20.7253
   -7.5000  -30.0000   45.0000 2421.9414   18.7429
    0.0000  -30.0000   45.0000 2425.2473   18.3512
    7.5000  -30.0000   45.0000 2414.2905   18.6430
   -7.5000  -22.5000   45.0000 2541.9854   17.1239
    0.0000  -22.5000   45.0000 2548.4148   16.7846
    7.5000  -22.5000   45.0000 2539.2405   17.0225
   -7.5000  -15.0000   45.0000 2656.5752   15.9230
    0.0000  -15.0000   45.0000 2665.8879   15.5874
    7.5000  -15.0000   45.0000 2658.6453   15.7920
   -7.5000   -7.5000   45.0000 2745.4927   15.0769
    0.0000   -7.5000   45.0000 2756.9783   14.7192
    7.5000   -7.5000   45.0000 2747.4304   14.9396
   -7.5000    0.0000   45.0000 2800.6680   14.4867
    0.0000    0.0000   45.0000 2817.5168   14.1656
    7.5000    0.0000   45.0000 2801.2869   14.3712
   -7.5000    7.5000   45.0000 2832.2405   14.3112
    0.0000    7.5000   45.0000 2850.4065   14.0360
    7.5000    7.5000   45.0000 2837.2410   14.1943
   -7.5000   15.0000   45.0000 2816.7673   14.4355
    0.0000   15.0000   45.0000 2833.2788   14.2162
    7.5000   15.0000   45.0000 2820.6724   14.3334
   -7.5000   22.5000   45.0000 2785.2271   14.8463
    0.0000   22.5000   45.0000 2799.4241   14.6281
    7.5000   22.5000   45.0000 2783.3003   14.7437
   -7.5000   30.0000   45.0000 2707.6331   15.5555
    0.0000   30.0000   45.0000 2725.0723   15.3294
    7.5000   30.0000   45.0000 2712.5557   15.4126
   -7.5000   37.5000   45.0000 2624.0334   16.5365
    0.0000   37.5000   45.0000 2639.5957   16.3324
    7.5000   37.5000   45.0000 2628.5535   16.3812
   -7.5000   45.0000   45.0000 2516.6580   17.7529
    0.0000   45.0000   45.0000 2533.2979   17.5690
    7.5000   45.0000   45.0000 2521.6189   17.6425

---------------------------------------------------------------------
imgreg_4dfp /opt/freesurfer/average/711-2C_as_mni_average_305 /opt/freesurfer/average/711-2B_as_mni_average_305_mask talsrcimg_g11 none talsrcimg_to_711-2C_as_mni_average_305_t4 1283
---------------------------------------------------------------------

freesurfer imgreg_4dfp.c
/opt/freesurfer/average/711-2C_as_mni_average_305.4dfp.img
       256       256       256         1
  1.000000  1.000000  1.000000
orientation T byte_order littleendian
Reading image: /opt/freesurfer/average/711-2C_as_mni_average_305.4dfp.img
dimensions:      256       256       256
mmppix:       1.0000   -1.0000   -1.0000
center:     128.0000 -129.0000 -129.0000
/opt/freesurfer/average/711-2B_as_mni_average_305_mask.4dfp.img
       256       256       256         1
  1.000000  1.000000  1.000000
orientation T byte_order littleendian
Reading mask: /opt/freesurfer/average/711-2B_as_mni_average_305_mask.4dfp.img (2306576 pixels)
talsrcimg_g11.4dfp.img
       256       256       256         1
  1.000000  1.000000  1.000000
orientation T byte_order littleendian
Reading image: talsrcimg_g11.4dfp.img
dimensions:      256       256       256
mmppix:       1.0000   -1.0000   -1.0000
center:     128.0000 -129.0000 -129.0000
rotation matrix determinant  1.000000
fimgreg.f
image alignment mode   1283 decimal      503 hex
parameters
    0.0000    7.5000   22.5000    0.0000    0.0000    0.0000
eta,q 0.95266 12.55857
niter,ni,del,rscale     5    3   12.0000    1.2000
parameter  6 -0.741078 -> -0.500000 qaram    1.1500
parameters
   -0.6450    5.5690   21.6831   -2.1705    1.0576    3.4500
eta,q 0.95604 12.49450
  0.0580  0.0516  0.0559  0.0481  0.0558  0.0559
  0.0533  0.0485  0.0502  0.0468  0.0516  0.0515
  0.0499  0.0469  0.0471  0.0464  0.0483  0.0483
  0.0486  0.0484  0.0469  0.0467  0.0464  0.0462
  0.0505  0.0516  0.0497  0.0485  0.0462  0.0446
  0.0564  0.0554  0.0553  0.0510  0.0477  0.0438
  0.0639  0.0588  0.0615  0.0539  0.0513  0.0442
niter,ni,del,rscale     5    3   12.0000    1.2000
parameters
   -0.8833    6.2110   21.1004   -3.8770    0.9831    4.0919
eta,q 0.95677 12.50199
  0.0594  0.0562  0.0531  0.0458  0.0514  0.0506
  0.0508  0.0501  0.0483  0.0436  0.0476  0.0471
  0.0444  0.0460  0.0444  0.0434  0.0444  0.0446
  0.0440  0.0437  0.0435  0.0435  0.0434  0.0434
  0.0476  0.0445  0.0458  0.0449  0.0444  0.0434
  0.0535  0.0481  0.0510  0.0478  0.0475  0.0452
  0.0604  0.0515  0.0580  0.0509  0.0521  0.0486
niter,ni,del,rscale     4    3   12.0000    1.2000
parameters
   -1.0184    7.0500   20.6847   -5.2947    0.9313    3.6792
eta,q 0.95731 12.47614
  0.0594  0.0563  0.0525  0.0456  0.0513  0.0491
  0.0509  0.0493  0.0477  0.0432  0.0469  0.0457
  0.0442  0.0449  0.0441  0.0425  0.0432  0.0435
  0.0432  0.0431  0.0431  0.0431  0.0427  0.0426
  0.0467  0.0438  0.0449  0.0441  0.0439  0.0437
  0.0527  0.0470  0.0492  0.0466  0.0469  0.0468
  0.0596  0.0497  0.0560  0.0497  0.0516  0.0511
niter,ni,del,rscale     3    3   12.0000    1.2000
parameters
   -1.0156    8.2168   20.2528   -7.9381    0.7050    3.1581
eta,q 0.95935 12.40624
  0.0592  0.0546  0.0519  0.0437  0.0507  0.0482
  0.0512  0.0481  0.0464  0.0409  0.0457  0.0442
  0.0446  0.0441  0.0433  0.0411  0.0419  0.0413
  0.0427  0.0427  0.0429  0.0428  0.0408  0.0408
  0.0449  0.0436  0.0447  0.0447  0.0425  0.0427
  0.0511  0.0456  0.0485  0.0473  0.0467  0.0460
  0.0591  0.0469  0.0548  0.0504  0.0523  0.0505
niter,ni,del,rscale     2    3   12.0000    1.2000
parameters
   -0.8680    9.9794   19.7497   -9.0331    0.6663    2.9624
eta,q 0.96200 12.33889
  0.0593  0.0546  0.0510  0.0463  0.0498  0.0471
  0.0506  0.0496  0.0440  0.0406  0.0443  0.0427
  0.0434  0.0442  0.0394  0.0377  0.0397  0.0392
  0.0406  0.0406  0.0399  0.0394  0.0380  0.0380
  0.0427  0.0400  0.0432  0.0434  0.0398  0.0397
  0.0492  0.0416  0.0477  0.0466  0.0441  0.0432
  0.0577  0.0450  0.0538  0.0505  0.0503  0.0483
niter,ni,del,rscale     1    3   12.0000    1.2000
parameters
   -0.8454   10.2119   19.6228   -9.2299    0.6712    2.9228
eta,q 0.96225 12.33315
  0.0566  0.0519  0.0525  0.0486  0.0498  0.0474
  0.0481  0.0466  0.0450  0.0435  0.0442  0.0428
  0.0407  0.0405  0.0387  0.0384  0.0395  0.0392
  0.0380  0.0380  0.0380  0.0379  0.0377  0.0378
  0.0407  0.0399  0.0414  0.0413  0.0396  0.0393
  0.0476  0.0439  0.0462  0.0452  0.0439  0.0427
  0.0565  0.0508  0.0526  0.0486  0.0500  0.0478
registration optimization eta report
parameter search radius
    6.0000    6.0000    6.0000    6.0000    6.0000    6.9000
100000*second partial in parameter space
       50.       36.       40.       28.       33.       20.
  0.0566  0.0519  0.0525  0.0486  0.0498  0.0474
  0.0481  0.0466  0.0450  0.0435  0.0442  0.0428
  0.0407  0.0405  0.0387  0.0384  0.0395  0.0392
  0.0380  0.0380  0.0380  0.0379  0.0377  0.0378
  0.0407  0.0399  0.0414  0.0413  0.0396  0.0393
  0.0476  0.0439  0.0462  0.0452  0.0439  0.0427
  0.0565  0.0508  0.0526  0.0486  0.0500  0.0478
   -0.8454   10.2119   19.6228   -9.2299    0.6712    2.9228
eta,q 0.96225 12.33315

---------------------------------------------------------------------
imgreg_4dfp /opt/freesurfer/average/711-2C_as_mni_average_305 /opt/freesurfer/average/711-2B_as_mni_average_305_mask talsrcimg_g11 none talsrcimg_to_711-2C_as_mni_average_305_t4 3335
---------------------------------------------------------------------

freesurfer imgreg_4dfp.c
/opt/freesurfer/average/711-2C_as_mni_average_305.4dfp.img
       256       256       256         1
  1.000000  1.000000  1.000000
orientation T byte_order littleendian
Reading image: /opt/freesurfer/average/711-2C_as_mni_average_305.4dfp.img
dimensions:      256       256       256
mmppix:       1.0000   -1.0000   -1.0000
center:     128.0000 -129.0000 -129.0000
/opt/freesurfer/average/711-2B_as_mni_average_305_mask.4dfp.img
       256       256       256         1
  1.000000  1.000000  1.000000
orientation T byte_order littleendian
Reading mask: /opt/freesurfer/average/711-2B_as_mni_average_305_mask.4dfp.img (2306576 pixels)
talsrcimg_g11.4dfp.img
       256       256       256         1
  1.000000  1.000000  1.000000
orientation T byte_order littleendian
Reading image: talsrcimg_g11.4dfp.img
dimensions:      256       256       256
mmppix:       1.0000   -1.0000   -1.0000
center:     128.0000 -129.0000 -129.0000
fimgreg.f
image alignment mode   3335 decimal      D07 hex
parameters
   -0.8454   10.2119   19.6228   -0.1369   -1.4135   -1.3015
   -4.8454   -1.9726    5.0987   15.9598    1.1714  -16.0385
eta,q 0.96108 12.49236
niter,ni,del,rscale     5    3    5.0000    1.2000
parameter  4  1.034713 ->  0.500000 qaram    1.1500
parameter  5-11.881922 ->  0.500000 qaram    1.1500
parameter 12 -0.521475 -> -0.500000 qaram    1.1500
parameters
   -0.7841   10.0425   19.4661   -4.2769   -5.5535   -4.1611
   -6.5836   -0.9726    5.3933   15.3376    3.7473  -11.8985
eta,q 0.97293 12.41466
  0.0429  0.0401  0.0411  0.0348  0.0237  0.0296  0.0293  0.0358  0.0302  0.0313  0.0305  0.0311
  0.0408  0.0393  0.0398  0.0351  0.0273  0.0285  0.0282  0.0320  0.0289  0.0292  0.0292  0.0294
  0.0394  0.0390  0.0390  0.0364  0.0314  0.0279  0.0278  0.0291  0.0280  0.0279  0.0282  0.0281
  0.0389  0.0389  0.0389  0.0389  0.0353  0.0284  0.0279  0.0277  0.0277  0.0277  0.0276  0.0274
  0.0393  0.0391  0.0394  0.0426  0.0386  0.0308  0.0287  0.0280  0.0278  0.0286  0.0274  0.0271
  0.0405  0.0396  0.0403  0.0469  0.0419  0.0354  0.0300  0.0295  0.0286  0.0303  0.0276  0.0271
  0.0425  0.0405  0.0417  0.0513  0.0457  0.0418  0.0316  0.0324  0.0299  0.0327  0.0281  0.0273
niter,ni,del,rscale     7    3    5.0000    1.2000
parameter  3  0.604538 ->  0.500000 qaram    1.1500
parameter  5  2.760823 ->  0.500000 qaram    1.3225
parameters
   -0.2808    9.1435   18.0861   -6.5871  -10.3145   -4.5260
   -6.2963   -1.1560    5.6267   14.4540    4.3589  -14.3141
eta,q 0.98012 12.29938
  0.0325  0.0276  0.0261  0.0281  0.0181  0.0238  0.0236  0.0261  0.0230  0.0235  0.0216  0.0209
  0.0300  0.0268  0.0258  0.0268  0.0194  0.0223  0.0218  0.0225  0.0215  0.0217  0.0207  0.0201
  0.0281  0.0265  0.0259  0.0259  0.0221  0.0210  0.0206  0.0205  0.0205  0.0204  0.0202  0.0199
  0.0271  0.0269  0.0265  0.0258  0.0259  0.0200  0.0201  0.0201  0.0201  0.0201  0.0201  0.0201
  0.0269  0.0279  0.0275  0.0271  0.0302  0.0197  0.0204  0.0210  0.0204  0.0208  0.0202  0.0207
  0.0277  0.0294  0.0289  0.0306  0.0341  0.0216  0.0215  0.0231  0.0213  0.0229  0.0205  0.0217
  0.0294  0.0314  0.0306  0.0355  0.0374  0.0263  0.0231  0.0266  0.0227  0.0262  0.0211  0.0230
niter,ni,del,rscale     7    3    5.0000    1.2000
parameter  5  0.579265 ->  0.500000 qaram    1.5209
parameters
   -0.2695    8.9309   17.8837   -6.2669  -15.7896   -3.6672
   -6.2678   -1.3037    5.6652   14.5309    4.5806  -15.2406
eta,q 0.98283 12.19353
  0.0238  0.0228  0.0220  0.0242  0.0191  0.0218  0.0208  0.0235  0.0202  0.0213  0.0189  0.0189
  0.0217  0.0211  0.0207  0.0223  0.0177  0.0201  0.0189  0.0200  0.0186  0.0192  0.0180  0.0178
  0.0203  0.0201  0.0200  0.0209  0.0179  0.0187  0.0176  0.0178  0.0176  0.0178  0.0174  0.0173
  0.0199  0.0199  0.0199  0.0198  0.0197  0.0176  0.0172  0.0172  0.0172  0.0172  0.0172  0.0172
  0.0203  0.0205  0.0203  0.0196  0.0232  0.0168  0.0177  0.0181  0.0176  0.0175  0.0174  0.0177
  0.0216  0.0219  0.0212  0.0210  0.0281  0.0177  0.0189  0.0203  0.0186  0.0189  0.0179  0.0186
  0.0237  0.0241  0.0227  0.0244  0.0332  0.0211  0.0207  0.0240  0.0201  0.0213  0.0187  0.0196
niter,ni,del,rscale     7    3    5.0000    1.2000
parameters
   -0.2443    9.3119   18.2894   -5.4769  -16.7266   -3.5858
   -6.3068   -1.3697    5.5111   14.7993    4.5551  -15.5400
eta,q 0.98325 12.19157
  0.0214  0.0220  0.0205  0.0223  0.0234  0.0208  0.0204  0.0233  0.0197  0.0210  0.0184  0.0188
  0.0191  0.0196  0.0188  0.0201  0.0202  0.0192  0.0184  0.0198  0.0181  0.0187  0.0175  0.0176
  0.0177  0.0180  0.0176  0.0183  0.0176  0.0178  0.0172  0.0174  0.0171  0.0173  0.0169  0.0169
  0.0172  0.0172  0.0171  0.0170  0.0168  0.0168  0.0168  0.0168  0.0168  0.0168  0.0168  0.0168
  0.0176  0.0172  0.0171  0.0166  0.0181  0.0164  0.0172  0.0176  0.0172  0.0171  0.0170  0.0171
  0.0190  0.0181  0.0178  0.0180  0.0214  0.0179  0.0185  0.0199  0.0183  0.0183  0.0176  0.0179
  0.0212  0.0197  0.0189  0.0214  0.0268  0.0218  0.0204  0.0235  0.0199  0.0204  0.0184  0.0189
niter,ni,del,rscale     6    3    5.0000    1.2000
parameters
   -0.2364    9.4147   18.3791   -5.3211  -16.9105   -3.5430
   -6.2893   -1.3850    5.4497   14.8889    4.5595  -15.6143
eta,q 0.98330 12.19137
  0.0211  0.0208  0.0197  0.0218  0.0241  0.0208  0.0204  0.0233  0.0197  0.0207  0.0184  0.0188
  0.0187  0.0187  0.0181  0.0197  0.0208  0.0191  0.0184  0.0198  0.0180  0.0185  0.0175  0.0176
  0.0173  0.0173  0.0171  0.0179  0.0180  0.0178  0.0171  0.0174  0.0170  0.0171  0.0169  0.0169
  0.0167  0.0167  0.0167  0.0167  0.0167  0.0167  0.0167  0.0167  0.0167  0.0167  0.0167  0.0167
  0.0172  0.0171  0.0170  0.0167  0.0175  0.0164  0.0172  0.0175  0.0171  0.0171  0.0169  0.0170
  0.0187  0.0183  0.0179  0.0186  0.0204  0.0179  0.0184  0.0198  0.0182  0.0183  0.0175  0.0178
  0.0210  0.0201  0.0193  0.0223  0.0253  0.0219  0.0203  0.0234  0.0197  0.0205  0.0184  0.0188
niter,ni,del,rscale     5    3    5.0000    1.2000
parameters
   -0.2389    9.4359   18.3981   -5.2852  -16.9444   -3.5325
   -6.2752   -1.3950    5.4360   14.9116    4.5629  -15.6343
eta,q 0.98330 12.19167
  0.0210  0.0205  0.0195  0.0218  0.0242  0.0208  0.0204  0.0233  0.0197  0.0206  0.0184  0.0189
  0.0187  0.0184  0.0179  0.0196  0.0209  0.0191  0.0184  0.0198  0.0181  0.0184  0.0175  0.0176
  0.0172  0.0171  0.0170  0.0179  0.0181  0.0177  0.0171  0.0174  0.0170  0.0171  0.0169  0.0169
  0.0167  0.0167  0.0167  0.0167  0.0167  0.0167  0.0167  0.0167  0.0167  0.0167  0.0167  0.0167
  0.0172  0.0171  0.0170  0.0167  0.0174  0.0164  0.0172  0.0175  0.0171  0.0171  0.0169  0.0170
  0.0187  0.0184  0.0179  0.0188  0.0202  0.0179  0.0184  0.0198  0.0181  0.0184  0.0175  0.0178
  0.0211  0.0203  0.0194  0.0225  0.0251  0.0220  0.0203  0.0234  0.0197  0.0205  0.0184  0.0187
registration optimization eta report
parameter search radius
    2.4000    2.4000    2.7600    8.2800   10.9503    7.2000
    7.2000    7.2000    7.2000    7.2000    7.2000    8.2800
100000*second partial in parameter space
       75.       64.       36.        8.        7.        9.
        7.       13.        6.        7.        3.        3.
  0.0210  0.0205  0.0195  0.0218  0.0242  0.0208  0.0204  0.0233  0.0197  0.0206  0.0184  0.0189
  0.0187  0.0184  0.0179  0.0196  0.0209  0.0191  0.0184  0.0198  0.0181  0.0184  0.0175  0.0176
  0.0172  0.0171  0.0170  0.0179  0.0181  0.0177  0.0171  0.0174  0.0170  0.0171  0.0169  0.0169
  0.0167  0.0167  0.0167  0.0167  0.0167  0.0167  0.0167  0.0167  0.0167  0.0167  0.0167  0.0167
  0.0172  0.0171  0.0170  0.0167  0.0174  0.0164  0.0172  0.0175  0.0171  0.0171  0.0169  0.0170
  0.0187  0.0184  0.0179  0.0188  0.0202  0.0179  0.0184  0.0198  0.0181  0.0184  0.0175  0.0178
  0.0211  0.0203  0.0194  0.0225  0.0251  0.0220  0.0203  0.0234  0.0197  0.0205  0.0184  0.0187
   -0.2389    9.4359   18.3981   -5.2852  -16.9444   -3.5325
   -6.2752   -1.3950    5.4360   14.9116    4.5629  -15.6343
eta,q 0.98330 12.19167

---------------------------------------------------------------------
imgreg_4dfp /opt/freesurfer/average/711-2C_as_mni_average_305 /opt/freesurfer/average/711-2B_as_mni_average_305_mask talsrcimg_g11 none talsrcimg_to_711-2C_as_mni_average_305_t4 2311
---------------------------------------------------------------------

freesurfer imgreg_4dfp.c
/opt/freesurfer/average/711-2C_as_mni_average_305.4dfp.img
       256       256       256         1
  1.000000  1.000000  1.000000
orientation T byte_order littleendian
Reading image: /opt/freesurfer/average/711-2C_as_mni_average_305.4dfp.img
dimensions:      256       256       256
mmppix:       1.0000   -1.0000   -1.0000
center:     128.0000 -129.0000 -129.0000
/opt/freesurfer/average/711-2B_as_mni_average_305_mask.4dfp.img
       256       256       256         1
  1.000000  1.000000  1.000000
orientation T byte_order littleendian
Reading mask: /opt/freesurfer/average/711-2B_as_mni_average_305_mask.4dfp.img (2306576 pixels)
talsrcimg_g11.4dfp.img
       256       256       256         1
  1.000000  1.000000  1.000000
orientation T byte_order littleendian
Reading image: talsrcimg_g11.4dfp.img
dimensions:      256       256       256
mmppix:       1.0000   -1.0000   -1.0000
center:     128.0000 -129.0000 -129.0000
fimgreg.f
image alignment mode   2311 decimal      907 hex
parameters
   -0.2389    9.4359   18.3981   -5.2852  -16.9444   -3.5325
   -6.2752   -1.3950    5.4360   14.9116    4.5629  -15.6343
eta,q 0.98330 12.19166
niter,ni,del,rscale     5    3    5.0000    0.8000
parameters
   -0.2316    9.4252   18.3763   -4.4474  -16.4901   -2.9356
   -6.4267   -1.2663    5.2778   15.2670    4.8155  -15.4332
eta,q 0.98366 12.24532
  0.0187  0.0184  0.0176  0.0191  0.0186  0.0188  0.0180  0.0201  0.0177  0.0184  0.0174  0.0172
  0.0176  0.0174  0.0171  0.0181  0.0176  0.0179  0.0171  0.0181  0.0169  0.0173  0.0169  0.0167
  0.0169  0.0169  0.0168  0.0173  0.0169  0.0171  0.0165  0.0168  0.0165  0.0166  0.0165  0.0164
  0.0167  0.0167  0.0167  0.0167  0.0165  0.0165  0.0164  0.0164  0.0164  0.0164  0.0163  0.0163
  0.0169  0.0169  0.0168  0.0165  0.0166  0.0163  0.0166  0.0167  0.0166  0.0164  0.0164  0.0164
  0.0176  0.0175  0.0171  0.0169  0.0171  0.0168  0.0172  0.0179  0.0171  0.0169  0.0167  0.0167
  0.0186  0.0184  0.0177  0.0181  0.0180  0.0183  0.0182  0.0198  0.0178  0.0179  0.0172  0.0171
niter,ni,del,rscale     4    3    5.0000    0.7000
parameters
   -0.2450    9.3077   18.4417   -4.4756  -16.3004   -2.6251
   -6.2690   -1.3092    5.2539   15.2526    4.9031  -15.2590
eta,q 0.98375 12.25862
  0.0179  0.0174  0.0172  0.0180  0.0178  0.0183  0.0177  0.0191  0.0173  0.0177  0.0171  0.0169
  0.0171  0.0168  0.0167  0.0172  0.0171  0.0175  0.0169  0.0175  0.0167  0.0169  0.0167  0.0166
  0.0165  0.0164  0.0164  0.0167  0.0165  0.0168  0.0164  0.0166  0.0164  0.0164  0.0164  0.0163
  0.0163  0.0163  0.0163  0.0163  0.0163  0.0163  0.0162  0.0162  0.0162  0.0162  0.0163  0.0162
  0.0165  0.0166  0.0164  0.0164  0.0164  0.0162  0.0164  0.0166  0.0164  0.0164  0.0163  0.0163
  0.0171  0.0171  0.0167  0.0170  0.0169  0.0168  0.0168  0.0176  0.0167  0.0169  0.0166  0.0165
  0.0180  0.0179  0.0171  0.0183  0.0176  0.0181  0.0175  0.0192  0.0173  0.0177  0.0170  0.0168
niter,ni,del,rscale     3    3    5.0000    0.6000
parameters
   -0.2672    9.2667   18.4878   -4.4508  -16.2879   -2.4074
   -6.2527   -1.3293    5.2444   15.2556    4.9338  -15.1883
eta,q 0.98380 12.26449
  0.0174  0.0172  0.0169  0.0175  0.0173  0.0178  0.0172  0.0184  0.0170  0.0173  0.0168  0.0167
  0.0168  0.0166  0.0166  0.0169  0.0167  0.0172  0.0167  0.0172  0.0166  0.0167  0.0165  0.0164
  0.0164  0.0163  0.0163  0.0165  0.0164  0.0166  0.0163  0.0164  0.0163  0.0163  0.0163  0.0163
  0.0162  0.0162  0.0162  0.0162  0.0162  0.0162  0.0162  0.0162  0.0162  0.0162  0.0162  0.0162
  0.0164  0.0164  0.0163  0.0163  0.0164  0.0162  0.0163  0.0165  0.0163  0.0163  0.0163  0.0162
  0.0168  0.0167  0.0165  0.0168  0.0167  0.0166  0.0167  0.0172  0.0166  0.0167  0.0165  0.0164
  0.0175  0.0173  0.0168  0.0177  0.0173  0.0177  0.0172  0.0184  0.0170  0.0173  0.0168  0.0167
niter,ni,del,rscale     2    3    5.0000    0.5000
parameters
   -0.2748    9.2517   18.5262   -4.4007  -16.3010   -2.2290
   -6.2532   -1.3303    5.2368   15.2762    4.9491  -15.1294
eta,q 0.98383 12.26867
  0.0171  0.0169  0.0167  0.0172  0.0169  0.0174  0.0169  0.0177  0.0167  0.0169  0.0166  0.0165
  0.0166  0.0165  0.0164  0.0167  0.0165  0.0169  0.0165  0.0169  0.0164  0.0165  0.0164  0.0163
  0.0163  0.0163  0.0163  0.0164  0.0163  0.0165  0.0162  0.0164  0.0162  0.0163  0.0162  0.0162
  0.0162  0.0162  0.0162  0.0162  0.0162  0.0162  0.0162  0.0162  0.0162  0.0162  0.0162  0.0162
  0.0163  0.0163  0.0162  0.0163  0.0163  0.0162  0.0162  0.0163  0.0162  0.0162  0.0162  0.0162
  0.0166  0.0165  0.0164  0.0166  0.0165  0.0165  0.0165  0.0169  0.0164  0.0165  0.0164  0.0163
  0.0171  0.0169  0.0166  0.0172  0.0169  0.0173  0.0169  0.0178  0.0167  0.0169  0.0166  0.0165
niter,ni,del,rscale     1    3    5.0000    0.4000
parameters
   -0.2802    9.2421   18.5683   -4.3440  -16.3191   -2.0551
   -6.2515   -1.3180    5.2301   15.2983    4.9471  -15.1036
eta,q 0.98385 12.27244
  0.0167  0.0166  0.0165  0.0168  0.0166  0.0170  0.0166  0.0172  0.0165  0.0166  0.0165  0.0164
  0.0164  0.0164  0.0163  0.0165  0.0164  0.0166  0.0164  0.0166  0.0163  0.0164  0.0163  0.0162
  0.0162  0.0162  0.0162  0.0163  0.0162  0.0163  0.0162  0.0163  0.0162  0.0162  0.0162  0.0162
  0.0162  0.0162  0.0162  0.0162  0.0162  0.0162  0.0161  0.0161  0.0161  0.0161  0.0161  0.0161
  0.0162  0.0162  0.0162  0.0162  0.0162  0.0162  0.0162  0.0163  0.0162  0.0162  0.0162  0.0162
  0.0164  0.0164  0.0163  0.0164  0.0164  0.0164  0.0164  0.0166  0.0163  0.0163  0.0163  0.0162
  0.0167  0.0166  0.0164  0.0168  0.0167  0.0169  0.0166  0.0172  0.0165  0.0166  0.0165  0.0164
registration optimization eta report
parameter search radius
    0.8000    0.8000    0.8000    2.4000    2.4000    2.4000
    2.4000    2.4000    2.4000    2.4000    2.4000    2.4000
100000*second partial in parameter space
       88.       69.       46.       11.        8.       13.
        8.       18.        6.        9.        5.        4.
  0.0167  0.0166  0.0165  0.0168  0.0166  0.0170  0.0166  0.0172  0.0165  0.0166  0.0165  0.0164
  0.0164  0.0164  0.0163  0.0165  0.0164  0.0166  0.0164  0.0166  0.0163  0.0164  0.0163  0.0162
  0.0162  0.0162  0.0162  0.0163  0.0162  0.0163  0.0162  0.0163  0.0162  0.0162  0.0162  0.0162
  0.0162  0.0162  0.0162  0.0162  0.0162  0.0162  0.0161  0.0161  0.0161  0.0161  0.0161  0.0161
  0.0162  0.0162  0.0162  0.0162  0.0162  0.0162  0.0162  0.0163  0.0162  0.0162  0.0162  0.0162
  0.0164  0.0164  0.0163  0.0164  0.0164  0.0164  0.0164  0.0166  0.0163  0.0163  0.0163  0.0162
  0.0167  0.0166  0.0164  0.0168  0.0167  0.0169  0.0166  0.0172  0.0165  0.0166  0.0165  0.0164
   -0.2802    9.2421   18.5683   -4.3440  -16.3191   -2.0551
   -6.2515   -1.3180    5.2301   15.2983    4.9471  -15.1036
eta,q 0.98385 12.27244

---------------------------------------------------------------------
imgreg_4dfp /opt/freesurfer/average/711-2C_as_mni_average_305 /opt/freesurfer/average/711-2B_as_mni_average_305_mask talsrcimg_g11 none talsrcimg_to_711-2C_as_mni_average_305_t4 2311
---------------------------------------------------------------------

freesurfer imgreg_4dfp.c
/opt/freesurfer/average/711-2C_as_mni_average_305.4dfp.img
       256       256       256         1
  1.000000  1.000000  1.000000
orientation T byte_order littleendian
Reading image: /opt/freesurfer/average/711-2C_as_mni_average_305.4dfp.img
dimensions:      256       256       256
mmppix:       1.0000   -1.0000   -1.0000
center:     128.0000 -129.0000 -129.0000
/opt/freesurfer/average/711-2B_as_mni_average_305_mask.4dfp.img
       256       256       256         1
  1.000000  1.000000  1.000000
orientation T byte_order littleendian
Reading mask: /opt/freesurfer/average/711-2B_as_mni_average_305_mask.4dfp.img (2306576 pixels)
talsrcimg_g11.4dfp.img
       256       256       256         1
  1.000000  1.000000  1.000000
orientation T byte_order littleendian
Reading image: talsrcimg_g11.4dfp.img
dimensions:      256       256       256
mmppix:       1.0000   -1.0000   -1.0000
center:     128.0000 -129.0000 -129.0000
fimgreg.f
image alignment mode   2311 decimal      907 hex
parameters
   -0.2802    9.2421   18.5683   -4.3440  -16.3191   -2.0551
   -6.2515   -1.3180    5.2301   15.2983    4.9471  -15.1036
eta,q 0.98385 12.27244
niter,ni,del,rscale     5    3    5.0000    0.8000
parameters
   -0.2925    9.2446   18.6458   -4.7845  -16.3187   -2.4946
   -6.1519   -1.4111    5.3085   15.0428    4.7996  -15.2029
eta,q 0.98373 12.25467
  0.0183  0.0179  0.0175  0.0180  0.0180  0.0183  0.0181  0.0197  0.0177  0.0180  0.0172  0.0171
  0.0171  0.0169  0.0167  0.0171  0.0171  0.0174  0.0171  0.0178  0.0169  0.0170  0.0167  0.0166
  0.0164  0.0163  0.0163  0.0165  0.0164  0.0167  0.0165  0.0166  0.0164  0.0164  0.0164  0.0164
  0.0161  0.0162  0.0161  0.0161  0.0162  0.0162  0.0163  0.0163  0.0163  0.0163  0.0163  0.0163
  0.0164  0.0164  0.0163  0.0164  0.0164  0.0164  0.0165  0.0167  0.0164  0.0165  0.0164  0.0164
  0.0172  0.0169  0.0166  0.0175  0.0170  0.0176  0.0170  0.0180  0.0169  0.0172  0.0168  0.0167
  0.0184  0.0179  0.0172  0.0193  0.0181  0.0200  0.0180  0.0200  0.0176  0.0185  0.0173  0.0171
niter,ni,del,rscale     4    3    5.0000    0.7000
parameters
   -0.2876    9.2678   18.5280   -4.6369  -16.3524   -2.5199
   -6.2883   -1.3477    5.3141   15.1543    4.8168  -15.2505
eta,q 0.98376 12.25639
  0.0179  0.0177  0.0170  0.0180  0.0176  0.0181  0.0175  0.0192  0.0174  0.0178  0.0171  0.0169
  0.0170  0.0169  0.0165  0.0172  0.0169  0.0173  0.0168  0.0176  0.0167  0.0169  0.0166  0.0165
  0.0165  0.0164  0.0163  0.0166  0.0164  0.0167  0.0164  0.0166  0.0164  0.0164  0.0163  0.0163
  0.0163  0.0163  0.0163  0.0163  0.0162  0.0162  0.0163  0.0162  0.0162  0.0162  0.0162  0.0162
  0.0164  0.0164  0.0164  0.0163  0.0164  0.0162  0.0164  0.0165  0.0164  0.0163  0.0163  0.0163
  0.0170  0.0168  0.0168  0.0168  0.0169  0.0170  0.0169  0.0175  0.0167  0.0168  0.0166  0.0165
  0.0179  0.0176  0.0172  0.0180  0.0177  0.0185  0.0177  0.0190  0.0173  0.0177  0.0170  0.0169
niter,ni,del,rscale     3    3    5.0000    0.6000
parameters
   -0.2741    9.2682   18.5111   -4.4975  -16.3275   -2.3869
   -6.2901   -1.3185    5.2813   15.2358    4.8806  -15.1981
eta,q 0.98380 12.26285
  0.0175  0.0172  0.0169  0.0176  0.0173  0.0177  0.0172  0.0184  0.0170  0.0173  0.0168  0.0167
  0.0168  0.0167  0.0165  0.0170  0.0167  0.0171  0.0167  0.0172  0.0166  0.0167  0.0165  0.0164
  0.0164  0.0164  0.0163  0.0165  0.0164  0.0166  0.0163  0.0165  0.0163  0.0164  0.0163  0.0163
  0.0162  0.0162  0.0162  0.0162  0.0162  0.0162  0.0162  0.0162  0.0162  0.0162  0.0162  0.0162
  0.0164  0.0164  0.0163  0.0163  0.0163  0.0162  0.0163  0.0164  0.0163  0.0163  0.0163  0.0163
  0.0168  0.0167  0.0165  0.0167  0.0167  0.0167  0.0167  0.0172  0.0166  0.0166  0.0165  0.0164
  0.0174  0.0172  0.0169  0.0175  0.0173  0.0178  0.0172  0.0184  0.0170  0.0173  0.0168  0.0167
niter,ni,del,rscale     2    3    5.0000    0.5000
parameters
   -0.2738    9.2546   18.5318   -4.4112  -16.3150   -2.2223
   -6.2680   -1.3133    5.2548   15.2780    4.9220  -15.1392
eta,q 0.98383 12.26831
  0.0171  0.0169  0.0167  0.0172  0.0169  0.0173  0.0169  0.0177  0.0167  0.0169  0.0166  0.0165
  0.0166  0.0165  0.0164  0.0167  0.0165  0.0169  0.0165  0.0169  0.0164  0.0165  0.0164  0.0163
  0.0163  0.0163  0.0163  0.0164  0.0163  0.0165  0.0163  0.0164  0.0162  0.0163  0.0162  0.0162
  0.0162  0.0162  0.0162  0.0162  0.0162  0.0162  0.0162  0.0162  0.0162  0.0162  0.0162  0.0162
  0.0163  0.0163  0.0163  0.0162  0.0163  0.0162  0.0162  0.0163  0.0162  0.0162  0.0162  0.0162
  0.0166  0.0165  0.0164  0.0165  0.0165  0.0165  0.0165  0.0169  0.0164  0.0165  0.0164  0.0163
  0.0171  0.0169  0.0166  0.0172  0.0169  0.0173  0.0169  0.0177  0.0167  0.0169  0.0166  0.0165
niter,ni,del,rscale     1    3    5.0000    0.4000
parameters
   -0.2791    9.2409   18.5662   -4.3453  -16.3253   -2.0560
   -6.2534   -1.3115    5.2376   15.3034    4.9410  -15.0908
eta,q 0.98385 12.27233
  0.0167  0.0166  0.0165  0.0168  0.0166  0.0170  0.0166  0.0172  0.0165  0.0166  0.0165  0.0164
  0.0164  0.0164  0.0163  0.0165  0.0164  0.0166  0.0164  0.0166  0.0163  0.0164  0.0163  0.0162
  0.0162  0.0162  0.0162  0.0163  0.0162  0.0163  0.0162  0.0163  0.0162  0.0162  0.0162  0.0162
  0.0162  0.0162  0.0162  0.0162  0.0162  0.0162  0.0161  0.0161  0.0161  0.0161  0.0161  0.0161
  0.0162  0.0162  0.0162  0.0162  0.0162  0.0162  0.0162  0.0163  0.0162  0.0162  0.0162  0.0162
  0.0164  0.0164  0.0163  0.0164  0.0164  0.0164  0.0163  0.0166  0.0163  0.0164  0.0163  0.0162
  0.0167  0.0166  0.0164  0.0168  0.0166  0.0169  0.0166  0.0172  0.0165  0.0166  0.0164  0.0163
registration optimization eta report
parameter search radius
    0.8000    0.8000    0.8000    2.4000    2.4000    2.4000
    2.4000    2.4000    2.4000    2.4000    2.4000    2.4000
100000*second partial in parameter space
       88.       69.       46.       11.        8.       13.
        8.       18.        6.        9.        5.        4.
  0.0167  0.0166  0.0165  0.0168  0.0166  0.0170  0.0166  0.0172  0.0165  0.0166  0.0165  0.0164
  0.0164  0.0164  0.0163  0.0165  0.0164  0.0166  0.0164  0.0166  0.0163  0.0164  0.0163  0.0162
  0.0162  0.0162  0.0162  0.0163  0.0162  0.0163  0.0162  0.0163  0.0162  0.0162  0.0162  0.0162
  0.0162  0.0162  0.0162  0.0162  0.0162  0.0162  0.0161  0.0161  0.0161  0.0161  0.0161  0.0161
  0.0162  0.0162  0.0162  0.0162  0.0162  0.0162  0.0162  0.0163  0.0162  0.0162  0.0162  0.0162
  0.0164  0.0164  0.0163  0.0164  0.0164  0.0164  0.0163  0.0166  0.0163  0.0164  0.0163  0.0162
  0.0167  0.0166  0.0164  0.0168  0.0166  0.0169  0.0166  0.0172  0.0165  0.0166  0.0164  0.0163
   -0.2791    9.2409   18.5662   -4.3453  -16.3253   -2.0560
   -6.2534   -1.3115    5.2376   15.3034    4.9410  -15.0908
eta,q 0.98385 12.27233

---------------------------------------------------------------------
compute_vox2vox talsrcimg talsrcimg_to_711-2C_as_mni_average_305_t4 /opt/freesurfer/average/711-2C_as_mni_average_305
---------------------------------------------------------------------

freesurfer compute_vox2vox.c
Reading: talsrcimg.4dfp.ifh
Reading: talsrcimg_to_711-2C_as_mni_average_305_t4
Reading: /opt/freesurfer/average/711-2C_as_mni_average_305.4dfp.ifh
Writing: talsrcimg_to_711-2C_as_mni_average_305_t4_vox2vox.txt

start time Mon Mar 9 06:12:38 CET 2026
end		time Mon Mar 9 06:14:04 CET 2026

mpr2mni305 success

avi2talxfm orig_nu.mgz /opt/freesurfer/average/mni305.cor.mgz talsrcimg_to_711-2C_as_mni_average_305_t4_vox2vox.txt transforms/talairach.auto.xfm
avi2talxfm done
mv -f /out/sourcedata/freesurfer/sub-v1s18x0051256_ses-1/mri/talsrcimg_to_711-2C_as_mni_average_305_t4_vox2vox.txt /out/sourcedata/freesurfer/sub-v1s18x0051256_ses-1/mri/transforms/talsrcimg_to_711-2C_as_mni_average_305_t4_vox2vox.txt
lta_convert --src orig_nu.mgz --trg /opt/freesurfer/average/mni305.cor.mgz --inxfm transforms/talairach.auto.xfm --outlta transforms/talairach.auto.xfm.lta --subject fsaverage
7.3.2

--src: orig_nu.mgz src image (geometry).
--trg: /opt/freesurfer/average/mni305.cor.mgz trg image (geometry).
--inmni: transforms/talairach.auto.xfm input MNI/XFM transform.
--outlta: transforms/talairach.auto.xfm.lta output LTA.
--s: fsaverage subject name
 LTA read, type : 1
 1.04106   0.00174   0.07812  -1.91231;
-0.06084   0.99291   0.17452  -20.39194;
-0.05404  -0.18170   1.15829  -11.51352;
 0.00000   0.00000   0.00000   1.00000;
setting subject to fsaverage
Writing  LTA to file transforms/talairach.auto.xfm.lta...
lta_convert successful.
 
 
Started at Mon Mar 9 06:12:38 CET 2026
Ended   at Mon Mar  9 06:14:04 CET 2026
talairach_avi done
