status file for recon-all
Mon Mar  9 08:03:08 CET 2026
#@# Tessellate rh Mon Mar  9 08:03:08 CET 2026
#@# Smooth1 rh Mon Mar  9 08:03:10 CET 2026
#@# Inflation1 rh Mon Mar  9 08:03:12 CET 2026
#@# QSphere rh Mon Mar  9 08:03:23 CET 2026
#@# Fix Topology rh Mon Mar  9 08:04:15 CET 2026
#@# Smooth2 rh Mon Mar  9 08:09:21 CET 2026
#@# Inflation2 rh Mon Mar  9 08:09:23 CET 2026
#@# Curv .H and .K rh Mon Mar  9 08:09:36 CET 2026
#@# Sphere rh Mon Mar  9 08:10:10 CET 2026
#@# Surf Reg rh Mon Mar  9 08:12:02 CET 2026
#@# Jacobian white rh Mon Mar  9 08:14:59 CET 2026
#@# AvgCurv rh Mon Mar  9 08:14:59 CET 2026
#@# Cortical Parc rh Mon Mar  9 08:15:00 CET 2026
#@# white curv rh Mon Mar  9 08:20:18 CET 2026
#@# white area rh Mon Mar  9 08:20:19 CET 2026
#@# pial curv rh Mon Mar  9 08:20:19 CET 2026
#@# pial area rh Mon Mar  9 08:20:21 CET 2026
#@# thickness rh Mon Mar  9 08:20:21 CET 2026
#@# area and vertex vol rh Mon Mar  9 08:20:39 CET 2026
#@# Curvature Stats rh Mon Mar  9 08:20:40 CET 2026
#@# Cortical Parc 2 rh Mon Mar  9 08:20:42 CET 2026
#@# Cortical Parc 3 rh Mon Mar  9 08:20:51 CET 2026
#@# WM/GM Contrast rh Mon Mar  9 08:20:58 CET 2026
recon-all -s sub-v1s18x0051262_ses-1 finished without error at Mon Mar  9 08:21:00 CET 2026



#New# invocation of recon-all 



status file for recon-all
Mon Mar  9 08:27:39 CET 2026
#@# white curv rh Mon Mar  9 08:27:39 CET 2026
#@# white area rh Mon Mar  9 08:27:39 CET 2026
#@# pial curv rh Mon Mar  9 08:27:39 CET 2026
#@# pial area rh Mon Mar  9 08:27:39 CET 2026
#@# thickness rh Mon Mar  9 08:27:39 CET 2026
#@# area and vertex vol rh Mon Mar  9 08:27:39 CET 2026
#@# Parcellation Stats rh Mon Mar  9 08:27:39 CET 2026
#@# Parcellation Stats 2 rh Mon Mar  9 08:27:52 CET 2026
#@# Parcellation Stats 3 rh Mon Mar  9 08:27:58 CET 2026
#@# BA_exvivo Labels rh Mon Mar  9 08:28:05 CET 2026
recon-all -s sub-v1s18x0051262_ses-1 finished without error at Mon Mar  9 08:29:59 CET 2026
