status file for recon-all
Mon Mar  9 05:45:47 CET 2026
#@# Tessellate lh Mon Mar  9 05:45:47 CET 2026
#@# Smooth1 lh Mon Mar  9 05:45:50 CET 2026
#@# Inflation1 lh Mon Mar  9 05:45:53 CET 2026
#@# QSphere lh Mon Mar  9 05:46:08 CET 2026
#@# Fix Topology lh Mon Mar  9 05:47:41 CET 2026
#@# Smooth2 lh Mon Mar  9 05:53:13 CET 2026
#@# Inflation2 lh Mon Mar  9 05:53:16 CET 2026
#@# Curv .H and .K lh Mon Mar  9 05:53:30 CET 2026
#@# Sphere lh Mon Mar  9 05:54:16 CET 2026
#@# Surf Reg lh Mon Mar  9 05:58:57 CET 2026
#@# Jacobian white lh Mon Mar  9 06:03:01 CET 2026
#@# AvgCurv lh Mon Mar  9 06:03:02 CET 2026
#@# Cortical Parc lh Mon Mar  9 06:03:03 CET 2026
#@# white curv lh Mon Mar  9 06:09:31 CET 2026
#@# white area lh Mon Mar  9 06:09:33 CET 2026
#@# pial curv lh Mon Mar  9 06:09:33 CET 2026
#@# pial area lh Mon Mar  9 06:09:35 CET 2026
#@# thickness lh Mon Mar  9 06:09:36 CET 2026
#@# area and vertex vol lh Mon Mar  9 06:10:06 CET 2026
#@# Curvature Stats lh Mon Mar  9 06:10:07 CET 2026
#@# Cortical Parc 2 lh Mon Mar  9 06:10:10 CET 2026
#@# Cortical Parc 3 lh Mon Mar  9 06:10:23 CET 2026
#@# WM/GM Contrast lh Mon Mar  9 06:10:33 CET 2026
recon-all -s sub-v1s18x0051212_ses-1 finished without error at Mon Mar  9 06:10:36 CET 2026



#New# invocation of recon-all 



status file for recon-all
Mon Mar  9 06:47:09 CET 2026
#@# white curv lh Mon Mar  9 06:47:09 CET 2026
#@# white area lh Mon Mar  9 06:47:09 CET 2026
#@# pial curv lh Mon Mar  9 06:47:09 CET 2026
#@# pial area lh Mon Mar  9 06:47:09 CET 2026
#@# thickness lh Mon Mar  9 06:47:09 CET 2026
#@# area and vertex vol lh Mon Mar  9 06:47:09 CET 2026
#@# Parcellation Stats lh Mon Mar  9 06:47:09 CET 2026
#@# Parcellation Stats 2 lh Mon Mar  9 06:47:28 CET 2026
#@# Parcellation Stats 3 lh Mon Mar  9 06:47:38 CET 2026
#@# BA_exvivo Labels lh Mon Mar  9 06:47:47 CET 2026
recon-all -s sub-v1s18x0051212_ses-1 finished without error at Mon Mar  9 06:50:35 CET 2026
