status file for recon-all
Mon Mar  9 03:54:07 CET 2026
#@# MotionCor Mon Mar  9 03:54:09 CET 2026
#@# Talairach Mon Mar  9 03:54:16 CET 2026
#@# Talairach Failure Detection Mon Mar  9 03:58:42 CET 2026
#@# Nu Intensity Correction Mon Mar  9 03:58:42 CET 2026
#@# Intensity Normalization Mon Mar  9 04:01:59 CET 2026
recon-all -s sub-v1s18x0051212_ses-1 finished without error at Mon Mar  9 04:03:39 CET 2026



#New# invocation of recon-all 



status file for recon-all
Mon Mar  9 04:11:07 CET 2026
#@# EM Registration Mon Mar  9 04:11:07 CET 2026
recon-all -s sub-v1s18x0051212_ses-1 finished without error at Mon Mar  9 04:12:55 CET 2026



#New# invocation of recon-all 



status file for recon-all
Mon Mar  9 04:12:56 CET 2026
#@# CA Normalize Mon Mar  9 04:12:56 CET 2026
#@# CA Reg Mon Mar  9 04:14:17 CET 2026
#@# SubCort Seg Mon Mar  9 05:08:44 CET 2026
#@# CC Seg Mon Mar  9 05:39:26 CET 2026
#@# Merge ASeg Mon Mar  9 05:40:33 CET 2026
#@# Intensity Normalization2 Mon Mar  9 05:40:33 CET 2026
#@# Mask BFS Mon Mar  9 05:42:43 CET 2026
#@# WM Segmentation Mon Mar  9 05:42:44 CET 2026
#@# Fill Mon Mar  9 05:44:39 CET 2026
recon-all -s sub-v1s18x0051212_ses-1 finished without error at Mon Mar  9 05:45:43 CET 2026



#New# invocation of recon-all 



status file for recon-all
Mon Mar  9 06:42:53 CET 2026
#@# white curv lh Mon Mar  9 06:42:53 CET 2026
#@# white area lh Mon Mar  9 06:42:53 CET 2026
#@# pial curv lh Mon Mar  9 06:42:53 CET 2026
#@# pial area lh Mon Mar  9 06:42:53 CET 2026
#@# thickness lh Mon Mar  9 06:42:53 CET 2026
#@# area and vertex vol lh Mon Mar  9 06:42:53 CET 2026
#@# white curv rh Mon Mar  9 06:42:53 CET 2026
#@# white area rh Mon Mar  9 06:42:53 CET 2026
#@# pial curv rh Mon Mar  9 06:42:53 CET 2026
#@# pial area rh Mon Mar  9 06:42:53 CET 2026
#@# thickness rh Mon Mar  9 06:42:53 CET 2026
#@# area and vertex vol rh Mon Mar  9 06:42:53 CET 2026
#@# Cortical ribbon mask Mon Mar  9 06:42:53 CET 2026
recon-all -s sub-v1s18x0051212_ses-1 finished without error at Mon Mar  9 06:47:04 CET 2026



#New# invocation of recon-all 



status file for recon-all
Mon Mar  9 06:54:03 CET 2026
#@# white curv lh Mon Mar  9 06:54:03 CET 2026
#@# white area lh Mon Mar  9 06:54:03 CET 2026
#@# pial curv lh Mon Mar  9 06:54:03 CET 2026
#@# pial area lh Mon Mar  9 06:54:03 CET 2026
#@# thickness lh Mon Mar  9 06:54:03 CET 2026
#@# area and vertex vol lh Mon Mar  9 06:54:03 CET 2026
#@# white curv rh Mon Mar  9 06:54:03 CET 2026
#@# white area rh Mon Mar  9 06:54:03 CET 2026
#@# pial curv rh Mon Mar  9 06:54:03 CET 2026
#@# pial area rh Mon Mar  9 06:54:03 CET 2026
#@# thickness rh Mon Mar  9 06:54:03 CET 2026
#@# area and vertex vol rh Mon Mar  9 06:54:03 CET 2026
#@# Curvature Stats lh Mon Mar  9 06:54:03 CET 2026
#@# Curvature Stats rh Mon Mar  9 06:54:06 CET 2026
#@# Relabel Hypointensities Mon Mar  9 06:54:08 CET 2026
#@# APas-to-ASeg Mon Mar  9 06:54:23 CET 2026
#@# AParc-to-ASeg aparc Mon Mar  9 06:54:32 CET 2026
#@# AParc-to-ASeg aparc.a2009s Mon Mar  9 06:55:07 CET 2026
#@# AParc-to-ASeg aparc.DKTatlas Mon Mar  9 06:55:42 CET 2026
#@# WMParc Mon Mar  9 06:56:17 CET 2026
#@# ASeg Stats Mon Mar  9 07:00:52 CET 2026
recon-all -s sub-v1s18x0051212_ses-1 finished without error at Mon Mar  9 07:01:32 CET 2026
