status file for recon-all
Mon Mar  9 06:10:40 CET 2026
#@# Tessellate rh Mon Mar  9 06:10:40 CET 2026
#@# Smooth1 rh Mon Mar  9 06:10:44 CET 2026
#@# Inflation1 rh Mon Mar  9 06:10:47 CET 2026
#@# QSphere rh Mon Mar  9 06:11:00 CET 2026
#@# Fix Topology rh Mon Mar  9 06:12:35 CET 2026
#@# Smooth2 rh Mon Mar  9 06:17:58 CET 2026
#@# Inflation2 rh Mon Mar  9 06:18:01 CET 2026
#@# Curv .H and .K rh Mon Mar  9 06:18:17 CET 2026
#@# Sphere rh Mon Mar  9 06:19:03 CET 2026
#@# Surf Reg rh Mon Mar  9 06:26:48 CET 2026
#@# Jacobian white rh Mon Mar  9 06:34:16 CET 2026
#@# AvgCurv rh Mon Mar  9 06:34:17 CET 2026
#@# Cortical Parc rh Mon Mar  9 06:34:18 CET 2026
#@# white curv rh Mon Mar  9 06:41:43 CET 2026
#@# white area rh Mon Mar  9 06:41:45 CET 2026
#@# pial curv rh Mon Mar  9 06:41:46 CET 2026
#@# pial area rh Mon Mar  9 06:41:48 CET 2026
#@# thickness rh Mon Mar  9 06:41:49 CET 2026
#@# area and vertex vol rh Mon Mar  9 06:42:18 CET 2026
#@# Curvature Stats rh Mon Mar  9 06:42:19 CET 2026
#@# Cortical Parc 2 rh Mon Mar  9 06:42:22 CET 2026
#@# Cortical Parc 3 rh Mon Mar  9 06:42:35 CET 2026
#@# WM/GM Contrast rh Mon Mar  9 06:42:45 CET 2026
recon-all -s sub-v1s18x0051212_ses-1 finished without error at Mon Mar  9 06:42:49 CET 2026



#New# invocation of recon-all 



status file for recon-all
Mon Mar  9 06:50:37 CET 2026
#@# white curv rh Mon Mar  9 06:50:37 CET 2026
#@# white area rh Mon Mar  9 06:50:37 CET 2026
#@# pial curv rh Mon Mar  9 06:50:37 CET 2026
#@# pial area rh Mon Mar  9 06:50:37 CET 2026
#@# thickness rh Mon Mar  9 06:50:37 CET 2026
#@# area and vertex vol rh Mon Mar  9 06:50:37 CET 2026
#@# Parcellation Stats rh Mon Mar  9 06:50:37 CET 2026
#@# Parcellation Stats 2 rh Mon Mar  9 06:50:56 CET 2026
#@# Parcellation Stats 3 rh Mon Mar  9 06:51:06 CET 2026
#@# BA_exvivo Labels rh Mon Mar  9 06:51:15 CET 2026
recon-all -s sub-v1s18x0051212_ses-1 finished without error at Mon Mar  9 06:54:00 CET 2026
