/out/sourcedata/freesurfer/sub-v1s18x0051216_ses-1/mri
/opt/freesurfer/bin/talairach_avi
--i orig_nu.mgz --xfm transforms/talairach.auto.xfm
talairach_avi 7.3.2
Linux dna076 5.14.0-427.37.1.el9_4.x86_64 #1 SMP PREEMPT_DYNAMIC Fri Sep 13 12:41:50 EDT 2024 x86_64 x86_64 x86_64 GNU/Linux
Mon Mar  9 03:56:51 CET 2026
mri_convert orig_nu.mgz talsrcimg.img 
reading from orig_nu.mgz...
TR=0.00, TE=0.00, TI=0.00, flip angle=0.00
i_ras = (-1, 0, 0)
j_ras = (0, 0, -1)
k_ras = (0, 1, 0)
writing to talsrcimg.img...
Analyze Output Matrix
-1.00000   0.00000   0.00000   133.83713;
 0.00000   0.00000   1.00000  -123.76801;
 0.00000  -1.00000   0.00000   127.57869;
 0.00000   0.00000   0.00000   1.00000;
--------------------
INFO: set hdr.hist.orient to -1
mpr2mni305 talsrcimg
Mon Mar  9 03:56:51 CET 2026
/opt/freesurfer/bin/mpr2mni305 talsrcimg
mpr2mni305 7.3.2
target=711-2C_as_mni_average_305

---------------------------------------------------------------------
analyzeto4dfp talsrcimg -O0 -y
---------------------------------------------------------------------

freesurfer ifh2hdr.c
Mon Mar  9 03:56:51 2026
Writing: talsrcimg.4dfp.hdr
freesurfer analyzeto4dfp.c
Reading: talsrcimg.hdr
header size 348 bytes
hdr.dime.datatype	offset=70	value=2
hdr.dime.bitpix		offset=72	value=8
hdr.hist.orient		offset=252	value=-1
dimensionality     4
dimensions       256       256       256         1
Reading: talsrcimg.img
Writing: talsrcimg.4dfp.img
Writing: talsrcimg.4dfp.ifh
ifh2hdr talsrcimg -r0to241
ori=2

---------------------------------------------------------------------
gauss_4dfp talsrcimg 1.1
---------------------------------------------------------------------

freesurfer gauss_4dfp.c
Reading: talsrcimg.4dfp.img
Writing: talsrcimg_g11.4dfp.img
image dimensions 256 256 256 padded to 288 288 288
processing volume 1freesurfer ifh2hdr.c
Mon Mar  9 03:56:53 2026
Writing: talsrcimg_g11.4dfp.hdr

Writing: talsrcimg_g11.4dfp.ifh
including: talsrcimg.4dfp.img.rec in talsrcimg_g11.4dfp.img.rec

---------------------------------------------------------------------
imgreg_4dfp /opt/freesurfer/average/711-2C_as_mni_average_305 none talsrcimg_g11 none talsrcimg_to_711-2C_as_mni_average_305_t4 4355
---------------------------------------------------------------------

freesurfer imgreg_4dfp.c
/opt/freesurfer/average/711-2C_as_mni_average_305.4dfp.img
       256       256       256         1
  1.000000  1.000000  1.000000
orientation T byte_order littleendian
Reading image: /opt/freesurfer/average/711-2C_as_mni_average_305.4dfp.img
dimensions:      256       256       256
mmppix:       1.0000   -1.0000   -1.0000
center:     128.0000 -129.0000 -129.0000
talsrcimg_g11.4dfp.img
       256       256       256         1
  1.000000  1.000000  1.000000
orientation T byte_order littleendian
Reading image: talsrcimg_g11.4dfp.img
dimensions:      256       256       256
mmppix:       1.0000   -1.0000   -1.0000
center:     128.0000 -129.0000 -129.0000
t4_read: open error in t4_sub.f l:  41 t4_file(1:l)talsrcimg_to_711-2C_as_mni_average_305_t4 
t4_read: transform initialized to I4
rotation matrix determinant  1.000000
image alignment mode   4355 decimal     1103 hex
   -7.5000  -45.0000  -45.0000 8525.1299   19.4515
    0.0000  -45.0000  -45.0000 8854.2178   19.4923
    7.5000  -45.0000  -45.0000 8484.9795   19.5401
   -7.5000  -37.5000  -45.0000 8934.2842   19.4328
    0.0000  -37.5000  -45.0000 9281.4062   19.4767
    7.5000  -37.5000  -45.0000 8868.6104   19.5287
   -7.5000  -30.0000  -45.0000 9641.9922   19.4136
    0.0000  -30.0000  -45.000010005.6953   19.4568
    7.5000  -30.0000  -45.0000 9535.9219   19.5153
   -7.5000  -22.5000  -45.000010291.3047   19.4067
    0.0000  -22.5000  -45.000010686.6475   19.4426
    7.5000  -22.5000  -45.000010181.2930   19.5039
   -7.5000  -15.0000  -45.000010840.0361   19.4138
    0.0000  -15.0000  -45.000011232.0459   19.4444
    7.5000  -15.0000  -45.000010735.7725   19.5039
   -7.5000   -7.5000  -45.000011369.8311   19.4303
    0.0000   -7.5000  -45.000011758.7256   19.4652
    7.5000   -7.5000  -45.000011240.6172   19.5182
   -7.5000    0.0000  -45.000011815.2725   19.4425
    0.0000    0.0000  -45.000012201.0322   19.4833
    7.5000    0.0000  -45.000011653.0244   19.5314
   -7.5000    7.5000  -45.000011293.2939   19.4328
    0.0000    7.5000  -45.000011643.9619   19.4767
    7.5000    7.5000  -45.000011122.4961   19.5287
   -7.5000   15.0000  -45.000010506.7891   19.4136
    0.0000   15.0000  -45.000010828.1123   19.4568
    7.5000   15.0000  -45.000010327.6914   19.5153
   -7.5000   22.5000  -45.0000 9670.0723   19.4040
    0.0000   22.5000  -45.0000 9951.8604   19.4399
    7.5000   22.5000  -45.0000 9492.2676   19.5012
   -7.5000   30.0000  -45.0000 8867.1396   19.1551
    0.0000   30.0000  -45.0000 9097.1797   19.1853
    7.5000   30.0000  -45.0000 8644.8496   19.2440
   -7.5000   37.5000  -45.0000 8372.6357   19.1723
    0.0000   37.5000  -45.0000 8562.9229   19.2067
    7.5000   37.5000  -45.0000 8125.2383   19.2589
   -7.5000   45.0000  -45.0000 7529.3760   18.7316
    0.0000   45.0000  -45.0000 7706.4790   18.7704
    7.5000   45.0000  -45.0000 7284.6255   18.8165
   -7.5000  -45.0000  -37.5000 9085.7783   19.2271
    0.0000  -45.0000  -37.5000 9453.8711   19.2654
    7.5000  -45.0000  -37.5000 9040.1504   19.3158
   -7.5000  -37.5000  -37.5000 9500.9971   19.2109
    0.0000  -37.5000  -37.5000 9879.8652   19.2501
    7.5000  -37.5000  -37.5000 9435.0244   19.3049
   -7.5000  -30.0000  -37.500010228.3271   19.2084
    0.0000  -30.0000  -37.500010637.0078   19.2409
    7.5000  -30.0000  -37.500010127.1162   19.2959
   -7.5000  -22.5000  -37.500010883.2754   19.2158
    0.0000  -22.5000  -37.500011305.0029   19.2367
    7.5000  -22.5000  -37.500010781.3076   19.2884
   -7.5000  -15.0000  -37.500011452.6816   19.2205
    0.0000  -15.0000  -37.500011902.6445   19.2376
    7.5000  -15.0000  -37.500011352.7852   19.2876
   -7.5000   -7.5000  -37.500012002.6123   19.2206
    0.0000   -7.5000  -37.500012456.5107   19.2484
    7.5000   -7.5000  -37.500011886.5244   19.2974
   -7.5000    0.0000  -37.500012418.9736   19.2183
    0.0000    0.0000  -37.500012848.8838   19.2567
    7.5000    0.0000  -37.500012258.4980   19.3073
   -7.5000    7.5000  -37.500011886.6826   19.2109
    0.0000    7.5000  -37.500012280.2070   19.2501
    7.5000    7.5000  -37.500011703.2666   19.3049
   -7.5000   15.0000  -37.500011078.6367   19.2084
    0.0000   15.0000  -37.500011415.8105   19.2409
    7.5000   15.0000  -37.500010872.0684   19.2959
   -7.5000   22.5000  -37.500010168.6201   19.2132
    0.0000   22.5000  -37.500010458.0244   19.2341
    7.5000   22.5000  -37.5000 9940.6045   19.2858
   -7.5000   30.0000  -37.5000 9280.2969   18.9643
    0.0000   30.0000  -37.5000 9526.4482   18.9813
    7.5000   30.0000  -37.5000 9043.1982   19.0305
   -7.5000   37.5000  -37.5000 8733.1494   18.9652
    0.0000   37.5000  -37.5000 8948.4814   18.9927
    7.5000   37.5000  -37.5000 8492.8457   19.0410
   -7.5000   45.0000  -37.5000 7837.8965   18.5144
    0.0000   45.0000  -37.5000 8031.5474   18.5509
    7.5000   45.0000  -37.5000 7595.2583   18.5995
   -7.5000  -45.0000  -30.0000 9854.1621   20.0183
    0.0000  -45.0000  -30.000010295.1279   20.0604
    7.5000  -45.0000  -30.0000 9800.7168   20.1212
   -7.5000  -37.5000  -30.000010290.0889   20.0035
    0.0000  -37.5000  -30.000010726.2197   20.0438
    7.5000  -37.5000  -30.000010221.7471   20.1078
   -7.5000  -30.0000  -30.000011046.8965   20.0116
    0.0000  -30.0000  -30.000011520.3564   20.0390
    7.5000  -30.0000  -30.000010956.5771   20.0979
   -7.5000  -22.5000  -30.000011753.0195   20.0282
    0.0000  -22.5000  -30.000012265.9814   20.0403
    7.5000  -22.5000  -30.000011643.8428   20.0918
   -7.5000  -15.0000  -30.000012362.6240   20.0333
    0.0000  -15.0000  -30.000012910.0244   20.0438
    7.5000  -15.0000  -30.000012268.7920   20.0936
   -7.5000   -7.5000  -30.000012922.0703   20.0224
    0.0000   -7.5000  -30.000013481.8037   20.0500
    7.5000   -7.5000  -30.000012823.7598   20.1041
   -7.5000    0.0000  -30.000013319.3477   20.0092
    0.0000    0.0000  -30.000013834.0811   20.0514
    7.5000    0.0000  -30.000013145.0820   20.1123
   -7.5000    7.5000  -30.000012798.7393   20.0035
    0.0000    7.5000  -30.000013231.6592   20.0438
    7.5000    7.5000  -30.000012547.6094   20.1078
   -7.5000   15.0000  -30.000011908.6543   20.0116
    0.0000   15.0000  -30.000012287.9277   20.0390
    7.5000   15.0000  -30.000011639.6260   20.0979
   -7.5000   22.5000  -30.000010874.3223   20.0233
    0.0000   22.5000  -30.000011212.2920   20.0355
    7.5000   22.5000  -30.000010631.4512   20.0870
   -7.5000   30.0000  -30.0000 9869.1289   19.7682
    0.0000   30.0000  -30.000010159.8857   19.7785
    7.5000   30.0000  -30.0000 9657.7197   19.8277
   -7.5000   37.5000  -30.0000 9273.4668   19.7582
    0.0000   37.5000  -30.0000 9528.1035   19.7855
    7.5000   37.5000  -30.0000 9043.7383   19.8388
   -7.5000   45.0000  -30.0000 8310.9219   19.2893
    0.0000   45.0000  -30.0000 8529.7480   19.3297
    7.5000   45.0000  -30.0000 8081.5176   19.3885
   -7.5000  -45.0000  -22.500010612.0107   20.7076
    0.0000  -45.0000  -22.500011099.5508   20.7542
    7.5000  -45.0000  -22.500010564.2578   20.8204
   -7.5000  -37.5000  -22.500011058.0898   20.6926
    0.0000  -37.5000  -22.500011549.1670   20.7365
    7.5000  -37.5000  -22.500010980.8262   20.8039
   -7.5000  -30.0000  -22.500011857.4170   20.6931
    0.0000  -30.0000  -22.500012397.6943   20.7253
    7.5000  -30.0000  -22.500011740.3467   20.7887
   -7.5000  -22.5000  -22.500012618.4121   20.7030
    0.0000  -22.5000  -22.500013195.7744   20.7225
    7.5000  -22.5000  -22.500012486.3994   20.7814
   -7.5000  -15.0000  -22.500013298.0176   20.7114
    0.0000  -15.0000  -22.500013922.2891   20.7296
    7.5000  -15.0000  -22.500013196.8418   20.7876
   -7.5000   -7.5000  -22.500013883.5449   20.7071
    0.0000   -7.5000  -22.500014526.4629   20.7409
    7.5000   -7.5000  -22.500013791.7480   20.8023
   -7.5000    0.0000  -22.500014241.4805   20.6982
    0.0000    0.0000  -22.500014852.8086   20.7448
    7.5000    0.0000  -22.500014080.5127   20.8112
   -7.5000    7.5000  -22.500013679.9570   20.6926
    0.0000    7.5000  -22.500014208.9619   20.7365
    7.5000    7.5000  -22.500013432.7920   20.8039
   -7.5000   15.0000  -22.500012704.9043   20.6931
    0.0000   15.0000  -22.500013200.7959   20.7253
    7.5000   15.0000  -22.500012481.8848   20.7887
   -7.5000   22.5000  -22.500011616.6084   20.6966
    0.0000   22.5000  -22.500012040.1807   20.7161
    7.5000   22.5000  -22.500011389.7236   20.7750
   -7.5000   30.0000  -22.500010520.9609   20.4405
    0.0000   30.0000  -22.500010874.8164   20.4585
    7.5000   30.0000  -22.500010334.3945   20.5157
   -7.5000   37.5000  -22.5000 9899.8760   20.4372
    0.0000   37.5000  -22.500010188.2158   20.4705
    7.5000   37.5000  -22.5000 9645.1934   20.5311
   -7.5000   45.0000  -22.5000 8822.6738   19.9682
    0.0000   45.0000  -22.5000 9054.7734   20.0132
    7.5000   45.0000  -22.5000 8572.7881   20.0772
   -7.5000  -45.0000  -15.000011313.8184   21.1777
    0.0000  -45.0000  -15.000011850.9277   21.2275
    7.5000  -45.0000  -15.000011316.4092   21.2915
   -7.5000  -37.5000  -15.000011790.1475   21.1598
    0.0000  -37.5000  -15.000012330.2090   21.2079
    7.5000  -37.5000  -15.000011740.2451   21.2724
   -7.5000  -30.0000  -15.000012636.4834   21.1426
    0.0000  -30.0000  -15.000013202.5244   21.1843
    7.5000  -30.0000  -15.000012554.3604   21.2514
   -7.5000  -22.5000  -15.000013430.8828   21.1388
    0.0000  -22.5000  -15.000014079.3789   21.1725
    7.5000  -22.5000  -15.000013370.3662   21.2414
   -7.5000  -15.0000  -15.000014202.9775   21.1515
    0.0000  -15.0000  -15.000014911.0947   21.1831
    7.5000  -15.0000  -15.000014132.9561   21.2511
   -7.5000   -7.5000  -15.000014825.5439   21.1636
    0.0000   -7.5000  -15.000015567.4121   21.2052
    7.5000   -7.5000  -15.000014763.9229   21.2709
   -7.5000    0.0000  -15.000015144.3623   21.1681
    0.0000    0.0000  -15.000015863.2061   21.2179
    7.5000    0.0000  -15.000015044.8662   21.2821
   -7.5000    7.5000  -15.000014507.0430   21.1598
    0.0000    7.5000  -15.000015139.2803   21.2079
    7.5000    7.5000  -15.000014322.2920   21.2724
   -7.5000   15.0000  -15.000013492.2256   21.1426
    0.0000   15.0000  -15.000014096.6299   21.1843
    7.5000   15.0000  -15.000013310.8662   21.2514
   -7.5000   22.5000  -15.000012327.5889   21.1313
    0.0000   22.5000  -15.000012843.3936   21.1650
    7.5000   22.5000  -15.000012146.8564   21.2339
   -7.5000   30.0000  -15.000011155.6201   20.8778
    0.0000   30.0000  -15.000011559.6006   20.9090
    7.5000   30.0000  -15.000010998.6992   20.9761
   -7.5000   37.5000  -15.000010475.4385   20.8908
    0.0000   37.5000  -15.000010806.7822   20.9318
    7.5000   37.5000  -15.000010261.6191   20.9966
   -7.5000   45.0000  -15.0000 9342.3125   20.4345
    0.0000   45.0000  -15.0000 9613.3350   20.4826
    7.5000   45.0000  -15.0000 9120.6182   20.5444
   -7.5000  -45.0000   -7.500012088.7832   21.3908
    0.0000  -45.0000   -7.500012625.6895   21.4392
    7.5000  -45.0000   -7.500012078.8818   21.4960
   -7.5000  -37.5000   -7.500012572.3096   21.3694
    0.0000  -37.5000   -7.500013122.8740   21.4191
    7.5000  -37.5000   -7.500012545.4375   21.4784
   -7.5000  -30.0000   -7.500013446.1260   21.3414
    0.0000  -30.0000   -7.500014037.4082   21.3896
    7.5000  -30.0000   -7.500013415.1074   21.4565
   -7.5000  -22.5000   -7.500014310.0967   21.3297
    0.0000  -22.5000   -7.500014945.2158   21.3715
    7.5000  -22.5000   -7.500014255.8604   21.4432
   -7.5000  -15.0000   -7.500015137.4990   21.3427
    0.0000  -15.0000   -7.500015849.8486   21.3803
    7.5000  -15.0000   -7.500015062.4150   21.4506
   -7.5000   -7.5000   -7.500015813.4092   21.3660
    0.0000   -7.5000   -7.500016558.0664   21.4088
    7.5000   -7.5000   -7.500015752.6084   21.4720
   -7.5000    0.0000   -7.500016135.6221   21.3811
    0.0000    0.0000   -7.500016879.3105   21.4295
    7.5000    0.0000   -7.500016056.5723   21.4866
   -7.5000    7.5000   -7.500015413.9102   21.3694
    0.0000    7.5000   -7.500016083.5176   21.4191
    7.5000    7.5000   -7.500015248.9971   21.4784
   -7.5000   15.0000   -7.500014319.5518   21.3414
    0.0000   15.0000   -7.500014951.6035   21.3896
    7.5000   15.0000   -7.500014164.9531   21.4565
   -7.5000   22.5000   -7.500013075.8564   21.3199
    0.0000   22.5000   -7.500013669.7920   21.3616
    7.5000   22.5000   -7.500012948.0234   21.4333
   -7.5000   30.0000   -7.500011825.4678   21.0660
    0.0000   30.0000   -7.500012303.7363   21.1031
    7.5000   30.0000   -7.500011680.1035   21.1724
   -7.5000   37.5000   -7.500011092.6641   21.0900
    0.0000   37.5000   -7.500011492.8193   21.1322
    7.5000   37.5000   -7.500010893.3486   21.1945
   -7.5000   45.0000   -7.5000 9899.1260   20.6451
    0.0000   45.0000   -7.500010222.2695   20.6916
    7.5000   45.0000   -7.5000 9686.0332   20.7464
   -7.5000  -45.0000    0.000012791.6543   21.4286
    0.0000  -45.0000    0.000013351.3916   21.4712
    7.5000  -45.0000    0.000012793.7832   21.5237
   -7.5000  -37.5000    0.000013287.0703   21.4071
    0.0000  -37.5000    0.000013879.6816   21.4530
    7.5000  -37.5000    0.000013290.5303   21.5100
   -7.5000  -30.0000    0.000014199.8965   21.3860
    0.0000  -30.0000    0.000014827.6963   21.4307
    7.5000  -30.0000    0.000014220.4033   21.4945
   -7.5000  -22.5000    0.000015098.4795   21.3796
    0.0000  -22.5000    0.000015734.3193   21.4162
    7.5000  -22.5000    0.000015097.3447   21.4824
   -7.5000  -15.0000    0.000015968.2266   21.3887
    0.0000  -15.0000    0.000016671.7305   21.4197
    7.5000  -15.0000    0.000015944.4062   21.4838
   -7.5000   -7.5000    0.000016712.9883   21.4067
    0.0000   -7.5000    0.000017427.6641   21.4427
    7.5000   -7.5000    0.000016675.7578   21.5001
   -7.5000    0.0000    0.000017017.9531   21.4189
    0.0000    0.0000    0.000017762.6191   21.4615
    7.5000    0.0000    0.000017029.0195   21.5142
   -7.5000    7.5000    0.000016155.4766   21.4071
    0.0000    7.5000    0.000016865.7480   21.4530
    7.5000    7.5000    0.000016090.4629   21.5100
   -7.5000   15.0000    0.000015025.4531   21.3860
    0.0000   15.0000    0.000015690.4990   21.4307
    7.5000   15.0000    0.000014932.2939   21.4945
   -7.5000   22.5000    0.000013752.9551   21.3698
    0.0000   22.5000    0.000014355.3281   21.4064
    7.5000   22.5000    0.000013632.4434   21.4725
   -7.5000   30.0000    0.000012444.3330   21.1119
    0.0000   30.0000    0.000012959.1074   21.1425
    7.5000   30.0000    0.000012304.0107   21.2058
   -7.5000   37.5000    0.000011661.5225   21.1306
    0.0000   37.5000    0.000012100.8252   21.1661
    7.5000   37.5000    0.000011477.6709   21.2228
   -7.5000   45.0000    0.000010383.7969   20.6837
    0.0000   45.0000    0.000010729.1504   20.7243
    7.5000   45.0000    0.000010190.9443   20.7750
   -7.5000  -45.0000    7.500012572.3438   21.4622
    0.0000  -45.0000    7.500013086.2754   21.5038
    7.5000  -45.0000    7.500012543.5996   21.5608
   -7.5000  -37.5000    7.500013085.1143   21.4437
    0.0000  -37.5000    7.500013649.8223   21.4862
    7.5000  -37.5000    7.500013071.8887   21.5483
   -7.5000  -30.0000    7.500013980.5801   21.4413
    0.0000  -30.0000    7.500014579.6855   21.4761
    7.5000  -30.0000    7.500014057.7500   21.5384
   -7.5000  -22.5000    7.500014810.1113   21.4505
    0.0000  -22.5000    7.500015404.4619   21.4722
    7.5000  -22.5000    7.500014911.7471   21.5306
   -7.5000  -15.0000    7.500015688.1250   21.4563
    0.0000  -15.0000    7.500016304.0127   21.4739
    7.5000  -15.0000    7.500015708.8535   21.5301
   -7.5000   -7.5000    7.500016413.7930   21.4559
    0.0000   -7.5000    7.500017058.7070   21.4857
    7.5000   -7.5000    7.500016448.1465   21.5409
   -7.5000    0.0000    7.500016695.7168   21.4524
    0.0000    0.0000    7.500017379.1035   21.4941
    7.5000    0.0000    7.500016777.8594   21.5513
   -7.5000    7.5000    7.500015773.6152   21.4437
    0.0000    7.5000    7.500016374.2422   21.4862
    7.5000    7.5000    7.500015788.8506   21.5483
   -7.5000   15.0000    7.500014676.6914   21.4413
    0.0000   15.0000    7.500015243.6143   21.4761
    7.5000   15.0000    7.500014625.2393   21.5384
   -7.5000   22.5000    7.500013443.8301   21.4406
    0.0000   22.5000    7.500013963.6123   21.4623
    7.5000   22.5000    7.500013344.2051   21.5207
   -7.5000   30.0000    7.500012143.9395   21.1786
    0.0000   30.0000    7.500012624.4941   21.1960
    7.5000   30.0000    7.500012041.2617   21.2514
   -7.5000   37.5000    7.500011351.5811   21.1791
    0.0000   37.5000    7.500011782.0312   21.2085
    7.5000   37.5000    7.500011210.5508   21.2629
   -7.5000   45.0000    7.500010114.2139   20.7153
    0.0000   45.0000    7.500010442.0879   20.7550
    7.5000   45.0000    7.5000 9941.5430   20.8101
   -7.5000  -45.0000   15.000012166.4248   21.4955
    0.0000  -45.0000   15.000012650.6826   21.5407
    7.5000  -45.0000   15.000012073.9668   21.6061
   -7.5000  -37.5000   15.000012706.6279   21.4796
    0.0000  -37.5000   15.000013207.5713   21.5228
    7.5000  -37.5000   15.000012605.7900   21.5918
   -7.5000  -30.0000   15.000013551.2168   21.4883
    0.0000  -30.0000   15.000013968.1611   21.5178
    7.5000  -30.0000   15.000013531.7549   21.5812
   -7.5000  -22.5000   15.000014202.1299   21.5062
    0.0000  -22.5000   15.000014635.8535   21.5192
    7.5000  -22.5000   15.000014290.0088   21.5747
   -7.5000  -15.0000   15.000014981.2578   21.5118
    0.0000  -15.0000   15.000015483.9209   21.5230
    7.5000  -15.0000   15.000015075.3037   21.5765
   -7.5000   -7.5000   15.000015728.3799   21.4999
    0.0000   -7.5000   15.000016304.9131   21.5296
    7.5000   -7.5000   15.000015842.5381   21.5878
   -7.5000    0.0000   15.000016079.0186   21.4857
    0.0000    0.0000   15.000016642.4160   21.5310
    7.5000    0.0000   15.000016127.5049   21.5965
   -7.5000    7.5000   15.000015144.8457   21.4796
    0.0000    7.5000   15.000015654.8584   21.5228
    7.5000    7.5000   15.000015086.1035   21.5918
   -7.5000   15.0000   15.000014116.6035   21.4883
    0.0000   15.0000   15.000014594.0605   21.5178
    7.5000   15.0000   15.000013957.9033   21.5812
   -7.5000   22.5000   15.000012916.4805   21.4963
    0.0000   22.5000   15.000013383.1006   21.5093
    7.5000   22.5000   15.000012745.4355   21.5647
   -7.5000   30.0000   15.000011726.7920   21.2334
    0.0000   30.0000   15.000012150.5215   21.2444
    7.5000   30.0000   15.000011582.0762   21.2973
   -7.5000   37.5000   15.000010956.2207   21.2226
    0.0000   37.5000   15.000011324.8076   21.2519
    7.5000   37.5000   15.000010776.7549   21.3092
   -7.5000   45.0000   15.0000 9777.4668   20.7463
    0.0000   45.0000   15.000010051.7998   20.7897
    7.5000   45.0000   15.0000 9589.0713   20.8530
   -7.5000  -45.0000   22.500011591.2500   21.5060
    0.0000  -45.0000   22.500012074.9961   21.5545
    7.5000  -45.0000   22.500011515.5576   21.6236
   -7.5000  -37.5000   22.500012077.8848   21.4904
    0.0000  -37.5000   22.500012501.2842   21.5361
    7.5000  -37.5000   22.500011945.7061   21.6064
   -7.5000  -30.0000   22.500012933.5889   21.4909
    0.0000  -30.0000   22.500013306.2559   21.5244
    7.5000  -30.0000   22.500012767.4082   21.5906
   -7.5000  -22.5000   22.500013678.3662   21.5011
    0.0000  -22.5000   22.500014077.6699   21.5214
    7.5000  -22.5000   22.500013599.8164   21.5830
   -7.5000  -15.0000   22.500014483.4854   21.5099
    0.0000  -15.0000   22.500014946.0205   21.5289
    7.5000  -15.0000   22.500014426.4082   21.5894
   -7.5000   -7.5000   22.500015217.3975   21.5054
    0.0000   -7.5000   22.500015712.4932   21.5406
    7.5000   -7.5000   22.500015170.4492   21.6048
   -7.5000    0.0000   22.500015520.2607   21.4962
    0.0000    0.0000   22.500016021.7012   21.5448
    7.5000    0.0000   22.500015432.7178   21.6140
   -7.5000    7.5000   22.500014549.9199   21.4904
    0.0000    7.5000   22.500015013.7588   21.5361
    7.5000    7.5000   22.500014425.1426   21.6064
   -7.5000   15.0000   22.500013508.6260   21.4909
    0.0000   15.0000   22.500013953.8525   21.5244
    7.5000   15.0000   22.500013338.1240   21.5906
   -7.5000   22.5000   22.500012359.9316   21.4912
    0.0000   22.5000   22.500012796.0088   21.5115
    7.5000   22.5000   22.500012186.0732   21.5730
   -7.5000   30.0000   22.500011203.2822   21.2315
    0.0000   30.0000   22.500011609.5078   21.2503
    7.5000   30.0000   22.500011046.7266   21.3100
   -7.5000   37.5000   22.500010452.2656   21.2281
    0.0000   37.5000   22.500010796.3740   21.2628
    7.5000   37.5000   22.500010279.0830   21.3261
   -7.5000   45.0000   22.5000 9316.4287   20.7561
    0.0000   45.0000   22.5000 9577.5684   20.8030
    7.5000   45.0000   22.5000 9146.9268   20.8698
   -7.5000  -45.0000   30.000010869.0488   21.5872
    0.0000  -45.0000   30.000011313.1201   21.6382
    7.5000  -45.0000   30.000010818.1523   21.7037
   -7.5000  -37.5000   30.000011341.2314   21.5688
    0.0000  -37.5000   30.000011715.6689   21.6181
    7.5000  -37.5000   30.000011223.2734   21.6842
   -7.5000  -30.0000   30.000012175.5479   21.5512
    0.0000  -30.0000   30.000012542.5273   21.5940
    7.5000  -30.0000   30.000012018.4033   21.6628
   -7.5000  -22.5000   30.000013025.4150   21.5474
    0.0000  -22.5000   30.000013411.9189   21.5819
    7.5000  -22.5000   30.000012847.3750   21.6526
   -7.5000  -15.0000   30.000013831.7793   21.5604
    0.0000  -15.0000   30.000014269.5996   21.5928
    7.5000  -15.0000   30.000013640.5361   21.6625
   -7.5000   -7.5000   30.000014508.5938   21.5727
    0.0000   -7.5000   30.000014963.3330   21.6153
    7.5000   -7.5000   30.000014321.6934   21.6826
   -7.5000    0.0000   30.000014746.3818   21.5773
    0.0000    0.0000   30.000015227.3984   21.6283
    7.5000    0.0000   30.000014608.1338   21.6941
   -7.5000    7.5000   30.000013758.5449   21.5688
    0.0000    7.5000   30.000014210.0459   21.6181
    7.5000    7.5000   30.000013653.0439   21.6842
   -7.5000   15.0000   30.000012733.2373   21.5512
    0.0000   15.0000   30.000013171.1094   21.5940
    7.5000   15.0000   30.000012633.8262   21.6628
   -7.5000   22.5000   30.000011641.7012   21.5374
    0.0000   22.5000   30.000012050.6025   21.5719
    7.5000   22.5000   30.000011518.2119   21.6426
   -7.5000   30.0000   30.000010538.9424   21.2814
    0.0000   30.0000   30.000010923.9072   21.3133
    7.5000   30.0000   30.000010419.2207   21.3822
   -7.5000   37.5000   30.0000 9823.8223   21.2946
    0.0000   37.5000   30.000010142.8604   21.3366
    7.5000   37.5000   30.0000 9693.7559   21.4031
   -7.5000   45.0000   30.0000 8748.6309   20.8352
    0.0000   45.0000   30.0000 9013.2793   20.8845
    7.5000   45.0000   30.0000 8610.6660   20.9478
   -7.5000  -45.0000   37.500010538.3818   21.7456
    0.0000  -45.0000   37.500011026.1221   21.7951
    7.5000  -45.0000   37.500010498.8105   21.8538
   -7.5000  -37.5000   37.500011011.4600   21.7242
    0.0000  -37.5000   37.500011476.2549   21.7750
    7.5000  -37.5000   37.500010918.2510   21.8362
   -7.5000  -30.0000   37.500011822.2178   21.6955
    0.0000  -30.0000   37.500012325.2002   21.7450
    7.5000  -30.0000   37.500011742.3008   21.8142
   -7.5000  -22.5000   37.500012627.5996   21.6832
    0.0000  -22.5000   37.500013126.4141   21.7261
    7.5000  -22.5000   37.500012494.4902   21.8004
   -7.5000  -15.0000   37.500013394.2607   21.6960
    0.0000  -15.0000   37.500013902.7158   21.7346
    7.5000  -15.0000   37.500013214.8994   21.8074
   -7.5000   -7.5000   37.500014041.2021   21.7198
    0.0000   -7.5000   37.500014558.1025   21.7636
    7.5000   -7.5000   37.500013878.1514   21.8290
   -7.5000    0.0000   37.500014312.7510   21.7357
    0.0000    0.0000   37.500014832.4521   21.7851
    7.5000    0.0000   37.500014190.6475   21.8441
   -7.5000    7.5000   37.500013375.7158   21.7242
    0.0000    7.5000   37.500013874.6719   21.7750
    7.5000    7.5000   37.500013279.8242   21.8362
   -7.5000   15.0000   37.500012400.1641   21.6955
    0.0000   15.0000   37.500012866.9307   21.7450
    7.5000   15.0000   37.500012290.7344   21.8142
   -7.5000   22.5000   37.500011324.9316   21.6732
    0.0000   22.5000   37.500011763.5566   21.7161
    7.5000   22.5000   37.500011206.6143   21.7903
   -7.5000   30.0000   37.500010270.3486   21.4152
    0.0000   30.0000   37.500010660.4785   21.4534
    7.5000   30.0000   37.500010132.4727   21.5252
   -7.5000   37.5000   37.5000 9550.7988   21.4398
    0.0000   37.5000   37.5000 9889.3682   21.4830
    7.5000   37.5000   37.5000 9425.9814   21.5475
   -7.5000   45.0000   37.5000 8483.8545   20.9892
    0.0000   45.0000   37.5000 8759.6289   21.0368
    7.5000   45.0000   37.5000 8363.4326   21.0934
   -7.5000  -45.0000   45.0000 9723.8057   21.9114
    0.0000  -45.0000   45.000010215.9590   21.9555
    7.5000  -45.0000   45.0000 9749.0176   22.0112
   -7.5000  -37.5000   45.000010162.5684   21.8899
    0.0000  -37.5000   45.000010657.3271   21.9371
    7.5000  -37.5000   45.000010170.5020   21.9974
   -7.5000  -30.0000   45.000010910.9453   21.8684
    0.0000  -30.0000   45.000011459.2920   21.9146
    7.5000  -30.0000   45.000010908.6875   21.9819
   -7.5000  -22.5000   45.000011637.7754   21.8615
    0.0000  -22.5000   45.000012156.7773   21.8995
    7.5000  -22.5000   45.000011559.6338   21.9694
   -7.5000  -15.0000   45.000012284.3105   21.8701
    0.0000  -15.0000   45.000012794.3740   21.9025
    7.5000  -15.0000   45.000012180.8066   21.9704
   -7.5000   -7.5000   45.000012908.1475   21.8882
    0.0000   -7.5000   45.000013416.6133   21.9258
    7.5000   -7.5000   45.000012800.6055   21.9868
   -7.5000    0.0000   45.000013210.5527   21.9012
    0.0000    0.0000   45.000013735.2158   21.9453
    7.5000    0.0000   45.000013140.6777   22.0013
   -7.5000    7.5000   45.000012393.6680   21.8899
    0.0000    7.5000   45.000012883.3369   21.9371
    7.5000    7.5000   45.000012335.8721   21.9974
   -7.5000   15.0000   45.000011500.0635   21.8684
    0.0000   15.0000   45.000011940.0742   21.9146
    7.5000   15.0000   45.000011418.3496   21.9819
   -7.5000   22.5000   45.000010483.0186   21.8514
    0.0000   22.5000   45.000010902.9873   21.8893
    7.5000   22.5000   45.000010407.9316   21.9592
   -7.5000   30.0000   45.0000 9503.6035   21.5851
    0.0000   30.0000   45.0000 9869.5156   21.6172
    7.5000   30.0000   45.0000 9401.9102   21.6842
   -7.5000   37.5000   45.0000 8871.3916   21.6036
    0.0000   37.5000   45.0000 9184.3545   21.6407
    7.5000   37.5000   45.0000 8739.7314   21.7008
   -7.5000   45.0000   45.0000 7869.3120   21.1507
    0.0000   45.0000   45.0000 8127.6899   21.1929
    7.5000   45.0000   45.0000 7753.6831   21.2466

---------------------------------------------------------------------
imgreg_4dfp /opt/freesurfer/average/711-2C_as_mni_average_305 /opt/freesurfer/average/711-2B_as_mni_average_305_mask talsrcimg_g11 none talsrcimg_to_711-2C_as_mni_average_305_t4 4355
---------------------------------------------------------------------

freesurfer imgreg_4dfp.c
/opt/freesurfer/average/711-2C_as_mni_average_305.4dfp.img
       256       256       256         1
  1.000000  1.000000  1.000000
orientation T byte_order littleendian
Reading image: /opt/freesurfer/average/711-2C_as_mni_average_305.4dfp.img
dimensions:      256       256       256
mmppix:       1.0000   -1.0000   -1.0000
center:     128.0000 -129.0000 -129.0000
/opt/freesurfer/average/711-2B_as_mni_average_305_mask.4dfp.img
       256       256       256         1
  1.000000  1.000000  1.000000
orientation T byte_order littleendian
Reading mask: /opt/freesurfer/average/711-2B_as_mni_average_305_mask.4dfp.img (2306576 pixels)
talsrcimg_g11.4dfp.img
       256       256       256         1
  1.000000  1.000000  1.000000
orientation T byte_order littleendian
Reading image: talsrcimg_g11.4dfp.img
dimensions:      256       256       256
mmppix:       1.0000   -1.0000   -1.0000
center:     128.0000 -129.0000 -129.0000
rotation matrix determinant  1.000000
image alignment mode   4355 decimal     1103 hex
   -7.5000  -45.0000  -45.0000 2174.4148   21.6437
    0.0000  -45.0000  -45.0000 2172.6091   21.5129
    7.5000  -45.0000  -45.0000 2163.3430   21.7149
   -7.5000  -37.5000  -45.0000 2220.4775   20.5582
    0.0000  -37.5000  -45.0000 2221.9148   20.4156
    7.5000  -37.5000  -45.0000 2204.7751   20.6506
   -7.5000  -30.0000  -45.0000 2247.2549   19.7638
    0.0000  -30.0000  -45.0000 2251.4487   19.5881
    7.5000  -30.0000  -45.0000 2227.7544   19.8730
   -7.5000  -22.5000  -45.0000 2260.6091   19.3307
    0.0000  -22.5000  -45.0000 2261.5244   19.1793
    7.5000  -22.5000  -45.0000 2237.5549   19.4916
   -7.5000  -15.0000  -45.0000 2252.7991   19.2745
    0.0000  -15.0000  -45.0000 2249.7378   19.0958
    7.5000  -15.0000  -45.0000 2230.5681   19.4918
   -7.5000   -7.5000  -45.0000 2240.8086   19.7069
    0.0000   -7.5000  -45.0000 2239.1113   19.5292
    7.5000   -7.5000  -45.0000 2216.8030   19.9115
   -7.5000    0.0000  -45.0000 2206.3577   20.4933
    0.0000    0.0000  -45.0000 2206.7993   20.3402
    7.5000    0.0000  -45.0000 2185.6008   20.7471
   -7.5000    7.5000  -45.0000 2157.7942   21.6387
    0.0000    7.5000  -45.0000 2158.7910   21.4706
    7.5000    7.5000  -45.0000 2136.4958   21.8513
   -7.5000   15.0000  -45.0000 2089.2720   23.1173
    0.0000   15.0000  -45.0000 2093.0974   23.0029
    7.5000   15.0000  -45.0000 2066.1821   23.4092
   -7.5000   22.5000  -45.0000 2002.0458   25.1474
    0.0000   22.5000  -45.0000 2006.5806   25.0215
    7.5000   22.5000  -45.0000 1987.1814   25.4766
   -7.5000   30.0000  -45.0000 1908.6826   27.9689
    0.0000   30.0000  -45.0000 1911.5519   27.9293
    7.5000   30.0000  -45.0000 1886.9731   28.3312
   -7.5000   37.5000  -45.0000 1799.4303   31.8170
    0.0000   37.5000  -45.0000 1797.4927   31.8321
    7.5000   37.5000  -45.0000 1782.4763   32.1979
   -7.5000   45.0000  -45.0000 1686.9791   37.0511
    0.0000   45.0000  -45.0000 1687.7489   36.9564
    7.5000   45.0000  -45.0000 1668.4458   37.6085
   -7.5000  -45.0000  -37.5000 2271.0537   19.9712
    0.0000  -45.0000  -37.5000 2276.4868   19.8150
    7.5000  -45.0000  -37.5000 2268.0383   20.0336
   -7.5000  -37.5000  -37.5000 2312.8376   18.9213
    0.0000  -37.5000  -37.5000 2319.9995   18.7670
    7.5000  -37.5000  -37.5000 2311.6660   18.9573
   -7.5000  -30.0000  -37.5000 2340.8660   18.2468
    0.0000  -30.0000  -37.5000 2344.7744   18.0550
    7.5000  -30.0000  -37.5000 2330.8970   18.2775
   -7.5000  -22.5000  -37.5000 2349.6482   17.9039
    0.0000  -22.5000  -37.5000 2355.5078   17.7349
    7.5000  -22.5000  -37.5000 2339.3350   17.9965
   -7.5000  -15.0000  -37.5000 2345.9880   17.8604
    0.0000  -15.0000  -37.5000 2352.7720   17.6909
    7.5000  -15.0000  -37.5000 2333.3220   18.0095
   -7.5000   -7.5000  -37.5000 2337.5405   18.1826
    0.0000   -7.5000  -37.5000 2341.3896   18.0420
    7.5000   -7.5000  -37.5000 2319.0813   18.3985
   -7.5000    0.0000  -37.5000 2303.0938   18.8427
    0.0000    0.0000  -37.5000 2307.3506   18.7134
    7.5000    0.0000  -37.5000 2282.6292   19.0579
   -7.5000    7.5000  -37.5000 2254.9893   19.8832
    0.0000    7.5000  -37.5000 2259.0630   19.7310
    7.5000    7.5000  -37.5000 2227.0234   20.1133
   -7.5000   15.0000  -37.5000 2184.1077   21.2974
    0.0000   15.0000  -37.5000 2186.7644   21.1558
    7.5000   15.0000  -37.5000 2158.7329   21.5480
   -7.5000   22.5000  -37.5000 2093.9736   23.2625
    0.0000   22.5000  -37.5000 2099.7078   23.0590
    7.5000   22.5000  -37.5000 2074.1597   23.5144
   -7.5000   30.0000  -37.5000 1992.5895   25.8034
    0.0000   30.0000  -37.5000 1996.3497   25.6985
    7.5000   30.0000  -37.5000 1965.5422   26.0868
   -7.5000   37.5000  -37.5000 1867.5178   29.3488
    0.0000   37.5000  -37.5000 1874.3711   29.2642
    7.5000   37.5000  -37.5000 1856.9363   29.5605
   -7.5000   45.0000  -37.5000 1751.6930   33.9866
    0.0000   45.0000  -37.5000 1757.7351   33.8650
    7.5000   45.0000  -37.5000 1733.5693   34.3391
   -7.5000  -45.0000  -30.0000 2396.6609   19.0478
    0.0000  -45.0000  -30.0000 2411.8020   18.8825
    7.5000  -45.0000  -30.0000 2391.2979   19.1123
   -7.5000  -37.5000  -30.0000 2448.4202   18.0362
    0.0000  -37.5000  -30.0000 2455.4897   17.9061
    7.5000  -37.5000  -30.0000 2438.9424   18.0598
   -7.5000  -30.0000  -30.0000 2477.6143   17.3898
    0.0000  -30.0000  -30.0000 2485.8474   17.2702
    7.5000  -30.0000  -30.0000 2466.0974   17.4328
   -7.5000  -22.5000  -30.0000 2492.6177   17.1421
    0.0000  -22.5000  -30.0000 2506.1426   16.9882
    7.5000  -22.5000  -30.0000 2478.8740   17.1844
   -7.5000  -15.0000  -30.0000 2490.0198   17.1135
    0.0000  -15.0000  -30.0000 2498.3672   16.9825
    7.5000  -15.0000  -30.0000 2473.3279   17.2114
   -7.5000   -7.5000  -30.0000 2475.4749   17.3982
    0.0000   -7.5000  -30.0000 2483.5054   17.2508
    7.5000   -7.5000  -30.0000 2455.8535   17.5124
   -7.5000    0.0000  -30.0000 2442.5828   17.9748
    0.0000    0.0000  -30.0000 2451.4780   17.8654
    7.5000    0.0000  -30.0000 2423.5225   18.1802
   -7.5000    7.5000  -30.0000 2389.9133   18.9997
    0.0000    7.5000  -30.0000 2392.9714   18.8333
    7.5000    7.5000  -30.0000 2364.7083   19.2213
   -7.5000   15.0000  -30.0000 2312.6929   20.3782
    0.0000   15.0000  -30.0000 2312.2839   20.1789
    7.5000   15.0000  -30.0000 2284.8181   20.5881
   -7.5000   22.5000  -30.0000 2215.0596   22.2743
    0.0000   22.5000  -30.0000 2218.7778   22.0500
    7.5000   22.5000  -30.0000 2192.6670   22.4397
   -7.5000   30.0000  -30.0000 2104.7888   24.7068
    0.0000   30.0000  -30.0000 2106.9773   24.4933
    7.5000   30.0000  -30.0000 2086.3621   24.9404
   -7.5000   37.5000  -30.0000 1979.3135   27.9990
    0.0000   37.5000  -30.0000 1981.6299   27.7583
    7.5000   37.5000  -30.0000 1964.7100   28.2122
   -7.5000   45.0000  -30.0000 1847.1858   32.3073
    0.0000   45.0000  -30.0000 1851.0001   32.0665
    7.5000   45.0000  -30.0000 1832.8235   32.4776
   -7.5000  -45.0000  -22.5000 2501.8574   17.9457
    0.0000  -45.0000  -22.5000 2512.4551   17.8615
    7.5000  -45.0000  -22.5000 2492.9080   18.0252
   -7.5000  -37.5000  -22.5000 2553.9338   16.9479
    0.0000  -37.5000  -22.5000 2562.5151   16.8975
    7.5000  -37.5000  -22.5000 2541.1997   17.0314
   -7.5000  -30.0000  -22.5000 2589.8652   16.3919
    0.0000  -30.0000  -22.5000 2601.0251   16.3356
    7.5000  -30.0000  -22.5000 2575.7422   16.4392
   -7.5000  -22.5000  -22.5000 2615.9448   16.1396
    0.0000  -22.5000  -22.5000 2630.5452   16.0538
    7.5000  -22.5000  -22.5000 2600.0952   16.1788
   -7.5000  -15.0000  -22.5000 2616.0596   16.1931
    0.0000  -15.0000  -22.5000 2628.8540   16.0887
    7.5000  -15.0000  -22.5000 2600.0425   16.2257
   -7.5000   -7.5000  -22.5000 2604.1785   16.4625
    0.0000   -7.5000  -22.5000 2617.0857   16.3626
    7.5000   -7.5000  -22.5000 2586.4343   16.5856
   -7.5000    0.0000  -22.5000 2567.8333   17.0743
    0.0000    0.0000  -22.5000 2579.4524   16.9812
    7.5000    0.0000  -22.5000 2548.9895   17.2082
   -7.5000    7.5000  -22.5000 2505.7021   18.0303
    0.0000    7.5000  -22.5000 2515.1484   17.8991
    7.5000    7.5000  -22.5000 2481.9307   18.1623
   -7.5000   15.0000  -22.5000 2418.9172   19.3295
    0.0000   15.0000  -22.5000 2425.0552   19.1806
    7.5000   15.0000  -22.5000 2394.5205   19.4783
   -7.5000   22.5000  -22.5000 2316.0063   21.0358
    0.0000   22.5000  -22.5000 2319.5862   20.8848
    7.5000   22.5000  -22.5000 2290.2864   21.1898
   -7.5000   30.0000  -22.5000 2192.2712   23.3612
    0.0000   30.0000  -22.5000 2196.7773   23.1684
    7.5000   30.0000  -22.5000 2175.5903   23.5163
   -7.5000   37.5000  -22.5000 2065.7751   26.3894
    0.0000   37.5000  -22.5000 2070.3965   26.2339
    7.5000   37.5000  -22.5000 2049.7468   26.6175
   -7.5000   45.0000  -22.5000 1918.0956   30.4006
    0.0000   45.0000  -22.5000 1923.5627   30.2503
    7.5000   45.0000  -22.5000 1906.9211   30.6427
   -7.5000  -45.0000  -15.0000 2561.8638   16.9452
    0.0000  -45.0000  -15.0000 2574.5239   16.9319
    7.5000  -45.0000  -15.0000 2558.5469   17.1099
   -7.5000  -37.5000  -15.0000 2631.7639   15.9495
    0.0000  -37.5000  -15.0000 2643.6531   15.9571
    7.5000  -37.5000  -15.0000 2621.2388   16.1054
   -7.5000  -30.0000  -15.0000 2679.3762   15.4103
    0.0000  -30.0000  -15.0000 2688.6975   15.3932
    7.5000  -30.0000  -15.0000 2662.4827   15.5138
   -7.5000  -22.5000  -15.0000 2711.6057   15.1605
    0.0000  -22.5000  -15.0000 2727.2271   15.0963
    7.5000  -22.5000  -15.0000 2697.0830   15.2522
   -7.5000  -15.0000  -15.0000 2719.6758   15.2584
    0.0000  -15.0000  -15.0000 2737.9299   15.1968
    7.5000  -15.0000  -15.0000 2702.9556   15.3414
   -7.5000   -7.5000  -15.0000 2702.5229   15.5981
    0.0000   -7.5000  -15.0000 2723.6843   15.5424
    7.5000   -7.5000  -15.0000 2687.2290   15.7021
   -7.5000    0.0000  -15.0000 2658.2876   16.1757
    0.0000    0.0000  -15.0000 2676.8601   16.1350
    7.5000    0.0000  -15.0000 2641.8867   16.2999
   -7.5000    7.5000  -15.0000 2594.2473   17.0906
    0.0000    7.5000  -15.0000 2606.6267   17.0080
    7.5000    7.5000  -15.0000 2573.5361   17.2465
   -7.5000   15.0000  -15.0000 2501.3188   18.3163
    0.0000   15.0000  -15.0000 2511.5154   18.2046
    7.5000   15.0000  -15.0000 2480.4167   18.4453
   -7.5000   22.5000  -15.0000 2387.7007   19.9658
    0.0000   22.5000  -15.0000 2394.6199   19.8272
    7.5000   22.5000  -15.0000 2368.0608   20.1081
   -7.5000   30.0000  -15.0000 2253.2642   22.1441
    0.0000   30.0000  -15.0000 2255.7080   21.9949
    7.5000   30.0000  -15.0000 2241.4185   22.3181
   -7.5000   37.5000  -15.0000 2122.8706   24.9820
    0.0000   37.5000  -15.0000 2124.5850   24.8359
    7.5000   37.5000  -15.0000 2106.9856   25.1692
   -7.5000   45.0000  -15.0000 1969.5299   28.7540
    0.0000   45.0000  -15.0000 1980.2485   28.5652
    7.5000   45.0000  -15.0000 1960.1149   28.9453
   -7.5000  -45.0000   -7.5000 2611.9744   16.1316
    0.0000  -45.0000   -7.5000 2621.6211   16.1118
    7.5000  -45.0000   -7.5000 2603.8826   16.3512
   -7.5000  -37.5000   -7.5000 2695.9050   15.1503
    0.0000  -37.5000   -7.5000 2706.6885   15.1268
    7.5000  -37.5000   -7.5000 2683.2781   15.3463
   -7.5000  -30.0000   -7.5000 2755.1179   14.5467
    0.0000  -30.0000   -7.5000 2768.1150   14.5191
    7.5000  -30.0000   -7.5000 2738.3037   14.6986
   -7.5000  -22.5000   -7.5000 2792.7400   14.2796
    0.0000  -22.5000   -7.5000 2810.9043   14.2331
    7.5000  -22.5000   -7.5000 2776.7920   14.4127
   -7.5000  -15.0000   -7.5000 2802.8162   14.4387
    0.0000  -15.0000   -7.5000 2827.4397   14.3794
    7.5000  -15.0000   -7.5000 2786.6104   14.5207
   -7.5000   -7.5000   -7.5000 2787.1777   14.7954
    0.0000   -7.5000   -7.5000 2809.9458   14.7925
    7.5000   -7.5000   -7.5000 2770.3643   14.9239
   -7.5000    0.0000   -7.5000 2734.6570   15.3874
    0.0000    0.0000   -7.5000 2754.4185   15.3688
    7.5000    0.0000   -7.5000 2717.5356   15.5537
   -7.5000    7.5000   -7.5000 2659.7961   16.2350
    0.0000    7.5000   -7.5000 2675.1604   16.1884
    7.5000    7.5000   -7.5000 2646.3093   16.4051
   -7.5000   15.0000   -7.5000 2553.6038   17.4128
    0.0000   15.0000   -7.5000 2569.3975   17.3487
    7.5000   15.0000   -7.5000 2542.8396   17.6064
   -7.5000   22.5000   -7.5000 2439.6362   19.0313
    0.0000   22.5000   -7.5000 2450.6299   18.9430
    7.5000   22.5000   -7.5000 2426.2310   19.2341
   -7.5000   30.0000   -7.5000 2301.9907   21.1255
    0.0000   30.0000   -7.5000 2305.1624   20.9782
    7.5000   30.0000   -7.5000 2287.5718   21.2718
   -7.5000   37.5000   -7.5000 2162.5251   23.8548
    0.0000   37.5000   -7.5000 2166.7207   23.6431
    7.5000   37.5000   -7.5000 2144.8376   24.0043
   -7.5000   45.0000   -7.5000 2011.5781   27.4483
    0.0000   45.0000   -7.5000 2023.6195   27.1996
    7.5000   45.0000   -7.5000 2000.6379   27.6289
   -7.5000  -45.0000    0.0000 2645.0010   15.6208
    0.0000  -45.0000    0.0000 2653.8667   15.5380
    7.5000  -45.0000    0.0000 2636.6648   15.8432
   -7.5000  -37.5000    0.0000 2741.2993   14.5993
    0.0000  -37.5000    0.0000 2756.0864   14.5086
    7.5000  -37.5000    0.0000 2730.5083   14.8064
   -7.5000  -30.0000    0.0000 2812.0862   13.9514
    0.0000  -30.0000    0.0000 2835.5894   13.8837
    7.5000  -30.0000    0.0000 2800.7810   14.1395
   -7.5000  -22.5000    0.0000 2862.2820   13.6589
    0.0000  -22.5000    0.0000 2885.4910   13.5827
    7.5000  -22.5000    0.0000 2843.3245   13.8304
   -7.5000  -15.0000    0.0000 2874.1724   13.8349
    0.0000  -15.0000    0.0000 2904.5679   13.7697
    7.5000  -15.0000    0.0000 2858.4180   13.9382
   -7.5000   -7.5000    0.0000 2856.2488   14.2168
    0.0000   -7.5000    0.0000 2880.4487   14.1486
    7.5000   -7.5000    0.0000 2842.1987   14.3475
   -7.5000    0.0000    0.0000 2795.2961   14.8048
    0.0000    0.0000    0.0000 2811.6704   14.7530
    7.5000    0.0000    0.0000 2780.8799   14.9773
   -7.5000    7.5000    0.0000 2708.0762   15.6018
    0.0000    7.5000    0.0000 2726.5171   15.5673
    7.5000    7.5000    0.0000 2693.1292   15.7995
   -7.5000   15.0000    0.0000 2596.1794   16.8262
    0.0000   15.0000    0.0000 2612.9595   16.7949
    7.5000   15.0000    0.0000 2582.9580   17.0229
   -7.5000   22.5000    0.0000 2475.9204   18.4152
    0.0000   22.5000    0.0000 2487.0842   18.3401
    7.5000   22.5000    0.0000 2458.9866   18.5723
   -7.5000   30.0000    0.0000 2334.2209   20.4331
    0.0000   30.0000    0.0000 2341.6626   20.3023
    7.5000   30.0000    0.0000 2319.8862   20.5930
   -7.5000   37.5000    0.0000 2191.7883   23.0113
    0.0000   37.5000    0.0000 2203.0969   22.8718
    7.5000   37.5000    0.0000 2177.0181   23.2516
   -7.5000   45.0000    0.0000 2039.7020   26.4231
    0.0000   45.0000    0.0000 2045.5221   26.2082
    7.5000   45.0000    0.0000 2026.8606   26.6496
   -7.5000  -45.0000    7.5000 2660.6685   15.3742
    0.0000  -45.0000    7.5000 2666.0010   15.2036
    7.5000  -45.0000    7.5000 2649.2698   15.5494
   -7.5000  -37.5000    7.5000 2764.8943   14.2929
    0.0000  -37.5000    7.5000 2778.1421   14.1465
    7.5000  -37.5000    7.5000 2753.6201   14.5017
   -7.5000  -30.0000    7.5000 2853.4827   13.6219
    0.0000  -30.0000    7.5000 2880.2288   13.4747
    7.5000  -30.0000    7.5000 2840.8833   13.8290
   -7.5000  -22.5000    7.5000 2921.0112   13.2222
    0.0000  -22.5000    7.5000 2951.2649   13.0848
    7.5000  -22.5000    7.5000 2904.8757   13.4876
   -7.5000  -15.0000    7.5000 2936.4229   13.4018
    0.0000  -15.0000    7.5000 2970.4871   13.2215
    7.5000  -15.0000    7.5000 2920.3276   13.5554
   -7.5000   -7.5000    7.5000 2911.0579   13.8083
    0.0000   -7.5000    7.5000 2935.0225   13.6593
    7.5000   -7.5000    7.5000 2898.8464   13.9485
   -7.5000    0.0000    7.5000 2829.6790   14.4046
    0.0000    0.0000    7.5000 2851.7983   14.3279
    7.5000    0.0000    7.5000 2820.5430   14.6140
   -7.5000    7.5000    7.5000 2739.1936   15.2650
    0.0000    7.5000    7.5000 2754.6450   15.2027
    7.5000    7.5000    7.5000 2727.9504   15.4779
   -7.5000   15.0000    7.5000 2623.4385   16.4502
    0.0000   15.0000    7.5000 2636.6274   16.3928
    7.5000   15.0000    7.5000 2610.6074   16.6580
   -7.5000   22.5000    7.5000 2499.6814   18.0202
    0.0000   22.5000    7.5000 2512.0217   17.9438
    7.5000   22.5000    7.5000 2484.2239   18.2288
   -7.5000   30.0000    7.5000 2349.0063   19.9593
    0.0000   30.0000    7.5000 2359.2012   19.8719
    7.5000   30.0000    7.5000 2338.3149   20.2108
   -7.5000   37.5000    7.5000 2204.0149   22.4325
    0.0000   37.5000    7.5000 2216.7024   22.3201
    7.5000   37.5000    7.5000 2189.8293   22.7210
   -7.5000   45.0000    7.5000 2057.4150   25.6509
    0.0000   45.0000    7.5000 2060.9397   25.5392
    7.5000   45.0000    7.5000 2039.5145   25.9597
   -7.5000  -45.0000   15.0000 2652.2019   15.3444
    0.0000  -45.0000   15.0000 2663.5142   15.0623
    7.5000  -45.0000   15.0000 2638.9055   15.4145
   -7.5000  -37.5000   15.0000 2760.8687   14.2309
    0.0000  -37.5000   15.0000 2775.5039   13.9800
    7.5000  -37.5000   15.0000 2751.4192   14.3551
   -7.5000  -30.0000   15.0000 2858.9285   13.5188
    0.0000  -30.0000   15.0000 2884.0803   13.3244
    7.5000  -30.0000   15.0000 2846.0435   13.6786
   -7.5000  -22.5000   15.0000 2934.3528   13.0211
    0.0000  -22.5000   15.0000 2961.5754   12.7614
    7.5000  -22.5000   15.0000 2920.6448   13.2830
   -7.5000  -15.0000   15.0000 2954.3250   13.0426
    0.0000  -15.0000   15.0000 2985.4094   12.8132
    7.5000  -15.0000   15.0000 2946.0374   13.2159
   -7.5000   -7.5000   15.0000 2916.2573   13.5231
    0.0000   -7.5000   15.0000 2946.9004   13.3963
    7.5000   -7.5000   15.0000 2917.0637   13.7277
   -7.5000    0.0000   15.0000 2842.6201   14.2050
    0.0000    0.0000   15.0000 2860.7339   14.1240
    7.5000    0.0000   15.0000 2835.3618   14.4024
   -7.5000    7.5000   15.0000 2742.6538   15.0824
    0.0000    7.5000   15.0000 2755.9744   14.9899
    7.5000    7.5000   15.0000 2733.4155   15.2552
   -7.5000   15.0000   15.0000 2622.4612   16.2967
    0.0000   15.0000   15.0000 2634.1023   16.1654
    7.5000   15.0000   15.0000 2609.9382   16.4445
   -7.5000   22.5000   15.0000 2496.7039   17.8321
    0.0000   22.5000   15.0000 2514.1021   17.7234
    7.5000   22.5000   15.0000 2484.2761   18.0104
   -7.5000   30.0000   15.0000 2355.3181   19.7816
    0.0000   30.0000   15.0000 2365.3052   19.6684
    7.5000   30.0000   15.0000 2343.0435   19.9843
   -7.5000   37.5000   15.0000 2205.7520   22.2619
    0.0000   37.5000   15.0000 2215.5129   22.1141
    7.5000   37.5000   15.0000 2192.0068   22.4944
   -7.5000   45.0000   15.0000 2056.3198   25.4603
    0.0000   45.0000   15.0000 2055.3928   25.2254
    7.5000   45.0000   15.0000 2038.5629   25.7291
   -7.5000  -45.0000   22.5000 2625.5640   15.5237
    0.0000  -45.0000   22.5000 2648.5918   15.2177
    7.5000  -45.0000   22.5000 2621.7302   15.5299
   -7.5000  -37.5000   22.5000 2739.2375   14.3973
    0.0000  -37.5000   22.5000 2762.4866   14.1010
    7.5000  -37.5000   22.5000 2731.7825   14.4347
   -7.5000  -30.0000   22.5000 2842.0332   13.6656
    0.0000  -30.0000   22.5000 2862.3276   13.3321
    7.5000  -30.0000   22.5000 2827.3513   13.7205
   -7.5000  -22.5000   22.5000 2918.8364   13.2325
    0.0000  -22.5000   22.5000 2935.3877   12.9104
    7.5000  -22.5000   22.5000 2910.0505   13.2894
   -7.5000  -15.0000   22.5000 2946.8745   13.2716
    0.0000  -15.0000   22.5000 2974.4949   13.0464
    7.5000  -15.0000   22.5000 2938.6587   13.3826
   -7.5000   -7.5000   22.5000 2911.7188   13.6581
    0.0000   -7.5000   22.5000 2939.5132   13.5030
    7.5000   -7.5000   22.5000 2908.6018   13.7963
   -7.5000    0.0000   22.5000 2833.0771   14.2717
    0.0000    0.0000   22.5000 2855.2046   14.1570
    7.5000    0.0000   22.5000 2827.3027   14.4302
   -7.5000    7.5000   22.5000 2731.4375   15.1488
    0.0000    7.5000   22.5000 2748.9204   15.0665
    7.5000    7.5000   22.5000 2727.4998   15.2966
   -7.5000   15.0000   22.5000 2611.4749   16.3375
    0.0000   15.0000   22.5000 2624.5703   16.2565
    7.5000   15.0000   22.5000 2605.4475   16.4853
   -7.5000   22.5000   22.5000 2487.4612   17.8599
    0.0000   22.5000   22.5000 2500.4663   17.7801
    7.5000   22.5000   22.5000 2478.4248   18.0403
   -7.5000   30.0000   22.5000 2343.0627   19.8177
    0.0000   30.0000   22.5000 2352.4209   19.6868
    7.5000   30.0000   22.5000 2334.5679   19.9912
   -7.5000   37.5000   22.5000 2193.1709   22.3087
    0.0000   37.5000   22.5000 2199.7014   22.1449
    7.5000   37.5000   22.5000 2181.2671   22.4890
   -7.5000   45.0000   22.5000 2043.9026   25.5241
    0.0000   45.0000   22.5000 2044.6880   25.2730
    7.5000   45.0000   22.5000 2037.6199   25.6548
   -7.5000  -45.0000   30.0000 2587.4229   15.9458
    0.0000  -45.0000   30.0000 2615.7776   15.6617
    7.5000  -45.0000   30.0000 2593.3684   15.9493
   -7.5000  -37.5000   30.0000 2701.6270   14.8527
    0.0000  -37.5000   30.0000 2723.3330   14.5532
    7.5000  -37.5000   30.0000 2699.3796   14.8485
   -7.5000  -30.0000   30.0000 2800.1340   14.1275
    0.0000  -30.0000   30.0000 2818.6931   13.7828
    7.5000  -30.0000   30.0000 2790.6218   14.1022
   -7.5000  -22.5000   30.0000 2870.0354   13.7351
    0.0000  -22.5000   30.0000 2888.8784   13.4954
    7.5000  -22.5000   30.0000 2860.7202   13.7521
   -7.5000  -15.0000   30.0000 2890.5911   13.7829
    0.0000  -15.0000   30.0000 2915.7366   13.5761
    7.5000  -15.0000   30.0000 2885.1304   13.7936
   -7.5000   -7.5000   30.0000 2859.3398   14.1315
    0.0000   -7.5000   30.0000 2880.1941   13.9389
    7.5000   -7.5000   30.0000 2855.0400   14.1760
   -7.5000    0.0000   30.0000 2788.6187   14.6831
    0.0000    0.0000   30.0000 2807.9104   14.5402
    7.5000    0.0000   30.0000 2789.5090   14.7652
   -7.5000    7.5000   30.0000 2694.6279   15.5076
    0.0000    7.5000   30.0000 2711.6387   15.3679
    7.5000    7.5000   30.0000 2697.8770   15.6006
   -7.5000   15.0000   30.0000 2582.6965   16.6226
    0.0000   15.0000   30.0000 2597.7664   16.4962
    7.5000   15.0000   30.0000 2585.6067   16.7797
   -7.5000   22.5000   30.0000 2460.8723   18.1150
    0.0000   22.5000   30.0000 2474.7456   17.9802
    7.5000   22.5000   30.0000 2458.1426   18.2768
   -7.5000   30.0000   30.0000 2317.7554   20.0305
    0.0000   30.0000   30.0000 2331.7449   19.8531
    7.5000   30.0000   30.0000 2314.7185   20.1681
   -7.5000   37.5000   30.0000 2171.8862   22.5422
    0.0000   37.5000   30.0000 2175.9714   22.3288
    7.5000   37.5000   30.0000 2163.8069   22.6457
   -7.5000   45.0000   30.0000 2020.9698   25.7111
    0.0000   45.0000   30.0000 2026.6078   25.4433
    7.5000   45.0000   30.0000 2013.7223   25.8229
   -7.5000  -45.0000   37.5000 2548.6875   16.6804
    0.0000  -45.0000   37.5000 2583.3735   16.4470
    7.5000  -45.0000   37.5000 2565.7571   16.6354
   -7.5000  -37.5000   37.5000 2655.3464   15.5615
    0.0000  -37.5000   37.5000 2689.1582   15.2946
    7.5000  -37.5000   37.5000 2664.8721   15.5126
   -7.5000  -30.0000   37.5000 2740.6282   14.7682
    0.0000  -30.0000   37.5000 2770.7183   14.5587
    7.5000  -30.0000   37.5000 2741.7488   14.7849
   -7.5000  -22.5000   37.5000 2802.1577   14.4138
    0.0000  -22.5000   37.5000 2821.9768   14.2303
    7.5000  -22.5000   37.5000 2795.5178   14.4170
   -7.5000  -15.0000   37.5000 2823.4585   14.3911
    0.0000  -15.0000   37.5000 2840.0691   14.2184
    7.5000  -15.0000   37.5000 2814.5940   14.3693
   -7.5000   -7.5000   37.5000 2789.6541   14.7167
    0.0000   -7.5000   37.5000 2807.4114   14.5472
    7.5000   -7.5000   37.5000 2783.6902   14.7387
   -7.5000    0.0000   37.5000 2723.0364   15.2304
    0.0000    0.0000   37.5000 2741.4182   15.0776
    7.5000    0.0000   37.5000 2724.2456   15.2651
   -7.5000    7.5000   37.5000 2636.1809   16.0586
    0.0000    7.5000   37.5000 2655.8167   15.9375
    7.5000    7.5000   37.5000 2640.8901   16.1071
   -7.5000   15.0000   37.5000 2534.6182   17.1363
    0.0000   15.0000   37.5000 2552.9861   17.0261
    7.5000   15.0000   37.5000 2538.3660   17.2148
   -7.5000   22.5000   37.5000 2421.5796   18.5434
    0.0000   22.5000   37.5000 2436.8589   18.4236
    7.5000   22.5000   37.5000 2420.2034   18.6512
   -7.5000   30.0000   37.5000 2285.9102   20.4421
    0.0000   30.0000   37.5000 2296.3582   20.3018
    7.5000   30.0000   37.5000 2277.3025   20.6041
   -7.5000   37.5000   37.5000 2140.7410   22.9109
    0.0000   37.5000   37.5000 2148.4607   22.6906
    7.5000   37.5000   37.5000 2135.6292   23.0685
   -7.5000   45.0000   37.5000 1993.0510   26.0874
    0.0000   45.0000   37.5000 1991.5551   25.7820
    7.5000   45.0000   37.5000 1983.9703   26.2144
   -7.5000  -45.0000   45.0000 2494.9285   17.6296
    0.0000  -45.0000   45.0000 2533.3804   17.4318
    7.5000  -45.0000   45.0000 2516.9792   17.6281
   -7.5000  -37.5000   45.0000 2594.0186   16.4641
    0.0000  -37.5000   45.0000 2634.2014   16.2732
    7.5000  -37.5000   45.0000 2610.5706   16.5037
   -7.5000  -30.0000   45.0000 2668.5193   15.6970
    0.0000  -30.0000   45.0000 2702.6692   15.5639
    7.5000  -30.0000   45.0000 2676.1924   15.7707
   -7.5000  -22.5000   45.0000 2717.8723   15.3386
    0.0000  -22.5000   45.0000 2742.6667   15.1678
    7.5000  -22.5000   45.0000 2715.4006   15.3390
   -7.5000  -15.0000   45.0000 2727.6040   15.2378
    0.0000  -15.0000   45.0000 2746.3826   15.0683
    7.5000  -15.0000   45.0000 2724.4099   15.2059
   -7.5000   -7.5000   45.0000 2700.7244   15.5307
    0.0000   -7.5000   45.0000 2717.7954   15.3820
    7.5000   -7.5000   45.0000 2694.6265   15.5287
   -7.5000    0.0000   45.0000 2640.0745   16.0078
    0.0000    0.0000   45.0000 2656.8025   15.8833
    7.5000    0.0000   45.0000 2639.0972   16.0487
   -7.5000    7.5000   45.0000 2565.7495   16.7877
    0.0000    7.5000   45.0000 2584.3074   16.6802
    7.5000    7.5000   45.0000 2569.7000   16.8432
   -7.5000   15.0000   45.0000 2476.0312   17.8501
    0.0000   15.0000   45.0000 2486.5178   17.7363
    7.5000   15.0000   45.0000 2474.1536   17.9147
   -7.5000   22.5000   45.0000 2362.5146   19.3070
    0.0000   22.5000   45.0000 2376.0188   19.1388
    7.5000   22.5000   45.0000 2360.7100   19.3695
   -7.5000   30.0000   45.0000 2235.3267   21.1840
    0.0000   30.0000   45.0000 2246.2205   20.9932
    7.5000   30.0000   45.0000 2230.4558   21.2740
   -7.5000   37.5000   45.0000 2100.4373   23.6404
    0.0000   37.5000   45.0000 2104.4949   23.4369
    7.5000   37.5000   45.0000 2091.6738   23.7377
   -7.5000   45.0000   45.0000 1949.7166   26.7418
    0.0000   45.0000   45.0000 1952.4142   26.5457
    7.5000   45.0000   45.0000 1948.4080   27.0128

---------------------------------------------------------------------
imgreg_4dfp /opt/freesurfer/average/711-2C_as_mni_average_305 /opt/freesurfer/average/711-2B_as_mni_average_305_mask talsrcimg_g11 none talsrcimg_to_711-2C_as_mni_average_305_t4 1283
---------------------------------------------------------------------

freesurfer imgreg_4dfp.c
/opt/freesurfer/average/711-2C_as_mni_average_305.4dfp.img
       256       256       256         1
  1.000000  1.000000  1.000000
orientation T byte_order littleendian
Reading image: /opt/freesurfer/average/711-2C_as_mni_average_305.4dfp.img
dimensions:      256       256       256
mmppix:       1.0000   -1.0000   -1.0000
center:     128.0000 -129.0000 -129.0000
/opt/freesurfer/average/711-2B_as_mni_average_305_mask.4dfp.img
       256       256       256         1
  1.000000  1.000000  1.000000
orientation T byte_order littleendian
Reading mask: /opt/freesurfer/average/711-2B_as_mni_average_305_mask.4dfp.img (2306576 pixels)
talsrcimg_g11.4dfp.img
       256       256       256         1
  1.000000  1.000000  1.000000
orientation T byte_order littleendian
Reading image: talsrcimg_g11.4dfp.img
dimensions:      256       256       256
mmppix:       1.0000   -1.0000   -1.0000
center:     128.0000 -129.0000 -129.0000
rotation matrix determinant  1.000000
fimgreg.f
image alignment mode   1283 decimal      503 hex
parameters
    0.0000  -15.0000   15.0000    0.0000    0.0000    0.0000
eta,q 0.93663 12.76874
niter,ni,del,rscale     5    3   12.0000    1.2000
parameter  3  0.812909 ->  0.500000 qaram    1.1500
parameter  4  5.075530 ->  0.500000 qaram    1.1500
parameters
   -0.8174  -16.1819   11.5500   -3.4500    0.0533    1.3388
eta,q 0.94212 12.72197
  0.0702  0.0676  0.0641  0.0560  0.0629  0.0646
  0.0686  0.0658  0.0615  0.0576  0.0610  0.0613
  0.0664  0.0648  0.0618  0.0594  0.0591  0.0591
  0.0652  0.0649  0.0646  0.0607  0.0582  0.0581
  0.0665  0.0652  0.0675  0.0625  0.0588  0.0579
  0.0696  0.0682  0.0713  0.0643  0.0608  0.0587
  0.0759  0.0729  0.0708  0.0667  0.0629  0.0605
niter,ni,del,rscale     6    3   12.0000    1.2000
parameter  4  0.654601 ->  0.500000 qaram    1.3225
parameters
   -0.6464  -14.9170   11.7490   -7.4175   -1.1026    2.7222
eta,q 0.94662 12.71568
  0.0674  0.0676  0.0702  0.0574  0.0583  0.0629
  0.0626  0.0629  0.0651  0.0542  0.0557  0.0591
  0.0589  0.0596  0.0597  0.0555  0.0538  0.0558
  0.0579  0.0581  0.0576  0.0577  0.0542  0.0537
  0.0606  0.0575  0.0591  0.0597  0.0559  0.0534
  0.0615  0.0584  0.0630  0.0612  0.0590  0.0548
  0.0660  0.0621  0.0697  0.0634  0.0635  0.0574
niter,ni,del,rscale     6    3   12.0000    1.2000
parameters
    0.2176  -13.5301   11.8138   -6.8913   -1.9843    3.5377
eta,q 0.94615 12.81467
  0.0670  0.0704  0.0661  0.0663  0.0588  0.0602
  0.0613  0.0651  0.0621  0.0594  0.0564  0.0571
  0.0565  0.0572  0.0556  0.0538  0.0541  0.0550
  0.0534  0.0537  0.0539  0.0540  0.0543  0.0538
  0.0552  0.0542  0.0554  0.0563  0.0563  0.0541
  0.0574  0.0560  0.0603  0.0592  0.0587  0.0554
  0.0611  0.0609  0.0666  0.0615  0.0619  0.0575
niter,ni,del,rscale     5    3   12.0000    1.2000
parameters
    0.5781  -13.5154   11.8111   -6.7515   -2.3230    3.6931
eta,q 0.94583 12.82578
  0.0661  0.0658  0.0664  0.0649  0.0597  0.0591
  0.0611  0.0585  0.0618  0.0576  0.0573  0.0565
  0.0559  0.0543  0.0551  0.0534  0.0547  0.0548
  0.0539  0.0542  0.0542  0.0542  0.0543  0.0542
  0.0570  0.0552  0.0559  0.0564  0.0561  0.0548
  0.0587  0.0590  0.0609  0.0592  0.0580  0.0563
  0.0635  0.0650  0.0668  0.0619  0.0607  0.0586
niter,ni,del,rscale     4    3   12.0000    1.2000
parameters
    0.6735  -13.5669   11.7908   -6.6776   -2.4304    3.7177
eta,q 0.94577 12.82868
  0.0654  0.0653  0.0665  0.0647  0.0600  0.0590
  0.0604  0.0582  0.0618  0.0573  0.0577  0.0564
  0.0556  0.0543  0.0549  0.0534  0.0550  0.0548
  0.0542  0.0543  0.0542  0.0542  0.0543  0.0542
  0.0574  0.0552  0.0561  0.0564  0.0560  0.0549
  0.0591  0.0590  0.0611  0.0591  0.0578  0.0564
  0.0647  0.0650  0.0669  0.0619  0.0602  0.0588
niter,ni,del,rscale     3    3   12.0000    1.2000
parameters
    0.6918  -13.5939   11.7711   -6.6424   -2.4624    3.7215
eta,q 0.94578 12.83055
  0.0651  0.0652  0.0666  0.0645  0.0601  0.0589
  0.0602  0.0583  0.0619  0.0571  0.0578  0.0564
  0.0556  0.0544  0.0549  0.0534  0.0551  0.0548
  0.0542  0.0542  0.0542  0.0542  0.0542  0.0542
  0.0574  0.0552  0.0562  0.0564  0.0560  0.0549
  0.0593  0.0589  0.0611  0.0591  0.0577  0.0565
  0.0650  0.0649  0.0670  0.0620  0.0600  0.0588
registration optimization eta report
parameter search radius
    6.0000    6.0000    6.9000    7.9350    6.0000    6.0000
100000*second partial in parameter space
       28.       31.       26.       15.       15.       13.
  0.0651  0.0652  0.0666  0.0645  0.0601  0.0589
  0.0602  0.0583  0.0619  0.0571  0.0578  0.0564
  0.0556  0.0544  0.0549  0.0534  0.0551  0.0548
  0.0542  0.0542  0.0542  0.0542  0.0542  0.0542
  0.0574  0.0552  0.0562  0.0564  0.0560  0.0549
  0.0593  0.0589  0.0611  0.0591  0.0577  0.0565
  0.0650  0.0649  0.0670  0.0620  0.0600  0.0588
    0.6918  -13.5939   11.7711   -6.6424   -2.4624    3.7215
eta,q 0.94578 12.83055

---------------------------------------------------------------------
imgreg_4dfp /opt/freesurfer/average/711-2C_as_mni_average_305 /opt/freesurfer/average/711-2B_as_mni_average_305_mask talsrcimg_g11 none talsrcimg_to_711-2C_as_mni_average_305_t4 3335
---------------------------------------------------------------------

freesurfer imgreg_4dfp.c
/opt/freesurfer/average/711-2C_as_mni_average_305.4dfp.img
       256       256       256         1
  1.000000  1.000000  1.000000
orientation T byte_order littleendian
Reading image: /opt/freesurfer/average/711-2C_as_mni_average_305.4dfp.img
dimensions:      256       256       256
mmppix:       1.0000   -1.0000   -1.0000
center:     128.0000 -129.0000 -129.0000
/opt/freesurfer/average/711-2B_as_mni_average_305_mask.4dfp.img
       256       256       256         1
  1.000000  1.000000  1.000000
orientation T byte_order littleendian
Reading mask: /opt/freesurfer/average/711-2B_as_mni_average_305_mask.4dfp.img (2306576 pixels)
talsrcimg_g11.4dfp.img
       256       256       256         1
  1.000000  1.000000  1.000000
orientation T byte_order littleendian
Reading image: talsrcimg_g11.4dfp.img
dimensions:      256       256       256
mmppix:       1.0000   -1.0000   -1.0000
center:     128.0000 -129.0000 -129.0000
fimgreg.f
image alignment mode   3335 decimal      D07 hex
parameters
    0.6918  -13.5939   11.7711   -0.3030   -0.9130   -0.7630
   -6.9430    3.5078    6.4847   11.8198   -4.2964  -11.5565
eta,q 0.94603 12.87843
niter,ni,del,rscale     5    3    5.0000    1.2000
parameter  4114.721741 ->  0.500000 qaram    1.1500
parameter  5  5.631460 ->  0.500000 qaram    1.1500
parameter  6  4.152193 ->  0.500000 qaram    1.1500
parameter  9  0.679056 ->  0.500000 qaram    1.1500
parameter 12  1.155296 ->  0.500000 qaram    1.1500
parameters
    0.3269  -12.9705   12.4104   -4.4430   -5.0530   -4.9030
   -8.3445    4.1117    2.3447    9.2392   -2.6506  -15.6965
eta,q 0.96484 12.06199
  0.0552  0.0563  0.0561  0.0430  0.0408  0.0331  0.0382  0.0411  0.0368  0.0373  0.0381  0.0351
  0.0543  0.0553  0.0550  0.0466  0.0431  0.0362  0.0375  0.0391  0.0365  0.0363  0.0371  0.0351
  0.0539  0.0545  0.0542  0.0504  0.0452  0.0398  0.0372  0.0377  0.0367  0.0361  0.0364  0.0354
  0.0540  0.0539  0.0537  0.0535  0.0477  0.0437  0.0372  0.0372  0.0372  0.0365  0.0361  0.0361
  0.0544  0.0537  0.0535  0.0568  0.0506  0.0487  0.0376  0.0377  0.0381  0.0374  0.0362  0.0370
  0.0552  0.0540  0.0538  0.0605  0.0533  0.0528  0.0383  0.0386  0.0391  0.0390  0.0364  0.0378
  0.0562  0.0548  0.0545  0.0642  0.0561  0.0577  0.0394  0.0398  0.0404  0.0412  0.0368  0.0388
niter,ni,del,rscale     7    3    5.0000    1.2000
parameter  3 -0.529985 -> -0.500000 qaram    1.1500
parameter  4  2.756655 ->  0.500000 qaram    1.3225
parameter  5  1.704048 ->  0.500000 qaram    1.3225
parameter  6  0.549300 ->  0.500000 qaram    1.3225
parameters
    0.1168  -13.2097   13.7904   -9.2040   -9.8140   -9.6640
   -5.9783    5.2153    4.1979   11.2645   -2.0770  -14.9977
eta,q 0.98069 11.83382
  0.0375  0.0371  0.0392  0.0242  0.0208  0.0225  0.0270  0.0282  0.0256  0.0261  0.0218  0.0229
  0.0361  0.0359  0.0375  0.0261  0.0218  0.0212  0.0243  0.0246  0.0232  0.0238  0.0205  0.0213
  0.0353  0.0352  0.0362  0.0295  0.0242  0.0204  0.0222  0.0219  0.0213  0.0217  0.0197  0.0200
  0.0352  0.0351  0.0351  0.0344  0.0270  0.0224  0.0208  0.0204  0.0202  0.0200  0.0193  0.0193
  0.0357  0.0356  0.0345  0.0398  0.0302  0.0274  0.0204  0.0204  0.0201  0.0193  0.0195  0.0195
  0.0368  0.0365  0.0345  0.0444  0.0341  0.0332  0.0209  0.0219  0.0208  0.0201  0.0201  0.0204
  0.0385  0.0380  0.0351  0.0494  0.0382  0.0384  0.0222  0.0248  0.0224  0.0222  0.0211  0.0220
niter,ni,del,rscale     7    3    5.0000    1.2000
parameters
    0.1490  -13.5328   12.6634  -12.4377  -10.8354   -9.9997
   -6.3537    5.1371    4.6485   10.7993   -2.7928  -15.4049
eta,q 0.98197 11.73915
  0.0244  0.0222  0.0200  0.0214  0.0240  0.0251  0.0214  0.0238  0.0222  0.0222  0.0192  0.0207
  0.0216  0.0204  0.0188  0.0196  0.0209  0.0224  0.0196  0.0205  0.0201  0.0201  0.0184  0.0193
  0.0199  0.0194  0.0186  0.0181  0.0183  0.0202  0.0184  0.0185  0.0187  0.0186  0.0181  0.0183
  0.0193  0.0193  0.0192  0.0186  0.0181  0.0178  0.0181  0.0181  0.0181  0.0180  0.0181  0.0180
  0.0199  0.0202  0.0206  0.0215  0.0201  0.0176  0.0187  0.0188  0.0184  0.0187  0.0184  0.0185
  0.0215  0.0219  0.0226  0.0272  0.0229  0.0220  0.0201  0.0207  0.0195  0.0207  0.0189  0.0197
  0.0241  0.0242  0.0251  0.0327  0.0269  0.0281  0.0221  0.0240  0.0214  0.0238  0.0196  0.0213
niter,ni,del,rscale     6    3    5.0000    1.2000
parameters
    0.3184  -13.3700   12.5046  -13.0064  -10.8168  -10.1254
   -6.6378    5.3033    4.7649   10.9241   -3.0281  -15.6705
eta,q 0.98182 11.71036
  0.0230  0.0225  0.0206  0.0235  0.0251  0.0251  0.0215  0.0241  0.0219  0.0227  0.0195  0.0209
  0.0205  0.0202  0.0190  0.0213  0.0220  0.0224  0.0197  0.0208  0.0200  0.0207  0.0186  0.0195
  0.0188  0.0186  0.0181  0.0194  0.0192  0.0203  0.0186  0.0187  0.0187  0.0190  0.0182  0.0185
  0.0180  0.0180  0.0180  0.0180  0.0181  0.0181  0.0182  0.0182  0.0182  0.0182  0.0182  0.0182
  0.0183  0.0183  0.0185  0.0184  0.0195  0.0177  0.0187  0.0189  0.0186  0.0185  0.0184  0.0186
  0.0196  0.0195  0.0196  0.0211  0.0217  0.0216  0.0201  0.0205  0.0198  0.0201  0.0189  0.0197
  0.0218  0.0214  0.0211  0.0265  0.0251  0.0272  0.0221  0.0234  0.0217  0.0228  0.0195  0.0213
niter,ni,del,rscale     5    3    5.0000    1.2000
parameters
    0.4000  -13.3250   12.4206  -13.0940  -10.8097  -10.1932
   -6.7112    5.3921    4.7728   11.0296   -3.0351  -15.8003
eta,q 0.98177 11.70331
  0.0227  0.0222  0.0209  0.0240  0.0251  0.0252  0.0218  0.0240  0.0218  0.0227  0.0196  0.0210
  0.0204  0.0200  0.0192  0.0216  0.0221  0.0225  0.0199  0.0208  0.0200  0.0207  0.0187  0.0196
  0.0189  0.0186  0.0183  0.0197  0.0192  0.0203  0.0187  0.0187  0.0187  0.0191  0.0183  0.0186
  0.0182  0.0182  0.0182  0.0182  0.0182  0.0182  0.0182  0.0182  0.0182  0.0182  0.0182  0.0182
  0.0185  0.0186  0.0186  0.0183  0.0196  0.0177  0.0187  0.0190  0.0187  0.0186  0.0184  0.0186
  0.0199  0.0199  0.0196  0.0205  0.0217  0.0216  0.0200  0.0206  0.0199  0.0202  0.0189  0.0197
  0.0222  0.0218  0.0210  0.0256  0.0251  0.0270  0.0219  0.0236  0.0218  0.0228  0.0195  0.0212
niter,ni,del,rscale     4    3    5.0000    1.2000
parameters
    0.4209  -13.3058   12.3771  -13.0936  -10.8166  -10.2220
   -6.7140    5.4134    4.7582   11.0906   -3.0127  -15.8646
eta,q 0.98177 11.70150
  0.0225  0.0222  0.0210  0.0241  0.0251  0.0252  0.0218  0.0239  0.0218  0.0226  0.0196  0.0210
  0.0203  0.0200  0.0193  0.0217  0.0221  0.0225  0.0200  0.0207  0.0200  0.0206  0.0187  0.0196
  0.0188  0.0187  0.0184  0.0198  0.0193  0.0203  0.0187  0.0187  0.0187  0.0190  0.0183  0.0186
  0.0182  0.0182  0.0182  0.0182  0.0182  0.0182  0.0182  0.0182  0.0182  0.0182  0.0182  0.0182
  0.0186  0.0187  0.0187  0.0183  0.0196  0.0177  0.0187  0.0190  0.0187  0.0186  0.0184  0.0186
  0.0201  0.0200  0.0196  0.0204  0.0218  0.0215  0.0199  0.0207  0.0199  0.0202  0.0189  0.0196
  0.0225  0.0219  0.0210  0.0254  0.0252  0.0269  0.0219  0.0237  0.0219  0.0228  0.0195  0.0211
niter,ni,del,rscale     3    3    5.0000    1.2000
parameters
    0.4226  -13.2961   12.3580  -13.0821  -10.8232  -10.2356
   -6.7131    5.4128    4.7477   11.1226   -3.0010  -15.8945
eta,q 0.98177 11.70116
  0.0224  0.0221  0.0211  0.0241  0.0251  0.0252  0.0218  0.0239  0.0218  0.0226  0.0196  0.0210
  0.0203  0.0200  0.0194  0.0217  0.0221  0.0225  0.0200  0.0207  0.0200  0.0206  0.0188  0.0196
  0.0188  0.0187  0.0184  0.0198  0.0193  0.0203  0.0187  0.0187  0.0187  0.0190  0.0183  0.0186
  0.0182  0.0182  0.0182  0.0182  0.0182  0.0182  0.0182  0.0182  0.0182  0.0182  0.0182  0.0182
  0.0187  0.0187  0.0187  0.0183  0.0196  0.0177  0.0187  0.0190  0.0187  0.0186  0.0184  0.0186
  0.0201  0.0201  0.0196  0.0204  0.0218  0.0215  0.0199  0.0207  0.0199  0.0202  0.0189  0.0196
  0.0226  0.0220  0.0210  0.0254  0.0252  0.0269  0.0219  0.0238  0.0218  0.0229  0.0195  0.0211
registration optimization eta report
parameter search radius
    2.4000    2.4000    2.7600    9.5220    9.5220    9.5220
    7.2000    7.2000    8.2800    7.2000    7.2000    8.2800
100000*second partial in parameter space
       74.       66.       36.        7.        7.        9.
        7.       11.        5.        9.        3.        4.
  0.0224  0.0221  0.0211  0.0241  0.0251  0.0252  0.0218  0.0239  0.0218  0.0226  0.0196  0.0210
  0.0203  0.0200  0.0194  0.0217  0.0221  0.0225  0.0200  0.0207  0.0200  0.0206  0.0188  0.0196
  0.0188  0.0187  0.0184  0.0198  0.0193  0.0203  0.0187  0.0187  0.0187  0.0190  0.0183  0.0186
  0.0182  0.0182  0.0182  0.0182  0.0182  0.0182  0.0182  0.0182  0.0182  0.0182  0.0182  0.0182
  0.0187  0.0187  0.0187  0.0183  0.0196  0.0177  0.0187  0.0190  0.0187  0.0186  0.0184  0.0186
  0.0201  0.0201  0.0196  0.0204  0.0218  0.0215  0.0199  0.0207  0.0199  0.0202  0.0189  0.0196
  0.0226  0.0220  0.0210  0.0254  0.0252  0.0269  0.0219  0.0238  0.0218  0.0229  0.0195  0.0211
    0.4226  -13.2961   12.3580  -13.0821  -10.8232  -10.2356
   -6.7131    5.4128    4.7477   11.1226   -3.0010  -15.8945
eta,q 0.98177 11.70116

---------------------------------------------------------------------
imgreg_4dfp /opt/freesurfer/average/711-2C_as_mni_average_305 /opt/freesurfer/average/711-2B_as_mni_average_305_mask talsrcimg_g11 none talsrcimg_to_711-2C_as_mni_average_305_t4 2311
---------------------------------------------------------------------

freesurfer imgreg_4dfp.c
/opt/freesurfer/average/711-2C_as_mni_average_305.4dfp.img
       256       256       256         1
  1.000000  1.000000  1.000000
orientation T byte_order littleendian
Reading image: /opt/freesurfer/average/711-2C_as_mni_average_305.4dfp.img
dimensions:      256       256       256
mmppix:       1.0000   -1.0000   -1.0000
center:     128.0000 -129.0000 -129.0000
/opt/freesurfer/average/711-2B_as_mni_average_305_mask.4dfp.img
       256       256       256         1
  1.000000  1.000000  1.000000
orientation T byte_order littleendian
Reading mask: /opt/freesurfer/average/711-2B_as_mni_average_305_mask.4dfp.img (2306576 pixels)
talsrcimg_g11.4dfp.img
       256       256       256         1
  1.000000  1.000000  1.000000
orientation T byte_order littleendian
Reading image: talsrcimg_g11.4dfp.img
dimensions:      256       256       256
mmppix:       1.0000   -1.0000   -1.0000
center:     128.0000 -129.0000 -129.0000
fimgreg.f
image alignment mode   2311 decimal      907 hex
parameters
    0.4226  -13.2961   12.3580  -13.0821  -10.8232  -10.2356
   -6.7131    5.4128    4.7477   11.1226   -3.0010  -15.8945
eta,q 0.98177 11.70115
niter,ni,del,rscale     5    3    5.0000    0.8000
parameters
    0.4572  -13.3236   12.2493  -11.7505  -11.2080   -9.0590
   -6.7223    5.7949    4.7714   11.5226   -2.5151  -15.9501
eta,q 0.98264 11.75770
  0.0203  0.0200  0.0191  0.0207  0.0202  0.0211  0.0193  0.0212  0.0189  0.0203  0.0185  0.0185
  0.0192  0.0190  0.0186  0.0198  0.0189  0.0201  0.0183  0.0193  0.0181  0.0190  0.0179  0.0179
  0.0185  0.0184  0.0183  0.0189  0.0181  0.0190  0.0176  0.0180  0.0176  0.0180  0.0175  0.0175
  0.0182  0.0182  0.0182  0.0182  0.0180  0.0179  0.0174  0.0174  0.0174  0.0174  0.0174  0.0174
  0.0184  0.0185  0.0184  0.0180  0.0186  0.0174  0.0177  0.0176  0.0176  0.0175  0.0174  0.0175
  0.0190  0.0191  0.0188  0.0183  0.0196  0.0178  0.0183  0.0185  0.0181  0.0182  0.0177  0.0179
  0.0201  0.0201  0.0193  0.0191  0.0207  0.0195  0.0193  0.0202  0.0188  0.0197  0.0181  0.0187
niter,ni,del,rscale     4    3    5.0000    0.7000
parameters
    0.2891  -13.3257   12.6963  -11.5289  -11.5838   -8.3932
   -6.5148    5.5629    4.7339   11.5495   -2.6217  -15.8860
eta,q 0.98312 11.77838
  0.0186  0.0188  0.0189  0.0191  0.0191  0.0202  0.0185  0.0194  0.0180  0.0191  0.0177  0.0180
  0.0178  0.0180  0.0181  0.0184  0.0180  0.0192  0.0177  0.0179  0.0174  0.0181  0.0172  0.0174
  0.0174  0.0175  0.0176  0.0176  0.0173  0.0181  0.0171  0.0171  0.0170  0.0173  0.0169  0.0170
  0.0174  0.0173  0.0173  0.0172  0.0172  0.0172  0.0169  0.0169  0.0169  0.0169  0.0169  0.0169
  0.0177  0.0175  0.0172  0.0173  0.0177  0.0168  0.0170  0.0173  0.0170  0.0171  0.0170  0.0170
  0.0184  0.0180  0.0173  0.0179  0.0186  0.0175  0.0175  0.0184  0.0174  0.0179  0.0173  0.0173
  0.0194  0.0188  0.0177  0.0190  0.0197  0.0193  0.0183  0.0200  0.0181  0.0193  0.0177  0.0179
niter,ni,del,rscale     3    3    5.0000    0.6000
parameters
    0.2076  -13.3331   12.9464  -11.4507  -11.8262   -7.9954
   -6.4882    5.5115    4.7970   11.5151   -2.7616  -15.8704
eta,q 0.98330 11.78596
  0.0180  0.0180  0.0180  0.0184  0.0184  0.0195  0.0179  0.0188  0.0176  0.0184  0.0173  0.0175
  0.0173  0.0174  0.0175  0.0177  0.0175  0.0185  0.0172  0.0177  0.0171  0.0176  0.0169  0.0171
  0.0170  0.0170  0.0171  0.0171  0.0169  0.0175  0.0168  0.0169  0.0168  0.0170  0.0167  0.0168
  0.0169  0.0169  0.0169  0.0168  0.0168  0.0168  0.0167  0.0167  0.0167  0.0167  0.0167  0.0167
  0.0171  0.0170  0.0168  0.0170  0.0172  0.0167  0.0168  0.0170  0.0168  0.0169  0.0168  0.0168
  0.0176  0.0174  0.0170  0.0175  0.0179  0.0174  0.0172  0.0177  0.0171  0.0175  0.0170  0.0171
  0.0184  0.0181  0.0173  0.0184  0.0188  0.0189  0.0178  0.0190  0.0176  0.0186  0.0174  0.0175
niter,ni,del,rscale     2    3    5.0000    0.5000
parameters
    0.1760  -13.3518   13.0788  -11.4253  -11.9724   -7.7204
   -6.4956    5.5252    4.8699   11.4907   -2.8703  -15.8748
eta,q 0.98337 11.78898
  0.0176  0.0175  0.0175  0.0179  0.0179  0.0188  0.0174  0.0182  0.0173  0.0179  0.0171  0.0172
  0.0171  0.0171  0.0171  0.0173  0.0172  0.0179  0.0170  0.0174  0.0169  0.0173  0.0168  0.0169
  0.0168  0.0168  0.0168  0.0169  0.0168  0.0172  0.0167  0.0168  0.0167  0.0168  0.0167  0.0167
  0.0167  0.0167  0.0167  0.0167  0.0167  0.0167  0.0166  0.0166  0.0166  0.0166  0.0166  0.0166
  0.0168  0.0168  0.0167  0.0168  0.0169  0.0167  0.0167  0.0168  0.0167  0.0168  0.0167  0.0167
  0.0172  0.0171  0.0169  0.0172  0.0174  0.0172  0.0170  0.0173  0.0169  0.0172  0.0169  0.0169
  0.0177  0.0176  0.0171  0.0179  0.0182  0.0184  0.0174  0.0182  0.0172  0.0180  0.0171  0.0172
niter,ni,del,rscale     1    3    5.0000    0.4000
parameters
    0.1623  -13.3675   13.1639  -11.4250  -12.0694   -7.5204
   -6.5082    5.5542    4.9122   11.4807   -2.9355  -15.8827
eta,q 0.98340 11.79049
  0.0172  0.0172  0.0171  0.0174  0.0175  0.0181  0.0171  0.0177  0.0170  0.0175  0.0169  0.0170
  0.0169  0.0169  0.0169  0.0170  0.0170  0.0174  0.0168  0.0171  0.0168  0.0170  0.0167  0.0168
  0.0167  0.0167  0.0167  0.0167  0.0167  0.0169  0.0167  0.0167  0.0167  0.0167  0.0166  0.0166
  0.0166  0.0166  0.0166  0.0166  0.0166  0.0166  0.0166  0.0166  0.0166  0.0166  0.0166  0.0166
  0.0167  0.0167  0.0166  0.0167  0.0168  0.0166  0.0167  0.0167  0.0166  0.0167  0.0166  0.0166
  0.0169  0.0169  0.0167  0.0170  0.0171  0.0170  0.0168  0.0171  0.0168  0.0170  0.0168  0.0168
  0.0173  0.0172  0.0169  0.0175  0.0176  0.0178  0.0171  0.0176  0.0170  0.0175  0.0169  0.0170
registration optimization eta report
parameter search radius
    0.8000    0.8000    0.8000    2.4000    2.4000    2.4000
    2.4000    2.4000    2.4000    2.4000    2.4000    2.4000
100000*second partial in parameter space
       97.       84.       62.       14.       16.       23.
        9.       18.        7.       15.        6.        7.
  0.0172  0.0172  0.0171  0.0174  0.0175  0.0181  0.0171  0.0177  0.0170  0.0175  0.0169  0.0170
  0.0169  0.0169  0.0169  0.0170  0.0170  0.0174  0.0168  0.0171  0.0168  0.0170  0.0167  0.0168
  0.0167  0.0167  0.0167  0.0167  0.0167  0.0169  0.0167  0.0167  0.0167  0.0167  0.0166  0.0166
  0.0166  0.0166  0.0166  0.0166  0.0166  0.0166  0.0166  0.0166  0.0166  0.0166  0.0166  0.0166
  0.0167  0.0167  0.0166  0.0167  0.0168  0.0166  0.0167  0.0167  0.0166  0.0167  0.0166  0.0166
  0.0169  0.0169  0.0167  0.0170  0.0171  0.0170  0.0168  0.0171  0.0168  0.0170  0.0168  0.0168
  0.0173  0.0172  0.0169  0.0175  0.0176  0.0178  0.0171  0.0176  0.0170  0.0175  0.0169  0.0170
    0.1623  -13.3675   13.1639  -11.4250  -12.0694   -7.5204
   -6.5082    5.5542    4.9122   11.4807   -2.9355  -15.8827
eta,q 0.98340 11.79049

---------------------------------------------------------------------
imgreg_4dfp /opt/freesurfer/average/711-2C_as_mni_average_305 /opt/freesurfer/average/711-2B_as_mni_average_305_mask talsrcimg_g11 none talsrcimg_to_711-2C_as_mni_average_305_t4 2311
---------------------------------------------------------------------

freesurfer imgreg_4dfp.c
/opt/freesurfer/average/711-2C_as_mni_average_305.4dfp.img
       256       256       256         1
  1.000000  1.000000  1.000000
orientation T byte_order littleendian
Reading image: /opt/freesurfer/average/711-2C_as_mni_average_305.4dfp.img
dimensions:      256       256       256
mmppix:       1.0000   -1.0000   -1.0000
center:     128.0000 -129.0000 -129.0000
/opt/freesurfer/average/711-2B_as_mni_average_305_mask.4dfp.img
       256       256       256         1
  1.000000  1.000000  1.000000
orientation T byte_order littleendian
Reading mask: /opt/freesurfer/average/711-2B_as_mni_average_305_mask.4dfp.img (2306576 pixels)
talsrcimg_g11.4dfp.img
       256       256       256         1
  1.000000  1.000000  1.000000
orientation T byte_order littleendian
Reading image: talsrcimg_g11.4dfp.img
dimensions:      256       256       256
mmppix:       1.0000   -1.0000   -1.0000
center:     128.0000 -129.0000 -129.0000
fimgreg.f
image alignment mode   2311 decimal      907 hex
parameters
    0.1623  -13.3675   13.1639  -11.4250  -12.0694   -7.5204
   -6.5082    5.5542    4.9122   11.4807   -2.9355  -15.8827
eta,q 0.98340 11.79048
niter,ni,del,rscale     5    3    5.0000    0.8000
parameters
    0.1725  -13.3548   13.2306  -11.7641  -12.0410   -7.8690
   -6.5246    5.4565    4.9401   11.2747   -3.0081  -15.7847
eta,q 0.98330 11.78207
  0.0191  0.0188  0.0183  0.0188  0.0197  0.0201  0.0186  0.0202  0.0182  0.0193  0.0178  0.0182
  0.0177  0.0176  0.0174  0.0179  0.0181  0.0188  0.0176  0.0183  0.0174  0.0181  0.0171  0.0174
  0.0169  0.0168  0.0168  0.0170  0.0170  0.0174  0.0169  0.0170  0.0169  0.0171  0.0168  0.0169
  0.0166  0.0166  0.0166  0.0166  0.0166  0.0166  0.0167  0.0167  0.0167  0.0167  0.0167  0.0167
  0.0169  0.0169  0.0167  0.0170  0.0170  0.0171  0.0169  0.0172  0.0169  0.0170  0.0169  0.0168
  0.0177  0.0176  0.0172  0.0181  0.0181  0.0191  0.0176  0.0185  0.0174  0.0182  0.0172  0.0173
  0.0190  0.0187  0.0180  0.0199  0.0195  0.0219  0.0187  0.0205  0.0182  0.0201  0.0178  0.0181
niter,ni,del,rscale     4    3    5.0000    0.7000
parameters
    0.2207  -13.3628   13.1390  -11.6446  -11.9434   -7.9018
   -6.5882    5.5425    4.9351   11.3164   -2.9942  -15.7702
eta,q 0.98332 11.78436
  0.0186  0.0183  0.0177  0.0187  0.0192  0.0197  0.0182  0.0197  0.0179  0.0190  0.0176  0.0178
  0.0176  0.0174  0.0171  0.0179  0.0179  0.0186  0.0174  0.0181  0.0172  0.0179  0.0171  0.0172
  0.0169  0.0169  0.0168  0.0171  0.0170  0.0174  0.0168  0.0170  0.0168  0.0171  0.0168  0.0168
  0.0167  0.0167  0.0167  0.0167  0.0167  0.0167  0.0167  0.0167  0.0167  0.0167  0.0167  0.0167
  0.0169  0.0169  0.0169  0.0168  0.0170  0.0168  0.0169  0.0170  0.0168  0.0169  0.0168  0.0168
  0.0174  0.0174  0.0173  0.0175  0.0178  0.0181  0.0174  0.0179  0.0172  0.0177  0.0171  0.0172
  0.0184  0.0183  0.0180  0.0187  0.0189  0.0204  0.0183  0.0194  0.0179  0.0191  0.0175  0.0178
niter,ni,del,rscale     3    3    5.0000    0.6000
parameters
    0.2137  -13.3719   13.1242  -11.5466  -11.9530   -7.7860
   -6.5674    5.5750    4.9297   11.3618   -2.9716  -15.7949
eta,q 0.98335 11.78704
  0.0180  0.0179  0.0175  0.0183  0.0185  0.0193  0.0178  0.0189  0.0175  0.0185  0.0173  0.0175
  0.0173  0.0172  0.0170  0.0176  0.0176  0.0183  0.0172  0.0177  0.0171  0.0176  0.0169  0.0170
  0.0168  0.0168  0.0168  0.0170  0.0169  0.0173  0.0168  0.0169  0.0168  0.0170  0.0167  0.0168
  0.0167  0.0167  0.0167  0.0167  0.0167  0.0167  0.0166  0.0167  0.0167  0.0167  0.0166  0.0166
  0.0168  0.0168  0.0168  0.0168  0.0169  0.0167  0.0168  0.0169  0.0168  0.0168  0.0167  0.0167
  0.0173  0.0172  0.0171  0.0173  0.0176  0.0176  0.0172  0.0176  0.0171  0.0174  0.0170  0.0170
  0.0180  0.0179  0.0176  0.0182  0.0185  0.0194  0.0178  0.0188  0.0176  0.0185  0.0173  0.0175
niter,ni,del,rscale     2    3    5.0000    0.5000
parameters
    0.1951  -13.3802   13.1528  -11.4831  -12.0144   -7.6288
   -6.5483    5.5800    4.9340   11.3999   -2.9749  -15.8249
eta,q 0.98339 11.78918
  0.0176  0.0175  0.0173  0.0179  0.0179  0.0187  0.0174  0.0182  0.0173  0.0179  0.0171  0.0172
  0.0171  0.0170  0.0169  0.0173  0.0172  0.0178  0.0170  0.0173  0.0169  0.0173  0.0168  0.0169
  0.0167  0.0167  0.0167  0.0169  0.0168  0.0171  0.0167  0.0168  0.0167  0.0168  0.0167  0.0167
  0.0167  0.0167  0.0166  0.0166  0.0166  0.0166  0.0166  0.0166  0.0166  0.0166  0.0166  0.0166
  0.0168  0.0168  0.0167  0.0168  0.0168  0.0167  0.0167  0.0168  0.0167  0.0167  0.0167  0.0167
  0.0171  0.0170  0.0169  0.0172  0.0173  0.0173  0.0170  0.0173  0.0169  0.0172  0.0168  0.0169
  0.0176  0.0175  0.0172  0.0178  0.0180  0.0185  0.0174  0.0182  0.0173  0.0180  0.0171  0.0172
niter,ni,del,rscale     1    3    5.0000    0.4000
parameters
    0.1760  -13.3840   13.1950  -11.4506  -12.0765   -7.4792
   -6.5288    5.5878    4.9505   11.4346   -2.9904  -15.8639
eta,q 0.98341 11.79063
  0.0172  0.0172  0.0171  0.0174  0.0175  0.0181  0.0171  0.0177  0.0170  0.0175  0.0169  0.0170
  0.0169  0.0169  0.0168  0.0170  0.0170  0.0174  0.0168  0.0171  0.0168  0.0170  0.0167  0.0168
  0.0167  0.0167  0.0167  0.0167  0.0167  0.0169  0.0167  0.0167  0.0166  0.0167  0.0166  0.0166
  0.0166  0.0166  0.0166  0.0166  0.0166  0.0166  0.0166  0.0166  0.0166  0.0166  0.0166  0.0166
  0.0167  0.0167  0.0166  0.0167  0.0167  0.0167  0.0167  0.0167  0.0166  0.0167  0.0166  0.0166
  0.0169  0.0169  0.0168  0.0170  0.0171  0.0170  0.0168  0.0171  0.0168  0.0170  0.0167  0.0168
  0.0173  0.0172  0.0170  0.0174  0.0176  0.0179  0.0171  0.0177  0.0170  0.0175  0.0169  0.0170
registration optimization eta report
parameter search radius
    0.8000    0.8000    0.8000    2.4000    2.4000    2.4000
    2.4000    2.4000    2.4000    2.4000    2.4000    2.4000
100000*second partial in parameter space
       98.       85.       62.       14.       16.       23.
        9.       18.        7.       15.        6.        7.
  0.0172  0.0172  0.0171  0.0174  0.0175  0.0181  0.0171  0.0177  0.0170  0.0175  0.0169  0.0170
  0.0169  0.0169  0.0168  0.0170  0.0170  0.0174  0.0168  0.0171  0.0168  0.0170  0.0167  0.0168
  0.0167  0.0167  0.0167  0.0167  0.0167  0.0169  0.0167  0.0167  0.0166  0.0167  0.0166  0.0166
  0.0166  0.0166  0.0166  0.0166  0.0166  0.0166  0.0166  0.0166  0.0166  0.0166  0.0166  0.0166
  0.0167  0.0167  0.0166  0.0167  0.0167  0.0167  0.0167  0.0167  0.0166  0.0167  0.0166  0.0166
  0.0169  0.0169  0.0168  0.0170  0.0171  0.0170  0.0168  0.0171  0.0168  0.0170  0.0167  0.0168
  0.0173  0.0172  0.0170  0.0174  0.0176  0.0179  0.0171  0.0177  0.0170  0.0175  0.0169  0.0170
    0.1760  -13.3840   13.1950  -11.4506  -12.0765   -7.4792
   -6.5288    5.5878    4.9505   11.4346   -2.9904  -15.8639
eta,q 0.98341 11.79063

---------------------------------------------------------------------
compute_vox2vox talsrcimg talsrcimg_to_711-2C_as_mni_average_305_t4 /opt/freesurfer/average/711-2C_as_mni_average_305
---------------------------------------------------------------------

freesurfer compute_vox2vox.c
Reading: talsrcimg.4dfp.ifh
Reading: talsrcimg_to_711-2C_as_mni_average_305_t4
Reading: /opt/freesurfer/average/711-2C_as_mni_average_305.4dfp.ifh
Writing: talsrcimg_to_711-2C_as_mni_average_305_t4_vox2vox.txt

start time Mon Mar 9 03:56:51 CET 2026
end		time Mon Mar 9 03:57:05 CET 2026

mpr2mni305 success

avi2talxfm orig_nu.mgz /opt/freesurfer/average/mni305.cor.mgz talsrcimg_to_711-2C_as_mni_average_305_t4_vox2vox.txt transforms/talairach.auto.xfm
avi2talxfm done
mv -f /out/sourcedata/freesurfer/sub-v1s18x0051216_ses-1/mri/talsrcimg_to_711-2C_as_mni_average_305_t4_vox2vox.txt /out/sourcedata/freesurfer/sub-v1s18x0051216_ses-1/mri/transforms/talsrcimg_to_711-2C_as_mni_average_305_t4_vox2vox.txt
lta_convert --src orig_nu.mgz --trg /opt/freesurfer/average/mni305.cor.mgz --inxfm transforms/talairach.auto.xfm --outlta transforms/talairach.auto.xfm.lta --subject fsaverage
7.3.2

--src: orig_nu.mgz src image (geometry).
--trg: /opt/freesurfer/average/mni305.cor.mgz trg image (geometry).
--inmni: transforms/talairach.auto.xfm input MNI/XFM transform.
--outlta: transforms/talairach.auto.xfm.lta output LTA.
--s: fsaverage subject name
 LTA read, type : 1
 1.12284  -0.07642   0.06959  -3.26703;
 0.02490   1.05557   0.19230  -16.67310;
-0.06646  -0.13298   1.10843   19.06110;
 0.00000   0.00000   0.00000   1.00000;
setting subject to fsaverage
Writing  LTA to file transforms/talairach.auto.xfm.lta...
lta_convert successful.
 
 
Started at Mon Mar 9 03:56:51 CET 2026
Ended   at Mon Mar  9 03:57:05 CET 2026
talairach_avi done
