status file for recon-all
Mon Mar  9 05:43:57 CET 2026
#@# MotionCor Mon Mar  9 05:43:59 CET 2026
#@# Talairach Mon Mar  9 05:44:06 CET 2026
#@# Talairach Failure Detection Mon Mar  9 05:48:34 CET 2026
#@# Nu Intensity Correction Mon Mar  9 05:48:34 CET 2026
#@# Intensity Normalization Mon Mar  9 05:51:50 CET 2026
recon-all -s sub-v1s18x0051249_ses-1 finished without error at Mon Mar  9 05:53:15 CET 2026



#New# invocation of recon-all 



status file for recon-all
Mon Mar  9 06:00:43 CET 2026
#@# EM Registration Mon Mar  9 06:00:43 CET 2026
recon-all -s sub-v1s18x0051249_ses-1 finished without error at Mon Mar  9 06:02:24 CET 2026



#New# invocation of recon-all 



status file for recon-all
Mon Mar  9 06:02:28 CET 2026
#@# CA Normalize Mon Mar  9 06:02:28 CET 2026
#@# CA Reg Mon Mar  9 06:03:46 CET 2026
#@# SubCort Seg Mon Mar  9 06:49:44 CET 2026
#@# CC Seg Mon Mar  9 07:17:40 CET 2026
#@# Merge ASeg Mon Mar  9 07:18:19 CET 2026
#@# Intensity Normalization2 Mon Mar  9 07:18:19 CET 2026
#@# Mask BFS Mon Mar  9 07:20:27 CET 2026
#@# WM Segmentation Mon Mar  9 07:20:28 CET 2026
#@# Fill Mon Mar  9 07:22:21 CET 2026
recon-all -s sub-v1s18x0051249_ses-1 finished without error at Mon Mar  9 07:23:22 CET 2026



#New# invocation of recon-all 



status file for recon-all
Mon Mar  9 08:07:08 CET 2026
#@# white curv lh Mon Mar  9 08:07:09 CET 2026
#@# white area lh Mon Mar  9 08:07:09 CET 2026
#@# pial curv lh Mon Mar  9 08:07:09 CET 2026
#@# pial area lh Mon Mar  9 08:07:09 CET 2026
#@# thickness lh Mon Mar  9 08:07:09 CET 2026
#@# area and vertex vol lh Mon Mar  9 08:07:09 CET 2026
#@# white curv rh Mon Mar  9 08:07:09 CET 2026
#@# white area rh Mon Mar  9 08:07:09 CET 2026
#@# pial curv rh Mon Mar  9 08:07:09 CET 2026
#@# pial area rh Mon Mar  9 08:07:09 CET 2026
#@# thickness rh Mon Mar  9 08:07:09 CET 2026
#@# area and vertex vol rh Mon Mar  9 08:07:09 CET 2026
#@# Cortical ribbon mask Mon Mar  9 08:07:09 CET 2026
recon-all -s sub-v1s18x0051249_ses-1 finished without error at Mon Mar  9 08:12:25 CET 2026



#New# invocation of recon-all 



status file for recon-all
Mon Mar  9 08:18:57 CET 2026
#@# white curv lh Mon Mar  9 08:18:57 CET 2026
#@# white area lh Mon Mar  9 08:18:57 CET 2026
#@# pial curv lh Mon Mar  9 08:18:57 CET 2026
#@# pial area lh Mon Mar  9 08:18:57 CET 2026
#@# thickness lh Mon Mar  9 08:18:57 CET 2026
#@# area and vertex vol lh Mon Mar  9 08:18:57 CET 2026
#@# white curv rh Mon Mar  9 08:18:57 CET 2026
#@# white area rh Mon Mar  9 08:18:57 CET 2026
#@# pial curv rh Mon Mar  9 08:18:57 CET 2026
#@# pial area rh Mon Mar  9 08:18:57 CET 2026
#@# thickness rh Mon Mar  9 08:18:57 CET 2026
#@# area and vertex vol rh Mon Mar  9 08:18:57 CET 2026
#@# Curvature Stats lh Mon Mar  9 08:18:57 CET 2026
#@# Curvature Stats rh Mon Mar  9 08:19:00 CET 2026
#@# Relabel Hypointensities Mon Mar  9 08:19:02 CET 2026
#@# APas-to-ASeg Mon Mar  9 08:19:18 CET 2026
#@# AParc-to-ASeg aparc Mon Mar  9 08:19:26 CET 2026
#@# AParc-to-ASeg aparc.a2009s Mon Mar  9 08:20:21 CET 2026
#@# AParc-to-ASeg aparc.DKTatlas Mon Mar  9 08:21:13 CET 2026
#@# WMParc Mon Mar  9 08:22:08 CET 2026
#@# ASeg Stats Mon Mar  9 08:25:45 CET 2026
recon-all -s sub-v1s18x0051249_ses-1 finished without error at Mon Mar  9 08:26:27 CET 2026
