status file for recon-all
Mon Mar  9 07:35:58 CET 2026
#@# Tessellate rh Mon Mar  9 07:35:58 CET 2026
#@# Smooth1 rh Mon Mar  9 07:36:00 CET 2026
#@# Inflation1 rh Mon Mar  9 07:36:02 CET 2026
#@# QSphere rh Mon Mar  9 07:36:10 CET 2026
#@# Fix Topology rh Mon Mar  9 07:37:00 CET 2026
#@# Smooth2 rh Mon Mar  9 07:41:06 CET 2026
#@# Inflation2 rh Mon Mar  9 07:41:08 CET 2026
#@# Curv .H and .K rh Mon Mar  9 07:41:17 CET 2026
#@# Sphere rh Mon Mar  9 07:41:56 CET 2026
#@# Surf Reg rh Mon Mar  9 07:43:21 CET 2026
#@# Jacobian white rh Mon Mar  9 07:46:07 CET 2026
#@# AvgCurv rh Mon Mar  9 07:46:07 CET 2026
#@# Cortical Parc rh Mon Mar  9 07:46:08 CET 2026
#@# white curv rh Mon Mar  9 07:51:20 CET 2026
#@# white area rh Mon Mar  9 07:51:21 CET 2026
#@# pial curv rh Mon Mar  9 07:51:21 CET 2026
#@# pial area rh Mon Mar  9 07:51:23 CET 2026
#@# thickness rh Mon Mar  9 07:51:23 CET 2026
#@# area and vertex vol rh Mon Mar  9 07:51:43 CET 2026
#@# Curvature Stats rh Mon Mar  9 07:51:44 CET 2026
#@# Cortical Parc 2 rh Mon Mar  9 07:51:46 CET 2026
#@# Cortical Parc 3 rh Mon Mar  9 07:51:55 CET 2026
#@# WM/GM Contrast rh Mon Mar  9 07:52:03 CET 2026
recon-all -s sub-v1s18x0051253_ses-1 finished without error at Mon Mar  9 07:52:05 CET 2026



#New# invocation of recon-all 



status file for recon-all
Mon Mar  9 07:57:59 CET 2026
#@# white curv rh Mon Mar  9 07:57:59 CET 2026
#@# white area rh Mon Mar  9 07:57:59 CET 2026
#@# pial curv rh Mon Mar  9 07:57:59 CET 2026
#@# pial area rh Mon Mar  9 07:57:59 CET 2026
#@# thickness rh Mon Mar  9 07:57:59 CET 2026
#@# area and vertex vol rh Mon Mar  9 07:57:59 CET 2026
#@# Parcellation Stats rh Mon Mar  9 07:57:59 CET 2026
#@# Parcellation Stats 2 rh Mon Mar  9 07:58:15 CET 2026
#@# Parcellation Stats 3 rh Mon Mar  9 07:58:23 CET 2026
#@# BA_exvivo Labels rh Mon Mar  9 07:58:31 CET 2026
recon-all -s sub-v1s18x0051253_ses-1 finished without error at Mon Mar  9 08:00:27 CET 2026
