/out/sourcedata/freesurfer/sub-v1s18x0051277_ses-1/mri
/opt/freesurfer/bin/talairach_avi
--i orig_nu.mgz --xfm transforms/talairach.auto.xfm
talairach_avi 7.3.2
Linux dna018 5.14.0-427.37.1.el9_4.x86_64 #1 SMP PREEMPT_DYNAMIC Fri Sep 13 12:41:50 EDT 2024 x86_64 x86_64 x86_64 GNU/Linux
Mon Mar  9 07:18:25 CET 2026
mri_convert orig_nu.mgz talsrcimg.img 
reading from orig_nu.mgz...
TR=0.00, TE=0.00, TI=0.00, flip angle=0.00
i_ras = (-1, 0, -3.72529e-09)
j_ras = (0, 0, -1)
k_ras = (0, 1, 0)
writing to talsrcimg.img...
Analyze Output Matrix
-1.00000   0.00000   0.00000   127.74329;
 0.00000   0.00000   1.00000  -124.97867;
-0.00000  -1.00000   0.00000   131.83928;
 0.00000   0.00000   0.00000   1.00000;
--------------------
INFO: set hdr.hist.orient to -1
mpr2mni305 talsrcimg
Mon Mar  9 07:18:26 CET 2026
/opt/freesurfer/bin/mpr2mni305 talsrcimg
mpr2mni305 7.3.2
target=711-2C_as_mni_average_305

---------------------------------------------------------------------
analyzeto4dfp talsrcimg -O0 -y
---------------------------------------------------------------------

freesurfer ifh2hdr.c
Mon Mar  9 07:18:26 2026
Writing: talsrcimg.4dfp.hdr
freesurfer analyzeto4dfp.c
Reading: talsrcimg.hdr
header size 348 bytes
hdr.dime.datatype	offset=70	value=2
hdr.dime.bitpix		offset=72	value=8
hdr.hist.orient		offset=252	value=-1
dimensionality     4
dimensions       256       256       256         1
Reading: talsrcimg.img
Writing: talsrcimg.4dfp.img
Writing: talsrcimg.4dfp.ifh
ifh2hdr talsrcimg -r0to226
ori=2

---------------------------------------------------------------------
gauss_4dfp talsrcimg 1.1
---------------------------------------------------------------------

freesurfer gauss_4dfp.c
Reading: talsrcimg.4dfp.img
Writing: talsrcimg_g11.4dfp.img
image dimensions 256 256 256 padded to 288 288 288
processing volume 1freesurfer ifh2hdr.c
Mon Mar  9 07:18:28 2026
Writing: talsrcimg_g11.4dfp.hdr

Writing: talsrcimg_g11.4dfp.ifh
including: talsrcimg.4dfp.img.rec in talsrcimg_g11.4dfp.img.rec

---------------------------------------------------------------------
imgreg_4dfp /opt/freesurfer/average/711-2C_as_mni_average_305 none talsrcimg_g11 none talsrcimg_to_711-2C_as_mni_average_305_t4 4355
---------------------------------------------------------------------

freesurfer imgreg_4dfp.c
/opt/freesurfer/average/711-2C_as_mni_average_305.4dfp.img
       256       256       256         1
  1.000000  1.000000  1.000000
orientation T byte_order littleendian
Reading image: /opt/freesurfer/average/711-2C_as_mni_average_305.4dfp.img
dimensions:      256       256       256
mmppix:       1.0000   -1.0000   -1.0000
center:     128.0000 -129.0000 -129.0000
talsrcimg_g11.4dfp.img
       256       256       256         1
  1.000000  1.000000  1.000000
orientation T byte_order littleendian
Reading image: talsrcimg_g11.4dfp.img
dimensions:      256       256       256
mmppix:       1.0000   -1.0000   -1.0000
center:     128.0000 -129.0000 -129.0000
t4_read: open error in t4_sub.f l:  41 t4_file(1:l)talsrcimg_to_711-2C_as_mni_average_305_t4 
t4_read: transform initialized to I4
rotation matrix determinant  1.000000
image alignment mode   4355 decimal     1103 hex
   -7.5000  -45.0000  -45.0000 7845.5078   19.8459
    0.0000  -45.0000  -45.0000 8143.6030   19.8932
    7.5000  -45.0000  -45.0000 7828.4380   19.8938
   -7.5000  -37.5000  -45.0000 8307.7021   19.7832
    0.0000  -37.5000  -45.0000 8626.2061   19.8275
    7.5000  -37.5000  -45.0000 8264.8096   19.8279
   -7.5000  -30.0000  -45.0000 9046.6006   19.7725
    0.0000  -30.0000  -45.0000 9406.4541   19.8111
    7.5000  -30.0000  -45.0000 8992.6602   19.8150
   -7.5000  -22.5000  -45.0000 9695.9414   19.7562
    0.0000  -22.5000  -45.000010107.6143   19.7867
    7.5000  -22.5000  -45.0000 9676.1963   19.7901
   -7.5000  -15.0000  -45.000010306.0195   19.7313
    0.0000  -15.0000  -45.000010750.2754   19.7595
    7.5000  -15.0000  -45.000010321.4834   19.7612
   -7.5000   -7.5000  -45.000010870.6836   19.7223
    0.0000   -7.5000  -45.000011330.7930   19.7611
    7.5000   -7.5000  -45.000010870.3896   19.7632
   -7.5000    0.0000  -45.000011381.3262   19.7389
    0.0000    0.0000  -45.000011875.6338   19.7855
    7.5000    0.0000  -45.000011300.8467   19.7860
   -7.5000    7.5000  -45.000010946.6143   19.7642
    0.0000    7.5000  -45.000011407.0371   19.8084
    7.5000    7.5000  -45.000010867.1836   19.8088
   -7.5000   15.0000  -45.000010251.5518   19.7725
    0.0000   15.0000  -45.000010670.4424   19.8111
    7.5000   15.0000  -45.000010190.9600   19.8150
   -7.5000   22.5000  -45.0000 9474.1904   19.7535
    0.0000   22.5000  -45.0000 9863.7334   19.7840
    7.5000   22.5000  -45.0000 9434.5693   19.7874
   -7.5000   30.0000  -45.0000 8714.1523   19.4684
    0.0000   30.0000  -45.0000 9051.7627   19.4962
    7.5000   30.0000  -45.0000 8682.6221   19.4979
   -7.5000   37.5000  -45.0000 8282.6562   19.4618
    0.0000   37.5000  -45.0000 8605.9189   19.5000
    7.5000   37.5000  -45.0000 8232.8682   19.5021
   -7.5000   45.0000  -45.0000 7561.5981   19.0183
    0.0000   45.0000  -45.0000 7826.3027   19.0632
    7.5000   45.0000  -45.0000 7477.7026   19.0636
   -7.5000  -45.0000  -37.5000 8394.0293   19.5080
    0.0000  -45.0000  -37.5000 8724.5342   19.5689
    7.5000  -45.0000  -37.5000 8355.4336   19.5722
   -7.5000  -37.5000  -37.5000 8845.7783   19.4438
    0.0000  -37.5000  -37.5000 9210.1943   19.5015
    7.5000  -37.5000  -37.5000 8831.8311   19.5064
   -7.5000  -30.0000  -37.5000 9599.0908   19.4327
    0.0000  -30.0000  -37.500010015.6367   19.4808
    7.5000  -30.0000  -37.5000 9590.2119   19.4907
   -7.5000  -22.5000  -37.500010289.1436   19.4185
    0.0000  -22.5000  -37.500010750.7266   19.4551
    7.5000  -22.5000  -37.500010267.9297   19.4649
   -7.5000  -15.0000  -37.500010946.7959   19.3967
    0.0000  -15.0000  -37.500011451.1104   19.4316
    7.5000  -15.0000  -37.500010941.5195   19.4389
   -7.5000   -7.5000  -37.500011539.9668   19.3885
    0.0000   -7.5000  -37.500012070.2695   19.4375
    7.5000   -7.5000  -37.500011512.4160   19.4433
   -7.5000    0.0000  -37.500012008.0664   19.4032
    0.0000    0.0000  -37.500012555.0791   19.4633
    7.5000    0.0000  -37.500011945.4473   19.4665
   -7.5000    7.5000  -37.500011547.0117   19.4255
    0.0000    7.5000  -37.500012072.0039   19.4830
    7.5000    7.5000  -37.500011523.8164   19.4878
   -7.5000   15.0000  -37.500010869.5615   19.4327
    0.0000   15.0000  -37.500011358.0605   19.4808
    7.5000   15.0000  -37.500010819.6494   19.4906
   -7.5000   22.5000  -37.500010053.2217   19.4158
    0.0000   22.5000  -37.500010486.8652   19.4524
    7.5000   22.5000  -37.5000 9981.2422   19.4622
   -7.5000   30.0000  -37.5000 9196.1182   19.1382
    0.0000   30.0000  -37.5000 9586.5146   19.1726
    7.5000   30.0000  -37.5000 9131.9590   19.1799
   -7.5000   37.5000  -37.5000 8698.4121   19.1326
    0.0000   37.5000  -37.5000 9073.6064   19.1808
    7.5000   37.5000  -37.5000 8651.2930   19.1865
   -7.5000   45.0000  -37.5000 7900.2964   18.6939
    0.0000   45.0000  -37.5000 8216.1562   18.7518
    7.5000   45.0000  -37.5000 7840.4404   18.7548
   -7.5000  -45.0000  -30.0000 9088.8828   20.1631
    0.0000  -45.0000  -30.0000 9478.2666   20.2442
    7.5000  -45.0000  -30.0000 9077.5098   20.2592
   -7.5000  -37.5000  -30.0000 9607.2100   20.0935
    0.0000  -37.5000  -30.000010016.5820   20.1727
    7.5000  -37.5000  -30.0000 9584.8652   20.1894
   -7.5000  -30.0000  -30.000010399.9492   20.0759
    0.0000  -30.0000  -30.000010847.3125   20.1476
    7.5000  -30.0000  -30.000010382.4453   20.1688
   -7.5000  -22.5000  -30.000011122.5371   20.0583
    0.0000  -22.5000  -30.000011639.2979   20.1199
    7.5000  -22.5000  -30.000011113.7100   20.1410
   -7.5000  -15.0000  -30.000011821.0166   20.0386
    0.0000  -15.0000  -30.000012401.6787   20.0979
    7.5000  -15.0000  -30.000011840.8164   20.1168
   -7.5000   -7.5000  -30.000012435.5029   20.0370
    0.0000   -7.5000  -30.000013037.6631   20.1076
    7.5000   -7.5000  -30.000012451.4453   20.1248
   -7.5000    0.0000  -30.000012888.9854   20.0556
    0.0000    0.0000  -30.000013508.0029   20.1357
    7.5000    0.0000  -30.000012895.3691   20.1505
   -7.5000    7.5000  -30.000012432.5576   20.0747
    0.0000    7.5000  -30.000013043.5146   20.1537
    7.5000    7.5000  -30.000012438.9717   20.1703
   -7.5000   15.0000  -30.000011706.8203   20.0759
    0.0000   15.0000  -30.000012310.2725   20.1476
    7.5000   15.0000  -30.000011694.5625   20.1688
   -7.5000   22.5000  -30.000010809.1846   20.0535
    0.0000   22.5000  -30.000011339.5664   20.1151
    7.5000   22.5000  -30.000010766.6924   20.1361
   -7.5000   30.0000  -30.0000 9832.8262   19.7735
    0.0000   30.0000  -30.000010318.2148   19.8320
    7.5000   30.0000  -30.0000 9814.8682   19.8506
   -7.5000   37.5000  -30.0000 9300.8076   19.7745
    0.0000   37.5000  -30.0000 9758.0645   19.8441
    7.5000   37.5000  -30.0000 9297.1328   19.8610
   -7.5000   45.0000  -30.0000 8426.9648   19.3362
    0.0000   45.0000  -30.0000 8800.8008   19.4136
    7.5000   45.0000  -30.0000 8393.8096   19.4277
   -7.5000  -45.0000  -22.5000 9823.7451   20.8258
    0.0000  -45.0000  -22.500010271.3350   20.9132
    7.5000  -45.0000  -22.5000 9850.9434   20.9389
   -7.5000  -37.5000  -22.500010364.1768   20.7537
    0.0000  -37.5000  -22.500010848.0820   20.8423
    7.5000  -37.5000  -22.500010387.6055   20.8685
   -7.5000  -30.0000  -22.500011187.3096   20.7289
    0.0000  -30.0000  -22.500011709.0195   20.8171
    7.5000  -30.0000  -22.500011221.3301   20.8454
   -7.5000  -22.5000  -22.500011965.7900   20.7043
    0.0000  -22.5000  -22.500012579.1357   20.7861
    7.5000  -22.5000  -22.500012014.4004   20.8130
   -7.5000  -15.0000  -22.500012709.4727   20.6830
    0.0000  -15.0000  -22.500013357.6172   20.7598
    7.5000  -15.0000  -22.500012767.3369   20.7846
   -7.5000   -7.5000  -22.500013384.7295   20.6884
    0.0000   -7.5000  -22.500014074.0371   20.7693
    7.5000   -7.5000  -22.500013442.7354   20.7948
   -7.5000    0.0000  -22.500013830.2490   20.7150
    0.0000    0.0000  -22.500014571.3320   20.8012
    7.5000    0.0000  -22.500013903.8389   20.8265
   -7.5000    7.5000  -22.500013338.7197   20.7343
    0.0000    7.5000  -22.500014072.9453   20.8226
    7.5000    7.5000  -22.500013387.2480   20.8487
   -7.5000   15.0000  -22.500012533.3076   20.7289
    0.0000   15.0000  -22.500013267.0566   20.8171
    7.5000   15.0000  -22.500012618.7334   20.8454
   -7.5000   22.5000  -22.500011551.8984   20.6979
    0.0000   22.5000  -22.500012211.6299   20.7797
    7.5000   22.5000  -22.500011603.6777   20.8066
   -7.5000   30.0000  -22.500010508.8945   20.4125
    0.0000   30.0000  -22.500011085.0391   20.4882
    7.5000   30.0000  -22.500010535.1113   20.5127
   -7.5000   37.5000  -22.5000 9925.8369   20.4205
    0.0000   37.5000  -22.500010445.3115   20.5002
    7.5000   37.5000  -22.5000 9937.4092   20.5254
   -7.5000   45.0000  -22.5000 9007.1221   19.9874
    0.0000   45.0000  -22.5000 9419.4795   20.0707
    7.5000   45.0000  -22.5000 8985.6387   20.0949
   -7.5000  -45.0000  -15.000010540.4277   21.3552
    0.0000  -45.0000  -15.000011036.7119   21.4340
    7.5000  -45.0000  -15.000010569.5762   21.4604
   -7.5000  -37.5000  -15.000011102.1250   21.2840
    0.0000  -37.5000  -15.000011672.4121   21.3663
    7.5000  -37.5000  -15.000011178.9502   21.3914
   -7.5000  -30.0000  -15.000011966.7656   21.2589
    0.0000  -30.0000  -15.000012588.1016   21.3458
    7.5000  -30.0000  -15.000012068.1162   21.3718
   -7.5000  -22.5000  -15.000012791.3506   21.2312
    0.0000  -22.5000  -15.000013490.3887   21.3143
    7.5000  -22.5000  -15.000012925.0908   21.3386
   -7.5000  -15.0000  -15.000013590.6611   21.2066
    0.0000  -15.0000  -15.000014344.4434   21.2824
    7.5000  -15.0000  -15.000013744.3633   21.3050
   -7.5000   -7.5000  -15.000014293.9062   21.2118
    0.0000   -7.5000  -15.000015132.5713   21.2870
    7.5000   -7.5000  -15.000014493.0850   21.3121
   -7.5000    0.0000  -15.000014741.1875   21.2414
    0.0000    0.0000  -15.000015620.4414   21.3192
    7.5000    0.0000  -15.000014962.8193   21.3451
   -7.5000    7.5000  -15.000014175.2812   21.2640
    0.0000    7.5000  -15.000015052.7539   21.3462
    7.5000    7.5000  -15.000014351.9062   21.3711
   -7.5000   15.0000  -15.000013344.8037   21.2589
    0.0000   15.0000  -15.000014219.5322   21.3458
    7.5000   15.0000  -15.000013517.3662   21.3717
   -7.5000   22.5000  -15.000012311.4980   21.2237
    0.0000   22.5000  -15.000013097.2607   21.3068
    7.5000   22.5000  -15.000012444.1758   21.3311
   -7.5000   30.0000  -15.000011201.0088   20.9321
    0.0000   30.0000  -15.000011865.4326   21.0070
    7.5000   30.0000  -15.000011286.7188   21.0293
   -7.5000   37.5000  -15.000010554.0205   20.9399
    0.0000   37.5000  -15.000011117.5479   21.0141
    7.5000   37.5000  -15.000010619.5420   21.0388
   -7.5000   45.0000  -15.0000 9568.9521   20.5081
    0.0000   45.0000  -15.000010051.3574   20.5832
    7.5000   45.0000  -15.0000 9598.6309   20.6081
   -7.5000  -45.0000   -7.500011271.9941   21.6317
    0.0000  -45.0000   -7.500011867.7607   21.6958
    7.5000  -45.0000   -7.500011389.9766   21.7104
   -7.5000  -37.5000   -7.500011881.7471   21.5612
    0.0000  -37.5000   -7.500012552.9141   21.6260
    7.5000  -37.5000   -7.500012035.1641   21.6393
   -7.5000  -30.0000   -7.500012832.7520   21.5399
    0.0000  -30.0000   -7.500013553.5439   21.6057
    7.5000  -30.0000   -7.500013016.9189   21.6211
   -7.5000  -22.5000   -7.500013694.8135   21.5143
    0.0000  -22.5000   -7.500014470.9717   21.5753
    7.5000  -22.5000   -7.500013944.1211   21.5896
   -7.5000  -15.0000   -7.500014511.1680   21.4891
    0.0000  -15.0000   -7.500015356.6621   21.5444
    7.5000  -15.0000   -7.500014830.8984   21.5570
   -7.5000   -7.5000   -7.500015246.5273   21.4898
    0.0000   -7.5000   -7.500016215.2744   21.5487
    7.5000   -7.5000   -7.500015665.5918   21.5633
   -7.5000    0.0000   -7.500015774.4736   21.5163
    0.0000    0.0000   -7.500016741.6113   21.5795
    7.5000    0.0000   -7.500016160.1309   21.5938
   -7.5000    7.5000   -7.500015140.7773   21.5410
    0.0000    7.5000   -7.500016074.7822   21.6056
    7.5000    7.5000   -7.500015453.8770   21.6189
   -7.5000   15.0000   -7.500014276.2559   21.5399
    0.0000   15.0000   -7.500015196.0332   21.6057
    7.5000   15.0000   -7.500014559.2520   21.6210
   -7.5000   22.5000   -7.500013172.8721   21.5044
    0.0000   22.5000   -7.500014015.6445   21.5654
    7.5000   22.5000   -7.500013408.3477   21.5796
   -7.5000   30.0000   -7.500011968.0928   21.2104
    0.0000   30.0000   -7.500012728.0449   21.2650
    7.5000   30.0000   -7.500012177.7354   21.2774
   -7.5000   37.5000   -7.500011225.7666   21.2137
    0.0000   37.5000   -7.500011904.2461   21.2717
    7.5000   37.5000   -7.500011428.0088   21.2861
   -7.5000   45.0000   -7.500010149.0527   20.7774
    0.0000   45.0000   -7.500010713.0869   20.8384
    7.5000   45.0000   -7.500010245.6260   20.8522
   -7.5000  -45.0000    0.000011985.9463   21.6720
    0.0000  -45.0000    0.000012619.3896   21.7291
    7.5000  -45.0000    0.000012136.9473   21.7308
   -7.5000  -37.5000    0.000012669.4062   21.6004
    0.0000  -37.5000    0.000013382.7061   21.6545
    7.5000  -37.5000    0.000012875.2930   21.6567
   -7.5000  -30.0000    0.000013672.0596   21.5820
    0.0000  -30.0000    0.000014447.9551   21.6298
    7.5000  -30.0000    0.000013930.4014   21.6362
   -7.5000  -22.5000    0.000014533.0254   21.5610
    0.0000  -22.5000    0.000015348.0801   21.5996
    7.5000  -22.5000    0.000014904.6250   21.6054
   -7.5000  -15.0000    0.000015351.1406   21.5378
    0.0000  -15.0000    0.000016251.3145   21.5735
    7.5000  -15.0000    0.000015854.3584   21.5768
   -7.5000   -7.5000    0.000016163.2031   21.5351
    0.0000   -7.5000    0.000017199.8887   21.5823
    7.5000   -7.5000    0.000016775.3047   21.5855
   -7.5000    0.0000    0.000016739.1426   21.5565
    0.0000    0.0000    0.000017813.6250   21.6127
    7.5000    0.0000    0.000017326.5957   21.6143
   -7.5000    7.5000    0.000016018.5693   21.5801
    0.0000    7.5000    0.000017032.8203   21.6341
    7.5000    7.5000    0.000016517.2520   21.6363
   -7.5000   15.0000    0.000015158.1787   21.5820
    0.0000   15.0000    0.000016117.9102   21.6298
    7.5000   15.0000    0.000015566.7939   21.6362
   -7.5000   22.5000    0.000013967.2324   21.5511
    0.0000   22.5000    0.000014870.7529   21.5896
    7.5000   22.5000    0.000014350.1865   21.5954
   -7.5000   30.0000    0.000012707.7920   21.2591
    0.0000   30.0000    0.000013535.2617   21.2943
    7.5000   30.0000    0.000013031.8252   21.2976
   -7.5000   37.5000    0.000011888.2480   21.2589
    0.0000   37.5000    0.000012658.9570   21.3054
    7.5000   37.5000    0.000012188.8857   21.3086
   -7.5000   45.0000    0.000010701.2939   20.8175
    0.0000   45.0000    0.000011346.2900   20.8717
    7.5000   45.0000    0.000010888.5117   20.8733
   -7.5000  -45.0000    7.500011788.1875   21.6350
    0.0000  -45.0000    7.500012432.2549   21.7049
    7.5000  -45.0000    7.500011963.1768   21.7078
   -7.5000  -37.5000    7.500012492.6201   21.5625
    0.0000  -37.5000    7.500013166.3184   21.6288
    7.5000  -37.5000    7.500012691.9736   21.6338
   -7.5000  -30.0000    7.500013516.8857   21.5451
    0.0000  -30.0000    7.500014309.9082   21.6008
    7.5000  -30.0000    7.500013845.3037   21.6114
   -7.5000  -22.5000    7.500014339.0820   21.5257
    0.0000  -22.5000    7.500015164.5898   21.5689
    7.5000  -22.5000    7.500014891.3828   21.5795
   -7.5000  -15.0000    7.500015100.7266   21.5033
    0.0000  -15.0000    7.500015946.2842   21.5447
    7.5000  -15.0000    7.500015779.5801   21.5523
   -7.5000   -7.5000    7.500015922.7109   21.4998
    0.0000   -7.5000    7.500016912.9844   21.5568
    7.5000   -7.5000    7.500016666.7480   21.5624
   -7.5000    0.0000    7.500016446.7129   21.5197
    0.0000    0.0000    7.500017528.1621   21.5888
    7.5000    0.0000    7.500017238.7832   21.5915
   -7.5000    7.5000    7.500015678.9814   21.5424
    0.0000    7.5000    7.500016708.7559   21.6085
    7.5000    7.5000    7.500016369.1855   21.6134
   -7.5000   15.0000    7.500014804.9824   21.5451
    0.0000   15.0000    7.500015817.7119   21.6008
    7.5000   15.0000    7.500015426.6602   21.6114
   -7.5000   22.5000    7.500013677.9297   21.5158
    0.0000   22.5000    7.500014628.8281   21.5590
    7.5000   22.5000    7.500014250.1992   21.5695
   -7.5000   30.0000    7.500012496.7227   21.2250
    0.0000   30.0000    7.500013375.9697   21.2658
    7.5000   30.0000    7.500012970.5098   21.2734
   -7.5000   37.5000    7.500011748.5977   21.2242
    0.0000   37.5000    7.500012525.6504   21.2804
    7.5000   37.5000    7.500012109.9561   21.2858
   -7.5000   45.0000    7.500010546.5215   20.7815
    0.0000   45.0000    7.500011214.4688   20.8483
    7.5000   45.0000    7.500010750.3193   20.8508
   -7.5000  -45.0000   15.000011383.5303   21.6028
    0.0000  -45.0000   15.000011993.4492   21.6909
    7.5000  -45.0000   15.000011522.0439   21.7061
   -7.5000  -37.5000   15.000012105.3154   21.5284
    0.0000  -37.5000   15.000012760.0771   21.6144
    7.5000  -37.5000   15.000012266.3604   21.6317
   -7.5000  -30.0000   15.000013185.0547   21.5074
    0.0000  -30.0000   15.000014026.9609   21.5851
    7.5000  -30.0000   15.000013553.4590   21.6073
   -7.5000  -22.5000   15.000014086.5801   21.4861
    0.0000  -22.5000   15.000014934.8066   21.5528
    7.5000  -22.5000   15.000014714.7773   21.5745
   -7.5000  -15.0000   15.000014760.4688   21.4645
    0.0000  -15.0000   15.000015559.4746   21.5287
    7.5000  -15.0000   15.000015398.0625   21.5479
   -7.5000   -7.5000   15.000015449.3457   21.4654
    0.0000   -7.5000   15.000016377.1045   21.5419
    7.5000   -7.5000   15.000016152.8564   21.5592
   -7.5000    0.0000   15.000015910.4736   21.4879
    0.0000    0.0000   15.000016956.3555   21.5749
    7.5000    0.0000   15.000016690.7070   21.5898
   -7.5000    7.5000   15.000015162.3525   21.5083
    0.0000    7.5000   15.000016185.2402   21.5940
    7.5000    7.5000   15.000015838.1768   21.6112
   -7.5000   15.0000   15.000014325.3584   21.5073
    0.0000   15.0000   15.000015362.3750   21.5851
    7.5000   15.0000   15.000014928.5488   21.6072
   -7.5000   22.5000   15.000013261.7471   21.4762
    0.0000   22.5000   15.000014220.4795   21.5429
    7.5000   22.5000   15.000013792.4531   21.5646
   -7.5000   30.0000   15.000012101.4297   21.1867
    0.0000   30.0000   15.000012983.3809   21.2501
    7.5000   30.0000   15.000012542.8662   21.2690
   -7.5000   37.5000   15.000011434.3174   21.1903
    0.0000   37.5000   15.000012218.7939   21.2659
    7.5000   37.5000   15.000011754.7402   21.2828
   -7.5000   45.0000   15.000010293.4990   20.7506
    0.0000   45.0000   15.000010938.6201   20.8348
    7.5000   45.0000   15.000010504.4326   20.8491
   -7.5000  -45.0000   22.500010908.1377   21.6260
    0.0000  -45.0000   22.500011466.7988   21.7171
    7.5000  -45.0000   22.500011038.1846   21.7428
   -7.5000  -37.5000   22.500011565.8770   21.5507
    0.0000  -37.5000   22.500012193.5254   21.6432
    7.5000  -37.5000   22.500011733.4668   21.6694
   -7.5000  -30.0000   22.500012608.8906   21.5247
    0.0000  -30.0000   22.500013431.0381   21.6169
    7.5000  -30.0000   22.500012929.7217   21.6453
   -7.5000  -22.5000   22.500013649.4629   21.4992
    0.0000  -22.5000   22.500014482.4102   21.5846
    7.5000  -22.5000   22.500013932.7305   21.6116
   -7.5000  -15.0000   22.500014506.3154   21.4774
    0.0000  -15.0000   22.500015216.1211   21.5574
    7.5000  -15.0000   22.500014718.1230   21.5823
   -7.5000   -7.5000   22.500015172.8340   21.4833
    0.0000   -7.5000   22.500015942.9551   21.5675
    7.5000   -7.5000   22.500015463.8428   21.5931
   -7.5000    0.0000   22.500015589.5664   21.5108
    0.0000    0.0000   22.500016443.8496   21.6008
    7.5000    0.0000   22.500015963.8174   21.6260
   -7.5000    7.5000   22.500014773.2236   21.5305
    0.0000    7.5000   22.500015627.8516   21.6228
    7.5000    7.5000   22.500015108.3096   21.6489
   -7.5000   15.0000   22.500013887.4688   21.5247
    0.0000   15.0000   22.500014734.3867   21.6168
    7.5000   15.0000   22.500014212.9277   21.6452
   -7.5000   22.5000   22.500012836.0371   21.4893
    0.0000   22.5000   22.500013647.6025   21.5747
    7.5000   22.5000   22.500013169.8330   21.6017
   -7.5000   30.0000   22.500011666.1982   21.1994
    0.0000   30.0000   22.500012424.6016   21.2784
    7.5000   30.0000   22.500011988.5195   21.3030
   -7.5000   37.5000   22.500011029.7588   21.2080
    0.0000   37.5000   22.500011704.9277   21.2912
    7.5000   37.5000   22.500011248.0312   21.3164
   -7.5000   45.0000   22.5000 9900.0156   20.7733
    0.0000   45.0000   22.500010467.9648   20.8602
    7.5000   45.0000   22.500010027.4854   20.8844
   -7.5000  -45.0000   30.000010265.1377   21.7266
    0.0000  -45.0000   30.000010781.0068   21.8071
    7.5000  -45.0000   30.000010374.4912   21.8337
   -7.5000  -37.5000   30.000010887.6611   21.6536
    0.0000  -37.5000   30.000011441.9326   21.7378
    7.5000  -37.5000   30.000011038.3613   21.7630
   -7.5000  -30.0000   30.000011901.7373   21.6278
    0.0000  -30.0000   30.000012555.5166   21.7165
    7.5000  -30.0000   30.000012081.5117   21.7426
   -7.5000  -22.5000   30.000013015.9180   21.5994
    0.0000  -22.5000   30.000013585.6338   21.6843
    7.5000  -22.5000   30.000012922.7979   21.7086
   -7.5000  -15.0000   30.000014004.4346   21.5744
    0.0000  -15.0000   30.000014480.4619   21.6520
    7.5000  -15.0000   30.000013762.3164   21.6745
   -7.5000   -7.5000   30.000014807.6260   21.5800
    0.0000   -7.5000   30.000015385.8057   21.6569
    7.5000   -7.5000   30.000014635.1943   21.6821
   -7.5000    0.0000   30.000015173.1025   21.6103
    0.0000    0.0000   30.000015850.6748   21.6898
    7.5000    0.0000   30.000015141.7832   21.7159
   -7.5000    7.5000   30.000014196.0742   21.6333
    0.0000    7.5000   30.000014891.8809   21.7172
    7.5000    7.5000   30.000014269.9717   21.7423
   -7.5000   15.0000   30.000013194.8438   21.6278
    0.0000   15.0000   30.000013898.2061   21.7165
    7.5000   15.0000   30.000013342.0498   21.7426
   -7.5000   22.5000   30.000012141.9424   21.5894
    0.0000   22.5000   30.000012836.2139   21.6743
    7.5000   22.5000   30.000012347.3311   21.6986
   -7.5000   30.0000   30.000011041.4102   21.2952
    0.0000   30.0000   30.000011690.5127   21.3717
    7.5000   30.0000   30.000011241.3057   21.3940
   -7.5000   37.5000   30.000010441.0264   21.3035
    0.0000   37.5000   30.000011028.4248   21.3793
    7.5000   37.5000   30.000010567.8340   21.4041
   -7.5000   45.0000   30.0000 9408.2783   20.8700
    0.0000   45.0000   30.0000 9917.6904   20.9467
    7.5000   45.0000   30.0000 9463.2637   20.9718
   -7.5000  -45.0000   37.500010042.9033   21.8905
    0.0000  -45.0000   37.500010494.0293   21.9559
    7.5000  -45.0000   37.500010128.8252   21.9703
   -7.5000  -37.5000   37.500010648.9082   21.8181
    0.0000  -37.5000   37.500011186.4785   21.8840
    7.5000  -37.5000   37.500010778.9072   21.8971
   -7.5000  -30.0000   37.500011640.4434   21.7959
    0.0000  -30.0000   37.500012311.8936   21.8630
    7.5000  -30.0000   37.500011745.2334   21.8781
   -7.5000  -22.5000   37.500012618.7812   21.7698
    0.0000  -22.5000   37.500013261.7363   21.8321
    7.5000  -22.5000   37.500012546.7568   21.8461
   -7.5000  -15.0000   37.500013415.4609   21.7444
    0.0000  -15.0000   37.500014086.0273   21.8009
    7.5000  -15.0000   37.500013331.2480   21.8132
   -7.5000   -7.5000   37.500014169.1094   21.7455
    0.0000   -7.5000   37.500014946.3760   21.8056
    7.5000   -7.5000   37.500014189.5039   21.8201
   -7.5000    0.0000   37.500014614.2188   21.7726
    0.0000    0.0000   37.500015510.3223   21.8370
    7.5000    0.0000   37.500014735.3750   21.8512
   -7.5000    7.5000   37.500013789.6182   21.7974
    0.0000    7.5000   37.500014639.9492   21.8632
    7.5000    7.5000   37.500013935.4775   21.8762
   -7.5000   15.0000   37.500012875.3564   21.7959
    0.0000   15.0000   37.500013642.6523   21.8630
    7.5000   15.0000   37.500013030.7402   21.8781
   -7.5000   22.5000   37.500011862.3838   21.7598
    0.0000   22.5000   37.500012556.9541   21.8220
    7.5000   22.5000   37.500012037.3662   21.8360
   -7.5000   30.0000   37.500010799.9668   21.4630
    0.0000   30.0000   37.500011404.8418   21.5188
    7.5000   30.0000   37.500010912.0898   21.5309
   -7.5000   37.5000   37.500010176.1074   21.4667
    0.0000   37.5000   37.500010697.7383   21.5260
    7.5000   37.5000   37.500010242.8262   21.5402
   -7.5000   45.0000   37.5000 9152.3613   21.0269
    0.0000   45.0000   37.5000 9615.8506   21.0891
    7.5000   45.0000   37.5000 9180.0088   21.1027
   -7.5000  -45.0000   45.0000 9295.9092   21.9358
    0.0000  -45.0000   45.0000 9745.9609   21.9938
    7.5000  -45.0000   45.0000 9402.3867   21.9951
   -7.5000  -37.5000   45.0000 9824.9658   21.8611
    0.0000  -37.5000   45.000010372.8691   21.9159
    7.5000  -37.5000   45.000010008.5605   21.9176
   -7.5000  -30.0000   45.000010692.9287   21.8416
    0.0000  -30.0000   45.000011304.2998   21.8899
    7.5000  -30.0000   45.000010849.6240   21.8959
   -7.5000  -22.5000   45.000011538.0254   21.8203
    0.0000  -22.5000   45.000012087.8516   21.8591
    7.5000  -22.5000   45.000011567.4287   21.8646
   -7.5000  -15.0000   45.000012224.0693   21.7971
    0.0000  -15.0000   45.000012824.7461   21.8331
    7.5000  -15.0000   45.000012279.1865   21.8361
   -7.5000   -7.5000   45.000012887.9111   21.7948
    0.0000   -7.5000   45.000013588.6504   21.8427
    7.5000   -7.5000   45.000013016.7695   21.8456
   -7.5000    0.0000   45.000013319.7852   21.8166
    0.0000    0.0000   45.000014075.7656   21.8737
    7.5000    0.0000   45.000013518.5225   21.8749
   -7.5000    7.5000   45.000012639.4834   21.8402
    0.0000    7.5000   45.000013362.4883   21.8949
    7.5000    7.5000   45.000012828.7822   21.8966
   -7.5000   15.0000   45.000011811.2197   21.8416
    0.0000   15.0000   45.000012469.3975   21.8899
    7.5000   15.0000   45.000011989.8281   21.8959
   -7.5000   22.5000   45.000010927.3320   21.8102
    0.0000   22.5000   45.000011507.7773   21.8490
    7.5000   22.5000   45.000011085.2217   21.8545
   -7.5000   30.0000   45.0000 9959.7637   21.5132
    0.0000   30.0000   45.000010476.6328   21.5487
    7.5000   30.0000   45.000010048.9443   21.5516
   -7.5000   37.5000   45.0000 9376.6289   21.5135
    0.0000   37.5000   45.0000 9812.7266   21.5607
    7.5000   37.5000   45.0000 9414.3555   21.5635
   -7.5000   45.0000   45.0000 8433.1816   21.0775
    0.0000   45.0000   45.0000 8804.8203   21.1326
    7.5000   45.0000   45.0000 8426.9326   21.1338

---------------------------------------------------------------------
imgreg_4dfp /opt/freesurfer/average/711-2C_as_mni_average_305 /opt/freesurfer/average/711-2B_as_mni_average_305_mask talsrcimg_g11 none talsrcimg_to_711-2C_as_mni_average_305_t4 4355
---------------------------------------------------------------------

freesurfer imgreg_4dfp.c
/opt/freesurfer/average/711-2C_as_mni_average_305.4dfp.img
       256       256       256         1
  1.000000  1.000000  1.000000
orientation T byte_order littleendian
Reading image: /opt/freesurfer/average/711-2C_as_mni_average_305.4dfp.img
dimensions:      256       256       256
mmppix:       1.0000   -1.0000   -1.0000
center:     128.0000 -129.0000 -129.0000
/opt/freesurfer/average/711-2B_as_mni_average_305_mask.4dfp.img
       256       256       256         1
  1.000000  1.000000  1.000000
orientation T byte_order littleendian
Reading mask: /opt/freesurfer/average/711-2B_as_mni_average_305_mask.4dfp.img (2306576 pixels)
talsrcimg_g11.4dfp.img
       256       256       256         1
  1.000000  1.000000  1.000000
orientation T byte_order littleendian
Reading image: talsrcimg_g11.4dfp.img
dimensions:      256       256       256
mmppix:       1.0000   -1.0000   -1.0000
center:     128.0000 -129.0000 -129.0000
rotation matrix determinant  1.000000
image alignment mode   4355 decimal     1103 hex
   -7.5000  -45.0000  -45.0000 2101.6067   25.1845
    0.0000  -45.0000  -45.0000 2100.2754   25.0098
    7.5000  -45.0000  -45.0000 2087.5239   25.1803
   -7.5000  -37.5000  -45.0000 2150.8613   23.8332
    0.0000  -37.5000  -45.0000 2149.1582   23.6707
    7.5000  -37.5000  -45.0000 2133.9509   23.8424
   -7.5000  -30.0000  -45.0000 2191.0251   22.8443
    0.0000  -30.0000  -45.0000 2188.3940   22.6453
    7.5000  -30.0000  -45.0000 2172.7969   22.8020
   -7.5000  -22.5000  -45.0000 2214.5625   22.2260
    0.0000  -22.5000  -45.0000 2213.8833   21.9721
    7.5000  -22.5000  -45.0000 2195.8975   22.1635
   -7.5000  -15.0000  -45.0000 2217.2590   22.0343
    0.0000  -15.0000  -45.0000 2217.6230   21.7927
    7.5000  -15.0000  -45.0000 2205.5017   21.9574
   -7.5000   -7.5000  -45.0000 2212.0813   22.2004
    0.0000   -7.5000  -45.0000 2209.7900   21.9003
    7.5000   -7.5000  -45.0000 2204.2522   22.1814
   -7.5000    0.0000  -45.0000 2193.9397   22.8090
    0.0000    0.0000  -45.0000 2197.9036   22.5639
    7.5000    0.0000  -45.0000 2171.2986   22.7789
   -7.5000    7.5000  -45.0000 2159.7334   23.8027
    0.0000    7.5000  -45.0000 2162.0728   23.4850
    7.5000    7.5000  -45.0000 2136.5527   23.7375
   -7.5000   15.0000  -45.0000 2102.4067   25.0625
    0.0000   15.0000  -45.0000 2099.2119   24.7027
    7.5000   15.0000  -45.0000 2083.1099   25.0449
   -7.5000   22.5000  -45.0000 2029.0970   26.6851
    0.0000   22.5000  -45.0000 2028.8275   26.3111
    7.5000   22.5000  -45.0000 2016.4232   26.7849
   -7.5000   30.0000  -45.0000 1938.1897   29.0417
    0.0000   30.0000  -45.0000 1939.4031   28.6274
    7.5000   30.0000  -45.0000 1925.3540   29.1400
   -7.5000   37.5000  -45.0000 1850.5927   32.3454
    0.0000   37.5000  -45.0000 1857.4478   32.0312
    7.5000   37.5000  -45.0000 1837.8169   32.3724
   -7.5000   45.0000  -45.0000 1748.1229   36.6756
    0.0000   45.0000  -45.0000 1752.8092   36.3129
    7.5000   45.0000  -45.0000 1736.9851   36.6016
   -7.5000  -45.0000  -37.5000 2211.6782   23.1192
    0.0000  -45.0000  -37.5000 2208.9624   23.0404
    7.5000  -45.0000  -37.5000 2190.5095   23.1791
   -7.5000  -37.5000  -37.5000 2254.6436   21.8277
    0.0000  -37.5000  -37.5000 2253.3845   21.7258
    7.5000  -37.5000  -37.5000 2242.4087   21.8372
   -7.5000  -30.0000  -37.5000 2287.5305   20.9138
    0.0000  -30.0000  -37.5000 2289.1582   20.7739
    7.5000  -30.0000  -37.5000 2278.2603   20.8601
   -7.5000  -22.5000  -37.5000 2308.7598   20.3905
    0.0000  -22.5000  -37.5000 2308.7183   20.1376
    7.5000  -22.5000  -37.5000 2296.1570   20.2478
   -7.5000  -15.0000  -37.5000 2316.1892   20.2095
    0.0000  -15.0000  -37.5000 2324.4709   19.9909
    7.5000  -15.0000  -37.5000 2303.4250   20.0842
   -7.5000   -7.5000  -37.5000 2319.2754   20.3106
    0.0000   -7.5000  -37.5000 2323.0171   20.1148
    7.5000   -7.5000  -37.5000 2300.9224   20.2482
   -7.5000    0.0000  -37.5000 2294.7451   20.8176
    0.0000    0.0000  -37.5000 2304.2144   20.6331
    7.5000    0.0000  -37.5000 2275.7861   20.7347
   -7.5000    7.5000  -37.5000 2254.9578   21.6540
    0.0000    7.5000  -37.5000 2262.4285   21.3959
    7.5000    7.5000  -37.5000 2241.9651   21.5279
   -7.5000   15.0000  -37.5000 2203.3933   22.7587
    0.0000   15.0000  -37.5000 2206.8079   22.5095
    7.5000   15.0000  -37.5000 2184.8379   22.6890
   -7.5000   22.5000  -37.5000 2131.4810   24.3161
    0.0000   22.5000  -37.5000 2135.1252   23.9558
    7.5000   22.5000  -37.5000 2118.2373   24.3016
   -7.5000   30.0000  -37.5000 2033.8546   26.3846
    0.0000   30.0000  -37.5000 2037.7714   26.0542
    7.5000   30.0000  -37.5000 2018.1925   26.4543
   -7.5000   37.5000  -37.5000 1930.8438   29.3048
    0.0000   37.5000  -37.5000 1938.5214   29.0610
    7.5000   37.5000  -37.5000 1927.1741   29.3992
   -7.5000   45.0000  -37.5000 1811.5338   33.2607
    0.0000   45.0000  -37.5000 1816.9042   32.9071
    7.5000   45.0000  -37.5000 1814.9305   33.2107
   -7.5000  -45.0000  -30.0000 2336.3569   22.0231
    0.0000  -45.0000  -30.0000 2339.9365   22.0333
    7.5000  -45.0000  -30.0000 2328.7625   22.1991
   -7.5000  -37.5000  -30.0000 2392.4448   20.7674
    0.0000  -37.5000  -30.0000 2391.2312   20.7700
    7.5000  -37.5000  -30.0000 2385.5757   20.8729
   -7.5000  -30.0000  -30.0000 2419.9675   19.9114
    0.0000  -30.0000  -30.0000 2422.7197   19.8445
    7.5000  -30.0000  -30.0000 2414.6533   19.9235
   -7.5000  -22.5000  -30.0000 2440.5422   19.3683
    0.0000  -22.5000  -30.0000 2447.1895   19.2433
    7.5000  -22.5000  -30.0000 2433.9939   19.3006
   -7.5000  -15.0000  -30.0000 2455.7742   19.1977
    0.0000  -15.0000  -30.0000 2466.9270   19.0693
    7.5000  -15.0000  -30.0000 2444.9778   19.1361
   -7.5000   -7.5000  -30.0000 2455.0232   19.2211
    0.0000   -7.5000  -30.0000 2465.1194   19.1149
    7.5000   -7.5000  -30.0000 2447.4741   19.1961
   -7.5000    0.0000  -30.0000 2434.1960   19.6819
    0.0000    0.0000  -30.0000 2453.4883   19.5446
    7.5000    0.0000  -30.0000 2430.3975   19.6002
   -7.5000    7.5000  -30.0000 2393.6055   20.4291
    0.0000    7.5000  -30.0000 2414.6340   20.2889
    7.5000    7.5000  -30.0000 2396.2964   20.3740
   -7.5000   15.0000  -30.0000 2334.3074   21.5122
    0.0000   15.0000  -30.0000 2354.0874   21.3263
    7.5000   15.0000  -30.0000 2335.5459   21.4628
   -7.5000   22.5000  -30.0000 2259.0918   23.0030
    0.0000   22.5000  -30.0000 2269.9736   22.7030
    7.5000   22.5000  -30.0000 2258.4475   22.9340
   -7.5000   30.0000  -30.0000 2157.6421   25.0058
    0.0000   30.0000  -30.0000 2167.1077   24.7168
    7.5000   30.0000  -30.0000 2155.6973   24.9935
   -7.5000   37.5000  -30.0000 2050.4773   27.7680
    0.0000   37.5000  -30.0000 2063.1897   27.4518
    7.5000   37.5000  -30.0000 2056.5977   27.7938
   -7.5000   45.0000  -30.0000 1919.6418   31.4427
    0.0000   45.0000  -30.0000 1929.9341   30.9988
    7.5000   45.0000  -30.0000 1927.0023   31.3534
   -7.5000  -45.0000  -22.5000 2433.0911   20.9741
    0.0000  -45.0000  -22.5000 2446.2051   21.0418
    7.5000  -45.0000  -22.5000 2441.3557   21.1893
   -7.5000  -37.5000  -22.5000 2498.2668   19.6597
    0.0000  -37.5000  -22.5000 2504.2188   19.7336
    7.5000  -37.5000  -22.5000 2500.2656   19.8530
   -7.5000  -30.0000  -22.5000 2528.5911   18.8248
    0.0000  -30.0000  -22.5000 2536.3013   18.8697
    7.5000  -30.0000  -22.5000 2528.3191   18.9328
   -7.5000  -22.5000  -22.5000 2557.1206   18.2917
    0.0000  -22.5000  -22.5000 2566.2314   18.2570
    7.5000  -22.5000  -22.5000 2551.1641   18.2905
   -7.5000  -15.0000  -22.5000 2571.7437   18.1173
    0.0000  -15.0000  -22.5000 2580.5066   18.0287
    7.5000  -15.0000  -22.5000 2563.7383   18.0926
   -7.5000   -7.5000  -22.5000 2577.5017   18.1741
    0.0000   -7.5000  -22.5000 2590.9282   18.0960
    7.5000   -7.5000  -22.5000 2569.3643   18.1777
   -7.5000    0.0000  -22.5000 2554.2800   18.6334
    0.0000    0.0000  -22.5000 2579.0430   18.5159
    7.5000    0.0000  -22.5000 2560.2527   18.5792
   -7.5000    7.5000  -22.5000 2520.3801   19.3328
    0.0000    7.5000  -22.5000 2543.6951   19.2065
    7.5000    7.5000  -22.5000 2522.3215   19.2527
   -7.5000   15.0000  -22.5000 2452.4744   20.3494
    0.0000   15.0000  -22.5000 2476.0979   20.2210
    7.5000   15.0000  -22.5000 2461.7944   20.2650
   -7.5000   22.5000  -22.5000 2368.6243   21.7255
    0.0000   22.5000  -22.5000 2388.4192   21.5483
    7.5000   22.5000  -22.5000 2377.8325   21.6505
   -7.5000   30.0000  -22.5000 2262.8281   23.5579
    0.0000   30.0000  -22.5000 2275.0374   23.3681
    7.5000   30.0000  -22.5000 2265.3027   23.4936
   -7.5000   37.5000  -22.5000 2139.9617   26.1599
    0.0000   37.5000  -22.5000 2163.2656   25.8693
    7.5000   37.5000  -22.5000 2153.3672   26.0319
   -7.5000   45.0000  -22.5000 2012.6864   29.5868
    0.0000   45.0000  -22.5000 2027.6737   29.2288
    7.5000   45.0000  -22.5000 2025.1147   29.4598
   -7.5000  -45.0000  -15.0000 2502.4441   20.0637
    0.0000  -45.0000  -15.0000 2514.4268   20.0851
    7.5000  -45.0000  -15.0000 2506.5256   20.2577
   -7.5000  -37.5000  -15.0000 2564.5256   18.7091
    0.0000  -37.5000  -15.0000 2581.1416   18.7333
    7.5000  -37.5000  -15.0000 2569.2085   18.8529
   -7.5000  -30.0000  -15.0000 2610.7961   17.8373
    0.0000  -30.0000  -15.0000 2620.9922   17.8063
    7.5000  -30.0000  -15.0000 2608.5173   17.9159
   -7.5000  -22.5000  -15.0000 2646.9519   17.2582
    0.0000  -22.5000  -15.0000 2655.1565   17.2326
    7.5000  -22.5000  -15.0000 2645.0479   17.3160
   -7.5000  -15.0000  -15.0000 2668.2952   17.1094
    0.0000  -15.0000  -15.0000 2675.3601   17.0605
    7.5000  -15.0000  -15.0000 2664.1777   17.1561
   -7.5000   -7.5000  -15.0000 2668.5337   17.2794
    0.0000   -7.5000  -15.0000 2686.7288   17.1616
    7.5000   -7.5000  -15.0000 2669.7329   17.2516
   -7.5000    0.0000  -15.0000 2645.1672   17.7013
    0.0000    0.0000  -15.0000 2670.8135   17.5674
    7.5000    0.0000  -15.0000 2655.3528   17.5979
   -7.5000    7.5000  -15.0000 2612.8530   18.3531
    0.0000    7.5000  -15.0000 2638.8591   18.2655
    7.5000    7.5000  -15.0000 2622.0103   18.2846
   -7.5000   15.0000  -15.0000 2542.2849   19.3231
    0.0000   15.0000  -15.0000 2568.6250   19.1749
    7.5000   15.0000  -15.0000 2555.9321   19.2105
   -7.5000   22.5000  -15.0000 2457.3486   20.6426
    0.0000   22.5000  -15.0000 2481.1731   20.5004
    7.5000   22.5000  -15.0000 2465.3306   20.5288
   -7.5000   30.0000  -15.0000 2337.7617   22.4194
    0.0000   30.0000  -15.0000 2361.1802   22.2370
    7.5000   30.0000  -15.0000 2349.5317   22.2882
   -7.5000   37.5000  -15.0000 2209.1729   24.7690
    0.0000   37.5000  -15.0000 2232.1938   24.5600
    7.5000   37.5000  -15.0000 2227.1604   24.6793
   -7.5000   45.0000  -15.0000 2078.7424   28.0128
    0.0000   45.0000  -15.0000 2098.6101   27.7477
    7.5000   45.0000  -15.0000 2088.6868   27.8094
   -7.5000  -45.0000   -7.5000 2550.2422   19.1299
    0.0000  -45.0000   -7.5000 2557.7468   19.0607
    7.5000  -45.0000   -7.5000 2549.4514   19.2837
   -7.5000  -37.5000   -7.5000 2615.5122   17.7741
    0.0000  -37.5000   -7.5000 2633.2920   17.7254
    7.5000  -37.5000   -7.5000 2624.0110   17.8958
   -7.5000  -30.0000   -7.5000 2679.9463   16.9227
    0.0000  -30.0000   -7.5000 2693.2197   16.8353
    7.5000  -30.0000   -7.5000 2683.1514   16.9492
   -7.5000  -22.5000   -7.5000 2722.2327   16.3074
    0.0000  -22.5000   -7.5000 2733.3181   16.2360
    7.5000  -22.5000   -7.5000 2722.1809   16.3211
   -7.5000  -15.0000   -7.5000 2740.6418   16.1687
    0.0000  -15.0000   -7.5000 2752.6062   16.0782
    7.5000  -15.0000   -7.5000 2744.8750   16.1596
   -7.5000   -7.5000   -7.5000 2740.1216   16.3589
    0.0000   -7.5000   -7.5000 2762.6113   16.2432
    7.5000   -7.5000   -7.5000 2751.2595   16.3033
   -7.5000    0.0000   -7.5000 2726.7258   16.7778
    0.0000    0.0000   -7.5000 2748.1882   16.6535
    7.5000    0.0000   -7.5000 2737.8799   16.7058
   -7.5000    7.5000   -7.5000 2687.8748   17.4637
    0.0000    7.5000   -7.5000 2709.6074   17.2782
    7.5000    7.5000   -7.5000 2700.5825   17.3334
   -7.5000   15.0000   -7.5000 2615.7329   18.4076
    0.0000   15.0000   -7.5000 2639.5635   18.2244
    7.5000   15.0000   -7.5000 2631.5698   18.2736
   -7.5000   22.5000   -7.5000 2523.2671   19.6914
    0.0000   22.5000   -7.5000 2544.7695   19.4863
    7.5000   22.5000   -7.5000 2534.9138   19.5372
   -7.5000   30.0000   -7.5000 2404.7922   21.3789
    0.0000   30.0000   -7.5000 2421.6460   21.1592
    7.5000   30.0000   -7.5000 2417.0251   21.1986
   -7.5000   37.5000   -7.5000 2268.2810   23.6287
    0.0000   37.5000   -7.5000 2282.0596   23.3596
    7.5000   37.5000   -7.5000 2286.9392   23.4679
   -7.5000   45.0000   -7.5000 2127.2900   26.7019
    0.0000   45.0000   -7.5000 2141.9509   26.3064
    7.5000   45.0000   -7.5000 2134.4526   26.4397
   -7.5000  -45.0000    0.0000 2586.7075   18.4451
    0.0000  -45.0000    0.0000 2586.5884   18.2799
    7.5000  -45.0000    0.0000 2574.7852   18.5242
   -7.5000  -37.5000    0.0000 2671.9407   17.1054
    0.0000  -37.5000    0.0000 2677.1021   16.9665
    7.5000  -37.5000    0.0000 2667.4880   17.2125
   -7.5000  -30.0000    0.0000 2737.1104   16.1853
    0.0000  -30.0000    0.0000 2740.4409   16.0151
    7.5000  -30.0000    0.0000 2732.3289   16.2152
   -7.5000  -22.5000    0.0000 2776.3887   15.5226
    0.0000  -22.5000    0.0000 2786.3599   15.3588
    7.5000  -22.5000    0.0000 2778.0908   15.5641
   -7.5000  -15.0000    0.0000 2796.5942   15.3161
    0.0000  -15.0000    0.0000 2807.4863   15.1504
    7.5000  -15.0000    0.0000 2799.6111   15.3070
   -7.5000   -7.5000    0.0000 2798.1577   15.5345
    0.0000   -7.5000    0.0000 2823.5012   15.3825
    7.5000   -7.5000    0.0000 2814.5127   15.4935
   -7.5000    0.0000    0.0000 2786.6287   16.0061
    0.0000    0.0000    0.0000 2806.4680   15.8118
    7.5000    0.0000    0.0000 2803.6433   15.9598
   -7.5000    7.5000    0.0000 2745.0386   16.7009
    0.0000    7.5000    0.0000 2758.0583   16.4722
    7.5000    7.5000    0.0000 2759.5967   16.5583
   -7.5000   15.0000    0.0000 2675.0972   17.6833
    0.0000   15.0000    0.0000 2691.4097   17.4028
    7.5000   15.0000    0.0000 2684.1367   17.4694
   -7.5000   22.5000    0.0000 2579.5891   18.9789
    0.0000   22.5000    0.0000 2593.7224   18.7018
    7.5000   22.5000    0.0000 2582.8730   18.7364
   -7.5000   30.0000    0.0000 2457.7344   20.6436
    0.0000   30.0000    0.0000 2474.1870   20.3427
    7.5000   30.0000    0.0000 2462.4048   20.3570
   -7.5000   37.5000    0.0000 2313.2776   22.8200
    0.0000   37.5000    0.0000 2329.5251   22.5251
    7.5000   37.5000    0.0000 2326.3623   22.5339
   -7.5000   45.0000    0.0000 2159.2866   25.6903
    0.0000   45.0000    0.0000 2177.3455   25.2858
    7.5000   45.0000    0.0000 2169.1396   25.3295
   -7.5000  -45.0000    7.5000 2609.4104   18.0715
    0.0000  -45.0000    7.5000 2612.7229   17.8200
    7.5000  -45.0000    7.5000 2597.0427   18.0581
   -7.5000  -37.5000    7.5000 2704.6416   16.7205
    0.0000  -37.5000    7.5000 2704.8054   16.4848
    7.5000  -37.5000    7.5000 2692.9849   16.7367
   -7.5000  -30.0000    7.5000 2780.9058   15.7330
    0.0000  -30.0000    7.5000 2787.2834   15.5149
    7.5000  -30.0000    7.5000 2777.7795   15.7811
   -7.5000  -22.5000    7.5000 2829.4385   14.9989
    0.0000  -22.5000    7.5000 2846.1101   14.7528
    7.5000  -22.5000    7.5000 2837.0183   15.1416
   -7.5000  -15.0000    7.5000 2848.6431   14.6551
    0.0000  -15.0000    7.5000 2860.8813   14.3628
    7.5000  -15.0000    7.5000 2860.7976   14.7725
   -7.5000   -7.5000    7.5000 2855.8872   14.8533
    0.0000   -7.5000    7.5000 2875.3403   14.6216
    7.5000   -7.5000    7.5000 2880.2800   14.9255
   -7.5000    0.0000    7.5000 2831.9282   15.3802
    0.0000    0.0000    7.5000 2850.4104   15.1193
    7.5000    0.0000    7.5000 2862.4260   15.3440
   -7.5000    7.5000    7.5000 2784.2905   16.1289
    0.0000    7.5000    7.5000 2802.7407   15.8465
    7.5000    7.5000    7.5000 2812.9580   16.0341
   -7.5000   15.0000    7.5000 2710.1833   17.1036
    0.0000   15.0000    7.5000 2727.5195   16.8199
    7.5000   15.0000    7.5000 2730.3018   16.9591
   -7.5000   22.5000    7.5000 2612.4153   18.3684
    0.0000   22.5000    7.5000 2628.6050   18.1018
    7.5000   22.5000    7.5000 2625.8694   18.2483
   -7.5000   30.0000    7.5000 2491.5322   19.9979
    0.0000   30.0000    7.5000 2511.7305   19.7371
    7.5000   30.0000    7.5000 2504.6333   19.8506
   -7.5000   37.5000    7.5000 2347.4980   22.0884
    0.0000   37.5000    7.5000 2368.1704   21.8721
    7.5000   37.5000    7.5000 2363.3032   21.9602
   -7.5000   45.0000    7.5000 2188.6333   24.8335
    0.0000   45.0000    7.5000 2208.8254   24.5782
    7.5000   45.0000    7.5000 2199.7598   24.6634
   -7.5000  -45.0000   15.0000 2600.3008   18.0335
    0.0000  -45.0000   15.0000 2612.6274   17.7082
    7.5000  -45.0000   15.0000 2591.2769   17.8355
   -7.5000  -37.5000   15.0000 2702.7124   16.6428
    0.0000  -37.5000   15.0000 2712.4111   16.3190
    7.5000  -37.5000   15.0000 2697.6216   16.4795
   -7.5000  -30.0000   15.0000 2788.3696   15.6033
    0.0000  -30.0000   15.0000 2803.2234   15.3117
    7.5000  -30.0000   15.0000 2794.7485   15.4853
   -7.5000  -22.5000   15.0000 2849.0227   14.8227
    0.0000  -22.5000   15.0000 2887.6355   14.5773
    7.5000  -22.5000   15.0000 2872.4888   14.8496
   -7.5000  -15.0000   15.0000 2872.8362   14.3382
    0.0000  -15.0000   15.0000 2898.1914   13.9555
    7.5000  -15.0000   15.0000 2912.9126   14.4540
   -7.5000   -7.5000   15.0000 2864.4854   14.4620
    0.0000   -7.5000   15.0000 2897.5654   14.1478
    7.5000   -7.5000   15.0000 2915.0034   14.4990
   -7.5000    0.0000   15.0000 2832.8501   15.0572
    0.0000    0.0000   15.0000 2868.9404   14.8155
    7.5000    0.0000   15.0000 2888.2532   14.9878
   -7.5000    7.5000   15.0000 2793.0740   15.7869
    0.0000    7.5000   15.0000 2821.5522   15.5921
    7.5000    7.5000   15.0000 2830.1016   15.7050
   -7.5000   15.0000   15.0000 2716.7942   16.7715
    0.0000   15.0000   15.0000 2748.9392   16.5596
    7.5000   15.0000   15.0000 2752.8726   16.6515
   -7.5000   22.5000   15.0000 2619.2690   18.0488
    0.0000   22.5000   15.0000 2647.9172   17.8451
    7.5000   22.5000   15.0000 2646.7715   17.9417
   -7.5000   30.0000   15.0000 2493.9556   19.6356
    0.0000   30.0000   15.0000 2527.7861   19.4451
    7.5000   30.0000   15.0000 2528.5354   19.5774
   -7.5000   37.5000   15.0000 2362.0564   21.7514
    0.0000   37.5000   15.0000 2391.3953   21.5874
    7.5000   37.5000   15.0000 2388.4653   21.6926
   -7.5000   45.0000   15.0000 2204.3628   24.4938
    0.0000   45.0000   15.0000 2228.2092   24.2358
    7.5000   45.0000   15.0000 2227.0422   24.3355
   -7.5000  -45.0000   22.5000 2578.4519   18.4026
    0.0000  -45.0000   22.5000 2592.2612   17.8907
    7.5000  -45.0000   22.5000 2575.4634   17.9161
   -7.5000  -37.5000   22.5000 2683.7727   16.8792
    0.0000  -37.5000   22.5000 2695.0017   16.4161
    7.5000  -37.5000   22.5000 2686.8564   16.4771
   -7.5000  -30.0000   22.5000 2773.9121   15.7568
    0.0000  -30.0000   22.5000 2792.2476   15.3438
    7.5000  -30.0000   22.5000 2787.4226   15.4445
   -7.5000  -22.5000   22.5000 2845.5791   14.9866
    0.0000  -22.5000   22.5000 2881.0938   14.5996
    7.5000  -22.5000   22.5000 2881.5830   14.7779
   -7.5000  -15.0000   22.5000 2887.5803   14.6896
    0.0000  -15.0000   22.5000 2929.7883   14.1754
    7.5000  -15.0000   22.5000 2931.5139   14.3456
   -7.5000   -7.5000   22.5000 2881.5298   14.7278
    0.0000   -7.5000   22.5000 2922.4792   14.2842
    7.5000   -7.5000   22.5000 2928.7139   14.4666
   -7.5000    0.0000   22.5000 2843.7043   15.0898
    0.0000    0.0000   22.5000 2879.0247   14.7235
    7.5000    0.0000   22.5000 2891.9502   14.9282
   -7.5000    7.5000   22.5000 2794.4844   15.8441
    0.0000    7.5000   22.5000 2821.7698   15.5072
    7.5000    7.5000   22.5000 2833.7024   15.6808
   -7.5000   15.0000   22.5000 2722.6104   16.8662
    0.0000   15.0000   22.5000 2748.1951   16.5639
    7.5000   15.0000   22.5000 2759.5381   16.6826
   -7.5000   22.5000   22.5000 2626.8030   18.1639
    0.0000   22.5000   22.5000 2651.1328   17.8765
    7.5000   22.5000   22.5000 2658.9993   17.9844
   -7.5000   30.0000   22.5000 2498.7776   19.7869
    0.0000   30.0000   22.5000 2529.8152   19.4967
    7.5000   30.0000   22.5000 2539.3125   19.6023
   -7.5000   37.5000   22.5000 2370.8264   21.8473
    0.0000   37.5000   22.5000 2395.1167   21.5215
    7.5000   37.5000   22.5000 2397.2205   21.6051
   -7.5000   45.0000   22.5000 2208.4812   24.5097
    0.0000   45.0000   22.5000 2229.5435   24.1118
    7.5000   45.0000   22.5000 2227.9624   24.1690
   -7.5000  -45.0000   30.0000 2536.6274   18.7837
    0.0000  -45.0000   30.0000 2545.3474   18.2170
    7.5000  -45.0000   30.0000 2542.8762   18.1124
   -7.5000  -37.5000   30.0000 2649.1416   17.2950
    0.0000  -37.5000   30.0000 2656.8643   16.7129
    7.5000  -37.5000   30.0000 2656.8406   16.6633
   -7.5000  -30.0000   30.0000 2749.4500   16.2194
    0.0000  -30.0000   30.0000 2755.9329   15.6616
    7.5000  -30.0000   30.0000 2763.6523   15.6375
   -7.5000  -22.5000   30.0000 2832.0090   15.6385
    0.0000  -22.5000   30.0000 2857.3037   15.0889
    7.5000  -22.5000   30.0000 2858.7852   15.0237
   -7.5000  -15.0000   30.0000 2879.6499   15.3342
    0.0000  -15.0000   30.0000 2912.2283   14.7475
    7.5000  -15.0000   30.0000 2906.7871   14.6320
   -7.5000   -7.5000   30.0000 2882.3748   15.3861
    0.0000   -7.5000   30.0000 2918.2139   14.9244
    7.5000   -7.5000   30.0000 2917.5681   14.8482
   -7.5000    0.0000   30.0000 2840.8745   15.7081
    0.0000    0.0000   30.0000 2875.9148   15.3230
    7.5000    0.0000   30.0000 2886.5503   15.3416
   -7.5000    7.5000   30.0000 2773.5059   16.2520
    0.0000    7.5000   30.0000 2807.1658   15.9577
    7.5000    7.5000   30.0000 2824.8782   16.0021
   -7.5000   15.0000   30.0000 2692.4036   17.1492
    0.0000   15.0000   30.0000 2718.9551   16.8348
    7.5000   15.0000   30.0000 2736.9426   16.9053
   -7.5000   22.5000   30.0000 2594.8674   18.3926
    0.0000   22.5000   30.0000 2621.8384   18.0673
    7.5000   22.5000   30.0000 2637.7302   18.1342
   -7.5000   30.0000   30.0000 2474.3672   19.9823
    0.0000   30.0000   30.0000 2504.0312   19.6583
    7.5000   30.0000   30.0000 2512.3274   19.6896
   -7.5000   37.5000   30.0000 2349.1033   22.0273
    0.0000   37.5000   30.0000 2372.0413   21.6780
    7.5000   37.5000   30.0000 2369.5610   21.7004
   -7.5000   45.0000   30.0000 2198.6094   24.7866
    0.0000   45.0000   30.0000 2216.6924   24.4552
    7.5000   45.0000   30.0000 2214.2800   24.3776
   -7.5000  -45.0000   37.5000 2503.6238   19.5499
    0.0000  -45.0000   37.5000 2504.7053   18.8890
    7.5000  -45.0000   37.5000 2510.2090   18.7227
   -7.5000  -37.5000   37.5000 2613.6833   18.0679
    0.0000  -37.5000   37.5000 2623.9255   17.5001
    7.5000  -37.5000   37.5000 2623.1404   17.3137
   -7.5000  -30.0000   37.5000 2707.0510   17.0089
    0.0000  -30.0000   37.5000 2729.5496   16.5019
    7.5000  -30.0000   37.5000 2725.3047   16.2873
   -7.5000  -22.5000   37.5000 2786.5583   16.3166
    0.0000  -22.5000   37.5000 2823.4314   15.7867
    7.5000  -22.5000   37.5000 2813.9221   15.4831
   -7.5000  -15.0000   37.5000 2829.2766   15.9304
    0.0000  -15.0000   37.5000 2871.9912   15.3790
    7.5000  -15.0000   37.5000 2859.9314   15.1885
   -7.5000   -7.5000   37.5000 2836.6829   16.0050
    0.0000   -7.5000   37.5000 2878.8743   15.5853
    7.5000   -7.5000   37.5000 2874.4021   15.4363
   -7.5000    0.0000   37.5000 2799.4038   16.3711
    0.0000    0.0000   37.5000 2846.1938   16.0706
    7.5000    0.0000   37.5000 2849.1667   15.9467
   -7.5000    7.5000   37.5000 2743.2764   17.0099
    0.0000    7.5000   37.5000 2785.5928   16.7583
    7.5000    7.5000   37.5000 2790.4204   16.6563
   -7.5000   15.0000   37.5000 2666.3406   17.9013
    0.0000   15.0000   37.5000 2704.9014   17.6972
    7.5000   15.0000   37.5000 2713.3594   17.5935
   -7.5000   22.5000   37.5000 2568.0635   19.0122
    0.0000   22.5000   37.5000 2601.0295   18.7580
    7.5000   22.5000   37.5000 2613.5513   18.7250
   -7.5000   30.0000   37.5000 2451.1284   20.4850
    0.0000   30.0000   37.5000 2477.9961   20.2218
    7.5000   30.0000   37.5000 2481.6614   20.1700
   -7.5000   37.5000   37.5000 2317.3743   22.5129
    0.0000   37.5000   37.5000 2333.9602   22.1822
    7.5000   37.5000   37.5000 2338.8503   22.1543
   -7.5000   45.0000   37.5000 2167.0005   25.2696
    0.0000   45.0000   37.5000 2187.5044   24.8226
    7.5000   45.0000   37.5000 2191.7659   24.7588
   -7.5000  -45.0000   45.0000 2461.3469   20.7580
    0.0000  -45.0000   45.0000 2473.3621   20.0449
    7.5000  -45.0000   45.0000 2477.0881   19.8140
   -7.5000  -37.5000   45.0000 2559.9431   19.1023
    0.0000  -37.5000   45.0000 2584.1333   18.5075
    7.5000  -37.5000   45.0000 2586.7114   18.3393
   -7.5000  -30.0000   45.0000 2648.8635   17.9357
    0.0000  -30.0000   45.0000 2678.5256   17.3691
    7.5000  -30.0000   45.0000 2682.6611   17.1643
   -7.5000  -22.5000   45.0000 2720.2139   17.1758
    0.0000  -22.5000   45.0000 2752.0481   16.5762
    7.5000  -22.5000   45.0000 2756.2607   16.3525
   -7.5000  -15.0000   45.0000 2759.1299   16.7265
    0.0000  -15.0000   45.0000 2802.0720   16.1392
    7.5000  -15.0000   45.0000 2801.8486   16.0714
   -7.5000   -7.5000   45.0000 2763.3828   16.8208
    0.0000   -7.5000   45.0000 2809.5237   16.3484
    7.5000   -7.5000   45.0000 2812.8596   16.2637
   -7.5000    0.0000   45.0000 2730.4399   17.2259
    0.0000    0.0000   45.0000 2778.0901   16.8838
    7.5000    0.0000   45.0000 2788.4785   16.7724
   -7.5000    7.5000   45.0000 2685.3179   17.8833
    0.0000    7.5000   45.0000 2726.3145   17.5704
    7.5000    7.5000   45.0000 2734.8894   17.5052
   -7.5000   15.0000   45.0000 2609.5508   18.7446
    0.0000   15.0000   45.0000 2650.1062   18.4946
    7.5000   15.0000   45.0000 2664.1987   18.3973
   -7.5000   22.5000   45.0000 2524.6472   19.9013
    0.0000   22.5000   45.0000 2555.5769   19.6286
    7.5000   22.5000   45.0000 2570.0625   19.5291
   -7.5000   30.0000   45.0000 2411.9836   21.4189
    0.0000   30.0000   45.0000 2435.4661   21.0751
    7.5000   30.0000   45.0000 2438.3689   21.0314
   -7.5000   37.5000   45.0000 2273.6086   23.3384
    0.0000   37.5000   45.0000 2292.6030   22.9786
    7.5000   37.5000   45.0000 2293.1113   22.9572
   -7.5000   45.0000   45.0000 2129.9817   26.0515
    0.0000   45.0000   45.0000 2149.8345   25.5924
    7.5000   45.0000   45.0000 2153.1807   25.5111

---------------------------------------------------------------------
imgreg_4dfp /opt/freesurfer/average/711-2C_as_mni_average_305 /opt/freesurfer/average/711-2B_as_mni_average_305_mask talsrcimg_g11 none talsrcimg_to_711-2C_as_mni_average_305_t4 1283
---------------------------------------------------------------------

freesurfer imgreg_4dfp.c
/opt/freesurfer/average/711-2C_as_mni_average_305.4dfp.img
       256       256       256         1
  1.000000  1.000000  1.000000
orientation T byte_order littleendian
Reading image: /opt/freesurfer/average/711-2C_as_mni_average_305.4dfp.img
dimensions:      256       256       256
mmppix:       1.0000   -1.0000   -1.0000
center:     128.0000 -129.0000 -129.0000
/opt/freesurfer/average/711-2B_as_mni_average_305_mask.4dfp.img
       256       256       256         1
  1.000000  1.000000  1.000000
orientation T byte_order littleendian
Reading mask: /opt/freesurfer/average/711-2B_as_mni_average_305_mask.4dfp.img (2306576 pixels)
talsrcimg_g11.4dfp.img
       256       256       256         1
  1.000000  1.000000  1.000000
orientation T byte_order littleendian
Reading image: talsrcimg_g11.4dfp.img
dimensions:      256       256       256
mmppix:       1.0000   -1.0000   -1.0000
center:     128.0000 -129.0000 -129.0000
rotation matrix determinant  1.000000
fimgreg.f
image alignment mode   1283 decimal      503 hex
parameters
    7.5000  -15.0000   22.5000    0.0000    0.0000    0.0000
eta,q 0.91989 14.38814
niter,ni,del,rscale     5    3   12.0000    1.2000
parameter  1  1.148310 ->  0.500000 qaram    1.1500
parameter  4  0.502256 ->  0.500000 qaram    1.1500
parameter  5  1.611123 ->  0.500000 qaram    1.1500
parameter  6 -1.271350 -> -0.500000 qaram    1.1500
parameters
    4.0500  -12.1661   22.5374   -3.4500   -3.4500    3.4500
eta,q 0.92711 13.98601
  0.0791  0.0909  0.0827  0.0780  0.0739  0.0787
  0.0786  0.0875  0.0810  0.0771  0.0742  0.0762
  0.0799  0.0842  0.0792  0.0765  0.0742  0.0748
  0.0833  0.0794  0.0773  0.0773  0.0769  0.0742
  0.0864  0.0769  0.0766  0.0796  0.0799  0.0735
  0.0890  0.0789  0.0802  0.0807  0.0822  0.0726
  0.0933  0.0808  0.0838  0.0819  0.0832  0.0720
niter,ni,del,rscale     7    3   12.0000    1.2000
parameter  4  6.640359 ->  0.500000 qaram    1.3225
parameter  5  0.900661 ->  0.500000 qaram    1.3225
parameters
    4.6482   -9.8645   21.3384   -7.4175   -7.4175    3.9586
eta,q 0.93198 13.81526
  0.0852  0.0792  0.0756  0.0702  0.0683  0.0741
  0.0806  0.0763  0.0726  0.0701  0.0682  0.0715
  0.0766  0.0734  0.0727  0.0720  0.0687  0.0696
  0.0729  0.0719  0.0717  0.0725  0.0705  0.0683
  0.0706  0.0718  0.0725  0.0724  0.0752  0.0677
  0.0760  0.0712  0.0772  0.0728  0.0795  0.0694
  0.0838  0.0732  0.0802  0.0748  0.0824  0.0735
niter,ni,del,rscale     7    3   12.0000    1.2000
parameters
    5.8588   -9.4740   19.6018   -8.3947   -7.6019    4.0493
eta,q 0.93631 13.74183
  0.0846  0.0776  0.0695  0.0733  0.0718  0.0708
  0.0789  0.0736  0.0630  0.0656  0.0695  0.0675
  0.0719  0.0696  0.0642  0.0630  0.0668  0.0654
  0.0680  0.0673  0.0672  0.0646  0.0635  0.0637
  0.0666  0.0679  0.0685  0.0694  0.0623  0.0637
  0.0690  0.0708  0.0688  0.0722  0.0681  0.0666
  0.0782  0.0762  0.0723  0.0731  0.0757  0.0714
niter,ni,del,rscale     6    3   12.0000    1.2000
parameters
    6.3811   -9.8661   19.8104   -8.3408   -7.9512    4.1055
eta,q 0.93597 13.76619
  0.0859  0.0716  0.0747  0.0755  0.0713  0.0712
  0.0739  0.0678  0.0657  0.0686  0.0697  0.0679
  0.0669  0.0649  0.0609  0.0633  0.0671  0.0655
  0.0637  0.0629  0.0631  0.0636  0.0636  0.0640
  0.0625  0.0644  0.0671  0.0671  0.0628  0.0640
  0.0718  0.0692  0.0682  0.0712  0.0687  0.0671
  0.0795  0.0749  0.0690  0.0721  0.0761  0.0718
niter,ni,del,rscale     5    3   12.0000    1.2000
parameters
    6.4405   -9.8888   19.8140   -8.3210   -8.0478    4.1185
eta,q 0.93592 13.77072
  0.0830  0.0733  0.0738  0.0754  0.0717  0.0712
  0.0712  0.0690  0.0648  0.0686  0.0698  0.0679
  0.0664  0.0663  0.0612  0.0635  0.0676  0.0655
  0.0640  0.0639  0.0640  0.0640  0.0640  0.0641
  0.0644  0.0646  0.0678  0.0674  0.0626  0.0641
  0.0739  0.0687  0.0685  0.0712  0.0677  0.0674
  0.0809  0.0742  0.0690  0.0722  0.0755  0.0719
niter,ni,del,rscale     4    3   12.0000    1.2000
parameters
    6.4572   -9.8974   19.8082   -8.3145   -8.0752    4.1232
eta,q 0.93592 13.77220
  0.0828  0.0733  0.0737  0.0753  0.0718  0.0712
  0.0710  0.0691  0.0647  0.0686  0.0699  0.0679
  0.0663  0.0664  0.0613  0.0636  0.0677  0.0655
  0.0641  0.0641  0.0641  0.0640  0.0641  0.0641
  0.0646  0.0647  0.0680  0.0675  0.0625  0.0642
  0.0741  0.0687  0.0685  0.0713  0.0674  0.0674
  0.0810  0.0742  0.0690  0.0722  0.0754  0.0719
registration optimization eta report
parameter search radius
    6.9000    6.0000    6.0000    7.9350    7.9350    6.9000
100000*second partial in parameter space
       38.       26.       21.       15.       15.       16.
  0.0828  0.0733  0.0737  0.0753  0.0718  0.0712
  0.0710  0.0691  0.0647  0.0686  0.0699  0.0679
  0.0663  0.0664  0.0613  0.0636  0.0677  0.0655
  0.0641  0.0641  0.0641  0.0640  0.0641  0.0641
  0.0646  0.0647  0.0680  0.0675  0.0625  0.0642
  0.0741  0.0687  0.0685  0.0713  0.0674  0.0674
  0.0810  0.0742  0.0690  0.0722  0.0754  0.0719
    6.4572   -9.8974   19.8082   -8.3145   -8.0752    4.1232
eta,q 0.93592 13.77220

---------------------------------------------------------------------
imgreg_4dfp /opt/freesurfer/average/711-2C_as_mni_average_305 /opt/freesurfer/average/711-2B_as_mni_average_305_mask talsrcimg_g11 none talsrcimg_to_711-2C_as_mni_average_305_t4 3335
---------------------------------------------------------------------

freesurfer imgreg_4dfp.c
/opt/freesurfer/average/711-2C_as_mni_average_305.4dfp.img
       256       256       256         1
  1.000000  1.000000  1.000000
orientation T byte_order littleendian
Reading image: /opt/freesurfer/average/711-2C_as_mni_average_305.4dfp.img
dimensions:      256       256       256
mmppix:       1.0000   -1.0000   -1.0000
center:     128.0000 -129.0000 -129.0000
/opt/freesurfer/average/711-2B_as_mni_average_305_mask.4dfp.img
       256       256       256         1
  1.000000  1.000000  1.000000
orientation T byte_order littleendian
Reading mask: /opt/freesurfer/average/711-2B_as_mni_average_305_mask.4dfp.img (2306576 pixels)
talsrcimg_g11.4dfp.img
       256       256       256         1
  1.000000  1.000000  1.000000
orientation T byte_order littleendian
Reading image: talsrcimg_g11.4dfp.img
dimensions:      256       256       256
mmppix:       1.0000   -1.0000   -1.0000
center:     128.0000 -129.0000 -129.0000
fimgreg.f
image alignment mode   3335 decimal      D07 hex
parameters
    6.4572   -9.8974   19.8082   -1.2478   -1.4532   -2.0322
   -9.1406   12.8239    7.1188   15.4226  -14.0473  -14.3173
eta,q 0.93601 13.96132
niter,ni,del,rscale     5    3    5.0000    1.2000
parameter  2 -1.025974 -> -0.500000 qaram    1.1500
parameter  4  4.638079 ->  0.500000 qaram    1.1500
parameter  5-14.027193 ->  0.500000 qaram    1.1500
parameter  6  3.649294 ->  0.500000 qaram    1.1500
parameter  8 -0.788682 -> -0.500000 qaram    1.1500
parameter 11 -1.725051 -> -0.500000 qaram    1.1500
parameters
    6.7833   -8.5174   20.1786   -5.3878   -5.5932   -6.1722
  -10.0228   16.9639    5.4609   12.2735   -9.9073  -14.9909
eta,q 0.96552 14.00426
  0.0672  0.0671  0.0651  0.0531  0.0443  0.0372  0.0435  0.0499  0.0404  0.0399  0.0457  0.0375
  0.0655  0.0660  0.0642  0.0556  0.0485  0.0404  0.0423  0.0467  0.0395  0.0383  0.0431  0.0356
  0.0644  0.0650  0.0634  0.0586  0.0526  0.0451  0.0417  0.0439  0.0391  0.0379  0.0405  0.0346
  0.0640  0.0640  0.0629  0.0628  0.0563  0.0496  0.0416  0.0415  0.0391  0.0390  0.0379  0.0345
  0.0641  0.0632  0.0628  0.0671  0.0602  0.0550  0.0421  0.0398  0.0397  0.0414  0.0357  0.0353
  0.0647  0.0628  0.0633  0.0709  0.0642  0.0610  0.0432  0.0390  0.0409  0.0450  0.0342  0.0367
  0.0657  0.0630  0.0642  0.0748  0.0677  0.0663  0.0448  0.0399  0.0426  0.0494  0.0337  0.0385
niter,ni,del,rscale     7    3    5.0000    1.2000
parameter  2  0.510816 ->  0.500000 qaram    1.3225
parameter  4  1.029961 ->  0.500000 qaram    1.3225
parameter  5  1.030176 ->  0.500000 qaram    1.3225
parameters
    6.0522  -10.1044   19.8130  -10.1488  -10.3542   -9.2385
   -8.1968   15.6561    5.9085   13.0998   -8.6976  -16.2364
eta,q 0.97960 14.17280
  0.0366  0.0339  0.0363  0.0259  0.0211  0.0245  0.0276  0.0276  0.0244  0.0257  0.0244  0.0215
  0.0346  0.0329  0.0339  0.0256  0.0207  0.0227  0.0247  0.0228  0.0225  0.0232  0.0219  0.0208
  0.0339  0.0329  0.0327  0.0273  0.0221  0.0210  0.0225  0.0207  0.0212  0.0215  0.0207  0.0204
  0.0345  0.0339  0.0328  0.0326  0.0258  0.0209  0.0212  0.0209  0.0205  0.0205  0.0204  0.0204
  0.0362  0.0357  0.0341  0.0398  0.0305  0.0259  0.0209  0.0229  0.0207  0.0205  0.0207  0.0208
  0.0389  0.0383  0.0362  0.0468  0.0350  0.0348  0.0217  0.0272  0.0218  0.0217  0.0213  0.0216
  0.0424  0.0415  0.0387  0.0539  0.0402  0.0436  0.0234  0.0335  0.0237  0.0239  0.0222  0.0227
niter,ni,del,rscale     7    3    5.0000    1.2000
parameters
    6.1871   -9.1980   18.6688  -11.4421  -11.8298  -10.3089
   -8.9932   15.4754    6.0624   13.8093   -8.9255  -18.8297
eta,q 0.98010 14.05259
  0.0256  0.0313  0.0198  0.0257  0.0255  0.0253  0.0233  0.0278  0.0233  0.0242  0.0219  0.0206
  0.0229  0.0266  0.0193  0.0229  0.0225  0.0230  0.0214  0.0231  0.0217  0.0221  0.0206  0.0200
  0.0212  0.0228  0.0193  0.0206  0.0202  0.0212  0.0204  0.0207  0.0206  0.0207  0.0201  0.0199
  0.0204  0.0204  0.0197  0.0192  0.0197  0.0196  0.0202  0.0202  0.0201  0.0202  0.0201  0.0201
  0.0207  0.0197  0.0207  0.0202  0.0219  0.0190  0.0210  0.0210  0.0204  0.0204  0.0205  0.0207
  0.0221  0.0209  0.0222  0.0254  0.0261  0.0239  0.0226  0.0234  0.0214  0.0212  0.0210  0.0215
  0.0246  0.0236  0.0246  0.0325  0.0300  0.0336  0.0249  0.0286  0.0231  0.0228  0.0218  0.0225
niter,ni,del,rscale     6    3    5.0000    1.2000
parameters
    6.1744   -8.8238   18.4182  -11.2174  -12.2936  -10.7671
   -9.3543   15.4624    6.1730   14.4448   -8.7708  -19.4603
eta,q 0.97996 14.03452
  0.0240  0.0281  0.0213  0.0271  0.0268  0.0259  0.0237  0.0279  0.0230  0.0238  0.0220  0.0213
  0.0218  0.0240  0.0204  0.0242  0.0237  0.0235  0.0216  0.0232  0.0214  0.0216  0.0206  0.0205
  0.0204  0.0212  0.0199  0.0217  0.0211  0.0215  0.0204  0.0206  0.0204  0.0204  0.0201  0.0201
  0.0199  0.0199  0.0198  0.0198  0.0197  0.0198  0.0200  0.0200  0.0200  0.0200  0.0200  0.0201
  0.0203  0.0202  0.0202  0.0191  0.0209  0.0186  0.0207  0.0208  0.0203  0.0203  0.0203  0.0203
  0.0217  0.0219  0.0209  0.0222  0.0247  0.0218  0.0222  0.0230  0.0213  0.0211  0.0208  0.0210
  0.0241  0.0250  0.0221  0.0281  0.0286  0.0312  0.0244  0.0281  0.0229  0.0225  0.0216  0.0218
niter,ni,del,rscale     5    3    5.0000    1.2000
parameters
    6.1719   -8.6769   18.3170  -11.0740  -12.4600  -10.8734
   -9.4916   15.4377    6.2148   14.7003   -8.6413  -19.7356
eta,q 0.97992 14.03151
  0.0241  0.0270  0.0216  0.0272  0.0273  0.0264  0.0240  0.0280  0.0229  0.0233  0.0221  0.0215
  0.0219  0.0233  0.0207  0.0243  0.0242  0.0239  0.0218  0.0232  0.0214  0.0213  0.0207  0.0206
  0.0206  0.0209  0.0202  0.0219  0.0215  0.0218  0.0205  0.0207  0.0204  0.0203  0.0201  0.0202
  0.0200  0.0200  0.0200  0.0200  0.0200  0.0200  0.0201  0.0201  0.0201  0.0201  0.0201  0.0201
  0.0204  0.0206  0.0203  0.0194  0.0209  0.0186  0.0206  0.0208  0.0203  0.0204  0.0203  0.0203
  0.0218  0.0226  0.0209  0.0226  0.0244  0.0210  0.0220  0.0231  0.0213  0.0212  0.0209  0.0209
  0.0242  0.0257  0.0220  0.0284  0.0283  0.0300  0.0242  0.0282  0.0229  0.0227  0.0217  0.0217
niter,ni,del,rscale     4    3    5.0000    1.2000
parameters
    6.1606   -8.6242   18.2752  -11.0303  -12.5359  -10.9045
   -9.5500   15.4010    6.2294   14.8023   -8.5951  -19.8411
eta,q 0.97990 14.03022
  0.0241  0.0265  0.0218  0.0271  0.0275  0.0265  0.0241  0.0280  0.0229  0.0232  0.0220  0.0217
  0.0219  0.0230  0.0208  0.0243  0.0244  0.0240  0.0219  0.0233  0.0214  0.0212  0.0207  0.0207
  0.0206  0.0208  0.0203  0.0219  0.0217  0.0219  0.0205  0.0207  0.0204  0.0203  0.0201  0.0202
  0.0201  0.0201  0.0201  0.0201  0.0201  0.0201  0.0201  0.0201  0.0201  0.0201  0.0201  0.0201
  0.0205  0.0208  0.0203  0.0195  0.0209  0.0186  0.0206  0.0208  0.0204  0.0204  0.0204  0.0203
  0.0219  0.0228  0.0209  0.0228  0.0243  0.0209  0.0220  0.0231  0.0213  0.0213  0.0209  0.0209
  0.0243  0.0260  0.0219  0.0287  0.0282  0.0298  0.0242  0.0283  0.0229  0.0228  0.0217  0.0217
niter,ni,del,rscale     3    3    5.0000    1.2000
parameters
    6.1545   -8.6015   18.2601  -11.0118  -12.5683  -10.9204
   -9.5716   15.3871    6.2373   14.8444   -8.5815  -19.8850
eta,q 0.97989 14.02968
  0.0241  0.0263  0.0218  0.0271  0.0275  0.0265  0.0241  0.0281  0.0229  0.0231  0.0220  0.0217
  0.0220  0.0229  0.0209  0.0243  0.0245  0.0240  0.0219  0.0233  0.0214  0.0212  0.0207  0.0207
  0.0206  0.0208  0.0203  0.0219  0.0217  0.0219  0.0206  0.0208  0.0204  0.0203  0.0202  0.0202
  0.0201  0.0201  0.0201  0.0201  0.0201  0.0201  0.0201  0.0201  0.0201  0.0201  0.0201  0.0201
  0.0205  0.0208  0.0203  0.0196  0.0208  0.0186  0.0206  0.0208  0.0204  0.0205  0.0204  0.0203
  0.0219  0.0229  0.0209  0.0229  0.0242  0.0209  0.0220  0.0231  0.0213  0.0213  0.0209  0.0208
  0.0243  0.0261  0.0219  0.0288  0.0282  0.0298  0.0242  0.0283  0.0229  0.0228  0.0218  0.0216
registration optimization eta report
parameter search radius
    2.4000    3.1740    2.4000    9.5220    9.5220    8.2800
    7.2000    8.2800    7.2000    7.2000    8.2800    7.2000
100000*second partial in parameter space
       72.       61.       30.        9.        8.       12.
        8.       12.        5.        6.        3.        3.
  0.0241  0.0263  0.0218  0.0271  0.0275  0.0265  0.0241  0.0281  0.0229  0.0231  0.0220  0.0217
  0.0220  0.0229  0.0209  0.0243  0.0245  0.0240  0.0219  0.0233  0.0214  0.0212  0.0207  0.0207
  0.0206  0.0208  0.0203  0.0219  0.0217  0.0219  0.0206  0.0208  0.0204  0.0203  0.0202  0.0202
  0.0201  0.0201  0.0201  0.0201  0.0201  0.0201  0.0201  0.0201  0.0201  0.0201  0.0201  0.0201
  0.0205  0.0208  0.0203  0.0196  0.0208  0.0186  0.0206  0.0208  0.0204  0.0205  0.0204  0.0203
  0.0219  0.0229  0.0209  0.0229  0.0242  0.0209  0.0220  0.0231  0.0213  0.0213  0.0209  0.0208
  0.0243  0.0261  0.0219  0.0288  0.0282  0.0298  0.0242  0.0283  0.0229  0.0228  0.0218  0.0216
    6.1545   -8.6015   18.2601  -11.0118  -12.5683  -10.9204
   -9.5716   15.3871    6.2373   14.8444   -8.5815  -19.8850
eta,q 0.97989 14.02968

---------------------------------------------------------------------
imgreg_4dfp /opt/freesurfer/average/711-2C_as_mni_average_305 /opt/freesurfer/average/711-2B_as_mni_average_305_mask talsrcimg_g11 none talsrcimg_to_711-2C_as_mni_average_305_t4 2311
---------------------------------------------------------------------

freesurfer imgreg_4dfp.c
/opt/freesurfer/average/711-2C_as_mni_average_305.4dfp.img
       256       256       256         1
  1.000000  1.000000  1.000000
orientation T byte_order littleendian
Reading image: /opt/freesurfer/average/711-2C_as_mni_average_305.4dfp.img
dimensions:      256       256       256
mmppix:       1.0000   -1.0000   -1.0000
center:     128.0000 -129.0000 -129.0000
/opt/freesurfer/average/711-2B_as_mni_average_305_mask.4dfp.img
       256       256       256         1
  1.000000  1.000000  1.000000
orientation T byte_order littleendian
Reading mask: /opt/freesurfer/average/711-2B_as_mni_average_305_mask.4dfp.img (2306576 pixels)
talsrcimg_g11.4dfp.img
       256       256       256         1
  1.000000  1.000000  1.000000
orientation T byte_order littleendian
Reading image: talsrcimg_g11.4dfp.img
dimensions:      256       256       256
mmppix:       1.0000   -1.0000   -1.0000
center:     128.0000 -129.0000 -129.0000
fimgreg.f
image alignment mode   2311 decimal      907 hex
parameters
    6.1545   -8.6015   18.2601  -11.0118  -12.5683  -10.9204
   -9.5716   15.3871    6.2373   14.8444   -8.5815  -19.8850
eta,q 0.97989 14.02967
niter,ni,del,rscale     5    3    5.0000    0.8000
parameters
    6.1848   -8.6172   18.2735   -9.2136  -12.4301   -8.8958
   -9.4267   15.7873    6.3408   15.2090   -7.8848  -19.5909
eta,q 0.98166 14.13856
  0.0220  0.0217  0.0209  0.0231  0.0223  0.0229  0.0211  0.0238  0.0200  0.0205  0.0202  0.0195
  0.0210  0.0208  0.0205  0.0219  0.0210  0.0216  0.0196  0.0211  0.0191  0.0193  0.0192  0.0188
  0.0204  0.0203  0.0202  0.0209  0.0200  0.0205  0.0187  0.0192  0.0186  0.0186  0.0186  0.0184
  0.0201  0.0201  0.0201  0.0201  0.0195  0.0195  0.0184  0.0184  0.0184  0.0184  0.0183  0.0183
  0.0203  0.0203  0.0202  0.0195  0.0196  0.0186  0.0187  0.0186  0.0185  0.0185  0.0184  0.0184
  0.0209  0.0208  0.0204  0.0196  0.0206  0.0184  0.0195  0.0199  0.0190  0.0189  0.0187  0.0187
  0.0219  0.0217  0.0209  0.0208  0.0222  0.0201  0.0207  0.0224  0.0199  0.0198  0.0193  0.0192
niter,ni,del,rscale     4    3    5.0000    0.7000
parameters
    6.0404   -8.7578   18.5030   -9.5975  -12.2851   -8.9032
   -9.3064   15.4111    6.2506   14.9298   -8.1686  -19.5134
eta,q 0.98168 14.14405
  0.0200  0.0194  0.0197  0.0203  0.0207  0.0211  0.0203  0.0209  0.0195  0.0194  0.0191  0.0191
  0.0190  0.0187  0.0190  0.0195  0.0196  0.0202  0.0192  0.0194  0.0188  0.0187  0.0186  0.0186
  0.0184  0.0184  0.0185  0.0187  0.0188  0.0192  0.0186  0.0185  0.0185  0.0184  0.0184  0.0184
  0.0183  0.0183  0.0183  0.0183  0.0184  0.0184  0.0184  0.0184  0.0183  0.0183  0.0183  0.0183
  0.0187  0.0186  0.0183  0.0185  0.0185  0.0180  0.0185  0.0188  0.0185  0.0185  0.0185  0.0184
  0.0195  0.0191  0.0186  0.0197  0.0192  0.0192  0.0191  0.0201  0.0189  0.0190  0.0188  0.0186
  0.0208  0.0200  0.0190  0.0219  0.0205  0.0222  0.0201  0.0222  0.0196  0.0197  0.0193  0.0190
niter,ni,del,rscale     3    3    5.0000    0.6000
parameters
    6.0047   -8.7917   18.5162   -9.4830  -12.1923   -8.6929
   -9.2821   15.5026    6.3070   14.8908   -8.1913  -19.4223
eta,q 0.98182 14.15225
  0.0196  0.0193  0.0190  0.0201  0.0200  0.0206  0.0196  0.0208  0.0191  0.0191  0.0189  0.0188
  0.0189  0.0187  0.0186  0.0194  0.0192  0.0198  0.0188  0.0194  0.0186  0.0186  0.0185  0.0184
  0.0185  0.0184  0.0184  0.0188  0.0186  0.0190  0.0183  0.0185  0.0183  0.0183  0.0182  0.0182
  0.0183  0.0183  0.0183  0.0183  0.0183  0.0183  0.0182  0.0182  0.0182  0.0182  0.0182  0.0182
  0.0185  0.0184  0.0184  0.0183  0.0184  0.0180  0.0183  0.0184  0.0183  0.0183  0.0183  0.0182
  0.0190  0.0188  0.0186  0.0189  0.0190  0.0187  0.0188  0.0191  0.0186  0.0186  0.0185  0.0184
  0.0198  0.0194  0.0190  0.0203  0.0200  0.0208  0.0195  0.0206  0.0191  0.0192  0.0189  0.0187
niter,ni,del,rscale     2    3    5.0000    0.5000
parameters
    5.9989   -8.8232   18.5698   -9.3601  -12.1561   -8.4280
   -9.2671   15.5479    6.3084   14.8250   -8.1399  -19.2647
eta,q 0.98195 14.15783
  0.0192  0.0189  0.0188  0.0195  0.0194  0.0200  0.0191  0.0199  0.0187  0.0187  0.0186  0.0185
  0.0186  0.0185  0.0184  0.0190  0.0188  0.0194  0.0185  0.0189  0.0183  0.0183  0.0183  0.0182
  0.0183  0.0182  0.0183  0.0185  0.0183  0.0187  0.0182  0.0183  0.0181  0.0181  0.0181  0.0181
  0.0182  0.0182  0.0182  0.0182  0.0182  0.0182  0.0181  0.0181  0.0180  0.0180  0.0181  0.0181
  0.0183  0.0183  0.0182  0.0182  0.0183  0.0179  0.0182  0.0182  0.0181  0.0181  0.0181  0.0181
  0.0186  0.0185  0.0184  0.0186  0.0187  0.0185  0.0185  0.0188  0.0183  0.0184  0.0183  0.0182
  0.0192  0.0189  0.0186  0.0196  0.0194  0.0199  0.0190  0.0199  0.0187  0.0188  0.0186  0.0184
niter,ni,del,rscale     1    3    5.0000    0.4000
parameters
    5.9936   -8.8487   18.6465   -9.2523  -12.1490   -8.1651
   -9.2232   15.5707    6.2930   14.7279   -8.0787  -19.0837
eta,q 0.98206 14.16086
  0.0187  0.0185  0.0185  0.0190  0.0188  0.0195  0.0186  0.0192  0.0184  0.0184  0.0184  0.0183
  0.0183  0.0182  0.0183  0.0186  0.0184  0.0189  0.0182  0.0185  0.0181  0.0181  0.0181  0.0181
  0.0181  0.0181  0.0181  0.0182  0.0181  0.0184  0.0180  0.0181  0.0180  0.0180  0.0180  0.0180
  0.0181  0.0181  0.0181  0.0180  0.0180  0.0180  0.0179  0.0179  0.0179  0.0179  0.0179  0.0179
  0.0181  0.0181  0.0181  0.0181  0.0181  0.0179  0.0180  0.0181  0.0180  0.0180  0.0180  0.0180
  0.0183  0.0183  0.0182  0.0183  0.0184  0.0182  0.0182  0.0185  0.0181  0.0182  0.0181  0.0180
  0.0187  0.0185  0.0183  0.0190  0.0188  0.0192  0.0186  0.0192  0.0184  0.0184  0.0183  0.0182
registration optimization eta report
parameter search radius
    0.8000    0.8000    0.8000    2.4000    2.4000    2.4000
    2.4000    2.4000    2.4000    2.4000    2.4000    2.4000
100000*second partial in parameter space
      103.       73.       58.       16.       14.       23.
       11.       22.        7.        8.        7.        5.
  0.0187  0.0185  0.0185  0.0190  0.0188  0.0195  0.0186  0.0192  0.0184  0.0184  0.0184  0.0183
  0.0183  0.0182  0.0183  0.0186  0.0184  0.0189  0.0182  0.0185  0.0181  0.0181  0.0181  0.0181
  0.0181  0.0181  0.0181  0.0182  0.0181  0.0184  0.0180  0.0181  0.0180  0.0180  0.0180  0.0180
  0.0181  0.0181  0.0181  0.0180  0.0180  0.0180  0.0179  0.0179  0.0179  0.0179  0.0179  0.0179
  0.0181  0.0181  0.0181  0.0181  0.0181  0.0179  0.0180  0.0181  0.0180  0.0180  0.0180  0.0180
  0.0183  0.0183  0.0182  0.0183  0.0184  0.0182  0.0182  0.0185  0.0181  0.0182  0.0181  0.0180
  0.0187  0.0185  0.0183  0.0190  0.0188  0.0192  0.0186  0.0192  0.0184  0.0184  0.0183  0.0182
    5.9936   -8.8487   18.6465   -9.2523  -12.1490   -8.1651
   -9.2232   15.5707    6.2930   14.7279   -8.0787  -19.0837
eta,q 0.98206 14.16086

---------------------------------------------------------------------
imgreg_4dfp /opt/freesurfer/average/711-2C_as_mni_average_305 /opt/freesurfer/average/711-2B_as_mni_average_305_mask talsrcimg_g11 none talsrcimg_to_711-2C_as_mni_average_305_t4 2311
---------------------------------------------------------------------

freesurfer imgreg_4dfp.c
/opt/freesurfer/average/711-2C_as_mni_average_305.4dfp.img
       256       256       256         1
  1.000000  1.000000  1.000000
orientation T byte_order littleendian
Reading image: /opt/freesurfer/average/711-2C_as_mni_average_305.4dfp.img
dimensions:      256       256       256
mmppix:       1.0000   -1.0000   -1.0000
center:     128.0000 -129.0000 -129.0000
/opt/freesurfer/average/711-2B_as_mni_average_305_mask.4dfp.img
       256       256       256         1
  1.000000  1.000000  1.000000
orientation T byte_order littleendian
Reading mask: /opt/freesurfer/average/711-2B_as_mni_average_305_mask.4dfp.img (2306576 pixels)
talsrcimg_g11.4dfp.img
       256       256       256         1
  1.000000  1.000000  1.000000
orientation T byte_order littleendian
Reading image: talsrcimg_g11.4dfp.img
dimensions:      256       256       256
mmppix:       1.0000   -1.0000   -1.0000
center:     128.0000 -129.0000 -129.0000
fimgreg.f
image alignment mode   2311 decimal      907 hex
parameters
    5.9936   -8.8487   18.6465   -9.2523  -12.1490   -8.1651
   -9.2232   15.5707    6.2930   14.7279   -8.0787  -19.0837
eta,q 0.98206 14.16086
niter,ni,del,rscale     5    3    5.0000    0.8000
parameters
    5.9809   -8.8534   18.7435   -9.9172  -12.2680   -8.8757
   -9.2278   15.3571    6.2464   14.7024   -8.4967  -19.2543
eta,q 0.98159 14.14300
  0.0206  0.0198  0.0198  0.0203  0.0207  0.0211  0.0207  0.0218  0.0199  0.0200  0.0193  0.0192
  0.0191  0.0188  0.0188  0.0193  0.0195  0.0200  0.0194  0.0198  0.0191  0.0191  0.0187  0.0187
  0.0182  0.0181  0.0182  0.0184  0.0185  0.0190  0.0187  0.0187  0.0186  0.0186  0.0184  0.0185
  0.0179  0.0179  0.0179  0.0179  0.0181  0.0181  0.0184  0.0184  0.0184  0.0184  0.0184  0.0184
  0.0183  0.0182  0.0181  0.0183  0.0183  0.0183  0.0187  0.0189  0.0186  0.0186  0.0187  0.0185
  0.0192  0.0188  0.0186  0.0201  0.0194  0.0209  0.0195  0.0202  0.0191  0.0191  0.0191  0.0189
  0.0207  0.0198  0.0194  0.0231  0.0213  0.0257  0.0206  0.0226  0.0200  0.0200  0.0196  0.0193
niter,ni,del,rscale     4    3    5.0000    0.7000
parameters
    6.0309   -8.7966   18.5671   -9.7168  -12.1993   -8.9169
   -9.2853   15.5691    6.3121   14.8012   -8.4458  -19.4079
eta,q 0.98167 14.14525
  0.0203  0.0199  0.0191  0.0207  0.0206  0.0210  0.0201  0.0217  0.0196  0.0197  0.0193  0.0190
  0.0193  0.0191  0.0186  0.0198  0.0195  0.0201  0.0191  0.0199  0.0189  0.0189  0.0187  0.0186
  0.0187  0.0186  0.0184  0.0190  0.0187  0.0192  0.0185  0.0187  0.0185  0.0185  0.0184  0.0184
  0.0184  0.0184  0.0184  0.0184  0.0183  0.0183  0.0183  0.0183  0.0183  0.0183  0.0183  0.0183
  0.0185  0.0185  0.0186  0.0183  0.0185  0.0180  0.0186  0.0185  0.0185  0.0185  0.0185  0.0184
  0.0191  0.0189  0.0190  0.0190  0.0192  0.0192  0.0192  0.0194  0.0188  0.0188  0.0187  0.0187
  0.0201  0.0197  0.0196  0.0207  0.0206  0.0222  0.0202  0.0211  0.0195  0.0195  0.0192  0.0191
niter,ni,del,rscale     3    3    5.0000    0.6000
parameters
    6.0319   -8.8151   18.5221   -9.5302  -12.1731   -8.6800
   -9.2877   15.6103    6.3214   14.8275   -8.2798  -19.3780
eta,q 0.98182 14.15161
  0.0197  0.0193  0.0190  0.0202  0.0200  0.0206  0.0196  0.0207  0.0191  0.0192  0.0190  0.0187
  0.0189  0.0188  0.0186  0.0194  0.0191  0.0198  0.0188  0.0193  0.0186  0.0186  0.0185  0.0184
  0.0185  0.0184  0.0184  0.0188  0.0186  0.0190  0.0183  0.0185  0.0183  0.0183  0.0183  0.0182
  0.0183  0.0183  0.0183  0.0183  0.0183  0.0183  0.0182  0.0182  0.0182  0.0182  0.0182  0.0182
  0.0185  0.0185  0.0184  0.0183  0.0184  0.0180  0.0183  0.0184  0.0183  0.0183  0.0183  0.0182
  0.0189  0.0188  0.0187  0.0188  0.0190  0.0187  0.0188  0.0192  0.0186  0.0186  0.0185  0.0184
  0.0197  0.0194  0.0191  0.0201  0.0200  0.0207  0.0195  0.0206  0.0191  0.0191  0.0188  0.0187
niter,ni,del,rscale     2    3    5.0000    0.5000
parameters
    6.0163   -8.8330   18.5698   -9.3808  -12.1564   -8.4219
   -9.2589   15.5927    6.3147   14.7984   -8.1632  -19.2514
eta,q 0.98195 14.15711
  0.0191  0.0189  0.0188  0.0196  0.0194  0.0200  0.0191  0.0198  0.0187  0.0188  0.0187  0.0185
  0.0186  0.0185  0.0184  0.0190  0.0187  0.0194  0.0185  0.0189  0.0183  0.0183  0.0183  0.0182
  0.0183  0.0182  0.0182  0.0185  0.0183  0.0187  0.0182  0.0183  0.0181  0.0181  0.0181  0.0181
  0.0182  0.0182  0.0182  0.0182  0.0181  0.0181  0.0180  0.0180  0.0180  0.0180  0.0180  0.0180
  0.0183  0.0183  0.0182  0.0181  0.0183  0.0179  0.0182  0.0182  0.0181  0.0181  0.0181  0.0181
  0.0186  0.0185  0.0184  0.0186  0.0187  0.0185  0.0185  0.0188  0.0183  0.0184  0.0183  0.0182
  0.0192  0.0189  0.0186  0.0195  0.0194  0.0199  0.0190  0.0199  0.0187  0.0188  0.0186  0.0184
niter,ni,del,rscale     1    3    5.0000    0.4000
parameters
    6.0018   -8.8507   18.6459   -9.2558  -12.1466   -8.1671
   -9.2207   15.5858    6.2960   14.7181   -8.0865  -19.0673
eta,q 0.98206 14.16054
  0.0187  0.0185  0.0185  0.0190  0.0188  0.0195  0.0186  0.0192  0.0184  0.0184  0.0184  0.0182
  0.0183  0.0182  0.0183  0.0186  0.0184  0.0189  0.0182  0.0185  0.0181  0.0181  0.0181  0.0181
  0.0181  0.0181  0.0181  0.0182  0.0181  0.0184  0.0180  0.0181  0.0180  0.0180  0.0180  0.0180
  0.0180  0.0180  0.0180  0.0180  0.0180  0.0180  0.0179  0.0179  0.0179  0.0179  0.0179  0.0179
  0.0181  0.0181  0.0181  0.0180  0.0181  0.0179  0.0180  0.0181  0.0180  0.0180  0.0180  0.0180
  0.0184  0.0183  0.0182  0.0183  0.0184  0.0182  0.0182  0.0185  0.0181  0.0182  0.0181  0.0180
  0.0187  0.0185  0.0183  0.0190  0.0188  0.0192  0.0186  0.0192  0.0184  0.0184  0.0183  0.0182
registration optimization eta report
parameter search radius
    0.8000    0.8000    0.8000    2.4000    2.4000    2.4000
    2.4000    2.4000    2.4000    2.4000    2.4000    2.4000
100000*second partial in parameter space
      103.       73.       58.       16.       14.       23.
       11.       22.        8.        8.        7.        5.
  0.0187  0.0185  0.0185  0.0190  0.0188  0.0195  0.0186  0.0192  0.0184  0.0184  0.0184  0.0182
  0.0183  0.0182  0.0183  0.0186  0.0184  0.0189  0.0182  0.0185  0.0181  0.0181  0.0181  0.0181
  0.0181  0.0181  0.0181  0.0182  0.0181  0.0184  0.0180  0.0181  0.0180  0.0180  0.0180  0.0180
  0.0180  0.0180  0.0180  0.0180  0.0180  0.0180  0.0179  0.0179  0.0179  0.0179  0.0179  0.0179
  0.0181  0.0181  0.0181  0.0180  0.0181  0.0179  0.0180  0.0181  0.0180  0.0180  0.0180  0.0180
  0.0184  0.0183  0.0182  0.0183  0.0184  0.0182  0.0182  0.0185  0.0181  0.0182  0.0181  0.0180
  0.0187  0.0185  0.0183  0.0190  0.0188  0.0192  0.0186  0.0192  0.0184  0.0184  0.0183  0.0182
    6.0018   -8.8507   18.6459   -9.2558  -12.1466   -8.1671
   -9.2207   15.5858    6.2960   14.7181   -8.0865  -19.0673
eta,q 0.98206 14.16054

---------------------------------------------------------------------
compute_vox2vox talsrcimg talsrcimg_to_711-2C_as_mni_average_305_t4 /opt/freesurfer/average/711-2C_as_mni_average_305
---------------------------------------------------------------------

freesurfer compute_vox2vox.c
Reading: talsrcimg.4dfp.ifh
Reading: talsrcimg_to_711-2C_as_mni_average_305_t4
Reading: /opt/freesurfer/average/711-2C_as_mni_average_305.4dfp.ifh
Writing: talsrcimg_to_711-2C_as_mni_average_305_t4_vox2vox.txt

start time Mon Mar 9 07:18:26 CET 2026
end		time Mon Mar 9 07:19:54 CET 2026

mpr2mni305 success

avi2talxfm orig_nu.mgz /opt/freesurfer/average/mni305.cor.mgz talsrcimg_to_711-2C_as_mni_average_305_t4_vox2vox.txt transforms/talairach.auto.xfm
avi2talxfm done
mv -f /out/sourcedata/freesurfer/sub-v1s18x0051277_ses-1/mri/talsrcimg_to_711-2C_as_mni_average_305_t4_vox2vox.txt /out/sourcedata/freesurfer/sub-v1s18x0051277_ses-1/mri/transforms/talsrcimg_to_711-2C_as_mni_average_305_t4_vox2vox.txt
lta_convert --src orig_nu.mgz --trg /opt/freesurfer/average/mni305.cor.mgz --inxfm transforms/talairach.auto.xfm --outlta transforms/talairach.auto.xfm.lta --subject fsaverage
7.3.2

--src: orig_nu.mgz src image (geometry).
--trg: /opt/freesurfer/average/mni305.cor.mgz trg image (geometry).
--inmni: transforms/talairach.auto.xfm input MNI/XFM transform.
--outlta: transforms/talairach.auto.xfm.lta output LTA.
--s: fsaverage subject name
 LTA read, type : 1
 1.07972  -0.19464   0.07108  -0.47877;
 0.07636   1.03857   0.23342  -22.46190;
-0.09017  -0.16004   1.09406   10.47244;
 0.00000   0.00000   0.00000   1.00000;
setting subject to fsaverage
Writing  LTA to file transforms/talairach.auto.xfm.lta...
lta_convert successful.
 
 
Started at Mon Mar 9 07:18:25 CET 2026
Ended   at Mon Mar  9 07:19:55 CET 2026
talairach_avi done
