/out/sourcedata/freesurfer/sub-v1s18x0051258_ses-1/mri
/opt/freesurfer/bin/talairach_avi
--i orig_nu.mgz --xfm transforms/talairach.auto.xfm
talairach_avi 7.3.2
Linux dna018 5.14.0-427.37.1.el9_4.x86_64 #1 SMP PREEMPT_DYNAMIC Fri Sep 13 12:41:50 EDT 2024 x86_64 x86_64 x86_64 GNU/Linux
Mon Mar  9 06:22:38 CET 2026
mri_convert orig_nu.mgz talsrcimg.img 
reading from orig_nu.mgz...
TR=0.00, TE=0.00, TI=0.00, flip angle=0.00
i_ras = (-1, 0, 0)
j_ras = (0, 0, -1)
k_ras = (0, 1, 0)
writing to talsrcimg.img...
Analyze Output Matrix
-1.00000   0.00000   0.00000   121.73060;
 0.00000   0.00000   1.00000  -125.58400;
 0.00000  -1.00000   0.00000   140.29056;
 0.00000   0.00000   0.00000   1.00000;
--------------------
INFO: set hdr.hist.orient to -1
mpr2mni305 talsrcimg
Mon Mar  9 06:22:38 CET 2026
/opt/freesurfer/bin/mpr2mni305 talsrcimg
mpr2mni305 7.3.2
target=711-2C_as_mni_average_305

---------------------------------------------------------------------
analyzeto4dfp talsrcimg -O0 -y
---------------------------------------------------------------------

freesurfer ifh2hdr.c
Mon Mar  9 06:22:39 2026
Writing: talsrcimg.4dfp.hdr
freesurfer analyzeto4dfp.c
Reading: talsrcimg.hdr
header size 348 bytes
hdr.dime.datatype	offset=70	value=2
hdr.dime.bitpix		offset=72	value=8
hdr.hist.orient		offset=252	value=-1
dimensionality     4
dimensions       256       256       256         1
Reading: talsrcimg.img
Writing: talsrcimg.4dfp.img
Writing: talsrcimg.4dfp.ifh
ifh2hdr talsrcimg -r0to246
ori=2

---------------------------------------------------------------------
gauss_4dfp talsrcimg 1.1
---------------------------------------------------------------------

freesurfer gauss_4dfp.c
Reading: talsrcimg.4dfp.img
Writing: talsrcimg_g11.4dfp.img
image dimensions 256 256 256 padded to 288 288 288
processing volume 1freesurfer ifh2hdr.c
Mon Mar  9 06:22:40 2026
Writing: talsrcimg_g11.4dfp.hdr

Writing: talsrcimg_g11.4dfp.ifh
including: talsrcimg.4dfp.img.rec in talsrcimg_g11.4dfp.img.rec

---------------------------------------------------------------------
imgreg_4dfp /opt/freesurfer/average/711-2C_as_mni_average_305 none talsrcimg_g11 none talsrcimg_to_711-2C_as_mni_average_305_t4 4355
---------------------------------------------------------------------

freesurfer imgreg_4dfp.c
/opt/freesurfer/average/711-2C_as_mni_average_305.4dfp.img
       256       256       256         1
  1.000000  1.000000  1.000000
orientation T byte_order littleendian
Reading image: /opt/freesurfer/average/711-2C_as_mni_average_305.4dfp.img
dimensions:      256       256       256
mmppix:       1.0000   -1.0000   -1.0000
center:     128.0000 -129.0000 -129.0000
talsrcimg_g11.4dfp.img
       256       256       256         1
  1.000000  1.000000  1.000000
orientation T byte_order littleendian
Reading image: talsrcimg_g11.4dfp.img
dimensions:      256       256       256
mmppix:       1.0000   -1.0000   -1.0000
center:     128.0000 -129.0000 -129.0000
t4_read: open error in t4_sub.f l:  41 t4_file(1:l)talsrcimg_to_711-2C_as_mni_average_305_t4 
t4_read: transform initialized to I4
rotation matrix determinant  1.000000
image alignment mode   4355 decimal     1103 hex
   -7.5000  -45.0000  -45.0000 9028.1045   17.9903
    0.0000  -45.0000  -45.0000 9407.2188   18.0458
    7.5000  -45.0000  -45.0000 9052.6016   18.0554
   -7.5000  -37.5000  -45.0000 9448.4170   17.9843
    0.0000  -37.5000  -45.0000 9833.9160   18.0403
    7.5000  -37.5000  -45.0000 9464.3984   18.0514
   -7.5000  -30.0000  -45.000010175.0225   17.9793
    0.0000  -30.0000  -45.000010580.0156   18.0338
    7.5000  -30.0000  -45.000010156.6875   18.0524
   -7.5000  -22.5000  -45.000010860.7188   17.9808
    0.0000  -22.5000  -45.000011271.0625   18.0335
    7.5000  -22.5000  -45.000010836.0088   18.0585
   -7.5000  -15.0000  -45.000011470.5811   17.9898
    0.0000  -15.0000  -45.000011905.2656   18.0425
    7.5000  -15.0000  -45.000011418.7393   18.0667
   -7.5000   -7.5000  -45.000012072.1504   17.9941
    0.0000   -7.5000  -45.000012524.9531   18.0483
    7.5000   -7.5000  -45.000011981.3477   18.0644
   -7.5000    0.0000  -45.000012503.5430   17.9902
    0.0000    0.0000  -45.000012946.1885   18.0457
    7.5000    0.0000  -45.000012379.0654   18.0553
   -7.5000    7.5000  -45.000011943.3135   17.9843
    0.0000    7.5000  -45.000012324.1768   18.0403
    7.5000    7.5000  -45.000011792.1016   18.0514
   -7.5000   15.0000  -45.000011076.9678   17.9793
    0.0000   15.0000  -45.000011406.8018   18.0338
    7.5000   15.0000  -45.000010926.3369   18.0524
   -7.5000   22.5000  -45.000010130.7617   17.9784
    0.0000   22.5000  -45.000010435.3477   18.0310
    7.5000   22.5000  -45.0000 9991.0918   18.0560
   -7.5000   30.0000  -45.0000 9273.5996   17.7501
    0.0000   30.0000  -45.0000 9525.3926   17.8021
    7.5000   30.0000  -45.0000 9090.6328   17.8259
   -7.5000   37.5000  -45.0000 8696.8369   17.7543
    0.0000   37.5000  -45.0000 8926.4238   17.8078
    7.5000   37.5000  -45.0000 8486.5186   17.8237
   -7.5000   45.0000  -45.0000 7817.6089   17.3140
    0.0000   45.0000  -45.0000 8032.0317   17.3674
    7.5000   45.0000  -45.0000 7601.4023   17.3764
   -7.5000  -45.0000  -37.5000 9621.8740   17.8466
    0.0000  -45.0000  -37.500010032.6025   17.9177
    7.5000  -45.0000  -37.5000 9641.2607   17.9407
   -7.5000  -37.5000  -37.500010065.0967   17.8380
    0.0000  -37.5000  -37.500010470.2490   17.9134
    7.5000  -37.5000  -37.500010060.5439   17.9391
   -7.5000  -30.0000  -37.500010820.2109   17.8292
    0.0000  -30.0000  -37.500011254.9053   17.9041
    7.5000  -30.0000  -37.500010759.7070   17.9344
   -7.5000  -22.5000  -37.500011502.9941   17.8310
    0.0000  -22.5000  -37.500011954.9834   17.8994
    7.5000  -22.5000  -37.500011429.6660   17.9309
   -7.5000  -15.0000  -37.500012122.0381   17.8416
    0.0000  -15.0000  -37.500012609.5020   17.9054
    7.5000  -15.0000  -37.500012043.2246   17.9339
   -7.5000   -7.5000  -37.500012734.3633   17.8484
    0.0000   -7.5000  -37.500013226.4619   17.9142
    7.5000   -7.5000  -37.500012627.2363   17.9389
   -7.5000    0.0000  -37.500013181.8066   17.8465
    0.0000    0.0000  -37.500013663.6064   17.9176
    7.5000    0.0000  -37.500013058.3906   17.9406
   -7.5000    7.5000  -37.500012572.9775   17.8380
    0.0000    7.5000  -37.500013026.7188   17.9134
    7.5000    7.5000  -37.500012430.9922   17.9391
   -7.5000   15.0000  -37.500011651.7383   17.8292
    0.0000   15.0000  -37.500012028.8623   17.9041
    7.5000   15.0000  -37.500011490.9180   17.9344
   -7.5000   22.5000  -37.500010642.6338   17.8285
    0.0000   22.5000  -37.500010971.3008   17.8969
    7.5000   22.5000  -37.500010481.4072   17.9284
   -7.5000   30.0000  -37.5000 9688.7539   17.6038
    0.0000   30.0000  -37.5000 9972.4902   17.6668
    7.5000   30.0000  -37.5000 9500.7988   17.6949
   -7.5000   37.5000  -37.5000 9078.9658   17.6105
    0.0000   37.5000  -37.5000 9308.7842   17.6755
    7.5000   37.5000  -37.5000 8850.4375   17.6999
   -7.5000   45.0000  -37.5000 8154.7451   17.1756
    0.0000   45.0000  -37.5000 8348.9697   17.2439
    7.5000   45.0000  -37.5000 7907.3335   17.2658
   -7.5000  -45.0000  -30.000010343.2070   18.5365
    0.0000  -45.0000  -30.000010801.4951   18.6182
    7.5000  -45.0000  -30.000010388.4150   18.6448
   -7.5000  -37.5000  -30.000010809.1455   18.5282
    0.0000  -37.5000  -30.000011255.2139   18.6148
    7.5000  -37.5000  -30.000010798.9502   18.6426
   -7.5000  -30.0000  -30.000011625.8545   18.5211
    0.0000  -30.0000  -30.000012092.0791   18.6061
    7.5000  -30.0000  -30.000011537.0488   18.6334
   -7.5000  -22.5000  -30.000012365.1465   18.5249
    0.0000  -22.5000  -30.000012874.8291   18.6012
    7.5000  -22.5000  -30.000012243.3594   18.6255
   -7.5000  -15.0000  -30.000013022.2217   18.5356
    0.0000  -15.0000  -30.000013551.1279   18.6059
    7.5000  -15.0000  -30.000012883.9854   18.6277
   -7.5000   -7.5000  -30.000013636.8809   18.5398
    0.0000   -7.5000  -30.000014175.4434   18.6141
    7.5000   -7.5000  -30.000013505.6055   18.6377
   -7.5000    0.0000  -30.000014067.7275   18.5363
    0.0000    0.0000  -30.000014612.9688   18.6181
    7.5000    0.0000  -30.000013929.3389   18.6447
   -7.5000    7.5000  -30.000013402.8457   18.5282
    0.0000    7.5000  -30.000013887.3076   18.6148
    7.5000    7.5000  -30.000013241.8262   18.6426
   -7.5000   15.0000  -30.000012413.2480   18.5211
    0.0000   15.0000  -30.000012855.9951   18.6061
    7.5000   15.0000  -30.000012242.3574   18.6334
   -7.5000   22.5000  -30.000011321.3184   18.5204
    0.0000   22.5000  -30.000011707.9258   18.5968
    7.5000   22.5000  -30.000011136.1777   18.6210
   -7.5000   30.0000  -30.000010264.6592   18.2904
    0.0000   30.0000  -30.000010601.9785   18.3597
    7.5000   30.0000  -30.000010081.3135   18.3812
   -7.5000   37.5000  -30.0000 9596.0645   18.2945
    0.0000   37.5000  -30.0000 9874.2910   18.3678
    7.5000   37.5000  -30.0000 9386.3027   18.3910
   -7.5000   45.0000  -30.0000 8606.7822   17.8524
    0.0000   45.0000  -30.0000 8819.9766   17.9309
    7.5000   45.0000  -30.0000 8370.6006   17.9562
   -7.5000  -45.0000  -22.500011092.7676   19.1799
    0.0000  -45.0000  -22.500011562.8262   19.2551
    7.5000  -45.0000  -22.500011084.2061   19.2699
   -7.5000  -37.5000  -22.500011575.2852   19.1745
    0.0000  -37.5000  -22.500012032.6455   19.2495
    7.5000  -37.5000  -22.500011506.6191   19.2616
   -7.5000  -30.0000  -22.500012450.8623   19.1708
    0.0000  -30.0000  -22.500012925.3730   19.2416
    7.5000  -30.0000  -22.500012303.3262   19.2498
   -7.5000  -22.5000  -22.500013252.2314   19.1750
    0.0000  -22.5000  -22.500013770.4180   19.2402
    7.5000  -22.5000  -22.500013056.5742   19.2475
   -7.5000  -15.0000  -22.500013953.0859   19.1848
    0.0000  -15.0000  -22.500014488.7793   19.2490
    7.5000  -15.0000  -22.500013746.0166   19.2575
   -7.5000   -7.5000  -22.500014557.9727   19.1860
    0.0000   -7.5000  -22.500015138.2002   19.2558
    7.5000   -7.5000  -22.500014398.2568   19.2680
   -7.5000    0.0000  -22.500014975.3477   19.1798
    0.0000    0.0000  -22.500015546.1738   19.2549
    7.5000    0.0000  -22.500014784.7646   19.2697
   -7.5000    7.5000  -22.500014241.3213   19.1745
    0.0000    7.5000  -22.500014755.5137   19.2495
    7.5000    7.5000  -22.500014001.5869   19.2616
   -7.5000   15.0000  -22.500013214.3320   19.1708
    0.0000   15.0000  -22.500013701.9248   19.2416
    7.5000   15.0000  -22.500012971.6631   19.2498
   -7.5000   22.5000  -22.500012046.8770   19.1691
    0.0000   22.5000  -22.500012470.1182   19.2343
    7.5000   22.5000  -22.500011794.5879   19.2416
   -7.5000   30.0000  -22.500010878.1816   18.9339
    0.0000   30.0000  -22.500011214.1143   18.9972
    7.5000   30.0000  -22.500010617.9082   19.0056
   -7.5000   37.5000  -22.500010149.0898   18.9350
    0.0000   37.5000  -22.500010433.5303   19.0039
    7.5000   37.5000  -22.5000 9897.3154   19.0160
   -7.5000   45.0000  -22.5000 9093.4043   18.4859
    0.0000   45.0000  -22.5000 9318.2832   18.5581
    7.5000   45.0000  -22.5000 8838.0674   18.5721
   -7.5000  -45.0000  -15.000011829.1494   19.6762
    0.0000  -45.0000  -15.000012340.0830   19.7359
    7.5000  -45.0000  -15.000011784.4258   19.7368
   -7.5000  -37.5000  -15.000012332.0449   19.6731
    0.0000  -37.5000  -15.000012846.2354   19.7276
    7.5000  -37.5000  -15.000012215.4453   19.7240
   -7.5000  -30.0000  -15.000013259.4531   19.6733
    0.0000  -30.0000  -15.000013781.9072   19.7210
    7.5000  -30.0000  -15.000013064.3896   19.7147
   -7.5000  -22.5000  -15.000014092.4346   19.6777
    0.0000  -22.5000  -15.000014634.3877   19.7241
    7.5000  -22.5000  -15.000013850.2197   19.7214
   -7.5000  -15.0000  -15.000014823.0459   19.6866
    0.0000  -15.0000  -15.000015400.9707   19.7380
    7.5000  -15.0000  -15.000014605.1270   19.7390
   -7.5000   -7.5000  -15.000015472.4912   19.6852
    0.0000   -7.5000  -15.000016112.1328   19.7429
    7.5000   -7.5000  -15.000015288.7861   19.7450
   -7.5000    0.0000  -15.000015915.4473   19.6761
    0.0000    0.0000  -15.000016551.2324   19.7357
    7.5000    0.0000  -15.000015671.4082   19.7367
   -7.5000    7.5000  -15.000015089.9443   19.6731
    0.0000    7.5000  -15.000015669.2227   19.7276
    7.5000    7.5000  -15.000014787.3330   19.7240
   -7.5000   15.0000  -15.000013973.9033   19.6733
    0.0000   15.0000  -15.000014537.4541   19.7210
    7.5000   15.0000  -15.000013709.1826   19.7147
   -7.5000   22.5000  -15.000012756.9355   19.6707
    0.0000   22.5000  -15.000013227.8008   19.7172
    7.5000   22.5000  -15.000012479.5303   19.7144
   -7.5000   30.0000  -15.000011512.6514   19.4318
    0.0000   30.0000  -15.000011851.1035   19.4825
    7.5000   30.0000  -15.000011200.9561   19.4835
   -7.5000   37.5000  -15.000010722.9932   19.4305
    0.0000   37.5000  -15.000011004.1934   19.4874
    7.5000   37.5000  -15.000010435.3887   19.4894
   -7.5000   45.0000  -15.0000 9587.1846   18.9759
    0.0000   45.0000  -15.0000 9825.9033   19.0331
    7.5000   45.0000  -15.0000 9320.6982   19.0338
   -7.5000  -45.0000   -7.500012630.0869   19.9380
    0.0000  -45.0000   -7.500013187.0117   19.9900
    7.5000  -45.0000   -7.500012572.4922   19.9897
   -7.5000  -37.5000   -7.500013162.5303   19.9342
    0.0000  -37.5000   -7.500013730.7715   19.9818
    7.5000  -37.5000   -7.500013051.9180   19.9792
   -7.5000  -30.0000   -7.500014127.5771   19.9323
    0.0000  -30.0000   -7.500014708.7500   19.9746
    7.5000  -30.0000   -7.500013925.3740   19.9756
   -7.5000  -22.5000   -7.500014952.5596   19.9342
    0.0000  -22.5000   -7.500015525.9473   19.9768
    7.5000  -22.5000   -7.500014730.1338   19.9852
   -7.5000  -15.0000   -7.500015663.1104   19.9433
    0.0000  -15.0000   -7.500016344.2861   19.9908
    7.5000  -15.0000   -7.500015524.5898   20.0015
   -7.5000   -7.5000   -7.500016388.9785   19.9451
    0.0000   -7.5000   -7.500017148.6445   19.9968
    7.5000   -7.5000   -7.500016265.1758   20.0022
   -7.5000    0.0000   -7.500016849.2383   19.9378
    0.0000    0.0000   -7.500017584.4141   19.9898
    7.5000    0.0000   -7.500016621.3340   19.9895
   -7.5000    7.5000   -7.500015941.6064   19.9342
    0.0000    7.5000   -7.500016598.0918   19.9818
    7.5000    7.5000   -7.500015663.3389   19.9792
   -7.5000   15.0000   -7.500014791.4492   19.9323
    0.0000   15.0000   -7.500015392.5430   19.9746
    7.5000   15.0000   -7.500014512.0684   19.9756
   -7.5000   22.5000   -7.500013524.7686   19.9250
    0.0000   22.5000   -7.500014028.8760   19.9676
    7.5000   22.5000   -7.500013230.5098   19.9760
   -7.5000   30.0000   -7.500012225.6953   19.6847
    0.0000   30.0000   -7.500012583.6348   19.7315
    7.5000   30.0000   -7.500011910.6475   19.7421
   -7.5000   37.5000   -7.500011334.4570   19.6864
    0.0000   37.5000   -7.500011654.3330   19.7374
    7.5000   37.5000   -7.500011040.5645   19.7428
   -7.5000   45.0000   -7.500010101.8818   19.2321
    0.0000   45.0000   -7.500010350.6260   19.2821
    7.5000   45.0000   -7.5000 9846.7891   19.2816
   -7.5000  -45.0000    0.000013332.8877   19.9800
    0.0000  -45.0000    0.000013865.7676   20.0396
    7.5000  -45.0000    0.000013226.3164   20.0507
   -7.5000  -37.5000    0.000013979.2295   19.9733
    0.0000  -37.5000    0.000014550.4023   20.0337
    7.5000  -37.5000    0.000013803.7256   20.0459
   -7.5000  -30.0000    0.000014945.9570   19.9650
    0.0000  -30.0000    0.000015495.9873   20.0236
    7.5000  -30.0000    0.000014718.4795   20.0438
   -7.5000  -22.5000    0.000015705.2266   19.9635
    0.0000  -22.5000    0.000016272.7021   20.0200
    7.5000  -22.5000    0.000015547.6318   20.0475
   -7.5000  -15.0000    0.000016479.2148   19.9732
    0.0000  -15.0000    0.000017145.1055   20.0296
    7.5000  -15.0000    0.000016362.8506   20.0566
   -7.5000   -7.5000    0.000017255.2129   19.9812
    0.0000   -7.5000    0.000018002.6602   20.0392
    7.5000   -7.5000    0.000017136.8496   20.0575
   -7.5000    0.0000    0.000017664.3008   19.9798
    0.0000    0.0000    0.000018396.7988   20.0395
    7.5000    0.0000    0.000017471.6504   20.0505
   -7.5000    7.5000    0.000016664.4023   19.9733
    0.0000    7.5000    0.000017321.1602   20.0337
    7.5000    7.5000    0.000016428.2656   20.0459
   -7.5000   15.0000    0.000015505.2842   19.9650
    0.0000   15.0000    0.000016070.6914   20.0236
    7.5000   15.0000    0.000015210.8984   20.0438
   -7.5000   22.5000    0.000014211.5898   19.9543
    0.0000   22.5000    0.000014693.6895   20.0108
    7.5000   22.5000    0.000013905.7119   20.0383
   -7.5000   30.0000    0.000012871.4189   19.7147
    0.0000   30.0000    0.000013255.0498   19.7704
    7.5000   30.0000    0.000012554.3691   19.7970
   -7.5000   37.5000    0.000011907.7451   19.7226
    0.0000   37.5000    0.000012256.8281   19.7798
    7.5000   37.5000    0.000011626.3828   19.7979
   -7.5000   45.0000    0.000010547.0039   19.2741
    0.0000   45.0000    0.000010832.8076   19.3316
    7.5000   45.0000    0.000010322.9668   19.3419
   -7.5000  -45.0000    7.500012951.4736   19.9425
    0.0000  -45.0000    7.500013425.3477   20.0205
    7.5000  -45.0000    7.500012795.4492   20.0460
   -7.5000  -37.5000    7.500013647.7490   19.9335
    0.0000  -37.5000    7.500014193.8721   20.0164
    7.5000  -37.5000    7.500013455.1035   20.0449
   -7.5000  -30.0000    7.500014540.7725   19.9232
    0.0000  -30.0000    7.500015014.1406   20.0057
    7.5000  -30.0000    7.500014420.7529   20.0393
   -7.5000  -22.5000    7.500015205.0771   19.9241
    0.0000  -22.5000    7.500015670.3545   19.9993
    7.5000  -22.5000    7.500015158.9111   20.0342
   -7.5000  -15.0000    7.500016040.9785   19.9352
    0.0000  -15.0000    7.500016526.4902   20.0050
    7.5000  -15.0000    7.500015913.5508   20.0367
   -7.5000   -7.5000    7.500016813.1582   19.9433
    0.0000   -7.5000    7.500017335.5039   20.0152
    7.5000   -7.5000    7.500016659.9141   20.0428
   -7.5000    0.0000    7.500017189.7832   19.9424
    0.0000    0.0000    7.500017723.5879   20.0203
    7.5000    0.0000    7.500017008.3223   20.0459
   -7.5000    7.5000    7.500016169.1162   19.9335
    0.0000    7.5000    7.500016672.7695   20.0164
    7.5000    7.5000    7.500015965.6191   20.0449
   -7.5000   15.0000    7.500015037.9912   19.9232
    0.0000   15.0000    7.500015524.7354   20.0057
    7.5000   15.0000    7.500014775.6475   20.0393
   -7.5000   22.5000    7.500013777.6523   19.9149
    0.0000   22.5000    7.500014246.1357   19.9901
    7.5000   22.5000    7.500013536.7334   20.0250
   -7.5000   30.0000    7.500012465.2432   19.6772
    0.0000   30.0000    7.500012892.8145   19.7461
    7.5000   30.0000    7.500012231.0986   19.7774
   -7.5000   37.5000    7.500011549.8203   19.6852
    0.0000   37.5000    7.500011921.9980   19.7562
    7.5000   37.5000    7.500011318.3242   19.7834
   -7.5000   45.0000    7.500010255.9883   19.2378
    0.0000   45.0000    7.500010542.8545   19.3129
    7.5000   45.0000    7.500010027.1260   19.3372
   -7.5000  -45.0000   15.000012356.0684   19.9089
    0.0000  -45.0000   15.000012752.6084   19.9966
    7.5000  -45.0000   15.000012191.8535   20.0251
   -7.5000  -37.5000   15.000012917.4160   19.9000
    0.0000  -37.5000   15.000013417.1738   19.9929
    7.5000  -37.5000   15.000012815.0889   20.0227
   -7.5000  -30.0000   15.000013826.7510   19.8923
    0.0000  -30.0000   15.000014270.7627   19.9836
    7.5000  -30.0000   15.000013820.5312   20.0128
   -7.5000  -22.5000   15.000014645.0596   19.8964
    0.0000  -22.5000   15.000014962.2031   19.9783
    7.5000  -22.5000   15.000014598.6045   20.0043
   -7.5000  -15.0000   15.000015544.2305   19.9080
    0.0000  -15.0000   15.000015799.0137   19.9833
    7.5000  -15.0000   15.000015347.5762   20.0067
   -7.5000   -7.5000   15.000016293.1006   19.9125
    0.0000   -7.5000   15.000016611.9395   19.9922
    7.5000   -7.5000   15.000016113.7959   20.0174
   -7.5000    0.0000   15.000016622.2949   19.9087
    0.0000    0.0000   15.000017003.3555   19.9964
    7.5000    0.0000   15.000016451.2539   20.0250
   -7.5000    7.5000   15.000015551.2578   19.9000
    0.0000    7.5000   15.000016013.1982   19.9929
    7.5000    7.5000   15.000015365.0361   20.0227
   -7.5000   15.0000   15.000014380.7373   19.8923
    0.0000   15.0000   15.000014904.6240   19.9836
    7.5000   15.0000   15.000014192.5762   20.0128
   -7.5000   22.5000   15.000013196.3867   19.8872
    0.0000   22.5000   15.000013700.5205   19.9691
    7.5000   22.5000   15.000012990.0957   19.9951
   -7.5000   30.0000   15.000011928.0840   19.6503
    0.0000   30.0000   15.000012366.4209   19.7247
    7.5000   30.0000   15.000011729.5928   19.7478
   -7.5000   37.5000   15.000011045.8604   19.6548
    0.0000   37.5000   15.000011425.4844   19.7334
    7.5000   37.5000   15.000010828.2559   19.7583
   -7.5000   45.0000   15.0000 9799.2783   19.2052
    0.0000   45.0000   15.000010094.3623   19.2895
    7.5000   45.0000   15.0000 9564.9463   19.3168
   -7.5000  -45.0000   22.500011659.2754   19.9840
    0.0000  -45.0000   22.500012006.3682   20.0628
    7.5000  -45.0000   22.500011489.1006   20.0781
   -7.5000  -37.5000   22.500012172.3975   19.9783
    0.0000  -37.5000   22.500012566.3818   20.0569
    7.5000  -37.5000   22.500012059.9385   20.0694
   -7.5000  -30.0000   22.500013070.4775   19.9745
    0.0000  -30.0000   22.500013462.7344   20.0486
    7.5000  -30.0000   22.500013014.5234   20.0571
   -7.5000  -22.5000   22.500013953.0430   19.9789
    0.0000  -22.5000   22.500014388.7285   20.0472
    7.5000  -22.5000   22.500013877.7881   20.0547
   -7.5000  -15.0000   22.500014809.7861   19.9892
    0.0000  -15.0000   22.500015313.2148   20.0564
    7.5000  -15.0000   22.500014683.6006   20.0653
   -7.5000   -7.5000   22.500015477.2578   19.9904
    0.0000   -7.5000   22.500016059.2617   20.0635
    7.5000   -7.5000   22.500015398.1865   20.0762
   -7.5000    0.0000   22.500015768.0723   19.9839
    0.0000    0.0000   22.500016352.6670   20.0626
    7.5000    0.0000   22.500015654.5752   20.0780
   -7.5000    7.5000   22.500014728.2373   19.9783
    0.0000    7.5000   22.500015275.0059   20.0569
    7.5000    7.5000   22.500014572.5898   20.0694
   -7.5000   15.0000   22.500013605.2656   19.9745
    0.0000   15.0000   22.500014118.5303   20.0486
    7.5000   15.0000   22.500013428.9258   20.0571
   -7.5000   22.5000   22.500012471.3779   19.9697
    0.0000   22.5000   22.500012921.8760   20.0380
    7.5000   22.5000   22.500012292.4131   20.0455
   -7.5000   30.0000   22.500011266.0088   19.7305
    0.0000   30.0000   22.500011653.2686   19.7969
    7.5000   30.0000   22.500011089.4727   19.8056
   -7.5000   37.5000   22.500010434.7559   19.7317
    0.0000   37.5000   22.500010783.8223   19.8038
    7.5000   37.5000   22.500010285.1357   19.8164
   -7.5000   45.0000   22.5000 9232.4404   19.2772
    0.0000   45.0000   22.5000 9530.9355   19.3529
    7.5000   45.0000   22.5000 9071.5029   19.3676
   -7.5000  -45.0000   30.000010879.8135   20.1974
    0.0000  -45.0000   30.000011294.1230   20.2596
    7.5000  -45.0000   30.000010758.8799   20.2605
   -7.5000  -37.5000   30.000011370.6719   20.1939
    0.0000  -37.5000   30.000011804.4424   20.2507
    7.5000  -37.5000   30.000011278.9463   20.2469
   -7.5000  -30.0000   30.000012218.2930   20.1941
    0.0000  -30.0000   30.000012661.9668   20.2439
    7.5000  -30.0000   30.000012135.7715   20.2375
   -7.5000  -22.5000   30.000013021.7344   20.1990
    0.0000  -22.5000   30.000013503.9688   20.2476
    7.5000  -22.5000   30.000012908.3232   20.2449
   -7.5000  -15.0000   30.000013780.2441   20.2087
    0.0000  -15.0000   30.000014303.3242   20.2623
    7.5000  -15.0000   30.000013629.0605   20.2635
   -7.5000   -7.5000   30.000014451.4893   20.2072
    0.0000   -7.5000   30.000015016.1406   20.2673
    7.5000   -7.5000   30.000014330.5791   20.2695
   -7.5000    0.0000   30.000014722.2412   20.1973
    0.0000    0.0000   30.000015302.3145   20.2595
    7.5000    0.0000   30.000014593.6523   20.2604
   -7.5000    7.5000   30.000013767.8770   20.1939
    0.0000    7.5000   30.000014301.7217   20.2507
    7.5000    7.5000   30.000013605.2812   20.2469
   -7.5000   15.0000   30.000012729.6807   20.1941
    0.0000   15.0000   30.000013229.1172   20.2439
    7.5000   15.0000   30.000012541.2432   20.2375
   -7.5000   22.5000   30.000011651.8701   20.1897
    0.0000   22.5000   30.000012085.8604   20.2383
    7.5000   22.5000   30.000011442.6621   20.2356
   -7.5000   30.0000   30.000010514.8945   19.9472
    0.0000   30.0000   30.000010888.3145   20.0001
    7.5000   30.0000   30.000010323.1094   20.0012
   -7.5000   37.5000   30.0000 9737.5986   19.9457
    0.0000   37.5000   30.000010050.4062   20.0050
    7.5000   37.5000   30.0000 9567.0049   20.0071
   -7.5000   45.0000   30.0000 8615.5850   19.4815
    0.0000   45.0000   30.0000 8861.2744   19.5413
    7.5000   45.0000   30.0000 8442.6123   19.5422
   -7.5000  -45.0000   37.500010544.8623   20.5215
    0.0000  -45.0000   37.500010939.0322   20.5768
    7.5000  -45.0000   37.500010398.6992   20.5756
   -7.5000  -37.5000   37.500010974.5723   20.5164
    0.0000  -37.5000   37.500011365.7676   20.5669
    7.5000  -37.5000   37.500010826.2930   20.5635
   -7.5000  -30.0000   37.500011776.0332   20.5135
    0.0000  -30.0000   37.500012163.4072   20.5587
    7.5000  -30.0000   37.500011615.3730   20.5593
   -7.5000  -22.5000   37.500012564.3037   20.5158
    0.0000  -22.5000   37.500012963.9414   20.5614
    7.5000  -22.5000   37.500012372.5254   20.5702
   -7.5000  -15.0000   37.500013269.8730   20.5266
    0.0000  -15.0000   37.500013707.1387   20.5773
    7.5000  -15.0000   37.500013060.1562   20.5883
   -7.5000   -7.5000   37.500013919.6699   20.5292
    0.0000   -7.5000   37.500014387.9414   20.5842
    7.5000   -7.5000   37.500013734.1309   20.5894
   -7.5000    0.0000   37.500014229.5371   20.5214
    0.0000    0.0000   37.500014749.6992   20.5766
    7.5000    0.0000   37.500014052.2373   20.5755
   -7.5000    7.5000   37.500013348.7178   20.5164
    0.0000    7.5000   37.500013819.1846   20.5669
    7.5000    7.5000   37.500013125.9043   20.5635
   -7.5000   15.0000   37.500012339.9697   20.5135
    0.0000   15.0000   37.500012780.3467   20.5587
    7.5000   15.0000   37.500012107.5928   20.5593
   -7.5000   22.5000   37.500011262.2246   20.5064
    0.0000   22.5000   37.500011646.6992   20.5520
    7.5000   22.5000   37.500011035.8730   20.5607
   -7.5000   30.0000   37.500010178.9580   20.2609
    0.0000   30.0000   37.500010495.3652   20.3110
    7.5000   30.0000   37.5000 9945.7119   20.3218
   -7.5000   37.5000   37.5000 9415.1211   20.2635
    0.0000   37.5000   37.5000 9696.0986   20.3179
    7.5000   37.5000   37.5000 9217.4961   20.3229
   -7.5000   45.0000   37.5000 8302.2354   19.7927
    0.0000   45.0000   37.5000 8537.7305   19.8458
    7.5000   45.0000   37.5000 8130.1729   19.8447
   -7.5000  -45.0000   45.0000 9675.2217   20.8233
    0.0000  -45.0000   45.000010028.1406   20.8895
    7.5000  -45.0000   45.0000 9512.1543   20.9021
   -7.5000  -37.5000   45.000010059.4990   20.8138
    0.0000  -37.5000   45.000010419.7275   20.8806
    7.5000  -37.5000   45.0000 9879.0430   20.8948
   -7.5000  -30.0000   45.000010773.7871   20.8042
    0.0000  -30.0000   45.000011152.8223   20.8695
    7.5000  -30.0000   45.000010598.3398   20.8923
   -7.5000  -22.5000   45.000011481.1152   20.8044
    0.0000  -22.5000   45.000011857.6484   20.8676
    7.5000  -22.5000   45.000011288.6504   20.8983
   -7.5000  -15.0000   45.000012117.7041   20.8167
    0.0000  -15.0000   45.000012538.2031   20.8800
    7.5000  -15.0000   45.000011944.8564   20.9100
   -7.5000   -7.5000   45.000012762.5576   20.8260
    0.0000   -7.5000   45.000013201.3799   20.8906
    7.5000   -7.5000   45.000012583.1299   20.9111
   -7.5000    0.0000   45.000013093.7686   20.8232
    0.0000    0.0000   45.000013581.7959   20.8893
    7.5000    0.0000   45.000012911.4141   20.9019
   -7.5000    7.5000   45.000012291.2383   20.8138
    0.0000    7.5000   45.000012717.9785   20.8806
    7.5000    7.5000   45.000012080.6943   20.8948
   -7.5000   15.0000   45.000011340.7217   20.8042
    0.0000   15.0000   45.000011733.9092   20.8695
    7.5000   15.0000   45.000011155.6924   20.8923
   -7.5000   22.5000   45.000010384.1113   20.7947
    0.0000   22.5000   45.000010719.1816   20.8579
    7.5000   22.5000   45.000010185.2451   20.8886
   -7.5000   30.0000   45.0000 9394.4443   20.5455
    0.0000   30.0000   45.0000 9677.2275   20.6080
    7.5000   30.0000   45.0000 9181.7256   20.6376
   -7.5000   37.5000   45.0000 8699.1270   20.5546
    0.0000   37.5000   45.0000 8954.5293   20.6185
    7.5000   37.5000   45.0000 8516.1514   20.6387
   -7.5000   45.0000   45.0000 7687.5103   20.0914
    0.0000   45.0000   45.0000 7878.8853   20.1551
    7.5000   45.0000   45.0000 7502.8291   20.1674

---------------------------------------------------------------------
imgreg_4dfp /opt/freesurfer/average/711-2C_as_mni_average_305 /opt/freesurfer/average/711-2B_as_mni_average_305_mask talsrcimg_g11 none talsrcimg_to_711-2C_as_mni_average_305_t4 4355
---------------------------------------------------------------------

freesurfer imgreg_4dfp.c
/opt/freesurfer/average/711-2C_as_mni_average_305.4dfp.img
       256       256       256         1
  1.000000  1.000000  1.000000
orientation T byte_order littleendian
Reading image: /opt/freesurfer/average/711-2C_as_mni_average_305.4dfp.img
dimensions:      256       256       256
mmppix:       1.0000   -1.0000   -1.0000
center:     128.0000 -129.0000 -129.0000
/opt/freesurfer/average/711-2B_as_mni_average_305_mask.4dfp.img
       256       256       256         1
  1.000000  1.000000  1.000000
orientation T byte_order littleendian
Reading mask: /opt/freesurfer/average/711-2B_as_mni_average_305_mask.4dfp.img (2306576 pixels)
talsrcimg_g11.4dfp.img
       256       256       256         1
  1.000000  1.000000  1.000000
orientation T byte_order littleendian
Reading image: talsrcimg_g11.4dfp.img
dimensions:      256       256       256
mmppix:       1.0000   -1.0000   -1.0000
center:     128.0000 -129.0000 -129.0000
rotation matrix determinant  1.000000
image alignment mode   4355 decimal     1103 hex
   -7.5000  -45.0000  -45.0000 2256.2056   19.6790
    0.0000  -45.0000  -45.0000 2272.5286   19.4880
    7.5000  -45.0000  -45.0000 2267.7244   19.6732
   -7.5000  -37.5000  -45.0000 2295.3103   18.6856
    0.0000  -37.5000  -45.0000 2310.9160   18.4792
    7.5000  -37.5000  -45.0000 2309.0579   18.6687
   -7.5000  -30.0000  -45.0000 2327.2720   17.9410
    0.0000  -30.0000  -45.0000 2333.5906   17.7506
    7.5000  -30.0000  -45.0000 2329.8191   18.0339
   -7.5000  -22.5000  -45.0000 2343.1416   17.6515
    0.0000  -22.5000  -45.0000 2345.5063   17.3889
    7.5000  -22.5000  -45.0000 2338.1843   17.6998
   -7.5000  -15.0000  -45.0000 2343.5713   17.6253
    0.0000  -15.0000  -45.0000 2343.6030   17.3588
    7.5000  -15.0000  -45.0000 2332.3650   17.6743
   -7.5000   -7.5000  -45.0000 2337.2839   17.9992
    0.0000   -7.5000  -45.0000 2341.8965   17.7139
    7.5000   -7.5000  -45.0000 2324.1895   18.0207
   -7.5000    0.0000  -45.0000 2307.6497   18.6194
    0.0000    0.0000  -45.0000 2310.9714   18.3675
    7.5000    0.0000  -45.0000 2295.6697   18.6941
   -7.5000    7.5000  -45.0000 2261.3464   19.5454
    0.0000    7.5000  -45.0000 2263.6907   19.3070
    7.5000    7.5000  -45.0000 2250.5371   19.6525
   -7.5000   15.0000  -45.0000 2191.9478   20.8367
    0.0000   15.0000  -45.0000 2196.9294   20.5952
    7.5000   15.0000  -45.0000 2182.1907   21.0018
   -7.5000   22.5000  -45.0000 2111.2297   22.6001
    0.0000   22.5000  -45.0000 2116.2734   22.2805
    7.5000   22.5000  -45.0000 2097.8306   22.6783
   -7.5000   30.0000  -45.0000 2016.1671   24.9558
    0.0000   30.0000  -45.0000 2014.5803   24.6084
    7.5000   30.0000  -45.0000 1998.8722   24.9905
   -7.5000   37.5000  -45.0000 1906.1836   28.3264
    0.0000   37.5000  -45.0000 1906.6251   27.9806
    7.5000   37.5000  -45.0000 1891.4193   28.2712
   -7.5000   45.0000  -45.0000 1788.0936   32.7722
    0.0000   45.0000  -45.0000 1793.1910   32.3920
    7.5000   45.0000  -45.0000 1774.6903   32.6774
   -7.5000  -45.0000  -37.5000 2344.6897   18.1413
    0.0000  -45.0000  -37.5000 2365.7742   18.0407
    7.5000  -45.0000  -37.5000 2360.8477   18.2653
   -7.5000  -37.5000  -37.5000 2391.6619   17.1715
    0.0000  -37.5000  -37.5000 2406.3623   17.0581
    7.5000  -37.5000  -37.5000 2403.1523   17.2562
   -7.5000  -30.0000  -37.5000 2422.1917   16.5136
    0.0000  -30.0000  -37.5000 2431.4622   16.4227
    7.5000  -30.0000  -37.5000 2421.2803   16.6384
   -7.5000  -22.5000  -37.5000 2433.0852   16.2213
    0.0000  -22.5000  -37.5000 2444.2656   16.0857
    7.5000  -22.5000  -37.5000 2429.8042   16.3252
   -7.5000  -15.0000  -37.5000 2431.1143   16.1652
    0.0000  -15.0000  -37.5000 2440.9739   16.0331
    7.5000  -15.0000  -37.5000 2428.1072   16.2720
   -7.5000   -7.5000  -37.5000 2429.1665   16.5005
    0.0000   -7.5000  -37.5000 2439.3542   16.3462
    7.5000   -7.5000  -37.5000 2418.1531   16.6074
   -7.5000    0.0000  -37.5000 2403.9668   17.1254
    0.0000    0.0000  -37.5000 2407.9424   16.9686
    7.5000    0.0000  -37.5000 2393.7588   17.2846
   -7.5000    7.5000  -37.5000 2358.2676   18.0337
    0.0000    7.5000  -37.5000 2364.5244   17.8951
    7.5000    7.5000  -37.5000 2347.5483   18.2345
   -7.5000   15.0000  -37.5000 2286.3596   19.2890
    0.0000   15.0000  -37.5000 2288.9705   19.0887
    7.5000   15.0000  -37.5000 2273.4897   19.4545
   -7.5000   22.5000  -37.5000 2195.6716   20.9198
    0.0000   22.5000  -37.5000 2199.0977   20.6676
    7.5000   22.5000  -37.5000 2182.4971   21.0160
   -7.5000   30.0000  -37.5000 2095.7715   23.1341
    0.0000   30.0000  -37.5000 2098.7795   22.8837
    7.5000   30.0000  -37.5000 2077.8833   23.1992
   -7.5000   37.5000  -37.5000 1980.4314   26.0809
    0.0000   37.5000  -37.5000 1978.6586   25.8640
    7.5000   37.5000  -37.5000 1960.7980   26.1696
   -7.5000   45.0000  -37.5000 1854.2944   30.0542
    0.0000   45.0000  -37.5000 1856.5997   29.8027
    7.5000   45.0000  -37.5000 1838.6964   30.0745
   -7.5000  -45.0000  -30.0000 2468.3433   17.3409
    0.0000  -45.0000  -30.0000 2486.7129   17.2689
    7.5000  -45.0000  -30.0000 2484.0312   17.4912
   -7.5000  -37.5000  -30.0000 2521.1287   16.3774
    0.0000  -37.5000  -30.0000 2536.1460   16.3366
    7.5000  -37.5000  -30.0000 2526.2561   16.5304
   -7.5000  -30.0000  -30.0000 2560.5559   15.7756
    0.0000  -30.0000  -30.0000 2570.6797   15.7515
    7.5000  -30.0000  -30.0000 2550.8899   15.8921
   -7.5000  -22.5000  -30.0000 2580.6777   15.4829
    0.0000  -22.5000  -30.0000 2591.7434   15.4202
    7.5000  -22.5000  -30.0000 2569.8464   15.6116
   -7.5000  -15.0000  -30.0000 2580.3618   15.4687
    0.0000  -15.0000  -30.0000 2595.0176   15.4337
    7.5000  -15.0000  -30.0000 2573.2417   15.6146
   -7.5000   -7.5000  -30.0000 2573.0654   15.7868
    0.0000   -7.5000  -30.0000 2588.5708   15.7482
    7.5000   -7.5000  -30.0000 2562.1130   15.9787
   -7.5000    0.0000  -30.0000 2542.8433   16.4158
    0.0000    0.0000  -30.0000 2555.0156   16.3627
    7.5000    0.0000  -30.0000 2530.9976   16.6192
   -7.5000    7.5000  -30.0000 2494.3555   17.3198
    0.0000    7.5000  -30.0000 2501.8188   17.2607
    7.5000    7.5000  -30.0000 2480.7671   17.5464
   -7.5000   15.0000  -30.0000 2414.5593   18.5300
    0.0000   15.0000  -30.0000 2423.3601   18.4349
    7.5000   15.0000  -30.0000 2402.4656   18.7451
   -7.5000   22.5000  -30.0000 2320.6338   20.0978
    0.0000   22.5000  -30.0000 2324.3037   19.9590
    7.5000   22.5000  -30.0000 2304.4946   20.2971
   -7.5000   30.0000  -30.0000 2203.1218   22.2007
    0.0000   30.0000  -30.0000 2211.6304   22.0660
    7.5000   30.0000  -30.0000 2193.7502   22.3608
   -7.5000   37.5000  -30.0000 2076.0027   25.0206
    0.0000   37.5000  -30.0000 2083.5652   24.8218
    7.5000   37.5000  -30.0000 2067.0913   25.1745
   -7.5000   45.0000  -30.0000 1944.1837   28.7229
    0.0000   45.0000  -30.0000 1954.3126   28.5033
    7.5000   45.0000  -30.0000 1936.3335   28.8093
   -7.5000  -45.0000  -22.5000 2563.6890   16.5158
    0.0000  -45.0000  -22.5000 2579.7217   16.4584
    7.5000  -45.0000  -22.5000 2571.3425   16.6050
   -7.5000  -37.5000  -22.5000 2629.1099   15.5439
    0.0000  -37.5000  -22.5000 2636.3403   15.5137
    7.5000  -37.5000  -22.5000 2624.6240   15.6569
   -7.5000  -30.0000  -22.5000 2674.3025   14.9627
    0.0000  -30.0000  -22.5000 2681.0596   14.9623
    7.5000  -30.0000  -22.5000 2657.5872   15.1167
   -7.5000  -22.5000  -22.5000 2701.5681   14.7034
    0.0000  -22.5000  -22.5000 2710.1477   14.7049
    7.5000  -22.5000  -22.5000 2685.6370   14.8443
   -7.5000  -15.0000  -22.5000 2704.5422   14.7456
    0.0000  -15.0000  -22.5000 2718.0574   14.7692
    7.5000  -15.0000  -22.5000 2688.5518   14.8849
   -7.5000   -7.5000  -22.5000 2692.1709   15.0758
    0.0000   -7.5000  -22.5000 2705.5527   15.0816
    7.5000   -7.5000  -22.5000 2675.1055   15.2577
   -7.5000    0.0000  -22.5000 2658.7324   15.6840
    0.0000    0.0000  -22.5000 2668.1599   15.6942
    7.5000    0.0000  -22.5000 2635.5825   15.9295
   -7.5000    7.5000  -22.5000 2603.0327   16.5416
    0.0000    7.5000  -22.5000 2612.4546   16.5478
    7.5000    7.5000  -22.5000 2586.4536   16.8120
   -7.5000   15.0000  -22.5000 2515.4333   17.7003
    0.0000   15.0000  -22.5000 2525.8066   17.6511
    7.5000   15.0000  -22.5000 2500.3528   17.9661
   -7.5000   22.5000  -22.5000 2411.1133   19.2514
    0.0000   22.5000  -22.5000 2416.8777   19.1821
    7.5000   22.5000  -22.5000 2396.8855   19.5132
   -7.5000   30.0000  -22.5000 2287.3538   21.3169
    0.0000   30.0000  -22.5000 2287.4482   21.1486
    7.5000   30.0000  -22.5000 2273.4285   21.5074
   -7.5000   37.5000  -22.5000 2158.0291   23.9978
    0.0000   37.5000  -22.5000 2157.1890   23.7484
    7.5000   37.5000  -22.5000 2143.3926   24.1308
   -7.5000   45.0000  -22.5000 2018.3976   27.4707
    0.0000   45.0000  -22.5000 2021.2695   27.1803
    7.5000   45.0000  -22.5000 2008.2380   27.6247
   -7.5000  -45.0000  -15.0000 2628.3088   15.7670
    0.0000  -45.0000  -15.0000 2644.0315   15.7302
    7.5000  -45.0000  -15.0000 2631.7869   15.8580
   -7.5000  -37.5000  -15.0000 2704.7036   14.8201
    0.0000  -37.5000  -15.0000 2714.0381   14.7917
    7.5000  -37.5000  -15.0000 2693.3113   14.9229
   -7.5000  -30.0000  -15.0000 2755.8442   14.2572
    0.0000  -30.0000  -15.0000 2763.4790   14.2462
    7.5000  -30.0000  -15.0000 2735.5127   14.3864
   -7.5000  -22.5000  -15.0000 2789.3130   14.0038
    0.0000  -22.5000  -15.0000 2796.7168   13.9947
    7.5000  -22.5000  -15.0000 2763.0544   14.1261
   -7.5000  -15.0000  -15.0000 2791.9639   14.0927
    0.0000  -15.0000  -15.0000 2803.6987   14.0776
    7.5000  -15.0000  -15.0000 2771.6331   14.1942
   -7.5000   -7.5000  -15.0000 2781.7061   14.4226
    0.0000   -7.5000  -15.0000 2793.3953   14.4241
    7.5000   -7.5000  -15.0000 2760.3494   14.5941
   -7.5000    0.0000  -15.0000 2740.0667   15.0114
    0.0000    0.0000  -15.0000 2749.9934   15.0400
    7.5000    0.0000  -15.0000 2713.5000   15.2551
   -7.5000    7.5000  -15.0000 2673.5938   15.8765
    0.0000    7.5000  -15.0000 2684.6729   15.8743
    7.5000    7.5000  -15.0000 2651.4229   16.1177
   -7.5000   15.0000  -15.0000 2578.9192   17.0507
    0.0000   15.0000  -15.0000 2589.4048   16.9874
    7.5000   15.0000  -15.0000 2561.4788   17.2438
   -7.5000   22.5000  -15.0000 2472.0051   18.5622
    0.0000   22.5000  -15.0000 2477.6938   18.4683
    7.5000   22.5000  -15.0000 2451.6562   18.7063
   -7.5000   30.0000  -15.0000 2342.1926   20.5214
    0.0000   30.0000  -15.0000 2337.3394   20.3921
    7.5000   30.0000  -15.0000 2316.3267   20.6561
   -7.5000   37.5000  -15.0000 2205.8149   23.0908
    0.0000   37.5000  -15.0000 2205.2119   22.9310
    7.5000   37.5000  -15.0000 2185.0413   23.2420
   -7.5000   45.0000  -15.0000 2057.6267   26.4697
    0.0000   45.0000  -15.0000 2063.6484   26.2133
    7.5000   45.0000  -15.0000 2048.6848   26.5658
   -7.5000  -45.0000   -7.5000 2674.2974   15.1603
    0.0000  -45.0000   -7.5000 2691.0825   15.1139
    7.5000  -45.0000   -7.5000 2676.0012   15.2923
   -7.5000  -37.5000   -7.5000 2764.2476   14.2195
    0.0000  -37.5000   -7.5000 2775.6587   14.1794
    7.5000  -37.5000   -7.5000 2752.7561   14.3599
   -7.5000  -30.0000   -7.5000 2823.3552   13.6431
    0.0000  -30.0000   -7.5000 2834.7529   13.5920
    7.5000  -30.0000   -7.5000 2800.5190   13.7588
   -7.5000  -22.5000   -7.5000 2862.1504   13.3617
    0.0000  -22.5000   -7.5000 2869.9275   13.3369
    7.5000  -22.5000   -7.5000 2829.0784   13.5246
   -7.5000  -15.0000   -7.5000 2861.8325   13.4475
    0.0000  -15.0000   -7.5000 2878.4116   13.4069
    7.5000  -15.0000   -7.5000 2840.1279   13.5759
   -7.5000   -7.5000   -7.5000 2848.4895   13.8090
    0.0000   -7.5000   -7.5000 2866.4214   13.8049
    7.5000   -7.5000   -7.5000 2825.8601   14.0008
   -7.5000    0.0000   -7.5000 2804.7195   14.4256
    0.0000    0.0000   -7.5000 2812.1211   14.4276
    7.5000    0.0000   -7.5000 2772.6870   14.6432
   -7.5000    7.5000   -7.5000 2726.5718   15.2981
    0.0000    7.5000   -7.5000 2733.0833   15.2851
    7.5000    7.5000   -7.5000 2698.0278   15.4793
   -7.5000   15.0000   -7.5000 2625.6128   16.4705
    0.0000   15.0000   -7.5000 2632.2314   16.4214
    7.5000   15.0000   -7.5000 2602.7751   16.6002
   -7.5000   22.5000   -7.5000 2514.8474   17.9497
    0.0000   22.5000   -7.5000 2524.5430   17.8586
    7.5000   22.5000   -7.5000 2491.4658   18.0654
   -7.5000   30.0000   -7.5000 2381.4844   19.8594
    0.0000   30.0000   -7.5000 2381.0774   19.7558
    7.5000   30.0000   -7.5000 2353.8164   19.9808
   -7.5000   37.5000   -7.5000 2235.7490   22.3283
    0.0000   37.5000   -7.5000 2240.7859   22.1572
    7.5000   37.5000   -7.5000 2216.3811   22.4614
   -7.5000   45.0000   -7.5000 2081.9497   25.4711
    0.0000   45.0000   -7.5000 2090.0237   25.2181
    7.5000   45.0000   -7.5000 2074.0664   25.6016
   -7.5000  -45.0000    0.0000 2698.9270   14.7810
    0.0000  -45.0000    0.0000 2714.9275   14.7050
    7.5000  -45.0000    0.0000 2696.7205   14.9441
   -7.5000  -37.5000    0.0000 2801.4451   13.8665
    0.0000  -37.5000    0.0000 2813.8408   13.7853
    7.5000  -37.5000    0.0000 2785.7100   14.0094
   -7.5000  -30.0000    0.0000 2871.8684   13.2512
    0.0000  -30.0000    0.0000 2890.5608   13.1469
    7.5000  -30.0000    0.0000 2847.5955   13.3957
   -7.5000  -22.5000    0.0000 2916.5242   12.8915
    0.0000  -22.5000    0.0000 2928.1912   12.7791
    7.5000  -22.5000    0.0000 2886.9629   13.0559
   -7.5000  -15.0000    0.0000 2920.1023   12.9566
    0.0000  -15.0000    0.0000 2931.5083   12.8987
    7.5000  -15.0000    0.0000 2896.6819   13.1018
   -7.5000   -7.5000    0.0000 2900.6890   13.3607
    0.0000   -7.5000    0.0000 2914.3625   13.3289
    7.5000   -7.5000    0.0000 2874.6270   13.5313
   -7.5000    0.0000    0.0000 2844.9104   14.0136
    0.0000    0.0000    0.0000 2849.7244   13.9834
    7.5000    0.0000    0.0000 2810.3113   14.1699
   -7.5000    7.5000    0.0000 2759.3181   14.9377
    0.0000    7.5000    0.0000 2763.9827   14.8800
    7.5000    7.5000    0.0000 2731.7866   15.0580
   -7.5000   15.0000    0.0000 2654.5740   16.0910
    0.0000   15.0000    0.0000 2654.8623   16.0017
    7.5000   15.0000    0.0000 2627.4385   16.2131
   -7.5000   22.5000    0.0000 2538.0767   17.5266
    0.0000   22.5000    0.0000 2542.8452   17.3946
    7.5000   22.5000    0.0000 2513.2070   17.6677
   -7.5000   30.0000    0.0000 2400.8875   19.3543
    0.0000   30.0000    0.0000 2402.6235   19.1921
    7.5000   30.0000    0.0000 2374.4377   19.5133
   -7.5000   37.5000    0.0000 2252.7847   21.7261
    0.0000   37.5000    0.0000 2259.3606   21.4958
    7.5000   37.5000    0.0000 2235.8857   21.8880
   -7.5000   45.0000    0.0000 2098.7017   24.7185
    0.0000   45.0000    0.0000 2102.3354   24.4373
    7.5000   45.0000    0.0000 2086.2803   24.8894
   -7.5000  -45.0000    7.5000 2712.3606   14.6228
    0.0000  -45.0000    7.5000 2721.2861   14.5107
    7.5000  -45.0000    7.5000 2699.8977   14.8182
   -7.5000  -37.5000    7.5000 2820.9299   13.7046
    0.0000  -37.5000    7.5000 2830.1968   13.5977
    7.5000  -37.5000    7.5000 2798.1289   13.8820
   -7.5000  -30.0000    7.5000 2904.8865   13.0885
    0.0000  -30.0000    7.5000 2923.2539   12.9836
    7.5000  -30.0000    7.5000 2879.1255   13.2487
   -7.5000  -22.5000    7.5000 2954.2583   12.5721
    0.0000  -22.5000    7.5000 2963.5022   12.3951
    7.5000  -22.5000    7.5000 2922.6143   12.8211
   -7.5000  -15.0000    7.5000 2967.9409   12.6676
    0.0000  -15.0000    7.5000 2965.6475   12.5180
    7.5000  -15.0000    7.5000 2928.3491   12.8385
   -7.5000   -7.5000    7.5000 2932.6963   13.2048
    0.0000   -7.5000    7.5000 2931.8757   13.0473
    7.5000   -7.5000    7.5000 2897.8689   13.2853
   -7.5000    0.0000    7.5000 2866.0969   13.8918
    0.0000    0.0000    7.5000 2865.2871   13.7599
    7.5000    0.0000    7.5000 2832.1106   13.9870
   -7.5000    7.5000    7.5000 2778.0269   14.7627
    0.0000    7.5000    7.5000 2776.5254   14.6452
    7.5000    7.5000    7.5000 2749.9934   14.8891
   -7.5000   15.0000    7.5000 2668.9802   15.8729
    0.0000   15.0000    7.5000 2667.5886   15.7845
    7.5000   15.0000    7.5000 2635.9688   16.0489
   -7.5000   22.5000    7.5000 2544.1736   17.2939
    0.0000   22.5000    7.5000 2548.9583   17.1931
    7.5000   22.5000    7.5000 2521.0403   17.5011
   -7.5000   30.0000    7.5000 2402.4546   19.1351
    0.0000   30.0000    7.5000 2408.2976   18.9793
    7.5000   30.0000    7.5000 2386.4487   19.3301
   -7.5000   37.5000    7.5000 2253.5859   21.5005
    0.0000   37.5000    7.5000 2260.0049   21.2629
    7.5000   37.5000    7.5000 2240.3345   21.6644
   -7.5000   45.0000    7.5000 2110.2063   24.4432
    0.0000   45.0000    7.5000 2108.1575   24.1805
    7.5000   45.0000    7.5000 2094.3943   24.6666
   -7.5000  -45.0000   15.0000 2704.0330   14.7293
    0.0000  -45.0000   15.0000 2704.2263   14.5296
    7.5000  -45.0000   15.0000 2683.2483   14.8656
   -7.5000  -37.5000   15.0000 2814.0989   13.7475
    0.0000  -37.5000   15.0000 2813.1243   13.5596
    7.5000  -37.5000   15.0000 2787.6543   13.8848
   -7.5000  -30.0000   15.0000 2895.8730   13.0400
    0.0000  -30.0000   15.0000 2899.4651   12.9047
    7.5000  -30.0000   15.0000 2868.9792   13.2518
   -7.5000  -22.5000   15.0000 2950.1228   12.6633
    0.0000  -22.5000   15.0000 2945.3142   12.4278
    7.5000  -22.5000   15.0000 2920.1550   12.8817
   -7.5000  -15.0000   15.0000 2973.0432   12.7857
    0.0000  -15.0000   15.0000 2963.2441   12.5287
    7.5000  -15.0000   15.0000 2931.1448   12.9059
   -7.5000   -7.5000   15.0000 2930.9807   13.2580
    0.0000   -7.5000   15.0000 2929.6362   13.0392
    7.5000   -7.5000   15.0000 2902.0166   13.3556
   -7.5000    0.0000   15.0000 2860.2942   13.9195
    0.0000    0.0000   15.0000 2855.5291   13.7560
    7.5000    0.0000   15.0000 2829.7859   14.0181
   -7.5000    7.5000   15.0000 2769.5903   14.8044
    0.0000    7.5000   15.0000 2769.0613   14.6719
    7.5000    7.5000   15.0000 2739.1270   14.8838
   -7.5000   15.0000   15.0000 2658.5623   15.9274
    0.0000   15.0000   15.0000 2661.1802   15.8159
    7.5000   15.0000   15.0000 2627.2595   16.0286
   -7.5000   22.5000   15.0000 2540.0459   17.3618
    0.0000   22.5000   15.0000 2547.3811   17.2700
    7.5000   22.5000   15.0000 2511.4834   17.5112
   -7.5000   30.0000   15.0000 2392.4543   19.1861
    0.0000   30.0000   15.0000 2399.8262   19.0659
    7.5000   30.0000   15.0000 2374.6377   19.3389
   -7.5000   37.5000   15.0000 2242.4460   21.5132
    0.0000   37.5000   15.0000 2249.3000   21.3664
    7.5000   37.5000   15.0000 2233.7402   21.7042
   -7.5000   45.0000   15.0000 2108.5593   24.4837
    0.0000   45.0000   15.0000 2106.0632   24.2644
    7.5000   45.0000   15.0000 2087.6018   24.7207
   -7.5000  -45.0000   22.5000 2699.2415   15.1050
    0.0000  -45.0000   22.5000 2688.3184   14.8303
    7.5000  -45.0000   22.5000 2660.6140   15.1545
   -7.5000  -37.5000   22.5000 2803.4282   14.1240
    0.0000  -37.5000   22.5000 2790.9255   13.8893
    7.5000  -37.5000   22.5000 2759.3967   14.2307
   -7.5000  -30.0000   22.5000 2879.5989   13.4297
    0.0000  -30.0000   22.5000 2870.6387   13.2338
    7.5000  -30.0000   22.5000 2841.0605   13.6528
   -7.5000  -22.5000   22.5000 2929.3289   13.1365
    0.0000  -22.5000   22.5000 2924.3025   12.9682
    7.5000  -22.5000   22.5000 2887.3225   13.3094
   -7.5000  -15.0000   22.5000 2941.4268   13.2091
    0.0000  -15.0000   22.5000 2943.8164   13.1063
    7.5000  -15.0000   22.5000 2893.7505   13.3222
   -7.5000   -7.5000   22.5000 2894.9072   13.5765
    0.0000   -7.5000   22.5000 2907.1084   13.5342
    7.5000   -7.5000   22.5000 2862.9136   13.7092
   -7.5000    0.0000   22.5000 2831.8704   14.2114
    0.0000    0.0000   22.5000 2835.2402   14.1503
    7.5000    0.0000   22.5000 2796.9827   14.3392
   -7.5000    7.5000   22.5000 2742.2754   15.0726
    0.0000    7.5000   22.5000 2746.0081   14.9762
    7.5000    7.5000   22.5000 2710.7322   15.1629
   -7.5000   15.0000   22.5000 2633.4670   16.1727
    0.0000   15.0000   22.5000 2639.6272   16.0422
    7.5000   15.0000   22.5000 2608.3889   16.2428
   -7.5000   22.5000   22.5000 2517.5408   17.5751
    0.0000   22.5000   22.5000 2520.5269   17.4252
    7.5000   22.5000   22.5000 2492.1050   17.6539
   -7.5000   30.0000   22.5000 2375.2373   19.4107
    0.0000   30.0000   22.5000 2378.0662   19.2477
    7.5000   30.0000   22.5000 2353.3267   19.5621
   -7.5000   37.5000   22.5000 2231.4136   21.7783
    0.0000   37.5000   22.5000 2232.1792   21.5978
    7.5000   37.5000   22.5000 2217.2776   21.9914
   -7.5000   45.0000   22.5000 2085.9578   24.7518
    0.0000   45.0000   22.5000 2087.6870   24.5785
    7.5000   45.0000   22.5000 2069.2324   24.9731
   -7.5000  -45.0000   30.0000 2674.2268   15.7208
    0.0000  -45.0000   30.0000 2674.6560   15.5704
    7.5000  -45.0000   30.0000 2634.6604   15.8417
   -7.5000  -37.5000   30.0000 2771.7559   14.7441
    0.0000  -37.5000   30.0000 2765.0283   14.6111
    7.5000  -37.5000   30.0000 2725.4648   14.9495
   -7.5000  -30.0000   30.0000 2838.8425   14.0693
    0.0000  -30.0000   30.0000 2830.9392   13.9333
    7.5000  -30.0000   30.0000 2791.4082   14.2798
   -7.5000  -22.5000   30.0000 2878.7144   13.7648
    0.0000  -22.5000   30.0000 2872.9966   13.6207
    7.5000  -22.5000   30.0000 2835.4143   13.9148
   -7.5000  -15.0000   30.0000 2879.4238   13.8045
    0.0000  -15.0000   30.0000 2887.6531   13.6931
    7.5000  -15.0000   30.0000 2839.2512   13.8973
   -7.5000   -7.5000   30.0000 2844.3892   14.1471
    0.0000   -7.5000   30.0000 2852.5239   14.0814
    7.5000   -7.5000   30.0000 2809.2576   14.2585
   -7.5000    0.0000   30.0000 2777.7197   14.7358
    0.0000    0.0000   30.0000 2786.0955   14.6966
    7.5000    0.0000   30.0000 2746.1472   14.8557
   -7.5000    7.5000   30.0000 2695.8179   15.5481
    0.0000    7.5000   30.0000 2703.7942   15.5552
    7.5000    7.5000   30.0000 2668.2910   15.6814
   -7.5000   15.0000   30.0000 2596.5435   16.6305
    0.0000   15.0000   30.0000 2606.6917   16.5727
    7.5000   15.0000   30.0000 2571.9766   16.7295
   -7.5000   22.5000   30.0000 2477.8235   18.0091
    0.0000   22.5000   30.0000 2486.7327   17.8914
    7.5000   22.5000   30.0000 2455.0154   18.0896
   -7.5000   30.0000   30.0000 2339.5742   19.8357
    0.0000   30.0000   30.0000 2343.4678   19.6828
    7.5000   30.0000   30.0000 2319.3242   19.9945
   -7.5000   37.5000   30.0000 2201.7424   22.2220
    0.0000   37.5000   30.0000 2201.1897   22.0158
    7.5000   37.5000   30.0000 2187.5095   22.4515
   -7.5000   45.0000   30.0000 2054.6956   25.2524
    0.0000   45.0000   30.0000 2056.2632   25.0313
    7.5000   45.0000   30.0000 2044.6945   25.4910
   -7.5000  -45.0000   37.5000 2640.6414   16.5974
    0.0000  -45.0000   37.5000 2636.8123   16.4877
    7.5000  -45.0000   37.5000 2595.4097   16.7319
   -7.5000  -37.5000   37.5000 2722.5068   15.5865
    0.0000  -37.5000   37.5000 2718.1318   15.4663
    7.5000  -37.5000   37.5000 2677.2461   15.7434
   -7.5000  -30.0000   37.5000 2776.5723   14.8910
    0.0000  -30.0000   37.5000 2770.2224   14.7676
    7.5000  -30.0000   37.5000 2732.0298   15.0515
   -7.5000  -22.5000   37.5000 2812.3357   14.5559
    0.0000  -22.5000   37.5000 2807.0830   14.4265
    7.5000  -22.5000   37.5000 2772.6956   14.6962
   -7.5000  -15.0000   37.5000 2807.9719   14.5530
    0.0000  -15.0000   37.5000 2812.7500   14.4334
    7.5000  -15.0000   37.5000 2772.8938   14.6571
   -7.5000   -7.5000   37.5000 2778.8560   14.8764
    0.0000   -7.5000   37.5000 2778.7029   14.7733
    7.5000   -7.5000   37.5000 2741.8137   14.9840
   -7.5000    0.0000   37.5000 2713.8442   15.4828
    0.0000    0.0000   37.5000 2720.8035   15.3942
    7.5000    0.0000   37.5000 2683.2439   15.5572
   -7.5000    7.5000   37.5000 2640.3901   16.2761
    0.0000    7.5000   37.5000 2646.2563   16.2379
    7.5000    7.5000   37.5000 2610.2148   16.3625
   -7.5000   15.0000   37.5000 2544.7869   17.3475
    0.0000   15.0000   37.5000 2550.8071   17.3019
    7.5000   15.0000   37.5000 2518.4370   17.4329
   -7.5000   22.5000   37.5000 2422.6990   18.7061
    0.0000   22.5000   37.5000 2428.2844   18.6156
    7.5000   22.5000   37.5000 2404.3372   18.8622
   -7.5000   30.0000   37.5000 2296.6194   20.4853
    0.0000   30.0000   37.5000 2297.5105   20.3747
    7.5000   30.0000   37.5000 2274.0750   20.7143
   -7.5000   37.5000   37.5000 2159.9087   22.9083
    0.0000   37.5000   37.5000 2160.5959   22.7517
    7.5000   37.5000   37.5000 2144.7812   23.1476
   -7.5000   45.0000   37.5000 2014.2094   25.9495
    0.0000   45.0000   37.5000 2013.8698   25.7398
    7.5000   45.0000   37.5000 2005.3877   26.2348
   -7.5000  -45.0000   45.0000 2581.6316   17.6059
    0.0000  -45.0000   45.0000 2578.0825   17.5070
    7.5000  -45.0000   45.0000 2534.3164   17.7165
   -7.5000  -37.5000   45.0000 2656.3647   16.5763
    0.0000  -37.5000   45.0000 2651.8372   16.4866
    7.5000  -37.5000   45.0000 2605.4158   16.7181
   -7.5000  -30.0000   45.0000 2702.8608   15.8501
    0.0000  -30.0000   45.0000 2697.7778   15.7681
    7.5000  -30.0000   45.0000 2658.0857   16.0014
   -7.5000  -22.5000   45.0000 2729.2654   15.5151
    0.0000  -22.5000   45.0000 2722.8423   15.4036
    7.5000  -22.5000   45.0000 2689.2556   15.6500
   -7.5000  -15.0000   45.0000 2722.0066   15.4406
    0.0000  -15.0000   45.0000 2726.0029   15.3457
    7.5000  -15.0000   45.0000 2693.9438   15.5653
   -7.5000   -7.5000   45.0000 2699.6675   15.7765
    0.0000   -7.5000   45.0000 2699.6392   15.6675
    7.5000   -7.5000   45.0000 2664.2458   15.8893
   -7.5000    0.0000   45.0000 2643.8787   16.3595
    0.0000    0.0000   45.0000 2650.7959   16.2599
    7.5000    0.0000   45.0000 2614.4966   16.4305
   -7.5000    7.5000   45.0000 2573.1687   17.1574
    0.0000    7.5000   45.0000 2577.2385   17.0897
    7.5000    7.5000   45.0000 2545.0388   17.2687
   -7.5000   15.0000   45.0000 2473.4419   18.2440
    0.0000   15.0000   45.0000 2479.9937   18.1725
    7.5000   15.0000   45.0000 2455.6914   18.3790
   -7.5000   22.5000   45.0000 2362.5579   19.6509
    0.0000   22.5000   45.0000 2364.9568   19.5364
    7.5000   22.5000   45.0000 2341.8354   19.8074
   -7.5000   30.0000   45.0000 2237.0884   21.4542
    0.0000   30.0000   45.0000 2236.4971   21.3873
    7.5000   30.0000   45.0000 2216.9241   21.6839
   -7.5000   37.5000   45.0000 2107.7131   23.8535
    0.0000   37.5000   45.0000 2112.3569   23.7262
    7.5000   37.5000   45.0000 2094.7070   24.0808
   -7.5000   45.0000   45.0000 1972.6726   26.9617
    0.0000   45.0000   45.0000 1971.5452   26.7546
    7.5000   45.0000   45.0000 1956.1810   27.2941

---------------------------------------------------------------------
imgreg_4dfp /opt/freesurfer/average/711-2C_as_mni_average_305 /opt/freesurfer/average/711-2B_as_mni_average_305_mask talsrcimg_g11 none talsrcimg_to_711-2C_as_mni_average_305_t4 1283
---------------------------------------------------------------------

freesurfer imgreg_4dfp.c
/opt/freesurfer/average/711-2C_as_mni_average_305.4dfp.img
       256       256       256         1
  1.000000  1.000000  1.000000
orientation T byte_order littleendian
Reading image: /opt/freesurfer/average/711-2C_as_mni_average_305.4dfp.img
dimensions:      256       256       256
mmppix:       1.0000   -1.0000   -1.0000
center:     128.0000 -129.0000 -129.0000
/opt/freesurfer/average/711-2B_as_mni_average_305_mask.4dfp.img
       256       256       256         1
  1.000000  1.000000  1.000000
orientation T byte_order littleendian
Reading mask: /opt/freesurfer/average/711-2B_as_mni_average_305_mask.4dfp.img (2306576 pixels)
talsrcimg_g11.4dfp.img
       256       256       256         1
  1.000000  1.000000  1.000000
orientation T byte_order littleendian
Reading image: talsrcimg_g11.4dfp.img
dimensions:      256       256       256
mmppix:       1.0000   -1.0000   -1.0000
center:     128.0000 -129.0000 -129.0000
rotation matrix determinant  1.000000
fimgreg.f
image alignment mode   1283 decimal      503 hex
parameters
   -7.5000  -15.0000   15.0000    0.0000    0.0000    0.0000
eta,q 0.93460 12.82964
niter,ni,del,rscale     5    3   12.0000    1.2000
parameter  3  0.926119 ->  0.500000 qaram    1.1500
parameter  4 -0.808113 -> -0.500000 qaram    1.1500
parameter  6 -0.839946 -> -0.500000 qaram    1.1500
parameters
   -5.3357  -16.0573   11.5500    3.4500    2.2410    3.4500
eta,q 0.93390 12.32629
  0.0875  0.0720  0.0678  0.0705  0.0728  0.0712
  0.0789  0.0707  0.0681  0.0695  0.0703  0.0704
  0.0730  0.0699  0.0700  0.0687  0.0686  0.0689
  0.0702  0.0701  0.0698  0.0683  0.0676  0.0674
  0.0701  0.0708  0.0696  0.0680  0.0674  0.0664
  0.0708  0.0716  0.0721  0.0676  0.0678  0.0661
  0.0724  0.0748  0.0749  0.0677  0.0682  0.0668
niter,ni,del,rscale     7    3   12.0000    1.2000
parameter  4  0.715714 ->  0.500000 qaram    1.3225
parameter  5 -0.914453 -> -0.500000 qaram    1.1500
parameters
   -5.2154  -17.2132   12.6711   -0.5175    5.6910    5.1636
eta,q 0.93504 12.22769
  0.0758  0.0687  0.0683  0.0656  0.0705  0.0703
  0.0682  0.0675  0.0684  0.0657  0.0696  0.0681
  0.0651  0.0665  0.0665  0.0665  0.0676  0.0668
  0.0661  0.0662  0.0664  0.0668  0.0659  0.0656
  0.0672  0.0663  0.0668  0.0674  0.0657  0.0650
  0.0694  0.0691  0.0660  0.0693  0.0656  0.0657
  0.0731  0.0746  0.0680  0.0719  0.0651  0.0674
niter,ni,del,rscale     7    3   12.0000    1.2000
parameter  3  0.669855 ->  0.500000 qaram    1.3225
parameters
   -4.5740  -18.5483    8.7036    0.0033    6.8253    5.0838
eta,q 0.93933 12.15891
  0.0696  0.0682  0.0624  0.0710  0.0681  0.0669
  0.0640  0.0645  0.0605  0.0657  0.0646  0.0639
  0.0641  0.0637  0.0596  0.0601  0.0608  0.0613
  0.0650  0.0649  0.0640  0.0597  0.0598  0.0607
  0.0651  0.0671  0.0645  0.0618  0.0618  0.0621
  0.0659  0.0688  0.0650  0.0649  0.0629  0.0642
  0.0658  0.0700  0.0678  0.0672  0.0634  0.0669
niter,ni,del,rscale     7    3   12.0000    1.2000
parameters
   -3.5297  -18.1253   10.4847    0.0938    6.9291    5.0067
eta,q 0.93730 12.20721
  0.0682  0.0704  0.0713  0.0712  0.0655  0.0670
  0.0630  0.0667  0.0635  0.0662  0.0619  0.0649
  0.0602  0.0634  0.0629  0.0619  0.0607  0.0634
  0.0607  0.0619  0.0620  0.0625  0.0626  0.0627
  0.0620  0.0632  0.0636  0.0653  0.0629  0.0631
  0.0606  0.0652  0.0639  0.0676  0.0626  0.0648
  0.0635  0.0684  0.0637  0.0686  0.0640  0.0675
niter,ni,del,rscale     6    3   12.0000    1.2000
parameters
   -3.4242  -18.3271    9.5763   -0.0312    6.5276    4.8790
eta,q 0.93841 12.22058
  0.0650  0.0704  0.0650  0.0702  0.0646  0.0664
  0.0625  0.0662  0.0627  0.0653  0.0608  0.0637
  0.0609  0.0633  0.0624  0.0614  0.0602  0.0621
  0.0627  0.0627  0.0626  0.0620  0.0619  0.0616
  0.0615  0.0652  0.0644  0.0651  0.0618  0.0624
  0.0614  0.0679  0.0632  0.0673  0.0620  0.0641
  0.0651  0.0701  0.0656  0.0682  0.0644  0.0666
niter,ni,del,rscale     5    3   12.0000    1.2000
parameters
   -3.7827  -18.2135   10.4258    0.0491    7.0013    5.0675
eta,q 0.93763 12.19189
  0.0645  0.0701  0.0686  0.0709  0.0662  0.0673
  0.0611  0.0660  0.0629  0.0658  0.0623  0.0651
  0.0595  0.0625  0.0626  0.0613  0.0603  0.0634
  0.0616  0.0612  0.0612  0.0618  0.0619  0.0624
  0.0609  0.0632  0.0641  0.0648  0.0630  0.0627
  0.0612  0.0659  0.0634  0.0672  0.0626  0.0645
  0.0656  0.0690  0.0648  0.0683  0.0636  0.0672
niter,ni,del,rscale     4    3   12.0000    1.2000
parameters
   -3.3129  -18.2578    9.5751   -0.0713    6.4526    4.8729
eta,q 0.93836 12.22718
  0.0656  0.0708  0.0649  0.0702  0.0644  0.0662
  0.0627  0.0665  0.0627  0.0653  0.0606  0.0635
  0.0608  0.0634  0.0625  0.0615  0.0604  0.0620
  0.0624  0.0626  0.0626  0.0620  0.0619  0.0617
  0.0615  0.0649  0.0645  0.0652  0.0616  0.0625
  0.0610  0.0676  0.0632  0.0673  0.0621  0.0641
  0.0646  0.0699  0.0653  0.0682  0.0647  0.0666
niter,ni,del,rscale     3    3   12.0000    1.2000
parameters
   -3.8040  -18.1934   10.4159    0.0246    7.0015    5.0840
eta,q 0.93767 12.19175
  0.0642  0.0700  0.0687  0.0709  0.0663  0.0673
  0.0610  0.0658  0.0630  0.0658  0.0624  0.0651
  0.0594  0.0623  0.0626  0.0611  0.0603  0.0634
  0.0616  0.0610  0.0611  0.0617  0.0617  0.0624
  0.0608  0.0632  0.0641  0.0647  0.0631  0.0627
  0.0613  0.0660  0.0635  0.0671  0.0626  0.0644
  0.0658  0.0690  0.0648  0.0682  0.0635  0.0671
niter,ni,del,rscale     2    3   12.0000    1.2000
parameters
   -3.3025  -18.2420    9.5838   -0.0804    6.4480    4.8755
eta,q 0.93836 12.22789
  0.0656  0.0708  0.0649  0.0702  0.0644  0.0662
  0.0627  0.0665  0.0627  0.0654  0.0606  0.0635
  0.0607  0.0634  0.0625  0.0615  0.0604  0.0620
  0.0623  0.0626  0.0626  0.0620  0.0619  0.0617
  0.0615  0.0649  0.0645  0.0652  0.0616  0.0625
  0.0610  0.0676  0.0632  0.0673  0.0621  0.0641
  0.0646  0.0699  0.0653  0.0682  0.0647  0.0666
niter,ni,del,rscale     1    3   12.0000    1.2000
parameters
   -3.8015  -18.1886   10.4131    0.0211    7.0004    5.0852
eta,q 0.93767 12.19211
  0.0642  0.0700  0.0687  0.0709  0.0663  0.0673
  0.0610  0.0658  0.0630  0.0658  0.0624  0.0651
  0.0594  0.0623  0.0626  0.0611  0.0602  0.0634
  0.0616  0.0610  0.0611  0.0617  0.0617  0.0624
  0.0608  0.0632  0.0641  0.0646  0.0631  0.0627
  0.0613  0.0660  0.0635  0.0671  0.0626  0.0644
  0.0658  0.0691  0.0648  0.0682  0.0635  0.0671
registration optimization eta report
parameter search radius
    6.0000    6.0000    7.9350    7.9350    6.9000    6.9000
100000*second partial in parameter space
       13.       22.        7.       12.        7.       10.
  0.0642  0.0700  0.0687  0.0709  0.0663  0.0673
  0.0610  0.0658  0.0630  0.0658  0.0624  0.0651
  0.0594  0.0623  0.0626  0.0611  0.0602  0.0634
  0.0616  0.0610  0.0611  0.0617  0.0617  0.0624
  0.0608  0.0632  0.0641  0.0646  0.0631  0.0627
  0.0613  0.0660  0.0635  0.0671  0.0626  0.0644
  0.0658  0.0691  0.0648  0.0682  0.0635  0.0671
   -3.8015  -18.1886   10.4131    0.0211    7.0004    5.0852
eta,q 0.93767 12.19211

---------------------------------------------------------------------
imgreg_4dfp /opt/freesurfer/average/711-2C_as_mni_average_305 /opt/freesurfer/average/711-2B_as_mni_average_305_mask talsrcimg_g11 none talsrcimg_to_711-2C_as_mni_average_305_t4 3335
---------------------------------------------------------------------

freesurfer imgreg_4dfp.c
/opt/freesurfer/average/711-2C_as_mni_average_305.4dfp.img
       256       256       256         1
  1.000000  1.000000  1.000000
orientation T byte_order littleendian
Reading image: /opt/freesurfer/average/711-2C_as_mni_average_305.4dfp.img
dimensions:      256       256       256
mmppix:       1.0000   -1.0000   -1.0000
center:     128.0000 -129.0000 -129.0000
/opt/freesurfer/average/711-2B_as_mni_average_305_mask.4dfp.img
       256       256       256         1
  1.000000  1.000000  1.000000
orientation T byte_order littleendian
Reading mask: /opt/freesurfer/average/711-2B_as_mni_average_305_mask.4dfp.img (2306576 pixels)
talsrcimg_g11.4dfp.img
       256       256       256         1
  1.000000  1.000000  1.000000
orientation T byte_order littleendian
Reading image: talsrcimg_g11.4dfp.img
dimensions:      256       256       256
mmppix:       1.0000   -1.0000   -1.0000
center:     128.0000 -129.0000 -129.0000
fimgreg.f
image alignment mode   3335 decimal      D07 hex
parameters
   -3.8015  -18.1886   10.4131   -1.1361   -0.3940   -0.7455
   -8.8682  -12.1364    8.7976   -1.1170   12.1876    0.0366
eta,q 0.94198 12.20796
niter,ni,del,rscale     5    3    5.0000    1.2000
parameter  4 -7.219437 ->  0.500000 qaram    1.1500
parameter  5 24.703894 ->  0.500000 qaram    1.1500
parameter  6 -6.706199 ->  0.500000 qaram    1.1500
parameter  8 -0.880127 -> -0.500000 qaram    1.1500
parameter 10  0.501197 ->  0.500000 qaram    1.1500
parameter 11  0.716142 ->  0.500000 qaram    1.1500
parameter 12  2.117831 ->  0.500000 qaram    1.1500
parameters
   -3.5989  -17.2067    9.6960   -5.2761   -4.5340   -4.8855
  -11.3951   -7.9964    6.5191   -5.2570    8.0476   -4.1034
eta,q 0.95951 11.75150
  0.0597  0.0601  0.0578  0.0495  0.0481  0.0399  0.0444  0.0462  0.0436  0.0431  0.0419  0.0399
  0.0592  0.0593  0.0577  0.0528  0.0503  0.0430  0.0441  0.0454  0.0431  0.0423  0.0419  0.0403
  0.0585  0.0585  0.0577  0.0556  0.0520  0.0470  0.0440  0.0448  0.0430  0.0422  0.0420  0.0410
  0.0580  0.0579  0.0577  0.0577  0.0537  0.0509  0.0441  0.0440  0.0431  0.0430  0.0422  0.0419
  0.0580  0.0577  0.0578  0.0603  0.0557  0.0535  0.0444  0.0433  0.0435  0.0442  0.0427  0.0429
  0.0585  0.0578  0.0580  0.0630  0.0578  0.0562  0.0448  0.0431  0.0443  0.0460  0.0433  0.0441
  0.0595  0.0583  0.0584  0.0652  0.0598  0.0597  0.0452  0.0435  0.0452  0.0480  0.0441  0.0452
niter,ni,del,rscale     7    3    5.0000    1.2000
parameter  3 -0.555622 -> -0.500000 qaram    1.1500
parameter  4  6.515641 ->  0.500000 qaram    1.3225
parameter  5  4.119954 ->  0.500000 qaram    1.3225
parameter  6  0.584689 ->  0.500000 qaram    1.3225
parameter  7 -0.598529 -> -0.500000 qaram    1.1500
parameters
   -3.5792  -18.1811   11.0760  -10.0371   -9.2950   -9.6465
   -7.2551   -9.5269    7.7300   -2.5812    8.4686   -5.1810
eta,q 0.97641 11.73417
  0.0427  0.0409  0.0442  0.0288  0.0251  0.0264  0.0319  0.0302  0.0276  0.0317  0.0264  0.0255
  0.0414  0.0403  0.0425  0.0309  0.0266  0.0259  0.0295  0.0264  0.0261  0.0286  0.0251  0.0244
  0.0406  0.0402  0.0411  0.0351  0.0292  0.0260  0.0274  0.0245  0.0250  0.0260  0.0241  0.0237
  0.0405  0.0405  0.0402  0.0396  0.0319  0.0273  0.0258  0.0248  0.0244  0.0243  0.0237  0.0236
  0.0408  0.0412  0.0397  0.0442  0.0343  0.0313  0.0250  0.0271  0.0243  0.0237  0.0238  0.0241
  0.0415  0.0424  0.0396  0.0487  0.0371  0.0374  0.0248  0.0309  0.0249  0.0242  0.0245  0.0252
  0.0425  0.0439  0.0400  0.0523  0.0402  0.0434  0.0254  0.0355  0.0261  0.0261  0.0260  0.0268
niter,ni,del,rscale     7    3    5.0000    1.2000
parameter  4  0.506747 ->  0.500000 qaram    1.5209
parameters
   -3.2669  -18.5950   10.1249  -15.5122  -11.7911   -9.1548
   -7.7765  -10.2017    9.3693   -2.5609   10.0777   -4.9195
eta,q 0.97920 11.62103
  0.0292  0.0257  0.0242  0.0236  0.0254  0.0264  0.0247  0.0271  0.0243  0.0256  0.0226  0.0232
  0.0264  0.0242  0.0233  0.0222  0.0230  0.0242  0.0227  0.0230  0.0228  0.0230  0.0218  0.0219
  0.0245  0.0235  0.0230  0.0215  0.0215  0.0225  0.0214  0.0212  0.0217  0.0214  0.0212  0.0211
  0.0236  0.0235  0.0234  0.0230  0.0219  0.0213  0.0212  0.0211  0.0210  0.0209  0.0209  0.0208
  0.0237  0.0243  0.0243  0.0270  0.0246  0.0201  0.0219  0.0223  0.0209  0.0215  0.0208  0.0210
  0.0248  0.0258  0.0256  0.0326  0.0277  0.0211  0.0234  0.0248  0.0213  0.0230  0.0210  0.0217
  0.0269  0.0279  0.0273  0.0373  0.0310  0.0273  0.0257  0.0291  0.0223  0.0255  0.0217  0.0230
niter,ni,del,rscale     7    3    5.0000    1.2000
parameters
   -3.1941  -18.3497    9.8869  -15.7173  -12.1138   -9.4236
   -8.2406  -10.3602    9.3382   -2.4620    9.9666   -5.2149
eta,q 0.97908 11.58927
  0.0246  0.0249  0.0224  0.0276  0.0270  0.0257  0.0246  0.0279  0.0231  0.0256  0.0221  0.0230
  0.0226  0.0228  0.0213  0.0248  0.0243  0.0236  0.0225  0.0235  0.0219  0.0230  0.0215  0.0218
  0.0213  0.0214  0.0208  0.0225  0.0220  0.0220  0.0212  0.0214  0.0212  0.0214  0.0211  0.0211
  0.0208  0.0208  0.0208  0.0207  0.0208  0.0208  0.0209  0.0209  0.0209  0.0209  0.0209  0.0209
  0.0211  0.0210  0.0211  0.0206  0.0220  0.0198  0.0216  0.0217  0.0212  0.0215  0.0210  0.0212
  0.0223  0.0219  0.0218  0.0237  0.0250  0.0219  0.0232  0.0241  0.0220  0.0229  0.0214  0.0220
  0.0242  0.0235  0.0230  0.0299  0.0279  0.0288  0.0254  0.0282  0.0232  0.0253  0.0224  0.0233
niter,ni,del,rscale     6    3    5.0000    1.2000
parameters
   -3.1832  -18.2537    9.8770  -15.6521  -12.1805   -9.4246
   -8.2404  -10.3414    9.3766   -2.3234    9.9442   -5.3542
eta,q 0.97910 11.58929
  0.0245  0.0245  0.0228  0.0278  0.0273  0.0258  0.0250  0.0282  0.0232  0.0256  0.0221  0.0230
  0.0226  0.0226  0.0217  0.0250  0.0245  0.0237  0.0228  0.0237  0.0220  0.0229  0.0215  0.0219
  0.0214  0.0214  0.0211  0.0227  0.0222  0.0220  0.0214  0.0214  0.0212  0.0214  0.0211  0.0211
  0.0209  0.0209  0.0209  0.0209  0.0209  0.0209  0.0209  0.0209  0.0209  0.0209  0.0209  0.0209
  0.0213  0.0212  0.0211  0.0205  0.0219  0.0197  0.0214  0.0216  0.0211  0.0214  0.0209  0.0212
  0.0225  0.0222  0.0217  0.0234  0.0247  0.0214  0.0228  0.0239  0.0219  0.0229  0.0213  0.0219
  0.0245  0.0239  0.0228  0.0294  0.0276  0.0281  0.0249  0.0279  0.0231  0.0251  0.0223  0.0232
niter,ni,del,rscale     5    3    5.0000    1.2000
parameters
   -3.1862  -18.2230    9.8616  -15.6323  -12.1867   -9.4356
   -8.2312  -10.3533    9.3939   -2.2613    9.9247   -5.4023
eta,q 0.97910 11.58944
  0.0244  0.0242  0.0227  0.0278  0.0274  0.0258  0.0250  0.0281  0.0231  0.0255  0.0221  0.0231
  0.0225  0.0224  0.0217  0.0250  0.0246  0.0237  0.0228  0.0237  0.0219  0.0229  0.0215  0.0219
  0.0213  0.0213  0.0211  0.0227  0.0222  0.0220  0.0214  0.0214  0.0212  0.0213  0.0211  0.0212
  0.0209  0.0209  0.0209  0.0209  0.0209  0.0209  0.0209  0.0209  0.0209  0.0209  0.0209  0.0209
  0.0213  0.0213  0.0211  0.0206  0.0218  0.0197  0.0214  0.0216  0.0211  0.0215  0.0209  0.0212
  0.0225  0.0223  0.0217  0.0235  0.0246  0.0214  0.0228  0.0239  0.0219  0.0229  0.0213  0.0219
  0.0245  0.0241  0.0227  0.0295  0.0275  0.0281  0.0249  0.0280  0.0231  0.0252  0.0223  0.0231
niter,ni,del,rscale     4    3    5.0000    1.2000
parameters
   -3.1882  -18.2119    9.8512  -15.6261  -12.1858   -9.4380
   -8.2249  -10.3563    9.4023   -2.2374    9.9320   -5.4225
eta,q 0.97910 11.58963
  0.0244  0.0242  0.0227  0.0278  0.0274  0.0258  0.0250  0.0282  0.0231  0.0254  0.0222  0.0231
  0.0225  0.0224  0.0217  0.0250  0.0246  0.0237  0.0228  0.0237  0.0219  0.0228  0.0215  0.0219
  0.0213  0.0213  0.0211  0.0227  0.0222  0.0220  0.0214  0.0214  0.0212  0.0213  0.0211  0.0212
  0.0209  0.0209  0.0209  0.0209  0.0209  0.0209  0.0209  0.0209  0.0209  0.0209  0.0209  0.0209
  0.0213  0.0213  0.0211  0.0206  0.0218  0.0197  0.0214  0.0216  0.0211  0.0215  0.0209  0.0212
  0.0225  0.0224  0.0217  0.0235  0.0246  0.0214  0.0228  0.0239  0.0219  0.0229  0.0213  0.0219
  0.0245  0.0241  0.0227  0.0295  0.0275  0.0281  0.0249  0.0280  0.0231  0.0252  0.0223  0.0231
registration optimization eta report
parameter search radius
    2.4000    2.4000    2.7600   10.9503    9.5220    9.5220
    8.2800    8.2800    7.2000    8.2800    8.2800    8.2800
100000*second partial in parameter space
       62.       56.       24.        7.        7.        7.
        6.       11.        4.        6.        2.        3.
  0.0244  0.0242  0.0227  0.0278  0.0274  0.0258  0.0250  0.0282  0.0231  0.0254  0.0222  0.0231
  0.0225  0.0224  0.0217  0.0250  0.0246  0.0237  0.0228  0.0237  0.0219  0.0228  0.0215  0.0219
  0.0213  0.0213  0.0211  0.0227  0.0222  0.0220  0.0214  0.0214  0.0212  0.0213  0.0211  0.0212
  0.0209  0.0209  0.0209  0.0209  0.0209  0.0209  0.0209  0.0209  0.0209  0.0209  0.0209  0.0209
  0.0213  0.0213  0.0211  0.0206  0.0218  0.0197  0.0214  0.0216  0.0211  0.0215  0.0209  0.0212
  0.0225  0.0224  0.0217  0.0235  0.0246  0.0214  0.0228  0.0239  0.0219  0.0229  0.0213  0.0219
  0.0245  0.0241  0.0227  0.0295  0.0275  0.0281  0.0249  0.0280  0.0231  0.0252  0.0223  0.0231
   -3.1882  -18.2119    9.8512  -15.6261  -12.1858   -9.4380
   -8.2249  -10.3563    9.4023   -2.2374    9.9320   -5.4225
eta,q 0.97910 11.58963

---------------------------------------------------------------------
imgreg_4dfp /opt/freesurfer/average/711-2C_as_mni_average_305 /opt/freesurfer/average/711-2B_as_mni_average_305_mask talsrcimg_g11 none talsrcimg_to_711-2C_as_mni_average_305_t4 2311
---------------------------------------------------------------------

freesurfer imgreg_4dfp.c
/opt/freesurfer/average/711-2C_as_mni_average_305.4dfp.img
       256       256       256         1
  1.000000  1.000000  1.000000
orientation T byte_order littleendian
Reading image: /opt/freesurfer/average/711-2C_as_mni_average_305.4dfp.img
dimensions:      256       256       256
mmppix:       1.0000   -1.0000   -1.0000
center:     128.0000 -129.0000 -129.0000
/opt/freesurfer/average/711-2B_as_mni_average_305_mask.4dfp.img
       256       256       256         1
  1.000000  1.000000  1.000000
orientation T byte_order littleendian
Reading mask: /opt/freesurfer/average/711-2B_as_mni_average_305_mask.4dfp.img (2306576 pixels)
talsrcimg_g11.4dfp.img
       256       256       256         1
  1.000000  1.000000  1.000000
orientation T byte_order littleendian
Reading image: talsrcimg_g11.4dfp.img
dimensions:      256       256       256
mmppix:       1.0000   -1.0000   -1.0000
center:     128.0000 -129.0000 -129.0000
fimgreg.f
image alignment mode   2311 decimal      907 hex
parameters
   -3.1882  -18.2119    9.8512  -15.6261  -12.1858   -9.4380
   -8.2249  -10.3563    9.4023   -2.2374    9.9320   -5.4225
eta,q 0.97910 11.58962
niter,ni,del,rscale     5    3    5.0000    0.8000
parameter  6 -0.663027 -> -0.500000 qaram    1.1500
parameters
   -3.1660  -18.2124    9.8226  -13.4726  -12.2087   -6.6780
   -8.0392  -10.5333    9.1152   -2.1117    9.5438   -5.4767
eta,q 0.98056 11.72733
  0.0225  0.0224  0.0215  0.0234  0.0227  0.0224  0.0215  0.0237  0.0206  0.0217  0.0205  0.0204
  0.0216  0.0216  0.0212  0.0225  0.0216  0.0216  0.0204  0.0213  0.0199  0.0205  0.0199  0.0199
  0.0211  0.0211  0.0210  0.0216  0.0207  0.0210  0.0197  0.0198  0.0195  0.0198  0.0195  0.0196
  0.0209  0.0209  0.0209  0.0209  0.0203  0.0203  0.0195  0.0195  0.0195  0.0194  0.0194  0.0194
  0.0210  0.0211  0.0210  0.0204  0.0206  0.0198  0.0196  0.0202  0.0196  0.0196  0.0196  0.0195
  0.0216  0.0216  0.0212  0.0204  0.0215  0.0194  0.0202  0.0219  0.0201  0.0203  0.0201  0.0199
  0.0225  0.0224  0.0215  0.0212  0.0229  0.0202  0.0212  0.0242  0.0209  0.0215  0.0209  0.0205
niter,ni,del,rscale     5    3    5.0000    0.8000
parameters
   -3.2492  -18.2853   10.3631  -14.1590  -12.4576   -7.2529
   -8.0371  -10.4902    9.4138   -2.1915    9.8729   -5.0913
eta,q 0.98043 11.71136
  0.0216  0.0209  0.0214  0.0213  0.0216  0.0217  0.0213  0.0232  0.0209  0.0214  0.0205  0.0206
  0.0204  0.0201  0.0205  0.0203  0.0205  0.0209  0.0203  0.0211  0.0202  0.0204  0.0201  0.0201
  0.0196  0.0196  0.0198  0.0196  0.0197  0.0202  0.0198  0.0199  0.0198  0.0198  0.0198  0.0197
  0.0194  0.0194  0.0194  0.0193  0.0194  0.0194  0.0196  0.0196  0.0196  0.0196  0.0196  0.0196
  0.0198  0.0197  0.0193  0.0198  0.0197  0.0193  0.0198  0.0200  0.0197  0.0198  0.0196  0.0196
  0.0207  0.0203  0.0194  0.0212  0.0207  0.0209  0.0204  0.0212  0.0200  0.0204  0.0198  0.0199
  0.0221  0.0212  0.0198  0.0232  0.0223  0.0245  0.0213  0.0230  0.0206  0.0215  0.0203  0.0203
niter,ni,del,rscale     4    3    5.0000    0.7000
parameters
   -3.2567  -18.2953   10.2096  -14.0142  -12.3312   -7.1856
   -8.1365  -10.5830    9.3259   -2.2369    9.9282   -5.0728
eta,q 0.98050 11.71725
  0.0212  0.0208  0.0201  0.0216  0.0216  0.0216  0.0208  0.0223  0.0204  0.0209  0.0202  0.0202
  0.0203  0.0201  0.0198  0.0207  0.0206  0.0209  0.0200  0.0207  0.0199  0.0202  0.0199  0.0198
  0.0198  0.0197  0.0196  0.0200  0.0199  0.0202  0.0196  0.0197  0.0196  0.0197  0.0196  0.0196
  0.0196  0.0196  0.0196  0.0196  0.0195  0.0195  0.0195  0.0195  0.0195  0.0195  0.0195  0.0195
  0.0198  0.0197  0.0197  0.0196  0.0196  0.0192  0.0197  0.0199  0.0196  0.0196  0.0195  0.0196
  0.0203  0.0201  0.0200  0.0203  0.0203  0.0200  0.0202  0.0209  0.0199  0.0202  0.0198  0.0198
  0.0212  0.0208  0.0204  0.0216  0.0215  0.0223  0.0209  0.0225  0.0204  0.0210  0.0202  0.0202
niter,ni,del,rscale     3    3    5.0000    0.6000
parameters
   -3.2575  -18.3143   10.2225  -13.9423  -12.2838   -6.8407
   -8.1033  -10.6577    9.2645   -2.2261    9.9043   -5.0780
eta,q 0.98065 11.72720
  0.0207  0.0204  0.0200  0.0210  0.0210  0.0212  0.0204  0.0216  0.0200  0.0205  0.0199  0.0199
  0.0200  0.0199  0.0197  0.0204  0.0203  0.0207  0.0198  0.0203  0.0197  0.0199  0.0196  0.0196
  0.0196  0.0196  0.0195  0.0198  0.0197  0.0201  0.0195  0.0196  0.0194  0.0195  0.0194  0.0194
  0.0195  0.0195  0.0195  0.0195  0.0195  0.0195  0.0194  0.0194  0.0194  0.0194  0.0194  0.0194
  0.0196  0.0196  0.0196  0.0196  0.0196  0.0192  0.0195  0.0197  0.0194  0.0195  0.0194  0.0194
  0.0200  0.0199  0.0197  0.0201  0.0201  0.0197  0.0198  0.0205  0.0197  0.0199  0.0196  0.0196
  0.0207  0.0204  0.0200  0.0211  0.0210  0.0212  0.0203  0.0217  0.0201  0.0205  0.0200  0.0199
niter,ni,del,rscale     2    3    5.0000    0.5000
parameters
   -3.2626  -18.3280   10.2817  -13.9240  -12.2685   -6.4956
   -8.0733  -10.7199    9.2290   -2.2150    9.8757   -5.1045
eta,q 0.98075 11.73443
  0.0202  0.0200  0.0198  0.0205  0.0204  0.0208  0.0200  0.0209  0.0197  0.0201  0.0197  0.0197
  0.0198  0.0196  0.0196  0.0200  0.0199  0.0203  0.0196  0.0199  0.0195  0.0196  0.0195  0.0194
  0.0195  0.0194  0.0194  0.0196  0.0195  0.0198  0.0193  0.0194  0.0193  0.0194  0.0193  0.0193
  0.0194  0.0194  0.0194  0.0194  0.0194  0.0194  0.0193  0.0192  0.0193  0.0193  0.0193  0.0192
  0.0195  0.0194  0.0194  0.0194  0.0194  0.0191  0.0193  0.0195  0.0193  0.0193  0.0193  0.0193
  0.0198  0.0197  0.0195  0.0199  0.0198  0.0195  0.0196  0.0201  0.0195  0.0196  0.0194  0.0194
  0.0203  0.0200  0.0197  0.0206  0.0205  0.0207  0.0200  0.0210  0.0197  0.0201  0.0197  0.0197
niter,ni,del,rscale     1    3    5.0000    0.4000
parameters
   -3.2674  -18.3417   10.3478  -13.9195  -12.2702   -6.1797
   -8.0468  -10.7720    9.2098   -2.2041    9.8338   -5.1325
eta,q 0.98083 11.73954
  0.0198  0.0197  0.0196  0.0200  0.0200  0.0204  0.0197  0.0203  0.0195  0.0197  0.0195  0.0194
  0.0195  0.0194  0.0194  0.0197  0.0196  0.0200  0.0194  0.0196  0.0193  0.0194  0.0193  0.0193
  0.0193  0.0193  0.0193  0.0194  0.0194  0.0196  0.0192  0.0193  0.0192  0.0192  0.0192  0.0192
  0.0193  0.0193  0.0193  0.0192  0.0192  0.0192  0.0192  0.0192  0.0192  0.0192  0.0192  0.0192
  0.0193  0.0193  0.0193  0.0193  0.0193  0.0191  0.0192  0.0193  0.0192  0.0192  0.0192  0.0192
  0.0195  0.0195  0.0193  0.0196  0.0196  0.0194  0.0194  0.0197  0.0193  0.0194  0.0193  0.0193
  0.0198  0.0197  0.0195  0.0201  0.0200  0.0202  0.0196  0.0204  0.0195  0.0197  0.0195  0.0195
registration optimization eta report
parameter search radius
    0.8000    0.8000    0.8000    2.4000    2.4000    2.7600
    2.4000    2.4000    2.4000    2.4000    2.4000    2.4000
100000*second partial in parameter space
       91.       66.       44.       14.       13.       14.
        8.       20.        5.       10.        5.        5.
  0.0198  0.0197  0.0196  0.0200  0.0200  0.0204  0.0197  0.0203  0.0195  0.0197  0.0195  0.0194
  0.0195  0.0194  0.0194  0.0197  0.0196  0.0200  0.0194  0.0196  0.0193  0.0194  0.0193  0.0193
  0.0193  0.0193  0.0193  0.0194  0.0194  0.0196  0.0192  0.0193  0.0192  0.0192  0.0192  0.0192
  0.0193  0.0193  0.0193  0.0192  0.0192  0.0192  0.0192  0.0192  0.0192  0.0192  0.0192  0.0192
  0.0193  0.0193  0.0193  0.0193  0.0193  0.0191  0.0192  0.0193  0.0192  0.0192  0.0192  0.0192
  0.0195  0.0195  0.0193  0.0196  0.0196  0.0194  0.0194  0.0197  0.0193  0.0194  0.0193  0.0193
  0.0198  0.0197  0.0195  0.0201  0.0200  0.0202  0.0196  0.0204  0.0195  0.0197  0.0195  0.0195
   -3.2674  -18.3417   10.3478  -13.9195  -12.2702   -6.1797
   -8.0468  -10.7720    9.2098   -2.2041    9.8338   -5.1325
eta,q 0.98083 11.73954

---------------------------------------------------------------------
imgreg_4dfp /opt/freesurfer/average/711-2C_as_mni_average_305 /opt/freesurfer/average/711-2B_as_mni_average_305_mask talsrcimg_g11 none talsrcimg_to_711-2C_as_mni_average_305_t4 2311
---------------------------------------------------------------------

freesurfer imgreg_4dfp.c
/opt/freesurfer/average/711-2C_as_mni_average_305.4dfp.img
       256       256       256         1
  1.000000  1.000000  1.000000
orientation T byte_order littleendian
Reading image: /opt/freesurfer/average/711-2C_as_mni_average_305.4dfp.img
dimensions:      256       256       256
mmppix:       1.0000   -1.0000   -1.0000
center:     128.0000 -129.0000 -129.0000
/opt/freesurfer/average/711-2B_as_mni_average_305_mask.4dfp.img
       256       256       256         1
  1.000000  1.000000  1.000000
orientation T byte_order littleendian
Reading mask: /opt/freesurfer/average/711-2B_as_mni_average_305_mask.4dfp.img (2306576 pixels)
talsrcimg_g11.4dfp.img
       256       256       256         1
  1.000000  1.000000  1.000000
orientation T byte_order littleendian
Reading image: talsrcimg_g11.4dfp.img
dimensions:      256       256       256
mmppix:       1.0000   -1.0000   -1.0000
center:     128.0000 -129.0000 -129.0000
fimgreg.f
image alignment mode   2311 decimal      907 hex
parameters
   -3.2674  -18.3417   10.3478  -13.9195  -12.2702   -6.1797
   -8.0468  -10.7720    9.2098   -2.2041    9.8338   -5.1325
eta,q 0.98083 11.73953
niter,ni,del,rscale     5    3    5.0000    0.8000
parameters
   -3.2847  -18.3476   10.4660  -14.3724  -12.5363   -6.7318
   -8.0737  -10.6500    9.3484   -2.3434    9.8568   -4.9783
eta,q 0.98057 11.71643
  0.0214  0.0208  0.0206  0.0214  0.0215  0.0213  0.0211  0.0233  0.0207  0.0212  0.0203  0.0204
  0.0202  0.0199  0.0198  0.0204  0.0204  0.0206  0.0202  0.0212  0.0200  0.0202  0.0199  0.0199
  0.0194  0.0194  0.0193  0.0196  0.0196  0.0199  0.0196  0.0198  0.0196  0.0196  0.0196  0.0196
  0.0192  0.0192  0.0192  0.0192  0.0192  0.0192  0.0194  0.0194  0.0194  0.0194  0.0194  0.0194
  0.0194  0.0194  0.0193  0.0196  0.0195  0.0193  0.0196  0.0198  0.0195  0.0197  0.0195  0.0195
  0.0203  0.0199  0.0196  0.0208  0.0206  0.0208  0.0202  0.0210  0.0199  0.0204  0.0198  0.0198
  0.0216  0.0209  0.0202  0.0227  0.0222  0.0237  0.0211  0.0229  0.0205  0.0215  0.0204  0.0203
niter,ni,del,rscale     4    3    5.0000    0.7000
parameters
   -3.2690  -18.3287   10.2940  -14.1413  -12.4253   -6.7424
   -8.1152  -10.6457    9.3117   -2.3189    9.8485   -5.0164
eta,q 0.98064 11.72181
  0.0211  0.0207  0.0200  0.0215  0.0214  0.0211  0.0207  0.0224  0.0203  0.0209  0.0201  0.0201
  0.0202  0.0200  0.0196  0.0206  0.0205  0.0206  0.0199  0.0207  0.0198  0.0201  0.0197  0.0197
  0.0196  0.0196  0.0194  0.0199  0.0197  0.0199  0.0195  0.0197  0.0195  0.0196  0.0195  0.0195
  0.0194  0.0194  0.0194  0.0194  0.0194  0.0194  0.0194  0.0194  0.0194  0.0194  0.0194  0.0194
  0.0196  0.0195  0.0196  0.0194  0.0195  0.0192  0.0195  0.0198  0.0195  0.0195  0.0194  0.0194
  0.0201  0.0200  0.0199  0.0201  0.0202  0.0200  0.0200  0.0208  0.0198  0.0200  0.0197  0.0197
  0.0210  0.0206  0.0203  0.0213  0.0213  0.0218  0.0207  0.0223  0.0203  0.0209  0.0202  0.0201
niter,ni,del,rscale     3    3    5.0000    0.6000
parameters
   -3.2612  -18.3278   10.3013  -14.0342  -12.3619   -6.5031
   -8.0951  -10.6825    9.2676   -2.2841    9.8282   -5.0709
eta,q 0.98073 11.72954
  0.0206  0.0203  0.0199  0.0210  0.0209  0.0209  0.0203  0.0216  0.0199  0.0205  0.0199  0.0198
  0.0199  0.0198  0.0196  0.0203  0.0201  0.0204  0.0197  0.0203  0.0196  0.0198  0.0196  0.0195
  0.0195  0.0195  0.0194  0.0197  0.0196  0.0198  0.0194  0.0195  0.0193  0.0194  0.0193  0.0193
  0.0194  0.0194  0.0194  0.0194  0.0193  0.0193  0.0193  0.0193  0.0193  0.0193  0.0193  0.0193
  0.0195  0.0195  0.0194  0.0194  0.0194  0.0191  0.0194  0.0196  0.0193  0.0194  0.0193  0.0193
  0.0199  0.0198  0.0196  0.0200  0.0200  0.0196  0.0197  0.0204  0.0196  0.0198  0.0195  0.0195
  0.0206  0.0203  0.0199  0.0210  0.0209  0.0209  0.0203  0.0217  0.0200  0.0205  0.0199  0.0199
niter,ni,del,rscale     2    3    5.0000    0.5000
parameters
   -3.2630  -18.3377   10.3487  -13.9924  -12.3379   -6.2336
   -8.0628  -10.7316    9.2503   -2.2479    9.7987   -5.1127
eta,q 0.98081 11.73570
  0.0202  0.0199  0.0197  0.0205  0.0204  0.0205  0.0199  0.0209  0.0197  0.0201  0.0196  0.0196
  0.0197  0.0195  0.0195  0.0199  0.0198  0.0201  0.0195  0.0199  0.0194  0.0196  0.0194  0.0194
  0.0194  0.0193  0.0193  0.0195  0.0194  0.0196  0.0193  0.0193  0.0192  0.0193  0.0193  0.0192
  0.0193  0.0193  0.0193  0.0193  0.0193  0.0193  0.0192  0.0192  0.0192  0.0192  0.0192  0.0192
  0.0194  0.0193  0.0193  0.0193  0.0193  0.0191  0.0193  0.0194  0.0192  0.0193  0.0192  0.0192
  0.0197  0.0196  0.0194  0.0198  0.0197  0.0195  0.0195  0.0200  0.0194  0.0196  0.0194  0.0194
  0.0202  0.0199  0.0196  0.0205  0.0204  0.0204  0.0199  0.0210  0.0197  0.0201  0.0197  0.0196
niter,ni,del,rscale     1    3    5.0000    0.4000
parameters
   -3.2677  -18.3417   10.4016  -13.9754  -12.3279   -5.9866
   -8.0447  -10.7736    9.2263   -2.2330    9.7810   -5.1330
eta,q 0.98087 11.73966
  0.0198  0.0196  0.0195  0.0200  0.0199  0.0201  0.0196  0.0203  0.0194  0.0197  0.0194  0.0194
  0.0194  0.0194  0.0193  0.0196  0.0195  0.0198  0.0193  0.0196  0.0193  0.0194  0.0193  0.0193
  0.0193  0.0192  0.0192  0.0193  0.0193  0.0194  0.0192  0.0192  0.0192  0.0192  0.0192  0.0192
  0.0192  0.0192  0.0192  0.0192  0.0192  0.0192  0.0191  0.0191  0.0191  0.0191  0.0191  0.0191
  0.0193  0.0192  0.0192  0.0192  0.0192  0.0191  0.0192  0.0193  0.0192  0.0192  0.0192  0.0192
  0.0195  0.0194  0.0193  0.0195  0.0195  0.0194  0.0193  0.0197  0.0193  0.0194  0.0193  0.0193
  0.0198  0.0196  0.0194  0.0200  0.0199  0.0200  0.0196  0.0203  0.0195  0.0197  0.0195  0.0194
registration optimization eta report
parameter search radius
    0.8000    0.8000    0.8000    2.4000    2.4000    2.4000
    2.4000    2.4000    2.4000    2.4000    2.4000    2.4000
100000*second partial in parameter space
       93.       67.       46.       14.       13.       15.
        8.       20.        5.       10.        5.        5.
  0.0198  0.0196  0.0195  0.0200  0.0199  0.0201  0.0196  0.0203  0.0194  0.0197  0.0194  0.0194
  0.0194  0.0194  0.0193  0.0196  0.0195  0.0198  0.0193  0.0196  0.0193  0.0194  0.0193  0.0193
  0.0193  0.0192  0.0192  0.0193  0.0193  0.0194  0.0192  0.0192  0.0192  0.0192  0.0192  0.0192
  0.0192  0.0192  0.0192  0.0192  0.0192  0.0192  0.0191  0.0191  0.0191  0.0191  0.0191  0.0191
  0.0193  0.0192  0.0192  0.0192  0.0192  0.0191  0.0192  0.0193  0.0192  0.0192  0.0192  0.0192
  0.0195  0.0194  0.0193  0.0195  0.0195  0.0194  0.0193  0.0197  0.0193  0.0194  0.0193  0.0193
  0.0198  0.0196  0.0194  0.0200  0.0199  0.0200  0.0196  0.0203  0.0195  0.0197  0.0195  0.0194
   -3.2677  -18.3417   10.4016  -13.9754  -12.3279   -5.9866
   -8.0447  -10.7736    9.2263   -2.2330    9.7810   -5.1330
eta,q 0.98087 11.73966

---------------------------------------------------------------------
compute_vox2vox talsrcimg talsrcimg_to_711-2C_as_mni_average_305_t4 /opt/freesurfer/average/711-2C_as_mni_average_305
---------------------------------------------------------------------

freesurfer compute_vox2vox.c
Reading: talsrcimg.4dfp.ifh
Reading: talsrcimg_to_711-2C_as_mni_average_305_t4
Reading: /opt/freesurfer/average/711-2C_as_mni_average_305.4dfp.ifh
Writing: talsrcimg_to_711-2C_as_mni_average_305_t4_vox2vox.txt

start time Mon Mar 9 06:22:38 CET 2026
end		time Mon Mar 9 06:24:08 CET 2026

mpr2mni305 success

avi2talxfm orig_nu.mgz /opt/freesurfer/average/mni305.cor.mgz talsrcimg_to_711-2C_as_mni_average_305_t4_vox2vox.txt transforms/talairach.auto.xfm
avi2talxfm done
mv -f /out/sourcedata/freesurfer/sub-v1s18x0051258_ses-1/mri/talsrcimg_to_711-2C_as_mni_average_305_t4_vox2vox.txt /out/sourcedata/freesurfer/sub-v1s18x0051258_ses-1/mri/transforms/talsrcimg_to_711-2C_as_mni_average_305_t4_vox2vox.txt
lta_convert --src orig_nu.mgz --trg /opt/freesurfer/average/mni305.cor.mgz --inxfm transforms/talairach.auto.xfm --outlta transforms/talairach.auto.xfm.lta --subject fsaverage
7.3.2

--src: orig_nu.mgz src image (geometry).
--trg: /opt/freesurfer/average/mni305.cor.mgz trg image (geometry).
--inmni: transforms/talairach.auto.xfm input MNI/XFM transform.
--outlta: transforms/talairach.auto.xfm.lta output LTA.
--s: fsaverage subject name
 LTA read, type : 1
 1.13536   0.13277   0.11195   11.05104;
-0.12482   1.05056   0.05006  -15.42796;
-0.12266   0.01279   1.13011   6.51213;
 0.00000   0.00000   0.00000   1.00000;
setting subject to fsaverage
Writing  LTA to file transforms/talairach.auto.xfm.lta...
lta_convert successful.
 
 
Started at Mon Mar 9 06:22:38 CET 2026
Ended   at Mon Mar  9 06:24:08 CET 2026
talairach_avi done
