/out/sourcedata/freesurfer/sub-v1s18x0051271_ses-1/mri
/opt/freesurfer/bin/talairach_avi
--i orig_nu.mgz --xfm transforms/talairach.auto.xfm
talairach_avi 7.3.2
Linux dna056 5.14.0-427.37.1.el9_4.x86_64 #1 SMP PREEMPT_DYNAMIC Fri Sep 13 12:41:50 EDT 2024 x86_64 x86_64 x86_64 GNU/Linux
Mon Mar  9 07:10:06 CET 2026
mri_convert orig_nu.mgz talsrcimg.img 
reading from orig_nu.mgz...
TR=0.00, TE=0.00, TI=0.00, flip angle=0.00
i_ras = (-1, 0, 1.86265e-09)
j_ras = (0, 0, -1)
k_ras = (0, 1, 0)
writing to talsrcimg.img...
Analyze Output Matrix
-1.00000   0.00000   0.00000   125.98528;
 0.00000   0.00000   1.00000  -124.37334;
 0.00000  -1.00000   0.00000   130.59470;
 0.00000   0.00000   0.00000   1.00000;
--------------------
INFO: set hdr.hist.orient to -1
mpr2mni305 talsrcimg
Mon Mar  9 07:10:07 CET 2026
/opt/freesurfer/bin/mpr2mni305 talsrcimg
mpr2mni305 7.3.2
target=711-2C_as_mni_average_305

---------------------------------------------------------------------
analyzeto4dfp talsrcimg -O0 -y
---------------------------------------------------------------------

freesurfer ifh2hdr.c
Mon Mar  9 07:10:07 2026
Writing: talsrcimg.4dfp.hdr
freesurfer analyzeto4dfp.c
Reading: talsrcimg.hdr
header size 348 bytes
hdr.dime.datatype	offset=70	value=2
hdr.dime.bitpix		offset=72	value=8
hdr.hist.orient		offset=252	value=-1
dimensionality     4
dimensions       256       256       256         1
Reading: talsrcimg.img
Writing: talsrcimg.4dfp.img
Writing: talsrcimg.4dfp.ifh
ifh2hdr talsrcimg -r0to216
ori=2

---------------------------------------------------------------------
gauss_4dfp talsrcimg 1.1
---------------------------------------------------------------------

freesurfer gauss_4dfp.c
Reading: talsrcimg.4dfp.img
Writing: talsrcimg_g11.4dfp.img
image dimensions 256 256 256 padded to 288 288 288
processing volume 1freesurfer ifh2hdr.c
Mon Mar  9 07:10:09 2026
Writing: talsrcimg_g11.4dfp.hdr

Writing: talsrcimg_g11.4dfp.ifh
including: talsrcimg.4dfp.img.rec in talsrcimg_g11.4dfp.img.rec

---------------------------------------------------------------------
imgreg_4dfp /opt/freesurfer/average/711-2C_as_mni_average_305 none talsrcimg_g11 none talsrcimg_to_711-2C_as_mni_average_305_t4 4355
---------------------------------------------------------------------

freesurfer imgreg_4dfp.c
/opt/freesurfer/average/711-2C_as_mni_average_305.4dfp.img
       256       256       256         1
  1.000000  1.000000  1.000000
orientation T byte_order littleendian
Reading image: /opt/freesurfer/average/711-2C_as_mni_average_305.4dfp.img
dimensions:      256       256       256
mmppix:       1.0000   -1.0000   -1.0000
center:     128.0000 -129.0000 -129.0000
talsrcimg_g11.4dfp.img
       256       256       256         1
  1.000000  1.000000  1.000000
orientation T byte_order littleendian
Reading image: talsrcimg_g11.4dfp.img
dimensions:      256       256       256
mmppix:       1.0000   -1.0000   -1.0000
center:     128.0000 -129.0000 -129.0000
t4_read: open error in t4_sub.f l:  41 t4_file(1:l)talsrcimg_to_711-2C_as_mni_average_305_t4 
t4_read: transform initialized to I4
rotation matrix determinant  1.000000
image alignment mode   4355 decimal     1103 hex
   -7.5000  -45.0000  -45.0000 7259.6055   18.2292
    0.0000  -45.0000  -45.0000 7620.4697   18.2139
    7.5000  -45.0000  -45.0000 7284.7393   18.2046
   -7.5000  -37.5000  -45.0000 7780.0342   18.1350
    0.0000  -37.5000  -45.0000 8178.7222   18.1125
    7.5000  -37.5000  -45.0000 7800.5132   18.1052
   -7.5000  -30.0000  -45.0000 8572.9365   18.0719
    0.0000  -30.0000  -45.0000 9017.5967   18.0569
    7.5000  -30.0000  -45.0000 8590.5967   18.0514
   -7.5000  -22.5000  -45.0000 9327.5889   18.0501
    0.0000  -22.5000  -45.0000 9823.8789   18.0503
    7.5000  -22.5000  -45.0000 9337.5518   18.0434
   -7.5000  -15.0000  -45.000010032.0400   18.0781
    0.0000  -15.0000  -45.000010579.6572   18.0870
    7.5000  -15.0000  -45.000010047.7168   18.0781
   -7.5000   -7.5000  -45.000010723.2100   18.1374
    0.0000   -7.5000  -45.000011284.3008   18.1386
    7.5000   -7.5000  -45.000010713.0986   18.1292
   -7.5000    0.0000  -45.000011299.1523   18.1724
    0.0000    0.0000  -45.000011879.4238   18.1576
    7.5000    0.0000  -45.000011269.7500   18.1484
   -7.5000    7.5000  -45.000011047.3994   18.1350
    0.0000    7.5000  -45.000011603.5010   18.1124
    7.5000    7.5000  -45.000011024.1816   18.1052
   -7.5000   15.0000  -45.000010608.8438   18.0719
    0.0000   15.0000  -45.000011131.9385   18.0569
    7.5000   15.0000  -45.000010583.5713   18.0514
   -7.5000   22.5000  -45.0000 9860.7910   18.0477
    0.0000   22.5000  -45.000010376.4268   18.0478
    7.5000   22.5000  -45.0000 9840.1357   18.0409
   -7.5000   30.0000  -45.0000 9122.0859   17.8372
    0.0000   30.0000  -45.0000 9602.0879   17.8459
    7.5000   30.0000  -45.0000 9090.6484   17.8372
   -7.5000   37.5000  -45.0000 8728.0664   17.8957
    0.0000   37.5000  -45.0000 9197.5596   17.8969
    7.5000   37.5000  -45.0000 8695.9551   17.8877
   -7.5000   45.0000  -45.0000 8030.3003   17.4750
    0.0000   45.0000  -45.0000 8462.5898   17.4607
    7.5000   45.0000  -45.0000 7997.7710   17.4519
   -7.5000  -45.0000  -37.5000 7732.8706   17.9215
    0.0000  -45.0000  -37.5000 8113.9053   17.9111
    7.5000  -45.0000  -37.5000 7770.6099   17.9035
   -7.5000  -37.5000  -37.5000 8303.6357   17.8249
    0.0000  -37.5000  -37.5000 8714.5039   17.8074
    7.5000  -37.5000  -37.5000 8339.1670   17.8027
   -7.5000  -30.0000  -37.5000 9145.5986   17.7568
    0.0000  -30.0000  -37.5000 9597.2178   17.7419
    7.5000  -30.0000  -37.5000 9181.1631   17.7405
   -7.5000  -22.5000  -37.5000 9931.8467   17.7339
    0.0000  -22.5000  -37.500010430.7549   17.7295
    7.5000  -22.5000  -37.5000 9961.4473   17.7275
   -7.5000  -15.0000  -37.500010651.1777   17.7666
    0.0000  -15.0000  -37.500011207.0186   17.7703
    7.5000  -15.0000  -37.500010672.9199   17.7656
   -7.5000   -7.5000  -37.500011337.7783   17.8311
    0.0000   -7.5000  -37.500011907.2900   17.8318
    7.5000   -7.5000  -37.500011330.2100   17.8250
   -7.5000    0.0000  -37.500011915.3174   17.8665
    0.0000    0.0000  -37.500012501.1289   17.8566
    7.5000    0.0000  -37.500011901.4102   17.8492
   -7.5000    7.5000  -37.500011659.2109   17.8249
    0.0000    7.5000  -37.500012240.2461   17.8073
    7.5000    7.5000  -37.500011642.8076   17.8027
   -7.5000   15.0000  -37.500011188.7744   17.7568
    0.0000   15.0000  -37.500011758.8203   17.7419
    7.5000   15.0000  -37.500011161.5957   17.7405
   -7.5000   22.5000  -37.500010405.3379   17.7315
    0.0000   22.5000  -37.500010954.9316   17.7271
    7.5000   22.5000  -37.500010388.2803   17.7251
   -7.5000   30.0000  -37.5000 9601.9297   17.5298
    0.0000   30.0000  -37.500010113.9355   17.5335
    7.5000   30.0000  -37.5000 9582.8809   17.5288
   -7.5000   37.5000  -37.5000 9126.4951   17.5934
    0.0000   37.5000  -37.5000 9629.7236   17.5941
    7.5000   37.5000  -37.5000 9118.9131   17.5875
   -7.5000   45.0000  -37.5000 8366.6377   17.1808
    0.0000   45.0000  -37.5000 8821.8418   17.1712
    7.5000   45.0000  -37.5000 8351.9893   17.1641
   -7.5000  -45.0000  -30.0000 8333.8965   18.3664
    0.0000  -45.0000  -30.0000 8753.4395   18.3674
    7.5000  -45.0000  -30.0000 8397.9131   18.3576
   -7.5000  -37.5000  -30.0000 8952.8340   18.2709
    0.0000  -37.5000  -30.0000 9388.8057   18.2684
    7.5000  -37.5000  -30.0000 8996.5859   18.2603
   -7.5000  -30.0000  -30.0000 9870.8389   18.2033
    0.0000  -30.0000  -30.000010340.7988   18.1989
    7.5000  -30.0000  -30.0000 9892.0723   18.1944
   -7.5000  -22.5000  -30.000010732.3447   18.1793
    0.0000  -22.5000  -30.000011245.5674   18.1759
    7.5000  -22.5000  -30.000010722.9111   18.1720
   -7.5000  -15.0000  -30.000011481.8262   18.2103
    0.0000  -15.0000  -30.000012035.2715   18.2105
    7.5000  -15.0000  -30.000011473.8271   18.2050
   -7.5000   -7.5000  -30.000012185.7139   18.2745
    0.0000   -7.5000  -30.000012752.2139   18.2776
    7.5000   -7.5000  -30.000012171.5342   18.2700
   -7.5000    0.0000  -30.000012775.1592   18.3109
    0.0000    0.0000  -30.000013366.2725   18.3124
    7.5000    0.0000  -30.000012754.1924   18.3028
   -7.5000    7.5000  -30.000012504.7227   18.2708
    0.0000    7.5000  -30.000013081.7969   18.2683
    7.5000    7.5000  -30.000012461.4277   18.2603
   -7.5000   15.0000  -30.000011981.3916   18.2033
    0.0000   15.0000  -30.000012548.3896   18.1989
    7.5000   15.0000  -30.000011930.0400   18.1944
   -7.5000   22.5000  -30.000011102.0039   18.1749
    0.0000   22.5000  -30.000011662.7656   18.1716
    7.5000   22.5000  -30.000011084.6523   18.1676
   -7.5000   30.0000  -30.000010211.9639   17.9694
    0.0000   30.0000  -30.000010730.9434   17.9696
    7.5000   30.0000  -30.000010211.4414   17.9641
   -7.5000   37.5000  -30.0000 9679.5869   18.0327
    0.0000   37.5000  -30.000010192.1348   18.0358
    7.5000   37.5000  -30.0000 9689.0381   18.0282
   -7.5000   45.0000  -30.0000 8843.9385   17.6211
    0.0000   45.0000  -30.0000 9314.7656   17.6225
    7.5000   45.0000  -30.0000 8850.3398   17.6133
   -7.5000  -45.0000  -22.5000 9107.0771   18.9529
    0.0000  -45.0000  -22.5000 9541.1807   18.9589
    7.5000  -45.0000  -22.5000 9136.2021   18.9466
   -7.5000  -37.5000  -22.5000 9789.6729   18.8656
    0.0000  -37.5000  -22.500010234.0195   18.8712
    7.5000  -37.5000  -22.5000 9788.8340   18.8576
   -7.5000  -30.0000  -22.500010789.2041   18.8080
    0.0000  -30.0000  -22.500011270.5283   18.8112
    7.5000  -30.0000  -22.500010761.7588   18.7986
   -7.5000  -22.5000  -22.500011707.4980   18.7832
    0.0000  -22.5000  -22.500012219.1104   18.7825
    7.5000  -22.5000  -22.500011658.9395   18.7710
   -7.5000  -15.0000  -22.500012511.6104   18.8034
    0.0000  -15.0000  -22.500013058.2812   18.8029
    7.5000  -15.0000  -22.500012469.6650   18.7928
   -7.5000   -7.5000  -22.500013254.0039   18.8584
    0.0000   -7.5000  -22.500013812.3994   18.8626
    7.5000   -7.5000  -22.500013192.6221   18.8529
   -7.5000    0.0000  -22.500013866.5908   18.8958
    0.0000    0.0000  -22.500014467.3916   18.9022
    7.5000    0.0000  -22.500013810.6367   18.8901
   -7.5000    7.5000  -22.500013548.1826   18.8656
    0.0000    7.5000  -22.500014135.1230   18.8711
    7.5000    7.5000  -22.500013495.4580   18.8576
   -7.5000   15.0000  -22.500012943.6348   18.8080
    0.0000   15.0000  -22.500013529.2598   18.8112
    7.5000   15.0000  -22.500012892.4912   18.7986
   -7.5000   22.5000  -22.500011989.3320   18.7775
    0.0000   22.5000  -22.500012544.3359   18.7767
    7.5000   22.5000  -22.500011968.1738   18.7652
   -7.5000   30.0000  -22.500010997.9189   18.5575
    0.0000   30.0000  -22.500011511.7188   18.5570
    7.5000   30.0000  -22.500011005.7939   18.5470
   -7.5000   37.5000  -22.500010407.1406   18.6117
    0.0000   37.5000  -22.500010923.2959   18.6158
    7.5000   37.5000  -22.500010437.9395   18.6063
   -7.5000   45.0000  -22.5000 9472.6787   18.1976
    0.0000   45.0000  -22.5000 9964.0518   18.2038
    7.5000   45.0000  -22.5000 9495.1914   18.1921
   -7.5000  -45.0000  -15.0000 9893.6797   19.3983
    0.0000  -45.0000  -15.000010336.4268   19.3993
    7.5000  -45.0000  -15.0000 9870.6709   19.3860
   -7.5000  -37.5000  -15.000010606.2363   19.3165
    0.0000  -37.5000  -15.000011064.2959   19.3169
    7.5000  -37.5000  -15.000010566.8008   19.3002
   -7.5000  -30.0000  -15.000011687.9033   19.2674
    0.0000  -30.0000  -15.000012175.8027   19.2688
    7.5000  -30.0000  -15.000011648.6064   19.2507
   -7.5000  -22.5000  -15.000012680.4580   19.2442
    0.0000  -22.5000  -15.000013217.8232   19.2453
    7.5000  -22.5000  -15.000012610.6631   19.2279
   -7.5000  -15.0000  -15.000013562.7578   19.2571
    0.0000  -15.0000  -15.000014140.3096   19.2589
    7.5000  -15.0000  -15.000013465.7402   19.2449
   -7.5000   -7.5000  -15.000014320.8096   19.3036
    0.0000   -7.5000  -15.000014929.1055   19.3069
    7.5000   -7.5000  -15.000014202.4766   19.2956
   -7.5000    0.0000  -15.000014964.0771   19.3398
    0.0000    0.0000  -15.000015599.8848   19.3413
    7.5000    0.0000  -15.000014831.8311   19.3281
   -7.5000    7.5000  -15.000014604.8037   19.3164
    0.0000    7.5000  -15.000015222.7480   19.3168
    7.5000    7.5000  -15.000014487.2734   19.3002
   -7.5000   15.0000  -15.000013938.2227   19.2674
    0.0000   15.0000  -15.000014516.3555   19.2688
    7.5000   15.0000  -15.000013842.1475   19.2507
   -7.5000   22.5000  -15.000012898.0234   19.2374
    0.0000   22.5000  -15.000013439.8643   19.2385
    7.5000   22.5000  -15.000012840.3389   19.2211
   -7.5000   30.0000  -15.000011822.5088   19.0079
    0.0000   30.0000  -15.000012326.8066   19.0097
    7.5000   30.0000  -15.000011798.8867   18.9959
   -7.5000   37.5000  -15.000011178.6514   19.0538
    0.0000   37.5000  -15.000011666.1484   19.0570
    7.5000   37.5000  -15.000011172.4443   19.0458
   -7.5000   45.0000  -15.000010143.1670   18.6364
    0.0000   45.0000  -15.000010608.9229   18.6379
    7.5000   45.0000  -15.000010136.5625   18.6252
   -7.5000  -45.0000   -7.500010672.1436   19.5903
    0.0000  -45.0000   -7.500011129.5459   19.5784
    7.5000  -45.0000   -7.500010628.7139   19.5665
   -7.5000  -37.5000   -7.500011442.9463   19.5043
    0.0000  -37.5000   -7.500011937.0186   19.4885
    7.5000  -37.5000   -7.500011393.3408   19.4752
   -7.5000  -30.0000   -7.500012623.0166   19.4510
    0.0000  -30.0000   -7.500013148.7207   19.4412
    7.5000  -30.0000   -7.500012565.8643   19.4272
   -7.5000  -22.5000   -7.500013688.8965   19.4281
    0.0000  -22.5000   -7.500014279.8604   19.4272
    7.5000  -22.5000   -7.500013589.1475   19.4124
   -7.5000  -15.0000   -7.500014635.3799   19.4451
    0.0000  -15.0000   -7.500015281.5264   19.4489
    7.5000  -15.0000   -7.500014485.8389   19.4356
   -7.5000   -7.5000   -7.500015454.9482   19.4952
    0.0000   -7.5000   -7.500016095.9688   19.4944
    7.5000   -7.5000   -7.500015248.2354   19.4832
   -7.5000    0.0000   -7.500016160.0049   19.5314
    0.0000    0.0000   -7.500016816.5605   19.5200
    7.5000    0.0000   -7.500015956.4785   19.5082
   -7.5000    7.5000   -7.500015767.5859   19.5042
    0.0000    7.5000   -7.500016413.9316   19.4885
    7.5000    7.5000   -7.500015572.3301   19.4752
   -7.5000   15.0000   -7.500014992.8320   19.4510
    0.0000   15.0000   -7.500015584.2441   19.4412
    7.5000   15.0000   -7.500014826.6338   19.4272
   -7.5000   22.5000   -7.500013886.9375   19.4191
    0.0000   22.5000   -7.500014419.6377   19.4182
    7.5000   22.5000   -7.500013769.8877   19.4035
   -7.5000   30.0000   -7.500012711.3193   19.1929
    0.0000   30.0000   -7.500013208.7754   19.1967
    7.5000   30.0000   -7.500012641.8408   19.1835
   -7.5000   37.5000   -7.500012001.6621   19.2424
    0.0000   37.5000   -7.500012488.8066   19.2416
    7.5000   37.5000   -7.500011947.0928   19.2305
   -7.5000   45.0000   -7.500010845.4863   18.8246
    0.0000   45.0000   -7.500011312.6611   18.8136
    7.5000   45.0000   -7.500010805.8906   18.8022
   -7.5000  -45.0000    0.000011360.1729   19.6077
    0.0000  -45.0000    0.000011834.4072   19.5872
    7.5000  -45.0000    0.000011299.2334   19.5779
   -7.5000  -37.5000    0.000012183.0537   19.5116
    0.0000  -37.5000    0.000012703.6826   19.4841
    7.5000  -37.5000    0.000012099.7188   19.4768
   -7.5000  -30.0000    0.000013487.8145   19.4465
    0.0000  -30.0000    0.000014078.0771   19.4264
    7.5000  -30.0000    0.000013406.1543   19.4212
   -7.5000  -22.5000    0.000014677.2559   19.4223
    0.0000  -22.5000    0.000015370.5879   19.4173
    7.5000  -22.5000    0.000014546.0439   19.4109
   -7.5000  -15.0000    0.000015671.2129   19.4496
    0.0000  -15.0000    0.000016401.6738   19.4534
    7.5000  -15.0000    0.000015438.1514   19.4449
   -7.5000   -7.5000    0.000016526.5547   19.5111
    0.0000   -7.5000    0.000017189.4727   19.5073
    7.5000   -7.5000    0.000016236.3809   19.4981
   -7.5000    0.0000    0.000017290.4609   19.5488
    0.0000    0.0000    0.000017979.3828   19.5290
    7.5000    0.0000    0.000016999.7363   19.5197
   -7.5000    7.5000    0.000016864.1641   19.5116
    0.0000    7.5000    0.000017542.9141   19.4840
    7.5000    7.5000    0.000016599.1406   19.4767
   -7.5000   15.0000    0.000015988.5801   19.4465
    0.0000   15.0000    0.000016610.2109   19.4264
    7.5000   15.0000    0.000015760.7705   19.4212
   -7.5000   22.5000    0.000014787.4980   19.4134
    0.0000   22.5000    0.000015371.9482   19.4084
    7.5000   22.5000    0.000014620.8916   19.4019
   -7.5000   30.0000    0.000013561.8057   19.1979
    0.0000   30.0000    0.000014099.0088   19.2016
    7.5000   30.0000    0.000013427.9775   19.1933
   -7.5000   37.5000    0.000012784.0332   19.2586
    0.0000   37.5000    0.000013309.6572   19.2548
    7.5000   37.5000    0.000012690.0967   19.2457
   -7.5000   45.0000    0.000011542.5820   18.8428
    0.0000   45.0000    0.000012020.8857   18.8237
    7.5000   45.0000    0.000011475.8301   18.8148
   -7.5000  -45.0000    7.500011201.0381   19.6242
    0.0000  -45.0000    7.500011733.9434   19.6102
    7.5000  -45.0000    7.500011134.5928   19.6013
   -7.5000  -37.5000    7.500012022.1748   19.5204
    0.0000  -37.5000    7.500012553.7256   19.4992
    7.5000  -37.5000    7.500011920.7520   19.4937
   -7.5000  -30.0000    7.500013410.3418   19.4465
    0.0000  -30.0000    7.500014037.8096   19.4283
    7.5000  -30.0000    7.500013288.3838   19.4269
   -7.5000  -22.5000    7.500014757.5781   19.4215
    0.0000  -22.5000    7.500015557.5986   19.4142
    7.5000  -22.5000    7.500014528.5957   19.4124
   -7.5000  -15.0000    7.500015712.5996   19.4569
    0.0000  -15.0000    7.500016553.6543   19.4579
    7.5000  -15.0000    7.500015376.3838   19.4529
   -7.5000   -7.5000    7.500016431.0605   19.5268
    0.0000   -7.5000    7.500017210.9277   19.5245
    7.5000   -7.5000    7.500016074.4355   19.5168
   -7.5000    0.0000    7.500017142.3164   19.5653
    0.0000    0.0000    7.500017874.9199   19.5518
    7.5000    0.0000    7.500016828.0469   19.5431
   -7.5000    7.5000    7.500016745.9238   19.5203
    0.0000    7.5000    7.500017420.7383   19.4991
    7.5000    7.5000    7.500016458.6953   19.4936
   -7.5000   15.0000    7.500015843.7275   19.4465
    0.0000   15.0000    7.500016483.9355   19.4283
    7.5000   15.0000    7.500015593.4170   19.4269
   -7.5000   22.5000    7.500014685.9160   19.4125
    0.0000   22.5000    7.500015301.3799   19.4052
    7.5000   22.5000    7.500014495.1738   19.4035
   -7.5000   30.0000    7.500013509.7324   19.2051
    0.0000   30.0000    7.500014063.6396   19.2060
    7.5000   30.0000    7.500013347.2871   19.2012
   -7.5000   37.5000    7.500012774.9795   19.2741
    0.0000   37.5000    7.500013300.6387   19.2718
    7.5000   37.5000    7.500012635.3174   19.2642
   -7.5000   45.0000    7.500011505.1064   18.8586
    0.0000   45.0000    7.500012004.6582   18.8457
    7.5000   45.0000    7.500011397.2217   18.8373
   -7.5000  -45.0000   15.000010939.1230   19.6563
    0.0000  -45.0000   15.000011531.0752   19.6559
    7.5000  -45.0000   15.000010854.8545   19.6453
   -7.5000  -37.5000   15.000011738.4121   19.5547
    0.0000  -37.5000   15.000012358.1455   19.5506
    7.5000  -37.5000   15.000011633.3945   19.5417
   -7.5000  -30.0000   15.000013166.1934   19.4825
    0.0000  -30.0000   15.000013919.2910   19.4764
    7.5000  -30.0000   15.000012998.0518   19.4713
   -7.5000  -22.5000   15.000014687.5293   19.4565
    0.0000  -22.5000   15.000015738.3447   19.4514
    7.5000  -22.5000   15.000014279.6865   19.4469
   -7.5000  -15.0000   15.000015777.5938   19.4894
    0.0000  -15.0000   15.000016845.2207   19.4880
    7.5000  -15.0000   15.000015269.7998   19.4818
   -7.5000   -7.5000   15.000016482.9492   19.5581
    0.0000   -7.5000   15.000017374.2578   19.5598
    7.5000   -7.5000   15.000016037.1660   19.5514
   -7.5000    0.0000   15.000017099.4434   19.5972
    0.0000    0.0000   15.000017868.7129   19.5972
    7.5000    0.0000   15.000016752.6367   19.5868
   -7.5000    7.5000   15.000016654.8848   19.5546
    0.0000    7.5000   15.000017379.9434   19.5505
    7.5000    7.5000   15.000016325.2031   19.5417
   -7.5000   15.0000   15.000015729.1533   19.4825
    0.0000   15.0000   15.000016465.3770   19.4764
    7.5000   15.0000   15.000015403.8906   19.4713
   -7.5000   22.5000   15.000014548.3701   19.4475
    0.0000   22.5000   15.000015252.9424   19.4424
    7.5000   22.5000   15.000014239.4033   19.4380
   -7.5000   30.0000   15.000013313.0488   19.2372
    0.0000   30.0000   15.000013972.9697   19.2358
    7.5000   30.0000   15.000013048.0068   19.2297
   -7.5000   37.5000   15.000012561.3311   19.3050
    0.0000   37.5000   15.000013209.0029   19.3066
    7.5000   37.5000   15.000012353.7686   19.2984
   -7.5000   45.0000   15.000011304.5117   18.8895
    0.0000   45.0000   15.000011889.4238   18.8895
    7.5000   45.0000   15.000011158.2881   18.8794
   -7.5000  -45.0000   22.500010560.5879   19.6755
    0.0000  -45.0000   22.500011147.7129   19.6817
    7.5000  -45.0000   22.500010491.8018   19.6690
   -7.5000  -37.5000   22.500011340.4951   19.5849
    0.0000  -37.5000   22.500011954.0000   19.5906
    7.5000  -37.5000   22.500011257.1816   19.5766
   -7.5000  -30.0000   22.500012713.2441   19.5251
    0.0000  -30.0000   22.500013469.8867   19.5283
    7.5000  -30.0000   22.500012513.9844   19.5153
   -7.5000  -22.5000   22.500014013.7646   19.4993
    0.0000  -22.5000   22.500014965.4014   19.4986
    7.5000  -22.5000   22.500013708.8682   19.4866
   -7.5000  -15.0000   22.500015092.6963   19.5203
    0.0000  -15.0000   22.500016152.3223   19.5197
    7.5000  -15.0000   22.500014733.6562   19.5092
   -7.5000   -7.5000   22.500016050.5781   19.5773
    0.0000   -7.5000   22.500017191.2441   19.5817
    7.5000   -7.5000   22.500015607.1562   19.5717
   -7.5000    0.0000   22.500016753.0820   19.6162
    0.0000    0.0000   22.500017907.9668   19.6229
    7.5000    0.0000   22.500016289.2383   19.6103
   -7.5000    7.5000   22.500016214.7393   19.5848
    0.0000    7.5000   22.500017269.5156   19.5906
    7.5000    7.5000   22.500015754.5293   19.5765
   -7.5000   15.0000   22.500015156.9062   19.5251
    0.0000   15.0000   22.500016096.0166   19.5283
    7.5000   15.0000   22.500014751.3359   19.5153
   -7.5000   22.5000   22.500013969.6777   19.4903
    0.0000   22.5000   22.500014763.1455   19.4896
    7.5000   22.5000   22.500013627.3525   19.4776
   -7.5000   30.0000   22.500012794.3701   19.2676
    0.0000   30.0000   22.500013461.8262   19.2671
    7.5000   30.0000   22.500012526.3271   19.2568
   -7.5000   37.5000   22.500012129.7148   19.3240
    0.0000   37.5000   22.500012711.9902   19.3283
    7.5000   37.5000   22.500011923.5039   19.3184
   -7.5000   45.0000   22.500010955.8965   18.9077
    0.0000   45.0000   22.500011451.6631   18.9142
    7.5000   45.0000   22.500010788.5361   18.9021
   -7.5000  -45.0000   30.0000 9985.4863   19.7316
    0.0000  -45.0000   30.000010520.8799   19.7329
    7.5000  -45.0000   30.0000 9946.0303   19.7196
   -7.5000  -37.5000   30.000010745.3760   19.6481
    0.0000  -37.5000   30.000011331.9102   19.6487
    7.5000  -37.5000   30.000010644.7705   19.6321
   -7.5000  -30.0000   30.000011934.2197   19.5980
    0.0000  -30.0000   30.000012671.1377   19.5995
    7.5000  -30.0000   30.000011780.4121   19.5815
   -7.5000  -22.5000   30.000013047.9482   19.5742
    0.0000  -22.5000   30.000013889.8760   19.5756
    7.5000  -22.5000   30.000012868.8232   19.5582
   -7.5000  -15.0000   30.000014051.2207   19.5875
    0.0000  -15.0000   30.000014934.2139   19.5895
    7.5000  -15.0000   30.000013841.4121   19.5756
   -7.5000   -7.5000   30.000015039.9727   19.6351
    0.0000   -7.5000   30.000016005.4160   19.6386
    7.5000   -7.5000   30.000014719.6025   19.6274
   -7.5000    0.0000   30.000015820.5664   19.6720
    0.0000    0.0000   30.000016806.6484   19.6737
    7.5000    0.0000   30.000015415.2646   19.6606
   -7.5000    7.5000   30.000015314.7793   19.6481
    0.0000    7.5000   30.000016228.9180   19.6487
    7.5000    7.5000   30.000014911.0908   19.6320
   -7.5000   15.0000   30.000014279.3477   19.5980
    0.0000   15.0000   30.000015081.1758   19.5995
    7.5000   15.0000   30.000013934.8994   19.5815
   -7.5000   22.5000   30.000013162.2637   19.5652
    0.0000   22.5000   30.000013861.4795   19.5665
    7.5000   22.5000   30.000012863.6758   19.5492
   -7.5000   30.0000   30.000012078.8936   19.3340
    0.0000   30.0000   30.000012708.5801   19.3360
    7.5000   30.0000   30.000011866.1924   19.3223
   -7.5000   37.5000   30.000011439.5645   19.3810
    0.0000   37.5000   30.000012027.6680   19.3844
    7.5000   37.5000   30.000011284.5742   19.3734
   -7.5000   45.0000   30.000010335.6445   18.9615
    0.0000   45.0000   30.000010848.4336   18.9632
    7.5000   45.0000   30.000010206.2988   18.9505
   -7.5000  -45.0000   37.5000 9734.3848   19.8498
    0.0000  -45.0000   37.500010216.8760   19.8380
    7.5000  -45.0000   37.5000 9642.6367   19.8265
   -7.5000  -37.5000   37.500010421.0547   19.7619
    0.0000  -37.5000   37.500010956.3340   19.7462
    7.5000  -37.5000   37.500010299.1982   19.7334
   -7.5000  -30.0000   37.500011494.9199   19.7077
    0.0000  -30.0000   37.500012107.4814   19.6983
    7.5000  -30.0000   37.500011367.0791   19.6846
   -7.5000  -22.5000   37.500012496.3848   19.6847
    0.0000  -22.5000   37.500013098.8047   19.6843
    7.5000  -22.5000   37.500012368.9971   19.6699
   -7.5000  -15.0000   37.500013405.1943   19.7023
    0.0000  -15.0000   37.500014044.0566   19.7067
    7.5000  -15.0000   37.500013274.1875   19.6936
   -7.5000   -7.5000   37.500014309.7549   19.7533
    0.0000   -7.5000   37.500014997.5791   19.7529
    7.5000   -7.5000   37.500014125.9678   19.7420
   -7.5000    0.0000   37.500015044.9717   19.7899
    0.0000    0.0000   37.500015760.5908   19.7786
    7.5000    0.0000   37.500014819.5420   19.7672
   -7.5000    7.5000   37.500014634.8125   19.7618
    0.0000    7.5000   37.500015323.5947   19.7461
    7.5000    7.5000   37.500014409.2803   19.7333
   -7.5000   15.0000   37.500013697.7930   19.7077
    0.0000   15.0000   37.500014330.5137   19.6983
    7.5000   15.0000   37.500013489.9102   19.6846
   -7.5000   22.5000   37.500012669.2041   19.6756
    0.0000   22.5000   37.500013238.5205   19.6753
    7.5000   22.5000   37.500012462.8604   19.6609
   -7.5000   30.0000   37.500011652.2324   19.4473
    0.0000   30.0000   37.500012174.4785   19.4516
    7.5000   30.0000   37.500011492.6260   19.4388
   -7.5000   37.5000   37.500011036.8105   19.4976
    0.0000   37.5000   37.500011543.6562   19.4972
    7.5000   37.5000   37.500010922.7988   19.4865
   -7.5000   45.0000   37.500010005.1377   19.0752
    0.0000   45.0000   37.500010445.8203   19.0643
    7.5000   45.0000   37.5000 9910.3848   19.0533
   -7.5000  -45.0000   45.0000 8996.4238   20.0703
    0.0000  -45.0000   45.0000 9415.0049   20.0499
    7.5000  -45.0000   45.0000 8923.4648   20.0409
   -7.5000  -37.5000   45.0000 9594.6689   19.9695
    0.0000  -37.5000   45.000010030.7676   19.9416
    7.5000  -37.5000   45.0000 9513.9746   19.9348
   -7.5000  -30.0000   45.000010533.4775   19.9012
    0.0000  -30.0000   45.000011001.0557   19.8810
    7.5000  -30.0000   45.000010464.5068   19.8763
   -7.5000  -22.5000   45.000011402.9238   19.8765
    0.0000  -22.5000   45.000011892.4912   19.8722
    7.5000  -22.5000   45.000011359.7969   19.8662
   -7.5000  -15.0000   45.000012221.9971   19.9058
    0.0000  -15.0000   45.000012744.9014   19.9108
    7.5000  -15.0000   45.000012180.0918   19.9027
   -7.5000   -7.5000   45.000013033.1113   19.9702
    0.0000   -7.5000   45.000013597.1885   19.9673
    7.5000   -7.5000   45.000012941.5576   19.9585
   -7.5000    0.0000   45.000013739.2383   20.0092
    0.0000    0.0000   45.000014328.4033   19.9895
    7.5000    0.0000   45.000013595.6865   19.9806
   -7.5000    7.5000   45.000013437.3428   19.9694
    0.0000    7.5000   45.000013989.3789   19.9415
    7.5000    7.5000   45.000013270.4727   19.9347
   -7.5000   15.0000   45.000012602.7129   19.9012
    0.0000   15.0000   45.000013157.1484   19.8810
    7.5000   15.0000   45.000012469.9775   19.8763
   -7.5000   22.5000   45.000011680.3906   19.8673
    0.0000   22.5000   45.000012192.1377   19.8630
    7.5000   22.5000   45.000011550.6064   19.8570
   -7.5000   30.0000   45.000010733.8291   19.6464
    0.0000   30.0000   45.000011191.3857   19.6514
    7.5000   30.0000   45.000010643.0693   19.6434
   -7.5000   37.5000   45.000010153.1152   19.7100
    0.0000   37.5000   45.000010590.3867   19.7072
    7.5000   37.5000   45.000010080.6426   19.6985
   -7.5000   45.0000   45.0000 9194.4834   19.2953
    0.0000   45.0000   45.0000 9588.4570   19.2763
    7.5000   45.0000   45.0000 9132.7324   19.2677

---------------------------------------------------------------------
imgreg_4dfp /opt/freesurfer/average/711-2C_as_mni_average_305 /opt/freesurfer/average/711-2B_as_mni_average_305_mask talsrcimg_g11 none talsrcimg_to_711-2C_as_mni_average_305_t4 4355
---------------------------------------------------------------------

freesurfer imgreg_4dfp.c
/opt/freesurfer/average/711-2C_as_mni_average_305.4dfp.img
       256       256       256         1
  1.000000  1.000000  1.000000
orientation T byte_order littleendian
Reading image: /opt/freesurfer/average/711-2C_as_mni_average_305.4dfp.img
dimensions:      256       256       256
mmppix:       1.0000   -1.0000   -1.0000
center:     128.0000 -129.0000 -129.0000
/opt/freesurfer/average/711-2B_as_mni_average_305_mask.4dfp.img
       256       256       256         1
  1.000000  1.000000  1.000000
orientation T byte_order littleendian
Reading mask: /opt/freesurfer/average/711-2B_as_mni_average_305_mask.4dfp.img (2306576 pixels)
talsrcimg_g11.4dfp.img
       256       256       256         1
  1.000000  1.000000  1.000000
orientation T byte_order littleendian
Reading image: talsrcimg_g11.4dfp.img
dimensions:      256       256       256
mmppix:       1.0000   -1.0000   -1.0000
center:     128.0000 -129.0000 -129.0000
rotation matrix determinant  1.000000
image alignment mode   4355 decimal     1103 hex
   -7.5000  -45.0000  -45.0000 2048.8560   26.1871
    0.0000  -45.0000  -45.0000 2058.2708   26.0903
    7.5000  -45.0000  -45.0000 2050.1145   26.1157
   -7.5000  -37.5000  -45.0000 2132.2261   24.1318
    0.0000  -37.5000  -45.0000 2143.5129   24.1051
    7.5000  -37.5000  -45.0000 2131.9429   24.1161
   -7.5000  -30.0000  -45.0000 2190.7944   22.5485
    0.0000  -30.0000  -45.0000 2203.2800   22.5079
    7.5000  -30.0000  -45.0000 2186.2546   22.5609
   -7.5000  -22.5000  -45.0000 2233.2192   21.4322
    0.0000  -22.5000  -45.0000 2247.3821   21.3334
    7.5000  -22.5000  -45.0000 2225.3591   21.3556
   -7.5000  -15.0000  -45.0000 2259.3374   20.8228
    0.0000  -15.0000  -45.0000 2269.1121   20.6659
    7.5000  -15.0000  -45.0000 2251.4448   20.7105
   -7.5000   -7.5000  -45.0000 2267.2805   20.6761
    0.0000   -7.5000  -45.0000 2283.3401   20.5506
    7.5000   -7.5000  -45.0000 2262.3457   20.6091
   -7.5000    0.0000  -45.0000 2263.9983   20.8253
    0.0000    0.0000  -45.0000 2278.8767   20.7356
    7.5000    0.0000  -45.0000 2258.8193   20.7939
   -7.5000    7.5000  -45.0000 2241.7310   21.3199
    0.0000    7.5000  -45.0000 2253.8840   21.2027
    7.5000    7.5000  -45.0000 2239.0005   21.2213
   -7.5000   15.0000  -45.0000 2204.5095   22.0853
    0.0000   15.0000  -45.0000 2219.3137   21.9631
    7.5000   15.0000  -45.0000 2206.4409   21.9968
   -7.5000   22.5000  -45.0000 2159.8438   23.2792
    0.0000   22.5000  -45.0000 2173.7617   23.1347
    7.5000   22.5000  -45.0000 2157.2244   23.1993
   -7.5000   30.0000  -45.0000 2094.5898   24.9742
    0.0000   30.0000  -45.0000 2104.4324   24.8222
    7.5000   30.0000  -45.0000 2085.4751   24.9374
   -7.5000   37.5000  -45.0000 2010.6038   27.2674
    0.0000   37.5000  -45.0000 2019.1742   27.1092
    7.5000   37.5000  -45.0000 2004.0129   27.2943
   -7.5000   45.0000  -45.0000 1912.0878   30.4066
    0.0000   45.0000  -45.0000 1913.3418   30.1340
    7.5000   45.0000  -45.0000 1908.6754   30.3122
   -7.5000  -45.0000  -37.5000 2132.9998   24.2988
    0.0000  -45.0000  -37.5000 2141.3018   24.2931
    7.5000  -45.0000  -37.5000 2135.3098   24.2475
   -7.5000  -37.5000  -37.5000 2226.4614   22.4159
    0.0000  -37.5000  -37.5000 2235.6453   22.4272
    7.5000  -37.5000  -37.5000 2227.9553   22.4155
   -7.5000  -30.0000  -37.5000 2290.4053   20.9250
    0.0000  -30.0000  -37.5000 2297.6047   20.8982
    7.5000  -30.0000  -37.5000 2290.0542   20.9148
   -7.5000  -22.5000  -37.5000 2332.4001   19.8322
    0.0000  -22.5000  -37.5000 2346.3489   19.7561
    7.5000  -22.5000  -37.5000 2329.6987   19.7725
   -7.5000  -15.0000  -37.5000 2353.1135   19.1930
    0.0000  -15.0000  -37.5000 2371.0840   19.1273
    7.5000  -15.0000  -37.5000 2354.8708   19.1468
   -7.5000   -7.5000  -37.5000 2363.6353   19.0072
    0.0000   -7.5000  -37.5000 2378.9832   18.9151
    7.5000   -7.5000  -37.5000 2362.0969   18.9120
   -7.5000    0.0000  -37.5000 2360.3215   19.0426
    0.0000    0.0000  -37.5000 2378.7544   18.9803
    7.5000    0.0000  -37.5000 2356.8743   18.9711
   -7.5000    7.5000  -37.5000 2345.3782   19.4751
    0.0000    7.5000  -37.5000 2358.5120   19.3781
    7.5000    7.5000  -37.5000 2345.0500   19.3991
   -7.5000   15.0000  -37.5000 2312.2295   20.2002
    0.0000   15.0000  -37.5000 2329.7827   20.1196
    7.5000   15.0000  -37.5000 2312.9849   20.1468
   -7.5000   22.5000  -37.5000 2266.4351   21.3657
    0.0000   22.5000  -37.5000 2282.5100   21.2941
    7.5000   22.5000  -37.5000 2267.7344   21.3290
   -7.5000   30.0000  -37.5000 2195.0002   22.9743
    0.0000   30.0000  -37.5000 2208.9390   22.9296
    7.5000   30.0000  -37.5000 2193.4153   22.9618
   -7.5000   37.5000  -37.5000 2098.9937   25.1723
    0.0000   37.5000  -37.5000 2109.5591   25.0589
    7.5000   37.5000  -37.5000 2095.1226   25.1227
   -7.5000   45.0000  -37.5000 1996.1693   28.0991
    0.0000   45.0000  -37.5000 1995.1426   27.8753
    7.5000   45.0000  -37.5000 1988.7827   27.9721
   -7.5000  -45.0000  -30.0000 2254.2710   23.4366
    0.0000  -45.0000  -30.0000 2273.9316   23.4384
    7.5000  -45.0000  -30.0000 2268.8425   23.3594
   -7.5000  -37.5000  -30.0000 2360.4617   21.5850
    0.0000  -37.5000  -30.0000 2378.0269   21.5781
    7.5000  -37.5000  -30.0000 2364.8206   21.5425
   -7.5000  -30.0000  -30.0000 2430.1768   20.1652
    0.0000  -30.0000  -30.0000 2438.3359   20.1092
    7.5000  -30.0000  -30.0000 2424.5996   20.0785
   -7.5000  -22.5000  -30.0000 2475.8184   19.1064
    0.0000  -22.5000  -30.0000 2490.5137   18.9936
    7.5000  -22.5000  -30.0000 2468.9390   19.0429
   -7.5000  -15.0000  -30.0000 2495.5337   18.4221
    0.0000  -15.0000  -30.0000 2515.0249   18.3304
    7.5000  -15.0000  -30.0000 2492.7905   18.3514
   -7.5000   -7.5000  -30.0000 2514.6479   18.1702
    0.0000   -7.5000  -30.0000 2530.0867   18.0454
    7.5000   -7.5000  -30.0000 2512.0803   18.1038
   -7.5000    0.0000  -30.0000 2511.3838   18.1952
    0.0000    0.0000  -30.0000 2529.9910   18.0873
    7.5000    0.0000  -30.0000 2512.5935   18.1742
   -7.5000    7.5000  -30.0000 2496.8298   18.6124
    0.0000    7.5000  -30.0000 2515.3020   18.4882
    7.5000    7.5000  -30.0000 2499.2529   18.5897
   -7.5000   15.0000  -30.0000 2465.4375   19.3829
    0.0000   15.0000  -30.0000 2482.6406   19.2202
    7.5000   15.0000  -30.0000 2465.1362   19.3276
   -7.5000   22.5000  -30.0000 2412.0500   20.5236
    0.0000   22.5000  -30.0000 2429.3984   20.3871
    7.5000   22.5000  -30.0000 2410.2666   20.4923
   -7.5000   30.0000  -30.0000 2336.4954   22.1053
    0.0000   30.0000  -30.0000 2350.9243   22.0264
    7.5000   30.0000  -30.0000 2331.8667   22.0880
   -7.5000   37.5000  -30.0000 2232.5354   24.2169
    0.0000   37.5000  -30.0000 2245.0542   24.1523
    7.5000   37.5000  -30.0000 2224.6172   24.1948
   -7.5000   45.0000  -30.0000 2114.8792   26.9323
    0.0000   45.0000  -30.0000 2123.8442   26.8391
    7.5000   45.0000  -30.0000 2108.9878   26.9325
   -7.5000  -45.0000  -22.5000 2359.2773   22.5123
    0.0000  -45.0000  -22.5000 2378.7837   22.4140
    7.5000  -45.0000  -22.5000 2367.7886   22.3624
   -7.5000  -37.5000  -22.5000 2467.5190   20.6676
    0.0000  -37.5000  -22.5000 2484.8623   20.5399
    7.5000  -37.5000  -22.5000 2467.6482   20.5357
   -7.5000  -30.0000  -22.5000 2541.2556   19.1910
    0.0000  -30.0000  -22.5000 2556.9758   19.0770
    7.5000  -30.0000  -22.5000 2537.2410   19.0854
   -7.5000  -22.5000  -22.5000 2599.0593   18.1768
    0.0000  -22.5000  -22.5000 2609.8904   18.0158
    7.5000  -22.5000  -22.5000 2592.8667   18.0696
   -7.5000  -15.0000  -22.5000 2621.0208   17.4910
    0.0000  -15.0000  -22.5000 2632.8987   17.3118
    7.5000  -15.0000  -22.5000 2619.9329   17.4362
   -7.5000   -7.5000  -22.5000 2645.0969   17.2071
    0.0000   -7.5000  -22.5000 2653.5544   17.0430
    7.5000   -7.5000  -22.5000 2643.4404   17.1814
   -7.5000    0.0000  -22.5000 2644.5493   17.2575
    0.0000    0.0000  -22.5000 2657.6865   17.0762
    7.5000    0.0000  -22.5000 2645.9541   17.2239
   -7.5000    7.5000  -22.5000 2631.4114   17.6579
    0.0000    7.5000  -22.5000 2643.8750   17.4889
    7.5000    7.5000  -22.5000 2630.9905   17.6701
   -7.5000   15.0000  -22.5000 2591.7715   18.4115
    0.0000   15.0000  -22.5000 2606.6824   18.2494
    7.5000   15.0000  -22.5000 2589.1807   18.4235
   -7.5000   22.5000  -22.5000 2532.6460   19.5110
    0.0000   22.5000  -22.5000 2551.0710   19.4134
    7.5000   22.5000  -22.5000 2531.6782   19.5464
   -7.5000   30.0000  -22.5000 2446.9580   20.9881
    0.0000   30.0000  -22.5000 2466.2043   20.9245
    7.5000   30.0000  -22.5000 2443.5601   21.0333
   -7.5000   37.5000  -22.5000 2331.4250   22.9684
    0.0000   37.5000  -22.5000 2352.9575   22.8874
    7.5000   37.5000  -22.5000 2327.9075   22.9820
   -7.5000   45.0000  -22.5000 2201.3984   25.5030
    0.0000   45.0000  -22.5000 2215.6594   25.4903
    7.5000   45.0000  -22.5000 2195.2424   25.5818
   -7.5000  -45.0000  -15.0000 2424.8230   21.4720
    0.0000  -45.0000  -15.0000 2440.9810   21.3021
    7.5000  -45.0000  -15.0000 2427.5989   21.2988
   -7.5000  -37.5000  -15.0000 2532.5613   19.6131
    0.0000  -37.5000  -15.0000 2547.5957   19.4665
    7.5000  -37.5000  -15.0000 2532.2754   19.5071
   -7.5000  -30.0000  -15.0000 2609.6440   18.2396
    0.0000  -30.0000  -15.0000 2623.8594   18.0593
    7.5000  -30.0000  -15.0000 2614.8230   18.1129
   -7.5000  -22.5000  -15.0000 2676.8103   17.2141
    0.0000  -22.5000  -15.0000 2687.9468   17.0175
    7.5000  -22.5000  -15.0000 2678.4136   17.1108
   -7.5000  -15.0000  -15.0000 2718.4060   16.5567
    0.0000  -15.0000  -15.0000 2728.9817   16.3426
    7.5000  -15.0000  -15.0000 2717.7820   16.4639
   -7.5000   -7.5000  -15.0000 2742.3120   16.2434
    0.0000   -7.5000  -15.0000 2751.1870   16.0536
    7.5000   -7.5000  -15.0000 2741.0022   16.2229
   -7.5000    0.0000  -15.0000 2741.4053   16.2808
    0.0000    0.0000  -15.0000 2754.8408   16.1136
    7.5000    0.0000  -15.0000 2734.4858   16.2761
   -7.5000    7.5000  -15.0000 2722.6240   16.6657
    0.0000    7.5000  -15.0000 2740.6228   16.5216
    7.5000    7.5000  -15.0000 2720.4546   16.6984
   -7.5000   15.0000  -15.0000 2680.8972   17.4134
    0.0000   15.0000  -15.0000 2697.2444   17.2749
    7.5000   15.0000  -15.0000 2678.0557   17.4491
   -7.5000   22.5000  -15.0000 2613.6743   18.4769
    0.0000   22.5000  -15.0000 2632.2842   18.3585
    7.5000   22.5000  -15.0000 2613.0344   18.5254
   -7.5000   30.0000  -15.0000 2522.1318   19.9083
    0.0000   30.0000  -15.0000 2544.9094   19.7811
    7.5000   30.0000  -15.0000 2522.9954   19.9500
   -7.5000   37.5000  -15.0000 2405.7349   21.7882
    0.0000   37.5000  -15.0000 2426.9421   21.6582
    7.5000   37.5000  -15.0000 2401.0334   21.8489
   -7.5000   45.0000  -15.0000 2264.3716   24.2203
    0.0000   45.0000  -15.0000 2278.0010   24.1314
    7.5000   45.0000  -15.0000 2256.3484   24.2726
   -7.5000  -45.0000   -7.5000 2460.7966   20.4564
    0.0000  -45.0000   -7.5000 2478.9578   20.2404
    7.5000  -45.0000   -7.5000 2470.3025   20.2825
   -7.5000  -37.5000   -7.5000 2574.7249   18.6315
    0.0000  -37.5000   -7.5000 2593.2986   18.4604
    7.5000  -37.5000   -7.5000 2581.8955   18.5567
   -7.5000  -30.0000   -7.5000 2663.6772   17.2705
    0.0000  -30.0000   -7.5000 2675.9846   17.0798
    7.5000  -30.0000   -7.5000 2670.2439   17.1975
   -7.5000  -22.5000   -7.5000 2737.1643   16.3136
    0.0000  -22.5000   -7.5000 2747.1897   16.1212
    7.5000  -22.5000   -7.5000 2738.6812   16.2159
   -7.5000  -15.0000   -7.5000 2790.0674   15.6300
    0.0000  -15.0000   -7.5000 2799.8086   15.4412
    7.5000  -15.0000   -7.5000 2787.2170   15.5258
   -7.5000   -7.5000   -7.5000 2815.9561   15.2914
    0.0000   -7.5000   -7.5000 2830.4775   15.1301
    7.5000   -7.5000   -7.5000 2810.8506   15.2554
   -7.5000    0.0000   -7.5000 2813.1375   15.3574
    0.0000    0.0000   -7.5000 2832.9192   15.1730
    7.5000    0.0000   -7.5000 2813.3499   15.3469
   -7.5000    7.5000   -7.5000 2801.1035   15.7895
    0.0000    7.5000   -7.5000 2819.0500   15.5775
    7.5000    7.5000   -7.5000 2797.5496   15.8058
   -7.5000   15.0000   -7.5000 2753.2039   16.5122
    0.0000   15.0000   -7.5000 2765.3882   16.3096
    7.5000   15.0000   -7.5000 2750.5225   16.5329
   -7.5000   22.5000   -7.5000 2685.4307   17.5384
    0.0000   22.5000   -7.5000 2688.1074   17.3349
    7.5000   22.5000   -7.5000 2677.6216   17.5158
   -7.5000   30.0000   -7.5000 2579.6179   18.9303
    0.0000   30.0000   -7.5000 2588.4238   18.7179
    7.5000   30.0000   -7.5000 2575.3723   18.9359
   -7.5000   37.5000   -7.5000 2454.0176   20.7414
    0.0000   37.5000   -7.5000 2470.4500   20.5606
    7.5000   37.5000   -7.5000 2449.2158   20.7775
   -7.5000   45.0000   -7.5000 2306.7786   23.0441
    0.0000   45.0000   -7.5000 2317.0889   22.8638
    7.5000   45.0000   -7.5000 2299.6375   23.0664
   -7.5000  -45.0000    0.0000 2473.3879   19.6990
    0.0000  -45.0000    0.0000 2491.0342   19.5287
    7.5000  -45.0000    0.0000 2491.7444   19.5981
   -7.5000  -37.5000    0.0000 2596.9167   17.9219
    0.0000  -37.5000    0.0000 2614.9883   17.7559
    7.5000  -37.5000    0.0000 2606.1865   17.8383
   -7.5000  -30.0000    0.0000 2698.4697   16.5644
    0.0000  -30.0000    0.0000 2712.6128   16.4067
    7.5000  -30.0000    0.0000 2707.8501   16.4951
   -7.5000  -22.5000    0.0000 2778.5718   15.6194
    0.0000  -22.5000    0.0000 2794.7002   15.4627
    7.5000  -22.5000    0.0000 2785.3469   15.5168
   -7.5000  -15.0000    0.0000 2834.6570   14.9185
    0.0000  -15.0000    0.0000 2852.1150   14.7623
    7.5000  -15.0000    0.0000 2831.2080   14.8438
   -7.5000   -7.5000    0.0000 2868.7148   14.5659
    0.0000   -7.5000    0.0000 2882.0095   14.3726
    7.5000   -7.5000    0.0000 2861.9065   14.5337
   -7.5000    0.0000    0.0000 2877.0771   14.6727
    0.0000    0.0000    0.0000 2887.3667   14.4332
    7.5000    0.0000    0.0000 2870.4590   14.6400
   -7.5000    7.5000    0.0000 2856.5686   15.1093
    0.0000    7.5000    0.0000 2869.3770   14.8648
    7.5000    7.5000    0.0000 2850.9968   15.0945
   -7.5000   15.0000    0.0000 2801.2529   15.8426
    0.0000   15.0000    0.0000 2809.2976   15.5909
    7.5000   15.0000    0.0000 2798.2502   15.8073
   -7.5000   22.5000    0.0000 2723.2786   16.8451
    0.0000   22.5000    0.0000 2729.6106   16.6164
    7.5000   22.5000    0.0000 2720.0608   16.8464
   -7.5000   30.0000    0.0000 2617.1492   18.2709
    0.0000   30.0000    0.0000 2624.0188   18.0288
    7.5000   30.0000    0.0000 2611.6792   18.2738
   -7.5000   37.5000    0.0000 2492.2703   20.0421
    0.0000   37.5000    0.0000 2501.2761   19.8076
    7.5000   37.5000    0.0000 2485.4775   20.0988
   -7.5000   45.0000    0.0000 2339.4902   22.2468
    0.0000   45.0000    0.0000 2342.7100   22.0846
    7.5000   45.0000    0.0000 2331.0981   22.3182
   -7.5000  -45.0000    7.5000 2488.8967   19.3435
    0.0000  -45.0000    7.5000 2519.5215   19.1787
    7.5000  -45.0000    7.5000 2508.8542   19.2230
   -7.5000  -37.5000    7.5000 2618.3921   17.5842
    0.0000  -37.5000    7.5000 2636.2344   17.3992
    7.5000  -37.5000    7.5000 2626.0864   17.4711
   -7.5000  -30.0000    7.5000 2730.0984   16.2388
    0.0000  -30.0000    7.5000 2745.9746   16.0806
    7.5000  -30.0000    7.5000 2737.5212   16.1064
   -7.5000  -22.5000    7.5000 2824.0181   15.3513
    0.0000  -22.5000    7.5000 2839.9119   15.1598
    7.5000  -22.5000    7.5000 2828.2292   15.1452
   -7.5000  -15.0000    7.5000 2882.2766   14.5940
    0.0000  -15.0000    7.5000 2902.2043   14.4259
    7.5000  -15.0000    7.5000 2875.4487   14.4470
   -7.5000   -7.5000    7.5000 2913.8787   14.1458
    0.0000   -7.5000    7.5000 2925.7310   13.9205
    7.5000   -7.5000    7.5000 2896.2842   14.1137
   -7.5000    0.0000    7.5000 2915.5571   14.2190
    0.0000    0.0000    7.5000 2923.1416   13.9743
    7.5000    0.0000    7.5000 2905.4436   14.2357
   -7.5000    7.5000    7.5000 2898.3201   14.6857
    0.0000    7.5000    7.5000 2905.0388   14.3833
    7.5000    7.5000    7.5000 2892.7151   14.7075
   -7.5000   15.0000    7.5000 2839.7263   15.4552
    0.0000   15.0000    7.5000 2846.2805   15.1488
    7.5000   15.0000    7.5000 2839.4607   15.4813
   -7.5000   22.5000    7.5000 2758.4155   16.5373
    0.0000   22.5000    7.5000 2764.0798   16.2273
    7.5000   22.5000    7.5000 2759.4158   16.5865
   -7.5000   30.0000    7.5000 2652.2415   17.9492
    0.0000   30.0000    7.5000 2653.3081   17.6364
    7.5000   30.0000    7.5000 2648.9854   17.9932
   -7.5000   37.5000    7.5000 2520.9602   19.7218
    0.0000   37.5000    7.5000 2523.6594   19.4502
    7.5000   37.5000    7.5000 2514.0647   19.7796
   -7.5000   45.0000    7.5000 2363.6069   21.9144
    0.0000   45.0000    7.5000 2370.1240   21.7013
    7.5000   45.0000    7.5000 2358.4880   21.9916
   -7.5000  -45.0000   15.0000 2492.5005   19.1632
    0.0000  -45.0000   15.0000 2521.9636   19.0159
    7.5000  -45.0000   15.0000 2511.7053   19.0054
   -7.5000  -37.5000   15.0000 2617.3752   17.3949
    0.0000  -37.5000   15.0000 2645.3918   17.3005
    7.5000  -37.5000   15.0000 2629.0815   17.2744
   -7.5000  -30.0000   15.0000 2734.3782   16.0459
    0.0000  -30.0000   15.0000 2761.1270   15.9751
    7.5000  -30.0000   15.0000 2738.9824   15.9062
   -7.5000  -22.5000   15.0000 2839.6384   15.1650
    0.0000  -22.5000   15.0000 2868.0176   15.0890
    7.5000  -22.5000   15.0000 2837.7168   14.9539
   -7.5000  -15.0000   15.0000 2912.5146   14.5145
    0.0000  -15.0000   15.0000 2950.0081   14.4698
    7.5000  -15.0000   15.0000 2902.4124   14.3032
   -7.5000   -7.5000   15.0000 2942.8147   14.0497
    0.0000   -7.5000   15.0000 2971.7661   13.9187
    7.5000   -7.5000   15.0000 2930.6235   14.0316
   -7.5000    0.0000   15.0000 2941.6296   14.0575
    0.0000    0.0000   15.0000 2949.3767   13.8296
    7.5000    0.0000   15.0000 2937.0332   14.2021
   -7.5000    7.5000   15.0000 2912.5522   14.5240
    0.0000    7.5000   15.0000 2924.4219   14.3136
    7.5000    7.5000   15.0000 2911.9915   14.6347
   -7.5000   15.0000   15.0000 2853.8784   15.3138
    0.0000   15.0000   15.0000 2872.2986   15.1178
    7.5000   15.0000   15.0000 2855.0544   15.3661
   -7.5000   22.5000   15.0000 2768.2869   16.3538
    0.0000   22.5000   15.0000 2785.7227   16.1720
    7.5000   22.5000   15.0000 2764.0740   16.3776
   -7.5000   30.0000   15.0000 2656.0803   17.7676
    0.0000   30.0000   15.0000 2671.9309   17.6166
    7.5000   30.0000   15.0000 2649.2332   17.7649
   -7.5000   37.5000   15.0000 2524.7388   19.5628
    0.0000   37.5000   15.0000 2543.3643   19.4601
    7.5000   37.5000   15.0000 2515.0339   19.5636
   -7.5000   45.0000   15.0000 2369.3728   21.7328
    0.0000   45.0000   15.0000 2386.7678   21.6917
    7.5000   45.0000   15.0000 2369.2827   21.7871
   -7.5000  -45.0000   22.5000 2481.7031   19.1739
    0.0000  -45.0000   22.5000 2514.2483   19.0711
    7.5000  -45.0000   22.5000 2506.6313   19.1336
   -7.5000  -37.5000   22.5000 2602.8435   17.3411
    0.0000  -37.5000   22.5000 2632.0730   17.2577
    7.5000  -37.5000   22.5000 2624.7766   17.3330
   -7.5000  -30.0000   22.5000 2722.3545   15.9514
    0.0000  -30.0000   22.5000 2748.4788   15.8905
    7.5000  -30.0000   22.5000 2740.6558   15.9311
   -7.5000  -22.5000   22.5000 2833.8018   15.0757
    0.0000  -22.5000   22.5000 2865.1785   15.0652
    7.5000  -22.5000   22.5000 2843.5686   14.9650
   -7.5000  -15.0000   22.5000 2910.0720   14.4609
    0.0000  -15.0000   22.5000 2962.2544   14.5317
    7.5000  -15.0000   22.5000 2905.0686   14.4210
   -7.5000   -7.5000   22.5000 2954.6372   14.2090
    0.0000   -7.5000   22.5000 3008.0195   14.2506
    7.5000   -7.5000   22.5000 2941.6350   14.2539
   -7.5000    0.0000   22.5000 2943.0161   14.3015
    0.0000    0.0000   22.5000 2989.7251   14.3353
    7.5000    0.0000   22.5000 2936.2561   14.3783
   -7.5000    7.5000   22.5000 2909.2283   14.6231
    0.0000    7.5000   22.5000 2945.4236   14.6181
    7.5000    7.5000   22.5000 2905.6440   14.7110
   -7.5000   15.0000   22.5000 2847.9373   15.3147
    0.0000   15.0000   22.5000 2872.3726   15.2277
    7.5000   15.0000   22.5000 2844.5864   15.3468
   -7.5000   22.5000   22.5000 2763.5017   16.3940
    0.0000   22.5000   22.5000 2778.8101   16.2308
    7.5000   22.5000   22.5000 2756.6006   16.3605
   -7.5000   30.0000   22.5000 2657.5803   17.8162
    0.0000   30.0000   22.5000 2665.8474   17.6097
    7.5000   30.0000   22.5000 2646.0737   17.7682
   -7.5000   37.5000   22.5000 2526.4741   19.6079
    0.0000   37.5000   22.5000 2535.4241   19.4268
    7.5000   37.5000   22.5000 2521.2354   19.6311
   -7.5000   45.0000   22.5000 2374.4722   21.8467
    0.0000   45.0000   22.5000 2380.2041   21.7311
    7.5000   45.0000   22.5000 2366.1006   21.8966
   -7.5000  -45.0000   30.0000 2453.7085   19.4371
    0.0000  -45.0000   30.0000 2483.4609   19.2849
    7.5000  -45.0000   30.0000 2493.1289   19.4795
   -7.5000  -37.5000   30.0000 2581.5815   17.6333
    0.0000  -37.5000   30.0000 2606.0747   17.5824
    7.5000  -37.5000   30.0000 2614.2034   17.7314
   -7.5000  -30.0000   30.0000 2704.9395   16.2891
    0.0000  -30.0000   30.0000 2729.4834   16.3020
    7.5000  -30.0000   30.0000 2727.8289   16.3417
   -7.5000  -22.5000   30.0000 2807.3235   15.3284
    0.0000  -22.5000   30.0000 2846.4939   15.4041
    7.5000  -22.5000   30.0000 2821.8621   15.3033
   -7.5000  -15.0000   30.0000 2882.5168   14.6937
    0.0000  -15.0000   30.0000 2918.5825   14.7132
    7.5000  -15.0000   30.0000 2886.2617   14.7788
   -7.5000   -7.5000   30.0000 2940.1777   14.5850
    0.0000   -7.5000   30.0000 2973.1821   14.6041
    7.5000   -7.5000   30.0000 2930.3203   14.6876
   -7.5000    0.0000   30.0000 2937.1116   14.8033
    0.0000    0.0000   30.0000 2964.9424   14.7800
    7.5000    0.0000   30.0000 2924.5361   14.8513
   -7.5000    7.5000   30.0000 2896.8408   15.1588
    0.0000    7.5000   30.0000 2919.7207   15.0504
    7.5000    7.5000   30.0000 2887.1990   15.1843
   -7.5000   15.0000   30.0000 2827.0891   15.8226
    0.0000   15.0000   30.0000 2845.1304   15.6649
    7.5000   15.0000   30.0000 2818.5483   15.8131
   -7.5000   22.5000   30.0000 2743.6990   16.7807
    0.0000   22.5000   30.0000 2753.9067   16.6084
    7.5000   22.5000   30.0000 2732.0161   16.7458
   -7.5000   30.0000   30.0000 2636.5798   18.1072
    0.0000   30.0000   30.0000 2643.9980   17.9217
    7.5000   30.0000   30.0000 2625.3284   18.0725
   -7.5000   37.5000   30.0000 2495.4678   19.8206
    0.0000   37.5000   30.0000 2505.6094   19.6943
    7.5000   37.5000   30.0000 2493.6555   19.8220
   -7.5000   45.0000   30.0000 2341.5464   22.0211
    0.0000   45.0000   30.0000 2351.2322   21.9063
    7.5000   45.0000   30.0000 2339.0205   22.0627
   -7.5000  -45.0000   37.5000 2429.7656   20.0057
    0.0000  -45.0000   37.5000 2458.7908   19.9540
    7.5000  -45.0000   37.5000 2462.7493   20.1766
   -7.5000  -37.5000   37.5000 2563.2319   18.2685
    0.0000  -37.5000   37.5000 2586.4646   18.2506
    7.5000  -37.5000   37.5000 2585.3354   18.4270
   -7.5000  -30.0000   37.5000 2680.2244   16.8348
    0.0000  -30.0000   37.5000 2701.8906   16.8437
    7.5000  -30.0000   37.5000 2694.5605   16.9334
   -7.5000  -22.5000   37.5000 2780.8521   15.8172
    0.0000  -22.5000   37.5000 2792.4414   15.7058
    7.5000  -22.5000   37.5000 2797.3118   15.9089
   -7.5000  -15.0000   37.5000 2847.4072   15.2421
    0.0000  -15.0000   37.5000 2873.0857   15.1184
    7.5000  -15.0000   37.5000 2858.8459   15.3304
   -7.5000   -7.5000   37.5000 2899.0564   15.1350
    0.0000   -7.5000   37.5000 2922.9658   15.0904
    7.5000   -7.5000   37.5000 2895.4910   15.2026
   -7.5000    0.0000   37.5000 2892.3547   15.3104
    0.0000    0.0000   37.5000 2908.7234   15.2445
    7.5000    0.0000   37.5000 2878.4119   15.3519
   -7.5000    7.5000   37.5000 2854.1638   15.7419
    0.0000    7.5000   37.5000 2865.2786   15.6076
    7.5000    7.5000   37.5000 2841.4575   15.7677
   -7.5000   15.0000   37.5000 2786.3333   16.4561
    0.0000   15.0000   37.5000 2792.2097   16.2402
    7.5000   15.0000   37.5000 2775.8142   16.4541
   -7.5000   22.5000   37.5000 2702.4021   17.4416
    0.0000   22.5000   37.5000 2711.2473   17.2438
    7.5000   22.5000   37.5000 2693.6619   17.4106
   -7.5000   30.0000   37.5000 2589.0981   18.7123
    0.0000   30.0000   37.5000 2601.1467   18.5292
    7.5000   30.0000   37.5000 2586.3569   18.6698
   -7.5000   37.5000   37.5000 2452.4709   20.3852
    0.0000   37.5000   37.5000 2461.6716   20.2048
    7.5000   37.5000   37.5000 2450.9355   20.3644
   -7.5000   45.0000   37.5000 2303.2349   22.5328
    0.0000   45.0000   37.5000 2310.4949   22.4096
    7.5000   45.0000   37.5000 2301.3770   22.5696
   -7.5000  -45.0000   45.0000 2401.2820   20.8486
    0.0000  -45.0000   45.0000 2418.7144   20.6468
    7.5000  -45.0000   45.0000 2427.4429   21.0523
   -7.5000  -37.5000   45.0000 2527.4744   19.0061
    0.0000  -37.5000   45.0000 2541.9238   18.8095
    7.5000  -37.5000   45.0000 2544.3528   19.1508
   -7.5000  -30.0000   45.0000 2639.6445   17.4866
    0.0000  -30.0000   45.0000 2647.8655   17.2621
    7.5000  -30.0000   45.0000 2661.5278   17.6527
   -7.5000  -22.5000   45.0000 2731.1462   16.4290
    0.0000  -22.5000   45.0000 2747.1255   16.2141
    7.5000  -22.5000   45.0000 2750.5081   16.6041
   -7.5000  -15.0000   45.0000 2797.1355   15.9005
    0.0000  -15.0000   45.0000 2812.3000   15.7325
    7.5000  -15.0000   45.0000 2808.0234   16.0293
   -7.5000   -7.5000   45.0000 2835.1311   15.8405
    0.0000   -7.5000   45.0000 2851.7468   15.7166
    7.5000   -7.5000   45.0000 2830.9417   15.9136
   -7.5000    0.0000   45.0000 2823.8489   16.0086
    0.0000    0.0000   45.0000 2842.0896   15.8682
    7.5000    0.0000   45.0000 2813.5269   16.0398
   -7.5000    7.5000   45.0000 2788.4150   16.4554
    0.0000    7.5000   45.0000 2796.3716   16.2659
    7.5000    7.5000   45.0000 2780.0906   16.4469
   -7.5000   15.0000   45.0000 2724.2983   17.1827
    0.0000   15.0000   45.0000 2730.5972   16.9759
    7.5000   15.0000   45.0000 2716.7383   17.1616
   -7.5000   22.5000   45.0000 2637.9565   18.2103
    0.0000   22.5000   45.0000 2649.3662   18.0016
    7.5000   22.5000   45.0000 2634.2715   18.1599
   -7.5000   30.0000   45.0000 2522.4805   19.5234
    0.0000   30.0000   45.0000 2533.3481   19.3206
    7.5000   30.0000   45.0000 2526.6665   19.4535
   -7.5000   37.5000   45.0000 2391.6943   21.1948
    0.0000   37.5000   45.0000 2401.5193   21.0632
    7.5000   37.5000   45.0000 2389.3691   21.1820
   -7.5000   45.0000   45.0000 2255.6587   23.3039
    0.0000   45.0000   45.0000 2264.5095   23.2255
    7.5000   45.0000   45.0000 2244.4951   23.4121

---------------------------------------------------------------------
imgreg_4dfp /opt/freesurfer/average/711-2C_as_mni_average_305 /opt/freesurfer/average/711-2B_as_mni_average_305_mask talsrcimg_g11 none talsrcimg_to_711-2C_as_mni_average_305_t4 1283
---------------------------------------------------------------------

freesurfer imgreg_4dfp.c
/opt/freesurfer/average/711-2C_as_mni_average_305.4dfp.img
       256       256       256         1
  1.000000  1.000000  1.000000
orientation T byte_order littleendian
Reading image: /opt/freesurfer/average/711-2C_as_mni_average_305.4dfp.img
dimensions:      256       256       256
mmppix:       1.0000   -1.0000   -1.0000
center:     128.0000 -129.0000 -129.0000
/opt/freesurfer/average/711-2B_as_mni_average_305_mask.4dfp.img
       256       256       256         1
  1.000000  1.000000  1.000000
orientation T byte_order littleendian
Reading mask: /opt/freesurfer/average/711-2B_as_mni_average_305_mask.4dfp.img (2306576 pixels)
talsrcimg_g11.4dfp.img
       256       256       256         1
  1.000000  1.000000  1.000000
orientation T byte_order littleendian
Reading image: talsrcimg_g11.4dfp.img
dimensions:      256       256       256
mmppix:       1.0000   -1.0000   -1.0000
center:     128.0000 -129.0000 -129.0000
rotation matrix determinant  1.000000
fimgreg.f
image alignment mode   1283 decimal      503 hex
parameters
    0.0000   -7.5000   22.5000    0.0000    0.0000    0.0000
eta,q 0.94169 14.24060
niter,ni,del,rscale     5    3   12.0000    1.2000
parameters
   -1.2887   -5.4645   22.6337    0.3863    0.9578   -1.9141
eta,q 0.94345 14.12358
  0.0670  0.0693  0.0675  0.0633  0.0684  0.0581
  0.0626  0.0620  0.0630  0.0594  0.0636  0.0569
  0.0588  0.0586  0.0587  0.0574  0.0599  0.0565
  0.0574  0.0576  0.0570  0.0571  0.0574  0.0570
  0.0629  0.0570  0.0589  0.0583  0.0569  0.0579
  0.0724  0.0581  0.0629  0.0594  0.0591  0.0596
  0.0768  0.0585  0.0662  0.0610  0.0638  0.0621
niter,ni,del,rscale     4    3   12.0000    1.2000
parameters
   -1.4344   -5.9414   22.4337    1.1652    1.2121   -2.2274
eta,q 0.94343 14.08970
  0.0720  0.0601  0.0663  0.0641  0.0669  0.0595
  0.0665  0.0572  0.0607  0.0594  0.0624  0.0576
  0.0609  0.0566  0.0568  0.0568  0.0590  0.0565
  0.0566  0.0567  0.0565  0.0564  0.0568  0.0566
  0.0587  0.0583  0.0589  0.0574  0.0571  0.0573
  0.0672  0.0586  0.0629  0.0583  0.0606  0.0582
  0.0747  0.0602  0.0661  0.0601  0.0662  0.0597
niter,ni,del,rscale     3    3   12.0000    1.2000
parameters
   -1.6228   -7.4343   21.8589    2.3240    1.3130   -2.9646
eta,q 0.94499 14.03491
  0.0701  0.0585  0.0643  0.0668  0.0657  0.0579
  0.0647  0.0556  0.0587  0.0602  0.0613  0.0558
  0.0600  0.0557  0.0545  0.0562  0.0575  0.0549
  0.0566  0.0567  0.0560  0.0550  0.0553  0.0552
  0.0586  0.0578  0.0595  0.0557  0.0560  0.0561
  0.0658  0.0584  0.0623  0.0571  0.0600  0.0572
  0.0726  0.0600  0.0655  0.0594  0.0659  0.0590
niter,ni,del,rscale     2    3   12.0000    1.2000
parameters
   -1.8477   -8.5283   21.4687    2.9695    1.3072   -2.9471
eta,q 0.94631 14.02611
  0.0682  0.0586  0.0653  0.0655  0.0643  0.0574
  0.0624  0.0540  0.0598  0.0581  0.0595  0.0551
  0.0579  0.0536  0.0542  0.0544  0.0556  0.0539
  0.0550  0.0551  0.0540  0.0535  0.0537  0.0537
  0.0577  0.0571  0.0588  0.0549  0.0547  0.0541
  0.0646  0.0580  0.0631  0.0573  0.0588  0.0553
  0.0699  0.0592  0.0659  0.0598  0.0651  0.0572
niter,ni,del,rscale     1    3   12.0000    1.2000
parameters
   -1.9700   -8.8093   21.3489    3.1980    1.3363   -3.0991
eta,q 0.94644 14.02438
  0.0688  0.0607  0.0666  0.0636  0.0641  0.0570
  0.0625  0.0542  0.0612  0.0566  0.0592  0.0548
  0.0576  0.0526  0.0550  0.0538  0.0554  0.0537
  0.0537  0.0538  0.0535  0.0534  0.0536  0.0536
  0.0558  0.0563  0.0576  0.0553  0.0544  0.0540
  0.0641  0.0577  0.0629  0.0579  0.0584  0.0551
  0.0702  0.0589  0.0661  0.0602  0.0647  0.0572
registration optimization eta report
parameter search radius
    6.0000    6.0000    6.0000    6.0000    6.0000    6.0000
100000*second partial in parameter space
       42.       17.       33.       23.       30.       10.
  0.0688  0.0607  0.0666  0.0636  0.0641  0.0570
  0.0625  0.0542  0.0612  0.0566  0.0592  0.0548
  0.0576  0.0526  0.0550  0.0538  0.0554  0.0537
  0.0537  0.0538  0.0535  0.0534  0.0536  0.0536
  0.0558  0.0563  0.0576  0.0553  0.0544  0.0540
  0.0641  0.0577  0.0629  0.0579  0.0584  0.0551
  0.0702  0.0589  0.0661  0.0602  0.0647  0.0572
   -1.9700   -8.8093   21.3489    3.1980    1.3363   -3.0991
eta,q 0.94644 14.02438

---------------------------------------------------------------------
imgreg_4dfp /opt/freesurfer/average/711-2C_as_mni_average_305 /opt/freesurfer/average/711-2B_as_mni_average_305_mask talsrcimg_g11 none talsrcimg_to_711-2C_as_mni_average_305_t4 3335
---------------------------------------------------------------------

freesurfer imgreg_4dfp.c
/opt/freesurfer/average/711-2C_as_mni_average_305.4dfp.img
       256       256       256         1
  1.000000  1.000000  1.000000
orientation T byte_order littleendian
Reading image: /opt/freesurfer/average/711-2C_as_mni_average_305.4dfp.img
dimensions:      256       256       256
mmppix:       1.0000   -1.0000   -1.0000
center:     128.0000 -129.0000 -129.0000
/opt/freesurfer/average/711-2B_as_mni_average_305_mask.4dfp.img
       256       256       256         1
  1.000000  1.000000  1.000000
orientation T byte_order littleendian
Reading mask: /opt/freesurfer/average/711-2B_as_mni_average_305_mask.4dfp.img (2306576 pixels)
talsrcimg_g11.4dfp.img
       256       256       256         1
  1.000000  1.000000  1.000000
orientation T byte_order littleendian
Reading image: talsrcimg_g11.4dfp.img
dimensions:      256       256       256
mmppix:       1.0000   -1.0000   -1.0000
center:     128.0000 -129.0000 -129.0000
fimgreg.f
image alignment mode   3335 decimal      D07 hex
parameters
   -1.9700   -8.8093   21.3489   -0.1734   -0.2947   -0.1829
    5.2679   -2.6267   -5.4048   -5.4446    2.3321    5.5771
eta,q 0.94436 14.17302
niter,ni,del,rscale     5    3    5.0000    1.2000
parameter  2 -0.510086 -> -0.500000 qaram    1.1500
parameter  4  1.620157 ->  0.500000 qaram    1.1500
parameter  5  6.755855 ->  0.500000 qaram    1.1500
parameter  6  1.232986 ->  0.500000 qaram    1.1500
parameter 12  1.888201 ->  0.500000 qaram    1.1500
parameters
   -1.5844   -7.4293   21.3381   -4.3134   -4.4347   -4.3229
    2.9982   -2.4394   -3.9545   -8.3594    1.7341    1.4371
eta,q 0.96749 14.33101
  0.0608  0.0586  0.0572  0.0461  0.0400  0.0346  0.0372  0.0440  0.0391  0.0366  0.0371  0.0314
  0.0584  0.0573  0.0560  0.0477  0.0430  0.0357  0.0362  0.0397  0.0375  0.0354  0.0358  0.0322
  0.0566  0.0562  0.0554  0.0505  0.0456  0.0381  0.0358  0.0368  0.0364  0.0351  0.0352  0.0334
  0.0556  0.0555  0.0552  0.0552  0.0483  0.0437  0.0362  0.0358  0.0358  0.0357  0.0351  0.0350
  0.0556  0.0552  0.0555  0.0616  0.0510  0.0522  0.0371  0.0366  0.0358  0.0374  0.0355  0.0369
  0.0566  0.0552  0.0562  0.0682  0.0542  0.0606  0.0386  0.0391  0.0363  0.0398  0.0364  0.0390
  0.0584  0.0555  0.0571  0.0738  0.0578  0.0677  0.0404  0.0432  0.0372  0.0427  0.0379  0.0413
niter,ni,del,rscale     7    3    5.0000    1.2000
parameter  2  0.664391 ->  0.500000 qaram    1.3225
parameter  5  1.647715 ->  0.500000 qaram    1.3225
parameter 12  1.003747 ->  0.500000 qaram    1.3225
parameters
   -1.6587   -9.0163   20.4230   -6.2525   -9.1957   -6.2421
    2.7162   -2.6772   -3.3757   -5.6479    2.6514   -3.3239
eta,q 0.97449 14.28381
  0.0360  0.0316  0.0318  0.0342  0.0263  0.0299  0.0299  0.0310  0.0299  0.0335  0.0279  0.0252
  0.0339  0.0314  0.0313  0.0328  0.0266  0.0288  0.0286  0.0288  0.0287  0.0309  0.0273  0.0254
  0.0328  0.0316  0.0311  0.0317  0.0286  0.0278  0.0277  0.0277  0.0279  0.0289  0.0270  0.0259
  0.0325  0.0325  0.0314  0.0311  0.0315  0.0270  0.0275  0.0275  0.0275  0.0275  0.0269  0.0269
  0.0330  0.0340  0.0321  0.0319  0.0342  0.0268  0.0279  0.0280  0.0276  0.0269  0.0269  0.0282
  0.0343  0.0362  0.0335  0.0360  0.0374  0.0316  0.0288  0.0292  0.0282  0.0272  0.0271  0.0297
  0.0364  0.0389  0.0356  0.0437  0.0408  0.0419  0.0303  0.0314  0.0293  0.0284  0.0275  0.0318
niter,ni,del,rscale     7    3    5.0000    1.2000
parameters
   -1.4433   -8.4981   20.3546   -4.2991  -12.1824   -6.2206
    2.4965   -2.6975   -3.5296   -5.0436    2.4158   -7.3878
eta,q 0.97638 14.21564
  0.0288  0.0324  0.0266  0.0306  0.0273  0.0280  0.0267  0.0283  0.0262  0.0276  0.0249  0.0244
  0.0272  0.0291  0.0259  0.0286  0.0253  0.0265  0.0253  0.0256  0.0251  0.0257  0.0243  0.0237
  0.0260  0.0267  0.0255  0.0268  0.0241  0.0252  0.0244  0.0243  0.0243  0.0245  0.0241  0.0236
  0.0255  0.0255  0.0253  0.0253  0.0246  0.0241  0.0241  0.0241  0.0241  0.0241  0.0241  0.0240
  0.0256  0.0255  0.0255  0.0243  0.0273  0.0232  0.0244  0.0245  0.0243  0.0243  0.0242  0.0249
  0.0264  0.0268  0.0260  0.0246  0.0307  0.0238  0.0254  0.0257  0.0252  0.0251  0.0244  0.0260
  0.0279  0.0290  0.0267  0.0280  0.0345  0.0304  0.0271  0.0282  0.0265  0.0265  0.0250  0.0275
niter,ni,del,rscale     6    3    5.0000    1.2000
parameters
   -1.4613   -7.7791   20.1824   -4.1974  -12.8485   -5.9955
    2.6271   -2.7418   -3.6802   -3.9342    2.3876   -8.2218
eta,q 0.97669 14.19492
  0.0266  0.0306  0.0245  0.0284  0.0285  0.0273  0.0262  0.0274  0.0255  0.0269  0.0243  0.0250
  0.0250  0.0273  0.0239  0.0265  0.0262  0.0258  0.0247  0.0247  0.0243  0.0249  0.0237  0.0240
  0.0240  0.0250  0.0235  0.0248  0.0243  0.0245  0.0237  0.0235  0.0236  0.0238  0.0234  0.0234
  0.0236  0.0236  0.0234  0.0234  0.0233  0.0234  0.0233  0.0233  0.0233  0.0233  0.0233  0.0233
  0.0239  0.0234  0.0236  0.0227  0.0243  0.0226  0.0236  0.0238  0.0236  0.0235  0.0234  0.0237
  0.0250  0.0244  0.0241  0.0245  0.0273  0.0230  0.0245  0.0250  0.0244  0.0241  0.0237  0.0245
  0.0268  0.0263  0.0250  0.0299  0.0304  0.0290  0.0260  0.0273  0.0257  0.0250  0.0243  0.0257
niter,ni,del,rscale     5    3    5.0000    1.2000
parameters
   -1.4697   -7.4372   20.0578   -4.1910  -13.1164   -6.1393
    2.7073   -2.7046   -3.7903   -3.3296    2.5867   -8.7104
eta,q 0.97661 14.17579
  0.0263  0.0287  0.0245  0.0283  0.0286  0.0271  0.0261  0.0275  0.0254  0.0261  0.0244  0.0252
  0.0247  0.0260  0.0238  0.0264  0.0264  0.0257  0.0247  0.0247  0.0243  0.0245  0.0238  0.0242
  0.0237  0.0241  0.0234  0.0247  0.0245  0.0244  0.0237  0.0236  0.0236  0.0236  0.0235  0.0236
  0.0233  0.0233  0.0233  0.0233  0.0233  0.0233  0.0234  0.0234  0.0234  0.0234  0.0234  0.0234
  0.0236  0.0235  0.0235  0.0226  0.0238  0.0225  0.0236  0.0238  0.0236  0.0236  0.0235  0.0237
  0.0246  0.0247  0.0240  0.0246  0.0266  0.0233  0.0246  0.0249  0.0244  0.0242  0.0237  0.0245
  0.0264  0.0268  0.0248  0.0301  0.0298  0.0300  0.0261  0.0271  0.0255  0.0251  0.0243  0.0256
niter,ni,del,rscale     4    3    5.0000    1.2000
parameters
   -1.4602   -7.2327   19.9620   -4.1898  -13.2980   -6.1625
    2.7521   -2.7197   -3.9214   -2.9017    2.7027   -9.0129
eta,q 0.97656 14.16627
  0.0263  0.0282  0.0246  0.0283  0.0287  0.0272  0.0261  0.0274  0.0254  0.0258  0.0244  0.0253
  0.0248  0.0256  0.0239  0.0264  0.0265  0.0258  0.0247  0.0247  0.0243  0.0244  0.0238  0.0243
  0.0238  0.0240  0.0235  0.0248  0.0246  0.0245  0.0238  0.0236  0.0236  0.0236  0.0235  0.0236
  0.0234  0.0234  0.0234  0.0234  0.0234  0.0234  0.0234  0.0234  0.0234  0.0234  0.0234  0.0234
  0.0237  0.0237  0.0235  0.0227  0.0237  0.0225  0.0237  0.0238  0.0237  0.0237  0.0235  0.0237
  0.0246  0.0250  0.0240  0.0247  0.0265  0.0232  0.0246  0.0249  0.0244  0.0243  0.0238  0.0245
  0.0264  0.0270  0.0248  0.0301  0.0297  0.0297  0.0261  0.0272  0.0255  0.0251  0.0243  0.0255
niter,ni,del,rscale     3    3    5.0000    1.2000
parameters
   -1.4531   -7.0843   19.8939   -4.2130  -13.4552   -6.2071
    2.7924   -2.7230   -4.0127   -2.5832    2.8174   -9.2061
eta,q 0.97648 14.15642
  0.0264  0.0279  0.0246  0.0283  0.0286  0.0272  0.0262  0.0274  0.0254  0.0257  0.0244  0.0253
  0.0248  0.0255  0.0240  0.0265  0.0266  0.0258  0.0247  0.0248  0.0243  0.0243  0.0239  0.0243
  0.0238  0.0240  0.0236  0.0248  0.0247  0.0245  0.0238  0.0237  0.0237  0.0236  0.0236  0.0237
  0.0234  0.0234  0.0234  0.0234  0.0234  0.0235  0.0235  0.0235  0.0235  0.0235  0.0235  0.0235
  0.0237  0.0238  0.0236  0.0228  0.0237  0.0226  0.0238  0.0239  0.0237  0.0238  0.0236  0.0238
  0.0247  0.0250  0.0241  0.0247  0.0264  0.0233  0.0247  0.0250  0.0244  0.0243  0.0238  0.0245
  0.0264  0.0271  0.0248  0.0302  0.0296  0.0298  0.0261  0.0272  0.0255  0.0251  0.0244  0.0255
niter,ni,del,rscale     2    3    5.0000    1.2000
parameters
   -1.4463   -6.9621   19.8424   -4.2280  -13.5977   -6.2371
    2.8131   -2.7311   -4.0947   -2.3012    2.9210   -9.3725
eta,q 0.97643 14.14850
  0.0264  0.0278  0.0247  0.0283  0.0286  0.0273  0.0262  0.0274  0.0254  0.0256  0.0245  0.0254
  0.0248  0.0255  0.0241  0.0265  0.0266  0.0259  0.0248  0.0248  0.0244  0.0243  0.0239  0.0244
  0.0239  0.0240  0.0236  0.0249  0.0247  0.0246  0.0239  0.0238  0.0238  0.0237  0.0237  0.0238
  0.0235  0.0235  0.0235  0.0235  0.0235  0.0235  0.0236  0.0236  0.0236  0.0236  0.0236  0.0236
  0.0238  0.0239  0.0236  0.0229  0.0237  0.0226  0.0238  0.0239  0.0238  0.0238  0.0236  0.0238
  0.0247  0.0251  0.0241  0.0248  0.0264  0.0233  0.0247  0.0250  0.0245  0.0243  0.0239  0.0245
  0.0264  0.0271  0.0249  0.0302  0.0296  0.0297  0.0262  0.0273  0.0255  0.0251  0.0244  0.0255
niter,ni,del,rscale     1    3    5.0000    1.2000
parameters
   -1.4398   -6.8534   19.7908   -4.2488  -13.7301   -6.2635
    2.8302   -2.7339   -4.1636   -2.0304    3.0133   -9.5261
eta,q 0.97638 14.14123
  0.0264  0.0277  0.0248  0.0283  0.0286  0.0273  0.0262  0.0274  0.0255  0.0255  0.0245  0.0254
  0.0249  0.0254  0.0241  0.0265  0.0267  0.0259  0.0248  0.0249  0.0244  0.0243  0.0240  0.0244
  0.0239  0.0241  0.0237  0.0249  0.0248  0.0246  0.0239  0.0238  0.0238  0.0237  0.0237  0.0238
  0.0236  0.0236  0.0236  0.0236  0.0236  0.0236  0.0236  0.0236  0.0236  0.0236  0.0236  0.0236
  0.0238  0.0239  0.0237  0.0229  0.0238  0.0227  0.0239  0.0240  0.0238  0.0238  0.0237  0.0239
  0.0248  0.0251  0.0241  0.0248  0.0263  0.0233  0.0248  0.0250  0.0245  0.0243  0.0239  0.0245
  0.0265  0.0271  0.0249  0.0302  0.0297  0.0298  0.0262  0.0273  0.0255  0.0251  0.0245  0.0255
registration optimization eta report
parameter search radius
    2.4000    3.1740    2.4000    8.2800    9.5220    8.2800
    7.2000    7.2000    7.2000    7.2000    7.2000    9.5220
100000*second partial in parameter space
       50.       38.       22.        9.        6.        8.
        5.        7.        4.        3.        2.        2.
  0.0264  0.0277  0.0248  0.0283  0.0286  0.0273  0.0262  0.0274  0.0255  0.0255  0.0245  0.0254
  0.0249  0.0254  0.0241  0.0265  0.0267  0.0259  0.0248  0.0249  0.0244  0.0243  0.0240  0.0244
  0.0239  0.0241  0.0237  0.0249  0.0248  0.0246  0.0239  0.0238  0.0238  0.0237  0.0237  0.0238
  0.0236  0.0236  0.0236  0.0236  0.0236  0.0236  0.0236  0.0236  0.0236  0.0236  0.0236  0.0236
  0.0238  0.0239  0.0237  0.0229  0.0238  0.0227  0.0239  0.0240  0.0238  0.0238  0.0237  0.0239
  0.0248  0.0251  0.0241  0.0248  0.0263  0.0233  0.0248  0.0250  0.0245  0.0243  0.0239  0.0245
  0.0265  0.0271  0.0249  0.0302  0.0297  0.0298  0.0262  0.0273  0.0255  0.0251  0.0245  0.0255
   -1.4398   -6.8534   19.7908   -4.2488  -13.7301   -6.2635
    2.8302   -2.7339   -4.1636   -2.0304    3.0133   -9.5261
eta,q 0.97638 14.14123

---------------------------------------------------------------------
imgreg_4dfp /opt/freesurfer/average/711-2C_as_mni_average_305 /opt/freesurfer/average/711-2B_as_mni_average_305_mask talsrcimg_g11 none talsrcimg_to_711-2C_as_mni_average_305_t4 2311
---------------------------------------------------------------------

freesurfer imgreg_4dfp.c
/opt/freesurfer/average/711-2C_as_mni_average_305.4dfp.img
       256       256       256         1
  1.000000  1.000000  1.000000
orientation T byte_order littleendian
Reading image: /opt/freesurfer/average/711-2C_as_mni_average_305.4dfp.img
dimensions:      256       256       256
mmppix:       1.0000   -1.0000   -1.0000
center:     128.0000 -129.0000 -129.0000
/opt/freesurfer/average/711-2B_as_mni_average_305_mask.4dfp.img
       256       256       256         1
  1.000000  1.000000  1.000000
orientation T byte_order littleendian
Reading mask: /opt/freesurfer/average/711-2B_as_mni_average_305_mask.4dfp.img (2306576 pixels)
talsrcimg_g11.4dfp.img
       256       256       256         1
  1.000000  1.000000  1.000000
orientation T byte_order littleendian
Reading image: talsrcimg_g11.4dfp.img
dimensions:      256       256       256
mmppix:       1.0000   -1.0000   -1.0000
center:     128.0000 -129.0000 -129.0000
fimgreg.f
image alignment mode   2311 decimal      907 hex
parameters
   -1.4398   -6.8534   19.7908   -4.2488  -13.7301   -6.2635
    2.8302   -2.7339   -4.1636   -2.0304    3.0133   -9.5261
eta,q 0.97638 14.14123
niter,ni,del,rscale     5    3    5.0000    0.8000
parameter  6 -0.662860 -> -0.500000 qaram    1.1500
parameters
   -1.3990   -6.7703   19.7644   -2.1811  -13.2049   -3.5035
    2.8685   -2.6074   -4.1103   -1.9520    2.2712   -9.7147
eta,q 0.97786 14.29610
  0.0249  0.0247  0.0241  0.0261  0.0250  0.0250  0.0238  0.0266  0.0233  0.0234  0.0231  0.0227
  0.0242  0.0241  0.0239  0.0252  0.0242  0.0243  0.0229  0.0240  0.0227  0.0227  0.0225  0.0224
  0.0238  0.0238  0.0237  0.0244  0.0235  0.0236  0.0223  0.0226  0.0223  0.0223  0.0222  0.0222
  0.0236  0.0236  0.0236  0.0236  0.0230  0.0229  0.0222  0.0222  0.0222  0.0222  0.0222  0.0221
  0.0237  0.0237  0.0237  0.0231  0.0229  0.0224  0.0223  0.0226  0.0223  0.0223  0.0225  0.0222
  0.0241  0.0240  0.0239  0.0231  0.0234  0.0221  0.0228  0.0239  0.0227  0.0226  0.0230  0.0225
  0.0248  0.0245  0.0242  0.0240  0.0245  0.0227  0.0237  0.0260  0.0233  0.0233  0.0238  0.0228
niter,ni,del,rscale     5    3    5.0000    0.8000
parameters
   -1.5868   -7.0757   19.8477   -3.1804  -12.7682   -4.6897
    3.0424   -2.6750   -3.8304   -2.3078    2.2997   -9.2237
eta,q 0.97753 14.27917
  0.0238  0.0228  0.0233  0.0241  0.0243  0.0242  0.0240  0.0250  0.0236  0.0233  0.0232  0.0231
  0.0228  0.0223  0.0226  0.0231  0.0234  0.0235  0.0232  0.0234  0.0230  0.0228  0.0228  0.0228
  0.0222  0.0221  0.0222  0.0224  0.0227  0.0227  0.0227  0.0227  0.0226  0.0225  0.0226  0.0226
  0.0221  0.0221  0.0221  0.0221  0.0222  0.0221  0.0225  0.0225  0.0225  0.0225  0.0225  0.0225
  0.0225  0.0224  0.0222  0.0226  0.0221  0.0223  0.0226  0.0228  0.0226  0.0226  0.0225  0.0225
  0.0234  0.0229  0.0225  0.0247  0.0226  0.0250  0.0230  0.0236  0.0228  0.0230  0.0228  0.0226
  0.0248  0.0236  0.0230  0.0282  0.0239  0.0306  0.0238  0.0251  0.0233  0.0235  0.0232  0.0229
niter,ni,del,rscale     4    3    5.0000    0.7000
parameters
   -1.5863   -7.2033   19.8116   -2.7517  -12.5562   -4.5992
    2.9252   -2.6603   -3.7860   -2.6443    2.2076   -9.1436
eta,q 0.97771 14.29717
  0.0237  0.0232  0.0230  0.0246  0.0239  0.0243  0.0233  0.0246  0.0231  0.0229  0.0229  0.0227
  0.0230  0.0227  0.0227  0.0238  0.0232  0.0236  0.0227  0.0232  0.0227  0.0225  0.0225  0.0225
  0.0226  0.0225  0.0225  0.0230  0.0227  0.0229  0.0224  0.0225  0.0224  0.0223  0.0223  0.0223
  0.0225  0.0225  0.0225  0.0225  0.0223  0.0223  0.0223  0.0223  0.0223  0.0223  0.0223  0.0223
  0.0226  0.0226  0.0225  0.0222  0.0224  0.0219  0.0224  0.0225  0.0224  0.0224  0.0224  0.0223
  0.0230  0.0229  0.0227  0.0227  0.0228  0.0224  0.0228  0.0233  0.0226  0.0227  0.0226  0.0225
  0.0237  0.0235  0.0230  0.0243  0.0238  0.0251  0.0235  0.0245  0.0231  0.0232  0.0229  0.0227
niter,ni,del,rscale     3    3    5.0000    0.6000
parameters
   -1.6116   -7.3416   19.8400   -2.5844  -12.3732   -4.1634
    2.9332   -2.6604   -3.7246   -2.8998    2.0838   -9.0176
eta,q 0.97791 14.31939
  0.0232  0.0228  0.0227  0.0239  0.0235  0.0239  0.0230  0.0240  0.0227  0.0226  0.0226  0.0224
  0.0227  0.0225  0.0225  0.0233  0.0229  0.0233  0.0225  0.0229  0.0224  0.0223  0.0223  0.0223
  0.0224  0.0223  0.0223  0.0227  0.0225  0.0227  0.0222  0.0223  0.0222  0.0221  0.0221  0.0221
  0.0223  0.0223  0.0223  0.0223  0.0222  0.0222  0.0221  0.0221  0.0221  0.0221  0.0221  0.0221
  0.0224  0.0224  0.0223  0.0222  0.0223  0.0219  0.0222  0.0223  0.0222  0.0222  0.0222  0.0221
  0.0228  0.0227  0.0224  0.0227  0.0226  0.0221  0.0225  0.0229  0.0224  0.0224  0.0224  0.0222
  0.0233  0.0231  0.0227  0.0240  0.0234  0.0238  0.0229  0.0239  0.0227  0.0228  0.0227  0.0224
niter,ni,del,rscale     2    3    5.0000    0.5000
parameters
   -1.6307   -7.4486   19.8739   -2.5045  -12.2374   -3.8685
    2.9277   -2.6493   -3.6499   -3.1102    2.0001   -8.8895
eta,q 0.97802 14.33244
  0.0228  0.0225  0.0224  0.0233  0.0230  0.0233  0.0226  0.0234  0.0225  0.0224  0.0224  0.0222
  0.0224  0.0222  0.0222  0.0228  0.0225  0.0229  0.0223  0.0226  0.0222  0.0221  0.0222  0.0221
  0.0222  0.0221  0.0221  0.0224  0.0222  0.0224  0.0221  0.0221  0.0220  0.0220  0.0220  0.0220
  0.0221  0.0221  0.0221  0.0221  0.0221  0.0221  0.0220  0.0220  0.0220  0.0220  0.0220  0.0220
  0.0222  0.0222  0.0221  0.0221  0.0221  0.0219  0.0220  0.0222  0.0220  0.0221  0.0220  0.0220
  0.0224  0.0224  0.0222  0.0225  0.0224  0.0221  0.0223  0.0226  0.0222  0.0222  0.0222  0.0221
  0.0229  0.0227  0.0224  0.0234  0.0229  0.0233  0.0226  0.0233  0.0224  0.0225  0.0224  0.0222
niter,ni,del,rscale     1    3    5.0000    0.4000
parameters
   -1.6346   -7.5319   19.9039   -2.4198  -12.1418   -3.5550
    2.9150   -2.6288   -3.6015   -3.2863    1.9334   -8.7892
eta,q 0.97810 14.34268
  0.0225  0.0222  0.0222  0.0228  0.0226  0.0229  0.0223  0.0229  0.0222  0.0222  0.0222  0.0221
  0.0222  0.0221  0.0221  0.0225  0.0223  0.0225  0.0221  0.0223  0.0220  0.0220  0.0220  0.0220
  0.0220  0.0220  0.0220  0.0222  0.0221  0.0222  0.0219  0.0220  0.0219  0.0219  0.0219  0.0219
  0.0220  0.0220  0.0220  0.0220  0.0220  0.0220  0.0219  0.0219  0.0219  0.0219  0.0219  0.0219
  0.0220  0.0220  0.0220  0.0220  0.0220  0.0218  0.0219  0.0220  0.0219  0.0220  0.0219  0.0219
  0.0222  0.0222  0.0221  0.0222  0.0222  0.0220  0.0221  0.0223  0.0220  0.0221  0.0221  0.0220
  0.0225  0.0224  0.0222  0.0228  0.0225  0.0227  0.0223  0.0228  0.0222  0.0223  0.0222  0.0220
registration optimization eta report
parameter search radius
    0.8000    0.8000    0.8000    2.4000    2.4000    2.7600
    2.4000    2.4000    2.4000    2.4000    2.4000    2.4000
100000*second partial in parameter space
       78.       49.       34.       15.       10.       11.
        7.       17.        5.        6.        5.        3.
  0.0225  0.0222  0.0222  0.0228  0.0226  0.0229  0.0223  0.0229  0.0222  0.0222  0.0222  0.0221
  0.0222  0.0221  0.0221  0.0225  0.0223  0.0225  0.0221  0.0223  0.0220  0.0220  0.0220  0.0220
  0.0220  0.0220  0.0220  0.0222  0.0221  0.0222  0.0219  0.0220  0.0219  0.0219  0.0219  0.0219
  0.0220  0.0220  0.0220  0.0220  0.0220  0.0220  0.0219  0.0219  0.0219  0.0219  0.0219  0.0219
  0.0220  0.0220  0.0220  0.0220  0.0220  0.0218  0.0219  0.0220  0.0219  0.0220  0.0219  0.0219
  0.0222  0.0222  0.0221  0.0222  0.0222  0.0220  0.0221  0.0223  0.0220  0.0221  0.0221  0.0220
  0.0225  0.0224  0.0222  0.0228  0.0225  0.0227  0.0223  0.0228  0.0222  0.0223  0.0222  0.0220
   -1.6346   -7.5319   19.9039   -2.4198  -12.1418   -3.5550
    2.9150   -2.6288   -3.6015   -3.2863    1.9334   -8.7892
eta,q 0.97810 14.34268

---------------------------------------------------------------------
imgreg_4dfp /opt/freesurfer/average/711-2C_as_mni_average_305 /opt/freesurfer/average/711-2B_as_mni_average_305_mask talsrcimg_g11 none talsrcimg_to_711-2C_as_mni_average_305_t4 2311
---------------------------------------------------------------------

freesurfer imgreg_4dfp.c
/opt/freesurfer/average/711-2C_as_mni_average_305.4dfp.img
       256       256       256         1
  1.000000  1.000000  1.000000
orientation T byte_order littleendian
Reading image: /opt/freesurfer/average/711-2C_as_mni_average_305.4dfp.img
dimensions:      256       256       256
mmppix:       1.0000   -1.0000   -1.0000
center:     128.0000 -129.0000 -129.0000
/opt/freesurfer/average/711-2B_as_mni_average_305_mask.4dfp.img
       256       256       256         1
  1.000000  1.000000  1.000000
orientation T byte_order littleendian
Reading mask: /opt/freesurfer/average/711-2B_as_mni_average_305_mask.4dfp.img (2306576 pixels)
talsrcimg_g11.4dfp.img
       256       256       256         1
  1.000000  1.000000  1.000000
orientation T byte_order littleendian
Reading image: talsrcimg_g11.4dfp.img
dimensions:      256       256       256
mmppix:       1.0000   -1.0000   -1.0000
center:     128.0000 -129.0000 -129.0000
fimgreg.f
image alignment mode   2311 decimal      907 hex
parameters
   -1.6346   -7.5319   19.9039   -2.4198  -12.1418   -3.5550
    2.9150   -2.6288   -3.6015   -3.2863    1.9334   -8.7892
eta,q 0.97810 14.34268
niter,ni,del,rscale     5    3    5.0000    0.8000
parameters
   -1.6315   -7.5935   19.9487   -3.2148  -12.3926   -4.3258
    2.9200   -2.6481   -3.5762   -3.2732    2.0802   -8.5830
eta,q 0.97772 14.30753
  0.0240  0.0231  0.0230  0.0241  0.0239  0.0239  0.0237  0.0251  0.0233  0.0235  0.0231  0.0229
  0.0228  0.0224  0.0224  0.0231  0.0230  0.0232  0.0229  0.0234  0.0228  0.0227  0.0226  0.0226
  0.0221  0.0220  0.0220  0.0223  0.0224  0.0226  0.0224  0.0225  0.0224  0.0224  0.0224  0.0224
  0.0219  0.0219  0.0219  0.0219  0.0220  0.0221  0.0223  0.0223  0.0223  0.0223  0.0223  0.0223
  0.0221  0.0221  0.0220  0.0223  0.0222  0.0220  0.0224  0.0226  0.0224  0.0224  0.0223  0.0223
  0.0228  0.0225  0.0223  0.0241  0.0231  0.0236  0.0229  0.0235  0.0228  0.0228  0.0226  0.0225
  0.0240  0.0233  0.0228  0.0274  0.0246  0.0275  0.0237  0.0250  0.0233  0.0234  0.0230  0.0228
niter,ni,del,rscale     4    3    5.0000    0.7000
parameters
   -1.5936   -7.5107   19.9257   -2.8026  -12.3903   -4.1464
    2.8531   -2.6277   -3.6151   -3.2289    2.0330   -8.7269
eta,q 0.97789 14.31724
  0.0236  0.0233  0.0228  0.0245  0.0237  0.0238  0.0232  0.0246  0.0229  0.0231  0.0228  0.0225
  0.0229  0.0228  0.0225  0.0236  0.0230  0.0232  0.0226  0.0231  0.0225  0.0225  0.0224  0.0223
  0.0224  0.0224  0.0223  0.0229  0.0225  0.0226  0.0222  0.0223  0.0222  0.0222  0.0222  0.0222
  0.0223  0.0223  0.0223  0.0223  0.0222  0.0222  0.0221  0.0221  0.0221  0.0221  0.0221  0.0221
  0.0224  0.0224  0.0223  0.0221  0.0222  0.0219  0.0222  0.0224  0.0222  0.0222  0.0222  0.0222
  0.0228  0.0226  0.0225  0.0226  0.0228  0.0222  0.0226  0.0232  0.0225  0.0225  0.0224  0.0223
  0.0235  0.0231  0.0229  0.0242  0.0239  0.0242  0.0233  0.0244  0.0230  0.0230  0.0228  0.0226
niter,ni,del,rscale     3    3    5.0000    0.6000
parameters
   -1.6137   -7.5169   19.9124   -2.6699  -12.2924   -3.8596
    2.8921   -2.6241   -3.6089   -3.2375    1.9753   -8.7515
eta,q 0.97800 14.32940
  0.0231  0.0228  0.0225  0.0238  0.0233  0.0234  0.0229  0.0240  0.0226  0.0227  0.0226  0.0223
  0.0225  0.0224  0.0223  0.0231  0.0227  0.0229  0.0224  0.0228  0.0223  0.0223  0.0222  0.0222
  0.0222  0.0222  0.0222  0.0225  0.0223  0.0225  0.0221  0.0222  0.0221  0.0221  0.0221  0.0220
  0.0221  0.0221  0.0221  0.0221  0.0221  0.0221  0.0220  0.0220  0.0220  0.0220  0.0220  0.0220
  0.0222  0.0222  0.0222  0.0220  0.0221  0.0219  0.0221  0.0222  0.0221  0.0221  0.0221  0.0220
  0.0226  0.0224  0.0223  0.0226  0.0225  0.0221  0.0224  0.0229  0.0223  0.0223  0.0223  0.0222
  0.0232  0.0228  0.0226  0.0239  0.0233  0.0235  0.0228  0.0239  0.0226  0.0227  0.0226  0.0224
niter,ni,del,rscale     2    3    5.0000    0.5000
parameters
   -1.6223   -7.5448   19.9199   -2.5751  -12.1995   -3.6155
    2.8969   -2.6154   -3.5786   -3.3005    1.9305   -8.7384
eta,q 0.97807 14.33849
  0.0227  0.0225  0.0223  0.0233  0.0229  0.0230  0.0225  0.0234  0.0224  0.0224  0.0224  0.0222
  0.0223  0.0222  0.0222  0.0227  0.0224  0.0226  0.0222  0.0225  0.0221  0.0221  0.0221  0.0220
  0.0221  0.0220  0.0220  0.0223  0.0221  0.0223  0.0220  0.0221  0.0220  0.0220  0.0220  0.0220
  0.0220  0.0220  0.0220  0.0220  0.0220  0.0220  0.0219  0.0219  0.0219  0.0219  0.0219  0.0219
  0.0221  0.0221  0.0220  0.0220  0.0220  0.0218  0.0220  0.0221  0.0220  0.0220  0.0220  0.0220
  0.0223  0.0222  0.0221  0.0224  0.0223  0.0220  0.0222  0.0226  0.0221  0.0222  0.0221  0.0220
  0.0228  0.0225  0.0223  0.0233  0.0228  0.0230  0.0225  0.0233  0.0224  0.0224  0.0224  0.0222
niter,ni,del,rscale     1    3    5.0000    0.4000
parameters
   -1.6256   -7.5813   19.9392   -2.4889  -12.1329   -3.3690
    2.8978   -2.6028   -3.5615   -3.4039    1.8914   -8.7085
eta,q 0.97813 14.34520
  0.0224  0.0222  0.0222  0.0228  0.0225  0.0226  0.0223  0.0229  0.0222  0.0222  0.0222  0.0220
  0.0221  0.0220  0.0220  0.0224  0.0222  0.0224  0.0220  0.0223  0.0220  0.0220  0.0220  0.0219
  0.0220  0.0219  0.0220  0.0221  0.0220  0.0221  0.0219  0.0220  0.0219  0.0219  0.0219  0.0219
  0.0219  0.0219  0.0219  0.0219  0.0219  0.0219  0.0219  0.0219  0.0219  0.0219  0.0219  0.0219
  0.0220  0.0220  0.0219  0.0219  0.0219  0.0218  0.0219  0.0220  0.0219  0.0219  0.0219  0.0219
  0.0222  0.0221  0.0220  0.0222  0.0221  0.0220  0.0220  0.0223  0.0220  0.0220  0.0220  0.0219
  0.0224  0.0223  0.0221  0.0228  0.0225  0.0226  0.0223  0.0228  0.0222  0.0222  0.0222  0.0220
registration optimization eta report
parameter search radius
    0.8000    0.8000    0.8000    2.4000    2.4000    2.4000
    2.4000    2.4000    2.4000    2.4000    2.4000    2.4000
100000*second partial in parameter space
       79.       50.       36.       15.       10.       12.
        7.       17.        5.        6.        5.        3.
  0.0224  0.0222  0.0222  0.0228  0.0225  0.0226  0.0223  0.0229  0.0222  0.0222  0.0222  0.0220
  0.0221  0.0220  0.0220  0.0224  0.0222  0.0224  0.0220  0.0223  0.0220  0.0220  0.0220  0.0219
  0.0220  0.0219  0.0220  0.0221  0.0220  0.0221  0.0219  0.0220  0.0219  0.0219  0.0219  0.0219
  0.0219  0.0219  0.0219  0.0219  0.0219  0.0219  0.0219  0.0219  0.0219  0.0219  0.0219  0.0219
  0.0220  0.0220  0.0219  0.0219  0.0219  0.0218  0.0219  0.0220  0.0219  0.0219  0.0219  0.0219
  0.0222  0.0221  0.0220  0.0222  0.0221  0.0220  0.0220  0.0223  0.0220  0.0220  0.0220  0.0219
  0.0224  0.0223  0.0221  0.0228  0.0225  0.0226  0.0223  0.0228  0.0222  0.0222  0.0222  0.0220
   -1.6256   -7.5813   19.9392   -2.4889  -12.1329   -3.3690
    2.8978   -2.6028   -3.5615   -3.4039    1.8914   -8.7085
eta,q 0.97813 14.34520

---------------------------------------------------------------------
compute_vox2vox talsrcimg talsrcimg_to_711-2C_as_mni_average_305_t4 /opt/freesurfer/average/711-2C_as_mni_average_305
---------------------------------------------------------------------

freesurfer compute_vox2vox.c
Reading: talsrcimg.4dfp.ifh
Reading: talsrcimg_to_711-2C_as_mni_average_305_t4
Reading: /opt/freesurfer/average/711-2C_as_mni_average_305.4dfp.ifh
Writing: talsrcimg_to_711-2C_as_mni_average_305_t4_vox2vox.txt

start time Mon Mar 9 07:10:07 CET 2026
end		time Mon Mar 9 07:11:33 CET 2026

mpr2mni305 success

avi2talxfm orig_nu.mgz /opt/freesurfer/average/mni305.cor.mgz talsrcimg_to_711-2C_as_mni_average_305_t4_vox2vox.txt transforms/talairach.auto.xfm
avi2talxfm done
mv -f /out/sourcedata/freesurfer/sub-v1s18x0051271_ses-1/mri/talsrcimg_to_711-2C_as_mni_average_305_t4_vox2vox.txt /out/sourcedata/freesurfer/sub-v1s18x0051271_ses-1/mri/transforms/talsrcimg_to_711-2C_as_mni_average_305_t4_vox2vox.txt
lta_convert --src orig_nu.mgz --trg /opt/freesurfer/average/mni305.cor.mgz --inxfm transforms/talairach.auto.xfm --outlta transforms/talairach.auto.xfm.lta --subject fsaverage
7.3.2

--src: orig_nu.mgz src image (geometry).
--trg: /opt/freesurfer/average/mni305.cor.mgz trg image (geometry).
--inmni: transforms/talairach.auto.xfm input MNI/XFM transform.
--outlta: transforms/talairach.auto.xfm.lta output LTA.
--s: fsaverage subject name
 LTA read, type : 1
 1.02387   0.02648  -0.03114   3.94054;
-0.01636   1.03807   0.10342  -24.91965;
 0.04087   0.04129   1.14083   6.04637;
 0.00000   0.00000   0.00000   1.00000;
setting subject to fsaverage
Writing  LTA to file transforms/talairach.auto.xfm.lta...
lta_convert successful.
 
 
Started at Mon Mar 9 07:10:06 CET 2026
Ended   at Mon Mar  9 07:11:33 CET 2026
talairach_avi done
