status file for recon-all
Mon Mar  9 07:57:15 CET 2026
#@# Tessellate rh Mon Mar  9 07:57:15 CET 2026
#@# Smooth1 rh Mon Mar  9 07:57:19 CET 2026
#@# Inflation1 rh Mon Mar  9 07:57:22 CET 2026
#@# QSphere rh Mon Mar  9 07:57:35 CET 2026
#@# Fix Topology rh Mon Mar  9 07:59:06 CET 2026
#@# Smooth2 rh Mon Mar  9 08:04:39 CET 2026
#@# Inflation2 rh Mon Mar  9 08:04:42 CET 2026
#@# Curv .H and .K rh Mon Mar  9 08:04:59 CET 2026
#@# Sphere rh Mon Mar  9 08:05:47 CET 2026
#@# Surf Reg rh Mon Mar  9 08:09:25 CET 2026
#@# Jacobian white rh Mon Mar  9 08:14:13 CET 2026
#@# AvgCurv rh Mon Mar  9 08:14:15 CET 2026
#@# Cortical Parc rh Mon Mar  9 08:14:16 CET 2026
#@# white curv rh Mon Mar  9 08:21:11 CET 2026
#@# white area rh Mon Mar  9 08:21:13 CET 2026
#@# pial curv rh Mon Mar  9 08:21:14 CET 2026
#@# pial area rh Mon Mar  9 08:21:16 CET 2026
#@# thickness rh Mon Mar  9 08:21:17 CET 2026
#@# area and vertex vol rh Mon Mar  9 08:21:47 CET 2026
#@# Curvature Stats rh Mon Mar  9 08:21:49 CET 2026
#@# Cortical Parc 2 rh Mon Mar  9 08:21:51 CET 2026
#@# Cortical Parc 3 rh Mon Mar  9 08:22:05 CET 2026
#@# WM/GM Contrast rh Mon Mar  9 08:22:15 CET 2026
recon-all -s sub-v1s18x0051250_ses-1 finished without error at Mon Mar  9 08:22:19 CET 2026



#New# invocation of recon-all 



status file for recon-all
Mon Mar  9 08:31:07 CET 2026
#@# white curv rh Mon Mar  9 08:31:07 CET 2026
#@# white area rh Mon Mar  9 08:31:07 CET 2026
#@# pial curv rh Mon Mar  9 08:31:07 CET 2026
#@# pial area rh Mon Mar  9 08:31:07 CET 2026
#@# thickness rh Mon Mar  9 08:31:07 CET 2026
#@# area and vertex vol rh Mon Mar  9 08:31:07 CET 2026
#@# Parcellation Stats rh Mon Mar  9 08:31:07 CET 2026
#@# Parcellation Stats 2 rh Mon Mar  9 08:31:27 CET 2026
#@# Parcellation Stats 3 rh Mon Mar  9 08:31:37 CET 2026
#@# BA_exvivo Labels rh Mon Mar  9 08:31:47 CET 2026
recon-all -s sub-v1s18x0051250_ses-1 finished without error at Mon Mar  9 08:34:36 CET 2026
