status file for recon-all
Mon Mar  9 05:45:15 CET 2026
#@# MotionCor Mon Mar  9 05:45:17 CET 2026
#@# Talairach Mon Mar  9 05:45:24 CET 2026
#@# Talairach Failure Detection Mon Mar  9 05:49:50 CET 2026
#@# Nu Intensity Correction Mon Mar  9 05:49:50 CET 2026
#@# Intensity Normalization Mon Mar  9 05:53:07 CET 2026
recon-all -s sub-v1s18x0051250_ses-1 finished without error at Mon Mar  9 05:54:34 CET 2026



#New# invocation of recon-all 



status file for recon-all
Mon Mar  9 06:02:06 CET 2026
#@# EM Registration Mon Mar  9 06:02:06 CET 2026
recon-all -s sub-v1s18x0051250_ses-1 finished without error at Mon Mar  9 06:04:32 CET 2026



#New# invocation of recon-all 



status file for recon-all
Mon Mar  9 06:04:36 CET 2026
#@# CA Normalize Mon Mar  9 06:04:36 CET 2026
#@# CA Reg Mon Mar  9 06:05:56 CET 2026
#@# SubCort Seg Mon Mar  9 06:57:42 CET 2026
#@# CC Seg Mon Mar  9 07:25:51 CET 2026
#@# Merge ASeg Mon Mar  9 07:26:31 CET 2026
#@# Intensity Normalization2 Mon Mar  9 07:26:31 CET 2026
#@# Mask BFS Mon Mar  9 07:28:42 CET 2026
#@# WM Segmentation Mon Mar  9 07:28:43 CET 2026
#@# Fill Mon Mar  9 07:30:40 CET 2026
recon-all -s sub-v1s18x0051250_ses-1 finished without error at Mon Mar  9 07:31:46 CET 2026



#New# invocation of recon-all 



status file for recon-all
Mon Mar  9 08:22:23 CET 2026
#@# white curv lh Mon Mar  9 08:22:23 CET 2026
#@# white area lh Mon Mar  9 08:22:23 CET 2026
#@# pial curv lh Mon Mar  9 08:22:23 CET 2026
#@# pial area lh Mon Mar  9 08:22:23 CET 2026
#@# thickness lh Mon Mar  9 08:22:23 CET 2026
#@# area and vertex vol lh Mon Mar  9 08:22:23 CET 2026
#@# white curv rh Mon Mar  9 08:22:23 CET 2026
#@# white area rh Mon Mar  9 08:22:23 CET 2026
#@# pial curv rh Mon Mar  9 08:22:23 CET 2026
#@# pial area rh Mon Mar  9 08:22:23 CET 2026
#@# thickness rh Mon Mar  9 08:22:23 CET 2026
#@# area and vertex vol rh Mon Mar  9 08:22:23 CET 2026
#@# Cortical ribbon mask Mon Mar  9 08:22:23 CET 2026
recon-all -s sub-v1s18x0051250_ses-1 finished without error at Mon Mar  9 08:27:27 CET 2026



#New# invocation of recon-all 



status file for recon-all
Mon Mar  9 08:34:41 CET 2026
#@# white curv lh Mon Mar  9 08:34:41 CET 2026
#@# white area lh Mon Mar  9 08:34:41 CET 2026
#@# pial curv lh Mon Mar  9 08:34:41 CET 2026
#@# pial area lh Mon Mar  9 08:34:41 CET 2026
#@# thickness lh Mon Mar  9 08:34:41 CET 2026
#@# area and vertex vol lh Mon Mar  9 08:34:41 CET 2026
#@# white curv rh Mon Mar  9 08:34:41 CET 2026
#@# white area rh Mon Mar  9 08:34:41 CET 2026
#@# pial curv rh Mon Mar  9 08:34:41 CET 2026
#@# pial area rh Mon Mar  9 08:34:41 CET 2026
#@# thickness rh Mon Mar  9 08:34:41 CET 2026
#@# area and vertex vol rh Mon Mar  9 08:34:41 CET 2026
#@# Curvature Stats lh Mon Mar  9 08:34:41 CET 2026
#@# Curvature Stats rh Mon Mar  9 08:34:44 CET 2026
#@# Relabel Hypointensities Mon Mar  9 08:34:47 CET 2026
#@# APas-to-ASeg Mon Mar  9 08:35:03 CET 2026
#@# AParc-to-ASeg aparc Mon Mar  9 08:35:13 CET 2026
#@# AParc-to-ASeg aparc.a2009s Mon Mar  9 08:35:50 CET 2026
#@# AParc-to-ASeg aparc.DKTatlas Mon Mar  9 08:36:30 CET 2026
#@# WMParc Mon Mar  9 08:37:07 CET 2026
#@# ASeg Stats Mon Mar  9 08:41:16 CET 2026
recon-all -s sub-v1s18x0051250_ses-1 finished without error at Mon Mar  9 08:41:59 CET 2026
