1773035598.615470546s 1 ca8ceffd-9aa8-4129-8ae2-aaaee54583d0
1773035604.929687339s 1 79e57fa4-b3db-45dd-add8-e1be07a0ebe4
1773035604.942679796s 1 79e57fa4-b3db-45dd-add8-e1be07a0ebe4
1773036628.082674166s 1 23b0574e-92ba-43e6-b5e4-2933a3eaadae
1773036634.02878003s 1 79e57fa4-b3db-45dd-add8-e1be07a0ebe4
1773036659.064797086s 1 64312cb0-56f9-4c0e-b148-0783ab1b5491
1773036664.89113883s 1 79e57fa4-b3db-45dd-add8-e1be07a0ebe4
1773037032.251934254s 1 3eba572b-7fa5-4de3-b6a3-937a79737ddb
1773037037.461032504s 1 79e57fa4-b3db-45dd-add8-e1be07a0ebe4
1773037094.999151372s 1 1737f480-c70f-4fdc-b5b9-c660e573f9f3
1773037100.739291927s 1 79e57fa4-b3db-45dd-add8-e1be07a0ebe4
1773037201.153338824s 1 1328c0c6-9fba-45db-9631-320339171b09
1773037207.202458192s 1 79e57fa4-b3db-45dd-add8-e1be07a0ebe4
1773037296.515191214s 1 b385d014-b20c-47f7-929b-9bcfb2d39b3f
1773037302.796240355s 1 79e57fa4-b3db-45dd-add8-e1be07a0ebe4
1773037418.258655936s 1 bba86d6a-63e5-4b16-896f-2338f389244d
1773037424.108791195s 1 cc7a339a-13e7-4460-b86c-881092211e8c
1773037424.189906224s 1 79e57fa4-b3db-45dd-add8-e1be07a0ebe4
1773037430.467575258s 1 79e57fa4-b3db-45dd-add8-e1be07a0ebe4
1773038000.017326802s 1 5161eae3-8dcc-4683-9d52-6a568856a101
1773038006.173597048s 1 79e57fa4-b3db-45dd-add8-e1be07a0ebe4
1773038015.260027108s 1 1466fcda-7e26-425b-a1a8-033d754b6d7a
1773038021.633288882s 1 79e57fa4-b3db-45dd-add8-e1be07a0ebe4
1773038039.094524545s 1 3b09ea42-d05c-4663-bf4b-a58ba01d1dbc
1773038045.915501518s 1 79e57fa4-b3db-45dd-add8-e1be07a0ebe4
1773038259.024493433s 1 fde0d9e2-24cb-4643-90c7-af8e4100720f
1773038265.605399968s 1 79e57fa4-b3db-45dd-add8-e1be07a0ebe4
1773038289.301148134s 1 14d15770-079c-4df4-bc9d-0d715e33d183
1773038295.854207749s 1 79e57fa4-b3db-45dd-add8-e1be07a0ebe4
1773038478.020925963s 1 182a54a9-d588-4a6f-a4dc-913d717df85b
1773038484.423825406s 1 79e57fa4-b3db-45dd-add8-e1be07a0ebe4
1773038565.903404577s 1 52d3e08b-a35c-4617-a723-efc04c77620b
1773038567.28205488s 1 4e67acbd-d6ed-4ab2-8956-b9181ae348a8
1773038572.221936017s 1 79e57fa4-b3db-45dd-add8-e1be07a0ebe4
1773038573.479228901s 1 79e57fa4-b3db-45dd-add8-e1be07a0ebe4
1773038775.43498583s 1 3796f088-739f-42a5-9cec-fce3e003d446
1773038782.006469541s 1 79e57fa4-b3db-45dd-add8-e1be07a0ebe4
1773038976.756376519s 1 a8c122dd-7789-4b8d-8b8b-1d35b8142d02
1773038982.997003985s 1 79e57fa4-b3db-45dd-add8-e1be07a0ebe4
1773039114.610805404s 1 6aa298e8-11c0-4695-bc79-a8e77284ea6d
1773039122.82178088s 1 79e57fa4-b3db-45dd-add8-e1be07a0ebe4
1773039390.994222208s 1 eb520e3d-da1d-425b-a957-55b7470c378b
1773039398.684473593s 1 79e57fa4-b3db-45dd-add8-e1be07a0ebe4
1773039741.248291016s 1 08ee2ff8-e047-40f6-80f4-5663c15e93b6
1773039747.72566145s 1 79e57fa4-b3db-45dd-add8-e1be07a0ebe4
1773039822.752467091s 1 f21b18b9-de99-4a22-aad4-9d66565e18fb
1773039828.982975476s 1 79e57fa4-b3db-45dd-add8-e1be07a0ebe4
1773039933.469490152s 1 688837fa-e76f-411b-88ee-c5c75ac3f3dc
1773039940.711754515s 1 79e57fa4-b3db-45dd-add8-e1be07a0ebe4
1773040205.26540262s 1 93198f39-edd6-43c1-9a69-1cc416d7475a
1773040211.754006856s 1 79e57fa4-b3db-45dd-add8-e1be07a0ebe4
1773040309.236784517s 1 5ec25afd-0def-4363-bda1-9ace56ae38dd
1773040316.173610184s 1 79e57fa4-b3db-45dd-add8-e1be07a0ebe4
1773040888.184832928s 1 f9c14a87-fc90-4fe7-b913-7d2d17bc2716
1773040894.793301924s 1 79e57fa4-b3db-45dd-add8-e1be07a0ebe4
1773041511.720541191s 1 38aa3ce6-c47a-4e1f-b062-a6e3161991ef
1773041518.236809894s 1 79e57fa4-b3db-45dd-add8-e1be07a0ebe4
1773041579.100883469s 1 1aa8fcb4-c2ab-4bcd-a164-40a54163eb06
1773041584.323044142s 1 79e57fa4-b3db-45dd-add8-e1be07a0ebe4
1773041698.362646699s 1 685f52ec-7d48-4283-b43f-be3eb6c0b9ec
1773041704.680378741s 1 79e57fa4-b3db-45dd-add8-e1be07a0ebe4
1773041988.066952345s 1 af917d6c-a327-48a5-91f4-b27ba35fd929
1773041994.417497472s 1 79e57fa4-b3db-45dd-add8-e1be07a0ebe4
1773042038.072152003s 1 1e12b621-fe4a-4d2b-95c9-ec4b33d9fb27
1773042044.344097081s 1 79e57fa4-b3db-45dd-add8-e1be07a0ebe4
1773042113.281649897s 1 bff0943b-38cc-41b9-8023-04c7ac6077b4
1773042119.819273839s 1 b616a17a-c804-4030-be1e-8289ff19a95a
1773042119.907866065s 1 79e57fa4-b3db-45dd-add8-e1be07a0ebe4
1773042126.240336089s 1 79e57fa4-b3db-45dd-add8-e1be07a0ebe4
1773042480.00253288s 1 45d3981b-5205-4ab4-9e3e-83941e779ba3
1773042486.640643699s 1 79e57fa4-b3db-45dd-add8-e1be07a0ebe4
1773042602.395202698s 1 f3f3592c-7edf-4db1-befc-ab4ae5b0394f
1773042609.298348095s 1 79e57fa4-b3db-45dd-add8-e1be07a0ebe4
1773043438.614742149s 1 71858f88-72be-4281-a934-5c066d7c5519
1773043445.2775901s 1 79e57fa4-b3db-45dd-add8-e1be07a0ebe4
1773043694.345397631s 1 ea75d48a-df0a-4b54-be00-58a8a61ceecb
1773043701.199410934s 1 79e57fa4-b3db-45dd-add8-e1be07a0ebe4
1773043858.770655762s 1 426b60c8-80b5-4aae-9f6e-5f4f8251fd8c
1773043865.495831528s 1 79e57fa4-b3db-45dd-add8-e1be07a0ebe4
1773044327.67584006s 1 cdb66ec7-1766-46f9-bbc4-3cea337e576d
1773044334.023262624s 1 79e57fa4-b3db-45dd-add8-e1be07a0ebe4
1773044622.190478391s 1 52f8aa3c-2943-43da-9f7d-468d309dbea8
1773044629.069136927s 1 79e57fa4-b3db-45dd-add8-e1be07a0ebe4
1773045540.583760129s 1 b37e979e-6be2-41b0-adba-e9639d915894
1773045547.378444403s 1 79e57fa4-b3db-45dd-add8-e1be07a0ebe4
1773045949.71012123s 1 9a051c59-0c1c-4dd8-bae2-b048fc88c4cd
1773045956.430920164s 1 79e57fa4-b3db-45dd-add8-e1be07a0ebe4
1773046025.719294556s 1 be08eaef-2973-4c83-9231-55bb1921ebd5
1773046031.977186185s 1 79e57fa4-b3db-45dd-add8-e1be07a0ebe4
1773046595.412640319s 1 2d69863a-ec8a-4006-8d82-560c0c8f38e7
1773046601.599743993s 1 79e57fa4-b3db-45dd-add8-e1be07a0ebe4
1773046759.890149758s 1 d9de4424-5749-4990-afa1-dc6db77a4024
1773046765.866531075s 1 79e57fa4-b3db-45dd-add8-e1be07a0ebe4
1773047037.815790415s 1 115fda3c-8150-441a-8d78-ebe4950c1fdb
1773047044.626488598s 1 79e57fa4-b3db-45dd-add8-e1be07a0ebe4
1773047177.5679538s 1 1707477f-ea2a-41a0-81e9-57c97da956b3
1773047185.626484766s 1 79e57fa4-b3db-45dd-add8-e1be07a0ebe4
1773047327.186800052s 1 3e00fa00-169b-4288-ba2b-fa68828e7d60
1773047334.175006358s 1 79e57fa4-b3db-45dd-add8-e1be07a0ebe4
1773047714.386024773s 1 79b3fb21-07ee-4db5-91e5-0d295ce13ebf
1773047721.381556109s 1 79e57fa4-b3db-45dd-add8-e1be07a0ebe4
1773047888.20424852s 1 2371cf94-44f6-4d37-8a61-62424cdb661c
1773047894.780137333s 1 79e57fa4-b3db-45dd-add8-e1be07a0ebe4
1773048206.942175905s 1 5cffc29e-2e6e-4005-a5c9-a2bd516cbd13
1773048207.336554496s 1 69838a8a-b544-44e9-aa59-7d0227b8993e
1773048213.562562564s 1 79e57fa4-b3db-45dd-add8-e1be07a0ebe4
1773048266.173596803s 1 a5577371-7a19-4833-9f34-60a42bd45267
1773048273.974245151s 1 79e57fa4-b3db-45dd-add8-e1be07a0ebe4
1773048702.636596408s 1 872089ff-b9ab-4074-b3ae-6dd0d8a7f2d2
1773048711.757443261s 1 79e57fa4-b3db-45dd-add8-e1be07a0ebe4
1773049607.650416067s 1 46a5ed3e-9418-4f5c-ae89-d59d16b7c8fb
1773049614.381953382s 1 79e57fa4-b3db-45dd-add8-e1be07a0ebe4
1773049618.26383328s 1 653e5381-cefb-4f93-b13d-9fc2311b6f23
1773049624.946961145s 1 79e57fa4-b3db-45dd-add8-e1be07a0ebe4
1773049859.100779377s 1 df5210ae-5bef-45e9-878f-46116c0c1ed8
1773049866.130450316s 1 79e57fa4-b3db-45dd-add8-e1be07a0ebe4
1773050109.875632654s 1 91343bbb-8b03-48d8-baea-a11126616fff
1773050116.937874877s 1 79e57fa4-b3db-45dd-add8-e1be07a0ebe4
1773050585.979049933s 1 dedc981b-604d-4a97-84fb-5d548d7d6b9a
1773050765.735230688s 1 da9e5372-e32c-40e9-a4b2-866d963b4ca0
1773050847.356430656s 1 3db981f2-1cb0-42b9-92d4-2146dc96c2ba
1773050854.21435732s 1 79e57fa4-b3db-45dd-add8-e1be07a0ebe4
