status file for recon-all
Mon Mar  9 06:53:30 CET 2026
#@# Tessellate lh Mon Mar  9 06:53:30 CET 2026
#@# Smooth1 lh Mon Mar  9 06:53:33 CET 2026
#@# Inflation1 lh Mon Mar  9 06:53:34 CET 2026
#@# QSphere lh Mon Mar  9 06:53:42 CET 2026
#@# Fix Topology lh Mon Mar  9 06:54:21 CET 2026
#@# Smooth2 lh Mon Mar  9 06:57:52 CET 2026
#@# Inflation2 lh Mon Mar  9 06:57:54 CET 2026
#@# Curv .H and .K lh Mon Mar  9 06:58:01 CET 2026
#@# Sphere lh Mon Mar  9 06:58:33 CET 2026
#@# Surf Reg lh Mon Mar  9 07:00:27 CET 2026
#@# Jacobian white lh Mon Mar  9 07:02:49 CET 2026
#@# AvgCurv lh Mon Mar  9 07:02:50 CET 2026
#@# Cortical Parc lh Mon Mar  9 07:02:50 CET 2026
#@# white curv lh Mon Mar  9 07:07:30 CET 2026
#@# white area lh Mon Mar  9 07:07:31 CET 2026
#@# pial curv lh Mon Mar  9 07:07:32 CET 2026
#@# pial area lh Mon Mar  9 07:07:33 CET 2026
#@# thickness lh Mon Mar  9 07:07:33 CET 2026
#@# area and vertex vol lh Mon Mar  9 07:07:49 CET 2026
#@# Curvature Stats lh Mon Mar  9 07:07:50 CET 2026
#@# Cortical Parc 2 lh Mon Mar  9 07:07:52 CET 2026
#@# Cortical Parc 3 lh Mon Mar  9 07:08:00 CET 2026
#@# WM/GM Contrast lh Mon Mar  9 07:08:07 CET 2026
recon-all -s sub-v1s18x0051241_ses-1 finished without error at Mon Mar  9 07:08:09 CET 2026



#New# invocation of recon-all 



status file for recon-all
Mon Mar  9 07:25:42 CET 2026
#@# white curv lh Mon Mar  9 07:25:42 CET 2026
#@# white area lh Mon Mar  9 07:25:42 CET 2026
#@# pial curv lh Mon Mar  9 07:25:42 CET 2026
#@# pial area lh Mon Mar  9 07:25:42 CET 2026
#@# thickness lh Mon Mar  9 07:25:42 CET 2026
#@# area and vertex vol lh Mon Mar  9 07:25:42 CET 2026
#@# Parcellation Stats lh Mon Mar  9 07:25:42 CET 2026
#@# Parcellation Stats 2 lh Mon Mar  9 07:25:54 CET 2026
#@# Parcellation Stats 3 lh Mon Mar  9 07:26:00 CET 2026
#@# BA_exvivo Labels lh Mon Mar  9 07:26:06 CET 2026
recon-all -s sub-v1s18x0051241_ses-1 finished without error at Mon Mar  9 07:27:46 CET 2026
