/out/sourcedata/freesurfer/sub-v1s18x0051206_ses-1/mri
/opt/freesurfer/bin/talairach_avi
--i orig_nu.mgz --xfm transforms/talairach.auto.xfm
talairach_avi 7.3.2
Linux dna071 5.14.0-427.37.1.el9_4.x86_64 #1 SMP PREEMPT_DYNAMIC Fri Sep 13 12:41:50 EDT 2024 x86_64 x86_64 x86_64 GNU/Linux
Mon Mar  9 03:47:24 CET 2026
mri_convert orig_nu.mgz talsrcimg.img 
reading from orig_nu.mgz...
TR=0.00, TE=0.00, TI=0.00, flip angle=0.00
i_ras = (-1, 0, 0)
j_ras = (0, 0, -1)
k_ras = (0, 1, 0)
writing to talsrcimg.img...
Analyze Output Matrix
-1.00000   0.00000   0.00000   129.59985;
 0.00000   0.00000   1.00000  -120.74139;
 0.00000  -1.00000   0.00000   123.34140;
 0.00000   0.00000   0.00000   1.00000;
--------------------
INFO: set hdr.hist.orient to -1
mpr2mni305 talsrcimg
Mon Mar  9 03:47:24 CET 2026
/opt/freesurfer/bin/mpr2mni305 talsrcimg
mpr2mni305 7.3.2
target=711-2C_as_mni_average_305

---------------------------------------------------------------------
analyzeto4dfp talsrcimg -O0 -y
---------------------------------------------------------------------

freesurfer ifh2hdr.c
Mon Mar  9 03:47:25 2026
Writing: talsrcimg.4dfp.hdr
freesurfer analyzeto4dfp.c
Reading: talsrcimg.hdr
header size 348 bytes
hdr.dime.datatype	offset=70	value=2
hdr.dime.bitpix		offset=72	value=8
hdr.hist.orient		offset=252	value=-1
dimensionality     4
dimensions       256       256       256         1
Reading: talsrcimg.img
Writing: talsrcimg.4dfp.img
Writing: talsrcimg.4dfp.ifh
ifh2hdr talsrcimg -r0to239
ori=2

---------------------------------------------------------------------
gauss_4dfp talsrcimg 1.1
---------------------------------------------------------------------

freesurfer gauss_4dfp.c
Reading: talsrcimg.4dfp.img
Writing: talsrcimg_g11.4dfp.img
image dimensions 256 256 256 padded to 288 288 288
processing volume 1freesurfer ifh2hdr.c
Mon Mar  9 03:47:26 2026
Writing: talsrcimg_g11.4dfp.hdr

Writing: talsrcimg_g11.4dfp.ifh
including: talsrcimg.4dfp.img.rec in talsrcimg_g11.4dfp.img.rec

---------------------------------------------------------------------
imgreg_4dfp /opt/freesurfer/average/711-2C_as_mni_average_305 none talsrcimg_g11 none talsrcimg_to_711-2C_as_mni_average_305_t4 4355
---------------------------------------------------------------------

freesurfer imgreg_4dfp.c
/opt/freesurfer/average/711-2C_as_mni_average_305.4dfp.img
       256       256       256         1
  1.000000  1.000000  1.000000
orientation T byte_order littleendian
Reading image: /opt/freesurfer/average/711-2C_as_mni_average_305.4dfp.img
dimensions:      256       256       256
mmppix:       1.0000   -1.0000   -1.0000
center:     128.0000 -129.0000 -129.0000
talsrcimg_g11.4dfp.img
       256       256       256         1
  1.000000  1.000000  1.000000
orientation T byte_order littleendian
Reading image: talsrcimg_g11.4dfp.img
dimensions:      256       256       256
mmppix:       1.0000   -1.0000   -1.0000
center:     128.0000 -129.0000 -129.0000
t4_read: open error in t4_sub.f l:  41 t4_file(1:l)talsrcimg_to_711-2C_as_mni_average_305_t4 
t4_read: transform initialized to I4
rotation matrix determinant  1.000000
image alignment mode   4355 decimal     1103 hex
   -7.5000  -45.0000  -45.0000 7980.5752   15.3292
    0.0000  -45.0000  -45.0000 8315.2764   15.2814
    7.5000  -45.0000  -45.0000 7974.0068   15.2575
   -7.5000  -37.5000  -45.0000 8553.1162   15.2224
    0.0000  -37.5000  -45.0000 8910.8613   15.1771
    7.5000  -37.5000  -45.0000 8549.7012   15.1530
   -7.5000  -30.0000  -45.0000 9406.8174   15.1448
    0.0000  -30.0000  -45.0000 9815.3945   15.1078
    7.5000  -30.0000  -45.0000 9398.7686   15.0887
   -7.5000  -22.5000  -45.000010263.9785   15.0895
    0.0000  -22.5000  -45.000010721.8125   15.0587
    7.5000  -22.5000  -45.000010273.9736   15.0462
   -7.5000  -15.0000  -45.000011082.9805   15.0659
    0.0000  -15.0000  -45.000011583.3398   15.0349
    7.5000  -15.0000  -45.000011088.5791   15.0236
   -7.5000   -7.5000  -45.000011816.8184   15.0598
    0.0000   -7.5000  -45.000012382.2188   15.0216
    7.5000   -7.5000  -45.000011838.4551   15.0049
   -7.5000    0.0000  -45.000012378.3223   15.0624
    0.0000    0.0000  -45.000012979.8301   15.0173
    7.5000    0.0000  -45.000012432.0869   14.9949
   -7.5000    7.5000  -45.000011996.2070   15.0725
    0.0000    7.5000  -45.000012576.1846   15.0288
    7.5000    7.5000  -45.000012046.1338   15.0057
   -7.5000   15.0000  -45.000011530.0029   15.0786
    0.0000   15.0000  -45.000012089.0635   15.0422
    7.5000   15.0000  -45.000011561.7803   15.0235
   -7.5000   22.5000  -45.000010842.9326   15.0723
    0.0000   22.5000  -45.000011388.1611   15.0417
    7.5000   22.5000  -45.000010863.0771   15.0292
   -7.5000   30.0000  -45.000010070.6973   14.8649
    0.0000   30.0000  -45.000010587.3740   14.8344
    7.5000   30.0000  -45.000010069.9414   14.8232
   -7.5000   37.5000  -45.0000 9669.3906   14.8591
    0.0000   37.5000  -45.000010173.2188   14.8215
    7.5000   37.5000  -45.0000 9648.4277   14.8049
   -7.5000   45.0000  -45.0000 8922.0977   14.4891
    0.0000   45.0000  -45.0000 9387.5781   14.4458
    7.5000   45.0000  -45.0000 8902.7861   14.4243
   -7.5000  -45.0000  -37.5000 8446.9463   15.1647
    0.0000  -45.0000  -37.5000 8782.0791   15.1259
    7.5000  -45.0000  -37.5000 8397.4678   15.1008
   -7.5000  -37.5000  -37.5000 9057.1934   15.0647
    0.0000  -37.5000  -37.5000 9430.5479   15.0293
    7.5000  -37.5000  -37.5000 9016.1865   15.0042
   -7.5000  -30.0000  -37.5000 9975.4805   14.9877
    0.0000  -30.0000  -37.500010395.5166   14.9568
    7.5000  -30.0000  -37.5000 9926.3945   14.9368
   -7.5000  -22.5000  -37.500010859.2363   14.9276
    0.0000  -22.5000  -37.500011330.2070   14.8978
    7.5000  -22.5000  -37.500010830.8398   14.8837
   -7.5000  -15.0000  -37.500011685.6660   14.8997
    0.0000  -15.0000  -37.500012187.0781   14.8678
    7.5000  -15.0000  -37.500011674.6543   14.8551
   -7.5000   -7.5000  -37.500012481.6025   14.8944
    0.0000   -7.5000  -37.500013024.9424   14.8595
    7.5000   -7.5000  -37.500012490.2998   14.8415
   -7.5000    0.0000  -37.500013077.4795   14.9023
    0.0000    0.0000  -37.500013640.5244   14.8659
    7.5000    0.0000  -37.500013090.1445   14.8421
   -7.5000    7.5000  -37.500012647.6367   14.9173
    0.0000    7.5000  -37.500013197.3242   14.8832
    7.5000    7.5000  -37.500012633.7891   14.8591
   -7.5000   15.0000  -37.500012119.7988   14.9227
    0.0000   15.0000  -37.500012682.3721   14.8924
    7.5000   15.0000  -37.500012121.4170   14.8727
   -7.5000   22.5000  -37.500011406.2451   14.9108
    0.0000   22.5000  -37.500011945.5088   14.8811
    7.5000   22.5000  -37.500011410.2607   14.8671
   -7.5000   30.0000  -37.500010590.1035   14.7010
    0.0000   30.0000  -37.500011088.2832   14.6695
    7.5000   30.0000  -37.500010579.2695   14.6569
   -7.5000   37.5000  -37.500010137.1396   14.6959
    0.0000   37.5000  -37.500010615.4287   14.6615
    7.5000   37.5000  -37.500010107.3359   14.6437
   -7.5000   45.0000  -37.5000 9347.5811   14.3350
    0.0000   45.0000  -37.5000 9795.8809   14.3000
    7.5000   45.0000  -37.5000 9319.0186   14.2772
   -7.5000  -45.0000  -30.0000 9107.5586   15.7660
    0.0000  -45.0000  -30.0000 9464.5225   15.7294
    7.5000  -45.0000  -30.0000 9003.3486   15.7014
   -7.5000  -37.5000  -30.0000 9764.9863   15.6633
    0.0000  -37.5000  -30.000010157.0625   15.6287
    7.5000  -37.5000  -30.0000 9666.2754   15.6029
   -7.5000  -30.0000  -30.000010761.3379   15.5860
    0.0000  -30.0000  -30.000011173.6523   15.5535
    7.5000  -30.0000  -30.000010669.6914   15.5334
   -7.5000  -22.5000  -30.000011708.6836   15.5251
    0.0000  -22.5000  -30.000012174.9971   15.4928
    7.5000  -22.5000  -30.000011631.1680   15.4767
   -7.5000  -15.0000  -30.000012594.7520   15.4951
    0.0000  -15.0000  -30.000013102.8252   15.4616
    7.5000  -15.0000  -30.000012530.2539   15.4448
   -7.5000   -7.5000  -30.000013437.4502   15.4870
    0.0000   -7.5000  -30.000013968.2041   15.4527
    7.5000   -7.5000  -30.000013388.2148   15.4306
   -7.5000    0.0000  -30.000014041.4199   15.4937
    0.0000    0.0000  -30.000014605.9062   15.4594
    7.5000    0.0000  -30.000014015.9365   15.4329
   -7.5000    7.5000  -30.000013561.2793   15.5104
    0.0000    7.5000  -30.000014098.2500   15.4770
    7.5000    7.5000  -30.000013505.0381   15.4522
   -7.5000   15.0000  -30.000012982.3896   15.5185
    0.0000   15.0000  -30.000013524.6748   15.4866
    7.5000   15.0000  -30.000012952.0137   15.4669
   -7.5000   22.5000  -30.000012220.1865   15.5060
    0.0000   22.5000  -30.000012755.2793   15.4739
    7.5000   22.5000  -30.000012224.8076   15.4579
   -7.5000   30.0000  -30.000011329.9541   15.2899
    0.0000   30.0000  -30.000011841.9170   15.2568
    7.5000   30.0000  -30.000011339.8496   15.2403
   -7.5000   37.5000  -30.000010802.0938   15.2821
    0.0000   37.5000  -30.000011321.9062   15.2482
    7.5000   37.5000  -30.000010818.3066   15.2265
   -7.5000   45.0000  -30.0000 9947.0293   14.9149
    0.0000   45.0000  -30.000010433.5898   14.8819
    7.5000   45.0000  -30.0000 9946.4219   14.8564
   -7.5000  -45.0000  -22.5000 9749.5381   16.3222
    0.0000  -45.0000  -22.500010133.8486   16.2804
    7.5000  -45.0000  -22.5000 9658.4141   16.2529
   -7.5000  -37.5000  -22.500010453.0645   16.2086
    0.0000  -37.5000  -22.500010877.9512   16.1662
    7.5000  -37.5000  -22.500010371.4814   16.1430
   -7.5000  -30.0000  -22.500011533.1289   16.1303
    0.0000  -30.0000  -22.500011999.8672   16.0912
    7.5000  -30.0000  -22.500011447.9697   16.0739
   -7.5000  -22.5000  -22.500012572.5488   16.0760
    0.0000  -22.5000  -22.500013088.1074   16.0415
    7.5000  -22.5000  -22.500012491.8252   16.0261
   -7.5000  -15.0000  -22.500013500.8008   16.0516
    0.0000  -15.0000  -22.500014095.1543   16.0186
    7.5000  -15.0000  -22.500013437.0195   16.0002
   -7.5000   -7.5000  -22.500014381.8379   16.0412
    0.0000   -7.5000  -22.500014996.1953   16.0059
    7.5000   -7.5000  -22.500014366.3623   15.9819
   -7.5000    0.0000  -22.500015034.7051   16.0399
    0.0000    0.0000  -22.500015692.4062   16.0005
    7.5000    0.0000  -22.500015034.5654   15.9746
   -7.5000    7.5000  -22.500014513.7002   16.0503
    0.0000    7.5000  -22.500015139.0586   16.0093
    7.5000    7.5000  -22.500014500.5898   15.9870
   -7.5000   15.0000  -22.500013870.7178   16.0602
    0.0000   15.0000  -22.500014476.4883   16.0218
    7.5000   15.0000  -22.500013884.6475   16.0048
   -7.5000   22.5000  -22.500013062.4531   16.0550
    0.0000   22.5000  -22.500013643.1191   16.0206
    7.5000   22.5000  -22.500013132.3125   16.0055
   -7.5000   30.0000  -22.500012092.2100   15.8414
    0.0000   30.0000  -22.500012635.0020   15.8089
    7.5000   30.0000  -22.500012174.5361   15.7907
   -7.5000   37.5000  -22.500011541.8926   15.8314
    0.0000   37.5000  -22.500012089.5742   15.7966
    7.5000   37.5000  -22.500011622.6631   15.7729
   -7.5000   45.0000  -22.500010629.9912   15.4523
    0.0000   45.0000  -22.500011166.3701   15.4145
    7.5000   45.0000  -22.500010690.3291   15.3895
   -7.5000  -45.0000  -15.000010341.5283   16.7159
    0.0000  -45.0000  -15.000010801.3076   16.6668
    7.5000  -45.0000  -15.000010287.9775   16.6416
   -7.5000  -37.5000  -15.000011066.3652   16.5925
    0.0000  -37.5000  -15.000011576.4355   16.5411
    7.5000  -37.5000  -15.000011038.4160   16.5203
   -7.5000  -30.0000  -15.000012234.7598   16.5135
    0.0000  -30.0000  -15.000012825.3242   16.4682
    7.5000  -30.0000  -15.000012211.4072   16.4533
   -7.5000  -22.5000  -15.000013372.1582   16.4661
    0.0000  -22.5000  -15.000014026.6621   16.4307
    7.5000  -22.5000  -15.000013372.5928   16.4177
   -7.5000  -15.0000  -15.000014372.7090   16.4476
    0.0000  -15.0000  -15.000015126.3096   16.4166
    7.5000  -15.0000  -15.000014377.6631   16.3997
   -7.5000   -7.5000  -15.000015332.2656   16.4357
    0.0000   -7.5000  -15.000016099.8799   16.3988
    7.5000   -7.5000  -15.000015360.3955   16.3763
   -7.5000    0.0000  -15.000015991.0938   16.4268
    0.0000    0.0000  -15.000016796.3457   16.3803
    7.5000    0.0000  -15.000016081.3770   16.3567
   -7.5000    7.5000  -15.000015412.7324   16.4306
    0.0000    7.5000  -15.000016200.2910   16.3808
    7.5000    7.5000  -15.000015543.6973   16.3609
   -7.5000   15.0000  -15.000014721.6436   16.4419
    0.0000   15.0000  -15.000015467.8291   16.3973
    7.5000   15.0000  -15.000014875.1572   16.3826
   -7.5000   22.5000  -15.000013885.7422   16.4439
    0.0000   22.5000  -15.000014585.3359   16.4086
    7.5000   22.5000  -15.000014070.9434   16.3957
   -7.5000   30.0000  -15.000012885.3867   16.2345
    0.0000   30.0000  -15.000013519.8447   16.2039
    7.5000   30.0000  -15.000013040.5244   16.1873
   -7.5000   37.5000  -15.000012318.1328   16.2230
    0.0000   37.5000  -15.000012920.3477   16.1866
    7.5000   37.5000  -15.000012443.9463   16.1644
   -7.5000   45.0000  -15.000011336.2842   15.8346
    0.0000   45.0000  -15.000011929.0459   15.7900
    7.5000   45.0000  -15.000011480.0830   15.7672
   -7.5000  -45.0000   -7.500010918.0010   16.8858
    0.0000  -45.0000   -7.500011483.7422   16.8337
    7.5000  -45.0000   -7.500010922.2891   16.8101
   -7.5000  -37.5000   -7.500011682.3604   16.7615
    0.0000  -37.5000   -7.500012314.0576   16.7088
    7.5000  -37.5000   -7.500011726.3496   16.6869
   -7.5000  -30.0000   -7.500012901.2891   16.6795
    0.0000  -30.0000   -7.500013632.8398   16.6353
    7.5000  -30.0000   -7.500012987.8486   16.6189
   -7.5000  -22.5000   -7.500014136.7188   16.6293
    0.0000  -22.5000   -7.500014961.6914   16.5958
    7.5000  -22.5000   -7.500014259.8887   16.5837
   -7.5000  -15.0000   -7.500015268.7881   16.6103
    0.0000  -15.0000   -7.500016203.4834   16.5804
    7.5000  -15.0000   -7.500015413.7246   16.5669
   -7.5000   -7.5000   -7.500016290.1758   16.6008
    0.0000   -7.5000   -7.500017252.0566   16.5626
    7.5000   -7.5000   -7.500016470.9141   16.5435
   -7.5000    0.0000   -7.500016976.6387   16.5943
    0.0000    0.0000   -7.500017964.3223   16.5451
    7.5000    0.0000   -7.500017260.1953   16.5230
   -7.5000    7.5000   -7.500016351.4756   16.5983
    0.0000    7.5000   -7.500017311.8711   16.5472
    7.5000    7.5000   -7.500016694.2207   16.5263
   -7.5000   15.0000   -7.500015602.8096   16.6074
    0.0000   15.0000   -7.500016510.0078   16.5639
    7.5000   15.0000   -7.500015941.4150   16.5476
   -7.5000   22.5000   -7.500014751.3027   16.6050
    0.0000   22.5000   -7.500015588.8740   16.5717
    7.5000   22.5000   -7.500015061.2822   16.5598
   -7.5000   30.0000   -7.500013709.0850   16.3947
    0.0000   30.0000   -7.500014473.8242   16.3652
    7.5000   30.0000   -7.500013976.6777   16.3518
   -7.5000   37.5000   -7.500013136.2588   16.3855
    0.0000   37.5000   -7.500013854.9287   16.3478
    7.5000   37.5000   -7.500013359.8721   16.3290
   -7.5000   45.0000   -7.500012141.2754   15.9991
    0.0000   45.0000   -7.500012819.6270   15.9517
    7.5000   45.0000   -7.500012320.2031   15.9304
   -7.5000  -45.0000    0.000011421.7051   16.8924
    0.0000  -45.0000    0.000012052.8350   16.8432
    7.5000  -45.0000    0.000011471.3916   16.8184
   -7.5000  -37.5000    0.000012224.8154   16.7751
    0.0000  -37.5000    0.000012920.9141   16.7284
    7.5000  -37.5000    0.000012319.3721   16.7032
   -7.5000  -30.0000    0.000013473.1201   16.6902
    0.0000  -30.0000    0.000014264.3555   16.6520
    7.5000  -30.0000    0.000013635.2744   16.6321
   -7.5000  -22.5000    0.000014778.5645   16.6305
    0.0000  -22.5000    0.000015693.8770   16.5987
    7.5000  -22.5000    0.000015009.6318   16.5857
   -7.5000  -15.0000    0.000016076.9395   16.6053
    0.0000  -15.0000    0.000017180.5645   16.5735
    7.5000  -15.0000    0.000016349.4355   16.5618
   -7.5000   -7.5000    0.000017227.8262   16.5989
    0.0000   -7.5000    0.000018434.0566   16.5596
    7.5000   -7.5000    0.000017590.3828   16.5423
   -7.5000    0.0000    0.000017927.8945   16.6014
    0.0000    0.0000    0.000019099.7871   16.5550
    7.5000    0.0000    0.000018444.6719   16.5317
   -7.5000    7.5000    0.000017238.2812   16.6119
    0.0000    7.5000    0.000018330.7832   16.5668
    7.5000    7.5000    0.000017774.8105   16.5426
   -7.5000   15.0000    0.000016455.3887   16.6182
    0.0000   15.0000    0.000017488.5508   16.5807
    7.5000   15.0000    0.000016895.6582   16.5610
   -7.5000   22.5000    0.000015626.5195   16.6063
    0.0000   22.5000    0.000016582.9023   16.5748
    7.5000   22.5000    0.000015928.1953   16.5618
   -7.5000   30.0000    0.000014569.6934   16.3902
    0.0000   30.0000    0.000015402.4688   16.3588
    7.5000   30.0000    0.000014768.7529   16.3472
   -7.5000   37.5000    0.000013947.4609   16.3841
    0.0000   37.5000    0.000014732.5869   16.3453
    7.5000   37.5000    0.000014149.7012   16.3282
   -7.5000   45.0000    0.000012904.8369   16.0070
    0.0000   45.0000    0.000013648.5674   15.9623
    7.5000   45.0000    0.000013083.0078   15.9399
   -7.5000  -45.0000    7.500011002.4971   16.8902
    0.0000  -45.0000    7.500011649.2295   16.8480
    7.5000  -45.0000    7.500011132.0469   16.8204
   -7.5000  -37.5000    7.500011785.7158   16.7800
    0.0000  -37.5000    7.500012492.3291   16.7415
    7.5000  -37.5000    7.500011966.3594   16.7140
   -7.5000  -30.0000    7.500012998.6914   16.6954
    0.0000  -30.0000    7.500013786.7568   16.6619
    7.5000  -30.0000    7.500013229.1533   16.6399
   -7.5000  -22.5000    7.500014276.2295   16.6289
    0.0000  -22.5000    7.500015158.1416   16.5966
    7.5000  -22.5000    7.500014546.8008   16.5811
   -7.5000  -15.0000    7.500015659.8408   16.5973
    0.0000  -15.0000    7.500016870.5645   16.5627
    7.5000  -15.0000    7.500015963.6357   16.5488
   -7.5000   -7.5000    7.500017075.5684   16.5907
    0.0000   -7.5000    7.500018568.1816   16.5527
    7.5000   -7.5000    7.500017570.3164   16.5330
   -7.5000    0.0000    7.500017930.7910   16.5993
    0.0000    0.0000    7.500019352.1836   16.5597
    7.5000    0.0000    7.500018493.9434   16.5336
   -7.5000    7.5000    7.500017188.7148   16.6166
    0.0000    7.5000    7.500018337.9375   16.5796
    7.5000    7.5000    7.500017587.1465   16.5531
   -7.5000   15.0000    7.500016250.5430   16.6234
    0.0000   15.0000    7.500017280.3926   16.5905
    7.5000   15.0000    7.500016522.3262   16.5689
   -7.5000   22.5000    7.500015323.6074   16.6048
    0.0000   22.5000    7.500016262.8301   16.5727
    7.5000   22.5000    7.500015514.4082   16.5574
   -7.5000   30.0000    7.500014238.6533   16.3823
    0.0000   30.0000    7.500015100.5205   16.3481
    7.5000   30.0000    7.500014399.9404   16.3344
   -7.5000   37.5000    7.500013610.5625   16.3760
    0.0000   37.5000    7.500014443.8438   16.3385
    7.5000   37.5000    7.500013791.8271   16.3191
   -7.5000   45.0000    7.500012535.1416   16.0050
    0.0000   45.0000    7.500013356.7988   15.9669
    7.5000   45.0000    7.500012714.4355   15.9417
   -7.5000  -45.0000   15.000010469.4014   16.9374
    0.0000  -45.0000   15.000011051.2139   16.8989
    7.5000  -45.0000   15.000010624.1045   16.8690
   -7.5000  -37.5000   15.000011259.0430   16.8268
    0.0000  -37.5000   15.000011883.5488   16.7903
    7.5000  -37.5000   15.000011425.2930   16.7629
   -7.5000  -30.0000   15.000012480.4258   16.7434
    0.0000  -30.0000   15.000013200.5566   16.7091
    7.5000  -30.0000   15.000012651.0137   16.6878
   -7.5000  -22.5000   15.000013772.4473   16.6778
    0.0000  -22.5000   15.000014632.9219   16.6436
    7.5000  -22.5000   15.000013914.4346   16.6265
   -7.5000  -15.0000   15.000015124.7646   16.6457
    0.0000  -15.0000   15.000016325.0771   16.6103
    7.5000  -15.0000   15.000015314.2441   16.5923
   -7.5000   -7.5000   15.000016516.4336   16.6374
    0.0000   -7.5000   15.000018095.0234   16.6012
    7.5000   -7.5000   15.000016796.6836   16.5775
   -7.5000    0.0000   15.000017361.3047   16.6448
    0.0000    0.0000   15.000018917.4277   16.6086
    7.5000    0.0000   15.000017541.0098   16.5803
   -7.5000    7.5000   15.000016557.0742   16.6624
    0.0000    7.5000   15.000017855.9922   16.6273
    7.5000    7.5000   15.000016715.3906   16.6009
   -7.5000   15.0000   15.000015491.9785   16.6708
    0.0000   15.0000   15.000016692.0625   16.6372
    7.5000   15.0000   15.000015708.3252   16.6162
   -7.5000   22.5000   15.000014515.2607   16.6536
    0.0000   22.5000   15.000015561.5781   16.6196
    7.5000   22.5000   15.000014730.6357   16.6026
   -7.5000   30.0000   15.000013497.3477   16.4301
    0.0000   30.0000   15.000014402.3438   16.3951
    7.5000   30.0000   15.000013701.8213   16.3774
   -7.5000   37.5000   15.000012914.6982   16.4221
    0.0000   37.5000   15.000013749.5020   16.3864
    7.5000   37.5000   15.000013168.2539   16.3630
   -7.5000   45.0000   15.000011958.7559   16.0489
    0.0000   45.0000   15.000012715.8662   16.0141
    7.5000   45.0000   15.000012197.0215   15.9868
   -7.5000  -45.0000   22.5000 9942.9688   17.0521
    0.0000  -45.0000   22.500010502.9688   17.0089
    7.5000  -45.0000   22.500010056.3369   16.9799
   -7.5000  -37.5000   22.500010760.3711   16.9320
    0.0000  -37.5000   22.500011359.8848   16.8878
    7.5000  -37.5000   22.500010839.5010   16.8632
   -7.5000  -30.0000   22.500011941.5273   16.8502
    0.0000  -30.0000   22.500012590.8604   16.8093
    7.5000  -30.0000   22.500011983.3076   16.7907
   -7.5000  -22.5000   22.500013117.5400   16.7944
    0.0000  -22.5000   22.500013855.3604   16.7584
    7.5000  -22.5000   22.500013158.5254   16.7418
   -7.5000  -15.0000   22.500014230.3271   16.7695
    0.0000  -15.0000   22.500015214.4385   16.7355
    7.5000  -15.0000   22.500014422.8906   16.7158
   -7.5000   -7.5000   22.500015340.8057   16.7580
    0.0000   -7.5000   22.500016482.9844   16.7218
    7.5000   -7.5000   22.500015535.0625   16.6964
   -7.5000    0.0000   22.500016114.2900   16.7554
    0.0000    0.0000   22.500017169.4023   16.7146
    7.5000    0.0000   22.500016174.5791   16.6872
   -7.5000    7.5000   22.500015477.2627   16.7656
    0.0000    7.5000   22.500016454.0977   16.7229
    7.5000    7.5000   22.500015627.9004   16.6991
   -7.5000   15.0000   22.500014598.4834   16.7766
    0.0000   15.0000   22.500015571.8906   16.7364
    7.5000   15.0000   22.500014851.3643   16.7181
   -7.5000   22.5000   22.500013698.6895   16.7698
    0.0000   22.5000   22.500014610.7617   16.7340
    7.5000   22.5000   22.500013961.1602   16.7176
   -7.5000   30.0000   22.500012745.5547   16.5522
    0.0000   30.0000   22.500013586.5527   16.5187
    7.5000   30.0000   22.500012979.6465   16.4992
   -7.5000   37.5000   22.500012186.1182   16.5411
    0.0000   37.5000   22.500013000.5762   16.5053
    7.5000   37.5000   22.500012450.6104   16.4803
   -7.5000   45.0000   22.500011264.0488   16.1556
    0.0000   45.0000   22.500012022.9180   16.1164
    7.5000   45.0000   22.500011526.9863   16.0900
   -7.5000  -45.0000   30.0000 9289.1582   17.1958
    0.0000  -45.0000   30.0000 9783.4541   17.1451
    7.5000  -45.0000   30.0000 9358.7256   17.1187
   -7.5000  -37.5000   30.0000 9983.2246   17.0671
    0.0000  -37.5000   30.000010482.4922   17.0138
    7.5000  -37.5000   30.000010035.4717   16.9918
   -7.5000  -30.0000   30.000010987.9717   16.9852
    0.0000  -30.0000   30.000011536.0957   16.9382
    7.5000  -30.0000   30.000011068.9092   16.9223
   -7.5000  -22.5000   30.000012026.2832   16.9362
    0.0000  -22.5000   30.000012663.0889   16.8996
    7.5000  -22.5000   30.000012186.3408   16.8858
   -7.5000  -15.0000   30.000013020.7969   16.9171
    0.0000  -15.0000   30.000013844.5801   16.8851
    7.5000  -15.0000   30.000013313.5801   16.8675
   -7.5000   -7.5000   30.000013998.1426   16.9040
    0.0000   -7.5000   30.000014869.2168   16.8661
    7.5000   -7.5000   30.000014210.7529   16.8427
   -7.5000    0.0000   30.000014737.3135   16.8940
    0.0000    0.0000   30.000015532.5781   16.8461
    7.5000    0.0000   30.000014831.3018   16.8213
   -7.5000    7.5000   30.000014226.3516   16.8982
    0.0000    7.5000   30.000015020.1191   16.8465
    7.5000    7.5000   30.000014428.5693   16.8255
   -7.5000   15.0000   30.000013499.3037   16.9104
    0.0000   15.0000   30.000014307.4131   16.8642
    7.5000   15.0000   30.000013773.6172   16.8485
   -7.5000   22.5000   30.000012702.7002   16.9113
    0.0000   22.5000   30.000013468.2422   16.8749
    7.5000   22.5000   30.000012980.8936   16.8612
   -7.5000   30.0000   30.000011828.2461   16.6979
    0.0000   30.0000   30.000012545.4434   16.6664
    7.5000   30.0000   30.000012085.9561   16.6490
   -7.5000   37.5000   30.000011359.6523   16.6852
    0.0000   37.5000   30.000012065.8838   16.6478
    7.5000   37.5000   30.000011607.4844   16.6247
   -7.5000   45.0000   30.000010488.0186   16.2880
    0.0000   45.0000   30.000011131.1973   16.2418
    7.5000   45.0000   30.000010714.5928   16.2179
   -7.5000  -45.0000   37.5000 8874.7441   17.5384
    0.0000  -45.0000   37.5000 9302.0391   17.4828
    7.5000  -45.0000   37.5000 8969.1367   17.4577
   -7.5000  -37.5000   37.5000 9514.8457   17.4044
    0.0000  -37.5000   37.5000 9968.8965   17.3479
    7.5000  -37.5000   37.5000 9619.4277   17.3247
   -7.5000  -30.0000   37.500010497.0195   17.3155
    0.0000  -30.0000   37.500011006.5098   17.2680
    7.5000  -30.0000   37.500010639.1924   17.2507
   -7.5000  -22.5000   37.500011516.8281   17.2610
    0.0000  -22.5000   37.500012106.6494   17.2250
    7.5000  -22.5000   37.500011734.5098   17.2125
   -7.5000  -15.0000   37.500012459.3604   17.2408
    0.0000  -15.0000   37.500013188.2607   17.2089
    7.5000  -15.0000   37.500012755.0703   17.1947
   -7.5000   -7.5000   37.500013395.7549   17.2312
    0.0000   -7.5000   37.500014094.6836   17.1906
    7.5000   -7.5000   37.500013539.5674   17.1705
   -7.5000    0.0000   37.500014153.4307   17.2248
    0.0000    0.0000   37.500014806.4814   17.1723
    7.5000    0.0000   37.500014203.4609   17.1489
   -7.5000    7.5000   37.500013702.0225   17.2288
    0.0000    7.5000   37.500014397.3740   17.1741
    7.5000    7.5000   37.500013847.6719   17.1520
   -7.5000   15.0000   37.500013042.3291   17.2379
    0.0000   15.0000   37.500013758.3721   17.1912
    7.5000   15.0000   37.500013255.6631   17.1741
   -7.5000   22.5000   37.500012276.6357   17.2352
    0.0000   22.5000   37.500012981.7021   17.1995
    7.5000   22.5000   37.500012494.3945   17.1870
   -7.5000   30.0000   37.500011435.1455   17.0174
    0.0000   30.0000   37.500012102.2979   16.9859
    7.5000   30.0000   37.500011654.8682   16.9720
   -7.5000   37.5000   37.500011001.9766   17.0082
    0.0000   37.5000   37.500011652.7549   16.9681
    7.5000   37.5000   37.500011240.9277   16.9483
   -7.5000   45.0000   37.500010151.8066   16.6045
    0.0000   45.0000   37.500010742.1211   16.5539
    7.5000   45.0000   37.500010351.3438   16.5313
   -7.5000  -45.0000   45.0000 8117.2197   17.9161
    0.0000  -45.0000   45.0000 8507.5225   17.8624
    7.5000  -45.0000   45.0000 8220.3398   17.8374
   -7.5000  -37.5000   45.0000 8704.0586   17.7826
    0.0000  -37.5000   45.0000 9120.2012   17.7317
    7.5000  -37.5000   45.0000 8825.4541   17.7059
   -7.5000  -30.0000   45.0000 9624.2490   17.6851
    0.0000  -30.0000   45.000010089.7129   17.6437
    7.5000  -30.0000   45.0000 9777.4951   17.6237
   -7.5000  -22.5000   45.000010566.6455   17.6169
    0.0000  -22.5000   45.000011116.8076   17.5829
    7.5000  -22.5000   45.000010792.0176   17.5706
   -7.5000  -15.0000   45.000011439.2314   17.5890
    0.0000  -15.0000   45.000012068.6875   17.5551
    7.5000  -15.0000   45.000011679.7188   17.5446
   -7.5000   -7.5000   45.000012276.5400   17.5831
    0.0000   -7.5000   45.000012881.2363   17.5410
    7.5000   -7.5000   45.000012403.2578   17.5243
   -7.5000    0.0000   45.000012967.8027   17.5869
    0.0000    0.0000   45.000013575.9902   17.5365
    7.5000    0.0000   45.000013053.0586   17.5131
   -7.5000    7.5000   45.000012610.2197   17.5981
    0.0000    7.5000   45.000013230.4512   17.5490
    7.5000    7.5000   45.000012731.7852   17.5243
   -7.5000   15.0000   45.000012034.4932   17.6038
    0.0000   15.0000   45.000012665.1152   17.5631
    7.5000   15.0000   45.000012196.0479   17.5434
   -7.5000   22.5000   45.000011333.1865   17.5901
    0.0000   22.5000   45.000011958.9453   17.5563
    7.5000   22.5000   45.000011500.7832   17.5442
   -7.5000   30.0000   45.000010570.8857   17.3596
    0.0000   30.0000   45.000011176.3887   17.3261
    7.5000   30.0000   45.000010749.7734   17.3158
   -7.5000   37.5000   45.000010181.6455   17.3541
    0.0000   37.5000   45.000010773.1484   17.3124
    7.5000   37.5000   45.000010365.3613   17.2960
   -7.5000   45.0000   45.0000 9392.4717   16.9599
    0.0000   45.0000   45.0000 9907.2334   16.9113
    7.5000   45.0000   45.0000 9542.6631   16.8887

---------------------------------------------------------------------
imgreg_4dfp /opt/freesurfer/average/711-2C_as_mni_average_305 /opt/freesurfer/average/711-2B_as_mni_average_305_mask talsrcimg_g11 none talsrcimg_to_711-2C_as_mni_average_305_t4 4355
---------------------------------------------------------------------

freesurfer imgreg_4dfp.c
/opt/freesurfer/average/711-2C_as_mni_average_305.4dfp.img
       256       256       256         1
  1.000000  1.000000  1.000000
orientation T byte_order littleendian
Reading image: /opt/freesurfer/average/711-2C_as_mni_average_305.4dfp.img
dimensions:      256       256       256
mmppix:       1.0000   -1.0000   -1.0000
center:     128.0000 -129.0000 -129.0000
/opt/freesurfer/average/711-2B_as_mni_average_305_mask.4dfp.img
       256       256       256         1
  1.000000  1.000000  1.000000
orientation T byte_order littleendian
Reading mask: /opt/freesurfer/average/711-2B_as_mni_average_305_mask.4dfp.img (2306576 pixels)
talsrcimg_g11.4dfp.img
       256       256       256         1
  1.000000  1.000000  1.000000
orientation T byte_order littleendian
Reading image: talsrcimg_g11.4dfp.img
dimensions:      256       256       256
mmppix:       1.0000   -1.0000   -1.0000
center:     128.0000 -129.0000 -129.0000
rotation matrix determinant  1.000000
image alignment mode   4355 decimal     1103 hex
   -7.5000  -45.0000  -37.5000 2290.2058   19.2208
    0.0000  -45.0000  -37.5000 2293.0022   19.1111
    7.5000  -45.0000  -37.5000 2278.6272   19.0735
   -7.5000  -37.5000  -37.5000 2371.3281   17.7348
    0.0000  -37.5000  -37.5000 2380.8362   17.6772
    7.5000  -37.5000  -37.5000 2366.3318   17.6893
   -7.5000  -30.0000  -37.5000 2427.5554   16.6499
    0.0000  -30.0000  -37.5000 2434.8042   16.5848
    7.5000  -30.0000  -37.5000 2411.3394   16.6151
   -7.5000  -22.5000  -37.5000 2462.8052   15.8998
    0.0000  -22.5000  -37.5000 2471.2678   15.8092
    7.5000  -22.5000  -37.5000 2452.3289   15.8654
   -7.5000  -15.0000  -37.5000 2479.8860   15.3824
    0.0000  -15.0000  -37.5000 2492.9316   15.2938
    7.5000  -15.0000  -37.5000 2473.1050   15.3843
   -7.5000   -7.5000  -37.5000 2492.9104   15.0542
    0.0000   -7.5000  -37.5000 2506.9902   14.9633
    7.5000   -7.5000  -37.5000 2491.4041   15.0656
   -7.5000    0.0000  -37.5000 2504.9209   15.0396
    0.0000    0.0000  -37.5000 2514.3730   14.8956
    7.5000    0.0000  -37.5000 2501.5369   15.0102
   -7.5000    7.5000  -37.5000 2494.3093   15.2252
    0.0000    7.5000  -37.5000 2509.2339   15.1198
    7.5000    7.5000  -37.5000 2493.6606   15.2054
   -7.5000   15.0000  -37.5000 2467.6399   15.6987
    0.0000   15.0000  -37.5000 2486.0068   15.5800
    7.5000   15.0000  -37.5000 2467.9404   15.6333
   -7.5000   22.5000  -37.5000 2426.2200   16.3571
    0.0000   22.5000  -37.5000 2444.0876   16.2325
    7.5000   22.5000  -37.5000 2425.6458   16.2524
   -7.5000   30.0000  -37.5000 2366.5950   17.3185
    0.0000   30.0000  -37.5000 2380.1477   17.2058
    7.5000   30.0000  -37.5000 2363.5054   17.2117
   -7.5000   37.5000  -37.5000 2282.2268   18.7024
    0.0000   37.5000  -37.5000 2294.2012   18.5909
    7.5000   37.5000  -37.5000 2276.2346   18.5612
   -7.5000   45.0000  -37.5000 2177.0193   20.5704
    0.0000   45.0000  -37.5000 2186.2058   20.4642
    7.5000   45.0000  -37.5000 2172.3674   20.4581
   -7.5000  -45.0000  -30.0000 2407.3977   18.9118
    0.0000  -45.0000  -30.0000 2411.7771   18.7606
    7.5000  -45.0000  -30.0000 2385.3706   18.7253
   -7.5000  -37.5000  -30.0000 2499.1382   17.3922
    0.0000  -37.5000  -30.0000 2506.8706   17.2611
    7.5000  -37.5000  -30.0000 2476.8394   17.2616
   -7.5000  -30.0000  -30.0000 2559.5330   16.2713
    0.0000  -30.0000  -30.0000 2562.6335   16.1249
    7.5000  -30.0000  -30.0000 2538.2966   16.1616
   -7.5000  -22.5000  -30.0000 2594.9089   15.4533
    0.0000  -22.5000  -30.0000 2599.3989   15.3276
    7.5000  -22.5000  -30.0000 2581.0588   15.3835
   -7.5000  -15.0000  -30.0000 2618.8706   14.9090
    0.0000  -15.0000  -30.0000 2625.3281   14.7555
    7.5000  -15.0000  -30.0000 2611.6091   14.8616
   -7.5000   -7.5000  -30.0000 2631.8357   14.6024
    0.0000   -7.5000  -30.0000 2637.0833   14.4682
    7.5000   -7.5000  -30.0000 2623.5161   14.5712
   -7.5000    0.0000  -30.0000 2642.9548   14.5329
    0.0000    0.0000  -30.0000 2646.3076   14.3935
    7.5000    0.0000  -30.0000 2633.9529   14.5321
   -7.5000    7.5000  -30.0000 2636.9875   14.7318
    0.0000    7.5000  -30.0000 2646.3169   14.6066
    7.5000    7.5000  -30.0000 2630.0251   14.7011
   -7.5000   15.0000  -30.0000 2612.0242   15.1443
    0.0000   15.0000  -30.0000 2622.9944   15.0175
    7.5000   15.0000  -30.0000 2608.4495   15.0988
   -7.5000   22.5000  -30.0000 2559.6226   15.7616
    0.0000   22.5000  -30.0000 2577.0278   15.6280
    7.5000   22.5000  -30.0000 2560.2412   15.6850
   -7.5000   30.0000  -30.0000 2492.7600   16.6429
    0.0000   30.0000  -30.0000 2507.9189   16.5504
    7.5000   30.0000  -30.0000 2492.5000   16.5785
   -7.5000   37.5000  -30.0000 2399.7273   17.9812
    0.0000   37.5000  -30.0000 2420.9590   17.8844
    7.5000   37.5000  -30.0000 2402.9692   17.9038
   -7.5000   45.0000  -30.0000 2293.5576   19.7669
    0.0000   45.0000  -30.0000 2310.7520   19.6839
    7.5000   45.0000  -30.0000 2292.1455   19.6985
   -7.5000  -45.0000  -22.5000 2483.0420   18.4228
    0.0000  -45.0000  -22.5000 2490.0801   18.2722
    7.5000  -45.0000  -22.5000 2470.3821   18.3178
   -7.5000  -37.5000  -22.5000 2577.3000   16.8502
    0.0000  -37.5000  -22.5000 2585.6589   16.6849
    7.5000  -37.5000  -22.5000 2566.4265   16.7621
   -7.5000  -30.0000  -22.5000 2646.9307   15.7069
    0.0000  -30.0000  -22.5000 2651.3684   15.5207
    7.5000  -30.0000  -22.5000 2636.9771   15.5872
   -7.5000  -22.5000  -22.5000 2692.4614   14.8980
    0.0000  -22.5000  -22.5000 2696.5232   14.7449
    7.5000  -22.5000  -22.5000 2683.5237   14.7999
   -7.5000  -15.0000  -22.5000 2716.5396   14.3074
    0.0000  -15.0000  -22.5000 2728.2751   14.1659
    7.5000  -15.0000  -22.5000 2713.0996   14.2307
   -7.5000   -7.5000  -22.5000 2729.6880   14.0127
    0.0000   -7.5000  -22.5000 2741.4141   13.8613
    7.5000   -7.5000  -22.5000 2736.0847   13.9883
   -7.5000    0.0000  -22.5000 2740.0688   13.9112
    0.0000    0.0000  -22.5000 2752.3438   13.7860
    7.5000    0.0000  -22.5000 2746.2390   13.9080
   -7.5000    7.5000  -22.5000 2743.6926   14.0970
    0.0000    7.5000  -22.5000 2757.8958   13.9524
    7.5000    7.5000  -22.5000 2747.2517   14.0883
   -7.5000   15.0000  -22.5000 2721.1121   14.5185
    0.0000   15.0000  -22.5000 2735.5920   14.3450
    7.5000   15.0000  -22.5000 2728.4373   14.4933
   -7.5000   22.5000  -22.5000 2667.1709   15.1232
    0.0000   22.5000  -22.5000 2686.2979   14.9312
    7.5000   22.5000  -22.5000 2684.1895   15.0700
   -7.5000   30.0000  -22.5000 2590.8835   15.9757
    0.0000   30.0000  -22.5000 2607.3689   15.8242
    7.5000   30.0000  -22.5000 2601.7771   15.9327
   -7.5000   37.5000  -22.5000 2492.6594   17.2433
    0.0000   37.5000  -22.5000 2515.9246   17.0687
    7.5000   37.5000  -22.5000 2507.7910   17.1573
   -7.5000   45.0000  -22.5000 2386.5100   18.8953
    0.0000   45.0000  -22.5000 2410.4277   18.7995
    7.5000   45.0000  -22.5000 2396.5842   18.8409
   -7.5000  -45.0000  -15.0000 2514.4148   17.8890
    0.0000  -45.0000  -15.0000 2528.3513   17.7517
    7.5000  -45.0000  -15.0000 2517.4636   17.8092
   -7.5000  -37.5000  -15.0000 2607.8928   16.2818
    0.0000  -37.5000  -15.0000 2621.6260   16.1474
    7.5000  -37.5000  -15.0000 2614.3933   16.2347
   -7.5000  -30.0000  -15.0000 2686.9490   15.1041
    0.0000  -30.0000  -15.0000 2699.4807   14.9719
    7.5000  -30.0000  -15.0000 2691.0894   15.0613
   -7.5000  -22.5000  -15.0000 2739.8384   14.2526
    0.0000  -22.5000  -15.0000 2755.1331   14.1460
    7.5000  -22.5000  -15.0000 2748.4917   14.2176
   -7.5000  -15.0000  -15.0000 2772.5352   13.6595
    0.0000  -15.0000  -15.0000 2795.1479   13.5570
    7.5000  -15.0000  -15.0000 2786.1729   13.6338
   -7.5000   -7.5000  -15.0000 2793.6836   13.3883
    0.0000   -7.5000  -15.0000 2815.1665   13.2368
    7.5000   -7.5000  -15.0000 2810.9822   13.3667
   -7.5000    0.0000  -15.0000 2803.3167   13.2916
    0.0000    0.0000  -15.0000 2819.5300   13.1405
    7.5000    0.0000  -15.0000 2825.2852   13.2854
   -7.5000    7.5000  -15.0000 2808.6858   13.4771
    0.0000    7.5000  -15.0000 2828.5283   13.2941
    7.5000    7.5000  -15.0000 2834.3325   13.4562
   -7.5000   15.0000  -15.0000 2787.2622   13.8771
    0.0000   15.0000  -15.0000 2806.5808   13.6783
    7.5000   15.0000  -15.0000 2815.7087   13.8435
   -7.5000   22.5000  -15.0000 2737.8010   14.4878
    0.0000   22.5000  -15.0000 2758.5635   14.2832
    7.5000   22.5000  -15.0000 2769.1335   14.4441
   -7.5000   30.0000  -15.0000 2660.8606   15.3708
    0.0000   30.0000  -15.0000 2678.5259   15.1548
    7.5000   30.0000  -15.0000 2685.3452   15.3161
   -7.5000   37.5000  -15.0000 2559.4695   16.5538
    0.0000   37.5000  -15.0000 2577.3618   16.3513
    7.5000   37.5000  -15.0000 2582.0283   16.4968
   -7.5000   45.0000  -15.0000 2442.3064   18.1354
    0.0000   45.0000  -15.0000 2466.5452   17.9571
    7.5000   45.0000  -15.0000 2471.4595   18.0663
   -7.5000  -45.0000   -7.5000 2518.0039   17.3592
    0.0000  -45.0000   -7.5000 2538.5349   17.3045
    7.5000  -45.0000   -7.5000 2526.2644   17.3320
   -7.5000  -37.5000   -7.5000 2618.9353   15.7670
    0.0000  -37.5000   -7.5000 2640.0466   15.6839
    7.5000  -37.5000   -7.5000 2630.4192   15.7761
   -7.5000  -30.0000   -7.5000 2703.2122   14.5636
    0.0000  -30.0000   -7.5000 2724.2742   14.4949
    7.5000  -30.0000   -7.5000 2719.1577   14.5990
   -7.5000  -22.5000   -7.5000 2765.9158   13.6726
    0.0000  -22.5000   -7.5000 2790.0278   13.6044
    7.5000  -22.5000   -7.5000 2790.4587   13.7174
   -7.5000  -15.0000   -7.5000 2810.8691   13.0962
    0.0000  -15.0000   -7.5000 2840.8591   12.9890
    7.5000  -15.0000   -7.5000 2844.4651   13.1322
   -7.5000   -7.5000   -7.5000 2839.5249   12.8347
    0.0000   -7.5000   -7.5000 2869.6274   12.6693
    7.5000   -7.5000   -7.5000 2876.0825   12.8579
   -7.5000    0.0000   -7.5000 2851.1218   12.7159
    0.0000    0.0000   -7.5000 2873.5784   12.5259
    7.5000    0.0000   -7.5000 2886.9111   12.7501
   -7.5000    7.5000   -7.5000 2854.9626   12.9254
    0.0000    7.5000   -7.5000 2875.0278   12.7154
    7.5000    7.5000   -7.5000 2897.6499   12.9419
   -7.5000   15.0000   -7.5000 2829.1067   13.3226
    0.0000   15.0000   -7.5000 2853.9336   13.1040
    7.5000   15.0000   -7.5000 2877.3333   13.3246
   -7.5000   22.5000   -7.5000 2783.3208   13.9362
    0.0000   22.5000   -7.5000 2810.0103   13.6981
    7.5000   22.5000   -7.5000 2830.2012   13.9207
   -7.5000   30.0000   -7.5000 2704.9690   14.7504
    0.0000   30.0000   -7.5000 2728.6177   14.5358
    7.5000   30.0000   -7.5000 2741.5901   14.7559
   -7.5000   37.5000   -7.5000 2603.1694   15.9278
    0.0000   37.5000   -7.5000 2626.3870   15.6991
    7.5000   37.5000   -7.5000 2632.3027   15.8796
   -7.5000   45.0000   -7.5000 2488.1304   17.4530
    0.0000   45.0000   -7.5000 2513.3674   17.2582
    7.5000   45.0000   -7.5000 2514.1338   17.4041
   -7.5000  -45.0000    0.0000 2508.3567   17.1820
    0.0000  -45.0000    0.0000 2522.2620   17.0282
    7.5000  -45.0000    0.0000 2514.0833   17.1557
   -7.5000  -37.5000    0.0000 2618.5618   15.5543
    0.0000  -37.5000    0.0000 2632.6067   15.4358
    7.5000  -37.5000    0.0000 2625.2393   15.5501
   -7.5000  -30.0000    0.0000 2711.0549   14.3110
    0.0000  -30.0000    0.0000 2724.5662   14.2152
    7.5000  -30.0000    0.0000 2724.0344   14.3550
   -7.5000  -22.5000    0.0000 2783.2280   13.3978
    0.0000  -22.5000    0.0000 2798.5381   13.2807
    7.5000  -22.5000    0.0000 2805.7195   13.4387
   -7.5000  -15.0000    0.0000 2840.8564   12.8250
    0.0000  -15.0000    0.0000 2866.1201   12.7127
    7.5000  -15.0000    0.0000 2874.2412   12.8841
   -7.5000   -7.5000    0.0000 2876.6726   12.5883
    0.0000   -7.5000    0.0000 2914.3611   12.4729
    7.5000   -7.5000    0.0000 2921.3325   12.6532
   -7.5000    0.0000    0.0000 2887.2124   12.4244
    0.0000    0.0000    0.0000 2915.7708   12.2418
    7.5000    0.0000    0.0000 2934.9333   12.5369
   -7.5000    7.5000    0.0000 2885.3892   12.6061
    0.0000    7.5000    0.0000 2906.4622   12.3935
    7.5000    7.5000    0.0000 2930.6958   12.6955
   -7.5000   15.0000    0.0000 2864.4768   13.0222
    0.0000   15.0000    0.0000 2884.0710   12.7913
    7.5000   15.0000    0.0000 2901.3696   13.0210
   -7.5000   22.5000    0.0000 2823.9302   13.6059
    0.0000   22.5000    0.0000 2845.1365   13.3164
    7.5000   22.5000    0.0000 2853.6135   13.5202
   -7.5000   30.0000    0.0000 2748.2366   14.4472
    0.0000   30.0000    0.0000 2758.4768   14.1438
    7.5000   30.0000    0.0000 2766.6406   14.3189
   -7.5000   37.5000    0.0000 2647.0332   15.6435
    0.0000   37.5000    0.0000 2654.3374   15.3360
    7.5000   37.5000    0.0000 2661.1631   15.4925
   -7.5000   45.0000    0.0000 2532.0659   17.2178
    0.0000   45.0000    0.0000 2543.5933   16.9151
    7.5000   45.0000    0.0000 2547.6255   17.0417
   -7.5000  -45.0000    7.5000 2485.4783   17.2285
    0.0000  -45.0000    7.5000 2499.8503   17.0873
    7.5000  -45.0000    7.5000 2494.7920   17.2214
   -7.5000  -37.5000    7.5000 2597.4224   15.5509
    0.0000  -37.5000    7.5000 2613.3088   15.4542
    7.5000  -37.5000    7.5000 2611.6086   15.5696
   -7.5000  -30.0000    7.5000 2696.0962   14.2948
    0.0000  -30.0000    7.5000 2710.1323   14.1851
    7.5000  -30.0000    7.5000 2715.5967   14.2892
   -7.5000  -22.5000    7.5000 2782.3955   13.4161
    0.0000  -22.5000    7.5000 2802.3867   13.3044
    7.5000  -22.5000    7.5000 2815.1770   13.4263
   -7.5000  -15.0000    7.5000 2861.0085   12.9101
    0.0000  -15.0000    7.5000 2890.6746   12.8458
    7.5000  -15.0000    7.5000 2899.5881   12.9301
   -7.5000   -7.5000    7.5000 2922.6912   12.7255
    0.0000   -7.5000    7.5000 2974.5476   12.7660
    7.5000   -7.5000    7.5000 2965.4304   12.7357
   -7.5000    0.0000    7.5000 2933.7700   12.5865
    0.0000    0.0000    7.5000 2987.3569   12.5405
    7.5000    0.0000    7.5000 2975.4146   12.6089
   -7.5000    7.5000    7.5000 2922.1836   12.5818
    0.0000    7.5000    7.5000 2947.5322   12.4220
    7.5000    7.5000    7.5000 2953.4341   12.6164
   -7.5000   15.0000    7.5000 2889.2136   12.9024
    0.0000   15.0000    7.5000 2909.7405   12.6536
    7.5000   15.0000    7.5000 2918.5044   12.8168
   -7.5000   22.5000    7.5000 2843.0825   13.5026
    0.0000   22.5000    7.5000 2860.0959   13.2141
    7.5000   22.5000    7.5000 2864.9109   13.2967
   -7.5000   30.0000    7.5000 2765.2771   14.3463
    0.0000   30.0000    7.5000 2779.1040   14.0641
    7.5000   30.0000    7.5000 2780.7988   14.1129
   -7.5000   37.5000    7.5000 2666.6736   15.4915
    0.0000   37.5000    7.5000 2680.6309   15.2599
    7.5000   37.5000    7.5000 2677.5715   15.2916
   -7.5000   45.0000    7.5000 2546.3572   17.0145
    0.0000   45.0000    7.5000 2573.4250   16.8231
    7.5000   45.0000    7.5000 2559.6987   16.8130
   -7.5000  -45.0000   15.0000 2442.5066   17.4776
    0.0000  -45.0000   15.0000 2453.8523   17.2521
    7.5000  -45.0000   15.0000 2468.8521   17.5027
   -7.5000  -37.5000   15.0000 2561.1743   15.8507
    0.0000  -37.5000   15.0000 2571.3994   15.6297
    7.5000  -37.5000   15.0000 2590.3279   15.8013
   -7.5000  -30.0000   15.0000 2670.1379   14.6720
    0.0000  -30.0000   15.0000 2688.8843   14.5114
    7.5000  -30.0000   15.0000 2705.0190   14.5732
   -7.5000  -22.5000   15.0000 2777.8245   13.8175
    0.0000  -22.5000   15.0000 2807.0916   13.7459
    7.5000  -22.5000   15.0000 2812.9956   13.6934
   -7.5000  -15.0000   15.0000 2875.1111   13.3140
    0.0000  -15.0000   15.0000 2914.1846   13.2992
    7.5000  -15.0000   15.0000 2899.8083   13.1534
   -7.5000   -7.5000   15.0000 2947.4045   13.0440
    0.0000   -7.5000   15.0000 3007.0786   13.1291
    7.5000   -7.5000   15.0000 2977.7607   12.9070
   -7.5000    0.0000   15.0000 2950.5928   12.8518
    0.0000    0.0000   15.0000 3019.5007   12.8669
    7.5000    0.0000   15.0000 2987.3848   12.7270
   -7.5000    7.5000   15.0000 2928.1428   12.8381
    0.0000    7.5000   15.0000 2971.4421   12.7195
    7.5000    7.5000   15.0000 2960.1792   12.6645
   -7.5000   15.0000   15.0000 2881.3948   13.0422
    0.0000   15.0000   15.0000 2925.3467   12.8890
    7.5000   15.0000   15.0000 2914.5991   12.8461
   -7.5000   22.5000   15.0000 2834.1143   13.5648
    0.0000   22.5000   15.0000 2863.8230   13.3410
    7.5000   22.5000   15.0000 2860.5945   13.3436
   -7.5000   30.0000   15.0000 2755.4377   14.3462
    0.0000   30.0000   15.0000 2778.8176   14.0865
    7.5000   30.0000   15.0000 2780.7244   14.1308
   -7.5000   37.5000   15.0000 2657.2563   15.4707
    0.0000   37.5000   15.0000 2676.5334   15.2223
    7.5000   37.5000   15.0000 2680.2393   15.2840
   -7.5000   45.0000   15.0000 2544.9968   16.9929
    0.0000   45.0000   15.0000 2567.3604   16.7583
    7.5000   45.0000   15.0000 2567.6379   16.8216
   -7.5000  -45.0000   22.5000 2414.8569   18.3374
    0.0000  -45.0000   22.5000 2426.0569   18.0586
    7.5000  -45.0000   22.5000 2441.3694   18.1358
   -7.5000  -37.5000   22.5000 2543.1797   16.6681
    0.0000  -37.5000   22.5000 2555.7476   16.4242
    7.5000  -37.5000   22.5000 2565.7769   16.4191
   -7.5000  -30.0000   22.5000 2654.7656   15.4056
    0.0000  -30.0000   22.5000 2672.0479   15.1820
    7.5000  -30.0000   22.5000 2675.3103   15.1190
   -7.5000  -22.5000   22.5000 2765.1248   14.4125
    0.0000  -22.5000   22.5000 2786.3020   14.2323
    7.5000  -22.5000   22.5000 2784.8418   14.1174
   -7.5000  -15.0000   22.5000 2855.9290   13.7327
    0.0000  -15.0000   22.5000 2884.8704   13.6077
    7.5000  -15.0000   22.5000 2880.6838   13.4790
   -7.5000   -7.5000   22.5000 2929.5488   13.3162
    0.0000   -7.5000   22.5000 2972.3027   13.2208
    7.5000   -7.5000   22.5000 2961.2073   13.1233
   -7.5000    0.0000   22.5000 2940.2175   13.1440
    0.0000    0.0000   22.5000 2986.4934   12.8932
    7.5000    0.0000   22.5000 2969.8271   12.8212
   -7.5000    7.5000   22.5000 2920.5671   13.1705
    0.0000    7.5000   22.5000 2963.3635   12.8772
    7.5000    7.5000   22.5000 2954.2095   12.8447
   -7.5000   15.0000   22.5000 2876.3137   13.4546
    0.0000   15.0000   22.5000 2916.5603   13.1915
    7.5000   15.0000   22.5000 2912.5786   13.2244
   -7.5000   22.5000   22.5000 2822.2827   13.9762
    0.0000   22.5000   22.5000 2854.5571   13.7715
    7.5000   22.5000   22.5000 2854.8752   13.8094
   -7.5000   30.0000   22.5000 2740.5134   14.7238
    0.0000   30.0000   22.5000 2767.6133   14.5458
    7.5000   30.0000   22.5000 2766.3723   14.5789
   -7.5000   37.5000   22.5000 2639.9648   15.7464
    0.0000   37.5000   22.5000 2663.1873   15.5765
    7.5000   37.5000   22.5000 2665.7834   15.6150
   -7.5000   45.0000   22.5000 2525.6367   17.1202
    0.0000   45.0000   22.5000 2554.3381   16.9322
    7.5000   45.0000   22.5000 2557.5413   16.9950
   -7.5000  -45.0000   30.0000 2391.2583   19.4197
    0.0000  -45.0000   30.0000 2400.4453   19.0733
    7.5000  -45.0000   30.0000 2405.1694   18.9999
   -7.5000  -37.5000   30.0000 2512.1948   17.6043
    0.0000  -37.5000   30.0000 2519.3821   17.2193
    7.5000  -37.5000   30.0000 2527.7639   17.1652
   -7.5000  -30.0000   30.0000 2616.8672   16.1334
    0.0000  -30.0000   30.0000 2626.2461   15.7801
    7.5000  -30.0000   30.0000 2640.3789   15.7307
   -7.5000  -22.5000   30.0000 2721.9666   15.0305
    0.0000  -22.5000   30.0000 2738.4148   14.7326
    7.5000  -22.5000   30.0000 2748.4729   14.6837
   -7.5000  -15.0000   30.0000 2814.7314   14.2661
    0.0000  -15.0000   30.0000 2837.7683   14.0352
    7.5000  -15.0000   30.0000 2843.9902   14.0007
   -7.5000   -7.5000   30.0000 2884.1699   13.7813
    0.0000   -7.5000   30.0000 2914.4829   13.5577
    7.5000   -7.5000   30.0000 2917.1621   13.5163
   -7.5000    0.0000   30.0000 2901.7117   13.5912
    0.0000    0.0000   30.0000 2935.3093   13.2377
    7.5000    0.0000   30.0000 2926.7903   13.1637
   -7.5000    7.5000   30.0000 2886.6963   13.6463
    0.0000    7.5000   30.0000 2923.2336   13.2790
    7.5000    7.5000   30.0000 2930.3877   13.2866
   -7.5000   15.0000   30.0000 2844.5117   13.9127
    0.0000   15.0000   30.0000 2884.4626   13.6294
    7.5000   15.0000   30.0000 2893.7515   13.6969
   -7.5000   22.5000   30.0000 2790.4954   14.4661
    0.0000   22.5000   30.0000 2824.5171   14.2009
    7.5000   22.5000   30.0000 2829.0881   14.2996
   -7.5000   30.0000   30.0000 2707.8511   15.2571
    0.0000   30.0000   30.0000 2737.5159   15.0460
    7.5000   30.0000   30.0000 2743.4365   15.1188
   -7.5000   37.5000   30.0000 2613.6389   16.3074
    0.0000   37.5000   30.0000 2639.6848   16.1231
    7.5000   37.5000   30.0000 2640.9988   16.1592
   -7.5000   45.0000   30.0000 2500.2646   17.6229
    0.0000   45.0000   30.0000 2522.5786   17.3961
    7.5000   45.0000   30.0000 2526.7014   17.4698
   -7.5000  -45.0000   37.5000 2350.9500   20.4640
    0.0000  -45.0000   37.5000 2353.7285   19.9508
    7.5000  -45.0000   37.5000 2362.3606   19.9359
   -7.5000  -37.5000   37.5000 2467.3403   18.5034
    0.0000  -37.5000   37.5000 2475.3279   17.9950
    7.5000  -37.5000   37.5000 2485.2764   17.9724
   -7.5000  -30.0000   37.5000 2575.0474   16.9514
    0.0000  -30.0000   37.5000 2588.2080   16.5076
    7.5000  -30.0000   37.5000 2598.7114   16.4734
   -7.5000  -22.5000   37.5000 2677.0964   15.8203
    0.0000  -22.5000   37.5000 2695.7327   15.4364
    7.5000  -22.5000   37.5000 2706.0320   15.4051
   -7.5000  -15.0000   37.5000 2759.4661   14.9623
    0.0000  -15.0000   37.5000 2782.6506   14.6590
    7.5000  -15.0000   37.5000 2794.3818   14.6395
   -7.5000   -7.5000   37.5000 2820.9158   14.4592
    0.0000   -7.5000   37.5000 2848.6060   14.1111
    7.5000   -7.5000   37.5000 2847.3496   14.0101
   -7.5000    0.0000   37.5000 2845.6240   14.2327
    0.0000    0.0000   37.5000 2875.8301   13.7888
    7.5000    0.0000   37.5000 2866.3364   13.7270
   -7.5000    7.5000   37.5000 2830.0291   14.3195
    0.0000    7.5000   37.5000 2871.7878   13.8870
    7.5000    7.5000   37.5000 2872.0410   13.8939
   -7.5000   15.0000   37.5000 2794.8225   14.6041
    0.0000   15.0000   37.5000 2835.6692   14.2684
    7.5000   15.0000   37.5000 2844.7500   14.3241
   -7.5000   22.5000   37.5000 2741.6885   15.1317
    0.0000   22.5000   37.5000 2775.1228   14.8554
    7.5000   22.5000   37.5000 2781.0459   14.9296
   -7.5000   30.0000   37.5000 2666.4509   15.8781
    0.0000   30.0000   37.5000 2698.2778   15.6413
    7.5000   30.0000   37.5000 2702.1865   15.7148
   -7.5000   37.5000   37.5000 2578.0273   16.9316
    0.0000   37.5000   37.5000 2603.5430   16.7072
    7.5000   37.5000   37.5000 2607.8931   16.7600
   -7.5000   45.0000   37.5000 2461.0854   18.2949
    0.0000   45.0000   37.5000 2483.2507   18.0606
    7.5000   45.0000   37.5000 2484.7190   18.0749
   -7.5000  -45.0000   45.0000 2296.7236   21.6561
    0.0000  -45.0000   45.0000 2306.4678   21.0271
    7.5000  -45.0000   45.0000 2312.5061   20.9853
   -7.5000  -37.5000   45.0000 2409.1084   19.5432
    0.0000  -37.5000   45.0000 2424.5422   18.9704
    7.5000  -37.5000   45.0000 2433.7188   18.9208
   -7.5000  -30.0000   45.0000 2515.9644   17.9425
    0.0000  -30.0000   45.0000 2540.0818   17.4279
    7.5000  -30.0000   45.0000 2548.4922   17.3909
   -7.5000  -22.5000   45.0000 2615.0427   16.7265
    0.0000  -22.5000   45.0000 2642.3755   16.2839
    7.5000  -22.5000   45.0000 2651.5540   16.2687
   -7.5000  -15.0000   45.0000 2692.5283   15.8646
    0.0000  -15.0000   45.0000 2720.9438   15.4530
    7.5000  -15.0000   45.0000 2729.6438   15.4285
   -7.5000   -7.5000   45.0000 2744.4429   15.2836
    0.0000   -7.5000   45.0000 2773.5073   14.8512
    7.5000   -7.5000   45.0000 2777.8999   14.7667
   -7.5000    0.0000   45.0000 2769.0686   15.0138
    0.0000    0.0000   45.0000 2801.4773   14.5757
    7.5000    0.0000   45.0000 2795.4668   14.5154
   -7.5000    7.5000   45.0000 2762.5234   15.1030
    0.0000    7.5000   45.0000 2799.1592   14.7182
    7.5000    7.5000   45.0000 2800.1348   14.6796
   -7.5000   15.0000   45.0000 2727.7761   15.4198
    0.0000   15.0000   45.0000 2765.1208   15.0960
    7.5000   15.0000   45.0000 2772.0125   15.0833
   -7.5000   22.5000   45.0000 2676.5273   15.9196
    0.0000   22.5000   45.0000 2712.1121   15.6260
    7.5000   22.5000   45.0000 2713.4980   15.6625
   -7.5000   30.0000   45.0000 2608.1567   16.6554
    0.0000   30.0000   45.0000 2641.7461   16.3807
    7.5000   30.0000   45.0000 2641.3884   16.4463
   -7.5000   37.5000   45.0000 2519.9824   17.7004
    0.0000   37.5000   45.0000 2549.2170   17.4410
    7.5000   37.5000   45.0000 2551.7993   17.4945
   -7.5000   45.0000   45.0000 2403.4309   19.0682
    0.0000   45.0000   45.0000 2424.8765   18.8337
    7.5000   45.0000   45.0000 2430.7903   18.8588
   -7.5000  -45.0000   52.5000 2235.8711   22.9598
    0.0000  -45.0000   52.5000 2251.7053   22.3135
    7.5000  -45.0000   52.5000 2257.9187   22.1997
   -7.5000  -37.5000   52.5000 2349.6477   20.7808
    0.0000  -37.5000   52.5000 2371.4187   20.1754
    7.5000  -37.5000   52.5000 2381.4036   20.0729
   -7.5000  -30.0000   52.5000 2454.8982   19.1162
    0.0000  -30.0000   52.5000 2484.6311   18.5802
    7.5000  -30.0000   52.5000 2494.3232   18.5086
   -7.5000  -22.5000   52.5000 2545.5593   17.8450
    0.0000  -22.5000   52.5000 2578.0049   17.3566
    7.5000  -22.5000   52.5000 2588.6633   17.3090
   -7.5000  -15.0000   52.5000 2616.7483   16.9145
    0.0000  -15.0000   52.5000 2646.3870   16.4414
    7.5000  -15.0000   52.5000 2660.5161   16.3665
   -7.5000   -7.5000   52.5000 2668.7793   16.2764
    0.0000   -7.5000   52.5000 2698.1123   15.8147
    7.5000   -7.5000   52.5000 2704.1475   15.7539
   -7.5000    0.0000   52.5000 2694.5940   15.9939
    0.0000    0.0000   52.5000 2723.5491   15.5763
    7.5000    0.0000   52.5000 2718.0183   15.5175
   -7.5000    7.5000   52.5000 2687.9019   16.0864
    0.0000    7.5000   52.5000 2715.3481   15.7349
    7.5000    7.5000   52.5000 2714.2283   15.6624
   -7.5000   15.0000   52.5000 2655.5728   16.4039
    0.0000   15.0000   52.5000 2687.1553   16.0836
    7.5000   15.0000   52.5000 2693.1433   16.0312
   -7.5000   22.5000   52.5000 2605.0378   16.8582
    0.0000   22.5000   52.5000 2640.4375   16.5550
    7.5000   22.5000   52.5000 2652.2031   16.5474
   -7.5000   30.0000   52.5000 2542.0410   17.6044
    0.0000   30.0000   52.5000 2574.5750   17.3153
    7.5000   30.0000   52.5000 2579.0569   17.3285
   -7.5000   37.5000   52.5000 2453.0288   18.6305
    0.0000   37.5000   52.5000 2481.0645   18.3902
    7.5000   37.5000   52.5000 2485.6465   18.3989
   -7.5000   45.0000   52.5000 2336.0681   20.0856
    0.0000   45.0000   52.5000 2355.6470   19.8849
    7.5000   45.0000   52.5000 2359.4570   19.8559

---------------------------------------------------------------------
imgreg_4dfp /opt/freesurfer/average/711-2C_as_mni_average_305 /opt/freesurfer/average/711-2B_as_mni_average_305_mask talsrcimg_g11 none talsrcimg_to_711-2C_as_mni_average_305_t4 1283
---------------------------------------------------------------------

freesurfer imgreg_4dfp.c
/opt/freesurfer/average/711-2C_as_mni_average_305.4dfp.img
       256       256       256         1
  1.000000  1.000000  1.000000
orientation T byte_order littleendian
Reading image: /opt/freesurfer/average/711-2C_as_mni_average_305.4dfp.img
dimensions:      256       256       256
mmppix:       1.0000   -1.0000   -1.0000
center:     128.0000 -129.0000 -129.0000
/opt/freesurfer/average/711-2B_as_mni_average_305_mask.4dfp.img
       256       256       256         1
  1.000000  1.000000  1.000000
orientation T byte_order littleendian
Reading mask: /opt/freesurfer/average/711-2B_as_mni_average_305_mask.4dfp.img (2306576 pixels)
talsrcimg_g11.4dfp.img
       256       256       256         1
  1.000000  1.000000  1.000000
orientation T byte_order littleendian
Reading image: talsrcimg_g11.4dfp.img
dimensions:      256       256       256
mmppix:       1.0000   -1.0000   -1.0000
center:     128.0000 -129.0000 -129.0000
rotation matrix determinant  1.000000
fimgreg.f
image alignment mode   1283 decimal      503 hex
parameters
    0.0000    0.0000   15.0000    0.0000    0.0000    0.0000
eta,q 0.94648 12.96790
niter,ni,del,rscale     5    3   12.0000    1.2000
parameter  4  1.850993 ->  0.500000 qaram    1.1500
parameter  5  1.324214 ->  0.500000 qaram    1.1500
parameter  6  0.803279 ->  0.500000 qaram    1.1500
parameters
    1.6702   -2.3479   14.2564   -3.4500   -3.4500   -3.4500
eta,q 0.95914 13.01062
  0.0710  0.0548  0.0579  0.0481  0.0413  0.0405
  0.0657  0.0525  0.0531  0.0481  0.0420  0.0408
  0.0604  0.0525  0.0519  0.0495  0.0442  0.0413
  0.0559  0.0534  0.0522  0.0517  0.0483  0.0424
  0.0536  0.0554  0.0539  0.0538  0.0535  0.0444
  0.0562  0.0607  0.0566  0.0561  0.0586  0.0469
  0.0615  0.0668  0.0603  0.0579  0.0644  0.0505
niter,ni,del,rscale     7    3   12.0000    1.2000
parameter  4  1.110502 ->  0.500000 qaram    1.3225
parameters
    2.4268   -1.2869   13.7031   -7.4175   -6.5290   -3.0436
eta,q 0.96551 13.14905
  0.0642  0.0529  0.0496  0.0361  0.0388  0.0427
  0.0548  0.0462  0.0438  0.0366  0.0353  0.0391
  0.0459  0.0422  0.0408  0.0388  0.0349  0.0363
  0.0409  0.0406  0.0403  0.0401  0.0371  0.0346
  0.0418  0.0405  0.0431  0.0423  0.0420  0.0345
  0.0476  0.0424  0.0475  0.0460  0.0497  0.0369
  0.0558  0.0460  0.0524  0.0504  0.0580  0.0420
niter,ni,del,rscale     7    3   12.0000    1.2000
parameters
    3.6427   -0.3259   13.0299   -9.6260   -7.3200   -3.1963
eta,q 0.97019 13.17748
  0.0648  0.0499  0.0440  0.0371  0.0418  0.0387
  0.0522  0.0424  0.0363  0.0321  0.0345  0.0347
  0.0415  0.0369  0.0330  0.0302  0.0302  0.0314
  0.0345  0.0334  0.0329  0.0325  0.0303  0.0298
  0.0341  0.0334  0.0364  0.0362  0.0338  0.0308
  0.0394  0.0369  0.0420  0.0400  0.0393  0.0347
  0.0485  0.0423  0.0481  0.0447  0.0476  0.0401
niter,ni,del,rscale     6    3   12.0000    1.2000
parameters
    3.8738    0.0167   12.9003   -9.8729   -7.5430   -3.2293
eta,q 0.97037 13.17860
  0.0567  0.0482  0.0453  0.0412  0.0434  0.0387
  0.0449  0.0400  0.0367  0.0351  0.0361  0.0346
  0.0342  0.0335  0.0315  0.0308  0.0310  0.0312
  0.0298  0.0298  0.0298  0.0298  0.0297  0.0296
  0.0333  0.0322  0.0328  0.0329  0.0323  0.0306
  0.0420  0.0379  0.0388  0.0368  0.0377  0.0343
  0.0531  0.0444  0.0455  0.0415  0.0448  0.0394
niter,ni,del,rscale     5    3   12.0000    1.2000
parameters
    3.9239    0.1125   12.8733   -9.9762   -7.5993   -3.2302
eta,q 0.97037 13.17783
  0.0555  0.0469  0.0457  0.0416  0.0440  0.0387
  0.0438  0.0389  0.0370  0.0354  0.0366  0.0347
  0.0333  0.0326  0.0317  0.0310  0.0313  0.0312
  0.0296  0.0296  0.0297  0.0297  0.0296  0.0296
  0.0339  0.0330  0.0324  0.0325  0.0319  0.0306
  0.0431  0.0389  0.0384  0.0366  0.0372  0.0342
  0.0545  0.0452  0.0450  0.0412  0.0441  0.0392
niter,ni,del,rscale     4    3   12.0000    1.2000
parameters
    3.9338    0.1473   12.8629  -10.0122   -7.6141   -3.2274
eta,q 0.97037 13.17735
  0.0553  0.0466  0.0457  0.0417  0.0441  0.0387
  0.0435  0.0386  0.0370  0.0355  0.0367  0.0347
  0.0331  0.0323  0.0317  0.0311  0.0314  0.0312
  0.0296  0.0296  0.0296  0.0296  0.0296  0.0296
  0.0341  0.0332  0.0323  0.0323  0.0318  0.0306
  0.0435  0.0391  0.0383  0.0364  0.0371  0.0342
  0.0548  0.0454  0.0449  0.0410  0.0439  0.0392
registration optimization eta report
parameter search radius
    6.0000    6.0000    6.0000    7.9350    6.9000    6.9000
100000*second partial in parameter space
       69.       43.       42.       18.       30.       19.
  0.0553  0.0466  0.0457  0.0417  0.0441  0.0387
  0.0435  0.0386  0.0370  0.0355  0.0367  0.0347
  0.0331  0.0323  0.0317  0.0311  0.0314  0.0312
  0.0296  0.0296  0.0296  0.0296  0.0296  0.0296
  0.0341  0.0332  0.0323  0.0323  0.0318  0.0306
  0.0435  0.0391  0.0383  0.0364  0.0371  0.0342
  0.0548  0.0454  0.0449  0.0410  0.0439  0.0392
    3.9338    0.1473   12.8629  -10.0122   -7.6141   -3.2274
eta,q 0.97037 13.17735

---------------------------------------------------------------------
imgreg_4dfp /opt/freesurfer/average/711-2C_as_mni_average_305 /opt/freesurfer/average/711-2B_as_mni_average_305_mask talsrcimg_g11 none talsrcimg_to_711-2C_as_mni_average_305_t4 3335
---------------------------------------------------------------------

freesurfer imgreg_4dfp.c
/opt/freesurfer/average/711-2C_as_mni_average_305.4dfp.img
       256       256       256         1
  1.000000  1.000000  1.000000
orientation T byte_order littleendian
Reading image: /opt/freesurfer/average/711-2C_as_mni_average_305.4dfp.img
dimensions:      256       256       256
mmppix:       1.0000   -1.0000   -1.0000
center:     128.0000 -129.0000 -129.0000
/opt/freesurfer/average/711-2B_as_mni_average_305_mask.4dfp.img
       256       256       256         1
  1.000000  1.000000  1.000000
orientation T byte_order littleendian
Reading mask: /opt/freesurfer/average/711-2B_as_mni_average_305_mask.4dfp.img (2306576 pixels)
talsrcimg_g11.4dfp.img
       256       256       256         1
  1.000000  1.000000  1.000000
orientation T byte_order littleendian
Reading image: talsrcimg_g11.4dfp.img
dimensions:      256       256       256
mmppix:       1.0000   -1.0000   -1.0000
center:     128.0000 -129.0000 -129.0000
fimgreg.f
image alignment mode   3335 decimal      D07 hex
parameters
    3.9338    0.1473   12.8629   -1.0389   -1.5494   -2.3912
    3.2442   14.0064   -5.5802   16.6235  -13.2501  -17.2324
eta,q 0.97120 13.25191
niter,ni,del,rscale     5    3    5.0000    1.2000
parameter  4  0.702473 ->  0.500000 qaram    1.1500
parameter  5  0.546172 ->  0.500000 qaram    1.1500
parameter 12  0.516722 ->  0.500000 qaram    1.1500
parameters
    3.9258    0.4892   11.9996   -5.1789   -5.6894   -3.2223
    2.5486   14.4709   -3.1102   15.1671  -11.1431  -21.3724
eta,q 0.97572 13.01795
  0.0338  0.0328  0.0294  0.0262  0.0252  0.0284  0.0273  0.0315  0.0274  0.0264  0.0263  0.0246
  0.0310  0.0309  0.0286  0.0256  0.0247  0.0272  0.0260  0.0281  0.0263  0.0253  0.0254  0.0243
  0.0293  0.0295  0.0284  0.0261  0.0247  0.0259  0.0252  0.0261  0.0255  0.0248  0.0249  0.0243
  0.0288  0.0288  0.0287  0.0284  0.0256  0.0246  0.0251  0.0250  0.0250  0.0248  0.0247  0.0246
  0.0295  0.0289  0.0296  0.0327  0.0277  0.0244  0.0255  0.0251  0.0248  0.0254  0.0246  0.0251
  0.0312  0.0296  0.0310  0.0381  0.0312  0.0272  0.0267  0.0267  0.0249  0.0267  0.0247  0.0258
  0.0338  0.0311  0.0328  0.0438  0.0353  0.0336  0.0285  0.0303  0.0254  0.0289  0.0251  0.0266
niter,ni,del,rscale     7    3    5.0000    1.2000
parameters
    4.0519    1.2622   11.1351   -6.7680   -7.0858   -3.6019
    1.8677   13.9309   -2.9197   16.5701  -12.0210  -23.1675
eta,q 0.97575 12.91187
  0.0287  0.0284  0.0244  0.0274  0.0270  0.0273  0.0267  0.0284  0.0262  0.0269  0.0249  0.0253
  0.0263  0.0265  0.0239  0.0258  0.0255  0.0260  0.0254  0.0262  0.0253  0.0255  0.0245  0.0245
  0.0249  0.0251  0.0238  0.0245  0.0245  0.0251  0.0246  0.0250  0.0247  0.0248  0.0244  0.0243
  0.0243  0.0243  0.0240  0.0238  0.0241  0.0242  0.0244  0.0244  0.0244  0.0244  0.0244  0.0243
  0.0246  0.0240  0.0245  0.0248  0.0247  0.0234  0.0249  0.0248  0.0246  0.0244  0.0245  0.0248
  0.0258  0.0243  0.0252  0.0283  0.0271  0.0252  0.0261  0.0267  0.0251  0.0246  0.0247  0.0256
  0.0278  0.0252  0.0263  0.0334  0.0310  0.0299  0.0278  0.0306  0.0261  0.0255  0.0253  0.0265
niter,ni,del,rscale     6    3    5.0000    1.2000
parameters
    3.9785    1.6621   10.8806   -7.0085   -7.7303   -3.9399
    1.5480   13.9396   -2.4777   17.3497  -12.4965  -23.7989
eta,q 0.97557 12.87246
  0.0275  0.0272  0.0251  0.0284  0.0275  0.0272  0.0271  0.0291  0.0262  0.0263  0.0251  0.0260
  0.0257  0.0258  0.0244  0.0267  0.0260  0.0260  0.0257  0.0265  0.0254  0.0252  0.0246  0.0249
  0.0246  0.0248  0.0242  0.0253  0.0249  0.0252  0.0248  0.0251  0.0248  0.0247  0.0245  0.0245
  0.0242  0.0242  0.0242  0.0242  0.0242  0.0243  0.0245  0.0245  0.0245  0.0245  0.0245  0.0245
  0.0247  0.0242  0.0244  0.0240  0.0244  0.0234  0.0249  0.0247  0.0246  0.0245  0.0246  0.0248
  0.0259  0.0248  0.0249  0.0260  0.0262  0.0251  0.0260  0.0262  0.0251  0.0247  0.0248  0.0254
  0.0280  0.0257  0.0256  0.0302  0.0297  0.0298  0.0277  0.0294  0.0259  0.0257  0.0252  0.0264
niter,ni,del,rscale     5    3    5.0000    1.2000
parameters
    3.9526    1.8935   10.7392   -7.0450   -8.0424   -4.1443
    1.4083   13.9599   -2.2101   17.8357  -12.6561  -24.1361
eta,q 0.97547 12.85636
  0.0277  0.0269  0.0254  0.0286  0.0278  0.0273  0.0273  0.0292  0.0263  0.0261  0.0253  0.0262
  0.0259  0.0256  0.0247  0.0270  0.0263  0.0261  0.0259  0.0265  0.0254  0.0252  0.0248  0.0251
  0.0248  0.0248  0.0244  0.0256  0.0251  0.0253  0.0249  0.0251  0.0248  0.0247  0.0246  0.0246
  0.0244  0.0244  0.0244  0.0244  0.0244  0.0245  0.0246  0.0246  0.0246  0.0246  0.0245  0.0245
  0.0248  0.0245  0.0246  0.0241  0.0245  0.0234  0.0249  0.0248  0.0247  0.0245  0.0246  0.0249
  0.0260  0.0251  0.0250  0.0259  0.0260  0.0250  0.0259  0.0262  0.0252  0.0248  0.0249  0.0255
  0.0279  0.0261  0.0256  0.0299  0.0292  0.0295  0.0276  0.0294  0.0261  0.0258  0.0253  0.0264
niter,ni,del,rscale     4    3    5.0000    1.2000
parameters
    3.9318    2.0301   10.6391   -7.0557   -8.2132   -4.2813
    1.3431   13.9577   -2.0770   18.1558  -12.7328  -24.3374
eta,q 0.97540 12.84765
  0.0278  0.0268  0.0256  0.0287  0.0280  0.0274  0.0274  0.0292  0.0263  0.0261  0.0254  0.0264
  0.0260  0.0256  0.0249  0.0271  0.0264  0.0262  0.0260  0.0266  0.0254  0.0252  0.0248  0.0252
  0.0249  0.0248  0.0246  0.0257  0.0253  0.0254  0.0250  0.0251  0.0249  0.0248  0.0247  0.0247
  0.0245  0.0245  0.0245  0.0245  0.0245  0.0246  0.0246  0.0246  0.0246  0.0246  0.0246  0.0246
  0.0249  0.0247  0.0247  0.0242  0.0245  0.0235  0.0249  0.0249  0.0247  0.0246  0.0247  0.0249
  0.0260  0.0253  0.0251  0.0260  0.0259  0.0249  0.0259  0.0263  0.0253  0.0249  0.0250  0.0255
  0.0280  0.0263  0.0257  0.0300  0.0291  0.0294  0.0276  0.0295  0.0262  0.0259  0.0253  0.0264
niter,ni,del,rscale     3    3    5.0000    1.2000
parameters
    3.9151    2.1128   10.5691   -7.0655   -8.3171   -4.3747
    1.3173   13.9490   -2.0091   18.3707  -12.7593  -24.4629
eta,q 0.97535 12.84201
  0.0279  0.0267  0.0257  0.0288  0.0280  0.0275  0.0274  0.0293  0.0263  0.0260  0.0254  0.0265
  0.0261  0.0256  0.0250  0.0271  0.0265  0.0263  0.0260  0.0266  0.0254  0.0252  0.0249  0.0253
  0.0250  0.0249  0.0246  0.0257  0.0253  0.0255  0.0251  0.0252  0.0249  0.0248  0.0247  0.0248
  0.0246  0.0246  0.0246  0.0246  0.0246  0.0246  0.0247  0.0247  0.0247  0.0247  0.0247  0.0247
  0.0250  0.0248  0.0248  0.0243  0.0246  0.0235  0.0249  0.0249  0.0248  0.0246  0.0247  0.0249
  0.0261  0.0254  0.0251  0.0260  0.0259  0.0249  0.0259  0.0264  0.0253  0.0250  0.0250  0.0255
  0.0280  0.0265  0.0257  0.0300  0.0290  0.0293  0.0276  0.0295  0.0263  0.0260  0.0254  0.0264
niter,ni,del,rscale     2    3    5.0000    1.2000
parameters
    3.9013    2.1728   10.5178   -7.0701   -8.3917   -4.4458
    1.3074   13.9355   -1.9718   18.5247  -12.7566  -24.5508
eta,q 0.97531 12.83764
  0.0279  0.0267  0.0257  0.0288  0.0281  0.0275  0.0275  0.0293  0.0263  0.0260  0.0255  0.0265
  0.0261  0.0256  0.0250  0.0272  0.0266  0.0263  0.0261  0.0266  0.0255  0.0253  0.0249  0.0253
  0.0250  0.0249  0.0247  0.0258  0.0254  0.0255  0.0251  0.0252  0.0249  0.0248  0.0247  0.0248
  0.0247  0.0247  0.0247  0.0246  0.0246  0.0247  0.0247  0.0247  0.0247  0.0247  0.0247  0.0247
  0.0250  0.0248  0.0248  0.0244  0.0246  0.0236  0.0250  0.0250  0.0248  0.0247  0.0248  0.0250
  0.0261  0.0255  0.0252  0.0261  0.0259  0.0249  0.0260  0.0264  0.0254  0.0250  0.0250  0.0256
  0.0281  0.0265  0.0258  0.0300  0.0290  0.0293  0.0276  0.0296  0.0263  0.0261  0.0254  0.0264
niter,ni,del,rscale     1    3    5.0000    1.2000
parameters
    3.8910    2.2150   10.4830   -7.0688   -8.4475   -4.4931
    1.3039   13.9254   -1.9463   18.6424  -12.7427  -24.6213
eta,q 0.97529 12.83502
  0.0280  0.0267  0.0258  0.0288  0.0281  0.0275  0.0275  0.0293  0.0263  0.0260  0.0255  0.0265
  0.0262  0.0256  0.0251  0.0272  0.0266  0.0263  0.0261  0.0266  0.0255  0.0253  0.0250  0.0254
  0.0251  0.0249  0.0247  0.0258  0.0254  0.0255  0.0251  0.0252  0.0249  0.0249  0.0248  0.0248
  0.0247  0.0247  0.0247  0.0247  0.0247  0.0247  0.0247  0.0247  0.0247  0.0247  0.0247  0.0247
  0.0250  0.0249  0.0248  0.0244  0.0246  0.0236  0.0250  0.0250  0.0248  0.0247  0.0248  0.0250
  0.0262  0.0255  0.0252  0.0261  0.0259  0.0249  0.0260  0.0264  0.0254  0.0250  0.0251  0.0256
  0.0281  0.0266  0.0258  0.0300  0.0290  0.0293  0.0276  0.0296  0.0263  0.0261  0.0254  0.0264
registration optimization eta report
parameter search radius
    2.4000    2.4000    2.4000    8.2800    8.2800    7.2000
    7.2000    7.2000    7.2000    7.2000    7.2000    8.2800
100000*second partial in parameter space
       58.       34.       19.        7.        6.        8.
        5.        9.        3.        3.        2.        3.
  0.0280  0.0267  0.0258  0.0288  0.0281  0.0275  0.0275  0.0293  0.0263  0.0260  0.0255  0.0265
  0.0262  0.0256  0.0251  0.0272  0.0266  0.0263  0.0261  0.0266  0.0255  0.0253  0.0250  0.0254
  0.0251  0.0249  0.0247  0.0258  0.0254  0.0255  0.0251  0.0252  0.0249  0.0249  0.0248  0.0248
  0.0247  0.0247  0.0247  0.0247  0.0247  0.0247  0.0247  0.0247  0.0247  0.0247  0.0247  0.0247
  0.0250  0.0249  0.0248  0.0244  0.0246  0.0236  0.0250  0.0250  0.0248  0.0247  0.0248  0.0250
  0.0262  0.0255  0.0252  0.0261  0.0259  0.0249  0.0260  0.0264  0.0254  0.0250  0.0251  0.0256
  0.0281  0.0266  0.0258  0.0300  0.0290  0.0293  0.0276  0.0296  0.0263  0.0261  0.0254  0.0264
    3.8910    2.2150   10.4830   -7.0688   -8.4475   -4.4931
    1.3039   13.9254   -1.9463   18.6424  -12.7427  -24.6213
eta,q 0.97529 12.83502

---------------------------------------------------------------------
imgreg_4dfp /opt/freesurfer/average/711-2C_as_mni_average_305 /opt/freesurfer/average/711-2B_as_mni_average_305_mask talsrcimg_g11 none talsrcimg_to_711-2C_as_mni_average_305_t4 2311
---------------------------------------------------------------------

freesurfer imgreg_4dfp.c
/opt/freesurfer/average/711-2C_as_mni_average_305.4dfp.img
       256       256       256         1
  1.000000  1.000000  1.000000
orientation T byte_order littleendian
Reading image: /opt/freesurfer/average/711-2C_as_mni_average_305.4dfp.img
dimensions:      256       256       256
mmppix:       1.0000   -1.0000   -1.0000
center:     128.0000 -129.0000 -129.0000
/opt/freesurfer/average/711-2B_as_mni_average_305_mask.4dfp.img
       256       256       256         1
  1.000000  1.000000  1.000000
orientation T byte_order littleendian
Reading mask: /opt/freesurfer/average/711-2B_as_mni_average_305_mask.4dfp.img (2306576 pixels)
talsrcimg_g11.4dfp.img
       256       256       256         1
  1.000000  1.000000  1.000000
orientation T byte_order littleendian
Reading image: talsrcimg_g11.4dfp.img
dimensions:      256       256       256
mmppix:       1.0000   -1.0000   -1.0000
center:     128.0000 -129.0000 -129.0000
fimgreg.f
image alignment mode   2311 decimal      907 hex
parameters
    3.8910    2.2150   10.4830   -7.0688   -8.4475   -4.4931
    1.3039   13.9254   -1.9463   18.6424  -12.7427  -24.6213
eta,q 0.97529 12.83502
niter,ni,del,rscale     5    3    5.0000    0.8000
parameters
    3.9010    2.2493   10.3674   -5.6326   -7.6127   -3.2220
    0.9946   14.2367   -2.0199   19.2011  -12.1402  -24.5093
eta,q 0.97648 13.00321
  0.0262  0.0256  0.0251  0.0269  0.0259  0.0260  0.0249  0.0271  0.0243  0.0246  0.0245  0.0243
  0.0254  0.0251  0.0248  0.0261  0.0253  0.0255  0.0242  0.0253  0.0239  0.0241  0.0240  0.0238
  0.0249  0.0248  0.0247  0.0253  0.0248  0.0250  0.0237  0.0242  0.0237  0.0238  0.0237  0.0236
  0.0247  0.0247  0.0247  0.0247  0.0244  0.0243  0.0236  0.0236  0.0236  0.0236  0.0235  0.0235
  0.0249  0.0248  0.0248  0.0244  0.0243  0.0235  0.0238  0.0237  0.0236  0.0235  0.0236  0.0236
  0.0254  0.0251  0.0250  0.0245  0.0245  0.0236  0.0244  0.0247  0.0239  0.0237  0.0238  0.0239
  0.0262  0.0255  0.0252  0.0255  0.0253  0.0253  0.0254  0.0264  0.0244  0.0243  0.0241  0.0242
niter,ni,del,rscale     4    3    5.0000    0.7000
parameters
    3.8892    2.1139   10.5663   -5.7168   -7.3181   -2.9939
    1.3554   14.1576   -2.1807   18.8892  -12.0375  -24.2881
eta,q 0.97660 13.01627
  0.0249  0.0241  0.0245  0.0252  0.0247  0.0255  0.0247  0.0257  0.0239  0.0240  0.0240  0.0240
  0.0242  0.0238  0.0240  0.0245  0.0242  0.0249  0.0241  0.0245  0.0236  0.0237  0.0237  0.0236
  0.0237  0.0236  0.0236  0.0239  0.0238  0.0243  0.0236  0.0237  0.0234  0.0235  0.0235  0.0234
  0.0235  0.0235  0.0235  0.0235  0.0235  0.0235  0.0234  0.0234  0.0234  0.0234  0.0234  0.0234
  0.0237  0.0237  0.0236  0.0236  0.0235  0.0232  0.0234  0.0236  0.0234  0.0234  0.0235  0.0235
  0.0242  0.0240  0.0237  0.0243  0.0238  0.0239  0.0238  0.0245  0.0237  0.0237  0.0236  0.0236
  0.0250  0.0244  0.0240  0.0256  0.0245  0.0258  0.0244  0.0261  0.0241  0.0243  0.0239  0.0239
niter,ni,del,rscale     3    3    5.0000    0.6000
parameters
    3.8811    2.0003   10.6435   -5.6040   -7.1139   -2.6258
    1.3862   14.1480   -2.2672   18.5866  -12.0412  -24.0685
eta,q 0.97679 13.03475
  0.0244  0.0239  0.0240  0.0248  0.0243  0.0252  0.0241  0.0251  0.0236  0.0237  0.0237  0.0237
  0.0239  0.0236  0.0237  0.0242  0.0239  0.0246  0.0236  0.0241  0.0234  0.0234  0.0234  0.0234
  0.0235  0.0234  0.0234  0.0237  0.0236  0.0240  0.0233  0.0235  0.0233  0.0233  0.0233  0.0233
  0.0234  0.0234  0.0234  0.0234  0.0234  0.0234  0.0232  0.0232  0.0232  0.0232  0.0232  0.0232
  0.0235  0.0235  0.0234  0.0234  0.0234  0.0231  0.0233  0.0234  0.0233  0.0233  0.0233  0.0233
  0.0239  0.0237  0.0236  0.0239  0.0236  0.0236  0.0236  0.0241  0.0234  0.0235  0.0234  0.0234
  0.0245  0.0241  0.0238  0.0248  0.0242  0.0250  0.0241  0.0253  0.0237  0.0240  0.0237  0.0236
niter,ni,del,rscale     2    3    5.0000    0.5000
parameters
    3.8977    1.9106   10.7877   -5.5161   -6.9214   -2.2441
    1.3918   14.1712   -2.3428   18.2975  -12.0772  -23.7731
eta,q 0.97694 13.05175
  0.0240  0.0235  0.0238  0.0242  0.0238  0.0248  0.0237  0.0245  0.0234  0.0234  0.0234  0.0234
  0.0236  0.0233  0.0235  0.0238  0.0236  0.0243  0.0233  0.0238  0.0232  0.0232  0.0232  0.0232
  0.0233  0.0232  0.0233  0.0234  0.0233  0.0237  0.0231  0.0233  0.0231  0.0231  0.0231  0.0231
  0.0232  0.0232  0.0232  0.0232  0.0232  0.0232  0.0231  0.0231  0.0231  0.0231  0.0231  0.0231
  0.0233  0.0233  0.0232  0.0232  0.0232  0.0230  0.0231  0.0232  0.0231  0.0231  0.0231  0.0231
  0.0235  0.0234  0.0233  0.0236  0.0234  0.0234  0.0233  0.0237  0.0232  0.0233  0.0232  0.0232
  0.0240  0.0237  0.0235  0.0242  0.0238  0.0245  0.0237  0.0246  0.0234  0.0236  0.0234  0.0233
niter,ni,del,rscale     1    3    5.0000    0.4000
parameters
    3.9276    1.8153   10.9556   -5.4486   -6.7446   -1.8787
    1.4123   14.2170   -2.4131   17.9825  -12.1450  -23.4198
eta,q 0.97708 13.06536
  0.0236  0.0233  0.0235  0.0237  0.0235  0.0243  0.0233  0.0240  0.0231  0.0232  0.0232  0.0232
  0.0233  0.0231  0.0233  0.0234  0.0233  0.0239  0.0231  0.0234  0.0230  0.0230  0.0230  0.0230
  0.0231  0.0231  0.0231  0.0232  0.0231  0.0234  0.0230  0.0231  0.0230  0.0229  0.0230  0.0230
  0.0231  0.0231  0.0231  0.0230  0.0230  0.0230  0.0229  0.0229  0.0229  0.0229  0.0229  0.0229
  0.0231  0.0231  0.0230  0.0231  0.0230  0.0229  0.0230  0.0230  0.0230  0.0230  0.0230  0.0229
  0.0233  0.0232  0.0231  0.0233  0.0232  0.0232  0.0231  0.0234  0.0230  0.0231  0.0231  0.0230
  0.0235  0.0234  0.0232  0.0237  0.0234  0.0239  0.0233  0.0239  0.0232  0.0234  0.0232  0.0231
registration optimization eta report
parameter search radius
    0.8000    0.8000    0.8000    2.4000    2.4000    2.4000
    2.4000    2.4000    2.4000    2.4000    2.4000    2.4000
100000*second partial in parameter space
       78.       42.       47.       12.        7.       19.
        7.       18.        4.        6.        4.        3.
  0.0236  0.0233  0.0235  0.0237  0.0235  0.0243  0.0233  0.0240  0.0231  0.0232  0.0232  0.0232
  0.0233  0.0231  0.0233  0.0234  0.0233  0.0239  0.0231  0.0234  0.0230  0.0230  0.0230  0.0230
  0.0231  0.0231  0.0231  0.0232  0.0231  0.0234  0.0230  0.0231  0.0230  0.0229  0.0230  0.0230
  0.0231  0.0231  0.0231  0.0230  0.0230  0.0230  0.0229  0.0229  0.0229  0.0229  0.0229  0.0229
  0.0231  0.0231  0.0230  0.0231  0.0230  0.0229  0.0230  0.0230  0.0230  0.0230  0.0230  0.0229
  0.0233  0.0232  0.0231  0.0233  0.0232  0.0232  0.0231  0.0234  0.0230  0.0231  0.0231  0.0230
  0.0235  0.0234  0.0232  0.0237  0.0234  0.0239  0.0233  0.0239  0.0232  0.0234  0.0232  0.0231
    3.9276    1.8153   10.9556   -5.4486   -6.7446   -1.8787
    1.4123   14.2170   -2.4131   17.9825  -12.1450  -23.4198
eta,q 0.97708 13.06536

---------------------------------------------------------------------
imgreg_4dfp /opt/freesurfer/average/711-2C_as_mni_average_305 /opt/freesurfer/average/711-2B_as_mni_average_305_mask talsrcimg_g11 none talsrcimg_to_711-2C_as_mni_average_305_t4 2311
---------------------------------------------------------------------

freesurfer imgreg_4dfp.c
/opt/freesurfer/average/711-2C_as_mni_average_305.4dfp.img
       256       256       256         1
  1.000000  1.000000  1.000000
orientation T byte_order littleendian
Reading image: /opt/freesurfer/average/711-2C_as_mni_average_305.4dfp.img
dimensions:      256       256       256
mmppix:       1.0000   -1.0000   -1.0000
center:     128.0000 -129.0000 -129.0000
/opt/freesurfer/average/711-2B_as_mni_average_305_mask.4dfp.img
       256       256       256         1
  1.000000  1.000000  1.000000
orientation T byte_order littleendian
Reading mask: /opt/freesurfer/average/711-2B_as_mni_average_305_mask.4dfp.img (2306576 pixels)
talsrcimg_g11.4dfp.img
       256       256       256         1
  1.000000  1.000000  1.000000
orientation T byte_order littleendian
Reading image: talsrcimg_g11.4dfp.img
dimensions:      256       256       256
mmppix:       1.0000   -1.0000   -1.0000
center:     128.0000 -129.0000 -129.0000
fimgreg.f
image alignment mode   2311 decimal      907 hex
parameters
    3.9276    1.8153   10.9556   -5.4486   -6.7446   -1.8787
    1.4123   14.2170   -2.4131   17.9825  -12.1450  -23.4198
eta,q 0.97708 13.06535
niter,ni,del,rscale     5    3    5.0000    0.8000
parameters
    3.9552    1.7220   11.1897   -5.9959   -7.0670   -2.4620
    1.5732   14.2241   -2.4350   17.6580  -12.1918  -23.5083
eta,q 0.97675 13.01597
  0.0251  0.0239  0.0246  0.0248  0.0242  0.0253  0.0248  0.0261  0.0240  0.0241  0.0239  0.0239
  0.0239  0.0233  0.0237  0.0239  0.0236  0.0247  0.0240  0.0246  0.0236  0.0236  0.0235  0.0235
  0.0232  0.0230  0.0232  0.0232  0.0232  0.0239  0.0235  0.0237  0.0233  0.0234  0.0233  0.0233
  0.0229  0.0229  0.0229  0.0229  0.0230  0.0230  0.0233  0.0233  0.0233  0.0233  0.0233  0.0233
  0.0231  0.0231  0.0230  0.0232  0.0231  0.0232  0.0234  0.0234  0.0233  0.0233  0.0233  0.0233
  0.0238  0.0235  0.0233  0.0244  0.0237  0.0250  0.0238  0.0245  0.0236  0.0237  0.0236  0.0235
  0.0249  0.0242  0.0238  0.0265  0.0249  0.0282  0.0246  0.0263  0.0241  0.0244  0.0239  0.0239
niter,ni,del,rscale     4    3    5.0000    0.7000
parameters
    3.9753    1.7132   10.9174   -5.7984   -6.9058   -2.5245
    1.4623   14.3034   -2.4483   17.8089  -12.1708  -23.6158
eta,q 0.97681 13.03065
  0.0247  0.0240  0.0237  0.0250  0.0243  0.0252  0.0243  0.0257  0.0238  0.0240  0.0238  0.0237
  0.0239  0.0236  0.0233  0.0243  0.0238  0.0246  0.0237  0.0244  0.0235  0.0236  0.0234  0.0234
  0.0234  0.0233  0.0232  0.0236  0.0234  0.0240  0.0233  0.0236  0.0233  0.0233  0.0232  0.0232
  0.0233  0.0233  0.0233  0.0232  0.0232  0.0232  0.0232  0.0232  0.0232  0.0232  0.0232  0.0232
  0.0234  0.0233  0.0234  0.0232  0.0232  0.0230  0.0233  0.0234  0.0233  0.0232  0.0233  0.0233
  0.0238  0.0236  0.0237  0.0237  0.0235  0.0240  0.0237  0.0242  0.0235  0.0235  0.0234  0.0234
  0.0246  0.0241  0.0242  0.0250  0.0243  0.0261  0.0244  0.0256  0.0238  0.0239  0.0237  0.0237
niter,ni,del,rscale     3    3    5.0000    0.6000
parameters
    3.9639    1.7240   10.8886   -5.6514   -6.7974   -2.3204
    1.4701   14.2979   -2.4671   17.8649  -12.1377  -23.5584
eta,q 0.97693 13.04616
  0.0242  0.0238  0.0237  0.0246  0.0240  0.0250  0.0240  0.0250  0.0235  0.0237  0.0236  0.0235
  0.0237  0.0235  0.0234  0.0240  0.0236  0.0245  0.0235  0.0240  0.0233  0.0234  0.0233  0.0232
  0.0233  0.0232  0.0232  0.0235  0.0233  0.0238  0.0232  0.0233  0.0231  0.0232  0.0231  0.0231
  0.0232  0.0232  0.0232  0.0232  0.0232  0.0232  0.0231  0.0231  0.0231  0.0231  0.0231  0.0231
  0.0233  0.0232  0.0233  0.0232  0.0232  0.0229  0.0232  0.0232  0.0231  0.0231  0.0231  0.0231
  0.0237  0.0234  0.0235  0.0236  0.0235  0.0236  0.0235  0.0239  0.0233  0.0233  0.0233  0.0232
  0.0243  0.0238  0.0237  0.0246  0.0240  0.0251  0.0240  0.0251  0.0235  0.0237  0.0235  0.0234
niter,ni,del,rscale     2    3    5.0000    0.5000
parameters
    3.9649    1.7203   10.9570   -5.5505   -6.7026   -2.0348
    1.4812   14.2854   -2.4953   17.8010  -12.1582  -23.3822
eta,q 0.97704 13.05900
  0.0238  0.0235  0.0236  0.0241  0.0237  0.0246  0.0236  0.0244  0.0233  0.0234  0.0233  0.0233
  0.0234  0.0233  0.0233  0.0236  0.0234  0.0241  0.0232  0.0236  0.0231  0.0232  0.0231  0.0231
  0.0232  0.0231  0.0231  0.0233  0.0232  0.0236  0.0230  0.0232  0.0230  0.0230  0.0230  0.0230
  0.0231  0.0231  0.0231  0.0231  0.0231  0.0231  0.0230  0.0230  0.0230  0.0230  0.0230  0.0230
  0.0232  0.0231  0.0231  0.0231  0.0231  0.0229  0.0230  0.0231  0.0230  0.0230  0.0230  0.0230
  0.0234  0.0233  0.0232  0.0234  0.0233  0.0234  0.0232  0.0236  0.0231  0.0232  0.0231  0.0231
  0.0238  0.0235  0.0234  0.0241  0.0237  0.0245  0.0236  0.0245  0.0233  0.0235  0.0233  0.0232
niter,ni,del,rscale     1    3    5.0000    0.4000
parameters
    3.9717    1.6859   11.0751   -5.4780   -6.5908   -1.7370
    1.4972   14.2984   -2.5319   17.6453  -12.1944  -23.1527
eta,q 0.97714 13.07026
  0.0235  0.0232  0.0234  0.0236  0.0234  0.0242  0.0233  0.0239  0.0231  0.0232  0.0231  0.0231
  0.0232  0.0231  0.0231  0.0233  0.0232  0.0238  0.0230  0.0233  0.0230  0.0230  0.0230  0.0230
  0.0230  0.0230  0.0230  0.0231  0.0230  0.0233  0.0229  0.0230  0.0229  0.0229  0.0229  0.0229
  0.0230  0.0230  0.0230  0.0229  0.0229  0.0229  0.0229  0.0229  0.0229  0.0229  0.0229  0.0229
  0.0230  0.0230  0.0230  0.0230  0.0230  0.0228  0.0229  0.0230  0.0229  0.0229  0.0229  0.0229
  0.0232  0.0231  0.0230  0.0232  0.0231  0.0232  0.0230  0.0233  0.0230  0.0230  0.0230  0.0229
  0.0235  0.0233  0.0232  0.0236  0.0233  0.0239  0.0233  0.0239  0.0231  0.0233  0.0231  0.0230
registration optimization eta report
parameter search radius
    0.8000    0.8000    0.8000    2.4000    2.4000    2.4000
    2.4000    2.4000    2.4000    2.4000    2.4000    2.4000
100000*second partial in parameter space
       80.       44.       47.       12.        7.       19.
        7.       18.        4.        6.        5.        3.
  0.0235  0.0232  0.0234  0.0236  0.0234  0.0242  0.0233  0.0239  0.0231  0.0232  0.0231  0.0231
  0.0232  0.0231  0.0231  0.0233  0.0232  0.0238  0.0230  0.0233  0.0230  0.0230  0.0230  0.0230
  0.0230  0.0230  0.0230  0.0231  0.0230  0.0233  0.0229  0.0230  0.0229  0.0229  0.0229  0.0229
  0.0230  0.0230  0.0230  0.0229  0.0229  0.0229  0.0229  0.0229  0.0229  0.0229  0.0229  0.0229
  0.0230  0.0230  0.0230  0.0230  0.0230  0.0228  0.0229  0.0230  0.0229  0.0229  0.0229  0.0229
  0.0232  0.0231  0.0230  0.0232  0.0231  0.0232  0.0230  0.0233  0.0230  0.0230  0.0230  0.0229
  0.0235  0.0233  0.0232  0.0236  0.0233  0.0239  0.0233  0.0239  0.0231  0.0233  0.0231  0.0230
    3.9717    1.6859   11.0751   -5.4780   -6.5908   -1.7370
    1.4972   14.2984   -2.5319   17.6453  -12.1944  -23.1527
eta,q 0.97714 13.07026

---------------------------------------------------------------------
compute_vox2vox talsrcimg talsrcimg_to_711-2C_as_mni_average_305_t4 /opt/freesurfer/average/711-2C_as_mni_average_305
---------------------------------------------------------------------

freesurfer compute_vox2vox.c
Reading: talsrcimg.4dfp.ifh
Reading: talsrcimg_to_711-2C_as_mni_average_305_t4
Reading: /opt/freesurfer/average/711-2C_as_mni_average_305.4dfp.ifh
Writing: talsrcimg_to_711-2C_as_mni_average_305_t4_vox2vox.txt

start time Mon Mar 9 03:47:24 CET 2026
end		time Mon Mar 9 03:47:38 CET 2026

mpr2mni305 success

avi2talxfm orig_nu.mgz /opt/freesurfer/average/mni305.cor.mgz talsrcimg_to_711-2C_as_mni_average_305_t4_vox2vox.txt transforms/talairach.auto.xfm
avi2talxfm done
mv -f /out/sourcedata/freesurfer/sub-v1s18x0051206_ses-1/mri/talsrcimg_to_711-2C_as_mni_average_305_t4_vox2vox.txt /out/sourcedata/freesurfer/sub-v1s18x0051206_ses-1/mri/transforms/talsrcimg_to_711-2C_as_mni_average_305_t4_vox2vox.txt
lta_convert --src orig_nu.mgz --trg /opt/freesurfer/average/mni305.cor.mgz --inxfm transforms/talairach.auto.xfm --outlta transforms/talairach.auto.xfm.lta --subject fsaverage
7.3.2

--src: orig_nu.mgz src image (geometry).
--trg: /opt/freesurfer/average/mni305.cor.mgz trg image (geometry).
--inmni: transforms/talairach.auto.xfm input MNI/XFM transform.
--outlta: transforms/talairach.auto.xfm.lta output LTA.
--s: fsaverage subject name
 LTA read, type : 1
 1.03828  -0.14178  -0.05178  -2.35286;
 0.12971   0.95660   0.23503  -18.19727;
 0.00364  -0.18455   1.02476   7.43785;
 0.00000   0.00000   0.00000   1.00000;
setting subject to fsaverage
Writing  LTA to file transforms/talairach.auto.xfm.lta...
lta_convert successful.
 
 
Started at Mon Mar 9 03:47:24 CET 2026
Ended   at Mon Mar  9 03:47:38 CET 2026
talairach_avi done
