status file for recon-all
Mon Mar  9 05:54:36 CET 2026
#@# MotionCor Mon Mar  9 05:54:38 CET 2026
#@# Talairach Mon Mar  9 05:54:46 CET 2026
#@# Talairach Failure Detection Mon Mar  9 05:59:20 CET 2026
#@# Nu Intensity Correction Mon Mar  9 05:59:20 CET 2026
#@# Intensity Normalization Mon Mar  9 06:02:37 CET 2026
recon-all -s sub-v1s18x0051252_ses-1 finished without error at Mon Mar  9 06:03:57 CET 2026



#New# invocation of recon-all 



status file for recon-all
Mon Mar  9 06:11:23 CET 2026
#@# EM Registration Mon Mar  9 06:11:23 CET 2026
recon-all -s sub-v1s18x0051252_ses-1 finished without error at Mon Mar  9 06:13:16 CET 2026



#New# invocation of recon-all 



status file for recon-all
Mon Mar  9 06:13:19 CET 2026
#@# CA Normalize Mon Mar  9 06:13:19 CET 2026
#@# CA Reg Mon Mar  9 06:14:40 CET 2026
#@# SubCort Seg Mon Mar  9 07:11:15 CET 2026
#@# CC Seg Mon Mar  9 07:42:15 CET 2026
#@# Merge ASeg Mon Mar  9 07:44:45 CET 2026
#@# Intensity Normalization2 Mon Mar  9 07:44:45 CET 2026
#@# Mask BFS Mon Mar  9 07:46:59 CET 2026
#@# WM Segmentation Mon Mar  9 07:47:00 CET 2026
#@# Fill Mon Mar  9 07:48:55 CET 2026
recon-all -s sub-v1s18x0051252_ses-1 finished without error at Mon Mar  9 07:50:01 CET 2026



#New# invocation of recon-all 



status file for recon-all
Mon Mar  9 08:40:56 CET 2026
#@# white curv lh Mon Mar  9 08:40:56 CET 2026
#@# white area lh Mon Mar  9 08:40:56 CET 2026
#@# pial curv lh Mon Mar  9 08:40:56 CET 2026
#@# pial area lh Mon Mar  9 08:40:56 CET 2026
#@# thickness lh Mon Mar  9 08:40:56 CET 2026
#@# area and vertex vol lh Mon Mar  9 08:40:56 CET 2026
#@# white curv rh Mon Mar  9 08:40:56 CET 2026
#@# white area rh Mon Mar  9 08:40:56 CET 2026
#@# pial curv rh Mon Mar  9 08:40:56 CET 2026
#@# pial area rh Mon Mar  9 08:40:56 CET 2026
#@# thickness rh Mon Mar  9 08:40:56 CET 2026
#@# area and vertex vol rh Mon Mar  9 08:40:56 CET 2026
#@# Cortical ribbon mask Mon Mar  9 08:40:56 CET 2026
recon-all -s sub-v1s18x0051252_ses-1 finished without error at Mon Mar  9 08:45:26 CET 2026



#New# invocation of recon-all 



status file for recon-all
Mon Mar  9 08:53:09 CET 2026
#@# white curv lh Mon Mar  9 08:53:09 CET 2026
#@# white area lh Mon Mar  9 08:53:09 CET 2026
#@# pial curv lh Mon Mar  9 08:53:09 CET 2026
#@# pial area lh Mon Mar  9 08:53:09 CET 2026
#@# thickness lh Mon Mar  9 08:53:09 CET 2026
#@# area and vertex vol lh Mon Mar  9 08:53:09 CET 2026
#@# white curv rh Mon Mar  9 08:53:09 CET 2026
#@# white area rh Mon Mar  9 08:53:09 CET 2026
#@# pial curv rh Mon Mar  9 08:53:09 CET 2026
#@# pial area rh Mon Mar  9 08:53:09 CET 2026
#@# thickness rh Mon Mar  9 08:53:09 CET 2026
#@# area and vertex vol rh Mon Mar  9 08:53:09 CET 2026
#@# Curvature Stats lh Mon Mar  9 08:53:09 CET 2026
#@# Curvature Stats rh Mon Mar  9 08:53:12 CET 2026
#@# Relabel Hypointensities Mon Mar  9 08:53:15 CET 2026
#@# APas-to-ASeg Mon Mar  9 08:53:32 CET 2026
#@# AParc-to-ASeg aparc Mon Mar  9 08:53:42 CET 2026
#@# AParc-to-ASeg aparc.a2009s Mon Mar  9 08:54:32 CET 2026
#@# AParc-to-ASeg aparc.DKTatlas Mon Mar  9 08:55:17 CET 2026
#@# WMParc Mon Mar  9 08:56:08 CET 2026
#@# ASeg Stats Mon Mar  9 09:00:41 CET 2026
recon-all -s sub-v1s18x0051252_ses-1 finished without error at Mon Mar  9 09:01:22 CET 2026
