status file for recon-all
Mon Mar  9 05:26:18 CET 2026
#@# Tessellate lh Mon Mar  9 05:26:18 CET 2026
#@# Smooth1 lh Mon Mar  9 05:26:21 CET 2026
#@# Inflation1 lh Mon Mar  9 05:26:23 CET 2026
#@# QSphere lh Mon Mar  9 05:26:36 CET 2026
#@# Fix Topology lh Mon Mar  9 05:27:44 CET 2026
#@# Smooth2 lh Mon Mar  9 05:35:58 CET 2026
#@# Inflation2 lh Mon Mar  9 05:36:01 CET 2026
#@# Curv .H and .K lh Mon Mar  9 05:36:14 CET 2026
#@# Sphere lh Mon Mar  9 05:36:52 CET 2026
#@# Surf Reg lh Mon Mar  9 05:42:02 CET 2026
#@# Jacobian white lh Mon Mar  9 05:47:23 CET 2026
#@# AvgCurv lh Mon Mar  9 05:47:23 CET 2026
#@# Cortical Parc lh Mon Mar  9 05:47:24 CET 2026
#@# white curv lh Mon Mar  9 05:53:33 CET 2026
#@# white area lh Mon Mar  9 05:53:35 CET 2026
#@# pial curv lh Mon Mar  9 05:53:35 CET 2026
#@# pial area lh Mon Mar  9 05:53:37 CET 2026
#@# thickness lh Mon Mar  9 05:53:37 CET 2026
#@# area and vertex vol lh Mon Mar  9 05:53:58 CET 2026
#@# Curvature Stats lh Mon Mar  9 05:53:59 CET 2026
#@# Cortical Parc 2 lh Mon Mar  9 05:54:01 CET 2026
#@# Cortical Parc 3 lh Mon Mar  9 05:54:11 CET 2026
#@# WM/GM Contrast lh Mon Mar  9 05:54:19 CET 2026
recon-all -s sub-v1s18x0051214_ses-1 finished without error at Mon Mar  9 05:54:22 CET 2026



#New# invocation of recon-all 



status file for recon-all
Mon Mar  9 06:26:14 CET 2026
#@# white curv lh Mon Mar  9 06:26:14 CET 2026
#@# white area lh Mon Mar  9 06:26:14 CET 2026
#@# pial curv lh Mon Mar  9 06:26:14 CET 2026
#@# pial area lh Mon Mar  9 06:26:14 CET 2026
#@# thickness lh Mon Mar  9 06:26:14 CET 2026
#@# area and vertex vol lh Mon Mar  9 06:26:14 CET 2026
#@# Parcellation Stats lh Mon Mar  9 06:26:14 CET 2026
#@# Parcellation Stats 2 lh Mon Mar  9 06:26:29 CET 2026
#@# Parcellation Stats 3 lh Mon Mar  9 06:26:37 CET 2026
#@# BA_exvivo Labels lh Mon Mar  9 06:26:45 CET 2026
recon-all -s sub-v1s18x0051214_ses-1 finished without error at Mon Mar  9 06:28:56 CET 2026
