status file for recon-all
Mon Mar  9 05:54:24 CET 2026
#@# Tessellate rh Mon Mar  9 05:54:24 CET 2026
#@# Smooth1 rh Mon Mar  9 05:54:27 CET 2026
#@# Inflation1 rh Mon Mar  9 05:54:29 CET 2026
#@# QSphere rh Mon Mar  9 05:54:42 CET 2026
#@# Fix Topology rh Mon Mar  9 05:55:58 CET 2026
#@# Smooth2 rh Mon Mar  9 06:01:00 CET 2026
#@# Inflation2 rh Mon Mar  9 06:01:02 CET 2026
#@# Curv .H and .K rh Mon Mar  9 06:01:17 CET 2026
#@# Sphere rh Mon Mar  9 06:01:54 CET 2026
#@# Surf Reg rh Mon Mar  9 06:05:15 CET 2026
#@# Jacobian white rh Mon Mar  9 06:15:46 CET 2026
#@# AvgCurv rh Mon Mar  9 06:15:47 CET 2026
#@# Cortical Parc rh Mon Mar  9 06:15:47 CET 2026
#@# white curv rh Mon Mar  9 06:21:57 CET 2026
#@# white area rh Mon Mar  9 06:21:59 CET 2026
#@# pial curv rh Mon Mar  9 06:21:59 CET 2026
#@# pial area rh Mon Mar  9 06:22:01 CET 2026
#@# thickness rh Mon Mar  9 06:22:02 CET 2026
#@# area and vertex vol rh Mon Mar  9 06:22:21 CET 2026
#@# Curvature Stats rh Mon Mar  9 06:22:23 CET 2026
#@# Cortical Parc 2 rh Mon Mar  9 06:22:24 CET 2026
#@# Cortical Parc 3 rh Mon Mar  9 06:22:35 CET 2026
#@# WM/GM Contrast rh Mon Mar  9 06:22:42 CET 2026
recon-all -s sub-v1s18x0051214_ses-1 finished without error at Mon Mar  9 06:22:45 CET 2026



#New# invocation of recon-all 



status file for recon-all
Mon Mar  9 06:28:59 CET 2026
#@# white curv rh Mon Mar  9 06:28:59 CET 2026
#@# white area rh Mon Mar  9 06:28:59 CET 2026
#@# pial curv rh Mon Mar  9 06:28:59 CET 2026
#@# pial area rh Mon Mar  9 06:28:59 CET 2026
#@# thickness rh Mon Mar  9 06:28:59 CET 2026
#@# area and vertex vol rh Mon Mar  9 06:28:59 CET 2026
#@# Parcellation Stats rh Mon Mar  9 06:28:59 CET 2026
#@# Parcellation Stats 2 rh Mon Mar  9 06:29:15 CET 2026
#@# Parcellation Stats 3 rh Mon Mar  9 06:29:25 CET 2026
#@# BA_exvivo Labels rh Mon Mar  9 06:29:34 CET 2026
recon-all -s sub-v1s18x0051214_ses-1 finished without error at Mon Mar  9 06:31:45 CET 2026
