status file for recon-all
Mon Mar  9 06:51:22 CET 2026
#@# MotionCor Mon Mar  9 06:51:24 CET 2026
#@# Talairach Mon Mar  9 06:51:32 CET 2026
#@# Talairach Failure Detection Mon Mar  9 06:55:56 CET 2026
#@# Nu Intensity Correction Mon Mar  9 06:55:56 CET 2026
#@# Intensity Normalization Mon Mar  9 06:59:12 CET 2026
recon-all -s sub-v1s18x0051267_ses-1 finished without error at Mon Mar  9 07:00:42 CET 2026



#New# invocation of recon-all 



status file for recon-all
Mon Mar  9 07:07:59 CET 2026
#@# EM Registration Mon Mar  9 07:07:59 CET 2026
recon-all -s sub-v1s18x0051267_ses-1 finished without error at Mon Mar  9 07:10:49 CET 2026



#New# invocation of recon-all 



status file for recon-all
Mon Mar  9 07:10:53 CET 2026
#@# CA Normalize Mon Mar  9 07:10:53 CET 2026
#@# CA Reg Mon Mar  9 07:12:12 CET 2026
#@# SubCort Seg Mon Mar  9 08:00:31 CET 2026
#@# CC Seg Mon Mar  9 08:29:51 CET 2026
#@# Merge ASeg Mon Mar  9 08:30:36 CET 2026
#@# Intensity Normalization2 Mon Mar  9 08:30:36 CET 2026
#@# Mask BFS Mon Mar  9 08:32:48 CET 2026
#@# WM Segmentation Mon Mar  9 08:32:49 CET 2026
#@# Fill Mon Mar  9 08:34:40 CET 2026
recon-all -s sub-v1s18x0051267_ses-1 finished without error at Mon Mar  9 08:35:40 CET 2026



#New# invocation of recon-all 



status file for recon-all
Mon Mar  9 09:25:58 CET 2026
#@# white curv lh Mon Mar  9 09:25:58 CET 2026
#@# white area lh Mon Mar  9 09:25:58 CET 2026
#@# pial curv lh Mon Mar  9 09:25:58 CET 2026
#@# pial area lh Mon Mar  9 09:25:58 CET 2026
#@# thickness lh Mon Mar  9 09:25:58 CET 2026
#@# area and vertex vol lh Mon Mar  9 09:25:58 CET 2026
#@# white curv rh Mon Mar  9 09:25:58 CET 2026
#@# white area rh Mon Mar  9 09:25:58 CET 2026
#@# pial curv rh Mon Mar  9 09:25:58 CET 2026
#@# pial area rh Mon Mar  9 09:25:58 CET 2026
#@# thickness rh Mon Mar  9 09:25:58 CET 2026
#@# area and vertex vol rh Mon Mar  9 09:25:58 CET 2026
#@# Cortical ribbon mask Mon Mar  9 09:25:58 CET 2026
recon-all -s sub-v1s18x0051267_ses-1 finished without error at Mon Mar  9 09:32:54 CET 2026



#New# invocation of recon-all 



status file for recon-all
Mon Mar  9 09:39:48 CET 2026
#@# white curv lh Mon Mar  9 09:39:48 CET 2026
#@# white area lh Mon Mar  9 09:39:48 CET 2026
#@# pial curv lh Mon Mar  9 09:39:48 CET 2026
#@# pial area lh Mon Mar  9 09:39:48 CET 2026
#@# thickness lh Mon Mar  9 09:39:48 CET 2026
#@# area and vertex vol lh Mon Mar  9 09:39:48 CET 2026
#@# white curv rh Mon Mar  9 09:39:48 CET 2026
#@# white area rh Mon Mar  9 09:39:48 CET 2026
#@# pial curv rh Mon Mar  9 09:39:48 CET 2026
#@# pial area rh Mon Mar  9 09:39:48 CET 2026
#@# thickness rh Mon Mar  9 09:39:48 CET 2026
#@# area and vertex vol rh Mon Mar  9 09:39:48 CET 2026
#@# Curvature Stats lh Mon Mar  9 09:39:48 CET 2026
#@# Curvature Stats rh Mon Mar  9 09:39:51 CET 2026
#@# Relabel Hypointensities Mon Mar  9 09:39:54 CET 2026
#@# APas-to-ASeg Mon Mar  9 09:40:08 CET 2026
#@# AParc-to-ASeg aparc Mon Mar  9 09:40:17 CET 2026
#@# AParc-to-ASeg aparc.a2009s Mon Mar  9 09:40:51 CET 2026
#@# AParc-to-ASeg aparc.DKTatlas Mon Mar  9 09:41:26 CET 2026
#@# WMParc Mon Mar  9 09:42:01 CET 2026
#@# ASeg Stats Mon Mar  9 09:45:56 CET 2026
recon-all -s sub-v1s18x0051267_ses-1 finished without error at Mon Mar  9 09:46:35 CET 2026
