status file for recon-all
Mon Mar  9 05:52:31 CET 2026
#@# Tessellate rh Mon Mar  9 05:52:31 CET 2026
#@# Smooth1 rh Mon Mar  9 05:52:33 CET 2026
#@# Inflation1 rh Mon Mar  9 05:52:35 CET 2026
#@# QSphere rh Mon Mar  9 05:52:43 CET 2026
#@# Fix Topology rh Mon Mar  9 05:53:23 CET 2026
#@# Smooth2 rh Mon Mar  9 05:57:16 CET 2026
#@# Inflation2 rh Mon Mar  9 05:57:19 CET 2026
#@# Curv .H and .K rh Mon Mar  9 05:57:27 CET 2026
#@# Sphere rh Mon Mar  9 05:58:04 CET 2026
#@# Surf Reg rh Mon Mar  9 05:59:26 CET 2026
#@# Jacobian white rh Mon Mar  9 06:01:56 CET 2026
#@# AvgCurv rh Mon Mar  9 06:01:57 CET 2026
#@# Cortical Parc rh Mon Mar  9 06:01:57 CET 2026
#@# white curv rh Mon Mar  9 06:07:25 CET 2026
#@# white area rh Mon Mar  9 06:07:26 CET 2026
#@# pial curv rh Mon Mar  9 06:07:26 CET 2026
#@# pial area rh Mon Mar  9 06:07:28 CET 2026
#@# thickness rh Mon Mar  9 06:07:28 CET 2026
#@# area and vertex vol rh Mon Mar  9 06:07:48 CET 2026
#@# Curvature Stats rh Mon Mar  9 06:07:49 CET 2026
#@# Cortical Parc 2 rh Mon Mar  9 06:07:50 CET 2026
#@# Cortical Parc 3 rh Mon Mar  9 06:08:01 CET 2026
#@# WM/GM Contrast rh Mon Mar  9 06:08:08 CET 2026
recon-all -s sub-v1s18x0051224_ses-1 finished without error at Mon Mar  9 06:08:10 CET 2026



#New# invocation of recon-all 



status file for recon-all
Mon Mar  9 06:14:00 CET 2026
#@# white curv rh Mon Mar  9 06:14:00 CET 2026
#@# white area rh Mon Mar  9 06:14:00 CET 2026
#@# pial curv rh Mon Mar  9 06:14:00 CET 2026
#@# pial area rh Mon Mar  9 06:14:00 CET 2026
#@# thickness rh Mon Mar  9 06:14:00 CET 2026
#@# area and vertex vol rh Mon Mar  9 06:14:00 CET 2026
#@# Parcellation Stats rh Mon Mar  9 06:14:00 CET 2026
#@# Parcellation Stats 2 rh Mon Mar  9 06:14:15 CET 2026
#@# Parcellation Stats 3 rh Mon Mar  9 06:14:22 CET 2026
#@# BA_exvivo Labels rh Mon Mar  9 06:14:30 CET 2026
recon-all -s sub-v1s18x0051224_ses-1 finished without error at Mon Mar  9 06:16:18 CET 2026
