status file for recon-all
Mon Mar  9 04:22:55 CET 2026
#@# MotionCor Mon Mar  9 04:22:57 CET 2026
#@# Talairach Mon Mar  9 04:23:02 CET 2026
#@# Talairach Failure Detection Mon Mar  9 04:25:52 CET 2026
#@# Nu Intensity Correction Mon Mar  9 04:25:52 CET 2026
#@# Intensity Normalization Mon Mar  9 04:28:37 CET 2026
recon-all -s sub-v1s18x0051224_ses-1 finished without error at Mon Mar  9 04:29:43 CET 2026



#New# invocation of recon-all 



status file for recon-all
Mon Mar  9 04:35:34 CET 2026
#@# EM Registration Mon Mar  9 04:35:34 CET 2026
recon-all -s sub-v1s18x0051224_ses-1 finished without error at Mon Mar  9 04:36:57 CET 2026



#New# invocation of recon-all 



status file for recon-all
Mon Mar  9 04:36:59 CET 2026
#@# CA Normalize Mon Mar  9 04:36:59 CET 2026
#@# CA Reg Mon Mar  9 04:37:51 CET 2026
#@# SubCort Seg Mon Mar  9 05:11:08 CET 2026
#@# CC Seg Mon Mar  9 05:31:56 CET 2026
#@# Merge ASeg Mon Mar  9 05:32:39 CET 2026
#@# Intensity Normalization2 Mon Mar  9 05:32:39 CET 2026
#@# Mask BFS Mon Mar  9 05:34:09 CET 2026
#@# WM Segmentation Mon Mar  9 05:34:10 CET 2026
#@# Fill Mon Mar  9 05:35:37 CET 2026
recon-all -s sub-v1s18x0051224_ses-1 finished without error at Mon Mar  9 05:36:16 CET 2026



#New# invocation of recon-all 



status file for recon-all
Mon Mar  9 06:08:13 CET 2026
#@# white curv lh Mon Mar  9 06:08:13 CET 2026
#@# white area lh Mon Mar  9 06:08:13 CET 2026
#@# pial curv lh Mon Mar  9 06:08:13 CET 2026
#@# pial area lh Mon Mar  9 06:08:13 CET 2026
#@# thickness lh Mon Mar  9 06:08:13 CET 2026
#@# area and vertex vol lh Mon Mar  9 06:08:13 CET 2026
#@# white curv rh Mon Mar  9 06:08:13 CET 2026
#@# white area rh Mon Mar  9 06:08:13 CET 2026
#@# pial curv rh Mon Mar  9 06:08:13 CET 2026
#@# pial area rh Mon Mar  9 06:08:13 CET 2026
#@# thickness rh Mon Mar  9 06:08:13 CET 2026
#@# area and vertex vol rh Mon Mar  9 06:08:13 CET 2026
#@# Cortical ribbon mask Mon Mar  9 06:08:13 CET 2026
recon-all -s sub-v1s18x0051224_ses-1 finished without error at Mon Mar  9 06:11:35 CET 2026



#New# invocation of recon-all 



status file for recon-all
Mon Mar  9 06:16:21 CET 2026
#@# white curv lh Mon Mar  9 06:16:21 CET 2026
#@# white area lh Mon Mar  9 06:16:21 CET 2026
#@# pial curv lh Mon Mar  9 06:16:21 CET 2026
#@# pial area lh Mon Mar  9 06:16:21 CET 2026
#@# thickness lh Mon Mar  9 06:16:21 CET 2026
#@# area and vertex vol lh Mon Mar  9 06:16:21 CET 2026
#@# white curv rh Mon Mar  9 06:16:21 CET 2026
#@# white area rh Mon Mar  9 06:16:21 CET 2026
#@# pial curv rh Mon Mar  9 06:16:21 CET 2026
#@# pial area rh Mon Mar  9 06:16:21 CET 2026
#@# thickness rh Mon Mar  9 06:16:21 CET 2026
#@# area and vertex vol rh Mon Mar  9 06:16:21 CET 2026
#@# Curvature Stats lh Mon Mar  9 06:16:21 CET 2026
#@# Curvature Stats rh Mon Mar  9 06:16:23 CET 2026
#@# Relabel Hypointensities Mon Mar  9 06:16:24 CET 2026
#@# APas-to-ASeg Mon Mar  9 06:16:35 CET 2026
#@# AParc-to-ASeg aparc Mon Mar  9 06:16:40 CET 2026
#@# AParc-to-ASeg aparc.a2009s Mon Mar  9 06:17:03 CET 2026
#@# AParc-to-ASeg aparc.DKTatlas Mon Mar  9 06:17:25 CET 2026
#@# WMParc Mon Mar  9 06:17:47 CET 2026
#@# ASeg Stats Mon Mar  9 06:19:39 CET 2026
recon-all -s sub-v1s18x0051224_ses-1 finished without error at Mon Mar  9 06:19:57 CET 2026
