/out/sourcedata/freesurfer/sub-v1s18x0051217_ses-1/mri
/opt/freesurfer/bin/talairach_avi
--i orig_nu.mgz --xfm transforms/talairach.auto.xfm
talairach_avi 7.3.2
Linux dna007 5.14.0-427.37.1.el9_4.x86_64 #1 SMP PREEMPT_DYNAMIC Fri Sep 13 12:41:50 EDT 2024 x86_64 x86_64 x86_64 GNU/Linux
Mon Mar  9 04:02:35 CET 2026
mri_convert orig_nu.mgz talsrcimg.img 
reading from orig_nu.mgz...
TR=0.00, TE=0.00, TI=0.00, flip angle=0.00
i_ras = (-1, 0, -4.65661e-10)
j_ras = (0, 0, -1)
k_ras = (0, 1, 0)
writing to talsrcimg.img...
Analyze Output Matrix
-1.00000   0.00000   0.00000   122.34288;
 0.00000   0.00000   1.00000  -111.05616;
-0.00000  -1.00000   0.00000   125.15318;
 0.00000   0.00000   0.00000   1.00000;
--------------------
INFO: set hdr.hist.orient to -1
mpr2mni305 talsrcimg
Mon Mar  9 04:02:36 CET 2026
/opt/freesurfer/bin/mpr2mni305 talsrcimg
mpr2mni305 7.3.2
target=711-2C_as_mni_average_305

---------------------------------------------------------------------
analyzeto4dfp talsrcimg -O0 -y
---------------------------------------------------------------------

freesurfer ifh2hdr.c
Mon Mar  9 04:02:36 2026
Writing: talsrcimg.4dfp.hdr
freesurfer analyzeto4dfp.c
Reading: talsrcimg.hdr
header size 348 bytes
hdr.dime.datatype	offset=70	value=2
hdr.dime.bitpix		offset=72	value=8
hdr.hist.orient		offset=252	value=-1
dimensionality     4
dimensions       256       256       256         1
Reading: talsrcimg.img
Writing: talsrcimg.4dfp.img
Writing: talsrcimg.4dfp.ifh
ifh2hdr talsrcimg -r0to250
ori=2

---------------------------------------------------------------------
gauss_4dfp talsrcimg 1.1
---------------------------------------------------------------------

freesurfer gauss_4dfp.c
Reading: talsrcimg.4dfp.img
Writing: talsrcimg_g11.4dfp.img
image dimensions 256 256 256 padded to 288 288 288
processing volume 1freesurfer ifh2hdr.c
Mon Mar  9 04:02:37 2026
Writing: talsrcimg_g11.4dfp.hdr

Writing: talsrcimg_g11.4dfp.ifh
including: talsrcimg.4dfp.img.rec in talsrcimg_g11.4dfp.img.rec

---------------------------------------------------------------------
imgreg_4dfp /opt/freesurfer/average/711-2C_as_mni_average_305 none talsrcimg_g11 none talsrcimg_to_711-2C_as_mni_average_305_t4 4355
---------------------------------------------------------------------

freesurfer imgreg_4dfp.c
/opt/freesurfer/average/711-2C_as_mni_average_305.4dfp.img
       256       256       256         1
  1.000000  1.000000  1.000000
orientation T byte_order littleendian
Reading image: /opt/freesurfer/average/711-2C_as_mni_average_305.4dfp.img
dimensions:      256       256       256
mmppix:       1.0000   -1.0000   -1.0000
center:     128.0000 -129.0000 -129.0000
talsrcimg_g11.4dfp.img
       256       256       256         1
  1.000000  1.000000  1.000000
orientation T byte_order littleendian
Reading image: talsrcimg_g11.4dfp.img
dimensions:      256       256       256
mmppix:       1.0000   -1.0000   -1.0000
center:     128.0000 -129.0000 -129.0000
t4_read: open error in t4_sub.f l:  41 t4_file(1:l)talsrcimg_to_711-2C_as_mni_average_305_t4 
t4_read: transform initialized to I4
rotation matrix determinant  1.000000
image alignment mode   4355 decimal     1103 hex
   -7.5000  -45.0000  -45.0000 5886.2764   16.4590
    0.0000  -45.0000  -45.0000 6141.0513   16.4628
    7.5000  -45.0000  -45.0000 5890.3086   16.4698
   -7.5000  -37.5000  -45.0000 6504.2207   15.9342
    0.0000  -37.5000  -45.0000 6770.7090   15.9427
    7.5000  -37.5000  -45.0000 6524.4146   15.9532
   -7.5000  -30.0000  -45.0000 7328.5596   15.6217
    0.0000  -30.0000  -45.0000 7642.7451   15.6326
    7.5000  -30.0000  -45.0000 7359.7896   15.6466
   -7.5000  -22.5000  -45.0000 8159.2773   15.5063
    0.0000  -22.5000  -45.0000 8530.1660   15.5152
    7.5000  -22.5000  -45.0000 8213.7109   15.5295
   -7.5000  -15.0000  -45.0000 9056.5088   15.3954
    0.0000  -15.0000  -45.0000 9479.1318   15.4011
    7.5000  -15.0000  -45.0000 9124.8428   15.4126
   -7.5000   -7.5000  -45.000010102.9609   15.3386
    0.0000   -7.5000  -45.000010585.7197   15.3432
    7.5000   -7.5000  -45.000010178.7666   15.3505
   -7.5000    0.0000  -45.000011049.6885   15.2326
    0.0000    0.0000  -45.000011551.4277   15.2376
    7.5000    0.0000  -45.000011140.4111   15.2436
   -7.5000    7.5000  -45.000011067.5146   15.1625
    0.0000    7.5000  -45.000011573.8164   15.1704
    7.5000    7.5000  -45.000011145.5391   15.1803
   -7.5000   15.0000  -45.000010917.5596   15.1989
    0.0000   15.0000  -45.000011430.7236   15.2093
    7.5000   15.0000  -45.000010985.4326   15.2231
   -7.5000   22.5000  -45.000010661.3770   15.3180
    0.0000   22.5000  -45.000011159.0293   15.3268
    7.5000   22.5000  -45.000010729.1104   15.3408
   -7.5000   30.0000  -45.000010356.2334   15.1846
    0.0000   30.0000  -45.000010835.3340   15.1903
    7.5000   30.0000  -45.000010424.9453   15.2016
   -7.5000   37.5000  -45.000010528.2646   15.1342
    0.0000   37.5000  -45.000011017.7549   15.1387
    7.5000   37.5000  -45.000010592.5283   15.1459
   -7.5000   45.0000  -45.000010167.2002   14.6480
    0.0000   45.0000  -45.000010608.8574   14.6528
    7.5000   45.0000  -45.000010223.0635   14.6586
   -7.5000  -45.0000  -37.5000 6230.3564   16.2418
    0.0000  -45.0000  -37.5000 6512.8018   16.2439
    7.5000  -45.0000  -37.5000 6254.0352   16.2415
   -7.5000  -37.5000  -37.5000 6863.5454   15.7283
    0.0000  -37.5000  -37.5000 7165.4092   15.7360
    7.5000  -37.5000  -37.5000 6906.6313   15.7367
   -7.5000  -30.0000  -37.5000 7751.5649   15.4202
    0.0000  -30.0000  -37.5000 8107.6543   15.4300
    7.5000  -30.0000  -37.5000 7818.5688   15.4361
   -7.5000  -22.5000  -37.5000 8671.6787   15.2999
    0.0000  -22.5000  -37.5000 9090.9346   15.3064
    7.5000  -22.5000  -37.5000 8747.1230   15.3157
   -7.5000  -15.0000  -37.5000 9655.5332   15.1861
    0.0000  -15.0000  -37.500010114.0889   15.1881
    7.5000  -15.0000  -37.5000 9707.6445   15.1959
   -7.5000   -7.5000  -37.500010743.1709   15.1283
    0.0000   -7.5000  -37.500011265.0215   15.1299
    7.5000   -7.5000  -37.500010798.4756   15.1323
   -7.5000    0.0000  -37.500011725.9922   15.0271
    0.0000    0.0000  -37.500012304.5732   15.0310
    7.5000    0.0000  -37.500011786.5010   15.0296
   -7.5000    7.5000  -37.500011737.4766   14.9642
    0.0000    7.5000  -37.500012319.9688   14.9716
    7.5000    7.5000  -37.500011794.0430   14.9728
   -7.5000   15.0000  -37.500011589.9141   15.0021
    0.0000   15.0000  -37.500012190.9482   15.0116
    7.5000   15.0000  -37.500011659.5254   15.0179
   -7.5000   22.5000  -37.500011303.0898   15.1152
    0.0000   22.5000  -37.500011872.6992   15.1217
    7.5000   22.5000  -37.500011374.9785   15.1308
   -7.5000   30.0000  -37.500010938.5078   14.9783
    0.0000   30.0000  -37.500011485.6611   14.9803
    7.5000   30.0000  -37.500011023.6436   14.9880
   -7.5000   37.5000  -37.500011117.1660   14.9266
    0.0000   37.5000  -37.500011659.4180   14.9283
    7.5000   37.5000  -37.500011192.2705   14.9306
   -7.5000   45.0000  -37.500010710.7402   14.4504
    0.0000   45.0000  -37.500011198.6084   14.4541
    7.5000   45.0000  -37.500010758.4717   14.4528
   -7.5000  -45.0000  -30.0000 6737.1060   16.9071
    0.0000  -45.0000  -30.0000 7023.5234   16.9049
    7.5000  -45.0000  -30.0000 6764.7993   16.8913
   -7.5000  -37.5000  -30.0000 7434.5098   16.3670
    0.0000  -37.5000  -30.0000 7754.5977   16.3724
    7.5000  -37.5000  -30.0000 7482.7119   16.3621
   -7.5000  -30.0000  -30.0000 8421.7764   16.0419
    0.0000  -30.0000  -30.0000 8803.4434   16.0502
    7.5000  -30.0000  -30.0000 8496.0010   16.0466
   -7.5000  -22.5000  -30.0000 9430.2480   15.9137
    0.0000  -22.5000  -30.0000 9860.6963   15.9187
    7.5000  -22.5000  -30.0000 9494.6260   15.9203
   -7.5000  -15.0000  -30.000010472.6328   15.7960
    0.0000  -15.0000  -30.000010985.5059   15.7947
    7.5000  -15.0000  -30.000010542.2812   15.7961
   -7.5000   -7.5000  -30.000011632.2129   15.7357
    0.0000   -7.5000  -30.000012221.6855   15.7330
    7.5000   -7.5000  -30.000011696.9395   15.7282
   -7.5000    0.0000  -30.000012655.5527   15.6307
    0.0000    0.0000  -30.000013324.9238   15.6311
    7.5000    0.0000  -30.000012738.3350   15.6208
   -7.5000    7.5000  -30.000012644.4678   15.5650
    0.0000    7.5000  -30.000013303.9863   15.5704
    7.5000    7.5000  -30.000012748.1543   15.5617
   -7.5000   15.0000  -30.000012503.0674   15.6040
    0.0000   15.0000  -30.000013198.0879   15.6122
    7.5000   15.0000  -30.000012596.9766   15.6092
   -7.5000   22.5000  -30.000012178.6211   15.7205
    0.0000   22.5000  -30.000012856.7334   15.7254
    7.5000   22.5000  -30.000012277.1523   15.7270
   -7.5000   30.0000  -30.000011759.8584   15.5814
    0.0000   30.0000  -30.000012414.7998   15.5802
    7.5000   30.0000  -30.000011866.8760   15.5816
   -7.5000   37.5000  -30.000011915.1133   15.5275
    0.0000   37.5000  -30.000012543.1748   15.5248
    7.5000   37.5000  -30.000011994.4307   15.5201
   -7.5000   45.0000  -30.000011441.8438   15.0418
    0.0000   45.0000  -30.000012004.7402   15.0422
    7.5000   45.0000  -30.000011491.4023   15.0323
   -7.5000  -45.0000  -22.5000 7246.3916   17.4813
    0.0000  -45.0000  -22.5000 7547.0127   17.4758
    7.5000  -45.0000  -22.5000 7278.1562   17.4627
   -7.5000  -37.5000  -22.5000 7998.4004   16.9132
    0.0000  -37.5000  -22.5000 8377.1191   16.9168
    7.5000  -37.5000  -22.5000 8065.4287   16.9077
   -7.5000  -30.0000  -22.5000 9084.7646   16.5703
    0.0000  -30.0000  -22.5000 9543.6914   16.5798
    7.5000  -30.0000  -22.5000 9174.4385   16.5768
   -7.5000  -22.5000  -22.500010176.2139   16.4415
    0.0000  -22.5000  -22.500010696.2539   16.4490
    7.5000  -22.5000  -22.500010268.3809   16.4509
   -7.5000  -15.0000  -22.500011277.7021   16.3277
    0.0000  -15.0000  -22.500011869.0312   16.3284
    7.5000  -15.0000  -22.500011370.3994   16.3303
   -7.5000   -7.5000  -22.500012466.7061   16.2719
    0.0000   -7.5000  -22.500013161.0186   16.2681
    7.5000   -7.5000  -22.500012574.9473   16.2636
   -7.5000    0.0000  -22.500013537.6289   16.1625
    0.0000    0.0000  -22.500014316.2979   16.1599
    7.5000    0.0000  -22.500013680.9180   16.1502
   -7.5000    7.5000  -22.500013553.8701   16.0853
    0.0000    7.5000  -22.500014306.0781   16.0890
    7.5000    7.5000  -22.500013676.3193   16.0814
   -7.5000   15.0000  -22.500013395.2080   16.1192
    0.0000   15.0000  -22.500014214.9404   16.1284
    7.5000   15.0000  -22.500013527.0928   16.1260
   -7.5000   22.5000  -22.500013050.5889   16.2415
    0.0000   22.5000  -22.500013829.4746   16.2489
    7.5000   22.5000  -22.500013188.6260   16.2508
   -7.5000   30.0000  -22.500012611.3164   16.1084
    0.0000   30.0000  -22.500013367.0557   16.1091
    7.5000   30.0000  -22.500012764.6846   16.1110
   -7.5000   37.5000  -22.500012770.5547   16.0591
    0.0000   37.5000  -22.500013500.8125   16.0553
    7.5000   37.5000  -22.500012893.9238   16.0509
   -7.5000   45.0000  -22.500012194.3916   15.5653
    0.0000   45.0000  -22.500012867.8252   15.5628
    7.5000   45.0000  -22.500012273.7373   15.5534
   -7.5000  -45.0000  -15.0000 7726.6704   17.8648
    0.0000  -45.0000  -15.0000 8062.6523   17.8625
    7.5000  -45.0000  -15.0000 7768.0747   17.8615
   -7.5000  -37.5000  -15.0000 8580.6982   17.2794
    0.0000  -37.5000  -15.0000 9014.9336   17.2854
    7.5000  -37.5000  -15.0000 8673.7568   17.2884
   -7.5000  -30.0000  -15.0000 9740.2334   16.9247
    0.0000  -30.0000  -15.000010275.2314   16.9376
    7.5000  -30.0000  -15.0000 9872.1846   16.9449
   -7.5000  -22.5000  -15.000010885.5264   16.7956
    0.0000  -22.5000  -15.000011479.8174   16.8083
    7.5000  -22.5000  -15.000011027.9492   16.8180
   -7.5000  -15.0000  -15.000012040.3193   16.6850
    0.0000  -15.0000  -15.000012707.7031   16.6918
    7.5000  -15.0000  -15.000012197.2402   16.7005
   -7.5000   -7.5000  -15.000013281.8477   16.6327
    0.0000   -7.5000  -15.000014071.1641   16.6339
    7.5000   -7.5000  -15.000013465.2930   16.6374
   -7.5000    0.0000  -15.000014442.6084   16.5207
    0.0000    0.0000  -15.000015303.5166   16.5206
    7.5000    0.0000  -15.000014645.8135   16.5210
   -7.5000    7.5000  -15.000014449.1299   16.4352
    0.0000    7.5000  -15.000015351.3711   16.4409
    7.5000    7.5000  -15.000014641.4551   16.4443
   -7.5000   15.0000  -15.000014260.2578   16.4654
    0.0000   15.0000  -15.000015202.0088   16.4779
    7.5000   15.0000  -15.000014486.5508   16.4853
   -7.5000   22.5000  -15.000013893.1221   16.5912
    0.0000   22.5000  -15.000014774.7695   16.6037
    7.5000   22.5000  -15.000014125.8477   16.6132
   -7.5000   30.0000  -15.000013434.9014   16.4631
    0.0000   30.0000  -15.000014298.8594   16.4699
    7.5000   30.0000  -15.000013662.7275   16.4785
   -7.5000   37.5000  -15.000013610.9912   16.4175
    0.0000   37.5000  -15.000014465.8906   16.4186
    7.5000   37.5000  -15.000013802.8174   16.4221
   -7.5000   45.0000  -15.000012957.0439   15.9198
    0.0000   45.0000  -15.000013752.3486   15.9198
    7.5000   45.0000  -15.000013076.8486   15.9201
   -7.5000  -45.0000   -7.5000 8223.4453   18.0451
    0.0000  -45.0000   -7.5000 8631.5527   18.0505
    7.5000  -45.0000   -7.5000 8319.0186   18.0620
   -7.5000  -37.5000   -7.5000 9172.4766   17.4583
    0.0000  -37.5000   -7.5000 9681.0625   17.4694
    7.5000  -37.5000   -7.5000 9321.3301   17.4845
   -7.5000  -30.0000   -7.500010408.1514   17.1018
    0.0000  -30.0000   -7.500010994.1729   17.1177
    7.5000  -30.0000   -7.500010571.7559   17.1355
   -7.5000  -22.5000   -7.500011613.1611   16.9704
    0.0000  -22.5000   -7.500012272.3115   16.9857
    7.5000  -22.5000   -7.500011815.4736   17.0037
   -7.5000  -15.0000   -7.500012819.3750   16.8565
    0.0000  -15.0000   -7.500013578.0234   16.8680
    7.5000  -15.0000   -7.500013064.9590   16.8838
   -7.5000   -7.5000   -7.500014128.0488   16.8027
    0.0000   -7.5000   -7.500014985.4238   16.8106
    7.5000   -7.5000   -7.500014401.3848   16.8223
   -7.5000    0.0000   -7.500015365.5342   16.6897
    0.0000    0.0000   -7.500016344.5020   16.6963
    7.5000    0.0000   -7.500015658.5098   16.7070
   -7.5000    7.5000   -7.500015386.3760   16.6060
    0.0000    7.5000   -7.500016422.8477   16.6163
    7.5000    7.5000   -7.500015682.9648   16.6308
   -7.5000   15.0000   -7.500015171.0391   16.6380
    0.0000   15.0000   -7.500016170.4961   16.6533
    7.5000   15.0000   -7.500015498.8164   16.6708
   -7.5000   22.5000   -7.500014756.9512   16.7618
    0.0000   22.5000   -7.500015707.9072   16.7768
    7.5000   22.5000   -7.500015086.5527   16.7945
   -7.5000   30.0000   -7.500014277.6035   16.6319
    0.0000   30.0000   -7.500015222.4443   16.6432
    7.5000   30.0000   -7.500014599.4814   16.6588
   -7.5000   37.5000   -7.500014453.0352   16.5848
    0.0000   37.5000   -7.500015408.0088   16.5926
    7.5000   37.5000   -7.500014728.0068   16.6041
   -7.5000   45.0000   -7.500013685.1006   16.0858
    0.0000   45.0000   -7.500014555.1094   16.0921
    7.5000   45.0000   -7.500013884.4658   16.1024
   -7.5000  -45.0000    0.0000 8658.0742   18.0874
    0.0000  -45.0000    0.0000 9135.8711   18.0957
    7.5000  -45.0000    0.0000 8815.3760   18.1075
   -7.5000  -37.5000    0.0000 9652.3828   17.5072
    0.0000  -37.5000    0.000010250.8740   17.5205
    7.5000  -37.5000    0.0000 9873.3359   17.5357
   -7.5000  -30.0000    0.000010964.8418   17.1557
    0.0000  -30.0000    0.000011618.7109   17.1717
    7.5000  -30.0000    0.000011187.0117   17.1906
   -7.5000  -22.5000    0.000012272.0586   17.0210
    0.0000  -22.5000    0.000012962.5576   17.0349
    7.5000  -22.5000    0.000012505.1406   17.0543
   -7.5000  -15.0000    0.000013554.6426   16.9001
    0.0000  -15.0000    0.000014334.4443   16.9106
    7.5000  -15.0000    0.000013813.9883   16.9273
   -7.5000   -7.5000    0.000014907.0039   16.8408
    0.0000   -7.5000    0.000015769.3398   16.8499
    7.5000   -7.5000    0.000015199.3438   16.8622
   -7.5000    0.0000    0.000016213.6670   16.7279
    0.0000    0.0000    0.000017244.7031   16.7373
    7.5000    0.0000    0.000016579.9512   16.7479
   -7.5000    7.5000    0.000016280.8877   16.6517
    0.0000    7.5000    0.000017417.1777   16.6642
    7.5000    7.5000    0.000016725.4727   16.6787
   -7.5000   15.0000    0.000016006.8398   16.6894
    0.0000   15.0000    0.000017032.0508   16.7048
    7.5000   15.0000    0.000016452.4434   16.7233
   -7.5000   22.5000    0.000015559.2920   16.8111
    0.0000   22.5000    0.000016533.0723   16.8247
    7.5000   22.5000    0.000016001.1748   16.8438
   -7.5000   30.0000    0.000015051.4619   16.6754
    0.0000   30.0000    0.000016032.4434   16.6857
    7.5000   30.0000    0.000015468.7256   16.7022
   -7.5000   37.5000    0.000015225.9014   16.6228
    0.0000   37.5000    0.000016201.6094   16.6318
    7.5000   37.5000    0.000015592.8535   16.6439
   -7.5000   45.0000    0.000014352.9043   16.1237
    0.0000   45.0000    0.000015240.2520   16.1328
    7.5000   45.0000    0.000014656.9023   16.1431
   -7.5000  -45.0000    7.5000 8427.8477   18.1242
    0.0000  -45.0000    7.5000 8926.2607   18.1282
    7.5000  -45.0000    7.5000 8613.5498   18.1264
   -7.5000  -37.5000    7.5000 9413.5371   17.5483
    0.0000  -37.5000    7.5000 9981.4971   17.5585
    7.5000  -37.5000    7.5000 9628.3936   17.5601
   -7.5000  -30.0000    7.500010690.5850   17.2012
    0.0000  -30.0000    7.500011301.7451   17.2137
    7.5000  -30.0000    7.500010911.3848   17.2212
   -7.5000  -22.5000    7.500011967.0254   17.0636
    0.0000  -22.5000    7.500012606.9102   17.0724
    7.5000  -22.5000    7.500012184.4951   17.0834
   -7.5000  -15.0000    7.500013202.9023   16.9362
    0.0000  -15.0000    7.500013913.4600   16.9400
    7.5000  -15.0000    7.500013433.2305   16.9494
   -7.5000   -7.5000    7.500014480.8350   16.8711
    0.0000   -7.5000    7.500015312.1455   16.8746
    7.5000   -7.5000    7.500014770.1689   16.8780
   -7.5000    0.0000    7.500015834.6201   16.7584
    0.0000    0.0000    7.500016832.4512   16.7644
    7.5000    0.0000    7.500016241.5186   16.7638
   -7.5000    7.5000    7.500016077.1807   16.6892
    0.0000    7.5000    7.500017072.6641   16.6990
    7.5000    7.5000    7.500016552.6992   16.7012
   -7.5000   15.0000    7.500015889.9238   16.7321
    0.0000   15.0000    7.500016626.8984   16.7442
    7.5000   15.0000    7.500016278.3584   16.7520
   -7.5000   22.5000    7.500015406.1250   16.8526
    0.0000   22.5000    7.500016138.4834   16.8613
    7.5000   22.5000    7.500015801.1387   16.8721
   -7.5000   30.0000    7.500014888.4375   16.7110
    0.0000   30.0000    7.500015687.9990   16.7148
    7.5000   30.0000    7.500015270.1318   16.7240
   -7.5000   37.5000    7.500015034.2236   16.6527
    0.0000   37.5000    7.500015885.7607   16.6562
    7.5000   37.5000    7.500015354.6777   16.6596
   -7.5000   45.0000    7.500014071.6016   16.1532
    0.0000   45.0000    7.500014913.3965   16.1590
    7.5000   45.0000    7.500014315.6162   16.1583
   -7.5000  -45.0000   15.0000 8045.7354   18.1560
    0.0000  -45.0000   15.0000 8548.6738   18.1537
    7.5000  -45.0000   15.0000 8227.5908   18.1390
   -7.5000  -37.5000   15.0000 9008.0840   17.5760
    0.0000  -37.5000   15.0000 9572.1396   17.5818
    7.5000  -37.5000   15.0000 9202.8633   17.5707
   -7.5000  -30.0000   15.000010263.2383   17.2268
    0.0000  -30.0000   15.000010861.5654   17.2358
    7.5000  -30.0000   15.000010467.3418   17.2318
   -7.5000  -22.5000   15.000011497.7520   17.0891
    0.0000  -22.5000   15.000012100.7998   17.0945
    7.5000  -22.5000   15.000011698.0459   17.0961
   -7.5000  -15.0000   15.000012683.8369   16.9627
    0.0000  -15.0000   15.000013313.1709   16.9613
    7.5000  -15.0000   15.000012895.6016   16.9628
   -7.5000   -7.5000   15.000013929.7461   16.8980
    0.0000   -7.5000   15.000014618.5488   16.8951
    7.5000   -7.5000   15.000014196.1797   16.8899
   -7.5000    0.0000   15.000015217.5889   16.7852
    0.0000    0.0000   15.000016021.3955   16.7857
    7.5000    0.0000   15.000015547.5273   16.7745
   -7.5000    7.5000   15.000015521.4727   16.7146
    0.0000    7.5000   15.000016186.2480   16.7204
    7.5000    7.5000   15.000015689.9482   16.7111
   -7.5000   15.0000   15.000015448.6504   16.7566
    0.0000   15.0000   15.000015969.3203   16.7654
    7.5000   15.0000   15.000015479.9883   16.7621
   -7.5000   22.5000   15.000015035.3809   16.8779
    0.0000   22.5000   15.000015634.7061   16.8832
    7.5000   22.5000   15.000015145.5029   16.8849
   -7.5000   30.0000   15.000014510.0098   16.7372
    0.0000   30.0000   15.000015201.2871   16.7359
    7.5000   30.0000   15.000014629.1758   16.7374
   -7.5000   37.5000   15.000014586.4336   16.6793
    0.0000   37.5000   15.000015317.0566   16.6764
    7.5000   37.5000   15.000014684.9629   16.6713
   -7.5000   45.0000   15.000013554.5801   16.1790
    0.0000   45.0000   15.000014255.9893   16.1795
    7.5000   45.0000   15.000013638.0029   16.1687
   -7.5000  -45.0000   22.5000 7662.6597   18.2358
    0.0000  -45.0000   22.5000 8106.2256   18.2299
    7.5000  -45.0000   22.5000 7818.0874   18.2150
   -7.5000  -37.5000   22.5000 8581.0469   17.6400
    0.0000  -37.5000   22.5000 9060.7998   17.6437
    7.5000  -37.5000   22.5000 8745.6143   17.6330
   -7.5000  -30.0000   22.5000 9761.1221   17.2794
    0.0000  -30.0000   22.500010260.4111   17.2892
    7.5000  -30.0000   22.5000 9920.4316   17.2850
   -7.5000  -22.5000   22.500010906.6982   17.1437
    0.0000  -22.5000   22.500011458.5264   17.1514
    7.5000  -22.5000   22.500011076.3896   17.1523
   -7.5000  -15.0000   22.500012039.9883   17.0250
    0.0000  -15.0000   22.500012661.1299   17.0255
    7.5000  -15.0000   22.500012225.1250   17.0265
   -7.5000   -7.5000   22.500013253.3379   16.9676
    0.0000   -7.5000   22.500013972.6885   16.9635
    7.5000   -7.5000   22.500013451.3887   16.9578
   -7.5000    0.0000   22.500014521.1777   16.8539
    0.0000    0.0000   22.500015299.3467   16.8510
    7.5000    0.0000   22.500014676.2852   16.8398
   -7.5000    7.5000   22.500014681.8428   16.7726
    0.0000    7.5000   22.500015327.8730   16.7764
    7.5000    7.5000   22.500014673.6963   16.7674
   -7.5000   15.0000   22.500014564.5449   16.8069
    0.0000   15.0000   22.500015143.8223   16.8164
    7.5000   15.0000   22.500014475.2529   16.8129
   -7.5000   22.5000   22.500014232.5166   16.9317
    0.0000   22.5000   22.500014851.1221   16.9393
    7.5000   22.5000   22.500014231.5381   16.9402
   -7.5000   30.0000   22.500013751.9111   16.7986
    0.0000   30.0000   22.500014414.0791   16.7991
    7.5000   30.0000   22.500013798.6240   16.8001
   -7.5000   37.5000   22.500013831.7275   16.7480
    0.0000   37.5000   22.500014498.7100   16.7439
    7.5000   37.5000   22.500013892.8301   16.7383
   -7.5000   45.0000   22.500012822.5576   16.2452
    0.0000   45.0000   22.500013466.4707   16.2424
    7.5000   45.0000   22.500012889.8066   16.2317
   -7.5000  -45.0000   30.0000 7141.5894   18.3385
    0.0000  -45.0000   30.0000 7571.3511   18.3354
    7.5000  -45.0000   30.0000 7284.8906   18.3307
   -7.5000  -37.5000   30.0000 8017.7065   17.7308
    0.0000  -37.5000   30.0000 8493.5986   17.7364
    7.5000  -37.5000   30.0000 8145.4634   17.7361
   -7.5000  -30.0000   30.0000 9115.8389   17.3597
    0.0000  -30.0000   30.0000 9628.5742   17.3725
    7.5000  -30.0000   30.0000 9228.3799   17.3768
   -7.5000  -22.5000   30.000010192.4492   17.2242
    0.0000  -22.5000   30.000010768.0654   17.2368
    7.5000  -22.5000   30.000010314.7178   17.2437
   -7.5000  -15.0000   30.000011262.1797   17.1104
    0.0000  -15.0000   30.000011898.8447   17.1169
    7.5000  -15.0000   30.000011416.7617   17.1228
   -7.5000   -7.5000   30.000012383.8838   17.0586
    0.0000   -7.5000   30.000013071.7168   17.0592
    7.5000   -7.5000   30.000012556.9775   17.0597
   -7.5000    0.0000   30.000013543.4785   16.9441
    0.0000    0.0000   30.000014214.5645   16.9434
    7.5000    0.0000   30.000013653.5508   16.9406
   -7.5000    7.5000   30.000013600.7900   16.8546
    0.0000    7.5000   30.000014176.4971   16.8600
    7.5000    7.5000   30.000013604.6865   16.8604
   -7.5000   15.0000   30.000013448.1270   16.8832
    0.0000   15.0000   30.000014030.0293   16.8956
    7.5000   15.0000   30.000013445.9980   16.9002
   -7.5000   22.5000   30.000013178.9922   17.0104
    0.0000   22.5000   30.000013780.1816   17.0227
    7.5000   22.5000   30.000013220.0615   17.0296
   -7.5000   30.0000   30.000012767.2139   16.8828
    0.0000   30.0000   30.000013367.1924   16.8892
    7.5000   30.0000   30.000012836.8398   16.8951
   -7.5000   37.5000   30.000012867.0117   16.8379
    0.0000   37.5000   30.000013486.3916   16.8384
    7.5000   37.5000   30.000012940.6631   16.8389
   -7.5000   45.0000   30.000011963.6982   16.3322
    0.0000   45.0000   30.000012565.4941   16.3315
    7.5000   45.0000   30.000012030.6436   16.3288
   -7.5000  -45.0000   37.5000 6911.0913   18.5898
    0.0000  -45.0000   37.5000 7320.5859   18.5941
    7.5000  -45.0000   37.5000 7042.2500   18.6007
   -7.5000  -37.5000   37.5000 7766.1729   17.9783
    0.0000  -37.5000   37.5000 8196.1768   17.9886
    7.5000  -37.5000   37.5000 7880.2285   17.9990
   -7.5000  -30.0000   37.5000 8833.2139   17.6049
    0.0000  -30.0000   37.5000 9304.9258   17.6202
    7.5000  -30.0000   37.5000 8961.0264   17.6336
   -7.5000  -22.5000   37.5000 9859.4502   17.4668
    0.0000  -22.5000   37.500010382.7656   17.4816
    7.5000  -22.5000   37.500010008.7666   17.4955
   -7.5000  -15.0000   37.500010873.1201   17.3480
    0.0000  -15.0000   37.500011468.7705   17.3588
    7.5000  -15.0000   37.500011031.6504   17.3705
   -7.5000   -7.5000   37.500011945.3564   17.2945
    0.0000   -7.5000   37.500012592.7715   17.3015
    7.5000   -7.5000   37.500012108.7734   17.3089
   -7.5000    0.0000   37.500013005.2695   17.1781
    0.0000    0.0000   37.500013653.2051   17.1837
    7.5000    0.0000   37.500013129.5928   17.1898
   -7.5000    7.5000   37.500013031.4170   17.0888
    0.0000    7.5000   37.500013638.0381   17.0983
    7.5000    7.5000   37.500013120.6592   17.1084
   -7.5000   15.0000   37.500012904.6504   17.1188
    0.0000   15.0000   37.500013512.9629   17.1334
    7.5000   15.0000   37.500012989.0215   17.1467
   -7.5000   22.5000   37.500012660.3447   17.2472
    0.0000   22.5000   37.500013269.0098   17.2617
    7.5000   22.5000   37.500012737.8486   17.2754
   -7.5000   30.0000   37.500012286.6172   17.1171
    0.0000   30.0000   37.500012865.9072   17.1278
    7.5000   30.0000   37.500012375.4766   17.1394
   -7.5000   37.5000   37.500012387.9990   17.0707
    0.0000   37.5000   37.500012995.5996   17.0776
    7.5000   37.5000   37.500012477.2158   17.0849
   -7.5000   45.0000   37.500011554.2666   16.5577
    0.0000   45.0000   37.500012136.2646   16.5631
    7.5000   45.0000   37.500011628.6045   16.5690
   -7.5000  -45.0000   45.0000 6389.0894   18.8919
    0.0000  -45.0000   45.0000 6770.1084   18.8980
    7.5000  -45.0000   45.0000 6518.9292   18.9029
   -7.5000  -37.5000   45.0000 7160.3457   18.2759
    0.0000  -37.5000   45.0000 7555.3940   18.2877
    7.5000  -37.5000   45.0000 7285.2632   18.2966
   -7.5000  -30.0000   45.0000 8151.6313   17.9023
    0.0000  -30.0000   45.0000 8604.9893   17.9173
    7.5000  -30.0000   45.0000 8293.7188   17.9308
   -7.5000  -22.5000   45.0000 9104.7637   17.7628
    0.0000  -22.5000   45.0000 9621.5645   17.7757
    7.5000  -22.5000   45.0000 9266.4336   17.7901
   -7.5000  -15.0000   45.000010023.4053   17.6403
    0.0000  -15.0000   45.000010592.7480   17.6492
    7.5000  -15.0000   45.000010190.4600   17.6604
   -7.5000   -7.5000   45.000010999.1963   17.5797
    0.0000   -7.5000   45.000011605.0234   17.5869
    7.5000   -7.5000   45.000011156.2588   17.5929
   -7.5000    0.0000   45.000011952.0605   17.4610
    0.0000    0.0000   45.000012565.7812   17.4683
    7.5000    0.0000   45.000012079.6924   17.4723
   -7.5000    7.5000   45.000011969.9551   17.3781
    0.0000    7.5000   45.000012548.5518   17.3890
    7.5000    7.5000   45.000012075.0195   17.3974
   -7.5000   15.0000   45.000011852.1318   17.4149
    0.0000   15.0000   45.000012416.6201   17.4292
    7.5000   15.0000   45.000011962.8438   17.4424
   -7.5000   22.5000   45.000011609.4883   17.5442
    0.0000   22.5000   45.000012176.3867   17.5568
    7.5000   22.5000   45.000011711.6982   17.5707
   -7.5000   30.0000   45.000011284.4365   17.4045
    0.0000   30.0000   45.000011828.9268   17.4133
    7.5000   30.0000   45.000011387.7578   17.4244
   -7.5000   37.5000   45.000011394.2051   17.3507
    0.0000   37.5000   45.000011956.7344   17.3578
    7.5000   37.5000   45.000011505.0859   17.3637
   -7.5000   45.0000   45.000010626.9199   16.8380
    0.0000   45.0000   45.000011168.3701   16.8451
    7.5000   45.0000   45.000010728.6357   16.8489

---------------------------------------------------------------------
imgreg_4dfp /opt/freesurfer/average/711-2C_as_mni_average_305 /opt/freesurfer/average/711-2B_as_mni_average_305_mask talsrcimg_g11 none talsrcimg_to_711-2C_as_mni_average_305_t4 4355
---------------------------------------------------------------------

freesurfer imgreg_4dfp.c
/opt/freesurfer/average/711-2C_as_mni_average_305.4dfp.img
       256       256       256         1
  1.000000  1.000000  1.000000
orientation T byte_order littleendian
Reading image: /opt/freesurfer/average/711-2C_as_mni_average_305.4dfp.img
dimensions:      256       256       256
mmppix:       1.0000   -1.0000   -1.0000
center:     128.0000 -129.0000 -129.0000
/opt/freesurfer/average/711-2B_as_mni_average_305_mask.4dfp.img
       256       256       256         1
  1.000000  1.000000  1.000000
orientation T byte_order littleendian
Reading mask: /opt/freesurfer/average/711-2B_as_mni_average_305_mask.4dfp.img (2306576 pixels)
talsrcimg_g11.4dfp.img
       256       256       256         1
  1.000000  1.000000  1.000000
orientation T byte_order littleendian
Reading image: talsrcimg_g11.4dfp.img
dimensions:      256       256       256
mmppix:       1.0000   -1.0000   -1.0000
center:     128.0000 -129.0000 -129.0000
rotation matrix determinant  1.000000
image alignment mode   4355 decimal     1103 hex
   -7.5000  -37.5000  -45.0000 1868.2256   25.0804
    0.0000  -37.5000  -45.0000 1872.9525   24.7680
    7.5000  -37.5000  -45.0000 1863.4545   24.9493
   -7.5000  -30.0000  -45.0000 1985.1472   22.2882
    0.0000  -30.0000  -45.0000 1993.7975   21.9963
    7.5000  -30.0000  -45.0000 1983.0818   22.2032
   -7.5000  -22.5000  -45.0000 2068.8948   20.3753
    0.0000  -22.5000  -45.0000 2084.7170   20.1296
    7.5000  -22.5000  -45.0000 2068.8267   20.2964
   -7.5000  -15.0000  -45.0000 2150.6577   18.6979
    0.0000  -15.0000  -45.0000 2166.3596   18.4929
    7.5000  -15.0000  -45.0000 2151.8972   18.6170
   -7.5000   -7.5000  -45.0000 2250.4087   17.2277
    0.0000   -7.5000  -45.0000 2266.4497   17.0670
    7.5000   -7.5000  -45.0000 2254.3752   17.1559
   -7.5000    0.0000  -45.0000 2308.7722   16.1665
    0.0000    0.0000  -45.0000 2321.5320   16.0025
    7.5000    0.0000  -45.0000 2316.4238   16.0900
   -7.5000    7.5000  -45.0000 2341.8816   15.5254
    0.0000    7.5000  -45.0000 2351.0977   15.3185
    7.5000    7.5000  -45.0000 2347.9646   15.4224
   -7.5000   15.0000  -45.0000 2344.3328   15.2565
    0.0000   15.0000  -45.0000 2360.5994   15.0365
    7.5000   15.0000  -45.0000 2352.7625   15.1590
   -7.5000   22.5000  -45.0000 2337.0627   15.2277
    0.0000   22.5000  -45.0000 2355.2932   15.0047
    7.5000   22.5000  -45.0000 2347.2356   15.1345
   -7.5000   30.0000  -45.0000 2322.9336   15.4014
    0.0000   30.0000  -45.0000 2343.5117   15.1383
    7.5000   30.0000  -45.0000 2332.7903   15.3219
   -7.5000   37.5000  -45.0000 2299.8896   15.8803
    0.0000   37.5000  -45.0000 2317.8193   15.6332
    7.5000   37.5000  -45.0000 2303.6553   15.8081
   -7.5000   45.0000  -45.0000 2255.3357   16.6640
    0.0000   45.0000  -45.0000 2270.4551   16.4144
    7.5000   45.0000  -45.0000 2264.1501   16.6006
   -7.5000   52.5000  -45.0000 2179.1367   17.6812
    0.0000   52.5000  -45.0000 2192.2041   17.3901
    7.5000   52.5000  -45.0000 2184.0264   17.6254
   -7.5000  -37.5000  -37.5000 1926.0972   23.3984
    0.0000  -37.5000  -37.5000 1936.0117   23.1237
    7.5000  -37.5000  -37.5000 1932.3334   23.3643
   -7.5000  -30.0000  -37.5000 2047.4679   20.8338
    0.0000  -30.0000  -37.5000 2064.5806   20.6389
    7.5000  -30.0000  -37.5000 2056.4001   20.7852
   -7.5000  -22.5000  -37.5000 2147.5593   18.9937
    0.0000  -22.5000  -37.5000 2164.9878   18.8072
    7.5000  -22.5000  -37.5000 2152.7263   18.9386
   -7.5000  -15.0000  -37.5000 2238.9763   17.3907
    0.0000  -15.0000  -37.5000 2255.3098   17.2136
    7.5000  -15.0000  -37.5000 2239.7715   17.2966
   -7.5000   -7.5000  -37.5000 2334.9902   15.9690
    0.0000   -7.5000  -37.5000 2354.6848   15.8089
    7.5000   -7.5000  -37.5000 2341.1731   15.9018
   -7.5000    0.0000  -37.5000 2392.6331   14.9492
    0.0000    0.0000  -37.5000 2414.8289   14.8117
    7.5000    0.0000  -37.5000 2402.1201   14.8584
   -7.5000    7.5000  -37.5000 2433.4141   14.3796
    0.0000    7.5000  -37.5000 2452.7671   14.2186
    7.5000    7.5000  -37.5000 2438.4709   14.2506
   -7.5000   15.0000  -37.5000 2445.5273   14.1311
    0.0000   15.0000  -37.5000 2468.9717   13.9806
    7.5000   15.0000  -37.5000 2453.4045   14.0271
   -7.5000   22.5000  -37.5000 2439.4929   14.1030
    0.0000   22.5000  -37.5000 2458.1553   13.9477
    7.5000   22.5000  -37.5000 2447.8079   14.0403
   -7.5000   30.0000  -37.5000 2420.0359   14.2177
    0.0000   30.0000  -37.5000 2439.7502   14.0511
    7.5000   30.0000  -37.5000 2432.5571   14.1829
   -7.5000   37.5000  -37.5000 2394.4438   14.6849
    0.0000   37.5000  -37.5000 2417.5552   14.4764
    7.5000   37.5000  -37.5000 2409.8337   14.6232
   -7.5000   45.0000  -37.5000 2352.1528   15.4515
    0.0000   45.0000  -37.5000 2369.0898   15.2167
    7.5000   45.0000  -37.5000 2363.3020   15.3594
   -7.5000   52.5000  -37.5000 2264.5193   16.4130
    0.0000   52.5000  -37.5000 2283.6738   16.1417
    7.5000   52.5000  -37.5000 2272.9783   16.3524
   -7.5000  -37.5000  -30.0000 2012.0969   22.6638
    0.0000  -37.5000  -30.0000 2030.2314   22.4455
    7.5000  -37.5000  -30.0000 2024.4543   22.6092
   -7.5000  -30.0000  -30.0000 2148.6326   20.1419
    0.0000  -30.0000  -30.0000 2167.6458   20.0041
    7.5000  -30.0000  -30.0000 2161.8262   20.1289
   -7.5000  -22.5000  -30.0000 2255.3118   18.3663
    0.0000  -22.5000  -30.0000 2271.7363   18.2120
    7.5000  -22.5000  -30.0000 2261.3083   18.2876
   -7.5000  -15.0000  -30.0000 2348.3940   16.7465
    0.0000  -15.0000  -30.0000 2371.3552   16.6143
    7.5000  -15.0000  -30.0000 2357.8557   16.6695
   -7.5000   -7.5000  -30.0000 2451.9768   15.3134
    0.0000   -7.5000  -30.0000 2477.9326   15.1851
    7.5000   -7.5000  -30.0000 2461.9583   15.2332
   -7.5000    0.0000  -30.0000 2516.3638   14.3002
    0.0000    0.0000  -30.0000 2540.7212   14.1973
    7.5000    0.0000  -30.0000 2525.7156   14.2365
   -7.5000    7.5000  -30.0000 2557.0388   13.7380
    0.0000    7.5000  -30.0000 2586.2605   13.6391
    7.5000    7.5000  -30.0000 2570.2703   13.6776
   -7.5000   15.0000  -30.0000 2580.6370   13.5116
    0.0000   15.0000  -30.0000 2610.0295   13.3798
    7.5000   15.0000  -30.0000 2593.9531   13.4226
   -7.5000   22.5000  -30.0000 2583.0718   13.4940
    0.0000   22.5000  -30.0000 2609.4304   13.3577
    7.5000   22.5000  -30.0000 2596.3042   13.4027
   -7.5000   30.0000  -30.0000 2565.3171   13.6198
    0.0000   30.0000  -30.0000 2593.5557   13.4863
    7.5000   30.0000  -30.0000 2579.9470   13.5461
   -7.5000   37.5000  -30.0000 2534.5149   14.1027
    0.0000   37.5000  -30.0000 2564.5898   13.9401
    7.5000   37.5000  -30.0000 2551.3992   13.9928
   -7.5000   45.0000  -30.0000 2486.0015   14.8522
    0.0000   45.0000  -30.0000 2507.8826   14.6543
    7.5000   45.0000  -30.0000 2500.5466   14.7553
   -7.5000   52.5000  -30.0000 2390.9346   15.7826
    0.0000   52.5000  -30.0000 2415.2808   15.5483
    7.5000   52.5000  -30.0000 2404.1958   15.6740
   -7.5000  -37.5000  -22.5000 2075.6140   21.7255
    0.0000  -37.5000  -22.5000 2096.8374   21.5951
    7.5000  -37.5000  -22.5000 2092.4236   21.7673
   -7.5000  -30.0000  -22.5000 2220.5332   19.3160
    0.0000  -30.0000  -22.5000 2245.4258   19.2249
    7.5000  -30.0000  -22.5000 2238.0918   19.3155
   -7.5000  -22.5000  -22.5000 2330.6541   17.5027
    0.0000  -22.5000  -22.5000 2357.6687   17.4431
    7.5000  -22.5000  -22.5000 2346.6755   17.4432
   -7.5000  -15.0000  -22.5000 2428.6636   15.8990
    0.0000  -15.0000  -22.5000 2458.8604   15.8613
    7.5000  -15.0000  -22.5000 2443.9644   15.8448
   -7.5000   -7.5000  -22.5000 2536.0498   14.5638
    0.0000   -7.5000  -22.5000 2566.0884   14.4836
    7.5000   -7.5000  -22.5000 2546.9182   14.4833
   -7.5000    0.0000  -22.5000 2601.2222   13.5313
    0.0000    0.0000  -22.5000 2637.4199   13.4688
    7.5000    0.0000  -22.5000 2622.8521   13.5050
   -7.5000    7.5000  -22.5000 2656.4414   13.0001
    0.0000    7.5000  -22.5000 2690.0247   12.9107
    7.5000    7.5000  -22.5000 2675.3860   12.9663
   -7.5000   15.0000  -22.5000 2692.3853   12.7873
    0.0000   15.0000  -22.5000 2724.0659   12.6700
    7.5000   15.0000  -22.5000 2706.1960   12.7137
   -7.5000   22.5000  -22.5000 2698.6621   12.7625
    0.0000   22.5000  -22.5000 2734.7571   12.6570
    7.5000   22.5000  -22.5000 2713.7188   12.6823
   -7.5000   30.0000  -22.5000 2683.6265   12.9416
    0.0000   30.0000  -22.5000 2719.6318   12.8140
    7.5000   30.0000  -22.5000 2703.3457   12.8527
   -7.5000   37.5000  -22.5000 2651.3394   13.4244
    0.0000   37.5000  -22.5000 2688.2439   13.2844
    7.5000   37.5000  -22.5000 2672.5581   13.3138
   -7.5000   45.0000  -22.5000 2592.9507   14.1766
    0.0000   45.0000  -22.5000 2625.7021   13.9954
    7.5000   45.0000  -22.5000 2615.0271   14.0566
   -7.5000   52.5000  -22.5000 2491.7236   15.0315
    0.0000   52.5000  -22.5000 2520.2041   14.8372
    7.5000   52.5000  -22.5000 2511.4673   14.9257
   -7.5000  -37.5000  -15.0000 2117.2092   20.9381
    0.0000  -37.5000  -15.0000 2137.1992   20.8209
    7.5000  -37.5000  -15.0000 2134.9478   20.9770
   -7.5000  -30.0000  -15.0000 2262.6794   18.5333
    0.0000  -30.0000  -15.0000 2292.5049   18.5015
    7.5000  -30.0000  -15.0000 2283.5010   18.5602
   -7.5000  -22.5000  -15.0000 2370.2383   16.7119
    0.0000  -22.5000  -15.0000 2401.9351   16.6791
    7.5000  -22.5000  -15.0000 2393.9724   16.7310
   -7.5000  -15.0000  -15.0000 2472.5974   15.1733
    0.0000  -15.0000  -15.0000 2502.4114   15.1243
    7.5000  -15.0000  -15.0000 2489.5422   15.1748
   -7.5000   -7.5000  -15.0000 2582.3357   13.8282
    0.0000   -7.5000  -15.0000 2618.6965   13.7946
    7.5000   -7.5000  -15.0000 2598.0039   13.8194
   -7.5000    0.0000  -15.0000 2669.2573   12.8481
    0.0000    0.0000  -15.0000 2702.8271   12.7880
    7.5000    0.0000  -15.0000 2687.7808   12.8079
   -7.5000    7.5000  -15.0000 2734.6021   12.3119
    0.0000    7.5000  -15.0000 2770.8726   12.2256
    7.5000    7.5000  -15.0000 2753.3184   12.2752
   -7.5000   15.0000  -15.0000 2771.1758   12.0956
    0.0000   15.0000  -15.0000 2810.9739   12.0164
    7.5000   15.0000  -15.0000 2791.8201   12.0592
   -7.5000   22.5000  -15.0000 2779.0688   12.0909
    0.0000   22.5000  -15.0000 2819.0164   11.9896
    7.5000   22.5000  -15.0000 2803.6501   12.0388
   -7.5000   30.0000  -15.0000 2769.1868   12.2762
    0.0000   30.0000  -15.0000 2808.5476   12.1589
    7.5000   30.0000  -15.0000 2794.2737   12.2074
   -7.5000   37.5000  -15.0000 2738.2219   12.7785
    0.0000   37.5000  -15.0000 2776.3081   12.6367
    7.5000   37.5000  -15.0000 2762.2815   12.6831
   -7.5000   45.0000  -15.0000 2673.5762   13.5011
    0.0000   45.0000  -15.0000 2709.6504   13.3542
    7.5000   45.0000  -15.0000 2694.4614   13.3816
   -7.5000   52.5000  -15.0000 2564.2224   14.3062
    0.0000   52.5000  -15.0000 2596.1265   14.1527
    7.5000   52.5000  -15.0000 2581.2273   14.1951
   -7.5000  -37.5000   -7.5000 2144.6914   20.3936
    0.0000  -37.5000   -7.5000 2172.5205   20.2643
    7.5000  -37.5000   -7.5000 2164.7000   20.4390
   -7.5000  -30.0000   -7.5000 2285.1548   17.9770
    0.0000  -30.0000   -7.5000 2316.7654   17.8753
    7.5000  -30.0000   -7.5000 2308.0103   18.0156
   -7.5000  -22.5000   -7.5000 2393.8145   16.1723
    0.0000  -22.5000   -7.5000 2419.6160   16.0676
    7.5000  -22.5000   -7.5000 2416.7568   16.1385
   -7.5000  -15.0000   -7.5000 2490.7808   14.6129
    0.0000  -15.0000   -7.5000 2521.2847   14.5324
    7.5000  -15.0000   -7.5000 2515.2192   14.6006
   -7.5000   -7.5000   -7.5000 2607.8237   13.2801
    0.0000   -7.5000   -7.5000 2643.1409   13.2070
    7.5000   -7.5000   -7.5000 2632.6626   13.2589
   -7.5000    0.0000   -7.5000 2705.7935   12.2872
    0.0000    0.0000   -7.5000 2745.4290   12.2052
    7.5000    0.0000   -7.5000 2731.0315   12.2612
   -7.5000    7.5000   -7.5000 2789.0332   11.7340
    0.0000    7.5000   -7.5000 2831.5627   11.6410
    7.5000    7.5000   -7.5000 2813.5630   11.6911
   -7.5000   15.0000   -7.5000 2835.3442   11.5006
    0.0000   15.0000   -7.5000 2880.1692   11.4101
    7.5000   15.0000   -7.5000 2859.5620   11.4702
   -7.5000   22.5000   -7.5000 2850.8987   11.5100
    0.0000   22.5000   -7.5000 2891.3752   11.3960
    7.5000   22.5000   -7.5000 2878.5310   11.4708
   -7.5000   30.0000   -7.5000 2840.8755   11.7102
    0.0000   30.0000   -7.5000 2878.5015   11.6002
    7.5000   30.0000   -7.5000 2867.1724   11.6392
   -7.5000   37.5000   -7.5000 2802.2302   12.2204
    0.0000   37.5000   -7.5000 2835.5686   12.0689
    7.5000   37.5000   -7.5000 2823.4507   12.1062
   -7.5000   45.0000   -7.5000 2729.0142   12.9109
    0.0000   45.0000   -7.5000 2758.0020   12.7560
    7.5000   45.0000   -7.5000 2745.3403   12.7963
   -7.5000   52.5000   -7.5000 2613.1838   13.7650
    0.0000   52.5000   -7.5000 2639.8308   13.5969
    7.5000   52.5000   -7.5000 2626.5920   13.6542
   -7.5000  -37.5000    0.0000 2144.5322   20.0771
    0.0000  -37.5000    0.0000 2179.5581   19.9048
    7.5000  -37.5000    0.0000 2175.7231   20.0621
   -7.5000  -30.0000    0.0000 2287.6245   17.6605
    0.0000  -30.0000    0.0000 2322.3386   17.4971
    7.5000  -30.0000    0.0000 2315.3596   17.6589
   -7.5000  -22.5000    0.0000 2404.8030   15.8736
    0.0000  -22.5000    0.0000 2429.5378   15.6670
    7.5000  -22.5000    0.0000 2426.9705   15.7905
   -7.5000  -15.0000    0.0000 2505.5898   14.3209
    0.0000  -15.0000    0.0000 2536.2971   14.1117
    7.5000  -15.0000    0.0000 2531.3955   14.2306
   -7.5000   -7.5000    0.0000 2618.1160   12.9881
    0.0000   -7.5000    0.0000 2655.9199   12.7897
    7.5000   -7.5000    0.0000 2652.1570   12.8923
   -7.5000    0.0000    0.0000 2722.7913   11.9827
    0.0000    0.0000    0.0000 2767.6182   11.8032
    7.5000    0.0000    0.0000 2761.7942   11.9099
   -7.5000    7.5000    0.0000 2822.3950   11.4017
    0.0000    7.5000    0.0000 2877.9641   11.2463
    7.5000    7.5000    0.0000 2862.0684   11.3497
   -7.5000   15.0000    0.0000 2881.5652   11.1195
    0.0000   15.0000    0.0000 2938.3831   10.9431
    7.5000   15.0000    0.0000 2917.1521   11.1014
   -7.5000   22.5000    0.0000 2903.4866   11.1044
    0.0000   22.5000    0.0000 2945.9312   10.9444
    7.5000   22.5000    0.0000 2940.3159   11.0576
   -7.5000   30.0000    0.0000 2889.6138   11.3446
    0.0000   30.0000    0.0000 2928.8015   11.1976
    7.5000   30.0000    0.0000 2920.8010   11.2895
   -7.5000   37.5000    0.0000 2845.0464   11.8453
    0.0000   37.5000    0.0000 2876.9602   11.6623
    7.5000   37.5000    0.0000 2869.4756   11.7513
   -7.5000   45.0000    0.0000 2764.2532   12.5797
    0.0000   45.0000    0.0000 2790.9058   12.3724
    7.5000   45.0000    0.0000 2787.2004   12.4759
   -7.5000   52.5000    0.0000 2641.5786   13.4569
    0.0000   52.5000    0.0000 2667.8643   13.2481
    7.5000   52.5000    0.0000 2659.9812   13.3871
   -7.5000  -37.5000    7.5000 2142.6641   20.0765
    0.0000  -37.5000    7.5000 2178.7173   19.7367
    7.5000  -37.5000    7.5000 2178.2798   19.9391
   -7.5000  -30.0000    7.5000 2287.8667   17.6018
    0.0000  -30.0000    7.5000 2317.1399   17.2268
    7.5000  -30.0000    7.5000 2316.9575   17.4054
   -7.5000  -22.5000    7.5000 2404.5764   15.7659
    0.0000  -22.5000    7.5000 2427.0796   15.3860
    7.5000  -22.5000    7.5000 2428.5464   15.5497
   -7.5000  -15.0000    7.5000 2509.6914   14.2291
    0.0000  -15.0000    7.5000 2535.7310   13.8578
    7.5000  -15.0000    7.5000 2534.0593   13.9909
   -7.5000   -7.5000    7.5000 2622.0542   12.8833
    0.0000   -7.5000    7.5000 2653.9258   12.5743
    7.5000   -7.5000    7.5000 2652.4124   12.6895
   -7.5000    0.0000    7.5000 2731.7153   11.8745
    0.0000    0.0000    7.5000 2774.5583   11.6041
    7.5000    0.0000    7.5000 2772.5405   11.7215
   -7.5000    7.5000    7.5000 2839.9058   11.3267
    0.0000    7.5000    7.5000 2889.7651   11.0593
    7.5000    7.5000    7.5000 2885.2112   11.1870
   -7.5000   15.0000    7.5000 2916.8789   11.0805
    0.0000   15.0000    7.5000 2971.6223   10.7222
    7.5000   15.0000    7.5000 2963.1533   11.0028
   -7.5000   22.5000    7.5000 2947.2124   10.9817
    0.0000   22.5000    7.5000 2990.0659   10.6190
    7.5000   22.5000    7.5000 2993.7827   10.9259
   -7.5000   30.0000    7.5000 2921.0146   11.2674
    0.0000   30.0000    7.5000 2959.4424   10.9860
    7.5000   30.0000    7.5000 2960.1255   11.1595
   -7.5000   37.5000    7.5000 2863.3896   11.7641
    0.0000   37.5000    7.5000 2900.0952   11.5237
    7.5000   37.5000    7.5000 2894.6753   11.6281
   -7.5000   45.0000    7.5000 2779.1633   12.4813
    0.0000   45.0000    7.5000 2811.9717   12.2476
    7.5000   45.0000    7.5000 2806.2791   12.3217
   -7.5000   52.5000    7.5000 2649.7466   13.3455
    0.0000   52.5000    7.5000 2679.4719   13.1404
    7.5000   52.5000    7.5000 2672.6814   13.2063
   -7.5000  -37.5000   15.0000 2126.1619   20.2290
    0.0000  -37.5000   15.0000 2160.1367   19.7994
    7.5000  -37.5000   15.0000 2159.8242   19.9104
   -7.5000  -30.0000   15.0000 2279.6631   17.6860
    0.0000  -30.0000   15.0000 2306.6934   17.2417
    7.5000  -30.0000   15.0000 2304.5300   17.3590
   -7.5000  -22.5000   15.0000 2401.0408   15.8616
    0.0000  -22.5000   15.0000 2424.0408   15.3772
    7.5000  -22.5000   15.0000 2423.6106   15.5376
   -7.5000  -15.0000   15.0000 2502.9797   14.2895
    0.0000  -15.0000   15.0000 2526.8904   13.8286
    7.5000  -15.0000   15.0000 2530.7161   13.9909
   -7.5000   -7.5000   15.0000 2618.9607   12.9727
    0.0000   -7.5000   15.0000 2644.3162   12.5230
    7.5000   -7.5000   15.0000 2652.4607   12.6969
   -7.5000    0.0000   15.0000 2731.0850   11.9843
    0.0000    0.0000   15.0000 2761.0911   11.5667
    7.5000    0.0000   15.0000 2774.7153   11.7314
   -7.5000    7.5000   15.0000 2840.0000   11.4110
    0.0000    7.5000   15.0000 2884.3074   11.0507
    7.5000    7.5000   15.0000 2891.4492   11.1761
   -7.5000   15.0000   15.0000 2912.6689   11.2025
    0.0000   15.0000   15.0000 2964.3303   10.7637
    7.5000   15.0000   15.0000 2954.9202   10.9089
   -7.5000   22.5000   15.0000 2938.4790   11.1682
    0.0000   22.5000   15.0000 2987.6030   10.7776
    7.5000   22.5000   15.0000 2984.9900   10.9067
   -7.5000   30.0000   15.0000 2914.4800   11.3417
    0.0000   30.0000   15.0000 2956.4548   11.0694
    7.5000   30.0000   15.0000 2952.8989   11.1708
   -7.5000   37.5000   15.0000 2862.1018   11.7965
    0.0000   37.5000   15.0000 2892.4722   11.5509
    7.5000   37.5000   15.0000 2895.3491   11.6135
   -7.5000   45.0000   15.0000 2774.3750   12.5066
    0.0000   45.0000   15.0000 2800.9197   12.2425
    7.5000   45.0000   15.0000 2801.2029   12.3195
   -7.5000   52.5000   15.0000 2643.4028   13.3405
    0.0000   52.5000   15.0000 2672.7720   13.0886
    7.5000   52.5000   15.0000 2666.0161   13.1704
   -7.5000  -37.5000   22.5000 2113.3164   20.6007
    0.0000  -37.5000   22.5000 2135.6489   19.9723
    7.5000  -37.5000   22.5000 2133.6042   20.1098
   -7.5000  -30.0000   22.5000 2267.9294   17.9215
    0.0000  -30.0000   22.5000 2282.9270   17.3481
    7.5000  -30.0000   22.5000 2287.6184   17.5155
   -7.5000  -22.5000   22.5000 2387.2488   16.0959
    0.0000  -22.5000   22.5000 2411.1035   15.5276
    7.5000  -22.5000   22.5000 2413.3665   15.6780
   -7.5000  -15.0000   22.5000 2494.6394   14.5808
    0.0000  -15.0000   22.5000 2522.4351   14.0836
    7.5000  -15.0000   22.5000 2525.9414   14.1839
   -7.5000   -7.5000   22.5000 2611.2749   13.3058
    0.0000   -7.5000   22.5000 2642.7522   12.8948
    7.5000   -7.5000   22.5000 2647.3108   12.9588
   -7.5000    0.0000   22.5000 2725.6689   12.3323
    0.0000    0.0000   22.5000 2758.3630   11.9684
    7.5000    0.0000   22.5000 2762.2805   12.0160
   -7.5000    7.5000   22.5000 2825.9148   11.7188
    0.0000    7.5000   22.5000 2857.5635   11.3426
    7.5000    7.5000   22.5000 2856.9924   11.3826
   -7.5000   15.0000   22.5000 2888.1262   11.4227
    0.0000   15.0000   22.5000 2921.3979   11.0325
    7.5000   15.0000   22.5000 2914.4512   11.0597
   -7.5000   22.5000   22.5000 2906.9675   11.4104
    0.0000   22.5000   22.5000 2948.8174   11.1041
    7.5000   22.5000   22.5000 2948.3613   11.1342
   -7.5000   30.0000   22.5000 2880.0076   11.6160
    0.0000   30.0000   22.5000 2922.0295   11.3845
    7.5000   30.0000   22.5000 2921.6433   11.4087
   -7.5000   37.5000   22.5000 2831.7288   12.0752
    0.0000   37.5000   22.5000 2867.4351   11.8634
    7.5000   37.5000   22.5000 2867.1150   11.8783
   -7.5000   45.0000   22.5000 2748.0779   12.7587
    0.0000   45.0000   22.5000 2775.4800   12.5268
    7.5000   45.0000   22.5000 2774.2139   12.5725
   -7.5000   52.5000   22.5000 2621.7710   13.5218
    0.0000   52.5000   22.5000 2655.1838   13.2886
    7.5000   52.5000   22.5000 2647.7173   13.3699
   -7.5000  -37.5000   30.0000 2087.6416   21.1310
    0.0000  -37.5000   30.0000 2110.7922   20.4707
    7.5000  -37.5000   30.0000 2110.9885   20.5455
   -7.5000  -30.0000   30.0000 2245.1279   18.4306
    0.0000  -30.0000   30.0000 2263.9473   17.8654
    7.5000  -30.0000   30.0000 2265.7407   17.9233
   -7.5000  -22.5000   30.0000 2367.8618   16.5581
    0.0000  -22.5000   30.0000 2392.9099   16.0634
    7.5000  -22.5000   30.0000 2391.9387   16.0915
   -7.5000  -15.0000   30.0000 2476.0911   15.0642
    0.0000  -15.0000   30.0000 2509.3596   14.6125
    7.5000  -15.0000   30.0000 2507.9080   14.6408
   -7.5000   -7.5000   30.0000 2588.5698   13.8245
    0.0000   -7.5000   30.0000 2625.2180   13.3893
    7.5000   -7.5000   30.0000 2625.5732   13.4200
   -7.5000    0.0000   30.0000 2696.2297   12.8476
    0.0000    0.0000   30.0000 2734.3960   12.3987
    7.5000    0.0000   30.0000 2735.4673   12.4229
   -7.5000    7.5000   30.0000 2786.2410   12.1714
    0.0000    7.5000   30.0000 2823.4883   11.6991
    7.5000    7.5000   30.0000 2818.9421   11.7417
   -7.5000   15.0000   30.0000 2842.1055   11.7960
    0.0000   15.0000   30.0000 2876.3938   11.4239
    7.5000   15.0000   30.0000 2869.5413   11.4563
   -7.5000   22.5000   30.0000 2854.3054   11.8093
    0.0000   22.5000   30.0000 2891.7517   11.5052
    7.5000   22.5000   30.0000 2889.9292   11.5360
   -7.5000   30.0000   30.0000 2825.5615   11.9964
    0.0000   30.0000   30.0000 2864.0327   11.7735
    7.5000   30.0000   30.0000 2867.2820   11.7713
   -7.5000   37.5000   30.0000 2774.8010   12.4666
    0.0000   37.5000   30.0000 2811.4087   12.2585
    7.5000   37.5000   30.0000 2811.7805   12.2289
   -7.5000   45.0000   30.0000 2698.8223   13.1498
    0.0000   45.0000   30.0000 2735.2131   12.9444
    7.5000   45.0000   30.0000 2727.4265   12.9341
   -7.5000   52.5000   30.0000 2579.1287   13.9161
    0.0000   52.5000   30.0000 2615.2175   13.7149
    7.5000   52.5000   30.0000 2609.4058   13.7381
   -7.5000  -37.5000   37.5000 2053.4614   21.8094
    0.0000  -37.5000   37.5000 2075.2998   21.1323
    7.5000  -37.5000   37.5000 2078.9124   21.1778
   -7.5000  -30.0000   37.5000 2212.0537   19.0937
    0.0000  -30.0000   37.5000 2232.5002   18.5181
    7.5000  -30.0000   37.5000 2237.9385   18.5416
   -7.5000  -22.5000   37.5000 2333.2234   17.1723
    0.0000  -22.5000   37.5000 2363.3650   16.6551
    7.5000  -22.5000   37.5000 2366.0215   16.6895
   -7.5000  -15.0000   37.5000 2443.0693   15.6852
    0.0000  -15.0000   37.5000 2479.2896   15.1864
    7.5000  -15.0000   37.5000 2477.5005   15.2024
   -7.5000   -7.5000   37.5000 2551.8564   14.4396
    0.0000   -7.5000   37.5000 2595.0547   13.9502
    7.5000   -7.5000   37.5000 2591.2424   13.9594
   -7.5000    0.0000   37.5000 2651.7488   13.4021
    0.0000    0.0000   37.5000 2694.6726   12.9177
    7.5000    0.0000   37.5000 2694.8491   12.9344
   -7.5000    7.5000   37.5000 2734.8037   12.6986
    0.0000    7.5000   37.5000 2776.3230   12.2709
    7.5000    7.5000   37.5000 2772.5129   12.3067
   -7.5000   15.0000   37.5000 2786.2031   12.3369
    0.0000   15.0000   37.5000 2818.2893   12.0143
    7.5000   15.0000   37.5000 2819.0068   12.0413
   -7.5000   22.5000   37.5000 2792.2021   12.3819
    0.0000   22.5000   37.5000 2827.5791   12.0693
    7.5000   22.5000   37.5000 2824.8394   12.0805
   -7.5000   30.0000   37.5000 2763.4329   12.5573
    0.0000   30.0000   37.5000 2791.7988   12.3008
    7.5000   30.0000   37.5000 2797.5806   12.2952
   -7.5000   37.5000   37.5000 2709.2026   12.9993
    0.0000   37.5000   37.5000 2742.1313   12.7914
    7.5000   37.5000   37.5000 2740.5916   12.7583
   -7.5000   45.0000   37.5000 2641.1643   13.6550
    0.0000   45.0000   37.5000 2673.7822   13.4468
    7.5000   45.0000   37.5000 2666.3132   13.4272
   -7.5000   52.5000   37.5000 2530.1775   14.4290
    0.0000   52.5000   37.5000 2561.8740   14.2283
    7.5000   52.5000   37.5000 2554.2375   14.2250
   -7.5000  -37.5000   45.0000 2005.9395   22.7202
    0.0000  -37.5000   45.0000 2033.4534   22.0573
    7.5000  -37.5000   45.0000 2037.2461   22.0707
   -7.5000  -30.0000   45.0000 2161.5068   19.9908
    0.0000  -30.0000   45.0000 2194.1033   19.4230
    7.5000  -30.0000   45.0000 2197.7429   19.4291
   -7.5000  -22.5000   45.0000 2288.4546   18.0453
    0.0000  -22.5000   45.0000 2326.2471   17.5313
    7.5000  -22.5000   45.0000 2329.3130   17.5259
   -7.5000  -15.0000   45.0000 2393.2844   16.4345
    0.0000  -15.0000   45.0000 2433.3843   15.9562
    7.5000  -15.0000   45.0000 2436.2134   15.9460
   -7.5000   -7.5000   45.0000 2500.1086   15.1545
    0.0000   -7.5000   45.0000 2539.7737   14.6623
    7.5000   -7.5000   45.0000 2541.7449   14.6578
   -7.5000    0.0000   45.0000 2590.7256   14.1128
    0.0000    0.0000   45.0000 2634.0193   13.6470
    7.5000    0.0000   45.0000 2634.2781   13.6731
   -7.5000    7.5000   45.0000 2667.1699   13.3936
    0.0000    7.5000   45.0000 2704.6514   13.0116
    7.5000    7.5000   45.0000 2703.6282   13.0471
   -7.5000   15.0000   45.0000 2709.1033   13.0914
    0.0000   15.0000   45.0000 2736.1199   12.7553
    7.5000   15.0000   45.0000 2741.0718   12.7756
   -7.5000   22.5000   45.0000 2709.3918   13.0870
    0.0000   22.5000   45.0000 2743.1284   12.7753
    7.5000   22.5000   45.0000 2743.5122   12.7887
   -7.5000   30.0000   45.0000 2686.6289   13.2310
    0.0000   30.0000   45.0000 2717.4241   12.9617
    7.5000   30.0000   45.0000 2720.9131   12.9753
   -7.5000   37.5000   45.0000 2635.3389   13.6754
    0.0000   37.5000   45.0000 2667.2058   13.4637
    7.5000   37.5000   45.0000 2665.4038   13.4518
   -7.5000   45.0000   45.0000 2571.7251   14.3183
    0.0000   45.0000   45.0000 2600.4143   14.1219
    7.5000   45.0000   45.0000 2592.7932   14.1028
   -7.5000   52.5000   45.0000 2467.5278   15.0836
    0.0000   52.5000   45.0000 2491.5884   14.8753
    7.5000   52.5000   45.0000 2483.3494   14.8783

---------------------------------------------------------------------
imgreg_4dfp /opt/freesurfer/average/711-2C_as_mni_average_305 /opt/freesurfer/average/711-2B_as_mni_average_305_mask talsrcimg_g11 none talsrcimg_to_711-2C_as_mni_average_305_t4 1283
---------------------------------------------------------------------

freesurfer imgreg_4dfp.c
/opt/freesurfer/average/711-2C_as_mni_average_305.4dfp.img
       256       256       256         1
  1.000000  1.000000  1.000000
orientation T byte_order littleendian
Reading image: /opt/freesurfer/average/711-2C_as_mni_average_305.4dfp.img
dimensions:      256       256       256
mmppix:       1.0000   -1.0000   -1.0000
center:     128.0000 -129.0000 -129.0000
/opt/freesurfer/average/711-2B_as_mni_average_305_mask.4dfp.img
       256       256       256         1
  1.000000  1.000000  1.000000
orientation T byte_order littleendian
Reading mask: /opt/freesurfer/average/711-2B_as_mni_average_305_mask.4dfp.img (2306576 pixels)
talsrcimg_g11.4dfp.img
       256       256       256         1
  1.000000  1.000000  1.000000
orientation T byte_order littleendian
Reading image: talsrcimg_g11.4dfp.img
dimensions:      256       256       256
mmppix:       1.0000   -1.0000   -1.0000
center:     128.0000 -129.0000 -129.0000
rotation matrix determinant  1.000000
fimgreg.f
image alignment mode   1283 decimal      503 hex
parameters
    7.5000   22.5000    7.5000    0.0000    0.0000    0.0000
eta,q 0.94000 10.86972
niter,ni,del,rscale     5    3   12.0000    1.2000
parameter  3 -0.596557 -> -0.500000 qaram    1.1500
parameter  4 -0.549079 -> -0.500000 qaram    1.1500
parameters
    4.9504   22.2362   10.9500    3.4500   -0.9453   -0.8846
eta,q 0.94572 10.61871
  0.0611  0.0649  0.0649  0.0664  0.0579  0.0579
  0.0576  0.0604  0.0633  0.0632  0.0560  0.0561
  0.0569  0.0575  0.0611  0.0583  0.0546  0.0547
  0.0587  0.0573  0.0573  0.0556  0.0547  0.0543
  0.0640  0.0600  0.0555  0.0547  0.0558  0.0555
  0.0723  0.0624  0.0556  0.0548  0.0584  0.0581
  0.0810  0.0647  0.0579  0.0556  0.0602  0.0607
niter,ni,del,rscale     6    3   12.0000    1.2000
parameters
    4.1538   21.4819   10.3000    3.9325   -0.6249   -0.9669
eta,q 0.94589 10.59524
  0.0610  0.0622  0.0631  0.0621  0.0593  0.0584
  0.0591  0.0561  0.0591  0.0562  0.0567  0.0567
  0.0560  0.0541  0.0545  0.0540  0.0546  0.0551
  0.0543  0.0546  0.0541  0.0540  0.0540  0.0541
  0.0558  0.0575  0.0570  0.0545  0.0547  0.0543
  0.0606  0.0611  0.0619  0.0559  0.0562  0.0562
  0.0684  0.0644  0.0666  0.0591  0.0580  0.0593
niter,ni,del,rscale     5    3   12.0000    1.2000
parameters
    4.0341   21.2483   10.1457    4.0905   -0.4336   -0.9683
eta,q 0.94584 10.58891
  0.0627  0.0636  0.0641  0.0611  0.0592  0.0584
  0.0608  0.0573  0.0609  0.0557  0.0565  0.0568
  0.0573  0.0546  0.0556  0.0541  0.0545  0.0553
  0.0541  0.0542  0.0542  0.0541  0.0541  0.0542
  0.0544  0.0564  0.0562  0.0546  0.0549  0.0543
  0.0587  0.0600  0.0607  0.0563  0.0564  0.0560
  0.0664  0.0634  0.0655  0.0596  0.0582  0.0592
niter,ni,del,rscale     4    3   12.0000    1.2000
parameters
    4.0034   21.1286   10.1112    4.1828   -0.3645   -0.9712
eta,q 0.94583 10.58630
  0.0632  0.0638  0.0644  0.0609  0.0591  0.0584
  0.0613  0.0576  0.0614  0.0557  0.0563  0.0568
  0.0576  0.0549  0.0559  0.0542  0.0545  0.0553
  0.0542  0.0542  0.0542  0.0542  0.0542  0.0542
  0.0542  0.0561  0.0561  0.0547  0.0550  0.0543
  0.0585  0.0597  0.0605  0.0563  0.0565  0.0560
  0.0665  0.0632  0.0652  0.0597  0.0584  0.0592
niter,ni,del,rscale     3    3   12.0000    1.2000
parameters
    3.9844   21.0642   10.1067    4.2228   -0.3431   -0.9765
eta,q 0.94582 10.58484
  0.0633  0.0640  0.0645  0.0607  0.0590  0.0584
  0.0614  0.0578  0.0615  0.0556  0.0563  0.0568
  0.0576  0.0550  0.0559  0.0542  0.0544  0.0553
  0.0542  0.0542  0.0542  0.0542  0.0542  0.0542
  0.0542  0.0560  0.0561  0.0547  0.0551  0.0543
  0.0585  0.0596  0.0605  0.0564  0.0566  0.0561
  0.0666  0.0631  0.0652  0.0598  0.0585  0.0592
niter,ni,del,rscale     2    3   12.0000    1.2000
parameters
    3.9719   21.0377   10.1104    4.2389   -0.3363   -0.9834
eta,q 0.94580 10.58420
  0.0634  0.0641  0.0646  0.0607  0.0590  0.0584
  0.0614  0.0579  0.0615  0.0556  0.0562  0.0568
  0.0577  0.0551  0.0560  0.0542  0.0544  0.0554
  0.0542  0.0542  0.0542  0.0542  0.0542  0.0542
  0.0542  0.0559  0.0561  0.0547  0.0551  0.0543
  0.0585  0.0595  0.0605  0.0564  0.0566  0.0561
  0.0666  0.0630  0.0652  0.0599  0.0586  0.0592
registration optimization eta report
parameter search radius
    6.0000    6.0000    6.9000    6.9000    6.0000    6.0000
100000*second partial in parameter space
       29.       26.       22.       13.       13.       13.
  0.0634  0.0641  0.0646  0.0607  0.0590  0.0584
  0.0614  0.0579  0.0615  0.0556  0.0562  0.0568
  0.0577  0.0551  0.0560  0.0542  0.0544  0.0554
  0.0542  0.0542  0.0542  0.0542  0.0542  0.0542
  0.0542  0.0559  0.0561  0.0547  0.0551  0.0543
  0.0585  0.0595  0.0605  0.0564  0.0566  0.0561
  0.0666  0.0630  0.0652  0.0599  0.0586  0.0592
    3.9719   21.0377   10.1104    4.2389   -0.3363   -0.9834
eta,q 0.94580 10.58420

---------------------------------------------------------------------
imgreg_4dfp /opt/freesurfer/average/711-2C_as_mni_average_305 /opt/freesurfer/average/711-2B_as_mni_average_305_mask talsrcimg_g11 none talsrcimg_to_711-2C_as_mni_average_305_t4 3335
---------------------------------------------------------------------

freesurfer imgreg_4dfp.c
/opt/freesurfer/average/711-2C_as_mni_average_305.4dfp.img
       256       256       256         1
  1.000000  1.000000  1.000000
orientation T byte_order littleendian
Reading image: /opt/freesurfer/average/711-2C_as_mni_average_305.4dfp.img
dimensions:      256       256       256
mmppix:       1.0000   -1.0000   -1.0000
center:     128.0000 -129.0000 -129.0000
/opt/freesurfer/average/711-2B_as_mni_average_305_mask.4dfp.img
       256       256       256         1
  1.000000  1.000000  1.000000
orientation T byte_order littleendian
Reading mask: /opt/freesurfer/average/711-2B_as_mni_average_305_mask.4dfp.img (2306576 pixels)
talsrcimg_g11.4dfp.img
       256       256       256         1
  1.000000  1.000000  1.000000
orientation T byte_order littleendian
Reading image: talsrcimg_g11.4dfp.img
dimensions:      256       256       256
mmppix:       1.0000   -1.0000   -1.0000
center:     128.0000 -129.0000 -129.0000
fimgreg.f
image alignment mode   3335 decimal      D07 hex
parameters
    3.9719   21.0377   10.1104   -0.0165   -0.2890   -0.2753
    1.7549    0.4584   -1.7162   -7.4005   -0.5870    7.3914
eta,q 0.94703 10.60632
niter,ni,del,rscale     5    3    5.0000    1.2000
parameter  4********** ->  0.500000 qaram    1.1500
parameter  5 11.421011 ->  0.500000 qaram    1.1500
parameter  6  0.861378 ->  0.500000 qaram    1.1500
parameter  8 -0.579430 -> -0.500000 qaram    1.1500
parameter 12  0.616349 ->  0.500000 qaram    1.1500
parameters
    3.5404   21.4032   11.2618   -4.1565   -4.4290   -4.4153
    3.6860    4.5984   -0.6482   -5.9764   -0.3796    3.2514
eta,q 0.96456 10.41911
  0.0536  0.0550  0.0560  0.0414  0.0371  0.0378  0.0397  0.0448  0.0380  0.0411  0.0379  0.0356
  0.0532  0.0541  0.0548  0.0448  0.0399  0.0378  0.0389  0.0421  0.0372  0.0390  0.0369  0.0354
  0.0530  0.0533  0.0537  0.0486  0.0428  0.0384  0.0382  0.0397  0.0366  0.0373  0.0363  0.0355
  0.0530  0.0529  0.0529  0.0525  0.0458  0.0407  0.0379  0.0378  0.0363  0.0363  0.0360  0.0360
  0.0531  0.0529  0.0525  0.0559  0.0489  0.0452  0.0378  0.0365  0.0363  0.0360  0.0362  0.0369
  0.0536  0.0534  0.0526  0.0595  0.0522  0.0500  0.0380  0.0364  0.0366  0.0367  0.0368  0.0380
  0.0544  0.0541  0.0531  0.0633  0.0553  0.0545  0.0384  0.0375  0.0372  0.0386  0.0377  0.0396
niter,ni,del,rscale     7    3    5.0000    1.2000
parameter  4  4.161418 ->  0.500000 qaram    1.3225
parameter  5  1.310898 ->  0.500000 qaram    1.3225
parameters
    2.7945   20.7402   10.3018   -8.9175   -9.1900   -5.7943
    1.2003    4.7035   -1.3690   -5.2774   -0.2128    1.9730
eta,q 0.97745 10.31708
  0.0364  0.0363  0.0354  0.0234  0.0218  0.0266  0.0242  0.0307  0.0244  0.0270  0.0243  0.0238
  0.0355  0.0353  0.0347  0.0256  0.0222  0.0249  0.0230  0.0269  0.0233  0.0246  0.0234  0.0230
  0.0352  0.0349  0.0346  0.0297  0.0237  0.0237  0.0226  0.0240  0.0227  0.0231  0.0228  0.0226
  0.0354  0.0352  0.0349  0.0346  0.0266  0.0225  0.0231  0.0226  0.0226  0.0226  0.0226  0.0226
  0.0363  0.0359  0.0357  0.0396  0.0304  0.0231  0.0244  0.0234  0.0230  0.0228  0.0227  0.0229
  0.0377  0.0371  0.0369  0.0443  0.0343  0.0271  0.0263  0.0263  0.0239  0.0237  0.0233  0.0237
  0.0397  0.0385  0.0384  0.0488  0.0380  0.0326  0.0288  0.0306  0.0253  0.0255  0.0242  0.0248
niter,ni,del,rscale     7    3    5.0000    1.2000
parameter  4  0.653136 ->  0.500000 qaram    1.5209
parameters
    2.6628   21.1801    9.7744  -14.3926  -11.0973   -4.2751
    1.5066    4.4621   -1.8674   -5.6537   -1.0234    2.1499
eta,q 0.98140 10.23070
  0.0266  0.0268  0.0233  0.0209  0.0236  0.0245  0.0226  0.0263  0.0206  0.0221  0.0196  0.0205
  0.0243  0.0247  0.0226  0.0199  0.0214  0.0225  0.0206  0.0223  0.0195  0.0199  0.0190  0.0194
  0.0229  0.0233  0.0223  0.0199  0.0198  0.0210  0.0192  0.0197  0.0188  0.0188  0.0187  0.0188
  0.0225  0.0225  0.0224  0.0223  0.0197  0.0196  0.0186  0.0186  0.0187  0.0187  0.0186  0.0186
  0.0233  0.0225  0.0228  0.0269  0.0214  0.0181  0.0190  0.0195  0.0190  0.0193  0.0188  0.0188
  0.0250  0.0232  0.0235  0.0321  0.0247  0.0189  0.0202  0.0228  0.0199  0.0206  0.0193  0.0193
  0.0276  0.0245  0.0245  0.0374  0.0288  0.0229  0.0220  0.0276  0.0212  0.0228  0.0202  0.0203
niter,ni,del,rscale     7    3    5.0000    1.2000
parameters
    2.7932   21.7601   10.0601  -15.8449  -11.6115   -4.1023
    1.4159    4.5611   -1.8207   -5.5637   -1.1764    1.4332
eta,q 0.98137 10.16134
  0.0235  0.0234  0.0206  0.0242  0.0241  0.0230  0.0221  0.0261  0.0209  0.0224  0.0196  0.0200
  0.0210  0.0212  0.0194  0.0215  0.0216  0.0213  0.0203  0.0221  0.0197  0.0201  0.0190  0.0191
  0.0193  0.0195  0.0186  0.0196  0.0197  0.0202  0.0191  0.0196  0.0190  0.0189  0.0187  0.0187
  0.0186  0.0186  0.0184  0.0184  0.0187  0.0188  0.0187  0.0187  0.0187  0.0187  0.0187  0.0187
  0.0189  0.0184  0.0185  0.0194  0.0196  0.0179  0.0191  0.0192  0.0189  0.0192  0.0188  0.0189
  0.0203  0.0190  0.0189  0.0237  0.0222  0.0200  0.0204  0.0217  0.0197  0.0202  0.0191  0.0195
  0.0226  0.0203  0.0196  0.0298  0.0257  0.0240  0.0223  0.0260  0.0209  0.0220  0.0197  0.0205
niter,ni,del,rscale     6    3    5.0000    1.2000
parameters
    2.8936   21.9272   10.0911  -15.9679  -11.7689   -4.0456
    1.2945    4.6496   -1.8275   -5.3804   -1.2552    1.2635
eta,q 0.98137 10.15248
  0.0231  0.0223  0.0203  0.0254  0.0244  0.0229  0.0221  0.0261  0.0209  0.0225  0.0197  0.0202
  0.0208  0.0204  0.0193  0.0224  0.0219  0.0212  0.0203  0.0221  0.0197  0.0202  0.0190  0.0192
  0.0193  0.0192  0.0187  0.0202  0.0198  0.0201  0.0191  0.0196  0.0189  0.0189  0.0187  0.0187
  0.0186  0.0186  0.0186  0.0186  0.0186  0.0187  0.0186  0.0186  0.0186  0.0186  0.0186  0.0186
  0.0189  0.0188  0.0188  0.0184  0.0193  0.0179  0.0191  0.0192  0.0189  0.0191  0.0188  0.0189
  0.0202  0.0198  0.0193  0.0215  0.0218  0.0201  0.0204  0.0217  0.0197  0.0202  0.0191  0.0194
  0.0225  0.0215  0.0201  0.0271  0.0252  0.0241  0.0224  0.0260  0.0209  0.0219  0.0197  0.0203
niter,ni,del,rscale     5    3    5.0000    1.2000
parameters
    2.9222   21.9813   10.0874  -15.9457  -11.7991   -4.0360
    1.2800    4.6858   -1.8282   -5.2993   -1.2525    1.2197
eta,q 0.98138 10.15257
  0.0228  0.0220  0.0203  0.0255  0.0245  0.0229  0.0222  0.0260  0.0209  0.0224  0.0197  0.0203
  0.0206  0.0202  0.0193  0.0225  0.0219  0.0212  0.0203  0.0220  0.0197  0.0201  0.0191  0.0193
  0.0192  0.0191  0.0187  0.0203  0.0199  0.0200  0.0191  0.0195  0.0189  0.0189  0.0187  0.0187
  0.0186  0.0186  0.0186  0.0186  0.0186  0.0186  0.0186  0.0186  0.0186  0.0186  0.0186  0.0186
  0.0190  0.0189  0.0189  0.0184  0.0192  0.0179  0.0190  0.0192  0.0189  0.0191  0.0187  0.0189
  0.0204  0.0200  0.0194  0.0213  0.0216  0.0202  0.0203  0.0217  0.0197  0.0203  0.0191  0.0194
  0.0227  0.0218  0.0202  0.0269  0.0250  0.0242  0.0223  0.0261  0.0209  0.0219  0.0197  0.0202
niter,ni,del,rscale     4    3    5.0000    1.2000
parameters
    2.9282   21.9963   10.0838  -15.9342  -11.8006   -4.0326
    1.2845    4.6956   -1.8367   -5.2746   -1.2469    1.2057
eta,q 0.98138 10.15294
  0.0228  0.0219  0.0203  0.0255  0.0245  0.0229  0.0222  0.0259  0.0209  0.0223  0.0197  0.0203
  0.0206  0.0201  0.0193  0.0225  0.0219  0.0212  0.0203  0.0220  0.0197  0.0200  0.0190  0.0193
  0.0191  0.0190  0.0187  0.0203  0.0199  0.0200  0.0191  0.0195  0.0189  0.0188  0.0187  0.0187
  0.0186  0.0186  0.0186  0.0186  0.0186  0.0186  0.0186  0.0186  0.0186  0.0186  0.0186  0.0186
  0.0191  0.0190  0.0189  0.0184  0.0192  0.0179  0.0190  0.0192  0.0189  0.0192  0.0187  0.0188
  0.0205  0.0201  0.0194  0.0214  0.0216  0.0202  0.0203  0.0218  0.0197  0.0203  0.0191  0.0193
  0.0228  0.0218  0.0202  0.0269  0.0250  0.0242  0.0222  0.0261  0.0209  0.0220  0.0197  0.0202
registration optimization eta report
parameter search radius
    2.4000    2.4000    2.4000   10.9503    9.5220    8.2800
    7.2000    8.2800    7.2000    7.2000    7.2000    8.2800
100000*second partial in parameter space
       72.       56.       28.        6.        7.        7.
        7.       11.        4.        7.        2.        2.
  0.0228  0.0219  0.0203  0.0255  0.0245  0.0229  0.0222  0.0259  0.0209  0.0223  0.0197  0.0203
  0.0206  0.0201  0.0193  0.0225  0.0219  0.0212  0.0203  0.0220  0.0197  0.0200  0.0190  0.0193
  0.0191  0.0190  0.0187  0.0203  0.0199  0.0200  0.0191  0.0195  0.0189  0.0188  0.0187  0.0187
  0.0186  0.0186  0.0186  0.0186  0.0186  0.0186  0.0186  0.0186  0.0186  0.0186  0.0186  0.0186
  0.0191  0.0190  0.0189  0.0184  0.0192  0.0179  0.0190  0.0192  0.0189  0.0192  0.0187  0.0188
  0.0205  0.0201  0.0194  0.0214  0.0216  0.0202  0.0203  0.0218  0.0197  0.0203  0.0191  0.0193
  0.0228  0.0218  0.0202  0.0269  0.0250  0.0242  0.0222  0.0261  0.0209  0.0220  0.0197  0.0202
    2.9282   21.9963   10.0838  -15.9342  -11.8006   -4.0326
    1.2845    4.6956   -1.8367   -5.2746   -1.2469    1.2057
eta,q 0.98138 10.15294

---------------------------------------------------------------------
imgreg_4dfp /opt/freesurfer/average/711-2C_as_mni_average_305 /opt/freesurfer/average/711-2B_as_mni_average_305_mask talsrcimg_g11 none talsrcimg_to_711-2C_as_mni_average_305_t4 2311
---------------------------------------------------------------------

freesurfer imgreg_4dfp.c
/opt/freesurfer/average/711-2C_as_mni_average_305.4dfp.img
       256       256       256         1
  1.000000  1.000000  1.000000
orientation T byte_order littleendian
Reading image: /opt/freesurfer/average/711-2C_as_mni_average_305.4dfp.img
dimensions:      256       256       256
mmppix:       1.0000   -1.0000   -1.0000
center:     128.0000 -129.0000 -129.0000
/opt/freesurfer/average/711-2B_as_mni_average_305_mask.4dfp.img
       256       256       256         1
  1.000000  1.000000  1.000000
orientation T byte_order littleendian
Reading mask: /opt/freesurfer/average/711-2B_as_mni_average_305_mask.4dfp.img (2306576 pixels)
talsrcimg_g11.4dfp.img
       256       256       256         1
  1.000000  1.000000  1.000000
orientation T byte_order littleendian
Reading image: talsrcimg_g11.4dfp.img
dimensions:      256       256       256
mmppix:       1.0000   -1.0000   -1.0000
center:     128.0000 -129.0000 -129.0000
fimgreg.f
image alignment mode   2311 decimal      907 hex
parameters
    2.9282   21.9963   10.0838  -15.9342  -11.8006   -4.0326
    1.2845    4.6956   -1.8367   -5.2746   -1.2469    1.2057
eta,q 0.98138 10.15294
niter,ni,del,rscale     5    3    5.0000    0.8000
parameters
    2.9481   22.0077    9.9928  -13.9098  -11.6624   -3.0172
    1.0750    4.8756   -1.8715   -4.7023   -1.2458    1.2785
eta,q 0.98228 10.25220
  0.0205  0.0201  0.0193  0.0209  0.0203  0.0205  0.0195  0.0215  0.0189  0.0202  0.0185  0.0184
  0.0195  0.0193  0.0189  0.0200  0.0193  0.0198  0.0185  0.0196  0.0183  0.0189  0.0181  0.0180
  0.0189  0.0188  0.0187  0.0193  0.0186  0.0191  0.0179  0.0183  0.0179  0.0180  0.0178  0.0178
  0.0186  0.0186  0.0186  0.0186  0.0182  0.0182  0.0177  0.0177  0.0177  0.0177  0.0177  0.0177
  0.0188  0.0188  0.0187  0.0182  0.0183  0.0176  0.0180  0.0180  0.0179  0.0179  0.0178  0.0178
  0.0194  0.0193  0.0190  0.0183  0.0190  0.0180  0.0187  0.0191  0.0183  0.0183  0.0181  0.0180
  0.0205  0.0201  0.0194  0.0189  0.0202  0.0197  0.0198  0.0210  0.0190  0.0192  0.0185  0.0183
niter,ni,del,rscale     4    3    5.0000    0.7000
parameters
    2.8861   21.8819   10.3501  -14.0685  -11.4079   -2.3989
    1.2415    4.8318   -1.9081   -4.8234   -1.4771    1.2416
eta,q 0.98256 10.27354
  0.0193  0.0187  0.0189  0.0192  0.0194  0.0200  0.0191  0.0202  0.0184  0.0189  0.0180  0.0180
  0.0184  0.0181  0.0183  0.0185  0.0186  0.0193  0.0182  0.0188  0.0179  0.0180  0.0177  0.0176
  0.0179  0.0178  0.0179  0.0180  0.0180  0.0185  0.0177  0.0178  0.0176  0.0176  0.0175  0.0175
  0.0177  0.0177  0.0177  0.0177  0.0177  0.0177  0.0175  0.0175  0.0174  0.0175  0.0174  0.0174
  0.0180  0.0179  0.0177  0.0178  0.0177  0.0174  0.0176  0.0178  0.0176  0.0177  0.0175  0.0175
  0.0186  0.0184  0.0178  0.0185  0.0183  0.0179  0.0181  0.0188  0.0179  0.0182  0.0178  0.0177
  0.0196  0.0192  0.0181  0.0197  0.0192  0.0195  0.0188  0.0204  0.0184  0.0190  0.0182  0.0180
niter,ni,del,rscale     3    3    5.0000    0.6000
parameters
    2.8577   21.7850   10.5779  -14.0671  -11.3782   -1.9982
    1.2476    4.8431   -1.8421   -4.9383   -1.6446    1.2420
eta,q 0.98269 10.28483
  0.0187  0.0182  0.0183  0.0187  0.0187  0.0195  0.0184  0.0195  0.0180  0.0184  0.0178  0.0177
  0.0180  0.0178  0.0178  0.0181  0.0181  0.0188  0.0178  0.0184  0.0176  0.0178  0.0175  0.0175
  0.0176  0.0175  0.0176  0.0177  0.0176  0.0180  0.0174  0.0176  0.0174  0.0174  0.0173  0.0173
  0.0174  0.0174  0.0174  0.0174  0.0174  0.0174  0.0173  0.0173  0.0173  0.0173  0.0173  0.0173
  0.0176  0.0176  0.0174  0.0175  0.0175  0.0173  0.0174  0.0175  0.0174  0.0175  0.0174  0.0174
  0.0181  0.0179  0.0176  0.0179  0.0180  0.0178  0.0178  0.0183  0.0176  0.0179  0.0176  0.0175
  0.0188  0.0185  0.0178  0.0189  0.0187  0.0191  0.0184  0.0195  0.0180  0.0185  0.0179  0.0177
niter,ni,del,rscale     2    3    5.0000    0.5000
parameters
    2.8480   21.7293   10.7331  -14.0189  -11.3843   -1.6943
    1.2240    4.8739   -1.7862   -5.0070   -1.7633    1.2206
eta,q 0.98277 10.29241
  0.0182  0.0179  0.0179  0.0183  0.0182  0.0190  0.0180  0.0189  0.0177  0.0180  0.0176  0.0175
  0.0177  0.0176  0.0176  0.0178  0.0177  0.0183  0.0176  0.0180  0.0175  0.0176  0.0174  0.0173
  0.0174  0.0174  0.0174  0.0175  0.0174  0.0177  0.0173  0.0174  0.0173  0.0173  0.0173  0.0172
  0.0173  0.0173  0.0173  0.0173  0.0173  0.0173  0.0172  0.0172  0.0172  0.0172  0.0172  0.0172
  0.0174  0.0174  0.0173  0.0173  0.0174  0.0172  0.0173  0.0174  0.0173  0.0173  0.0173  0.0173
  0.0177  0.0176  0.0174  0.0177  0.0177  0.0176  0.0176  0.0179  0.0174  0.0176  0.0174  0.0174
  0.0183  0.0180  0.0176  0.0183  0.0182  0.0186  0.0180  0.0188  0.0177  0.0181  0.0176  0.0175
niter,ni,del,rscale     1    3    5.0000    0.4000
parameters
    2.8426   21.6949   10.8493  -13.9726  -11.3937   -1.4654
    1.2112    4.9004   -1.7606   -5.0617   -1.8279    1.1856
eta,q 0.98282 10.29738
  0.0178  0.0176  0.0176  0.0179  0.0178  0.0184  0.0177  0.0183  0.0175  0.0177  0.0174  0.0174
  0.0175  0.0174  0.0174  0.0176  0.0175  0.0179  0.0174  0.0177  0.0173  0.0174  0.0173  0.0173
  0.0173  0.0173  0.0173  0.0173  0.0173  0.0175  0.0172  0.0173  0.0172  0.0172  0.0172  0.0172
  0.0172  0.0172  0.0172  0.0172  0.0172  0.0172  0.0172  0.0172  0.0172  0.0172  0.0172  0.0172
  0.0173  0.0173  0.0172  0.0173  0.0173  0.0172  0.0172  0.0173  0.0172  0.0173  0.0172  0.0172
  0.0175  0.0174  0.0173  0.0175  0.0175  0.0175  0.0174  0.0176  0.0173  0.0175  0.0173  0.0173
  0.0178  0.0177  0.0174  0.0179  0.0178  0.0181  0.0177  0.0182  0.0175  0.0177  0.0174  0.0174
registration optimization eta report
parameter search radius
    0.8000    0.8000    0.8000    2.4000    2.4000    2.4000
    2.4000    2.4000    2.4000    2.4000    2.4000    2.4000
100000*second partial in parameter space
       94.       65.       44.       11.       10.       19.
        9.       19.        6.        9.        4.        3.
  0.0178  0.0176  0.0176  0.0179  0.0178  0.0184  0.0177  0.0183  0.0175  0.0177  0.0174  0.0174
  0.0175  0.0174  0.0174  0.0176  0.0175  0.0179  0.0174  0.0177  0.0173  0.0174  0.0173  0.0173
  0.0173  0.0173  0.0173  0.0173  0.0173  0.0175  0.0172  0.0173  0.0172  0.0172  0.0172  0.0172
  0.0172  0.0172  0.0172  0.0172  0.0172  0.0172  0.0172  0.0172  0.0172  0.0172  0.0172  0.0172
  0.0173  0.0173  0.0172  0.0173  0.0173  0.0172  0.0172  0.0173  0.0172  0.0173  0.0172  0.0172
  0.0175  0.0174  0.0173  0.0175  0.0175  0.0175  0.0174  0.0176  0.0173  0.0175  0.0173  0.0173
  0.0178  0.0177  0.0174  0.0179  0.0178  0.0181  0.0177  0.0182  0.0175  0.0177  0.0174  0.0174
    2.8426   21.6949   10.8493  -13.9726  -11.3937   -1.4654
    1.2112    4.9004   -1.7606   -5.0617   -1.8279    1.1856
eta,q 0.98282 10.29738

---------------------------------------------------------------------
imgreg_4dfp /opt/freesurfer/average/711-2C_as_mni_average_305 /opt/freesurfer/average/711-2B_as_mni_average_305_mask talsrcimg_g11 none talsrcimg_to_711-2C_as_mni_average_305_t4 2311
---------------------------------------------------------------------

freesurfer imgreg_4dfp.c
/opt/freesurfer/average/711-2C_as_mni_average_305.4dfp.img
       256       256       256         1
  1.000000  1.000000  1.000000
orientation T byte_order littleendian
Reading image: /opt/freesurfer/average/711-2C_as_mni_average_305.4dfp.img
dimensions:      256       256       256
mmppix:       1.0000   -1.0000   -1.0000
center:     128.0000 -129.0000 -129.0000
/opt/freesurfer/average/711-2B_as_mni_average_305_mask.4dfp.img
       256       256       256         1
  1.000000  1.000000  1.000000
orientation T byte_order littleendian
Reading mask: /opt/freesurfer/average/711-2B_as_mni_average_305_mask.4dfp.img (2306576 pixels)
talsrcimg_g11.4dfp.img
       256       256       256         1
  1.000000  1.000000  1.000000
orientation T byte_order littleendian
Reading image: talsrcimg_g11.4dfp.img
dimensions:      256       256       256
mmppix:       1.0000   -1.0000   -1.0000
center:     128.0000 -129.0000 -129.0000
fimgreg.f
image alignment mode   2311 decimal      907 hex
parameters
    2.8426   21.6949   10.8493  -13.9726  -11.3937   -1.4654
    1.2112    4.9004   -1.7606   -5.0617   -1.8279    1.1856
eta,q 0.98282 10.29738
niter,ni,del,rscale     5    3    5.0000    0.8000
parameters
    2.8415   21.6538   10.9659  -14.4693  -11.5295   -1.9270
    1.2916    4.8371   -1.7408   -5.2572   -1.7472    1.4084
eta,q 0.98265 10.27686
  0.0196  0.0188  0.0186  0.0190  0.0192  0.0199  0.0193  0.0207  0.0185  0.0192  0.0182  0.0181
  0.0183  0.0179  0.0178  0.0182  0.0183  0.0190  0.0183  0.0189  0.0179  0.0181  0.0177  0.0176
  0.0175  0.0174  0.0174  0.0175  0.0176  0.0179  0.0176  0.0178  0.0175  0.0175  0.0174  0.0174
  0.0172  0.0172  0.0172  0.0172  0.0172  0.0172  0.0174  0.0174  0.0174  0.0174  0.0173  0.0173
  0.0175  0.0174  0.0173  0.0175  0.0175  0.0175  0.0175  0.0177  0.0175  0.0177  0.0174  0.0174
  0.0183  0.0180  0.0176  0.0186  0.0183  0.0193  0.0182  0.0190  0.0179  0.0183  0.0177  0.0176
  0.0196  0.0189  0.0182  0.0204  0.0196  0.0220  0.0192  0.0210  0.0185  0.0194  0.0181  0.0179
niter,ni,del,rscale     4    3    5.0000    0.7000
parameters
    2.8635   21.6983   10.7787  -14.2974  -11.5075   -2.0015
    1.2239    4.8642   -1.7501   -5.1811   -1.7010    1.3707
eta,q 0.98269 10.27787
  0.0191  0.0186  0.0179  0.0191  0.0189  0.0197  0.0188  0.0201  0.0182  0.0189  0.0180  0.0178
  0.0182  0.0180  0.0175  0.0183  0.0182  0.0188  0.0180  0.0187  0.0177  0.0180  0.0176  0.0175
  0.0176  0.0175  0.0174  0.0177  0.0176  0.0179  0.0175  0.0177  0.0174  0.0175  0.0174  0.0174
  0.0173  0.0173  0.0173  0.0173  0.0173  0.0173  0.0173  0.0173  0.0173  0.0173  0.0173  0.0173
  0.0175  0.0175  0.0175  0.0173  0.0174  0.0173  0.0175  0.0176  0.0174  0.0175  0.0174  0.0174
  0.0181  0.0178  0.0178  0.0179  0.0180  0.0184  0.0180  0.0185  0.0177  0.0180  0.0176  0.0175
  0.0190  0.0185  0.0183  0.0190  0.0190  0.0205  0.0189  0.0201  0.0182  0.0188  0.0179  0.0178
niter,ni,del,rscale     3    3    5.0000    0.6000
parameters
    2.8637   21.7128   10.7503  -14.1416  -11.4592   -1.8542
    1.2087    4.8824   -1.7524   -5.1041   -1.7481    1.3025
eta,q 0.98274 10.28507
  0.0186  0.0182  0.0179  0.0187  0.0186  0.0193  0.0184  0.0194  0.0180  0.0185  0.0178  0.0176
  0.0179  0.0177  0.0175  0.0181  0.0179  0.0186  0.0178  0.0183  0.0176  0.0178  0.0175  0.0174
  0.0175  0.0174  0.0174  0.0176  0.0175  0.0178  0.0174  0.0176  0.0173  0.0174  0.0173  0.0173
  0.0173  0.0173  0.0173  0.0173  0.0173  0.0173  0.0173  0.0173  0.0173  0.0173  0.0173  0.0173
  0.0175  0.0174  0.0174  0.0173  0.0174  0.0172  0.0174  0.0175  0.0173  0.0174  0.0173  0.0173
  0.0179  0.0177  0.0176  0.0177  0.0178  0.0179  0.0178  0.0182  0.0176  0.0178  0.0175  0.0174
  0.0186  0.0182  0.0179  0.0186  0.0186  0.0194  0.0184  0.0195  0.0180  0.0183  0.0178  0.0176
niter,ni,del,rscale     2    3    5.0000    0.5000
parameters
    2.8551   21.7019   10.7978  -14.0410  -11.4236   -1.6498
    1.2022    4.8999   -1.7553   -5.0715   -1.7850    1.2558
eta,q 0.98279 10.29229
  0.0182  0.0179  0.0177  0.0182  0.0182  0.0189  0.0180  0.0188  0.0177  0.0181  0.0176  0.0175
  0.0177  0.0175  0.0175  0.0178  0.0177  0.0182  0.0176  0.0180  0.0174  0.0176  0.0174  0.0173
  0.0174  0.0173  0.0173  0.0175  0.0174  0.0176  0.0173  0.0174  0.0173  0.0173  0.0173  0.0172
  0.0173  0.0173  0.0173  0.0173  0.0173  0.0173  0.0172  0.0172  0.0172  0.0172  0.0172  0.0172
  0.0174  0.0173  0.0173  0.0173  0.0173  0.0172  0.0173  0.0174  0.0173  0.0173  0.0173  0.0173
  0.0177  0.0176  0.0174  0.0176  0.0176  0.0177  0.0176  0.0179  0.0174  0.0176  0.0174  0.0173
  0.0182  0.0179  0.0176  0.0182  0.0182  0.0187  0.0180  0.0188  0.0177  0.0180  0.0176  0.0175
niter,ni,del,rscale     1    3    5.0000    0.4000
parameters
    2.8484   21.6834   10.8717  -13.9836  -11.4044   -1.4493
    1.2005    4.9096   -1.7526   -5.0881   -1.8501    1.1694
eta,q 0.98282 10.29714
  0.0178  0.0176  0.0175  0.0179  0.0178  0.0184  0.0177  0.0183  0.0175  0.0177  0.0174  0.0173
  0.0175  0.0174  0.0174  0.0176  0.0175  0.0179  0.0174  0.0177  0.0173  0.0174  0.0173  0.0172
  0.0173  0.0173  0.0173  0.0173  0.0173  0.0174  0.0172  0.0173  0.0172  0.0172  0.0172  0.0172
  0.0172  0.0172  0.0172  0.0172  0.0172  0.0172  0.0172  0.0172  0.0172  0.0172  0.0172  0.0172
  0.0173  0.0173  0.0172  0.0173  0.0173  0.0172  0.0172  0.0173  0.0172  0.0173  0.0172  0.0172
  0.0175  0.0174  0.0173  0.0175  0.0175  0.0175  0.0174  0.0177  0.0173  0.0174  0.0173  0.0173
  0.0178  0.0177  0.0174  0.0179  0.0178  0.0182  0.0177  0.0183  0.0175  0.0177  0.0174  0.0174
registration optimization eta report
parameter search radius
    0.8000    0.8000    0.8000    2.4000    2.4000    2.4000
    2.4000    2.4000    2.4000    2.4000    2.4000    2.4000
100000*second partial in parameter space
       95.       65.       44.       11.       10.       19.
        9.       19.        5.        9.        4.        3.
  0.0178  0.0176  0.0175  0.0179  0.0178  0.0184  0.0177  0.0183  0.0175  0.0177  0.0174  0.0173
  0.0175  0.0174  0.0174  0.0176  0.0175  0.0179  0.0174  0.0177  0.0173  0.0174  0.0173  0.0172
  0.0173  0.0173  0.0173  0.0173  0.0173  0.0174  0.0172  0.0173  0.0172  0.0172  0.0172  0.0172
  0.0172  0.0172  0.0172  0.0172  0.0172  0.0172  0.0172  0.0172  0.0172  0.0172  0.0172  0.0172
  0.0173  0.0173  0.0172  0.0173  0.0173  0.0172  0.0172  0.0173  0.0172  0.0173  0.0172  0.0172
  0.0175  0.0174  0.0173  0.0175  0.0175  0.0175  0.0174  0.0177  0.0173  0.0174  0.0173  0.0173
  0.0178  0.0177  0.0174  0.0179  0.0178  0.0182  0.0177  0.0183  0.0175  0.0177  0.0174  0.0174
    2.8484   21.6834   10.8717  -13.9836  -11.4044   -1.4493
    1.2005    4.9096   -1.7526   -5.0881   -1.8501    1.1694
eta,q 0.98282 10.29714

---------------------------------------------------------------------
compute_vox2vox talsrcimg talsrcimg_to_711-2C_as_mni_average_305_t4 /opt/freesurfer/average/711-2C_as_mni_average_305
---------------------------------------------------------------------

freesurfer compute_vox2vox.c
Reading: talsrcimg.4dfp.ifh
Reading: talsrcimg_to_711-2C_as_mni_average_305_t4
Reading: /opt/freesurfer/average/711-2C_as_mni_average_305.4dfp.ifh
Writing: talsrcimg_to_711-2C_as_mni_average_305_t4_vox2vox.txt

start time Mon Mar 9 04:02:36 CET 2026
end		time Mon Mar 9 04:04:00 CET 2026

mpr2mni305 success

avi2talxfm orig_nu.mgz /opt/freesurfer/average/mni305.cor.mgz talsrcimg_to_711-2C_as_mni_average_305_t4_vox2vox.txt transforms/talairach.auto.xfm
avi2talxfm done
mv -f /out/sourcedata/freesurfer/sub-v1s18x0051217_ses-1/mri/talsrcimg_to_711-2C_as_mni_average_305_t4_vox2vox.txt /out/sourcedata/freesurfer/sub-v1s18x0051217_ses-1/mri/transforms/talsrcimg_to_711-2C_as_mni_average_305_t4_vox2vox.txt
lta_convert --src orig_nu.mgz --trg /opt/freesurfer/average/mni305.cor.mgz --inxfm transforms/talairach.auto.xfm --outlta transforms/talairach.auto.xfm.lta --subject fsaverage
7.3.2

--src: orig_nu.mgz src image (geometry).
--trg: /opt/freesurfer/average/mni305.cor.mgz trg image (geometry).
--inmni: transforms/talairach.auto.xfm input MNI/XFM transform.
--outlta: transforms/talairach.auto.xfm.lta output LTA.
--s: fsaverage subject name
 LTA read, type : 1
 1.16100  -0.05861  -0.01496   6.31912;
 0.02151   1.01293  -0.01366  -28.84958;
 0.02420   0.05701   1.12764  -21.60694;
 0.00000   0.00000   0.00000   1.00000;
setting subject to fsaverage
Writing  LTA to file transforms/talairach.auto.xfm.lta...
lta_convert successful.
 
 
Started at Mon Mar 9 04:02:35 CET 2026
Ended   at Mon Mar  9 04:04:01 CET 2026
talairach_avi done
