status file for recon-all
Mon Mar  9 06:25:43 CET 2026
#@# Tessellate lh Mon Mar  9 06:25:43 CET 2026
#@# Smooth1 lh Mon Mar  9 06:25:47 CET 2026
#@# Inflation1 lh Mon Mar  9 06:25:49 CET 2026
#@# QSphere lh Mon Mar  9 06:25:57 CET 2026
#@# Fix Topology lh Mon Mar  9 06:26:52 CET 2026
#@# Smooth2 lh Mon Mar  9 06:31:02 CET 2026
#@# Inflation2 lh Mon Mar  9 06:31:04 CET 2026
#@# Curv .H and .K lh Mon Mar  9 06:31:13 CET 2026
#@# Sphere lh Mon Mar  9 06:31:55 CET 2026
#@# Surf Reg lh Mon Mar  9 06:34:19 CET 2026
#@# Jacobian white lh Mon Mar  9 06:37:07 CET 2026
#@# AvgCurv lh Mon Mar  9 06:37:08 CET 2026
#@# Cortical Parc lh Mon Mar  9 06:37:08 CET 2026
#@# white curv lh Mon Mar  9 06:42:30 CET 2026
#@# white area lh Mon Mar  9 06:42:32 CET 2026
#@# pial curv lh Mon Mar  9 06:42:32 CET 2026
#@# pial area lh Mon Mar  9 06:42:33 CET 2026
#@# thickness lh Mon Mar  9 06:42:34 CET 2026
#@# area and vertex vol lh Mon Mar  9 06:43:00 CET 2026
#@# Curvature Stats lh Mon Mar  9 06:43:01 CET 2026
#@# Cortical Parc 2 lh Mon Mar  9 06:43:03 CET 2026
#@# Cortical Parc 3 lh Mon Mar  9 06:43:15 CET 2026
#@# WM/GM Contrast lh Mon Mar  9 06:43:23 CET 2026
recon-all -s sub-v1s18x0051228_ses-1 finished without error at Mon Mar  9 06:43:26 CET 2026



#New# invocation of recon-all 



status file for recon-all
Mon Mar  9 07:07:26 CET 2026
#@# white curv lh Mon Mar  9 07:07:26 CET 2026
#@# white area lh Mon Mar  9 07:07:26 CET 2026
#@# pial curv lh Mon Mar  9 07:07:26 CET 2026
#@# pial area lh Mon Mar  9 07:07:26 CET 2026
#@# thickness lh Mon Mar  9 07:07:26 CET 2026
#@# area and vertex vol lh Mon Mar  9 07:07:26 CET 2026
#@# Parcellation Stats lh Mon Mar  9 07:07:26 CET 2026
#@# Parcellation Stats 2 lh Mon Mar  9 07:07:41 CET 2026
#@# Parcellation Stats 3 lh Mon Mar  9 07:07:49 CET 2026
#@# BA_exvivo Labels lh Mon Mar  9 07:07:56 CET 2026
recon-all -s sub-v1s18x0051228_ses-1 finished without error at Mon Mar  9 07:10:04 CET 2026
