status file for recon-all
Mon Mar  9 06:43:28 CET 2026
#@# Tessellate rh Mon Mar  9 06:43:28 CET 2026
#@# Smooth1 rh Mon Mar  9 06:43:31 CET 2026
#@# Inflation1 rh Mon Mar  9 06:43:34 CET 2026
#@# QSphere rh Mon Mar  9 06:43:42 CET 2026
#@# Fix Topology rh Mon Mar  9 06:44:36 CET 2026
#@# Smooth2 rh Mon Mar  9 06:49:04 CET 2026
#@# Inflation2 rh Mon Mar  9 06:49:06 CET 2026
#@# Curv .H and .K rh Mon Mar  9 06:49:15 CET 2026
#@# Sphere rh Mon Mar  9 06:49:58 CET 2026
#@# Surf Reg rh Mon Mar  9 06:52:08 CET 2026
#@# Jacobian white rh Mon Mar  9 06:55:29 CET 2026
#@# AvgCurv rh Mon Mar  9 06:55:30 CET 2026
#@# Cortical Parc rh Mon Mar  9 06:55:31 CET 2026
#@# white curv rh Mon Mar  9 07:01:42 CET 2026
#@# white area rh Mon Mar  9 07:01:43 CET 2026
#@# pial curv rh Mon Mar  9 07:01:44 CET 2026
#@# pial area rh Mon Mar  9 07:01:45 CET 2026
#@# thickness rh Mon Mar  9 07:01:46 CET 2026
#@# area and vertex vol rh Mon Mar  9 07:02:13 CET 2026
#@# Curvature Stats rh Mon Mar  9 07:02:14 CET 2026
#@# Cortical Parc 2 rh Mon Mar  9 07:02:16 CET 2026
#@# Cortical Parc 3 rh Mon Mar  9 07:02:27 CET 2026
#@# WM/GM Contrast rh Mon Mar  9 07:02:36 CET 2026
recon-all -s sub-v1s18x0051228_ses-1 finished without error at Mon Mar  9 07:02:39 CET 2026



#New# invocation of recon-all 



status file for recon-all
Mon Mar  9 07:10:06 CET 2026
#@# white curv rh Mon Mar  9 07:10:06 CET 2026
#@# white area rh Mon Mar  9 07:10:06 CET 2026
#@# pial curv rh Mon Mar  9 07:10:06 CET 2026
#@# pial area rh Mon Mar  9 07:10:06 CET 2026
#@# thickness rh Mon Mar  9 07:10:06 CET 2026
#@# area and vertex vol rh Mon Mar  9 07:10:06 CET 2026
#@# Parcellation Stats rh Mon Mar  9 07:10:06 CET 2026
#@# Parcellation Stats 2 rh Mon Mar  9 07:10:22 CET 2026
#@# Parcellation Stats 3 rh Mon Mar  9 07:10:30 CET 2026
#@# BA_exvivo Labels rh Mon Mar  9 07:10:38 CET 2026
recon-all -s sub-v1s18x0051228_ses-1 finished without error at Mon Mar  9 07:12:45 CET 2026
