status file for recon-all
Mon Mar  9 04:51:29 CET 2026
#@# MotionCor Mon Mar  9 04:51:31 CET 2026
#@# Talairach Mon Mar  9 04:51:38 CET 2026
#@# Talairach Failure Detection Mon Mar  9 04:56:01 CET 2026
#@# Nu Intensity Correction Mon Mar  9 04:56:01 CET 2026
#@# Intensity Normalization Mon Mar  9 04:59:14 CET 2026
recon-all -s sub-v1s18x0051228_ses-1 finished without error at Mon Mar  9 05:00:41 CET 2026



#New# invocation of recon-all 



status file for recon-all
Mon Mar  9 05:07:29 CET 2026
#@# EM Registration Mon Mar  9 05:07:29 CET 2026
recon-all -s sub-v1s18x0051228_ses-1 finished without error at Mon Mar  9 05:09:09 CET 2026



#New# invocation of recon-all 



status file for recon-all
Mon Mar  9 05:09:13 CET 2026
#@# CA Normalize Mon Mar  9 05:09:13 CET 2026
#@# CA Reg Mon Mar  9 05:10:35 CET 2026
#@# SubCort Seg Mon Mar  9 05:53:39 CET 2026
#@# CC Seg Mon Mar  9 06:20:10 CET 2026
#@# Merge ASeg Mon Mar  9 06:20:42 CET 2026
#@# Intensity Normalization2 Mon Mar  9 06:20:42 CET 2026
#@# Mask BFS Mon Mar  9 06:22:50 CET 2026
#@# WM Segmentation Mon Mar  9 06:22:50 CET 2026
#@# Fill Mon Mar  9 06:24:38 CET 2026
recon-all -s sub-v1s18x0051228_ses-1 finished without error at Mon Mar  9 06:25:38 CET 2026



#New# invocation of recon-all 



status file for recon-all
Mon Mar  9 07:02:42 CET 2026
#@# white curv lh Mon Mar  9 07:02:42 CET 2026
#@# white area lh Mon Mar  9 07:02:42 CET 2026
#@# pial curv lh Mon Mar  9 07:02:42 CET 2026
#@# pial area lh Mon Mar  9 07:02:42 CET 2026
#@# thickness lh Mon Mar  9 07:02:42 CET 2026
#@# area and vertex vol lh Mon Mar  9 07:02:42 CET 2026
#@# white curv rh Mon Mar  9 07:02:42 CET 2026
#@# white area rh Mon Mar  9 07:02:42 CET 2026
#@# pial curv rh Mon Mar  9 07:02:42 CET 2026
#@# pial area rh Mon Mar  9 07:02:42 CET 2026
#@# thickness rh Mon Mar  9 07:02:42 CET 2026
#@# area and vertex vol rh Mon Mar  9 07:02:42 CET 2026
#@# Cortical ribbon mask Mon Mar  9 07:02:42 CET 2026
recon-all -s sub-v1s18x0051228_ses-1 finished without error at Mon Mar  9 07:07:23 CET 2026



#New# invocation of recon-all 



status file for recon-all
Mon Mar  9 07:12:52 CET 2026
#@# white curv lh Mon Mar  9 07:12:52 CET 2026
#@# white area lh Mon Mar  9 07:12:52 CET 2026
#@# pial curv lh Mon Mar  9 07:12:52 CET 2026
#@# pial area lh Mon Mar  9 07:12:52 CET 2026
#@# thickness lh Mon Mar  9 07:12:52 CET 2026
#@# area and vertex vol lh Mon Mar  9 07:12:52 CET 2026
#@# white curv rh Mon Mar  9 07:12:52 CET 2026
#@# white area rh Mon Mar  9 07:12:52 CET 2026
#@# pial curv rh Mon Mar  9 07:12:52 CET 2026
#@# pial area rh Mon Mar  9 07:12:52 CET 2026
#@# thickness rh Mon Mar  9 07:12:52 CET 2026
#@# area and vertex vol rh Mon Mar  9 07:12:52 CET 2026
#@# Curvature Stats lh Mon Mar  9 07:12:52 CET 2026
#@# Curvature Stats rh Mon Mar  9 07:12:54 CET 2026
#@# Relabel Hypointensities Mon Mar  9 07:12:56 CET 2026
#@# APas-to-ASeg Mon Mar  9 07:13:10 CET 2026
#@# AParc-to-ASeg aparc Mon Mar  9 07:13:17 CET 2026
#@# AParc-to-ASeg aparc.a2009s Mon Mar  9 07:13:52 CET 2026
#@# AParc-to-ASeg aparc.DKTatlas Mon Mar  9 07:14:28 CET 2026
#@# WMParc Mon Mar  9 07:15:00 CET 2026
#@# ASeg Stats Mon Mar  9 07:18:23 CET 2026
recon-all -s sub-v1s18x0051228_ses-1 finished without error at Mon Mar  9 07:18:54 CET 2026
