status file for recon-all
Mon Mar  9 05:15:09 CET 2026
#@# MotionCor Mon Mar  9 05:15:10 CET 2026
#@# Talairach Mon Mar  9 05:15:18 CET 2026
#@# Talairach Failure Detection Mon Mar  9 05:19:40 CET 2026
#@# Nu Intensity Correction Mon Mar  9 05:19:40 CET 2026
#@# Intensity Normalization Mon Mar  9 05:22:54 CET 2026
recon-all -s sub-v1s18x0051236_ses-1 finished without error at Mon Mar  9 05:24:24 CET 2026



#New# invocation of recon-all 



status file for recon-all
Mon Mar  9 05:31:09 CET 2026
#@# EM Registration Mon Mar  9 05:31:10 CET 2026
recon-all -s sub-v1s18x0051236_ses-1 finished without error at Mon Mar  9 05:32:33 CET 2026



#New# invocation of recon-all 



status file for recon-all
Mon Mar  9 05:32:34 CET 2026
#@# CA Normalize Mon Mar  9 05:32:34 CET 2026
#@# CA Reg Mon Mar  9 05:33:56 CET 2026
#@# SubCort Seg Mon Mar  9 06:15:38 CET 2026
#@# CC Seg Mon Mar  9 06:40:40 CET 2026
#@# Merge ASeg Mon Mar  9 06:41:11 CET 2026
#@# Intensity Normalization2 Mon Mar  9 06:41:11 CET 2026
#@# Mask BFS Mon Mar  9 06:43:24 CET 2026
#@# WM Segmentation Mon Mar  9 06:43:24 CET 2026
#@# Fill Mon Mar  9 06:45:12 CET 2026
recon-all -s sub-v1s18x0051236_ses-1 finished without error at Mon Mar  9 06:46:13 CET 2026



#New# invocation of recon-all 



status file for recon-all
Mon Mar  9 07:19:52 CET 2026
#@# white curv lh Mon Mar  9 07:19:52 CET 2026
#@# white area lh Mon Mar  9 07:19:52 CET 2026
#@# pial curv lh Mon Mar  9 07:19:52 CET 2026
#@# pial area lh Mon Mar  9 07:19:52 CET 2026
#@# thickness lh Mon Mar  9 07:19:52 CET 2026
#@# area and vertex vol lh Mon Mar  9 07:19:52 CET 2026
#@# white curv rh Mon Mar  9 07:19:52 CET 2026
#@# white area rh Mon Mar  9 07:19:52 CET 2026
#@# pial curv rh Mon Mar  9 07:19:52 CET 2026
#@# pial area rh Mon Mar  9 07:19:52 CET 2026
#@# thickness rh Mon Mar  9 07:19:52 CET 2026
#@# area and vertex vol rh Mon Mar  9 07:19:52 CET 2026
#@# Cortical ribbon mask Mon Mar  9 07:19:52 CET 2026
recon-all -s sub-v1s18x0051236_ses-1 finished without error at Mon Mar  9 07:24:11 CET 2026



#New# invocation of recon-all 



status file for recon-all
Mon Mar  9 07:29:39 CET 2026
#@# white curv lh Mon Mar  9 07:29:39 CET 2026
#@# white area lh Mon Mar  9 07:29:39 CET 2026
#@# pial curv lh Mon Mar  9 07:29:39 CET 2026
#@# pial area lh Mon Mar  9 07:29:39 CET 2026
#@# thickness lh Mon Mar  9 07:29:39 CET 2026
#@# area and vertex vol lh Mon Mar  9 07:29:39 CET 2026
#@# white curv rh Mon Mar  9 07:29:39 CET 2026
#@# white area rh Mon Mar  9 07:29:39 CET 2026
#@# pial curv rh Mon Mar  9 07:29:39 CET 2026
#@# pial area rh Mon Mar  9 07:29:39 CET 2026
#@# thickness rh Mon Mar  9 07:29:39 CET 2026
#@# area and vertex vol rh Mon Mar  9 07:29:39 CET 2026
#@# Curvature Stats lh Mon Mar  9 07:29:39 CET 2026
#@# Curvature Stats rh Mon Mar  9 07:29:41 CET 2026
#@# Relabel Hypointensities Mon Mar  9 07:29:43 CET 2026
#@# APas-to-ASeg Mon Mar  9 07:29:57 CET 2026
#@# AParc-to-ASeg aparc Mon Mar  9 07:30:04 CET 2026
#@# AParc-to-ASeg aparc.a2009s Mon Mar  9 07:30:42 CET 2026
#@# AParc-to-ASeg aparc.DKTatlas Mon Mar  9 07:31:21 CET 2026
#@# WMParc Mon Mar  9 07:31:59 CET 2026
#@# ASeg Stats Mon Mar  9 07:35:25 CET 2026
recon-all -s sub-v1s18x0051236_ses-1 finished without error at Mon Mar  9 07:35:56 CET 2026
