status file for recon-all
Mon Mar  9 07:02:46 CET 2026
#@# Tessellate rh Mon Mar  9 07:02:46 CET 2026
#@# Smooth1 rh Mon Mar  9 07:02:49 CET 2026
#@# Inflation1 rh Mon Mar  9 07:02:52 CET 2026
#@# QSphere rh Mon Mar  9 07:03:00 CET 2026
#@# Fix Topology rh Mon Mar  9 07:03:51 CET 2026
#@# Smooth2 rh Mon Mar  9 07:08:08 CET 2026
#@# Inflation2 rh Mon Mar  9 07:08:10 CET 2026
#@# Curv .H and .K rh Mon Mar  9 07:08:20 CET 2026
#@# Sphere rh Mon Mar  9 07:09:01 CET 2026
#@# Surf Reg rh Mon Mar  9 07:10:42 CET 2026
#@# Jacobian white rh Mon Mar  9 07:13:36 CET 2026
#@# AvgCurv rh Mon Mar  9 07:13:37 CET 2026
#@# Cortical Parc rh Mon Mar  9 07:13:37 CET 2026
#@# white curv rh Mon Mar  9 07:18:53 CET 2026
#@# white area rh Mon Mar  9 07:18:55 CET 2026
#@# pial curv rh Mon Mar  9 07:18:55 CET 2026
#@# pial area rh Mon Mar  9 07:18:56 CET 2026
#@# thickness rh Mon Mar  9 07:18:57 CET 2026
#@# area and vertex vol rh Mon Mar  9 07:19:23 CET 2026
#@# Curvature Stats rh Mon Mar  9 07:19:24 CET 2026
#@# Cortical Parc 2 rh Mon Mar  9 07:19:26 CET 2026
#@# Cortical Parc 3 rh Mon Mar  9 07:19:37 CET 2026
#@# WM/GM Contrast rh Mon Mar  9 07:19:46 CET 2026
recon-all -s sub-v1s18x0051236_ses-1 finished without error at Mon Mar  9 07:19:48 CET 2026



#New# invocation of recon-all 



status file for recon-all
Mon Mar  9 07:26:57 CET 2026
#@# white curv rh Mon Mar  9 07:26:57 CET 2026
#@# white area rh Mon Mar  9 07:26:57 CET 2026
#@# pial curv rh Mon Mar  9 07:26:57 CET 2026
#@# pial area rh Mon Mar  9 07:26:57 CET 2026
#@# thickness rh Mon Mar  9 07:26:57 CET 2026
#@# area and vertex vol rh Mon Mar  9 07:26:57 CET 2026
#@# Parcellation Stats rh Mon Mar  9 07:26:57 CET 2026
#@# Parcellation Stats 2 rh Mon Mar  9 07:27:11 CET 2026
#@# Parcellation Stats 3 rh Mon Mar  9 07:27:19 CET 2026
#@# BA_exvivo Labels rh Mon Mar  9 07:27:27 CET 2026
recon-all -s sub-v1s18x0051236_ses-1 finished without error at Mon Mar  9 07:29:34 CET 2026
