status file for recon-all
Mon Mar  9 06:09:33 CET 2026
#@# MotionCor Mon Mar  9 06:09:35 CET 2026
#@# Talairach Mon Mar  9 06:09:42 CET 2026
#@# Talairach Failure Detection Mon Mar  9 06:14:06 CET 2026
#@# Nu Intensity Correction Mon Mar  9 06:14:06 CET 2026
#@# Intensity Normalization Mon Mar  9 06:17:23 CET 2026
recon-all -s sub-v1s18x0051256_ses-1 finished without error at Mon Mar  9 06:18:50 CET 2026



#New# invocation of recon-all 



status file for recon-all
Mon Mar  9 06:26:10 CET 2026
#@# EM Registration Mon Mar  9 06:26:10 CET 2026
recon-all -s sub-v1s18x0051256_ses-1 finished without error at Mon Mar  9 06:28:09 CET 2026



#New# invocation of recon-all 



status file for recon-all
Mon Mar  9 06:28:12 CET 2026
#@# CA Normalize Mon Mar  9 06:28:12 CET 2026
#@# CA Reg Mon Mar  9 06:29:32 CET 2026
#@# SubCort Seg Mon Mar  9 07:16:59 CET 2026
#@# CC Seg Mon Mar  9 07:44:49 CET 2026
#@# Merge ASeg Mon Mar  9 07:45:26 CET 2026
#@# Intensity Normalization2 Mon Mar  9 07:45:26 CET 2026
#@# Mask BFS Mon Mar  9 07:47:39 CET 2026
#@# WM Segmentation Mon Mar  9 07:47:40 CET 2026
#@# Fill Mon Mar  9 07:49:32 CET 2026
recon-all -s sub-v1s18x0051256_ses-1 finished without error at Mon Mar  9 07:50:34 CET 2026



#New# invocation of recon-all 



status file for recon-all
Mon Mar  9 08:32:53 CET 2026
#@# white curv lh Mon Mar  9 08:32:53 CET 2026
#@# white area lh Mon Mar  9 08:32:53 CET 2026
#@# pial curv lh Mon Mar  9 08:32:53 CET 2026
#@# pial area lh Mon Mar  9 08:32:53 CET 2026
#@# thickness lh Mon Mar  9 08:32:53 CET 2026
#@# area and vertex vol lh Mon Mar  9 08:32:53 CET 2026
#@# white curv rh Mon Mar  9 08:32:53 CET 2026
#@# white area rh Mon Mar  9 08:32:53 CET 2026
#@# pial curv rh Mon Mar  9 08:32:53 CET 2026
#@# pial area rh Mon Mar  9 08:32:53 CET 2026
#@# thickness rh Mon Mar  9 08:32:53 CET 2026
#@# area and vertex vol rh Mon Mar  9 08:32:53 CET 2026
#@# Cortical ribbon mask Mon Mar  9 08:32:53 CET 2026
recon-all -s sub-v1s18x0051256_ses-1 finished without error at Mon Mar  9 08:37:45 CET 2026



#New# invocation of recon-all 



status file for recon-all
Mon Mar  9 08:44:07 CET 2026
#@# white curv lh Mon Mar  9 08:44:07 CET 2026
#@# white area lh Mon Mar  9 08:44:07 CET 2026
#@# pial curv lh Mon Mar  9 08:44:07 CET 2026
#@# pial area lh Mon Mar  9 08:44:07 CET 2026
#@# thickness lh Mon Mar  9 08:44:07 CET 2026
#@# area and vertex vol lh Mon Mar  9 08:44:07 CET 2026
#@# white curv rh Mon Mar  9 08:44:07 CET 2026
#@# white area rh Mon Mar  9 08:44:07 CET 2026
#@# pial curv rh Mon Mar  9 08:44:07 CET 2026
#@# pial area rh Mon Mar  9 08:44:07 CET 2026
#@# thickness rh Mon Mar  9 08:44:07 CET 2026
#@# area and vertex vol rh Mon Mar  9 08:44:07 CET 2026
#@# Curvature Stats lh Mon Mar  9 08:44:07 CET 2026
#@# Curvature Stats rh Mon Mar  9 08:44:09 CET 2026
#@# Relabel Hypointensities Mon Mar  9 08:44:12 CET 2026
#@# APas-to-ASeg Mon Mar  9 08:44:26 CET 2026
#@# AParc-to-ASeg aparc Mon Mar  9 08:44:35 CET 2026
#@# AParc-to-ASeg aparc.a2009s Mon Mar  9 08:45:08 CET 2026
#@# AParc-to-ASeg aparc.DKTatlas Mon Mar  9 08:45:41 CET 2026
#@# WMParc Mon Mar  9 08:46:12 CET 2026
#@# ASeg Stats Mon Mar  9 08:49:48 CET 2026
recon-all -s sub-v1s18x0051256_ses-1 finished without error at Mon Mar  9 08:50:28 CET 2026
