/out/sourcedata/freesurfer/sub-v1s18x0051282_ses-1/mri
/opt/freesurfer/bin/talairach_avi
--i orig_nu.mgz --xfm transforms/talairach.auto.xfm
talairach_avi 7.3.2
Linux dna054 5.14.0-427.37.1.el9_4.x86_64 #1 SMP PREEMPT_DYNAMIC Fri Sep 13 12:41:50 EDT 2024 x86_64 x86_64 x86_64 GNU/Linux
Thu Mar 12 12:17:22 CET 2026
mri_convert orig_nu.mgz talsrcimg.img 
reading from orig_nu.mgz...
TR=0.00, TE=0.00, TI=0.00, flip angle=0.00
i_ras = (-1, 0, 0)
j_ras = (0, 0, -1)
k_ras = (0, 1, 0)
writing to talsrcimg.img...
Analyze Output Matrix
-1.00000   0.00000   0.00000   142.91704;
 0.00000   0.00000   1.00000  -123.16270;
 0.00000  -1.00000   0.00000   113.05084;
 0.00000   0.00000   0.00000   1.00000;
--------------------
INFO: set hdr.hist.orient to -1
mpr2mni305 talsrcimg
Thu Mar 12 12:17:23 CET 2026
/opt/freesurfer/bin/mpr2mni305 talsrcimg
mpr2mni305 7.3.2
target=711-2C_as_mni_average_305

---------------------------------------------------------------------
analyzeto4dfp talsrcimg -O0 -y
---------------------------------------------------------------------

freesurfer ifh2hdr.c
Thu Mar 12 12:17:23 2026
Writing: talsrcimg.4dfp.hdr
freesurfer analyzeto4dfp.c
Reading: talsrcimg.hdr
header size 348 bytes
hdr.dime.datatype	offset=70	value=2
hdr.dime.bitpix		offset=72	value=8
hdr.hist.orient		offset=252	value=-1
dimensionality     4
dimensions       256       256       256         1
Reading: talsrcimg.img
Writing: talsrcimg.4dfp.img
Writing: talsrcimg.4dfp.ifh
ifh2hdr talsrcimg -r0to224
ori=2

---------------------------------------------------------------------
gauss_4dfp talsrcimg 1.1
---------------------------------------------------------------------

freesurfer gauss_4dfp.c
Reading: talsrcimg.4dfp.img
Writing: talsrcimg_g11.4dfp.img
image dimensions 256 256 256 padded to 288 288 288
processing volume 1freesurfer ifh2hdr.c
Thu Mar 12 12:17:25 2026
Writing: talsrcimg_g11.4dfp.hdr

Writing: talsrcimg_g11.4dfp.ifh
including: talsrcimg.4dfp.img.rec in talsrcimg_g11.4dfp.img.rec

---------------------------------------------------------------------
imgreg_4dfp /opt/freesurfer/average/711-2C_as_mni_average_305 none talsrcimg_g11 none talsrcimg_to_711-2C_as_mni_average_305_t4 4355
---------------------------------------------------------------------

freesurfer imgreg_4dfp.c
/opt/freesurfer/average/711-2C_as_mni_average_305.4dfp.img
       256       256       256         1
  1.000000  1.000000  1.000000
orientation T byte_order littleendian
Reading image: /opt/freesurfer/average/711-2C_as_mni_average_305.4dfp.img
dimensions:      256       256       256
mmppix:       1.0000   -1.0000   -1.0000
center:     128.0000 -129.0000 -129.0000
talsrcimg_g11.4dfp.img
       256       256       256         1
  1.000000  1.000000  1.000000
orientation T byte_order littleendian
Reading image: talsrcimg_g11.4dfp.img
dimensions:      256       256       256
mmppix:       1.0000   -1.0000   -1.0000
center:     128.0000 -129.0000 -129.0000
t4_read: open error in t4_sub.f l:  41 t4_file(1:l)talsrcimg_to_711-2C_as_mni_average_305_t4 
t4_read: transform initialized to I4
rotation matrix determinant  1.000000
image alignment mode   4355 decimal     1103 hex
   -7.5000  -45.0000  -45.0000 5267.0923   22.9564
    0.0000  -45.0000  -45.0000 5514.3979   23.0818
    7.5000  -45.0000  -45.0000 5282.4043   23.1158
   -7.5000  -37.5000  -45.0000 5696.9868   22.1573
    0.0000  -37.5000  -45.0000 5950.9067   22.2663
    7.5000  -37.5000  -45.0000 5709.1636   22.3080
   -7.5000  -30.0000  -45.0000 6393.5190   21.7368
    0.0000  -30.0000  -45.0000 6666.8965   21.8279
    7.5000  -30.0000  -45.0000 6399.1807   21.8776
   -7.5000  -22.5000  -45.0000 7165.1113   21.5449
    0.0000  -22.5000  -45.0000 7472.2383   21.6308
    7.5000  -22.5000  -45.0000 7161.9561   21.6787
   -7.5000  -15.0000  -45.0000 8030.3652   21.3789
    0.0000  -15.0000  -45.0000 8360.3057   21.4732
    7.5000  -15.0000  -45.0000 7997.4595   21.5122
   -7.5000   -7.5000  -45.0000 8907.5527   21.2807
    0.0000   -7.5000  -45.0000 9260.8789   21.3894
    7.5000   -7.5000  -45.0000 8857.8125   21.4198
   -7.5000    0.0000  -45.0000 9683.6846   21.2806
    0.0000    0.0000  -45.000010060.6777   21.3965
    7.5000    0.0000  -45.0000 9603.3203   21.4254
   -7.5000    7.5000  -45.0000 9700.3682   21.3091
    0.0000    7.5000  -45.000010052.5859   21.4164
    7.5000    7.5000  -45.0000 9587.4502   21.4542
   -7.5000   15.0000  -45.0000 9585.6621   21.3266
    0.0000   15.0000  -45.0000 9935.5068   21.4186
    7.5000   15.0000  -45.0000 9464.9961   21.4658
   -7.5000   22.5000  -45.0000 9389.9541   21.3073
    0.0000   22.5000  -45.0000 9736.3398   21.3937
    7.5000   22.5000  -45.0000 9271.8789   21.4399
   -7.5000   30.0000  -45.0000 9053.5117   20.9983
    0.0000   30.0000  -45.0000 9353.8174   21.0915
    7.5000   30.0000  -45.0000 8953.8105   21.1293
   -7.5000   37.5000  -45.0000 9052.5996   20.9838
    0.0000   37.5000  -45.0000 9338.6240   21.0910
    7.5000   37.5000  -45.0000 8930.4922   21.1209
   -7.5000   45.0000  -45.0000 8627.1348   20.4638
    0.0000   45.0000  -45.0000 8870.1318   20.5753
    7.5000   45.0000  -45.0000 8483.3652   20.6031
   -7.5000  -45.0000  -37.5000 5619.7266   22.5265
    0.0000  -45.0000  -37.5000 5873.1509   22.6473
    7.5000  -45.0000  -37.5000 5628.6699   22.6784
   -7.5000  -37.5000  -37.5000 6104.0352   21.7532
    0.0000  -37.5000  -37.5000 6357.5420   21.8601
    7.5000  -37.5000  -37.5000 6089.1421   21.8982
   -7.5000  -30.0000  -37.5000 6859.1060   21.3538
    0.0000  -30.0000  -37.5000 7125.4629   21.4437
    7.5000  -30.0000  -37.5000 6821.4341   21.4903
   -7.5000  -22.5000  -37.5000 7693.9712   21.1786
    0.0000  -22.5000  -37.5000 7990.9185   21.2615
    7.5000  -22.5000  -37.5000 7647.0430   21.3085
   -7.5000  -15.0000  -37.5000 8548.5645   21.0220
    0.0000  -15.0000  -37.5000 8884.3252   21.1109
    7.5000  -15.0000  -37.5000 8514.4502   21.1505
   -7.5000   -7.5000  -37.5000 9456.5049   20.9215
    0.0000   -7.5000  -37.5000 9819.3730   21.0242
    7.5000   -7.5000  -37.5000 9401.3311   21.0542
   -7.5000    0.0000  -37.500010271.8770   20.9133
    0.0000    0.0000  -37.500010679.7080   21.0252
    7.5000    0.0000  -37.500010183.7773   21.0517
   -7.5000    7.5000  -37.500010271.4502   20.9372
    0.0000    7.5000  -37.500010650.7686   21.0425
    7.5000    7.5000  -37.500010182.3184   21.0769
   -7.5000   15.0000  -37.500010135.6758   20.9580
    0.0000   15.0000  -37.500010534.7412   21.0487
    7.5000   15.0000  -37.500010051.8799   21.0930
   -7.5000   22.5000  -37.5000 9956.5000   20.9478
    0.0000   22.5000  -37.500010326.0293   21.0312
    7.5000   22.5000  -37.5000 9848.7002   21.0766
   -7.5000   30.0000  -37.5000 9592.3750   20.6481
    0.0000   30.0000  -37.5000 9917.4443   20.7358
    7.5000   30.0000  -37.5000 9460.9131   20.7742
   -7.5000   37.5000  -37.5000 9570.2148   20.6294
    0.0000   37.5000  -37.5000 9892.0635   20.7306
    7.5000   37.5000  -37.5000 9413.5762   20.7602
   -7.5000   45.0000  -37.5000 9146.9189   20.1107
    0.0000   45.0000  -37.5000 9404.4141   20.2182
    7.5000   45.0000  -37.5000 8967.9170   20.2437
   -7.5000  -45.0000  -30.0000 6097.6753   23.2425
    0.0000  -45.0000  -30.0000 6363.3896   23.3632
    7.5000  -45.0000  -30.0000 6114.2236   23.3781
   -7.5000  -37.5000  -30.0000 6600.5298   22.4446
    0.0000  -37.5000  -30.0000 6857.7695   22.5544
    7.5000  -37.5000  -30.0000 6597.4219   22.5804
   -7.5000  -30.0000  -30.0000 7445.7529   22.0303
    0.0000  -30.0000  -30.0000 7701.4038   22.1239
    7.5000  -30.0000  -30.0000 7394.2236   22.1601
   -7.5000  -22.5000  -30.0000 8373.2539   21.8523
    0.0000  -22.5000  -30.0000 8676.7734   21.9380
    7.5000  -22.5000  -30.0000 8306.7949   21.9740
   -7.5000  -15.0000  -30.0000 9324.1221   21.6995
    0.0000  -15.0000  -30.0000 9656.1709   21.7890
    7.5000  -15.0000  -30.0000 9231.0361   21.8156
   -7.5000   -7.5000  -30.000010303.6855   21.6032
    0.0000   -7.5000  -30.000010677.2217   21.7053
    7.5000   -7.5000  -30.000010207.5557   21.7207
   -7.5000    0.0000  -30.000011140.8574   21.5954
    0.0000    0.0000  -30.000011604.5098   21.7078
    7.5000    0.0000  -30.000011058.8125   21.7207
   -7.5000    7.5000  -30.000011127.3564   21.6134
    0.0000    7.5000  -30.000011573.1152   21.7216
    7.5000    7.5000  -30.000011028.8223   21.7448
   -7.5000   15.0000  -30.000010998.7998   21.6285
    0.0000   15.0000  -30.000011435.5273   21.7229
    7.5000   15.0000  -30.000010863.1016   21.7572
   -7.5000   22.5000  -30.000010794.2432   21.6158
    0.0000   22.5000  -30.000011173.6094   21.7020
    7.5000   22.5000  -30.000010614.7656   21.7364
   -7.5000   30.0000  -30.000010353.3496   21.3166
    0.0000   30.0000  -30.000010717.8193   21.4050
    7.5000   30.0000  -30.000010179.8740   21.4306
   -7.5000   37.5000  -30.000010312.8447   21.3037
    0.0000   37.5000  -30.000010670.1104   21.4043
    7.5000   37.5000  -30.000010117.9209   21.4196
   -7.5000   45.0000  -30.0000 9893.9072   20.7818
    0.0000   45.0000  -30.000010208.0234   20.8900
    7.5000   45.0000  -30.0000 9680.9844   20.9024
   -7.5000  -45.0000  -22.5000 6568.1387   24.0362
    0.0000  -45.0000  -22.5000 6846.1831   24.1579
    7.5000  -45.0000  -22.5000 6585.4258   24.1569
   -7.5000  -37.5000  -22.5000 7123.6284   23.1992
    0.0000  -37.5000  -22.5000 7414.3330   23.3106
    7.5000  -37.5000  -22.5000 7117.6885   23.3260
   -7.5000  -30.0000  -22.5000 8058.0239   22.7557
    0.0000  -30.0000  -22.5000 8361.8770   22.8517
    7.5000  -30.0000  -22.5000 8014.0542   22.8786
   -7.5000  -22.5000  -22.5000 9074.0996   22.5685
    0.0000  -22.5000  -22.5000 9435.2461   22.6578
    7.5000  -22.5000  -22.5000 9032.9121   22.6816
   -7.5000  -15.0000  -22.500010090.0938   22.4214
    0.0000  -15.0000  -22.500010474.9131   22.5146
    7.5000  -15.0000  -22.500010002.1299   22.5253
   -7.5000   -7.5000  -22.500011141.7109   22.3356
    0.0000   -7.5000  -22.500011597.0898   22.4402
    7.5000   -7.5000  -22.500011039.9482   22.4392
   -7.5000    0.0000  -22.500012047.3633   22.3311
    0.0000    0.0000  -22.500012588.8750   22.4453
    7.5000    0.0000  -22.500011961.1992   22.4450
   -7.5000    7.5000  -22.500012008.1318   22.3407
    0.0000    7.5000  -22.500012551.8174   22.4506
    7.5000    7.5000  -22.500011885.2646   22.4640
   -7.5000   15.0000  -22.500011910.0654   22.3439
    0.0000   15.0000  -22.500012399.5225   22.4407
    7.5000   15.0000  -22.500011707.7715   22.4660
   -7.5000   22.5000  -22.500011699.8730   22.3260
    0.0000   22.5000  -22.500012153.3105   22.4157
    7.5000   22.5000  -22.500011475.6699   22.4382
   -7.5000   30.0000  -22.500011247.9180   22.0307
    0.0000   30.0000  -22.500011711.4668   22.1229
    7.5000   30.0000  -22.500011027.3301   22.1329
   -7.5000   37.5000  -22.500011190.7695   22.0296
    0.0000   37.5000  -22.500011622.4971   22.1329
    7.5000   37.5000  -22.500010927.0713   22.1319
   -7.5000   45.0000  -22.500010701.8926   21.5060
    0.0000   45.0000  -22.500011094.1533   21.6159
    7.5000   45.0000  -22.500010427.2109   21.6156
   -7.5000  -45.0000  -15.0000 7041.3599   24.6980
    0.0000  -45.0000  -15.0000 7346.3179   24.8180
    7.5000  -45.0000  -15.0000 7053.1401   24.8124
   -7.5000  -37.5000  -15.0000 7662.4814   23.8318
    0.0000  -37.5000  -15.0000 7975.7871   23.9407
    7.5000  -37.5000  -15.0000 7636.4937   23.9543
   -7.5000  -30.0000  -15.0000 8700.2188   23.3667
    0.0000  -30.0000  -15.0000 9047.3398   23.4601
    7.5000  -30.0000  -15.0000 8642.1982   23.4860
   -7.5000  -22.5000  -15.0000 9831.1104   23.1680
    0.0000  -22.5000  -15.000010215.3105   23.2561
    7.5000  -22.5000  -15.0000 9740.0508   23.2760
   -7.5000  -15.0000  -15.000010915.7314   23.0186
    0.0000  -15.0000  -15.000011368.4014   23.1122
    7.5000  -15.0000  -15.000010790.2998   23.1162
   -7.5000   -7.5000  -15.000012027.9902   22.9372
    0.0000   -7.5000  -15.000012562.7686   23.0421
    7.5000   -7.5000  -15.000011869.0596   23.0350
   -7.5000    0.0000  -15.000013004.0146   22.9365
    0.0000    0.0000  -15.000013602.1123   23.0494
    7.5000    0.0000  -15.000012858.9404   23.0454
   -7.5000    7.5000  -15.000012960.8457   22.9447
    0.0000    7.5000  -15.000013579.4912   23.0525
    7.5000    7.5000  -15.000012756.5137   23.0643
   -7.5000   15.0000  -15.000012874.0244   22.9427
    0.0000   15.0000  -15.000013443.9434   23.0373
    7.5000   15.0000  -15.000012601.9043   23.0615
   -7.5000   22.5000  -15.000012649.7529   22.9189
    0.0000   22.5000  -15.000013206.6494   23.0076
    7.5000   22.5000  -15.000012375.0791   23.0264
   -7.5000   30.0000  -15.000012172.2354   22.6218
    0.0000   30.0000  -15.000012755.4189   22.7145
    7.5000   30.0000  -15.000011881.3545   22.7180
   -7.5000   37.5000  -15.000012084.0166   22.6265
    0.0000   37.5000  -15.000012628.0342   22.7301
    7.5000   37.5000  -15.000011770.7354   22.7230
   -7.5000   45.0000  -15.000011486.3721   22.1023
    0.0000   45.0000  -15.000011990.8945   22.2111
    7.5000   45.0000  -15.000011188.9980   22.2073
   -7.5000  -45.0000   -7.5000 7583.6006   25.0815
    0.0000  -45.0000   -7.5000 7886.6450   25.2016
    7.5000  -45.0000   -7.5000 7561.1689   25.2106
   -7.5000  -37.5000   -7.5000 8291.1152   24.2093
    0.0000  -37.5000   -7.5000 8619.6309   24.3156
    7.5000  -37.5000   -7.5000 8238.5146   24.3404
   -7.5000  -30.0000   -7.5000 9438.6797   23.7431
    0.0000  -30.0000   -7.5000 9810.5430   23.8326
    7.5000  -30.0000   -7.5000 9362.5605   23.8682
   -7.5000  -22.5000   -7.500010638.1797   23.5374
    0.0000  -22.5000   -7.500011072.7080   23.6216
    7.5000  -22.5000   -7.500010527.8584   23.6518
   -7.5000  -15.0000   -7.500011801.6582   23.3744
    0.0000  -15.0000   -7.500012310.0039   23.4663
    7.5000  -15.0000   -7.500011662.0615   23.4821
   -7.5000   -7.5000   -7.500012971.4092   23.2840
    0.0000   -7.5000   -7.500013578.4072   23.3892
    7.5000   -7.5000   -7.500012800.1240   23.3951
   -7.5000    0.0000   -7.500014014.7959   23.2845
    0.0000    0.0000   -7.500014678.4736   23.3973
    7.5000    0.0000   -7.500013852.9258   23.4053
   -7.5000    7.5000   -7.500013946.3174   23.3022
    0.0000    7.5000   -7.500014640.2021   23.4076
    7.5000    7.5000   -7.500013730.8613   23.4297
   -7.5000   15.0000   -7.500013851.0205   23.3076
    0.0000   15.0000   -7.500014503.3379   23.3983
    7.5000   15.0000   -7.500013572.6660   23.4319
   -7.5000   22.5000   -7.500013617.0986   23.2789
    0.0000   22.5000   -7.500014274.6592   23.3639
    7.5000   22.5000   -7.500013324.1973   23.3928
   -7.5000   30.0000   -7.500013110.5879   22.9705
    0.0000   30.0000   -7.500013767.2910   23.0614
    7.5000   30.0000   -7.500012826.0576   23.0766
   -7.5000   37.5000   -7.500012979.8955   22.9679
    0.0000   37.5000   -7.500013626.9277   23.0718
    7.5000   37.5000   -7.500012689.0664   23.0776
   -7.5000   45.0000   -7.500012343.3359   22.4418
    0.0000   45.0000   -7.500012915.6357   22.5505
    7.5000   45.0000   -7.500012031.7627   22.5583
   -7.5000  -45.0000    0.0000 8100.8809   25.1506
    0.0000  -45.0000    0.0000 8436.4551   25.2740
    7.5000  -45.0000    0.0000 8067.6382   25.3029
   -7.5000  -37.5000    0.0000 8860.2207   24.2882
    0.0000  -37.5000    0.0000 9211.8350   24.3956
    7.5000  -37.5000    0.0000 8804.0898   24.4337
   -7.5000  -30.0000    0.000010086.1748   23.8346
    0.0000  -30.0000    0.000010482.4307   23.9230
    7.5000  -30.0000    0.000010006.1836   23.9700
   -7.5000  -22.5000    0.000011340.0537   23.6306
    0.0000  -22.5000    0.000011818.7588   23.7126
    7.5000  -22.5000    0.000011253.0205   23.7571
   -7.5000  -15.0000    0.000012583.9346   23.4558
    0.0000  -15.0000    0.000013134.5645   23.5462
    7.5000  -15.0000    0.000012494.6436   23.5808
   -7.5000   -7.5000    0.000013847.4609   23.3514
    0.0000   -7.5000    0.000014500.6396   23.4577
    7.5000   -7.5000    0.000013717.7393   23.4833
   -7.5000    0.0000    0.000014925.7393   23.3492
    0.0000    0.0000    0.000015610.6631   23.4644
    7.5000    0.0000    0.000014800.4414   23.4889
   -7.5000    7.5000    0.000014796.9121   23.3766
    0.0000    7.5000    0.000015502.5156   23.4830
    7.5000    7.5000    0.000014633.0049   23.5175
   -7.5000   15.0000    0.000014660.3584   23.3936
    0.0000   15.0000    0.000015385.4648   23.4834
    7.5000   15.0000    0.000014458.0576   23.5280
   -7.5000   22.5000    0.000014467.4844   23.3674
    0.0000   22.5000    0.000015193.5264   23.4502
    7.5000   22.5000    0.000014246.7852   23.4932
   -7.5000   30.0000    0.000013956.7197   23.0493
    0.0000   30.0000    0.000014677.7090   23.1387
    7.5000   30.0000    0.000013742.1436   23.1723
   -7.5000   37.5000    0.000013807.9434   23.0348
    0.0000   37.5000    0.000014504.4941   23.1397
    7.5000   37.5000    0.000013579.0059   23.1649
   -7.5000   45.0000    0.000013094.5986   22.5060
    0.0000   45.0000    0.000013746.4951   22.6169
    7.5000   45.0000    0.000012830.4160   22.6406
   -7.5000  -45.0000    7.5000 7968.9741   25.0606
    0.0000  -45.0000    7.5000 8313.2627   25.1883
    7.5000  -45.0000    7.5000 7969.8403   25.2193
   -7.5000  -37.5000    7.5000 8718.2588   24.2061
    0.0000  -37.5000    7.5000 9057.2520   24.3192
    7.5000  -37.5000    7.5000 8683.4980   24.3582
   -7.5000  -30.0000    7.5000 9905.1963   23.7631
    0.0000  -30.0000    7.500010307.7363   23.8574
    7.5000  -30.0000    7.5000 9863.6816   23.9056
   -7.5000  -22.5000    7.500011161.6592   23.5672
    0.0000  -22.5000    7.500011663.7109   23.6533
    7.5000  -22.5000    7.500011118.7656   23.7017
   -7.5000  -15.0000    7.500012415.8994   23.3932
    0.0000  -15.0000    7.500013014.0059   23.4855
    7.5000  -15.0000    7.500012372.9375   23.5256
   -7.5000   -7.5000    7.500013715.0176   23.2830
    0.0000   -7.5000    7.500014414.1963   23.3909
    7.5000   -7.5000    7.500013655.6299   23.4207
   -7.5000    0.0000    7.500014819.0449   23.2757
    0.0000    0.0000    7.500015542.9639   23.3944
    7.5000    0.0000    7.500014723.7910   23.4207
   -7.5000    7.5000    7.500014634.6631   23.3030
    0.0000    7.5000    7.500015392.3105   23.4147
    7.5000    7.5000    7.500014552.0674   23.4499
   -7.5000   15.0000    7.500014482.5918   23.3250
    0.0000   15.0000    7.500015233.2363   23.4204
    7.5000   15.0000    7.500014377.8174   23.4663
   -7.5000   22.5000    7.500014266.4258   23.3043
    0.0000   22.5000    7.500015030.7686   23.3910
    7.5000   22.5000    7.500014179.5352   23.4376
   -7.5000   30.0000    7.500013779.1191   22.9866
    0.0000   30.0000    7.500014492.3652   23.0779
    7.5000   30.0000    7.500013694.0273   23.1167
   -7.5000   37.5000    7.500013631.6104   22.9669
    0.0000   37.5000    7.500014339.1338   23.0734
    7.5000   37.5000    7.500013537.1748   23.1028
   -7.5000   45.0000    7.500012909.4346   22.4351
    0.0000   45.0000    7.500013608.5439   22.5495
    7.5000   45.0000    7.500012759.8154   22.5749
   -7.5000  -45.0000   15.0000 7733.8799   24.9567
    0.0000  -45.0000   15.0000 8065.0625   25.0861
    7.5000  -45.0000   15.0000 7755.3242   25.1021
   -7.5000  -37.5000   15.0000 8455.6934   24.0997
    0.0000  -37.5000   15.0000 8801.7168   24.2175
    7.5000  -37.5000   15.0000 8444.2402   24.2453
   -7.5000  -30.0000   15.0000 9567.7139   23.6545
    0.0000  -30.0000   15.0000 9968.7734   23.7549
    7.5000  -30.0000   15.0000 9561.1309   23.7937
   -7.5000  -22.5000   15.000010800.5859   23.4635
    0.0000  -22.5000   15.000011280.9629   23.5554
    7.5000  -22.5000   15.000010777.0996   23.5939
   -7.5000  -15.0000   15.000012045.5068   23.2997
    0.0000  -15.0000   15.000012655.0938   23.3956
    7.5000  -15.0000   15.000012041.9824   23.4241
   -7.5000   -7.5000   15.000013423.4111   23.1967
    0.0000   -7.5000   15.000014127.0811   23.3061
    7.5000   -7.5000   15.000013361.6934   23.3226
   -7.5000    0.0000   15.000014631.6660   23.1883
    0.0000    0.0000   15.000015393.6699   23.3089
    7.5000    0.0000   15.000014567.3340   23.3227
   -7.5000    7.5000   15.000014438.9727   23.2073
    0.0000    7.5000   15.000015207.4141   23.3233
    7.5000    7.5000   15.000014493.0361   23.3481
   -7.5000   15.0000   15.000014166.3672   23.2232
    0.0000   15.0000   15.000014761.3281   23.3244
    7.5000   15.0000   15.000014256.6602   23.3611
   -7.5000   22.5000   15.000013867.5830   23.2044
    0.0000   22.5000   15.000014446.3613   23.2968
    7.5000   22.5000   15.000013982.5186   23.3337
   -7.5000   30.0000   15.000013383.9082   22.8953
    0.0000   30.0000   15.000013948.9727   22.9901
    7.5000   30.0000   15.000013458.3291   23.0175
   -7.5000   37.5000   15.000013267.0527   22.8818
    0.0000   37.5000   15.000013901.6914   22.9897
    7.5000   37.5000   15.000013319.4307   23.0060
   -7.5000   45.0000   15.000012562.5508   22.3508
    0.0000   45.0000   15.000013215.2305   22.4671
    7.5000   45.0000   15.000012550.2988   22.4804
   -7.5000  -45.0000   22.5000 7442.9082   24.9515
    0.0000  -45.0000   22.5000 7762.0977   25.0778
    7.5000  -45.0000   22.5000 7458.7446   25.0768
   -7.5000  -37.5000   22.5000 8156.3770   24.0826
    0.0000  -37.5000   22.5000 8485.4170   24.1983
    7.5000  -37.5000   22.5000 8158.8164   24.2142
   -7.5000  -30.0000   22.5000 9201.0303   23.6222
    0.0000  -30.0000   22.5000 9571.0928   23.7219
    7.5000  -30.0000   22.5000 9191.7588   23.7498
   -7.5000  -22.5000   22.500010371.3818   23.4280
    0.0000  -22.5000   22.500010801.0020   23.5206
    7.5000  -22.5000   22.500010343.5127   23.5453
   -7.5000  -15.0000   22.500011573.7197   23.2752
    0.0000  -15.0000   22.500012093.3887   23.3720
    7.5000  -15.0000   22.500011557.4277   23.3831
   -7.5000   -7.5000   22.500012968.0293   23.1861
    0.0000   -7.5000   22.500013614.1289   23.2947
    7.5000   -7.5000   22.500012897.5195   23.2937
   -7.5000    0.0000   22.500014335.2549   23.1815
    0.0000    0.0000   22.500015040.5400   23.3000
    7.5000    0.0000   22.500014251.1455   23.2997
   -7.5000    7.5000   22.500014195.6924   23.1915
    0.0000    7.5000   22.500014722.0811   23.3055
    7.5000    7.5000   22.500014297.0234   23.3195
   -7.5000   15.0000   22.500013601.5146   23.1948
    0.0000   15.0000   22.500013955.9531   23.2953
    7.5000   15.0000   22.500013854.1650   23.3215
   -7.5000   22.5000   22.500013273.3623   23.1726
    0.0000   22.5000   22.500013695.7266   23.2657
    7.5000   22.5000   22.500013527.1104   23.2891
   -7.5000   30.0000   22.500012864.4844   22.8728
    0.0000   30.0000   22.500013356.6240   22.9685
    7.5000   30.0000   22.500013050.7705   22.9789
   -7.5000   37.5000   22.500012882.4424   22.8717
    0.0000   37.5000   22.500013464.7354   22.9789
    7.5000   37.5000   22.500012955.6982   22.9779
   -7.5000   45.0000   22.500012245.3135   22.3443
    0.0000   45.0000   22.500012824.2871   22.4585
    7.5000   45.0000   22.500012200.4258   22.4582
   -7.5000  -45.0000   30.0000 7078.7246   25.0370
    0.0000  -45.0000   30.0000 7368.9570   25.1586
    7.5000  -45.0000   30.0000 7066.3340   25.1529
   -7.5000  -37.5000   30.0000 7753.3315   24.1589
    0.0000  -37.5000   30.0000 8049.6362   24.2693
    7.5000  -37.5000   30.0000 7725.9131   24.2831
   -7.5000  -30.0000   30.0000 8753.9307   23.6874
    0.0000  -30.0000   30.0000 9087.8896   23.7821
    7.5000  -30.0000   30.0000 8719.2773   23.8083
   -7.5000  -22.5000   30.0000 9827.5479   23.4860
    0.0000  -22.5000   30.000010244.8340   23.5752
    7.5000  -22.5000   30.0000 9813.2393   23.5954
   -7.5000  -15.0000   30.000010933.4043   23.3345
    0.0000  -15.0000   30.000011407.3818   23.4294
    7.5000  -15.0000   30.000010954.5488   23.4334
   -7.5000   -7.5000   30.000012227.4590   23.2520
    0.0000   -7.5000   30.000012781.4775   23.3584
    7.5000   -7.5000   30.000012252.2773   23.3511
   -7.5000    0.0000   30.000013593.3398   23.2512
    0.0000    0.0000   30.000014211.4111   23.3657
    7.5000    0.0000   30.000013550.7344   23.3617
   -7.5000    7.5000   30.000013686.1738   23.2596
    0.0000    7.5000   30.000014116.6719   23.3688
    7.5000    7.5000   30.000013654.3564   23.3808
   -7.5000   15.0000   30.000013276.2236   23.2576
    0.0000   15.0000   30.000013604.2793   23.3534
    7.5000   15.0000   30.000013334.2959   23.3779
   -7.5000   22.5000   30.000013011.8604   23.2310
    0.0000   22.5000   30.000013429.9658   23.3209
    7.5000   22.5000   30.000013031.0449   23.3399
   -7.5000   30.0000   30.000012629.8701   22.9323
    0.0000   30.0000   30.000013050.9512   23.0262
    7.5000   30.0000   30.000012550.5674   23.0297
   -7.5000   37.5000   30.000012594.6611   22.9370
    0.0000   37.5000   30.000013049.0518   23.0420
    7.5000   37.5000   30.000012404.5078   23.0348
   -7.5000   45.0000   30.000011877.3057   22.4115
    0.0000   45.0000   30.000012346.8643   22.5219
    7.5000   45.0000   30.000011644.4922   22.5179
   -7.5000  -45.0000   37.5000 6905.7603   25.1393
    0.0000  -45.0000   37.5000 7183.3247   25.2596
    7.5000  -45.0000   37.5000 6886.7378   25.2687
   -7.5000  -37.5000   37.5000 7585.1689   24.2649
    0.0000  -37.5000   37.5000 7889.8276   24.3714
    7.5000  -37.5000   37.5000 7559.6802   24.3961
   -7.5000  -30.0000   37.5000 8569.4443   23.7975
    0.0000  -30.0000   37.5000 8921.7598   23.8871
    7.5000  -30.0000   37.5000 8554.8965   23.9228
   -7.5000  -22.5000   37.5000 9616.7373   23.5913
    0.0000  -22.5000   37.500010020.6475   23.6756
    7.5000  -22.5000   37.5000 9621.4434   23.7059
   -7.5000  -15.0000   37.500010680.6074   23.4279
    0.0000  -15.0000   37.500011134.1172   23.5199
    7.5000  -15.0000   37.500010700.6602   23.5358
   -7.5000   -7.5000   37.500011960.0459   23.3372
    0.0000   -7.5000   37.500012525.8242   23.4426
    7.5000   -7.5000   37.500011950.6582   23.4485
   -7.5000    0.0000   37.500013311.5723   23.3377
    0.0000    0.0000   37.500013907.2754   23.4507
    7.5000    0.0000   37.500013152.2705   23.4587
   -7.5000    7.5000   37.500013457.3125   23.3555
    0.0000    7.5000   37.500013902.9268   23.4610
    7.5000    7.5000   37.500013114.4404   23.4832
   -7.5000   15.0000   37.500013274.3486   23.3608
    0.0000   15.0000   37.500013680.3408   23.4517
    7.5000   15.0000   37.500012862.6680   23.4853
   -7.5000   22.5000   37.500013049.6504   23.3321
    0.0000   22.5000   37.500013549.2451   23.4173
    7.5000   22.5000   37.500012656.8535   23.4463
   -7.5000   30.0000   37.500012536.7197   23.0236
    0.0000   30.0000   37.500012983.6709   23.1147
    7.5000   30.0000   37.500012194.8936   23.1299
   -7.5000   37.5000   37.500012370.6523   23.0210
    0.0000   37.5000   37.500012804.9941   23.1251
    7.5000   37.5000   37.500012047.9678   23.1309
   -7.5000   45.0000   37.500011603.4727   22.4948
    0.0000   45.0000   37.500012055.7500   22.6038
    7.5000   45.0000   37.500011325.0518   22.6115
   -7.5000  -45.0000   45.0000 6325.1016   25.1465
    0.0000  -45.0000   45.0000 6570.7197   25.2694
    7.5000  -45.0000   45.0000 6328.9268   25.2964
   -7.5000  -37.5000   45.0000 6968.4297   24.2856
    0.0000  -37.5000   45.0000 7268.5229   24.3923
    7.5000  -37.5000   45.0000 6948.7012   24.4288
   -7.5000  -30.0000   45.0000 7907.2666   23.8282
    0.0000  -30.0000   45.0000 8277.3379   23.9158
    7.5000  -30.0000   45.0000 7891.1694   23.9612
   -7.5000  -22.5000   45.0000 8902.5195   23.6219
    0.0000  -22.5000   45.0000 9339.4492   23.7030
    7.5000  -22.5000   45.0000 8879.8555   23.7460
   -7.5000  -15.0000   45.0000 9946.8848   23.4456
    0.0000  -15.0000   45.000010452.5605   23.5352
    7.5000  -15.0000   45.0000 9887.4023   23.5683
   -7.5000   -7.5000   45.000011133.5420   23.3415
    0.0000   -7.5000   45.000011711.7344   23.4472
    7.5000   -7.5000   45.000011044.1924   23.4711
   -7.5000    0.0000   45.000012243.8281   23.3406
    0.0000    0.0000   45.000012802.1250   23.4551
    7.5000    0.0000   45.000012065.9512   23.4780
   -7.5000    7.5000   45.000012208.9951   23.3684
    0.0000    7.5000   45.000012619.7402   23.4741
    7.5000    7.5000   45.000011951.8711   23.5071
   -7.5000   15.0000   45.000011950.9209   23.3847
    0.0000   15.0000   45.000012330.3369   23.4737
    7.5000   15.0000   45.000011724.7461   23.5168
   -7.5000   22.5000   45.000011722.4502   23.3572
    0.0000   22.5000   45.000012162.4941   23.4392
    7.5000   22.5000   45.000011557.7598   23.4805
   -7.5000   30.0000   45.000011342.9668   23.0366
    0.0000   30.0000   45.000011777.3281   23.1253
    7.5000   30.0000   45.000011201.1377   23.1573
   -7.5000   37.5000   45.000011264.8633   23.0229
    0.0000   37.5000   45.000011724.9648   23.1272
    7.5000   37.5000   45.000011125.2197   23.1508
   -7.5000   45.0000   45.000010637.6328   22.5078
    0.0000   45.0000   45.000011110.0381   22.6183
    7.5000   45.0000   45.000010479.3770   22.6404

---------------------------------------------------------------------
imgreg_4dfp /opt/freesurfer/average/711-2C_as_mni_average_305 /opt/freesurfer/average/711-2B_as_mni_average_305_mask talsrcimg_g11 none talsrcimg_to_711-2C_as_mni_average_305_t4 4355
---------------------------------------------------------------------

freesurfer imgreg_4dfp.c
/opt/freesurfer/average/711-2C_as_mni_average_305.4dfp.img
       256       256       256         1
  1.000000  1.000000  1.000000
orientation T byte_order littleendian
Reading image: /opt/freesurfer/average/711-2C_as_mni_average_305.4dfp.img
dimensions:      256       256       256
mmppix:       1.0000   -1.0000   -1.0000
center:     128.0000 -129.0000 -129.0000
/opt/freesurfer/average/711-2B_as_mni_average_305_mask.4dfp.img
       256       256       256         1
  1.000000  1.000000  1.000000
orientation T byte_order littleendian
Reading mask: /opt/freesurfer/average/711-2B_as_mni_average_305_mask.4dfp.img (2306576 pixels)
talsrcimg_g11.4dfp.img
       256       256       256         1
  1.000000  1.000000  1.000000
orientation T byte_order littleendian
Reading image: talsrcimg_g11.4dfp.img
dimensions:      256       256       256
mmppix:       1.0000   -1.0000   -1.0000
center:     128.0000 -129.0000 -129.0000
rotation matrix determinant  1.000000
image alignment mode   4355 decimal     1103 hex
   -7.5000  -45.0000  -45.0000 1610.3789   41.8440
    0.0000  -45.0000  -45.0000 1616.7628   41.6677
    7.5000  -45.0000  -45.0000 1610.3390   41.8247
   -7.5000  -37.5000  -45.0000 1705.9946   36.7571
    0.0000  -37.5000  -45.0000 1711.2080   36.6931
    7.5000  -37.5000  -45.0000 1708.1376   36.9067
   -7.5000  -30.0000  -45.0000 1792.5696   32.8810
    0.0000  -30.0000  -45.0000 1800.0291   32.7792
    7.5000  -30.0000  -45.0000 1792.3595   33.1200
   -7.5000  -22.5000  -45.0000 1880.3800   29.7604
    0.0000  -22.5000  -45.0000 1886.8506   29.6033
    7.5000  -22.5000  -45.0000 1876.0265   29.9445
   -7.5000  -15.0000  -45.0000 1964.6941   27.4394
    0.0000  -15.0000  -45.0000 1969.8861   27.2572
    7.5000  -15.0000  -45.0000 1951.9573   27.5902
   -7.5000   -7.5000  -45.0000 2016.6719   25.5917
    0.0000   -7.5000  -45.0000 2016.8989   25.4024
    7.5000   -7.5000  -45.0000 2003.0784   25.7882
   -7.5000    0.0000  -45.0000 2054.1675   24.4040
    0.0000    0.0000  -45.0000 2053.9958   24.1081
    7.5000    0.0000  -45.0000 2034.6230   24.6041
   -7.5000    7.5000  -45.0000 2072.6260   23.7697
    0.0000    7.5000  -45.0000 2076.3499   23.5476
    7.5000    7.5000  -45.0000 2047.9570   23.9934
   -7.5000   15.0000  -45.0000 2069.3911   23.6107
    0.0000   15.0000  -45.0000 2074.1892   23.4094
    7.5000   15.0000  -45.0000 2048.6147   23.9849
   -7.5000   22.5000  -45.0000 2062.1807   23.9206
    0.0000   22.5000  -45.0000 2069.6191   23.6691
    7.5000   22.5000  -45.0000 2036.4589   24.2255
   -7.5000   30.0000  -45.0000 2018.3240   24.5355
    0.0000   30.0000  -45.0000 2020.1294   24.2489
    7.5000   30.0000  -45.0000 2004.9995   24.7747
   -7.5000   37.5000  -45.0000 1978.4829   25.5108
    0.0000   37.5000  -45.0000 1979.9536   25.1719
    7.5000   37.5000  -45.0000 1967.5006   25.7056
   -7.5000   45.0000  -45.0000 1928.8359   27.0730
    0.0000   45.0000  -45.0000 1930.7316   26.6812
    7.5000   45.0000  -45.0000 1918.3323   27.1718
   -7.5000  -45.0000  -37.5000 1670.5760   38.3229
    0.0000  -45.0000  -37.5000 1680.3344   38.0764
    7.5000  -45.0000  -37.5000 1671.5181   38.5485
   -7.5000  -37.5000  -37.5000 1784.0497   33.7688
    0.0000  -37.5000  -37.5000 1791.3680   33.5083
    7.5000  -37.5000  -37.5000 1780.2498   33.9255
   -7.5000  -30.0000  -37.5000 1884.2230   30.2831
    0.0000  -30.0000  -37.5000 1891.5167   30.0238
    7.5000  -30.0000  -37.5000 1876.6262   30.5192
   -7.5000  -22.5000  -37.5000 1975.8320   27.3809
    0.0000  -22.5000  -37.5000 1983.0686   27.1960
    7.5000  -22.5000  -37.5000 1967.9453   27.5775
   -7.5000  -15.0000  -37.5000 2049.8352   25.1639
    0.0000  -15.0000  -37.5000 2058.0454   24.9643
    7.5000  -15.0000  -37.5000 2046.3052   25.3295
   -7.5000   -7.5000  -37.5000 2101.5586   23.4494
    0.0000   -7.5000  -37.5000 2107.7327   23.2686
    7.5000   -7.5000  -37.5000 2098.3999   23.5734
   -7.5000    0.0000  -37.5000 2135.0352   22.3406
    0.0000    0.0000  -37.5000 2138.2275   22.1588
    7.5000    0.0000  -37.5000 2129.1606   22.5439
   -7.5000    7.5000  -37.5000 2155.8894   21.7811
    0.0000    7.5000  -37.5000 2158.1917   21.5721
    7.5000    7.5000  -37.5000 2150.2861   21.9838
   -7.5000   15.0000  -37.5000 2155.9932   21.6744
    0.0000   15.0000  -37.5000 2159.5317   21.4900
    7.5000   15.0000  -37.5000 2149.7351   21.8976
   -7.5000   22.5000  -37.5000 2155.7668   21.9144
    0.0000   22.5000  -37.5000 2158.4670   21.6674
    7.5000   22.5000  -37.5000 2145.3508   22.1104
   -7.5000   30.0000  -37.5000 2126.9346   22.4805
    0.0000   30.0000  -37.5000 2128.4915   22.1882
    7.5000   30.0000  -37.5000 2117.4634   22.5681
   -7.5000   37.5000  -37.5000 2084.7935   23.2770
    0.0000   37.5000  -37.5000 2091.5444   22.9803
    7.5000   37.5000  -37.5000 2075.5586   23.3523
   -7.5000   45.0000  -37.5000 2030.8987   24.4357
    0.0000   45.0000  -37.5000 2030.3796   24.1063
    7.5000   45.0000  -37.5000 2018.0117   24.5530
   -7.5000  -45.0000  -30.0000 1764.8103   36.6092
    0.0000  -45.0000  -30.0000 1771.4004   36.3493
    7.5000  -45.0000  -30.0000 1764.0393   36.8942
   -7.5000  -37.5000  -30.0000 1879.3937   32.2167
    0.0000  -37.5000  -30.0000 1887.2316   31.9601
    7.5000  -37.5000  -30.0000 1883.5488   32.4745
   -7.5000  -30.0000  -30.0000 1990.0994   28.8879
    0.0000  -30.0000  -30.0000 1991.9263   28.5680
    7.5000  -30.0000  -30.0000 1986.1185   29.0418
   -7.5000  -22.5000  -30.0000 2091.8125   26.1724
    0.0000  -22.5000  -30.0000 2095.9375   25.9948
    7.5000  -22.5000  -30.0000 2083.5691   26.3516
   -7.5000  -15.0000  -30.0000 2179.6147   24.0283
    0.0000  -15.0000  -30.0000 2179.5081   23.8475
    7.5000  -15.0000  -30.0000 2168.5203   24.1815
   -7.5000   -7.5000  -30.0000 2241.8782   22.3784
    0.0000   -7.5000  -30.0000 2243.3472   22.2467
    7.5000   -7.5000  -30.0000 2234.5510   22.4261
   -7.5000    0.0000  -30.0000 2269.6069   21.2977
    0.0000    0.0000  -30.0000 2272.3069   21.2025
    7.5000    0.0000  -30.0000 2265.1125   21.4128
   -7.5000    7.5000  -30.0000 2292.5889   20.6919
    0.0000    7.5000  -30.0000 2295.7993   20.5756
    7.5000    7.5000  -30.0000 2289.9863   20.8663
   -7.5000   15.0000  -30.0000 2300.3987   20.5516
    0.0000   15.0000  -30.0000 2307.6670   20.4742
    7.5000   15.0000  -30.0000 2288.8450   20.6948
   -7.5000   22.5000  -30.0000 2299.3772   20.6533
    0.0000   22.5000  -30.0000 2296.7820   20.4361
    7.5000   22.5000  -30.0000 2277.8635   20.6853
   -7.5000   30.0000  -30.0000 2264.9639   21.0188
    0.0000   30.0000  -30.0000 2267.4736   20.7998
    7.5000   30.0000  -30.0000 2252.6135   21.0552
   -7.5000   37.5000  -30.0000 2223.2866   21.7379
    0.0000   37.5000  -30.0000 2231.6992   21.5203
    7.5000   37.5000  -30.0000 2216.1633   21.8166
   -7.5000   45.0000  -30.0000 2171.4460   22.8630
    0.0000   45.0000  -30.0000 2176.6040   22.6318
    7.5000   45.0000  -30.0000 2161.1304   22.9317
   -7.5000  -45.0000  -22.5000 1849.2335   35.2548
    0.0000  -45.0000  -22.5000 1852.9396   34.9997
    7.5000  -45.0000  -22.5000 1849.6010   35.5225
   -7.5000  -37.5000  -22.5000 1978.3860   31.0005
    0.0000  -37.5000  -22.5000 1990.3761   30.7952
    7.5000  -37.5000  -22.5000 1976.8368   31.1963
   -7.5000  -30.0000  -22.5000 2092.3562   27.6469
    0.0000  -30.0000  -22.5000 2102.8049   27.4438
    7.5000  -30.0000  -22.5000 2085.6851   27.7334
   -7.5000  -22.5000  -22.5000 2201.2913   24.9720
    0.0000  -22.5000  -22.5000 2213.8958   24.8560
    7.5000  -22.5000  -22.5000 2198.2659   25.0741
   -7.5000  -15.0000  -22.5000 2289.9297   22.7927
    0.0000  -15.0000  -22.5000 2292.0625   22.6816
    7.5000  -15.0000  -22.5000 2282.0259   22.9078
   -7.5000   -7.5000  -22.5000 2365.3650   21.2011
    0.0000   -7.5000  -22.5000 2373.8201   21.1572
    7.5000   -7.5000  -22.5000 2352.7732   21.2449
   -7.5000    0.0000  -22.5000 2392.3186   20.0800
    0.0000    0.0000  -22.5000 2402.0471   20.0720
    7.5000    0.0000  -22.5000 2383.5952   20.1568
   -7.5000    7.5000  -22.5000 2414.0657   19.4236
    0.0000    7.5000  -22.5000 2421.5034   19.3924
    7.5000    7.5000  -22.5000 2405.0459   19.5208
   -7.5000   15.0000  -22.5000 2427.4907   19.2375
    0.0000   15.0000  -22.5000 2435.1882   19.1870
    7.5000   15.0000  -22.5000 2407.6262   19.2741
   -7.5000   22.5000  -22.5000 2426.2175   19.2844
    0.0000   22.5000  -22.5000 2427.4412   19.1807
    7.5000   22.5000  -22.5000 2406.9282   19.3245
   -7.5000   30.0000  -22.5000 2399.8921   19.7031
    0.0000   30.0000  -22.5000 2414.4502   19.5726
    7.5000   30.0000  -22.5000 2391.3970   19.7486
   -7.5000   37.5000  -22.5000 2366.6453   20.4093
    0.0000   37.5000  -22.5000 2382.4736   20.2767
    7.5000   37.5000  -22.5000 2359.8853   20.4824
   -7.5000   45.0000  -22.5000 2307.8892   21.4549
    0.0000   45.0000  -22.5000 2317.4189   21.2781
    7.5000   45.0000  -22.5000 2298.3279   21.5225
   -7.5000  -45.0000  -15.0000 1906.5184   34.0379
    0.0000  -45.0000  -15.0000 1913.3615   33.7526
    7.5000  -45.0000  -15.0000 1907.5249   34.0543
   -7.5000  -37.5000  -15.0000 2042.1226   29.8758
    0.0000  -37.5000  -15.0000 2051.1355   29.6859
    7.5000  -37.5000  -15.0000 2035.6873   29.9298
   -7.5000  -30.0000  -15.0000 2169.0037   26.6693
    0.0000  -30.0000  -15.0000 2178.3623   26.5658
    7.5000  -30.0000  -15.0000 2161.0625   26.7385
   -7.5000  -22.5000  -15.0000 2283.2385   23.9696
    0.0000  -22.5000  -15.0000 2291.0583   23.9540
    7.5000  -22.5000  -15.0000 2270.4832   24.0655
   -7.5000  -15.0000  -15.0000 2371.3235   21.7418
    0.0000  -15.0000  -15.0000 2380.1018   21.7341
    7.5000  -15.0000  -15.0000 2353.3018   21.7973
   -7.5000   -7.5000  -15.0000 2448.1509   20.0792
    0.0000   -7.5000  -15.0000 2456.9521   20.0431
    7.5000   -7.5000  -15.0000 2426.8838   20.1168
   -7.5000    0.0000  -15.0000 2491.5535   18.8892
    0.0000    0.0000  -15.0000 2505.5623   18.9110
    7.5000    0.0000  -15.0000 2473.0212   18.9029
   -7.5000    7.5000  -15.0000 2517.4236   18.2055
    0.0000    7.5000  -15.0000 2528.0808   18.2247
    7.5000    7.5000  -15.0000 2500.2280   18.2565
   -7.5000   15.0000  -15.0000 2536.5083   18.0515
    0.0000   15.0000  -15.0000 2549.2224   18.0514
    7.5000   15.0000  -15.0000 2511.6736   18.0929
   -7.5000   22.5000  -15.0000 2530.6965   18.1243
    0.0000   22.5000  -15.0000 2542.3901   18.1057
    7.5000   22.5000  -15.0000 2511.8579   18.2131
   -7.5000   30.0000  -15.0000 2508.2659   18.5697
    0.0000   30.0000  -15.0000 2532.0396   18.5091
    7.5000   30.0000  -15.0000 2493.7139   18.6458
   -7.5000   37.5000  -15.0000 2479.7837   19.2259
    0.0000   37.5000  -15.0000 2498.8494   19.1888
    7.5000   37.5000  -15.0000 2463.7905   19.3018
   -7.5000   45.0000  -15.0000 2415.8506   20.1623
    0.0000   45.0000  -15.0000 2433.6885   20.1163
    7.5000   45.0000  -15.0000 2399.1821   20.2913
   -7.5000  -45.0000   -7.5000 1944.9260   32.8265
    0.0000  -45.0000   -7.5000 1950.2170   32.6307
    7.5000  -45.0000   -7.5000 1941.7111   32.9964
   -7.5000  -37.5000   -7.5000 2085.6638   28.8404
    0.0000  -37.5000   -7.5000 2096.7087   28.6657
    7.5000  -37.5000   -7.5000 2077.0085   28.9849
   -7.5000  -30.0000   -7.5000 2219.6670   25.6925
    0.0000  -30.0000   -7.5000 2228.2346   25.5796
    7.5000  -30.0000   -7.5000 2207.5679   25.8672
   -7.5000  -22.5000   -7.5000 2332.2017   23.0288
    0.0000  -22.5000   -7.5000 2344.4175   23.0067
    7.5000  -22.5000   -7.5000 2315.9155   23.1453
   -7.5000  -15.0000   -7.5000 2426.2847   20.8177
    0.0000  -15.0000   -7.5000 2439.8850   20.8352
    7.5000  -15.0000   -7.5000 2408.5354   20.9185
   -7.5000   -7.5000   -7.5000 2502.9272   19.0544
    0.0000   -7.5000   -7.5000 2514.7070   19.0309
    7.5000   -7.5000   -7.5000 2479.6875   19.0978
   -7.5000    0.0000   -7.5000 2561.0054   17.7908
    0.0000    0.0000   -7.5000 2578.7429   17.8219
    7.5000    0.0000   -7.5000 2543.1841   17.8824
   -7.5000    7.5000   -7.5000 2591.3574   17.0673
    0.0000    7.5000   -7.5000 2610.4390   17.1481
    7.5000    7.5000   -7.5000 2576.2229   17.1902
   -7.5000   15.0000   -7.5000 2620.7017   16.9204
    0.0000   15.0000   -7.5000 2634.6272   16.9556
    7.5000   15.0000   -7.5000 2593.1089   16.9964
   -7.5000   22.5000   -7.5000 2613.7881   17.0506
    0.0000   22.5000   -7.5000 2629.3914   17.0943
    7.5000   22.5000   -7.5000 2589.6741   17.1494
   -7.5000   30.0000   -7.5000 2592.5044   17.4887
    0.0000   30.0000   -7.5000 2618.5476   17.5372
    7.5000   30.0000   -7.5000 2573.9727   17.5805
   -7.5000   37.5000   -7.5000 2555.8149   18.0622
    0.0000   37.5000   -7.5000 2583.7891   18.1319
    7.5000   37.5000   -7.5000 2540.4907   18.1874
   -7.5000   45.0000   -7.5000 2499.9968   18.9463
    0.0000   45.0000   -7.5000 2525.0103   18.9668
    7.5000   45.0000   -7.5000 2479.0913   19.1362
   -7.5000  -45.0000    0.0000 1962.3213   32.0677
    0.0000  -45.0000    0.0000 1974.3947   31.8563
    7.5000  -45.0000    0.0000 1965.8551   32.2561
   -7.5000  -37.5000    0.0000 2101.6934   28.0383
    0.0000  -37.5000    0.0000 2114.7786   27.9064
    7.5000  -37.5000    0.0000 2102.3030   28.2695
   -7.5000  -30.0000    0.0000 2235.4448   24.8182
    0.0000  -30.0000    0.0000 2248.5383   24.7677
    7.5000  -30.0000    0.0000 2235.3538   25.1283
   -7.5000  -22.5000    0.0000 2349.7373   22.1984
    0.0000  -22.5000    0.0000 2364.9993   22.1545
    7.5000  -22.5000    0.0000 2344.2825   22.4332
   -7.5000  -15.0000    0.0000 2445.6582   20.0169
    0.0000  -15.0000    0.0000 2464.8967   20.0117
    7.5000  -15.0000    0.0000 2438.6279   20.1883
   -7.5000   -7.5000    0.0000 2532.9248   18.2931
    0.0000   -7.5000    0.0000 2552.7896   18.2828
    7.5000   -7.5000    0.0000 2525.5239   18.4378
   -7.5000    0.0000    0.0000 2595.5925   16.9909
    0.0000    0.0000    0.0000 2616.1025   16.9967
    7.5000    0.0000    0.0000 2591.9229   17.1933
   -7.5000    7.5000    0.0000 2631.6204   16.1167
    0.0000    7.5000    0.0000 2656.1663   16.2305
    7.5000    7.5000    0.0000 2623.1196   16.3641
   -7.5000   15.0000    0.0000 2666.2405   15.9215
    0.0000   15.0000    0.0000 2684.8091   15.9734
    7.5000   15.0000    0.0000 2647.6519   16.0953
   -7.5000   22.5000    0.0000 2670.4263   16.0928
    0.0000   22.5000    0.0000 2695.7368   16.1514
    7.5000   22.5000    0.0000 2658.1060   16.2263
   -7.5000   30.0000    0.0000 2649.7598   16.4986
    0.0000   30.0000    0.0000 2680.3726   16.5744
    7.5000   30.0000    0.0000 2642.0703   16.6659
   -7.5000   37.5000    0.0000 2616.6543   17.0908
    0.0000   37.5000    0.0000 2645.3416   17.1382
    7.5000   37.5000    0.0000 2610.3726   17.3235
   -7.5000   45.0000    0.0000 2557.1133   17.9400
    0.0000   45.0000    0.0000 2582.8206   17.9614
    7.5000   45.0000    0.0000 2545.7417   18.2149
   -7.5000  -45.0000    7.5000 1973.6031   31.4803
    0.0000  -45.0000    7.5000 1993.5011   31.3326
    7.5000  -45.0000    7.5000 1982.0142   31.7276
   -7.5000  -37.5000    7.5000 2112.8718   27.3658
    0.0000  -37.5000    7.5000 2122.9221   27.2066
    7.5000  -37.5000    7.5000 2123.0605   27.6606
   -7.5000  -30.0000    7.5000 2238.6523   24.1060
    0.0000  -30.0000    7.5000 2259.2517   24.0707
    7.5000  -30.0000    7.5000 2254.2632   24.4572
   -7.5000  -22.5000    7.5000 2359.8147   21.4905
    0.0000  -22.5000    7.5000 2380.8213   21.4777
    7.5000  -22.5000    7.5000 2370.9724   21.8198
   -7.5000  -15.0000    7.5000 2463.4424   19.3810
    0.0000  -15.0000    7.5000 2489.9058   19.3992
    7.5000  -15.0000    7.5000 2472.9822   19.6582
   -7.5000   -7.5000    7.5000 2554.8557   17.7156
    0.0000   -7.5000    7.5000 2584.9807   17.6964
    7.5000   -7.5000    7.5000 2567.3882   17.9348
   -7.5000    0.0000    7.5000 2634.3823   16.4450
    0.0000    0.0000    7.5000 2667.4578   16.4365
    7.5000    0.0000    7.5000 2639.6926   16.6855
   -7.5000    7.5000    7.5000 2675.3679   15.4140
    0.0000    7.5000    7.5000 2707.3630   15.5026
    7.5000    7.5000    7.5000 2668.5107   15.7578
   -7.5000   15.0000    7.5000 2716.3035   15.0912
    0.0000   15.0000    7.5000 2736.4519   15.1313
    7.5000   15.0000    7.5000 2701.9990   15.3909
   -7.5000   22.5000    7.5000 2721.6602   15.2828
    0.0000   22.5000    7.5000 2751.8118   15.3141
    7.5000   22.5000    7.5000 2721.7549   15.5175
   -7.5000   30.0000    7.5000 2701.7192   15.6402
    0.0000   30.0000    7.5000 2733.8269   15.6843
    7.5000   30.0000    7.5000 2705.6855   15.8986
   -7.5000   37.5000    7.5000 2666.4958   16.2664
    0.0000   37.5000    7.5000 2696.7046   16.2664
    7.5000   37.5000    7.5000 2672.5874   16.5478
   -7.5000   45.0000    7.5000 2604.8943   17.1324
    0.0000   45.0000    7.5000 2635.0938   17.1351
    7.5000   45.0000    7.5000 2603.9111   17.4067
   -7.5000  -45.0000   15.0000 1976.4877   31.3454
    0.0000  -45.0000   15.0000 1991.5913   31.1635
    7.5000  -45.0000   15.0000 1987.2388   31.8121
   -7.5000  -37.5000   15.0000 2110.5806   27.1583
    0.0000  -37.5000   15.0000 2124.6301   27.0007
    7.5000  -37.5000   15.0000 2117.2310   27.4333
   -7.5000  -30.0000   15.0000 2233.1128   23.8030
    0.0000  -30.0000   15.0000 2250.9263   23.6894
    7.5000  -30.0000   15.0000 2241.6213   24.1386
   -7.5000  -22.5000   15.0000 2356.5427   21.1330
    0.0000  -22.5000   15.0000 2374.3665   21.0765
    7.5000  -22.5000   15.0000 2363.1772   21.4913
   -7.5000  -15.0000   15.0000 2466.6445   19.0501
    0.0000  -15.0000   15.0000 2492.0002   19.0111
    7.5000  -15.0000   15.0000 2477.7744   19.3576
   -7.5000   -7.5000   15.0000 2568.1201   17.4027
    0.0000   -7.5000   15.0000 2595.7720   17.3565
    7.5000   -7.5000   15.0000 2582.2722   17.7043
   -7.5000    0.0000   15.0000 2659.0071   16.1606
    0.0000    0.0000   15.0000 2690.7791   16.1142
    7.5000    0.0000   15.0000 2671.9314   16.4464
   -7.5000    7.5000   15.0000 2709.1057   15.0297
    0.0000    7.5000   15.0000 2742.7056   15.0010
    7.5000    7.5000   15.0000 2717.3792   15.4936
   -7.5000   15.0000   15.0000 2747.2676   14.5112
    0.0000   15.0000   15.0000 2766.8896   14.4430
    7.5000   15.0000   15.0000 2753.1104   14.9952
   -7.5000   22.5000   15.0000 2753.8572   14.6223
    0.0000   22.5000   15.0000 2782.4143   14.5182
    7.5000   22.5000   15.0000 2769.1733   15.0005
   -7.5000   30.0000   15.0000 2738.1079   15.0215
    0.0000   30.0000   15.0000 2759.7244   14.8622
    7.5000   30.0000   15.0000 2752.0959   15.3497
   -7.5000   37.5000   15.0000 2697.0425   15.7074
    0.0000   37.5000   15.0000 2727.0747   15.5997
    7.5000   37.5000   15.0000 2717.9912   16.0331
   -7.5000   45.0000   15.0000 2626.4883   16.6332
    0.0000   45.0000   15.0000 2653.8767   16.6231
    7.5000   45.0000   15.0000 2644.7874   16.9960
   -7.5000  -45.0000   22.5000 1966.5853   31.8689
    0.0000  -45.0000   22.5000 1984.5286   31.5320
    7.5000  -45.0000   22.5000 1982.0254   32.3086
   -7.5000  -37.5000   22.5000 2108.0234   27.5252
    0.0000  -37.5000   22.5000 2120.2825   27.2321
    7.5000  -37.5000   22.5000 2121.8188   27.9259
   -7.5000  -30.0000   22.5000 2221.6155   24.0126
    0.0000  -30.0000   22.5000 2231.5981   23.7552
    7.5000  -30.0000   22.5000 2234.6714   24.4363
   -7.5000  -22.5000   22.5000 2346.4355   21.3064
    0.0000  -22.5000   22.5000 2355.5728   21.0873
    7.5000  -22.5000   22.5000 2349.7021   21.6464
   -7.5000  -15.0000   22.5000 2462.1545   19.1843
    0.0000  -15.0000   22.5000 2478.8154   18.9899
    7.5000  -15.0000   22.5000 2466.9578   19.5116
   -7.5000   -7.5000   22.5000 2573.1550   17.5510
    0.0000   -7.5000   22.5000 2590.0591   17.3424
    7.5000   -7.5000   22.5000 2577.7332   17.8150
   -7.5000    0.0000   22.5000 2666.4646   16.3036
    0.0000    0.0000   22.5000 2687.7319   16.0979
    7.5000    0.0000   22.5000 2672.8784   16.5404
   -7.5000    7.5000   22.5000 2735.6953   15.2209
    0.0000    7.5000   22.5000 2766.1372   15.0058
    7.5000    7.5000   22.5000 2738.1887   15.6232
   -7.5000   15.0000   22.5000 2754.8562   14.3459
    0.0000   15.0000   22.5000 2762.3691   14.0607
    7.5000   15.0000   22.5000 2768.3274   14.9786
   -7.5000   22.5000   22.5000 2771.1008   14.2808
    0.0000   22.5000   22.5000 2778.5010   13.9823
    7.5000   22.5000   22.5000 2790.1833   14.7898
   -7.5000   30.0000   22.5000 2755.3425   14.7304
    0.0000   30.0000   22.5000 2774.2034   14.5472
    7.5000   30.0000   22.5000 2781.6431   15.1238
   -7.5000   37.5000   22.5000 2735.9524   15.5028
    0.0000   37.5000   22.5000 2763.7874   15.3824
    7.5000   37.5000   22.5000 2750.8076   15.8320
   -7.5000   45.0000   22.5000 2664.6301   16.5829
    0.0000   45.0000   22.5000 2687.3489   16.5035
    7.5000   45.0000   22.5000 2675.6504   16.8658
   -7.5000  -45.0000   30.0000 1936.9254   32.9199
    0.0000  -45.0000   30.0000 1944.3358   32.3243
    7.5000  -45.0000   30.0000 1956.5413   33.1784
   -7.5000  -37.5000   30.0000 2078.0271   28.3098
    0.0000  -37.5000   30.0000 2085.4854   27.8279
    7.5000  -37.5000   30.0000 2092.0422   28.5609
   -7.5000  -30.0000   30.0000 2191.9395   24.6212
    0.0000  -30.0000   30.0000 2200.1311   24.2375
    7.5000  -30.0000   30.0000 2200.8005   24.9626
   -7.5000  -22.5000   30.0000 2309.6851   21.8339
    0.0000  -22.5000   30.0000 2322.2395   21.4698
    7.5000  -22.5000   30.0000 2316.8237   22.1320
   -7.5000  -15.0000   30.0000 2428.5146   19.6652
    0.0000  -15.0000   30.0000 2441.0195   19.2850
    7.5000  -15.0000   30.0000 2431.5698   19.9408
   -7.5000   -7.5000   30.0000 2544.7886   17.9668
    0.0000   -7.5000   30.0000 2558.0657   17.6105
    7.5000   -7.5000   30.0000 2549.0945   18.2388
   -7.5000    0.0000   30.0000 2638.8137   16.7632
    0.0000    0.0000   30.0000 2652.4622   16.3653
    7.5000    0.0000   30.0000 2652.7039   17.0075
   -7.5000    7.5000   30.0000 2724.5264   15.8897
    0.0000    7.5000   30.0000 2745.1370   15.5373
    7.5000    7.5000   30.0000 2729.8826   16.1630
   -7.5000   15.0000   30.0000 2770.1321   15.0998
    0.0000   15.0000   30.0000 2770.0198   14.6532
    7.5000   15.0000   30.0000 2776.5369   15.4606
   -7.5000   22.5000   30.0000 2786.1794   14.7880
    0.0000   22.5000   30.0000 2802.9719   14.5157
    7.5000   22.5000   30.0000 2801.4299   15.1264
   -7.5000   30.0000   30.0000 2778.6562   15.1202
    0.0000   30.0000   30.0000 2797.7393   14.9067
    7.5000   30.0000   30.0000 2791.6614   15.3372
   -7.5000   37.5000   30.0000 2754.2185   15.8150
    0.0000   37.5000   30.0000 2775.3127   15.6290
    7.5000   37.5000   30.0000 2757.1221   15.9617
   -7.5000   45.0000   30.0000 2685.6726   16.8075
    0.0000   45.0000   30.0000 2705.7563   16.6890
    7.5000   45.0000   30.0000 2685.3872   16.9415
   -7.5000  -45.0000   37.5000 1893.9220   34.5878
    0.0000  -45.0000   37.5000 1902.9579   33.9691
    7.5000  -45.0000   37.5000 1913.2117   34.6877
   -7.5000  -37.5000   37.5000 2042.4011   29.6305
    0.0000  -37.5000   37.5000 2050.5063   29.0999
    7.5000  -37.5000   37.5000 2056.2493   29.8813
   -7.5000  -30.0000   37.5000 2156.2288   25.6866
    0.0000  -30.0000   37.5000 2165.8311   25.2299
    7.5000  -30.0000   37.5000 2167.9951   26.0239
   -7.5000  -22.5000   37.5000 2272.4338   22.7492
    0.0000  -22.5000   37.5000 2281.9832   22.2967
    7.5000  -22.5000   37.5000 2289.0593   23.1074
   -7.5000  -15.0000   37.5000 2390.7808   20.5779
    0.0000  -15.0000   37.5000 2398.3450   20.1167
    7.5000  -15.0000   37.5000 2399.7261   20.7759
   -7.5000   -7.5000   37.5000 2508.5713   18.8927
    0.0000   -7.5000   37.5000 2522.5664   18.5011
    7.5000   -7.5000   37.5000 2516.8252   19.0457
   -7.5000    0.0000   37.5000 2619.4060   17.8048
    0.0000    0.0000   37.5000 2636.3374   17.4260
    7.5000    0.0000   37.5000 2623.2078   17.8505
   -7.5000    7.5000   37.5000 2709.9434   16.8350
    0.0000    7.5000   37.5000 2724.8420   16.4549
    7.5000    7.5000   37.5000 2693.0657   16.8886
   -7.5000   15.0000   37.5000 2757.4780   16.0671
    0.0000   15.0000   37.5000 2758.0259   15.7098
    7.5000   15.0000   37.5000 2734.9148   16.0736
   -7.5000   22.5000   37.5000 2781.1284   15.8614
    0.0000   22.5000   37.5000 2808.2505   15.6736
    7.5000   22.5000   37.5000 2776.3855   15.8513
   -7.5000   30.0000   37.5000 2761.4270   15.9692
    0.0000   30.0000   37.5000 2790.7979   15.8516
    7.5000   30.0000   37.5000 2767.1138   16.0062
   -7.5000   37.5000   37.5000 2726.5764   16.3987
    0.0000   37.5000   37.5000 2750.7659   16.3156
    7.5000   37.5000   37.5000 2727.2522   16.4952
   -7.5000   45.0000   37.5000 2662.6980   17.1989
    0.0000   45.0000   37.5000 2686.3765   17.1578
    7.5000   45.0000   37.5000 2657.7207   17.3324
   -7.5000  -45.0000   45.0000 1835.3790   36.6008
    0.0000  -45.0000   45.0000 1837.4631   35.8642
    7.5000  -45.0000   45.0000 1863.7896   36.6691
   -7.5000  -37.5000   45.0000 1987.9697   31.3819
    0.0000  -37.5000   45.0000 1997.2865   30.8613
    7.5000  -37.5000   45.0000 2009.5042   31.5565
   -7.5000  -30.0000   45.0000 2113.2388   27.3002
    0.0000  -30.0000   45.0000 2130.1726   26.9556
    7.5000  -30.0000   45.0000 2127.6760   27.5425
   -7.5000  -22.5000   45.0000 2237.3547   24.2687
    0.0000  -22.5000   45.0000 2261.7285   24.0325
    7.5000  -22.5000   45.0000 2245.1499   24.4712
   -7.5000  -15.0000   45.0000 2367.5945   22.0384
    0.0000  -15.0000   45.0000 2387.9514   21.7929
    7.5000  -15.0000   45.0000 2359.1848   22.0652
   -7.5000   -7.5000   45.0000 2486.4585   20.2760
    0.0000   -7.5000   45.0000 2504.9275   20.0440
    7.5000   -7.5000   45.0000 2479.1221   20.2642
   -7.5000    0.0000   45.0000 2579.9065   18.9145
    0.0000    0.0000   45.0000 2601.3469   18.6132
    7.5000    0.0000   45.0000 2575.1516   18.8627
   -7.5000    7.5000   45.0000 2660.4812   17.7401
    0.0000    7.5000   45.0000 2669.6323   17.3490
    7.5000    7.5000   45.0000 2639.8557   17.7330
   -7.5000   15.0000   45.0000 2703.4924   16.9468
    0.0000   15.0000   45.0000 2707.4597   16.6370
    7.5000   15.0000   45.0000 2686.0164   16.9564
   -7.5000   22.5000   45.0000 2725.7644   16.7812
    0.0000   22.5000   45.0000 2749.7761   16.5548
    7.5000   22.5000   45.0000 2724.1721   16.7436
   -7.5000   30.0000   45.0000 2715.8113   16.9539
    0.0000   30.0000   45.0000 2743.2578   16.7779
    7.5000   30.0000   45.0000 2718.9890   16.9420
   -7.5000   37.5000   45.0000 2676.0327   17.4170
    0.0000   37.5000   45.0000 2710.8525   17.3311
    7.5000   37.5000   45.0000 2676.7161   17.4664
   -7.5000   45.0000   45.0000 2610.3745   18.1409
    0.0000   45.0000   45.0000 2650.4963   18.1506
    7.5000   45.0000   45.0000 2600.6409   18.2545

---------------------------------------------------------------------
imgreg_4dfp /opt/freesurfer/average/711-2C_as_mni_average_305 /opt/freesurfer/average/711-2B_as_mni_average_305_mask talsrcimg_g11 none talsrcimg_to_711-2C_as_mni_average_305_t4 1283
---------------------------------------------------------------------

freesurfer imgreg_4dfp.c
/opt/freesurfer/average/711-2C_as_mni_average_305.4dfp.img
       256       256       256         1
  1.000000  1.000000  1.000000
orientation T byte_order littleendian
Reading image: /opt/freesurfer/average/711-2C_as_mni_average_305.4dfp.img
dimensions:      256       256       256
mmppix:       1.0000   -1.0000   -1.0000
center:     128.0000 -129.0000 -129.0000
/opt/freesurfer/average/711-2B_as_mni_average_305_mask.4dfp.img
       256       256       256         1
  1.000000  1.000000  1.000000
orientation T byte_order littleendian
Reading mask: /opt/freesurfer/average/711-2B_as_mni_average_305_mask.4dfp.img (2306576 pixels)
talsrcimg_g11.4dfp.img
       256       256       256         1
  1.000000  1.000000  1.000000
orientation T byte_order littleendian
Reading image: talsrcimg_g11.4dfp.img
dimensions:      256       256       256
mmppix:       1.0000   -1.0000   -1.0000
center:     128.0000 -129.0000 -129.0000
rotation matrix determinant  1.000000
fimgreg.f
image alignment mode   1283 decimal      503 hex
parameters
    0.0000   22.5000   37.5000    0.0000    0.0000    0.0000
eta,q 0.88305 15.65643
niter,ni,del,rscale     5    3   12.0000    1.2000
parameter  3  0.783203 ->  0.500000 qaram    1.1500
parameters
   -1.0070   21.7509   34.0500   -2.1890   -0.1936    0.4619
eta,q 0.88838 15.16686
  0.1255  0.1254  0.1174  0.1154  0.1215  0.1171
  0.1229  0.1178  0.1139  0.1125  0.1182  0.1146
  0.1194  0.1165  0.1136  0.1122  0.1142  0.1127
  0.1211  0.1198  0.1187  0.1138  0.1121  0.1119
  0.1223  0.1217  0.1256  0.1158  0.1121  0.1115
  0.1259  0.1230  0.1290  0.1191  0.1181  0.1131
  0.1304  0.1251  0.1321  0.1241  0.1244  0.1162
niter,ni,del,rscale     5    3   12.0000    1.2000
parameters
   -0.6835   22.0462   34.5226   -2.1789   -0.6024    0.9480
eta,q 0.88806 15.27965
  0.1246  0.1227  0.1343  0.1185  0.1213  0.1168
  0.1221  0.1162  0.1253  0.1143  0.1177  0.1147
  0.1170  0.1102  0.1164  0.1120  0.1139  0.1133
  0.1116  0.1113  0.1121  0.1121  0.1121  0.1122
  0.1134  0.1154  0.1147  0.1130  0.1131  0.1118
  0.1198  0.1158  0.1236  0.1148  0.1190  0.1132
  0.1236  0.1185  0.1283  0.1177  0.1254  0.1161
niter,ni,del,rscale     4    3   12.0000    1.2000
parameters
   -0.5307   22.3327   34.7460   -2.3860   -0.9081    1.2655
eta,q 0.88762 15.33000
  0.1241  0.1224  0.1331  0.1175  0.1215  0.1166
  0.1216  0.1160  0.1232  0.1137  0.1185  0.1148
  0.1170  0.1099  0.1155  0.1122  0.1143  0.1138
  0.1119  0.1118  0.1125  0.1125  0.1125  0.1125
  0.1141  0.1151  0.1163  0.1135  0.1135  0.1122
  0.1203  0.1152  0.1249  0.1148  0.1186  0.1138
  0.1243  0.1185  0.1282  0.1174  0.1251  0.1165
niter,ni,del,rscale     3    3   12.0000    1.2000
parameters
   -0.4266   22.5998   34.8703   -2.5738   -1.1205    1.4549
eta,q 0.88723 15.35851
  0.1239  0.1222  0.1323  0.1171  0.1218  0.1163
  0.1216  0.1157  0.1225  0.1135  0.1190  0.1152
  0.1173  0.1099  0.1153  0.1126  0.1148  0.1143
  0.1124  0.1123  0.1128  0.1129  0.1128  0.1129
  0.1146  0.1148  0.1171  0.1135  0.1138  0.1126
  0.1206  0.1148  0.1253  0.1145  0.1185  0.1143
  0.1244  0.1187  0.1280  0.1168  0.1248  0.1168
niter,ni,del,rscale     2    3   12.0000    1.2000
parameters
   -0.3496   22.7820   34.9280   -2.7311   -1.2679    1.5383
eta,q 0.88694 15.37137
  0.1238  0.1219  0.1316  0.1169  0.1220  0.1163
  0.1216  0.1153  0.1222  0.1134  0.1193  0.1153
  0.1177  0.1100  0.1153  0.1127  0.1152  0.1146
  0.1128  0.1127  0.1131  0.1131  0.1131  0.1131
  0.1150  0.1147  0.1176  0.1137  0.1140  0.1128
  0.1207  0.1148  0.1254  0.1144  0.1184  0.1146
  0.1244  0.1191  0.1279  0.1165  0.1246  0.1171
niter,ni,del,rscale     1    3   12.0000    1.2000
parameters
   -0.3023   22.8995   34.9555   -2.8292   -1.3583    1.5724
eta,q 0.88676 15.37781
  0.1237  0.1216  0.1312  0.1168  0.1221  0.1163
  0.1216  0.1150  0.1221  0.1134  0.1196  0.1154
  0.1179  0.1102  0.1153  0.1128  0.1155  0.1148
  0.1131  0.1130  0.1132  0.1133  0.1132  0.1133
  0.1154  0.1146  0.1177  0.1138  0.1141  0.1130
  0.1209  0.1149  0.1254  0.1143  0.1183  0.1149
  0.1245  0.1192  0.1279  0.1163  0.1244  0.1172
registration optimization eta report
parameter search radius
    6.0000    6.0000    6.9000    6.0000    6.0000    6.0000
100000*second partial in parameter space
       27.       23.       32.       10.       27.        9.
  0.1237  0.1216  0.1312  0.1168  0.1221  0.1163
  0.1216  0.1150  0.1221  0.1134  0.1196  0.1154
  0.1179  0.1102  0.1153  0.1128  0.1155  0.1148
  0.1131  0.1130  0.1132  0.1133  0.1132  0.1133
  0.1154  0.1146  0.1177  0.1138  0.1141  0.1130
  0.1209  0.1149  0.1254  0.1143  0.1183  0.1149
  0.1245  0.1192  0.1279  0.1163  0.1244  0.1172
   -0.3023   22.8995   34.9555   -2.8292   -1.3583    1.5724
eta,q 0.88676 15.37781

---------------------------------------------------------------------
imgreg_4dfp /opt/freesurfer/average/711-2C_as_mni_average_305 /opt/freesurfer/average/711-2B_as_mni_average_305_mask talsrcimg_g11 none talsrcimg_to_711-2C_as_mni_average_305_t4 3335
---------------------------------------------------------------------

freesurfer imgreg_4dfp.c
/opt/freesurfer/average/711-2C_as_mni_average_305.4dfp.img
       256       256       256         1
  1.000000  1.000000  1.000000
orientation T byte_order littleendian
Reading image: /opt/freesurfer/average/711-2C_as_mni_average_305.4dfp.img
dimensions:      256       256       256
mmppix:       1.0000   -1.0000   -1.0000
center:     128.0000 -129.0000 -129.0000
/opt/freesurfer/average/711-2B_as_mni_average_305_mask.4dfp.img
       256       256       256         1
  1.000000  1.000000  1.000000
orientation T byte_order littleendian
Reading mask: /opt/freesurfer/average/711-2B_as_mni_average_305_mask.4dfp.img (2306576 pixels)
talsrcimg_g11.4dfp.img
       256       256       256         1
  1.000000  1.000000  1.000000
orientation T byte_order littleendian
Reading image: talsrcimg_g11.4dfp.img
dimensions:      256       256       256
mmppix:       1.0000   -1.0000   -1.0000
center:     128.0000 -129.0000 -129.0000
fimgreg.f
image alignment mode   3335 decimal      D07 hex
parameters
   -0.3023   22.8995   34.9555   -0.0657   -0.1627   -0.1500
   -2.8576    2.2313    2.7432    4.9990   -2.3705   -4.9345
eta,q 0.88688 15.28921
niter,ni,del,rscale     5    3    5.0000    1.2000
parameter  1  0.640135 ->  0.500000 qaram    1.1500
parameter  4 -5.662327 ->  0.500000 qaram    1.1500
parameter  5  1.535358 ->  0.500000 qaram    1.1500
parameter  6  0.613074 ->  0.500000 qaram    1.1500
parameter  9  0.997318 ->  0.500000 qaram    1.1500
parameter 10 -1.811461 -> -0.500000 qaram    1.1500
parameter 11 -0.653092 -> -0.500000 qaram    1.1500
parameter 12 -3.412655 -> -0.500000 qaram    1.1500
parameters
   -1.6823   24.0921   35.0915   -4.2057   -4.3027   -4.2900
   -1.8692    2.9742   -1.3968    9.1390    1.7695   -0.7945
eta,q 0.90730 15.02461
  0.1130  0.1167  0.1152  0.0985  0.1000  0.0990  0.1007  0.1039  0.0988  0.1061  0.0988  0.1026
  0.1128  0.1150  0.1139  0.1031  0.1014  0.0992  0.1001  0.1016  0.0989  0.1032  0.0977  0.1002
  0.1129  0.1136  0.1130  0.1079  0.1022  0.0999  0.0996  0.1000  0.0990  0.1007  0.0969  0.0979
  0.1131  0.1128  0.1126  0.1126  0.1044  0.1016  0.0993  0.0994  0.0993  0.0989  0.0963  0.0958
  0.1134  0.1126  0.1127  0.1168  0.1068  0.1065  0.0994  0.0995  0.0998  0.0974  0.0959  0.0940
  0.1137  0.1127  0.1135  0.1207  0.1090  0.1160  0.0997  0.1005  0.1002  0.0959  0.0958  0.0922
  0.1141  0.1128  0.1147  0.1242  0.1126  0.1258  0.1001  0.1024  0.1008  0.0948  0.0960  0.0908
niter,ni,del,rscale     7    3    5.0000    1.2000
parameter  1 -0.545710 -> -0.500000 qaram    1.3225
parameter  2 -1.237759 -> -0.500000 qaram    1.1500
parameter  3  2.387400 ->  0.500000 qaram    1.1500
parameter  4  3.776199 ->  0.500000 qaram    1.3225
parameter  5  2.062364 ->  0.500000 qaram    1.3225
parameter  9 -9.904847 ->  0.500000 qaram    1.3225
parameter 10 -1.593905 -> -0.500000 qaram    1.3225
parameter 12 -1.888359 -> -0.500000 qaram    1.3225
parameters
   -0.0953   25.4721   33.7115   -8.9667   -9.0637   -6.3951
   -2.4611    4.2085   -6.1578   13.9000   -1.2518    3.9665
eta,q 0.92246 14.72454
  0.0959  0.0944  0.0880  0.0797  0.0798  0.0837  0.0829  0.0862  0.0812  0.0889  0.0794  0.0835
  0.0947  0.0933  0.0889  0.0822  0.0816  0.0825  0.0825  0.0839  0.0816  0.0859  0.0793  0.0819
  0.0936  0.0926  0.0900  0.0854  0.0821  0.0822  0.0822  0.0826  0.0819  0.0833  0.0792  0.0805
  0.0927  0.0921  0.0914  0.0892  0.0830  0.0817  0.0821  0.0821  0.0821  0.0817  0.0793  0.0792
  0.0922  0.0917  0.0931  0.0943  0.0831  0.0820  0.0823  0.0821  0.0823  0.0803  0.0795  0.0781
  0.0921  0.0913  0.0949  0.0989  0.0852  0.0850  0.0827  0.0827  0.0826  0.0789  0.0796  0.0773
  0.0927  0.0910  0.0967  0.1024  0.0873  0.0926  0.0832  0.0840  0.0829  0.0777  0.0799  0.0768
niter,ni,del,rscale     7    3    5.0000    1.2000
parameter  2  5.968956 ->  0.500000 qaram    1.3225
parameter  3  3.806701 ->  0.500000 qaram    1.3225
parameter  4  0.903829 ->  0.500000 qaram    1.5209
parameter  5 -3.857917 ->  0.500000 qaram    1.5209
parameter  8  1.388016 ->  0.500000 qaram    1.1500
parameter 11  0.835643 ->  0.500000 qaram    1.3225
parameter 12  0.932939 ->  0.500000 qaram    1.5209
parameters
   -0.9697   23.8851   32.1245  -14.4419  -14.5389   -8.5181
    1.0242    0.0685   -6.1023   16.6840   -6.0128   -1.5087
eta,q 0.93707 14.47868
  0.0790  0.0766  0.0723  0.0693  0.0628  0.0664  0.0682  0.0638  0.0656  0.0667  0.0637  0.0629
  0.0777  0.0767  0.0735  0.0702  0.0649  0.0667  0.0673  0.0639  0.0649  0.0653  0.0636  0.0629
  0.0772  0.0769  0.0751  0.0715  0.0674  0.0662  0.0666  0.0646  0.0644  0.0645  0.0637  0.0631
  0.0775  0.0772  0.0767  0.0739  0.0705  0.0655  0.0660  0.0657  0.0641  0.0640  0.0638  0.0636
  0.0785  0.0776  0.0783  0.0783  0.0727  0.0655  0.0658  0.0671  0.0641  0.0638  0.0640  0.0641
  0.0801  0.0778  0.0802  0.0847  0.0739  0.0674  0.0658  0.0685  0.0647  0.0639  0.0642  0.0649
  0.0822  0.0780  0.0823  0.0909  0.0761  0.0731  0.0661  0.0699  0.0658  0.0647  0.0644  0.0658
niter,ni,del,rscale     7    3    5.0000    1.2000
parameter  3  8.027812 ->  0.500000 qaram    1.5209
parameter  5  0.827465 ->  0.500000 qaram    1.7490
parameter  6  1.266888 ->  0.500000 qaram    1.3225
parameter  9 -0.632165 -> -0.500000 qaram    1.5209
parameter 10  1.118995 ->  0.500000 qaram    1.5209
parameters
   -0.9808   22.8670   30.2995  -19.7226  -20.8353  -13.2791
    2.7121    0.4047   -0.6272   11.2089   -2.7262   -6.4114
eta,q 0.95119 14.03331
  0.0673  0.0638  0.0550  0.0582  0.0544  0.0505  0.0560  0.0560  0.0568  0.0492  0.0510  0.0498
  0.0651  0.0629  0.0576  0.0573  0.0543  0.0523  0.0544  0.0544  0.0551  0.0493  0.0503  0.0490
  0.0636  0.0626  0.0601  0.0573  0.0550  0.0534  0.0533  0.0531  0.0536  0.0502  0.0498  0.0488
  0.0629  0.0629  0.0626  0.0583  0.0572  0.0544  0.0526  0.0524  0.0524  0.0515  0.0495  0.0494
  0.0633  0.0637  0.0654  0.0619  0.0618  0.0549  0.0525  0.0527  0.0517  0.0533  0.0494  0.0505
  0.0648  0.0649  0.0684  0.0695  0.0674  0.0576  0.0529  0.0538  0.0516  0.0554  0.0495  0.0522
  0.0676  0.0663  0.0713  0.0789  0.0718  0.0616  0.0539  0.0556  0.0520  0.0577  0.0498  0.0542
niter,ni,del,rscale     7    3    5.0000    1.2000
parameter  2 -0.769211 -> -0.500000 qaram    1.5209
parameter  3  6.787853 ->  0.500000 qaram    1.7490
parameters
   -0.7196   24.6920   28.2007  -19.5019  -23.5077  -16.8087
    0.5749    0.9874   -1.1896   15.3372   -0.2372   -6.8841
eta,q 0.96062 13.90629
  0.0528  0.0541  0.0366  0.0457  0.0477  0.0429  0.0415  0.0452  0.0419  0.0467  0.0412  0.0415
  0.0508  0.0520  0.0400  0.0437  0.0451  0.0414  0.0408  0.0431  0.0410  0.0445  0.0405  0.0404
  0.0494  0.0502  0.0437  0.0422  0.0427  0.0408  0.0406  0.0414  0.0406  0.0424  0.0398  0.0396
  0.0488  0.0488  0.0475  0.0410  0.0409  0.0420  0.0407  0.0406  0.0405  0.0405  0.0395  0.0394
  0.0491  0.0479  0.0517  0.0404  0.0422  0.0434  0.0413  0.0408  0.0407  0.0395  0.0394  0.0396
  0.0500  0.0475  0.0562  0.0416  0.0519  0.0450  0.0423  0.0421  0.0412  0.0398  0.0396  0.0405
  0.0517  0.0478  0.0603  0.0470  0.0610  0.0479  0.0435  0.0442  0.0422  0.0419  0.0401  0.0421
niter,ni,del,rscale     7    3    5.0000    1.2000
parameter  3  1.563991 ->  0.500000 qaram    2.0114
parameters
   -0.5992   26.4094   25.7870  -16.6846  -24.6210  -16.4840
    0.5881    0.3912   -1.1333   15.3826   -0.8470  -11.9153
eta,q 0.96810 13.96735
  0.0439  0.0470  0.0303  0.0386  0.0418  0.0378  0.0342  0.0367  0.0355  0.0387  0.0334  0.0321
  0.0415  0.0439  0.0320  0.0362  0.0380  0.0358  0.0331  0.0341  0.0336  0.0357  0.0326  0.0319
  0.0399  0.0413  0.0346  0.0342  0.0344  0.0338  0.0324  0.0325  0.0326  0.0333  0.0322  0.0319
  0.0394  0.0394  0.0382  0.0326  0.0315  0.0322  0.0322  0.0322  0.0321  0.0321  0.0321  0.0321
  0.0398  0.0383  0.0429  0.0313  0.0311  0.0325  0.0323  0.0331  0.0323  0.0326  0.0324  0.0327
  0.0411  0.0384  0.0485  0.0313  0.0393  0.0346  0.0330  0.0352  0.0334  0.0351  0.0329  0.0339
  0.0432  0.0399  0.0539  0.0354  0.0501  0.0379  0.0342  0.0381  0.0357  0.0392  0.0337  0.0358
niter,ni,del,rscale     7    3    5.0000    1.2000
parameter  3  0.970095 ->  0.500000 qaram    2.3131
parameter 12  0.599509 ->  0.500000 qaram    1.7490
parameters
   -0.5889   26.9695   23.0114  -17.0311  -24.6510  -15.5658
    0.2258    0.8370   -0.9907   18.8898   -1.0986  -18.2118
eta,q 0.97380 14.08004
  0.0369  0.0379  0.0269  0.0340  0.0394  0.0347  0.0295  0.0334  0.0313  0.0367  0.0282  0.0266
  0.0341  0.0351  0.0277  0.0316  0.0353  0.0322  0.0285  0.0300  0.0293  0.0328  0.0273  0.0262
  0.0324  0.0330  0.0292  0.0297  0.0315  0.0300  0.0279  0.0283  0.0282  0.0297  0.0270  0.0263
  0.0319  0.0319  0.0317  0.0280  0.0282  0.0282  0.0277  0.0277  0.0277  0.0277  0.0269  0.0269
  0.0324  0.0318  0.0354  0.0269  0.0265  0.0266  0.0279  0.0281  0.0278  0.0269  0.0271  0.0278
  0.0341  0.0329  0.0405  0.0297  0.0322  0.0278  0.0287  0.0296  0.0289  0.0275  0.0275  0.0289
  0.0368  0.0353  0.0466  0.0378  0.0434  0.0347  0.0300  0.0320  0.0314  0.0299  0.0282  0.0305
niter,ni,del,rscale     7    3    5.0000    1.2000
parameters
   -0.6254   26.9526   21.0171  -16.9870  -24.3734  -16.8826
   -0.0433    1.2509   -1.0170   21.6046    0.3303  -19.3597
eta,q 0.97469 14.09170
  0.0312  0.0314  0.0286  0.0322  0.0370  0.0312  0.0275  0.0315  0.0294  0.0326  0.0270  0.0274
  0.0284  0.0285  0.0257  0.0294  0.0329  0.0285  0.0264  0.0275  0.0273  0.0291  0.0263  0.0261
  0.0267  0.0268  0.0251  0.0271  0.0288  0.0265  0.0258  0.0260  0.0261  0.0268  0.0258  0.0255
  0.0262  0.0262  0.0262  0.0251  0.0251  0.0249  0.0256  0.0256  0.0256  0.0256  0.0254  0.0254
  0.0268  0.0268  0.0290  0.0237  0.0229  0.0246  0.0258  0.0260  0.0258  0.0255  0.0254  0.0259
  0.0286  0.0285  0.0339  0.0263  0.0284  0.0298  0.0265  0.0275  0.0271  0.0261  0.0257  0.0268
  0.0315  0.0316  0.0407  0.0351  0.0401  0.0409  0.0279  0.0298  0.0297  0.0279  0.0263  0.0281
niter,ni,del,rscale     6    3    5.0000    1.2000
parameters
   -0.5428   27.0725   20.5466  -16.7767  -24.3466  -17.5656
   -0.2364    1.3085   -1.4129   22.1856    0.6386  -19.5637
eta,q 0.97451 14.08055
  0.0306  0.0305  0.0318  0.0320  0.0365  0.0318  0.0275  0.0306  0.0289  0.0302  0.0268  0.0278
  0.0278  0.0277  0.0275  0.0292  0.0326  0.0291  0.0263  0.0273  0.0268  0.0275  0.0262  0.0265
  0.0260  0.0259  0.0255  0.0270  0.0287  0.0269  0.0257  0.0259  0.0258  0.0259  0.0258  0.0257
  0.0253  0.0253  0.0253  0.0252  0.0251  0.0251  0.0255  0.0255  0.0255  0.0255  0.0255  0.0255
  0.0258  0.0257  0.0266  0.0240  0.0232  0.0243  0.0257  0.0260  0.0259  0.0258  0.0256  0.0259
  0.0274  0.0271  0.0295  0.0260  0.0291  0.0281  0.0265  0.0276  0.0271  0.0268  0.0260  0.0266
  0.0302  0.0299  0.0343  0.0341  0.0406  0.0379  0.0277  0.0301  0.0295  0.0292  0.0267  0.0278
niter,ni,del,rscale     5    3    5.0000    1.2000
parameters
   -0.4916   27.1613   20.2864  -16.8462  -24.4418  -17.8839
   -0.3055    1.3884   -1.5647   22.4958    0.8741  -19.5480
eta,q 0.97427 14.05669
  0.0307  0.0304  0.0321  0.0319  0.0365  0.0322  0.0278  0.0307  0.0291  0.0300  0.0269  0.0280
  0.0279  0.0277  0.0279  0.0292  0.0327  0.0296  0.0266  0.0276  0.0271  0.0274  0.0264  0.0267
  0.0261  0.0261  0.0259  0.0271  0.0289  0.0274  0.0259  0.0261  0.0260  0.0261  0.0260  0.0260
  0.0255  0.0255  0.0255  0.0254  0.0255  0.0255  0.0257  0.0257  0.0257  0.0257  0.0257  0.0257
  0.0260  0.0259  0.0266  0.0244  0.0237  0.0245  0.0260  0.0263  0.0261  0.0261  0.0258  0.0261
  0.0276  0.0272  0.0291  0.0267  0.0296  0.0276  0.0266  0.0278  0.0271  0.0271  0.0262  0.0268
  0.0305  0.0301  0.0333  0.0348  0.0409  0.0364  0.0279  0.0302  0.0294  0.0295  0.0269  0.0279
niter,ni,del,rscale     4    3    5.0000    1.2000
parameters
   -0.4560   27.2664   20.1362  -16.8834  -24.6120  -18.0753
   -0.3784    1.4275   -1.6574   22.7541    1.0353  -19.4886
eta,q 0.97405 14.03576
  0.0309  0.0305  0.0324  0.0320  0.0364  0.0324  0.0280  0.0308  0.0292  0.0300  0.0271  0.0282
  0.0281  0.0279  0.0282  0.0294  0.0327  0.0298  0.0268  0.0278  0.0272  0.0276  0.0266  0.0269
  0.0264  0.0263  0.0262  0.0273  0.0291  0.0276  0.0261  0.0264  0.0262  0.0263  0.0262  0.0262
  0.0257  0.0257  0.0257  0.0257  0.0257  0.0258  0.0260  0.0260  0.0260  0.0260  0.0260  0.0260
  0.0262  0.0261  0.0267  0.0248  0.0240  0.0248  0.0262  0.0265  0.0263  0.0263  0.0260  0.0263
  0.0279  0.0274  0.0290  0.0268  0.0300  0.0276  0.0269  0.0280  0.0273  0.0272  0.0264  0.0269
  0.0307  0.0301  0.0329  0.0348  0.0411  0.0360  0.0280  0.0305  0.0294  0.0296  0.0271  0.0281
niter,ni,del,rscale     3    3    5.0000    1.2000
parameters
   -0.4291   27.3833   20.0198  -16.9352  -24.8197  -18.2366
   -0.4407    1.4550   -1.7238   23.0230    1.1499  -19.4034
eta,q 0.97382 14.01312
  0.0310  0.0306  0.0325  0.0321  0.0364  0.0325  0.0282  0.0310  0.0294  0.0300  0.0272  0.0283
  0.0283  0.0281  0.0284  0.0295  0.0328  0.0300  0.0270  0.0280  0.0274  0.0278  0.0268  0.0271
  0.0266  0.0265  0.0264  0.0274  0.0292  0.0278  0.0264  0.0266  0.0264  0.0265  0.0264  0.0264
  0.0260  0.0260  0.0259  0.0259  0.0260  0.0261  0.0262  0.0262  0.0262  0.0262  0.0262  0.0262
  0.0264  0.0262  0.0269  0.0250  0.0243  0.0250  0.0264  0.0267  0.0265  0.0264  0.0262  0.0265
  0.0281  0.0275  0.0291  0.0270  0.0301  0.0277  0.0271  0.0283  0.0274  0.0273  0.0267  0.0271
  0.0309  0.0302  0.0328  0.0348  0.0412  0.0359  0.0282  0.0307  0.0294  0.0298  0.0273  0.0282
niter,ni,del,rscale     2    3    5.0000    1.2000
parameters
   -0.4050   27.5155   19.9035  -16.9984  -25.0669  -18.4068
   -0.5034    1.4831   -1.7848   23.3293    1.2658  -19.2707
eta,q 0.97357 13.98669
  0.0312  0.0307  0.0326  0.0322  0.0364  0.0326  0.0284  0.0311  0.0295  0.0302  0.0275  0.0285
  0.0285  0.0283  0.0286  0.0297  0.0328  0.0301  0.0273  0.0283  0.0276  0.0280  0.0270  0.0274
  0.0268  0.0268  0.0266  0.0276  0.0293  0.0280  0.0266  0.0269  0.0267  0.0268  0.0266  0.0267
  0.0262  0.0262  0.0262  0.0262  0.0262  0.0263  0.0264  0.0264  0.0264  0.0264  0.0264  0.0264
  0.0267  0.0264  0.0271  0.0253  0.0246  0.0253  0.0267  0.0269  0.0267  0.0266  0.0265  0.0267
  0.0283  0.0276  0.0292  0.0272  0.0303  0.0279  0.0273  0.0285  0.0276  0.0275  0.0269  0.0273
  0.0312  0.0303  0.0329  0.0349  0.0412  0.0359  0.0284  0.0309  0.0295  0.0300  0.0275  0.0284
niter,ni,del,rscale     1    3    5.0000    1.2000
parameters
   -0.3808   27.6759   19.7680  -17.0739  -25.3721  -18.6145
   -0.5693    1.4970   -1.8235   23.6943    1.3302  -19.1029
eta,q 0.97330 13.95445
  0.0314  0.0309  0.0326  0.0323  0.0364  0.0327  0.0287  0.0313  0.0296  0.0304  0.0277  0.0287
  0.0288  0.0285  0.0287  0.0298  0.0328  0.0303  0.0275  0.0285  0.0278  0.0284  0.0272  0.0276
  0.0270  0.0270  0.0268  0.0278  0.0295  0.0282  0.0269  0.0271  0.0270  0.0272  0.0269  0.0269
  0.0264  0.0264  0.0264  0.0264  0.0264  0.0266  0.0267  0.0267  0.0267  0.0267  0.0267  0.0267
  0.0269  0.0266  0.0273  0.0256  0.0249  0.0256  0.0270  0.0272  0.0270  0.0268  0.0268  0.0269
  0.0286  0.0278  0.0294  0.0274  0.0306  0.0282  0.0276  0.0288  0.0279  0.0277  0.0271  0.0275
  0.0314  0.0304  0.0330  0.0350  0.0414  0.0360  0.0287  0.0311  0.0297  0.0302  0.0277  0.0286
registration optimization eta report
parameter search radius
    3.1740    3.6501    5.5513   10.9503   12.5928    9.5220
    7.2000    8.2800   10.9503   10.9503    9.5220   12.5928
100000*second partial in parameter space
       49.       32.       21.        6.        8.        9.
        4.        7.        2.        3.        1.        1.
  0.0314  0.0309  0.0326  0.0323  0.0364  0.0327  0.0287  0.0313  0.0296  0.0304  0.0277  0.0287
  0.0288  0.0285  0.0287  0.0298  0.0328  0.0303  0.0275  0.0285  0.0278  0.0284  0.0272  0.0276
  0.0270  0.0270  0.0268  0.0278  0.0295  0.0282  0.0269  0.0271  0.0270  0.0272  0.0269  0.0269
  0.0264  0.0264  0.0264  0.0264  0.0264  0.0266  0.0267  0.0267  0.0267  0.0267  0.0267  0.0267
  0.0269  0.0266  0.0273  0.0256  0.0249  0.0256  0.0270  0.0272  0.0270  0.0268  0.0268  0.0269
  0.0286  0.0278  0.0294  0.0274  0.0306  0.0282  0.0276  0.0288  0.0279  0.0277  0.0271  0.0275
  0.0314  0.0304  0.0330  0.0350  0.0414  0.0360  0.0287  0.0311  0.0297  0.0302  0.0277  0.0286
   -0.3808   27.6759   19.7680  -17.0739  -25.3721  -18.6145
   -0.5693    1.4970   -1.8235   23.6943    1.3302  -19.1029
eta,q 0.97330 13.95445

---------------------------------------------------------------------
imgreg_4dfp /opt/freesurfer/average/711-2C_as_mni_average_305 /opt/freesurfer/average/711-2B_as_mni_average_305_mask talsrcimg_g11 none talsrcimg_to_711-2C_as_mni_average_305_t4 2311
---------------------------------------------------------------------

freesurfer imgreg_4dfp.c
/opt/freesurfer/average/711-2C_as_mni_average_305.4dfp.img
       256       256       256         1
  1.000000  1.000000  1.000000
orientation T byte_order littleendian
Reading image: /opt/freesurfer/average/711-2C_as_mni_average_305.4dfp.img
dimensions:      256       256       256
mmppix:       1.0000   -1.0000   -1.0000
center:     128.0000 -129.0000 -129.0000
/opt/freesurfer/average/711-2B_as_mni_average_305_mask.4dfp.img
       256       256       256         1
  1.000000  1.000000  1.000000
orientation T byte_order littleendian
Reading mask: /opt/freesurfer/average/711-2B_as_mni_average_305_mask.4dfp.img (2306576 pixels)
talsrcimg_g11.4dfp.img
       256       256       256         1
  1.000000  1.000000  1.000000
orientation T byte_order littleendian
Reading image: talsrcimg_g11.4dfp.img
dimensions:      256       256       256
mmppix:       1.0000   -1.0000   -1.0000
center:     128.0000 -129.0000 -129.0000
fimgreg.f
image alignment mode   2311 decimal      907 hex
parameters
   -0.3808   27.6759   19.7680  -17.0739  -25.3721  -18.6145
   -0.5693    1.4970   -1.8235   23.6943    1.3302  -19.1029
eta,q 0.97330 13.95445
niter,ni,del,rscale     5    3    5.0000    0.8000
parameter  4 -1.071245 -> -0.500000 qaram    1.1500
parameter  5 -0.713194 -> -0.500000 qaram    1.1500
parameters
   -0.3367   28.0578   19.3550  -14.3139  -22.6121  -16.6878
   -0.5796    1.8625   -1.6317   23.2806    1.4461  -19.4873
eta,q 0.97601 14.33931
  0.0280  0.0278  0.0269  0.0285  0.0294  0.0274  0.0257  0.0271  0.0253  0.0249  0.0245  0.0243
  0.0273  0.0272  0.0267  0.0278  0.0282  0.0264  0.0248  0.0252  0.0246  0.0244  0.0242  0.0241
  0.0269  0.0269  0.0266  0.0271  0.0270  0.0256  0.0242  0.0242  0.0242  0.0241  0.0241  0.0240
  0.0267  0.0267  0.0267  0.0266  0.0260  0.0247  0.0240  0.0240  0.0240  0.0240  0.0240  0.0240
  0.0268  0.0267  0.0268  0.0262  0.0251  0.0241  0.0241  0.0242  0.0241  0.0241  0.0240  0.0240
  0.0272  0.0268  0.0270  0.0259  0.0247  0.0240  0.0247  0.0249  0.0244  0.0245  0.0242  0.0242
  0.0279  0.0271  0.0274  0.0260  0.0255  0.0253  0.0258  0.0261  0.0251  0.0254  0.0244  0.0244
niter,ni,del,rscale     6    3    5.0000    0.9000
parameter  2  0.597233 ->  0.500000 qaram    1.1500
parameter  3 -0.568105 -> -0.500000 qaram    1.1500
parameters
   -0.4461   27.0228   20.3900  -14.6800  -22.0442  -16.2669
   -0.2078    1.4497   -1.5456   21.6532    0.4509  -19.9458
eta,q 0.97762 14.37817
  0.0259  0.0236  0.0256  0.0257  0.0282  0.0264  0.0248  0.0251  0.0240  0.0231  0.0228  0.0229
  0.0248  0.0234  0.0246  0.0246  0.0264  0.0251  0.0236  0.0234  0.0232  0.0226  0.0225  0.0226
  0.0242  0.0235  0.0239  0.0237  0.0246  0.0239  0.0229  0.0226  0.0227  0.0224  0.0224  0.0224
  0.0240  0.0240  0.0234  0.0230  0.0231  0.0228  0.0226  0.0226  0.0226  0.0226  0.0224  0.0224
  0.0243  0.0249  0.0231  0.0229  0.0225  0.0223  0.0227  0.0231  0.0227  0.0230  0.0226  0.0225
  0.0251  0.0264  0.0230  0.0240  0.0239  0.0234  0.0232  0.0241  0.0231  0.0238  0.0229  0.0228
  0.0266  0.0283  0.0232  0.0277  0.0278  0.0264  0.0243  0.0258  0.0240  0.0250  0.0233  0.0231
niter,ni,del,rscale     7    3    5.0000    1.0000
parameters
   -0.6011   26.4313   20.6472  -14.8142  -21.5198  -16.1002
    0.0079    1.4446   -1.1938   21.2617    0.0009  -19.7288
eta,q 0.97820 14.40386
  0.0246  0.0239  0.0244  0.0259  0.0285  0.0261  0.0244  0.0258  0.0241  0.0237  0.0226  0.0227
  0.0234  0.0228  0.0233  0.0245  0.0263  0.0246  0.0231  0.0231  0.0229  0.0225  0.0221  0.0222
  0.0226  0.0223  0.0225  0.0232  0.0241  0.0232  0.0222  0.0220  0.0222  0.0219  0.0219  0.0219
  0.0224  0.0224  0.0222  0.0222  0.0223  0.0220  0.0219  0.0219  0.0219  0.0218  0.0218  0.0218
  0.0228  0.0232  0.0223  0.0218  0.0216  0.0214  0.0220  0.0224  0.0219  0.0222  0.0220  0.0219
  0.0238  0.0248  0.0228  0.0232  0.0235  0.0229  0.0227  0.0235  0.0226  0.0230  0.0223  0.0222
  0.0256  0.0273  0.0236  0.0278  0.0283  0.0270  0.0242  0.0254  0.0237  0.0241  0.0228  0.0226
niter,ni,del,rscale     6    3    5.0000    0.9000
parameters
   -0.6467   26.2679   20.7050  -14.5362  -21.1869  -15.7908
   -0.0424    1.4399   -1.0804   21.0766   -0.0053  -19.5508
eta,q 0.97864 14.44329
  0.0238  0.0241  0.0234  0.0252  0.0272  0.0252  0.0234  0.0248  0.0233  0.0231  0.0222  0.0221
  0.0227  0.0228  0.0225  0.0239  0.0252  0.0238  0.0223  0.0225  0.0223  0.0221  0.0217  0.0217
  0.0220  0.0220  0.0220  0.0227  0.0233  0.0226  0.0216  0.0215  0.0217  0.0215  0.0214  0.0215
  0.0218  0.0218  0.0218  0.0218  0.0217  0.0215  0.0214  0.0214  0.0214  0.0214  0.0214  0.0214
  0.0220  0.0222  0.0220  0.0213  0.0213  0.0210  0.0215  0.0219  0.0215  0.0217  0.0214  0.0214
  0.0228  0.0233  0.0224  0.0223  0.0231  0.0222  0.0223  0.0229  0.0221  0.0223  0.0217  0.0217
  0.0241  0.0250  0.0232  0.0257  0.0274  0.0255  0.0236  0.0244  0.0232  0.0233  0.0221  0.0220
niter,ni,del,rscale     5    3    5.0000    0.8000
parameters
   -0.6840   26.1818   20.7973  -14.2480  -20.9166  -15.4822
   -0.0320    1.3935   -1.0401   20.9813    0.0046  -19.4047
eta,q 0.97901 14.47923
  0.0230  0.0234  0.0228  0.0243  0.0260  0.0243  0.0228  0.0239  0.0226  0.0226  0.0217  0.0216
  0.0221  0.0223  0.0220  0.0231  0.0242  0.0232  0.0218  0.0219  0.0217  0.0217  0.0213  0.0213
  0.0216  0.0216  0.0215  0.0222  0.0226  0.0221  0.0212  0.0211  0.0212  0.0211  0.0211  0.0211
  0.0214  0.0214  0.0214  0.0214  0.0213  0.0211  0.0210  0.0210  0.0210  0.0210  0.0210  0.0210
  0.0216  0.0217  0.0215  0.0210  0.0210  0.0208  0.0211  0.0214  0.0211  0.0212  0.0211  0.0211
  0.0222  0.0225  0.0218  0.0218  0.0226  0.0217  0.0217  0.0223  0.0217  0.0218  0.0213  0.0213
  0.0233  0.0239  0.0225  0.0246  0.0262  0.0244  0.0229  0.0236  0.0226  0.0226  0.0217  0.0216
niter,ni,del,rscale     4    3    5.0000    0.7000
parameters
   -0.7341   26.1193   20.9036  -13.9684  -20.6914  -15.1913
    0.0006    1.3429   -1.0309   20.9224    0.0045  -19.2676
eta,q 0.97930 14.51088
  0.0223  0.0227  0.0222  0.0234  0.0249  0.0236  0.0222  0.0230  0.0220  0.0220  0.0213  0.0212
  0.0216  0.0218  0.0215  0.0225  0.0233  0.0226  0.0214  0.0214  0.0213  0.0213  0.0209  0.0210
  0.0211  0.0212  0.0211  0.0216  0.0219  0.0217  0.0209  0.0208  0.0209  0.0208  0.0208  0.0208
  0.0210  0.0210  0.0210  0.0210  0.0209  0.0208  0.0207  0.0207  0.0207  0.0207  0.0207  0.0207
  0.0212  0.0212  0.0211  0.0207  0.0208  0.0205  0.0208  0.0211  0.0208  0.0209  0.0208  0.0208
  0.0217  0.0219  0.0214  0.0214  0.0221  0.0214  0.0213  0.0218  0.0212  0.0213  0.0210  0.0209
  0.0226  0.0231  0.0219  0.0235  0.0249  0.0235  0.0222  0.0229  0.0220  0.0220  0.0213  0.0212
niter,ni,del,rscale     3    3    5.0000    0.6000
parameters
   -0.7876   26.0716   21.0076  -13.7126  -20.5136  -14.9250
    0.0355    1.2962   -1.0301   20.8697    0.0428  -19.1471
eta,q 0.97953 14.53686
  0.0217  0.0220  0.0217  0.0226  0.0238  0.0229  0.0217  0.0223  0.0215  0.0215  0.0210  0.0209
  0.0211  0.0213  0.0211  0.0219  0.0225  0.0220  0.0210  0.0211  0.0209  0.0209  0.0207  0.0207
  0.0208  0.0208  0.0208  0.0212  0.0214  0.0212  0.0206  0.0205  0.0206  0.0206  0.0205  0.0205
  0.0207  0.0207  0.0207  0.0207  0.0206  0.0206  0.0205  0.0205  0.0205  0.0205  0.0205  0.0205
  0.0208  0.0209  0.0208  0.0205  0.0206  0.0204  0.0206  0.0208  0.0206  0.0206  0.0205  0.0205
  0.0212  0.0214  0.0210  0.0210  0.0216  0.0211  0.0210  0.0213  0.0209  0.0210  0.0207  0.0207
  0.0219  0.0223  0.0214  0.0226  0.0238  0.0227  0.0217  0.0222  0.0215  0.0215  0.0209  0.0208
niter,ni,del,rscale     2    3    5.0000    0.5000
parameters
   -0.8349   26.0326   21.1050  -13.4898  -20.3367  -14.6802
    0.0576    1.2568   -1.0347   20.8282    0.0888  -19.0504
eta,q 0.97969 14.55928
  0.0212  0.0215  0.0212  0.0219  0.0228  0.0222  0.0212  0.0216  0.0210  0.0210  0.0207  0.0206
  0.0208  0.0209  0.0208  0.0213  0.0218  0.0215  0.0207  0.0208  0.0206  0.0206  0.0205  0.0205
  0.0205  0.0206  0.0206  0.0208  0.0210  0.0209  0.0204  0.0204  0.0204  0.0204  0.0203  0.0203
  0.0205  0.0205  0.0205  0.0205  0.0204  0.0204  0.0203  0.0203  0.0203  0.0203  0.0203  0.0203
  0.0206  0.0206  0.0205  0.0204  0.0204  0.0203  0.0204  0.0205  0.0204  0.0204  0.0204  0.0203
  0.0209  0.0210  0.0207  0.0208  0.0212  0.0208  0.0207  0.0209  0.0206  0.0207  0.0205  0.0204
  0.0214  0.0216  0.0210  0.0219  0.0227  0.0220  0.0212  0.0216  0.0210  0.0211  0.0207  0.0206
niter,ni,del,rscale     1    3    5.0000    0.4000
parameters
   -0.8768   25.9892   21.1867  -13.2912  -20.1882  -14.4768
    0.0731    1.2192   -1.0316   20.7992    0.1629  -18.9790
eta,q 0.97979 14.57773
  0.0208  0.0209  0.0208  0.0213  0.0219  0.0216  0.0208  0.0211  0.0207  0.0207  0.0205  0.0204
  0.0205  0.0206  0.0206  0.0209  0.0212  0.0211  0.0205  0.0205  0.0204  0.0204  0.0203  0.0203
  0.0204  0.0204  0.0204  0.0205  0.0206  0.0206  0.0203  0.0203  0.0203  0.0202  0.0202  0.0202
  0.0203  0.0203  0.0203  0.0203  0.0203  0.0203  0.0202  0.0202  0.0202  0.0202  0.0202  0.0202
  0.0204  0.0204  0.0203  0.0203  0.0203  0.0202  0.0203  0.0203  0.0202  0.0203  0.0202  0.0202
  0.0206  0.0207  0.0205  0.0205  0.0208  0.0206  0.0205  0.0206  0.0204  0.0204  0.0203  0.0203
  0.0209  0.0211  0.0207  0.0212  0.0218  0.0214  0.0208  0.0211  0.0207  0.0207  0.0204  0.0204
registration optimization eta report
parameter search radius
    0.8000    0.9200    0.9200    2.7600    2.7600    2.4000
    2.4000    2.4000    2.4000    2.4000    2.4000    2.4000
100000*second partial in parameter space
       88.       84.       51.       13.       21.       22.
       10.       15.        9.        9.        4.        4.
  0.0208  0.0209  0.0208  0.0213  0.0219  0.0216  0.0208  0.0211  0.0207  0.0207  0.0205  0.0204
  0.0205  0.0206  0.0206  0.0209  0.0212  0.0211  0.0205  0.0205  0.0204  0.0204  0.0203  0.0203
  0.0204  0.0204  0.0204  0.0205  0.0206  0.0206  0.0203  0.0203  0.0203  0.0202  0.0202  0.0202
  0.0203  0.0203  0.0203  0.0203  0.0203  0.0203  0.0202  0.0202  0.0202  0.0202  0.0202  0.0202
  0.0204  0.0204  0.0203  0.0203  0.0203  0.0202  0.0203  0.0203  0.0202  0.0203  0.0202  0.0202
  0.0206  0.0207  0.0205  0.0205  0.0208  0.0206  0.0205  0.0206  0.0204  0.0204  0.0203  0.0203
  0.0209  0.0211  0.0207  0.0212  0.0218  0.0214  0.0208  0.0211  0.0207  0.0207  0.0204  0.0204
   -0.8768   25.9892   21.1867  -13.2912  -20.1882  -14.4768
    0.0731    1.2192   -1.0316   20.7992    0.1629  -18.9790
eta,q 0.97979 14.57773

---------------------------------------------------------------------
imgreg_4dfp /opt/freesurfer/average/711-2C_as_mni_average_305 /opt/freesurfer/average/711-2B_as_mni_average_305_mask talsrcimg_g11 none talsrcimg_to_711-2C_as_mni_average_305_t4 2311
---------------------------------------------------------------------

freesurfer imgreg_4dfp.c
/opt/freesurfer/average/711-2C_as_mni_average_305.4dfp.img
       256       256       256         1
  1.000000  1.000000  1.000000
orientation T byte_order littleendian
Reading image: /opt/freesurfer/average/711-2C_as_mni_average_305.4dfp.img
dimensions:      256       256       256
mmppix:       1.0000   -1.0000   -1.0000
center:     128.0000 -129.0000 -129.0000
/opt/freesurfer/average/711-2B_as_mni_average_305_mask.4dfp.img
       256       256       256         1
  1.000000  1.000000  1.000000
orientation T byte_order littleendian
Reading mask: /opt/freesurfer/average/711-2B_as_mni_average_305_mask.4dfp.img (2306576 pixels)
talsrcimg_g11.4dfp.img
       256       256       256         1
  1.000000  1.000000  1.000000
orientation T byte_order littleendian
Reading image: talsrcimg_g11.4dfp.img
dimensions:      256       256       256
mmppix:       1.0000   -1.0000   -1.0000
center:     128.0000 -129.0000 -129.0000
fimgreg.f
image alignment mode   2311 decimal      907 hex
parameters
   -0.8768   25.9892   21.1867  -13.2912  -20.1882  -14.4768
    0.0731    1.2192   -1.0316   20.7992    0.1629  -18.9790
eta,q 0.97979 14.57773
niter,ni,del,rscale     5    3    5.0000    0.8000
parameters
   -0.9637   25.9031   21.2631  -13.9711  -20.4781  -15.0901
    0.1874    1.1461   -1.0094   20.8762   -0.1463  -18.8649
eta,q 0.97937 14.52693
  0.0223  0.0221  0.0217  0.0223  0.0239  0.0234  0.0226  0.0236  0.0223  0.0225  0.0213  0.0213
  0.0211  0.0211  0.0209  0.0214  0.0224  0.0223  0.0216  0.0216  0.0214  0.0215  0.0209  0.0210
  0.0204  0.0204  0.0204  0.0207  0.0211  0.0212  0.0209  0.0207  0.0208  0.0209  0.0207  0.0207
  0.0202  0.0202  0.0202  0.0202  0.0204  0.0204  0.0207  0.0206  0.0206  0.0206  0.0206  0.0206
  0.0205  0.0205  0.0203  0.0204  0.0206  0.0208  0.0208  0.0211  0.0208  0.0208  0.0208  0.0207
  0.0214  0.0213  0.0208  0.0219  0.0224  0.0229  0.0214  0.0220  0.0213  0.0214  0.0211  0.0209
  0.0229  0.0227  0.0215  0.0252  0.0257  0.0268  0.0225  0.0234  0.0223  0.0224  0.0215  0.0212
niter,ni,del,rscale     4    3    5.0000    0.7000
parameters
   -0.8342   26.0174   21.0764  -13.8478  -20.4482  -15.1050
    0.0375    1.2897   -1.0139   20.8535   -0.0699  -19.0114
eta,q 0.97944 14.52947
  0.0224  0.0223  0.0212  0.0226  0.0236  0.0232  0.0220  0.0232  0.0219  0.0219  0.0212  0.0210
  0.0215  0.0215  0.0208  0.0218  0.0224  0.0223  0.0212  0.0215  0.0212  0.0212  0.0208  0.0208
  0.0209  0.0209  0.0206  0.0211  0.0213  0.0213  0.0207  0.0207  0.0207  0.0207  0.0206  0.0206
  0.0206  0.0206  0.0206  0.0206  0.0205  0.0205  0.0205  0.0205  0.0206  0.0206  0.0206  0.0206
  0.0207  0.0207  0.0208  0.0204  0.0206  0.0204  0.0207  0.0209  0.0207  0.0207  0.0206  0.0206
  0.0211  0.0211  0.0211  0.0211  0.0218  0.0216  0.0213  0.0216  0.0211  0.0212  0.0208  0.0208
  0.0219  0.0219  0.0217  0.0229  0.0241  0.0240  0.0223  0.0226  0.0219  0.0220  0.0211  0.0211
niter,ni,del,rscale     3    3    5.0000    0.6000
parameters
   -0.8176   26.0117   21.0434  -13.5603  -20.3266  -14.9342
    0.0114    1.3258   -1.0339   20.8594    0.0421  -19.0182
eta,q 0.97960 14.55107
  0.0217  0.0217  0.0212  0.0221  0.0230  0.0227  0.0216  0.0223  0.0214  0.0215  0.0209  0.0208
  0.0211  0.0211  0.0208  0.0215  0.0219  0.0219  0.0210  0.0211  0.0209  0.0209  0.0206  0.0206
  0.0207  0.0207  0.0206  0.0210  0.0210  0.0211  0.0206  0.0205  0.0205  0.0205  0.0205  0.0204
  0.0206  0.0206  0.0205  0.0206  0.0205  0.0205  0.0204  0.0204  0.0204  0.0204  0.0204  0.0204
  0.0207  0.0207  0.0207  0.0204  0.0205  0.0203  0.0205  0.0207  0.0205  0.0205  0.0205  0.0205
  0.0210  0.0211  0.0209  0.0208  0.0213  0.0211  0.0209  0.0212  0.0209  0.0209  0.0206  0.0206
  0.0217  0.0217  0.0212  0.0220  0.0230  0.0228  0.0217  0.0221  0.0215  0.0215  0.0209  0.0208
niter,ni,del,rscale     2    3    5.0000    0.5000
parameters
   -0.8526   25.9809   21.1027  -13.3343  -20.1937  -14.7080
    0.0408    1.2916   -1.0448   20.8375    0.1346  -18.9822
eta,q 0.97973 14.57127
  0.0212  0.0212  0.0209  0.0216  0.0223  0.0222  0.0212  0.0216  0.0210  0.0210  0.0207  0.0206
  0.0208  0.0207  0.0207  0.0211  0.0214  0.0215  0.0207  0.0208  0.0206  0.0206  0.0204  0.0204
  0.0205  0.0205  0.0205  0.0207  0.0207  0.0208  0.0204  0.0203  0.0204  0.0203  0.0203  0.0203
  0.0204  0.0204  0.0204  0.0204  0.0204  0.0203  0.0203  0.0203  0.0203  0.0203  0.0203  0.0203
  0.0205  0.0205  0.0204  0.0203  0.0204  0.0202  0.0204  0.0205  0.0203  0.0204  0.0203  0.0203
  0.0208  0.0208  0.0206  0.0206  0.0210  0.0208  0.0206  0.0209  0.0206  0.0206  0.0204  0.0204
  0.0213  0.0213  0.0208  0.0215  0.0222  0.0220  0.0212  0.0216  0.0210  0.0211  0.0206  0.0206
niter,ni,del,rscale     1    3    5.0000    0.4000
parameters
   -0.8948   25.9436   21.1734  -13.1734  -20.0839  -14.5038
    0.0697    1.2430   -1.0434   20.8067    0.2014  -18.9339
eta,q 0.97981 14.58675
  0.0208  0.0208  0.0207  0.0211  0.0215  0.0216  0.0208  0.0211  0.0207  0.0207  0.0205  0.0204
  0.0205  0.0205  0.0205  0.0207  0.0210  0.0210  0.0205  0.0205  0.0204  0.0204  0.0203  0.0203
  0.0203  0.0203  0.0203  0.0204  0.0205  0.0206  0.0203  0.0202  0.0202  0.0202  0.0202  0.0202
  0.0203  0.0203  0.0203  0.0203  0.0202  0.0202  0.0202  0.0202  0.0202  0.0202  0.0202  0.0202
  0.0204  0.0203  0.0203  0.0203  0.0203  0.0202  0.0202  0.0203  0.0202  0.0202  0.0202  0.0202
  0.0206  0.0205  0.0204  0.0205  0.0207  0.0205  0.0204  0.0206  0.0204  0.0204  0.0203  0.0203
  0.0209  0.0209  0.0205  0.0210  0.0215  0.0214  0.0208  0.0211  0.0207  0.0207  0.0204  0.0204
registration optimization eta report
parameter search radius
    0.8000    0.8000    0.8000    2.4000    2.4000    2.4000
    2.4000    2.4000    2.4000    2.4000    2.4000    2.4000
100000*second partial in parameter space
       89.       85.       51.       13.       22.       22.
       10.       15.        9.        9.        4.        4.
  0.0208  0.0208  0.0207  0.0211  0.0215  0.0216  0.0208  0.0211  0.0207  0.0207  0.0205  0.0204
  0.0205  0.0205  0.0205  0.0207  0.0210  0.0210  0.0205  0.0205  0.0204  0.0204  0.0203  0.0203
  0.0203  0.0203  0.0203  0.0204  0.0205  0.0206  0.0203  0.0202  0.0202  0.0202  0.0202  0.0202
  0.0203  0.0203  0.0203  0.0203  0.0202  0.0202  0.0202  0.0202  0.0202  0.0202  0.0202  0.0202
  0.0204  0.0203  0.0203  0.0203  0.0203  0.0202  0.0202  0.0203  0.0202  0.0202  0.0202  0.0202
  0.0206  0.0205  0.0204  0.0205  0.0207  0.0205  0.0204  0.0206  0.0204  0.0204  0.0203  0.0203
  0.0209  0.0209  0.0205  0.0210  0.0215  0.0214  0.0208  0.0211  0.0207  0.0207  0.0204  0.0204
   -0.8948   25.9436   21.1734  -13.1734  -20.0839  -14.5038
    0.0697    1.2430   -1.0434   20.8067    0.2014  -18.9339
eta,q 0.97981 14.58675

---------------------------------------------------------------------
compute_vox2vox talsrcimg talsrcimg_to_711-2C_as_mni_average_305_t4 /opt/freesurfer/average/711-2C_as_mni_average_305
---------------------------------------------------------------------

freesurfer compute_vox2vox.c
Reading: talsrcimg.4dfp.ifh
Reading: talsrcimg_to_711-2C_as_mni_average_305_t4
Reading: /opt/freesurfer/average/711-2C_as_mni_average_305.4dfp.ifh
Writing: talsrcimg_to_711-2C_as_mni_average_305_t4_vox2vox.txt

start time Thu Mar 12 12:17:23 CET 2026
end		time Thu Mar 12 12:18:54 CET 2026

mpr2mni305 success

avi2talxfm orig_nu.mgz /opt/freesurfer/average/mni305.cor.mgz talsrcimg_to_711-2C_as_mni_average_305_t4_vox2vox.txt transforms/talairach.auto.xfm
avi2talxfm done
mv -f /out/sourcedata/freesurfer/sub-v1s18x0051282_ses-1/mri/talsrcimg_to_711-2C_as_mni_average_305_t4_vox2vox.txt /out/sourcedata/freesurfer/sub-v1s18x0051282_ses-1/mri/transforms/talsrcimg_to_711-2C_as_mni_average_305_t4_vox2vox.txt
lta_convert --src orig_nu.mgz --trg /opt/freesurfer/average/mni305.cor.mgz --inxfm transforms/talairach.auto.xfm --outlta transforms/talairach.auto.xfm.lta --subject fsaverage
7.3.2

--src: orig_nu.mgz src image (geometry).
--trg: /opt/freesurfer/average/mni305.cor.mgz trg image (geometry).
--inmni: transforms/talairach.auto.xfm input MNI/XFM transform.
--outlta: transforms/talairach.auto.xfm.lta output LTA.
--s: fsaverage subject name
 LTA read, type : 1
 1.15170  -0.01560  -0.00470  -14.54491;
 0.00058   1.10587   0.26201  -32.39064;
 0.01488  -0.28813   1.18304  -4.52327;
 0.00000   0.00000   0.00000   1.00000;
setting subject to fsaverage
Writing  LTA to file transforms/talairach.auto.xfm.lta...
lta_convert successful.
 
 
Started at Thu Mar 12 12:17:22 CET 2026
Ended   at Thu Mar 12 12:18:54 CET 2026
talairach_avi done
