/out/sourcedata/freesurfer/sub-v1s18x0051208_ses-1/mri
/opt/freesurfer/bin/talairach_avi
--i orig_nu.mgz --xfm transforms/talairach.auto.xfm
talairach_avi 7.3.2
Linux dna018 5.14.0-427.37.1.el9_4.x86_64 #1 SMP PREEMPT_DYNAMIC Fri Sep 13 12:41:50 EDT 2024 x86_64 x86_64 x86_64 GNU/Linux
Mon Mar  9 03:51:02 CET 2026
mri_convert orig_nu.mgz talsrcimg.img 
reading from orig_nu.mgz...
TR=0.00, TE=0.00, TI=0.00, flip angle=0.00
i_ras = (-1, 1.44355e-08, 7.45058e-09)
j_ras = (7.45058e-09, 3.72529e-09, -1)
k_ras = (1.49012e-08, 1, 0)
writing to talsrcimg.img...
Analyze Output Matrix
-1.00000   0.00000   0.00000   125.13171;
 0.00000   0.00000   1.00000  -145.18109;
 0.00000  -1.00000   0.00000   117.81540;
 0.00000   0.00000   0.00000   1.00000;
--------------------
INFO: set hdr.hist.orient to -1
mpr2mni305 talsrcimg
Mon Mar  9 03:51:03 CET 2026
/opt/freesurfer/bin/mpr2mni305 talsrcimg
mpr2mni305 7.3.2
target=711-2C_as_mni_average_305

---------------------------------------------------------------------
analyzeto4dfp talsrcimg -O0 -y
---------------------------------------------------------------------

freesurfer ifh2hdr.c
Mon Mar  9 03:51:03 2026
Writing: talsrcimg.4dfp.hdr
freesurfer analyzeto4dfp.c
Reading: talsrcimg.hdr
header size 348 bytes
hdr.dime.datatype	offset=70	value=2
hdr.dime.bitpix		offset=72	value=8
hdr.hist.orient		offset=252	value=-1
dimensionality     4
dimensions       256       256       256         1
Reading: talsrcimg.img
Writing: talsrcimg.4dfp.img
Writing: talsrcimg.4dfp.ifh
ifh2hdr talsrcimg -r0to221
ori=2

---------------------------------------------------------------------
gauss_4dfp talsrcimg 1.1
---------------------------------------------------------------------

freesurfer gauss_4dfp.c
Reading: talsrcimg.4dfp.img
Writing: talsrcimg_g11.4dfp.img
image dimensions 256 256 256 padded to 288 288 288
processing volume 1freesurfer ifh2hdr.c
Mon Mar  9 03:51:04 2026
Writing: talsrcimg_g11.4dfp.hdr

Writing: talsrcimg_g11.4dfp.ifh
including: talsrcimg.4dfp.img.rec in talsrcimg_g11.4dfp.img.rec

---------------------------------------------------------------------
imgreg_4dfp /opt/freesurfer/average/711-2C_as_mni_average_305 none talsrcimg_g11 none talsrcimg_to_711-2C_as_mni_average_305_t4 4355
---------------------------------------------------------------------

freesurfer imgreg_4dfp.c
/opt/freesurfer/average/711-2C_as_mni_average_305.4dfp.img
       256       256       256         1
  1.000000  1.000000  1.000000
orientation T byte_order littleendian
Reading image: /opt/freesurfer/average/711-2C_as_mni_average_305.4dfp.img
dimensions:      256       256       256
mmppix:       1.0000   -1.0000   -1.0000
center:     128.0000 -129.0000 -129.0000
talsrcimg_g11.4dfp.img
       256       256       256         1
  1.000000  1.000000  1.000000
orientation T byte_order littleendian
Reading image: talsrcimg_g11.4dfp.img
dimensions:      256       256       256
mmppix:       1.0000   -1.0000   -1.0000
center:     128.0000 -129.0000 -129.0000
t4_read: open error in t4_sub.f l:  41 t4_file(1:l)talsrcimg_to_711-2C_as_mni_average_305_t4 
t4_read: transform initialized to I4
rotation matrix determinant  1.000000
image alignment mode   4355 decimal     1103 hex
   -7.5000  -45.0000  -45.0000 7058.0571   19.8498
    0.0000  -45.0000  -45.0000 7312.3525   19.8959
    7.5000  -45.0000  -45.0000 7016.1167   19.9380
   -7.5000  -37.5000  -45.0000 7533.8652   19.7865
    0.0000  -37.5000  -45.0000 7788.2852   19.8342
    7.5000  -37.5000  -45.0000 7457.1709   19.8839
   -7.5000  -30.0000  -45.0000 8216.8594   19.7469
    0.0000  -30.0000  -45.0000 8496.5186   19.7918
    7.5000  -30.0000  -45.0000 8117.5049   19.8465
   -7.5000  -22.5000  -45.0000 8896.2363   19.7442
    0.0000  -22.5000  -45.0000 9182.0576   19.7837
    7.5000  -22.5000  -45.0000 8769.3271   19.8348
   -7.5000  -15.0000  -45.0000 9531.3760   19.7745
    0.0000  -15.0000  -45.0000 9832.5537   19.8099
    7.5000  -15.0000  -45.0000 9374.9385   19.8514
   -7.5000   -7.5000  -45.000010104.4844   19.8080
    0.0000   -7.5000  -45.000010417.3525   19.8471
    7.5000   -7.5000  -45.0000 9942.3262   19.8846
   -7.5000    0.0000  -45.000010567.7969   19.8131
    0.0000    0.0000  -45.000010950.1162   19.8591
    7.5000    0.0000  -45.000010445.2734   19.9009
   -7.5000    7.5000  -45.000010207.8086   19.7822
    0.0000    7.5000  -45.000010581.7734   19.8299
    7.5000    7.5000  -45.000010113.0293   19.8796
   -7.5000   15.0000  -45.0000 9706.5449   19.7469
    0.0000   15.0000  -45.000010037.7383   19.7918
    7.5000   15.0000  -45.0000 9609.1807   19.8465
   -7.5000   22.5000  -45.0000 9049.9170   19.7415
    0.0000   22.5000  -45.0000 9323.9277   19.7810
    7.5000   22.5000  -45.0000 8931.0469   19.8320
   -7.5000   30.0000  -45.0000 8325.5723   19.5110
    0.0000   30.0000  -45.0000 8578.2021   19.5459
    7.5000   30.0000  -45.0000 8178.5200   19.5869
   -7.5000   37.5000  -45.0000 7883.3608   19.5440
    0.0000   37.5000  -45.0000 8131.4053   19.5826
    7.5000   37.5000  -45.0000 7738.8887   19.6196
   -7.5000   45.0000  -45.0000 7178.4336   19.0540
    0.0000   45.0000  -45.0000 7397.4956   19.0983
    7.5000   45.0000  -45.0000 7016.0625   19.1385
   -7.5000  -45.0000  -37.5000 7596.1914   19.5906
    0.0000  -45.0000  -37.5000 7892.5913   19.6366
    7.5000  -45.0000  -37.5000 7560.1499   19.6774
   -7.5000  -37.5000  -37.5000 8097.1768   19.5300
    0.0000  -37.5000  -37.5000 8401.0996   19.5821
    7.5000  -37.5000  -37.5000 8036.2168   19.6308
   -7.5000  -30.0000  -37.5000 8838.2520   19.4925
    0.0000  -30.0000  -37.5000 9151.9834   19.5413
    7.5000  -30.0000  -37.5000 8749.1572   19.5938
   -7.5000  -22.5000  -37.5000 9550.0713   19.4870
    0.0000  -22.5000  -37.5000 9878.8486   19.5247
    7.5000  -22.5000  -37.5000 9423.0264   19.5724
   -7.5000  -15.0000  -37.500010204.8770   19.5112
    0.0000  -15.0000  -37.500010553.8877   19.5398
    7.5000  -15.0000  -37.500010050.6816   19.5778
   -7.5000   -7.5000  -37.500010815.6299   19.5426
    0.0000   -7.5000  -37.500011198.4082   19.5759
    7.5000   -7.5000  -37.500010653.5957   19.6105
   -7.5000    0.0000  -37.500011314.1016   19.5502
    0.0000    0.0000  -37.500011752.7393   19.5959
    7.5000    0.0000  -37.500011184.4414   19.6363
   -7.5000    7.5000  -37.500010922.4023   19.5244
    0.0000    7.5000  -37.500011333.4365   19.5764
    7.5000    7.5000  -37.500010807.3682   19.6249
   -7.5000   15.0000  -37.500010410.6475   19.4925
    0.0000   15.0000  -37.500010735.6777   19.5413
    7.5000   15.0000  -37.500010255.4336   19.5938
   -7.5000   22.5000  -37.5000 9716.1025   19.4843
    0.0000   22.5000  -37.5000 9995.1621   19.5220
    7.5000   22.5000  -37.5000 9547.0762   19.5697
   -7.5000   30.0000  -37.5000 8878.1650   19.2512
    0.0000   30.0000  -37.5000 9138.8516   19.2794
    7.5000   30.0000  -37.5000 8718.5898   19.3169
   -7.5000   37.5000  -37.5000 8378.3936   19.2822
    0.0000   37.5000  -37.5000 8630.8311   19.3150
    7.5000   37.5000  -37.5000 8224.2861   19.3492
   -7.5000   45.0000  -37.5000 7611.2808   18.8011
    0.0000   45.0000  -37.5000 7849.5542   18.8451
    7.5000   45.0000  -37.5000 7471.1914   18.8839
   -7.5000  -45.0000  -30.0000 8296.3467   20.2411
    0.0000  -45.0000  -30.0000 8622.9658   20.2878
    7.5000  -45.0000  -30.0000 8237.6875   20.3327
   -7.5000  -37.5000  -30.0000 8852.0068   20.1839
    0.0000  -37.5000  -30.0000 9174.4883   20.2392
    7.5000  -37.5000  -30.0000 8746.0527   20.2864
   -7.5000  -30.0000  -30.0000 9655.7910   20.1523
    0.0000  -30.0000  -30.0000 9999.3125   20.2010
    7.5000  -30.0000  -30.0000 9517.2344   20.2446
   -7.5000  -22.5000  -30.000010389.6494   20.1453
    0.0000  -22.5000  -30.000010753.0645   20.1772
    7.5000  -22.5000  -30.000010227.2910   20.2143
   -7.5000  -15.0000  -30.000011060.4277   20.1630
    0.0000  -15.0000  -30.000011453.7744   20.1827
    7.5000  -15.0000  -30.000010897.1533   20.2153
   -7.5000   -7.5000  -30.000011705.6504   20.1892
    0.0000   -7.5000  -30.000012155.1816   20.2168
    7.5000   -7.5000  -30.000011563.9746   20.2532
   -7.5000    0.0000  -30.000012232.5889   20.1964
    0.0000    0.0000  -30.000012726.4893   20.2427
    7.5000    0.0000  -30.000012112.6641   20.2871
   -7.5000    7.5000  -30.000011804.3994   20.1771
    0.0000    7.5000  -30.000012259.1699   20.2323
    7.5000    7.5000  -30.000011661.1777   20.2794
   -7.5000   15.0000  -30.000011234.1943   20.1523
    0.0000   15.0000  -30.000011600.6035   20.2010
    7.5000   15.0000  -30.000011054.6006   20.2446
   -7.5000   22.5000  -30.000010505.1104   20.1405
    0.0000   22.5000  -30.000010812.9248   20.1724
    7.5000   22.5000  -30.000010303.4531   20.2094
   -7.5000   30.0000  -30.0000 9583.6992   19.8962
    0.0000   30.0000  -30.0000 9866.7422   19.9156
    7.5000   30.0000  -30.0000 9405.8262   19.9478
   -7.5000   37.5000  -30.0000 9022.0244   19.9221
    0.0000   37.5000  -30.0000 9289.4111   19.9493
    7.5000   37.5000  -30.0000 8876.8818   19.9852
   -7.5000   45.0000  -30.0000 8187.3779   19.4367
    0.0000   45.0000  -30.0000 8429.3613   19.4813
    7.5000   45.0000  -30.0000 8050.4795   19.5241
   -7.5000  -45.0000  -22.5000 9053.1729   20.8872
    0.0000  -45.0000  -22.5000 9395.0791   20.9313
    7.5000  -45.0000  -22.5000 8968.9121   20.9810
   -7.5000  -37.5000  -22.5000 9615.6689   20.8291
    0.0000  -37.5000  -22.5000 9974.6494   20.8809
    7.5000  -37.5000  -22.5000 9520.3926   20.9264
   -7.5000  -30.0000  -22.500010472.0312   20.8011
    0.0000  -30.0000  -22.500010866.6377   20.8453
    7.5000  -30.0000  -22.500010368.0303   20.8804
   -7.5000  -22.5000  -22.500011250.8086   20.7973
    0.0000  -22.5000  -22.500011712.2832   20.8245
    7.5000  -22.5000  -22.500011128.3496   20.8536
   -7.5000  -15.0000  -22.500011952.6387   20.8150
    0.0000  -15.0000  -22.500012440.0713   20.8312
    7.5000  -15.0000  -22.500011823.9443   20.8622
   -7.5000   -7.5000  -22.500012610.5381   20.8376
    0.0000   -7.5000  -22.500013146.2129   20.8626
    7.5000   -7.5000  -22.500012509.1914   20.9033
   -7.5000    0.0000  -22.500013191.1875   20.8404
    0.0000    0.0000  -22.500013748.4395   20.8841
    7.5000    0.0000  -22.500013073.3193   20.9335
   -7.5000    7.5000  -22.500012756.2393   20.8217
    0.0000    7.5000  -22.500013244.7871   20.8735
    7.5000    7.5000  -22.500012553.0137   20.9190
   -7.5000   15.0000  -22.500012119.1641   20.8011
    0.0000   15.0000  -22.500012546.7363   20.8453
    7.5000   15.0000  -22.500011902.6064   20.8804
   -7.5000   22.5000  -22.500011324.5410   20.7909
    0.0000   22.5000  -22.500011679.0918   20.8181
    7.5000   22.5000  -22.500011088.3115   20.8472
   -7.5000   30.0000  -22.500010336.1602   20.5428
    0.0000   30.0000  -22.500010639.3135   20.5587
    7.5000   30.0000  -22.500010102.1494   20.5893
   -7.5000   37.5000  -22.5000 9691.3623   20.5650
    0.0000   37.5000  -22.5000 9986.2480   20.5897
    7.5000   37.5000  -22.5000 9518.2422   20.6299
   -7.5000   45.0000  -22.5000 8768.5479   20.0716
    0.0000   45.0000  -22.5000 9054.7988   20.1137
    7.5000   45.0000  -22.5000 8651.5713   20.1613
   -7.5000  -45.0000  -15.0000 9856.1025   21.3867
    0.0000  -45.0000  -15.000010225.2529   21.4296
    7.5000  -45.0000  -15.0000 9708.4473   21.4817
   -7.5000  -37.5000  -15.000010438.3467   21.3221
    0.0000  -37.5000  -15.000010834.8691   21.3696
    7.5000  -37.5000  -15.000010274.2100   21.4161
   -7.5000  -30.0000  -15.000011355.0781   21.2914
    0.0000  -30.0000  -15.000011794.2568   21.3318
    7.5000  -30.0000  -15.000011194.4453   21.3681
   -7.5000  -22.5000  -15.000012197.0674   21.2920
    0.0000  -22.5000  -15.000012681.0020   21.3196
    7.5000  -22.5000  -15.000012013.1641   21.3513
   -7.5000  -15.0000  -15.000012957.8164   21.3162
    0.0000  -15.0000  -15.000013473.3955   21.3367
    7.5000  -15.0000  -15.000012762.0566   21.3711
   -7.5000   -7.5000  -15.000013648.9082   21.3400
    0.0000   -7.5000  -15.000014221.4307   21.3681
    7.5000   -7.5000  -15.000013484.4287   21.4124
   -7.5000    0.0000  -15.000014262.5020   21.3388
    0.0000    0.0000  -15.000014851.6807   21.3812
    7.5000    0.0000  -15.000014063.8174   21.4330
   -7.5000    7.5000  -15.000013740.3809   21.3145
    0.0000    7.5000  -15.000014275.4141   21.3620
    7.5000    7.5000  -15.000013453.0967   21.4084
   -7.5000   15.0000  -15.000013037.7861   21.2914
    0.0000   15.0000  -15.000013498.2764   21.3318
    7.5000   15.0000  -15.000012745.4404   21.3681
   -7.5000   22.5000  -15.000012168.9229   21.2845
    0.0000   22.5000  -15.000012569.2539   21.3121
    7.5000   22.5000  -15.000011882.0020   21.3437
   -7.5000   30.0000  -15.000011078.9736   21.0403
    0.0000   30.0000  -15.000011434.2773   21.0605
    7.5000   30.0000  -15.000010847.3340   21.0946
   -7.5000   37.5000  -15.000010363.3613   21.0638
    0.0000   37.5000  -15.000010734.2402   21.0915
    7.5000   37.5000  -15.000010205.3418   21.1353
   -7.5000   45.0000  -15.0000 9388.3242   20.5641
    0.0000   45.0000  -15.0000 9724.7480   20.6050
    7.5000   45.0000  -15.0000 9279.7803   20.6549
   -7.5000  -45.0000   -7.500010718.0791   21.6360
    0.0000  -45.0000   -7.500011099.2822   21.6822
    7.5000  -45.0000   -7.500010522.8828   21.7316
   -7.5000  -37.5000   -7.500011328.7715   21.5651
    0.0000  -37.5000   -7.500011746.2803   21.6127
    7.5000  -37.5000   -7.500011132.1885   21.6630
   -7.5000  -30.0000   -7.500012316.0898   21.5259
    0.0000  -30.0000   -7.500012765.1465   21.5681
    7.5000  -30.0000   -7.500012114.4434   21.6163
   -7.5000  -22.5000   -7.500013195.1865   21.5253
    0.0000  -22.5000   -7.500013702.0430   21.5600
    7.5000  -22.5000   -7.500012980.7168   21.6045
   -7.5000  -15.0000   -7.500014006.4961   21.5552
    0.0000  -15.0000   -7.500014569.6641   21.5863
    7.5000  -15.0000   -7.500013776.6826   21.6273
   -7.5000   -7.5000   -7.500014779.3057   21.5860
    0.0000   -7.5000   -7.500015405.5771   21.6226
    7.5000   -7.5000   -7.500014553.7266   21.6662
   -7.5000    0.0000   -7.500015428.8604   21.5876
    0.0000    0.0000   -7.500016059.0098   21.6334
    7.5000    0.0000   -7.500015173.5498   21.6825
   -7.5000    7.5000   -7.500014782.2637   21.5574
    0.0000    7.5000   -7.500015364.1992   21.6050
    7.5000    7.5000   -7.500014456.1719   21.6553
   -7.5000   15.0000   -7.500014002.2012   21.5259
    0.0000   15.0000   -7.500014544.3486   21.5681
    7.5000   15.0000   -7.500013670.6309   21.6163
   -7.5000   22.5000   -7.500013053.5693   21.5153
    0.0000   22.5000   -7.500013568.9316   21.5501
    7.5000   22.5000   -7.500012773.5068   21.5945
   -7.5000   30.0000   -7.500011908.9102   21.2757
    0.0000   30.0000   -7.500012382.8428   21.3064
    7.5000   30.0000   -7.500011698.2295   21.3469
   -7.5000   37.5000   -7.500011163.8428   21.3061
    0.0000   37.5000   -7.500011604.6113   21.3422
    7.5000   37.5000   -7.500011014.8584   21.3852
   -7.5000   45.0000   -7.500010104.3682   20.8078
    0.0000   45.0000   -7.500010514.4834   20.8520
    7.5000   45.0000   -7.500010011.8135   20.8993
   -7.5000  -45.0000    0.000011524.4463   21.6651
    0.0000  -45.0000    0.000011930.6143   21.7148
    7.5000  -45.0000    0.000011317.9346   21.7600
   -7.5000  -37.5000    0.000012167.3955   21.5938
    0.0000  -37.5000    0.000012603.1416   21.6453
    7.5000  -37.5000    0.000011959.9766   21.6987
   -7.5000  -30.0000    0.000013201.8965   21.5498
    0.0000  -30.0000    0.000013688.6143   21.5980
    7.5000  -30.0000    0.000013007.4951   21.6569
   -7.5000  -22.5000    0.000014140.9121   21.5453
    0.0000  -22.5000    0.000014690.5342   21.5874
    7.5000  -22.5000    0.000013944.1084   21.6425
   -7.5000  -15.0000    0.000014969.0859   21.5750
    0.0000  -15.0000    0.000015589.3057   21.6126
    7.5000  -15.0000    0.000014767.4902   21.6574
   -7.5000   -7.5000    0.000015813.7422   21.6100
    0.0000   -7.5000    0.000016482.5137   21.6515
    7.5000   -7.5000    0.000015568.4238   21.6918
   -7.5000    0.0000    0.000016505.3672   21.6168
    0.0000    0.0000    0.000017210.8652   21.6660
    7.5000    0.0000    0.000016252.1270   21.7109
   -7.5000    7.5000    0.000015761.1670   21.5863
    0.0000    7.5000    0.000016443.4707   21.6376
    7.5000    7.5000    0.000015490.1914   21.6910
   -7.5000   15.0000    0.000014883.4473   21.5498
    0.0000   15.0000    0.000015538.2461   21.5980
    7.5000   15.0000    0.000014606.5869   21.6569
   -7.5000   22.5000    0.000013866.5381   21.5354
    0.0000   22.5000    0.000014505.9775   21.5775
    7.5000   22.5000    0.000013635.9160   21.6325
   -7.5000   30.0000    0.000012697.0596   21.2958
    0.0000   30.0000    0.000013300.4424   21.3329
    7.5000   30.0000    0.000012546.0684   21.3771
   -7.5000   37.5000    0.000011919.1846   21.3303
    0.0000   37.5000    0.000012476.4326   21.3713
    7.5000   37.5000    0.000011820.2422   21.4110
   -7.5000   45.0000    0.000010774.8145   20.8375
    0.0000   45.0000    0.000011271.3047   20.8851
    7.5000   45.0000    0.000010721.8818   20.9283
   -7.5000  -45.0000    7.500011418.9492   21.6469
    0.0000  -45.0000    7.500011872.9316   21.6981
    7.5000  -45.0000    7.500011285.2578   21.7437
   -7.5000  -37.5000    7.500012054.3311   21.5803
    0.0000  -37.5000    7.500012535.0078   21.6376
    7.5000  -37.5000    7.500011910.5254   21.6917
   -7.5000  -30.0000    7.500013080.9590   21.5402
    0.0000  -30.0000    7.500013612.7480   21.5932
    7.5000  -30.0000    7.500012936.4727   21.6512
   -7.5000  -22.5000    7.500013977.5479   21.5339
    0.0000  -22.5000    7.500014612.5967   21.5746
    7.5000  -22.5000    7.500013907.9385   21.6269
   -7.5000  -15.0000    7.500014746.4795   21.5583
    0.0000  -15.0000    7.500015450.8828   21.5895
    7.5000  -15.0000    7.500014733.8691   21.6313
   -7.5000   -7.5000    7.500015580.9287   21.5905
    0.0000   -7.5000    7.500016314.6650   21.6275
    7.5000   -7.5000    7.500015528.0889   21.6661
   -7.5000    0.0000    7.500016280.8076   21.5986
    0.0000    0.0000    7.500017052.7480   21.6495
    7.5000    0.0000    7.500016177.1289   21.6947
   -7.5000    7.5000    7.500015554.1660   21.5728
    0.0000    7.5000    7.500016268.6367   21.6300
    7.5000    7.5000    7.500015411.2842   21.6841
   -7.5000   15.0000    7.500014689.6699   21.5402
    0.0000   15.0000    7.500015370.6309   21.5932
    7.5000   15.0000    7.500014529.5654   21.6512
   -7.5000   22.5000    7.500013661.6738   21.5239
    0.0000   22.5000    7.500014355.7490   21.5647
    7.5000   22.5000    7.500013523.0586   21.6170
   -7.5000   30.0000    7.500012537.3701   21.2793
    0.0000   30.0000    7.500013221.5547   21.3101
    7.5000   30.0000    7.500012467.0176   21.3513
   -7.5000   37.5000    7.500011759.7109   21.3111
    0.0000   37.5000    7.500012409.5088   21.3476
    7.5000   37.5000    7.500011742.7656   21.3857
   -7.5000   45.0000    7.500010636.5410   20.8199
    0.0000   45.0000    7.500011174.8242   20.8690
    7.5000   45.0000    7.500010613.1885   20.9126
   -7.5000  -45.0000   15.000011161.5879   21.6439
    0.0000  -45.0000   15.000011655.4346   21.6946
    7.5000  -45.0000   15.000011115.6289   21.7431
   -7.5000  -37.5000   15.000011789.4834   21.5827
    0.0000  -37.5000   15.000012288.8789   21.6425
    7.5000  -37.5000   15.000011740.3369   21.6938
   -7.5000  -30.0000   15.000012813.6914   21.5499
    0.0000  -30.0000   15.000013391.4727   21.6023
    7.5000  -30.0000   15.000012803.6289   21.6496
   -7.5000  -22.5000   15.000013665.6494   21.5433
    0.0000  -22.5000   15.000014393.7363   21.5776
    7.5000  -22.5000   15.000013851.0098   21.6176
   -7.5000  -15.0000   15.000014373.4189   21.5620
    0.0000  -15.0000   15.000015119.5049   21.5834
    7.5000  -15.0000   15.000014649.0332   21.6186
   -7.5000   -7.5000   15.000015199.1748   21.5889
    0.0000   -7.5000   15.000015918.7451   21.6191
    7.5000   -7.5000   15.000015340.5352   21.6584
   -7.5000    0.0000   15.000015933.3916   21.5955
    0.0000    0.0000   15.000016663.6289   21.6459
    7.5000    0.0000   15.000015943.2725   21.6941
   -7.5000    7.5000   15.000015209.4746   21.5752
    0.0000    7.5000   15.000015906.2305   21.6349
    7.5000    7.5000   15.000015172.5225   21.6861
   -7.5000   15.0000   15.000014338.4512   21.5498
    0.0000   15.0000   15.000015048.1562   21.6023
    7.5000   15.0000   15.000014294.3682   21.6496
   -7.5000   22.5000   15.000013317.1670   21.5334
    0.0000   22.5000   15.000014045.0010   21.5677
    7.5000   22.5000   15.000013271.2803   21.6077
   -7.5000   30.0000   15.000012220.8115   21.2830
    0.0000   30.0000   15.000012921.5518   21.3041
    7.5000   30.0000   15.000012191.4561   21.3388
   -7.5000   37.5000   15.000011493.7510   21.3095
    0.0000   37.5000   15.000012168.3477   21.3393
    7.5000   37.5000   15.000011490.8252   21.3781
   -7.5000   45.0000   15.000010384.5332   20.8169
    0.0000   45.0000   15.000010960.4893   20.8655
    7.5000   45.0000   15.000010391.6963   20.9120
   -7.5000  -45.0000   22.500010775.7490   21.6601
    0.0000  -45.0000   22.500011282.6025   21.7067
    7.5000  -45.0000   22.500010822.8125   21.7583
   -7.5000  -37.5000   22.500011392.3662   21.5999
    0.0000  -37.5000   22.500011937.8301   21.6546
    7.5000  -37.5000   22.500011450.1934   21.7020
   -7.5000  -30.0000   22.500012451.4287   21.5713
    0.0000  -30.0000   22.500013074.6182   21.6181
    7.5000  -30.0000   22.500012560.5820   21.6547
   -7.5000  -22.5000   22.500013352.3721   21.5677
    0.0000  -22.5000   22.500013995.3604   21.5968
    7.5000  -22.5000   22.500013568.9570   21.6272
   -7.5000  -15.0000   22.500013971.5088   21.5860
    0.0000  -15.0000   22.500014503.2090   21.6037
    7.5000  -15.0000   22.500014160.9150   21.6360
   -7.5000   -7.5000   22.500014713.3799   21.6090
    0.0000   -7.5000   22.500015225.0029   21.6358
    7.5000   -7.5000   22.500014794.4004   21.6781
   -7.5000    0.0000   22.500015400.8184   21.6116
    0.0000    0.0000   22.500016031.6182   21.6578
    7.5000    0.0000   22.500015466.5674   21.7091
   -7.5000    7.5000   22.500014729.4150   21.5922
    0.0000    7.5000   22.500015411.6182   21.6469
    7.5000    7.5000   22.500014796.1230   21.6943
   -7.5000   15.0000   22.500013861.5156   21.5713
    0.0000   15.0000   22.500014562.1328   21.6181
    7.5000   15.0000   22.500013895.0557   21.6547
   -7.5000   22.5000   22.500012882.7793   21.5578
    0.0000   22.5000   22.500013578.2881   21.5868
    7.5000   22.5000   22.500012900.0068   21.6173
   -7.5000   30.0000   22.500011820.3057   21.3067
    0.0000   30.0000   22.500012478.1123   21.3241
    7.5000   30.0000   22.500011848.7725   21.3560
   -7.5000   37.5000   22.500011115.9932   21.3293
    0.0000   37.5000   22.500011758.3525   21.3557
    7.5000   37.5000   22.500011173.8252   21.3976
   -7.5000   45.0000   22.500010073.0518   20.8324
    0.0000   45.0000   22.500010608.5645   20.8770
    7.5000   45.0000   22.500010081.4736   20.9264
   -7.5000  -45.0000   30.000010299.5752   21.6830
    0.0000  -45.0000   30.000010781.7383   21.7268
    7.5000  -45.0000   30.000010356.7188   21.7798
   -7.5000  -37.5000   30.000010872.2178   21.6176
    0.0000  -37.5000   30.000011388.2900   21.6661
    7.5000  -37.5000   30.000010929.2256   21.7134
   -7.5000  -30.0000   30.000011905.0801   21.5865
    0.0000  -30.0000   30.000012477.3545   21.6277
    7.5000  -30.0000   30.000011957.9873   21.6646
   -7.5000  -22.5000   30.000012861.5361   21.5869
    0.0000  -22.5000   30.000013357.1006   21.6151
    7.5000  -22.5000   30.000012904.7285   21.6474
   -7.5000  -15.0000   30.000013494.9199   21.6113
    0.0000  -15.0000   30.000013866.7998   21.6323
    7.5000  -15.0000   30.000013551.5967   21.6675
   -7.5000   -7.5000   30.000014129.9082   21.6355
    0.0000   -7.5000   30.000014574.3652   21.6643
    7.5000   -7.5000   30.000014232.6016   21.7094
   -7.5000    0.0000   30.000014809.3408   21.6344
    0.0000    0.0000   30.000015372.9971   21.6778
    7.5000    0.0000   30.000014920.6797   21.7305
   -7.5000    7.5000   30.000014217.6553   21.6099
    0.0000    7.5000   30.000014790.8750   21.6583
    7.5000    7.5000   30.000014259.7383   21.7057
   -7.5000   15.0000   30.000013386.9014   21.5865
    0.0000   15.0000   30.000013933.8076   21.6277
    7.5000   15.0000   30.000013329.6758   21.6646
   -7.5000   22.5000   30.000012405.9316   21.5769
    0.0000   22.5000   30.000012972.8223   21.6051
    7.5000   22.5000   30.000012335.7324   21.6375
   -7.5000   30.0000   30.000011336.4502   21.3316
    0.0000   30.0000   30.000011897.1367   21.3524
    7.5000   30.0000   30.000011298.7715   21.3870
   -7.5000   37.5000   30.000010628.7227   21.3555
    0.0000   37.5000   30.000011190.4990   21.3839
    7.5000   37.5000   30.000010646.3604   21.4285
   -7.5000   45.0000   30.0000 9614.7754   20.8545
    0.0000   45.0000   30.000010095.9492   20.8963
    7.5000   45.0000   30.0000 9605.5088   20.9471
   -7.5000  -45.0000   37.500010153.8496   21.7191
    0.0000  -45.0000   37.500010649.7383   21.7654
    7.5000  -45.0000   37.500010200.1123   21.8150
   -7.5000  -37.5000   37.500010679.8555   21.6477
    0.0000  -37.5000   37.500011224.3799   21.6954
    7.5000  -37.5000   37.500010758.3213   21.7459
   -7.5000  -30.0000   37.500011677.6406   21.6083
    0.0000  -30.0000   37.500012267.3926   21.6505
    7.5000  -30.0000   37.500011714.9258   21.6989
   -7.5000  -22.5000   37.500012760.0752   21.6078
    0.0000  -22.5000   37.500013211.7139   21.6425
    7.5000  -22.5000   37.500012580.3047   21.6870
   -7.5000  -15.0000   37.500013608.3760   21.6380
    0.0000  -15.0000   37.500013970.9854   21.6690
    7.5000  -15.0000   37.500013329.1797   21.7101
   -7.5000   -7.5000   37.500014401.3447   21.6689
    0.0000   -7.5000   37.500014811.2070   21.7055
    7.5000   -7.5000   37.500014116.8379   21.7492
   -7.5000    0.0000   37.500015042.0938   21.6705
    0.0000    0.0000   37.500015493.5059   21.7163
    7.5000    0.0000   37.500014763.7207   21.7656
   -7.5000    7.5000   37.500014297.3076   21.6401
    0.0000    7.5000   37.500014715.7119   21.6876
    7.5000    7.5000   37.500014078.7852   21.7381
   -7.5000   15.0000   37.500013345.8057   21.6083
    0.0000   15.0000   37.500013775.7930   21.6505
    7.5000   15.0000   37.500013153.3564   21.6988
   -7.5000   22.5000   37.500012287.2666   21.5978
    0.0000   22.5000   37.500012749.6289   21.6325
    7.5000   22.5000   37.500012156.6982   21.6770
   -7.5000   30.0000   37.500011199.6904   21.3580
    0.0000   30.0000   37.500011691.9512   21.3885
    7.5000   30.0000   37.500011135.7920   21.4291
   -7.5000   37.5000   37.500010493.8066   21.3885
    0.0000   37.5000   37.500010987.7842   21.4246
    7.5000   37.5000   37.500010485.8379   21.4677
   -7.5000   45.0000   37.5000 9472.3496   20.8893
    0.0000   45.0000   37.5000 9914.8711   20.9335
    7.5000   45.0000   37.5000 9447.3154   20.9810
   -7.5000  -45.0000   45.0000 9542.6641   21.6352
    0.0000  -45.0000   45.000010002.5986   21.6849
    7.5000  -45.0000   45.0000 9527.9492   21.7303
   -7.5000  -37.5000   45.000010085.5684   21.5638
    0.0000  -37.5000   45.000010580.7139   21.6153
    7.5000  -37.5000   45.000010062.6172   21.6689
   -7.5000  -30.0000   45.000011086.9893   21.5201
    0.0000  -30.0000   45.000011571.6055   21.5683
    7.5000  -30.0000   45.000010954.7832   21.6273
   -7.5000  -22.5000   45.000012077.9600   21.5159
    0.0000  -22.5000   45.000012402.4189   21.5580
    7.5000  -22.5000   45.000011724.5635   21.6131
   -7.5000  -15.0000   45.000012807.2168   21.5456
    0.0000  -15.0000   45.000013080.1396   21.5831
    7.5000  -15.0000   45.000012403.3965   21.6281
   -7.5000   -7.5000   45.000013499.3740   21.5803
    0.0000   -7.5000   45.000013812.8408   21.6218
    7.5000   -7.5000   45.000013121.1602   21.6622
   -7.5000    0.0000   45.000014094.2178   21.5868
    0.0000    0.0000   45.000014495.7764   21.6360
    7.5000    0.0000   45.000013750.1592   21.6810
   -7.5000    7.5000   45.000013395.9824   21.5563
    0.0000    7.5000   45.000013837.5693   21.6076
    7.5000    7.5000   45.000013171.6777   21.6612
   -7.5000   15.0000   45.000012497.6250   21.5201
    0.0000   15.0000   45.000012970.3125   21.5683
    7.5000   15.0000   45.000012368.4131   21.6273
   -7.5000   22.5000   45.000011499.4785   21.5059
    0.0000   22.5000   45.000011994.8896   21.5480
    7.5000   22.5000   45.000011438.4434   21.6031
   -7.5000   30.0000   45.000010485.8008   21.2650
    0.0000   30.0000   45.000010953.7109   21.3020
    7.5000   30.0000   45.000010436.1152   21.3463
   -7.5000   37.5000   45.0000 9826.1797   21.2992
    0.0000   37.5000   45.000010265.9219   21.3401
    7.5000   37.5000   45.0000 9801.5898   21.3800
   -7.5000   45.0000   45.0000 8836.6113   20.8173
    0.0000   45.0000   45.0000 9232.0811   20.8648
    7.5000   45.0000   45.0000 8820.2295   20.9082

---------------------------------------------------------------------
imgreg_4dfp /opt/freesurfer/average/711-2C_as_mni_average_305 /opt/freesurfer/average/711-2B_as_mni_average_305_mask talsrcimg_g11 none talsrcimg_to_711-2C_as_mni_average_305_t4 4355
---------------------------------------------------------------------

freesurfer imgreg_4dfp.c
/opt/freesurfer/average/711-2C_as_mni_average_305.4dfp.img
       256       256       256         1
  1.000000  1.000000  1.000000
orientation T byte_order littleendian
Reading image: /opt/freesurfer/average/711-2C_as_mni_average_305.4dfp.img
dimensions:      256       256       256
mmppix:       1.0000   -1.0000   -1.0000
center:     128.0000 -129.0000 -129.0000
/opt/freesurfer/average/711-2B_as_mni_average_305_mask.4dfp.img
       256       256       256         1
  1.000000  1.000000  1.000000
orientation T byte_order littleendian
Reading mask: /opt/freesurfer/average/711-2B_as_mni_average_305_mask.4dfp.img (2306576 pixels)
talsrcimg_g11.4dfp.img
       256       256       256         1
  1.000000  1.000000  1.000000
orientation T byte_order littleendian
Reading image: talsrcimg_g11.4dfp.img
dimensions:      256       256       256
mmppix:       1.0000   -1.0000   -1.0000
center:     128.0000 -129.0000 -129.0000
rotation matrix determinant  1.000000
image alignment mode   4355 decimal     1103 hex
   -7.5000  -45.0000  -45.0000 1908.6902   26.1910
    0.0000  -45.0000  -45.0000 1900.0942   26.1946
    7.5000  -45.0000  -45.0000 1887.0050   26.5364
   -7.5000  -37.5000  -45.0000 1976.3206   24.3336
    0.0000  -37.5000  -45.0000 1965.6979   24.3516
    7.5000  -37.5000  -45.0000 1949.2683   24.7000
   -7.5000  -30.0000  -45.0000 2018.2393   23.0210
    0.0000  -30.0000  -45.0000 2008.4753   23.0530
    7.5000  -30.0000  -45.0000 1985.7012   23.4957
   -7.5000  -22.5000  -45.0000 2046.3224   22.2680
    0.0000  -22.5000  -45.0000 2035.9248   22.2933
    7.5000  -22.5000  -45.0000 2010.5560   22.6695
   -7.5000  -15.0000  -45.0000 2060.3501   21.9081
    0.0000  -15.0000  -45.0000 2047.6699   21.9370
    7.5000  -15.0000  -45.0000 2019.9360   22.4487
   -7.5000   -7.5000  -45.0000 2052.4924   22.0713
    0.0000   -7.5000  -45.0000 2046.1025   22.1391
    7.5000   -7.5000  -45.0000 2019.5048   22.6672
   -7.5000    0.0000  -45.0000 2025.9894   22.7248
    0.0000    0.0000  -45.0000 2026.3298   22.7617
    7.5000    0.0000  -45.0000 1999.2350   23.2743
   -7.5000    7.5000  -45.0000 1985.1844   23.6317
    0.0000    7.5000  -45.0000 1989.2677   23.6788
    7.5000    7.5000  -45.0000 1967.3219   24.2776
   -7.5000   15.0000  -45.0000 1939.9043   24.9936
    0.0000   15.0000  -45.0000 1943.6190   25.0092
    7.5000   15.0000  -45.0000 1920.9934   25.6102
   -7.5000   22.5000  -45.0000 1880.1207   26.8992
    0.0000   22.5000  -45.0000 1884.4120   26.8809
    7.5000   22.5000  -45.0000 1865.5546   27.5667
   -7.5000   30.0000  -45.0000 1806.9037   29.5522
    0.0000   30.0000  -45.0000 1812.0553   29.6675
    7.5000   30.0000  -45.0000 1788.3728   30.2543
   -7.5000   37.5000  -45.0000 1720.9977   33.1396
    0.0000   37.5000  -45.0000 1730.4844   33.3603
    7.5000   37.5000  -45.0000 1706.0524   33.9863
   -7.5000   45.0000  -45.0000 1630.6139   38.1572
    0.0000   45.0000  -45.0000 1635.8110   38.3028
    7.5000   45.0000  -45.0000 1613.0363   39.1673
   -7.5000  -45.0000  -37.5000 2011.9904   23.8020
    0.0000  -45.0000  -37.5000 2011.8390   23.8268
    7.5000  -45.0000  -37.5000 1998.2218   24.1641
   -7.5000  -37.5000  -37.5000 2082.0071   22.1699
    0.0000  -37.5000  -37.5000 2080.2656   22.1505
    7.5000  -37.5000  -37.5000 2062.9399   22.4303
   -7.5000  -30.0000  -37.5000 2124.5444   20.8914
    0.0000  -30.0000  -37.5000 2118.4709   20.9350
    7.5000  -30.0000  -37.5000 2098.6729   21.2659
   -7.5000  -22.5000  -37.5000 2159.9780   20.1534
    0.0000  -22.5000  -37.5000 2151.6851   20.1648
    7.5000  -22.5000  -37.5000 2127.0581   20.5750
   -7.5000  -15.0000  -37.5000 2170.0493   19.8321
    0.0000  -15.0000  -37.5000 2166.9426   19.8750
    7.5000  -15.0000  -37.5000 2138.2256   20.2692
   -7.5000   -7.5000  -37.5000 2165.7375   19.9857
    0.0000   -7.5000  -37.5000 2163.4458   20.0114
    7.5000   -7.5000  -37.5000 2131.8542   20.4937
   -7.5000    0.0000  -37.5000 2140.3318   20.5534
    0.0000    0.0000  -37.5000 2145.0723   20.5790
    7.5000    0.0000  -37.5000 2114.3625   21.0752
   -7.5000    7.5000  -37.5000 2102.2874   21.4726
    0.0000    7.5000  -37.5000 2106.2585   21.4425
    7.5000    7.5000  -37.5000 2082.3616   21.9569
   -7.5000   15.0000  -37.5000 2057.0161   22.7000
    0.0000   15.0000  -37.5000 2055.8955   22.6184
    7.5000   15.0000  -37.5000 2031.6556   23.1268
   -7.5000   22.5000  -37.5000 1989.5613   24.3160
    0.0000   22.5000  -37.5000 1989.6440   24.2239
    7.5000   22.5000  -37.5000 1966.4189   24.7675
   -7.5000   30.0000  -37.5000 1902.7903   26.4931
    0.0000   30.0000  -37.5000 1905.9188   26.4992
    7.5000   30.0000  -37.5000 1882.5413   27.0629
   -7.5000   37.5000  -37.5000 1805.0442   29.5686
    0.0000   37.5000  -37.5000 1816.6876   29.6258
    7.5000   37.5000  -37.5000 1791.3551   30.2643
   -7.5000   45.0000  -37.5000 1704.7054   33.9033
    0.0000   45.0000  -37.5000 1710.9438   34.0297
    7.5000   45.0000  -37.5000 1687.6387   34.7584
   -7.5000  -45.0000  -30.0000 2143.7522   22.6466
    0.0000  -45.0000  -30.0000 2145.5312   22.5946
    7.5000  -45.0000  -30.0000 2125.9226   22.8691
   -7.5000  -37.5000  -30.0000 2226.4844   21.0157
    0.0000  -37.5000  -30.0000 2226.4065   20.9905
    7.5000  -37.5000  -30.0000 2198.2837   21.2275
   -7.5000  -30.0000  -30.0000 2275.3774   19.8033
    0.0000  -30.0000  -30.0000 2268.9951   19.7770
    7.5000  -30.0000  -30.0000 2238.7769   20.0203
   -7.5000  -22.5000  -30.0000 2303.8279   19.0492
    0.0000  -22.5000  -30.0000 2295.6736   19.0608
    7.5000  -22.5000  -30.0000 2268.5811   19.3585
   -7.5000  -15.0000  -30.0000 2313.7588   18.7816
    0.0000  -15.0000  -30.0000 2313.3198   18.8034
    7.5000  -15.0000  -30.0000 2286.7341   19.1266
   -7.5000   -7.5000  -30.0000 2309.1323   18.8869
    0.0000   -7.5000  -30.0000 2312.9509   18.9491
    7.5000   -7.5000  -30.0000 2287.5073   19.2931
   -7.5000    0.0000  -30.0000 2286.5967   19.3702
    0.0000    0.0000  -30.0000 2294.8857   19.3870
    7.5000    0.0000  -30.0000 2271.5283   19.7793
   -7.5000    7.5000  -30.0000 2251.4341   20.1597
    0.0000    7.5000  -30.0000 2256.4902   20.1172
    7.5000    7.5000  -30.0000 2237.6135   20.5347
   -7.5000   15.0000  -30.0000 2199.9893   21.2793
    0.0000   15.0000  -30.0000 2199.5286   21.1436
    7.5000   15.0000  -30.0000 2182.3750   21.5853
   -7.5000   22.5000  -30.0000 2129.2419   22.8016
    0.0000   22.5000  -30.0000 2128.3594   22.6029
    7.5000   22.5000  -30.0000 2106.1450   23.0777
   -7.5000   30.0000  -30.0000 2030.8385   24.8943
    0.0000   30.0000  -30.0000 2032.7279   24.7625
    7.5000   30.0000  -30.0000 2012.2479   25.2852
   -7.5000   37.5000  -30.0000 1920.4380   27.7201
    0.0000   37.5000  -30.0000 1929.3353   27.6789
    7.5000   37.5000  -30.0000 1913.9187   28.2108
   -7.5000   45.0000  -30.0000 1805.9382   31.6024
    0.0000   45.0000  -30.0000 1814.4476   31.6352
    7.5000   45.0000  -30.0000 1799.7423   32.2515
   -7.5000  -45.0000  -22.5000 2253.8342   21.3890
    0.0000  -45.0000  -22.5000 2255.8311   21.3089
    7.5000  -45.0000  -22.5000 2235.8457   21.5035
   -7.5000  -37.5000  -22.5000 2337.8484   19.7735
    0.0000  -37.5000  -22.5000 2338.1128   19.7250
    7.5000  -37.5000  -22.5000 2317.3389   19.8788
   -7.5000  -30.0000  -22.5000 2386.3638   18.6326
    0.0000  -30.0000  -22.5000 2389.8955   18.5970
    7.5000  -30.0000  -22.5000 2372.6160   18.7504
   -7.5000  -22.5000  -22.5000 2420.0291   17.9582
    0.0000  -22.5000  -22.5000 2428.7903   17.9451
    7.5000  -22.5000  -22.5000 2406.4487   18.1299
   -7.5000  -15.0000  -22.5000 2434.4529   17.6580
    0.0000  -15.0000  -22.5000 2443.0059   17.6673
    7.5000  -15.0000  -22.5000 2422.7532   17.9008
   -7.5000   -7.5000  -22.5000 2429.8101   17.7207
    0.0000   -7.5000  -22.5000 2439.4260   17.7226
    7.5000   -7.5000  -22.5000 2420.7202   17.9666
   -7.5000    0.0000  -22.5000 2416.4688   18.0823
    0.0000    0.0000  -22.5000 2424.9465   18.0592
    7.5000    0.0000  -22.5000 2403.2759   18.3259
   -7.5000    7.5000  -22.5000 2385.0305   18.8167
    0.0000    7.5000  -22.5000 2387.8772   18.7495
    7.5000    7.5000  -22.5000 2368.6558   19.0481
   -7.5000   15.0000  -22.5000 2324.8796   19.8842
    0.0000   15.0000  -22.5000 2329.1821   19.7838
    7.5000   15.0000  -22.5000 2314.9658   20.0905
   -7.5000   22.5000  -22.5000 2246.1184   21.3584
    0.0000   22.5000  -22.5000 2247.0005   21.1598
    7.5000   22.5000  -22.5000 2231.7097   21.5489
   -7.5000   30.0000  -22.5000 2146.1218   23.3349
    0.0000   30.0000  -22.5000 2144.9438   23.1214
    7.5000   30.0000  -22.5000 2128.3157   23.5568
   -7.5000   37.5000  -22.5000 2027.6285   25.9682
    0.0000   37.5000  -22.5000 2033.0664   25.7752
    7.5000   37.5000  -22.5000 2022.6044   26.2607
   -7.5000   45.0000  -22.5000 1903.8317   29.4880
    0.0000   45.0000  -22.5000 1916.2845   29.3617
    7.5000   45.0000  -22.5000 1897.9331   29.9829
   -7.5000  -45.0000  -15.0000 2339.4629   20.1570
    0.0000  -45.0000  -15.0000 2338.9385   20.1075
    7.5000  -45.0000  -15.0000 2311.2673   20.2198
   -7.5000  -37.5000  -15.0000 2424.7107   18.5567
    0.0000  -37.5000  -15.0000 2424.9695   18.5227
    7.5000  -37.5000  -15.0000 2397.2339   18.6397
   -7.5000  -30.0000  -15.0000 2484.6887   17.4661
    0.0000  -30.0000  -15.0000 2486.9170   17.4521
    7.5000  -30.0000  -15.0000 2462.2869   17.5576
   -7.5000  -22.5000  -15.0000 2521.5957   16.8052
    0.0000  -22.5000  -15.0000 2526.4136   16.8039
    7.5000  -22.5000  -15.0000 2502.5620   16.9333
   -7.5000  -15.0000  -15.0000 2539.9854   16.5286
    0.0000  -15.0000  -15.0000 2549.6453   16.5197
    7.5000  -15.0000  -15.0000 2525.5603   16.6944
   -7.5000   -7.5000  -15.0000 2537.7678   16.6025
    0.0000   -7.5000  -15.0000 2550.3943   16.5819
    7.5000   -7.5000  -15.0000 2530.9922   16.7767
   -7.5000    0.0000  -15.0000 2518.8289   16.9581
    0.0000    0.0000  -15.0000 2527.4014   16.9254
    7.5000    0.0000  -15.0000 2514.0630   17.1300
   -7.5000    7.5000  -15.0000 2484.9895   17.6036
    0.0000    7.5000  -15.0000 2494.4729   17.5592
    7.5000    7.5000  -15.0000 2480.4333   17.7749
   -7.5000   15.0000  -15.0000 2424.1145   18.6217
    0.0000   15.0000  -15.0000 2428.5815   18.5106
    7.5000   15.0000  -15.0000 2417.9258   18.7412
   -7.5000   22.5000  -15.0000 2340.7295   20.0274
    0.0000   22.5000  -15.0000 2341.3167   19.8344
    7.5000   22.5000  -15.0000 2324.6885   20.1107
   -7.5000   30.0000  -15.0000 2234.3044   21.9034
    0.0000   30.0000  -15.0000 2230.6301   21.6685
    7.5000   30.0000  -15.0000 2223.5994   22.0168
   -7.5000   37.5000  -15.0000 2111.0630   24.3225
    0.0000   37.5000  -15.0000 2112.8628   24.0419
    7.5000   37.5000  -15.0000 2107.9016   24.5241
   -7.5000   45.0000  -15.0000 1982.6427   27.4725
    0.0000   45.0000  -15.0000 1986.2905   27.2422
    7.5000   45.0000  -15.0000 1979.8522   27.8325
   -7.5000  -45.0000   -7.5000 2402.1460   19.0228
    0.0000  -45.0000   -7.5000 2399.0967   18.9626
    7.5000  -45.0000   -7.5000 2373.5364   19.1186
   -7.5000  -37.5000   -7.5000 2492.1565   17.4067
    0.0000  -37.5000   -7.5000 2495.8770   17.4031
    7.5000  -37.5000   -7.5000 2471.4160   17.5605
   -7.5000  -30.0000   -7.5000 2566.4465   16.2860
    0.0000  -30.0000   -7.5000 2568.8623   16.2984
    7.5000  -30.0000   -7.5000 2547.8103   16.4608
   -7.5000  -22.5000   -7.5000 2605.3425   15.6599
    0.0000  -22.5000   -7.5000 2613.8472   15.6779
    7.5000  -22.5000   -7.5000 2595.1348   15.8518
   -7.5000  -15.0000   -7.5000 2630.8401   15.3980
    0.0000  -15.0000   -7.5000 2642.6211   15.3965
    7.5000  -15.0000   -7.5000 2624.5408   15.5664
   -7.5000   -7.5000   -7.5000 2633.6445   15.5125
    0.0000   -7.5000   -7.5000 2653.0049   15.5319
    7.5000   -7.5000   -7.5000 2635.2563   15.6569
   -7.5000    0.0000   -7.5000 2612.2795   15.9083
    0.0000    0.0000   -7.5000 2627.2012   15.9129
    7.5000    0.0000   -7.5000 2615.1931   16.0275
   -7.5000    7.5000   -7.5000 2576.3342   16.5146
    0.0000    7.5000   -7.5000 2589.0676   16.5060
    7.5000    7.5000   -7.5000 2568.1594   16.6380
   -7.5000   15.0000   -7.5000 2510.2642   17.4335
    0.0000   15.0000   -7.5000 2524.4636   17.3612
    7.5000   15.0000   -7.5000 2504.8413   17.5005
   -7.5000   22.5000   -7.5000 2422.1160   18.7044
    0.0000   22.5000   -7.5000 2433.6362   18.5993
    7.5000   22.5000   -7.5000 2412.2239   18.7705
   -7.5000   30.0000   -7.5000 2305.0674   20.4631
    0.0000   30.0000   -7.5000 2313.2620   20.3039
    7.5000   30.0000   -7.5000 2299.7280   20.5184
   -7.5000   37.5000   -7.5000 2178.8318   22.7327
    0.0000   37.5000   -7.5000 2182.9331   22.5223
    7.5000   37.5000   -7.5000 2179.8418   22.8588
   -7.5000   45.0000   -7.5000 2046.1265   25.6701
    0.0000   45.0000   -7.5000 2057.1602   25.4779
    7.5000   45.0000   -7.5000 2048.1072   25.9327
   -7.5000  -45.0000    0.0000 2439.8479   18.0277
    0.0000  -45.0000    0.0000 2444.6389   17.9991
    7.5000  -45.0000    0.0000 2418.4724   18.2299
   -7.5000  -37.5000    0.0000 2544.3350   16.5175
    0.0000  -37.5000    0.0000 2551.0330   16.4987
    7.5000  -37.5000    0.0000 2529.9836   16.7227
   -7.5000  -30.0000    0.0000 2626.6987   15.3953
    0.0000  -30.0000    0.0000 2636.7678   15.4287
    7.5000  -30.0000    0.0000 2619.9861   15.6195
   -7.5000  -22.5000    0.0000 2677.1628   14.7064
    0.0000  -22.5000    0.0000 2693.5955   14.7637
    7.5000  -22.5000    0.0000 2679.4697   14.9701
   -7.5000  -15.0000    0.0000 2710.4707   14.4243
    0.0000  -15.0000    0.0000 2727.0818   14.4770
    7.5000  -15.0000    0.0000 2709.6157   14.6727
   -7.5000   -7.5000    0.0000 2722.9949   14.5891
    0.0000   -7.5000    0.0000 2739.3096   14.6243
    7.5000   -7.5000    0.0000 2723.2358   14.7542
   -7.5000    0.0000    0.0000 2701.4072   14.9871
    0.0000    0.0000    0.0000 2719.2800   15.0262
    7.5000    0.0000    0.0000 2703.3193   15.1306
   -7.5000    7.5000    0.0000 2657.5889   15.5888
    0.0000    7.5000    0.0000 2675.9812   15.5975
    7.5000    7.5000    0.0000 2655.2073   15.7153
   -7.5000   15.0000    0.0000 2581.9143   16.4564
    0.0000   15.0000    0.0000 2601.7444   16.3987
    7.5000   15.0000    0.0000 2582.0400   16.5171
   -7.5000   22.5000    0.0000 2489.8599   17.6536
    0.0000   22.5000    0.0000 2508.3811   17.5537
    7.5000   22.5000    0.0000 2488.4548   17.7110
   -7.5000   30.0000    0.0000 2372.8154   19.2806
    0.0000   30.0000    0.0000 2388.4094   19.1756
    7.5000   30.0000    0.0000 2375.1887   19.3663
   -7.5000   37.5000    0.0000 2241.1340   21.4134
    0.0000   37.5000    0.0000 2249.7014   21.3076
    7.5000   37.5000    0.0000 2245.1575   21.5515
   -7.5000   45.0000    0.0000 2093.8528   24.2279
    0.0000   45.0000    0.0000 2108.1948   24.0031
    7.5000   45.0000    0.0000 2105.9282   24.3771
   -7.5000  -45.0000    7.5000 2467.6353   17.2776
    0.0000  -45.0000    7.5000 2476.4163   17.2929
    7.5000  -45.0000    7.5000 2456.7502   17.6365
   -7.5000  -37.5000    7.5000 2580.5706   15.7869
    0.0000  -37.5000    7.5000 2594.3643   15.8145
    7.5000  -37.5000    7.5000 2574.5574   16.1176
   -7.5000  -30.0000    7.5000 2676.1973   14.7186
    0.0000  -30.0000    7.5000 2694.3672   14.7536
    7.5000  -30.0000    7.5000 2677.9771   15.0131
   -7.5000  -22.5000    7.5000 2744.8694   14.0041
    0.0000  -22.5000    7.5000 2766.2070   14.0704
    7.5000  -22.5000    7.5000 2751.2764   14.3193
   -7.5000  -15.0000    7.5000 2782.7864   13.6898
    0.0000  -15.0000    7.5000 2801.0459   13.7497
    7.5000  -15.0000    7.5000 2788.1316   13.9883
   -7.5000   -7.5000    7.5000 2796.1104   13.8256
    0.0000   -7.5000    7.5000 2817.7285   13.8720
    7.5000   -7.5000    7.5000 2802.7122   14.0685
   -7.5000    0.0000    7.5000 2775.7625   14.2433
    0.0000    0.0000    7.5000 2796.1882   14.2862
    7.5000    0.0000    7.5000 2782.3232   14.4482
   -7.5000    7.5000    7.5000 2730.0842   14.8558
    0.0000    7.5000    7.5000 2748.8560   14.8407
    7.5000    7.5000    7.5000 2734.6831   15.0090
   -7.5000   15.0000    7.5000 2650.6987   15.7062
    0.0000   15.0000    7.5000 2672.4368   15.6274
    7.5000   15.0000    7.5000 2660.6331   15.7580
   -7.5000   22.5000    7.5000 2550.8579   16.8459
    0.0000   22.5000    7.5000 2572.5112   16.7546
    7.5000   22.5000    7.5000 2555.1636   16.9160
   -7.5000   30.0000    7.5000 2433.1936   18.4143
    0.0000   30.0000    7.5000 2450.5061   18.3254
    7.5000   30.0000    7.5000 2439.8125   18.5087
   -7.5000   37.5000    7.5000 2292.2888   20.4621
    0.0000   37.5000    7.5000 2305.3745   20.3160
    7.5000   37.5000    7.5000 2299.7395   20.5408
   -7.5000   45.0000    7.5000 2139.1833   23.1307
    0.0000   45.0000    7.5000 2146.8618   22.8571
    7.5000   45.0000    7.5000 2147.3960   23.1847
   -7.5000  -45.0000   15.0000 2475.0637   16.8112
    0.0000  -45.0000   15.0000 2486.1611   16.8095
    7.5000  -45.0000   15.0000 2475.2542   17.1998
   -7.5000  -37.5000   15.0000 2600.1504   15.3649
    0.0000  -37.5000   15.0000 2609.9888   15.3344
    7.5000  -37.5000   15.0000 2600.2485   15.7295
   -7.5000  -30.0000   15.0000 2705.7551   14.3100
    0.0000  -30.0000   15.0000 2720.7800   14.3036
    7.5000  -30.0000   15.0000 2710.2236   14.6685
   -7.5000  -22.5000   15.0000 2792.8750   13.5687
    0.0000  -22.5000   15.0000 2812.9829   13.5883
    7.5000  -22.5000   15.0000 2795.7400   13.9722
   -7.5000  -15.0000   15.0000 2841.5469   13.1582
    0.0000  -15.0000   15.0000 2857.1814   13.1999
    7.5000  -15.0000   15.0000 2845.4363   13.5858
   -7.5000   -7.5000   15.0000 2857.1670   13.2564
    0.0000   -7.5000   15.0000 2877.5645   13.2703
    7.5000   -7.5000   15.0000 2870.5740   13.5763
   -7.5000    0.0000   15.0000 2830.1619   13.7341
    0.0000    0.0000   15.0000 2852.3250   13.6892
    7.5000    0.0000   15.0000 2843.6260   13.9047
   -7.5000    7.5000   15.0000 2775.4570   14.3560
    0.0000    7.5000   15.0000 2795.4260   14.2964
    7.5000    7.5000   15.0000 2788.7144   14.4807
   -7.5000   15.0000   15.0000 2693.3489   15.2141
    0.0000   15.0000   15.0000 2715.5776   15.1390
    7.5000   15.0000   15.0000 2707.2795   15.2982
   -7.5000   22.5000   15.0000 2591.1255   16.3544
    0.0000   22.5000   15.0000 2613.8699   16.2676
    7.5000   22.5000   15.0000 2596.9119   16.4133
   -7.5000   30.0000   15.0000 2467.8970   17.8384
    0.0000   30.0000   15.0000 2488.6423   17.7540
    7.5000   30.0000   15.0000 2468.9741   17.8922
   -7.5000   37.5000   15.0000 2328.3201   19.7819
    0.0000   37.5000   15.0000 2343.9199   19.6752
    7.5000   37.5000   15.0000 2328.0564   19.8556
   -7.5000   45.0000   15.0000 2169.2983   22.3406
    0.0000   45.0000   15.0000 2178.4023   22.0980
    7.5000   45.0000   15.0000 2171.0000   22.3341
   -7.5000  -45.0000   22.5000 2478.0596   16.6478
    0.0000  -45.0000   22.5000 2484.9524   16.5720
    7.5000  -45.0000   22.5000 2474.7727   17.1048
   -7.5000  -37.5000   22.5000 2600.5654   15.2091
    0.0000  -37.5000   22.5000 2613.2952   15.1343
    7.5000  -37.5000   22.5000 2604.5735   15.6069
   -7.5000  -30.0000   22.5000 2713.7527   14.1799
    0.0000  -30.0000   22.5000 2726.0283   14.1135
    7.5000  -30.0000   22.5000 2720.5735   14.5470
   -7.5000  -22.5000   22.5000 2816.7866   13.4569
    0.0000  -22.5000   22.5000 2830.0615   13.3898
    7.5000  -22.5000   22.5000 2820.1536   13.8183
   -7.5000  -15.0000   22.5000 2871.0393   12.9394
    0.0000  -15.0000   22.5000 2885.3254   12.8311
    7.5000  -15.0000   22.5000 2878.3345   13.3575
   -7.5000   -7.5000   22.5000 2889.6819   12.9760
    0.0000   -7.5000   22.5000 2905.1055   12.8173
    7.5000   -7.5000   22.5000 2899.6675   13.2287
   -7.5000    0.0000   22.5000 2856.4595   13.4542
    0.0000    0.0000   22.5000 2881.6277   13.3358
    7.5000    0.0000   22.5000 2877.0955   13.6233
   -7.5000    7.5000   22.5000 2801.2566   14.0822
    0.0000    7.5000   22.5000 2826.5933   14.0423
    7.5000    7.5000   22.5000 2823.0535   14.3055
   -7.5000   15.0000   22.5000 2715.6187   14.9213
    0.0000   15.0000   22.5000 2741.8118   14.9206
    7.5000   15.0000   22.5000 2733.0244   15.1206
   -7.5000   22.5000   22.5000 2611.4551   16.0702
    0.0000   22.5000   22.5000 2634.4524   16.0350
    7.5000   22.5000   22.5000 2622.3586   16.1743
   -7.5000   30.0000   22.5000 2484.4404   17.5581
    0.0000   30.0000   22.5000 2503.1624   17.4700
    7.5000   30.0000   22.5000 2492.9089   17.6299
   -7.5000   37.5000   22.5000 2342.7419   19.4299
    0.0000   37.5000   22.5000 2360.0950   19.3109
    7.5000   37.5000   22.5000 2351.0142   19.5459
   -7.5000   45.0000   22.5000 2189.2312   21.8489
    0.0000   45.0000   22.5000 2192.2881   21.6643
    7.5000   45.0000   22.5000 2182.8914   21.9849
   -7.5000  -45.0000   30.0000 2452.4387   16.7667
    0.0000  -45.0000   30.0000 2463.7607   16.5948
    7.5000  -45.0000   30.0000 2455.7051   17.1638
   -7.5000  -37.5000   30.0000 2580.3203   15.3221
    0.0000  -37.5000   30.0000 2595.3589   15.1532
    7.5000  -37.5000   30.0000 2587.6643   15.6467
   -7.5000  -30.0000   30.0000 2694.4893   14.2690
    0.0000  -30.0000   30.0000 2708.1052   14.1131
    7.5000  -30.0000   30.0000 2706.7869   14.5703
   -7.5000  -22.5000   30.0000 2797.2158   13.5754
    0.0000  -22.5000   30.0000 2814.6152   13.3908
    7.5000  -22.5000   30.0000 2809.3140   13.8320
   -7.5000  -15.0000   30.0000 2864.6672   13.1201
    0.0000  -15.0000   30.0000 2874.6287   12.8885
    7.5000  -15.0000   30.0000 2872.7424   13.3889
   -7.5000   -7.5000   30.0000 2892.3435   13.0295
    0.0000   -7.5000   30.0000 2908.0354   12.8424
    7.5000   -7.5000   30.0000 2904.4963   13.3002
   -7.5000    0.0000   30.0000 2863.8176   13.4185
    0.0000    0.0000   30.0000 2890.3677   13.3173
    7.5000    0.0000   30.0000 2889.5979   13.6610
   -7.5000    7.5000   30.0000 2801.6179   14.0710
    0.0000    7.5000   30.0000 2827.3931   14.0094
    7.5000    7.5000   30.0000 2827.6592   14.2695
   -7.5000   15.0000   30.0000 2717.1360   14.9300
    0.0000   15.0000   30.0000 2736.9695   14.8456
    7.5000   15.0000   30.0000 2729.1992   15.0488
   -7.5000   22.5000   30.0000 2607.5510   16.0645
    0.0000   22.5000   30.0000 2633.5100   15.9681
    7.5000   22.5000   30.0000 2620.6069   16.1147
   -7.5000   30.0000   30.0000 2478.8303   17.5282
    0.0000   30.0000   30.0000 2501.3462   17.3885
    7.5000   30.0000   30.0000 2488.5325   17.5212
   -7.5000   37.5000   30.0000 2339.5657   19.3749
    0.0000   37.5000   30.0000 2350.4556   19.2099
    7.5000   37.5000   30.0000 2343.5117   19.3837
   -7.5000   45.0000   30.0000 2191.3152   21.7979
    0.0000   45.0000   30.0000 2188.8010   21.5453
    7.5000   45.0000   30.0000 2178.3181   21.8148
   -7.5000  -45.0000   37.5000 2423.4326   17.1084
    0.0000  -45.0000   37.5000 2440.6143   16.9056
    7.5000  -45.0000   37.5000 2435.6196   17.4424
   -7.5000  -37.5000   37.5000 2542.0984   15.6217
    0.0000  -37.5000   37.5000 2567.2197   15.4504
    7.5000  -37.5000   37.5000 2565.2971   15.9317
   -7.5000  -30.0000   37.5000 2653.7986   14.6141
    0.0000  -30.0000   37.5000 2679.3774   14.4389
    7.5000  -30.0000   37.5000 2683.3730   14.8723
   -7.5000  -22.5000   37.5000 2762.3933   14.0594
    0.0000  -22.5000   37.5000 2787.3660   13.7992
    7.5000  -22.5000   37.5000 2782.7407   14.1577
   -7.5000  -15.0000   37.5000 2837.0212   13.7216
    0.0000  -15.0000   37.5000 2848.1245   13.3860
    7.5000  -15.0000   37.5000 2843.5994   13.6915
   -7.5000   -7.5000   37.5000 2879.0967   13.6740
    0.0000   -7.5000   37.5000 2889.2041   13.3879
    7.5000   -7.5000   37.5000 2881.8706   13.6659
   -7.5000    0.0000   37.5000 2850.9993   13.8772
    0.0000    0.0000   37.5000 2871.8884   13.7049
    7.5000    0.0000   37.5000 2866.5684   13.9204
   -7.5000    7.5000   37.5000 2782.6428   14.3611
    0.0000    7.5000   37.5000 2804.3613   14.2032
    7.5000    7.5000   37.5000 2806.2515   14.4125
   -7.5000   15.0000   37.5000 2696.8850   15.0831
    0.0000   15.0000   37.5000 2718.1489   14.9390
    7.5000   15.0000   37.5000 2709.1060   15.1547
   -7.5000   22.5000   37.5000 2589.1533   16.1745
    0.0000   22.5000   37.5000 2612.8887   16.0332
    7.5000   22.5000   37.5000 2602.5156   16.2081
   -7.5000   30.0000   37.5000 2467.8555   17.6756
    0.0000   30.0000   37.5000 2486.2395   17.5245
    7.5000   30.0000   37.5000 2470.1155   17.6472
   -7.5000   37.5000   37.5000 2327.6995   19.5530
    0.0000   37.5000   37.5000 2330.9966   19.3976
    7.5000   37.5000   37.5000 2322.2625   19.5165
   -7.5000   45.0000   37.5000 2174.8059   22.0475
    0.0000   45.0000   37.5000 2175.7878   21.8094
    7.5000   45.0000   37.5000 2161.4556   21.9544
   -7.5000  -45.0000   45.0000 2383.8550   17.9337
    0.0000  -45.0000   45.0000 2409.8711   17.7407
    7.5000  -45.0000   45.0000 2405.1545   18.1200
   -7.5000  -37.5000   45.0000 2502.2864   16.5350
    0.0000  -37.5000   45.0000 2529.6699   16.3261
    7.5000  -37.5000   45.0000 2526.4873   16.6137
   -7.5000  -30.0000   45.0000 2615.6953   15.5425
    0.0000  -30.0000   45.0000 2641.7551   15.2865
    7.5000  -30.0000   45.0000 2639.3948   15.5314
   -7.5000  -22.5000   45.0000 2716.2842   14.9239
    0.0000  -22.5000   45.0000 2738.8513   14.5327
    7.5000  -22.5000   45.0000 2729.7905   14.7423
   -7.5000  -15.0000   45.0000 2776.3535   14.4519
    0.0000  -15.0000   45.0000 2791.3892   14.0600
    7.5000  -15.0000   45.0000 2784.5532   14.2751
   -7.5000   -7.5000   45.0000 2812.1716   14.3477
    0.0000   -7.5000   45.0000 2826.1111   14.0347
    7.5000   -7.5000   45.0000 2820.4531   14.1919
   -7.5000    0.0000   45.0000 2790.6841   14.5439
    0.0000    0.0000   45.0000 2812.7883   14.3058
    7.5000    0.0000   45.0000 2807.3975   14.4098
   -7.5000    7.5000   45.0000 2731.6492   14.9959
    0.0000    7.5000   45.0000 2757.4951   14.8312
    7.5000    7.5000   45.0000 2756.6116   14.9034
   -7.5000   15.0000   45.0000 2648.3865   15.6625
    0.0000   15.0000   45.0000 2673.0637   15.5470
    7.5000   15.0000   45.0000 2669.3091   15.6458
   -7.5000   22.5000   45.0000 2552.0322   16.6358
    0.0000   22.5000   45.0000 2574.8579   16.5272
    7.5000   22.5000   45.0000 2564.5000   16.6733
   -7.5000   30.0000   45.0000 2436.4531   18.0497
    0.0000   30.0000   45.0000 2449.6443   17.9102
    7.5000   30.0000   45.0000 2433.0894   18.0268
   -7.5000   37.5000   45.0000 2295.3738   19.9144
    0.0000   37.5000   45.0000 2299.7410   19.7298
    7.5000   37.5000   45.0000 2288.1926   19.8433
   -7.5000   45.0000   45.0000 2143.3469   22.3706
    0.0000   45.0000   45.0000 2152.3547   22.0918
    7.5000   45.0000   45.0000 2142.0740   22.2709

---------------------------------------------------------------------
imgreg_4dfp /opt/freesurfer/average/711-2C_as_mni_average_305 /opt/freesurfer/average/711-2B_as_mni_average_305_mask talsrcimg_g11 none talsrcimg_to_711-2C_as_mni_average_305_t4 1283
---------------------------------------------------------------------

freesurfer imgreg_4dfp.c
/opt/freesurfer/average/711-2C_as_mni_average_305.4dfp.img
       256       256       256         1
  1.000000  1.000000  1.000000
orientation T byte_order littleendian
Reading image: /opt/freesurfer/average/711-2C_as_mni_average_305.4dfp.img
dimensions:      256       256       256
mmppix:       1.0000   -1.0000   -1.0000
center:     128.0000 -129.0000 -129.0000
/opt/freesurfer/average/711-2B_as_mni_average_305_mask.4dfp.img
       256       256       256         1
  1.000000  1.000000  1.000000
orientation T byte_order littleendian
Reading mask: /opt/freesurfer/average/711-2B_as_mni_average_305_mask.4dfp.img (2306576 pixels)
talsrcimg_g11.4dfp.img
       256       256       256         1
  1.000000  1.000000  1.000000
orientation T byte_order littleendian
Reading image: talsrcimg_g11.4dfp.img
dimensions:      256       256       256
mmppix:       1.0000   -1.0000   -1.0000
center:     128.0000 -129.0000 -129.0000
rotation matrix determinant  1.000000
fimgreg.f
image alignment mode   1283 decimal      503 hex
parameters
    0.0000   -7.5000   30.0000    0.0000    0.0000    0.0000
eta,q 0.91305 12.78639
niter,ni,del,rscale     5    3   12.0000    1.2000
parameter  1 -2.286046 -> -0.500000 qaram    1.1500
parameter  5  0.767797 ->  0.500000 qaram    1.1500
parameter  6  1.484221 ->  0.500000 qaram    1.1500
parameters
    3.4500  -10.1157   27.6360   -2.1870   -3.4500   -3.4500
eta,q 0.91866 12.61082
  0.0944  0.0900  0.0873  0.0879  0.0827  0.0802
  0.0934  0.0863  0.0867  0.0855  0.0828  0.0810
  0.0917  0.0868  0.0866  0.0849  0.0838  0.0822
  0.0911  0.0892  0.0864  0.0862  0.0849  0.0830
  0.0906  0.0903  0.0880  0.0884  0.0866  0.0845
  0.0895  0.0898  0.0910  0.0908  0.0901  0.0868
  0.0890  0.0901  0.0949  0.0928  0.0941  0.0890
niter,ni,del,rscale     7    3   12.0000    1.2000
parameter  5  0.959425 ->  0.500000 qaram    1.3225
parameter  6  0.810137 ->  0.500000 qaram    1.3225
parameters
    3.7774   -8.5809   27.2748   -2.3488   -7.4175   -7.4175
eta,q 0.92188 12.60549
  0.0870  0.0961  0.0837  0.0880  0.0793  0.0786
  0.0853  0.0885  0.0824  0.0842  0.0797  0.0781
  0.0820  0.0831  0.0820  0.0824  0.0803  0.0785
  0.0813  0.0813  0.0819  0.0820  0.0820  0.0797
  0.0811  0.0824  0.0815  0.0836  0.0841  0.0815
  0.0829  0.0839  0.0825  0.0856  0.0866  0.0835
  0.0871  0.0850  0.0847  0.0876  0.0901  0.0855
niter,ni,del,rscale     7    3   12.0000    1.2000
parameters
    3.8510   -8.2314   28.3484   -3.4198  -10.1648   -7.8402
eta,q 0.92225 12.65474
  0.0829  0.0862  0.0798  0.0816  0.0783  0.0828
  0.0816  0.0804  0.0771  0.0787  0.0789  0.0798
  0.0788  0.0779  0.0772  0.0776  0.0779  0.0778
  0.0781  0.0781  0.0784  0.0779  0.0775  0.0779
  0.0789  0.0794  0.0773  0.0796  0.0784  0.0791
  0.0802  0.0812  0.0771  0.0819  0.0819  0.0806
  0.0835  0.0828  0.0782  0.0844  0.0856  0.0836
niter,ni,del,rscale     6    3   12.0000    1.2000
parameter  3 -0.365996 ->  0.500000 qaram    1.1500
parameter  4  1.822496 ->  0.500000 qaram    1.1500
parameters
    5.2787   -7.1514   24.8984   -6.8698  -13.0233   -7.9221
eta,q 0.92383 12.63273
  0.0806  0.0848  0.0773  0.0751  0.0770  0.0798
  0.0789  0.0797  0.0776  0.0750  0.0772  0.0777
  0.0782  0.0777  0.0793  0.0763  0.0760  0.0761
  0.0777  0.0780  0.0788  0.0781  0.0753  0.0762
  0.0778  0.0793  0.0776  0.0798  0.0778  0.0767
  0.0769  0.0797  0.0776  0.0813  0.0816  0.0778
  0.0792  0.0796  0.0790  0.0833  0.0849  0.0799
niter,ni,del,rscale     7    3   12.0000    1.2000
parameters
    1.9944   -5.0244   25.2749   -7.9528  -12.8601   -9.2675
eta,q 0.92553 12.59903
  0.0764  0.0810  0.0820  0.0795  0.0799  0.0778
  0.0756  0.0785  0.0774  0.0756  0.0772  0.0755
  0.0754  0.0767  0.0742  0.0740  0.0748  0.0746
  0.0762  0.0754  0.0744  0.0747  0.0743  0.0743
  0.0780  0.0744  0.0767  0.0760  0.0751  0.0753
  0.0801  0.0743  0.0776  0.0793  0.0763  0.0781
  0.0835  0.0767  0.0790  0.0829  0.0797  0.0816
niter,ni,del,rscale     6    3   12.0000    1.2000
parameters
    3.5726   -4.8024   24.8958   -8.6727  -13.1007   -8.7071
eta,q 0.92745 12.68892
  0.0839  0.0798  0.0791  0.0794  0.0782  0.0800
  0.0780  0.0777  0.0740  0.0754  0.0757  0.0765
  0.0758  0.0756  0.0723  0.0729  0.0736  0.0738
  0.0745  0.0732  0.0730  0.0728  0.0726  0.0726
  0.0731  0.0729  0.0750  0.0741  0.0733  0.0729
  0.0748  0.0760  0.0767  0.0781  0.0755  0.0749
  0.0774  0.0802  0.0784  0.0826  0.0795  0.0784
niter,ni,del,rscale     5    3   12.0000    1.2000
parameters
    3.5411   -4.6260   24.7650   -8.7450  -13.1648   -8.7109
eta,q 0.92765 12.70014
  0.0790  0.0799  0.0788  0.0806  0.0781  0.0788
  0.0756  0.0775  0.0734  0.0766  0.0754  0.0754
  0.0743  0.0749  0.0717  0.0730  0.0734  0.0732
  0.0726  0.0726  0.0725  0.0724  0.0723  0.0723
  0.0736  0.0731  0.0742  0.0735  0.0730  0.0731
  0.0764  0.0763  0.0756  0.0765  0.0751  0.0754
  0.0789  0.0800  0.0772  0.0811  0.0787  0.0789
niter,ni,del,rscale     4    3   12.0000    1.2000
parameters
    3.4891   -4.6219   24.7518   -8.7587  -13.1654   -8.7190
eta,q 0.92763 12.69916
  0.0789  0.0796  0.0791  0.0807  0.0781  0.0788
  0.0753  0.0772  0.0736  0.0767  0.0754  0.0754
  0.0740  0.0745  0.0717  0.0731  0.0734  0.0732
  0.0724  0.0724  0.0724  0.0724  0.0724  0.0724
  0.0734  0.0733  0.0741  0.0735  0.0730  0.0731
  0.0762  0.0766  0.0755  0.0764  0.0750  0.0753
  0.0788  0.0804  0.0771  0.0809  0.0786  0.0789
registration optimization eta report
parameter search radius
    6.9000    6.0000    6.9000    6.9000    7.9350    7.9350
100000*second partial in parameter space
       13.       20.       12.       18.        9.       10.
  0.0789  0.0796  0.0791  0.0807  0.0781  0.0788
  0.0753  0.0772  0.0736  0.0767  0.0754  0.0754
  0.0740  0.0745  0.0717  0.0731  0.0734  0.0732
  0.0724  0.0724  0.0724  0.0724  0.0724  0.0724
  0.0734  0.0733  0.0741  0.0735  0.0730  0.0731
  0.0762  0.0766  0.0755  0.0764  0.0750  0.0753
  0.0788  0.0804  0.0771  0.0809  0.0786  0.0789
    3.4891   -4.6219   24.7518   -8.7587  -13.1654   -8.7190
eta,q 0.92763 12.69916

---------------------------------------------------------------------
imgreg_4dfp /opt/freesurfer/average/711-2C_as_mni_average_305 /opt/freesurfer/average/711-2B_as_mni_average_305_mask talsrcimg_g11 none talsrcimg_to_711-2C_as_mni_average_305_t4 3335
---------------------------------------------------------------------

freesurfer imgreg_4dfp.c
/opt/freesurfer/average/711-2C_as_mni_average_305.4dfp.img
       256       256       256         1
  1.000000  1.000000  1.000000
orientation T byte_order littleendian
Reading image: /opt/freesurfer/average/711-2C_as_mni_average_305.4dfp.img
dimensions:      256       256       256
mmppix:       1.0000   -1.0000   -1.0000
center:     128.0000 -129.0000 -129.0000
/opt/freesurfer/average/711-2B_as_mni_average_305_mask.4dfp.img
       256       256       256         1
  1.000000  1.000000  1.000000
orientation T byte_order littleendian
Reading mask: /opt/freesurfer/average/711-2B_as_mni_average_305_mask.4dfp.img (2306576 pixels)
talsrcimg_g11.4dfp.img
       256       256       256         1
  1.000000  1.000000  1.000000
orientation T byte_order littleendian
Reading image: talsrcimg_g11.4dfp.img
dimensions:      256       256       256
mmppix:       1.0000   -1.0000   -1.0000
center:     128.0000 -129.0000 -129.0000
fimgreg.f
image alignment mode   3335 decimal      D07 hex
parameters
    3.4891   -4.6219   24.7518   -3.7536   -1.7826   -3.7639
   11.5540   24.5589  -14.7605   11.6390  -22.7764  -14.8271
eta,q 0.92854 12.60591
niter,ni,del,rscale     5    3    5.0000    1.2000
parameter  3 -0.667100 -> -0.500000 qaram    1.1500
parameter  4 -3.836565 ->  0.500000 qaram    1.1500
parameter  5  6.205552 ->  0.500000 qaram    1.1500
parameter  6 -5.883081 ->  0.500000 qaram    1.1500
parameter  7  0.750828 ->  0.500000 qaram    1.1500
parameter  8  1.274653 ->  0.500000 qaram    1.1500
parameter  9 -0.917202 -> -0.500000 qaram    1.1500
parameter 11 -1.305783 -> -0.500000 qaram    1.1500
parameters
    4.1797   -4.0541   26.1318   -7.8936   -5.9226   -7.9039
    7.4140   20.4189  -10.6205    9.4337  -18.6364  -14.9823
eta,q 0.95185 12.16394
  0.0726  0.0725  0.0726  0.0612  0.0573  0.0467  0.0523  0.0503  0.0538  0.0506  0.0520  0.0495
  0.0720  0.0720  0.0722  0.0650  0.0600  0.0514  0.0521  0.0501  0.0524  0.0495  0.0508  0.0487
  0.0716  0.0716  0.0717  0.0683  0.0629  0.0567  0.0523  0.0509  0.0512  0.0491  0.0498  0.0482
  0.0715  0.0715  0.0714  0.0711  0.0659  0.0608  0.0529  0.0521  0.0503  0.0494  0.0491  0.0482
  0.0715  0.0714  0.0711  0.0735  0.0689  0.0650  0.0537  0.0534  0.0496  0.0504  0.0485  0.0484
  0.0715  0.0715  0.0711  0.0759  0.0721  0.0688  0.0548  0.0547  0.0493  0.0520  0.0480  0.0488
  0.0717  0.0719  0.0712  0.0786  0.0759  0.0728  0.0560  0.0562  0.0493  0.0538  0.0478  0.0496
niter,ni,del,rscale     7    3    5.0000    1.2000
parameter  2  0.686232 ->  0.500000 qaram    1.1500
parameter  4  4.550808 ->  0.500000 qaram    1.3225
parameter  5  4.614004 ->  0.500000 qaram    1.3225
parameter  6  0.812866 ->  0.500000 qaram    1.3225
parameters
    3.7503   -5.4341   26.7495  -12.6546  -10.6836  -12.6649
    6.9743   22.2121  -10.8784   10.3517  -18.8537  -13.6326
eta,q 0.97281 12.20426
  0.0494  0.0475  0.0504  0.0365  0.0289  0.0289  0.0318  0.0386  0.0307  0.0328  0.0303  0.0302
  0.0486  0.0474  0.0490  0.0385  0.0315  0.0283  0.0298  0.0344  0.0290  0.0304  0.0285  0.0288
  0.0482  0.0476  0.0480  0.0423  0.0351  0.0287  0.0285  0.0308  0.0278  0.0286  0.0275  0.0278
  0.0481  0.0481  0.0474  0.0473  0.0394  0.0324  0.0282  0.0282  0.0275  0.0274  0.0273  0.0273
  0.0486  0.0491  0.0473  0.0523  0.0439  0.0389  0.0289  0.0275  0.0280  0.0274  0.0278  0.0272
  0.0495  0.0504  0.0477  0.0569  0.0483  0.0451  0.0304  0.0292  0.0293  0.0285  0.0289  0.0277
  0.0508  0.0521  0.0486  0.0607  0.0524  0.0513  0.0325  0.0330  0.0312  0.0310  0.0305  0.0286
niter,ni,del,rscale     7    3    5.0000    1.2000
parameter  5  0.691287 ->  0.500000 qaram    1.5209
parameters
    3.6370   -6.0174   25.4226  -17.1785  -16.1588  -14.8091
    8.3985   23.0729  -11.7014    9.7904  -21.9906  -15.5872
eta,q 0.97746 11.89350
  0.0313  0.0297  0.0272  0.0270  0.0232  0.0270  0.0282  0.0306  0.0251  0.0257  0.0233  0.0233
  0.0290  0.0279  0.0262  0.0255  0.0227  0.0253  0.0260  0.0274  0.0238  0.0241  0.0228  0.0228
  0.0276  0.0270  0.0261  0.0247  0.0231  0.0238  0.0243  0.0249  0.0231  0.0232  0.0227  0.0225
  0.0272  0.0272  0.0269  0.0260  0.0249  0.0227  0.0234  0.0232  0.0229  0.0229  0.0229  0.0227
  0.0279  0.0284  0.0286  0.0302  0.0283  0.0241  0.0233  0.0228  0.0234  0.0233  0.0234  0.0231
  0.0296  0.0304  0.0308  0.0358  0.0329  0.0296  0.0241  0.0247  0.0245  0.0247  0.0243  0.0238
  0.0322  0.0330  0.0336  0.0414  0.0374  0.0359  0.0258  0.0288  0.0263  0.0269  0.0255  0.0247
niter,ni,del,rscale     7    3    5.0000    1.2000
parameters
    3.7438   -5.6978   24.7780  -17.7759  -17.4786  -15.8228
    8.2046   23.5602  -11.5327   10.1934  -21.9593  -16.5492
eta,q 0.97730 11.76489
  0.0267  0.0274  0.0237  0.0272  0.0274  0.0271  0.0265  0.0294  0.0255  0.0260  0.0241  0.0237
  0.0245  0.0249  0.0228  0.0250  0.0247  0.0251  0.0246  0.0262  0.0241  0.0243  0.0233  0.0231
  0.0231  0.0232  0.0224  0.0234  0.0229  0.0236  0.0233  0.0240  0.0231  0.0232  0.0228  0.0228
  0.0225  0.0225  0.0225  0.0223  0.0225  0.0225  0.0228  0.0228  0.0227  0.0227  0.0227  0.0227
  0.0229  0.0227  0.0231  0.0227  0.0235  0.0223  0.0233  0.0229  0.0230  0.0230  0.0229  0.0230
  0.0241  0.0237  0.0242  0.0253  0.0265  0.0258  0.0248  0.0247  0.0238  0.0238  0.0233  0.0236
  0.0261  0.0255  0.0259  0.0297  0.0310  0.0318  0.0269  0.0285  0.0253  0.0254  0.0241  0.0244
niter,ni,del,rscale     6    3    5.0000    1.2000
parameters
    3.7423   -5.5304   24.6050  -17.6981  -17.6655  -16.0119
    8.0067   23.5815  -11.5153   10.4178  -21.7890  -16.8681
eta,q 0.97725 11.75157
  0.0264  0.0270  0.0245  0.0278  0.0286  0.0278  0.0264  0.0288  0.0253  0.0258  0.0242  0.0240
  0.0244  0.0247  0.0234  0.0256  0.0257  0.0257  0.0245  0.0258  0.0240  0.0241  0.0233  0.0233
  0.0231  0.0232  0.0228  0.0239  0.0235  0.0239  0.0232  0.0237  0.0231  0.0231  0.0229  0.0229
  0.0227  0.0227  0.0227  0.0227  0.0227  0.0227  0.0228  0.0228  0.0228  0.0228  0.0227  0.0228
  0.0231  0.0230  0.0230  0.0226  0.0232  0.0220  0.0233  0.0230  0.0230  0.0230  0.0229  0.0230
  0.0244  0.0242  0.0238  0.0247  0.0255  0.0244  0.0247  0.0252  0.0239  0.0239  0.0233  0.0235
  0.0264  0.0260  0.0250  0.0286  0.0295  0.0301  0.0268  0.0293  0.0254  0.0255  0.0240  0.0242
niter,ni,del,rscale     5    3    5.0000    1.2000
parameters
    3.7313   -5.4820   24.5553  -17.6325  -17.7007  -16.0366
    7.9248   23.5754  -11.5252   10.4920  -21.7038  -16.9668
eta,q 0.97725 11.75184
  0.0264  0.0267  0.0247  0.0279  0.0288  0.0279  0.0265  0.0288  0.0253  0.0257  0.0242  0.0241
  0.0244  0.0245  0.0236  0.0256  0.0259  0.0258  0.0245  0.0257  0.0240  0.0240  0.0233  0.0233
  0.0232  0.0232  0.0230  0.0239  0.0237  0.0240  0.0232  0.0237  0.0231  0.0231  0.0229  0.0229
  0.0227  0.0227  0.0227  0.0227  0.0227  0.0227  0.0227  0.0227  0.0227  0.0228  0.0227  0.0227
  0.0232  0.0232  0.0230  0.0227  0.0232  0.0219  0.0232  0.0230  0.0230  0.0231  0.0229  0.0229
  0.0245  0.0244  0.0237  0.0247  0.0254  0.0241  0.0246  0.0253  0.0239  0.0240  0.0233  0.0234
  0.0265  0.0263  0.0249  0.0286  0.0294  0.0298  0.0267  0.0294  0.0254  0.0256  0.0241  0.0241
niter,ni,del,rscale     4    3    5.0000    1.2000
parameters
    3.7274   -5.4704   24.5447  -17.6063  -17.7075  -16.0348
    7.8990   23.5701  -11.5334   10.5117  -21.6736  -17.0027
eta,q 0.97726 11.75278
  0.0265  0.0265  0.0248  0.0278  0.0288  0.0280  0.0265  0.0288  0.0253  0.0256  0.0241  0.0241
  0.0244  0.0244  0.0236  0.0256  0.0259  0.0258  0.0245  0.0258  0.0240  0.0240  0.0233  0.0233
  0.0232  0.0231  0.0230  0.0239  0.0237  0.0240  0.0232  0.0237  0.0231  0.0231  0.0229  0.0229
  0.0227  0.0227  0.0227  0.0227  0.0227  0.0227  0.0227  0.0227  0.0227  0.0227  0.0227  0.0227
  0.0232  0.0232  0.0230  0.0227  0.0232  0.0219  0.0232  0.0230  0.0230  0.0231  0.0229  0.0229
  0.0244  0.0245  0.0236  0.0248  0.0254  0.0241  0.0245  0.0253  0.0239  0.0240  0.0233  0.0234
  0.0265  0.0263  0.0248  0.0287  0.0294  0.0298  0.0266  0.0294  0.0254  0.0256  0.0241  0.0241
registration optimization eta report
parameter search radius
    2.4000    2.7600    2.7600    9.5220   10.9503    9.5220
    8.2800    8.2800    8.2800    7.2000    8.2800    7.2000
100000*second partial in parameter space
       65.       48.       27.        6.        5.        7.
        6.        9.        4.        6.        2.        3.
  0.0265  0.0265  0.0248  0.0278  0.0288  0.0280  0.0265  0.0288  0.0253  0.0256  0.0241  0.0241
  0.0244  0.0244  0.0236  0.0256  0.0259  0.0258  0.0245  0.0258  0.0240  0.0240  0.0233  0.0233
  0.0232  0.0231  0.0230  0.0239  0.0237  0.0240  0.0232  0.0237  0.0231  0.0231  0.0229  0.0229
  0.0227  0.0227  0.0227  0.0227  0.0227  0.0227  0.0227  0.0227  0.0227  0.0227  0.0227  0.0227
  0.0232  0.0232  0.0230  0.0227  0.0232  0.0219  0.0232  0.0230  0.0230  0.0231  0.0229  0.0229
  0.0244  0.0245  0.0236  0.0248  0.0254  0.0241  0.0245  0.0253  0.0239  0.0240  0.0233  0.0234
  0.0265  0.0263  0.0248  0.0287  0.0294  0.0298  0.0266  0.0294  0.0254  0.0256  0.0241  0.0241
    3.7274   -5.4704   24.5447  -17.6063  -17.7075  -16.0348
    7.8990   23.5701  -11.5334   10.5117  -21.6736  -17.0027
eta,q 0.97726 11.75278

---------------------------------------------------------------------
imgreg_4dfp /opt/freesurfer/average/711-2C_as_mni_average_305 /opt/freesurfer/average/711-2B_as_mni_average_305_mask talsrcimg_g11 none talsrcimg_to_711-2C_as_mni_average_305_t4 2311
---------------------------------------------------------------------

freesurfer imgreg_4dfp.c
/opt/freesurfer/average/711-2C_as_mni_average_305.4dfp.img
       256       256       256         1
  1.000000  1.000000  1.000000
orientation T byte_order littleendian
Reading image: /opt/freesurfer/average/711-2C_as_mni_average_305.4dfp.img
dimensions:      256       256       256
mmppix:       1.0000   -1.0000   -1.0000
center:     128.0000 -129.0000 -129.0000
/opt/freesurfer/average/711-2B_as_mni_average_305_mask.4dfp.img
       256       256       256         1
  1.000000  1.000000  1.000000
orientation T byte_order littleendian
Reading mask: /opt/freesurfer/average/711-2B_as_mni_average_305_mask.4dfp.img (2306576 pixels)
talsrcimg_g11.4dfp.img
       256       256       256         1
  1.000000  1.000000  1.000000
orientation T byte_order littleendian
Reading image: talsrcimg_g11.4dfp.img
dimensions:      256       256       256
mmppix:       1.0000   -1.0000   -1.0000
center:     128.0000 -129.0000 -129.0000
fimgreg.f
image alignment mode   2311 decimal      907 hex
parameters
    3.7274   -5.4704   24.5447  -17.6063  -17.7075  -16.0348
    7.8990   23.5701  -11.5334   10.5117  -21.6736  -17.0027
eta,q 0.97726 11.75278
niter,ni,del,rscale     5    3    5.0000    0.8000
parameter  6 -0.512752 -> -0.500000 qaram    1.1500
parameters
    3.7227   -5.5285   24.5457  -16.2627  -17.1647  -13.2748
    7.5787   23.7262  -11.4653   10.8056  -21.2902  -16.8551
eta,q 0.97832 11.92712
  0.0244  0.0240  0.0234  0.0247  0.0240  0.0247  0.0230  0.0250  0.0227  0.0236  0.0227  0.0225
  0.0235  0.0232  0.0230  0.0239  0.0233  0.0239  0.0223  0.0234  0.0221  0.0226  0.0221  0.0220
  0.0229  0.0228  0.0228  0.0233  0.0227  0.0231  0.0218  0.0223  0.0218  0.0220  0.0218  0.0218
  0.0227  0.0227  0.0227  0.0227  0.0225  0.0225  0.0217  0.0217  0.0217  0.0217  0.0217  0.0217
  0.0229  0.0229  0.0228  0.0225  0.0225  0.0219  0.0219  0.0219  0.0218  0.0218  0.0218  0.0218
  0.0235  0.0234  0.0230  0.0227  0.0228  0.0218  0.0225  0.0230  0.0221  0.0223  0.0220  0.0220
  0.0244  0.0241  0.0234  0.0234  0.0235  0.0226  0.0234  0.0248  0.0226  0.0232  0.0224  0.0224
niter,ni,del,rscale     5    3    5.0000    0.8000
parameters
    3.7465   -5.6301   25.0910  -16.5744  -17.1825  -14.0106
    7.9125   23.8903  -11.5231   10.6909  -21.6632  -16.4410
eta,q 0.97830 11.91113
  0.0238  0.0229  0.0236  0.0232  0.0228  0.0239  0.0234  0.0246  0.0226  0.0231  0.0223  0.0225
  0.0226  0.0222  0.0227  0.0225  0.0221  0.0230  0.0225  0.0232  0.0221  0.0224  0.0219  0.0221
  0.0219  0.0218  0.0221  0.0219  0.0217  0.0222  0.0220  0.0223  0.0218  0.0219  0.0217  0.0218
  0.0217  0.0217  0.0217  0.0215  0.0216  0.0216  0.0217  0.0217  0.0217  0.0217  0.0217  0.0217
  0.0219  0.0219  0.0215  0.0217  0.0217  0.0219  0.0218  0.0218  0.0218  0.0219  0.0218  0.0217
  0.0226  0.0224  0.0217  0.0225  0.0221  0.0236  0.0222  0.0228  0.0221  0.0224  0.0221  0.0219
  0.0236  0.0232  0.0220  0.0240  0.0229  0.0267  0.0230  0.0245  0.0227  0.0233  0.0225  0.0223
niter,ni,del,rscale     4    3    5.0000    0.7000
parameters
    3.7741   -5.6576   24.9345  -16.4514  -17.0740  -14.0130
    7.9502   23.9890  -11.4474   10.6983  -21.6820  -16.4648
eta,q 0.97834 11.91846
  0.0233  0.0227  0.0223  0.0232  0.0227  0.0239  0.0228  0.0240  0.0224  0.0228  0.0222  0.0222
  0.0224  0.0221  0.0219  0.0225  0.0221  0.0231  0.0222  0.0229  0.0220  0.0222  0.0219  0.0219
  0.0219  0.0218  0.0217  0.0220  0.0218  0.0223  0.0218  0.0221  0.0218  0.0218  0.0217  0.0217
  0.0217  0.0217  0.0217  0.0217  0.0217  0.0217  0.0217  0.0217  0.0217  0.0217  0.0217  0.0217
  0.0219  0.0218  0.0218  0.0217  0.0217  0.0216  0.0218  0.0218  0.0217  0.0218  0.0217  0.0217
  0.0223  0.0222  0.0222  0.0222  0.0220  0.0225  0.0221  0.0225  0.0219  0.0222  0.0219  0.0219
  0.0231  0.0228  0.0226  0.0232  0.0226  0.0245  0.0228  0.0239  0.0223  0.0229  0.0222  0.0222
niter,ni,del,rscale     3    3    5.0000    0.6000
parameters
    3.7554   -5.6727   24.9319  -16.3463  -17.0584  -13.7842
    7.9363   23.9923  -11.4329   10.7153  -21.7188  -16.4838
eta,q 0.97840 11.92960
  0.0227  0.0224  0.0222  0.0228  0.0224  0.0235  0.0224  0.0233  0.0221  0.0225  0.0220  0.0220
  0.0221  0.0220  0.0219  0.0223  0.0220  0.0228  0.0220  0.0225  0.0218  0.0220  0.0218  0.0218
  0.0218  0.0217  0.0217  0.0219  0.0217  0.0222  0.0217  0.0219  0.0217  0.0217  0.0216  0.0216
  0.0217  0.0217  0.0217  0.0217  0.0217  0.0217  0.0216  0.0216  0.0216  0.0216  0.0216  0.0216
  0.0218  0.0218  0.0217  0.0217  0.0217  0.0216  0.0217  0.0217  0.0216  0.0217  0.0216  0.0216
  0.0222  0.0220  0.0219  0.0221  0.0219  0.0222  0.0220  0.0224  0.0218  0.0220  0.0218  0.0218
  0.0228  0.0224  0.0222  0.0228  0.0224  0.0235  0.0224  0.0234  0.0221  0.0225  0.0220  0.0220
niter,ni,del,rscale     2    3    5.0000    0.5000
parameters
    3.7574   -5.6778   24.9929  -16.2629  -17.0698  -13.5367
    7.9197   24.0023  -11.4021   10.7304  -21.7553  -16.4766
eta,q 0.97846 11.93943
  0.0224  0.0221  0.0221  0.0224  0.0221  0.0231  0.0221  0.0228  0.0219  0.0222  0.0218  0.0218
  0.0219  0.0218  0.0218  0.0220  0.0218  0.0225  0.0218  0.0222  0.0217  0.0219  0.0217  0.0217
  0.0217  0.0217  0.0217  0.0217  0.0216  0.0220  0.0216  0.0217  0.0216  0.0216  0.0216  0.0216
  0.0216  0.0216  0.0216  0.0216  0.0216  0.0216  0.0215  0.0215  0.0215  0.0215  0.0215  0.0215
  0.0217  0.0217  0.0216  0.0216  0.0216  0.0216  0.0216  0.0216  0.0216  0.0216  0.0216  0.0216
  0.0219  0.0218  0.0218  0.0219  0.0218  0.0220  0.0218  0.0221  0.0217  0.0218  0.0217  0.0217
  0.0224  0.0221  0.0220  0.0224  0.0221  0.0229  0.0221  0.0229  0.0219  0.0222  0.0219  0.0218
niter,ni,del,rscale     1    3    5.0000    0.4000
parameters
    3.7681   -5.6802   25.0706  -16.2080  -17.1010  -13.3105
    7.9211   24.0208  -11.4138   10.7388  -21.7800  -16.4675
eta,q 0.97849 11.94705
  0.0221  0.0219  0.0219  0.0221  0.0218  0.0226  0.0219  0.0224  0.0217  0.0219  0.0217  0.0217
  0.0218  0.0217  0.0217  0.0218  0.0217  0.0222  0.0217  0.0219  0.0216  0.0217  0.0216  0.0216
  0.0216  0.0216  0.0216  0.0216  0.0216  0.0218  0.0215  0.0216  0.0215  0.0216  0.0215  0.0215
  0.0215  0.0215  0.0215  0.0215  0.0215  0.0215  0.0215  0.0215  0.0215  0.0215  0.0215  0.0215
  0.0216  0.0216  0.0216  0.0216  0.0216  0.0215  0.0215  0.0216  0.0215  0.0216  0.0215  0.0215
  0.0218  0.0217  0.0216  0.0217  0.0217  0.0218  0.0217  0.0219  0.0216  0.0217  0.0216  0.0216
  0.0220  0.0219  0.0218  0.0221  0.0218  0.0224  0.0219  0.0224  0.0217  0.0219  0.0217  0.0217
registration optimization eta report
parameter search radius
    0.8000    0.8000    0.8000    2.4000    2.4000    2.7600
    2.4000    2.4000    2.4000    2.4000    2.4000    2.4000
100000*second partial in parameter space
       81.       54.       44.       10.        5.       13.
        6.       15.        4.        7.        4.        3.
  0.0221  0.0219  0.0219  0.0221  0.0218  0.0226  0.0219  0.0224  0.0217  0.0219  0.0217  0.0217
  0.0218  0.0217  0.0217  0.0218  0.0217  0.0222  0.0217  0.0219  0.0216  0.0217  0.0216  0.0216
  0.0216  0.0216  0.0216  0.0216  0.0216  0.0218  0.0215  0.0216  0.0215  0.0216  0.0215  0.0215
  0.0215  0.0215  0.0215  0.0215  0.0215  0.0215  0.0215  0.0215  0.0215  0.0215  0.0215  0.0215
  0.0216  0.0216  0.0216  0.0216  0.0216  0.0215  0.0215  0.0216  0.0215  0.0216  0.0215  0.0215
  0.0218  0.0217  0.0216  0.0217  0.0217  0.0218  0.0217  0.0219  0.0216  0.0217  0.0216  0.0216
  0.0220  0.0219  0.0218  0.0221  0.0218  0.0224  0.0219  0.0224  0.0217  0.0219  0.0217  0.0217
    3.7681   -5.6802   25.0706  -16.2080  -17.1010  -13.3105
    7.9211   24.0208  -11.4138   10.7388  -21.7800  -16.4675
eta,q 0.97849 11.94705

---------------------------------------------------------------------
imgreg_4dfp /opt/freesurfer/average/711-2C_as_mni_average_305 /opt/freesurfer/average/711-2B_as_mni_average_305_mask talsrcimg_g11 none talsrcimg_to_711-2C_as_mni_average_305_t4 2311
---------------------------------------------------------------------

freesurfer imgreg_4dfp.c
/opt/freesurfer/average/711-2C_as_mni_average_305.4dfp.img
       256       256       256         1
  1.000000  1.000000  1.000000
orientation T byte_order littleendian
Reading image: /opt/freesurfer/average/711-2C_as_mni_average_305.4dfp.img
dimensions:      256       256       256
mmppix:       1.0000   -1.0000   -1.0000
center:     128.0000 -129.0000 -129.0000
/opt/freesurfer/average/711-2B_as_mni_average_305_mask.4dfp.img
       256       256       256         1
  1.000000  1.000000  1.000000
orientation T byte_order littleendian
Reading mask: /opt/freesurfer/average/711-2B_as_mni_average_305_mask.4dfp.img (2306576 pixels)
talsrcimg_g11.4dfp.img
       256       256       256         1
  1.000000  1.000000  1.000000
orientation T byte_order littleendian
Reading image: talsrcimg_g11.4dfp.img
dimensions:      256       256       256
mmppix:       1.0000   -1.0000   -1.0000
center:     128.0000 -129.0000 -129.0000
fimgreg.f
image alignment mode   2311 decimal      907 hex
parameters
    3.7681   -5.6802   25.0706  -16.2080  -17.1010  -13.3105
    7.9211   24.0208  -11.4138   10.7388  -21.7800  -16.4675
eta,q 0.97849 11.94706
niter,ni,del,rscale     5    3    5.0000    0.8000
parameters
    3.7924   -5.6679   25.1536  -16.6928  -17.2046  -13.7594
    8.0150   23.9592  -11.5026   10.6195  -21.8205  -16.2997
eta,q 0.97836 11.91487
  0.0236  0.0229  0.0228  0.0231  0.0228  0.0236  0.0231  0.0244  0.0225  0.0231  0.0224  0.0224
  0.0225  0.0221  0.0221  0.0223  0.0221  0.0228  0.0223  0.0230  0.0220  0.0223  0.0219  0.0220
  0.0217  0.0217  0.0217  0.0218  0.0217  0.0221  0.0218  0.0221  0.0217  0.0218  0.0217  0.0217
  0.0215  0.0215  0.0215  0.0215  0.0215  0.0215  0.0216  0.0216  0.0216  0.0216  0.0216  0.0216
  0.0217  0.0217  0.0216  0.0218  0.0217  0.0218  0.0218  0.0219  0.0217  0.0218  0.0217  0.0217
  0.0224  0.0221  0.0220  0.0227  0.0221  0.0229  0.0222  0.0229  0.0221  0.0224  0.0220  0.0219
  0.0235  0.0228  0.0225  0.0242  0.0229  0.0253  0.0230  0.0247  0.0226  0.0233  0.0224  0.0223
niter,ni,del,rscale     4    3    5.0000    0.7000
parameters
    3.7922   -5.6674   25.0152  -16.5288  -17.1060  -13.7151
    7.9864   23.9793  -11.4538   10.6490  -21.7887  -16.3779
eta,q 0.97840 11.92423
  0.0231  0.0227  0.0223  0.0231  0.0226  0.0234  0.0227  0.0239  0.0223  0.0228  0.0222  0.0221
  0.0223  0.0221  0.0219  0.0225  0.0221  0.0228  0.0221  0.0227  0.0219  0.0222  0.0218  0.0218
  0.0218  0.0218  0.0217  0.0219  0.0217  0.0221  0.0217  0.0220  0.0217  0.0218  0.0217  0.0216
  0.0216  0.0216  0.0216  0.0216  0.0216  0.0216  0.0216  0.0216  0.0216  0.0216  0.0216  0.0216
  0.0218  0.0218  0.0218  0.0216  0.0217  0.0216  0.0217  0.0218  0.0217  0.0217  0.0217  0.0217
  0.0223  0.0221  0.0221  0.0221  0.0220  0.0223  0.0221  0.0226  0.0219  0.0221  0.0218  0.0219
  0.0231  0.0227  0.0226  0.0231  0.0225  0.0238  0.0227  0.0240  0.0223  0.0228  0.0221  0.0222
niter,ni,del,rscale     3    3    5.0000    0.6000
parameters
    3.7741   -5.6770   25.0175  -16.4020  -17.0884  -13.5339
    7.9571   23.9817  -11.4388   10.6831  -21.7867  -16.4253
eta,q 0.97845 11.93451
  0.0227  0.0223  0.0222  0.0227  0.0223  0.0231  0.0224  0.0233  0.0221  0.0225  0.0220  0.0219
  0.0221  0.0219  0.0219  0.0222  0.0219  0.0225  0.0219  0.0224  0.0218  0.0220  0.0217  0.0217
  0.0217  0.0217  0.0217  0.0218  0.0217  0.0220  0.0216  0.0218  0.0216  0.0217  0.0216  0.0216
  0.0216  0.0216  0.0216  0.0216  0.0216  0.0216  0.0215  0.0215  0.0216  0.0216  0.0216  0.0216
  0.0217  0.0217  0.0217  0.0216  0.0217  0.0216  0.0216  0.0217  0.0216  0.0216  0.0216  0.0216
  0.0221  0.0219  0.0219  0.0220  0.0219  0.0221  0.0219  0.0223  0.0218  0.0219  0.0217  0.0217
  0.0227  0.0224  0.0222  0.0227  0.0223  0.0231  0.0224  0.0234  0.0221  0.0225  0.0220  0.0220
niter,ni,del,rscale     2    3    5.0000    0.5000
parameters
    3.7748   -5.6827   25.0666  -16.3125  -17.0977  -13.3477
    7.9402   23.9968  -11.4448   10.6991  -21.7845  -16.4332
eta,q 0.97848 11.94271
  0.0223  0.0221  0.0220  0.0224  0.0220  0.0227  0.0221  0.0228  0.0219  0.0222  0.0218  0.0218
  0.0219  0.0218  0.0218  0.0220  0.0218  0.0223  0.0218  0.0221  0.0217  0.0218  0.0217  0.0216
  0.0216  0.0216  0.0216  0.0217  0.0216  0.0218  0.0216  0.0217  0.0216  0.0216  0.0216  0.0215
  0.0215  0.0215  0.0215  0.0216  0.0215  0.0215  0.0215  0.0215  0.0215  0.0215  0.0215  0.0215
  0.0216  0.0216  0.0216  0.0216  0.0216  0.0216  0.0216  0.0216  0.0216  0.0216  0.0216  0.0216
  0.0219  0.0218  0.0217  0.0218  0.0218  0.0219  0.0218  0.0221  0.0217  0.0218  0.0217  0.0216
  0.0223  0.0221  0.0219  0.0224  0.0220  0.0226  0.0221  0.0228  0.0219  0.0222  0.0218  0.0218
niter,ni,del,rscale     1    3    5.0000    0.4000
parameters
    3.7832   -5.6857   25.1286  -16.2406  -17.1138  -13.1813
    7.9396   24.0152  -11.4212   10.7074  -21.7994  -16.4303
eta,q 0.97850 11.94916
  0.0220  0.0219  0.0219  0.0221  0.0218  0.0224  0.0219  0.0223  0.0217  0.0219  0.0217  0.0217
  0.0218  0.0217  0.0217  0.0218  0.0216  0.0220  0.0217  0.0219  0.0216  0.0217  0.0216  0.0216
  0.0216  0.0215  0.0216  0.0216  0.0215  0.0217  0.0215  0.0216  0.0215  0.0216  0.0215  0.0215
  0.0215  0.0215  0.0215  0.0215  0.0215  0.0215  0.0215  0.0215  0.0215  0.0215  0.0215  0.0215
  0.0216  0.0216  0.0215  0.0215  0.0215  0.0215  0.0215  0.0216  0.0215  0.0215  0.0215  0.0215
  0.0217  0.0217  0.0216  0.0217  0.0216  0.0218  0.0217  0.0219  0.0216  0.0217  0.0216  0.0216
  0.0220  0.0219  0.0218  0.0221  0.0218  0.0223  0.0219  0.0224  0.0217  0.0219  0.0217  0.0217
registration optimization eta report
parameter search radius
    0.8000    0.8000    0.8000    2.4000    2.4000    2.4000
    2.4000    2.4000    2.4000    2.4000    2.4000    2.4000
100000*second partial in parameter space
       81.       53.       45.        9.        5.       14.
        6.       15.        4.        8.        4.        3.
  0.0220  0.0219  0.0219  0.0221  0.0218  0.0224  0.0219  0.0223  0.0217  0.0219  0.0217  0.0217
  0.0218  0.0217  0.0217  0.0218  0.0216  0.0220  0.0217  0.0219  0.0216  0.0217  0.0216  0.0216
  0.0216  0.0215  0.0216  0.0216  0.0215  0.0217  0.0215  0.0216  0.0215  0.0216  0.0215  0.0215
  0.0215  0.0215  0.0215  0.0215  0.0215  0.0215  0.0215  0.0215  0.0215  0.0215  0.0215  0.0215
  0.0216  0.0216  0.0215  0.0215  0.0215  0.0215  0.0215  0.0216  0.0215  0.0215  0.0215  0.0215
  0.0217  0.0217  0.0216  0.0217  0.0216  0.0218  0.0217  0.0219  0.0216  0.0217  0.0216  0.0216
  0.0220  0.0219  0.0218  0.0221  0.0218  0.0223  0.0219  0.0224  0.0217  0.0219  0.0217  0.0217
    3.7832   -5.6857   25.1286  -16.2406  -17.1138  -13.1813
    7.9396   24.0152  -11.4212   10.7074  -21.7994  -16.4303
eta,q 0.97850 11.94916

---------------------------------------------------------------------
compute_vox2vox talsrcimg talsrcimg_to_711-2C_as_mni_average_305_t4 /opt/freesurfer/average/711-2C_as_mni_average_305
---------------------------------------------------------------------

freesurfer compute_vox2vox.c
Reading: talsrcimg.4dfp.ifh
Reading: talsrcimg_to_711-2C_as_mni_average_305_t4
Reading: /opt/freesurfer/average/711-2C_as_mni_average_305.4dfp.ifh
Writing: talsrcimg_to_711-2C_as_mni_average_305_t4_vox2vox.txt

start time Mon Mar 9 03:51:03 CET 2026
end		time Mon Mar 9 03:52:31 CET 2026

mpr2mni305 success

avi2talxfm orig_nu.mgz /opt/freesurfer/average/mni305.cor.mgz talsrcimg_to_711-2C_as_mni_average_305_t4_vox2vox.txt transforms/talairach.auto.xfm
avi2talxfm done
mv -f /out/sourcedata/freesurfer/sub-v1s18x0051208_ses-1/mri/talsrcimg_to_711-2C_as_mni_average_305_t4_vox2vox.txt /out/sourcedata/freesurfer/sub-v1s18x0051208_ses-1/mri/transforms/talsrcimg_to_711-2C_as_mni_average_305_t4_vox2vox.txt
lta_convert --src orig_nu.mgz --trg /opt/freesurfer/average/mni305.cor.mgz --inxfm transforms/talairach.auto.xfm --outlta transforms/talairach.auto.xfm.lta --subject fsaverage
7.3.2

--src: orig_nu.mgz src image (geometry).
--trg: /opt/freesurfer/average/mni305.cor.mgz trg image (geometry).
--inmni: transforms/talairach.auto.xfm input MNI/XFM transform.
--outlta: transforms/talairach.auto.xfm.lta output LTA.
--s: fsaverage subject name
 LTA read, type : 1
 1.09802  -0.28382  -0.16144  -0.37444;
 0.29707   1.04755   0.17920  -6.27702;
 0.11292  -0.17443   1.16108   20.98367;
 0.00000   0.00000   0.00000   1.00000;
setting subject to fsaverage
Writing  LTA to file transforms/talairach.auto.xfm.lta...
lta_convert successful.
 
 
Started at Mon Mar 9 03:51:02 CET 2026
Ended   at Mon Mar  9 03:52:31 CET 2026
talairach_avi done
