status file for recon-all
Mon Mar  9 03:47:00 CET 2026
#@# MotionCor Mon Mar  9 03:47:01 CET 2026
#@# Talairach Mon Mar  9 03:47:09 CET 2026
#@# Talairach Failure Detection Mon Mar  9 03:51:34 CET 2026
#@# Nu Intensity Correction Mon Mar  9 03:51:34 CET 2026
#@# Intensity Normalization Mon Mar  9 03:54:48 CET 2026
recon-all -s sub-v1s18x0051207_ses-1 finished without error at Mon Mar  9 03:56:15 CET 2026



#New# invocation of recon-all 



status file for recon-all
Mon Mar  9 04:02:52 CET 2026
#@# EM Registration Mon Mar  9 04:02:52 CET 2026
recon-all -s sub-v1s18x0051207_ses-1 finished without error at Mon Mar  9 04:04:34 CET 2026



#New# invocation of recon-all 



status file for recon-all
Mon Mar  9 04:04:38 CET 2026
#@# CA Normalize Mon Mar  9 04:04:38 CET 2026
#@# CA Reg Mon Mar  9 04:05:59 CET 2026
#@# SubCort Seg Mon Mar  9 04:45:43 CET 2026
#@# CC Seg Mon Mar  9 05:11:53 CET 2026
#@# Merge ASeg Mon Mar  9 05:12:32 CET 2026
#@# Intensity Normalization2 Mon Mar  9 05:12:32 CET 2026
#@# Mask BFS Mon Mar  9 05:14:40 CET 2026
#@# WM Segmentation Mon Mar  9 05:14:41 CET 2026
#@# Fill Mon Mar  9 05:16:29 CET 2026
recon-all -s sub-v1s18x0051207_ses-1 finished without error at Mon Mar  9 05:17:27 CET 2026



#New# invocation of recon-all 



status file for recon-all
Mon Mar  9 05:51:31 CET 2026
#@# white curv lh Mon Mar  9 05:51:31 CET 2026
#@# white area lh Mon Mar  9 05:51:31 CET 2026
#@# pial curv lh Mon Mar  9 05:51:31 CET 2026
#@# pial area lh Mon Mar  9 05:51:31 CET 2026
#@# thickness lh Mon Mar  9 05:51:31 CET 2026
#@# area and vertex vol lh Mon Mar  9 05:51:31 CET 2026
#@# white curv rh Mon Mar  9 05:51:31 CET 2026
#@# white area rh Mon Mar  9 05:51:31 CET 2026
#@# pial curv rh Mon Mar  9 05:51:31 CET 2026
#@# pial area rh Mon Mar  9 05:51:31 CET 2026
#@# thickness rh Mon Mar  9 05:51:31 CET 2026
#@# area and vertex vol rh Mon Mar  9 05:51:31 CET 2026
#@# Cortical ribbon mask Mon Mar  9 05:51:31 CET 2026
recon-all -s sub-v1s18x0051207_ses-1 finished without error at Mon Mar  9 05:56:36 CET 2026



#New# invocation of recon-all 



status file for recon-all
Mon Mar  9 06:02:01 CET 2026
#@# white curv lh Mon Mar  9 06:02:01 CET 2026
#@# white area lh Mon Mar  9 06:02:01 CET 2026
#@# pial curv lh Mon Mar  9 06:02:01 CET 2026
#@# pial area lh Mon Mar  9 06:02:01 CET 2026
#@# thickness lh Mon Mar  9 06:02:01 CET 2026
#@# area and vertex vol lh Mon Mar  9 06:02:01 CET 2026
#@# white curv rh Mon Mar  9 06:02:01 CET 2026
#@# white area rh Mon Mar  9 06:02:01 CET 2026
#@# pial curv rh Mon Mar  9 06:02:01 CET 2026
#@# pial area rh Mon Mar  9 06:02:01 CET 2026
#@# thickness rh Mon Mar  9 06:02:01 CET 2026
#@# area and vertex vol rh Mon Mar  9 06:02:01 CET 2026
#@# Curvature Stats lh Mon Mar  9 06:02:02 CET 2026
#@# Curvature Stats rh Mon Mar  9 06:02:03 CET 2026
#@# Relabel Hypointensities Mon Mar  9 06:02:05 CET 2026
#@# APas-to-ASeg Mon Mar  9 06:02:19 CET 2026
#@# AParc-to-ASeg aparc Mon Mar  9 06:02:25 CET 2026
#@# AParc-to-ASeg aparc.a2009s Mon Mar  9 06:02:48 CET 2026
#@# AParc-to-ASeg aparc.DKTatlas Mon Mar  9 06:03:11 CET 2026
#@# WMParc Mon Mar  9 06:03:35 CET 2026
#@# ASeg Stats Mon Mar  9 06:07:02 CET 2026
recon-all -s sub-v1s18x0051207_ses-1 finished without error at Mon Mar  9 06:07:33 CET 2026
