status file for recon-all
Mon Mar  9 05:17:31 CET 2026
#@# Tessellate lh Mon Mar  9 05:17:31 CET 2026
#@# Smooth1 lh Mon Mar  9 05:17:34 CET 2026
#@# Inflation1 lh Mon Mar  9 05:17:36 CET 2026
#@# QSphere lh Mon Mar  9 05:17:45 CET 2026
#@# Fix Topology lh Mon Mar  9 05:18:38 CET 2026
#@# Smooth2 lh Mon Mar  9 05:23:02 CET 2026
#@# Inflation2 lh Mon Mar  9 05:23:05 CET 2026
#@# Curv .H and .K lh Mon Mar  9 05:23:14 CET 2026
#@# Sphere lh Mon Mar  9 05:23:55 CET 2026
#@# Surf Reg lh Mon Mar  9 05:26:11 CET 2026
#@# Jacobian white lh Mon Mar  9 05:28:53 CET 2026
#@# AvgCurv lh Mon Mar  9 05:28:53 CET 2026
#@# Cortical Parc lh Mon Mar  9 05:28:54 CET 2026
#@# white curv lh Mon Mar  9 05:34:20 CET 2026
#@# white area lh Mon Mar  9 05:34:21 CET 2026
#@# pial curv lh Mon Mar  9 05:34:22 CET 2026
#@# pial area lh Mon Mar  9 05:34:23 CET 2026
#@# thickness lh Mon Mar  9 05:34:24 CET 2026
#@# area and vertex vol lh Mon Mar  9 05:34:49 CET 2026
#@# Curvature Stats lh Mon Mar  9 05:34:50 CET 2026
#@# Cortical Parc 2 lh Mon Mar  9 05:34:52 CET 2026
#@# Cortical Parc 3 lh Mon Mar  9 05:35:03 CET 2026
#@# WM/GM Contrast lh Mon Mar  9 05:35:12 CET 2026
recon-all -s sub-v1s18x0051207_ses-1 finished without error at Mon Mar  9 05:35:15 CET 2026



#New# invocation of recon-all 



status file for recon-all
Mon Mar  9 05:56:39 CET 2026
#@# white curv lh Mon Mar  9 05:56:39 CET 2026
#@# white area lh Mon Mar  9 05:56:39 CET 2026
#@# pial curv lh Mon Mar  9 05:56:39 CET 2026
#@# pial area lh Mon Mar  9 05:56:39 CET 2026
#@# thickness lh Mon Mar  9 05:56:39 CET 2026
#@# area and vertex vol lh Mon Mar  9 05:56:39 CET 2026
#@# Parcellation Stats lh Mon Mar  9 05:56:39 CET 2026
#@# Parcellation Stats 2 lh Mon Mar  9 05:56:54 CET 2026
#@# Parcellation Stats 3 lh Mon Mar  9 05:57:02 CET 2026
#@# BA_exvivo Labels lh Mon Mar  9 05:57:09 CET 2026
recon-all -s sub-v1s18x0051207_ses-1 finished without error at Mon Mar  9 05:59:17 CET 2026
