status file for recon-all
Mon Mar  9 08:15:30 CET 2026
#@# Tessellate rh Mon Mar  9 08:15:30 CET 2026
#@# Smooth1 rh Mon Mar  9 08:15:32 CET 2026
#@# Inflation1 rh Mon Mar  9 08:15:35 CET 2026
#@# QSphere rh Mon Mar  9 08:15:50 CET 2026
#@# Fix Topology rh Mon Mar  9 08:17:30 CET 2026
#@# Smooth2 rh Mon Mar  9 08:25:15 CET 2026
#@# Inflation2 rh Mon Mar  9 08:25:17 CET 2026
#@# Curv .H and .K rh Mon Mar  9 08:25:34 CET 2026
#@# Sphere rh Mon Mar  9 08:26:16 CET 2026
#@# Surf Reg rh Mon Mar  9 08:29:10 CET 2026
#@# Jacobian white rh Mon Mar  9 08:34:19 CET 2026
#@# AvgCurv rh Mon Mar  9 08:34:20 CET 2026
#@# Cortical Parc rh Mon Mar  9 08:34:20 CET 2026
#@# white curv rh Mon Mar  9 08:41:10 CET 2026
#@# white area rh Mon Mar  9 08:41:12 CET 2026
#@# pial curv rh Mon Mar  9 08:41:13 CET 2026
#@# pial area rh Mon Mar  9 08:41:14 CET 2026
#@# thickness rh Mon Mar  9 08:41:15 CET 2026
#@# area and vertex vol rh Mon Mar  9 08:41:37 CET 2026
#@# Curvature Stats rh Mon Mar  9 08:41:38 CET 2026
#@# Cortical Parc 2 rh Mon Mar  9 08:41:40 CET 2026
#@# Cortical Parc 3 rh Mon Mar  9 08:41:51 CET 2026
#@# WM/GM Contrast rh Mon Mar  9 08:41:59 CET 2026
recon-all -s sub-v1s18x0051239_ses-1 finished without error at Mon Mar  9 08:42:02 CET 2026



#New# invocation of recon-all 



status file for recon-all
Mon Mar  9 08:49:18 CET 2026
#@# white curv rh Mon Mar  9 08:49:18 CET 2026
#@# white area rh Mon Mar  9 08:49:18 CET 2026
#@# pial curv rh Mon Mar  9 08:49:18 CET 2026
#@# pial area rh Mon Mar  9 08:49:18 CET 2026
#@# thickness rh Mon Mar  9 08:49:18 CET 2026
#@# area and vertex vol rh Mon Mar  9 08:49:18 CET 2026
#@# Parcellation Stats rh Mon Mar  9 08:49:18 CET 2026
#@# Parcellation Stats 2 rh Mon Mar  9 08:49:36 CET 2026
#@# Parcellation Stats 3 rh Mon Mar  9 08:49:46 CET 2026
#@# BA_exvivo Labels rh Mon Mar  9 08:49:55 CET 2026
recon-all -s sub-v1s18x0051239_ses-1 finished without error at Mon Mar  9 08:52:11 CET 2026
