/out/sourcedata/freesurfer/sub-v1s18x0051219_ses-1/mri
/opt/freesurfer/bin/talairach_avi
--i orig_nu.mgz --xfm transforms/talairach.auto.xfm
talairach_avi 7.3.2
Linux dna078 5.14.0-427.37.1.el9_4.x86_64 #1 SMP PREEMPT_DYNAMIC Fri Sep 13 12:41:50 EDT 2024 x86_64 x86_64 x86_64 GNU/Linux
Mon Mar  9 04:13:18 CET 2026
mri_convert orig_nu.mgz talsrcimg.img 
reading from orig_nu.mgz...
TR=0.00, TE=0.00, TI=0.00, flip angle=0.00
i_ras = (-1, 0, 0)
j_ras = (0, 0, -1)
k_ras = (0, 1, 0)
writing to talsrcimg.img...
Analyze Output Matrix
-1.00000   0.00000   0.00000   133.92859;
 0.00000   0.00000   1.00000  -121.40759;
 0.00000  -1.00000   0.00000   126.97336;
 0.00000   0.00000   0.00000   1.00000;
--------------------
INFO: set hdr.hist.orient to -1
mpr2mni305 talsrcimg
Mon Mar  9 04:13:19 CET 2026
/opt/freesurfer/bin/mpr2mni305 talsrcimg
mpr2mni305 7.3.2
target=711-2C_as_mni_average_305

---------------------------------------------------------------------
analyzeto4dfp talsrcimg -O0 -y
---------------------------------------------------------------------

freesurfer ifh2hdr.c
Mon Mar  9 04:13:19 2026
Writing: talsrcimg.4dfp.hdr
freesurfer analyzeto4dfp.c
Reading: talsrcimg.hdr
header size 348 bytes
hdr.dime.datatype	offset=70	value=2
hdr.dime.bitpix		offset=72	value=8
hdr.hist.orient		offset=252	value=-1
dimensionality     4
dimensions       256       256       256         1
Reading: talsrcimg.img
Writing: talsrcimg.4dfp.img
Writing: talsrcimg.4dfp.ifh
ifh2hdr talsrcimg -r0to208
ori=2

---------------------------------------------------------------------
gauss_4dfp talsrcimg 1.1
---------------------------------------------------------------------

freesurfer gauss_4dfp.c
Reading: talsrcimg.4dfp.img
Writing: talsrcimg_g11.4dfp.img
image dimensions 256 256 256 padded to 288 288 288
processing volume 1freesurfer ifh2hdr.c
Mon Mar  9 04:13:20 2026
Writing: talsrcimg_g11.4dfp.hdr

Writing: talsrcimg_g11.4dfp.ifh
including: talsrcimg.4dfp.img.rec in talsrcimg_g11.4dfp.img.rec

---------------------------------------------------------------------
imgreg_4dfp /opt/freesurfer/average/711-2C_as_mni_average_305 none talsrcimg_g11 none talsrcimg_to_711-2C_as_mni_average_305_t4 4355
---------------------------------------------------------------------

freesurfer imgreg_4dfp.c
/opt/freesurfer/average/711-2C_as_mni_average_305.4dfp.img
       256       256       256         1
  1.000000  1.000000  1.000000
orientation T byte_order littleendian
Reading image: /opt/freesurfer/average/711-2C_as_mni_average_305.4dfp.img
dimensions:      256       256       256
mmppix:       1.0000   -1.0000   -1.0000
center:     128.0000 -129.0000 -129.0000
talsrcimg_g11.4dfp.img
       256       256       256         1
  1.000000  1.000000  1.000000
orientation T byte_order littleendian
Reading image: talsrcimg_g11.4dfp.img
dimensions:      256       256       256
mmppix:       1.0000   -1.0000   -1.0000
center:     128.0000 -129.0000 -129.0000
t4_read: open error in t4_sub.f l:  41 t4_file(1:l)talsrcimg_to_711-2C_as_mni_average_305_t4 
t4_read: transform initialized to I4
rotation matrix determinant  1.000000
image alignment mode   4355 decimal     1103 hex
   -7.5000  -45.0000  -45.0000 9289.6523   20.6014
    0.0000  -45.0000  -45.0000 9658.6260   20.5572
    7.5000  -45.0000  -45.0000 9210.7686   20.5352
   -7.5000  -37.5000  -45.0000 9557.5820   20.5920
    0.0000  -37.5000  -45.0000 9950.8623   20.5433
    7.5000  -37.5000  -45.0000 9464.5840   20.5186
   -7.5000  -30.0000  -45.000010185.6270   20.5791
    0.0000  -30.0000  -45.000010598.1514   20.5236
    7.5000  -30.0000  -45.000010078.3984   20.4940
   -7.5000  -22.5000  -45.000010767.8779   20.5784
    0.0000  -22.5000  -45.000011161.4961   20.5217
    7.5000  -22.5000  -45.000010627.5205   20.4893
   -7.5000  -15.0000  -45.000011177.2617   20.5876
    0.0000  -15.0000  -45.000011576.3750   20.5348
    7.5000  -15.0000  -45.000011005.1562   20.5039
   -7.5000   -7.5000  -45.000011581.9629   20.5976
    0.0000   -7.5000  -45.000011968.1348   20.5507
    7.5000   -7.5000  -45.000011341.4980   20.5252
   -7.5000    0.0000  -45.000011689.3008   20.6014
    0.0000    0.0000  -45.000012051.9902   20.5572
    7.5000    0.0000  -45.000011428.5273   20.5352
   -7.5000    7.5000  -45.000010806.9414   20.5920
    0.0000    7.5000  -45.000011133.0605   20.5433
    7.5000    7.5000  -45.000010535.2988   20.5186
   -7.5000   15.0000  -45.0000 9892.4863   20.5791
    0.0000   15.0000  -45.000010209.5342   20.5236
    7.5000   15.0000  -45.0000 9662.3691   20.4940
   -7.5000   22.5000  -45.0000 9003.3945   20.5759
    0.0000   22.5000  -45.0000 9271.4336   20.5192
    7.5000   22.5000  -45.0000 8754.6035   20.4868
   -7.5000   30.0000  -45.0000 8093.1250   20.3355
    0.0000   30.0000  -45.0000 8303.3623   20.2836
    7.5000   30.0000  -45.0000 7848.0352   20.2535
   -7.5000   37.5000  -45.0000 7458.3789   20.5688
    0.0000   37.5000  -45.0000 7658.1519   20.5218
    7.5000   37.5000  -45.0000 7225.1426   20.4968
   -7.5000   45.0000  -45.0000 6596.6719   20.5196
    0.0000   45.0000  -45.0000 6787.1113   20.4770
    7.5000   45.0000  -45.0000 6377.6704   20.4555
   -7.5000  -45.0000  -37.5000 9862.8232   20.4680
    0.0000  -45.0000  -37.500010224.6006   20.4238
    7.5000  -45.0000  -37.5000 9742.3467   20.4040
   -7.5000  -37.5000  -37.500010137.4326   20.4628
    0.0000  -37.5000  -37.500010519.7266   20.4144
    7.5000  -37.5000  -37.5000 9998.3779   20.3867
   -7.5000  -30.0000  -37.500010784.6572   20.4435
    0.0000  -30.0000  -37.500011180.3984   20.3922
    7.5000  -30.0000  -37.500010647.3838   20.3623
   -7.5000  -22.5000  -37.500011362.3008   20.4297
    0.0000  -22.5000  -37.500011770.6367   20.3809
    7.5000  -22.5000  -37.500011226.8301   20.3571
   -7.5000  -15.0000  -37.500011765.1914   20.4329
    0.0000  -15.0000  -37.500012198.8223   20.3881
    7.5000  -15.0000  -37.500011594.3428   20.3708
   -7.5000   -7.5000  -37.500012182.1787   20.4520
    0.0000   -7.5000  -37.500012625.6016   20.4088
    7.5000   -7.5000  -37.500011956.8975   20.3933
   -7.5000    0.0000  -37.500012330.1836   20.4680
    0.0000    0.0000  -37.500012736.6621   20.4238
    7.5000    0.0000  -37.500012029.7842   20.4040
   -7.5000    7.5000  -37.500011364.8877   20.4628
    0.0000    7.5000  -37.500011718.4209   20.4144
    7.5000    7.5000  -37.500011065.7529   20.3867
   -7.5000   15.0000  -37.500010344.5771   20.4435
    0.0000   15.0000  -37.500010670.0400   20.3922
    7.5000   15.0000  -37.500010094.1543   20.3623
   -7.5000   22.5000  -37.5000 9412.1670   20.4273
    0.0000   22.5000  -37.5000 9686.5176   20.3785
    7.5000   22.5000  -37.5000 9158.5752   20.3547
   -7.5000   30.0000  -37.5000 8436.8389   20.1822
    0.0000   30.0000  -37.5000 8661.5156   20.1382
    7.5000   30.0000  -37.5000 8183.4897   20.1215
   -7.5000   37.5000  -37.5000 7777.1333   20.4229
    0.0000   37.5000  -37.5000 7974.0381   20.3796
    7.5000   37.5000  -37.5000 7520.4087   20.3649
   -7.5000   45.0000  -37.5000 6888.1177   20.3812
    0.0000   45.0000  -37.5000 7070.7505   20.3382
    7.5000   45.0000  -37.5000 6654.9917   20.3201
   -7.5000  -45.0000  -30.000010660.3672   21.3609
    0.0000  -45.0000  -30.000011041.4395   21.3157
    7.5000  -45.0000  -30.000010496.6719   21.2960
   -7.5000  -37.5000  -30.000010955.1455   21.3725
    0.0000  -37.5000  -30.000011353.3291   21.3245
    7.5000  -37.5000  -30.000010781.1582   21.2898
   -7.5000  -30.0000  -30.000011635.2744   21.3616
    0.0000  -30.0000  -30.000012033.1318   21.3155
    7.5000  -30.0000  -30.000011454.3203   21.2790
   -7.5000  -22.5000  -30.000012229.8701   21.3370
    0.0000  -22.5000  -30.000012673.1924   21.2970
    7.5000  -22.5000  -30.000012062.2598   21.2747
   -7.5000  -15.0000  -30.000012656.1475   21.3234
    0.0000  -15.0000  -30.000013119.8652   21.2866
    7.5000  -15.0000  -30.000012432.6279   21.2772
   -7.5000   -7.5000  -30.000013074.3779   21.3364
    0.0000   -7.5000  -30.000013551.1641   21.2963
    7.5000   -7.5000  -30.000012790.9805   21.2876
   -7.5000    0.0000  -30.000013183.1104   21.3609
    0.0000    0.0000  -30.000013650.7646   21.3157
    7.5000    0.0000  -30.000012884.2578   21.2960
   -7.5000    7.5000  -30.000012135.8428   21.3725
    0.0000    7.5000  -30.000012536.2412   21.3245
    7.5000    7.5000  -30.000011841.2744   21.2898
   -7.5000   15.0000  -30.000011027.1348   21.3616
    0.0000   15.0000  -30.000011387.5264   21.3155
    7.5000   15.0000  -30.000010779.7881   21.2790
   -7.5000   22.5000  -30.0000 9995.7158   21.3323
    0.0000   22.5000  -30.000010290.9297   21.2924
    7.5000   22.5000  -30.0000 9745.5537   21.2701
   -7.5000   30.0000  -30.0000 8958.3818   21.0642
    0.0000   30.0000  -30.0000 9194.1562   21.0281
    7.5000   30.0000  -30.0000 8709.2432   21.0192
   -7.5000   37.5000  -30.0000 8258.1436   21.3077
    0.0000   37.5000  -30.0000 8468.1650   21.2674
    7.5000   37.5000  -30.0000 8003.1777   21.2597
   -7.5000   45.0000  -30.0000 7310.8877   21.2883
    0.0000   45.0000  -30.0000 7492.9194   21.2430
    7.5000   45.0000  -30.0000 7068.3237   21.2253
   -7.5000  -45.0000  -22.500011460.1133   22.1105
    0.0000  -45.0000  -22.500011880.1270   22.0673
    7.5000  -45.0000  -22.500011269.5518   22.0475
   -7.5000  -37.5000  -22.500011776.8477   22.1341
    0.0000  -37.5000  -22.500012208.1426   22.0887
    7.5000  -37.5000  -22.500011584.7754   22.0526
   -7.5000  -30.0000  -22.500012491.0820   22.1412
    0.0000  -30.0000  -22.500012956.2705   22.0984
    7.5000  -30.0000  -22.500012313.9756   22.0564
   -7.5000  -22.5000  -22.500013108.8711   22.1230
    0.0000  -22.5000  -22.500013652.7490   22.0861
    7.5000  -22.5000  -22.500012944.6650   22.0552
   -7.5000  -15.0000  -22.500013514.1328   22.0996
    0.0000  -15.0000  -22.500014071.8145   22.0650
    7.5000  -15.0000  -22.500013318.4014   22.0475
   -7.5000   -7.5000  -22.500013923.6865   22.0942
    0.0000   -7.5000  -22.500014474.0166   22.0559
    7.5000   -7.5000  -22.500013650.2002   22.0437
   -7.5000    0.0000  -22.500014058.2764   22.1105
    0.0000    0.0000  -22.500014592.5879   22.0673
    7.5000    0.0000  -22.500013773.2021   22.0475
   -7.5000    7.5000  -22.500012932.0420   22.1341
    0.0000    7.5000  -22.500013397.6367   22.0887
    7.5000    7.5000  -22.500012663.0342   22.0526
   -7.5000   15.0000  -22.500011738.5068   22.1412
    0.0000   15.0000  -22.500012160.5938   22.0984
    7.5000   15.0000  -22.500011513.2842   22.0564
   -7.5000   22.5000  -22.500010608.7510   22.1166
    0.0000   22.5000  -22.500010981.0820   22.0798
    7.5000   22.5000  -22.500010376.7891   22.0489
   -7.5000   30.0000  -22.5000 9462.0537   21.8353
    0.0000   30.0000  -22.5000 9769.5859   21.8013
    7.5000   30.0000  -22.5000 9244.4600   21.7844
   -7.5000   37.5000  -22.5000 8706.1807   22.0660
    0.0000   37.5000  -22.5000 8971.5479   22.0274
    7.5000   37.5000  -22.5000 8486.5742   22.0162
   -7.5000   45.0000  -22.5000 7699.1445   22.0552
    0.0000   45.0000  -22.5000 7924.1523   22.0108
    7.5000   45.0000  -22.5000 7498.1675   21.9919
   -7.5000  -45.0000  -15.000012220.5518   22.6089
    0.0000  -45.0000  -15.000012724.7959   22.5663
    7.5000  -45.0000  -15.000012064.3115   22.5438
   -7.5000  -37.5000  -15.000012552.3271   22.6289
    0.0000  -37.5000  -15.000013077.3105   22.5832
    7.5000  -37.5000  -15.000012401.3818   22.5496
   -7.5000  -30.0000  -15.000013299.2070   22.6460
    0.0000  -30.0000  -15.000013898.6855   22.5987
    7.5000  -30.0000  -15.000013175.3955   22.5553
   -7.5000  -22.5000  -15.000013977.2793   22.6444
    0.0000  -22.5000  -15.000014637.3604   22.5994
    7.5000  -22.5000  -15.000013856.3711   22.5569
   -7.5000  -15.0000  -15.000014408.4365   22.6270
    0.0000  -15.0000  -15.000015079.1924   22.5844
    7.5000  -15.0000  -15.000014250.4395   22.5502
   -7.5000   -7.5000  -15.000014737.3799   22.6085
    0.0000   -7.5000  -15.000015376.3369   22.5668
    7.5000   -7.5000  -15.000014536.5635   22.5428
   -7.5000    0.0000  -15.000014912.4277   22.6089
    0.0000    0.0000  -15.000015515.6338   22.5663
    7.5000    0.0000  -15.000014699.2705   22.5438
   -7.5000    7.5000  -15.000013737.4883   22.6289
    0.0000    7.5000  -15.000014292.1719   22.5832
    7.5000    7.5000  -15.000013525.6084   22.5496
   -7.5000   15.0000  -15.000012467.3701   22.6460
    0.0000   15.0000  -15.000012964.7510   22.5987
    7.5000   15.0000  -15.000012269.7490   22.5553
   -7.5000   22.5000  -15.000011244.0713   22.6369
    0.0000   22.5000  -15.000011685.0439   22.5919
    7.5000   22.5000  -15.000011029.3008   22.5494
   -7.5000   30.0000  -15.000010016.3379   22.3599
    0.0000   30.0000  -15.000010386.1416   22.3181
    7.5000   30.0000  -15.0000 9801.7979   22.2847
   -7.5000   37.5000  -15.0000 9181.6807   22.5809
    0.0000   37.5000  -15.0000 9507.3955   22.5390
    7.5000   37.5000  -15.0000 8971.0469   22.5158
   -7.5000   45.0000  -15.0000 8125.8447   22.5661
    0.0000   45.0000  -15.0000 8376.8008   22.5225
    7.5000   45.0000  -15.0000 7922.2661   22.4995
   -7.5000  -45.0000   -7.500013055.2422   22.8151
    0.0000  -45.0000   -7.500013635.9844   22.7696
    7.5000  -45.0000   -7.500012880.6270   22.7439
   -7.5000  -37.5000   -7.500013368.9521   22.8183
    0.0000  -37.5000   -7.500013989.3779   22.7684
    7.5000  -37.5000   -7.500013201.6045   22.7384
   -7.5000  -30.0000   -7.500014143.0869   22.8256
    0.0000  -30.0000   -7.500014883.3711   22.7690
    7.5000  -30.0000   -7.500014036.1777   22.7302
   -7.5000  -22.5000   -7.500014880.3389   22.8334
    0.0000  -22.5000   -7.500015696.4141   22.7752
    7.5000  -22.5000   -7.500014807.7529   22.7310
   -7.5000  -15.0000   -7.500015336.9639   22.8326
    0.0000  -15.0000   -7.500016169.6934   22.7779
    7.5000  -15.0000   -7.500015276.2246   22.7359
   -7.5000   -7.5000   -7.500015638.9688   22.8216
    0.0000   -7.5000   -7.500016413.9688   22.7729
    7.5000   -7.5000   -7.500015517.4150   22.7406
   -7.5000    0.0000   -7.500015812.1143   22.8151
    0.0000    0.0000   -7.500016564.5684   22.7696
    7.5000    0.0000   -7.500015663.2559   22.7439
   -7.5000    7.5000   -7.500014599.8340   22.8183
    0.0000    7.5000   -7.500015305.0791   22.7684
    7.5000    7.5000   -7.500014437.0986   22.7384
   -7.5000   15.0000   -7.500013283.7939   22.8256
    0.0000   15.0000   -7.500013908.9971   22.7690
    7.5000   15.0000   -7.500013113.6055   22.7302
   -7.5000   22.5000   -7.500011985.7764   22.8233
    0.0000   22.5000   -7.500012523.2783   22.7651
    7.5000   22.5000   -7.500011816.6543   22.7209
   -7.5000   30.0000   -7.500010653.0391   22.5620
    0.0000   30.0000   -7.500011092.8652   22.5082
    7.5000   30.0000   -7.500010462.1689   22.4671
   -7.5000   37.5000   -7.5000 9749.0381   22.7933
    0.0000   37.5000   -7.500010117.5254   22.7445
    7.5000   37.5000   -7.5000 9538.6387   22.7128
   -7.5000   45.0000   -7.5000 8579.2031   22.7721
    0.0000   45.0000   -7.5000 8873.1035   22.7272
    7.5000   45.0000   -7.5000 8378.6016   22.7008
   -7.5000  -45.0000    0.000013848.8906   22.8344
    0.0000  -45.0000    0.000014485.4600   22.7857
    7.5000  -45.0000    0.000013619.7188   22.7605
   -7.5000  -37.5000    0.000014112.8848   22.8244
    0.0000  -37.5000    0.000014857.7354   22.7704
    7.5000  -37.5000    0.000013948.3730   22.7426
   -7.5000  -30.0000    0.000014912.4180   22.8137
    0.0000  -30.0000    0.000015750.9512   22.7520
    7.5000  -30.0000    0.000014856.7725   22.7187
   -7.5000  -22.5000    0.000015679.9004   22.8165
    0.0000  -22.5000    0.000016582.5566   22.7534
    7.5000  -22.5000    0.000015720.2686   22.7167
   -7.5000  -15.0000    0.000016162.7900   22.8269
    0.0000  -15.0000    0.000017113.8828   22.7682
    7.5000  -15.0000    0.000016240.7393   22.7330
   -7.5000   -7.5000    0.000016450.3223   22.8340
    0.0000   -7.5000    0.000017372.3789   22.7821
    7.5000   -7.5000    0.000016444.7129   22.7529
   -7.5000    0.0000    0.000016623.6738   22.8344
    0.0000    0.0000    0.000017544.4004   22.7857
    7.5000    0.0000    0.000016550.1973   22.7605
   -7.5000    7.5000    0.000015404.2266   22.8244
    0.0000    7.5000    0.000016235.1689   22.7704
    7.5000    7.5000    0.000015270.5430   22.7426
   -7.5000   15.0000    0.000014060.4502   22.8137
    0.0000   15.0000    0.000014782.0547   22.7520
    7.5000   15.0000    0.000013895.8135   22.7187
   -7.5000   22.5000    0.000012732.4209   22.8064
    0.0000   22.5000    0.000013325.9600   22.7433
    7.5000   22.5000    0.000012518.3213   22.7067
   -7.5000   30.0000    0.000011300.8262   22.5559
    0.0000   30.0000    0.000011776.3662   22.4983
    7.5000   30.0000    0.000011043.5420   22.4638
   -7.5000   37.5000    0.000010285.6191   22.8084
    0.0000   37.5000    0.000010690.1611   22.7564
    7.5000   37.5000    0.000010025.7881   22.7277
   -7.5000   45.0000    0.0000 8981.2324   22.7896
    0.0000   45.0000    0.0000 9285.5176   22.7425
    7.5000   45.0000    0.0000 8742.9365   22.7179
   -7.5000  -45.0000    7.500013718.4551   22.8779
    0.0000  -45.0000    7.500014364.4668   22.8280
    7.5000  -45.0000    7.500013378.4404   22.8053
   -7.5000  -37.5000    7.500013964.4463   22.8728
    0.0000  -37.5000    7.500014735.3506   22.8182
    7.5000  -37.5000    7.500013769.3740   22.7866
   -7.5000  -30.0000    7.500014640.2764   22.8532
    0.0000  -30.0000    7.500015465.2656   22.7953
    7.5000  -30.0000    7.500014674.7744   22.7611
   -7.5000  -22.5000    7.500015364.2412   22.8391
    0.0000  -22.5000    7.500016232.0703   22.7840
    7.5000  -22.5000    7.500015483.7891   22.7567
   -7.5000  -15.0000    7.500015879.7275   22.8422
    0.0000  -15.0000    7.500016835.7559   22.7917
    7.5000  -15.0000    7.500015976.4678   22.7718
   -7.5000   -7.5000    7.500016190.6406   22.8615
    0.0000   -7.5000    7.500017102.4453   22.8127
    7.5000   -7.5000    7.500016135.9707   22.7949
   -7.5000    0.0000    7.500016379.2686   22.8779
    0.0000    0.0000    7.500017261.0312   22.8280
    7.5000    0.0000    7.500016169.8145   22.8053
   -7.5000    7.5000    7.500015231.2100   22.8728
    0.0000    7.5000    7.500015996.1445   22.8182
    7.5000    7.5000    7.500014909.9307   22.7866
   -7.5000   15.0000    7.500013863.2197   22.8532
    0.0000   15.0000    7.500014522.8877   22.7953
    7.5000   15.0000    7.500013521.5840   22.7611
   -7.5000   22.5000    7.500012525.3447   22.8290
    0.0000   22.5000    7.500013089.9746   22.7739
    7.5000   22.5000    7.500012205.9092   22.7467
   -7.5000   30.0000    7.500011071.7422   22.5707
    0.0000   30.0000    7.500011540.6670   22.5211
    7.5000   30.0000    7.500010759.8486   22.5018
   -7.5000   37.5000    7.500010031.4004   22.8375
    0.0000   37.5000    7.500010421.0186   22.7887
    7.5000   37.5000    7.5000 9758.3477   22.7717
   -7.5000   45.0000    7.5000 8730.3301   22.8336
    0.0000   45.0000    7.5000 9013.2910   22.7849
    7.5000   45.0000    7.5000 8461.6328   22.7640
   -7.5000  -45.0000   15.000013405.0439   22.9381
    0.0000  -45.0000   15.000014025.5811   22.8896
    7.5000  -45.0000   15.000012951.9072   22.8684
   -7.5000  -37.5000   15.000013768.8115   22.9506
    0.0000  -37.5000   15.000014359.4951   22.8990
    7.5000  -37.5000   15.000013384.2314   22.8617
   -7.5000  -30.0000   15.000014353.8066   22.9388
    0.0000  -30.0000   15.000014931.8945   22.8893
    7.5000  -30.0000   15.000014161.8145   22.8501
   -7.5000  -22.5000   15.000015056.9385   22.9124
    0.0000  -22.5000   15.000015696.0830   22.8695
    7.5000  -22.5000   15.000014891.2754   22.8455
   -7.5000  -15.0000   15.000015592.6582   22.8978
    0.0000  -15.0000   15.000016333.9824   22.8583
    7.5000  -15.0000   15.000015348.5811   22.8482
   -7.5000   -7.5000   15.000015851.8418   22.9118
    0.0000   -7.5000   15.000016568.5430   22.8687
    7.5000   -7.5000   15.000015496.3350   22.8594
   -7.5000    0.0000   15.000015937.5605   22.9381
    0.0000    0.0000   15.000016604.9199   22.8896
    7.5000    0.0000   15.000015491.7041   22.8684
   -7.5000    7.5000   15.000014685.8359   22.9506
    0.0000    7.5000   15.000015331.2363   22.8990
    7.5000    7.5000   15.000014291.3301   22.8617
   -7.5000   15.0000   15.000013329.3535   22.9388
    0.0000   15.0000   15.000013908.3643   22.8893
    7.5000   15.0000   15.000012979.9072   22.8501
   -7.5000   22.5000   15.000012011.4629   22.9024
    0.0000   22.5000   15.000012546.9199   22.8595
    7.5000   22.5000   15.000011712.1836   22.8355
   -7.5000   30.0000   15.000010643.6260   22.6261
    0.0000   30.0000   15.000011100.9180   22.5874
    7.5000   30.0000   15.000010355.2686   22.5778
   -7.5000   37.5000   15.0000 9670.4014   22.8877
    0.0000   37.5000   15.000010037.0469   22.8444
    7.5000   37.5000   15.0000 9393.6191   22.8361
   -7.5000   45.0000   15.0000 8391.4834   22.8972
    0.0000   45.0000   15.0000 8684.6836   22.8485
    7.5000   45.0000   15.0000 8157.4551   22.8294
   -7.5000  -45.0000   22.500012655.7334   22.9634
    0.0000  -45.0000   22.500013164.5674   22.9184
    7.5000  -45.0000   22.500012260.6162   22.8977
   -7.5000  -37.5000   22.500013210.5488   22.9880
    0.0000  -37.5000   22.500013640.0020   22.9407
    7.5000  -37.5000   22.500012655.7031   22.9030
   -7.5000  -30.0000   22.500014025.2471   22.9954
    0.0000  -30.0000   22.500014451.5244   22.9508
    7.5000  -30.0000   22.500013452.2715   22.9070
   -7.5000  -22.5000   22.500014695.6543   22.9764
    0.0000  -22.5000   22.500015223.3867   22.9380
    7.5000  -22.5000   22.500014201.0977   22.9056
   -7.5000  -15.0000   22.500015038.8066   22.9522
    0.0000  -15.0000   22.500015622.9219   22.9160
    7.5000  -15.0000   22.500014597.9004   22.8977
   -7.5000   -7.5000   22.500015106.0830   22.9465
    0.0000   -7.5000   22.500015683.2227   22.9065
    7.5000   -7.5000   22.500014741.0010   22.8937
   -7.5000    0.0000   22.500015091.4951   22.9634
    0.0000    0.0000   22.500015656.3232   22.9184
    7.5000    0.0000   22.500014718.3574   22.8977
   -7.5000    7.5000   22.500013921.7803   22.9880
    0.0000    7.5000   22.500014489.1602   22.9407
    7.5000    7.5000   22.500013600.4775   22.9030
   -7.5000   15.0000   22.500012664.3438   22.9954
    0.0000   15.0000   22.500013207.8164   22.9508
    7.5000   15.0000   22.500012369.2734   22.9070
   -7.5000   22.5000   22.500011424.1982   22.9664
    0.0000   22.5000   22.500011915.3184   22.9279
    7.5000   22.5000   22.500011182.2744   22.8956
   -7.5000   30.0000   22.500010148.4746   22.6808
    0.0000   30.0000   22.500010574.9180   22.6453
    7.5000   30.0000   22.5000 9898.8750   22.6277
   -7.5000   37.5000   22.5000 9210.7344   22.9205
    0.0000   37.5000   22.5000 9593.3096   22.8803
    7.5000   37.5000   22.5000 8994.7539   22.8685
   -7.5000   45.0000   22.5000 7991.7280   22.9263
    0.0000   45.0000   22.5000 8273.9150   22.8799
    7.5000   45.0000   22.5000 7783.9399   22.8601
   -7.5000  -45.0000   30.000011715.8027   23.0429
    0.0000  -45.0000   30.000012269.6943   22.9991
    7.5000  -45.0000   30.000011519.2393   22.9759
   -7.5000  -37.5000   30.000012066.9756   23.0634
    0.0000  -37.5000   30.000012590.9121   23.0164
    7.5000  -37.5000   30.000011863.5869   22.9819
   -7.5000  -30.0000   30.000012815.9648   23.0812
    0.0000  -30.0000   30.000013371.3271   23.0326
    7.5000  -30.0000   30.000012604.3516   22.9880
   -7.5000  -22.5000   30.000013547.9160   23.0799
    0.0000  -22.5000   30.000014170.4189   23.0336
    7.5000  -22.5000   30.000013364.6553   22.9899
   -7.5000  -15.0000   30.000013943.1729   23.0620
    0.0000  -15.0000   30.000014578.4189   23.0182
    7.5000  -15.0000   30.000013766.8467   22.9830
   -7.5000   -7.5000   30.000014042.9385   23.0428
    0.0000   -7.5000   30.000014622.4482   22.9999
    7.5000   -7.5000   30.000013878.7109   22.9751
   -7.5000    0.0000   30.000014021.1846   23.0429
    0.0000    0.0000   30.000014586.0117   22.9991
    7.5000    0.0000   30.000013806.1445   22.9759
   -7.5000    7.5000   30.000012980.9980   23.0634
    0.0000    7.5000   30.000013506.2734   23.0164
    7.5000    7.5000   30.000012742.8701   22.9819
   -7.5000   15.0000   30.000011818.4736   23.0812
    0.0000   15.0000   30.000012287.6357   23.0326
    7.5000   15.0000   30.000011553.2676   22.9880
   -7.5000   22.5000   30.000010675.9795   23.0697
    0.0000   22.5000   30.000011093.6055   23.0235
    7.5000   22.5000   30.000010431.8652   22.9798
   -7.5000   30.0000   30.0000 9505.7861   22.7900
    0.0000   30.0000   30.0000 9846.4424   22.7469
    7.5000   30.0000   30.0000 9253.4082   22.7125
   -7.5000   37.5000   30.0000 8663.4551   23.0162
    0.0000   37.5000   30.0000 8951.0332   22.9730
    7.5000   37.5000   30.0000 8439.5293   22.9491
   -7.5000   45.0000   30.0000 7529.0874   23.0098
    0.0000   45.0000   30.0000 7741.8218   22.9649
    7.5000   45.0000   30.0000 7313.2642   22.9412
   -7.5000  -45.0000   37.500011107.4941   23.1633
    0.0000  -45.0000   37.500011595.1396   23.1168
    7.5000  -45.0000   37.500011026.9121   23.0899
   -7.5000  -37.5000   37.500011393.2129   23.1666
    0.0000  -37.5000   37.500011840.5518   23.1155
    7.5000  -37.5000   37.500011329.5068   23.0843
   -7.5000  -30.0000   37.500012105.0449   23.1744
    0.0000  -30.0000   37.500012557.9033   23.1164
    7.5000  -30.0000   37.500012026.1045   23.0762
   -7.5000  -22.5000   37.500012797.5518   23.1828
    0.0000  -22.5000   37.500013284.7754   23.1231
    7.5000  -22.5000   37.500012708.0234   23.0773
   -7.5000  -15.0000   37.500013263.4961   23.1821
    0.0000  -15.0000   37.500013776.6797   23.1259
    7.5000  -15.0000   37.500013179.7998   23.0823
   -7.5000   -7.5000   37.500013457.2900   23.1705
    0.0000   -7.5000   37.500013980.2666   23.1205
    7.5000   -7.5000   37.500013381.6758   23.0868
   -7.5000    0.0000   37.500013437.1797   23.1633
    0.0000    0.0000   37.500013967.9619   23.1168
    7.5000    0.0000   37.500013322.6611   23.0899
   -7.5000    7.5000   37.500012466.2910   23.1666
    0.0000    7.5000   37.500012954.1562   23.1155
    7.5000    7.5000   37.500012312.7666   23.0843
   -7.5000   15.0000   37.500011333.5537   23.1744
    0.0000   15.0000   37.500011773.7754   23.1164
    7.5000   15.0000   37.500011147.8926   23.0762
   -7.5000   22.5000   37.500010205.9424   23.1725
    0.0000   22.5000   37.500010613.3652   23.1128
    7.5000   22.5000   37.500010027.3867   23.0671
   -7.5000   30.0000   37.5000 9084.2988   22.9083
    0.0000   30.0000   37.5000 9418.7725   22.8530
    7.5000   30.0000   37.5000 8894.1934   22.8103
   -7.5000   37.5000   37.5000 8293.3242   23.1459
    0.0000   37.5000   37.5000 8565.2930   23.0958
    7.5000   37.5000   37.5000 8104.2217   23.0627
   -7.5000   45.0000   37.5000 7217.2231   23.1315
    0.0000   45.0000   37.5000 7448.2358   23.0854
    7.5000   45.0000   37.5000 7039.1870   23.0578
   -7.5000  -45.0000   45.000010152.2051   23.5361
    0.0000  -45.0000   45.000010575.2490   23.4836
    7.5000  -45.0000   45.000010077.3877   23.4551
   -7.5000  -37.5000   45.000010411.3164   23.5255
    0.0000  -37.5000   45.000010796.8408   23.4678
    7.5000  -37.5000   45.000010339.0469   23.4366
   -7.5000  -30.0000   45.000011063.2695   23.5145
    0.0000  -30.0000   45.000011441.6064   23.4487
    7.5000  -30.0000   45.000010984.2480   23.4117
   -7.5000  -22.5000   45.000011693.4297   23.5177
    0.0000  -22.5000   45.000012107.6680   23.4502
    7.5000  -22.5000   45.000011605.3496   23.4095
   -7.5000  -15.0000   45.000012140.7051   23.5286
    0.0000  -15.0000   45.000012586.6494   23.4655
    7.5000  -15.0000   45.000012055.6963   23.4261
   -7.5000   -7.5000   45.000012384.9990   23.5359
    0.0000   -7.5000   45.000012849.3721   23.4799
    7.5000   -7.5000   45.000012283.9502   23.4468
   -7.5000    0.0000   45.000012390.4189   23.5361
    0.0000    0.0000   45.000012876.3145   23.4836
    7.5000    0.0000   45.000012285.3574   23.4551
   -7.5000    7.5000   45.000011488.4502   23.5255
    0.0000    7.5000   45.000011937.0635   23.4678
    7.5000    7.5000   45.000011369.9902   23.4366
   -7.5000   15.0000   45.000010428.4004   23.5145
    0.0000   15.0000   45.000010853.7910   23.4487
    7.5000   15.0000   45.000010300.9473   23.4117
   -7.5000   22.5000   45.0000 9391.6035   23.5072
    0.0000   22.5000   45.0000 9768.0498   23.4397
    7.5000   22.5000   45.0000 9252.8867   23.3990
   -7.5000   30.0000   45.0000 8367.5654   23.2450
    0.0000   30.0000   45.0000 8688.8652   23.1829
    7.5000   30.0000   45.0000 8222.4326   23.1444
   -7.5000   37.5000   45.0000 7638.4966   23.5027
    0.0000   37.5000   45.0000 7917.2437   23.4467
    7.5000   37.5000   45.0000 7502.7959   23.4142
   -7.5000   45.0000   45.0000 6656.5820   23.5017
    0.0000   45.0000   45.0000 6867.3296   23.4512
    7.5000   45.0000   45.0000 6495.1680   23.4231

---------------------------------------------------------------------
imgreg_4dfp /opt/freesurfer/average/711-2C_as_mni_average_305 /opt/freesurfer/average/711-2B_as_mni_average_305_mask talsrcimg_g11 none talsrcimg_to_711-2C_as_mni_average_305_t4 4355
---------------------------------------------------------------------

freesurfer imgreg_4dfp.c
/opt/freesurfer/average/711-2C_as_mni_average_305.4dfp.img
       256       256       256         1
  1.000000  1.000000  1.000000
orientation T byte_order littleendian
Reading image: /opt/freesurfer/average/711-2C_as_mni_average_305.4dfp.img
dimensions:      256       256       256
mmppix:       1.0000   -1.0000   -1.0000
center:     128.0000 -129.0000 -129.0000
/opt/freesurfer/average/711-2B_as_mni_average_305_mask.4dfp.img
       256       256       256         1
  1.000000  1.000000  1.000000
orientation T byte_order littleendian
Reading mask: /opt/freesurfer/average/711-2B_as_mni_average_305_mask.4dfp.img (2306576 pixels)
talsrcimg_g11.4dfp.img
       256       256       256         1
  1.000000  1.000000  1.000000
orientation T byte_order littleendian
Reading image: talsrcimg_g11.4dfp.img
dimensions:      256       256       256
mmppix:       1.0000   -1.0000   -1.0000
center:     128.0000 -129.0000 -129.0000
rotation matrix determinant  1.000000
image alignment mode   4355 decimal     1103 hex
   -7.5000  -45.0000  -45.0000 2273.7351   21.9336
    0.0000  -45.0000  -45.0000 2273.8745   21.7134
    7.5000  -45.0000  -45.0000 2262.3018   21.7863
   -7.5000  -37.5000  -45.0000 2288.0352   21.4858
    0.0000  -37.5000  -45.0000 2286.2937   21.1966
    7.5000  -37.5000  -45.0000 2272.9189   21.3481
   -7.5000  -30.0000  -45.0000 2282.1370   21.4251
    0.0000  -30.0000  -45.0000 2282.1965   21.2435
    7.5000  -30.0000  -45.0000 2262.8232   21.3815
   -7.5000  -22.5000  -45.0000 2277.2634   21.8481
    0.0000  -22.5000  -45.0000 2271.0745   21.6275
    7.5000  -22.5000  -45.0000 2253.2422   21.7974
   -7.5000  -15.0000  -45.0000 2243.5476   22.5446
    0.0000  -15.0000  -45.0000 2239.0996   22.3280
    7.5000  -15.0000  -45.0000 2226.9553   22.4967
   -7.5000   -7.5000  -45.0000 2201.7502   23.5548
    0.0000   -7.5000  -45.0000 2195.9880   23.3140
    7.5000   -7.5000  -45.0000 2180.5679   23.5659
   -7.5000    0.0000  -45.0000 2140.3882   25.0520
    0.0000    0.0000  -45.0000 2130.5513   24.8036
    7.5000    0.0000  -45.0000 2114.4358   25.1299
   -7.5000    7.5000  -45.0000 2063.5354   27.1031
    0.0000    7.5000  -45.0000 2053.2256   26.8295
    7.5000    7.5000  -45.0000 2035.5898   27.2777
   -7.5000   15.0000  -45.0000 1964.9689   29.9183
    0.0000   15.0000  -45.0000 1957.7834   29.6104
    7.5000   15.0000  -45.0000 1948.4512   30.1105
   -7.5000   22.5000  -45.0000 1858.0315   33.8508
    0.0000   22.5000  -45.0000 1853.4990   33.4260
    7.5000   22.5000  -45.0000 1846.3263   33.9826
   -7.5000   30.0000  -45.0000 1744.0103   39.0514
    0.0000   30.0000  -45.0000 1739.6254   38.7983
    7.5000   30.0000  -45.0000 1728.3130   39.3720
   -7.5000   37.5000  -45.0000 1624.5967   46.2404
    0.0000   37.5000  -45.0000 1625.6589   45.8918
    7.5000   37.5000  -45.0000 1608.4761   46.5295
   -7.5000   45.0000  -45.0000 1495.1368   56.0623
    0.0000   45.0000  -45.0000 1498.4235   55.6650
    7.5000   45.0000  -45.0000 1478.5814   56.3945
   -7.5000  -45.0000  -37.5000 2375.1904   20.3149
    0.0000  -45.0000  -37.5000 2373.2781   20.1657
    7.5000  -45.0000  -37.5000 2356.8037   20.3125
   -7.5000  -37.5000  -37.5000 2390.6365   19.8868
    0.0000  -37.5000  -37.5000 2386.2195   19.7268
    7.5000  -37.5000  -37.5000 2368.9937   19.8943
   -7.5000  -30.0000  -37.5000 2387.1799   19.7987
    0.0000  -30.0000  -37.5000 2384.2773   19.6518
    7.5000  -30.0000  -37.5000 2368.3071   19.8033
   -7.5000  -22.5000  -37.5000 2377.2944   20.0063
    0.0000  -22.5000  -37.5000 2373.9673   19.8911
    7.5000  -22.5000  -37.5000 2357.6855   20.0690
   -7.5000  -15.0000  -37.5000 2351.0447   20.6145
    0.0000  -15.0000  -37.5000 2349.9670   20.4782
    7.5000  -15.0000  -37.5000 2330.4556   20.7171
   -7.5000   -7.5000  -37.5000 2310.7458   21.6273
    0.0000   -7.5000  -37.5000 2304.7864   21.4551
    7.5000   -7.5000  -37.5000 2288.4346   21.7593
   -7.5000    0.0000  -37.5000 2246.5271   23.1562
    0.0000    0.0000  -37.5000 2237.2642   22.9079
    7.5000    0.0000  -37.5000 2218.5522   23.2219
   -7.5000    7.5000  -37.5000 2163.0630   25.0966
    0.0000    7.5000  -37.5000 2152.7258   24.8180
    7.5000    7.5000  -37.5000 2135.5244   25.1632
   -7.5000   15.0000  -37.5000 2056.9426   27.7039
    0.0000   15.0000  -37.5000 2044.0883   27.4262
    7.5000   15.0000  -37.5000 2031.6650   27.8125
   -7.5000   22.5000  -37.5000 1945.4778   31.2193
    0.0000   22.5000  -37.5000 1940.1852   30.8453
    7.5000   22.5000  -37.5000 1930.3252   31.2917
   -7.5000   30.0000  -37.5000 1815.6888   35.7886
    0.0000   30.0000  -37.5000 1810.8008   35.4869
    7.5000   30.0000  -37.5000 1804.8372   36.1702
   -7.5000   37.5000  -37.5000 1689.1777   42.1639
    0.0000   37.5000  -37.5000 1686.8037   41.7594
    7.5000   37.5000  -37.5000 1674.3361   42.6695
   -7.5000   45.0000  -37.5000 1562.1818   50.9103
    0.0000   45.0000  -37.5000 1561.5234   50.4393
    7.5000   45.0000  -37.5000 1548.1849   51.2719
   -7.5000  -45.0000  -30.0000 2519.8145   19.5821
    0.0000  -45.0000  -30.0000 2518.8960   19.4637
    7.5000  -45.0000  -30.0000 2491.8040   19.6393
   -7.5000  -37.5000  -30.0000 2540.3950   19.1004
    0.0000  -37.5000  -30.0000 2535.5974   19.0017
    7.5000  -37.5000  -30.0000 2516.2598   19.1615
   -7.5000  -30.0000  -30.0000 2544.1992   19.0308
    0.0000  -30.0000  -30.0000 2538.5933   18.9035
    7.5000  -30.0000  -30.0000 2519.2058   19.0853
   -7.5000  -22.5000  -30.0000 2528.7676   19.1979
    0.0000  -22.5000  -30.0000 2528.9617   19.1213
    7.5000  -22.5000  -30.0000 2506.5249   19.3473
   -7.5000  -15.0000  -30.0000 2508.2004   19.7872
    0.0000  -15.0000  -30.0000 2505.4065   19.7112
    7.5000  -15.0000  -30.0000 2479.7322   19.9757
   -7.5000   -7.5000  -30.0000 2458.5757   20.7656
    0.0000   -7.5000  -30.0000 2457.6287   20.6648
    7.5000   -7.5000  -30.0000 2427.7742   20.8779
   -7.5000    0.0000  -30.0000 2381.7668   22.2152
    0.0000    0.0000  -30.0000 2381.0791   22.0660
    7.5000    0.0000  -30.0000 2349.9458   22.3044
   -7.5000    7.5000  -30.0000 2296.4431   24.1353
    0.0000    7.5000  -30.0000 2294.9382   23.9806
    7.5000    7.5000  -30.0000 2266.3899   24.2017
   -7.5000   15.0000  -30.0000 2184.2727   26.6327
    0.0000   15.0000  -30.0000 2182.4138   26.4362
    7.5000   15.0000  -30.0000 2156.6804   26.6801
   -7.5000   22.5000  -30.0000 2063.8972   29.8580
    0.0000   22.5000  -30.0000 2066.6860   29.6473
    7.5000   22.5000  -30.0000 2042.1178   29.9227
   -7.5000   30.0000  -30.0000 1922.7650   34.2043
    0.0000   30.0000  -30.0000 1923.4537   33.9793
    7.5000   30.0000  -30.0000 1908.8145   34.3992
   -7.5000   37.5000  -30.0000 1785.4775   39.9269
    0.0000   37.5000  -30.0000 1784.0886   39.7274
    7.5000   37.5000  -30.0000 1771.7455   40.4303
   -7.5000   45.0000  -30.0000 1650.4476   47.9499
    0.0000   45.0000  -30.0000 1647.9645   47.5023
    7.5000   45.0000  -30.0000 1634.6293   48.3494
   -7.5000  -45.0000  -22.5000 2633.4946   18.6791
    0.0000  -45.0000  -22.5000 2632.4312   18.5616
    7.5000  -45.0000  -22.5000 2612.6331   18.7163
   -7.5000  -37.5000  -22.5000 2666.8057   18.1916
    0.0000  -37.5000  -22.5000 2660.4272   18.0997
    7.5000  -37.5000  -22.5000 2641.8293   18.2471
   -7.5000  -30.0000  -22.5000 2675.5381   18.1476
    0.0000  -30.0000  -22.5000 2667.4585   18.0225
    7.5000  -30.0000  -22.5000 2650.7449   18.2039
   -7.5000  -22.5000  -22.5000 2659.0149   18.3097
    0.0000  -22.5000  -22.5000 2664.0164   18.2691
    7.5000  -22.5000  -22.5000 2637.0901   18.4399
   -7.5000  -15.0000  -22.5000 2624.7236   18.8501
    0.0000  -15.0000  -22.5000 2635.1208   18.8505
    7.5000  -15.0000  -22.5000 2600.6401   19.0155
   -7.5000   -7.5000  -22.5000 2574.4375   19.7571
    0.0000   -7.5000  -22.5000 2581.1331   19.7207
    7.5000   -7.5000  -22.5000 2548.1484   19.9235
   -7.5000    0.0000  -22.5000 2490.9832   21.0972
    0.0000    0.0000  -22.5000 2499.1331   21.0068
    7.5000    0.0000  -22.5000 2469.3630   21.2594
   -7.5000    7.5000  -22.5000 2398.5227   22.9396
    0.0000    7.5000  -22.5000 2404.9690   22.7861
    7.5000    7.5000  -22.5000 2376.9724   23.0783
   -7.5000   15.0000  -22.5000 2280.7393   25.3784
    0.0000   15.0000  -22.5000 2286.6450   25.1912
    7.5000   15.0000  -22.5000 2266.2329   25.5007
   -7.5000   22.5000  -22.5000 2158.9421   28.5175
    0.0000   22.5000  -22.5000 2164.0212   28.2705
    7.5000   22.5000  -22.5000 2140.5425   28.6083
   -7.5000   30.0000  -22.5000 2006.6870   32.5397
    0.0000   30.0000  -22.5000 2009.1492   32.3370
    7.5000   30.0000  -22.5000 1997.5383   32.7350
   -7.5000   37.5000  -22.5000 1864.4897   37.7325
    0.0000   37.5000  -22.5000 1865.0967   37.5951
    7.5000   37.5000  -22.5000 1852.8157   38.2078
   -7.5000   45.0000  -22.5000 1716.9583   44.9639
    0.0000   45.0000  -22.5000 1722.8489   44.5603
    7.5000   45.0000  -22.5000 1707.7174   45.5389
   -7.5000  -45.0000  -15.0000 2708.5215   17.7289
    0.0000  -45.0000  -15.0000 2712.7031   17.5858
    7.5000  -45.0000  -15.0000 2697.9304   17.7340
   -7.5000  -37.5000  -15.0000 2750.5405   17.2192
    0.0000  -37.5000  -15.0000 2749.1831   17.1207
    7.5000  -37.5000  -15.0000 2736.5554   17.3051
   -7.5000  -30.0000  -15.0000 2759.1406   17.1342
    0.0000  -30.0000  -15.0000 2764.4470   17.0902
    7.5000  -30.0000  -15.0000 2747.8110   17.2355
   -7.5000  -22.5000  -15.0000 2744.9519   17.3676
    0.0000  -22.5000  -15.0000 2757.8652   17.3568
    7.5000  -22.5000  -15.0000 2734.3987   17.5015
   -7.5000  -15.0000  -15.0000 2714.7268   17.9016
    0.0000  -15.0000  -15.0000 2725.2542   17.8818
    7.5000  -15.0000  -15.0000 2698.0715   18.0582
   -7.5000   -7.5000  -15.0000 2651.4128   18.7293
    0.0000   -7.5000  -15.0000 2661.8572   18.6961
    7.5000   -7.5000  -15.0000 2637.5242   18.9107
   -7.5000    0.0000  -15.0000 2572.0137   20.0216
    0.0000    0.0000  -15.0000 2580.3247   19.9272
    7.5000    0.0000  -15.0000 2561.4517   20.1651
   -7.5000    7.5000  -15.0000 2473.3784   21.7776
    0.0000    7.5000  -15.0000 2485.8022   21.6426
    7.5000    7.5000  -15.0000 2459.2925   21.8924
   -7.5000   15.0000  -15.0000 2347.6187   24.0477
    0.0000   15.0000  -15.0000 2360.3391   23.8816
    7.5000   15.0000  -15.0000 2335.8484   24.1493
   -7.5000   22.5000  -15.0000 2213.3896   27.0505
    0.0000   22.5000  -15.0000 2222.1797   26.8144
    7.5000   22.5000  -15.0000 2198.2849   27.1071
   -7.5000   30.0000  -15.0000 2064.1113   30.8526
    0.0000   30.0000  -15.0000 2064.3174   30.6306
    7.5000   30.0000  -15.0000 2049.4868   30.9666
   -7.5000   37.5000  -15.0000 1918.9698   35.9598
    0.0000   37.5000  -15.0000 1917.7961   35.5226
    7.5000   37.5000  -15.0000 1907.2327   36.0777
   -7.5000   45.0000  -15.0000 1779.5370   42.5728
    0.0000   45.0000  -15.0000 1768.3628   42.0454
    7.5000   45.0000  -15.0000 1763.0760   42.8158
   -7.5000  -45.0000   -7.5000 2770.2097   16.8358
    0.0000  -45.0000   -7.5000 2773.5803   16.7459
    7.5000  -45.0000   -7.5000 2754.0071   16.8711
   -7.5000  -37.5000   -7.5000 2813.1980   16.2365
    0.0000  -37.5000   -7.5000 2814.2957   16.1872
    7.5000  -37.5000   -7.5000 2790.9243   16.3756
   -7.5000  -30.0000   -7.5000 2825.5803   16.1178
    0.0000  -30.0000   -7.5000 2834.3589   16.0968
    7.5000  -30.0000   -7.5000 2814.2468   16.2946
   -7.5000  -22.5000   -7.5000 2813.7690   16.4110
    0.0000  -22.5000   -7.5000 2829.5088   16.3865
    7.5000  -22.5000   -7.5000 2806.9758   16.5533
   -7.5000  -15.0000   -7.5000 2779.0701   16.9683
    0.0000  -15.0000   -7.5000 2790.5867   16.9483
    7.5000  -15.0000   -7.5000 2770.1111   17.1314
   -7.5000   -7.5000   -7.5000 2716.3855   17.7949
    0.0000   -7.5000   -7.5000 2724.8499   17.7422
    7.5000   -7.5000   -7.5000 2707.9614   17.9551
   -7.5000    0.0000   -7.5000 2625.5972   19.0140
    0.0000    0.0000   -7.5000 2633.9231   18.9236
    7.5000    0.0000   -7.5000 2618.6882   19.1560
   -7.5000    7.5000   -7.5000 2525.2886   20.7411
    0.0000    7.5000   -7.5000 2537.7568   20.5651
    7.5000    7.5000   -7.5000 2514.4070   20.8241
   -7.5000   15.0000   -7.5000 2398.0278   22.8636
    0.0000   15.0000   -7.5000 2409.1794   22.6852
    7.5000   15.0000   -7.5000 2386.8074   22.9600
   -7.5000   22.5000   -7.5000 2256.1631   25.6949
    0.0000   22.5000   -7.5000 2263.2073   25.5360
    7.5000   22.5000   -7.5000 2245.1443   25.7710
   -7.5000   30.0000   -7.5000 2102.7434   29.4074
    0.0000   30.0000   -7.5000 2101.0337   29.1907
    7.5000   30.0000   -7.5000 2087.5825   29.4369
   -7.5000   37.5000   -7.5000 1959.9613   34.2060
    0.0000   37.5000   -7.5000 1956.3448   33.8504
    7.5000   37.5000   -7.5000 1942.4102   34.3612
   -7.5000   45.0000   -7.5000 1805.5375   40.5800
    0.0000   45.0000   -7.5000 1797.0747   40.1455
    7.5000   45.0000   -7.5000 1791.9233   40.7601
   -7.5000  -45.0000    0.0000 2809.2781   16.2763
    0.0000  -45.0000    0.0000 2811.9036   16.2197
    7.5000  -45.0000    0.0000 2787.8293   16.3455
   -7.5000  -37.5000    0.0000 2855.5459   15.5740
    0.0000  -37.5000    0.0000 2857.6821   15.5877
    7.5000  -37.5000    0.0000 2832.0466   15.7728
   -7.5000  -30.0000    0.0000 2875.0215   15.3577
    0.0000  -30.0000    0.0000 2879.5715   15.3651
    7.5000  -30.0000    0.0000 2862.9756   15.6273
   -7.5000  -22.5000    0.0000 2862.5776   15.6817
    0.0000  -22.5000    0.0000 2873.2156   15.6644
    7.5000  -22.5000    0.0000 2861.3809   15.9151
   -7.5000  -15.0000    0.0000 2819.1311   16.2599
    0.0000  -15.0000    0.0000 2832.4065   16.2331
    7.5000  -15.0000    0.0000 2820.2705   16.5260
   -7.5000   -7.5000    0.0000 2751.7495   17.1453
    0.0000   -7.5000    0.0000 2762.5100   17.0863
    7.5000   -7.5000    0.0000 2757.1340   17.4133
   -7.5000    0.0000    0.0000 2658.8674   18.3726
    0.0000    0.0000    0.0000 2672.8921   18.3019
    7.5000    0.0000    0.0000 2662.0657   18.6245
   -7.5000    7.5000    0.0000 2560.8523   19.9829
    0.0000    7.5000    0.0000 2568.5681   19.9034
    7.5000    7.5000    0.0000 2552.8657   20.2312
   -7.5000   15.0000    0.0000 2440.8147   22.0842
    0.0000   15.0000    0.0000 2443.1506   21.9649
    7.5000   15.0000    0.0000 2429.6638   22.2911
   -7.5000   22.5000    0.0000 2295.7063   24.8364
    0.0000   22.5000    0.0000 2295.0591   24.6866
    7.5000   22.5000    0.0000 2280.7671   24.9906
   -7.5000   30.0000    0.0000 2135.0271   28.4183
    0.0000   30.0000    0.0000 2131.4644   28.2085
    7.5000   30.0000    0.0000 2113.1316   28.5832
   -7.5000   37.5000    0.0000 1989.1722   32.9659
    0.0000   37.5000    0.0000 1989.7609   32.7632
    7.5000   37.5000    0.0000 1966.1019   33.1192
   -7.5000   45.0000    0.0000 1825.2385   38.8465
    0.0000   45.0000    0.0000 1818.9705   38.6411
    7.5000   45.0000    0.0000 1806.6033   39.1588
   -7.5000  -45.0000    7.5000 2838.2393   16.1845
    0.0000  -45.0000    7.5000 2833.3975   16.0384
    7.5000  -45.0000    7.5000 2812.2102   16.1223
   -7.5000  -37.5000    7.5000 2900.4292   15.4085
    0.0000  -37.5000    7.5000 2901.6003   15.3666
    7.5000  -37.5000    7.5000 2870.1104   15.4928
   -7.5000  -30.0000    7.5000 2915.5898   15.0036
    0.0000  -30.0000    7.5000 2922.2544   15.0364
    7.5000  -30.0000    7.5000 2903.9089   15.3066
   -7.5000  -22.5000    7.5000 2897.0972   15.3133
    0.0000  -22.5000    7.5000 2905.3174   15.3043
    7.5000  -22.5000    7.5000 2899.7288   15.6722
   -7.5000  -15.0000    7.5000 2860.9534   16.0122
    0.0000  -15.0000    7.5000 2875.1003   15.9716
    7.5000  -15.0000    7.5000 2859.8645   16.3347
   -7.5000   -7.5000    7.5000 2797.7732   16.9696
    0.0000   -7.5000    7.5000 2809.6165   16.8906
    7.5000   -7.5000    7.5000 2792.8530   17.1656
   -7.5000    0.0000    7.5000 2705.3381   18.2408
    0.0000    0.0000    7.5000 2712.6111   18.1135
    7.5000    0.0000    7.5000 2693.2109   18.3404
   -7.5000    7.5000    7.5000 2603.4353   19.8795
    0.0000    7.5000    7.5000 2604.9846   19.7232
    7.5000    7.5000    7.5000 2583.1318   19.9232
   -7.5000   15.0000    7.5000 2474.0144   21.8968
    0.0000   15.0000    7.5000 2475.8110   21.7420
    7.5000   15.0000    7.5000 2455.0083   21.9508
   -7.5000   22.5000    7.5000 2323.4966   24.5000
    0.0000   22.5000    7.5000 2323.7744   24.3237
    7.5000   22.5000    7.5000 2309.2253   24.6270
   -7.5000   30.0000    7.5000 2151.4714   27.7765
    0.0000   30.0000    7.5000 2151.8958   27.6010
    7.5000   30.0000    7.5000 2135.6389   27.9938
   -7.5000   37.5000    7.5000 2000.6208   32.0021
    0.0000   37.5000    7.5000 1997.7542   31.8207
    7.5000   37.5000    7.5000 1986.1573   32.3182
   -7.5000   45.0000    7.5000 1842.3784   37.7622
    0.0000   45.0000    7.5000 1832.0507   37.4154
    7.5000   45.0000    7.5000 1821.2607   38.1017
   -7.5000  -45.0000   15.0000 2841.2705   16.3942
    0.0000  -45.0000   15.0000 2840.6409   16.1270
    7.5000  -45.0000   15.0000 2817.7483   16.2507
   -7.5000  -37.5000   15.0000 2913.9934   15.7659
    0.0000  -37.5000   15.0000 2931.2834   15.5696
    7.5000  -37.5000   15.0000 2889.7156   15.6250
   -7.5000  -30.0000   15.0000 2940.1262   15.2484
    0.0000  -30.0000   15.0000 2955.8845   15.1014
    7.5000  -30.0000   15.0000 2926.4524   15.3582
   -7.5000  -22.5000   15.0000 2930.8015   15.4945
    0.0000  -22.5000   15.0000 2942.1936   15.3289
    7.5000  -22.5000   15.0000 2917.6440   15.6471
   -7.5000  -15.0000   15.0000 2883.0078   16.1901
    0.0000  -15.0000   15.0000 2895.5979   16.0524
    7.5000  -15.0000   15.0000 2870.9438   16.2527
   -7.5000   -7.5000   15.0000 2816.9529   17.0899
    0.0000   -7.5000   15.0000 2822.5068   16.9134
    7.5000   -7.5000   15.0000 2801.4849   17.0900
   -7.5000    0.0000   15.0000 2724.2271   18.3398
    0.0000    0.0000   15.0000 2726.9861   18.1515
    7.5000    0.0000   15.0000 2702.0725   18.2815
   -7.5000    7.5000   15.0000 2612.0750   19.9534
    0.0000    7.5000   15.0000 2620.0862   19.7744
    7.5000    7.5000   15.0000 2588.7959   19.8648
   -7.5000   15.0000   15.0000 2484.3804   21.9913
    0.0000   15.0000   15.0000 2488.8940   21.8168
    7.5000   15.0000   15.0000 2460.8860   21.8950
   -7.5000   22.5000   15.0000 2330.9536   24.5357
    0.0000   22.5000   15.0000 2335.7214   24.4008
    7.5000   22.5000   15.0000 2315.3245   24.4828
   -7.5000   30.0000   15.0000 2160.6899   27.7251
    0.0000   30.0000   15.0000 2164.0195   27.6351
    7.5000   30.0000   15.0000 2142.5703   27.8516
   -7.5000   37.5000   15.0000 2007.6099   31.9199
    0.0000   37.5000   15.0000 1999.2599   31.6783
    7.5000   37.5000   15.0000 1991.7015   32.1070
   -7.5000   45.0000   15.0000 1839.8562   37.4805
    0.0000   45.0000   15.0000 1832.5901   36.9935
    7.5000   45.0000   15.0000 1826.9376   37.6272
   -7.5000  -45.0000   22.5000 2826.3354   16.9004
    0.0000  -45.0000   22.5000 2824.2615   16.6082
    7.5000  -45.0000   22.5000 2792.6062   16.6339
   -7.5000  -37.5000   22.5000 2915.7517   16.3391
    0.0000  -37.5000   22.5000 2926.8450   16.0904
    7.5000  -37.5000   22.5000 2870.6946   16.0644
   -7.5000  -30.0000   22.5000 2958.3250   16.0138
    0.0000  -30.0000   22.5000 2962.7065   15.7370
    7.5000  -30.0000   22.5000 2914.9036   15.7604
   -7.5000  -22.5000   22.5000 2938.3376   16.0740
    0.0000  -22.5000   22.5000 2954.5591   15.9123
    7.5000  -22.5000   22.5000 2913.4119   15.9179
   -7.5000  -15.0000   22.5000 2881.6855   16.5374
    0.0000  -15.0000   22.5000 2893.2710   16.3785
    7.5000  -15.0000   22.5000 2859.5134   16.4265
   -7.5000   -7.5000   22.5000 2804.2317   17.3799
    0.0000   -7.5000   22.5000 2805.9412   17.1814
    7.5000   -7.5000   22.5000 2790.6033   17.2835
   -7.5000    0.0000   22.5000 2712.5330   18.5892
    0.0000    0.0000   22.5000 2713.1326   18.3503
    7.5000    0.0000   22.5000 2699.7551   18.4875
   -7.5000    7.5000   22.5000 2605.3499   20.1644
    0.0000    7.5000   22.5000 2607.9351   19.9797
    7.5000    7.5000   22.5000 2591.4197   20.0825
   -7.5000   15.0000   22.5000 2474.8662   22.1882
    0.0000   15.0000   22.5000 2483.2480   22.0586
    7.5000   15.0000   22.5000 2457.8293   22.1375
   -7.5000   22.5000   22.5000 2320.9797   24.7208
    0.0000   22.5000   22.5000 2326.8735   24.6385
    7.5000   22.5000   22.5000 2309.7517   24.7531
   -7.5000   30.0000   22.5000 2154.1826   27.9332
    0.0000   30.0000   22.5000 2158.6064   27.8253
    7.5000   30.0000   22.5000 2133.8699   28.0531
   -7.5000   37.5000   22.5000 2000.8708   32.1554
    0.0000   37.5000   22.5000 1998.8362   31.8900
    7.5000   37.5000   22.5000 1984.7211   32.1414
   -7.5000   45.0000   22.5000 1837.0598   37.7342
    0.0000   45.0000   22.5000 1834.7271   37.1381
    7.5000   45.0000   22.5000 1821.1371   37.7116
   -7.5000  -45.0000   30.0000 2791.7922   17.7001
    0.0000  -45.0000   30.0000 2792.4229   17.4377
    7.5000  -45.0000   30.0000 2759.8357   17.4608
   -7.5000  -37.5000   30.0000 2865.0417   16.9444
    0.0000  -37.5000   30.0000 2871.9033   16.6157
    7.5000  -37.5000   30.0000 2832.8721   16.7620
   -7.5000  -30.0000   30.0000 2904.9692   16.5516
    0.0000  -30.0000   30.0000 2908.9324   16.3085
    7.5000  -30.0000   30.0000 2875.7341   16.4506
   -7.5000  -22.5000   30.0000 2899.0330   16.7018
    0.0000  -22.5000   30.0000 2916.9431   16.5015
    7.5000  -22.5000   30.0000 2884.1296   16.5730
   -7.5000  -15.0000   30.0000 2846.0132   17.1986
    0.0000  -15.0000   30.0000 2863.1270   17.0167
    7.5000  -15.0000   30.0000 2832.8618   17.0716
   -7.5000   -7.5000   30.0000 2764.4727   18.0130
    0.0000   -7.5000   30.0000 2768.6711   17.8202
    7.5000   -7.5000   30.0000 2752.4612   17.8501
   -7.5000    0.0000   30.0000 2676.0935   19.1289
    0.0000    0.0000   30.0000 2681.2817   18.9193
    7.5000    0.0000   30.0000 2663.4131   18.9835
   -7.5000    7.5000   30.0000 2574.0667   20.6773
    0.0000    7.5000   30.0000 2579.6118   20.4627
    7.5000    7.5000   30.0000 2557.5049   20.5377
   -7.5000   15.0000   30.0000 2443.1807   22.6375
    0.0000   15.0000   30.0000 2447.7559   22.4325
    7.5000   15.0000   30.0000 2428.4062   22.5236
   -7.5000   22.5000   30.0000 2292.2019   25.1406
    0.0000   22.5000   30.0000 2300.7659   24.9731
    7.5000   22.5000   30.0000 2283.9866   25.1180
   -7.5000   30.0000   30.0000 2132.7559   28.4381
    0.0000   30.0000   30.0000 2139.1167   28.2204
    7.5000   30.0000   30.0000 2120.6035   28.3790
   -7.5000   37.5000   30.0000 1984.3767   32.6133
    0.0000   37.5000   30.0000 1986.5697   32.2180
    7.5000   37.5000   30.0000 1969.3593   32.5791
   -7.5000   45.0000   30.0000 1825.4144   38.2103
    0.0000   45.0000   30.0000 1819.4539   37.6867
    7.5000   45.0000   30.0000 1804.1660   38.1547
   -7.5000  -45.0000   37.5000 2738.0107   18.5802
    0.0000  -45.0000   37.5000 2736.1562   18.1989
    7.5000  -45.0000   37.5000 2718.9922   18.3795
   -7.5000  -37.5000   37.5000 2802.2119   17.7104
    0.0000  -37.5000   37.5000 2804.3511   17.3392
    7.5000  -37.5000   37.5000 2782.6477   17.5940
   -7.5000  -30.0000   37.5000 2842.8926   17.3408
    0.0000  -30.0000   37.5000 2837.9031   17.0577
    7.5000  -30.0000   37.5000 2821.6455   17.2914
   -7.5000  -22.5000   37.5000 2834.2212   17.5034
    0.0000  -22.5000   37.5000 2839.4868   17.1960
    7.5000  -22.5000   37.5000 2823.8025   17.3895
   -7.5000  -15.0000   37.5000 2790.2104   17.9976
    0.0000  -15.0000   37.5000 2802.3521   17.7193
    7.5000  -15.0000   37.5000 2786.9583   17.8685
   -7.5000   -7.5000   37.5000 2715.3188   18.8432
    0.0000   -7.5000   37.5000 2725.7253   18.5753
    7.5000   -7.5000   37.5000 2712.4426   18.6785
   -7.5000    0.0000   37.5000 2626.7869   20.0038
    0.0000    0.0000   37.5000 2636.7297   19.7267
    7.5000    0.0000   37.5000 2618.8203   19.7871
   -7.5000    7.5000   37.5000 2529.3579   21.4610
    0.0000    7.5000   37.5000 2535.6785   21.1794
    7.5000    7.5000   37.5000 2517.9358   21.2328
   -7.5000   15.0000   37.5000 2395.2607   23.3386
    0.0000   15.0000   37.5000 2399.8640   23.1136
    7.5000   15.0000   37.5000 2384.7014   23.1294
   -7.5000   22.5000   37.5000 2246.5662   25.7841
    0.0000   22.5000   37.5000 2259.9011   25.6408
    7.5000   22.5000   37.5000 2240.3022   25.6919
   -7.5000   30.0000   37.5000 2100.2673   29.0407
    0.0000   30.0000   37.5000 2108.9417   28.7842
    7.5000   30.0000   37.5000 2091.7595   28.9821
   -7.5000   37.5000   37.5000 1959.3452   33.2609
    0.0000   37.5000   37.5000 1957.6619   32.9019
    7.5000   37.5000   37.5000 1947.0291   33.2677
   -7.5000   45.0000   37.5000 1798.0466   38.9453
    0.0000   45.0000   37.5000 1794.9308   38.4745
    7.5000   45.0000   37.5000 1783.0258   38.9853
   -7.5000  -45.0000   45.0000 2665.1663   19.6579
    0.0000  -45.0000   45.0000 2678.6558   19.2475
    7.5000  -45.0000   45.0000 2655.1296   19.4846
   -7.5000  -37.5000   45.0000 2727.0405   18.7499
    0.0000  -37.5000   45.0000 2734.0369   18.4179
    7.5000  -37.5000   45.0000 2712.1196   18.6460
   -7.5000  -30.0000   45.0000 2757.8425   18.4263
    0.0000  -30.0000   45.0000 2754.9170   18.0902
    7.5000  -30.0000   45.0000 2743.6621   18.3190
   -7.5000  -22.5000   45.0000 2748.7463   18.5146
    0.0000  -22.5000   45.0000 2754.6143   18.1783
    7.5000  -22.5000   45.0000 2743.5020   18.3674
   -7.5000  -15.0000   45.0000 2708.7529   18.9913
    0.0000  -15.0000   45.0000 2718.2300   18.6814
    7.5000  -15.0000   45.0000 2707.1748   18.8408
   -7.5000   -7.5000   45.0000 2649.4680   19.7941
    0.0000   -7.5000   45.0000 2659.4617   19.5007
    7.5000   -7.5000   45.0000 2643.4814   19.6717
   -7.5000    0.0000   45.0000 2568.5808   20.9635
    0.0000    0.0000   45.0000 2579.3274   20.6884
    7.5000    0.0000   45.0000 2563.0894   20.8385
   -7.5000    7.5000   45.0000 2470.6047   22.4559
    0.0000    7.5000   45.0000 2478.9399   22.2071
    7.5000    7.5000   45.0000 2458.4192   22.2848
   -7.5000   15.0000   45.0000 2333.1111   24.3340
    0.0000   15.0000   45.0000 2344.6936   24.1376
    7.5000   15.0000   45.0000 2325.9353   24.1543
   -7.5000   22.5000   45.0000 2195.1138   26.7493
    0.0000   22.5000   45.0000 2205.7471   26.5882
    7.5000   22.5000   45.0000 2189.0444   26.6398
   -7.5000   30.0000   45.0000 2060.8564   30.0180
    0.0000   30.0000   45.0000 2065.1663   29.7956
    7.5000   30.0000   45.0000 2055.5425   29.9055
   -7.5000   37.5000   45.0000 1913.8376   34.3527
    0.0000   37.5000   45.0000 1915.4276   33.9889
    7.5000   37.5000   45.0000 1910.5349   34.3886
   -7.5000   45.0000   45.0000 1762.1462   40.0796
    0.0000   45.0000   45.0000 1760.3032   39.6598
    7.5000   45.0000   45.0000 1747.1907   40.2420

---------------------------------------------------------------------
imgreg_4dfp /opt/freesurfer/average/711-2C_as_mni_average_305 /opt/freesurfer/average/711-2B_as_mni_average_305_mask talsrcimg_g11 none talsrcimg_to_711-2C_as_mni_average_305_t4 1283
---------------------------------------------------------------------

freesurfer imgreg_4dfp.c
/opt/freesurfer/average/711-2C_as_mni_average_305.4dfp.img
       256       256       256         1
  1.000000  1.000000  1.000000
orientation T byte_order littleendian
Reading image: /opt/freesurfer/average/711-2C_as_mni_average_305.4dfp.img
dimensions:      256       256       256
mmppix:       1.0000   -1.0000   -1.0000
center:     128.0000 -129.0000 -129.0000
/opt/freesurfer/average/711-2B_as_mni_average_305_mask.4dfp.img
       256       256       256         1
  1.000000  1.000000  1.000000
orientation T byte_order littleendian
Reading mask: /opt/freesurfer/average/711-2B_as_mni_average_305_mask.4dfp.img (2306576 pixels)
talsrcimg_g11.4dfp.img
       256       256       256         1
  1.000000  1.000000  1.000000
orientation T byte_order littleendian
Reading image: talsrcimg_g11.4dfp.img
dimensions:      256       256       256
mmppix:       1.0000   -1.0000   -1.0000
center:     128.0000 -129.0000 -129.0000
rotation matrix determinant  1.000000
fimgreg.f
image alignment mode   1283 decimal      503 hex
parameters
    0.0000  -30.0000   22.5000    0.0000    0.0000    0.0000
eta,q 0.92988 15.73954
niter,ni,del,rscale     5    3   12.0000    1.2000
parameter  3  0.507873 ->  0.500000 qaram    1.1500
parameter  4  0.977558 ->  0.500000 qaram    1.1500
parameter  6 -0.978179 -> -0.500000 qaram    1.1500
parameters
   -2.4527  -30.1414   19.0500   -3.4500   -1.5906    3.4500
eta,q 0.94268 15.34151
  0.0725  0.0740  0.0671  0.0611  0.0643  0.0676
  0.0691  0.0699  0.0644  0.0601  0.0618  0.0652
  0.0673  0.0670  0.0633  0.0607  0.0602  0.0626
  0.0706  0.0668  0.0664  0.0640  0.0600  0.0600
  0.0748  0.0703  0.0710  0.0672  0.0626  0.0581
  0.0797  0.0717  0.0752  0.0703  0.0679  0.0572
  0.0866  0.0724  0.0799  0.0734  0.0740  0.0579
niter,ni,del,rscale     7    3   12.0000    1.2000
parameters
   -2.3394  -29.3534   19.2936   -4.6150   -1.7745    4.2436
eta,q 0.94356 15.37418
  0.0725  0.0756  0.0755  0.0650  0.0650  0.0639
  0.0649  0.0668  0.0681  0.0612  0.0601  0.0610
  0.0594  0.0605  0.0619  0.0570  0.0577  0.0582
  0.0573  0.0573  0.0575  0.0573  0.0564  0.0565
  0.0594  0.0596  0.0601  0.0618  0.0569  0.0569
  0.0649  0.0641  0.0666  0.0666  0.0603  0.0585
  0.0708  0.0669  0.0735  0.0696  0.0670  0.0616
niter,ni,del,rscale     6    3   12.0000    1.2000
parameters
   -2.0691  -28.6663   19.4100   -5.4169   -2.2298    4.2904
eta,q 0.94352 15.40832
  0.0730  0.0731  0.0740  0.0654  0.0642  0.0624
  0.0647  0.0655  0.0673  0.0620  0.0593  0.0597
  0.0586  0.0593  0.0610  0.0575  0.0571  0.0575
  0.0564  0.0564  0.0567  0.0566  0.0564  0.0565
  0.0582  0.0590  0.0597  0.0603  0.0571  0.0570
  0.0636  0.0631  0.0663  0.0656  0.0610  0.0588
  0.0698  0.0660  0.0735  0.0694  0.0677  0.0628
niter,ni,del,rscale     5    3   12.0000    1.2000
parameters
   -1.7004  -28.1266   19.4913   -5.9971   -2.7149    4.1457
eta,q 0.94362 15.43340
  0.0730  0.0717  0.0729  0.0661  0.0642  0.0615
  0.0647  0.0647  0.0670  0.0623  0.0593  0.0593
  0.0588  0.0589  0.0607  0.0576  0.0569  0.0574
  0.0565  0.0563  0.0566  0.0565  0.0563  0.0564
  0.0578  0.0589  0.0592  0.0597  0.0573  0.0568
  0.0628  0.0629  0.0658  0.0648  0.0612  0.0587
  0.0691  0.0662  0.0731  0.0691  0.0678  0.0628
niter,ni,del,rscale     4    3   12.0000    1.2000
parameters
   -1.3712  -27.7459   19.5555   -6.3375   -3.0533    3.9307
eta,q 0.94372 15.44020
  0.0725  0.0708  0.0722  0.0667  0.0648  0.0610
  0.0645  0.0642  0.0670  0.0629  0.0598  0.0589
  0.0590  0.0588  0.0604  0.0577  0.0569  0.0572
  0.0564  0.0563  0.0564  0.0564  0.0562  0.0562
  0.0577  0.0590  0.0589  0.0595  0.0572  0.0567
  0.0628  0.0632  0.0655  0.0642  0.0610  0.0585
  0.0692  0.0667  0.0728  0.0685  0.0674  0.0625
niter,ni,del,rscale     3    3   12.0000    1.2000
parameters
   -1.1622  -27.5078   19.5940   -6.4959   -3.2406    3.7637
eta,q 0.94376 15.44003
  0.0717  0.0701  0.0718  0.0672  0.0653  0.0609
  0.0642  0.0638  0.0671  0.0634  0.0603  0.0588
  0.0590  0.0586  0.0603  0.0579  0.0572  0.0571
  0.0563  0.0562  0.0563  0.0563  0.0562  0.0562
  0.0579  0.0593  0.0589  0.0594  0.0571  0.0567
  0.0632  0.0636  0.0654  0.0638  0.0608  0.0584
  0.0697  0.0671  0.0729  0.0680  0.0669  0.0621
niter,ni,del,rscale     2    3   12.0000    1.2000
parameters
   -1.0465  -27.3878   19.5970   -6.5772   -3.3385    3.6430
eta,q 0.94377 15.43904
  0.0712  0.0695  0.0716  0.0674  0.0655  0.0609
  0.0640  0.0634  0.0670  0.0636  0.0606  0.0587
  0.0589  0.0583  0.0601  0.0581  0.0574  0.0571
  0.0562  0.0562  0.0562  0.0562  0.0562  0.0562
  0.0582  0.0596  0.0590  0.0593  0.0571  0.0567
  0.0635  0.0639  0.0655  0.0636  0.0606  0.0583
  0.0701  0.0674  0.0730  0.0678  0.0667  0.0618
niter,ni,del,rscale     1    3   12.0000    1.2000
parameters
   -0.9833  -27.3280   19.5928   -6.6210   -3.3913    3.5676
eta,q 0.94377 15.43700
  0.0710  0.0693  0.0716  0.0675  0.0657  0.0609
  0.0639  0.0633  0.0670  0.0637  0.0608  0.0587
  0.0589  0.0582  0.0601  0.0581  0.0575  0.0570
  0.0562  0.0562  0.0562  0.0562  0.0562  0.0562
  0.0583  0.0598  0.0591  0.0593  0.0571  0.0567
  0.0637  0.0640  0.0655  0.0636  0.0605  0.0583
  0.0704  0.0675  0.0730  0.0676  0.0665  0.0617
registration optimization eta report
parameter search radius
    6.0000    6.0000    6.9000    6.9000    6.0000    6.9000
100000*second partial in parameter space
       39.       31.       32.       22.       28.       11.
  0.0710  0.0693  0.0716  0.0675  0.0657  0.0609
  0.0639  0.0633  0.0670  0.0637  0.0608  0.0587
  0.0589  0.0582  0.0601  0.0581  0.0575  0.0570
  0.0562  0.0562  0.0562  0.0562  0.0562  0.0562
  0.0583  0.0598  0.0591  0.0593  0.0571  0.0567
  0.0637  0.0640  0.0655  0.0636  0.0605  0.0583
  0.0704  0.0675  0.0730  0.0676  0.0665  0.0617
   -0.9833  -27.3280   19.5928   -6.6210   -3.3913    3.5676
eta,q 0.94377 15.43700

---------------------------------------------------------------------
imgreg_4dfp /opt/freesurfer/average/711-2C_as_mni_average_305 /opt/freesurfer/average/711-2B_as_mni_average_305_mask talsrcimg_g11 none talsrcimg_to_711-2C_as_mni_average_305_t4 3335
---------------------------------------------------------------------

freesurfer imgreg_4dfp.c
/opt/freesurfer/average/711-2C_as_mni_average_305.4dfp.img
       256       256       256         1
  1.000000  1.000000  1.000000
orientation T byte_order littleendian
Reading image: /opt/freesurfer/average/711-2C_as_mni_average_305.4dfp.img
dimensions:      256       256       256
mmppix:       1.0000   -1.0000   -1.0000
center:     128.0000 -129.0000 -129.0000
/opt/freesurfer/average/711-2B_as_mni_average_305_mask.4dfp.img
       256       256       256         1
  1.000000  1.000000  1.000000
orientation T byte_order littleendian
Reading mask: /opt/freesurfer/average/711-2B_as_mni_average_305_mask.4dfp.img (2306576 pixels)
talsrcimg_g11.4dfp.img
       256       256       256         1
  1.000000  1.000000  1.000000
orientation T byte_order littleendian
Reading image: talsrcimg_g11.4dfp.img
dimensions:      256       256       256
mmppix:       1.0000   -1.0000   -1.0000
center:     128.0000 -129.0000 -129.0000
fimgreg.f
image alignment mode   3335 decimal      D07 hex
parameters
   -0.9833  -27.3280   19.5928   -0.3686   -0.9019   -0.8409
   -6.8619    5.1471    6.2117   11.8733   -5.9154  -11.5099
eta,q 0.94189 15.57862
niter,ni,del,rscale     5    3    5.0000    1.2000
parameter  4  1.767410 ->  0.500000 qaram    1.1500
parameter  5-63.009064 ->  0.500000 qaram    1.1500
parameter  6  0.762012 ->  0.500000 qaram    1.1500
parameters
   -1.0324  -26.6568   19.1263   -4.5086   -5.0419   -4.9809
   -8.6648    4.9642    4.4409    9.2668   -2.4690  -11.5255
eta,q 0.95926 15.48668
  0.0613  0.0603  0.0595  0.0485  0.0397  0.0410  0.0430  0.0462  0.0425  0.0425  0.0428  0.0422
  0.0596  0.0592  0.0585  0.0500  0.0435  0.0416  0.0420  0.0430  0.0418  0.0413  0.0418  0.0413
  0.0585  0.0585  0.0580  0.0530  0.0471  0.0423  0.0416  0.0417  0.0415  0.0409  0.0412  0.0409
  0.0581  0.0581  0.0580  0.0579  0.0506  0.0445  0.0418  0.0416  0.0416  0.0415  0.0409  0.0407
  0.0586  0.0580  0.0586  0.0640  0.0541  0.0490  0.0425  0.0423  0.0421  0.0428  0.0408  0.0409
  0.0598  0.0583  0.0597  0.0702  0.0575  0.0570  0.0437  0.0437  0.0430  0.0445  0.0407  0.0414
  0.0616  0.0587  0.0611  0.0756  0.0614  0.0631  0.0453  0.0463  0.0443  0.0468  0.0409  0.0421
niter,ni,del,rscale     7    3    5.0000    1.2000
parameter  2  1.343832 ->  0.500000 qaram    1.1500
parameter  3  3.424379 ->  0.500000 qaram    1.1500
parameter  4  0.527621 ->  0.500000 qaram    1.3225
parameter  5  1.517511 ->  0.500000 qaram    1.3225
parameters
   -0.2238  -28.0368   17.7463   -9.2696   -9.8029   -6.7752
   -7.5472    4.3368    5.9837    8.8678   -4.3959  -13.2730
eta,q 0.97184 15.35969
  0.0459  0.0379  0.0327  0.0341  0.0271  0.0313  0.0317  0.0315  0.0314  0.0317  0.0287  0.0288
  0.0436  0.0383  0.0342  0.0335  0.0275  0.0299  0.0300  0.0297  0.0300  0.0299  0.0283  0.0284
  0.0419  0.0392  0.0362  0.0335  0.0295  0.0287  0.0289  0.0286  0.0289  0.0287  0.0282  0.0282
  0.0407  0.0403  0.0385  0.0347  0.0335  0.0279  0.0284  0.0284  0.0283  0.0282  0.0283  0.0282
  0.0404  0.0418  0.0410  0.0380  0.0376  0.0287  0.0285  0.0291  0.0283  0.0287  0.0285  0.0285
  0.0407  0.0436  0.0436  0.0434  0.0418  0.0321  0.0290  0.0307  0.0287  0.0302  0.0290  0.0291
  0.0418  0.0458  0.0463  0.0505  0.0462  0.0408  0.0301  0.0328  0.0296  0.0329  0.0296  0.0300
niter,ni,del,rscale     7    3    5.0000    1.2000
parameter  3  1.427567 ->  0.500000 qaram    1.3225
parameter 12  0.643181 ->  0.500000 qaram    1.1500
parameters
    0.1815  -28.6251   16.1593   -9.0075  -13.8288   -7.2653
   -8.2768    4.6596    6.4692    9.1843   -4.4675  -17.4130
eta,q 0.97486 15.13641
  0.0320  0.0303  0.0251  0.0311  0.0271  0.0293  0.0274  0.0298  0.0276  0.0287  0.0261  0.0253
  0.0301  0.0287  0.0257  0.0290  0.0258  0.0278  0.0263  0.0273  0.0265  0.0271  0.0258  0.0251
  0.0288  0.0279  0.0266  0.0273  0.0252  0.0266  0.0257  0.0260  0.0258  0.0261  0.0256  0.0252
  0.0282  0.0281  0.0278  0.0259  0.0258  0.0253  0.0256  0.0256  0.0256  0.0256  0.0255  0.0255
  0.0281  0.0291  0.0294  0.0252  0.0287  0.0244  0.0260  0.0259  0.0257  0.0256  0.0256  0.0261
  0.0288  0.0310  0.0313  0.0271  0.0339  0.0266  0.0269  0.0271  0.0262  0.0266  0.0258  0.0267
  0.0301  0.0336  0.0335  0.0321  0.0387  0.0331  0.0283  0.0289  0.0271  0.0284  0.0261  0.0275
niter,ni,del,rscale     7    3    5.0000    1.2000
parameter  3  0.845549 ->  0.500000 qaram    1.5209
parameters
    0.1531  -28.6463   14.3343   -8.0490  -14.8385   -8.5275
   -8.3832    5.0085    6.9006    9.9090   -4.4993  -18.9546
eta,q 0.97589 15.06268
  0.0280  0.0286  0.0238  0.0296  0.0280  0.0276  0.0265  0.0290  0.0264  0.0280  0.0248  0.0253
  0.0264  0.0265  0.0237  0.0274  0.0260  0.0260  0.0253  0.0258  0.0253  0.0259  0.0244  0.0243
  0.0254  0.0254  0.0242  0.0255  0.0243  0.0249  0.0246  0.0245  0.0246  0.0248  0.0242  0.0241
  0.0251  0.0251  0.0251  0.0238  0.0233  0.0236  0.0243  0.0243  0.0243  0.0243  0.0242  0.0242
  0.0255  0.0256  0.0264  0.0228  0.0237  0.0235  0.0245  0.0247  0.0244  0.0243  0.0242  0.0246
  0.0265  0.0267  0.0281  0.0245  0.0267  0.0272  0.0254  0.0259  0.0250  0.0251  0.0244  0.0253
  0.0281  0.0285  0.0303  0.0289  0.0322  0.0345  0.0267  0.0276  0.0260  0.0267  0.0248  0.0263
niter,ni,del,rscale     7    3    5.0000    1.2000
parameters
    0.0892  -28.6087   13.6152   -7.7611  -14.9444   -9.4060
   -8.4172    5.0677    6.9468   10.2080   -4.8902  -19.1665
eta,q 0.97585 15.02636
  0.0269  0.0277  0.0261  0.0292  0.0290  0.0279  0.0265  0.0285  0.0261  0.0276  0.0248  0.0260
  0.0254  0.0256  0.0242  0.0271  0.0268  0.0262  0.0253  0.0255  0.0251  0.0255  0.0243  0.0247
  0.0245  0.0245  0.0237  0.0254  0.0250  0.0249  0.0245  0.0243  0.0244  0.0246  0.0242  0.0242
  0.0241  0.0241  0.0241  0.0238  0.0237  0.0237  0.0242  0.0242  0.0242  0.0242  0.0242  0.0242
  0.0244  0.0245  0.0249  0.0232  0.0235  0.0232  0.0244  0.0248  0.0244  0.0244  0.0242  0.0245
  0.0255  0.0256  0.0262  0.0253  0.0257  0.0263  0.0252  0.0260  0.0250  0.0253  0.0245  0.0251
  0.0274  0.0274  0.0280  0.0300  0.0307  0.0330  0.0266  0.0278  0.0261  0.0270  0.0249  0.0260
niter,ni,del,rscale     6    3    5.0000    1.2000
parameters
    0.0599  -28.5303   13.3883   -7.6987  -14.8933   -9.7724
   -8.4659    5.1010    7.0353   10.3038   -5.0104  -19.2679
eta,q 0.97578 15.01492
  0.0271  0.0277  0.0269  0.0293  0.0294  0.0284  0.0265  0.0286  0.0262  0.0274  0.0250  0.0262
  0.0255  0.0257  0.0248  0.0273  0.0272  0.0266  0.0254  0.0255  0.0252  0.0255  0.0244  0.0248
  0.0245  0.0246  0.0241  0.0256  0.0254  0.0251  0.0246  0.0243  0.0245  0.0246  0.0242  0.0243
  0.0242  0.0241  0.0242  0.0241  0.0241  0.0241  0.0242  0.0242  0.0242  0.0242  0.0242  0.0242
  0.0244  0.0245  0.0247  0.0236  0.0238  0.0231  0.0244  0.0248  0.0244  0.0245  0.0243  0.0245
  0.0255  0.0256  0.0257  0.0259  0.0258  0.0255  0.0253  0.0261  0.0250  0.0255  0.0246  0.0252
  0.0274  0.0273  0.0272  0.0307  0.0306  0.0316  0.0267  0.0279  0.0262  0.0272  0.0249  0.0260
niter,ni,del,rscale     5    3    5.0000    1.2000
parameters
    0.0505  -28.4906   13.2872   -7.6782  -14.8891   -9.9089
   -8.4942    5.1239    7.0691   10.3696   -5.0690  -19.3128
eta,q 0.97574 15.01040
  0.0272  0.0277  0.0271  0.0294  0.0294  0.0286  0.0265  0.0286  0.0262  0.0274  0.0250  0.0263
  0.0256  0.0257  0.0250  0.0274  0.0273  0.0267  0.0254  0.0256  0.0252  0.0255  0.0245  0.0248
  0.0246  0.0246  0.0242  0.0257  0.0255  0.0253  0.0246  0.0243  0.0245  0.0246  0.0243  0.0243
  0.0242  0.0242  0.0242  0.0242  0.0242  0.0242  0.0243  0.0243  0.0243  0.0243  0.0243  0.0243
  0.0245  0.0246  0.0247  0.0238  0.0239  0.0231  0.0245  0.0249  0.0244  0.0245  0.0244  0.0246
  0.0255  0.0257  0.0256  0.0260  0.0260  0.0252  0.0253  0.0262  0.0251  0.0255  0.0246  0.0252
  0.0274  0.0274  0.0271  0.0308  0.0308  0.0310  0.0267  0.0280  0.0262  0.0272  0.0250  0.0260
niter,ni,del,rscale     4    3    5.0000    1.2000
parameters
    0.0484  -28.4695   13.2489   -7.6668  -14.8896   -9.9550
   -8.5087    5.1387    7.0899   10.4036   -5.0921  -19.3259
eta,q 0.97573 15.00943
  0.0272  0.0277  0.0273  0.0294  0.0295  0.0287  0.0266  0.0287  0.0262  0.0274  0.0250  0.0263
  0.0257  0.0257  0.0251  0.0274  0.0273  0.0268  0.0254  0.0256  0.0252  0.0255  0.0245  0.0249
  0.0247  0.0246  0.0243  0.0257  0.0255  0.0253  0.0246  0.0243  0.0245  0.0246  0.0243  0.0243
  0.0243  0.0243  0.0243  0.0243  0.0243  0.0243  0.0243  0.0243  0.0243  0.0243  0.0243  0.0243
  0.0245  0.0247  0.0247  0.0238  0.0240  0.0231  0.0245  0.0249  0.0244  0.0246  0.0244  0.0246
  0.0255  0.0258  0.0256  0.0261  0.0260  0.0251  0.0253  0.0262  0.0251  0.0255  0.0246  0.0252
  0.0274  0.0275  0.0270  0.0308  0.0309  0.0308  0.0267  0.0280  0.0262  0.0272  0.0250  0.0260
niter,ni,del,rscale     3    3    5.0000    1.2000
parameters
    0.0467  -28.4611   13.2324   -7.6608  -14.8870   -9.9747
   -8.5134    5.1435    7.0987   10.4197   -5.0960  -19.3305
eta,q 0.97573 15.00916
  0.0272  0.0276  0.0273  0.0294  0.0295  0.0287  0.0266  0.0286  0.0262  0.0274  0.0251  0.0263
  0.0257  0.0257  0.0252  0.0274  0.0274  0.0268  0.0254  0.0256  0.0252  0.0254  0.0245  0.0249
  0.0247  0.0246  0.0244  0.0257  0.0255  0.0253  0.0246  0.0243  0.0245  0.0246  0.0243  0.0243
  0.0243  0.0243  0.0243  0.0243  0.0243  0.0243  0.0243  0.0243  0.0243  0.0243  0.0243  0.0243
  0.0245  0.0247  0.0247  0.0238  0.0240  0.0231  0.0245  0.0249  0.0244  0.0246  0.0244  0.0246
  0.0255  0.0258  0.0256  0.0261  0.0260  0.0251  0.0253  0.0262  0.0251  0.0256  0.0246  0.0252
  0.0274  0.0275  0.0270  0.0309  0.0309  0.0307  0.0267  0.0280  0.0263  0.0273  0.0250  0.0260
registration optimization eta report
parameter search radius
    2.4000    2.7600    3.6501    9.5220    9.5220    8.2800
    7.2000    7.2000    7.2000    7.2000    7.2000    8.2800
100000*second partial in parameter space
       53.       43.       22.        7.        7.        9.
        5.        8.        4.        6.        1.        3.
  0.0272  0.0276  0.0273  0.0294  0.0295  0.0287  0.0266  0.0286  0.0262  0.0274  0.0251  0.0263
  0.0257  0.0257  0.0252  0.0274  0.0274  0.0268  0.0254  0.0256  0.0252  0.0254  0.0245  0.0249
  0.0247  0.0246  0.0244  0.0257  0.0255  0.0253  0.0246  0.0243  0.0245  0.0246  0.0243  0.0243
  0.0243  0.0243  0.0243  0.0243  0.0243  0.0243  0.0243  0.0243  0.0243  0.0243  0.0243  0.0243
  0.0245  0.0247  0.0247  0.0238  0.0240  0.0231  0.0245  0.0249  0.0244  0.0246  0.0244  0.0246
  0.0255  0.0258  0.0256  0.0261  0.0260  0.0251  0.0253  0.0262  0.0251  0.0256  0.0246  0.0252
  0.0274  0.0275  0.0270  0.0309  0.0309  0.0307  0.0267  0.0280  0.0263  0.0273  0.0250  0.0260
    0.0467  -28.4611   13.2324   -7.6608  -14.8870   -9.9747
   -8.5134    5.1435    7.0987   10.4197   -5.0960  -19.3305
eta,q 0.97573 15.00916

---------------------------------------------------------------------
imgreg_4dfp /opt/freesurfer/average/711-2C_as_mni_average_305 /opt/freesurfer/average/711-2B_as_mni_average_305_mask talsrcimg_g11 none talsrcimg_to_711-2C_as_mni_average_305_t4 2311
---------------------------------------------------------------------

freesurfer imgreg_4dfp.c
/opt/freesurfer/average/711-2C_as_mni_average_305.4dfp.img
       256       256       256         1
  1.000000  1.000000  1.000000
orientation T byte_order littleendian
Reading image: /opt/freesurfer/average/711-2C_as_mni_average_305.4dfp.img
dimensions:      256       256       256
mmppix:       1.0000   -1.0000   -1.0000
center:     128.0000 -129.0000 -129.0000
/opt/freesurfer/average/711-2B_as_mni_average_305_mask.4dfp.img
       256       256       256         1
  1.000000  1.000000  1.000000
orientation T byte_order littleendian
Reading mask: /opt/freesurfer/average/711-2B_as_mni_average_305_mask.4dfp.img (2306576 pixels)
talsrcimg_g11.4dfp.img
       256       256       256         1
  1.000000  1.000000  1.000000
orientation T byte_order littleendian
Reading image: talsrcimg_g11.4dfp.img
dimensions:      256       256       256
mmppix:       1.0000   -1.0000   -1.0000
center:     128.0000 -129.0000 -129.0000
fimgreg.f
image alignment mode   2311 decimal      907 hex
parameters
    0.0467  -28.4611   13.2324   -7.6608  -14.8870   -9.9747
   -8.5134    5.1435    7.0987   10.4197   -5.0960  -19.3305
eta,q 0.97573 15.00917
niter,ni,del,rscale     5    3    5.0000    0.8000
parameters
    0.1148  -28.5005   12.8998   -5.8198  -13.5349   -9.3403
   -9.0782    5.7903    6.8947   11.1054   -4.1963  -19.2343
eta,q 0.97683 15.23279
  0.0257  0.0254  0.0245  0.0266  0.0259  0.0256  0.0242  0.0268  0.0242  0.0255  0.0240  0.0241
  0.0250  0.0247  0.0243  0.0258  0.0250  0.0248  0.0236  0.0246  0.0237  0.0243  0.0235  0.0235
  0.0245  0.0244  0.0243  0.0250  0.0243  0.0241  0.0232  0.0235  0.0233  0.0236  0.0233  0.0232
  0.0243  0.0243  0.0243  0.0243  0.0237  0.0235  0.0232  0.0232  0.0232  0.0232  0.0232  0.0232
  0.0244  0.0244  0.0244  0.0238  0.0235  0.0228  0.0234  0.0234  0.0233  0.0232  0.0232  0.0233
  0.0248  0.0248  0.0246  0.0239  0.0237  0.0232  0.0240  0.0240  0.0237  0.0237  0.0233  0.0235
  0.0255  0.0255  0.0249  0.0248  0.0245  0.0253  0.0249  0.0249  0.0244  0.0245  0.0235  0.0239
niter,ni,del,rscale     4    3    5.0000    0.7000
parameters
   -0.0987  -28.4931   12.7349   -5.4038  -13.3473   -8.8381
   -8.6933    5.7119    6.7264   11.2356   -3.4125  -19.1450
eta,q 0.97726 15.28313
  0.0240  0.0242  0.0236  0.0249  0.0245  0.0250  0.0239  0.0247  0.0235  0.0245  0.0235  0.0236
  0.0235  0.0236  0.0233  0.0242  0.0239  0.0244  0.0233  0.0234  0.0231  0.0235  0.0231  0.0230
  0.0232  0.0233  0.0231  0.0236  0.0234  0.0238  0.0229  0.0228  0.0228  0.0229  0.0228  0.0228
  0.0232  0.0232  0.0232  0.0231  0.0230  0.0230  0.0228  0.0227  0.0227  0.0227  0.0227  0.0227
  0.0234  0.0233  0.0233  0.0230  0.0230  0.0225  0.0228  0.0230  0.0228  0.0229  0.0228  0.0229
  0.0239  0.0236  0.0235  0.0234  0.0234  0.0230  0.0231  0.0237  0.0231  0.0234  0.0229  0.0231
  0.0248  0.0242  0.0237  0.0246  0.0245  0.0249  0.0236  0.0247  0.0237  0.0242  0.0230  0.0234
niter,ni,del,rscale     3    3    5.0000    0.6000
parameters
   -0.2312  -28.4902   12.8513   -5.0791  -13.2193   -8.4029
   -8.5709    5.5144    6.5151   11.1817   -3.0013  -19.0979
eta,q 0.97754 15.31999
  0.0235  0.0235  0.0234  0.0242  0.0238  0.0245  0.0232  0.0238  0.0230  0.0237  0.0230  0.0231
  0.0230  0.0231  0.0230  0.0236  0.0233  0.0239  0.0228  0.0229  0.0227  0.0230  0.0227  0.0227
  0.0228  0.0228  0.0228  0.0231  0.0229  0.0233  0.0226  0.0225  0.0225  0.0226  0.0225  0.0225
  0.0227  0.0227  0.0227  0.0227  0.0227  0.0227  0.0225  0.0225  0.0225  0.0225  0.0225  0.0225
  0.0229  0.0228  0.0228  0.0226  0.0227  0.0223  0.0225  0.0227  0.0225  0.0226  0.0225  0.0226
  0.0233  0.0231  0.0229  0.0230  0.0230  0.0228  0.0228  0.0232  0.0228  0.0231  0.0226  0.0228
  0.0239  0.0235  0.0231  0.0240  0.0238  0.0243  0.0232  0.0241  0.0232  0.0238  0.0227  0.0230
niter,ni,del,rscale     2    3    5.0000    0.5000
parameters
   -0.3302  -28.5091   13.0045   -4.8583  -13.1050   -7.9948
   -8.5282    5.3939    6.3724   11.1125   -2.7732  -19.0572
eta,q 0.97774 15.34932
  0.0230  0.0230  0.0230  0.0235  0.0232  0.0240  0.0228  0.0233  0.0227  0.0232  0.0226  0.0228
  0.0227  0.0227  0.0227  0.0231  0.0229  0.0235  0.0225  0.0226  0.0224  0.0227  0.0224  0.0225
  0.0225  0.0225  0.0225  0.0227  0.0226  0.0230  0.0223  0.0223  0.0223  0.0223  0.0223  0.0223
  0.0225  0.0225  0.0225  0.0225  0.0224  0.0224  0.0223  0.0223  0.0223  0.0223  0.0223  0.0223
  0.0226  0.0225  0.0225  0.0224  0.0224  0.0222  0.0223  0.0224  0.0223  0.0224  0.0223  0.0223
  0.0229  0.0227  0.0226  0.0227  0.0227  0.0226  0.0225  0.0228  0.0225  0.0227  0.0224  0.0225
  0.0233  0.0231  0.0227  0.0234  0.0232  0.0237  0.0228  0.0234  0.0228  0.0233  0.0225  0.0227
niter,ni,del,rscale     1    3    5.0000    0.4000
parameters
   -0.3895  -28.5307   13.1884   -4.6880  -13.0245   -7.5990
   -8.5209    5.3207    6.2661   11.0397   -2.6728  -19.0398
eta,q 0.97789 15.37302
  0.0226  0.0226  0.0227  0.0230  0.0228  0.0235  0.0225  0.0228  0.0224  0.0228  0.0224  0.0225
  0.0224  0.0224  0.0225  0.0227  0.0225  0.0231  0.0223  0.0224  0.0222  0.0224  0.0222  0.0223
  0.0223  0.0223  0.0223  0.0224  0.0223  0.0226  0.0222  0.0222  0.0221  0.0222  0.0221  0.0221
  0.0223  0.0223  0.0223  0.0222  0.0222  0.0222  0.0221  0.0221  0.0221  0.0221  0.0221  0.0221
  0.0223  0.0223  0.0222  0.0222  0.0222  0.0221  0.0222  0.0222  0.0222  0.0222  0.0221  0.0222
  0.0225  0.0224  0.0223  0.0224  0.0224  0.0224  0.0223  0.0225  0.0223  0.0225  0.0222  0.0223
  0.0228  0.0227  0.0224  0.0229  0.0228  0.0231  0.0225  0.0229  0.0224  0.0228  0.0223  0.0224
registration optimization eta report
parameter search radius
    0.8000    0.8000    0.8000    2.4000    2.4000    2.4000
    2.4000    2.4000    2.4000    2.4000    2.4000    2.4000
100000*second partial in parameter space
       72.       59.       47.       13.       10.       18.
        6.       13.        5.       12.        4.        6.
  0.0226  0.0226  0.0227  0.0230  0.0228  0.0235  0.0225  0.0228  0.0224  0.0228  0.0224  0.0225
  0.0224  0.0224  0.0225  0.0227  0.0225  0.0231  0.0223  0.0224  0.0222  0.0224  0.0222  0.0223
  0.0223  0.0223  0.0223  0.0224  0.0223  0.0226  0.0222  0.0222  0.0221  0.0222  0.0221  0.0221
  0.0223  0.0223  0.0223  0.0222  0.0222  0.0222  0.0221  0.0221  0.0221  0.0221  0.0221  0.0221
  0.0223  0.0223  0.0222  0.0222  0.0222  0.0221  0.0222  0.0222  0.0222  0.0222  0.0221  0.0222
  0.0225  0.0224  0.0223  0.0224  0.0224  0.0224  0.0223  0.0225  0.0223  0.0225  0.0222  0.0223
  0.0228  0.0227  0.0224  0.0229  0.0228  0.0231  0.0225  0.0229  0.0224  0.0228  0.0223  0.0224
   -0.3895  -28.5307   13.1884   -4.6880  -13.0245   -7.5990
   -8.5209    5.3207    6.2661   11.0397   -2.6728  -19.0398
eta,q 0.97789 15.37302

---------------------------------------------------------------------
imgreg_4dfp /opt/freesurfer/average/711-2C_as_mni_average_305 /opt/freesurfer/average/711-2B_as_mni_average_305_mask talsrcimg_g11 none talsrcimg_to_711-2C_as_mni_average_305_t4 2311
---------------------------------------------------------------------

freesurfer imgreg_4dfp.c
/opt/freesurfer/average/711-2C_as_mni_average_305.4dfp.img
       256       256       256         1
  1.000000  1.000000  1.000000
orientation T byte_order littleendian
Reading image: /opt/freesurfer/average/711-2C_as_mni_average_305.4dfp.img
dimensions:      256       256       256
mmppix:       1.0000   -1.0000   -1.0000
center:     128.0000 -129.0000 -129.0000
/opt/freesurfer/average/711-2B_as_mni_average_305_mask.4dfp.img
       256       256       256         1
  1.000000  1.000000  1.000000
orientation T byte_order littleendian
Reading mask: /opt/freesurfer/average/711-2B_as_mni_average_305_mask.4dfp.img (2306576 pixels)
talsrcimg_g11.4dfp.img
       256       256       256         1
  1.000000  1.000000  1.000000
orientation T byte_order littleendian
Reading image: talsrcimg_g11.4dfp.img
dimensions:      256       256       256
mmppix:       1.0000   -1.0000   -1.0000
center:     128.0000 -129.0000 -129.0000
fimgreg.f
image alignment mode   2311 decimal      907 hex
parameters
   -0.3895  -28.5307   13.1884   -4.6880  -13.0245   -7.5990
   -8.5209    5.3207    6.2661   11.0397   -2.6728  -19.0398
eta,q 0.97789 15.37302
niter,ni,del,rscale     5    3    5.0000    0.8000
parameters
   -0.4439  -28.5637   13.4926   -5.4019  -13.5559   -8.0710
   -8.1062    5.0255    6.4681   10.9179   -2.8560  -18.8967
eta,q 0.97755 15.31310
  0.0239  0.0236  0.0239  0.0239  0.0238  0.0247  0.0238  0.0245  0.0235  0.0243  0.0230  0.0235
  0.0229  0.0228  0.0230  0.0232  0.0231  0.0240  0.0232  0.0231  0.0230  0.0232  0.0226  0.0228
  0.0223  0.0223  0.0224  0.0225  0.0225  0.0232  0.0227  0.0225  0.0226  0.0226  0.0225  0.0225
  0.0221  0.0221  0.0221  0.0221  0.0222  0.0223  0.0225  0.0225  0.0225  0.0224  0.0224  0.0224
  0.0224  0.0223  0.0221  0.0224  0.0224  0.0223  0.0225  0.0228  0.0225  0.0227  0.0226  0.0226
  0.0231  0.0228  0.0224  0.0238  0.0233  0.0239  0.0229  0.0236  0.0228  0.0234  0.0227  0.0229
  0.0242  0.0237  0.0229  0.0263  0.0251  0.0273  0.0235  0.0250  0.0234  0.0245  0.0230  0.0232
niter,ni,del,rscale     4    3    5.0000    0.7000
parameters
   -0.2742  -28.5926   13.2617   -5.4477  -13.4126   -8.1646
   -8.3036    5.1888    6.5477   10.9019   -3.0494  -18.9719
eta,q 0.97759 15.30578
  0.0240  0.0234  0.0229  0.0241  0.0238  0.0245  0.0233  0.0245  0.0232  0.0240  0.0229  0.0232
  0.0232  0.0229  0.0225  0.0234  0.0232  0.0238  0.0228  0.0232  0.0228  0.0231  0.0226  0.0227
  0.0227  0.0225  0.0224  0.0228  0.0227  0.0231  0.0225  0.0225  0.0225  0.0226  0.0224  0.0224
  0.0224  0.0224  0.0224  0.0224  0.0224  0.0224  0.0224  0.0224  0.0224  0.0224  0.0224  0.0224
  0.0225  0.0226  0.0226  0.0224  0.0224  0.0222  0.0225  0.0226  0.0225  0.0226  0.0225  0.0226
  0.0228  0.0229  0.0229  0.0231  0.0228  0.0232  0.0229  0.0231  0.0227  0.0231  0.0227  0.0228
  0.0234  0.0235  0.0233  0.0245  0.0239  0.0255  0.0235  0.0240  0.0232  0.0240  0.0229  0.0231
niter,ni,del,rscale     3    3    5.0000    0.6000
parameters
   -0.2582  -28.5836   13.1873   -5.2628  -13.2812   -8.0166
   -8.4276    5.3059    6.5077   10.9597   -2.9697  -19.0246
eta,q 0.97769 15.32510
  0.0234  0.0232  0.0229  0.0238  0.0235  0.0242  0.0230  0.0239  0.0229  0.0236  0.0227  0.0229
  0.0229  0.0228  0.0226  0.0233  0.0230  0.0236  0.0226  0.0229  0.0226  0.0229  0.0225  0.0225
  0.0225  0.0225  0.0224  0.0228  0.0226  0.0230  0.0224  0.0224  0.0224  0.0225  0.0223  0.0223
  0.0224  0.0224  0.0224  0.0224  0.0224  0.0224  0.0223  0.0223  0.0223  0.0223  0.0223  0.0223
  0.0225  0.0225  0.0225  0.0224  0.0224  0.0222  0.0224  0.0225  0.0224  0.0224  0.0224  0.0224
  0.0228  0.0228  0.0227  0.0228  0.0227  0.0229  0.0227  0.0229  0.0226  0.0229  0.0225  0.0226
  0.0234  0.0232  0.0230  0.0238  0.0235  0.0245  0.0231  0.0236  0.0230  0.0235  0.0226  0.0229
niter,ni,del,rscale     2    3    5.0000    0.5000
parameters
   -0.2943  -28.5687   13.2149   -5.0117  -13.1684   -7.7585
   -8.4876    5.3448    6.4098   10.9889   -2.8507  -19.0383
eta,q 0.97781 15.35002
  0.0229  0.0229  0.0228  0.0234  0.0231  0.0238  0.0227  0.0233  0.0226  0.0232  0.0225  0.0227
  0.0226  0.0226  0.0225  0.0230  0.0227  0.0234  0.0224  0.0226  0.0224  0.0226  0.0223  0.0224
  0.0224  0.0224  0.0224  0.0226  0.0225  0.0228  0.0222  0.0223  0.0222  0.0223  0.0222  0.0222
  0.0223  0.0223  0.0223  0.0223  0.0223  0.0223  0.0222  0.0222  0.0222  0.0222  0.0222  0.0222
  0.0224  0.0224  0.0224  0.0223  0.0223  0.0221  0.0222  0.0223  0.0222  0.0223  0.0222  0.0223
  0.0226  0.0226  0.0225  0.0226  0.0225  0.0226  0.0224  0.0226  0.0224  0.0226  0.0223  0.0224
  0.0230  0.0229  0.0227  0.0232  0.0231  0.0237  0.0227  0.0232  0.0227  0.0231  0.0224  0.0226
niter,ni,del,rscale     1    3    5.0000    0.4000
parameters
   -0.3516  -28.5602   13.3227   -4.7879  -13.0722   -7.4443
   -8.5175    5.3373    6.3161   10.9860   -2.7471  -19.0300
eta,q 0.97792 15.37418
  0.0226  0.0226  0.0226  0.0230  0.0227  0.0234  0.0224  0.0228  0.0223  0.0228  0.0223  0.0224
  0.0223  0.0224  0.0224  0.0226  0.0225  0.0230  0.0222  0.0224  0.0222  0.0224  0.0222  0.0222
  0.0222  0.0222  0.0222  0.0224  0.0223  0.0225  0.0221  0.0221  0.0221  0.0221  0.0221  0.0221
  0.0222  0.0222  0.0222  0.0222  0.0222  0.0222  0.0221  0.0221  0.0221  0.0221  0.0221  0.0221
  0.0223  0.0222  0.0222  0.0222  0.0222  0.0221  0.0221  0.0222  0.0221  0.0222  0.0221  0.0221
  0.0224  0.0223  0.0223  0.0224  0.0223  0.0224  0.0222  0.0224  0.0222  0.0224  0.0222  0.0222
  0.0227  0.0226  0.0224  0.0228  0.0227  0.0231  0.0224  0.0228  0.0224  0.0227  0.0223  0.0224
registration optimization eta report
parameter search radius
    0.8000    0.8000    0.8000    2.4000    2.4000    2.4000
    2.4000    2.4000    2.4000    2.4000    2.4000    2.4000
100000*second partial in parameter space
       71.       59.       48.       12.        9.       19.
        6.       13.        5.       12.        4.        6.
  0.0226  0.0226  0.0226  0.0230  0.0227  0.0234  0.0224  0.0228  0.0223  0.0228  0.0223  0.0224
  0.0223  0.0224  0.0224  0.0226  0.0225  0.0230  0.0222  0.0224  0.0222  0.0224  0.0222  0.0222
  0.0222  0.0222  0.0222  0.0224  0.0223  0.0225  0.0221  0.0221  0.0221  0.0221  0.0221  0.0221
  0.0222  0.0222  0.0222  0.0222  0.0222  0.0222  0.0221  0.0221  0.0221  0.0221  0.0221  0.0221
  0.0223  0.0222  0.0222  0.0222  0.0222  0.0221  0.0221  0.0222  0.0221  0.0222  0.0221  0.0221
  0.0224  0.0223  0.0223  0.0224  0.0223  0.0224  0.0222  0.0224  0.0222  0.0224  0.0222  0.0222
  0.0227  0.0226  0.0224  0.0228  0.0227  0.0231  0.0224  0.0228  0.0224  0.0227  0.0223  0.0224
   -0.3516  -28.5602   13.3227   -4.7879  -13.0722   -7.4443
   -8.5175    5.3373    6.3161   10.9860   -2.7471  -19.0300
eta,q 0.97792 15.37418

---------------------------------------------------------------------
compute_vox2vox talsrcimg talsrcimg_to_711-2C_as_mni_average_305_t4 /opt/freesurfer/average/711-2C_as_mni_average_305
---------------------------------------------------------------------

freesurfer compute_vox2vox.c
Reading: talsrcimg.4dfp.ifh
Reading: talsrcimg_to_711-2C_as_mni_average_305_t4
Reading: /opt/freesurfer/average/711-2C_as_mni_average_305.4dfp.ifh
Writing: talsrcimg_to_711-2C_as_mni_average_305_t4_vox2vox.txt

start time Mon Mar 9 04:13:19 CET 2026
end		time Mon Mar 9 04:13:34 CET 2026

mpr2mni305 success

avi2talxfm orig_nu.mgz /opt/freesurfer/average/mni305.cor.mgz talsrcimg_to_711-2C_as_mni_average_305_t4_vox2vox.txt transforms/talairach.auto.xfm
avi2talxfm done
mv -f /out/sourcedata/freesurfer/sub-v1s18x0051219_ses-1/mri/talsrcimg_to_711-2C_as_mni_average_305_t4_vox2vox.txt /out/sourcedata/freesurfer/sub-v1s18x0051219_ses-1/mri/transforms/talsrcimg_to_711-2C_as_mni_average_305_t4_vox2vox.txt
lta_convert --src orig_nu.mgz --trg /opt/freesurfer/average/mni305.cor.mgz --inxfm transforms/talairach.auto.xfm --outlta transforms/talairach.auto.xfm.lta --subject fsaverage
7.3.2

--src: orig_nu.mgz src image (geometry).
--trg: /opt/freesurfer/average/mni305.cor.mgz trg image (geometry).
--inmni: transforms/talairach.auto.xfm input MNI/XFM transform.
--outlta: transforms/talairach.auto.xfm.lta output LTA.
--s: fsaverage subject name
 LTA read, type : 1
 1.04250  -0.07041   0.08673  -0.71634;
 0.01498   1.05206   0.23178  -14.93095;
-0.07764  -0.12784   1.11478   36.99911;
 0.00000   0.00000   0.00000   1.00000;
setting subject to fsaverage
Writing  LTA to file transforms/talairach.auto.xfm.lta...
lta_convert successful.
 
 
Started at Mon Mar 9 04:13:18 CET 2026
Ended   at Mon Mar  9 04:13:34 CET 2026
talairach_avi done
