/out/sourcedata/freesurfer/sub-v1s18x0051240_ses-1/mri
/opt/freesurfer/bin/talairach_avi
--i orig_nu.mgz --xfm transforms/talairach.auto.xfm
talairach_avi 7.3.2
Linux dna065 5.14.0-427.37.1.el9_4.x86_64 #1 SMP PREEMPT_DYNAMIC Fri Sep 13 12:41:50 EDT 2024 x86_64 x86_64 x86_64 GNU/Linux
Mon Mar  9 05:34:16 CET 2026
mri_convert orig_nu.mgz talsrcimg.img 
reading from orig_nu.mgz...
TR=0.00, TE=0.00, TI=0.00, flip angle=0.00
i_ras = (-1, 0, 0)
j_ras = (0, 0, -1)
k_ras = (0, 1, 0)
writing to talsrcimg.img...
Analyze Output Matrix
-1.00000   0.00000   0.00000   133.83713;
 0.00000   0.00000   1.00000  -121.34671;
 0.00000  -1.00000   0.00000   139.68523;
 0.00000   0.00000   0.00000   1.00000;
--------------------
INFO: set hdr.hist.orient to -1
mpr2mni305 talsrcimg
Mon Mar  9 05:34:16 CET 2026
/opt/freesurfer/bin/mpr2mni305 talsrcimg
mpr2mni305 7.3.2
target=711-2C_as_mni_average_305

---------------------------------------------------------------------
analyzeto4dfp talsrcimg -O0 -y
---------------------------------------------------------------------

freesurfer ifh2hdr.c
Mon Mar  9 05:34:17 2026
Writing: talsrcimg.4dfp.hdr
freesurfer analyzeto4dfp.c
Reading: talsrcimg.hdr
header size 348 bytes
hdr.dime.datatype	offset=70	value=2
hdr.dime.bitpix		offset=72	value=8
hdr.hist.orient		offset=252	value=-1
dimensionality     4
dimensions       256       256       256         1
Reading: talsrcimg.img
Writing: talsrcimg.4dfp.img
Writing: talsrcimg.4dfp.ifh
ifh2hdr talsrcimg -r0to222
ori=2

---------------------------------------------------------------------
gauss_4dfp talsrcimg 1.1
---------------------------------------------------------------------

freesurfer gauss_4dfp.c
Reading: talsrcimg.4dfp.img
Writing: talsrcimg_g11.4dfp.img
image dimensions 256 256 256 padded to 288 288 288
processing volume 1freesurfer ifh2hdr.c
Mon Mar  9 05:34:18 2026
Writing: talsrcimg_g11.4dfp.hdr

Writing: talsrcimg_g11.4dfp.ifh
including: talsrcimg.4dfp.img.rec in talsrcimg_g11.4dfp.img.rec

---------------------------------------------------------------------
imgreg_4dfp /opt/freesurfer/average/711-2C_as_mni_average_305 none talsrcimg_g11 none talsrcimg_to_711-2C_as_mni_average_305_t4 4355
---------------------------------------------------------------------

freesurfer imgreg_4dfp.c
/opt/freesurfer/average/711-2C_as_mni_average_305.4dfp.img
       256       256       256         1
  1.000000  1.000000  1.000000
orientation T byte_order littleendian
Reading image: /opt/freesurfer/average/711-2C_as_mni_average_305.4dfp.img
dimensions:      256       256       256
mmppix:       1.0000   -1.0000   -1.0000
center:     128.0000 -129.0000 -129.0000
talsrcimg_g11.4dfp.img
       256       256       256         1
  1.000000  1.000000  1.000000
orientation T byte_order littleendian
Reading image: talsrcimg_g11.4dfp.img
dimensions:      256       256       256
mmppix:       1.0000   -1.0000   -1.0000
center:     128.0000 -129.0000 -129.0000
t4_read: open error in t4_sub.f l:  41 t4_file(1:l)talsrcimg_to_711-2C_as_mni_average_305_t4 
t4_read: transform initialized to I4
rotation matrix determinant  1.000000
image alignment mode   4355 decimal     1103 hex
   -7.5000  -45.0000  -45.0000 7222.5439   16.9120
    0.0000  -45.0000  -45.0000 7497.7363   16.8983
    7.5000  -45.0000  -45.0000 7168.7812   16.8963
   -7.5000  -37.5000  -45.0000 7750.8599   16.8610
    0.0000  -37.5000  -45.0000 8046.2852   16.8435
    7.5000  -37.5000  -45.0000 7676.6831   16.8427
   -7.5000  -30.0000  -45.0000 8554.2637   16.8615
    0.0000  -30.0000  -45.0000 8882.7900   16.8365
    7.5000  -30.0000  -45.0000 8488.4971   16.8308
   -7.5000  -22.5000  -45.0000 9287.8496   16.8792
    0.0000  -22.5000  -45.0000 9670.7500   16.8491
    7.5000  -22.5000  -45.0000 9243.0361   16.8360
   -7.5000  -15.0000  -45.0000 9977.6738   16.8808
    0.0000  -15.0000  -45.000010390.3857   16.8529
    7.5000  -15.0000  -45.0000 9912.3848   16.8377
   -7.5000   -7.5000  -45.000010631.0703   16.8451
    0.0000   -7.5000  -45.000011085.7969   16.8262
    7.5000   -7.5000  -45.000010550.2324   16.8167
   -7.5000    0.0000  -45.000011295.9844   16.8126
    0.0000    0.0000  -45.000011784.8164   16.7987
    7.5000    0.0000  -45.000011189.9688   16.7965
   -7.5000    7.5000  -45.000010999.2041   16.8169
    0.0000    7.5000  -45.000011480.0889   16.7994
    7.5000    7.5000  -45.000010889.1045   16.7986
   -7.5000   15.0000  -45.000010567.5801   16.8477
    0.0000   15.0000  -45.000010988.5332   16.8229
    7.5000   15.0000  -45.000010398.9561   16.8171
   -7.5000   22.5000  -45.000010033.8652   16.8768
    0.0000   22.5000  -45.000010462.8047   16.8468
    7.5000   22.5000  -45.0000 9891.3730   16.8337
   -7.5000   30.0000  -45.0000 9342.8887   16.6559
    0.0000   30.0000  -45.0000 9753.3447   16.6283
    7.5000   30.0000  -45.0000 9211.6699   16.6134
   -7.5000   37.5000  -45.0000 8885.9922   16.6206
    0.0000   37.5000  -45.0000 9295.5977   16.6019
    7.5000   37.5000  -45.0000 8769.6357   16.5926
   -7.5000   45.0000  -45.0000 8122.5059   16.1673
    0.0000   45.0000  -45.0000 8507.6416   16.1540
    7.5000   45.0000  -45.0000 8020.4199   16.1518
   -7.5000  -45.0000  -37.5000 7641.4731   16.7162
    0.0000  -45.0000  -37.5000 7952.5728   16.6981
    7.5000  -45.0000  -37.5000 7595.9678   16.6880
   -7.5000  -37.5000  -37.5000 8210.7080   16.6702
    0.0000  -37.5000  -37.5000 8541.1553   16.6515
    7.5000  -37.5000  -37.5000 8152.3306   16.6409
   -7.5000  -30.0000  -37.5000 9063.0615   16.6645
    0.0000  -30.0000  -37.5000 9415.7959   16.6445
    7.5000  -30.0000  -37.5000 8986.1826   16.6328
   -7.5000  -22.5000  -37.5000 9859.1865   16.6703
    0.0000  -22.5000  -37.500010244.5654   16.6482
    7.5000  -22.5000  -37.5000 9787.0225   16.6356
   -7.5000  -15.0000  -37.500010585.5195   16.6664
    0.0000  -15.0000  -37.500010985.3252   16.6437
    7.5000  -15.0000  -37.500010487.4863   16.6315
   -7.5000   -7.5000  -37.500011267.1758   16.6376
    0.0000   -7.5000  -37.500011710.5254   16.6178
    7.5000   -7.5000  -37.500011150.7988   16.6068
   -7.5000    0.0000  -37.500011964.0820   16.6167
    0.0000    0.0000  -37.500012459.9385   16.5986
    7.5000    0.0000  -37.500011852.8652   16.5884
   -7.5000    7.5000  -37.500011644.0488   16.6257
    0.0000    7.5000  -37.500012159.9775   16.6071
    7.5000    7.5000  -37.500011548.5283   16.5964
   -7.5000   15.0000  -37.500011130.0098   16.6505
    0.0000   15.0000  -37.500011590.4893   16.6305
    7.5000   15.0000  -37.500010986.6543   16.6188
   -7.5000   22.5000  -37.500010603.4180   16.6680
    0.0000   22.5000  -37.500011062.2549   16.6459
    7.5000   22.5000  -37.500010456.0967   16.6333
   -7.5000   30.0000  -37.5000 9867.2471   16.4443
    0.0000   30.0000  -37.500010319.2705   16.4219
    7.5000   30.0000  -37.5000 9744.7539   16.4098
   -7.5000   37.5000  -37.5000 9360.7529   16.4159
    0.0000   37.5000  -37.5000 9810.6543   16.3963
    7.5000   37.5000  -37.5000 9274.6699   16.3855
   -7.5000   45.0000  -37.5000 8529.5996   15.9790
    0.0000   45.0000  -37.5000 8958.7539   15.9616
    7.5000   45.0000  -37.5000 8448.6602   15.9517
   -7.5000  -45.0000  -30.0000 8259.6055   17.3416
    0.0000  -45.0000  -30.0000 8595.7109   17.3236
    7.5000  -45.0000  -30.0000 8180.2817   17.3021
   -7.5000  -37.5000  -30.0000 8858.3652   17.3027
    0.0000  -37.5000  -30.0000 9227.7246   17.2820
    7.5000  -37.5000  -30.0000 8782.5654   17.2573
   -7.5000  -30.0000  -30.0000 9790.3027   17.2973
    0.0000  -30.0000  -30.000010174.2373   17.2746
    7.5000  -30.0000  -30.0000 9691.7842   17.2525
   -7.5000  -22.5000  -30.000010652.0059   17.2938
    0.0000  -22.5000  -30.000011056.8447   17.2707
    7.5000  -22.5000  -30.000010557.0527   17.2549
   -7.5000  -15.0000  -30.000011425.9229   17.2804
    0.0000  -15.0000  -30.000011852.0264   17.2592
    7.5000  -15.0000  -30.000011295.0449   17.2469
   -7.5000   -7.5000  -30.000012171.0664   17.2516
    0.0000   -7.5000  -30.000012648.0947   17.2334
    7.5000   -7.5000  -30.000012061.9043   17.2179
   -7.5000    0.0000  -30.000012910.6904   17.2387
    0.0000    0.0000  -30.000013422.8750   17.2206
    7.5000    0.0000  -30.000012768.5752   17.1991
   -7.5000    7.5000  -30.000012557.5518   17.2567
    0.0000    7.5000  -30.000013077.5039   17.2360
    7.5000    7.5000  -30.000012416.6426   17.2113
   -7.5000   15.0000  -30.000011937.6250   17.2829
    0.0000   15.0000  -30.000012436.4873   17.2603
    7.5000   15.0000  -30.000011808.2393   17.2380
   -7.5000   22.5000  -30.000011367.3574   17.2897
    0.0000   22.5000  -30.000011872.8887   17.2665
    7.5000   22.5000  -30.000011246.7949   17.2507
   -7.5000   30.0000  -30.000010598.6572   17.0518
    0.0000   30.0000  -30.000011091.0283   17.0308
    7.5000   30.0000  -30.000010502.9277   17.0187
   -7.5000   37.5000  -30.000010039.1055   17.0234
    0.0000   37.5000  -30.000010502.1416   17.0054
    7.5000   37.5000  -30.0000 9955.8926   16.9901
   -7.5000   45.0000  -30.0000 9121.0713   16.5893
    0.0000   45.0000  -30.0000 9559.3291   16.5719
    7.5000   45.0000  -30.0000 9054.8398   16.5511
   -7.5000  -45.0000  -22.5000 8916.8740   17.9582
    0.0000  -45.0000  -22.5000 9283.0479   17.9461
    7.5000  -45.0000  -22.5000 8824.9385   17.9235
   -7.5000  -37.5000  -22.5000 9579.8896   17.9220
    0.0000  -37.5000  -22.5000 9962.4150   17.9005
    7.5000  -37.5000  -22.5000 9476.4990   17.8743
   -7.5000  -30.0000  -22.500010568.7637   17.9248
    0.0000  -30.0000  -22.500010961.6592   17.8933
    7.5000  -30.0000  -22.500010448.1201   17.8689
   -7.5000  -22.5000  -22.500011507.7539   17.9243
    0.0000  -22.5000  -22.500011922.2881   17.8916
    7.5000  -22.5000  -22.500011374.9043   17.8735
   -7.5000  -15.0000  -22.500012332.2188   17.9063
    0.0000  -15.0000  -22.500012791.4707   17.8819
    7.5000  -15.0000  -22.500012200.0137   17.8674
   -7.5000   -7.5000  -22.500013162.8633   17.8692
    0.0000   -7.5000  -22.500013665.0225   17.8551
    7.5000   -7.5000  -22.500013033.4326   17.8378
   -7.5000    0.0000  -22.500013903.0127   17.8514
    0.0000    0.0000  -22.500014440.5117   17.8392
    7.5000    0.0000  -22.500013746.8281   17.8166
   -7.5000    7.5000  -22.500013550.2725   17.8743
    0.0000    7.5000  -22.500014081.2822   17.8528
    7.5000    7.5000  -22.500013379.7432   17.8266
   -7.5000   15.0000  -22.500012874.1006   17.9099
    0.0000   15.0000  -22.500013402.1318   17.8785
    7.5000   15.0000  -22.500012726.6992   17.8540
   -7.5000   22.5000  -22.500012224.5234   17.9187
    0.0000   22.5000  -22.500012745.7998   17.8861
    7.5000   22.5000  -22.500012094.5137   17.8680
   -7.5000   30.0000  -22.500011399.6914   17.6721
    0.0000   30.0000  -22.500011925.5596   17.6480
    7.5000   30.0000  -22.500011321.5596   17.6337
   -7.5000   37.5000  -22.500010780.4111   17.6354
    0.0000   37.5000  -22.500011288.1338   17.6215
    7.5000   37.5000  -22.500010729.0420   17.6045
   -7.5000   45.0000  -22.5000 9780.7354   17.1918
    0.0000   45.0000  -22.500010246.9434   17.1801
    7.5000   45.0000  -22.5000 9741.1250   17.1582
   -7.5000  -45.0000  -15.0000 9578.1729   18.3896
    0.0000  -45.0000  -15.000010016.7852   18.3825
    7.5000  -45.0000  -15.0000 9491.1504   18.3696
   -7.5000  -37.5000  -15.000010302.1221   18.3494
    0.0000  -37.5000  -15.000010751.8311   18.3290
    7.5000  -37.5000  -15.000010206.5166   18.3145
   -7.5000  -30.0000  -15.000011348.0820   18.3597
    0.0000  -30.0000  -15.000011806.3828   18.3222
    7.5000  -30.0000  -15.000011234.8770   18.3054
   -7.5000  -22.5000  -15.000012356.2256   18.3700
    0.0000  -22.5000  -15.000012847.7168   18.3284
    7.5000  -22.5000  -15.000012242.2705   18.3111
   -7.5000  -15.0000  -15.000013234.2881   18.3553
    0.0000  -15.0000  -15.000013782.6318   18.3251
    7.5000  -15.0000  -15.000013112.6289   18.3089
   -7.5000   -7.5000  -15.000014118.0293   18.3094
    0.0000   -7.5000  -15.000014695.2480   18.2965
    7.5000   -7.5000  -15.000013955.5938   18.2821
   -7.5000    0.0000  -15.000014908.6016   18.2802
    0.0000    0.0000  -15.000015549.7080   18.2729
    7.5000    0.0000  -15.000014755.6660   18.2598
   -7.5000    7.5000  -15.000014568.9609   18.3005
    0.0000    7.5000  -15.000015192.4570   18.2802
    7.5000    7.5000  -15.000014385.0713   18.2657
   -7.5000   15.0000  -15.000013835.4395   18.3445
    0.0000   15.0000  -15.000014450.6016   18.3070
    7.5000   15.0000  -15.000013697.9766   18.2901
   -7.5000   22.5000  -15.000013055.3281   18.3635
    0.0000   22.5000  -15.000013645.8018   18.3219
    7.5000   22.5000  -15.000012954.8018   18.3046
   -7.5000   30.0000  -15.000012167.1279   18.1178
    0.0000   30.0000  -15.000012762.2119   18.0880
    7.5000   30.0000  -15.000012139.7236   18.0720
   -7.5000   37.5000  -15.000011533.5527   18.0725
    0.0000   37.5000  -15.000012097.0205   18.0597
    7.5000   37.5000  -15.000011530.8516   18.0454
   -7.5000   45.0000  -15.000010472.3936   17.6153
    0.0000   45.0000  -15.000010983.0088   17.6084
    7.5000   45.0000  -15.000010444.3154   17.5957
   -7.5000  -45.0000   -7.500010250.7500   18.5744
    0.0000  -45.0000   -7.500010748.2412   18.5663
    7.5000  -45.0000   -7.500010189.0576   18.5648
   -7.5000  -37.5000   -7.500011027.9492   18.5253
    0.0000  -37.5000   -7.500011533.2305   18.5073
    7.5000  -37.5000   -7.500010954.4629   18.5062
   -7.5000  -30.0000   -7.500012174.6709   18.5340
    0.0000  -30.0000   -7.500012722.9414   18.5005
    7.5000  -30.0000   -7.500012086.9395   18.4937
   -7.5000  -22.5000   -7.500013261.4004   18.5529
    0.0000  -22.5000   -7.500013867.3174   18.5131
    7.5000  -22.5000   -7.500013185.4678   18.4993
   -7.5000  -15.0000   -7.500014192.7012   18.5472
    0.0000  -15.0000   -7.500014848.8447   18.5153
    7.5000  -15.0000   -7.500014093.6807   18.5000
   -7.5000   -7.5000   -7.500015084.5195   18.5010
    0.0000   -7.5000   -7.500015785.5312   18.4854
    7.5000   -7.5000   -7.500014942.9424   18.4761
   -7.5000    0.0000   -7.500015939.3701   18.4643
    0.0000    0.0000   -7.500016728.9570   18.4560
    7.5000    0.0000   -7.500015820.4141   18.4541
   -7.5000    7.5000   -7.500015595.0918   18.4761
    0.0000    7.5000   -7.500016386.7012   18.4581
    7.5000    7.5000   -7.500015515.9609   18.4569
   -7.5000   15.0000   -7.500014816.1777   18.5185
    0.0000   15.0000   -7.500015607.4600   18.4851
    7.5000   15.0000   -7.500014803.8594   18.4783
   -7.5000   22.5000   -7.500013943.8018   18.5443
    0.0000   22.5000   -7.500014678.1152   18.5045
    7.5000   22.5000   -7.500013949.7871   18.4908
   -7.5000   30.0000   -7.500013014.8223   18.3066
    0.0000   30.0000   -7.500013699.1572   18.2752
    7.5000   30.0000   -7.500013038.0078   18.2601
   -7.5000   37.5000   -7.500012340.6641   18.2611
    0.0000   37.5000   -7.500013030.8408   18.2457
    7.5000   37.5000   -7.500012388.2422   18.2365
   -7.5000   45.0000   -7.500011227.2412   17.7961
    0.0000   45.0000   -7.500011851.7666   17.7881
    7.5000   45.0000   -7.500011231.1494   17.7862
   -7.5000  -45.0000    0.000010823.2764   18.5811
    0.0000  -45.0000    0.000011359.8955   18.5670
    7.5000  -45.0000    0.000010771.5283   18.5679
   -7.5000  -37.5000    0.000011647.0781   18.5252
    0.0000  -37.5000    0.000012216.0967   18.5073
    7.5000  -37.5000    0.000011591.7129   18.5093
   -7.5000  -30.0000    0.000012891.6064   18.5259
    0.0000  -30.0000    0.000013516.6250   18.5005
    7.5000  -30.0000    0.000012815.8193   18.4969
   -7.5000  -22.5000    0.000014078.9258   18.5452
    0.0000  -22.5000    0.000014780.0723   18.5142
    7.5000  -22.5000    0.000014032.9668   18.5028
   -7.5000  -15.0000    0.000015081.4219   18.5465
    0.0000  -15.0000    0.000015882.2354   18.5177
    7.5000  -15.0000    0.000015041.3271   18.5042
   -7.5000   -7.5000    0.000015948.8701   18.5070
    0.0000   -7.5000    0.000016822.7188   18.4874
    7.5000   -7.5000    0.000015941.6104   18.4801
   -7.5000    0.0000    0.000016820.7578   18.4712
    0.0000    0.0000    0.000017797.6523   18.4570
    7.5000    0.0000    0.000016885.4863   18.4575
   -7.5000    7.5000    0.000016465.2520   18.4761
    0.0000    7.5000    0.000017468.5000   18.4583
    7.5000    7.5000    0.000016585.7441   18.4602
   -7.5000   15.0000    0.000015695.0752   18.5105
    0.0000   15.0000    0.000016671.9570   18.4851
    7.5000   15.0000    0.000015859.7852   18.4815
   -7.5000   22.5000    0.000014739.6279   18.5366
    0.0000   22.5000    0.000015629.9775   18.5057
    7.5000   22.5000    0.000014867.9980   18.4943
   -7.5000   30.0000    0.000013788.5957   18.3065
    0.0000   30.0000    0.000014592.9023   18.2780
    7.5000   30.0000    0.000013872.5488   18.2647
   -7.5000   37.5000    0.000013143.5898   18.2675
    0.0000   37.5000    0.000013922.4482   18.2482
    7.5000   37.5000    0.000013194.6562   18.2410
   -7.5000   45.0000    0.000012005.3887   17.8041
    0.0000   45.0000    0.000012703.1650   17.7904
    7.5000   45.0000    0.000012009.4541   17.7909
   -7.5000  -45.0000    7.500010544.3799   18.5839
    0.0000  -45.0000    7.500011066.8721   18.5646
    7.5000  -45.0000    7.500010479.0928   18.5542
   -7.5000  -37.5000    7.500011354.8369   18.5321
    0.0000  -37.5000    7.500011900.0254   18.5123
    7.5000  -37.5000    7.500011293.7510   18.5014
   -7.5000  -30.0000    7.500012561.5410   18.5259
    0.0000  -30.0000    7.500013185.4766   18.5049
    7.5000  -30.0000    7.500012522.1611   18.4927
   -7.5000  -22.5000    7.500013794.0654   18.5335
    0.0000  -22.5000    7.500014517.8047   18.5101
    7.5000  -22.5000    7.500013782.8555   18.4968
   -7.5000  -15.0000    7.500014901.3750   18.5302
    0.0000  -15.0000    7.500015795.2822   18.5059
    7.5000  -15.0000    7.500014922.5107   18.4931
   -7.5000   -7.5000    7.500015806.4785   18.4983
    0.0000   -7.5000    7.500016845.0527   18.4769
    7.5000   -7.5000    7.500015937.0674   18.4655
   -7.5000    0.0000    7.500016595.0195   18.4740
    0.0000    0.0000    7.500017772.5195   18.4546
    7.5000    0.0000    7.500016886.5098   18.4440
   -7.5000    7.5000    7.500016252.1230   18.4830
    0.0000    7.5000    7.500017406.5254   18.4632
    7.5000    7.5000    7.500016567.3047   18.4522
   -7.5000   15.0000    7.500015532.7461   18.5105
    0.0000   15.0000    7.500016610.5039   18.4895
    7.5000   15.0000    7.500015763.8467   18.4773
   -7.5000   22.5000    7.500014638.2344   18.5250
    0.0000   22.5000    7.500015584.3965   18.5015
    7.5000   22.5000    7.500014724.3008   18.4883
   -7.5000   30.0000    7.500013710.3516   18.2904
    0.0000   30.0000    7.500014565.5830   18.2664
    7.5000   30.0000    7.500013713.8398   18.2538
   -7.5000   37.5000    7.500013089.2734   18.2589
    0.0000   37.5000    7.500013909.6777   18.2378
    7.5000   37.5000    7.500013062.1963   18.2265
   -7.5000   45.0000    7.500011963.9404   17.8068
    0.0000   45.0000    7.500012706.0488   17.7881
    7.5000   45.0000    7.500011895.2900   17.7779
   -7.5000  -45.0000   15.000010124.6924   18.6147
    0.0000  -45.0000   15.000010645.3818   18.5960
    7.5000  -45.0000   15.000010143.1006   18.5729
   -7.5000  -37.5000   15.000010911.1260   18.5727
    0.0000  -37.5000   15.000011452.7422   18.5511
    7.5000  -37.5000   15.000010943.8213   18.5246
   -7.5000  -30.0000   15.000012086.4492   18.5669
    0.0000  -30.0000   15.000012693.0508   18.5433
    7.5000  -30.0000   15.000012141.5400   18.5195
   -7.5000  -22.5000   15.000013323.7539   18.5634
    0.0000  -22.5000   15.000014066.8145   18.5392
    7.5000  -22.5000   15.000013363.4688   18.5223
   -7.5000  -15.0000   15.000014673.0303   18.5493
    0.0000  -15.0000   15.000015723.7832   18.5271
    7.5000  -15.0000   15.000014597.3789   18.5139
   -7.5000   -7.5000   15.000015867.3203   18.5184
    0.0000   -7.5000   15.000017143.1738   18.4995
    7.5000   -7.5000   15.000015826.1914   18.4828
   -7.5000    0.0000   15.000016712.3867   18.5043
    0.0000    0.0000   15.000017916.3105   18.4856
    7.5000    0.0000   15.000016737.1543   18.4624
   -7.5000    7.5000   15.000016170.2969   18.5234
    0.0000    7.5000   15.000017194.7578   18.5018
    7.5000    7.5000   15.000016166.2803   18.4753
   -7.5000   15.0000   15.000015338.1230   18.5515
    0.0000   15.0000   15.000016290.8037   18.5278
    7.5000   15.0000   15.000015340.7949   18.5040
   -7.5000   22.5000   15.000014326.0312   18.5548
    0.0000   22.5000   15.000015206.6426   18.5307
    7.5000   22.5000   15.000014336.7930   18.5137
   -7.5000   30.0000   15.000013334.8984   18.3092
    0.0000   30.0000   15.000014153.4541   18.2874
    7.5000   30.0000   15.000013319.4434   18.2743
   -7.5000   37.5000   15.000012717.2227   18.2787
    0.0000   37.5000   15.000013503.9336   18.2601
    7.5000   37.5000   15.000012689.4453   18.2436
   -7.5000   45.0000   15.000011570.7178   17.8360
    0.0000   45.0000   15.000012315.6670   17.8179
    7.5000   45.0000   15.000011534.4404   17.7956
   -7.5000  -45.0000   22.5000 9622.8018   18.6468
    0.0000  -45.0000   22.500010184.4199   18.6341
    7.5000  -45.0000   22.5000 9735.8203   18.6106
   -7.5000  -37.5000   22.500010387.5850   18.6092
    0.0000  -37.5000   22.500010968.5889   18.5867
    7.5000  -37.5000   22.500010475.6211   18.5594
   -7.5000  -30.0000   22.500011542.4287   18.6121
    0.0000  -30.0000   22.500012182.9307   18.5792
    7.5000  -30.0000   22.500011593.1426   18.5538
   -7.5000  -22.5000   22.500012785.2529   18.6116
    0.0000  -22.5000   22.500013537.6738   18.5775
    7.5000  -22.5000   22.500012746.8359   18.5586
   -7.5000  -15.0000   22.500014107.2988   18.5929
    0.0000  -15.0000   22.500015147.7285   18.5674
    7.5000  -15.0000   22.500013966.1279   18.5523
   -7.5000   -7.5000   22.500015383.7939   18.5543
    0.0000   -7.5000   22.500016520.3926   18.5395
    7.5000   -7.5000   22.500015098.6475   18.5216
   -7.5000    0.0000   22.500016224.3789   18.5359
    0.0000    0.0000   22.500017179.0176   18.5231
    7.5000    0.0000   22.500015873.0635   18.4995
   -7.5000    7.5000   22.500015554.1768   18.5596
    0.0000    7.5000   22.500016401.7344   18.5372
    7.5000    7.5000   22.500015346.1006   18.5099
   -7.5000   15.0000   22.500014641.2822   18.5967
    0.0000   15.0000   22.500015520.6963   18.5638
    7.5000   15.0000   22.500014620.4570   18.5383
   -7.5000   22.5000   22.500013604.6533   18.6030
    0.0000   22.5000   22.500014469.3301   18.5689
    7.5000   22.5000   22.500013697.0615   18.5501
   -7.5000   30.0000   22.500012614.3320   18.3523
    0.0000   30.0000   22.500013414.7900   18.3271
    7.5000   30.0000   22.500012704.5654   18.3122
   -7.5000   37.5000   22.500012052.7070   18.3142
    0.0000   37.5000   22.500012829.3535   18.2996
    7.5000   37.5000   22.500012139.9795   18.2819
   -7.5000   45.0000   22.500010977.3564   17.8665
    0.0000   45.0000   22.500011712.1045   17.8541
    7.5000   45.0000   22.500011067.3369   17.8314
   -7.5000  -45.0000   30.0000 9041.3252   18.6701
    0.0000  -45.0000   30.0000 9638.4375   18.6625
    7.5000  -45.0000   30.0000 9159.4932   18.6499
   -7.5000  -37.5000   30.0000 9771.1133   18.6292
    0.0000  -37.5000   30.000010373.6660   18.6081
    7.5000  -37.5000   30.0000 9863.9404   18.5937
   -7.5000  -30.0000   30.000010857.4736   18.6397
    0.0000  -30.0000   30.000011448.7051   18.6011
    7.5000  -30.0000   30.000010885.0449   18.5844
   -7.5000  -22.5000   30.000011943.3965   18.6502
    0.0000  -22.5000   30.000012614.2607   18.6075
    7.5000  -22.5000   30.000011959.1680   18.5904
   -7.5000  -15.0000   30.000013020.9736   18.6353
    0.0000  -15.0000   30.000013879.7900   18.6042
    7.5000  -15.0000   30.000013066.5420   18.5882
   -7.5000   -7.5000   30.000014062.2217   18.5886
    0.0000   -7.5000   30.000014872.6943   18.5751
    7.5000   -7.5000   30.000014013.2832   18.5610
   -7.5000    0.0000   30.000014774.0176   18.5589
    0.0000    0.0000   30.000015491.8936   18.5511
    7.5000    0.0000   30.000014676.8818   18.5383
   -7.5000    7.5000   30.000014316.9922   18.5795
    0.0000    7.5000   30.000015069.1660   18.5584
    7.5000    7.5000   30.000014316.0889   18.5441
   -7.5000   15.0000   30.000013652.1123   18.6241
    0.0000   15.0000   30.000014442.6660   18.5856
    7.5000   15.0000   30.000013739.1914   18.5689
   -7.5000   22.5000   30.000012789.9912   18.6416
    0.0000   22.5000   30.000013550.9395   18.5989
    7.5000   22.5000   30.000012911.8701   18.5818
   -7.5000   30.0000   30.000011830.7715   18.3942
    0.0000   30.0000   30.000012512.5654   18.3635
    7.5000   30.0000   30.000011910.3008   18.3477
   -7.5000   37.5000   30.000011296.5488   18.3481
    0.0000   37.5000   30.000011977.5693   18.3347
    7.5000   37.5000   30.000011365.7744   18.3208
   -7.5000   45.0000   30.000010298.1191   17.8886
    0.0000   45.0000   30.000010947.1807   17.8812
    7.5000   45.0000   30.000010373.5303   17.8688
   -7.5000  -45.0000   37.5000 8675.0186   18.7010
    0.0000  -45.0000   37.5000 9210.5674   18.6928
    7.5000  -45.0000   37.5000 8782.0654   18.6922
   -7.5000  -37.5000   37.5000 9361.1338   18.6515
    0.0000  -37.5000   37.5000 9869.6982   18.6331
    7.5000  -37.5000   37.5000 9410.1377   18.6329
   -7.5000  -30.0000   37.500010360.2539   18.6605
    0.0000  -30.0000   37.500010853.1484   18.6265
    7.5000  -30.0000   37.500010375.9648   18.6204
   -7.5000  -22.5000   37.500011365.3271   18.6797
    0.0000  -22.5000   37.500011909.9229   18.6393
    7.5000  -22.5000   37.500011428.2754   18.6263
   -7.5000  -15.0000   37.500012349.8955   18.6737
    0.0000  -15.0000   37.500013012.1904   18.6414
    7.5000  -15.0000   37.500012443.5547   18.6270
   -7.5000   -7.5000   37.500013263.7695   18.6267
    0.0000   -7.5000   37.500013839.5996   18.6110
    7.5000   -7.5000   37.500013270.5869   18.6027
   -7.5000    0.0000   37.500013873.0615   18.5895
    0.0000    0.0000   37.500014449.3730   18.5812
    7.5000    0.0000   37.500013890.1494   18.5802
   -7.5000    7.5000   37.500013560.5615   18.6017
    0.0000    7.5000   37.500014179.6250   18.5834
    7.5000    7.5000   37.500013625.0859   18.5831
   -7.5000   15.0000   37.500013035.8721   18.6449
    0.0000   15.0000   37.500013696.6504   18.6109
    7.5000   15.0000   37.500013157.5371   18.6048
   -7.5000   22.5000   37.500012281.1230   18.6710
    0.0000   22.5000   37.500012937.6943   18.6307
    7.5000   22.5000   37.500012424.7979   18.6177
   -7.5000   30.0000   37.500011351.3428   18.4320
    0.0000   30.0000   37.500011959.1133   18.4001
    7.5000   30.0000   37.500011473.3760   18.3860
   -7.5000   37.5000   37.500010858.6650   18.3857
    0.0000   37.5000   37.500011458.3213   18.3701
    7.5000   37.5000   37.500010936.4229   18.3620
   -7.5000   45.0000   37.5000 9929.9521   17.9182
    0.0000   45.0000   37.500010491.3857   17.9101
    7.5000   45.0000   37.5000 9999.2207   17.9092
   -7.5000  -45.0000   45.0000 7954.4429   18.9723
    0.0000  -45.0000   45.0000 8379.1318   18.9581
    7.5000  -45.0000   45.0000 8014.8779   18.9612
   -7.5000  -37.5000   45.0000 8595.4629   18.9151
    0.0000  -37.5000   45.0000 9006.1328   18.8966
    7.5000  -37.5000   45.0000 8625.5664   18.9006
   -7.5000  -30.0000   45.0000 9509.9873   18.9178
    0.0000  -30.0000   45.0000 9943.7207   18.8914
    7.5000  -30.0000   45.0000 9547.3105   18.8891
   -7.5000  -22.5000   45.000010434.9277   18.9383
    0.0000  -22.5000   45.000010916.7969   18.9064
    7.5000  -22.5000   45.000010512.3086   18.8961
   -7.5000  -15.0000   45.000011338.2178   18.9385
    0.0000  -15.0000   45.000011884.9990   18.9090
    7.5000  -15.0000   45.000011406.7031   18.8969
   -7.5000   -7.5000   45.000012113.4990   18.8953
    0.0000   -7.5000   45.000012602.7656   18.8754
    7.5000   -7.5000   45.000012135.7266   18.8700
   -7.5000    0.0000   45.000012678.9756   18.8570
    0.0000    0.0000   45.000013202.1973   18.8426
    7.5000    0.0000   45.000012742.2266   18.8453
   -7.5000    7.5000   45.000012414.1270   18.8635
    0.0000    7.5000   45.000012960.6904   18.8451
    7.5000    7.5000   45.000012490.4941   18.8490
   -7.5000   15.0000   45.000011999.3975   18.9015
    0.0000   15.0000   45.000012539.3545   18.8752
    7.5000   15.0000   45.000012091.5000   18.8730
   -7.5000   22.5000   45.000011369.2803   18.9295
    0.0000   22.5000   45.000011920.1104   18.8976
    7.5000   22.5000   45.000011460.3477   18.8874
   -7.5000   30.0000   45.000010510.1895   18.6918
    0.0000   30.0000   45.000011047.1016   18.6626
    7.5000   30.0000   45.000010605.4238   18.6507
   -7.5000   37.5000   45.000010051.9258   18.6491
    0.0000   37.5000   45.000010580.6094   18.6294
    7.5000   37.5000   45.000010130.7510   18.6242
   -7.5000   45.0000   45.0000 9223.6016   18.1842
    0.0000   45.0000   45.0000 9686.6719   18.1703
    7.5000   45.0000   45.0000 9266.6025   18.1729

---------------------------------------------------------------------
imgreg_4dfp /opt/freesurfer/average/711-2C_as_mni_average_305 /opt/freesurfer/average/711-2B_as_mni_average_305_mask talsrcimg_g11 none talsrcimg_to_711-2C_as_mni_average_305_t4 4355
---------------------------------------------------------------------

freesurfer imgreg_4dfp.c
/opt/freesurfer/average/711-2C_as_mni_average_305.4dfp.img
       256       256       256         1
  1.000000  1.000000  1.000000
orientation T byte_order littleendian
Reading image: /opt/freesurfer/average/711-2C_as_mni_average_305.4dfp.img
dimensions:      256       256       256
mmppix:       1.0000   -1.0000   -1.0000
center:     128.0000 -129.0000 -129.0000
/opt/freesurfer/average/711-2B_as_mni_average_305_mask.4dfp.img
       256       256       256         1
  1.000000  1.000000  1.000000
orientation T byte_order littleendian
Reading mask: /opt/freesurfer/average/711-2B_as_mni_average_305_mask.4dfp.img (2306576 pixels)
talsrcimg_g11.4dfp.img
       256       256       256         1
  1.000000  1.000000  1.000000
orientation T byte_order littleendian
Reading image: talsrcimg_g11.4dfp.img
dimensions:      256       256       256
mmppix:       1.0000   -1.0000   -1.0000
center:     128.0000 -129.0000 -129.0000
rotation matrix determinant  1.000000
image alignment mode   4355 decimal     1103 hex
   -7.5000  -45.0000  -30.0000 2232.2656   20.6083
    0.0000  -45.0000  -30.0000 2238.0356   20.6655
    7.5000  -45.0000  -30.0000 2214.0850   20.7006
   -7.5000  -37.5000  -30.0000 2336.5618   18.8314
    0.0000  -37.5000  -30.0000 2341.4658   18.8315
    7.5000  -37.5000  -30.0000 2312.7268   18.8952
   -7.5000  -30.0000  -30.0000 2415.7305   17.5255
    0.0000  -30.0000  -30.0000 2417.6399   17.4944
    7.5000  -30.0000  -30.0000 2391.6255   17.6122
   -7.5000  -22.5000  -30.0000 2463.0923   16.6930
    0.0000  -22.5000  -30.0000 2464.4028   16.6540
    7.5000  -22.5000  -30.0000 2446.2129   16.7590
   -7.5000  -15.0000  -30.0000 2486.7432   16.2046
    0.0000  -15.0000  -30.0000 2487.9133   16.1374
    7.5000  -15.0000  -30.0000 2464.2473   16.2189
   -7.5000   -7.5000  -30.0000 2500.1377   15.9053
    0.0000   -7.5000  -30.0000 2503.3201   15.8232
    7.5000   -7.5000  -30.0000 2484.1284   15.9234
   -7.5000    0.0000  -30.0000 2502.0320   15.9073
    0.0000    0.0000  -30.0000 2504.6279   15.7971
    7.5000    0.0000  -30.0000 2485.8418   15.9577
   -7.5000    7.5000  -30.0000 2484.6597   16.2080
    0.0000    7.5000  -30.0000 2490.9595   16.1441
    7.5000    7.5000  -30.0000 2462.8765   16.2774
   -7.5000   15.0000  -30.0000 2446.7539   16.8142
    0.0000   15.0000  -30.0000 2457.0679   16.7723
    7.5000   15.0000  -30.0000 2429.2441   16.8734
   -7.5000   22.5000  -30.0000 2397.2817   17.6582
    0.0000   22.5000  -30.0000 2408.8306   17.6261
    7.5000   22.5000  -30.0000 2383.6843   17.7236
   -7.5000   30.0000  -30.0000 2322.5835   18.7585
    0.0000   30.0000  -30.0000 2335.5691   18.7361
    7.5000   30.0000  -30.0000 2308.6436   18.7981
   -7.5000   37.5000  -30.0000 2229.4182   20.2588
    0.0000   37.5000  -30.0000 2237.6987   20.2334
    7.5000   37.5000  -30.0000 2216.9229   20.3449
   -7.5000   45.0000  -30.0000 2120.4121   22.4369
    0.0000   45.0000  -30.0000 2128.9412   22.3785
    7.5000   45.0000  -30.0000 2105.3977   22.5282
   -7.5000  -45.0000  -22.5000 2329.5369   19.9154
    0.0000  -45.0000  -22.5000 2336.2307   19.9660
    7.5000  -45.0000  -22.5000 2306.3296   20.0784
   -7.5000  -37.5000  -22.5000 2442.8003   18.1947
    0.0000  -37.5000  -22.5000 2445.2529   18.1864
    7.5000  -37.5000  -22.5000 2414.5317   18.2958
   -7.5000  -30.0000  -22.5000 2526.9019   16.9032
    0.0000  -30.0000  -22.5000 2524.0923   16.7957
    7.5000  -30.0000  -22.5000 2498.0979   16.9241
   -7.5000  -22.5000  -22.5000 2582.5950   15.9738
    0.0000  -22.5000  -22.5000 2580.9692   15.8786
    7.5000  -22.5000  -22.5000 2560.7441   15.9881
   -7.5000  -15.0000  -22.5000 2610.9397   15.4033
    0.0000  -15.0000  -22.5000 2607.2014   15.3279
    7.5000  -15.0000  -22.5000 2592.2703   15.4162
   -7.5000   -7.5000  -22.5000 2629.7046   15.0689
    0.0000   -7.5000  -22.5000 2629.4958   14.9969
    7.5000   -7.5000  -22.5000 2617.0586   15.1116
   -7.5000    0.0000  -22.5000 2630.9102   15.0724
    0.0000    0.0000  -22.5000 2628.1584   14.9938
    7.5000    0.0000  -22.5000 2613.6062   15.1225
   -7.5000    7.5000  -22.5000 2616.0867   15.3571
    0.0000    7.5000  -22.5000 2617.6089   15.2908
    7.5000    7.5000  -22.5000 2596.4956   15.4231
   -7.5000   15.0000  -22.5000 2580.2742   15.9510
    0.0000   15.0000  -22.5000 2585.2483   15.8458
    7.5000   15.0000  -22.5000 2560.9307   15.9816
   -7.5000   22.5000  -22.5000 2525.8667   16.7387
    0.0000   22.5000  -22.5000 2535.8701   16.6514
    7.5000   22.5000  -22.5000 2511.0198   16.7906
   -7.5000   30.0000  -22.5000 2446.7407   17.7488
    0.0000   30.0000  -22.5000 2460.0789   17.6967
    7.5000   30.0000  -22.5000 2434.8135   17.8416
   -7.5000   37.5000  -22.5000 2346.3479   19.1493
    0.0000   37.5000  -22.5000 2359.4988   19.1195
    7.5000   37.5000  -22.5000 2337.8438   19.2835
   -7.5000   45.0000  -22.5000 2227.7786   21.1436
    0.0000   45.0000  -22.5000 2239.5750   21.0978
    7.5000   45.0000  -22.5000 2221.3059   21.2743
   -7.5000  -45.0000  -15.0000 2386.9819   19.2180
    0.0000  -45.0000  -15.0000 2393.7839   19.2710
    7.5000  -45.0000  -15.0000 2361.1387   19.4473
   -7.5000  -37.5000  -15.0000 2501.5583   17.4896
    0.0000  -37.5000  -15.0000 2504.4197   17.4622
    7.5000  -37.5000  -15.0000 2476.4131   17.6592
   -7.5000  -30.0000  -15.0000 2584.9031   16.1486
    0.0000  -30.0000  -15.0000 2585.3635   16.0896
    7.5000  -30.0000  -15.0000 2565.8794   16.2612
   -7.5000  -22.5000  -15.0000 2649.2476   15.2107
    0.0000  -22.5000  -15.0000 2652.5073   15.1313
    7.5000  -22.5000  -15.0000 2640.0110   15.2769
   -7.5000  -15.0000  -15.0000 2681.6152   14.5653
    0.0000  -15.0000  -15.0000 2687.6343   14.4983
    7.5000  -15.0000  -15.0000 2674.6177   14.6183
   -7.5000   -7.5000  -15.0000 2713.0088   14.1878
    0.0000   -7.5000  -15.0000 2717.4426   14.1477
    7.5000   -7.5000  -15.0000 2701.8582   14.2598
   -7.5000    0.0000  -15.0000 2715.9050   14.1906
    0.0000    0.0000  -15.0000 2717.8628   14.1346
    7.5000    0.0000  -15.0000 2708.2390   14.2659
   -7.5000    7.5000  -15.0000 2712.4243   14.5030
    0.0000    7.5000  -15.0000 2712.3972   14.4254
    7.5000    7.5000  -15.0000 2696.4709   14.5815
   -7.5000   15.0000  -15.0000 2679.7078   15.0695
    0.0000   15.0000  -15.0000 2682.4136   14.9566
    7.5000   15.0000  -15.0000 2665.2312   15.1247
   -7.5000   22.5000  -15.0000 2621.3542   15.8030
    0.0000   22.5000  -15.0000 2630.6226   15.6846
    7.5000   22.5000  -15.0000 2611.3074   15.8591
   -7.5000   30.0000  -15.0000 2534.5200   16.7610
    0.0000   30.0000  -15.0000 2551.1411   16.6706
    7.5000   30.0000  -15.0000 2530.4609   16.8273
   -7.5000   37.5000  -15.0000 2433.5325   18.1409
    0.0000   37.5000  -15.0000 2448.6008   18.0492
    7.5000   37.5000  -15.0000 2428.6379   18.2186
   -7.5000   45.0000  -15.0000 2312.1890   19.9890
    0.0000   45.0000  -15.0000 2328.3325   19.8913
    7.5000   45.0000  -15.0000 2306.0781   20.0832
   -7.5000  -45.0000   -7.5000 2405.8652   18.5895
    0.0000  -45.0000   -7.5000 2416.4187   18.6543
    7.5000  -45.0000   -7.5000 2391.4197   18.8026
   -7.5000  -37.5000   -7.5000 2524.4146   16.8196
    0.0000  -37.5000   -7.5000 2530.7480   16.8265
    7.5000  -37.5000   -7.5000 2509.5820   17.0216
   -7.5000  -30.0000   -7.5000 2619.2195   15.4731
    0.0000  -30.0000   -7.5000 2623.0991   15.4188
    7.5000  -30.0000   -7.5000 2605.3970   15.6473
   -7.5000  -22.5000   -7.5000 2689.5049   14.4672
    0.0000  -22.5000   -7.5000 2700.3135   14.4059
    7.5000  -22.5000   -7.5000 2683.5757   14.6112
   -7.5000  -15.0000   -7.5000 2732.7720   13.7824
    0.0000  -15.0000   -7.5000 2742.7817   13.7259
    7.5000  -15.0000   -7.5000 2730.2463   13.9020
   -7.5000   -7.5000   -7.5000 2767.7939   13.3593
    0.0000   -7.5000   -7.5000 2777.7874   13.2817
    7.5000   -7.5000   -7.5000 2760.3928   13.4667
   -7.5000    0.0000   -7.5000 2781.4487   13.3260
    0.0000    0.0000   -7.5000 2788.1892   13.2766
    7.5000    0.0000   -7.5000 2777.6594   13.4572
   -7.5000    7.5000   -7.5000 2783.3862   13.6581
    0.0000    7.5000   -7.5000 2791.2642   13.5980
    7.5000    7.5000   -7.5000 2781.8491   13.7861
   -7.5000   15.0000   -7.5000 2751.9304   14.2120
    0.0000   15.0000   -7.5000 2758.7278   14.1348
    7.5000   15.0000   -7.5000 2750.4460   14.3130
   -7.5000   22.5000   -7.5000 2692.4355   14.9129
    0.0000   22.5000   -7.5000 2705.4253   14.8155
    7.5000   22.5000   -7.5000 2696.6030   15.0117
   -7.5000   30.0000   -7.5000 2604.5408   15.8825
    0.0000   30.0000   -7.5000 2616.0195   15.7759
    7.5000   30.0000   -7.5000 2611.5347   15.9736
   -7.5000   37.5000   -7.5000 2493.7322   17.1908
    0.0000   37.5000   -7.5000 2513.2798   17.1214
    7.5000   37.5000   -7.5000 2500.6306   17.3361
   -7.5000   45.0000   -7.5000 2372.4363   18.9665
    0.0000   45.0000   -7.5000 2392.0229   18.9053
    7.5000   45.0000   -7.5000 2376.0603   19.1080
   -7.5000  -45.0000    0.0000 2399.1365   18.1913
    0.0000  -45.0000    0.0000 2408.8054   18.1932
    7.5000  -45.0000    0.0000 2387.6963   18.4012
   -7.5000  -37.5000    0.0000 2520.5388   16.3837
    0.0000  -37.5000    0.0000 2523.4507   16.3542
    7.5000  -37.5000    0.0000 2508.2258   16.6286
   -7.5000  -30.0000    0.0000 2619.4431   15.0128
    0.0000  -30.0000    0.0000 2627.1719   14.9836
    7.5000  -30.0000    0.0000 2611.6765   15.2547
   -7.5000  -22.5000    0.0000 2703.5256   13.9693
    0.0000  -22.5000    0.0000 2714.3159   13.9359
    7.5000  -22.5000    0.0000 2704.9065   14.1898
   -7.5000  -15.0000    0.0000 2762.1790   13.2456
    0.0000  -15.0000    0.0000 2773.5532   13.1710
    7.5000  -15.0000    0.0000 2765.6533   13.4089
   -7.5000   -7.5000    0.0000 2804.3804   12.7732
    0.0000   -7.5000    0.0000 2818.4722   12.6861
    7.5000   -7.5000    0.0000 2806.7788   12.9481
   -7.5000    0.0000    0.0000 2822.3342   12.6701
    0.0000    0.0000    0.0000 2834.6721   12.6301
    7.5000    0.0000    0.0000 2833.7173   12.9176
   -7.5000    7.5000    0.0000 2828.2173   13.0099
    0.0000    7.5000    0.0000 2841.7317   12.9538
    7.5000    7.5000    0.0000 2845.1555   13.2409
   -7.5000   15.0000    0.0000 2798.7432   13.5572
    0.0000   15.0000    0.0000 2809.7390   13.5091
    7.5000   15.0000    0.0000 2815.0186   13.7618
   -7.5000   22.5000    0.0000 2744.3037   14.2607
    0.0000   22.5000    0.0000 2760.5093   14.1880
    7.5000   22.5000    0.0000 2760.1880   14.4349
   -7.5000   30.0000    0.0000 2654.0032   15.2236
    0.0000   30.0000    0.0000 2669.1226   15.1244
    7.5000   30.0000    0.0000 2670.0457   15.3767
   -7.5000   37.5000    0.0000 2544.9229   16.5183
    0.0000   37.5000    0.0000 2560.2036   16.4247
    7.5000   37.5000    0.0000 2557.9917   16.7017
   -7.5000   45.0000    0.0000 2423.8848   18.2448
    0.0000   45.0000    0.0000 2437.8591   18.1457
    7.5000   45.0000    0.0000 2429.0774   18.4306
   -7.5000  -45.0000    7.5000 2386.4065   18.1344
    0.0000  -45.0000    7.5000 2390.6350   18.0136
    7.5000  -45.0000    7.5000 2369.8259   18.2937
   -7.5000  -37.5000    7.5000 2506.9319   16.2903
    0.0000  -37.5000    7.5000 2505.6450   16.1724
    7.5000  -37.5000    7.5000 2491.2517   16.4786
   -7.5000  -30.0000    7.5000 2609.2896   14.9055
    0.0000  -30.0000    7.5000 2606.0051   14.8148
    7.5000  -30.0000    7.5000 2603.1416   15.0647
   -7.5000  -22.5000    7.5000 2702.3469   13.8399
    0.0000  -22.5000    7.5000 2701.3704   13.7641
    7.5000  -22.5000    7.5000 2708.1558   13.9995
   -7.5000  -15.0000    7.5000 2774.5330   13.0623
    0.0000  -15.0000    7.5000 2784.3188   13.0194
    7.5000  -15.0000    7.5000 2792.4150   13.2166
   -7.5000   -7.5000    7.5000 2837.5422   12.5963
    0.0000   -7.5000    7.5000 2856.0190   12.5563
    7.5000   -7.5000    7.5000 2852.2000   12.7994
   -7.5000    0.0000    7.5000 2868.5564   12.3596
    0.0000    0.0000    7.5000 2888.1257   12.3675
    7.5000    0.0000    7.5000 2886.6887   12.6877
   -7.5000    7.5000    7.5000 2876.1482   12.6811
    0.0000    7.5000    7.5000 2896.6643   12.6686
    7.5000    7.5000    7.5000 2899.4375   12.9466
   -7.5000   15.0000    7.5000 2845.2444   13.2385
    0.0000   15.0000    7.5000 2863.7439   13.2024
    7.5000   15.0000    7.5000 2864.3887   13.3937
   -7.5000   22.5000    7.5000 2799.1948   14.0008
    0.0000   22.5000    7.5000 2813.4612   13.8683
    7.5000   22.5000    7.5000 2807.4890   14.0581
   -7.5000   30.0000    7.5000 2708.5374   14.9720
    0.0000   30.0000    7.5000 2722.1743   14.7883
    7.5000   30.0000    7.5000 2716.4868   14.9534
   -7.5000   37.5000    7.5000 2600.0500   16.2745
    0.0000   37.5000    7.5000 2608.7888   16.1091
    7.5000   37.5000    7.5000 2600.1626   16.2947
   -7.5000   45.0000    7.5000 2473.7988   17.9648
    0.0000   45.0000    7.5000 2481.4399   17.8206
    7.5000   45.0000    7.5000 2468.6589   17.9995
   -7.5000  -45.0000   15.0000 2361.3657   18.3455
    0.0000  -45.0000   15.0000 2358.5183   18.2101
    7.5000  -45.0000   15.0000 2348.4226   18.5054
   -7.5000  -37.5000   15.0000 2487.5771   16.4639
    0.0000  -37.5000   15.0000 2476.8459   16.2906
    7.5000  -37.5000   15.0000 2473.1033   16.5855
   -7.5000  -30.0000   15.0000 2595.4421   15.0518
    0.0000  -30.0000   15.0000 2580.3706   14.9239
    7.5000  -30.0000   15.0000 2591.1152   15.1426
   -7.5000  -22.5000   15.0000 2688.6396   14.0165
    0.0000  -22.5000   15.0000 2681.2712   13.9190
    7.5000  -22.5000   15.0000 2703.0225   14.0832
   -7.5000  -15.0000   15.0000 2784.2036   13.3841
    0.0000  -15.0000   15.0000 2792.6936   13.3381
    7.5000  -15.0000   15.0000 2805.5688   13.3659
   -7.5000   -7.5000   15.0000 2875.3713   12.9732
    0.0000   -7.5000   15.0000 2903.2625   12.9933
    7.5000   -7.5000   15.0000 2877.7622   12.9183
   -7.5000    0.0000   15.0000 2925.2095   12.5907
    0.0000    0.0000   15.0000 2954.1804   12.6128
    7.5000    0.0000   15.0000 2918.1890   12.6737
   -7.5000    7.5000   15.0000 2925.2998   12.6763
    0.0000    7.5000   15.0000 2945.0247   12.6023
    7.5000    7.5000   15.0000 2924.8081   12.7690
   -7.5000   15.0000   15.0000 2881.1355   13.1891
    0.0000   15.0000   15.0000 2897.9707   13.0186
    7.5000   15.0000   15.0000 2890.7021   13.1375
   -7.5000   22.5000   15.0000 2818.4104   13.9321
    0.0000   22.5000   15.0000 2835.1987   13.7453
    7.5000   22.5000   15.0000 2826.2947   13.8346
   -7.5000   30.0000   15.0000 2729.9712   14.9221
    0.0000   30.0000   15.0000 2742.5166   14.7270
    7.5000   30.0000   15.0000 2730.8523   14.7995
   -7.5000   37.5000   15.0000 2627.3901   16.2217
    0.0000   37.5000   15.0000 2634.1653   16.0351
    7.5000   37.5000   15.0000 2617.4771   16.1052
   -7.5000   45.0000   15.0000 2496.8503   17.8778
    0.0000   45.0000   15.0000 2504.8838   17.7441
    7.5000   45.0000   15.0000 2481.7319   17.7892
   -7.5000  -45.0000   22.5000 2326.7791   18.7634
    0.0000  -45.0000   22.5000 2321.0930   18.5988
    7.5000  -45.0000   22.5000 2329.1973   18.9305
   -7.5000  -37.5000   22.5000 2456.4067   16.9074
    0.0000  -37.5000   22.5000 2445.5881   16.7361
    7.5000  -37.5000   22.5000 2453.2122   16.9698
   -7.5000  -30.0000   22.5000 2576.2476   15.5728
    0.0000  -30.0000   22.5000 2569.0000   15.4481
    7.5000  -30.0000   22.5000 2566.2446   15.4994
   -7.5000  -22.5000   22.5000 2693.2617   14.5923
    0.0000  -22.5000   22.5000 2692.2817   14.4843
    7.5000  -22.5000   22.5000 2676.7202   14.4360
   -7.5000  -15.0000   22.5000 2800.1682   13.9212
    0.0000  -15.0000   22.5000 2808.9446   13.8766
    7.5000  -15.0000   22.5000 2784.3342   13.7025
   -7.5000   -7.5000   22.5000 2893.4929   13.4822
    0.0000   -7.5000   22.5000 2911.3662   13.4411
    7.5000   -7.5000   22.5000 2872.4338   13.2201
   -7.5000    0.0000   22.5000 2948.1384   13.0657
    0.0000    0.0000   22.5000 2973.8662   12.9508
    7.5000    0.0000   22.5000 2922.4514   12.8533
   -7.5000    7.5000   22.5000 2934.4446   13.0170
    0.0000    7.5000   22.5000 2956.4277   12.7843
    7.5000    7.5000   22.5000 2923.5833   12.8225
   -7.5000   15.0000   22.5000 2888.5427   13.3188
    0.0000   15.0000   22.5000 2912.1279   13.1201
    7.5000   15.0000   22.5000 2892.4878   13.1922
   -7.5000   22.5000   22.5000 2815.4246   13.9648
    0.0000   22.5000   22.5000 2836.5581   13.8224
    7.5000   22.5000   22.5000 2825.0183   13.9093
   -7.5000   30.0000   22.5000 2727.4722   14.9405
    0.0000   30.0000   22.5000 2742.1265   14.7868
    7.5000   30.0000   22.5000 2732.7278   14.8733
   -7.5000   37.5000   22.5000 2625.0474   16.2131
    0.0000   37.5000   22.5000 2633.5161   16.0762
    7.5000   37.5000   22.5000 2624.3315   16.1662
   -7.5000   45.0000   22.5000 2491.9019   17.9048
    0.0000   45.0000   22.5000 2504.0068   17.7627
    7.5000   45.0000   22.5000 2493.0789   17.8649
   -7.5000  -45.0000   30.0000 2295.0349   19.6796
    0.0000  -45.0000   30.0000 2298.8984   19.5569
    7.5000  -45.0000   30.0000 2293.2776   19.7142
   -7.5000  -37.5000   30.0000 2426.5171   17.8120
    0.0000  -37.5000   30.0000 2427.5505   17.6397
    7.5000  -37.5000   30.0000 2422.1643   17.7296
   -7.5000  -30.0000   30.0000 2547.9695   16.3777
    0.0000  -30.0000   30.0000 2543.2036   16.1685
    7.5000  -30.0000   30.0000 2537.9495   16.1928
   -7.5000  -22.5000   30.0000 2667.6245   15.2441
    0.0000  -22.5000   30.0000 2666.5210   15.0326
    7.5000  -22.5000   30.0000 2656.2070   14.9988
   -7.5000  -15.0000   30.0000 2769.9307   14.4339
    0.0000  -15.0000   30.0000 2772.2534   14.2627
    7.5000  -15.0000   30.0000 2760.8530   14.1956
   -7.5000   -7.5000   30.0000 2858.2874   13.8623
    0.0000   -7.5000   30.0000 2865.5264   13.6707
    7.5000   -7.5000   30.0000 2849.2795   13.6257
   -7.5000    0.0000   30.0000 2908.3433   13.4197
    0.0000    0.0000   30.0000 2918.7681   13.1267
    7.5000    0.0000   30.0000 2894.2710   13.1936
   -7.5000    7.5000   30.0000 2905.7532   13.3920
    0.0000    7.5000   30.0000 2919.9229   13.1159
    7.5000    7.5000   30.0000 2901.3335   13.1937
   -7.5000   15.0000   30.0000 2867.4749   13.7429
    0.0000   15.0000   30.0000 2888.1887   13.5669
    7.5000   15.0000   30.0000 2874.3474   13.6316
   -7.5000   22.5000   30.0000 2796.2903   14.4180
    0.0000   22.5000   30.0000 2816.3687   14.2813
    7.5000   22.5000   30.0000 2805.6934   14.3392
   -7.5000   30.0000   30.0000 2701.8831   15.3305
    0.0000   30.0000   30.0000 2714.9031   15.1923
    7.5000   30.0000   30.0000 2707.3989   15.2728
   -7.5000   37.5000   30.0000 2594.3713   16.5058
    0.0000   37.5000   30.0000 2610.0452   16.3977
    7.5000   37.5000   30.0000 2600.9473   16.5137
   -7.5000   45.0000   30.0000 2465.2251   18.1247
    0.0000   45.0000   30.0000 2482.6052   18.0314
    7.5000   45.0000   30.0000 2473.5317   18.1261
   -7.5000  -45.0000   37.5000 2264.8062   20.8691
    0.0000  -45.0000   37.5000 2261.1880   20.5810
    7.5000  -45.0000   37.5000 2255.9658   20.6666
   -7.5000  -37.5000   37.5000 2394.2764   18.7774
    0.0000  -37.5000   37.5000 2388.1130   18.4424
    7.5000  -37.5000   37.5000 2383.7683   18.5258
   -7.5000  -30.0000   37.5000 2510.5828   17.1801
    0.0000  -30.0000   37.5000 2503.8928   16.8062
    7.5000  -30.0000   37.5000 2503.3179   16.8709
   -7.5000  -22.5000   37.5000 2626.4646   15.9337
    0.0000  -22.5000   37.5000 2621.3428   15.6044
    7.5000  -22.5000   37.5000 2619.0156   15.6610
   -7.5000  -15.0000   37.5000 2724.7922   15.0777
    0.0000  -15.0000   37.5000 2725.2627   14.7723
    7.5000  -15.0000   37.5000 2723.8484   14.8077
   -7.5000   -7.5000   37.5000 2804.0999   14.4062
    0.0000   -7.5000   37.5000 2806.8826   14.0719
    7.5000   -7.5000   37.5000 2803.2698   14.1359
   -7.5000    0.0000   37.5000 2844.0286   13.9560
    0.0000    0.0000   37.5000 2848.2991   13.5339
    7.5000    0.0000   37.5000 2839.4890   13.6813
   -7.5000    7.5000   37.5000 2851.5894   13.9337
    0.0000    7.5000   37.5000 2862.5762   13.6081
    7.5000    7.5000   37.5000 2854.1372   13.7551
   -7.5000   15.0000   37.5000 2819.3743   14.3209
    0.0000   15.0000   37.5000 2835.6848   14.1001
    7.5000   15.0000   37.5000 2833.5515   14.2185
   -7.5000   22.5000   37.5000 2750.2920   15.0220
    0.0000   22.5000   37.5000 2768.9253   14.8404
    7.5000   22.5000   37.5000 2766.9209   14.9322
   -7.5000   30.0000   37.5000 2659.3333   16.0026
    0.0000   30.0000   37.5000 2677.3860   15.8177
    7.5000   30.0000   37.5000 2672.2610   15.8893
   -7.5000   37.5000   37.5000 2555.0925   17.1534
    0.0000   37.5000   37.5000 2574.3931   17.0144
    7.5000   37.5000   37.5000 2563.8381   17.1152
   -7.5000   45.0000   37.5000 2428.2798   18.7081
    0.0000   45.0000   37.5000 2444.9062   18.6019
    7.5000   45.0000   37.5000 2437.5051   18.6699
   -7.5000  -45.0000   45.0000 2211.0828   22.0076
    0.0000  -45.0000   45.0000 2210.2581   21.5560
    7.5000  -45.0000   45.0000 2205.3660   21.6427
   -7.5000  -37.5000   45.0000 2343.3125   19.8151
    0.0000  -37.5000   45.0000 2341.1721   19.3092
    7.5000  -37.5000   45.0000 2342.5415   19.3872
   -7.5000  -30.0000   45.0000 2458.0332   18.1141
    0.0000  -30.0000   45.0000 2457.2441   17.6177
    7.5000  -30.0000   45.0000 2458.4229   17.7382
   -7.5000  -22.5000   45.0000 2565.5422   16.8389
    0.0000  -22.5000   45.0000 2568.3315   16.3794
    7.5000  -22.5000   45.0000 2569.9702   16.4900
   -7.5000  -15.0000   45.0000 2656.6838   15.8755
    0.0000  -15.0000   45.0000 2666.2068   15.4363
    7.5000  -15.0000   45.0000 2663.5498   15.5428
   -7.5000   -7.5000   45.0000 2725.5708   15.1555
    0.0000   -7.5000   45.0000 2739.4519   14.6775
    7.5000   -7.5000   45.0000 2732.2607   14.8170
   -7.5000    0.0000   45.0000 2763.8230   14.6532
    0.0000    0.0000   45.0000 2774.1843   14.2499
    7.5000    0.0000   45.0000 2765.4268   14.3857
   -7.5000    7.5000   45.0000 2775.1543   14.6712
    0.0000    7.5000   45.0000 2786.8677   14.3321
    7.5000    7.5000   45.0000 2776.4346   14.4549
   -7.5000   15.0000   45.0000 2743.4949   15.1122
    0.0000   15.0000   45.0000 2757.6519   14.8154
    7.5000   15.0000   45.0000 2758.3208   14.9289
   -7.5000   22.5000   45.0000 2680.2119   15.8194
    0.0000   22.5000   45.0000 2701.1450   15.5575
    7.5000   22.5000   45.0000 2702.2886   15.6251
   -7.5000   30.0000   45.0000 2596.0664   16.7369
    0.0000   30.0000   45.0000 2620.6208   16.5087
    7.5000   30.0000   45.0000 2614.0894   16.5882
   -7.5000   37.5000   45.0000 2498.4949   17.9373
    0.0000   37.5000   45.0000 2521.8748   17.7648
    7.5000   37.5000   45.0000 2506.2378   17.8734
   -7.5000   45.0000   45.0000 2380.1919   19.5036
    0.0000   45.0000   45.0000 2394.8071   19.3814
    7.5000   45.0000   45.0000 2383.2324   19.4484
   -7.5000  -45.0000   52.5000 2159.3442   23.3874
    0.0000  -45.0000   52.5000 2163.2075   22.7859
    7.5000  -45.0000   52.5000 2150.0969   22.8074
   -7.5000  -37.5000   52.5000 2288.4070   20.9997
    0.0000  -37.5000   52.5000 2298.0195   20.4094
    7.5000  -37.5000   52.5000 2292.3386   20.4485
   -7.5000  -30.0000   52.5000 2399.5330   19.1820
    0.0000  -30.0000   52.5000 2410.0540   18.6310
    7.5000  -30.0000   52.5000 2406.5537   18.7238
   -7.5000  -22.5000   52.5000 2495.6711   17.8257
    0.0000  -22.5000   52.5000 2512.3835   17.3422
    7.5000  -22.5000   52.5000 2509.3643   17.4097
   -7.5000  -15.0000   52.5000 2584.0789   16.8264
    0.0000  -15.0000   52.5000 2599.0425   16.3177
    7.5000  -15.0000   52.5000 2595.2725   16.4303
   -7.5000   -7.5000   52.5000 2646.6912   16.0462
    0.0000   -7.5000   52.5000 2662.9360   15.5481
    7.5000   -7.5000   52.5000 2650.8469   15.6652
   -7.5000    0.0000   52.5000 2686.5994   15.5598
    0.0000    0.0000   52.5000 2692.7134   15.1577
    7.5000    0.0000   52.5000 2681.8823   15.2648
   -7.5000    7.5000   52.5000 2691.7461   15.6292
    0.0000    7.5000   52.5000 2705.1379   15.2704
    7.5000    7.5000   52.5000 2690.5791   15.3334
   -7.5000   15.0000   52.5000 2662.8574   16.0674
    0.0000   15.0000   52.5000 2676.7324   15.7385
    7.5000   15.0000   52.5000 2673.7563   15.8421
   -7.5000   22.5000   52.5000 2605.4641   16.7298
    0.0000   22.5000   52.5000 2624.6936   16.4345
    7.5000   22.5000   52.5000 2623.3406   16.5329
   -7.5000   30.0000   52.5000 2529.6445   17.5972
    0.0000   30.0000   52.5000 2552.9810   17.3369
    7.5000   30.0000   52.5000 2544.0657   17.4050
   -7.5000   37.5000   52.5000 2436.2188   18.8070
    0.0000   37.5000   52.5000 2459.0386   18.5852
    7.5000   37.5000   52.5000 2444.3108   18.6522
   -7.5000   45.0000   52.5000 2310.1255   20.4087
    0.0000   45.0000   52.5000 2331.7483   20.2480
    7.5000   45.0000   52.5000 2319.0164   20.2802
   -7.5000  -45.0000   60.0000 2078.8425   24.8353
    0.0000  -45.0000   60.0000 2088.3909   24.2104
    7.5000  -45.0000   60.0000 2073.8455   24.1020
   -7.5000  -37.5000   60.0000 2205.8943   22.2854
    0.0000  -37.5000   60.0000 2219.2983   21.6696
    7.5000  -37.5000   60.0000 2210.5398   21.6143
   -7.5000  -30.0000   60.0000 2313.4250   20.3945
    0.0000  -30.0000   60.0000 2332.5063   19.8366
    7.5000  -30.0000   60.0000 2324.4775   19.8494
   -7.5000  -22.5000   60.0000 2403.8059   18.9981
    0.0000  -22.5000   60.0000 2427.3574   18.4518
    7.5000  -22.5000   60.0000 2422.8884   18.5304
   -7.5000  -15.0000   60.0000 2483.0566   17.8812
    0.0000  -15.0000   60.0000 2503.4526   17.3616
    7.5000  -15.0000   60.0000 2495.9873   17.4412
   -7.5000   -7.5000   60.0000 2537.7603   17.0363
    0.0000   -7.5000   60.0000 2552.4609   16.6063
    7.5000   -7.5000   60.0000 2541.6006   16.7002
   -7.5000    0.0000   60.0000 2572.1140   16.5964
    0.0000    0.0000   60.0000 2582.0496   16.2339
    7.5000    0.0000   60.0000 2569.4141   16.3010
   -7.5000    7.5000   60.0000 2569.7583   16.6402
    0.0000    7.5000   60.0000 2591.0183   16.3288
    7.5000    7.5000   60.0000 2575.6924   16.3705
   -7.5000   15.0000   60.0000 2540.0808   17.1025
    0.0000   15.0000   60.0000 2557.0027   16.8032
    7.5000   15.0000   60.0000 2555.0049   16.8554
   -7.5000   22.5000   60.0000 2498.7461   17.7270
    0.0000   22.5000   60.0000 2518.8281   17.4295
    7.5000   22.5000   60.0000 2516.9077   17.4616
   -7.5000   30.0000   60.0000 2432.0435   18.5560
    0.0000   30.0000   60.0000 2457.9150   18.2785
    7.5000   30.0000   60.0000 2447.8135   18.2943
   -7.5000   37.5000   60.0000 2339.2075   19.7313
    0.0000   37.5000   60.0000 2365.1296   19.5038
    7.5000   37.5000   60.0000 2351.8762   19.5193
   -7.5000   45.0000   60.0000 2219.0063   21.4457
    0.0000   45.0000   60.0000 2243.2312   21.2835
    7.5000   45.0000   60.0000 2233.0784   21.2529

---------------------------------------------------------------------
imgreg_4dfp /opt/freesurfer/average/711-2C_as_mni_average_305 /opt/freesurfer/average/711-2B_as_mni_average_305_mask talsrcimg_g11 none talsrcimg_to_711-2C_as_mni_average_305_t4 1283
---------------------------------------------------------------------

freesurfer imgreg_4dfp.c
/opt/freesurfer/average/711-2C_as_mni_average_305.4dfp.img
       256       256       256         1
  1.000000  1.000000  1.000000
orientation T byte_order littleendian
Reading image: /opt/freesurfer/average/711-2C_as_mni_average_305.4dfp.img
dimensions:      256       256       256
mmppix:       1.0000   -1.0000   -1.0000
center:     128.0000 -129.0000 -129.0000
/opt/freesurfer/average/711-2B_as_mni_average_305_mask.4dfp.img
       256       256       256         1
  1.000000  1.000000  1.000000
orientation T byte_order littleendian
Reading mask: /opt/freesurfer/average/711-2B_as_mni_average_305_mask.4dfp.img (2306576 pixels)
talsrcimg_g11.4dfp.img
       256       256       256         1
  1.000000  1.000000  1.000000
orientation T byte_order littleendian
Reading image: talsrcimg_g11.4dfp.img
dimensions:      256       256       256
mmppix:       1.0000   -1.0000   -1.0000
center:     128.0000 -129.0000 -129.0000
rotation matrix determinant  1.000000
fimgreg.f
image alignment mode   1283 decimal      503 hex
parameters
    0.0000    0.0000   22.5000    0.0000    0.0000    0.0000
eta,q 0.93438 13.05822
niter,ni,del,rscale     5    3   12.0000    1.2000
parameter  5  1.182975 ->  0.500000 qaram    1.1500
parameters
   -1.5104    1.2276   20.9434   -2.7415   -3.4500    1.6746
eta,q 0.94055 12.83917
  0.0727  0.0802  0.0704  0.0643  0.0591  0.0640
  0.0701  0.0726  0.0644  0.0645  0.0595  0.0620
  0.0682  0.0693  0.0638  0.0645  0.0613  0.0606
  0.0688  0.0676  0.0662  0.0644  0.0646  0.0598
  0.0721  0.0662  0.0686  0.0656  0.0700  0.0594
  0.0748  0.0689  0.0718  0.0685  0.0760  0.0598
  0.0776  0.0722  0.0769  0.0729  0.0803  0.0611
niter,ni,del,rscale     5    3   12.0000    1.2000
parameter  5  0.541209 ->  0.500000 qaram    1.3225
parameters
    0.0907    1.5509   19.1840   -4.9505   -7.4175    2.4017
eta,q 0.94854 12.90616
  0.0787  0.0710  0.0623  0.0573  0.0540  0.0566
  0.0692  0.0632  0.0567  0.0550  0.0521  0.0542
  0.0621  0.0597  0.0553  0.0544  0.0517  0.0528
  0.0595  0.0587  0.0585  0.0556  0.0544  0.0517
  0.0586  0.0589  0.0616  0.0577  0.0597  0.0514
  0.0598  0.0633  0.0645  0.0614  0.0669  0.0523
  0.0650  0.0675  0.0689  0.0651  0.0748  0.0552
niter,ni,del,rscale     5    3   12.0000    1.2000
parameters
    1.3912    1.6803   18.4456   -5.1205   -8.4633    2.0941
eta,q 0.95124 12.92665
  0.0769  0.0626  0.0623  0.0541  0.0593  0.0526
  0.0661  0.0543  0.0552  0.0502  0.0528  0.0502
  0.0569  0.0505  0.0490  0.0485  0.0496  0.0493
  0.0515  0.0499  0.0499  0.0487  0.0486  0.0487
  0.0498  0.0505  0.0552  0.0500  0.0509  0.0488
  0.0535  0.0545  0.0614  0.0513  0.0586  0.0505
  0.0627  0.0608  0.0671  0.0537  0.0668  0.0541
niter,ni,del,rscale     4    3   12.0000    1.2000
parameters
    1.9315    1.5571   18.2735   -5.1265   -8.8583    1.8766
eta,q 0.95164 12.93402
  0.0723  0.0601  0.0643  0.0535  0.0613  0.0523
  0.0614  0.0521  0.0571  0.0496  0.0539  0.0498
  0.0533  0.0491  0.0502  0.0478  0.0498  0.0487
  0.0488  0.0485  0.0485  0.0483  0.0483  0.0483
  0.0498  0.0492  0.0527  0.0495  0.0497  0.0484
  0.0567  0.0540  0.0588  0.0505  0.0561  0.0500
  0.0655  0.0604  0.0651  0.0524  0.0643  0.0533
niter,ni,del,rscale     3    3   12.0000    1.2000
parameters
    2.1605    1.5183   18.2486   -5.1047   -9.0077    1.7867
eta,q 0.95162 12.93450
  0.0702  0.0605  0.0649  0.0534  0.0621  0.0526
  0.0597  0.0521  0.0576  0.0495  0.0545  0.0498
  0.0520  0.0490  0.0506  0.0477  0.0499  0.0486
  0.0484  0.0483  0.0484  0.0483  0.0483  0.0484
  0.0509  0.0490  0.0522  0.0494  0.0496  0.0484
  0.0583  0.0537  0.0581  0.0502  0.0554  0.0498
  0.0669  0.0599  0.0645  0.0522  0.0633  0.0530
niter,ni,del,rscale     2    3   12.0000    1.2000
parameters
    2.2476    1.5035   18.2471   -5.0967   -9.0608    1.7499
eta,q 0.95159 12.93486
  0.0692  0.0606  0.0650  0.0534  0.0625  0.0527
  0.0590  0.0521  0.0576  0.0494  0.0549  0.0498
  0.0515  0.0490  0.0507  0.0477  0.0500  0.0486
  0.0484  0.0484  0.0484  0.0484  0.0484  0.0484
  0.0514  0.0490  0.0522  0.0495  0.0496  0.0485
  0.0590  0.0536  0.0580  0.0502  0.0552  0.0498
  0.0675  0.0598  0.0643  0.0522  0.0630  0.0529
niter,ni,del,rscale     1    3   12.0000    1.2000
parameters
    2.2770    1.4984   18.2473   -5.0955   -9.0791    1.7370
eta,q 0.95159 12.93492
  0.0688  0.0607  0.0650  0.0534  0.0626  0.0527
  0.0587  0.0521  0.0576  0.0494  0.0550  0.0498
  0.0513  0.0490  0.0507  0.0477  0.0500  0.0486
  0.0484  0.0484  0.0484  0.0484  0.0484  0.0484
  0.0517  0.0490  0.0522  0.0495  0.0496  0.0485
  0.0592  0.0536  0.0580  0.0502  0.0551  0.0498
  0.0678  0.0598  0.0643  0.0522  0.0629  0.0529
registration optimization eta report
parameter search radius
    6.0000    6.0000    6.0000    6.0000    7.9350    6.0000
100000*second partial in parameter space
       54.       34.       43.       13.       23.       13.
  0.0688  0.0607  0.0650  0.0534  0.0626  0.0527
  0.0587  0.0521  0.0576  0.0494  0.0550  0.0498
  0.0513  0.0490  0.0507  0.0477  0.0500  0.0486
  0.0484  0.0484  0.0484  0.0484  0.0484  0.0484
  0.0517  0.0490  0.0522  0.0495  0.0496  0.0485
  0.0592  0.0536  0.0580  0.0502  0.0551  0.0498
  0.0678  0.0598  0.0643  0.0522  0.0629  0.0529
    2.2770    1.4984   18.2473   -5.0955   -9.0791    1.7370
eta,q 0.95159 12.93492

---------------------------------------------------------------------
imgreg_4dfp /opt/freesurfer/average/711-2C_as_mni_average_305 /opt/freesurfer/average/711-2B_as_mni_average_305_mask talsrcimg_g11 none talsrcimg_to_711-2C_as_mni_average_305_t4 3335
---------------------------------------------------------------------

freesurfer imgreg_4dfp.c
/opt/freesurfer/average/711-2C_as_mni_average_305.4dfp.img
       256       256       256         1
  1.000000  1.000000  1.000000
orientation T byte_order littleendian
Reading image: /opt/freesurfer/average/711-2C_as_mni_average_305.4dfp.img
dimensions:      256       256       256
mmppix:       1.0000   -1.0000   -1.0000
center:     128.0000 -129.0000 -129.0000
/opt/freesurfer/average/711-2B_as_mni_average_305_mask.4dfp.img
       256       256       256         1
  1.000000  1.000000  1.000000
orientation T byte_order littleendian
Reading mask: /opt/freesurfer/average/711-2B_as_mni_average_305_mask.4dfp.img (2306576 pixels)
talsrcimg_g11.4dfp.img
       256       256       256         1
  1.000000  1.000000  1.000000
orientation T byte_order littleendian
Reading image: talsrcimg_g11.4dfp.img
dimensions:      256       256       256
mmppix:       1.0000   -1.0000   -1.0000
center:     128.0000 -129.0000 -129.0000
fimgreg.f
image alignment mode   3335 decimal      D07 hex
parameters
    2.2770    1.4984   18.2473   -1.2982   -0.4834   -1.6431
   -4.4200   15.4409    2.9932    9.3539  -15.7797   -8.7703
eta,q 0.95180 13.03967
niter,ni,del,rscale     5    3    5.0000    1.2000
parameter  4  1.960112 ->  0.500000 qaram    1.1500
parameter  5  2.486776 ->  0.500000 qaram    1.1500
parameter 10 -0.509234 -> -0.500000 qaram    1.1500
parameter 11 -0.655809 -> -0.500000 qaram    1.1500
parameters
    2.2285    2.4378   18.4039   -5.4382   -4.6234   -4.9183
   -3.6471   14.3332    1.5409   13.4939  -11.6397   -7.4629
eta,q 0.97055 13.16097
  0.0526  0.0520  0.0512  0.0361  0.0291  0.0322  0.0358  0.0352  0.0326  0.0372  0.0343  0.0313
  0.0503  0.0502  0.0495  0.0378  0.0311  0.0315  0.0336  0.0326  0.0316  0.0346  0.0324  0.0304
  0.0487  0.0490  0.0484  0.0417  0.0342  0.0312  0.0321  0.0314  0.0312  0.0326  0.0311  0.0298
  0.0482  0.0482  0.0479  0.0478  0.0386  0.0318  0.0313  0.0313  0.0312  0.0311  0.0302  0.0295
  0.0488  0.0479  0.0480  0.0556  0.0437  0.0347  0.0315  0.0324  0.0318  0.0303  0.0297  0.0295
  0.0505  0.0480  0.0489  0.0630  0.0485  0.0408  0.0325  0.0349  0.0329  0.0303  0.0295  0.0298
  0.0530  0.0487  0.0505  0.0688  0.0533  0.0482  0.0343  0.0391  0.0344  0.0311  0.0296  0.0304
niter,ni,del,rscale     7    3    5.0000    1.2000
parameter  2 -0.778461 -> -0.500000 qaram    1.1500
parameter  3  0.692241 ->  0.500000 qaram    1.1500
parameter  5  0.918406 ->  0.500000 qaram    1.3225
parameter 12  0.730447 ->  0.500000 qaram    1.1500
parameters
    1.9266    3.8178   17.0239   -9.5413   -9.3844   -5.7280
   -2.4762   12.9818    2.2954   14.1368  -11.1886  -11.6029
eta,q 0.97787 12.87250
  0.0329  0.0363  0.0270  0.0264  0.0222  0.0261  0.0264  0.0258  0.0251  0.0274  0.0239  0.0223
  0.0307  0.0336  0.0267  0.0258  0.0226  0.0248  0.0247  0.0239  0.0240  0.0252  0.0233  0.0221
  0.0295  0.0312  0.0270  0.0257  0.0236  0.0237  0.0236  0.0229  0.0232  0.0236  0.0229  0.0223
  0.0295  0.0294  0.0277  0.0267  0.0257  0.0228  0.0231  0.0230  0.0228  0.0228  0.0227  0.0227
  0.0304  0.0281  0.0288  0.0303  0.0294  0.0233  0.0231  0.0240  0.0229  0.0228  0.0228  0.0234
  0.0323  0.0276  0.0303  0.0370  0.0341  0.0246  0.0236  0.0261  0.0234  0.0239  0.0231  0.0242
  0.0351  0.0279  0.0321  0.0456  0.0386  0.0299  0.0248  0.0294  0.0244  0.0265  0.0237  0.0252
niter,ni,del,rscale     7    3    5.0000    1.2000
parameters
    1.6892    4.9328   17.0439  -10.6379  -13.4368   -5.4718
   -3.1035   12.7267    2.2891   15.0254  -11.7156  -15.2374
eta,q 0.98004 12.67529
  0.0250  0.0288  0.0237  0.0241  0.0224  0.0240  0.0227  0.0245  0.0227  0.0255  0.0213  0.0206
  0.0233  0.0258  0.0224  0.0229  0.0208  0.0225  0.0214  0.0223  0.0214  0.0229  0.0207  0.0201
  0.0223  0.0236  0.0216  0.0219  0.0205  0.0213  0.0205  0.0208  0.0206  0.0211  0.0204  0.0200
  0.0221  0.0221  0.0214  0.0214  0.0216  0.0204  0.0204  0.0203  0.0203  0.0203  0.0203  0.0203
  0.0228  0.0214  0.0217  0.0215  0.0238  0.0202  0.0209  0.0210  0.0206  0.0206  0.0205  0.0210
  0.0242  0.0217  0.0224  0.0233  0.0277  0.0215  0.0221  0.0226  0.0214  0.0218  0.0210  0.0221
  0.0265  0.0229  0.0236  0.0279  0.0331  0.0242  0.0237  0.0253  0.0227  0.0236  0.0215  0.0233
niter,ni,del,rscale     6    3    5.0000    1.2000
parameters
    1.7473    5.3403   17.2819  -10.1868  -14.3175   -5.3120
   -3.5069   12.7585    2.3569   15.4385  -11.7852  -15.8315
eta,q 0.98030 12.67227
  0.0238  0.0257  0.0225  0.0235  0.0246  0.0235  0.0224  0.0243  0.0223  0.0245  0.0208  0.0212
  0.0218  0.0229  0.0210  0.0219  0.0221  0.0219  0.0209  0.0219  0.0209  0.0220  0.0202  0.0203
  0.0205  0.0209  0.0202  0.0207  0.0203  0.0206  0.0199  0.0203  0.0200  0.0204  0.0198  0.0198
  0.0200  0.0200  0.0199  0.0199  0.0198  0.0198  0.0197  0.0197  0.0197  0.0197  0.0197  0.0197
  0.0203  0.0201  0.0200  0.0196  0.0208  0.0194  0.0202  0.0202  0.0200  0.0202  0.0198  0.0200
  0.0215  0.0212  0.0206  0.0204  0.0232  0.0209  0.0214  0.0217  0.0208  0.0216  0.0202  0.0207
  0.0235  0.0231  0.0216  0.0236  0.0272  0.0240  0.0230  0.0243  0.0222  0.0235  0.0208  0.0217
niter,ni,del,rscale     5    3    5.0000    1.2000
parameters
    1.7897    5.4486   17.3165  -10.1566  -14.4916   -5.2762
   -3.6182   12.7811    2.3816   15.5524  -11.8069  -15.9952
eta,q 0.98030 12.66935
  0.0236  0.0245  0.0219  0.0232  0.0252  0.0235  0.0226  0.0243  0.0222  0.0242  0.0208  0.0214
  0.0215  0.0219  0.0206  0.0217  0.0226  0.0218  0.0211  0.0219  0.0209  0.0217  0.0202  0.0204
  0.0202  0.0203  0.0199  0.0205  0.0205  0.0205  0.0200  0.0203  0.0200  0.0202  0.0198  0.0199
  0.0197  0.0197  0.0197  0.0197  0.0197  0.0197  0.0197  0.0197  0.0197  0.0197  0.0197  0.0197
  0.0201  0.0202  0.0199  0.0195  0.0204  0.0194  0.0201  0.0202  0.0200  0.0203  0.0198  0.0199
  0.0213  0.0216  0.0206  0.0206  0.0224  0.0209  0.0212  0.0217  0.0208  0.0218  0.0202  0.0206
  0.0233  0.0237  0.0218  0.0242  0.0260  0.0243  0.0228  0.0243  0.0222  0.0238  0.0208  0.0215
niter,ni,del,rscale     4    3    5.0000    1.2000
parameters
    1.7997    5.4748   17.3201  -10.1343  -14.5303   -5.2717
   -3.6502   12.7852    2.3921   15.5814  -11.8020  -16.0311
eta,q 0.98030 12.66939
  0.0235  0.0242  0.0218  0.0232  0.0253  0.0235  0.0227  0.0242  0.0222  0.0241  0.0209  0.0214
  0.0214  0.0217  0.0206  0.0217  0.0227  0.0218  0.0211  0.0219  0.0208  0.0217  0.0202  0.0205
  0.0201  0.0201  0.0199  0.0205  0.0206  0.0205  0.0200  0.0203  0.0200  0.0202  0.0198  0.0199
  0.0197  0.0197  0.0197  0.0197  0.0197  0.0197  0.0197  0.0197  0.0197  0.0197  0.0197  0.0197
  0.0201  0.0203  0.0199  0.0195  0.0203  0.0194  0.0201  0.0202  0.0200  0.0203  0.0198  0.0199
  0.0214  0.0217  0.0206  0.0206  0.0223  0.0210  0.0211  0.0217  0.0208  0.0218  0.0202  0.0205
  0.0234  0.0239  0.0218  0.0242  0.0258  0.0244  0.0227  0.0243  0.0222  0.0239  0.0208  0.0214
registration optimization eta report
parameter search radius
    2.4000    2.7600    2.7600    8.2800    9.5220    7.2000
    7.2000    7.2000    7.2000    8.2800    8.2800    8.2800
100000*second partial in parameter space
       65.       57.       28.        6.        6.        8.
        6.        9.        5.        6.        2.        3.
  0.0235  0.0242  0.0218  0.0232  0.0253  0.0235  0.0227  0.0242  0.0222  0.0241  0.0209  0.0214
  0.0214  0.0217  0.0206  0.0217  0.0227  0.0218  0.0211  0.0219  0.0208  0.0217  0.0202  0.0205
  0.0201  0.0201  0.0199  0.0205  0.0206  0.0205  0.0200  0.0203  0.0200  0.0202  0.0198  0.0199
  0.0197  0.0197  0.0197  0.0197  0.0197  0.0197  0.0197  0.0197  0.0197  0.0197  0.0197  0.0197
  0.0201  0.0203  0.0199  0.0195  0.0203  0.0194  0.0201  0.0202  0.0200  0.0203  0.0198  0.0199
  0.0214  0.0217  0.0206  0.0206  0.0223  0.0210  0.0211  0.0217  0.0208  0.0218  0.0202  0.0205
  0.0234  0.0239  0.0218  0.0242  0.0258  0.0244  0.0227  0.0243  0.0222  0.0239  0.0208  0.0214
    1.7997    5.4748   17.3201  -10.1343  -14.5303   -5.2717
   -3.6502   12.7852    2.3921   15.5814  -11.8020  -16.0311
eta,q 0.98030 12.66939

---------------------------------------------------------------------
imgreg_4dfp /opt/freesurfer/average/711-2C_as_mni_average_305 /opt/freesurfer/average/711-2B_as_mni_average_305_mask talsrcimg_g11 none talsrcimg_to_711-2C_as_mni_average_305_t4 2311
---------------------------------------------------------------------

freesurfer imgreg_4dfp.c
/opt/freesurfer/average/711-2C_as_mni_average_305.4dfp.img
       256       256       256         1
  1.000000  1.000000  1.000000
orientation T byte_order littleendian
Reading image: /opt/freesurfer/average/711-2C_as_mni_average_305.4dfp.img
dimensions:      256       256       256
mmppix:       1.0000   -1.0000   -1.0000
center:     128.0000 -129.0000 -129.0000
/opt/freesurfer/average/711-2B_as_mni_average_305_mask.4dfp.img
       256       256       256         1
  1.000000  1.000000  1.000000
orientation T byte_order littleendian
Reading mask: /opt/freesurfer/average/711-2B_as_mni_average_305_mask.4dfp.img (2306576 pixels)
talsrcimg_g11.4dfp.img
       256       256       256         1
  1.000000  1.000000  1.000000
orientation T byte_order littleendian
Reading image: talsrcimg_g11.4dfp.img
dimensions:      256       256       256
mmppix:       1.0000   -1.0000   -1.0000
center:     128.0000 -129.0000 -129.0000
fimgreg.f
image alignment mode   2311 decimal      907 hex
parameters
    1.7997    5.4748   17.3201  -10.1343  -14.5303   -5.2717
   -3.6502   12.7852    2.3921   15.5814  -11.8020  -16.0311
eta,q 0.98030 12.66939
niter,ni,del,rscale     5    3    5.0000    0.8000
parameters
    1.8094    5.4232   17.2830   -8.5828  -14.3569   -4.5464
   -3.5942   12.9514    2.4561   15.6611  -11.5939  -16.0244
eta,q 0.98073 12.76943
  0.0214  0.0211  0.0203  0.0213  0.0213  0.0216  0.0207  0.0217  0.0204  0.0209  0.0198  0.0199
  0.0205  0.0203  0.0199  0.0206  0.0203  0.0207  0.0199  0.0204  0.0198  0.0200  0.0195  0.0195
  0.0199  0.0198  0.0198  0.0201  0.0197  0.0200  0.0195  0.0196  0.0194  0.0195  0.0193  0.0194
  0.0197  0.0197  0.0197  0.0197  0.0195  0.0195  0.0193  0.0193  0.0193  0.0193  0.0193  0.0193
  0.0199  0.0199  0.0198  0.0195  0.0196  0.0191  0.0194  0.0195  0.0194  0.0195  0.0193  0.0193
  0.0204  0.0205  0.0200  0.0196  0.0202  0.0195  0.0199  0.0202  0.0198  0.0200  0.0194  0.0195
  0.0214  0.0213  0.0204  0.0201  0.0210  0.0209  0.0207  0.0214  0.0204  0.0208  0.0197  0.0199
niter,ni,del,rscale     4    3    5.0000    0.7000
parameters
    1.7735    5.3828   17.3302   -8.7533  -14.3453   -4.3764
   -3.5443   12.9465    2.4251   15.6228  -11.5992  -16.0255
eta,q 0.98076 12.76701
  0.0206  0.0204  0.0199  0.0202  0.0206  0.0209  0.0203  0.0210  0.0201  0.0205  0.0196  0.0197
  0.0198  0.0197  0.0195  0.0198  0.0199  0.0202  0.0197  0.0200  0.0196  0.0198  0.0194  0.0195
  0.0194  0.0194  0.0193  0.0195  0.0194  0.0197  0.0194  0.0194  0.0193  0.0194  0.0193  0.0193
  0.0193  0.0193  0.0193  0.0193  0.0193  0.0193  0.0192  0.0192  0.0192  0.0192  0.0192  0.0192
  0.0195  0.0194  0.0193  0.0193  0.0195  0.0191  0.0194  0.0194  0.0193  0.0194  0.0193  0.0193
  0.0199  0.0199  0.0195  0.0197  0.0199  0.0197  0.0197  0.0200  0.0196  0.0198  0.0194  0.0194
  0.0207  0.0205  0.0198  0.0206  0.0206  0.0210  0.0203  0.0210  0.0201  0.0205  0.0195  0.0197
niter,ni,del,rscale     3    3    5.0000    0.6000
parameters
    1.7855    5.3646   17.3834   -8.6076  -14.4004   -4.1718
   -3.5402   12.9675    2.4288   15.6030  -11.6108  -16.0392
eta,q 0.98083 12.77576
  0.0203  0.0201  0.0197  0.0200  0.0202  0.0205  0.0200  0.0205  0.0198  0.0201  0.0194  0.0195
  0.0197  0.0196  0.0194  0.0197  0.0196  0.0200  0.0195  0.0198  0.0195  0.0196  0.0193  0.0193
  0.0194  0.0193  0.0193  0.0194  0.0193  0.0196  0.0193  0.0193  0.0192  0.0193  0.0192  0.0192
  0.0192  0.0192  0.0192  0.0192  0.0192  0.0192  0.0192  0.0192  0.0192  0.0192  0.0192  0.0192
  0.0193  0.0194  0.0193  0.0192  0.0194  0.0191  0.0193  0.0193  0.0193  0.0193  0.0192  0.0192
  0.0197  0.0197  0.0194  0.0195  0.0197  0.0195  0.0195  0.0197  0.0195  0.0196  0.0193  0.0193
  0.0202  0.0201  0.0196  0.0200  0.0202  0.0205  0.0200  0.0204  0.0198  0.0201  0.0194  0.0195
niter,ni,del,rscale     2    3    5.0000    0.5000
parameters
    1.7872    5.3539   17.4234   -8.4724  -14.4544   -3.9697
   -3.5277   12.9760    2.4252   15.5846  -11.6030  -16.0695
eta,q 0.98088 12.78351
  0.0199  0.0198  0.0195  0.0197  0.0198  0.0201  0.0197  0.0200  0.0196  0.0198  0.0193  0.0194
  0.0195  0.0194  0.0193  0.0195  0.0195  0.0198  0.0194  0.0195  0.0193  0.0194  0.0192  0.0192
  0.0193  0.0192  0.0192  0.0193  0.0192  0.0194  0.0192  0.0192  0.0192  0.0192  0.0191  0.0191
  0.0192  0.0192  0.0192  0.0192  0.0192  0.0192  0.0191  0.0191  0.0191  0.0191  0.0191  0.0191
  0.0193  0.0193  0.0192  0.0192  0.0193  0.0191  0.0192  0.0192  0.0192  0.0192  0.0191  0.0192
  0.0195  0.0195  0.0193  0.0193  0.0195  0.0194  0.0194  0.0195  0.0193  0.0194  0.0192  0.0192
  0.0199  0.0198  0.0195  0.0197  0.0199  0.0201  0.0197  0.0200  0.0196  0.0198  0.0193  0.0194
niter,ni,del,rscale     1    3    5.0000    0.4000
parameters
    1.7902    5.3484   17.4699   -8.3608  -14.5221   -3.7377
   -3.5195   12.9785    2.4164   15.5660  -11.6143  -16.1315
eta,q 0.98093 12.78990
  0.0196  0.0195  0.0194  0.0195  0.0195  0.0198  0.0194  0.0197  0.0194  0.0195  0.0192  0.0192
  0.0193  0.0193  0.0192  0.0193  0.0193  0.0196  0.0192  0.0193  0.0192  0.0193  0.0191  0.0191
  0.0192  0.0192  0.0192  0.0192  0.0192  0.0193  0.0191  0.0191  0.0191  0.0191  0.0191  0.0191
  0.0191  0.0191  0.0191  0.0191  0.0191  0.0191  0.0191  0.0191  0.0191  0.0191  0.0191  0.0191
  0.0192  0.0192  0.0191  0.0191  0.0192  0.0190  0.0191  0.0191  0.0191  0.0191  0.0191  0.0191
  0.0193  0.0193  0.0192  0.0192  0.0193  0.0192  0.0192  0.0193  0.0192  0.0193  0.0191  0.0192
  0.0196  0.0195  0.0193  0.0195  0.0196  0.0197  0.0194  0.0197  0.0194  0.0195  0.0192  0.0192
registration optimization eta report
parameter search radius
    0.8000    0.8000    0.8000    2.4000    2.4000    2.4000
    2.4000    2.4000    2.4000    2.4000    2.4000    2.4000
100000*second partial in parameter space
       71.       61.       34.        6.        8.       12.
        6.       10.        5.        8.        2.        3.
  0.0196  0.0195  0.0194  0.0195  0.0195  0.0198  0.0194  0.0197  0.0194  0.0195  0.0192  0.0192
  0.0193  0.0193  0.0192  0.0193  0.0193  0.0196  0.0192  0.0193  0.0192  0.0193  0.0191  0.0191
  0.0192  0.0192  0.0192  0.0192  0.0192  0.0193  0.0191  0.0191  0.0191  0.0191  0.0191  0.0191
  0.0191  0.0191  0.0191  0.0191  0.0191  0.0191  0.0191  0.0191  0.0191  0.0191  0.0191  0.0191
  0.0192  0.0192  0.0191  0.0191  0.0192  0.0190  0.0191  0.0191  0.0191  0.0191  0.0191  0.0191
  0.0193  0.0193  0.0192  0.0192  0.0193  0.0192  0.0192  0.0193  0.0192  0.0193  0.0191  0.0192
  0.0196  0.0195  0.0193  0.0195  0.0196  0.0197  0.0194  0.0197  0.0194  0.0195  0.0192  0.0192
    1.7902    5.3484   17.4699   -8.3608  -14.5221   -3.7377
   -3.5195   12.9785    2.4164   15.5660  -11.6143  -16.1315
eta,q 0.98093 12.78990

---------------------------------------------------------------------
imgreg_4dfp /opt/freesurfer/average/711-2C_as_mni_average_305 /opt/freesurfer/average/711-2B_as_mni_average_305_mask talsrcimg_g11 none talsrcimg_to_711-2C_as_mni_average_305_t4 2311
---------------------------------------------------------------------

freesurfer imgreg_4dfp.c
/opt/freesurfer/average/711-2C_as_mni_average_305.4dfp.img
       256       256       256         1
  1.000000  1.000000  1.000000
orientation T byte_order littleendian
Reading image: /opt/freesurfer/average/711-2C_as_mni_average_305.4dfp.img
dimensions:      256       256       256
mmppix:       1.0000   -1.0000   -1.0000
center:     128.0000 -129.0000 -129.0000
/opt/freesurfer/average/711-2B_as_mni_average_305_mask.4dfp.img
       256       256       256         1
  1.000000  1.000000  1.000000
orientation T byte_order littleendian
Reading mask: /opt/freesurfer/average/711-2B_as_mni_average_305_mask.4dfp.img (2306576 pixels)
talsrcimg_g11.4dfp.img
       256       256       256         1
  1.000000  1.000000  1.000000
orientation T byte_order littleendian
Reading image: talsrcimg_g11.4dfp.img
dimensions:      256       256       256
mmppix:       1.0000   -1.0000   -1.0000
center:     128.0000 -129.0000 -129.0000
fimgreg.f
image alignment mode   2311 decimal      907 hex
parameters
    1.7902    5.3484   17.4699   -8.3609  -14.5221   -3.7377
   -3.5195   12.9785    2.4164   15.5660  -11.6143  -16.1315
eta,q 0.98093 12.78990
niter,ni,del,rscale     5    3    5.0000    0.8000
parameters
    1.7842    5.3772   17.5352   -9.0023  -14.4273   -4.3396
   -3.5575   12.9517    2.3914   15.5666  -11.5730  -16.0232
eta,q 0.98075 12.75231
  0.0209  0.0207  0.0201  0.0202  0.0209  0.0209  0.0207  0.0215  0.0204  0.0209  0.0197  0.0199
  0.0199  0.0198  0.0195  0.0196  0.0199  0.0201  0.0199  0.0203  0.0198  0.0200  0.0194  0.0196
  0.0193  0.0193  0.0192  0.0192  0.0193  0.0196  0.0194  0.0195  0.0194  0.0194  0.0193  0.0193
  0.0191  0.0191  0.0191  0.0191  0.0191  0.0191  0.0193  0.0193  0.0193  0.0193  0.0193  0.0193
  0.0193  0.0193  0.0192  0.0192  0.0193  0.0194  0.0194  0.0195  0.0194  0.0195  0.0193  0.0193
  0.0199  0.0197  0.0194  0.0199  0.0199  0.0206  0.0199  0.0203  0.0198  0.0200  0.0194  0.0195
  0.0209  0.0205  0.0200  0.0214  0.0207  0.0225  0.0207  0.0215  0.0204  0.0208  0.0197  0.0198
niter,ni,del,rscale     4    3    5.0000    0.7000
parameters
    1.8087    5.3758   17.4194   -8.7608  -14.3801   -4.3220
   -3.5490   12.9590    2.4177   15.5879  -11.6213  -16.0072
eta,q 0.98078 12.76579
  0.0206  0.0205  0.0198  0.0203  0.0206  0.0208  0.0203  0.0210  0.0201  0.0205  0.0195  0.0197
  0.0199  0.0198  0.0194  0.0198  0.0198  0.0201  0.0197  0.0200  0.0196  0.0198  0.0193  0.0194
  0.0194  0.0194  0.0193  0.0195  0.0194  0.0196  0.0194  0.0194  0.0193  0.0194  0.0192  0.0193
  0.0193  0.0192  0.0192  0.0192  0.0192  0.0192  0.0192  0.0192  0.0192  0.0192  0.0192  0.0192
  0.0194  0.0194  0.0193  0.0192  0.0194  0.0191  0.0193  0.0194  0.0193  0.0194  0.0193  0.0193
  0.0198  0.0198  0.0196  0.0195  0.0198  0.0198  0.0197  0.0200  0.0196  0.0198  0.0194  0.0194
  0.0206  0.0204  0.0199  0.0203  0.0205  0.0211  0.0203  0.0209  0.0201  0.0204  0.0195  0.0197
niter,ni,del,rscale     3    3    5.0000    0.6000
parameters
    1.7953    5.3631   17.4012   -8.6144  -14.4067   -4.1674
   -3.5308   12.9715    2.4238   15.5935  -11.6009  -16.0379
eta,q 0.98082 12.77492
  0.0202  0.0201  0.0197  0.0200  0.0202  0.0205  0.0200  0.0205  0.0198  0.0201  0.0194  0.0195
  0.0197  0.0196  0.0194  0.0197  0.0196  0.0200  0.0195  0.0198  0.0195  0.0196  0.0193  0.0193
  0.0193  0.0193  0.0193  0.0194  0.0193  0.0196  0.0193  0.0193  0.0192  0.0193  0.0192  0.0192
  0.0192  0.0192  0.0192  0.0192  0.0192  0.0192  0.0192  0.0192  0.0192  0.0192  0.0192  0.0192
  0.0193  0.0193  0.0193  0.0192  0.0193  0.0191  0.0193  0.0193  0.0193  0.0193  0.0192  0.0192
  0.0197  0.0196  0.0194  0.0194  0.0197  0.0195  0.0195  0.0197  0.0195  0.0196  0.0193  0.0193
  0.0202  0.0201  0.0197  0.0200  0.0202  0.0205  0.0200  0.0205  0.0198  0.0201  0.0194  0.0195
niter,ni,del,rscale     2    3    5.0000    0.5000
parameters
    1.7912    5.3558   17.4282   -8.4728  -14.4595   -3.9701
   -3.5238   12.9720    2.4225   15.5831  -11.5946  -16.0675
eta,q 0.98087 12.78304
  0.0199  0.0198  0.0195  0.0197  0.0198  0.0201  0.0197  0.0200  0.0196  0.0198  0.0193  0.0194
  0.0195  0.0194  0.0193  0.0195  0.0195  0.0198  0.0194  0.0195  0.0193  0.0194  0.0192  0.0192
  0.0193  0.0192  0.0192  0.0193  0.0192  0.0194  0.0192  0.0192  0.0192  0.0192  0.0191  0.0191
  0.0192  0.0192  0.0192  0.0192  0.0192  0.0192  0.0191  0.0191  0.0191  0.0191  0.0191  0.0191
  0.0193  0.0193  0.0192  0.0192  0.0193  0.0191  0.0192  0.0192  0.0192  0.0192  0.0191  0.0192
  0.0195  0.0195  0.0193  0.0193  0.0195  0.0194  0.0194  0.0195  0.0193  0.0194  0.0192  0.0192
  0.0199  0.0198  0.0195  0.0197  0.0199  0.0201  0.0197  0.0200  0.0196  0.0198  0.0193  0.0194
niter,ni,del,rscale     1    3    5.0000    0.4000
parameters
    1.7907    5.3502   17.4721   -8.3655  -14.5203   -3.7415
   -3.5219   12.9745    2.4171   15.5664  -11.5901  -16.1413
eta,q 0.98093 12.78950
  0.0196  0.0195  0.0194  0.0195  0.0195  0.0198  0.0194  0.0197  0.0194  0.0195  0.0192  0.0192
  0.0193  0.0193  0.0192  0.0193  0.0193  0.0196  0.0192  0.0193  0.0192  0.0193  0.0191  0.0191
  0.0192  0.0192  0.0192  0.0192  0.0192  0.0193  0.0191  0.0191  0.0191  0.0191  0.0191  0.0191
  0.0191  0.0191  0.0191  0.0191  0.0191  0.0191  0.0191  0.0191  0.0191  0.0191  0.0191  0.0191
  0.0192  0.0192  0.0191  0.0191  0.0192  0.0190  0.0191  0.0191  0.0191  0.0191  0.0191  0.0191
  0.0193  0.0193  0.0192  0.0192  0.0193  0.0192  0.0192  0.0193  0.0192  0.0193  0.0191  0.0192
  0.0196  0.0195  0.0193  0.0195  0.0196  0.0197  0.0194  0.0197  0.0194  0.0195  0.0192  0.0192
registration optimization eta report
parameter search radius
    0.8000    0.8000    0.8000    2.4000    2.4000    2.4000
    2.4000    2.4000    2.4000    2.4000    2.4000    2.4000
100000*second partial in parameter space
       70.       61.       34.        6.        8.       12.
        6.       10.        5.        8.        2.        3.
  0.0196  0.0195  0.0194  0.0195  0.0195  0.0198  0.0194  0.0197  0.0194  0.0195  0.0192  0.0192
  0.0193  0.0193  0.0192  0.0193  0.0193  0.0196  0.0192  0.0193  0.0192  0.0193  0.0191  0.0191
  0.0192  0.0192  0.0192  0.0192  0.0192  0.0193  0.0191  0.0191  0.0191  0.0191  0.0191  0.0191
  0.0191  0.0191  0.0191  0.0191  0.0191  0.0191  0.0191  0.0191  0.0191  0.0191  0.0191  0.0191
  0.0192  0.0192  0.0191  0.0191  0.0192  0.0190  0.0191  0.0191  0.0191  0.0191  0.0191  0.0191
  0.0193  0.0193  0.0192  0.0192  0.0193  0.0192  0.0192  0.0193  0.0192  0.0193  0.0191  0.0192
  0.0196  0.0195  0.0193  0.0195  0.0196  0.0197  0.0194  0.0197  0.0194  0.0195  0.0192  0.0192
    1.7907    5.3502   17.4721   -8.3655  -14.5203   -3.7415
   -3.5219   12.9745    2.4171   15.5664  -11.5901  -16.1413
eta,q 0.98093 12.78950

---------------------------------------------------------------------
compute_vox2vox talsrcimg talsrcimg_to_711-2C_as_mni_average_305_t4 /opt/freesurfer/average/711-2C_as_mni_average_305
---------------------------------------------------------------------

freesurfer compute_vox2vox.c
Reading: talsrcimg.4dfp.ifh
Reading: talsrcimg_to_711-2C_as_mni_average_305_t4
Reading: /opt/freesurfer/average/711-2C_as_mni_average_305.4dfp.ifh
Writing: talsrcimg_to_711-2C_as_mni_average_305_t4_vox2vox.txt

start time Mon Mar 9 05:34:16 CET 2026
end		time Mon Mar 9 05:34:31 CET 2026

mpr2mni305 success

avi2talxfm orig_nu.mgz /opt/freesurfer/average/mni305.cor.mgz talsrcimg_to_711-2C_as_mni_average_305_t4_vox2vox.txt transforms/talairach.auto.xfm
avi2talxfm done
mv -f /out/sourcedata/freesurfer/sub-v1s18x0051240_ses-1/mri/talsrcimg_to_711-2C_as_mni_average_305_t4_vox2vox.txt /out/sourcedata/freesurfer/sub-v1s18x0051240_ses-1/mri/transforms/talsrcimg_to_711-2C_as_mni_average_305_t4_vox2vox.txt
lta_convert --src orig_nu.mgz --trg /opt/freesurfer/average/mni305.cor.mgz --inxfm transforms/talairach.auto.xfm --outlta transforms/talairach.auto.xfm.lta --subject fsaverage
7.3.2

--src: orig_nu.mgz src image (geometry).
--trg: /opt/freesurfer/average/mni305.cor.mgz trg image (geometry).
--inmni: transforms/talairach.auto.xfm input MNI/XFM transform.
--outlta: transforms/talairach.auto.xfm.lta output LTA.
--s: fsaverage subject name
 LTA read, type : 1
 1.07225  -0.14718   0.01639  -3.81876;
 0.12034   0.99157   0.19220  -28.80153;
-0.05223  -0.17641   1.13441  -13.58855;
 0.00000   0.00000   0.00000   1.00000;
setting subject to fsaverage
Writing  LTA to file transforms/talairach.auto.xfm.lta...
lta_convert successful.
 
 
Started at Mon Mar 9 05:34:16 CET 2026
Ended   at Mon Mar  9 05:34:31 CET 2026
talairach_avi done
