/out/sourcedata/freesurfer/sub-v1s18x0051272_ses-1/mri
/opt/freesurfer/bin/talairach_avi
--i orig_nu.mgz --xfm transforms/talairach.auto.xfm
talairach_avi 7.3.2
Linux dna029 5.14.0-427.37.1.el9_4.x86_64 #1 SMP PREEMPT_DYNAMIC Fri Sep 13 12:41:50 EDT 2024 x86_64 x86_64 x86_64 GNU/Linux
Mon Mar  9 07:14:08 CET 2026
mri_convert orig_nu.mgz talsrcimg.img 
reading from orig_nu.mgz...
TR=0.00, TE=0.00, TI=0.00, flip angle=0.00
i_ras = (-1, 0, 0)
j_ras = (0, 0, -1)
k_ras = (0, 1, 0)
writing to talsrcimg.img...
Analyze Output Matrix
-1.00000   0.00000   0.00000   132.02115;
 0.00000   0.00000   1.00000  -117.71475;
 0.00000  -1.00000   0.00000   131.21065;
 0.00000   0.00000   0.00000   1.00000;
--------------------
INFO: set hdr.hist.orient to -1
mpr2mni305 talsrcimg
Mon Mar  9 07:14:08 CET 2026
/opt/freesurfer/bin/mpr2mni305 talsrcimg
mpr2mni305 7.3.2
target=711-2C_as_mni_average_305

---------------------------------------------------------------------
analyzeto4dfp talsrcimg -O0 -y
---------------------------------------------------------------------

freesurfer ifh2hdr.c
Mon Mar  9 07:14:09 2026
Writing: talsrcimg.4dfp.hdr
freesurfer analyzeto4dfp.c
Reading: talsrcimg.hdr
header size 348 bytes
hdr.dime.datatype	offset=70	value=2
hdr.dime.bitpix		offset=72	value=8
hdr.hist.orient		offset=252	value=-1
dimensionality     4
dimensions       256       256       256         1
Reading: talsrcimg.img
Writing: talsrcimg.4dfp.img
Writing: talsrcimg.4dfp.ifh
ifh2hdr talsrcimg -r0to225
ori=2

---------------------------------------------------------------------
gauss_4dfp talsrcimg 1.1
---------------------------------------------------------------------

freesurfer gauss_4dfp.c
Reading: talsrcimg.4dfp.img
Writing: talsrcimg_g11.4dfp.img
image dimensions 256 256 256 padded to 288 288 288
processing volume 1freesurfer ifh2hdr.c
Mon Mar  9 07:14:10 2026
Writing: talsrcimg_g11.4dfp.hdr

Writing: talsrcimg_g11.4dfp.ifh
including: talsrcimg.4dfp.img.rec in talsrcimg_g11.4dfp.img.rec

---------------------------------------------------------------------
imgreg_4dfp /opt/freesurfer/average/711-2C_as_mni_average_305 none talsrcimg_g11 none talsrcimg_to_711-2C_as_mni_average_305_t4 4355
---------------------------------------------------------------------

freesurfer imgreg_4dfp.c
/opt/freesurfer/average/711-2C_as_mni_average_305.4dfp.img
       256       256       256         1
  1.000000  1.000000  1.000000
orientation T byte_order littleendian
Reading image: /opt/freesurfer/average/711-2C_as_mni_average_305.4dfp.img
dimensions:      256       256       256
mmppix:       1.0000   -1.0000   -1.0000
center:     128.0000 -129.0000 -129.0000
talsrcimg_g11.4dfp.img
       256       256       256         1
  1.000000  1.000000  1.000000
orientation T byte_order littleendian
Reading image: talsrcimg_g11.4dfp.img
dimensions:      256       256       256
mmppix:       1.0000   -1.0000   -1.0000
center:     128.0000 -129.0000 -129.0000
t4_read: open error in t4_sub.f l:  41 t4_file(1:l)talsrcimg_to_711-2C_as_mni_average_305_t4 
t4_read: transform initialized to I4
rotation matrix determinant  1.000000
image alignment mode   4355 decimal     1103 hex
   -7.5000  -45.0000  -45.0000 6503.2695   18.0684
    0.0000  -45.0000  -45.0000 6786.2603   18.1263
    7.5000  -45.0000  -45.0000 6490.2515   18.1547
   -7.5000  -37.5000  -45.0000 7092.2354   17.5543
    0.0000  -37.5000  -45.0000 7380.2041   17.5987
    7.5000  -37.5000  -45.0000 7036.6465   17.6218
   -7.5000  -30.0000  -45.0000 8054.5107   17.3485
    0.0000  -30.0000  -45.0000 8373.8672   17.3766
    7.5000  -30.0000  -45.0000 7955.3203   17.3940
   -7.5000  -22.5000  -45.0000 9092.9844   17.2923
    0.0000  -22.5000  -45.0000 9435.1982   17.3155
    7.5000  -22.5000  -45.0000 8975.6250   17.3303
   -7.5000  -15.0000  -45.000010162.3047   17.2789
    0.0000  -15.0000  -45.000010524.6201   17.3094
    7.5000  -15.0000  -45.000010011.2861   17.3244
   -7.5000   -7.5000  -45.000011105.6602   17.2509
    0.0000   -7.5000  -45.000011526.8477   17.2973
    7.5000   -7.5000  -45.000010962.3994   17.3155
   -7.5000    0.0000  -45.000011959.6143   17.2193
    0.0000    0.0000  -45.000012408.6768   17.2740
    7.5000    0.0000  -45.000011775.8809   17.2947
   -7.5000    7.5000  -45.000011860.4707   17.2105
    0.0000    7.5000  -45.000012322.5439   17.2542
    7.5000    7.5000  -45.000011654.6914   17.2733
   -7.5000   15.0000  -45.000011690.2715   17.2348
    0.0000   15.0000  -45.000012159.5850   17.2628
    7.5000   15.0000  -45.000011490.7217   17.2787
   -7.5000   22.5000  -45.000011433.3623   17.2692
    0.0000   22.5000  -45.000011884.6221   17.2922
    7.5000   22.5000  -45.000011245.1250   17.3066
   -7.5000   30.0000  -45.000010991.0576   17.0487
    0.0000   30.0000  -45.000011422.5938   17.0787
    7.5000   30.0000  -45.000010815.2119   17.0936
   -7.5000   37.5000  -45.000010962.1787   17.0210
    0.0000   37.5000  -45.000011388.9688   17.0668
    7.5000   37.5000  -45.000010757.3066   17.0847
   -7.5000   45.0000  -45.000010340.2627   16.5584
    0.0000   45.0000  -45.000010704.6650   16.6110
    7.5000   45.0000  -45.000010108.7451   16.6309
   -7.5000  -45.0000  -37.5000 6852.6963   18.0057
    0.0000  -45.0000  -37.5000 7159.0781   18.0662
    7.5000  -45.0000  -37.5000 6835.2866   18.1048
   -7.5000  -37.5000  -37.5000 7489.1060   17.4865
    0.0000  -37.5000  -37.5000 7800.5811   17.5351
    7.5000  -37.5000  -37.5000 7429.7871   17.5703
   -7.5000  -30.0000  -37.5000 8541.3105   17.2767
    0.0000  -30.0000  -37.5000 8876.0312   17.3096
    7.5000  -30.0000  -37.5000 8445.6943   17.3369
   -7.5000  -22.5000  -37.5000 9641.9707   17.2211
    0.0000  -22.5000  -37.500010009.6523   17.2475
    7.5000  -22.5000  -37.5000 9528.5605   17.2671
   -7.5000  -15.0000  -37.500010768.6299   17.2139
    0.0000  -15.0000  -37.500011151.7432   17.2465
    7.5000  -15.0000  -37.500010599.3975   17.2631
   -7.5000   -7.5000  -37.500011778.2344   17.1932
    0.0000   -7.5000  -37.500012243.6689   17.2414
    7.5000   -7.5000  -37.500011606.6689   17.2639
   -7.5000    0.0000  -37.500012653.2617   17.1615
    0.0000    0.0000  -37.500013172.9756   17.2186
    7.5000    0.0000  -37.500012435.7451   17.2487
   -7.5000    7.5000  -37.500012520.6250   17.1457
    0.0000    7.5000  -37.500013068.4609   17.1936
    7.5000    7.5000  -37.500012289.8887   17.2244
   -7.5000   15.0000  -37.500012322.4609   17.1640
    0.0000   15.0000  -37.500012853.5244   17.1968
    7.5000   15.0000  -37.500012093.0264   17.2224
   -7.5000   22.5000  -37.500012050.4521   17.1981
    0.0000   22.5000  -37.500012548.8828   17.2243
    7.5000   22.5000  -37.500011824.1396   17.2435
   -7.5000   30.0000  -37.500011563.2832   16.9845
    0.0000   30.0000  -37.500012052.7188   17.0166
    7.5000   30.0000  -37.500011343.1025   17.0331
   -7.5000   37.5000  -37.500011516.7012   16.9641
    0.0000   37.5000  -37.500011992.1475   17.0116
    7.5000   37.5000  -37.500011247.9697   17.0338
   -7.5000   45.0000  -37.500010886.4932   16.5029
    0.0000   45.0000  -37.500011296.5410   16.5578
    7.5000   45.0000  -37.500010592.4834   16.5867
   -7.5000  -45.0000  -30.0000 7319.8330   18.7708
    0.0000  -45.0000  -30.0000 7644.5605   18.8359
    7.5000  -45.0000  -30.0000 7286.1494   18.8796
   -7.5000  -37.5000  -30.0000 8025.9023   18.2164
    0.0000  -37.5000  -30.0000 8353.4424   18.2731
    7.5000  -37.5000  -30.0000 7955.2085   18.3137
   -7.5000  -30.0000  -30.0000 9176.4736   17.9896
    0.0000  -30.0000  -30.0000 9510.8691   18.0326
    7.5000  -30.0000  -30.0000 9064.6807   18.0635
   -7.5000  -22.5000  -30.000010343.1523   17.9348
    0.0000  -22.5000  -30.000010712.3525   17.9698
    7.5000  -22.5000  -30.000010215.1445   17.9895
   -7.5000  -15.0000  -30.000011498.5098   17.9385
    0.0000  -15.0000  -30.000011912.6416   17.9764
    7.5000  -15.0000  -30.000011336.1562   17.9916
   -7.5000   -7.5000  -30.000012614.6709   17.9255
    0.0000   -7.5000  -30.000013111.6260   17.9772
    7.5000   -7.5000  -30.000012414.3418   18.0005
   -7.5000    0.0000  -30.000013517.7012   17.8895
    0.0000    0.0000  -30.000014092.1299   17.9509
    7.5000    0.0000  -30.000013296.2764   17.9853
   -7.5000    7.5000  -30.000013404.3691   17.8621
    0.0000    7.5000  -30.000013997.0850   17.9178
    7.5000    7.5000  -30.000013141.3291   17.9539
   -7.5000   15.0000  -30.000013211.9463   17.8729
    0.0000   15.0000  -30.000013764.5479   17.9158
    7.5000   15.0000  -30.000012905.0820   17.9449
   -7.5000   22.5000  -30.000012889.6543   17.9089
    0.0000   22.5000  -30.000013437.9531   17.9437
    7.5000   22.5000  -30.000012587.9531   17.9631
   -7.5000   30.0000  -30.000012309.8799   17.7012
    0.0000   30.0000  -30.000012843.8184   17.7385
    7.5000   30.0000  -30.000012044.5107   17.7536
   -7.5000   37.5000  -30.000012227.8750   17.6883
    0.0000   37.5000  -30.000012732.5674   17.7393
    7.5000   37.5000  -30.000011925.2285   17.7623
   -7.5000   45.0000  -30.000011585.5518   17.2155
    0.0000   45.0000  -30.000012039.8994   17.2746
    7.5000   45.0000  -30.000011268.3887   17.3077
   -7.5000  -45.0000  -22.5000 7826.0034   19.4570
    0.0000  -45.0000  -22.5000 8143.8257   19.5250
    7.5000  -45.0000  -22.5000 7772.1055   19.5621
   -7.5000  -37.5000  -22.5000 8584.7100   18.8753
    0.0000  -37.5000  -22.5000 8916.3994   18.9358
    7.5000  -37.5000  -22.5000 8495.9473   18.9685
   -7.5000  -30.0000  -22.5000 9777.6484   18.6360
    0.0000  -30.0000  -22.500010126.0859   18.6843
    7.5000  -30.0000  -22.5000 9649.5391   18.7087
   -7.5000  -22.5000  -22.500011013.5732   18.5838
    0.0000  -22.5000  -22.500011420.4443   18.6243
    7.5000  -22.5000  -22.500010865.5586   18.6403
   -7.5000  -15.0000  -22.500012219.5820   18.5952
    0.0000  -15.0000  -22.500012698.5010   18.6371
    7.5000  -15.0000  -22.500012064.9365   18.6501
   -7.5000   -7.5000  -22.500013410.8955   18.5834
    0.0000   -7.5000  -22.500013965.0889   18.6376
    7.5000   -7.5000  -22.500013229.8291   18.6575
   -7.5000    0.0000  -22.500014388.4199   18.5416
    0.0000    0.0000  -22.500015014.9648   18.6057
    7.5000    0.0000  -22.500014159.5000   18.6338
   -7.5000    7.5000  -22.500014266.2168   18.5075
    0.0000    7.5000  -22.500014892.5156   18.5672
    7.5000    7.5000  -22.500013982.0908   18.5955
   -7.5000   15.0000  -22.500014037.0020   18.5157
    0.0000   15.0000  -22.500014616.1797   18.5638
    7.5000   15.0000  -22.500013713.8711   18.5864
   -7.5000   22.5000  -22.500013690.0146   18.5557
    0.0000   22.5000  -22.500014252.4121   18.5960
    7.5000   22.5000  -22.500013380.7490   18.6116
   -7.5000   30.0000  -22.500013086.0781   18.3519
    0.0000   30.0000  -22.500013623.0605   18.3933
    7.5000   30.0000  -22.500012791.6709   18.4061
   -7.5000   37.5000  -22.500012934.3438   18.3404
    0.0000   37.5000  -22.500013459.7646   18.3938
    7.5000   37.5000  -22.500012632.1709   18.4134
   -7.5000   45.0000  -22.500012247.2793   17.8565
    0.0000   45.0000  -22.500012735.8203   17.9182
    7.5000   45.0000  -22.500011959.9062   17.9452
   -7.5000  -45.0000  -15.0000 8318.8525   19.9567
    0.0000  -45.0000  -15.0000 8643.5635   20.0250
    7.5000  -45.0000  -15.0000 8235.8252   20.0536
   -7.5000  -37.5000  -15.0000 9108.3438   19.3670
    0.0000  -37.5000  -15.0000 9449.3223   19.4249
    7.5000  -37.5000  -15.0000 8996.7197   19.4469
   -7.5000  -30.0000  -15.000010322.6064   19.1263
    0.0000  -30.0000  -15.000010707.8740   19.1711
    7.5000  -30.0000  -15.000010208.1172   19.1875
   -7.5000  -22.5000  -15.000011610.4736   19.0738
    0.0000  -22.5000  -15.000012057.2227   19.1131
    7.5000  -22.5000  -15.000011494.6826   19.1264
   -7.5000  -15.0000  -15.000012929.2422   19.0806
    0.0000  -15.0000  -15.000013453.8848   19.1234
    7.5000  -15.0000  -15.000012815.6631   19.1370
   -7.5000   -7.5000  -15.000014207.3818   19.0610
    0.0000   -7.5000  -15.000014823.7471   19.1166
    7.5000   -7.5000  -15.000014051.7900   19.1341
   -7.5000    0.0000  -15.000015276.2305   19.0170
    0.0000    0.0000  -15.000015949.7139   19.0815
    7.5000    0.0000  -15.000015025.8945   19.1014
   -7.5000    7.5000  -15.000015075.2363   18.9883
    0.0000    7.5000  -15.000015723.8965   19.0455
    7.5000    7.5000  -15.000014792.1006   19.0633
   -7.5000   15.0000  -15.000014778.7539   19.0026
    0.0000   15.0000  -15.000015372.7383   19.0472
    7.5000   15.0000  -15.000014500.9141   19.0620
   -7.5000   22.5000  -15.000014449.6787   19.0442
    0.0000   22.5000  -15.000015049.9971   19.0833
    7.5000   22.5000  -15.000014181.0088   19.0961
   -7.5000   30.0000  -15.000013829.8027   18.8337
    0.0000   30.0000  -15.000014408.7881   18.8759
    7.5000   30.0000  -15.000013570.2744   18.8893
   -7.5000   37.5000  -15.000013640.0645   18.8143
    0.0000   37.5000  -15.000014185.9014   18.8691
    7.5000   37.5000  -15.000013365.3857   18.8864
   -7.5000   45.0000  -15.000012907.4609   18.3254
    0.0000   45.0000  -15.000013431.8447   18.3875
    7.5000   45.0000  -15.000012658.6748   18.4067
   -7.5000  -45.0000   -7.5000 8777.2158   20.1790
    0.0000  -45.0000   -7.5000 9110.2969   20.2454
    7.5000  -45.0000   -7.5000 8684.3496   20.2720
   -7.5000  -37.5000   -7.5000 9586.0811   19.5974
    0.0000  -37.5000   -7.5000 9949.8164   19.6502
    7.5000  -37.5000   -7.5000 9484.8184   19.6696
   -7.5000  -30.0000   -7.500010854.4561   19.3639
    0.0000  -30.0000   -7.500011263.2676   19.4010
    7.5000  -30.0000   -7.500010760.9844   19.4154
   -7.5000  -22.5000   -7.500012198.5693   19.3071
    0.0000  -22.5000   -7.500012688.3994   19.3398
    7.5000  -22.5000   -7.500012118.3369   19.3534
   -7.5000  -15.0000   -7.500013648.8027   19.3007
    0.0000  -15.0000   -7.500014217.8779   19.3397
    7.5000  -15.0000   -7.500013548.3486   19.3552
   -7.5000   -7.5000   -7.500015099.8711   19.2710
    0.0000   -7.5000   -7.500015802.0947   19.3253
    7.5000   -7.5000   -7.500014930.4482   19.3433
   -7.5000    0.0000   -7.500016260.1748   19.2303
    0.0000    0.0000   -7.500017011.9590   19.2931
    7.5000    0.0000   -7.500015983.6914   19.3113
   -7.5000    7.5000   -7.500015922.2227   19.2137
    0.0000    7.5000   -7.500016572.9297   19.2658
    7.5000    7.5000   -7.500015676.8457   19.2810
   -7.5000   15.0000   -7.500015503.9668   19.2378
    0.0000   15.0000   -7.500016109.6475   19.2747
    7.5000   15.0000   -7.500015327.7344   19.2875
   -7.5000   22.5000   -7.500015175.6240   19.2751
    0.0000   22.5000   -7.500015790.5625   19.3075
    7.5000   22.5000   -7.500015021.1865   19.3207
   -7.5000   30.0000   -7.500014554.0361   19.0504
    0.0000   30.0000   -7.500015166.6572   19.0889
    7.5000   30.0000   -7.500014404.5605   19.1042
   -7.5000   37.5000   -7.500014326.3525   19.0211
    0.0000   37.5000   -7.500014936.4336   19.0746
    7.5000   37.5000   -7.500014176.1562   19.0924
   -7.5000   45.0000   -7.500013558.8027   18.5344
    0.0000   45.0000   -7.500014107.6230   18.5949
    7.5000   45.0000   -7.500013365.3467   18.6124
   -7.5000  -45.0000    0.0000 9130.7129   20.1791
    0.0000  -45.0000    0.0000 9492.4580   20.2447
    7.5000  -45.0000    0.0000 9070.0781   20.2774
   -7.5000  -37.5000    0.0000 9954.8213   19.6047
    0.0000  -37.5000    0.000010334.4893   19.6553
    7.5000  -37.5000    0.0000 9896.4756   19.6821
   -7.5000  -30.0000    0.000011288.5225   19.3751
    0.0000  -30.0000    0.000011714.5967   19.4076
    7.5000  -30.0000    0.000011203.2490   19.4281
   -7.5000  -22.5000    0.000012703.8359   19.3138
    0.0000  -22.5000    0.000013196.7842   19.3408
    7.5000  -22.5000    0.000012607.5361   19.3582
   -7.5000  -15.0000    0.000014229.3066   19.3003
    0.0000  -15.0000    0.000014844.2949   19.3352
    7.5000  -15.0000    0.000014099.2607   19.3529
   -7.5000   -7.5000    0.000015925.6260   19.2691
    0.0000   -7.5000    0.000016704.3809   19.3218
    7.5000   -7.5000    0.000015671.1113   19.3428
   -7.5000    0.0000    0.000017224.9609   19.2326
    0.0000    0.0000    0.000018070.2070   19.2946
    7.5000    0.0000    0.000016948.8789   19.3185
   -7.5000    7.5000    0.000016735.7148   19.2214
    0.0000    7.5000    0.000017379.2168   19.2713
    7.5000    7.5000    0.000016609.8340   19.2936
   -7.5000   15.0000    0.000016147.0293   19.2484
    0.0000   15.0000    0.000016717.3613   19.2807
    7.5000   15.0000    0.000016146.0635   19.2996
   -7.5000   22.5000    0.000015752.5859   19.2818
    0.0000   22.5000    0.000016377.5625   19.3086
    7.5000   22.5000    0.000015784.7900   19.3255
   -7.5000   30.0000    0.000015112.5488   19.0505
    0.0000   30.0000    0.000015778.3906   19.0850
    7.5000   30.0000    0.000015149.7832   19.1024
   -7.5000   37.5000    0.000014904.4756   19.0197
    0.0000   37.5000    0.000015565.2295   19.0717
    7.5000   37.5000    0.000014904.2266   19.0925
   -7.5000   45.0000    0.000014132.7656   18.5380
    0.0000   45.0000    0.000014701.5791   18.5977
    7.5000   45.0000    0.000014016.8906   18.6208
   -7.5000  -45.0000    7.5000 8778.5742   20.1488
    0.0000  -45.0000    7.5000 9129.7129   20.2165
    7.5000  -45.0000    7.5000 8704.3154   20.2598
   -7.5000  -37.5000    7.5000 9549.9395   19.5678
    0.0000  -37.5000    7.5000 9929.0391   19.6223
    7.5000  -37.5000    7.5000 9491.6992   19.6616
   -7.5000  -30.0000    7.500010835.6963   19.3330
    0.0000  -30.0000    7.500011260.3330   19.3699
    7.5000  -30.0000    7.500010749.0498   19.4004
   -7.5000  -22.5000    7.500012208.6260   19.2709
    0.0000  -22.5000    7.500012690.6260   19.3004
    7.5000  -22.5000    7.500012093.5156   19.3223
   -7.5000  -15.0000    7.500013725.7412   19.2628
    0.0000  -15.0000    7.500014338.1914   19.2992
    7.5000  -15.0000    7.500013581.0986   19.3179
   -7.5000   -7.5000    7.500015341.6602   19.2396
    0.0000   -7.5000    7.500016107.6045   19.2935
    7.5000   -7.5000    7.500015134.1074   19.3187
   -7.5000    0.0000    7.500016603.7930   19.2042
    0.0000    0.0000    7.500017371.2871   19.2681
    7.5000    0.0000    7.500016409.9844   19.3017
   -7.5000    7.5000    7.500016187.7646   19.1865
    0.0000    7.5000    7.500016811.9902   19.2401
    7.5000    7.5000    7.500016223.1826   19.2746
   -7.5000   15.0000    7.500015694.4131   19.2069
    0.0000   15.0000    7.500016262.2705   19.2436
    7.5000   15.0000    7.500015833.7930   19.2723
   -7.5000   22.5000    7.500015363.1953   19.2388
    0.0000   22.5000    7.500015948.3545   19.2681
    7.5000   22.5000    7.500015454.0361   19.2896
   -7.5000   30.0000    7.500014774.8555   19.0135
    0.0000   30.0000    7.500015354.5439   19.0495
    7.5000   30.0000    7.500014779.4648   19.0679
   -7.5000   37.5000    7.500014533.0215   18.9906
    0.0000   37.5000    7.500015063.8643   19.0438
    7.5000   37.5000    7.500014421.8584   19.0687
   -7.5000   45.0000    7.500013725.1885   18.5106
    0.0000   45.0000    7.500014175.4141   18.5722
    7.5000   45.0000    7.500013489.5762   18.6046
   -7.5000  -45.0000   15.0000 8361.7490   20.1658
    0.0000  -45.0000   15.0000 8696.0137   20.2357
    7.5000  -45.0000   15.0000 8284.7725   20.2827
   -7.5000  -37.5000   15.0000 9111.8076   19.5701
    0.0000  -37.5000   15.0000 9468.9248   19.6309
    7.5000  -37.5000   15.0000 9046.9434   19.6746
   -7.5000  -30.0000   15.000010316.3955   19.3263
    0.0000  -30.0000   15.000010725.6943   19.3725
    7.5000  -30.0000   15.000010236.9941   19.4057
   -7.5000  -22.5000   15.000011582.6133   19.2674
    0.0000  -22.5000   15.000012050.3174   19.3049
    7.5000  -22.5000   15.000011508.2695   19.3262
   -7.5000  -15.0000   15.000012921.4365   19.2714
    0.0000  -15.0000   15.000013517.0713   19.3120
    7.5000  -15.0000   15.000012856.7529   19.3284
   -7.5000   -7.5000   15.000014303.9951   19.2574
    0.0000   -7.5000   15.000015028.4873   19.3128
    7.5000   -7.5000   15.000014244.0117   19.3379
   -7.5000    0.0000   15.000015476.2861   19.2187
    0.0000    0.0000   15.000016219.4717   19.2846
    7.5000    0.0000   15.000015417.4482   19.3216
   -7.5000    7.5000   15.000015401.2949   19.1893
    0.0000    7.5000   15.000016058.3359   19.2491
    7.5000    7.5000   15.000015262.5527   19.2880
   -7.5000   15.0000   15.000015276.6943   19.2010
    0.0000   15.0000   15.000015862.6455   19.2469
    7.5000   15.0000   15.000015018.6084   19.2783
   -7.5000   22.5000   15.000015077.1309   19.2354
    0.0000   22.5000   15.000015594.8701   19.2726
    7.5000   22.5000   15.000014700.9863   19.2935
   -7.5000   30.0000   15.000014414.6309   19.0220
    0.0000   30.0000   15.000014881.5654   19.0620
    7.5000   30.0000   15.000014048.9199   19.0783
   -7.5000   37.5000   15.000013990.7881   19.0082
    0.0000   37.5000   15.000014422.5078   19.0629
    7.5000   37.5000   15.000013663.4873   19.0876
   -7.5000   45.0000   15.000013099.1738   18.5246
    0.0000   45.0000   15.000013476.1836   18.5881
    7.5000   45.0000   15.000012789.4580   18.6238
   -7.5000  -45.0000   22.5000 7859.2666   20.3044
    0.0000  -45.0000   22.5000 8182.1636   20.3745
    7.5000  -45.0000   22.5000 7801.7866   20.4134
   -7.5000  -37.5000   22.5000 8563.3076   19.7015
    0.0000  -37.5000   22.5000 8916.6143   19.7638
    7.5000  -37.5000   22.5000 8513.7900   19.7982
   -7.5000  -30.0000   22.5000 9671.2207   19.4494
    0.0000  -30.0000   22.500010064.4922   19.4989
    7.5000  -30.0000   22.5000 9615.9600   19.5246
   -7.5000  -22.5000   22.500010852.4004   19.3935
    0.0000  -22.5000   22.500011327.5391   19.4349
    7.5000  -22.5000   22.500010799.3682   19.4517
   -7.5000  -15.0000   22.500012098.5811   19.4054
    0.0000  -15.0000   22.500012687.8389   19.4483
    7.5000  -15.0000   22.500012037.0547   19.4620
   -7.5000   -7.5000   22.500013379.1055   19.3943
    0.0000   -7.5000   22.500014009.3496   19.4501
    7.5000   -7.5000   22.500013277.1816   19.4710
   -7.5000    0.0000   22.500014515.5205   19.3514
    0.0000    0.0000   22.500015108.4697   19.4176
    7.5000    0.0000   22.500014324.6123   19.4471
   -7.5000    7.5000   22.500014444.0107   19.3155
    0.0000    7.5000   22.500014982.1123   19.3770
    7.5000    7.5000   22.500014183.7900   19.4068
   -7.5000   15.0000   22.500014310.4639   19.3231
    0.0000   15.0000   22.500014828.0156   19.3724
    7.5000   15.0000   22.500013998.5547   19.3964
   -7.5000   22.5000   22.500014111.0977   19.3612
    0.0000   22.5000   22.500014611.3389   19.4023
    7.5000   22.5000   22.500013729.3223   19.4187
   -7.5000   30.0000   22.500013498.5615   19.1543
    0.0000   30.0000   22.500013987.8154   19.1966
    7.5000   30.0000   22.500013142.6348   19.2101
   -7.5000   37.5000   22.500013124.0283   19.1433
    0.0000   37.5000   22.500013607.1650   19.1984
    7.5000   37.5000   22.500012818.2471   19.2190
   -7.5000   45.0000   22.500012273.0195   18.6526
    0.0000   45.0000   22.500012711.3926   18.7164
    7.5000   45.0000   22.500012006.3320   18.7448
   -7.5000  -45.0000   30.0000 7253.0620   20.5040
    0.0000  -45.0000   30.0000 7550.0176   20.5722
    7.5000  -45.0000   30.0000 7201.8604   20.6010
   -7.5000  -37.5000   30.0000 7941.6157   19.9062
    0.0000  -37.5000   30.0000 8252.9990   19.9638
    7.5000  -37.5000   30.0000 7866.9409   19.9861
   -7.5000  -30.0000   30.0000 9008.6807   19.6534
    0.0000  -30.0000   30.0000 9350.8232   19.6974
    7.5000  -30.0000   30.0000 8899.9951   19.7140
   -7.5000  -22.5000   30.000010138.7988   19.5974
    0.0000  -22.5000   30.000010545.2871   19.6358
    7.5000  -22.5000   30.0000 9989.5693   19.6491
   -7.5000  -15.0000   30.000011267.0283   19.6054
    0.0000  -15.0000   30.000011747.5859   19.6476
    7.5000  -15.0000   30.000011085.5576   19.6611
   -7.5000   -7.5000   30.000012360.6357   19.5872
    0.0000   -7.5000   30.000012867.8574   19.6427
    7.5000   -7.5000   30.000012167.4258   19.6604
   -7.5000    0.0000   30.000013328.4199   19.5427
    0.0000    0.0000   30.000013815.2520   19.6073
    7.5000    0.0000   30.000013103.8350   19.6274
   -7.5000    7.5000   30.000013205.7969   19.5118
    0.0000    7.5000   30.000013704.6611   19.5687
    7.5000    7.5000   30.000012984.1709   19.5867
   -7.5000   15.0000   30.000013025.0293   19.5246
    0.0000   15.0000   30.000013557.7949   19.5684
    7.5000   15.0000   30.000012837.5967   19.5832
   -7.5000   22.5000   30.000012809.3242   19.5645
    0.0000   22.5000   30.000013309.9863   19.6027
    7.5000   22.5000   30.000012605.5674   19.6155
   -7.5000   30.0000   30.000012338.2402   19.3516
    0.0000   30.0000   30.000012842.5117   19.3933
    7.5000   30.0000   30.000012135.0684   19.4067
   -7.5000   37.5000   30.000012075.9971   19.3337
    0.0000   37.5000   30.000012567.3096   19.3885
    7.5000   37.5000   30.000011883.4922   19.4060
   -7.5000   45.0000   30.000011322.4443   18.8369
    0.0000   45.0000   30.000011747.7432   18.8992
    7.5000   45.0000   30.000011119.6904   18.9186
   -7.5000  -45.0000   37.5000 6975.2471   20.9654
    0.0000  -45.0000   37.5000 7243.8960   21.0330
    7.5000  -45.0000   37.5000 6883.1250   21.0587
   -7.5000  -37.5000   37.5000 7650.2632   20.3663
    0.0000  -37.5000   37.5000 7926.8579   20.4195
    7.5000  -37.5000   37.5000 7534.8950   20.4382
   -7.5000  -30.0000   37.5000 8689.4463   20.1127
    0.0000  -30.0000   37.5000 9009.7520   20.1491
    7.5000  -30.0000   37.5000 8536.6006   20.1626
   -7.5000  -22.5000   37.5000 9749.2510   20.0505
    0.0000  -22.5000   37.500010131.5947   20.0822
    7.5000  -22.5000   37.5000 9586.0410   20.0950
   -7.5000  -15.0000   37.500010783.2998   20.0451
    0.0000  -15.0000   37.500011229.7656   20.0837
    7.5000  -15.0000   37.500010609.4678   20.0984
   -7.5000   -7.5000   37.500011800.5098   20.0158
    0.0000   -7.5000   37.500012288.1797   20.0707
    7.5000   -7.5000   37.500011614.2305   20.0879
   -7.5000    0.0000   37.500012678.6299   19.9729
    0.0000    0.0000   37.500013175.4424   20.0369
    7.5000    0.0000   37.500012487.7754   20.0542
   -7.5000    7.5000   37.500012582.1924   19.9535
    0.0000    7.5000   37.500013087.1719   20.0061
    7.5000    7.5000   37.500012411.3633   20.0202
   -7.5000   15.0000   37.500012398.7764   19.9769
    0.0000   15.0000   37.500012925.2012   20.0132
    7.5000   15.0000   37.500012250.7158   20.0250
   -7.5000   22.5000   37.500012143.4541   20.0163
    0.0000   22.5000   37.500012675.3818   20.0478
    7.5000   22.5000   37.500012024.2119   20.0601
   -7.5000   30.0000   37.500011723.8867   19.7857
    0.0000   30.0000   37.500012219.1064   19.8238
    7.5000   30.0000   37.500011595.5400   19.8383
   -7.5000   37.5000   37.500011536.5322   19.7568
    0.0000   37.5000   37.500011996.4668   19.8110
    7.5000   37.5000   37.500011416.2148   19.8280
   -7.5000   45.0000   37.500010825.3457   19.2515
    0.0000   45.0000   37.500011257.0918   19.3133
    7.5000   45.0000   37.500010699.2090   19.3300
   -7.5000  -45.0000   45.0000 6372.3706   21.4713
    0.0000  -45.0000   45.0000 6623.4570   21.5419
    7.5000  -45.0000   45.0000 6314.7471   21.5760
   -7.5000  -37.5000   45.0000 7007.1460   20.8556
    0.0000  -37.5000   45.0000 7265.0156   20.9087
    7.5000  -37.5000   45.0000 6916.8989   20.9378
   -7.5000  -30.0000   45.0000 7973.1987   20.5930
    0.0000  -30.0000   45.0000 8265.7266   20.6250
    7.5000  -30.0000   45.0000 7842.7798   20.6473
   -7.5000  -22.5000   45.0000 8935.7607   20.5230
    0.0000  -22.5000   45.0000 9297.0186   20.5490
    7.5000  -22.5000   45.0000 8807.5859   20.5672
   -7.5000  -15.0000   45.0000 9870.9033   20.5109
    0.0000  -15.0000   45.000010281.3926   20.5464
    7.5000  -15.0000   45.0000 9744.0127   20.5640
   -7.5000   -7.5000   45.000010777.3379   20.4785
    0.0000   -7.5000   45.000011229.5840   20.5346
    7.5000   -7.5000   45.000010651.1484   20.5560
   -7.5000    0.0000   45.000011580.9004   20.4369
    0.0000    0.0000   45.000012051.3145   20.5035
    7.5000    0.0000   45.000011431.8877   20.5286
   -7.5000    7.5000   45.000011494.4541   20.4213
    0.0000    7.5000   45.000011957.7012   20.4736
    7.5000    7.5000   45.000011356.4922   20.4976
   -7.5000   15.0000   45.000011310.4453   20.4489
    0.0000   15.0000   45.000011780.3828   20.4808
    7.5000   15.0000   45.000011203.8564   20.5012
   -7.5000   22.5000   45.000011054.5625   20.4872
    0.0000   22.5000   45.000011521.8877   20.5130
    7.5000   22.5000   45.000010991.1982   20.5307
   -7.5000   30.0000   45.000010699.6758   20.2437
    0.0000   30.0000   45.000011158.5596   20.2787
    7.5000   30.0000   45.000010623.1885   20.2961
   -7.5000   37.5000   45.000010549.1133   20.2117
    0.0000   37.5000   45.000010993.0889   20.2671
    7.5000   37.5000   45.000010470.6992   20.2882
   -7.5000   45.0000   45.0000 9894.1875   19.7077
    0.0000   45.0000   45.000010280.2500   19.7720
    7.5000   45.0000   45.0000 9795.5088   19.7962

---------------------------------------------------------------------
imgreg_4dfp /opt/freesurfer/average/711-2C_as_mni_average_305 /opt/freesurfer/average/711-2B_as_mni_average_305_mask talsrcimg_g11 none talsrcimg_to_711-2C_as_mni_average_305_t4 4355
---------------------------------------------------------------------

freesurfer imgreg_4dfp.c
/opt/freesurfer/average/711-2C_as_mni_average_305.4dfp.img
       256       256       256         1
  1.000000  1.000000  1.000000
orientation T byte_order littleendian
Reading image: /opt/freesurfer/average/711-2C_as_mni_average_305.4dfp.img
dimensions:      256       256       256
mmppix:       1.0000   -1.0000   -1.0000
center:     128.0000 -129.0000 -129.0000
/opt/freesurfer/average/711-2B_as_mni_average_305_mask.4dfp.img
       256       256       256         1
  1.000000  1.000000  1.000000
orientation T byte_order littleendian
Reading mask: /opt/freesurfer/average/711-2B_as_mni_average_305_mask.4dfp.img (2306576 pixels)
talsrcimg_g11.4dfp.img
       256       256       256         1
  1.000000  1.000000  1.000000
orientation T byte_order littleendian
Reading image: talsrcimg_g11.4dfp.img
dimensions:      256       256       256
mmppix:       1.0000   -1.0000   -1.0000
center:     128.0000 -129.0000 -129.0000
rotation matrix determinant  1.000000
image alignment mode   4355 decimal     1103 hex
   -7.5000  -45.0000  -45.0000 1857.3850   27.5829
    0.0000  -45.0000  -45.0000 1854.8510   27.7598
    7.5000  -45.0000  -45.0000 1843.7081   28.1350
   -7.5000  -37.5000  -45.0000 1980.3038   24.3738
    0.0000  -37.5000  -45.0000 1976.6566   24.4044
    7.5000  -37.5000  -45.0000 1957.9226   24.7386
   -7.5000  -30.0000  -45.0000 2092.5630   21.7848
    0.0000  -30.0000  -45.0000 2091.6787   21.8033
    7.5000  -30.0000  -45.0000 2066.5793   22.0511
   -7.5000  -22.5000  -45.0000 2204.3137   19.8144
    0.0000  -22.5000  -45.0000 2202.9517   19.7757
    7.5000  -22.5000  -45.0000 2177.6758   19.9893
   -7.5000  -15.0000  -45.0000 2294.4653   18.2733
    0.0000  -15.0000  -45.0000 2293.5701   18.2265
    7.5000  -15.0000  -45.0000 2267.5503   18.4228
   -7.5000   -7.5000  -45.0000 2344.5696   17.0873
    0.0000   -7.5000  -45.0000 2347.2773   17.0781
    7.5000   -7.5000  -45.0000 2324.5610   17.2481
   -7.5000    0.0000  -45.0000 2377.8528   16.2494
    0.0000    0.0000  -45.0000 2380.3638   16.2613
    7.5000    0.0000  -45.0000 2358.0466   16.4120
   -7.5000    7.5000  -45.0000 2401.6096   15.7347
    0.0000    7.5000  -45.0000 2404.0825   15.7551
    7.5000    7.5000  -45.0000 2381.0723   15.9222
   -7.5000   15.0000  -45.0000 2404.4915   15.5446
    0.0000   15.0000  -45.0000 2408.0852   15.5837
    7.5000   15.0000  -45.0000 2385.4641   15.7486
   -7.5000   22.5000  -45.0000 2407.9265   15.6657
    0.0000   22.5000  -45.0000 2406.8599   15.6775
    7.5000   22.5000  -45.0000 2381.2908   15.8519
   -7.5000   30.0000  -45.0000 2383.2974   16.1127
    0.0000   30.0000  -45.0000 2386.4988   16.0536
    7.5000   30.0000  -45.0000 2364.3433   16.2495
   -7.5000   37.5000  -45.0000 2345.2913   16.7771
    0.0000   37.5000  -45.0000 2354.5383   16.7579
    7.5000   37.5000  -45.0000 2327.4597   16.9522
   -7.5000   45.0000  -45.0000 2279.6960   17.7470
    0.0000   45.0000  -45.0000 2284.8013   17.6830
    7.5000   45.0000  -45.0000 2262.4272   17.9334
   -7.5000  -45.0000  -37.5000 1905.8774   25.9469
    0.0000  -45.0000  -37.5000 1909.0900   26.1047
    7.5000  -45.0000  -37.5000 1896.8287   26.4247
   -7.5000  -37.5000  -37.5000 2041.5060   22.9008
    0.0000  -37.5000  -37.5000 2041.4861   22.9500
    7.5000  -37.5000  -37.5000 2023.4015   23.2321
   -7.5000  -30.0000  -37.5000 2168.2539   20.5143
    0.0000  -30.0000  -37.5000 2169.0430   20.4889
    7.5000  -30.0000  -37.5000 2146.1321   20.7427
   -7.5000  -22.5000  -37.5000 2280.8760   18.5319
    0.0000  -22.5000  -37.5000 2283.7219   18.5116
    7.5000  -22.5000  -37.5000 2260.3293   18.7469
   -7.5000  -15.0000  -37.5000 2380.2246   17.0179
    0.0000  -15.0000  -37.5000 2378.6479   17.0004
    7.5000  -15.0000  -37.5000 2350.2168   17.1730
   -7.5000   -7.5000  -37.5000 2436.9014   15.9208
    0.0000   -7.5000  -37.5000 2439.5605   15.9299
    7.5000   -7.5000  -37.5000 2411.4688   16.0630
   -7.5000    0.0000  -37.5000 2469.1123   15.1183
    0.0000    0.0000  -37.5000 2473.5554   15.1462
    7.5000    0.0000  -37.5000 2446.4956   15.2835
   -7.5000    7.5000  -37.5000 2487.8843   14.6218
    0.0000    7.5000  -37.5000 2493.2007   14.6714
    7.5000    7.5000  -37.5000 2465.6592   14.7741
   -7.5000   15.0000  -37.5000 2493.4460   14.4148
    0.0000   15.0000  -37.5000 2500.9888   14.4795
    7.5000   15.0000  -37.5000 2476.6353   14.5837
   -7.5000   22.5000  -37.5000 2500.0034   14.5201
    0.0000   22.5000  -37.5000 2506.8948   14.5411
    7.5000   22.5000  -37.5000 2480.0886   14.7001
   -7.5000   30.0000  -37.5000 2480.2969   14.9086
    0.0000   30.0000  -37.5000 2492.3721   14.8994
    7.5000   30.0000  -37.5000 2464.7104   15.0732
   -7.5000   37.5000  -37.5000 2439.9333   15.5586
    0.0000   37.5000  -37.5000 2455.0110   15.5407
    7.5000   37.5000  -37.5000 2426.7905   15.7521
   -7.5000   45.0000  -37.5000 2372.1653   16.4720
    0.0000   45.0000  -37.5000 2382.5781   16.4601
    7.5000   45.0000  -37.5000 2355.0845   16.6703
   -7.5000  -45.0000  -30.0000 1986.2473   25.4884
    0.0000  -45.0000  -30.0000 1989.1974   25.5859
    7.5000  -45.0000  -30.0000 1979.4863   25.9159
   -7.5000  -37.5000  -30.0000 2132.2100   22.5039
    0.0000  -37.5000  -30.0000 2134.2463   22.4853
    7.5000  -37.5000  -30.0000 2118.1506   22.7370
   -7.5000  -30.0000  -30.0000 2270.8701   20.1085
    0.0000  -30.0000  -30.0000 2271.9709   20.0463
    7.5000  -30.0000  -30.0000 2253.0083   20.2616
   -7.5000  -22.5000  -30.0000 2389.4971   18.0910
    0.0000  -22.5000  -30.0000 2392.5933   18.0709
    7.5000  -22.5000  -30.0000 2374.5811   18.2770
   -7.5000  -15.0000  -30.0000 2489.3486   16.5329
    0.0000  -15.0000  -30.0000 2488.3042   16.5102
    7.5000  -15.0000  -30.0000 2463.7161   16.6779
   -7.5000   -7.5000  -30.0000 2561.3394   15.3851
    0.0000   -7.5000  -30.0000 2562.2109   15.4014
    7.5000   -7.5000  -30.0000 2532.7874   15.5414
   -7.5000    0.0000  -30.0000 2598.3135   14.5730
    0.0000    0.0000  -30.0000 2604.4763   14.6195
    7.5000    0.0000  -30.0000 2573.8496   14.7430
   -7.5000    7.5000  -30.0000 2624.8833   14.0603
    0.0000    7.5000  -30.0000 2636.9919   14.1417
    7.5000    7.5000  -30.0000 2604.7466   14.2335
   -7.5000   15.0000  -30.0000 2640.0330   13.8955
    0.0000   15.0000  -30.0000 2646.9902   13.9655
    7.5000   15.0000  -30.0000 2617.4092   14.0492
   -7.5000   22.5000  -30.0000 2641.2756   14.0082
    0.0000   22.5000  -30.0000 2653.0029   14.0440
    7.5000   22.5000  -30.0000 2621.4624   14.1698
   -7.5000   30.0000  -30.0000 2618.3438   14.4073
    0.0000   30.0000  -30.0000 2636.8621   14.4203
    7.5000   30.0000  -30.0000 2602.6836   14.5755
   -7.5000   37.5000  -30.0000 2577.2893   15.0415
    0.0000   37.5000  -30.0000 2595.2046   15.0571
    7.5000   37.5000  -30.0000 2563.3179   15.2437
   -7.5000   45.0000  -30.0000 2504.1707   15.8990
    0.0000   45.0000  -30.0000 2517.5447   15.9258
    7.5000   45.0000  -30.0000 2486.3298   16.1118
   -7.5000  -45.0000  -22.5000 2050.8101   25.1042
    0.0000  -45.0000  -22.5000 2054.1653   25.1016
    7.5000  -45.0000  -22.5000 2040.5547   25.4655
   -7.5000  -37.5000  -22.5000 2203.8110   22.0529
    0.0000  -37.5000  -22.5000 2205.7612   21.9711
    7.5000  -37.5000  -22.5000 2190.5352   22.3050
   -7.5000  -30.0000  -22.5000 2343.5508   19.5995
    0.0000  -30.0000  -22.5000 2345.3428   19.5450
    7.5000  -30.0000  -22.5000 2328.3430   19.8263
   -7.5000  -22.5000  -22.5000 2465.6833   17.6351
    0.0000  -22.5000  -22.5000 2467.2273   17.6074
    7.5000  -22.5000  -22.5000 2448.8831   17.8416
   -7.5000  -15.0000  -22.5000 2563.6245   16.0073
    0.0000  -15.0000  -22.5000 2570.2908   16.0347
    7.5000  -15.0000  -22.5000 2546.0796   16.2153
   -7.5000   -7.5000  -22.5000 2649.5776   14.8534
    0.0000   -7.5000  -22.5000 2654.6833   14.8676
    7.5000   -7.5000  -22.5000 2626.0024   15.0242
   -7.5000    0.0000  -22.5000 2697.0850   14.0076
    0.0000    0.0000  -22.5000 2706.1838   14.0597
    7.5000    0.0000  -22.5000 2676.1167   14.1852
   -7.5000    7.5000  -22.5000 2731.6060   13.4671
    0.0000    7.5000  -22.5000 2744.8679   13.5299
    7.5000    7.5000  -22.5000 2709.3608   13.6362
   -7.5000   15.0000  -22.5000 2753.3889   13.3023
    0.0000   15.0000  -22.5000 2761.7759   13.3475
    7.5000   15.0000  -22.5000 2726.4307   13.4586
   -7.5000   22.5000  -22.5000 2755.1841   13.4603
    0.0000   22.5000  -22.5000 2772.0447   13.4773
    7.5000   22.5000  -22.5000 2735.3403   13.5903
   -7.5000   30.0000  -22.5000 2734.6953   13.8577
    0.0000   30.0000  -22.5000 2752.5544   13.8634
    7.5000   30.0000  -22.5000 2714.5098   14.0140
   -7.5000   37.5000  -22.5000 2689.4084   14.4621
    0.0000   37.5000  -22.5000 2707.4966   14.4839
    7.5000   37.5000  -22.5000 2668.7307   14.6705
   -7.5000   45.0000  -22.5000 2611.5022   15.2897
    0.0000   45.0000  -22.5000 2626.0232   15.3063
    7.5000   45.0000  -22.5000 2593.9377   15.5275
   -7.5000  -45.0000  -15.0000 2093.5806   24.6729
    0.0000  -45.0000  -15.0000 2091.8506   24.6015
    7.5000  -45.0000  -15.0000 2075.2612   24.9608
   -7.5000  -37.5000  -15.0000 2248.2043   21.5719
    0.0000  -37.5000  -15.0000 2248.1077   21.5058
    7.5000  -37.5000  -15.0000 2227.0730   21.8567
   -7.5000  -30.0000  -15.0000 2381.5847   19.0859
    0.0000  -30.0000  -15.0000 2384.5237   19.0475
    7.5000  -30.0000  -15.0000 2363.5037   19.3854
   -7.5000  -22.5000  -15.0000 2501.1399   17.1619
    0.0000  -22.5000  -15.0000 2508.4751   17.1555
    7.5000  -22.5000  -15.0000 2489.2542   17.4338
   -7.5000  -15.0000  -15.0000 2609.8376   15.5968
    0.0000  -15.0000  -15.0000 2619.9302   15.6320
    7.5000  -15.0000  -15.0000 2600.0203   15.8695
   -7.5000   -7.5000  -15.0000 2702.5857   14.3791
    0.0000   -7.5000  -15.0000 2712.6726   14.4033
    7.5000   -7.5000  -15.0000 2684.7295   14.6192
   -7.5000    0.0000  -15.0000 2761.0088   13.5015
    0.0000    0.0000  -15.0000 2773.8843   13.5378
    7.5000    0.0000  -15.0000 2740.8782   13.7099
   -7.5000    7.5000  -15.0000 2797.5408   12.9109
    0.0000    7.5000  -15.0000 2809.0806   12.9433
    7.5000    7.5000  -15.0000 2774.5271   13.1137
   -7.5000   15.0000  -15.0000 2830.3159   12.7011
    0.0000   15.0000  -15.0000 2838.9070   12.7043
    7.5000   15.0000  -15.0000 2794.0037   12.8874
   -7.5000   22.5000  -15.0000 2835.9824   12.9045
    0.0000   22.5000  -15.0000 2852.8252   12.8924
    7.5000   22.5000  -15.0000 2807.2097   13.0748
   -7.5000   30.0000  -15.0000 2814.0784   13.3032
    0.0000   30.0000  -15.0000 2833.1406   13.3176
    7.5000   30.0000  -15.0000 2790.4487   13.5027
   -7.5000   37.5000  -15.0000 2762.5781   13.8929
    0.0000   37.5000  -15.0000 2778.8630   13.9058
    7.5000   37.5000  -15.0000 2741.2791   14.1420
   -7.5000   45.0000  -15.0000 2681.3083   14.7135
    0.0000   45.0000  -15.0000 2696.6858   14.7296
    7.5000   45.0000  -15.0000 2663.0786   14.9749
   -7.5000  -45.0000   -7.5000 2112.0881   24.2067
    0.0000  -45.0000   -7.5000 2111.4905   24.1415
    7.5000  -45.0000   -7.5000 2098.6089   24.6464
   -7.5000  -37.5000   -7.5000 2260.5056   21.1252
    0.0000  -37.5000   -7.5000 2264.0906   21.0773
    7.5000  -37.5000   -7.5000 2245.5400   21.4817
   -7.5000  -30.0000   -7.5000 2392.4651   18.6997
    0.0000  -30.0000   -7.5000 2398.3552   18.6746
    7.5000  -30.0000   -7.5000 2380.8550   19.0494
   -7.5000  -22.5000   -7.5000 2516.0068   16.7521
    0.0000  -22.5000   -7.5000 2527.1802   16.7569
    7.5000  -22.5000   -7.5000 2504.2900   17.0784
   -7.5000  -15.0000   -7.5000 2637.7786   15.2206
    0.0000  -15.0000   -7.5000 2650.9658   15.2427
    7.5000  -15.0000   -7.5000 2627.4192   15.5355
   -7.5000   -7.5000   -7.5000 2742.0281   14.0150
    0.0000   -7.5000   -7.5000 2756.8547   14.0564
    7.5000   -7.5000   -7.5000 2727.9912   14.3142
   -7.5000    0.0000   -7.5000 2810.5864   13.1129
    0.0000    0.0000   -7.5000 2826.7234   13.1360
    7.5000    0.0000   -7.5000 2785.8806   13.3652
   -7.5000    7.5000   -7.5000 2846.8130   12.4095
    0.0000    7.5000   -7.5000 2857.6594   12.4210
    7.5000    7.5000   -7.5000 2815.7581   12.6970
   -7.5000   15.0000   -7.5000 2882.1448   12.0880
    0.0000   15.0000   -7.5000 2891.7202   12.0679
    7.5000   15.0000   -7.5000 2844.3809   12.4085
   -7.5000   22.5000   -7.5000 2891.1689   12.3117
    0.0000   22.5000   -7.5000 2904.1895   12.2861
    7.5000   22.5000   -7.5000 2861.8730   12.5873
   -7.5000   30.0000   -7.5000 2864.2827   12.7492
    0.0000   30.0000   -7.5000 2881.5164   12.7286
    7.5000   30.0000   -7.5000 2847.6475   13.0206
   -7.5000   37.5000   -7.5000 2805.0596   13.3696
    0.0000   37.5000   -7.5000 2825.8740   13.3632
    7.5000   37.5000   -7.5000 2797.1235   13.6699
   -7.5000   45.0000   -7.5000 2720.2651   14.2474
    0.0000   45.0000   -7.5000 2734.5720   14.2541
    7.5000   45.0000   -7.5000 2705.1055   14.5569
   -7.5000  -45.0000    0.0000 2117.7576   24.0857
    0.0000  -45.0000    0.0000 2118.4509   24.0503
    7.5000  -45.0000    0.0000 2105.2698   24.6090
   -7.5000  -37.5000    0.0000 2261.3049   20.9432
    0.0000  -37.5000    0.0000 2266.1272   20.9264
    7.5000  -37.5000    0.0000 2253.4856   21.4603
   -7.5000  -30.0000    0.0000 2391.9290   18.5137
    0.0000  -30.0000    0.0000 2398.5981   18.4872
    7.5000  -30.0000    0.0000 2385.3091   18.9654
   -7.5000  -22.5000    0.0000 2518.7327   16.5937
    0.0000  -22.5000    0.0000 2531.2756   16.5570
    7.5000  -22.5000    0.0000 2505.1890   16.9679
   -7.5000  -15.0000    0.0000 2643.6577   15.0657
    0.0000  -15.0000    0.0000 2659.4382   15.0472
    7.5000  -15.0000    0.0000 2630.8904   15.4061
   -7.5000   -7.5000    0.0000 2757.4182   13.9138
    0.0000   -7.5000    0.0000 2779.1377   13.9031
    7.5000   -7.5000    0.0000 2742.7729   14.1993
   -7.5000    0.0000    0.0000 2838.1978   12.9684
    0.0000    0.0000    0.0000 2861.4355   12.9583
    7.5000    0.0000    0.0000 2816.4319   13.2573
   -7.5000    7.5000    0.0000 2877.1494   12.1069
    0.0000    7.5000    0.0000 2891.9905   12.0868
    7.5000    7.5000    0.0000 2852.8335   12.5210
   -7.5000   15.0000    0.0000 2918.0481   11.6586
    0.0000   15.0000    0.0000 2926.1218   11.5809
    7.5000   15.0000    0.0000 2882.3794   12.1575
   -7.5000   22.5000    0.0000 2918.7017   11.8861
    0.0000   22.5000    0.0000 2932.2871   11.8063
    7.5000   22.5000    0.0000 2896.3643   12.3467
   -7.5000   30.0000    0.0000 2882.3118   12.4159
    0.0000   30.0000    0.0000 2902.5986   12.3581
    7.5000   30.0000    0.0000 2878.2175   12.8067
   -7.5000   37.5000    0.0000 2825.3896   13.1052
    0.0000   37.5000    0.0000 2848.0801   13.0616
    7.5000   37.5000    0.0000 2827.1812   13.4438
   -7.5000   45.0000    0.0000 2739.7607   13.9908
    0.0000   45.0000    0.0000 2755.3235   13.9675
    7.5000   45.0000    0.0000 2730.7437   14.3123
   -7.5000  -45.0000    7.5000 2113.3311   24.3032
    0.0000  -45.0000    7.5000 2116.6738   24.2311
    7.5000  -45.0000    7.5000 2097.2117   24.8268
   -7.5000  -37.5000    7.5000 2249.0349   21.0996
    0.0000  -37.5000    7.5000 2254.3259   21.0413
    7.5000  -37.5000    7.5000 2239.4900   21.6133
   -7.5000  -30.0000    7.5000 2380.7051   18.6132
    0.0000  -30.0000    7.5000 2388.8945   18.5616
    7.5000  -30.0000    7.5000 2370.4731   19.0472
   -7.5000  -22.5000    7.5000 2510.2354   16.6697
    0.0000  -22.5000    7.5000 2522.1152   16.6171
    7.5000  -22.5000    7.5000 2491.2437   17.0416
   -7.5000  -15.0000    7.5000 2640.8911   15.1500
    0.0000  -15.0000    7.5000 2652.5376   15.0947
    7.5000  -15.0000    7.5000 2622.0330   15.4960
   -7.5000   -7.5000    7.5000 2758.3684   14.0005
    0.0000   -7.5000    7.5000 2774.9963   13.9411
    7.5000   -7.5000    7.5000 2741.3435   14.2987
   -7.5000    0.0000    7.5000 2842.2454   13.0036
    0.0000    0.0000    7.5000 2866.4219   12.9493
    7.5000    0.0000    7.5000 2824.6243   13.3594
   -7.5000    7.5000    7.5000 2888.2200   12.1412
    0.0000    7.5000    7.5000 2911.7622   12.0436
    7.5000    7.5000    7.5000 2878.4456   12.6242
   -7.5000   15.0000    7.5000 2934.4109   11.6994
    0.0000   15.0000    7.5000 2948.1243   11.5826
    7.5000   15.0000    7.5000 2918.9771   12.2356
   -7.5000   22.5000    7.5000 2935.7117   11.8992
    0.0000   22.5000    7.5000 2952.3264   11.7842
    7.5000   22.5000    7.5000 2920.8862   12.3661
   -7.5000   30.0000    7.5000 2892.7744   12.4117
    0.0000   30.0000    7.5000 2909.1648   12.3207
    7.5000   30.0000    7.5000 2887.2861   12.7916
   -7.5000   37.5000    7.5000 2831.3005   13.1137
    0.0000   37.5000    7.5000 2846.9380   13.0041
    7.5000   37.5000    7.5000 2829.5667   13.3924
   -7.5000   45.0000    7.5000 2744.1350   14.0137
    0.0000   45.0000    7.5000 2752.6348   13.9296
    7.5000   45.0000    7.5000 2729.6460   14.2575
   -7.5000  -45.0000   15.0000 2095.4177   24.8550
    0.0000  -45.0000   15.0000 2102.0940   24.7680
    7.5000  -45.0000   15.0000 2076.3035   25.3338
   -7.5000  -37.5000   15.0000 2235.7112   21.5276
    0.0000  -37.5000   15.0000 2243.2764   21.4813
    7.5000  -37.5000   15.0000 2222.8015   22.0858
   -7.5000  -30.0000   15.0000 2365.5361   18.9729
    0.0000  -30.0000   15.0000 2375.3843   18.8971
    7.5000  -30.0000   15.0000 2347.4736   19.4177
   -7.5000  -22.5000   15.0000 2489.7556   16.9413
    0.0000  -22.5000   15.0000 2502.6841   16.8782
    7.5000  -22.5000   15.0000 2471.2412   17.3760
   -7.5000  -15.0000   15.0000 2609.9873   15.3746
    0.0000  -15.0000   15.0000 2626.1748   15.3253
    7.5000  -15.0000   15.0000 2594.1555   15.7835
   -7.5000   -7.5000   15.0000 2718.2583   14.2120
    0.0000   -7.5000   15.0000 2742.2583   14.1625
    7.5000   -7.5000   15.0000 2711.8369   14.5872
   -7.5000    0.0000   15.0000 2811.9661   13.3001
    0.0000    0.0000   15.0000 2837.8662   13.2370
    7.5000    0.0000   15.0000 2805.7673   13.6770
   -7.5000    7.5000   15.0000 2890.1509   12.5596
    0.0000    7.5000   15.0000 2911.3586   12.4621
    7.5000    7.5000   15.0000 2867.7761   12.9423
   -7.5000   15.0000   15.0000 2943.8813   12.2477
    0.0000   15.0000   15.0000 2953.5149   12.1591
    7.5000   15.0000   15.0000 2909.2029   12.5687
   -7.5000   22.5000   15.0000 2936.6121   12.4543
    0.0000   22.5000   15.0000 2952.2637   12.3362
    7.5000   22.5000   15.0000 2904.6511   12.6750
   -7.5000   30.0000   15.0000 2882.1125   12.8681
    0.0000   30.0000   15.0000 2896.2744   12.7503
    7.5000   30.0000   15.0000 2865.0361   13.0794
   -7.5000   37.5000   15.0000 2806.4028   13.4449
    0.0000   37.5000   15.0000 2819.4326   13.3255
    7.5000   37.5000   15.0000 2796.7053   13.6569
   -7.5000   45.0000   15.0000 2719.4587   14.2795
    0.0000   45.0000   15.0000 2729.7620   14.1752
    7.5000   45.0000   15.0000 2706.8481   14.4690
   -7.5000  -45.0000   22.5000 2065.9312   25.6736
    0.0000  -45.0000   22.5000 2071.0229   25.5767
    7.5000  -45.0000   22.5000 2050.6755   26.2664
   -7.5000  -37.5000   22.5000 2213.6692   22.1309
    0.0000  -37.5000   22.5000 2224.1077   22.0946
    7.5000  -37.5000   22.5000 2199.3511   22.7486
   -7.5000  -30.0000   22.5000 2340.6675   19.5236
    0.0000  -30.0000   22.5000 2352.6011   19.4609
    7.5000  -30.0000   22.5000 2329.8069   20.0458
   -7.5000  -22.5000   22.5000 2459.3804   17.5318
    0.0000  -22.5000   22.5000 2476.7280   17.4772
    7.5000  -22.5000   22.5000 2448.2517   17.9847
   -7.5000  -15.0000   22.5000 2575.5728   16.0317
    0.0000  -15.0000   22.5000 2595.9858   16.0004
    7.5000  -15.0000   22.5000 2563.0671   16.4060
   -7.5000   -7.5000   22.5000 2688.0837   14.8747
    0.0000   -7.5000   22.5000 2707.9863   14.7880
    7.5000   -7.5000   22.5000 2674.7229   15.1856
   -7.5000    0.0000   22.5000 2782.3025   13.9338
    0.0000    0.0000   22.5000 2801.6304   13.8197
    7.5000    0.0000   22.5000 2764.4082   14.2300
   -7.5000    7.5000   22.5000 2858.3433   13.2281
    0.0000    7.5000   22.5000 2875.0664   13.1049
    7.5000    7.5000   22.5000 2831.3401   13.4690
   -7.5000   15.0000   22.5000 2901.8823   13.0065
    0.0000   15.0000   22.5000 2921.7502   12.8905
    7.5000   15.0000   22.5000 2874.9795   13.1521
   -7.5000   22.5000   22.5000 2901.4409   13.1231
    0.0000   22.5000   22.5000 2920.4766   13.0202
    7.5000   22.5000   22.5000 2866.3872   13.2272
   -7.5000   30.0000   22.5000 2843.7290   13.4604
    0.0000   30.0000   22.5000 2862.1311   13.3657
    7.5000   30.0000   22.5000 2817.7261   13.5820
   -7.5000   37.5000   22.5000 2765.7583   14.0591
    0.0000   37.5000   22.5000 2783.6235   13.9629
    7.5000   37.5000   22.5000 2750.0115   14.2033
   -7.5000   45.0000   22.5000 2679.7161   14.8277
    0.0000   45.0000   22.5000 2693.9534   14.7827
    7.5000   45.0000   22.5000 2662.4456   15.0183
   -7.5000  -45.0000   30.0000 2013.1913   26.7636
    0.0000  -45.0000   30.0000 2025.6561   26.6619
    7.5000  -45.0000   30.0000 2009.5905   27.3548
   -7.5000  -37.5000   30.0000 2174.6567   23.2079
    0.0000  -37.5000   30.0000 2185.5518   23.1209
    7.5000  -37.5000   30.0000 2167.4802   23.7616
   -7.5000  -30.0000   30.0000 2312.4966   20.5963
    0.0000  -30.0000   30.0000 2321.3887   20.5008
    7.5000  -30.0000   30.0000 2297.3560   20.9929
   -7.5000  -22.5000   30.0000 2434.5146   18.6269
    0.0000  -22.5000   30.0000 2446.6353   18.5274
    7.5000  -22.5000   30.0000 2413.7471   18.9096
   -7.5000  -15.0000   30.0000 2540.3826   17.0311
    0.0000  -15.0000   30.0000 2555.1958   16.9607
    7.5000  -15.0000   30.0000 2520.1582   17.2719
   -7.5000   -7.5000   30.0000 2645.6980   15.7010
    0.0000   -7.5000   30.0000 2663.1094   15.5994
    7.5000   -7.5000   30.0000 2626.1934   15.9162
   -7.5000    0.0000   30.0000 2736.6729   14.6551
    0.0000    0.0000   30.0000 2754.1189   14.5448
    7.5000    0.0000   30.0000 2716.3474   14.9204
   -7.5000    7.5000   30.0000 2799.2229   13.9882
    0.0000    7.5000   30.0000 2817.1724   13.9012
    7.5000    7.5000   30.0000 2776.0496   14.1962
   -7.5000   15.0000   30.0000 2829.8679   13.8117
    0.0000   15.0000   30.0000 2856.7795   13.7037
    7.5000   15.0000   30.0000 2812.8130   13.9383
   -7.5000   22.5000   30.0000 2827.7283   13.8932
    0.0000   22.5000   30.0000 2847.5537   13.7899
    7.5000   22.5000   30.0000 2806.9055   14.0049
   -7.5000   30.0000   30.0000 2781.2104   14.2367
    0.0000   30.0000   30.0000 2807.7400   14.1483
    7.5000   30.0000   30.0000 2759.2222   14.3584
   -7.5000   37.5000   30.0000 2709.0503   14.7788
    0.0000   37.5000   30.0000 2732.1865   14.6956
    7.5000   37.5000   30.0000 2691.7493   14.9388
   -7.5000   45.0000   30.0000 2620.3035   15.5901
    0.0000   45.0000   30.0000 2636.7512   15.5351
    7.5000   45.0000   30.0000 2604.3103   15.7504
   -7.5000  -45.0000   37.5000 1968.2815   28.4439
    0.0000  -45.0000   37.5000 1974.8037   28.2464
    7.5000  -45.0000   37.5000 1957.5416   28.8385
   -7.5000  -37.5000   37.5000 2129.8047   24.7129
    0.0000  -37.5000   37.5000 2136.7375   24.4963
    7.5000  -37.5000   37.5000 2118.9275   25.0264
   -7.5000  -30.0000   37.5000 2269.8264   21.8949
    0.0000  -30.0000   37.5000 2276.9189   21.7475
    7.5000  -30.0000   37.5000 2252.6819   22.1146
   -7.5000  -22.5000   37.5000 2388.2781   19.7744
    0.0000  -22.5000   37.5000 2400.4822   19.6547
    7.5000  -22.5000   37.5000 2369.7000   19.9838
   -7.5000  -15.0000   37.5000 2487.1770   18.0534
    0.0000  -15.0000   37.5000 2501.9343   17.9528
    7.5000  -15.0000   37.5000 2466.0881   18.2353
   -7.5000   -7.5000   37.5000 2594.2163   16.6376
    0.0000   -7.5000   37.5000 2609.9451   16.5556
    7.5000   -7.5000   37.5000 2568.2500   16.8308
   -7.5000    0.0000   37.5000 2678.6021   15.5535
    0.0000    0.0000   37.5000 2696.7070   15.4875
    7.5000    0.0000   37.5000 2650.8511   15.7747
   -7.5000    7.5000   37.5000 2733.2859   14.9299
    0.0000    7.5000   37.5000 2750.0693   14.8589
    7.5000    7.5000   37.5000 2712.8330   15.1081
   -7.5000   15.0000   37.5000 2749.5176   14.7276
    0.0000   15.0000   37.5000 2776.7002   14.6307
    7.5000   15.0000   37.5000 2734.3904   14.8560
   -7.5000   22.5000   37.5000 2743.1323   14.7785
    0.0000   22.5000   37.5000 2768.4268   14.6903
    7.5000   22.5000   37.5000 2728.4534   14.9228
   -7.5000   30.0000   37.5000 2698.4233   15.1162
    0.0000   30.0000   37.5000 2721.8245   15.0141
    7.5000   30.0000   37.5000 2679.7461   15.2504
   -7.5000   37.5000   37.5000 2637.0850   15.6911
    0.0000   37.5000   37.5000 2653.6560   15.5906
    7.5000   37.5000   37.5000 2621.9690   15.8465
   -7.5000   45.0000   37.5000 2553.3213   16.4772
    0.0000   45.0000   37.5000 2569.9495   16.4437
    7.5000   45.0000   37.5000 2540.0786   16.6760
   -7.5000  -45.0000   45.0000 1909.8074   30.3728
    0.0000  -45.0000   45.0000 1914.7781   30.1310
    7.5000  -45.0000   45.0000 1900.0375   30.7094
   -7.5000  -37.5000   45.0000 2078.6877   26.3319
    0.0000  -37.5000   45.0000 2081.0542   26.1147
    7.5000  -37.5000   45.0000 2061.2307   26.6025
   -7.5000  -30.0000   45.0000 2219.0432   23.3106
    0.0000  -30.0000   45.0000 2226.1675   23.1306
    7.5000  -30.0000   45.0000 2195.6318   23.4816
   -7.5000  -22.5000   45.0000 2331.3760   21.0537
    0.0000  -22.5000   45.0000 2341.2424   20.9274
    7.5000  -22.5000   45.0000 2306.1501   21.1872
   -7.5000  -15.0000   45.0000 2424.8608   19.2372
    0.0000  -15.0000   45.0000 2438.5508   19.1210
    7.5000  -15.0000   45.0000 2400.7200   19.3612
   -7.5000   -7.5000   45.0000 2524.9434   17.7415
    0.0000   -7.5000   45.0000 2539.0334   17.6678
    7.5000   -7.5000   45.0000 2500.6060   17.9132
   -7.5000    0.0000   45.0000 2601.3315   16.6754
    0.0000    0.0000   45.0000 2619.2244   16.6098
    7.5000    0.0000   45.0000 2576.4861   16.8275
   -7.5000    7.5000   45.0000 2647.2883   16.0333
    0.0000    7.5000   45.0000 2664.9583   15.9635
    7.5000    7.5000   45.0000 2630.0127   16.1627
   -7.5000   15.0000   45.0000 2657.3735   15.8124
    0.0000   15.0000   45.0000 2678.6003   15.7054
    7.5000   15.0000   45.0000 2644.7937   15.9335
   -7.5000   22.5000   45.0000 2649.6897   15.8175
    0.0000   22.5000   45.0000 2669.3618   15.7339
    7.5000   22.5000   45.0000 2641.4038   15.9627
   -7.5000   30.0000   45.0000 2610.1536   16.1526
    0.0000   30.0000   45.0000 2632.0825   16.0510
    7.5000   30.0000   45.0000 2597.0352   16.3029
   -7.5000   37.5000   45.0000 2557.4719   16.6886
    0.0000   37.5000   45.0000 2572.9912   16.6085
    7.5000   37.5000   45.0000 2544.8486   16.8503
   -7.5000   45.0000   45.0000 2469.9319   17.4957
    0.0000   45.0000   45.0000 2484.0876   17.4399
    7.5000   45.0000   45.0000 2460.4167   17.6703

---------------------------------------------------------------------
imgreg_4dfp /opt/freesurfer/average/711-2C_as_mni_average_305 /opt/freesurfer/average/711-2B_as_mni_average_305_mask talsrcimg_g11 none talsrcimg_to_711-2C_as_mni_average_305_t4 1283
---------------------------------------------------------------------

freesurfer imgreg_4dfp.c
/opt/freesurfer/average/711-2C_as_mni_average_305.4dfp.img
       256       256       256         1
  1.000000  1.000000  1.000000
orientation T byte_order littleendian
Reading image: /opt/freesurfer/average/711-2C_as_mni_average_305.4dfp.img
dimensions:      256       256       256
mmppix:       1.0000   -1.0000   -1.0000
center:     128.0000 -129.0000 -129.0000
/opt/freesurfer/average/711-2B_as_mni_average_305_mask.4dfp.img
       256       256       256         1
  1.000000  1.000000  1.000000
orientation T byte_order littleendian
Reading mask: /opt/freesurfer/average/711-2B_as_mni_average_305_mask.4dfp.img (2306576 pixels)
talsrcimg_g11.4dfp.img
       256       256       256         1
  1.000000  1.000000  1.000000
orientation T byte_order littleendian
Reading image: talsrcimg_g11.4dfp.img
dimensions:      256       256       256
mmppix:       1.0000   -1.0000   -1.0000
center:     128.0000 -129.0000 -129.0000
rotation matrix determinant  1.000000
fimgreg.f
image alignment mode   1283 decimal      503 hex
parameters
    0.0000   15.0000   15.0000    0.0000    0.0000    0.0000
eta,q 0.92524 12.21428
niter,ni,del,rscale     5    3   12.0000    1.2000
parameter  2 -2.616149 -> -0.500000 qaram    1.1500
parameter  4  0.648982 ->  0.500000 qaram    1.1500
parameters
   -2.0007   18.4500   12.9737   -3.4500    0.8974   -1.4487
eta,q 0.92833 12.05325
  0.0789  0.0848  0.0753  0.0720  0.0780  0.0730
  0.0778  0.0813  0.0731  0.0718  0.0757  0.0724
  0.0778  0.0793  0.0730  0.0725  0.0732  0.0718
  0.0777  0.0778  0.0741  0.0730  0.0720  0.0715
  0.0784  0.0768  0.0751  0.0743  0.0721  0.0723
  0.0825  0.0737  0.0774  0.0768  0.0737  0.0741
  0.0888  0.0731  0.0813  0.0801  0.0754  0.0761
niter,ni,del,rscale     6    3   12.0000    1.2000
parameters
   -2.7259   18.5868   12.2212   -3.6390    0.8248   -1.8670
eta,q 0.92911 11.99906
  0.0774  0.0775  0.0762  0.0757  0.0769  0.0730
  0.0726  0.0725  0.0722  0.0722  0.0737  0.0722
  0.0718  0.0720  0.0704  0.0704  0.0718  0.0715
  0.0717  0.0716  0.0715  0.0709  0.0708  0.0708
  0.0736  0.0701  0.0734  0.0722  0.0719  0.0707
  0.0762  0.0722  0.0752  0.0730  0.0743  0.0722
  0.0793  0.0775  0.0774  0.0754  0.0769  0.0746
niter,ni,del,rscale     5    3   12.0000    1.2000
parameters
   -2.4398   18.3995   12.0461   -3.6392    0.6643   -1.7829
eta,q 0.92937 11.97149
  0.0791  0.0767  0.0773  0.0757  0.0764  0.0733
  0.0738  0.0717  0.0734  0.0722  0.0732  0.0724
  0.0716  0.0713  0.0705  0.0703  0.0713  0.0716
  0.0709  0.0708  0.0708  0.0707  0.0707  0.0707
  0.0716  0.0696  0.0730  0.0722  0.0721  0.0705
  0.0742  0.0724  0.0748  0.0726  0.0743  0.0716
  0.0767  0.0779  0.0767  0.0748  0.0763  0.0739
niter,ni,del,rscale     4    3   12.0000    1.2000
parameters
   -2.3252   18.3770   11.9958   -3.6346    0.6431   -1.7071
eta,q 0.92948 11.96525
  0.0781  0.0772  0.0778  0.0758  0.0765  0.0733
  0.0733  0.0718  0.0738  0.0721  0.0733  0.0723
  0.0715  0.0711  0.0705  0.0703  0.0713  0.0715
  0.0706  0.0706  0.0706  0.0706  0.0706  0.0706
  0.0716  0.0696  0.0728  0.0721  0.0720  0.0704
  0.0741  0.0721  0.0748  0.0726  0.0740  0.0716
  0.0768  0.0777  0.0767  0.0749  0.0759  0.0739
niter,ni,del,rscale     3    3   12.0000    1.2000
parameters
   -2.2922   18.3597   11.9697   -3.6442    0.6575   -1.6630
eta,q 0.92952 11.96133
  0.0777  0.0773  0.0779  0.0758  0.0765  0.0733
  0.0731  0.0718  0.0739  0.0721  0.0734  0.0723
  0.0714  0.0710  0.0705  0.0703  0.0713  0.0714
  0.0705  0.0705  0.0705  0.0705  0.0705  0.0705
  0.0716  0.0696  0.0728  0.0720  0.0719  0.0704
  0.0741  0.0721  0.0748  0.0726  0.0740  0.0716
  0.0768  0.0777  0.0767  0.0750  0.0758  0.0739
registration optimization eta report
parameter search radius
    6.0000    6.9000    6.0000    6.9000    6.0000    6.0000
100000*second partial in parameter space
       18.       16.       18.       10.       15.        9.
  0.0777  0.0773  0.0779  0.0758  0.0765  0.0733
  0.0731  0.0718  0.0739  0.0721  0.0734  0.0723
  0.0714  0.0710  0.0705  0.0703  0.0713  0.0714
  0.0705  0.0705  0.0705  0.0705  0.0705  0.0705
  0.0716  0.0696  0.0728  0.0720  0.0719  0.0704
  0.0741  0.0721  0.0748  0.0726  0.0740  0.0716
  0.0768  0.0777  0.0767  0.0750  0.0758  0.0739
   -2.2922   18.3597   11.9697   -3.6442    0.6575   -1.6630
eta,q 0.92952 11.96133

---------------------------------------------------------------------
imgreg_4dfp /opt/freesurfer/average/711-2C_as_mni_average_305 /opt/freesurfer/average/711-2B_as_mni_average_305_mask talsrcimg_g11 none talsrcimg_to_711-2C_as_mni_average_305_t4 3335
---------------------------------------------------------------------

freesurfer imgreg_4dfp.c
/opt/freesurfer/average/711-2C_as_mni_average_305.4dfp.img
       256       256       256         1
  1.000000  1.000000  1.000000
orientation T byte_order littleendian
Reading image: /opt/freesurfer/average/711-2C_as_mni_average_305.4dfp.img
dimensions:      256       256       256
mmppix:       1.0000   -1.0000   -1.0000
center:     128.0000 -129.0000 -129.0000
/opt/freesurfer/average/711-2B_as_mni_average_305_mask.4dfp.img
       256       256       256         1
  1.000000  1.000000  1.000000
orientation T byte_order littleendian
Reading mask: /opt/freesurfer/average/711-2B_as_mni_average_305_mask.4dfp.img (2306576 pixels)
talsrcimg_g11.4dfp.img
       256       256       256         1
  1.000000  1.000000  1.000000
orientation T byte_order littleendian
Reading image: talsrcimg_g11.4dfp.img
dimensions:      256       256       256
mmppix:       1.0000   -1.0000   -1.0000
center:     128.0000 -129.0000 -129.0000
fimgreg.f
image alignment mode   3335 decimal      D07 hex
parameters
   -2.2922   18.3597   11.9697   -0.0487   -0.2463   -0.2088
    2.9691   -0.9603   -2.9019    6.3866    1.1475   -6.3556
eta,q 0.93277 11.95885
niter,ni,del,rscale     5    3    5.0000    1.2000
parameter  4 -6.835235 ->  0.500000 qaram    1.1500
parameter  5  1.595827 ->  0.500000 qaram    1.1500
parameter  6  1.062617 ->  0.500000 qaram    1.1500
parameter 10 -0.514860 -> -0.500000 qaram    1.1500
parameter 12 -0.907100 -> -0.500000 qaram    1.1500
parameters
   -2.2722   19.3463   12.9209   -4.1887   -4.3863   -4.3488
    2.3621    1.5230   -1.5934   10.5266    2.4618   -2.2156
eta,q 0.94585 11.97665
  0.0682  0.0699  0.0686  0.0577  0.0584  0.0553  0.0578  0.0628  0.0572  0.0601  0.0567  0.0584
  0.0678  0.0689  0.0679  0.0608  0.0595  0.0563  0.0571  0.0603  0.0566  0.0582  0.0560  0.0571
  0.0674  0.0679  0.0673  0.0640  0.0605  0.0577  0.0567  0.0582  0.0561  0.0568  0.0554  0.0560
  0.0672  0.0672  0.0669  0.0668  0.0617  0.0598  0.0566  0.0566  0.0559  0.0559  0.0551  0.0550
  0.0673  0.0669  0.0668  0.0693  0.0639  0.0631  0.0569  0.0559  0.0560  0.0553  0.0550  0.0544
  0.0677  0.0671  0.0668  0.0719  0.0662  0.0675  0.0574  0.0565  0.0562  0.0551  0.0553  0.0541
  0.0683  0.0676  0.0672  0.0746  0.0687  0.0726  0.0582  0.0580  0.0565  0.0558  0.0559  0.0541
niter,ni,del,rscale     7    3    5.0000    1.2000
parameter  3  0.531645 ->  0.500000 qaram    1.1500
parameter  4  3.520657 ->  0.500000 qaram    1.3225
parameter  5  3.107256 ->  0.500000 qaram    1.3225
parameters
   -2.6423   18.8140   11.5409   -8.9497   -9.1473   -8.4504
    3.6920    0.7146   -0.1537    9.4123    1.7432   -1.6297
eta,q 0.95489 11.65656
  0.0554  0.0550  0.0540  0.0459  0.0442  0.0456  0.0477  0.0484  0.0466  0.0472  0.0458  0.0466
  0.0546  0.0544  0.0537  0.0474  0.0456  0.0453  0.0466  0.0464  0.0460  0.0458  0.0453  0.0458
  0.0542  0.0540  0.0537  0.0501  0.0469  0.0455  0.0458  0.0454  0.0455  0.0452  0.0451  0.0452
  0.0541  0.0541  0.0540  0.0537  0.0480  0.0460  0.0453  0.0453  0.0452  0.0452  0.0451  0.0451
  0.0545  0.0546  0.0546  0.0574  0.0501  0.0479  0.0453  0.0460  0.0452  0.0457  0.0453  0.0452
  0.0554  0.0554  0.0554  0.0607  0.0520  0.0521  0.0457  0.0476  0.0454  0.0468  0.0456  0.0456
  0.0566  0.0564  0.0565  0.0640  0.0539  0.0576  0.0464  0.0501  0.0458  0.0486  0.0460  0.0462
niter,ni,del,rscale     7    3    5.0000    1.2000
parameter  2  1.420518 ->  0.500000 qaram    1.1500
parameter  3  1.328081 ->  0.500000 qaram    1.3225
parameter  4  0.795485 ->  0.500000 qaram    1.5209
parameter  5  2.994014 ->  0.500000 qaram    1.5209
parameter 10  0.550467 ->  0.500000 qaram    1.3225
parameter 12  2.548175 ->  0.500000 qaram    1.3225
parameters
   -2.6316   17.4340    9.9539  -14.4249  -14.6224  -10.6300
    3.1297    0.1971   -0.6879    4.6513    0.7209   -6.3907
eta,q 0.96617 11.51631
  0.0476  0.0437  0.0422  0.0403  0.0354  0.0374  0.0385  0.0394  0.0379  0.0365  0.0362  0.0330
  0.0463  0.0439  0.0425  0.0399  0.0362  0.0368  0.0374  0.0377  0.0371  0.0357  0.0358  0.0336
  0.0454  0.0444  0.0431  0.0406  0.0379  0.0366  0.0368  0.0367  0.0367  0.0357  0.0356  0.0345
  0.0451  0.0451  0.0440  0.0426  0.0400  0.0367  0.0367  0.0366  0.0366  0.0366  0.0356  0.0356
  0.0454  0.0460  0.0452  0.0459  0.0420  0.0369  0.0370  0.0372  0.0368  0.0379  0.0358  0.0367
  0.0462  0.0469  0.0466  0.0501  0.0437  0.0379  0.0379  0.0384  0.0375  0.0396  0.0361  0.0380
  0.0476  0.0481  0.0482  0.0540  0.0463  0.0406  0.0391  0.0401  0.0384  0.0415  0.0366  0.0394
niter,ni,del,rscale     7    3    5.0000    1.2000
parameter  2  0.988811 ->  0.500000 qaram    1.3225
parameter  3  1.394904 ->  0.500000 qaram    1.5209
parameter  5  0.555209 ->  0.500000 qaram    1.7490
parameter 12  0.802010 ->  0.500000 qaram    1.5209
parameters
   -2.6189   15.8470    8.1288  -16.7546  -20.9189  -10.7498
    2.6696   -0.2614   -0.8937    3.6775    1.3152  -11.8658
eta,q 0.97490 11.43700
  0.0370  0.0312  0.0282  0.0329  0.0289  0.0294  0.0294  0.0302  0.0289  0.0313  0.0278  0.0252
  0.0353  0.0313  0.0287  0.0305  0.0267  0.0281  0.0277  0.0280  0.0276  0.0284  0.0271  0.0250
  0.0342  0.0322  0.0298  0.0290  0.0268  0.0271  0.0268  0.0267  0.0267  0.0267  0.0266  0.0255
  0.0338  0.0338  0.0315  0.0289  0.0288  0.0265  0.0265  0.0265  0.0265  0.0265  0.0264  0.0264
  0.0342  0.0362  0.0336  0.0306  0.0325  0.0266  0.0271  0.0273  0.0268  0.0277  0.0265  0.0277
  0.0352  0.0391  0.0360  0.0342  0.0380  0.0279  0.0284  0.0289  0.0278  0.0303  0.0268  0.0295
  0.0370  0.0423  0.0385  0.0396  0.0417  0.0300  0.0301  0.0311  0.0292  0.0334  0.0274  0.0317
niter,ni,del,rscale     7    3    5.0000    1.2000
parameters
   -2.5675   16.1619    7.3727  -15.0931  -21.2241  -10.5626
    2.4418   -0.1698   -1.0053    5.5582    1.6762  -14.6876
eta,q 0.97614 11.49517
  0.0291  0.0317  0.0271  0.0332  0.0342  0.0279  0.0278  0.0292  0.0272  0.0335  0.0256  0.0260
  0.0270  0.0285  0.0256  0.0299  0.0304  0.0264  0.0259  0.0265  0.0257  0.0295  0.0249  0.0244
  0.0256  0.0262  0.0249  0.0270  0.0269  0.0252  0.0248  0.0249  0.0247  0.0261  0.0244  0.0238
  0.0251  0.0251  0.0250  0.0248  0.0244  0.0244  0.0244  0.0244  0.0244  0.0244  0.0242  0.0242
  0.0255  0.0253  0.0259  0.0244  0.0255  0.0246  0.0250  0.0250  0.0248  0.0244  0.0243  0.0253
  0.0267  0.0269  0.0277  0.0262  0.0297  0.0259  0.0263  0.0266  0.0258  0.0258  0.0247  0.0270
  0.0287  0.0297  0.0301  0.0302  0.0367  0.0280  0.0282  0.0288  0.0274  0.0285  0.0253  0.0292
niter,ni,del,rscale     6    3    5.0000    1.2000
parameters
   -2.5842   16.2999    7.0655  -14.9075  -21.2715  -10.5621
    2.5588   -0.1685   -0.8565    6.7445    1.9414  -15.5584
eta,q 0.97636 11.51252
  0.0279  0.0300  0.0272  0.0314  0.0338  0.0274  0.0276  0.0285  0.0268  0.0318  0.0251  0.0269
  0.0257  0.0270  0.0252  0.0282  0.0301  0.0258  0.0256  0.0258  0.0252  0.0281  0.0243  0.0250
  0.0243  0.0248  0.0240  0.0255  0.0265  0.0246  0.0243  0.0242  0.0242  0.0251  0.0239  0.0238
  0.0239  0.0239  0.0238  0.0238  0.0237  0.0238  0.0238  0.0238  0.0238  0.0238  0.0237  0.0237
  0.0243  0.0243  0.0246  0.0242  0.0246  0.0240  0.0242  0.0245  0.0240  0.0241  0.0238  0.0245
  0.0258  0.0261  0.0261  0.0270  0.0286  0.0255  0.0255  0.0260  0.0250  0.0258  0.0242  0.0259
  0.0280  0.0292  0.0285  0.0319  0.0358  0.0278  0.0273  0.0283  0.0266  0.0287  0.0249  0.0279
niter,ni,del,rscale     5    3    5.0000    1.2000
parameters
   -2.6404   16.3994    6.8791  -14.8657  -21.3249  -10.5350
    2.6265   -0.2031   -0.7245    7.2534    2.1047  -15.9842
eta,q 0.97642 11.51663
  0.0275  0.0296  0.0274  0.0311  0.0335  0.0274  0.0274  0.0283  0.0265  0.0307  0.0249  0.0271
  0.0254  0.0266  0.0252  0.0280  0.0299  0.0258  0.0254  0.0256  0.0250  0.0272  0.0242  0.0252
  0.0241  0.0245  0.0239  0.0252  0.0264  0.0245  0.0241  0.0240  0.0240  0.0245  0.0237  0.0239
  0.0236  0.0236  0.0236  0.0236  0.0236  0.0236  0.0236  0.0236  0.0236  0.0236  0.0236  0.0236
  0.0242  0.0241  0.0243  0.0240  0.0245  0.0238  0.0241  0.0243  0.0239  0.0243  0.0237  0.0243
  0.0256  0.0260  0.0258  0.0270  0.0284  0.0254  0.0254  0.0259  0.0249  0.0263  0.0241  0.0256
  0.0279  0.0290  0.0282  0.0320  0.0355  0.0278  0.0272  0.0281  0.0263  0.0293  0.0248  0.0276
niter,ni,del,rscale     4    3    5.0000    1.2000
parameters
   -2.6752   16.4585    6.7987  -14.8618  -21.3999  -10.5214
    2.6398   -0.2372   -0.6455    7.5009    2.1740  -16.1918
eta,q 0.97641 11.51665
  0.0275  0.0294  0.0276  0.0310  0.0334  0.0274  0.0273  0.0283  0.0264  0.0303  0.0249  0.0273
  0.0254  0.0265  0.0254  0.0279  0.0299  0.0258  0.0253  0.0256  0.0250  0.0269  0.0241  0.0253
  0.0240  0.0244  0.0240  0.0252  0.0264  0.0245  0.0240  0.0240  0.0240  0.0244  0.0237  0.0239
  0.0236  0.0236  0.0236  0.0236  0.0236  0.0236  0.0236  0.0236  0.0236  0.0236  0.0236  0.0236
  0.0241  0.0241  0.0242  0.0240  0.0244  0.0238  0.0241  0.0243  0.0239  0.0244  0.0237  0.0242
  0.0255  0.0261  0.0256  0.0270  0.0283  0.0254  0.0254  0.0258  0.0249  0.0265  0.0241  0.0255
  0.0278  0.0291  0.0280  0.0320  0.0355  0.0279  0.0272  0.0281  0.0263  0.0295  0.0248  0.0275
niter,ni,del,rscale     3    3    5.0000    1.2000
parameters
   -2.6913   16.5025    6.7584  -14.8591  -21.4633  -10.5215
    2.6400   -0.2593   -0.6032    7.6322    2.2114  -16.3094
eta,q 0.97640 11.51532
  0.0276  0.0293  0.0277  0.0310  0.0333  0.0274  0.0273  0.0283  0.0264  0.0301  0.0249  0.0274
  0.0254  0.0264  0.0255  0.0279  0.0299  0.0258  0.0253  0.0256  0.0249  0.0267  0.0242  0.0254
  0.0241  0.0244  0.0240  0.0252  0.0264  0.0245  0.0241  0.0240  0.0240  0.0243  0.0237  0.0240
  0.0236  0.0236  0.0236  0.0236  0.0236  0.0236  0.0236  0.0236  0.0236  0.0236  0.0236  0.0236
  0.0241  0.0242  0.0241  0.0240  0.0244  0.0238  0.0241  0.0243  0.0239  0.0244  0.0237  0.0242
  0.0255  0.0261  0.0256  0.0270  0.0283  0.0254  0.0254  0.0258  0.0249  0.0265  0.0242  0.0255
  0.0277  0.0291  0.0279  0.0320  0.0354  0.0279  0.0272  0.0281  0.0263  0.0296  0.0248  0.0274
niter,ni,del,rscale     2    3    5.0000    1.2000
parameters
   -2.6992   16.5330    6.7385  -14.8538  -21.5077  -10.5219
    2.6415   -0.2717   -0.5789    7.7059    2.2348  -16.3774
eta,q 0.97638 11.51419
  0.0276  0.0292  0.0278  0.0310  0.0333  0.0274  0.0273  0.0283  0.0264  0.0300  0.0249  0.0274
  0.0255  0.0264  0.0255  0.0280  0.0299  0.0258  0.0253  0.0256  0.0249  0.0267  0.0242  0.0254
  0.0241  0.0244  0.0241  0.0252  0.0264  0.0245  0.0241  0.0240  0.0240  0.0243  0.0237  0.0240
  0.0236  0.0236  0.0236  0.0236  0.0236  0.0236  0.0236  0.0236  0.0236  0.0236  0.0236  0.0236
  0.0241  0.0242  0.0241  0.0240  0.0244  0.0238  0.0241  0.0243  0.0239  0.0245  0.0238  0.0242
  0.0255  0.0261  0.0256  0.0270  0.0283  0.0254  0.0254  0.0258  0.0249  0.0266  0.0242  0.0255
  0.0277  0.0291  0.0279  0.0320  0.0353  0.0279  0.0272  0.0281  0.0263  0.0297  0.0249  0.0274
registration optimization eta report
parameter search radius
    2.4000    3.1740    3.6501   10.9503   12.5928    8.2800
    7.2000    7.2000    7.2000    9.5220    7.2000   10.9503
100000*second partial in parameter space
       70.       55.       32.        7.        7.        6.
        7.        9.        5.        7.        2.        3.
  0.0276  0.0292  0.0278  0.0310  0.0333  0.0274  0.0273  0.0283  0.0264  0.0300  0.0249  0.0274
  0.0255  0.0264  0.0255  0.0280  0.0299  0.0258  0.0253  0.0256  0.0249  0.0267  0.0242  0.0254
  0.0241  0.0244  0.0241  0.0252  0.0264  0.0245  0.0241  0.0240  0.0240  0.0243  0.0237  0.0240
  0.0236  0.0236  0.0236  0.0236  0.0236  0.0236  0.0236  0.0236  0.0236  0.0236  0.0236  0.0236
  0.0241  0.0242  0.0241  0.0240  0.0244  0.0238  0.0241  0.0243  0.0239  0.0245  0.0238  0.0242
  0.0255  0.0261  0.0256  0.0270  0.0283  0.0254  0.0254  0.0258  0.0249  0.0266  0.0242  0.0255
  0.0277  0.0291  0.0279  0.0320  0.0353  0.0279  0.0272  0.0281  0.0263  0.0297  0.0249  0.0274
   -2.6992   16.5330    6.7385  -14.8538  -21.5077  -10.5219
    2.6415   -0.2717   -0.5789    7.7059    2.2348  -16.3774
eta,q 0.97638 11.51419

---------------------------------------------------------------------
imgreg_4dfp /opt/freesurfer/average/711-2C_as_mni_average_305 /opt/freesurfer/average/711-2B_as_mni_average_305_mask talsrcimg_g11 none talsrcimg_to_711-2C_as_mni_average_305_t4 2311
---------------------------------------------------------------------

freesurfer imgreg_4dfp.c
/opt/freesurfer/average/711-2C_as_mni_average_305.4dfp.img
       256       256       256         1
  1.000000  1.000000  1.000000
orientation T byte_order littleendian
Reading image: /opt/freesurfer/average/711-2C_as_mni_average_305.4dfp.img
dimensions:      256       256       256
mmppix:       1.0000   -1.0000   -1.0000
center:     128.0000 -129.0000 -129.0000
/opt/freesurfer/average/711-2B_as_mni_average_305_mask.4dfp.img
       256       256       256         1
  1.000000  1.000000  1.000000
orientation T byte_order littleendian
Reading mask: /opt/freesurfer/average/711-2B_as_mni_average_305_mask.4dfp.img (2306576 pixels)
talsrcimg_g11.4dfp.img
       256       256       256         1
  1.000000  1.000000  1.000000
orientation T byte_order littleendian
Reading image: talsrcimg_g11.4dfp.img
dimensions:      256       256       256
mmppix:       1.0000   -1.0000   -1.0000
center:     128.0000 -129.0000 -129.0000
fimgreg.f
image alignment mode   2311 decimal      907 hex
parameters
   -2.6992   16.5330    6.7385  -14.8538  -21.5077  -10.5219
    2.6415   -0.2717   -0.5789    7.7059    2.2348  -16.3774
eta,q 0.97638 11.51418
niter,ni,del,rscale     5    3    5.0000    0.8000
parameters
   -2.6975   16.5923    6.7119  -13.8821  -20.5598  -10.4721
    2.5067   -0.3099   -0.5698    7.7515    2.2186  -16.5359
eta,q 0.97666 11.55639
  0.0255  0.0253  0.0244  0.0260  0.0266  0.0250  0.0251  0.0256  0.0247  0.0254  0.0239  0.0242
  0.0245  0.0244  0.0240  0.0250  0.0254  0.0243  0.0241  0.0243  0.0240  0.0243  0.0236  0.0237
  0.0238  0.0238  0.0237  0.0241  0.0242  0.0237  0.0235  0.0235  0.0235  0.0236  0.0234  0.0234
  0.0236  0.0236  0.0236  0.0236  0.0235  0.0234  0.0233  0.0233  0.0233  0.0233  0.0233  0.0233
  0.0238  0.0237  0.0237  0.0235  0.0234  0.0234  0.0236  0.0237  0.0235  0.0236  0.0234  0.0235
  0.0244  0.0242  0.0240  0.0239  0.0240  0.0241  0.0243  0.0244  0.0240  0.0242  0.0236  0.0238
  0.0255  0.0250  0.0245  0.0247  0.0250  0.0251  0.0253  0.0256  0.0247  0.0253  0.0239  0.0244
niter,ni,del,rscale     4    3    5.0000    0.7000
parameters
   -2.7098   16.2942    6.6514  -13.9912  -20.1219  -10.3181
    2.5303   -0.2779   -0.5236    7.7928    2.2688  -16.3465
eta,q 0.97676 11.57998
  0.0248  0.0241  0.0239  0.0247  0.0256  0.0246  0.0247  0.0251  0.0244  0.0248  0.0237  0.0241
  0.0240  0.0236  0.0236  0.0240  0.0246  0.0240  0.0239  0.0240  0.0238  0.0240  0.0235  0.0236
  0.0235  0.0233  0.0233  0.0235  0.0237  0.0236  0.0234  0.0234  0.0234  0.0234  0.0233  0.0234
  0.0233  0.0233  0.0233  0.0233  0.0233  0.0233  0.0232  0.0232  0.0232  0.0232  0.0232  0.0232
  0.0235  0.0237  0.0234  0.0235  0.0234  0.0233  0.0234  0.0235  0.0234  0.0234  0.0233  0.0233
  0.0240  0.0243  0.0236  0.0240  0.0239  0.0238  0.0239  0.0241  0.0237  0.0239  0.0234  0.0235
  0.0249  0.0252  0.0241  0.0249  0.0249  0.0246  0.0247  0.0249  0.0243  0.0248  0.0237  0.0239
niter,ni,del,rscale     3    3    5.0000    0.6000
parameters
   -2.7201   16.1845    6.6532  -14.0428  -19.9704  -10.1408
    2.5411   -0.2865   -0.5030    7.7274    2.2844  -16.1936
eta,q 0.97678 11.58868
  0.0243  0.0240  0.0238  0.0243  0.0249  0.0243  0.0243  0.0245  0.0240  0.0244  0.0236  0.0238
  0.0237  0.0236  0.0235  0.0237  0.0241  0.0239  0.0237  0.0238  0.0236  0.0237  0.0234  0.0235
  0.0234  0.0233  0.0233  0.0234  0.0235  0.0235  0.0234  0.0233  0.0233  0.0233  0.0232  0.0233
  0.0232  0.0232  0.0232  0.0232  0.0232  0.0232  0.0232  0.0232  0.0232  0.0232  0.0232  0.0232
  0.0234  0.0234  0.0233  0.0234  0.0234  0.0233  0.0233  0.0234  0.0233  0.0234  0.0233  0.0233
  0.0237  0.0238  0.0235  0.0237  0.0239  0.0236  0.0237  0.0238  0.0236  0.0238  0.0234  0.0234
  0.0244  0.0244  0.0238  0.0244  0.0247  0.0242  0.0243  0.0245  0.0240  0.0244  0.0236  0.0237
niter,ni,del,rscale     2    3    5.0000    0.5000
parameters
   -2.7241   16.1321    6.6755  -14.0600  -19.9315  -10.0127
    2.5405   -0.3133   -0.4904    7.6581    2.2873  -16.0928
eta,q 0.97680 11.59240
  0.0240  0.0238  0.0236  0.0240  0.0244  0.0240  0.0240  0.0241  0.0238  0.0240  0.0235  0.0236
  0.0236  0.0235  0.0234  0.0236  0.0238  0.0237  0.0236  0.0236  0.0235  0.0236  0.0233  0.0234
  0.0233  0.0233  0.0233  0.0233  0.0234  0.0234  0.0233  0.0233  0.0233  0.0233  0.0232  0.0233
  0.0232  0.0232  0.0232  0.0232  0.0232  0.0232  0.0232  0.0232  0.0232  0.0232  0.0232  0.0232
  0.0233  0.0233  0.0233  0.0233  0.0233  0.0233  0.0233  0.0233  0.0233  0.0233  0.0232  0.0232
  0.0236  0.0236  0.0234  0.0236  0.0237  0.0235  0.0236  0.0236  0.0235  0.0236  0.0233  0.0234
  0.0240  0.0240  0.0236  0.0240  0.0243  0.0240  0.0240  0.0241  0.0238  0.0241  0.0235  0.0236
niter,ni,del,rscale     1    3    5.0000    0.4000
parameters
   -2.7253   16.1096    6.6950  -14.0557  -19.9377   -9.9133
    2.5453   -0.3373   -0.4868    7.6048    2.2751  -16.0288
eta,q 0.97680 11.59408
  0.0237  0.0236  0.0235  0.0237  0.0240  0.0238  0.0237  0.0238  0.0236  0.0237  0.0234  0.0235
  0.0234  0.0234  0.0233  0.0234  0.0236  0.0235  0.0234  0.0235  0.0234  0.0234  0.0233  0.0233
  0.0233  0.0232  0.0232  0.0233  0.0233  0.0233  0.0233  0.0233  0.0232  0.0233  0.0232  0.0232
  0.0232  0.0232  0.0232  0.0232  0.0232  0.0232  0.0232  0.0232  0.0232  0.0232  0.0232  0.0232
  0.0233  0.0233  0.0232  0.0233  0.0233  0.0232  0.0233  0.0233  0.0232  0.0233  0.0232  0.0232
  0.0234  0.0234  0.0233  0.0234  0.0236  0.0234  0.0234  0.0235  0.0234  0.0235  0.0233  0.0233
  0.0237  0.0237  0.0234  0.0237  0.0240  0.0237  0.0237  0.0238  0.0236  0.0238  0.0234  0.0235
registration optimization eta report
parameter search radius
    0.8000    0.8000    0.8000    2.4000    2.4000    2.4000
    2.4000    2.4000    2.4000    2.4000    2.4000    2.4000
100000*second partial in parameter space
       79.       70.       39.        9.       13.        9.
        9.       10.        6.       10.        3.        5.
  0.0237  0.0236  0.0235  0.0237  0.0240  0.0238  0.0237  0.0238  0.0236  0.0237  0.0234  0.0235
  0.0234  0.0234  0.0233  0.0234  0.0236  0.0235  0.0234  0.0235  0.0234  0.0234  0.0233  0.0233
  0.0233  0.0232  0.0232  0.0233  0.0233  0.0233  0.0233  0.0233  0.0232  0.0233  0.0232  0.0232
  0.0232  0.0232  0.0232  0.0232  0.0232  0.0232  0.0232  0.0232  0.0232  0.0232  0.0232  0.0232
  0.0233  0.0233  0.0232  0.0233  0.0233  0.0232  0.0233  0.0233  0.0232  0.0233  0.0232  0.0232
  0.0234  0.0234  0.0233  0.0234  0.0236  0.0234  0.0234  0.0235  0.0234  0.0235  0.0233  0.0233
  0.0237  0.0237  0.0234  0.0237  0.0240  0.0237  0.0237  0.0238  0.0236  0.0238  0.0234  0.0235
   -2.7253   16.1096    6.6950  -14.0557  -19.9377   -9.9133
    2.5453   -0.3373   -0.4868    7.6048    2.2751  -16.0288
eta,q 0.97680 11.59408

---------------------------------------------------------------------
imgreg_4dfp /opt/freesurfer/average/711-2C_as_mni_average_305 /opt/freesurfer/average/711-2B_as_mni_average_305_mask talsrcimg_g11 none talsrcimg_to_711-2C_as_mni_average_305_t4 2311
---------------------------------------------------------------------

freesurfer imgreg_4dfp.c
/opt/freesurfer/average/711-2C_as_mni_average_305.4dfp.img
       256       256       256         1
  1.000000  1.000000  1.000000
orientation T byte_order littleendian
Reading image: /opt/freesurfer/average/711-2C_as_mni_average_305.4dfp.img
dimensions:      256       256       256
mmppix:       1.0000   -1.0000   -1.0000
center:     128.0000 -129.0000 -129.0000
/opt/freesurfer/average/711-2B_as_mni_average_305_mask.4dfp.img
       256       256       256         1
  1.000000  1.000000  1.000000
orientation T byte_order littleendian
Reading mask: /opt/freesurfer/average/711-2B_as_mni_average_305_mask.4dfp.img (2306576 pixels)
talsrcimg_g11.4dfp.img
       256       256       256         1
  1.000000  1.000000  1.000000
orientation T byte_order littleendian
Reading image: talsrcimg_g11.4dfp.img
dimensions:      256       256       256
mmppix:       1.0000   -1.0000   -1.0000
center:     128.0000 -129.0000 -129.0000
fimgreg.f
image alignment mode   2311 decimal      907 hex
parameters
   -2.7253   16.1096    6.6950  -14.0557  -19.9377   -9.9133
    2.5453   -0.3373   -0.4868    7.6048    2.2751  -16.0288
eta,q 0.97680 11.59408
niter,ni,del,rscale     5    3    5.0000    0.8000
parameters
   -2.7311   16.0868    6.7154  -14.2137  -19.9385  -10.2080
    2.5286   -0.2227   -0.5259    7.5282    2.2602  -16.0452
eta,q 0.97677 11.58615
  0.0252  0.0249  0.0242  0.0250  0.0257  0.0247  0.0251  0.0257  0.0246  0.0252  0.0238  0.0242
  0.0241  0.0240  0.0237  0.0241  0.0245  0.0240  0.0241  0.0243  0.0239  0.0241  0.0235  0.0237
  0.0234  0.0234  0.0233  0.0234  0.0236  0.0235  0.0235  0.0235  0.0234  0.0234  0.0233  0.0233
  0.0232  0.0232  0.0232  0.0232  0.0232  0.0232  0.0232  0.0232  0.0232  0.0232  0.0232  0.0232
  0.0234  0.0234  0.0233  0.0234  0.0235  0.0234  0.0234  0.0235  0.0234  0.0235  0.0233  0.0233
  0.0241  0.0240  0.0236  0.0241  0.0245  0.0242  0.0241  0.0242  0.0239  0.0242  0.0235  0.0237
  0.0252  0.0250  0.0242  0.0253  0.0258  0.0253  0.0251  0.0254  0.0247  0.0253  0.0238  0.0242
niter,ni,del,rscale     4    3    5.0000    0.7000
parameters
   -2.7132   16.1210    6.7029  -14.1442  -19.9027  -10.2055
    2.5213   -0.2529   -0.5383    7.5542    2.2360  -16.0630
eta,q 0.97678 11.58704
  0.0248  0.0246  0.0239  0.0247  0.0253  0.0245  0.0247  0.0250  0.0243  0.0248  0.0237  0.0240
  0.0239  0.0239  0.0235  0.0240  0.0242  0.0240  0.0239  0.0240  0.0237  0.0240  0.0234  0.0236
  0.0234  0.0234  0.0233  0.0234  0.0235  0.0235  0.0234  0.0234  0.0233  0.0234  0.0233  0.0233
  0.0232  0.0232  0.0232  0.0232  0.0232  0.0232  0.0232  0.0232  0.0232  0.0232  0.0232  0.0232
  0.0234  0.0233  0.0233  0.0233  0.0235  0.0233  0.0234  0.0235  0.0233  0.0234  0.0233  0.0233
  0.0239  0.0238  0.0236  0.0238  0.0242  0.0238  0.0239  0.0241  0.0237  0.0239  0.0234  0.0236
  0.0247  0.0245  0.0240  0.0247  0.0252  0.0247  0.0247  0.0250  0.0243  0.0248  0.0237  0.0240
niter,ni,del,rscale     3    3    5.0000    0.6000
parameters
   -2.7129   16.1137    6.6991  -14.1100  -19.8929  -10.1069
    2.5321   -0.2804   -0.5184    7.5721    2.2569  -16.0501
eta,q 0.97679 11.59011
  0.0243  0.0242  0.0238  0.0243  0.0248  0.0243  0.0243  0.0245  0.0240  0.0244  0.0236  0.0238
  0.0237  0.0237  0.0235  0.0237  0.0240  0.0238  0.0237  0.0238  0.0236  0.0238  0.0234  0.0235
  0.0233  0.0233  0.0233  0.0234  0.0234  0.0234  0.0234  0.0233  0.0233  0.0233  0.0232  0.0233
  0.0232  0.0232  0.0232  0.0232  0.0232  0.0232  0.0232  0.0232  0.0232  0.0232  0.0232  0.0232
  0.0234  0.0233  0.0233  0.0233  0.0234  0.0233  0.0233  0.0234  0.0233  0.0234  0.0232  0.0233
  0.0237  0.0237  0.0235  0.0237  0.0240  0.0236  0.0237  0.0238  0.0236  0.0237  0.0234  0.0235
  0.0243  0.0242  0.0238  0.0243  0.0248  0.0243  0.0243  0.0245  0.0240  0.0244  0.0235  0.0238
niter,ni,del,rscale     2    3    5.0000    0.5000
parameters
   -2.7173   16.1041    6.7024  -14.0854  -19.9074  -10.0039
    2.5323   -0.3112   -0.5075    7.5750    2.2833  -16.0218
eta,q 0.97679 11.59250
  0.0240  0.0239  0.0236  0.0240  0.0243  0.0240  0.0240  0.0241  0.0238  0.0241  0.0234  0.0236
  0.0236  0.0235  0.0234  0.0236  0.0237  0.0237  0.0236  0.0236  0.0235  0.0236  0.0233  0.0234
  0.0233  0.0233  0.0232  0.0233  0.0233  0.0234  0.0233  0.0233  0.0233  0.0233  0.0232  0.0233
  0.0232  0.0232  0.0232  0.0232  0.0232  0.0232  0.0232  0.0232  0.0232  0.0232  0.0232  0.0232
  0.0233  0.0233  0.0233  0.0233  0.0233  0.0233  0.0233  0.0233  0.0233  0.0233  0.0232  0.0232
  0.0236  0.0235  0.0234  0.0235  0.0238  0.0235  0.0236  0.0236  0.0235  0.0236  0.0233  0.0234
  0.0240  0.0239  0.0236  0.0240  0.0244  0.0240  0.0240  0.0241  0.0238  0.0241  0.0234  0.0236
niter,ni,del,rscale     1    3    5.0000    0.4000
parameters
   -2.7196   16.1002    6.7138  -14.0707  -19.9309   -9.9066
    2.5506   -0.3378   -0.5075    7.5628    2.2887  -15.9966
eta,q 0.97680 11.59386
  0.0237  0.0236  0.0235  0.0237  0.0239  0.0238  0.0237  0.0238  0.0236  0.0238  0.0234  0.0235
  0.0234  0.0234  0.0233  0.0234  0.0235  0.0235  0.0234  0.0235  0.0234  0.0234  0.0233  0.0233
  0.0233  0.0233  0.0232  0.0233  0.0233  0.0233  0.0233  0.0233  0.0232  0.0233  0.0232  0.0232
  0.0232  0.0232  0.0232  0.0232  0.0232  0.0232  0.0232  0.0232  0.0232  0.0232  0.0232  0.0232
  0.0233  0.0233  0.0232  0.0233  0.0233  0.0232  0.0233  0.0233  0.0232  0.0233  0.0232  0.0232
  0.0234  0.0234  0.0233  0.0234  0.0236  0.0234  0.0234  0.0235  0.0234  0.0235  0.0233  0.0233
  0.0237  0.0237  0.0234  0.0237  0.0240  0.0237  0.0237  0.0238  0.0236  0.0238  0.0234  0.0235
registration optimization eta report
parameter search radius
    0.8000    0.8000    0.8000    2.4000    2.4000    2.4000
    2.4000    2.4000    2.4000    2.4000    2.4000    2.4000
100000*second partial in parameter space
       78.       69.       39.        9.       13.        9.
        9.       10.        6.       10.        3.        5.
  0.0237  0.0236  0.0235  0.0237  0.0239  0.0238  0.0237  0.0238  0.0236  0.0238  0.0234  0.0235
  0.0234  0.0234  0.0233  0.0234  0.0235  0.0235  0.0234  0.0235  0.0234  0.0234  0.0233  0.0233
  0.0233  0.0233  0.0232  0.0233  0.0233  0.0233  0.0233  0.0233  0.0232  0.0233  0.0232  0.0232
  0.0232  0.0232  0.0232  0.0232  0.0232  0.0232  0.0232  0.0232  0.0232  0.0232  0.0232  0.0232
  0.0233  0.0233  0.0232  0.0233  0.0233  0.0232  0.0233  0.0233  0.0232  0.0233  0.0232  0.0232
  0.0234  0.0234  0.0233  0.0234  0.0236  0.0234  0.0234  0.0235  0.0234  0.0235  0.0233  0.0233
  0.0237  0.0237  0.0234  0.0237  0.0240  0.0237  0.0237  0.0238  0.0236  0.0238  0.0234  0.0235
   -2.7196   16.1002    6.7138  -14.0707  -19.9309   -9.9066
    2.5506   -0.3378   -0.5075    7.5628    2.2887  -15.9966
eta,q 0.97680 11.59386

---------------------------------------------------------------------
compute_vox2vox talsrcimg talsrcimg_to_711-2C_as_mni_average_305_t4 /opt/freesurfer/average/711-2C_as_mni_average_305
---------------------------------------------------------------------

freesurfer compute_vox2vox.c
Reading: talsrcimg.4dfp.ifh
Reading: talsrcimg_to_711-2C_as_mni_average_305_t4
Reading: /opt/freesurfer/average/711-2C_as_mni_average_305.4dfp.ifh
Writing: talsrcimg_to_711-2C_as_mni_average_305_t4_vox2vox.txt

start time Mon Mar 9 07:14:08 CET 2026
end		time Mon Mar 9 07:15:33 CET 2026

mpr2mni305 success

avi2talxfm orig_nu.mgz /opt/freesurfer/average/mni305.cor.mgz talsrcimg_to_711-2C_as_mni_average_305_t4_vox2vox.txt transforms/talairach.auto.xfm
avi2talxfm done
mv -f /out/sourcedata/freesurfer/sub-v1s18x0051272_ses-1/mri/talsrcimg_to_711-2C_as_mni_average_305_t4_vox2vox.txt /out/sourcedata/freesurfer/sub-v1s18x0051272_ses-1/mri/transforms/talsrcimg_to_711-2C_as_mni_average_305_t4_vox2vox.txt
lta_convert --src orig_nu.mgz --trg /opt/freesurfer/average/mni305.cor.mgz --inxfm transforms/talairach.auto.xfm --outlta transforms/talairach.auto.xfm.lta --subject fsaverage
7.3.2

--src: orig_nu.mgz src image (geometry).
--trg: /opt/freesurfer/average/mni305.cor.mgz trg image (geometry).
--inmni: transforms/talairach.auto.xfm input MNI/XFM transform.
--outlta: transforms/talairach.auto.xfm.lta output LTA.
--s: fsaverage subject name
 LTA read, type : 1
 1.16334   0.00735  -0.03559   0.17592;
-0.02778   1.09148   0.21894  -23.55479;
 0.01000  -0.10305   1.22801  -20.73732;
 0.00000   0.00000   0.00000   1.00000;
setting subject to fsaverage
Writing  LTA to file transforms/talairach.auto.xfm.lta...
lta_convert successful.
 
 
Started at Mon Mar 9 07:14:08 CET 2026
Ended   at Mon Mar  9 07:15:34 CET 2026
talairach_avi done
