status file for recon-all
Mon Mar  9 05:55:39 CET 2026
#@# Tessellate rh Mon Mar  9 05:55:39 CET 2026
#@# Smooth1 rh Mon Mar  9 05:55:43 CET 2026
#@# Inflation1 rh Mon Mar  9 05:55:45 CET 2026
#@# QSphere rh Mon Mar  9 05:55:54 CET 2026
#@# Fix Topology rh Mon Mar  9 05:56:52 CET 2026
#@# Smooth2 rh Mon Mar  9 06:02:48 CET 2026
#@# Inflation2 rh Mon Mar  9 06:02:51 CET 2026
#@# Curv .H and .K rh Mon Mar  9 06:03:01 CET 2026
#@# Sphere rh Mon Mar  9 06:03:42 CET 2026
#@# Surf Reg rh Mon Mar  9 06:05:49 CET 2026
#@# Jacobian white rh Mon Mar  9 06:08:29 CET 2026
#@# AvgCurv rh Mon Mar  9 06:08:30 CET 2026
#@# Cortical Parc rh Mon Mar  9 06:08:31 CET 2026
#@# white curv rh Mon Mar  9 06:13:49 CET 2026
#@# white area rh Mon Mar  9 06:13:50 CET 2026
#@# pial curv rh Mon Mar  9 06:13:51 CET 2026
#@# pial area rh Mon Mar  9 06:13:52 CET 2026
#@# thickness rh Mon Mar  9 06:13:53 CET 2026
#@# area and vertex vol rh Mon Mar  9 06:14:19 CET 2026
#@# Curvature Stats rh Mon Mar  9 06:14:20 CET 2026
#@# Cortical Parc 2 rh Mon Mar  9 06:14:22 CET 2026
#@# Cortical Parc 3 rh Mon Mar  9 06:14:33 CET 2026
#@# WM/GM Contrast rh Mon Mar  9 06:14:42 CET 2026
recon-all -s sub-v1s18x0051218_ses-1 finished without error at Mon Mar  9 06:14:45 CET 2026



#New# invocation of recon-all 



status file for recon-all
Mon Mar  9 06:21:34 CET 2026
#@# white curv rh Mon Mar  9 06:21:34 CET 2026
#@# white area rh Mon Mar  9 06:21:34 CET 2026
#@# pial curv rh Mon Mar  9 06:21:34 CET 2026
#@# pial area rh Mon Mar  9 06:21:34 CET 2026
#@# thickness rh Mon Mar  9 06:21:34 CET 2026
#@# area and vertex vol rh Mon Mar  9 06:21:34 CET 2026
#@# Parcellation Stats rh Mon Mar  9 06:21:34 CET 2026
#@# Parcellation Stats 2 rh Mon Mar  9 06:21:49 CET 2026
#@# Parcellation Stats 3 rh Mon Mar  9 06:21:57 CET 2026
#@# BA_exvivo Labels rh Mon Mar  9 06:22:04 CET 2026
recon-all -s sub-v1s18x0051218_ses-1 finished without error at Mon Mar  9 06:24:16 CET 2026
