status file for recon-all
Mon Mar  9 03:48:16 CET 2026
#@# MotionCor Mon Mar  9 03:48:17 CET 2026
#@# Talairach Mon Mar  9 03:48:25 CET 2026
#@# Talairach Failure Detection Mon Mar  9 03:52:51 CET 2026
#@# Nu Intensity Correction Mon Mar  9 03:52:51 CET 2026
#@# Intensity Normalization Mon Mar  9 03:56:06 CET 2026
recon-all -s sub-v1s18x0051209_ses-1 finished without error at Mon Mar  9 03:57:31 CET 2026



#New# invocation of recon-all 



status file for recon-all
Mon Mar  9 04:04:24 CET 2026
#@# EM Registration Mon Mar  9 04:04:24 CET 2026
recon-all -s sub-v1s18x0051209_ses-1 finished without error at Mon Mar  9 04:06:25 CET 2026



#New# invocation of recon-all 



status file for recon-all
Mon Mar  9 04:06:28 CET 2026
#@# CA Normalize Mon Mar  9 04:06:28 CET 2026
#@# CA Reg Mon Mar  9 04:07:46 CET 2026
#@# SubCort Seg Mon Mar  9 04:54:16 CET 2026
#@# CC Seg Mon Mar  9 05:24:23 CET 2026
#@# Merge ASeg Mon Mar  9 05:24:56 CET 2026
#@# Intensity Normalization2 Mon Mar  9 05:24:56 CET 2026
#@# Mask BFS Mon Mar  9 05:27:01 CET 2026
#@# WM Segmentation Mon Mar  9 05:27:01 CET 2026
#@# Fill Mon Mar  9 05:28:57 CET 2026
recon-all -s sub-v1s18x0051209_ses-1 finished without error at Mon Mar  9 05:29:57 CET 2026



#New# invocation of recon-all 



status file for recon-all
Mon Mar  9 06:05:47 CET 2026
#@# white curv lh Mon Mar  9 06:05:47 CET 2026
#@# white area lh Mon Mar  9 06:05:47 CET 2026
#@# pial curv lh Mon Mar  9 06:05:47 CET 2026
#@# pial area lh Mon Mar  9 06:05:47 CET 2026
#@# thickness lh Mon Mar  9 06:05:47 CET 2026
#@# area and vertex vol lh Mon Mar  9 06:05:47 CET 2026
#@# white curv rh Mon Mar  9 06:05:47 CET 2026
#@# white area rh Mon Mar  9 06:05:47 CET 2026
#@# pial curv rh Mon Mar  9 06:05:47 CET 2026
#@# pial area rh Mon Mar  9 06:05:47 CET 2026
#@# thickness rh Mon Mar  9 06:05:47 CET 2026
#@# area and vertex vol rh Mon Mar  9 06:05:47 CET 2026
#@# Cortical ribbon mask Mon Mar  9 06:05:47 CET 2026
recon-all -s sub-v1s18x0051209_ses-1 finished without error at Mon Mar  9 06:09:23 CET 2026



#New# invocation of recon-all 



status file for recon-all
Mon Mar  9 06:14:37 CET 2026
#@# white curv lh Mon Mar  9 06:14:37 CET 2026
#@# white area lh Mon Mar  9 06:14:37 CET 2026
#@# pial curv lh Mon Mar  9 06:14:37 CET 2026
#@# pial area lh Mon Mar  9 06:14:37 CET 2026
#@# thickness lh Mon Mar  9 06:14:37 CET 2026
#@# area and vertex vol lh Mon Mar  9 06:14:37 CET 2026
#@# white curv rh Mon Mar  9 06:14:37 CET 2026
#@# white area rh Mon Mar  9 06:14:37 CET 2026
#@# pial curv rh Mon Mar  9 06:14:37 CET 2026
#@# pial area rh Mon Mar  9 06:14:37 CET 2026
#@# thickness rh Mon Mar  9 06:14:37 CET 2026
#@# area and vertex vol rh Mon Mar  9 06:14:37 CET 2026
#@# Curvature Stats lh Mon Mar  9 06:14:37 CET 2026
#@# Curvature Stats rh Mon Mar  9 06:14:39 CET 2026
#@# Relabel Hypointensities Mon Mar  9 06:14:41 CET 2026
#@# APas-to-ASeg Mon Mar  9 06:14:55 CET 2026
#@# AParc-to-ASeg aparc Mon Mar  9 06:15:01 CET 2026
#@# AParc-to-ASeg aparc.a2009s Mon Mar  9 06:15:26 CET 2026
#@# AParc-to-ASeg aparc.DKTatlas Mon Mar  9 06:15:53 CET 2026
#@# WMParc Mon Mar  9 06:16:18 CET 2026
#@# ASeg Stats Mon Mar  9 06:19:48 CET 2026
recon-all -s sub-v1s18x0051209_ses-1 finished without error at Mon Mar  9 06:20:19 CET 2026
