status file for recon-all
Mon Mar  9 05:16:07 CET 2026
#@# Tessellate lh Mon Mar  9 05:16:07 CET 2026
#@# Smooth1 lh Mon Mar  9 05:16:10 CET 2026
#@# Inflation1 lh Mon Mar  9 05:16:13 CET 2026
#@# QSphere lh Mon Mar  9 05:16:27 CET 2026
#@# Fix Topology lh Mon Mar  9 05:17:42 CET 2026
#@# Smooth2 lh Mon Mar  9 05:25:16 CET 2026
#@# Inflation2 lh Mon Mar  9 05:25:19 CET 2026
#@# Curv .H and .K lh Mon Mar  9 05:25:34 CET 2026
#@# Sphere lh Mon Mar  9 05:26:22 CET 2026
#@# Surf Reg lh Mon Mar  9 05:29:01 CET 2026
#@# Jacobian white lh Mon Mar  9 05:33:23 CET 2026
#@# AvgCurv lh Mon Mar  9 05:33:24 CET 2026
#@# Cortical Parc lh Mon Mar  9 05:33:25 CET 2026
#@# white curv lh Mon Mar  9 05:40:12 CET 2026
#@# white area lh Mon Mar  9 05:40:14 CET 2026
#@# pial curv lh Mon Mar  9 05:40:15 CET 2026
#@# pial area lh Mon Mar  9 05:40:17 CET 2026
#@# thickness lh Mon Mar  9 05:40:18 CET 2026
#@# area and vertex vol lh Mon Mar  9 05:40:47 CET 2026
#@# Curvature Stats lh Mon Mar  9 05:40:49 CET 2026
#@# Cortical Parc 2 lh Mon Mar  9 05:40:52 CET 2026
#@# Cortical Parc 3 lh Mon Mar  9 05:41:05 CET 2026
#@# WM/GM Contrast lh Mon Mar  9 05:41:15 CET 2026
recon-all -s sub-v1s18x0051202_ses-1 finished without error at Mon Mar  9 05:41:18 CET 2026



#New# invocation of recon-all 



status file for recon-all
Mon Mar  9 06:10:15 CET 2026
#@# white curv lh Mon Mar  9 06:10:15 CET 2026
#@# white area lh Mon Mar  9 06:10:15 CET 2026
#@# pial curv lh Mon Mar  9 06:10:15 CET 2026
#@# pial area lh Mon Mar  9 06:10:15 CET 2026
#@# thickness lh Mon Mar  9 06:10:15 CET 2026
#@# area and vertex vol lh Mon Mar  9 06:10:15 CET 2026
#@# Parcellation Stats lh Mon Mar  9 06:10:15 CET 2026
#@# Parcellation Stats 2 lh Mon Mar  9 06:10:35 CET 2026
#@# Parcellation Stats 3 lh Mon Mar  9 06:10:45 CET 2026
#@# BA_exvivo Labels lh Mon Mar  9 06:10:55 CET 2026
recon-all -s sub-v1s18x0051202_ses-1 finished without error at Mon Mar  9 06:13:37 CET 2026
