status file for recon-all
Mon Mar  9 05:41:22 CET 2026
#@# Tessellate rh Mon Mar  9 05:41:22 CET 2026
#@# Smooth1 rh Mon Mar  9 05:41:26 CET 2026
#@# Inflation1 rh Mon Mar  9 05:41:29 CET 2026
#@# QSphere rh Mon Mar  9 05:41:43 CET 2026
#@# Fix Topology rh Mon Mar  9 05:43:09 CET 2026
#@# Smooth2 rh Mon Mar  9 05:48:32 CET 2026
#@# Inflation2 rh Mon Mar  9 05:48:35 CET 2026
#@# Curv .H and .K rh Mon Mar  9 05:48:51 CET 2026
#@# Sphere rh Mon Mar  9 05:49:39 CET 2026
#@# Surf Reg rh Mon Mar  9 05:52:10 CET 2026
#@# Jacobian white rh Mon Mar  9 05:57:27 CET 2026
#@# AvgCurv rh Mon Mar  9 05:57:28 CET 2026
#@# Cortical Parc rh Mon Mar  9 05:57:28 CET 2026
#@# white curv rh Mon Mar  9 06:04:16 CET 2026
#@# white area rh Mon Mar  9 06:04:18 CET 2026
#@# pial curv rh Mon Mar  9 06:04:19 CET 2026
#@# pial area rh Mon Mar  9 06:04:21 CET 2026
#@# thickness rh Mon Mar  9 06:04:21 CET 2026
#@# area and vertex vol rh Mon Mar  9 06:04:51 CET 2026
#@# Curvature Stats rh Mon Mar  9 06:04:53 CET 2026
#@# Cortical Parc 2 rh Mon Mar  9 06:04:55 CET 2026
#@# Cortical Parc 3 rh Mon Mar  9 06:05:09 CET 2026
#@# WM/GM Contrast rh Mon Mar  9 06:05:19 CET 2026
recon-all -s sub-v1s18x0051202_ses-1 finished without error at Mon Mar  9 06:05:22 CET 2026



#New# invocation of recon-all 



status file for recon-all
Mon Mar  9 06:13:39 CET 2026
#@# white curv rh Mon Mar  9 06:13:39 CET 2026
#@# white area rh Mon Mar  9 06:13:39 CET 2026
#@# pial curv rh Mon Mar  9 06:13:39 CET 2026
#@# pial area rh Mon Mar  9 06:13:39 CET 2026
#@# thickness rh Mon Mar  9 06:13:39 CET 2026
#@# area and vertex vol rh Mon Mar  9 06:13:39 CET 2026
#@# Parcellation Stats rh Mon Mar  9 06:13:39 CET 2026
#@# Parcellation Stats 2 rh Mon Mar  9 06:13:59 CET 2026
#@# Parcellation Stats 3 rh Mon Mar  9 06:14:09 CET 2026
#@# BA_exvivo Labels rh Mon Mar  9 06:14:19 CET 2026
recon-all -s sub-v1s18x0051202_ses-1 finished without error at Mon Mar  9 06:17:01 CET 2026
