/out/sourcedata/freesurfer/sub-v1s18x0051281_ses-1/mri
/opt/freesurfer/bin/talairach_avi
--i orig_nu.mgz --xfm transforms/talairach.auto.xfm
talairach_avi 7.3.2
Linux dna070 5.14.0-427.37.1.el9_4.x86_64 #1 SMP PREEMPT_DYNAMIC Fri Sep 13 12:41:50 EDT 2024 x86_64 x86_64 x86_64 GNU/Linux
Thu Mar 12 12:15:25 CET 2026
mri_convert orig_nu.mgz talsrcimg.img 
reading from orig_nu.mgz...
TR=0.00, TE=0.00, TI=0.00, flip angle=0.00
i_ras = (-1, 0, 0)
j_ras = (0, 0, -1)
k_ras = (0, 1, 0)
writing to talsrcimg.img...
Analyze Output Matrix
-1.00000   0.00000   0.00000   133.88358;
 0.00000   0.00000   1.00000  -127.39996;
 0.00000  -1.00000   0.00000   105.75758;
 0.00000   0.00000   0.00000   1.00000;
--------------------
INFO: set hdr.hist.orient to -1
mpr2mni305 talsrcimg
Thu Mar 12 12:15:25 CET 2026
/opt/freesurfer/bin/mpr2mni305 talsrcimg
mpr2mni305 7.3.2
target=711-2C_as_mni_average_305

---------------------------------------------------------------------
analyzeto4dfp talsrcimg -O0 -y
---------------------------------------------------------------------

freesurfer ifh2hdr.c
Thu Mar 12 12:15:25 2026
Writing: talsrcimg.4dfp.hdr
freesurfer analyzeto4dfp.c
Reading: talsrcimg.hdr
header size 348 bytes
hdr.dime.datatype	offset=70	value=2
hdr.dime.bitpix		offset=72	value=8
hdr.hist.orient		offset=252	value=-1
dimensionality     4
dimensions       256       256       256         1
Reading: talsrcimg.img
Writing: talsrcimg.4dfp.img
Writing: talsrcimg.4dfp.ifh
ifh2hdr talsrcimg -r0to233
ori=2

---------------------------------------------------------------------
gauss_4dfp talsrcimg 1.1
---------------------------------------------------------------------

freesurfer gauss_4dfp.c
Reading: talsrcimg.4dfp.img
Writing: talsrcimg_g11.4dfp.img
image dimensions 256 256 256 padded to 288 288 288
processing volume 1freesurfer ifh2hdr.c
Thu Mar 12 12:15:27 2026
Writing: talsrcimg_g11.4dfp.hdr

Writing: talsrcimg_g11.4dfp.ifh
including: talsrcimg.4dfp.img.rec in talsrcimg_g11.4dfp.img.rec

---------------------------------------------------------------------
imgreg_4dfp /opt/freesurfer/average/711-2C_as_mni_average_305 none talsrcimg_g11 none talsrcimg_to_711-2C_as_mni_average_305_t4 4355
---------------------------------------------------------------------

freesurfer imgreg_4dfp.c
/opt/freesurfer/average/711-2C_as_mni_average_305.4dfp.img
       256       256       256         1
  1.000000  1.000000  1.000000
orientation T byte_order littleendian
Reading image: /opt/freesurfer/average/711-2C_as_mni_average_305.4dfp.img
dimensions:      256       256       256
mmppix:       1.0000   -1.0000   -1.0000
center:     128.0000 -129.0000 -129.0000
talsrcimg_g11.4dfp.img
       256       256       256         1
  1.000000  1.000000  1.000000
orientation T byte_order littleendian
Reading image: talsrcimg_g11.4dfp.img
dimensions:      256       256       256
mmppix:       1.0000   -1.0000   -1.0000
center:     128.0000 -129.0000 -129.0000
t4_read: open error in t4_sub.f l:  41 t4_file(1:l)talsrcimg_to_711-2C_as_mni_average_305_t4 
t4_read: transform initialized to I4
rotation matrix determinant  1.000000
image alignment mode   4355 decimal     1103 hex
   -7.5000  -45.0000  -45.0000 6405.1587   19.7900
    0.0000  -45.0000  -45.0000 6652.5347   19.7542
    7.5000  -45.0000  -45.0000 6403.0132   19.7542
   -7.5000  -37.5000  -45.0000 6953.3018   19.5553
    0.0000  -37.5000  -45.0000 7209.5371   19.5142
    7.5000  -37.5000  -45.0000 6966.0122   19.5146
   -7.5000  -30.0000  -45.0000 7783.0889   19.4539
    0.0000  -30.0000  -45.0000 8077.0942   19.4130
    7.5000  -30.0000  -45.0000 7808.6514   19.4123
   -7.5000  -22.5000  -45.0000 8607.9619   19.5814
    0.0000  -22.5000  -45.0000 8930.1064   19.5486
    7.5000  -22.5000  -45.0000 8620.4443   19.5441
   -7.5000  -15.0000  -45.0000 9334.1729   19.6188
    0.0000  -15.0000  -45.0000 9694.3975   19.5938
    7.5000  -15.0000  -45.0000 9345.8037   19.5878
   -7.5000   -7.5000  -45.000010048.0020   19.5197
    0.0000   -7.5000  -45.000010456.8027   19.4922
    7.5000   -7.5000  -45.000010058.4395   19.4896
   -7.5000    0.0000  -45.000010758.2314   19.3945
    0.0000    0.0000  -45.000011180.2520   19.3598
    7.5000    0.0000  -45.000010757.3779   19.3599
   -7.5000    7.5000  -45.000010594.7373   19.3656
    0.0000    7.5000  -45.000011056.6758   19.3253
    7.5000    7.5000  -45.000010620.5068   19.3258
   -7.5000   15.0000  -45.000010360.9727   19.4535
    0.0000   15.0000  -45.000010819.1553   19.4126
    7.5000   15.0000  -45.000010414.4795   19.4119
   -7.5000   22.5000  -45.000010029.2949   19.5787
    0.0000   22.5000  -45.000010477.3027   19.5460
    7.5000   22.5000  -45.000010095.8213   19.5414
   -7.5000   30.0000  -45.0000 9617.8047   19.3574
    0.0000   30.0000  -45.000010022.8125   19.3327
    7.5000   30.0000  -45.0000 9648.6719   19.3268
   -7.5000   37.5000  -45.0000 9172.9619   19.2596
    0.0000   37.5000  -45.0000 9514.5088   19.2324
    7.5000   37.5000  -45.0000 9178.1299   19.2299
   -7.5000   45.0000  -45.0000 8423.0840   18.6502
    0.0000   45.0000  -45.0000 8736.1016   18.6168
    7.5000   45.0000  -45.0000 8418.5645   18.6169
   -7.5000  -45.0000  -37.5000 6877.0449   19.4650
    0.0000  -45.0000  -37.5000 7131.4922   19.4411
    7.5000  -45.0000  -37.5000 6896.1484   19.4342
   -7.5000  -37.5000  -37.5000 7465.6392   19.2221
    0.0000  -37.5000  -37.5000 7748.4648   19.1949
    7.5000  -37.5000  -37.5000 7483.1714   19.1909
   -7.5000  -30.0000  -37.5000 8392.6455   19.1241
    0.0000  -30.0000  -37.5000 8705.1309   19.0956
    7.5000  -30.0000  -37.5000 8377.8418   19.0885
   -7.5000  -22.5000  -37.5000 9303.2051   19.2613
    0.0000  -22.5000  -37.5000 9661.3828   19.2366
    7.5000  -22.5000  -37.5000 9254.6357   19.2217
   -7.5000  -15.0000  -37.500010067.7559   19.3077
    0.0000  -15.0000  -37.500010483.7021   19.2882
    7.5000  -15.0000  -37.500010056.7666   19.2697
   -7.5000   -7.5000  -37.500010792.3535   19.2071
    0.0000   -7.5000  -37.500011239.2920   19.1872
    7.5000   -7.5000  -37.500010771.7344   19.1737
   -7.5000    0.0000  -37.500011479.7988   19.0724
    0.0000    0.0000  -37.500011963.3086   19.0491
    7.5000    0.0000  -37.500011460.1553   19.0427
   -7.5000    7.5000  -37.500011310.2646   19.0353
    0.0000    7.5000  -37.500011808.7988   19.0085
    7.5000    7.5000  -37.500011305.1738   19.0048
   -7.5000   15.0000  -37.500011049.6113   19.1236
    0.0000   15.0000  -37.500011568.0986   19.0951
    7.5000   15.0000  -37.500011087.7803   19.0881
   -7.5000   22.5000  -37.500010691.6162   19.2586
    0.0000   22.5000  -37.500011192.6650   19.2340
    7.5000   22.5000  -37.500010734.1982   19.2191
   -7.5000   30.0000  -37.500010230.8809   19.0504
    0.0000   30.0000  -37.500010694.7812   19.0311
    7.5000   30.0000  -37.500010240.5684   19.0129
   -7.5000   37.5000  -37.5000 9754.0557   18.9511
    0.0000   37.5000  -37.500010150.9688   18.9315
    7.5000   37.5000  -37.5000 9710.7422   18.9182
   -7.5000   45.0000  -37.5000 8942.6240   18.3404
    0.0000   45.0000  -37.5000 9316.8018   18.3180
    7.5000   45.0000  -37.5000 8900.1436   18.3118
   -7.5000  -45.0000  -30.0000 7493.1523   20.0362
    0.0000  -45.0000  -30.0000 7785.1943   20.0142
    7.5000  -45.0000  -30.0000 7514.1250   20.0147
   -7.5000  -37.5000  -30.0000 8164.4399   19.7825
    0.0000  -37.5000  -30.0000 8502.8867   19.7567
    7.5000  -37.5000  -30.0000 8178.3442   19.7626
   -7.5000  -30.0000  -30.0000 9173.0674   19.6909
    0.0000  -30.0000  -30.0000 9540.1367   19.6592
    7.5000  -30.0000  -30.0000 9150.2363   19.6619
   -7.5000  -22.5000  -30.000010136.9053   19.8432
    0.0000  -22.5000  -30.000010560.1641   19.8105
    7.5000  -22.5000  -30.000010106.5322   19.8038
   -7.5000  -15.0000  -30.000010955.0020   19.8936
    0.0000  -15.0000  -30.000011428.5908   19.8662
    7.5000  -15.0000  -30.000010967.0762   19.8535
   -7.5000   -7.5000  -30.000011715.6104   19.7802
    0.0000   -7.5000  -30.000012243.3096   19.7576
    7.5000   -7.5000  -30.000011721.5908   19.7493
   -7.5000    0.0000  -30.000012409.9316   19.6297
    0.0000    0.0000  -30.000012989.1631   19.6083
    7.5000    0.0000  -30.000012427.4922   19.6090
   -7.5000    7.5000  -30.000012230.2568   19.5902
    0.0000    7.5000  -30.000012792.5000   19.5649
    7.5000    7.5000  -30.000012228.4668   19.5709
   -7.5000   15.0000  -30.000011961.0859   19.6904
    0.0000   15.0000  -30.000012528.9404   19.6587
    7.5000   15.0000  -30.000011973.0479   19.6615
   -7.5000   22.5000  -30.000011577.5312   19.8384
    0.0000   22.5000  -30.000012124.2822   19.8058
    7.5000   22.5000  -30.000011580.0508   19.7990
   -7.5000   30.0000  -30.000011054.8281   19.6304
    0.0000   30.0000  -30.000011587.1553   19.6034
    7.5000   30.0000  -30.000011016.6143   19.5908
   -7.5000   37.5000  -30.000010509.4922   19.5185
    0.0000   37.5000  -30.000011012.9814   19.4962
    7.5000   37.5000  -30.000010465.5566   19.4879
   -7.5000   45.0000  -30.0000 9595.9609   18.8902
    0.0000   45.0000  -30.000010041.0947   18.8696
    7.5000   45.0000  -30.0000 9553.7314   18.8703
   -7.5000  -45.0000  -22.5000 8165.3306   20.6218
    0.0000  -45.0000  -22.5000 8521.5029   20.5896
    7.5000  -45.0000  -22.5000 8227.7490   20.6107
   -7.5000  -37.5000  -22.5000 8917.0361   20.3672
    0.0000  -37.5000  -22.5000 9308.5566   20.3283
    7.5000  -37.5000  -22.5000 8943.6016   20.3544
   -7.5000  -30.0000  -22.5000 9993.2031   20.2769
    0.0000  -30.0000  -22.500010430.8506   20.2279
    7.5000  -30.0000  -22.5000 9997.7510   20.2531
   -7.5000  -22.5000  -22.500011012.2988   20.4287
    0.0000  -22.5000  -22.500011512.7178   20.3778
    7.5000  -22.5000  -22.500011046.6416   20.3965
   -7.5000  -15.0000  -22.500011895.7715   20.4721
    0.0000  -15.0000  -22.500012452.1133   20.4297
    7.5000  -15.0000  -22.500011910.1797   20.4427
   -7.5000   -7.5000  -22.500012714.0264   20.3521
    0.0000   -7.5000  -22.500013311.3037   20.3186
    7.5000   -7.5000  -22.500012725.2686   20.3330
   -7.5000    0.0000  -22.500013458.8486   20.2014
    0.0000    0.0000  -22.500014126.3164   20.1702
    7.5000    0.0000  -22.500013490.1934   20.1908
   -7.5000    7.5000  -22.500013246.0967   20.1689
    0.0000    7.5000  -22.500013907.5410   20.1308
    7.5000    7.5000  -22.500013264.7891   20.1565
   -7.5000   15.0000  -22.500012936.5430   20.2764
    0.0000   15.0000  -22.500013578.2021   20.2274
    7.5000   15.0000  -22.500012943.2178   20.2526
   -7.5000   22.5000  -22.500012499.0420   20.4224
    0.0000   22.5000  -22.500013135.0342   20.3715
    7.5000   22.5000  -22.500012484.4131   20.3902
   -7.5000   30.0000  -22.500011894.4951   20.2043
    0.0000   30.0000  -22.500012502.0488   20.1625
    7.5000   30.0000  -22.500011860.7822   20.1753
   -7.5000   37.5000  -22.500011271.3389   20.0859
    0.0000   37.5000  -22.500011867.5342   20.0528
    7.5000   37.5000  -22.500011254.7754   20.0670
   -7.5000   45.0000  -22.500010273.2529   19.4549
    0.0000   45.0000  -22.500010799.0820   19.4249
    7.5000   45.0000  -22.500010266.7754   19.4448
   -7.5000  -45.0000  -15.0000 8898.9863   21.1201
    0.0000  -45.0000  -15.0000 9281.1035   21.0746
    7.5000  -45.0000  -15.0000 8954.1572   21.1099
   -7.5000  -37.5000  -15.0000 9679.4297   20.8687
    0.0000  -37.5000  -15.000010097.6504   20.8149
    7.5000  -37.5000  -15.0000 9712.7432   20.8533
   -7.5000  -30.0000  -15.000010812.8594   20.7718
    0.0000  -30.0000  -15.000011306.1514   20.7083
    7.5000  -30.0000  -15.000010836.8457   20.7481
   -7.5000  -22.5000  -15.000011921.6162   20.9118
    0.0000  -22.5000  -15.000012484.6143   20.8493
    7.5000  -22.5000  -15.000011954.7363   20.8860
   -7.5000  -15.0000  -15.000012863.9990   20.9449
    0.0000  -15.0000  -15.000013497.8750   20.8930
    7.5000  -15.0000  -15.000012873.9727   20.9257
   -7.5000   -7.5000  -15.000013756.9180   20.8277
    0.0000   -7.5000  -15.000014419.0381   20.7839
    7.5000   -7.5000  -15.000013776.0234   20.8159
   -7.5000    0.0000  -15.000014559.2744   20.6886
    0.0000    0.0000  -15.000015323.7334   20.6449
    7.5000    0.0000  -15.000014599.7158   20.6790
   -7.5000    7.5000  -15.000014320.8271   20.6651
    0.0000    7.5000  -15.000015090.9219   20.6123
    7.5000    7.5000  -15.000014367.4453   20.6502
   -7.5000   15.0000  -15.000013936.0547   20.7713
    0.0000   15.0000  -15.000014705.1104   20.7078
    7.5000   15.0000  -15.000013980.7041   20.7476
   -7.5000   22.5000  -15.000013383.9150   20.9044
    0.0000   22.5000  -15.000014135.0811   20.8419
    7.5000   22.5000  -15.000013427.5322   20.8786
   -7.5000   30.0000  -15.000012701.4551   20.6738
    0.0000   30.0000  -15.000013435.2793   20.6226
    7.5000   30.0000  -15.000012749.0625   20.6549
   -7.5000   37.5000  -15.000012058.4551   20.5581
    0.0000   37.5000  -15.000012795.5723   20.5149
    7.5000   37.5000  -15.000012104.9131   20.5465
   -7.5000   45.0000  -15.000011013.3975   19.9362
    0.0000   45.0000  -15.000011673.3545   19.8940
    7.5000   45.0000  -15.000011055.7383   19.9269
   -7.5000  -45.0000   -7.5000 9635.0361   21.4266
    0.0000  -45.0000   -7.500010073.2988   21.3794
    7.5000  -45.0000   -7.5000 9685.0654   21.4074
   -7.5000  -37.5000   -7.500010474.6934   21.1724
    0.0000  -37.5000   -7.500010955.6709   21.1180
    7.5000  -37.5000   -7.500010501.3105   21.1471
   -7.5000  -30.0000   -7.500011670.9863   21.0661
    0.0000  -30.0000   -7.500012240.3457   21.0073
    7.5000  -30.0000   -7.500011719.2559   21.0375
   -7.5000  -22.5000   -7.500012847.3506   21.1992
    0.0000  -22.5000   -7.500013487.4697   21.1461
    7.5000  -22.5000   -7.500012908.2676   21.1737
   -7.5000  -15.0000   -7.500013871.1191   21.2305
    0.0000  -15.0000   -7.500014552.9600   21.1873
    7.5000  -15.0000   -7.500013913.1133   21.2125
   -7.5000   -7.5000   -7.500014837.3799   21.1191
    0.0000   -7.5000   -7.500015595.9863   21.0782
    7.5000   -7.5000   -7.500014905.1045   21.1043
   -7.5000    0.0000   -7.500015684.9531   20.9875
    0.0000    0.0000   -7.500016570.3320   20.9421
    7.5000    0.0000   -7.500015808.5352   20.9693
   -7.5000    7.5000   -7.500015428.2705   20.9652
    0.0000    7.5000   -7.500016296.1348   20.9118
    7.5000    7.5000   -7.500015568.1172   20.9407
   -7.5000   15.0000   -7.500015028.4004   21.0656
    0.0000   15.0000   -7.500015872.6465   21.0068
    7.5000   15.0000   -7.500015149.7139   21.0370
   -7.5000   22.5000   -7.500014420.7275   21.1894
    0.0000   22.5000   -7.500015242.2461   21.1363
    7.5000   22.5000   -7.500014512.8223   21.1640
   -7.5000   30.0000   -7.500013622.3105   20.9551
    0.0000   30.0000   -7.500014458.8252   20.9125
    7.5000   30.0000   -7.500013685.5840   20.9375
   -7.5000   37.5000   -7.500012940.9912   20.8452
    0.0000   37.5000   -7.500013779.5039   20.8048
    7.5000   37.5000   -7.500013011.7168   20.8306
   -7.5000   45.0000   -7.500011834.9150   20.2280
    0.0000   45.0000   -7.500012579.5029   20.1842
    7.5000   45.0000   -7.500011922.7002   20.2105
   -7.5000  -45.0000    0.000010339.2490   21.5037
    0.0000  -45.0000    0.000010854.5654   21.4668
    7.5000  -45.0000    0.000010380.1436   21.4756
   -7.5000  -37.5000    0.000011202.8457   21.2408
    0.0000  -37.5000    0.000011769.7803   21.1984
    7.5000  -37.5000    0.000011263.2959   21.2076
   -7.5000  -30.0000    0.000012441.8721   21.1291
    0.0000  -30.0000    0.000013106.2471   21.0866
    7.5000  -30.0000    0.000012556.8652   21.0943
   -7.5000  -22.5000    0.000013700.7441   21.2660
    0.0000  -22.5000    0.000014402.2090   21.2317
    7.5000  -22.5000    0.000013813.8604   21.2347
   -7.5000  -15.0000    0.000014801.7969   21.3050
    0.0000  -15.0000    0.000015561.3047   21.2788
    7.5000  -15.0000    0.000014887.4287   21.2800
   -7.5000   -7.5000    0.000015818.9463   21.1971
    0.0000   -7.5000    0.000016680.2168   21.1688
    7.5000   -7.5000    0.000015940.6523   21.1741
   -7.5000    0.0000    0.000016689.4707   21.0625
    0.0000    0.0000    0.000017615.5645   21.0269
    7.5000    0.0000    0.000016912.6309   21.0357
   -7.5000    7.5000    0.000016413.8516   21.0328
    0.0000    7.5000    0.000017335.5840   20.9913
    7.5000    7.5000    0.000016674.2305   21.0007
   -7.5000   15.0000    0.000016017.2354   21.1286
    0.0000   15.0000    0.000016921.0938   21.0861
    7.5000   15.0000    0.000016215.2344   21.0938
   -7.5000   22.5000    0.000015371.1875   21.2562
    0.0000   22.5000    0.000016225.3574   21.2219
    7.5000   22.5000    0.000015524.4951   21.2249
   -7.5000   30.0000    0.000014475.8467   21.0293
    0.0000   30.0000    0.000015325.4463   21.0035
    7.5000   30.0000    0.000014558.8018   21.0046
   -7.5000   37.5000    0.000013757.2734   20.9228
    0.0000   37.5000    0.000014617.6309   20.8948
    7.5000   37.5000    0.000013856.6240   20.9000
   -7.5000   45.0000    0.000012573.7344   20.3018
    0.0000   45.0000    0.000013414.8027   20.2675
    7.5000   45.0000    0.000012727.5156   20.2760
   -7.5000  -45.0000    7.500010225.8389   21.4773
    0.0000  -45.0000    7.500010724.8896   21.4528
    7.5000  -45.0000    7.500010304.7012   21.4495
   -7.5000  -37.5000    7.500011063.2549   21.2048
    0.0000  -37.5000    7.500011606.3486   21.1766
    7.5000  -37.5000    7.500011173.5205   21.1762
   -7.5000  -30.0000    7.500012282.1963   21.0957
    0.0000  -30.0000    7.500012908.8789   21.0664
    7.5000  -30.0000    7.500012421.3975   21.0624
   -7.5000  -22.5000    7.500013510.5605   21.2459
    0.0000  -22.5000    7.500014143.4834   21.2208
    7.5000  -22.5000    7.500013624.5039   21.2083
   -7.5000  -15.0000    7.500014642.7344   21.2959
    0.0000  -15.0000    7.500015361.0967   21.2766
    7.5000  -15.0000    7.500014745.9160   21.2603
   -7.5000   -7.5000    7.500015646.9951   21.1849
    0.0000   -7.5000    7.500016436.9668   21.1652
    7.5000   -7.5000    7.500015849.1221   21.1546
   -7.5000    0.0000    7.500016470.4238   21.0373
    0.0000    0.0000    7.500017276.5840   21.0138
    7.5000    0.0000    7.500016782.0312   21.0109
   -7.5000    7.5000    7.500016212.5303   20.9976
    0.0000    7.5000    7.500017041.9355   20.9701
    7.5000    7.5000    7.500016487.4180   20.9700
   -7.5000   15.0000    7.500015815.4326   21.0952
    0.0000   15.0000    7.500016619.0293   21.0659
    7.5000   15.0000    7.500016023.5820   21.0619
   -7.5000   22.5000    7.500015131.1523   21.2361
    0.0000   22.5000    7.500015923.8379   21.2111
    7.5000   22.5000    7.500015291.4580   21.1985
   -7.5000   30.0000    7.500014177.8389   21.0202
    0.0000   30.0000    7.500014982.0986   21.0012
    7.5000   30.0000    7.500014298.8086   20.9851
   -7.5000   37.5000    7.500013482.6504   20.9108
    0.0000   37.5000    7.500014309.2490   20.8913
    7.5000   37.5000    7.500013647.1348   20.8808
   -7.5000   45.0000    7.500012337.0303   20.2776
    0.0000   45.0000    7.500013164.5479   20.2548
    7.5000   45.0000    7.500012548.5742   20.2521
   -7.5000  -45.0000   15.0000 9938.1738   21.4177
    0.0000  -45.0000   15.000010452.4424   21.3970
    7.5000  -45.0000   15.000010059.9775   21.3999
   -7.5000  -37.5000   15.000010746.4541   21.1442
    0.0000  -37.5000   15.000011286.2412   21.1194
    7.5000  -37.5000   15.000010890.6641   21.1279
   -7.5000  -30.0000   15.000011952.9473   21.0447
    0.0000  -30.0000   15.000012509.6143   21.0139
    7.5000  -30.0000   15.000012069.6367   21.0189
   -7.5000  -22.5000   15.000013167.9561   21.2059
    0.0000  -22.5000   15.000013736.0498   21.1742
    7.5000  -22.5000   15.000013251.2148   21.1694
   -7.5000  -15.0000   15.000014330.1768   21.2595
    0.0000  -15.0000   15.000015035.1104   21.2335
    7.5000  -15.0000   15.000014505.5391   21.2226
   -7.5000   -7.5000   15.000015373.5322   21.1397
    0.0000   -7.5000   15.000016084.3193   21.1186
    7.5000   -7.5000   15.000015579.4170   21.1122
   -7.5000    0.0000   15.000016132.9961   20.9802
    0.0000    0.0000   15.000016721.2754   20.9603
    7.5000    0.0000   15.000016304.7109   20.9634
   -7.5000    7.5000   15.000015871.3330   20.9383
    0.0000    7.5000   15.000016441.3672   20.9141
    7.5000    7.5000   15.000016046.3018   20.9226
   -7.5000   15.0000   15.000015408.2256   21.0442
    0.0000   15.0000   15.000016066.5830   21.0134
    7.5000   15.0000   15.000015633.6846   21.0184
   -7.5000   22.5000   15.000014696.3779   21.1961
    0.0000   22.5000   15.000015386.4014   21.1645
    7.5000   22.5000   15.000014903.4873   21.1596
   -7.5000   30.0000   15.000013715.6777   20.9843
    0.0000   30.0000   15.000014459.8281   20.9587
    7.5000   30.0000   15.000013925.0273   20.9479
   -7.5000   37.5000   15.000013067.1289   20.8661
    0.0000   37.5000   15.000013846.9785   20.8453
    7.5000   37.5000   15.000013294.9551   20.8390
   -7.5000   45.0000   15.000011987.3965   20.2225
    0.0000   45.0000   15.000012765.2637   20.2033
    7.5000   45.0000   15.000012223.2832   20.2063
   -7.5000  -45.0000   22.5000 9579.6230   21.3891
    0.0000  -45.0000   22.500010094.9570   21.3572
    7.5000  -45.0000   22.5000 9690.7217   21.3794
   -7.5000  -37.5000   22.500010358.9912   21.1250
    0.0000  -37.5000   22.500010885.1748   21.0861
    7.5000  -37.5000   22.500010467.4463   21.1133
   -7.5000  -30.0000   22.500011513.0293   21.0311
    0.0000  -30.0000   22.500012031.1035   20.9817
    7.5000  -30.0000   22.500011577.6338   21.0079
   -7.5000  -22.5000   22.500012637.0508   21.1878
    0.0000  -22.5000   22.500013191.7842   21.1367
    7.5000  -22.5000   22.500012728.8252   21.1561
   -7.5000  -15.0000   22.500013752.1865   21.2325
    0.0000  -15.0000   22.500014395.5293   21.1902
    7.5000  -15.0000   22.500013812.9092   21.2039
   -7.5000   -7.5000   22.500014844.6689   21.1084
    0.0000   -7.5000   22.500015378.4873   21.0753
    7.5000   -7.5000   22.500014801.3799   21.0906
   -7.5000    0.0000   22.500015603.1035   20.9527
    0.0000    0.0000   22.500015937.3213   20.9220
    7.5000    0.0000   22.500015605.0537   20.9436
   -7.5000    7.5000   22.500015287.1025   20.9194
    0.0000    7.5000   22.500015639.1338   20.8813
    7.5000    7.5000   22.500015426.5059   20.9082
   -7.5000   15.0000   22.500014870.5938   21.0306
    0.0000   15.0000   22.500015333.5488   20.9812
    7.5000   15.0000   22.500015045.3311   21.0074
   -7.5000   22.5000   22.500014226.2285   21.1781
    0.0000   22.5000   22.500014755.6953   21.1269
    7.5000   22.5000   22.500014342.6670   21.1464
   -7.5000   30.0000   22.500013259.2949   20.9577
    0.0000   30.0000   22.500013834.5908   20.9160
    7.5000   30.0000   22.500013334.9414   20.9295
   -7.5000   37.5000   22.500012627.5977   20.8352
    0.0000   37.5000   22.500013231.0771   20.8025
    7.5000   37.5000   22.500012714.8701   20.8176
   -7.5000   45.0000   22.500011595.5244   20.1960
    0.0000   45.0000   22.500012229.6826   20.1664
    7.5000   45.0000   22.500011694.0898   20.1872
   -7.5000  -45.0000   30.0000 9082.5566   21.4646
    0.0000  -45.0000   30.0000 9593.5742   21.4174
    7.5000  -45.0000   30.0000 9201.8027   21.4519
   -7.5000  -37.5000   30.0000 9819.5869   21.2088
    0.0000  -37.5000   30.000010337.4277   21.1531
    7.5000  -37.5000   30.0000 9931.1943   21.1908
   -7.5000  -30.0000   30.000010859.4541   21.1103
    0.0000  -30.0000   30.000011406.3750   21.0448
    7.5000  -30.0000   30.000010998.7373   21.0838
   -7.5000  -22.5000   30.000011894.4932   21.2529
    0.0000  -22.5000   30.000012500.6299   21.1884
    7.5000  -22.5000   30.000012070.7979   21.2243
   -7.5000  -15.0000   30.000012931.8965   21.2862
    0.0000  -15.0000   30.000013504.7676   21.2325
    7.5000  -15.0000   30.000013006.2129   21.2643
   -7.5000   -7.5000   30.000013993.0693   21.1666
    0.0000   -7.5000   30.000014454.9482   21.1211
    7.5000   -7.5000   30.000013917.6592   21.1523
   -7.5000    0.0000   30.000014945.0645   21.0250
    0.0000    0.0000   30.000015368.6914   20.9796
    7.5000    0.0000   30.000014819.3887   21.0129
   -7.5000    7.5000   30.000014808.1309   21.0014
    0.0000    7.5000   30.000015224.1914   20.9468
    7.5000    7.5000   30.000014695.5078   20.9839
   -7.5000   15.0000   30.000014398.2764   21.1098
    0.0000   15.0000   30.000014822.7910   21.0443
    7.5000   15.0000   30.000014266.9795   21.0833
   -7.5000   22.5000   30.000013680.5840   21.2431
    0.0000   22.5000   30.000014130.5889   21.1786
    7.5000   22.5000   30.000013576.1855   21.2145
   -7.5000   30.0000   30.000012630.3555   21.0108
    0.0000   30.0000   30.000013114.2354   20.9577
    7.5000   30.0000   30.000012581.9629   20.9891
   -7.5000   37.5000   30.000011995.3545   20.8927
    0.0000   37.5000   30.000012503.0811   20.8478
    7.5000   37.5000   30.000012008.4746   20.8785
   -7.5000   45.0000   30.000011002.0566   20.2657
    0.0000   45.0000   30.000011508.4268   20.2219
    7.5000   45.0000   30.000011044.3633   20.2540
   -7.5000  -45.0000   37.5000 8874.7344   21.6301
    0.0000  -45.0000   37.5000 9357.2500   21.5799
    7.5000  -45.0000   37.5000 9003.0010   21.6067
   -7.5000  -37.5000   37.5000 9598.4492   21.3737
    0.0000  -37.5000   37.500010108.8896   21.3163
    7.5000  -37.5000   37.5000 9734.4131   21.3443
   -7.5000  -30.0000   37.500010605.2744   21.2663
    0.0000  -30.0000   37.500011167.0000   21.2046
    7.5000  -30.0000   37.500010801.9209   21.2338
   -7.5000  -22.5000   37.500011619.9268   21.4009
    0.0000  -22.5000   37.500012259.2119   21.3450
    7.5000  -22.5000   37.500011832.2939   21.3716
   -7.5000  -15.0000   37.500012644.9443   21.4315
    0.0000  -15.0000   37.500013264.8037   21.3856
    7.5000  -15.0000   37.500012717.6777   21.4098
   -7.5000   -7.5000   37.500013674.5234   21.3179
    0.0000   -7.5000   37.500014229.6934   21.2742
    7.5000   -7.5000   37.500013610.2061   21.2993
   -7.5000    0.0000   37.500014582.2988   21.1847
    0.0000    0.0000   37.500015154.2637   21.1365
    7.5000    0.0000   37.500014471.7852   21.1627
   -7.5000    7.5000   37.500014417.4629   21.1631
    0.0000    7.5000   37.500014982.7949   21.1069
    7.5000    7.5000   37.500014314.6387   21.1347
   -7.5000   15.0000   37.500014044.9229   21.2658
    0.0000   15.0000   37.500014626.2607   21.2041
    7.5000   15.0000   37.500013953.9600   21.2333
   -7.5000   22.5000   37.500013341.5674   21.3911
    0.0000   22.5000   37.500013912.7275   21.3352
    7.5000   22.5000   37.500013296.1094   21.3618
   -7.5000   30.0000   37.500012291.6162   21.1541
    0.0000   30.0000   37.500012841.3174   21.1088
    7.5000   30.0000   37.500012283.8389   21.1327
   -7.5000   37.5000   37.500011698.3838   21.0420
    0.0000   37.5000   37.500012246.1621   20.9989
    7.5000   37.5000   37.500011734.2139   21.0236
   -7.5000   45.0000   37.500010733.5039   20.4197
    0.0000   45.0000   37.500011229.7217   20.3732
    7.5000   45.0000   37.500010768.6963   20.3984
   -7.5000  -45.0000   45.0000 8223.2490   21.6807
    0.0000  -45.0000   45.0000 8680.5771   21.6406
    7.5000  -45.0000   45.0000 8363.3701   21.6486
   -7.5000  -37.5000   45.0000 8890.5596   21.4188
    0.0000  -37.5000   45.0000 9410.0723   21.3732
    7.5000  -37.5000   45.0000 9064.4629   21.3819
   -7.5000  -30.0000   45.0000 9844.0654   21.3076
    0.0000  -30.0000   45.000010435.8994   21.2620
    7.5000  -30.0000   45.000010031.3125   21.2691
   -7.5000  -22.5000   45.000010804.4951   21.4461
    0.0000  -22.5000   45.000011449.9307   21.4090
    7.5000  -22.5000   45.000010964.6133   21.4110
   -7.5000  -15.0000   45.000011730.5361   21.4832
    0.0000  -15.0000   45.000012336.7812   21.4543
    7.5000  -15.0000   45.000011780.7617   21.4545
   -7.5000   -7.5000   45.000012619.3535   21.3720
    0.0000   -7.5000   45.000013152.7969   21.3408
    7.5000   -7.5000   45.000012595.0508   21.3454
   -7.5000    0.0000   45.000013393.6162   21.2355
    0.0000    0.0000   45.000013940.7539   21.1970
    7.5000    0.0000   45.000013363.5049   21.2053
   -7.5000    7.5000   45.000013212.6123   21.2075
    0.0000    7.5000   45.000013782.0586   21.1630
    7.5000    7.5000   45.000013206.2148   21.1719
   -7.5000   15.0000   45.000012891.5801   21.3071
    0.0000   15.0000   45.000013460.2754   21.2615
    7.5000   15.0000   45.000012917.3594   21.2686
   -7.5000   22.5000   45.000012320.8760   21.4362
    0.0000   22.5000   45.000012867.2900   21.3990
    7.5000   22.5000   45.000012347.5459   21.4011
   -7.5000   30.0000   45.000011390.0039   21.2033
    0.0000   30.0000   45.000011896.9170   21.1748
    7.5000   30.0000   45.000011426.0908   21.1750
   -7.5000   37.5000   45.000010859.4395   21.0936
    0.0000   37.5000   45.000011357.7539   21.0628
    7.5000   37.5000   45.000010897.6279   21.0673
   -7.5000   45.0000   45.0000 9965.0498   20.4779
    0.0000   45.0000   45.000010405.0303   20.4408
    7.5000   45.0000   45.0000 9983.2031   20.4487

---------------------------------------------------------------------
imgreg_4dfp /opt/freesurfer/average/711-2C_as_mni_average_305 /opt/freesurfer/average/711-2B_as_mni_average_305_mask talsrcimg_g11 none talsrcimg_to_711-2C_as_mni_average_305_t4 4355
---------------------------------------------------------------------

freesurfer imgreg_4dfp.c
/opt/freesurfer/average/711-2C_as_mni_average_305.4dfp.img
       256       256       256         1
  1.000000  1.000000  1.000000
orientation T byte_order littleendian
Reading image: /opt/freesurfer/average/711-2C_as_mni_average_305.4dfp.img
dimensions:      256       256       256
mmppix:       1.0000   -1.0000   -1.0000
center:     128.0000 -129.0000 -129.0000
/opt/freesurfer/average/711-2B_as_mni_average_305_mask.4dfp.img
       256       256       256         1
  1.000000  1.000000  1.000000
orientation T byte_order littleendian
Reading mask: /opt/freesurfer/average/711-2B_as_mni_average_305_mask.4dfp.img (2306576 pixels)
talsrcimg_g11.4dfp.img
       256       256       256         1
  1.000000  1.000000  1.000000
orientation T byte_order littleendian
Reading image: talsrcimg_g11.4dfp.img
dimensions:      256       256       256
mmppix:       1.0000   -1.0000   -1.0000
center:     128.0000 -129.0000 -129.0000
rotation matrix determinant  1.000000
image alignment mode   4355 decimal     1103 hex
   -7.5000  -45.0000  -45.0000 1839.2162   31.3185
    0.0000  -45.0000  -45.0000 1845.1212   31.0332
    7.5000  -45.0000  -45.0000 1830.5740   31.1731
   -7.5000  -37.5000  -45.0000 1946.4138   28.0560
    0.0000  -37.5000  -45.0000 1948.4729   27.7722
    7.5000  -37.5000  -45.0000 1937.7836   27.9267
   -7.5000  -30.0000  -45.0000 2039.0797   25.9309
    0.0000  -30.0000  -45.0000 2042.6533   25.6433
    7.5000  -30.0000  -45.0000 2032.7026   25.7148
   -7.5000  -22.5000  -45.0000 2105.3821   24.3820
    0.0000  -22.5000  -45.0000 2103.5066   24.1225
    7.5000  -22.5000  -45.0000 2091.9536   24.1499
   -7.5000  -15.0000  -45.0000 2140.7727   23.0424
    0.0000  -15.0000  -45.0000 2139.2327   22.8399
    7.5000  -15.0000  -45.0000 2127.1536   22.8866
   -7.5000   -7.5000  -45.0000 2174.5859   21.9973
    0.0000   -7.5000  -45.0000 2178.8579   21.7465
    7.5000   -7.5000  -45.0000 2163.4414   21.8519
   -7.5000    0.0000  -45.0000 2189.7095   21.3907
    0.0000    0.0000  -45.0000 2197.7556   21.1778
    7.5000    0.0000  -45.0000 2181.4817   21.3047
   -7.5000    7.5000  -45.0000 2184.6843   21.3430
    0.0000    7.5000  -45.0000 2196.1140   21.0907
    7.5000    7.5000  -45.0000 2180.3035   21.3135
   -7.5000   15.0000  -45.0000 2172.9985   21.7330
    0.0000   15.0000  -45.0000 2182.9231   21.4593
    7.5000   15.0000  -45.0000 2162.6479   21.7191
   -7.5000   22.5000  -45.0000 2150.0840   22.5858
    0.0000   22.5000  -45.0000 2159.4783   22.3236
    7.5000   22.5000  -45.0000 2142.3628   22.5477
   -7.5000   30.0000  -45.0000 2107.7566   23.8357
    0.0000   30.0000  -45.0000 2119.9409   23.5247
    7.5000   30.0000  -45.0000 2103.3770   23.7430
   -7.5000   37.5000  -45.0000 2041.2981   25.4922
    0.0000   37.5000  -45.0000 2052.2361   25.0901
    7.5000   37.5000  -45.0000 2043.1467   25.3597
   -7.5000   45.0000  -45.0000 1957.7649   27.5768
    0.0000   45.0000  -45.0000 1968.4938   27.1530
    7.5000   45.0000  -45.0000 1958.6616   27.5443
   -7.5000  -45.0000  -37.5000 1927.1305   28.5610
    0.0000  -45.0000  -37.5000 1934.2241   28.2802
    7.5000  -45.0000  -37.5000 1927.4637   28.5193
   -7.5000  -37.5000  -37.5000 2038.8004   25.6809
    0.0000  -37.5000  -37.5000 2044.0985   25.4227
    7.5000  -37.5000  -37.5000 2028.1227   25.5294
   -7.5000  -30.0000  -37.5000 2140.0261   23.7596
    0.0000  -30.0000  -37.5000 2140.8914   23.5105
    7.5000  -30.0000  -37.5000 2121.9792   23.5417
   -7.5000  -22.5000  -37.5000 2213.3062   22.2848
    0.0000  -22.5000  -37.5000 2215.4771   22.0803
    7.5000  -22.5000  -37.5000 2191.5137   22.0563
   -7.5000  -15.0000  -37.5000 2245.2974   21.0625
    0.0000  -15.0000  -37.5000 2255.6182   20.9081
    7.5000  -15.0000  -37.5000 2236.9233   20.8501
   -7.5000   -7.5000  -37.5000 2275.6865   20.0780
    0.0000   -7.5000  -37.5000 2280.7188   19.8801
    7.5000   -7.5000  -37.5000 2267.5278   19.9088
   -7.5000    0.0000  -37.5000 2290.2297   19.5641
    0.0000    0.0000  -37.5000 2297.9880   19.3501
    7.5000    0.0000  -37.5000 2285.7463   19.4599
   -7.5000    7.5000  -37.5000 2289.2869   19.4921
    0.0000    7.5000  -37.5000 2302.2810   19.3671
    7.5000    7.5000  -37.5000 2287.2952   19.5099
   -7.5000   15.0000  -37.5000 2279.1892   19.8846
    0.0000   15.0000  -37.5000 2293.1846   19.6942
    7.5000   15.0000  -37.5000 2277.4102   19.8554
   -7.5000   22.5000  -37.5000 2254.9587   20.6246
    0.0000   22.5000  -37.5000 2267.2554   20.3740
    7.5000   22.5000  -37.5000 2254.7151   20.5024
   -7.5000   30.0000  -37.5000 2208.1758   21.7273
    0.0000   30.0000  -37.5000 2223.4829   21.4002
    7.5000   30.0000  -37.5000 2208.3459   21.5185
   -7.5000   37.5000  -37.5000 2140.9143   23.2011
    0.0000   37.5000  -37.5000 2153.4272   22.8408
    7.5000   37.5000  -37.5000 2138.1792   23.0281
   -7.5000   45.0000  -37.5000 2053.1880   25.1451
    0.0000   45.0000  -37.5000 2069.8677   24.8128
    7.5000   45.0000  -37.5000 2053.3735   25.1061
   -7.5000  -45.0000  -30.0000 2041.1542   27.0055
    0.0000  -45.0000  -30.0000 2050.1238   26.7756
    7.5000  -45.0000  -30.0000 2040.1941   26.9976
   -7.5000  -37.5000  -30.0000 2166.5698   24.3246
    0.0000  -37.5000  -30.0000 2179.0305   24.1322
    7.5000  -37.5000  -30.0000 2155.2732   24.1764
   -7.5000  -30.0000  -30.0000 2267.2334   22.4646
    0.0000  -30.0000  -30.0000 2274.9788   22.2526
    7.5000  -30.0000  -30.0000 2252.3079   22.2362
   -7.5000  -22.5000  -30.0000 2343.4678   21.0830
    0.0000  -22.5000  -30.0000 2350.5532   20.9277
    7.5000  -22.5000  -30.0000 2330.9792   20.8095
   -7.5000  -15.0000  -30.0000 2382.8323   19.9077
    0.0000  -15.0000  -30.0000 2390.7773   19.7657
    7.5000  -15.0000  -30.0000 2379.0869   19.6771
   -7.5000   -7.5000  -30.0000 2413.1667   18.9280
    0.0000   -7.5000  -30.0000 2424.3906   18.8084
    7.5000   -7.5000  -30.0000 2415.2119   18.8209
   -7.5000    0.0000  -30.0000 2426.3110   18.5003
    0.0000    0.0000  -30.0000 2442.5554   18.3404
    7.5000    0.0000  -30.0000 2433.2158   18.4115
   -7.5000    7.5000  -30.0000 2427.9421   18.4673
    0.0000    7.5000  -30.0000 2443.9780   18.3531
    7.5000    7.5000  -30.0000 2431.7900   18.4148
   -7.5000   15.0000  -30.0000 2420.6665   18.8048
    0.0000   15.0000  -30.0000 2440.7324   18.6200
    7.5000   15.0000  -30.0000 2428.1777   18.6578
   -7.5000   22.5000  -30.0000 2397.4629   19.4581
    0.0000   22.5000  -30.0000 2415.9299   19.2347
    7.5000   22.5000  -30.0000 2405.4192   19.2607
   -7.5000   30.0000  -30.0000 2347.4631   20.5186
    0.0000   30.0000  -30.0000 2370.6838   20.3204
    7.5000   30.0000  -30.0000 2353.5762   20.3338
   -7.5000   37.5000  -30.0000 2275.2153   21.9491
    0.0000   37.5000  -30.0000 2298.5100   21.7037
    7.5000   37.5000  -30.0000 2280.5967   21.8243
   -7.5000   45.0000  -30.0000 2181.5483   23.8215
    0.0000   45.0000  -30.0000 2198.5315   23.5432
    7.5000   45.0000  -30.0000 2184.4219   23.7505
   -7.5000  -45.0000  -22.5000 2129.5364   25.4678
    0.0000  -45.0000  -22.5000 2144.5710   25.2631
    7.5000  -45.0000  -22.5000 2135.7622   25.4228
   -7.5000  -37.5000  -22.5000 2261.5474   22.9091
    0.0000  -37.5000  -22.5000 2276.2053   22.7108
    7.5000  -37.5000  -22.5000 2254.5022   22.7229
   -7.5000  -30.0000  -22.5000 2369.6213   21.0880
    0.0000  -30.0000  -22.5000 2382.5994   20.8968
    7.5000  -30.0000  -22.5000 2359.3289   20.8165
   -7.5000  -22.5000  -22.5000 2445.7290   19.7176
    0.0000  -22.5000  -22.5000 2457.6099   19.5959
    7.5000  -22.5000  -22.5000 2444.9824   19.5023
   -7.5000  -15.0000  -22.5000 2492.9011   18.6473
    0.0000  -15.0000  -22.5000 2503.4041   18.5445
    7.5000  -15.0000  -22.5000 2488.7266   18.4507
   -7.5000   -7.5000  -22.5000 2529.6848   17.7846
    0.0000   -7.5000  -22.5000 2540.6948   17.6518
    7.5000   -7.5000  -22.5000 2528.2825   17.6180
   -7.5000    0.0000  -22.5000 2551.1599   17.3815
    0.0000    0.0000  -22.5000 2566.7151   17.2122
    7.5000    0.0000  -22.5000 2555.4929   17.2192
   -7.5000    7.5000  -22.5000 2556.7715   17.4133
    0.0000    7.5000  -22.5000 2575.4036   17.2511
    7.5000    7.5000  -22.5000 2560.8406   17.2202
   -7.5000   15.0000  -22.5000 2551.8877   17.7124
    0.0000   15.0000  -22.5000 2569.3269   17.5422
    7.5000   15.0000  -22.5000 2556.1248   17.5138
   -7.5000   22.5000  -22.5000 2526.0332   18.3360
    0.0000   22.5000  -22.5000 2546.5879   18.1496
    7.5000   22.5000  -22.5000 2532.8943   18.1199
   -7.5000   30.0000  -22.5000 2465.7424   19.3516
    0.0000   30.0000  -22.5000 2488.5908   19.1572
    7.5000   30.0000  -22.5000 2478.2986   19.1539
   -7.5000   37.5000  -22.5000 2381.4011   20.7048
    0.0000   37.5000  -22.5000 2405.4797   20.4828
    7.5000   37.5000  -22.5000 2394.9519   20.5427
   -7.5000   45.0000  -22.5000 2284.6655   22.5537
    0.0000   45.0000  -22.5000 2297.7715   22.3028
    7.5000   45.0000  -22.5000 2290.8379   22.3999
   -7.5000  -45.0000  -15.0000 2184.1606   24.0591
    0.0000  -45.0000  -15.0000 2196.3477   23.8587
    7.5000  -45.0000  -15.0000 2190.3979   24.0284
   -7.5000  -37.5000  -15.0000 2319.3296   21.5655
    0.0000  -37.5000  -15.0000 2328.9392   21.3719
    7.5000  -37.5000  -15.0000 2318.3936   21.4202
   -7.5000  -30.0000  -15.0000 2433.2993   19.8282
    0.0000  -30.0000  -15.0000 2443.8101   19.6721
    7.5000  -30.0000  -15.0000 2428.6780   19.6200
   -7.5000  -22.5000  -15.0000 2518.8542   18.4954
    0.0000  -22.5000  -15.0000 2533.0132   18.3679
    7.5000  -22.5000  -15.0000 2515.5864   18.2846
   -7.5000  -15.0000  -15.0000 2575.3608   17.4511
    0.0000  -15.0000  -15.0000 2589.2156   17.3374
    7.5000  -15.0000  -15.0000 2570.6638   17.2695
   -7.5000   -7.5000  -15.0000 2620.4905   16.7002
    0.0000   -7.5000  -15.0000 2633.7109   16.5664
    7.5000   -7.5000  -15.0000 2621.1038   16.5201
   -7.5000    0.0000  -15.0000 2655.7815   16.3129
    0.0000    0.0000  -15.0000 2670.1689   16.1812
    7.5000    0.0000  -15.0000 2658.7441   16.1535
   -7.5000    7.5000  -15.0000 2667.8501   16.4022
    0.0000    7.5000  -15.0000 2685.6851   16.2426
    7.5000    7.5000  -15.0000 2670.8513   16.2193
   -7.5000   15.0000  -15.0000 2654.5398   16.7335
    0.0000   15.0000  -15.0000 2675.4048   16.5618
    7.5000   15.0000  -15.0000 2661.7646   16.5153
   -7.5000   22.5000  -15.0000 2620.3372   17.3681
    0.0000   22.5000  -15.0000 2644.7783   17.2233
    7.5000   22.5000  -15.0000 2628.2722   17.1296
   -7.5000   30.0000  -15.0000 2556.0039   18.3455
    0.0000   30.0000  -15.0000 2579.1655   18.1727
    7.5000   30.0000  -15.0000 2567.3997   18.0995
   -7.5000   37.5000  -15.0000 2468.0422   19.6477
    0.0000   37.5000  -15.0000 2493.2678   19.4518
    7.5000   37.5000  -15.0000 2477.6675   19.4078
   -7.5000   45.0000  -15.0000 2359.3896   21.4254
    0.0000   45.0000  -15.0000 2378.2378   21.1739
    7.5000   45.0000  -15.0000 2367.0549   21.1492
   -7.5000  -45.0000   -7.5000 2222.6301   22.8380
    0.0000  -45.0000   -7.5000 2233.0593   22.6783
    7.5000  -45.0000   -7.5000 2227.4160   22.9057
   -7.5000  -37.5000   -7.5000 2363.3701   20.4268
    0.0000  -37.5000   -7.5000 2372.1438   20.2453
    7.5000  -37.5000   -7.5000 2361.1538   20.3279
   -7.5000  -30.0000   -7.5000 2479.3716   18.7387
    0.0000  -30.0000   -7.5000 2491.8015   18.5451
    7.5000  -30.0000   -7.5000 2481.2607   18.5681
   -7.5000  -22.5000   -7.5000 2572.4548   17.4283
    0.0000  -22.5000   -7.5000 2591.0654   17.3131
    7.5000  -22.5000   -7.5000 2573.7888   17.2640
   -7.5000  -15.0000   -7.5000 2636.5112   16.4191
    0.0000  -15.0000   -7.5000 2650.9595   16.2797
    7.5000  -15.0000   -7.5000 2638.1060   16.2342
   -7.5000   -7.5000   -7.5000 2692.2461   15.6907
    0.0000   -7.5000   -7.5000 2713.6780   15.5592
    7.5000   -7.5000   -7.5000 2701.5752   15.5510
   -7.5000    0.0000   -7.5000 2737.1204   15.3188
    0.0000    0.0000   -7.5000 2755.6182   15.2201
    7.5000    0.0000   -7.5000 2751.4626   15.2377
   -7.5000    7.5000   -7.5000 2753.9463   15.4562
    0.0000    7.5000   -7.5000 2774.7034   15.3363
    7.5000    7.5000   -7.5000 2769.8005   15.3027
   -7.5000   15.0000   -7.5000 2745.1875   15.8371
    0.0000   15.0000   -7.5000 2764.8958   15.6972
    7.5000   15.0000   -7.5000 2753.9221   15.6302
   -7.5000   22.5000   -7.5000 2704.1133   16.4989
    0.0000   22.5000   -7.5000 2728.1379   16.3292
    7.5000   22.5000   -7.5000 2715.4050   16.2348
   -7.5000   30.0000   -7.5000 2627.0322   17.4203
    0.0000   30.0000   -7.5000 2656.6963   17.2527
    7.5000   30.0000   -7.5000 2642.9985   17.1710
   -7.5000   37.5000   -7.5000 2532.8774   18.6879
    0.0000   37.5000   -7.5000 2559.8938   18.5150
    7.5000   37.5000   -7.5000 2546.7507   18.4521
   -7.5000   45.0000   -7.5000 2424.1436   20.3206
    0.0000   45.0000   -7.5000 2440.3308   20.1481
    7.5000   45.0000   -7.5000 2433.2966   20.1139
   -7.5000  -45.0000    0.0000 2257.3562   21.9974
    0.0000  -45.0000    0.0000 2261.4797   21.8200
    7.5000  -45.0000    0.0000 2248.9146   21.8956
   -7.5000  -37.5000    0.0000 2399.6018   19.6016
    0.0000  -37.5000    0.0000 2402.7446   19.4008
    7.5000  -37.5000    0.0000 2391.3479   19.4901
   -7.5000  -30.0000    0.0000 2513.2512   17.9152
    0.0000  -30.0000    0.0000 2525.0215   17.7165
    7.5000  -30.0000    0.0000 2513.3140   17.7685
   -7.5000  -22.5000    0.0000 2614.9543   16.6370
    0.0000  -22.5000    0.0000 2626.9084   16.4315
    7.5000  -22.5000    0.0000 2617.0640   16.4870
   -7.5000  -15.0000    0.0000 2692.0818   15.6058
    0.0000  -15.0000    0.0000 2706.8606   15.4633
    7.5000  -15.0000    0.0000 2697.4338   15.4652
   -7.5000   -7.5000    0.0000 2756.3755   14.8941
    0.0000   -7.5000    0.0000 2777.1265   14.7491
    7.5000   -7.5000    0.0000 2772.0110   14.7776
   -7.5000    0.0000    0.0000 2805.4707   14.5303
    0.0000    0.0000    0.0000 2828.5510   14.4414
    7.5000    0.0000    0.0000 2823.5618   14.4678
   -7.5000    7.5000    0.0000 2824.2278   14.6670
    0.0000    7.5000    0.0000 2852.0771   14.5471
    7.5000    7.5000    0.0000 2845.1436   14.5528
   -7.5000   15.0000    0.0000 2812.6255   15.0814
    0.0000   15.0000    0.0000 2839.2048   14.9285
    7.5000   15.0000    0.0000 2825.0715   14.9046
   -7.5000   22.5000    0.0000 2767.3406   15.7142
    0.0000   22.5000    0.0000 2792.3806   15.5509
    7.5000   22.5000    0.0000 2783.2483   15.5173
   -7.5000   30.0000    0.0000 2691.3472   16.6553
    0.0000   30.0000    0.0000 2711.5300   16.4733
    7.5000   30.0000    0.0000 2702.8315   16.4223
   -7.5000   37.5000    0.0000 2590.5757   17.8785
    0.0000   37.5000    0.0000 2605.4717   17.7095
    7.5000   37.5000    0.0000 2597.4338   17.6757
   -7.5000   45.0000    0.0000 2471.0806   19.5291
    0.0000   45.0000    0.0000 2488.6531   19.3452
    7.5000   45.0000    0.0000 2479.5679   19.3204
   -7.5000  -45.0000    7.5000 2283.9919   21.4579
    0.0000  -45.0000    7.5000 2282.1946   21.1436
    7.5000  -45.0000    7.5000 2277.4019   21.2335
   -7.5000  -37.5000    7.5000 2421.7939   19.0517
    0.0000  -37.5000    7.5000 2421.2544   18.7454
    7.5000  -37.5000    7.5000 2416.9788   18.8698
   -7.5000  -30.0000    7.5000 2537.1062   17.3917
    0.0000  -30.0000    7.5000 2543.9978   17.0617
    7.5000  -30.0000    7.5000 2536.9324   17.1645
   -7.5000  -22.5000    7.5000 2647.8181   16.1173
    0.0000  -22.5000    7.5000 2649.0144   15.7842
    7.5000  -22.5000    7.5000 2646.4348   15.8867
   -7.5000  -15.0000    7.5000 2733.4187   15.0938
    0.0000  -15.0000    7.5000 2746.0034   14.8256
    7.5000  -15.0000    7.5000 2743.7566   14.9154
   -7.5000   -7.5000    7.5000 2819.2791   14.3675
    0.0000   -7.5000    7.5000 2840.2454   14.1313
    7.5000   -7.5000    7.5000 2832.1509   14.2390
   -7.5000    0.0000    7.5000 2869.8025   13.9480
    0.0000    0.0000    7.5000 2898.6667   13.7649
    7.5000    0.0000    7.5000 2888.6030   13.8894
   -7.5000    7.5000    7.5000 2894.5405   14.0534
    0.0000    7.5000    7.5000 2922.2673   13.8721
    7.5000    7.5000    7.5000 2912.8677   13.9894
   -7.5000   15.0000    7.5000 2876.0393   14.4863
    0.0000   15.0000    7.5000 2896.4934   14.2787
    7.5000   15.0000    7.5000 2891.7307   14.3313
   -7.5000   22.5000    7.5000 2819.5781   15.1454
    0.0000   22.5000    7.5000 2835.9512   14.9325
    7.5000   22.5000    7.5000 2836.4451   14.9362
   -7.5000   30.0000    7.5000 2732.2886   16.0885
    0.0000   30.0000    7.5000 2751.7083   15.8716
    7.5000   30.0000    7.5000 2746.9773   15.8982
   -7.5000   37.5000    7.5000 2627.1428   17.3213
    0.0000   37.5000    7.5000 2640.5168   17.1303
    7.5000   37.5000    7.5000 2634.1902   17.1878
   -7.5000   45.0000    7.5000 2502.1978   18.8683
    0.0000   45.0000    7.5000 2522.3149   18.6932
    7.5000   45.0000    7.5000 2510.5488   18.7418
   -7.5000  -45.0000   15.0000 2288.2307   21.1545
    0.0000  -45.0000   15.0000 2290.1846   20.7990
    7.5000  -45.0000   15.0000 2287.6135   20.9098
   -7.5000  -37.5000   15.0000 2425.6638   18.7763
    0.0000  -37.5000   15.0000 2426.4180   18.3729
    7.5000  -37.5000   15.0000 2427.7991   18.5287
   -7.5000  -30.0000   15.0000 2546.4106   17.1108
    0.0000  -30.0000   15.0000 2549.3760   16.6936
    7.5000  -30.0000   15.0000 2547.2017   16.8087
   -7.5000  -22.5000   15.0000 2655.0474   15.8345
    0.0000  -22.5000   15.0000 2660.4011   15.4166
    7.5000  -22.5000   15.0000 2660.5928   15.5132
   -7.5000  -15.0000   15.0000 2752.9316   14.8311
    0.0000  -15.0000   15.0000 2769.4380   14.4406
    7.5000  -15.0000   15.0000 2767.6006   14.5433
   -7.5000   -7.5000   15.0000 2852.5581   14.0739
    0.0000   -7.5000   15.0000 2878.0679   13.7731
    7.5000   -7.5000   15.0000 2875.0598   13.8889
   -7.5000    0.0000   15.0000 2910.0015   13.5539
    0.0000    0.0000   15.0000 2940.1401   13.2242
    7.5000    0.0000   15.0000 2930.4082   13.5098
   -7.5000    7.5000   15.0000 2932.9177   13.6355
    0.0000    7.5000   15.0000 2953.4011   13.3226
    7.5000    7.5000   15.0000 2957.6140   13.5367
   -7.5000   15.0000   15.0000 2894.6489   14.1140
    0.0000   15.0000   15.0000 2917.2488   13.8667
    7.5000   15.0000   15.0000 2926.3066   14.0034
   -7.5000   22.5000   15.0000 2840.5242   14.8087
    0.0000   22.5000   15.0000 2860.7559   14.5586
    7.5000   22.5000   15.0000 2865.9883   14.7035
   -7.5000   30.0000   15.0000 2749.3999   15.7578
    0.0000   30.0000   15.0000 2771.9690   15.5540
    7.5000   30.0000   15.0000 2775.8535   15.6847
   -7.5000   37.5000   15.0000 2635.6614   16.9294
    0.0000   37.5000   15.0000 2657.0288   16.7862
    7.5000   37.5000   15.0000 2655.9658   16.8866
   -7.5000   45.0000   15.0000 2509.1230   18.4109
    0.0000   45.0000   15.0000 2531.9773   18.3137
    7.5000   45.0000   15.0000 2527.6353   18.4109
   -7.5000  -45.0000   22.5000 2283.5393   21.1917
    0.0000  -45.0000   22.5000 2288.8281   20.7078
    7.5000  -45.0000   22.5000 2288.0522   20.8041
   -7.5000  -37.5000   22.5000 2419.9473   18.8574
    0.0000  -37.5000   22.5000 2426.3484   18.3351
    7.5000  -37.5000   22.5000 2424.9331   18.4277
   -7.5000  -30.0000   22.5000 2540.2832   17.1806
    0.0000  -30.0000   22.5000 2546.7087   16.6434
    7.5000  -30.0000   22.5000 2543.1125   16.7161
   -7.5000  -22.5000   22.5000 2649.7646   15.8637
    0.0000  -22.5000   22.5000 2660.4810   15.3450
    7.5000  -22.5000   22.5000 2657.6821   15.4349
   -7.5000  -15.0000   22.5000 2752.8840   14.7886
    0.0000  -15.0000   22.5000 2764.3621   14.3116
    7.5000  -15.0000   22.5000 2764.5828   14.4278
   -7.5000   -7.5000   22.5000 2856.3364   14.0175
    0.0000   -7.5000   22.5000 2873.4644   13.5611
    7.5000   -7.5000   22.5000 2871.6104   13.6936
   -7.5000    0.0000   22.5000 2911.4614   13.5422
    0.0000    0.0000   22.5000 2934.0808   13.0395
    7.5000    0.0000   22.5000 2926.6560   13.2424
   -7.5000    7.5000   22.5000 2934.5176   13.5491
    0.0000    7.5000   22.5000 2954.0652   13.0635
    7.5000    7.5000   22.5000 2966.0740   13.4295
   -7.5000   15.0000   22.5000 2899.1946   14.0336
    0.0000   15.0000   22.5000 2921.9338   13.6961
    7.5000   15.0000   22.5000 2931.9136   13.9726
   -7.5000   22.5000   22.5000 2837.4280   14.7625
    0.0000   22.5000   22.5000 2861.0334   14.4716
    7.5000   22.5000   22.5000 2867.1311   14.6457
   -7.5000   30.0000   22.5000 2746.4224   15.6994
    0.0000   30.0000   22.5000 2766.2126   15.4264
    7.5000   30.0000   22.5000 2772.1057   15.5752
   -7.5000   37.5000   22.5000 2632.8145   16.9002
    0.0000   37.5000   22.5000 2650.6123   16.6489
    7.5000   37.5000   22.5000 2655.9690   16.7662
   -7.5000   45.0000   22.5000 2506.0571   18.4146
    0.0000   45.0000   22.5000 2530.7520   18.1706
    7.5000   45.0000   22.5000 2527.0886   18.3012
   -7.5000  -45.0000   30.0000 2264.9854   21.4633
    0.0000  -45.0000   30.0000 2278.8738   20.9920
    7.5000  -45.0000   30.0000 2275.9827   20.9567
   -7.5000  -37.5000   30.0000 2402.5564   19.1183
    0.0000  -37.5000   30.0000 2418.3518   18.5512
    7.5000  -37.5000   30.0000 2415.7964   18.5785
   -7.5000  -30.0000   30.0000 2517.1877   17.4016
    0.0000  -30.0000   30.0000 2533.9009   16.8301
    7.5000  -30.0000   30.0000 2535.5088   16.8828
   -7.5000  -22.5000   30.0000 2618.8843   16.1045
    0.0000  -22.5000   30.0000 2641.7737   15.5654
    7.5000  -22.5000   30.0000 2648.4045   15.6506
   -7.5000  -15.0000   30.0000 2725.5498   15.0363
    0.0000  -15.0000   30.0000 2741.2444   14.4919
    7.5000  -15.0000   30.0000 2755.4417   14.6419
   -7.5000   -7.5000   30.0000 2827.7524   14.2694
    0.0000   -7.5000   30.0000 2844.8569   13.7055
    7.5000   -7.5000   30.0000 2853.9937   13.8287
   -7.5000    0.0000   30.0000 2889.8523   13.9032
    0.0000    0.0000   30.0000 2911.6458   13.3861
    7.5000    0.0000   30.0000 2913.6218   13.5375
   -7.5000    7.5000   30.0000 2909.5264   14.0351
    0.0000    7.5000   30.0000 2934.8945   13.5936
    7.5000    7.5000   30.0000 2943.3853   13.7057
   -7.5000   15.0000   30.0000 2873.6594   14.4059
    0.0000   15.0000   30.0000 2897.7041   14.0904
    7.5000   15.0000   30.0000 2903.6162   14.1628
   -7.5000   22.5000   30.0000 2811.3430   14.9945
    0.0000   22.5000   30.0000 2834.7856   14.7094
    7.5000   22.5000   30.0000 2838.8032   14.7872
   -7.5000   30.0000   30.0000 2719.7351   15.8805
    0.0000   30.0000   30.0000 2741.7886   15.5892
    7.5000   30.0000   30.0000 2746.2024   15.6788
   -7.5000   37.5000   30.0000 2610.7847   17.0396
    0.0000   37.5000   30.0000 2636.5730   16.7719
    7.5000   37.5000   30.0000 2638.9263   16.8406
   -7.5000   45.0000   30.0000 2490.6558   18.5362
    0.0000   45.0000   30.0000 2510.8230   18.2599
    7.5000   45.0000   30.0000 2511.1277   18.3128
   -7.5000  -45.0000   37.5000 2235.4465   21.9747
    0.0000  -45.0000   37.5000 2255.7012   21.4118
    7.5000  -45.0000   37.5000 2257.0381   21.4618
   -7.5000  -37.5000   37.5000 2374.8672   19.6103
    0.0000  -37.5000   37.5000 2399.3677   19.0335
    7.5000  -37.5000   37.5000 2403.9941   19.1032
   -7.5000  -30.0000   37.5000 2488.3076   17.9456
    0.0000  -30.0000   37.5000 2512.5400   17.3695
    7.5000  -30.0000   37.5000 2523.2690   17.4471
   -7.5000  -22.5000   37.5000 2590.4058   16.6970
    0.0000  -22.5000   37.5000 2623.1174   16.1753
    7.5000  -22.5000   37.5000 2635.6348   16.2618
   -7.5000  -15.0000   37.5000 2692.0481   15.6494
    0.0000  -15.0000   37.5000 2718.9949   15.1698
    7.5000  -15.0000   37.5000 2724.7334   15.2010
   -7.5000   -7.5000   37.5000 2784.4185   14.8938
    0.0000   -7.5000   37.5000 2814.4685   14.3677
    7.5000   -7.5000   37.5000 2812.2004   14.4145
   -7.5000    0.0000   37.5000 2841.4944   14.5062
    0.0000    0.0000   37.5000 2871.9204   14.0349
    7.5000    0.0000   37.5000 2866.3945   14.1114
   -7.5000    7.5000   37.5000 2854.5508   14.5881
    0.0000    7.5000   37.5000 2886.0403   14.2045
    7.5000    7.5000   37.5000 2884.9312   14.2044
   -7.5000   15.0000   37.5000 2820.8792   14.9538
    0.0000   15.0000   37.5000 2851.9412   14.6669
    7.5000   15.0000   37.5000 2851.1191   14.6098
   -7.5000   22.5000   37.5000 2758.1125   15.5361
    0.0000   22.5000   37.5000 2787.7056   15.3142
    7.5000   22.5000   37.5000 2789.2529   15.2616
   -7.5000   30.0000   37.5000 2674.3311   16.3856
    0.0000   30.0000   37.5000 2701.9238   16.2015
    7.5000   30.0000   37.5000 2701.6113   16.1630
   -7.5000   37.5000   37.5000 2580.0291   17.4904
    0.0000   37.5000   37.5000 2608.3328   17.2976
    7.5000   37.5000   37.5000 2603.3833   17.2919
   -7.5000   45.0000   37.5000 2462.4907   18.9404
    0.0000   45.0000   37.5000 2482.3032   18.7090
    7.5000   45.0000   37.5000 2474.3403   18.7026
   -7.5000  -45.0000   45.0000 2201.0830   22.7996
    0.0000  -45.0000   45.0000 2226.2397   22.2847
    7.5000  -45.0000   45.0000 2232.5566   22.3130
   -7.5000  -37.5000   45.0000 2335.8835   20.4033
    0.0000  -37.5000   45.0000 2373.3657   19.9675
    7.5000  -37.5000   45.0000 2378.5491   19.9894
   -7.5000  -30.0000   45.0000 2447.4607   18.7901
    0.0000  -30.0000   45.0000 2488.5298   18.3501
    7.5000  -30.0000   45.0000 2492.6172   18.3684
   -7.5000  -22.5000   45.0000 2547.1917   17.5486
    0.0000  -22.5000   45.0000 2591.6250   17.0935
    7.5000  -22.5000   45.0000 2594.0134   17.0786
   -7.5000  -15.0000   45.0000 2644.7275   16.5058
    0.0000  -15.0000   45.0000 2678.7227   15.9949
    7.5000  -15.0000   45.0000 2681.7024   15.9801
   -7.5000   -7.5000   45.0000 2729.2019   15.6656
    0.0000   -7.5000   45.0000 2757.7285   15.1684
    7.5000   -7.5000   45.0000 2755.8044   15.1903
   -7.5000    0.0000   45.0000 2778.7256   15.2093
    0.0000    0.0000   45.0000 2796.5596   14.7768
    7.5000    0.0000   45.0000 2799.2170   14.8465
   -7.5000    7.5000   45.0000 2781.2837   15.2694
    0.0000    7.5000   45.0000 2812.1882   14.8903
    7.5000    7.5000   45.0000 2809.6709   14.9072
   -7.5000   15.0000   45.0000 2745.7815   15.6475
    0.0000   15.0000   45.0000 2780.0762   15.3236
    7.5000   15.0000   45.0000 2779.9397   15.3168
   -7.5000   22.5000   45.0000 2689.6660   16.2458
    0.0000   22.5000   45.0000 2720.7593   15.9782
    7.5000   22.5000   45.0000 2721.2507   15.9575
   -7.5000   30.0000   45.0000 2615.8948   17.1036
    0.0000   30.0000   45.0000 2643.1279   16.8705
    7.5000   30.0000   45.0000 2646.3977   16.8567
   -7.5000   37.5000   45.0000 2524.7344   18.2195
    0.0000   37.5000   45.0000 2550.3381   18.0002
    7.5000   37.5000   45.0000 2544.5400   17.9683
   -7.5000   45.0000   45.0000 2410.6345   19.6366
    0.0000   45.0000   45.0000 2431.3416   19.3777
    7.5000   45.0000   45.0000 2422.7542   19.3348

---------------------------------------------------------------------
imgreg_4dfp /opt/freesurfer/average/711-2C_as_mni_average_305 /opt/freesurfer/average/711-2B_as_mni_average_305_mask talsrcimg_g11 none talsrcimg_to_711-2C_as_mni_average_305_t4 1283
---------------------------------------------------------------------

freesurfer imgreg_4dfp.c
/opt/freesurfer/average/711-2C_as_mni_average_305.4dfp.img
       256       256       256         1
  1.000000  1.000000  1.000000
orientation T byte_order littleendian
Reading image: /opt/freesurfer/average/711-2C_as_mni_average_305.4dfp.img
dimensions:      256       256       256
mmppix:       1.0000   -1.0000   -1.0000
center:     128.0000 -129.0000 -129.0000
/opt/freesurfer/average/711-2B_as_mni_average_305_mask.4dfp.img
       256       256       256         1
  1.000000  1.000000  1.000000
orientation T byte_order littleendian
Reading mask: /opt/freesurfer/average/711-2B_as_mni_average_305_mask.4dfp.img (2306576 pixels)
talsrcimg_g11.4dfp.img
       256       256       256         1
  1.000000  1.000000  1.000000
orientation T byte_order littleendian
Reading image: talsrcimg_g11.4dfp.img
dimensions:      256       256       256
mmppix:       1.0000   -1.0000   -1.0000
center:     128.0000 -129.0000 -129.0000
rotation matrix determinant  1.000000
fimgreg.f
image alignment mode   1283 decimal      503 hex
parameters
    7.5000    7.5000   22.5000    0.0000    0.0000    0.0000
eta,q 0.93017 13.53201
niter,ni,del,rscale     5    3   12.0000    1.2000
parameter  3  0.794682 ->  0.500000 qaram    1.1500
parameter  5  1.611099 ->  0.500000 qaram    1.1500
parameters
    6.1657    7.6630   19.0500   -0.4375   -3.4500   -0.6212
eta,q 0.93654 13.10847
  0.0739  0.0799  0.0716  0.0738  0.0621  0.0654
  0.0721  0.0753  0.0695  0.0703  0.0626  0.0642
  0.0716  0.0731  0.0698  0.0692  0.0655  0.0639
  0.0718  0.0719  0.0719  0.0698  0.0695  0.0632
  0.0719  0.0729  0.0740  0.0707  0.0739  0.0630
  0.0734  0.0755  0.0748  0.0722  0.0787  0.0647
  0.0822  0.0787  0.0756  0.0740  0.0837  0.0676
niter,ni,del,rscale     6    3   12.0000    1.2000
parameters
    6.5094    7.1888   20.9184   -0.5867   -6.2554   -0.6413
eta,q 0.93804 13.00809
  0.0730  0.0712  0.0728  0.0705  0.0661  0.0656
  0.0695  0.0653  0.0704  0.0655  0.0631  0.0638
  0.0659  0.0635  0.0668  0.0633  0.0618  0.0625
  0.0635  0.0634  0.0633  0.0635  0.0634  0.0620
  0.0637  0.0642  0.0640  0.0649  0.0680  0.0619
  0.0666  0.0683  0.0665  0.0674  0.0721  0.0632
  0.0724  0.0736  0.0668  0.0698  0.0756  0.0663
niter,ni,del,rscale     5    3   12.0000    1.2000
parameters
    6.7487    6.9879   21.0458   -0.6385   -6.5798   -0.7071
eta,q 0.93803 13.00936
  0.0728  0.0706  0.0654  0.0698  0.0691  0.0658
  0.0695  0.0644  0.0649  0.0644  0.0667  0.0639
  0.0655  0.0620  0.0621  0.0617  0.0635  0.0625
  0.0620  0.0618  0.0618  0.0619  0.0619  0.0620
  0.0631  0.0635  0.0635  0.0635  0.0629  0.0620
  0.0674  0.0666  0.0633  0.0663  0.0671  0.0634
  0.0726  0.0705  0.0656  0.0683  0.0715  0.0666
niter,ni,del,rscale     4    3   12.0000    1.2000
parameters
    6.7536    6.9488   20.9064   -0.6841   -6.6665   -0.7453
eta,q 0.93816 13.00112
  0.0721  0.0712  0.0648  0.0698  0.0691  0.0656
  0.0691  0.0650  0.0645  0.0644  0.0670  0.0638
  0.0651  0.0623  0.0620  0.0616  0.0638  0.0624
  0.0620  0.0620  0.0620  0.0618  0.0618  0.0618
  0.0638  0.0635  0.0634  0.0634  0.0623  0.0618
  0.0679  0.0664  0.0633  0.0662  0.0663  0.0632
  0.0732  0.0702  0.0656  0.0683  0.0707  0.0664
niter,ni,del,rscale     3    3   12.0000    1.2000
parameters
    6.6950    6.9522   20.7949   -0.7377   -6.6827   -0.7675
eta,q 0.93825 12.99131
  0.0714  0.0714  0.0646  0.0697  0.0691  0.0655
  0.0687  0.0650  0.0645  0.0644  0.0670  0.0637
  0.0649  0.0621  0.0621  0.0615  0.0639  0.0623
  0.0618  0.0619  0.0619  0.0618  0.0617  0.0618
  0.0636  0.0634  0.0634  0.0634  0.0621  0.0617
  0.0678  0.0662  0.0633  0.0662  0.0660  0.0631
  0.0731  0.0701  0.0652  0.0683  0.0705  0.0662
niter,ni,del,rscale     2    3   12.0000    1.2000
parameters
    6.6553    6.9706   20.7524   -0.7692   -6.6893   -0.7791
eta,q 0.93826 12.98626
  0.0712  0.0715  0.0645  0.0698  0.0690  0.0654
  0.0686  0.0649  0.0645  0.0645  0.0670  0.0636
  0.0648  0.0619  0.0623  0.0615  0.0639  0.0623
  0.0618  0.0618  0.0618  0.0618  0.0617  0.0617
  0.0634  0.0633  0.0634  0.0634  0.0620  0.0617
  0.0675  0.0662  0.0632  0.0661  0.0659  0.0630
  0.0728  0.0700  0.0651  0.0683  0.0704  0.0661
registration optimization eta report
parameter search radius
    6.0000    6.0000    6.9000    6.0000    6.9000    6.0000
100000*second partial in parameter space
       26.       25.        5.       20.       16.       12.
  0.0712  0.0715  0.0645  0.0698  0.0690  0.0654
  0.0686  0.0649  0.0645  0.0645  0.0670  0.0636
  0.0648  0.0619  0.0623  0.0615  0.0639  0.0623
  0.0618  0.0618  0.0618  0.0618  0.0617  0.0617
  0.0634  0.0633  0.0634  0.0634  0.0620  0.0617
  0.0675  0.0662  0.0632  0.0661  0.0659  0.0630
  0.0728  0.0700  0.0651  0.0683  0.0704  0.0661
    6.6553    6.9706   20.7524   -0.7692   -6.6893   -0.7791
eta,q 0.93826 12.98626

---------------------------------------------------------------------
imgreg_4dfp /opt/freesurfer/average/711-2C_as_mni_average_305 /opt/freesurfer/average/711-2B_as_mni_average_305_mask talsrcimg_g11 none talsrcimg_to_711-2C_as_mni_average_305_t4 3335
---------------------------------------------------------------------

freesurfer imgreg_4dfp.c
/opt/freesurfer/average/711-2C_as_mni_average_305.4dfp.img
       256       256       256         1
  1.000000  1.000000  1.000000
orientation T byte_order littleendian
Reading image: /opt/freesurfer/average/711-2C_as_mni_average_305.4dfp.img
dimensions:      256       256       256
mmppix:       1.0000   -1.0000   -1.0000
center:     128.0000 -129.0000 -129.0000
/opt/freesurfer/average/711-2B_as_mni_average_305_mask.4dfp.img
       256       256       256         1
  1.000000  1.000000  1.000000
orientation T byte_order littleendian
Reading mask: /opt/freesurfer/average/711-2B_as_mni_average_305_mask.4dfp.img (2306576 pixels)
talsrcimg_g11.4dfp.img
       256       256       256         1
  1.000000  1.000000  1.000000
orientation T byte_order littleendian
Reading image: talsrcimg_g11.4dfp.img
dimensions:      256       256       256
mmppix:       1.0000   -1.0000   -1.0000
center:     128.0000 -129.0000 -129.0000
fimgreg.f
image alignment mode   3335 decimal      D07 hex
parameters
    6.6553    6.9706   20.7524   -0.6899   -0.0161   -0.6897
    1.2032   11.6647   -1.3505    1.1840  -11.6485   -1.3334
eta,q 0.93829 13.17323
niter,ni,del,rscale     5    3    5.0000    1.2000
parameter  3 -0.707623 -> -0.500000 qaram    1.1500
parameter  4  3.370373 ->  0.500000 qaram    1.1500
parameter  5  3.054446 ->  0.500000 qaram    1.1500
parameter  6  4.142463 ->  0.500000 qaram    1.1500
parameter  8 -1.146356 -> -0.500000 qaram    1.1500
parameters
    7.0543    7.9704   22.1324   -4.8299   -4.1561   -4.8297
    3.6024   15.8047   -0.3653   -0.6282   -9.7872   -2.9167
eta,q 0.95733 12.85617
  0.0637  0.0633  0.0626  0.0519  0.0487  0.0428  0.0481  0.0522  0.0457  0.0453  0.0457  0.0437
  0.0631  0.0627  0.0623  0.0546  0.0507  0.0454  0.0472  0.0503  0.0445  0.0438  0.0445  0.0431
  0.0623  0.0621  0.0618  0.0577  0.0528  0.0481  0.0466  0.0481  0.0437  0.0430  0.0436  0.0427
  0.0617  0.0616  0.0612  0.0607  0.0555  0.0512  0.0461  0.0459  0.0433  0.0432  0.0430  0.0427
  0.0615  0.0612  0.0608  0.0649  0.0587  0.0558  0.0459  0.0441  0.0433  0.0444  0.0427  0.0432
  0.0620  0.0613  0.0608  0.0694  0.0619  0.0598  0.0461  0.0432  0.0438  0.0466  0.0430  0.0441
  0.0630  0.0618  0.0612  0.0732  0.0652  0.0629  0.0466  0.0437  0.0447  0.0494  0.0440  0.0453
niter,ni,del,rscale     7    3    5.0000    1.2000
parameter  1  0.703398 ->  0.500000 qaram    1.1500
parameter  2  0.821407 ->  0.500000 qaram    1.1500
parameter  4  2.019949 ->  0.500000 qaram    1.3225
parameter  5  1.671978 ->  0.500000 qaram    1.3225
parameter  6  0.624089 ->  0.500000 qaram    1.3225
parameter 11  0.711993 ->  0.500000 qaram    1.1500
parameters
    5.6743    6.5904   21.3294   -9.5909   -8.9171   -9.5907
    1.6742   15.0343   -2.6196   -1.0452  -13.9272   -4.7324
eta,q 0.97660 12.61796
  0.0415  0.0400  0.0412  0.0298  0.0253  0.0256  0.0265  0.0310  0.0258  0.0281  0.0239  0.0246
  0.0412  0.0399  0.0400  0.0309  0.0266  0.0251  0.0253  0.0273  0.0248  0.0260  0.0235  0.0238
  0.0415  0.0403  0.0396  0.0343  0.0288  0.0251  0.0248  0.0252  0.0245  0.0247  0.0238  0.0234
  0.0427  0.0412  0.0399  0.0396  0.0316  0.0271  0.0250  0.0248  0.0248  0.0245  0.0244  0.0236
  0.0447  0.0425  0.0409  0.0457  0.0349  0.0324  0.0260  0.0258  0.0256  0.0251  0.0253  0.0242
  0.0473  0.0442  0.0423  0.0518  0.0392  0.0401  0.0277  0.0291  0.0270  0.0267  0.0263  0.0252
  0.0502  0.0462  0.0443  0.0565  0.0433  0.0468  0.0299  0.0342  0.0287  0.0290  0.0275  0.0265
niter,ni,del,rscale     7    3    5.0000    1.2000
parameter  3  0.617157 ->  0.500000 qaram    1.3225
parameters
    4.6650    5.3083   19.7424  -12.7368  -11.5705  -10.6482
    2.6362   16.0413   -1.7616   -0.9838  -14.6283   -4.3373
eta,q 0.97959 12.48997
  0.0250  0.0230  0.0210  0.0233  0.0236  0.0251  0.0243  0.0282  0.0235  0.0243  0.0217  0.0221
  0.0232  0.0219  0.0206  0.0218  0.0217  0.0231  0.0226  0.0244  0.0221  0.0222  0.0208  0.0212
  0.0226  0.0218  0.0208  0.0208  0.0203  0.0215  0.0213  0.0218  0.0210  0.0209  0.0204  0.0206
  0.0234  0.0226  0.0217  0.0206  0.0208  0.0203  0.0207  0.0207  0.0205  0.0204  0.0204  0.0204
  0.0255  0.0244  0.0232  0.0233  0.0229  0.0194  0.0208  0.0205  0.0206  0.0209  0.0207  0.0206
  0.0288  0.0268  0.0253  0.0288  0.0261  0.0231  0.0215  0.0218  0.0212  0.0222  0.0213  0.0210
  0.0327  0.0298  0.0280  0.0366  0.0305  0.0318  0.0228  0.0256  0.0224  0.0242  0.0222  0.0218
niter,ni,del,rscale     7    3    5.0000    1.2000
parameters
    4.9728    5.3652   19.4303  -13.0915  -11.6858  -10.8923
    2.6889   16.1992   -1.6462   -1.0174  -14.4041   -4.4643
eta,q 0.97947 12.44979
  0.0256  0.0247  0.0225  0.0249  0.0257  0.0257  0.0234  0.0270  0.0230  0.0242  0.0222  0.0220
  0.0230  0.0224  0.0211  0.0229  0.0235  0.0235  0.0219  0.0234  0.0217  0.0222  0.0211  0.0212
  0.0213  0.0208  0.0204  0.0215  0.0216  0.0218  0.0209  0.0213  0.0209  0.0210  0.0206  0.0207
  0.0204  0.0203  0.0203  0.0203  0.0204  0.0204  0.0205  0.0205  0.0205  0.0205  0.0205  0.0205
  0.0205  0.0208  0.0208  0.0199  0.0210  0.0192  0.0209  0.0208  0.0208  0.0210  0.0207  0.0207
  0.0216  0.0222  0.0219  0.0223  0.0232  0.0211  0.0218  0.0227  0.0216  0.0223  0.0211  0.0213
  0.0238  0.0243  0.0235  0.0272  0.0265  0.0294  0.0234  0.0269  0.0229  0.0243  0.0219  0.0221
niter,ni,del,rscale     6    3    5.0000    1.2000
parameters
    4.9713    5.3959   19.3923  -13.0029  -11.6742  -10.8778
    2.6849   16.1598   -1.6840   -0.9802  -14.3524   -4.5134
eta,q 0.97951 12.45390
  0.0248  0.0247  0.0231  0.0252  0.0258  0.0259  0.0234  0.0268  0.0229  0.0243  0.0221  0.0220
  0.0225  0.0224  0.0216  0.0232  0.0237  0.0237  0.0218  0.0232  0.0216  0.0222  0.0210  0.0211
  0.0210  0.0210  0.0208  0.0217  0.0217  0.0218  0.0208  0.0212  0.0208  0.0209  0.0206  0.0206
  0.0205  0.0205  0.0205  0.0205  0.0205  0.0205  0.0205  0.0205  0.0205  0.0205  0.0205  0.0205
  0.0210  0.0211  0.0209  0.0199  0.0210  0.0192  0.0208  0.0208  0.0208  0.0209  0.0207  0.0207
  0.0224  0.0224  0.0218  0.0219  0.0232  0.0207  0.0218  0.0229  0.0216  0.0222  0.0211  0.0212
  0.0249  0.0245  0.0232  0.0264  0.0263  0.0288  0.0234  0.0274  0.0230  0.0242  0.0220  0.0220
niter,ni,del,rscale     5    3    5.0000    1.2000
parameters
    4.9642    5.4015   19.3849  -13.0056  -11.6673  -10.8790
    2.6800   16.1527   -1.6997   -0.9677  -14.3399   -4.5288
eta,q 0.97951 12.45401
  0.0247  0.0246  0.0231  0.0251  0.0258  0.0259  0.0234  0.0268  0.0229  0.0243  0.0221  0.0220
  0.0225  0.0224  0.0216  0.0232  0.0237  0.0237  0.0218  0.0233  0.0217  0.0222  0.0210  0.0212
  0.0210  0.0209  0.0208  0.0217  0.0217  0.0218  0.0209  0.0212  0.0208  0.0209  0.0206  0.0206
  0.0205  0.0205  0.0205  0.0205  0.0205  0.0205  0.0205  0.0205  0.0205  0.0205  0.0205  0.0205
  0.0209  0.0211  0.0208  0.0200  0.0210  0.0192  0.0208  0.0208  0.0208  0.0209  0.0207  0.0207
  0.0224  0.0225  0.0217  0.0220  0.0232  0.0207  0.0218  0.0228  0.0216  0.0222  0.0212  0.0212
  0.0249  0.0245  0.0231  0.0265  0.0263  0.0288  0.0234  0.0273  0.0230  0.0242  0.0220  0.0220
registration optimization eta report
parameter search radius
    2.7600    2.7600    3.1740    9.5220    9.5220    9.5220
    7.2000    8.2800    7.2000    7.2000    8.2800    7.2000
100000*second partial in parameter space
       57.       53.       26.        6.        6.        8.
        6.       10.        5.        7.        2.        3.
  0.0247  0.0246  0.0231  0.0251  0.0258  0.0259  0.0234  0.0268  0.0229  0.0243  0.0221  0.0220
  0.0225  0.0224  0.0216  0.0232  0.0237  0.0237  0.0218  0.0233  0.0217  0.0222  0.0210  0.0212
  0.0210  0.0209  0.0208  0.0217  0.0217  0.0218  0.0209  0.0212  0.0208  0.0209  0.0206  0.0206
  0.0205  0.0205  0.0205  0.0205  0.0205  0.0205  0.0205  0.0205  0.0205  0.0205  0.0205  0.0205
  0.0209  0.0211  0.0208  0.0200  0.0210  0.0192  0.0208  0.0208  0.0208  0.0209  0.0207  0.0207
  0.0224  0.0225  0.0217  0.0220  0.0232  0.0207  0.0218  0.0228  0.0216  0.0222  0.0212  0.0212
  0.0249  0.0245  0.0231  0.0265  0.0263  0.0288  0.0234  0.0273  0.0230  0.0242  0.0220  0.0220
    4.9642    5.4015   19.3849  -13.0056  -11.6673  -10.8790
    2.6800   16.1527   -1.6997   -0.9677  -14.3399   -4.5288
eta,q 0.97951 12.45401

---------------------------------------------------------------------
imgreg_4dfp /opt/freesurfer/average/711-2C_as_mni_average_305 /opt/freesurfer/average/711-2B_as_mni_average_305_mask talsrcimg_g11 none talsrcimg_to_711-2C_as_mni_average_305_t4 2311
---------------------------------------------------------------------

freesurfer imgreg_4dfp.c
/opt/freesurfer/average/711-2C_as_mni_average_305.4dfp.img
       256       256       256         1
  1.000000  1.000000  1.000000
orientation T byte_order littleendian
Reading image: /opt/freesurfer/average/711-2C_as_mni_average_305.4dfp.img
dimensions:      256       256       256
mmppix:       1.0000   -1.0000   -1.0000
center:     128.0000 -129.0000 -129.0000
/opt/freesurfer/average/711-2B_as_mni_average_305_mask.4dfp.img
       256       256       256         1
  1.000000  1.000000  1.000000
orientation T byte_order littleendian
Reading mask: /opt/freesurfer/average/711-2B_as_mni_average_305_mask.4dfp.img (2306576 pixels)
talsrcimg_g11.4dfp.img
       256       256       256         1
  1.000000  1.000000  1.000000
orientation T byte_order littleendian
Reading image: talsrcimg_g11.4dfp.img
dimensions:      256       256       256
mmppix:       1.0000   -1.0000   -1.0000
center:     128.0000 -129.0000 -129.0000
fimgreg.f
image alignment mode   2311 decimal      907 hex
parameters
    4.9642    5.4015   19.3849  -13.0056  -11.6673  -10.8790
    2.6800   16.1527   -1.6997   -0.9677  -14.3399   -4.5288
eta,q 0.97951 12.45400
niter,ni,del,rscale     5    3    5.0000    0.8000
parameter  6 -0.748783 -> -0.500000 qaram    1.1500
parameters
    4.9971    5.3559   19.3547  -10.6370  -11.4480   -8.1190
    2.6436   16.5360   -1.6925   -0.9145  -14.0696   -4.8587
eta,q 0.98114 12.63210
  0.0220  0.0219  0.0211  0.0224  0.0220  0.0224  0.0208  0.0239  0.0202  0.0214  0.0204  0.0198
  0.0212  0.0211  0.0208  0.0217  0.0211  0.0215  0.0198  0.0216  0.0195  0.0201  0.0196  0.0193
  0.0207  0.0206  0.0206  0.0211  0.0203  0.0207  0.0192  0.0199  0.0190  0.0192  0.0190  0.0190
  0.0205  0.0205  0.0205  0.0205  0.0199  0.0199  0.0189  0.0189  0.0189  0.0189  0.0189  0.0189
  0.0206  0.0207  0.0206  0.0200  0.0201  0.0192  0.0191  0.0190  0.0190  0.0191  0.0190  0.0190
  0.0211  0.0212  0.0208  0.0200  0.0207  0.0189  0.0198  0.0204  0.0195  0.0199  0.0194  0.0195
  0.0219  0.0220  0.0212  0.0206  0.0218  0.0195  0.0209  0.0228  0.0202  0.0214  0.0201  0.0202
niter,ni,del,rscale     5    3    5.0000    0.8000
parameters
    4.7784    5.3757   19.7827  -11.5628  -11.6699   -8.7416
    2.7926   16.3499   -1.7106   -0.7603  -14.7221   -4.4436
eta,q 0.98094 12.60649
  0.0205  0.0205  0.0206  0.0204  0.0208  0.0215  0.0208  0.0221  0.0204  0.0213  0.0198  0.0202
  0.0195  0.0196  0.0197  0.0196  0.0199  0.0206  0.0199  0.0205  0.0197  0.0202  0.0193  0.0196
  0.0189  0.0190  0.0191  0.0190  0.0191  0.0197  0.0194  0.0195  0.0193  0.0195  0.0191  0.0192
  0.0189  0.0188  0.0188  0.0187  0.0189  0.0189  0.0191  0.0191  0.0191  0.0191  0.0191  0.0191
  0.0193  0.0190  0.0188  0.0192  0.0191  0.0186  0.0192  0.0194  0.0193  0.0192  0.0193  0.0191
  0.0203  0.0196  0.0189  0.0207  0.0200  0.0205  0.0197  0.0206  0.0197  0.0199  0.0197  0.0194
  0.0219  0.0204  0.0194  0.0231  0.0214  0.0250  0.0206  0.0228  0.0204  0.0211  0.0202  0.0199
niter,ni,del,rscale     4    3    5.0000    0.7000
parameters
    4.8649    5.3074   19.6549  -11.4257  -11.5291   -8.6247
    2.8560   16.5676   -1.6059   -0.8154  -14.7542   -4.4814
eta,q 0.98107 12.61485
  0.0207  0.0202  0.0197  0.0207  0.0208  0.0213  0.0203  0.0219  0.0200  0.0206  0.0197  0.0197
  0.0198  0.0195  0.0193  0.0201  0.0200  0.0206  0.0196  0.0204  0.0194  0.0197  0.0192  0.0193
  0.0193  0.0191  0.0191  0.0195  0.0193  0.0198  0.0191  0.0194  0.0191  0.0192  0.0190  0.0190
  0.0191  0.0191  0.0190  0.0190  0.0190  0.0190  0.0190  0.0190  0.0189  0.0189  0.0189  0.0189
  0.0192  0.0192  0.0192  0.0190  0.0191  0.0186  0.0191  0.0191  0.0190  0.0191  0.0190  0.0190
  0.0196  0.0197  0.0195  0.0195  0.0197  0.0194  0.0195  0.0199  0.0194  0.0197  0.0193  0.0193
  0.0203  0.0204  0.0199  0.0209  0.0207  0.0221  0.0203  0.0215  0.0199  0.0208  0.0197  0.0197
niter,ni,del,rscale     3    3    5.0000    0.6000
parameters
    4.8602    5.3100   19.6724  -11.2837  -11.5321   -8.2544
    2.7943   16.6195   -1.6212   -0.8088  -14.8237   -4.5799
eta,q 0.98123 12.62885
  0.0200  0.0199  0.0195  0.0203  0.0202  0.0209  0.0198  0.0211  0.0195  0.0201  0.0194  0.0194
  0.0194  0.0193  0.0192  0.0198  0.0196  0.0203  0.0192  0.0199  0.0191  0.0194  0.0190  0.0190
  0.0191  0.0190  0.0190  0.0193  0.0191  0.0195  0.0189  0.0191  0.0189  0.0190  0.0188  0.0188
  0.0189  0.0189  0.0189  0.0189  0.0189  0.0189  0.0188  0.0188  0.0188  0.0188  0.0188  0.0188
  0.0191  0.0190  0.0190  0.0189  0.0190  0.0186  0.0189  0.0189  0.0189  0.0189  0.0189  0.0189
  0.0194  0.0194  0.0192  0.0193  0.0195  0.0190  0.0193  0.0197  0.0191  0.0194  0.0191  0.0191
  0.0201  0.0199  0.0195  0.0204  0.0203  0.0209  0.0198  0.0211  0.0196  0.0202  0.0194  0.0194
niter,ni,del,rscale     2    3    5.0000    0.5000
parameters
    4.8412    5.3175   19.7591  -11.1885  -11.5870   -7.8885
    2.7517   16.6686   -1.6446   -0.7913  -14.9096   -4.6425
eta,q 0.98135 12.63936
  0.0196  0.0195  0.0193  0.0198  0.0197  0.0204  0.0194  0.0204  0.0192  0.0197  0.0191  0.0191
  0.0191  0.0191  0.0190  0.0194  0.0192  0.0198  0.0190  0.0195  0.0189  0.0191  0.0188  0.0188
  0.0189  0.0188  0.0188  0.0190  0.0189  0.0192  0.0187  0.0189  0.0187  0.0188  0.0187  0.0187
  0.0188  0.0188  0.0188  0.0188  0.0188  0.0188  0.0187  0.0187  0.0187  0.0187  0.0187  0.0187
  0.0189  0.0188  0.0188  0.0188  0.0189  0.0185  0.0187  0.0188  0.0187  0.0187  0.0187  0.0187
  0.0192  0.0191  0.0189  0.0191  0.0192  0.0189  0.0190  0.0194  0.0189  0.0191  0.0189  0.0189
  0.0196  0.0194  0.0191  0.0199  0.0198  0.0202  0.0194  0.0204  0.0192  0.0197  0.0192  0.0191
niter,ni,del,rscale     1    3    5.0000    0.4000
parameters
    4.8289    5.3159   19.8511  -11.1263  -11.6474   -7.5722
    2.7271   16.7248   -1.6670   -0.7929  -14.9936   -4.6960
eta,q 0.98143 12.64635
  0.0192  0.0191  0.0190  0.0194  0.0192  0.0199  0.0190  0.0198  0.0189  0.0192  0.0189  0.0189
  0.0189  0.0188  0.0188  0.0191  0.0189  0.0194  0.0188  0.0192  0.0187  0.0189  0.0187  0.0187
  0.0187  0.0187  0.0187  0.0188  0.0187  0.0190  0.0186  0.0187  0.0186  0.0186  0.0186  0.0186
  0.0187  0.0187  0.0186  0.0187  0.0186  0.0186  0.0186  0.0186  0.0186  0.0186  0.0186  0.0186
  0.0187  0.0187  0.0187  0.0187  0.0187  0.0185  0.0186  0.0187  0.0186  0.0186  0.0186  0.0186
  0.0189  0.0188  0.0187  0.0189  0.0189  0.0188  0.0188  0.0190  0.0187  0.0189  0.0188  0.0187
  0.0192  0.0191  0.0189  0.0194  0.0193  0.0197  0.0191  0.0197  0.0189  0.0193  0.0189  0.0189
registration optimization eta report
parameter search radius
    0.8000    0.8000    0.8000    2.4000    2.4000    2.7600
    2.4000    2.4000    2.4000    2.4000    2.4000    2.4000
100000*second partial in parameter space
       88.       68.       47.       13.       11.       15.
        8.       21.        6.       12.        6.        5.
  0.0192  0.0191  0.0190  0.0194  0.0192  0.0199  0.0190  0.0198  0.0189  0.0192  0.0189  0.0189
  0.0189  0.0188  0.0188  0.0191  0.0189  0.0194  0.0188  0.0192  0.0187  0.0189  0.0187  0.0187
  0.0187  0.0187  0.0187  0.0188  0.0187  0.0190  0.0186  0.0187  0.0186  0.0186  0.0186  0.0186
  0.0187  0.0187  0.0186  0.0187  0.0186  0.0186  0.0186  0.0186  0.0186  0.0186  0.0186  0.0186
  0.0187  0.0187  0.0187  0.0187  0.0187  0.0185  0.0186  0.0187  0.0186  0.0186  0.0186  0.0186
  0.0189  0.0188  0.0187  0.0189  0.0189  0.0188  0.0188  0.0190  0.0187  0.0189  0.0188  0.0187
  0.0192  0.0191  0.0189  0.0194  0.0193  0.0197  0.0191  0.0197  0.0189  0.0193  0.0189  0.0189
    4.8289    5.3159   19.8511  -11.1263  -11.6474   -7.5722
    2.7271   16.7248   -1.6670   -0.7929  -14.9936   -4.6960
eta,q 0.98143 12.64635

---------------------------------------------------------------------
imgreg_4dfp /opt/freesurfer/average/711-2C_as_mni_average_305 /opt/freesurfer/average/711-2B_as_mni_average_305_mask talsrcimg_g11 none talsrcimg_to_711-2C_as_mni_average_305_t4 2311
---------------------------------------------------------------------

freesurfer imgreg_4dfp.c
/opt/freesurfer/average/711-2C_as_mni_average_305.4dfp.img
       256       256       256         1
  1.000000  1.000000  1.000000
orientation T byte_order littleendian
Reading image: /opt/freesurfer/average/711-2C_as_mni_average_305.4dfp.img
dimensions:      256       256       256
mmppix:       1.0000   -1.0000   -1.0000
center:     128.0000 -129.0000 -129.0000
/opt/freesurfer/average/711-2B_as_mni_average_305_mask.4dfp.img
       256       256       256         1
  1.000000  1.000000  1.000000
orientation T byte_order littleendian
Reading mask: /opt/freesurfer/average/711-2B_as_mni_average_305_mask.4dfp.img (2306576 pixels)
talsrcimg_g11.4dfp.img
       256       256       256         1
  1.000000  1.000000  1.000000
orientation T byte_order littleendian
Reading image: talsrcimg_g11.4dfp.img
dimensions:      256       256       256
mmppix:       1.0000   -1.0000   -1.0000
center:     128.0000 -129.0000 -129.0000
fimgreg.f
image alignment mode   2311 decimal      907 hex
parameters
    4.8289    5.3159   19.8511  -11.1263  -11.6474   -7.5722
    2.7271   16.7248   -1.6670   -0.7929  -14.9936   -4.6960
eta,q 0.98143 12.64635
niter,ni,del,rscale     5    3    5.0000    0.8000
parameters
    4.8011    5.3298   19.9275  -11.8556  -11.8057   -8.2130
    2.8360   16.5564   -1.5873   -0.8194  -14.9467   -4.4115
eta,q 0.98108 12.61015
  0.0207  0.0203  0.0200  0.0203  0.0207  0.0210  0.0206  0.0221  0.0202  0.0211  0.0200  0.0200
  0.0196  0.0194  0.0192  0.0196  0.0197  0.0202  0.0197  0.0204  0.0195  0.0200  0.0193  0.0195
  0.0188  0.0188  0.0187  0.0189  0.0190  0.0194  0.0192  0.0193  0.0191  0.0192  0.0190  0.0191
  0.0186  0.0186  0.0186  0.0186  0.0187  0.0187  0.0189  0.0189  0.0189  0.0189  0.0189  0.0189
  0.0188  0.0188  0.0187  0.0189  0.0189  0.0187  0.0191  0.0193  0.0191  0.0191  0.0191  0.0190
  0.0196  0.0193  0.0191  0.0203  0.0198  0.0205  0.0196  0.0205  0.0195  0.0199  0.0194  0.0193
  0.0209  0.0202  0.0197  0.0226  0.0212  0.0244  0.0205  0.0228  0.0202  0.0213  0.0199  0.0198
niter,ni,del,rscale     4    3    5.0000    0.7000
parameters
    4.8845    5.2828   19.7525  -11.5723  -11.6518   -8.2134
    2.8391   16.6255   -1.5800   -0.8592  -14.8563   -4.4670
eta,q 0.98119 12.61876
  0.0205  0.0201  0.0195  0.0207  0.0206  0.0208  0.0201  0.0218  0.0198  0.0206  0.0197  0.0196
  0.0197  0.0194  0.0191  0.0200  0.0198  0.0202  0.0194  0.0202  0.0193  0.0197  0.0192  0.0192
  0.0192  0.0190  0.0189  0.0194  0.0192  0.0194  0.0190  0.0193  0.0189  0.0191  0.0189  0.0189
  0.0189  0.0189  0.0189  0.0189  0.0188  0.0188  0.0188  0.0188  0.0188  0.0188  0.0188  0.0188
  0.0190  0.0191  0.0191  0.0188  0.0189  0.0186  0.0190  0.0190  0.0189  0.0190  0.0189  0.0189
  0.0194  0.0195  0.0194  0.0193  0.0195  0.0193  0.0194  0.0200  0.0193  0.0196  0.0192  0.0192
  0.0202  0.0202  0.0199  0.0206  0.0205  0.0217  0.0202  0.0217  0.0198  0.0207  0.0196  0.0196
niter,ni,del,rscale     3    3    5.0000    0.6000
parameters
    4.8646    5.2977   19.7564  -11.3847  -11.6266   -7.9253
    2.7811   16.6438   -1.6236   -0.8492  -14.8612   -4.5742
eta,q 0.98132 12.63121
  0.0199  0.0198  0.0194  0.0202  0.0201  0.0205  0.0197  0.0210  0.0194  0.0201  0.0194  0.0193
  0.0193  0.0192  0.0191  0.0197  0.0195  0.0199  0.0191  0.0198  0.0190  0.0194  0.0190  0.0190
  0.0189  0.0189  0.0189  0.0192  0.0190  0.0193  0.0188  0.0190  0.0188  0.0189  0.0187  0.0188
  0.0188  0.0188  0.0188  0.0188  0.0188  0.0188  0.0187  0.0187  0.0187  0.0187  0.0187  0.0187
  0.0190  0.0189  0.0189  0.0187  0.0189  0.0186  0.0188  0.0189  0.0188  0.0188  0.0188  0.0188
  0.0193  0.0192  0.0191  0.0192  0.0194  0.0190  0.0192  0.0197  0.0190  0.0193  0.0190  0.0190
  0.0200  0.0197  0.0194  0.0202  0.0201  0.0205  0.0198  0.0211  0.0195  0.0201  0.0194  0.0194
niter,ni,del,rscale     2    3    5.0000    0.5000
parameters
    4.8433    5.3088   19.8281  -11.2779  -11.6554   -7.6351
    2.7429   16.6816   -1.6488   -0.8287  -14.9239   -4.6484
eta,q 0.98141 12.64016
  0.0195  0.0194  0.0192  0.0197  0.0196  0.0201  0.0193  0.0204  0.0191  0.0196  0.0191  0.0190
  0.0190  0.0190  0.0189  0.0193  0.0191  0.0195  0.0189  0.0195  0.0188  0.0191  0.0188  0.0188
  0.0188  0.0188  0.0188  0.0189  0.0188  0.0190  0.0187  0.0189  0.0186  0.0187  0.0186  0.0186
  0.0187  0.0187  0.0187  0.0187  0.0187  0.0187  0.0186  0.0186  0.0186  0.0186  0.0186  0.0186
  0.0188  0.0188  0.0187  0.0187  0.0188  0.0185  0.0187  0.0187  0.0187  0.0187  0.0187  0.0187
  0.0191  0.0190  0.0188  0.0190  0.0191  0.0188  0.0189  0.0193  0.0188  0.0190  0.0189  0.0188
  0.0196  0.0193  0.0191  0.0198  0.0197  0.0199  0.0194  0.0204  0.0192  0.0196  0.0191  0.0191
niter,ni,del,rscale     1    3    5.0000    0.4000
parameters
    4.8333    5.3088   19.8998  -11.2092  -11.7043   -7.3879
    2.7199   16.7338   -1.6790   -0.8222  -14.9886   -4.7070
eta,q 0.98146 12.64580
  0.0191  0.0190  0.0190  0.0193  0.0192  0.0196  0.0190  0.0198  0.0189  0.0192  0.0189  0.0188
  0.0188  0.0188  0.0188  0.0190  0.0189  0.0192  0.0188  0.0191  0.0187  0.0189  0.0187  0.0187
  0.0187  0.0186  0.0186  0.0187  0.0187  0.0188  0.0186  0.0187  0.0186  0.0186  0.0186  0.0186
  0.0186  0.0186  0.0186  0.0186  0.0186  0.0186  0.0185  0.0185  0.0185  0.0185  0.0185  0.0185
  0.0187  0.0186  0.0186  0.0186  0.0187  0.0185  0.0186  0.0186  0.0186  0.0186  0.0186  0.0186
  0.0189  0.0188  0.0187  0.0188  0.0189  0.0187  0.0188  0.0190  0.0187  0.0188  0.0187  0.0187
  0.0192  0.0190  0.0189  0.0193  0.0193  0.0194  0.0190  0.0197  0.0189  0.0192  0.0189  0.0189
registration optimization eta report
parameter search radius
    0.8000    0.8000    0.8000    2.4000    2.4000    2.4000
    2.4000    2.4000    2.4000    2.4000    2.4000    2.4000
100000*second partial in parameter space
       87.       68.       48.       13.       11.       16.
        8.       21.        6.       12.        6.        6.
  0.0191  0.0190  0.0190  0.0193  0.0192  0.0196  0.0190  0.0198  0.0189  0.0192  0.0189  0.0188
  0.0188  0.0188  0.0188  0.0190  0.0189  0.0192  0.0188  0.0191  0.0187  0.0189  0.0187  0.0187
  0.0187  0.0186  0.0186  0.0187  0.0187  0.0188  0.0186  0.0187  0.0186  0.0186  0.0186  0.0186
  0.0186  0.0186  0.0186  0.0186  0.0186  0.0186  0.0185  0.0185  0.0185  0.0185  0.0185  0.0185
  0.0187  0.0186  0.0186  0.0186  0.0187  0.0185  0.0186  0.0186  0.0186  0.0186  0.0186  0.0186
  0.0189  0.0188  0.0187  0.0188  0.0189  0.0187  0.0188  0.0190  0.0187  0.0188  0.0187  0.0187
  0.0192  0.0190  0.0189  0.0193  0.0193  0.0194  0.0190  0.0197  0.0189  0.0192  0.0189  0.0189
    4.8333    5.3088   19.8998  -11.2092  -11.7043   -7.3879
    2.7199   16.7338   -1.6790   -0.8222  -14.9886   -4.7070
eta,q 0.98146 12.64580

---------------------------------------------------------------------
compute_vox2vox talsrcimg talsrcimg_to_711-2C_as_mni_average_305_t4 /opt/freesurfer/average/711-2C_as_mni_average_305
---------------------------------------------------------------------

freesurfer compute_vox2vox.c
Reading: talsrcimg.4dfp.ifh
Reading: talsrcimg_to_711-2C_as_mni_average_305_t4
Reading: /opt/freesurfer/average/711-2C_as_mni_average_305.4dfp.ifh
Writing: talsrcimg_to_711-2C_as_mni_average_305_t4_vox2vox.txt

start time Thu Mar 12 12:15:25 CET 2026
end		time Thu Mar 12 12:15:39 CET 2026

mpr2mni305 success

avi2talxfm orig_nu.mgz /opt/freesurfer/average/mni305.cor.mgz talsrcimg_to_711-2C_as_mni_average_305_t4_vox2vox.txt transforms/talairach.auto.xfm
avi2talxfm done
mv -f /out/sourcedata/freesurfer/sub-v1s18x0051281_ses-1/mri/talsrcimg_to_711-2C_as_mni_average_305_t4_vox2vox.txt /out/sourcedata/freesurfer/sub-v1s18x0051281_ses-1/mri/transforms/talsrcimg_to_711-2C_as_mni_average_305_t4_vox2vox.txt
lta_convert --src orig_nu.mgz --trg /opt/freesurfer/average/mni305.cor.mgz --inxfm transforms/talairach.auto.xfm --outlta transforms/talairach.auto.xfm.lta --subject fsaverage
7.3.2

--src: orig_nu.mgz src image (geometry).
--trg: /opt/freesurfer/average/mni305.cor.mgz trg image (geometry).
--inmni: transforms/talairach.auto.xfm input MNI/XFM transform.
--outlta: transforms/talairach.auto.xfm.lta output LTA.
--s: fsaverage subject name
 LTA read, type : 1
 1.09203  -0.19771  -0.04418  -7.35045;
 0.17788   1.04808   0.05039  -23.31018;
 0.02242   0.00600   1.13219   19.96331;
 0.00000   0.00000   0.00000   1.00000;
setting subject to fsaverage
Writing  LTA to file transforms/talairach.auto.xfm.lta...
lta_convert successful.
 
 
Started at Thu Mar 12 12:15:25 CET 2026
Ended   at Thu Mar 12 12:15:39 CET 2026
talairach_avi done
