status file for recon-all
Mon Mar  9 05:40:17 CET 2026
#@# Tessellate rh Mon Mar  9 05:40:17 CET 2026
#@# Smooth1 rh Mon Mar  9 05:40:20 CET 2026
#@# Inflation1 rh Mon Mar  9 05:40:23 CET 2026
#@# QSphere rh Mon Mar  9 05:40:36 CET 2026
#@# Fix Topology rh Mon Mar  9 05:42:14 CET 2026
#@# Smooth2 rh Mon Mar  9 05:46:51 CET 2026
#@# Inflation2 rh Mon Mar  9 05:46:54 CET 2026
#@# Curv .H and .K rh Mon Mar  9 05:47:08 CET 2026
#@# Sphere rh Mon Mar  9 05:47:49 CET 2026
#@# Surf Reg rh Mon Mar  9 05:51:30 CET 2026
#@# Jacobian white rh Mon Mar  9 05:56:04 CET 2026
#@# AvgCurv rh Mon Mar  9 05:56:05 CET 2026
#@# Cortical Parc rh Mon Mar  9 05:56:06 CET 2026
#@# white curv rh Mon Mar  9 06:02:28 CET 2026
#@# white area rh Mon Mar  9 06:02:30 CET 2026
#@# pial curv rh Mon Mar  9 06:02:31 CET 2026
#@# pial area rh Mon Mar  9 06:02:33 CET 2026
#@# thickness rh Mon Mar  9 06:02:33 CET 2026
#@# area and vertex vol rh Mon Mar  9 06:02:59 CET 2026
#@# Curvature Stats rh Mon Mar  9 06:03:01 CET 2026
#@# Cortical Parc 2 rh Mon Mar  9 06:03:03 CET 2026
#@# Cortical Parc 3 rh Mon Mar  9 06:03:15 CET 2026
#@# WM/GM Contrast rh Mon Mar  9 06:03:24 CET 2026
recon-all -s sub-v1s18x0051203_ses-1 finished without error at Mon Mar  9 06:03:27 CET 2026



#New# invocation of recon-all 



status file for recon-all
Mon Mar  9 06:11:56 CET 2026
#@# white curv rh Mon Mar  9 06:11:56 CET 2026
#@# white area rh Mon Mar  9 06:11:56 CET 2026
#@# pial curv rh Mon Mar  9 06:11:56 CET 2026
#@# pial area rh Mon Mar  9 06:11:56 CET 2026
#@# thickness rh Mon Mar  9 06:11:56 CET 2026
#@# area and vertex vol rh Mon Mar  9 06:11:56 CET 2026
#@# Parcellation Stats rh Mon Mar  9 06:11:56 CET 2026
#@# Parcellation Stats 2 rh Mon Mar  9 06:12:12 CET 2026
#@# Parcellation Stats 3 rh Mon Mar  9 06:12:21 CET 2026
#@# BA_exvivo Labels rh Mon Mar  9 06:12:29 CET 2026
recon-all -s sub-v1s18x0051203_ses-1 finished without error at Mon Mar  9 06:15:07 CET 2026
