status file for recon-all
Mon Mar  9 03:36:02 CET 2026
#@# MotionCor Mon Mar  9 03:36:04 CET 2026
#@# Talairach Mon Mar  9 03:36:11 CET 2026
#@# Talairach Failure Detection Mon Mar  9 03:40:38 CET 2026
#@# Nu Intensity Correction Mon Mar  9 03:40:38 CET 2026
#@# Intensity Normalization Mon Mar  9 03:43:53 CET 2026
recon-all -s sub-v1s18x0051203_ses-1 finished without error at Mon Mar  9 03:45:22 CET 2026



#New# invocation of recon-all 



status file for recon-all
Mon Mar  9 03:52:34 CET 2026
#@# EM Registration Mon Mar  9 03:52:34 CET 2026
recon-all -s sub-v1s18x0051203_ses-1 finished without error at Mon Mar  9 03:54:37 CET 2026



#New# invocation of recon-all 



status file for recon-all
Mon Mar  9 03:54:40 CET 2026
#@# CA Normalize Mon Mar  9 03:54:40 CET 2026
#@# CA Reg Mon Mar  9 03:56:00 CET 2026
#@# SubCort Seg Mon Mar  9 04:46:17 CET 2026
#@# CC Seg Mon Mar  9 05:12:29 CET 2026
#@# Merge ASeg Mon Mar  9 05:13:12 CET 2026
#@# Intensity Normalization2 Mon Mar  9 05:13:12 CET 2026
#@# Mask BFS Mon Mar  9 05:15:25 CET 2026
#@# WM Segmentation Mon Mar  9 05:15:25 CET 2026
#@# Fill Mon Mar  9 05:17:17 CET 2026
recon-all -s sub-v1s18x0051203_ses-1 finished without error at Mon Mar  9 05:18:17 CET 2026



#New# invocation of recon-all 



status file for recon-all
Mon Mar  9 06:03:33 CET 2026
#@# white curv lh Mon Mar  9 06:03:33 CET 2026
#@# white area lh Mon Mar  9 06:03:33 CET 2026
#@# pial curv lh Mon Mar  9 06:03:33 CET 2026
#@# pial area lh Mon Mar  9 06:03:33 CET 2026
#@# thickness lh Mon Mar  9 06:03:33 CET 2026
#@# area and vertex vol lh Mon Mar  9 06:03:33 CET 2026
#@# white curv rh Mon Mar  9 06:03:33 CET 2026
#@# white area rh Mon Mar  9 06:03:33 CET 2026
#@# pial curv rh Mon Mar  9 06:03:33 CET 2026
#@# pial area rh Mon Mar  9 06:03:33 CET 2026
#@# thickness rh Mon Mar  9 06:03:33 CET 2026
#@# area and vertex vol rh Mon Mar  9 06:03:33 CET 2026
#@# Cortical ribbon mask Mon Mar  9 06:03:33 CET 2026
recon-all -s sub-v1s18x0051203_ses-1 finished without error at Mon Mar  9 06:08:40 CET 2026



#New# invocation of recon-all 



status file for recon-all
Mon Mar  9 06:15:13 CET 2026
#@# white curv lh Mon Mar  9 06:15:13 CET 2026
#@# white area lh Mon Mar  9 06:15:13 CET 2026
#@# pial curv lh Mon Mar  9 06:15:13 CET 2026
#@# pial area lh Mon Mar  9 06:15:13 CET 2026
#@# thickness lh Mon Mar  9 06:15:13 CET 2026
#@# area and vertex vol lh Mon Mar  9 06:15:13 CET 2026
#@# white curv rh Mon Mar  9 06:15:13 CET 2026
#@# white area rh Mon Mar  9 06:15:13 CET 2026
#@# pial curv rh Mon Mar  9 06:15:13 CET 2026
#@# pial area rh Mon Mar  9 06:15:13 CET 2026
#@# thickness rh Mon Mar  9 06:15:13 CET 2026
#@# area and vertex vol rh Mon Mar  9 06:15:13 CET 2026
#@# Curvature Stats lh Mon Mar  9 06:15:13 CET 2026
#@# Curvature Stats rh Mon Mar  9 06:15:16 CET 2026
#@# Relabel Hypointensities Mon Mar  9 06:15:18 CET 2026
#@# APas-to-ASeg Mon Mar  9 06:15:32 CET 2026
#@# AParc-to-ASeg aparc Mon Mar  9 06:15:40 CET 2026
#@# AParc-to-ASeg aparc.a2009s Mon Mar  9 06:16:05 CET 2026
#@# AParc-to-ASeg aparc.DKTatlas Mon Mar  9 06:16:33 CET 2026
#@# WMParc Mon Mar  9 06:16:59 CET 2026
#@# ASeg Stats Mon Mar  9 06:20:29 CET 2026
recon-all -s sub-v1s18x0051203_ses-1 finished without error at Mon Mar  9 06:21:11 CET 2026
