status file for recon-all
Mon Mar  9 05:18:21 CET 2026
#@# Tessellate lh Mon Mar  9 05:18:21 CET 2026
#@# Smooth1 lh Mon Mar  9 05:18:25 CET 2026
#@# Inflation1 lh Mon Mar  9 05:18:27 CET 2026
#@# QSphere lh Mon Mar  9 05:18:38 CET 2026
#@# Fix Topology lh Mon Mar  9 05:20:01 CET 2026
#@# Smooth2 lh Mon Mar  9 05:25:05 CET 2026
#@# Inflation2 lh Mon Mar  9 05:25:08 CET 2026
#@# Curv .H and .K lh Mon Mar  9 05:25:22 CET 2026
#@# Sphere lh Mon Mar  9 05:26:03 CET 2026
#@# Surf Reg lh Mon Mar  9 05:29:12 CET 2026
#@# Jacobian white lh Mon Mar  9 05:32:49 CET 2026
#@# AvgCurv lh Mon Mar  9 05:32:50 CET 2026
#@# Cortical Parc lh Mon Mar  9 05:32:51 CET 2026
#@# white curv lh Mon Mar  9 05:39:14 CET 2026
#@# white area lh Mon Mar  9 05:39:15 CET 2026
#@# pial curv lh Mon Mar  9 05:39:16 CET 2026
#@# pial area lh Mon Mar  9 05:39:18 CET 2026
#@# thickness lh Mon Mar  9 05:39:18 CET 2026
#@# area and vertex vol lh Mon Mar  9 05:39:44 CET 2026
#@# Curvature Stats lh Mon Mar  9 05:39:46 CET 2026
#@# Cortical Parc 2 lh Mon Mar  9 05:39:48 CET 2026
#@# Cortical Parc 3 lh Mon Mar  9 05:40:00 CET 2026
#@# WM/GM Contrast lh Mon Mar  9 05:40:10 CET 2026
recon-all -s sub-v1s18x0051203_ses-1 finished without error at Mon Mar  9 05:40:13 CET 2026



#New# invocation of recon-all 



status file for recon-all
Mon Mar  9 06:08:43 CET 2026
#@# white curv lh Mon Mar  9 06:08:43 CET 2026
#@# white area lh Mon Mar  9 06:08:44 CET 2026
#@# pial curv lh Mon Mar  9 06:08:44 CET 2026
#@# pial area lh Mon Mar  9 06:08:44 CET 2026
#@# thickness lh Mon Mar  9 06:08:44 CET 2026
#@# area and vertex vol lh Mon Mar  9 06:08:44 CET 2026
#@# Parcellation Stats lh Mon Mar  9 06:08:44 CET 2026
#@# Parcellation Stats 2 lh Mon Mar  9 06:08:59 CET 2026
#@# Parcellation Stats 3 lh Mon Mar  9 06:09:07 CET 2026
#@# BA_exvivo Labels lh Mon Mar  9 06:09:15 CET 2026
recon-all -s sub-v1s18x0051203_ses-1 finished without error at Mon Mar  9 06:11:54 CET 2026
