status file for recon-all
Mon Mar  9 08:08:37 CET 2026
#@# Tessellate lh Mon Mar  9 08:08:37 CET 2026
#@# Smooth1 lh Mon Mar  9 08:08:40 CET 2026
#@# Inflation1 lh Mon Mar  9 08:08:42 CET 2026
#@# QSphere lh Mon Mar  9 08:08:54 CET 2026
#@# Fix Topology lh Mon Mar  9 08:09:59 CET 2026
#@# Smooth2 lh Mon Mar  9 08:15:41 CET 2026
#@# Inflation2 lh Mon Mar  9 08:15:43 CET 2026
#@# Curv .H and .K lh Mon Mar  9 08:15:56 CET 2026
#@# Sphere lh Mon Mar  9 08:16:38 CET 2026
#@# Surf Reg lh Mon Mar  9 08:19:34 CET 2026
#@# Jacobian white lh Mon Mar  9 08:22:42 CET 2026
#@# AvgCurv lh Mon Mar  9 08:22:42 CET 2026
#@# Cortical Parc lh Mon Mar  9 08:22:43 CET 2026
#@# white curv lh Mon Mar  9 08:28:56 CET 2026
#@# white area lh Mon Mar  9 08:28:58 CET 2026
#@# pial curv lh Mon Mar  9 08:28:58 CET 2026
#@# pial area lh Mon Mar  9 08:29:00 CET 2026
#@# thickness lh Mon Mar  9 08:29:00 CET 2026
#@# area and vertex vol lh Mon Mar  9 08:29:26 CET 2026
#@# Curvature Stats lh Mon Mar  9 08:29:27 CET 2026
#@# Cortical Parc 2 lh Mon Mar  9 08:29:29 CET 2026
#@# Cortical Parc 3 lh Mon Mar  9 08:29:41 CET 2026
#@# WM/GM Contrast lh Mon Mar  9 08:29:50 CET 2026
recon-all -s sub-v1s18x0051258_ses-1 finished without error at Mon Mar  9 08:29:53 CET 2026



#New# invocation of recon-all 



status file for recon-all
Mon Mar  9 08:56:15 CET 2026
#@# white curv lh Mon Mar  9 08:56:16 CET 2026
#@# white area lh Mon Mar  9 08:56:16 CET 2026
#@# pial curv lh Mon Mar  9 08:56:16 CET 2026
#@# pial area lh Mon Mar  9 08:56:16 CET 2026
#@# thickness lh Mon Mar  9 08:56:16 CET 2026
#@# area and vertex vol lh Mon Mar  9 08:56:16 CET 2026
#@# Parcellation Stats lh Mon Mar  9 08:56:16 CET 2026
#@# Parcellation Stats 2 lh Mon Mar  9 08:56:31 CET 2026
#@# Parcellation Stats 3 lh Mon Mar  9 08:56:38 CET 2026
#@# BA_exvivo Labels lh Mon Mar  9 08:56:46 CET 2026
recon-all -s sub-v1s18x0051258_ses-1 finished without error at Mon Mar  9 08:59:06 CET 2026
