status file for recon-all
Mon Mar  9 08:29:55 CET 2026
#@# Tessellate rh Mon Mar  9 08:29:55 CET 2026
#@# Smooth1 rh Mon Mar  9 08:29:59 CET 2026
#@# Inflation1 rh Mon Mar  9 08:30:01 CET 2026
#@# QSphere rh Mon Mar  9 08:30:12 CET 2026
#@# Fix Topology rh Mon Mar  9 08:31:22 CET 2026
#@# Smooth2 rh Mon Mar  9 08:35:56 CET 2026
#@# Inflation2 rh Mon Mar  9 08:35:59 CET 2026
#@# Curv .H and .K rh Mon Mar  9 08:36:11 CET 2026
#@# Sphere rh Mon Mar  9 08:36:53 CET 2026
#@# Surf Reg rh Mon Mar  9 08:40:08 CET 2026
#@# Jacobian white rh Mon Mar  9 08:44:04 CET 2026
#@# AvgCurv rh Mon Mar  9 08:44:04 CET 2026
#@# Cortical Parc rh Mon Mar  9 08:44:05 CET 2026
#@# white curv rh Mon Mar  9 08:50:21 CET 2026
#@# white area rh Mon Mar  9 08:50:23 CET 2026
#@# pial curv rh Mon Mar  9 08:50:24 CET 2026
#@# pial area rh Mon Mar  9 08:50:25 CET 2026
#@# thickness rh Mon Mar  9 08:50:26 CET 2026
#@# area and vertex vol rh Mon Mar  9 08:50:53 CET 2026
#@# Curvature Stats rh Mon Mar  9 08:50:54 CET 2026
#@# Cortical Parc 2 rh Mon Mar  9 08:50:56 CET 2026
#@# Cortical Parc 3 rh Mon Mar  9 08:51:08 CET 2026
#@# WM/GM Contrast rh Mon Mar  9 08:51:17 CET 2026
recon-all -s sub-v1s18x0051258_ses-1 finished without error at Mon Mar  9 08:51:20 CET 2026



#New# invocation of recon-all 



status file for recon-all
Mon Mar  9 08:59:08 CET 2026
#@# white curv rh Mon Mar  9 08:59:08 CET 2026
#@# white area rh Mon Mar  9 08:59:08 CET 2026
#@# pial curv rh Mon Mar  9 08:59:08 CET 2026
#@# pial area rh Mon Mar  9 08:59:08 CET 2026
#@# thickness rh Mon Mar  9 08:59:08 CET 2026
#@# area and vertex vol rh Mon Mar  9 08:59:08 CET 2026
#@# Parcellation Stats rh Mon Mar  9 08:59:08 CET 2026
#@# Parcellation Stats 2 rh Mon Mar  9 08:59:23 CET 2026
#@# Parcellation Stats 3 rh Mon Mar  9 08:59:32 CET 2026
#@# BA_exvivo Labels rh Mon Mar  9 08:59:39 CET 2026
recon-all -s sub-v1s18x0051258_ses-1 finished without error at Mon Mar  9 09:02:01 CET 2026
