status file for recon-all
Mon Mar  9 07:11:46 CET 2026
#@# MotionCor Mon Mar  9 07:11:47 CET 2026
#@# Talairach Mon Mar  9 07:11:55 CET 2026
#@# Talairach Failure Detection Mon Mar  9 07:16:26 CET 2026
#@# Nu Intensity Correction Mon Mar  9 07:16:26 CET 2026
#@# Intensity Normalization Mon Mar  9 07:19:43 CET 2026
recon-all -s sub-v1s18x0051274_ses-1 finished without error at Mon Mar  9 07:21:08 CET 2026



#New# invocation of recon-all 



status file for recon-all
Mon Mar  9 07:28:22 CET 2026
#@# EM Registration Mon Mar  9 07:28:22 CET 2026
recon-all -s sub-v1s18x0051274_ses-1 finished without error at Mon Mar  9 07:29:59 CET 2026



#New# invocation of recon-all 



status file for recon-all
Mon Mar  9 07:30:02 CET 2026
#@# CA Normalize Mon Mar  9 07:30:02 CET 2026
#@# CA Reg Mon Mar  9 07:31:22 CET 2026
#@# SubCort Seg Mon Mar  9 08:23:00 CET 2026
#@# CC Seg Mon Mar  9 08:50:09 CET 2026
#@# Merge ASeg Mon Mar  9 08:50:50 CET 2026
#@# Intensity Normalization2 Mon Mar  9 08:50:50 CET 2026
#@# Mask BFS Mon Mar  9 08:53:02 CET 2026
#@# WM Segmentation Mon Mar  9 08:53:02 CET 2026
#@# Fill Mon Mar  9 08:54:51 CET 2026
recon-all -s sub-v1s18x0051274_ses-1 finished without error at Mon Mar  9 08:55:55 CET 2026



#New# invocation of recon-all 



status file for recon-all
Mon Mar  9 09:40:28 CET 2026
#@# white curv lh Mon Mar  9 09:40:28 CET 2026
#@# white area lh Mon Mar  9 09:40:28 CET 2026
#@# pial curv lh Mon Mar  9 09:40:28 CET 2026
#@# pial area lh Mon Mar  9 09:40:28 CET 2026
#@# thickness lh Mon Mar  9 09:40:28 CET 2026
#@# area and vertex vol lh Mon Mar  9 09:40:28 CET 2026
#@# white curv rh Mon Mar  9 09:40:28 CET 2026
#@# white area rh Mon Mar  9 09:40:28 CET 2026
#@# pial curv rh Mon Mar  9 09:40:28 CET 2026
#@# pial area rh Mon Mar  9 09:40:28 CET 2026
#@# thickness rh Mon Mar  9 09:40:28 CET 2026
#@# area and vertex vol rh Mon Mar  9 09:40:28 CET 2026
#@# Cortical ribbon mask Mon Mar  9 09:40:28 CET 2026
recon-all -s sub-v1s18x0051274_ses-1 finished without error at Mon Mar  9 09:45:38 CET 2026



#New# invocation of recon-all 



status file for recon-all
Mon Mar  9 09:51:39 CET 2026
#@# white curv lh Mon Mar  9 09:51:39 CET 2026
#@# white area lh Mon Mar  9 09:51:39 CET 2026
#@# pial curv lh Mon Mar  9 09:51:39 CET 2026
#@# pial area lh Mon Mar  9 09:51:39 CET 2026
#@# thickness lh Mon Mar  9 09:51:39 CET 2026
#@# area and vertex vol lh Mon Mar  9 09:51:39 CET 2026
#@# white curv rh Mon Mar  9 09:51:39 CET 2026
#@# white area rh Mon Mar  9 09:51:39 CET 2026
#@# pial curv rh Mon Mar  9 09:51:40 CET 2026
#@# pial area rh Mon Mar  9 09:51:40 CET 2026
#@# thickness rh Mon Mar  9 09:51:40 CET 2026
#@# area and vertex vol rh Mon Mar  9 09:51:40 CET 2026
#@# Curvature Stats lh Mon Mar  9 09:51:40 CET 2026
#@# Curvature Stats rh Mon Mar  9 09:51:42 CET 2026
#@# Relabel Hypointensities Mon Mar  9 09:51:44 CET 2026
#@# APas-to-ASeg Mon Mar  9 09:51:58 CET 2026
#@# AParc-to-ASeg aparc Mon Mar  9 09:52:06 CET 2026
#@# AParc-to-ASeg aparc.a2009s Mon Mar  9 09:52:47 CET 2026
#@# AParc-to-ASeg aparc.DKTatlas Mon Mar  9 09:53:23 CET 2026
#@# WMParc Mon Mar  9 09:53:59 CET 2026
#@# ASeg Stats Mon Mar  9 09:57:36 CET 2026
recon-all -s sub-v1s18x0051274_ses-1 finished without error at Mon Mar  9 09:58:18 CET 2026
