/out/sourcedata/freesurfer/sub-v1s18x0051222_ses-1/mri
/opt/freesurfer/bin/talairach_avi
--i orig_nu.mgz --xfm transforms/talairach.auto.xfm
talairach_avi 7.3.2
Linux dna063 5.14.0-427.37.1.el9_4.x86_64 #1 SMP PREEMPT_DYNAMIC Fri Sep 13 12:41:50 EDT 2024 x86_64 x86_64 x86_64 GNU/Linux
Mon Mar  9 04:25:03 CET 2026
mri_convert orig_nu.mgz talsrcimg.img 
reading from orig_nu.mgz...
TR=0.00, TE=0.00, TI=0.00, flip angle=0.00
i_ras = (-1, 0, 1.86265e-09)
j_ras = (0, 0, -1)
k_ras = (0, 1, 0)
writing to talsrcimg.img...
Analyze Output Matrix
-1.00000   0.00000   0.00000   127.80125;
 0.00000   0.00000   1.00000  -127.39997;
 0.00000  -1.00000   0.00000   143.30661;
 0.00000   0.00000   0.00000   1.00000;
--------------------
INFO: set hdr.hist.orient to -1
mpr2mni305 talsrcimg
Mon Mar  9 04:25:04 CET 2026
/opt/freesurfer/bin/mpr2mni305 talsrcimg
mpr2mni305 7.3.2
target=711-2C_as_mni_average_305

---------------------------------------------------------------------
analyzeto4dfp talsrcimg -O0 -y
---------------------------------------------------------------------

freesurfer ifh2hdr.c
Mon Mar  9 04:25:04 2026
Writing: talsrcimg.4dfp.hdr
freesurfer analyzeto4dfp.c
Reading: talsrcimg.hdr
header size 348 bytes
hdr.dime.datatype	offset=70	value=2
hdr.dime.bitpix		offset=72	value=8
hdr.hist.orient		offset=252	value=-1
dimensionality     4
dimensions       256       256       256         1
Reading: talsrcimg.img
Writing: talsrcimg.4dfp.img
Writing: talsrcimg.4dfp.ifh
ifh2hdr talsrcimg -r0to196
ori=2

---------------------------------------------------------------------
gauss_4dfp talsrcimg 1.1
---------------------------------------------------------------------

freesurfer gauss_4dfp.c
Reading: talsrcimg.4dfp.img
Writing: talsrcimg_g11.4dfp.img
image dimensions 256 256 256 padded to 288 288 288
processing volume 1freesurfer ifh2hdr.c
Mon Mar  9 04:25:06 2026
Writing: talsrcimg_g11.4dfp.hdr

Writing: talsrcimg_g11.4dfp.ifh
including: talsrcimg.4dfp.img.rec in talsrcimg_g11.4dfp.img.rec

---------------------------------------------------------------------
imgreg_4dfp /opt/freesurfer/average/711-2C_as_mni_average_305 none talsrcimg_g11 none talsrcimg_to_711-2C_as_mni_average_305_t4 4355
---------------------------------------------------------------------

freesurfer imgreg_4dfp.c
/opt/freesurfer/average/711-2C_as_mni_average_305.4dfp.img
       256       256       256         1
  1.000000  1.000000  1.000000
orientation T byte_order littleendian
Reading image: /opt/freesurfer/average/711-2C_as_mni_average_305.4dfp.img
dimensions:      256       256       256
mmppix:       1.0000   -1.0000   -1.0000
center:     128.0000 -129.0000 -129.0000
talsrcimg_g11.4dfp.img
       256       256       256         1
  1.000000  1.000000  1.000000
orientation T byte_order littleendian
Reading image: talsrcimg_g11.4dfp.img
dimensions:      256       256       256
mmppix:       1.0000   -1.0000   -1.0000
center:     128.0000 -129.0000 -129.0000
t4_read: open error in t4_sub.f l:  41 t4_file(1:l)talsrcimg_to_711-2C_as_mni_average_305_t4 
t4_read: transform initialized to I4
rotation matrix determinant  1.000000
image alignment mode   4355 decimal     1103 hex
   -7.5000  -45.0000  -45.0000 6907.6377   21.9200
    0.0000  -45.0000  -45.0000 7188.8101   21.9749
    7.5000  -45.0000  -45.0000 6922.3218   21.9525
   -7.5000  -37.5000  -45.0000 7393.6187   21.7195
    0.0000  -37.5000  -45.0000 7705.4546   21.7730
    7.5000  -37.5000  -45.0000 7403.1743   21.7495
   -7.5000  -30.0000  -45.0000 8259.8809   21.5125
    0.0000  -30.0000  -45.0000 8611.0898   21.5705
    7.5000  -30.0000  -45.0000 8274.8340   21.5461
   -7.5000  -22.5000  -45.0000 9102.8486   21.4341
    0.0000  -22.5000  -45.0000 9477.1211   21.4974
    7.5000  -22.5000  -45.0000 9119.1152   21.4739
   -7.5000  -15.0000  -45.0000 9804.6973   21.4217
    0.0000  -15.0000  -45.000010228.3076   21.4869
    7.5000  -15.0000  -45.0000 9830.0264   21.4635
   -7.5000   -7.5000  -45.000010448.1445   21.4924
    0.0000   -7.5000  -45.000010948.5176   21.5520
    7.5000   -7.5000  -45.000010495.0947   21.5271
   -7.5000    0.0000  -45.000011101.3633   21.5747
    0.0000    0.0000  -45.000011638.2197   21.6263
    7.5000    0.0000  -45.000011147.1094   21.6007
   -7.5000    7.5000  -45.000010940.0371   21.5804
    0.0000    7.5000  -45.000011468.3213   21.6322
    7.5000    7.5000  -45.000010950.7568   21.6072
   -7.5000   15.0000  -45.000010729.7842   21.5105
    0.0000   15.0000  -45.000011229.1768   21.5683
    7.5000   15.0000  -45.000010742.0117   21.5439
   -7.5000   22.5000  -45.000010319.2500   21.4312
    0.0000   22.5000  -45.000010800.2344   21.4945
    7.5000   22.5000  -45.000010301.6826   21.4709
   -7.5000   30.0000  -45.0000 9624.5566   21.1362
    0.0000   30.0000  -45.000010064.0537   21.2006
    7.5000   30.0000  -45.0000 9578.7236   21.1775
   -7.5000   37.5000  -45.0000 9220.8799   21.2060
    0.0000   37.5000  -45.0000 9635.5547   21.2648
    7.5000   37.5000  -45.0000 9151.1621   21.2403
   -7.5000   45.0000  -45.0000 8487.1094   20.7466
    0.0000   45.0000  -45.0000 8876.7080   20.7963
    7.5000   45.0000  -45.0000 8416.6396   20.7716
   -7.5000  -45.0000  -37.5000 7337.4165   21.5618
    0.0000  -45.0000  -37.5000 7636.1455   21.6142
    7.5000  -45.0000  -37.5000 7334.5078   21.5926
   -7.5000  -37.5000  -37.5000 7884.4868   21.3608
    0.0000  -37.5000  -37.5000 8215.4150   21.4089
    7.5000  -37.5000  -37.5000 7890.0400   21.3860
   -7.5000  -30.0000  -37.5000 8818.9883   21.1625
    0.0000  -30.0000  -37.5000 9202.6084   21.2184
    7.5000  -30.0000  -37.5000 8837.6709   21.1984
   -7.5000  -22.5000  -37.5000 9720.5693   21.0897
    0.0000  -22.5000  -37.500010138.3877   21.1581
    7.5000  -22.5000  -37.5000 9752.8584   21.1438
   -7.5000  -15.0000  -37.500010462.1338   21.0764
    0.0000  -15.0000  -37.500010962.7188   21.1505
    7.5000  -15.0000  -37.500010512.4863   21.1378
   -7.5000   -7.5000  -37.500011104.3652   21.1420
    0.0000   -7.5000  -37.500011685.1504   21.2062
    7.5000   -7.5000  -37.500011159.6602   21.1874
   -7.5000    0.0000  -37.500011751.8760   21.2183
    0.0000    0.0000  -37.500012347.6611   21.2674
    7.5000    0.0000  -37.500011803.5762   21.2424
   -7.5000    7.5000  -37.500011560.0830   21.2235
    0.0000    7.5000  -37.500012150.3545   21.2700
    7.5000    7.5000  -37.500011590.8311   21.2456
   -7.5000   15.0000  -37.500011363.4561   21.1606
    0.0000   15.0000  -37.500011935.5215   21.2164
    7.5000   15.0000  -37.500011380.4209   21.1963
   -7.5000   22.5000  -37.500010904.3301   21.0868
    0.0000   22.5000  -37.500011457.0508   21.1552
    7.5000   22.5000  -37.500010892.4902   21.1409
   -7.5000   30.0000  -37.500010179.1338   20.7955
    0.0000   30.0000  -37.500010678.9043   20.8686
    7.5000   30.0000  -37.500010145.9229   20.8562
   -7.5000   37.5000  -37.5000 9731.0889   20.8603
    0.0000   37.5000  -37.500010200.1680   20.9236
    7.5000   37.5000  -37.5000 9670.0137   20.9050
   -7.5000   45.0000  -37.5000 8901.7705   20.4039
    0.0000   45.0000  -37.5000 9351.0020   20.4512
    7.5000   45.0000  -37.5000 8838.3281   20.4271
   -7.5000  -45.0000  -30.0000 7889.0425   22.1599
    0.0000  -45.0000  -30.0000 8242.8213   22.2155
    7.5000  -45.0000  -30.0000 7908.0918   22.1942
   -7.5000  -37.5000  -30.0000 8514.8438   21.9389
    0.0000  -37.5000  -30.0000 8916.3271   21.9852
    7.5000  -37.5000  -30.0000 8528.0898   21.9655
   -7.5000  -30.0000  -30.0000 9528.3057   21.7293
    0.0000  -30.0000  -30.0000 9961.2686   21.7823
    7.5000  -30.0000  -30.0000 9530.2686   21.7690
   -7.5000  -22.5000  -30.000010479.7598   21.6611
    0.0000  -22.5000  -30.000010972.9883   21.7312
    7.5000  -22.5000  -30.000010485.3916   21.7240
   -7.5000  -15.0000  -30.000011282.5820   21.6596
    0.0000  -15.0000  -30.000011824.9766   21.7405
    7.5000  -15.0000  -30.000011280.8564   21.7328
   -7.5000   -7.5000  -30.000012020.6699   21.7349
    0.0000   -7.5000  -30.000012620.6172   21.8062
    7.5000   -7.5000  -30.000012027.3936   21.7888
   -7.5000    0.0000  -30.000012700.3701   21.8085
    0.0000    0.0000  -30.000013336.8789   21.8607
    7.5000    0.0000  -30.000012689.1455   21.8359
   -7.5000    7.5000  -30.000012453.6807   21.7993
    0.0000    7.5000  -30.000013084.2393   21.8441
    7.5000    7.5000  -30.000012456.7393   21.8229
   -7.5000   15.0000  -30.000012212.5420   21.7273
    0.0000   15.0000  -30.000012836.2109   21.7803
    7.5000   15.0000  -30.000012216.8730   21.7669
   -7.5000   22.5000  -30.000011697.0674   21.6559
    0.0000   22.5000  -30.000012309.4092   21.7260
    7.5000   22.5000  -30.000011680.0254   21.7188
   -7.5000   30.0000  -30.000010896.6250   21.3730
    0.0000   30.0000  -30.000011476.3545   21.4528
    7.5000   30.0000  -30.000010875.7881   21.4453
   -7.5000   37.5000  -30.000010404.4531   21.4473
    0.0000   37.5000  -30.000010942.2861   21.5176
    7.5000   37.5000  -30.000010348.7705   21.5005
   -7.5000   45.0000  -30.0000 9480.6289   20.9868
    0.0000   45.0000  -30.0000 9987.7441   21.0371
    7.5000   45.0000  -30.0000 9434.4033   21.0133
   -7.5000  -45.0000  -22.5000 8551.7109   23.0018
    0.0000  -45.0000  -22.5000 8944.5811   23.0617
    7.5000  -45.0000  -22.5000 8538.5322   23.0380
   -7.5000  -37.5000  -22.5000 9235.6523   22.7576
    0.0000  -37.5000  -22.5000 9673.0293   22.8058
    7.5000  -37.5000  -22.5000 9220.0225   22.7866
   -7.5000  -30.0000  -22.500010318.0537   22.5250
    0.0000  -30.0000  -22.500010821.3652   22.5737
    7.5000  -30.0000  -22.500010291.4893   22.5604
   -7.5000  -22.5000  -22.500011369.6953   22.4550
    0.0000  -22.5000  -22.500011920.3320   22.5175
    7.5000  -22.5000  -22.500011333.8672   22.5059
   -7.5000  -15.0000  -22.500012264.7393   22.4664
    0.0000  -15.0000  -22.500012828.9541   22.5416
    7.5000  -15.0000  -22.500012199.4287   22.5258
   -7.5000   -7.5000  -22.500013077.6279   22.5581
    0.0000   -7.5000  -22.500013707.5293   22.6294
    7.5000   -7.5000  -22.500013010.2861   22.6052
   -7.5000    0.0000  -22.500013802.1816   22.6359
    0.0000    0.0000  -22.500014506.9678   22.6923
    7.5000    0.0000  -22.500013726.0195   22.6651
   -7.5000    7.5000  -22.500013508.5908   22.6123
    0.0000    7.5000  -22.500014184.1963   22.6587
    7.5000    7.5000  -22.500013441.8711   22.6381
   -7.5000   15.0000  -22.500013185.7676   22.5229
    0.0000   15.0000  -22.500013843.4746   22.5716
    7.5000   15.0000  -22.500013139.0557   22.5583
   -7.5000   22.5000  -22.500012609.2021   22.4480
    0.0000   22.5000  -22.500013255.1738   22.5106
    7.5000   22.5000  -22.500012547.4346   22.4990
   -7.5000   30.0000  -22.500011776.4072   22.1725
    0.0000   30.0000  -22.500012392.8506   22.2467
    7.5000   30.0000  -22.500011709.5254   22.2312
   -7.5000   37.5000  -22.500011216.3506   22.2630
    0.0000   37.5000  -22.500011810.3047   22.3334
    7.5000   37.5000  -22.500011144.4834   22.3095
   -7.5000   45.0000  -22.500010211.7881   21.7995
    0.0000   45.0000  -22.500010748.1211   21.8538
    7.5000   45.0000  -22.500010141.3418   21.8276
   -7.5000  -45.0000  -15.0000 9238.1621   23.6251
    0.0000  -45.0000  -15.0000 9687.1318   23.6883
    7.5000  -45.0000  -15.0000 9214.5840   23.6635
   -7.5000  -37.5000  -15.0000 9976.7627   23.3716
    0.0000  -37.5000  -15.000010462.0205   23.4245
    7.5000  -37.5000  -15.0000 9937.8486   23.4039
   -7.5000  -30.0000  -15.000011124.6035   23.1257
    0.0000  -30.0000  -15.000011659.5225   23.1743
    7.5000  -30.0000  -15.000011072.2793   23.1550
   -7.5000  -22.5000  -15.000012257.9189   23.0515
    0.0000  -22.5000  -15.000012843.2988   23.1072
    7.5000  -22.5000  -15.000012182.1631   23.0848
   -7.5000  -15.0000  -15.000013230.7412   23.0679
    0.0000  -15.0000  -15.000013846.4512   23.1338
    7.5000  -15.0000  -15.000013127.6641   23.1059
   -7.5000   -7.5000  -15.000014125.3203   23.1666
    0.0000   -7.5000  -15.000014790.9600   23.2340
    7.5000   -7.5000  -15.000014021.4004   23.2030
   -7.5000    0.0000  -15.000014884.6143   23.2485
    0.0000    0.0000  -15.000015657.2080   23.3081
    7.5000    0.0000  -15.000014775.6211   23.2797
   -7.5000    7.5000  -15.000014579.3115   23.2218
    0.0000    7.5000  -15.000015310.2256   23.2729
    7.5000    7.5000  -15.000014460.5713   23.2507
   -7.5000   15.0000  -15.000014239.7832   23.1235
    0.0000   15.0000  -15.000014950.4346   23.1721
    7.5000   15.0000  -15.000014136.4209   23.1527
   -7.5000   22.5000  -15.000013545.8340   23.0434
    0.0000   22.5000  -15.000014238.6289   23.0990
    7.5000   22.5000  -15.000013446.0273   23.0766
   -7.5000   30.0000  -15.000012670.5400   22.7694
    0.0000   30.0000  -15.000013310.2207   22.8344
    7.5000   30.0000  -15.000012561.4717   22.8069
   -7.5000   37.5000  -15.000012052.1338   22.8668
    0.0000   37.5000  -15.000012679.9229   22.9333
    7.5000   37.5000  -15.000011964.8926   22.9027
   -7.5000   45.0000  -15.000010966.5469   22.4030
    0.0000   45.0000  -15.000011532.3486   22.4604
    7.5000   45.0000  -15.000010879.4404   22.4331
   -7.5000  -45.0000   -7.5000 9963.9775   23.8843
    0.0000  -45.0000   -7.500010466.8564   23.9465
    7.5000  -45.0000   -7.5000 9926.0713   23.9215
   -7.5000  -37.5000   -7.500010750.4355   23.6440
    0.0000  -37.5000   -7.500011291.1172   23.7014
    7.5000  -37.5000   -7.500010711.6250   23.6781
   -7.5000  -30.0000   -7.500012005.3369   23.4075
    0.0000  -30.0000   -7.500012594.2090   23.4634
    7.5000  -30.0000   -7.500011941.1357   23.4386
   -7.5000  -22.5000   -7.500013222.9316   23.3297
    0.0000  -22.5000   -7.500013857.0840   23.3889
    7.5000  -22.5000   -7.500013139.1436   23.3603
   -7.5000  -15.0000   -7.500014272.4424   23.3335
    0.0000  -15.0000   -7.500014931.5059   23.3972
    7.5000  -15.0000   -7.500014167.6006   23.3649
   -7.5000   -7.5000   -7.500015219.6201   23.4205
    0.0000   -7.5000   -7.500015949.3809   23.4840
    7.5000   -7.5000   -7.500015101.6035   23.4517
   -7.5000    0.0000   -7.500016024.2803   23.5040
    0.0000    0.0000   -7.500016861.2227   23.5626
    7.5000    0.0000   -7.500015910.8887   23.5339
   -7.5000    7.5000   -7.500015714.7646   23.4926
    0.0000    7.5000   -7.500016533.8535   23.5482
    7.5000    7.5000   -7.500015619.7607   23.5233
   -7.5000   15.0000   -7.500015357.9072   23.4053
    0.0000   15.0000   -7.500016172.3672   23.4611
    7.5000   15.0000   -7.500015264.7764   23.4363
   -7.5000   22.5000   -7.500014545.5176   23.3189
    0.0000   22.5000   -7.500015298.6367   23.3781
    7.5000   22.5000   -7.500014437.6777   23.3495
   -7.5000   30.0000   -7.500013578.7920   23.0309
    0.0000   30.0000   -7.500014254.7773   23.0938
    7.5000   30.0000   -7.500013462.8545   23.0619
   -7.5000   37.5000   -7.500012927.5205   23.1167
    0.0000   37.5000   -7.500013612.6104   23.1794
    7.5000   37.5000   -7.500012860.6211   23.1476
   -7.5000   45.0000   -7.500011768.9453   22.6534
    0.0000   45.0000   -7.500012405.0322   22.7099
    7.5000   45.0000   -7.500011719.3633   22.6823
   -7.5000  -45.0000    0.000010579.3926   23.8528
    0.0000  -45.0000    0.000011119.0752   23.9112
    7.5000  -45.0000    0.000010534.4102   23.8854
   -7.5000  -37.5000    0.000011429.3682   23.6285
    0.0000  -37.5000    0.000012037.6924   23.6858
    7.5000  -37.5000    0.000011389.9561   23.6592
   -7.5000  -30.0000    0.000012783.3457   23.4088
    0.0000  -30.0000    0.000013453.5986   23.4712
    7.5000  -30.0000    0.000012716.8369   23.4438
   -7.5000  -22.5000    0.000014117.8721   23.3310
    0.0000  -22.5000    0.000014840.3086   23.3992
    7.5000  -22.5000    0.000014036.6514   23.3724
   -7.5000  -15.0000    0.000015242.6211   23.3205
    0.0000  -15.0000    0.000016031.4580   23.3904
    7.5000  -15.0000    0.000015147.2070   23.3633
   -7.5000   -7.5000    0.000016227.7891   23.3925
    0.0000   -7.5000    0.000017126.3164   23.4559
    7.5000   -7.5000    0.000016135.4844   23.4271
   -7.5000    0.0000    0.000017034.4414   23.4743
    0.0000    0.0000    0.000018000.4121   23.5291
    7.5000    0.0000    0.000016987.1172   23.4997
   -7.5000    7.5000    0.000016711.2051   23.4779
    0.0000    7.5000    0.000017657.1172   23.5333
    7.5000    7.5000    0.000016715.4668   23.5051
   -7.5000   15.0000    0.000016322.5781   23.4066
    0.0000   15.0000    0.000017238.2832   23.4689
    7.5000   15.0000    0.000016312.3359   23.4414
   -7.5000   22.5000    0.000015402.9785   23.3202
    0.0000   22.5000    0.000016244.8877   23.3884
    7.5000   22.5000    0.000015351.0703   23.3616
   -7.5000   30.0000    0.000014345.3838   23.0187
    0.0000   30.0000    0.000015092.4307   23.0877
    7.5000   30.0000    0.000014260.8926   23.0609
   -7.5000   37.5000    0.000013686.3711   23.0898
    0.0000   37.5000    0.000014423.9355   23.1523
    7.5000   37.5000    0.000013616.5498   23.1239
   -7.5000   45.0000    0.000012515.0186   22.6265
    0.0000   45.0000    0.000013223.6201   22.6793
    7.5000   45.0000    0.000012471.7861   22.6510
   -7.5000  -45.0000    7.500010380.1279   23.7856
    0.0000  -45.0000    7.500010932.1465   23.8433
    7.5000  -45.0000    7.500010356.4785   23.8193
   -7.5000  -37.5000    7.500011219.8252   23.5616
    0.0000  -37.5000    7.500011805.8936   23.6146
    7.5000  -37.5000    7.500011191.1221   23.5893
   -7.5000  -30.0000    7.500012528.7100   23.3460
    0.0000  -30.0000    7.500013193.8076   23.4079
    7.5000  -30.0000    7.500012468.7637   23.3856
   -7.5000  -22.5000    7.500013893.2285   23.2705
    0.0000  -22.5000    7.500014637.8076   23.3462
    7.5000  -22.5000    7.500013800.3691   23.3295
   -7.5000  -15.0000    7.500015137.1895   23.2591
    0.0000  -15.0000    7.500016009.7432   23.3409
    7.5000  -15.0000    7.500015051.5205   23.3259
   -7.5000   -7.5000    7.500016078.9766   23.3297
    0.0000   -7.5000    7.500017137.2188   23.4003
    7.5000   -7.5000    7.500016079.0420   23.3789
   -7.5000    0.0000    7.500016812.8223   23.4090
    0.0000    0.0000    7.500017858.5840   23.4631
    7.5000    0.0000    7.500016885.9219   23.4354
   -7.5000    7.5000    7.500016437.9902   23.4118
    0.0000    7.5000    7.500017431.8535   23.4631
    7.5000    7.5000    7.500016541.1328   23.4363
   -7.5000   15.0000    7.500016072.8545   23.3439
    0.0000   15.0000    7.500016987.6270   23.4057
    7.5000   15.0000    7.500016129.0850   23.3833
   -7.5000   22.5000    7.500015127.2930   23.2598
    0.0000   22.5000    7.500015982.1445   23.3355
    7.5000   22.5000    7.500015126.7158   23.3188
   -7.5000   30.0000    7.500014098.9492   22.9581
    0.0000   30.0000    7.500014880.7471   23.0388
    7.5000   30.0000    7.500014049.0938   23.0240
   -7.5000   37.5000    7.500013509.8887   23.0277
    0.0000   37.5000    7.500014253.9834   23.0975
    7.5000   37.5000    7.500013426.0947   23.0763
   -7.5000   45.0000    7.500012406.0586   22.5635
    0.0000   45.0000    7.500013099.9795   22.6157
    7.5000   45.0000    7.500012319.1514   22.5890
   -7.5000  -45.0000   15.000010014.6338   23.7938
    0.0000  -45.0000   15.000010560.2090   23.8536
    7.5000  -45.0000   15.000010004.1484   23.8307
   -7.5000  -37.5000   15.000010818.8994   23.5567
    0.0000  -37.5000   15.000011388.3252   23.6064
    7.5000  -37.5000   15.000010791.1729   23.5853
   -7.5000  -30.0000   15.000012049.4092   23.3318
    0.0000  -30.0000   15.000012703.9219   23.3888
    7.5000  -30.0000   15.000012032.9971   23.3745
   -7.5000  -22.5000   15.000013434.8945   23.2587
    0.0000  -22.5000   15.000014214.0332   23.3340
    7.5000  -22.5000   15.000013394.8848   23.3263
   -7.5000  -15.0000   15.000014854.6709   23.2570
    0.0000  -15.0000   15.000015879.2285   23.3438
    7.5000  -15.0000   15.000014806.4395   23.3356
   -7.5000   -7.5000   15.000015967.3887   23.3376
    0.0000   -7.5000   15.000017004.7246   23.4142
    7.5000   -7.5000   15.000016020.3760   23.3955
   -7.5000    0.0000   15.000016656.4922   23.4165
    0.0000    0.0000   15.000017490.6035   23.4727
    7.5000    0.0000   15.000016749.2500   23.4461
   -7.5000    7.5000   15.000016281.1699   23.4069
    0.0000    7.5000   15.000017067.7793   23.4549
    7.5000    7.5000   15.000016319.5508   23.4322
   -7.5000   15.0000   15.000015898.6328   23.3297
    0.0000   15.0000   15.000016697.1211   23.3866
    7.5000   15.0000   15.000015874.3994   23.3723
   -7.5000   22.5000   15.000014944.1084   23.2480
    0.0000   22.5000   15.000015756.1934   23.3232
    7.5000   22.5000   15.000014828.0615   23.3155
   -7.5000   30.0000   15.000013882.9346   22.9560
    0.0000   30.0000   15.000014651.7979   23.0417
    7.5000   30.0000   15.000013706.7871   23.0336
   -7.5000   37.5000   15.000013232.9463   23.0356
    0.0000   37.5000   15.000013986.6846   23.1112
    7.5000   37.5000   15.000013055.8604   23.0928
   -7.5000   45.0000   15.000012111.9697   22.5709
    0.0000   45.0000   15.000012843.8730   22.6249
    7.5000   45.0000   15.000011976.3623   22.5993
   -7.5000  -45.0000   22.5000 9612.6357   23.8778
    0.0000  -45.0000   22.500010088.1592   23.9400
    7.5000  -45.0000   22.5000 9622.8623   23.9154
   -7.5000  -37.5000   22.500010343.7178   23.6243
    0.0000  -37.5000   22.500010820.4873   23.6743
    7.5000  -37.5000   22.500010362.7773   23.6544
   -7.5000  -30.0000   22.500011516.2510   23.3828
    0.0000  -30.0000   22.500012022.2129   23.4335
    7.5000  -30.0000   22.500011552.0166   23.4197
   -7.5000  -22.5000   22.500012836.8457   23.3102
    0.0000  -22.5000   22.500013453.3213   23.3751
    7.5000  -22.5000   22.500012850.5947   23.3631
   -7.5000  -15.0000   22.500014171.7666   23.3220
    0.0000  -15.0000   22.500015017.9600   23.4000
    7.5000  -15.0000   22.500014121.8818   23.3837
   -7.5000   -7.5000   22.500015391.2539   23.4172
    0.0000   -7.5000   22.500016211.5010   23.4912
    7.5000   -7.5000   22.500015205.4307   23.4661
   -7.5000    0.0000   22.500016274.1045   23.4980
    0.0000    0.0000   22.500017012.3457   23.5566
    7.5000    0.0000   22.500015957.9170   23.5283
   -7.5000    7.5000   22.500015926.5068   23.4734
    0.0000    7.5000   22.500016668.0137   23.5217
    7.5000    7.5000   22.500015590.7051   23.5002
   -7.5000   15.0000   22.500015453.5996   23.3807
    0.0000   15.0000   22.500016198.3428   23.4313
    7.5000   15.0000   22.500015117.7402   23.4174
   -7.5000   22.5000   22.500014422.3018   23.2994
    0.0000   22.5000   22.500015142.9980   23.3643
    7.5000   22.5000   22.500014139.0293   23.3523
   -7.5000   30.0000   22.500013315.7031   23.0202
    0.0000   30.0000   22.500013981.5850   23.0972
    7.5000   30.0000   22.500013087.3789   23.0811
   -7.5000   37.5000   22.500012665.6416   23.1142
    0.0000   37.5000   22.500013314.9131   23.1872
    7.5000   37.5000   22.500012485.8496   23.1624
   -7.5000   45.0000   22.500011619.7910   22.6494
    0.0000   45.0000   22.500012241.0791   22.7058
    7.5000   45.0000   22.500011467.7637   22.6786
   -7.5000  -45.0000   30.0000 9045.6260   24.0611
    0.0000  -45.0000   30.0000 9478.7324   24.1246
    7.5000  -45.0000   30.0000 9065.4453   24.0992
   -7.5000  -37.5000   30.0000 9747.2832   23.8015
    0.0000  -37.5000   30.000010240.6016   23.8544
    7.5000  -37.5000   30.0000 9760.1426   23.8334
   -7.5000  -30.0000   30.000010891.2637   23.5500
    0.0000  -30.0000   30.000011453.1133   23.5985
    7.5000  -30.0000   30.000010872.0000   23.5788
   -7.5000  -22.5000   30.000012152.5293   23.4744
    0.0000  -22.5000   30.000012785.1309   23.5302
    7.5000  -22.5000   30.000012079.8760   23.5072
   -7.5000  -15.0000   30.000013350.3799   23.4914
    0.0000  -15.0000   30.000014060.8555   23.5576
    7.5000  -15.0000   30.000013193.1924   23.5291
   -7.5000   -7.5000   30.000014402.9834   23.5923
    0.0000   -7.5000   30.000015060.4170   23.6601
    7.5000   -7.5000   30.000014120.1348   23.6284
   -7.5000    0.0000   30.000015227.5312   23.6758
    0.0000    0.0000   30.000015894.3184   23.7356
    7.5000    0.0000   30.000014920.2295   23.7066
   -7.5000    7.5000   30.000014925.7998   23.6483
    0.0000    7.5000   30.000015644.7021   23.6994
    7.5000    7.5000   30.000014644.8594   23.6767
   -7.5000   15.0000   30.000014487.0215   23.5478
    0.0000   15.0000   30.000015220.5674   23.5963
    7.5000   15.0000   30.000014226.9951   23.5765
   -7.5000   22.5000   30.000013517.6543   23.4636
    0.0000   22.5000   30.000014221.8848   23.5193
    7.5000   22.5000   30.000013305.2471   23.4964
   -7.5000   30.0000   30.000012475.8486   23.1874
    0.0000   30.0000   30.000013119.9404   23.2527
    7.5000   30.0000   30.000012307.3975   23.2246
   -7.5000   37.5000   30.000011909.0146   23.2870
    0.0000   37.5000   30.000012510.5723   23.3539
    7.5000   37.5000   30.000011764.9893   23.3226
   -7.5000   45.0000   30.000010916.5117   22.8208
    0.0000   45.0000   30.000011470.6992   22.8784
    7.5000   45.0000   30.000010805.5391   22.8504
   -7.5000  -45.0000   37.5000 8773.0713   24.2160
    0.0000  -45.0000   37.5000 9225.0244   24.2770
    7.5000  -45.0000   37.5000 8760.4238   24.2513
   -7.5000  -37.5000   37.5000 9499.7842   23.9686
    0.0000  -37.5000   37.5000 9991.2041   24.0247
    7.5000  -37.5000   37.5000 9475.8799   24.0008
   -7.5000  -30.0000   37.500010595.3965   23.7248
    0.0000  -30.0000   37.500011124.7305   23.7794
    7.5000  -30.0000   37.500010571.5381   23.7540
   -7.5000  -22.5000   37.500011724.8340   23.6453
    0.0000  -22.5000   37.500012273.1729   23.7032
    7.5000  -22.5000   37.500011679.5723   23.6738
   -7.5000  -15.0000   37.500012754.5127   23.6503
    0.0000  -15.0000   37.500013291.5908   23.7128
    7.5000  -15.0000   37.500012647.2764   23.6797
   -7.5000   -7.5000   37.500013657.7979   23.7406
    0.0000   -7.5000   37.500014203.5215   23.8029
    7.5000   -7.5000   37.500013525.2822   23.7698
   -7.5000    0.0000   37.500014435.2627   23.8263
    0.0000    0.0000   37.500015091.5459   23.8837
    7.5000    0.0000   37.500014335.5107   23.8543
   -7.5000    7.5000   37.500014205.4521   23.8134
    0.0000    7.5000   37.500014916.8594   23.8676
    7.5000    7.5000   37.500014111.3828   23.8421
   -7.5000   15.0000   37.500013892.8750   23.7225
    0.0000   15.0000   37.500014600.4160   23.7771
    7.5000   15.0000   37.500013779.1719   23.7516
   -7.5000   22.5000   37.500012993.8574   23.6344
    0.0000   22.5000   37.500013663.3662   23.6922
    7.5000   22.5000   37.500012889.2832   23.6629
   -7.5000   30.0000   37.500012018.7686   23.3443
    0.0000   30.0000   37.500012632.5879   23.4059
    7.5000   30.0000   37.500011911.4648   23.3732
   -7.5000   37.5000   37.500011501.5078   23.4334
    0.0000   37.5000   37.500012075.5293   23.4949
    7.5000   37.5000   37.500011397.3320   23.4622
   -7.5000   45.0000   37.500010517.8760   22.9658
    0.0000   45.0000   37.500011034.0996   23.0211
    7.5000   45.0000   37.500010422.3506   22.9928
   -7.5000  -45.0000   45.0000 8104.1372   24.4348
    0.0000  -45.0000   45.0000 8505.6504   24.4914
    7.5000  -45.0000   45.0000 8112.1313   24.4640
   -7.5000  -37.5000   45.0000 8763.9062   24.2049
    0.0000  -37.5000   45.0000 9197.3789   24.2607
    7.5000  -37.5000   45.0000 8792.7637   24.2324
   -7.5000  -30.0000   45.0000 9744.8125   23.9701
    0.0000  -30.0000   45.000010207.4668   24.0315
    7.5000  -30.0000   45.0000 9782.5312   24.0026
   -7.5000  -22.5000   45.000010738.8506   23.8895
    0.0000  -22.5000   45.000011215.6885   23.9569
    7.5000  -22.5000   45.000010750.4736   23.9288
   -7.5000  -15.0000   45.000011631.3418   23.8827
    0.0000  -15.0000   45.000012093.4805   23.9516
    7.5000  -15.0000   45.000011592.4619   23.9233
   -7.5000   -7.5000   45.000012438.6895   23.9617
    0.0000   -7.5000   45.000012922.3242   24.0236
    7.5000   -7.5000   45.000012394.5586   23.9933
   -7.5000    0.0000   45.000013176.1426   24.0473
    0.0000    0.0000   45.000013746.2021   24.1003
    7.5000    0.0000   45.000013145.6113   24.0692
   -7.5000    7.5000   45.000013010.8691   24.0467
    0.0000    7.5000   45.000013641.8906   24.1006
    7.5000    7.5000   45.000012966.2949   24.0706
   -7.5000   15.0000   45.000012758.4463   23.9678
    0.0000   15.0000   45.000013367.6484   24.0291
    7.5000   15.0000   45.000012704.5527   24.0001
   -7.5000   22.5000   45.000011961.2588   23.8784
    0.0000   22.5000   45.000012537.6074   23.9458
    7.5000   22.5000   45.000011902.6709   23.9177
   -7.5000   30.0000   45.000011070.5840   23.5716
    0.0000   30.0000   45.000011615.4648   23.6396
    7.5000   30.0000   45.000011009.7734   23.6116
   -7.5000   37.5000   45.000010591.7500   23.6496
    0.0000   37.5000   45.000011105.0488   23.7106
    7.5000   37.5000   45.000010528.8330   23.6807
   -7.5000   45.0000   45.0000 9682.3115   23.1893
    0.0000   45.0000   45.000010158.0811   23.2404
    7.5000   45.0000   45.0000 9638.5400   23.2104

---------------------------------------------------------------------
imgreg_4dfp /opt/freesurfer/average/711-2C_as_mni_average_305 /opt/freesurfer/average/711-2B_as_mni_average_305_mask talsrcimg_g11 none talsrcimg_to_711-2C_as_mni_average_305_t4 4355
---------------------------------------------------------------------

freesurfer imgreg_4dfp.c
/opt/freesurfer/average/711-2C_as_mni_average_305.4dfp.img
       256       256       256         1
  1.000000  1.000000  1.000000
orientation T byte_order littleendian
Reading image: /opt/freesurfer/average/711-2C_as_mni_average_305.4dfp.img
dimensions:      256       256       256
mmppix:       1.0000   -1.0000   -1.0000
center:     128.0000 -129.0000 -129.0000
/opt/freesurfer/average/711-2B_as_mni_average_305_mask.4dfp.img
       256       256       256         1
  1.000000  1.000000  1.000000
orientation T byte_order littleendian
Reading mask: /opt/freesurfer/average/711-2B_as_mni_average_305_mask.4dfp.img (2306576 pixels)
talsrcimg_g11.4dfp.img
       256       256       256         1
  1.000000  1.000000  1.000000
orientation T byte_order littleendian
Reading image: talsrcimg_g11.4dfp.img
dimensions:      256       256       256
mmppix:       1.0000   -1.0000   -1.0000
center:     128.0000 -129.0000 -129.0000
rotation matrix determinant  1.000000
image alignment mode   4355 decimal     1103 hex
   -7.5000  -45.0000  -45.0000 1974.4841   32.3540
    0.0000  -45.0000  -45.0000 1983.9194   32.0134
    7.5000  -45.0000  -45.0000 1976.9873   32.3904
   -7.5000  -37.5000  -45.0000 2058.3035   29.4615
    0.0000  -37.5000  -45.0000 2068.1499   29.2711
    7.5000  -37.5000  -45.0000 2059.7651   29.5579
   -7.5000  -30.0000  -45.0000 2143.2991   27.1835
    0.0000  -30.0000  -45.0000 2154.7139   27.1627
    7.5000  -30.0000  -45.0000 2144.4919   27.3735
   -7.5000  -22.5000  -45.0000 2200.3145   25.4867
    0.0000  -22.5000  -45.0000 2204.2427   25.4744
    7.5000  -22.5000  -45.0000 2194.7144   25.6279
   -7.5000  -15.0000  -45.0000 2226.5984   24.2996
    0.0000  -15.0000  -45.0000 2227.5747   24.1847
    7.5000  -15.0000  -45.0000 2218.7822   24.4293
   -7.5000   -7.5000  -45.0000 2245.2566   23.8700
    0.0000   -7.5000  -45.0000 2248.5413   23.7182
    7.5000   -7.5000  -45.0000 2240.1555   23.9782
   -7.5000    0.0000  -45.0000 2248.6255   23.9092
    0.0000    0.0000  -45.0000 2256.7283   23.8038
    7.5000    0.0000  -45.0000 2248.5928   24.0232
   -7.5000    7.5000  -45.0000 2246.9329   24.1184
    0.0000    7.5000  -45.0000 2255.6172   24.0231
    7.5000    7.5000  -45.0000 2242.9368   24.2736
   -7.5000   15.0000  -45.0000 2220.7202   24.7887
    0.0000   15.0000  -45.0000 2228.3198   24.6395
    7.5000   15.0000  -45.0000 2212.6970   24.8107
   -7.5000   22.5000  -45.0000 2181.4932   25.7161
    0.0000   22.5000  -45.0000 2188.7485   25.4801
    7.5000   22.5000  -45.0000 2177.3770   25.7049
   -7.5000   30.0000  -45.0000 2132.9885   27.0074
    0.0000   30.0000  -45.0000 2138.5044   26.7850
    7.5000   30.0000  -45.0000 2125.2937   27.0231
   -7.5000   37.5000  -45.0000 2063.7415   28.9144
    0.0000   37.5000  -45.0000 2071.8369   28.7014
    7.5000   37.5000  -45.0000 2057.3889   28.9777
   -7.5000   45.0000  -45.0000 1979.4752   31.5030
    0.0000   45.0000  -45.0000 1989.5343   31.2473
    7.5000   45.0000  -45.0000 1975.9669   31.6175
   -7.5000  -45.0000  -37.5000 2053.5862   29.8681
    0.0000  -45.0000  -37.5000 2059.7412   29.5841
    7.5000  -45.0000  -37.5000 2046.5905   29.7968
   -7.5000  -37.5000  -37.5000 2148.3418   27.2220
    0.0000  -37.5000  -37.5000 2152.7000   27.0362
    7.5000  -37.5000  -37.5000 2142.0061   27.1898
   -7.5000  -30.0000  -37.5000 2239.8098   25.1732
    0.0000  -30.0000  -37.5000 2249.1514   25.0709
    7.5000  -30.0000  -37.5000 2236.4153   25.1731
   -7.5000  -22.5000  -37.5000 2298.4001   23.5575
    0.0000  -22.5000  -37.5000 2302.5869   23.5143
    7.5000  -22.5000  -37.5000 2297.7737   23.5891
   -7.5000  -15.0000  -37.5000 2329.6733   22.4493
    0.0000  -15.0000  -37.5000 2339.7424   22.4389
    7.5000  -15.0000  -37.5000 2324.0557   22.5044
   -7.5000   -7.5000  -37.5000 2343.7351   21.9281
    0.0000   -7.5000  -37.5000 2355.5974   21.8840
    7.5000   -7.5000  -37.5000 2336.1362   21.9933
   -7.5000    0.0000  -37.5000 2339.8384   21.8568
    0.0000    0.0000  -37.5000 2353.9485   21.7689
    7.5000    0.0000  -37.5000 2333.2461   21.8735
   -7.5000    7.5000  -37.5000 2330.5627   21.9884
    0.0000    7.5000  -37.5000 2343.3240   21.9061
    7.5000    7.5000  -37.5000 2323.3914   21.9845
   -7.5000   15.0000  -37.5000 2317.6572   22.5582
    0.0000   15.0000  -37.5000 2327.9863   22.4272
    7.5000   15.0000  -37.5000 2306.6824   22.4900
   -7.5000   22.5000  -37.5000 2289.9153   23.4258
    0.0000   22.5000  -37.5000 2299.2236   23.3305
    7.5000   22.5000  -37.5000 2280.9507   23.4061
   -7.5000   30.0000  -37.5000 2242.5830   24.7416
    0.0000   30.0000  -37.5000 2247.5203   24.6047
    7.5000   30.0000  -37.5000 2233.1201   24.7234
   -7.5000   37.5000  -37.5000 2169.5078   26.5094
    0.0000   37.5000  -37.5000 2173.8569   26.3012
    7.5000   37.5000  -37.5000 2161.0967   26.5616
   -7.5000   45.0000  -37.5000 2076.3923   28.9042
    0.0000   45.0000  -37.5000 2081.1582   28.5906
    7.5000   45.0000  -37.5000 2064.8047   28.9103
   -7.5000  -45.0000  -30.0000 2162.2375   28.9518
    0.0000  -45.0000  -30.0000 2171.2615   28.7597
    7.5000  -45.0000  -30.0000 2160.9104   28.7563
   -7.5000  -37.5000  -30.0000 2271.8726   26.2750
    0.0000  -37.5000  -30.0000 2282.4248   26.1510
    7.5000  -37.5000  -30.0000 2266.9629   26.1126
   -7.5000  -30.0000  -30.0000 2369.7485   24.2013
    0.0000  -30.0000  -30.0000 2377.7424   24.0957
    7.5000  -30.0000  -30.0000 2362.4473   24.1312
   -7.5000  -22.5000  -30.0000 2436.1338   22.6104
    0.0000  -22.5000  -30.0000 2445.2761   22.5642
    7.5000  -22.5000  -30.0000 2426.9031   22.5886
   -7.5000  -15.0000  -30.0000 2468.6184   21.5514
    0.0000  -15.0000  -30.0000 2482.5698   21.5121
    7.5000  -15.0000  -30.0000 2456.3328   21.5534
   -7.5000   -7.5000  -30.0000 2487.5225   20.9747
    0.0000   -7.5000  -30.0000 2504.0693   20.9419
    7.5000   -7.5000  -30.0000 2477.8752   20.9740
   -7.5000    0.0000  -30.0000 2491.4368   20.8818
    0.0000    0.0000  -30.0000 2502.5969   20.7820
    7.5000    0.0000  -30.0000 2478.6216   20.8296
   -7.5000    7.5000  -30.0000 2474.1785   20.9773
    0.0000    7.5000  -30.0000 2491.4744   20.9208
    7.5000    7.5000  -30.0000 2470.6377   20.9361
   -7.5000   15.0000  -30.0000 2464.1975   21.4474
    0.0000   15.0000  -30.0000 2481.4116   21.3115
    7.5000   15.0000  -30.0000 2457.9497   21.3798
   -7.5000   22.5000  -30.0000 2440.0234   22.2707
    0.0000   22.5000  -30.0000 2454.4526   22.1745
    7.5000   22.5000  -30.0000 2434.5242   22.2234
   -7.5000   30.0000  -30.0000 2387.7468   23.5544
    0.0000   30.0000  -30.0000 2398.8147   23.4676
    7.5000   30.0000  -30.0000 2379.7539   23.5134
   -7.5000   37.5000  -30.0000 2313.7812   25.3467
    0.0000   37.5000  -30.0000 2321.4990   25.2613
    7.5000   37.5000  -30.0000 2298.7739   25.3483
   -7.5000   45.0000  -30.0000 2206.4792   27.6773
    0.0000   45.0000  -30.0000 2213.1252   27.4918
    7.5000   45.0000  -30.0000 2192.6072   27.6369
   -7.5000  -45.0000  -22.5000 2253.4719   27.8538
    0.0000  -45.0000  -22.5000 2264.3728   27.7955
    7.5000  -45.0000  -22.5000 2248.9797   27.5825
   -7.5000  -37.5000  -22.5000 2371.0393   25.2968
    0.0000  -37.5000  -22.5000 2382.8862   25.2404
    7.5000  -37.5000  -22.5000 2367.4939   25.1062
   -7.5000  -30.0000  -22.5000 2469.7227   23.1532
    0.0000  -30.0000  -22.5000 2484.0337   23.0800
    7.5000  -30.0000  -22.5000 2461.9436   23.0547
   -7.5000  -22.5000  -22.5000 2548.8706   21.5108
    0.0000  -22.5000  -22.5000 2559.4836   21.4554
    7.5000  -22.5000  -22.5000 2538.2341   21.4685
   -7.5000  -15.0000  -22.5000 2590.9519   20.5058
    0.0000  -15.0000  -22.5000 2602.0256   20.4764
    7.5000  -15.0000  -22.5000 2578.4055   20.5253
   -7.5000   -7.5000  -22.5000 2614.5901   19.9719
    0.0000   -7.5000  -22.5000 2629.3479   19.9036
    7.5000   -7.5000  -22.5000 2601.7061   19.9512
   -7.5000    0.0000  -22.5000 2623.4399   19.7940
    0.0000    0.0000  -22.5000 2635.1050   19.6963
    7.5000    0.0000  -22.5000 2612.0637   19.7398
   -7.5000    7.5000  -22.5000 2611.3057   19.8871
    0.0000    7.5000  -22.5000 2627.4067   19.8027
    7.5000    7.5000  -22.5000 2601.8850   19.8353
   -7.5000   15.0000  -22.5000 2597.0183   20.3099
    0.0000   15.0000  -22.5000 2612.8506   20.1936
    7.5000   15.0000  -22.5000 2584.9460   20.2758
   -7.5000   22.5000  -22.5000 2569.3638   21.1044
    0.0000   22.5000  -22.5000 2590.9031   21.0397
    7.5000   22.5000  -22.5000 2558.7510   21.0589
   -7.5000   30.0000  -22.5000 2513.7698   22.3200
    0.0000   30.0000  -22.5000 2534.2627   22.2817
    7.5000   30.0000  -22.5000 2506.1074   22.3226
   -7.5000   37.5000  -22.5000 2426.0447   24.0273
    0.0000   37.5000  -22.5000 2444.9319   23.9873
    7.5000   37.5000  -22.5000 2417.1538   24.0584
   -7.5000   45.0000  -22.5000 2316.8389   26.3448
    0.0000   45.0000  -22.5000 2328.0281   26.2204
    7.5000   45.0000  -22.5000 2304.4580   26.3024
   -7.5000  -45.0000  -15.0000 2308.0103   26.8328
    0.0000  -45.0000  -15.0000 2327.2046   26.7791
    7.5000  -45.0000  -15.0000 2309.2078   26.6903
   -7.5000  -37.5000  -15.0000 2430.4500   24.2283
    0.0000  -37.5000  -15.0000 2448.3596   24.1837
    7.5000  -37.5000  -15.0000 2424.3748   24.1201
   -7.5000  -30.0000  -15.0000 2533.4729   22.1077
    0.0000  -30.0000  -15.0000 2550.4077   22.0839
    7.5000  -30.0000  -15.0000 2526.1223   22.0463
   -7.5000  -22.5000  -15.0000 2609.6536   20.4832
    0.0000  -22.5000  -15.0000 2624.7773   20.4298
    7.5000  -22.5000  -15.0000 2603.8196   20.4704
   -7.5000  -15.0000  -15.0000 2662.9944   19.4803
    0.0000  -15.0000  -15.0000 2677.5049   19.3619
    7.5000  -15.0000  -15.0000 2655.6304   19.4659
   -7.5000   -7.5000  -15.0000 2697.8491   18.8820
    0.0000   -7.5000  -15.0000 2715.2305   18.7916
    7.5000   -7.5000  -15.0000 2687.8701   18.9037
   -7.5000    0.0000  -15.0000 2711.4070   18.6493
    0.0000    0.0000  -15.0000 2727.1294   18.5625
    7.5000    0.0000  -15.0000 2700.6804   18.6307
   -7.5000    7.5000  -15.0000 2706.4243   18.7715
    0.0000    7.5000  -15.0000 2723.6902   18.6769
    7.5000    7.5000  -15.0000 2697.0403   18.7622
   -7.5000   15.0000  -15.0000 2691.1516   19.1880
    0.0000   15.0000  -15.0000 2712.2627   19.1089
    7.5000   15.0000  -15.0000 2683.0137   19.2036
   -7.5000   22.5000  -15.0000 2656.0986   19.9569
    0.0000   22.5000  -15.0000 2684.8564   19.8708
    7.5000   22.5000  -15.0000 2654.5513   19.9833
   -7.5000   30.0000  -15.0000 2596.1926   21.1390
    0.0000   30.0000  -15.0000 2623.5771   21.0741
    7.5000   30.0000  -15.0000 2595.3677   21.1934
   -7.5000   37.5000  -15.0000 2509.1958   22.8209
    0.0000   37.5000  -15.0000 2529.8467   22.7450
    7.5000   37.5000  -15.0000 2508.7959   22.8740
   -7.5000   45.0000  -15.0000 2391.2542   25.0388
    0.0000   45.0000  -15.0000 2410.3054   24.9242
    7.5000   45.0000  -15.0000 2391.7500   25.0690
   -7.5000  -45.0000   -7.5000 2344.7900   25.8323
    0.0000  -45.0000   -7.5000 2370.7629   25.7370
    7.5000  -45.0000   -7.5000 2346.7756   25.7168
   -7.5000  -37.5000   -7.5000 2464.2449   23.2071
    0.0000  -37.5000   -7.5000 2488.4526   23.1841
    7.5000  -37.5000   -7.5000 2464.3657   23.1690
   -7.5000  -30.0000   -7.5000 2578.3171   21.1287
    0.0000  -30.0000   -7.5000 2597.3987   21.1051
    7.5000  -30.0000   -7.5000 2574.3513   21.1329
   -7.5000  -22.5000   -7.5000 2667.0930   19.5206
    0.0000  -22.5000   -7.5000 2684.0281   19.4659
    7.5000  -22.5000   -7.5000 2660.2871   19.5298
   -7.5000  -15.0000   -7.5000 2725.4470   18.4556
    0.0000  -15.0000   -7.5000 2735.8015   18.3226
    7.5000  -15.0000   -7.5000 2721.8809   18.4439
   -7.5000   -7.5000   -7.5000 2761.9741   17.8300
    0.0000   -7.5000   -7.5000 2780.5291   17.7185
    7.5000   -7.5000   -7.5000 2756.4727   17.8588
   -7.5000    0.0000   -7.5000 2778.8489   17.5344
    0.0000    0.0000   -7.5000 2801.6606   17.4416
    7.5000    0.0000   -7.5000 2774.6052   17.5669
   -7.5000    7.5000   -7.5000 2777.5535   17.7086
    0.0000    7.5000   -7.5000 2802.8784   17.5798
    7.5000    7.5000   -7.5000 2782.5637   17.7579
   -7.5000   15.0000   -7.5000 2770.6963   18.1795
    0.0000   15.0000   -7.5000 2796.5220   18.0531
    7.5000   15.0000   -7.5000 2771.2136   18.2658
   -7.5000   22.5000   -7.5000 2735.0205   18.9202
    0.0000   22.5000   -7.5000 2757.7642   18.8041
    7.5000   22.5000   -7.5000 2735.2053   18.9970
   -7.5000   30.0000   -7.5000 2666.4680   20.0528
    0.0000   30.0000   -7.5000 2684.7263   19.9432
    7.5000   30.0000   -7.5000 2667.0535   20.0876
   -7.5000   37.5000   -7.5000 2570.6509   21.7070
    0.0000   37.5000   -7.5000 2591.2954   21.5871
    7.5000   37.5000   -7.5000 2571.0715   21.6965
   -7.5000   45.0000   -7.5000 2451.8657   23.8474
    0.0000   45.0000   -7.5000 2474.8757   23.7262
    7.5000   45.0000   -7.5000 2453.4890   23.8787
   -7.5000  -45.0000    0.0000 2357.0222   25.0881
    0.0000  -45.0000    0.0000 2377.3398   24.9569
    7.5000  -45.0000    0.0000 2361.1250   24.9767
   -7.5000  -37.5000    0.0000 2479.1265   22.5056
    0.0000  -37.5000    0.0000 2502.8333   22.4608
    7.5000  -37.5000    0.0000 2481.9297   22.4344
   -7.5000  -30.0000    0.0000 2597.1267   20.3997
    0.0000  -30.0000    0.0000 2622.6953   20.3652
    7.5000  -30.0000    0.0000 2596.1436   20.3563
   -7.5000  -22.5000    0.0000 2699.7788   18.7695
    0.0000  -22.5000    0.0000 2720.1956   18.7167
    7.5000  -22.5000    0.0000 2697.6274   18.7818
   -7.5000  -15.0000    0.0000 2768.0225   17.6599
    0.0000  -15.0000    0.0000 2788.2126   17.5496
    7.5000  -15.0000    0.0000 2770.5940   17.6770
   -7.5000   -7.5000    0.0000 2809.4441   16.9856
    0.0000   -7.5000    0.0000 2828.8354   16.8388
    7.5000   -7.5000    0.0000 2810.3782   17.0170
   -7.5000    0.0000    0.0000 2832.5701   16.6834
    0.0000    0.0000    0.0000 2854.5972   16.5462
    7.5000    0.0000    0.0000 2837.7849   16.7437
   -7.5000    7.5000    0.0000 2843.8115   16.8409
    0.0000    7.5000    0.0000 2866.6382   16.7207
    7.5000    7.5000    0.0000 2853.9580   16.9382
   -7.5000   15.0000    0.0000 2829.1589   17.3390
    0.0000   15.0000    0.0000 2856.7166   17.1818
    7.5000   15.0000    0.0000 2839.9297   17.4343
   -7.5000   22.5000    0.0000 2785.5962   18.1255
    0.0000   22.5000    0.0000 2804.8005   17.9568
    7.5000   22.5000    0.0000 2791.6575   18.1999
   -7.5000   30.0000    0.0000 2711.5242   19.2803
    0.0000   30.0000    0.0000 2726.2212   19.0938
    7.5000   30.0000    0.0000 2712.7561   19.3541
   -7.5000   37.5000    0.0000 2610.8618   20.8885
    0.0000   37.5000    0.0000 2627.6926   20.6899
    7.5000   37.5000    0.0000 2609.1877   20.9469
   -7.5000   45.0000    0.0000 2495.3711   22.9525
    0.0000   45.0000    0.0000 2516.7688   22.7767
    7.5000   45.0000    0.0000 2490.0137   22.9761
   -7.5000  -45.0000    7.5000 2365.1270   24.7951
    0.0000  -45.0000    7.5000 2388.2922   24.6095
    7.5000  -45.0000    7.5000 2375.4839   24.7296
   -7.5000  -37.5000    7.5000 2489.8745   22.1775
    0.0000  -37.5000    7.5000 2511.0620   21.9881
    7.5000  -37.5000    7.5000 2497.7175   22.1310
   -7.5000  -30.0000    7.5000 2601.8145   20.0463
    0.0000  -30.0000    7.5000 2624.4639   19.8744
    7.5000  -30.0000    7.5000 2605.3572   19.9870
   -7.5000  -22.5000    7.5000 2705.2932   18.4022
    0.0000  -22.5000    7.5000 2732.6748   18.2732
    7.5000  -22.5000    7.5000 2708.2725   18.3422
   -7.5000  -15.0000    7.5000 2795.4641   17.2880
    0.0000  -15.0000    7.5000 2823.2900   17.1507
    7.5000  -15.0000    7.5000 2799.6094   17.2434
   -7.5000   -7.5000    7.5000 2854.4253   16.4696
    0.0000   -7.5000    7.5000 2882.0444   16.2926
    7.5000   -7.5000    7.5000 2862.1790   16.5476
   -7.5000    0.0000    7.5000 2879.2778   16.0637
    0.0000    0.0000    7.5000 2905.8755   15.8587
    7.5000    0.0000    7.5000 2884.6768   16.2104
   -7.5000    7.5000    7.5000 2889.7485   16.2708
    0.0000    7.5000    7.5000 2914.1060   16.0676
    7.5000    7.5000    7.5000 2902.1367   16.4203
   -7.5000   15.0000    7.5000 2878.4365   16.8389
    0.0000   15.0000    7.5000 2899.9011   16.5627
    7.5000   15.0000    7.5000 2890.8201   16.9365
   -7.5000   22.5000    7.5000 2832.1414   17.6882
    0.0000   22.5000    7.5000 2850.4688   17.3785
    7.5000   22.5000    7.5000 2841.6711   17.7788
   -7.5000   30.0000    7.5000 2750.0703   18.8860
    0.0000   30.0000    7.5000 2766.1548   18.6163
    7.5000   30.0000    7.5000 2754.2031   19.0066
   -7.5000   37.5000    7.5000 2647.1318   20.5118
    0.0000   37.5000    7.5000 2657.3413   20.2484
    7.5000   37.5000    7.5000 2642.1343   20.5894
   -7.5000   45.0000    7.5000 2525.5977   22.5496
    0.0000   45.0000    7.5000 2542.4998   22.2583
    7.5000   45.0000    7.5000 2520.8323   22.5420
   -7.5000  -45.0000   15.0000 2354.6973   24.6612
    0.0000  -45.0000   15.0000 2374.8655   24.4062
    7.5000  -45.0000   15.0000 2368.0366   24.5844
   -7.5000  -37.5000   15.0000 2480.1560   22.0525
    0.0000  -37.5000   15.0000 2496.4478   21.8322
    7.5000  -37.5000   15.0000 2486.6453   22.0039
   -7.5000  -30.0000   15.0000 2589.7913   19.9272
    0.0000  -30.0000   15.0000 2610.2065   19.7142
    7.5000  -30.0000   15.0000 2597.9766   19.8858
   -7.5000  -22.5000   15.0000 2697.8921   18.2902
    0.0000  -22.5000   15.0000 2726.6697   18.1087
    7.5000  -22.5000   15.0000 2708.9270   18.2813
   -7.5000  -15.0000   15.0000 2794.1575   17.1981
    0.0000  -15.0000   15.0000 2821.5869   17.0254
    7.5000  -15.0000   15.0000 2808.9209   17.1707
   -7.5000   -7.5000   15.0000 2877.8679   16.5317
    0.0000   -7.5000   15.0000 2914.4717   16.3629
    7.5000   -7.5000   15.0000 2894.4504   16.5627
   -7.5000    0.0000   15.0000 2918.6819   15.9543
    0.0000    0.0000   15.0000 2957.1990   15.6371
    7.5000    0.0000   15.0000 2932.4741   16.1828
   -7.5000    7.5000   15.0000 2936.6619   16.1423
    0.0000    7.5000   15.0000 2962.4302   15.7199
    7.5000    7.5000   15.0000 2937.0464   16.3075
   -7.5000   15.0000   15.0000 2909.6077   16.7841
    0.0000   15.0000   15.0000 2930.5303   16.3920
    7.5000   15.0000   15.0000 2917.3301   16.7953
   -7.5000   22.5000   15.0000 2858.7412   17.5955
    0.0000   22.5000   15.0000 2878.4255   17.2678
    7.5000   22.5000   15.0000 2864.9846   17.5971
   -7.5000   30.0000   15.0000 2772.3196   18.7933
    0.0000   30.0000   15.0000 2788.9792   18.5004
    7.5000   30.0000   15.0000 2775.3064   18.7754
   -7.5000   37.5000   15.0000 2664.0217   20.4252
    0.0000   37.5000   15.0000 2677.0559   20.1603
    7.5000   37.5000   15.0000 2662.4185   20.3882
   -7.5000   45.0000   15.0000 2534.3953   22.4095
    0.0000   45.0000   15.0000 2554.6838   22.1875
    7.5000   45.0000   15.0000 2533.4048   22.3719
   -7.5000  -45.0000   22.5000 2344.8582   24.9166
    0.0000  -45.0000   22.5000 2356.6509   24.5409
    7.5000  -45.0000   22.5000 2360.0764   24.9125
   -7.5000  -37.5000   22.5000 2463.8376   22.2613
    0.0000  -37.5000   22.5000 2474.9971   21.8134
    7.5000  -37.5000   22.5000 2477.6638   22.2239
   -7.5000  -30.0000   22.5000 2577.8943   20.1214
    0.0000  -30.0000   22.5000 2583.5278   19.6580
    7.5000  -30.0000   22.5000 2599.9507   20.1200
   -7.5000  -22.5000   22.5000 2693.3223   18.5100
    0.0000  -22.5000   22.5000 2701.1973   18.1179
    7.5000  -22.5000   22.5000 2716.1382   18.5072
   -7.5000  -15.0000   22.5000 2792.9585   17.4784
    0.0000  -15.0000   22.5000 2818.3604   17.1799
    7.5000  -15.0000   22.5000 2819.4150   17.4274
   -7.5000   -7.5000   22.5000 2888.2878   16.8438
    0.0000   -7.5000   22.5000 2932.7124   16.6249
    7.5000   -7.5000   22.5000 2898.4512   16.7427
   -7.5000    0.0000   22.5000 2940.2979   16.4177
    0.0000    0.0000   22.5000 2988.8418   16.0430
    7.5000    0.0000   22.5000 2928.1060   16.3506
   -7.5000    7.5000   22.5000 2946.7664   16.4780
    0.0000    7.5000   22.5000 2982.3997   16.1300
    7.5000    7.5000   22.5000 2935.4614   16.4774
   -7.5000   15.0000   22.5000 2914.1426   16.9261
    0.0000   15.0000   22.5000 2939.3328   16.6370
    7.5000   15.0000   22.5000 2911.2244   16.9182
   -7.5000   22.5000   22.5000 2859.9507   17.7124
    0.0000   22.5000   22.5000 2878.6274   17.4138
    7.5000   22.5000   22.5000 2861.5925   17.6675
   -7.5000   30.0000   22.5000 2770.4565   18.8885
    0.0000   30.0000   22.5000 2782.9160   18.5814
    7.5000   30.0000   22.5000 2774.7029   18.8316
   -7.5000   37.5000   22.5000 2664.1941   20.4770
    0.0000   37.5000   22.5000 2675.2478   20.1640
    7.5000   37.5000   22.5000 2665.0469   20.3992
   -7.5000   45.0000   22.5000 2541.9514   22.4612
    0.0000   45.0000   22.5000 2555.5305   22.2022
    7.5000   45.0000   22.5000 2538.6575   22.3825
   -7.5000  -45.0000   30.0000 2324.0552   25.4935
    0.0000  -45.0000   30.0000 2330.5334   24.9419
    7.5000  -45.0000   30.0000 2343.5759   25.3823
   -7.5000  -37.5000   30.0000 2445.7871   22.8270
    0.0000  -37.5000   30.0000 2460.1589   22.3337
    7.5000  -37.5000   30.0000 2464.7888   22.6866
   -7.5000  -30.0000   30.0000 2570.6843   20.7869
    0.0000  -30.0000   30.0000 2587.1917   20.3933
    7.5000  -30.0000   30.0000 2583.8733   20.6215
   -7.5000  -22.5000   30.0000 2695.1487   19.2751
    0.0000  -22.5000   30.0000 2714.2036   18.9219
    7.5000  -22.5000   30.0000 2705.2402   19.0930
   -7.5000  -15.0000   30.0000 2794.0046   18.2204
    0.0000  -15.0000   30.0000 2819.1357   17.9030
    7.5000  -15.0000   30.0000 2801.4990   18.0109
   -7.5000   -7.5000   30.0000 2871.7671   17.4941
    0.0000   -7.5000   30.0000 2899.2988   17.1203
    7.5000   -7.5000   30.0000 2868.3970   17.2435
   -7.5000    0.0000   30.0000 2916.4224   17.0368
    0.0000    0.0000   30.0000 2953.3906   16.6513
    7.5000    0.0000   30.0000 2908.8518   16.8374
   -7.5000    7.5000   30.0000 2925.0747   17.0698
    0.0000    7.5000   30.0000 2967.9229   16.8197
    7.5000    7.5000   30.0000 2921.2246   16.9341
   -7.5000   15.0000   30.0000 2892.1626   17.5239
    0.0000   15.0000   30.0000 2922.5940   17.2956
    7.5000   15.0000   30.0000 2888.2332   17.4156
   -7.5000   22.5000   30.0000 2833.0427   18.2917
    0.0000   22.5000   30.0000 2857.5754   18.0444
    7.5000   22.5000   30.0000 2833.2759   18.1650
   -7.5000   30.0000   30.0000 2744.7751   19.3362
    0.0000   30.0000   30.0000 2760.8335   19.0936
    7.5000   30.0000   30.0000 2746.0625   19.2223
   -7.5000   37.5000   30.0000 2644.6392   20.7958
    0.0000   37.5000   30.0000 2662.9390   20.5548
    7.5000   37.5000   30.0000 2647.5664   20.7103
   -7.5000   45.0000   30.0000 2520.0200   22.6898
    0.0000   45.0000   30.0000 2540.2075   22.4877
    7.5000   45.0000   30.0000 2522.0281   22.5928
   -7.5000  -45.0000   37.5000 2303.7795   26.4823
    0.0000  -45.0000   37.5000 2319.2673   26.0331
    7.5000  -45.0000   37.5000 2317.5955   26.3445
   -7.5000  -37.5000   37.5000 2438.8181   23.7943
    0.0000  -37.5000   37.5000 2456.6277   23.3622
    7.5000  -37.5000   37.5000 2446.6716   23.6434
   -7.5000  -30.0000   37.5000 2565.0474   21.7384
    0.0000  -30.0000   37.5000 2580.8884   21.3071
    7.5000  -30.0000   37.5000 2569.2051   21.5424
   -7.5000  -22.5000   37.5000 2683.0938   20.1492
    0.0000  -22.5000   37.5000 2694.7815   19.6892
    7.5000  -22.5000   37.5000 2687.1343   19.9088
   -7.5000  -15.0000   37.5000 2772.9053   18.9966
    0.0000  -15.0000   37.5000 2779.3237   18.4745
    7.5000  -15.0000   37.5000 2774.8083   18.6920
   -7.5000   -7.5000   37.5000 2837.3147   18.2079
    0.0000   -7.5000   37.5000 2852.6069   17.6711
    7.5000   -7.5000   37.5000 2836.9038   17.9247
   -7.5000    0.0000   37.5000 2872.8872   17.7496
    0.0000    0.0000   37.5000 2901.8037   17.3686
    7.5000    0.0000   37.5000 2878.5120   17.5595
   -7.5000    7.5000   37.5000 2880.8464   17.7965
    0.0000    7.5000   37.5000 2921.8188   17.5249
    7.5000    7.5000   37.5000 2885.4299   17.6528
   -7.5000   15.0000   37.5000 2851.7803   18.3016
    0.0000   15.0000   37.5000 2879.9260   18.0615
    7.5000   15.0000   37.5000 2852.4917   18.1270
   -7.5000   22.5000   37.5000 2793.3481   19.0996
    0.0000   22.5000   37.5000 2816.4365   18.8172
    7.5000   22.5000   37.5000 2795.3264   18.9080
   -7.5000   30.0000   37.5000 2704.9099   20.1976
    0.0000   30.0000   37.5000 2726.2090   19.9365
    7.5000   30.0000   37.5000 2706.3850   19.9969
   -7.5000   37.5000   37.5000 2608.8303   21.5650
    0.0000   37.5000   37.5000 2625.9536   21.2892
    7.5000   37.5000   37.5000 2611.3191   21.4026
   -7.5000   45.0000   37.5000 2487.8264   23.3541
    0.0000   45.0000   37.5000 2503.0374   23.0999
    7.5000   45.0000   37.5000 2486.2161   23.1713
   -7.5000  -45.0000   45.0000 2266.4565   27.7174
    0.0000  -45.0000   45.0000 2285.9836   27.1894
    7.5000  -45.0000   45.0000 2276.4236   27.5467
   -7.5000  -37.5000   45.0000 2405.4272   24.8793
    0.0000  -37.5000   45.0000 2420.4451   24.3768
    7.5000  -37.5000   45.0000 2410.9866   24.7260
   -7.5000  -30.0000   45.0000 2529.9299   22.6999
    0.0000  -30.0000   45.0000 2539.1304   22.1763
    7.5000  -30.0000   45.0000 2534.3669   22.5277
   -7.5000  -22.5000   45.0000 2640.5564   21.0266
    0.0000  -22.5000   45.0000 2644.9946   20.4491
    7.5000  -22.5000   45.0000 2644.0273   20.7967
   -7.5000  -15.0000   45.0000 2722.6606   19.8543
    0.0000  -15.0000   45.0000 2724.7666   19.2235
    7.5000  -15.0000   45.0000 2727.1301   19.5804
   -7.5000   -7.5000   45.0000 2782.1011   19.0808
    0.0000   -7.5000   45.0000 2791.5139   18.5346
    7.5000   -7.5000   45.0000 2788.4216   18.8808
   -7.5000    0.0000   45.0000 2815.8025   18.6747
    0.0000    0.0000   45.0000 2832.8533   18.2631
    7.5000    0.0000   45.0000 2825.2646   18.5403
   -7.5000    7.5000   45.0000 2814.4949   18.7452
    0.0000    7.5000   45.0000 2846.4387   18.3984
    7.5000    7.5000   45.0000 2820.6663   18.5880
   -7.5000   15.0000   45.0000 2788.5266   19.2012
    0.0000   15.0000   45.0000 2809.9841   18.8987
    7.5000   15.0000   45.0000 2793.2693   19.0432
   -7.5000   22.5000   45.0000 2734.1348   19.9956
    0.0000   22.5000   45.0000 2750.1123   19.7025
    7.5000   22.5000   45.0000 2740.7388   19.8444
   -7.5000   30.0000   45.0000 2650.0876   21.1151
    0.0000   30.0000   45.0000 2669.2839   20.8831
    7.5000   30.0000   45.0000 2659.4844   20.9750
   -7.5000   37.5000   45.0000 2551.9182   22.5414
    0.0000   37.5000   45.0000 2564.7544   22.2631
    7.5000   37.5000   45.0000 2555.0864   22.3393
   -7.5000   45.0000   45.0000 2427.4077   24.2941
    0.0000   45.0000   45.0000 2444.9709   24.0222
    7.5000   45.0000   45.0000 2431.6309   24.1032

---------------------------------------------------------------------
imgreg_4dfp /opt/freesurfer/average/711-2C_as_mni_average_305 /opt/freesurfer/average/711-2B_as_mni_average_305_mask talsrcimg_g11 none talsrcimg_to_711-2C_as_mni_average_305_t4 1283
---------------------------------------------------------------------

freesurfer imgreg_4dfp.c
/opt/freesurfer/average/711-2C_as_mni_average_305.4dfp.img
       256       256       256         1
  1.000000  1.000000  1.000000
orientation T byte_order littleendian
Reading image: /opt/freesurfer/average/711-2C_as_mni_average_305.4dfp.img
dimensions:      256       256       256
mmppix:       1.0000   -1.0000   -1.0000
center:     128.0000 -129.0000 -129.0000
/opt/freesurfer/average/711-2B_as_mni_average_305_mask.4dfp.img
       256       256       256         1
  1.000000  1.000000  1.000000
orientation T byte_order littleendian
Reading mask: /opt/freesurfer/average/711-2B_as_mni_average_305_mask.4dfp.img (2306576 pixels)
talsrcimg_g11.4dfp.img
       256       256       256         1
  1.000000  1.000000  1.000000
orientation T byte_order littleendian
Reading image: talsrcimg_g11.4dfp.img
dimensions:      256       256       256
mmppix:       1.0000   -1.0000   -1.0000
center:     128.0000 -129.0000 -129.0000
rotation matrix determinant  1.000000
fimgreg.f
image alignment mode   1283 decimal      503 hex
parameters
    0.0000    0.0000   22.5000    0.0000    0.0000    0.0000
eta,q 0.93956 16.10874
niter,ni,del,rscale     5    3   12.0000    1.2000
parameters
   -0.9528    1.9208   21.2222    0.8412   -0.2273   -1.3384
eta,q 0.94415 15.91654
  0.0689  0.0768  0.0664  0.0676  0.0627  0.0588
  0.0650  0.0717  0.0586  0.0619  0.0596  0.0569
  0.0610  0.0652  0.0559  0.0582  0.0568  0.0561
  0.0618  0.0606  0.0589  0.0564  0.0562  0.0560
  0.0647  0.0589  0.0648  0.0568  0.0569  0.0573
  0.0695  0.0611  0.0675  0.0592  0.0590  0.0600
  0.0743  0.0654  0.0685  0.0624  0.0649  0.0635
niter,ni,del,rscale     4    3   12.0000    1.2000
parameters
   -1.0284    1.5345   21.4279    1.2868   -0.2888   -1.4523
eta,q 0.94415 15.92453
  0.0691  0.0681  0.0725  0.0664  0.0623  0.0606
  0.0632  0.0608  0.0635  0.0604  0.0594  0.0578
  0.0595  0.0562  0.0567  0.0572  0.0567  0.0564
  0.0559  0.0559  0.0556  0.0558  0.0558  0.0558
  0.0584  0.0598  0.0599  0.0568  0.0567  0.0562
  0.0637  0.0647  0.0655  0.0596  0.0585  0.0581
  0.0701  0.0692  0.0672  0.0630  0.0634  0.0611
niter,ni,del,rscale     3    3   12.0000    1.2000
parameters
   -1.0460    1.3619   21.5744    1.4956   -0.3184   -1.5018
eta,q 0.94407 15.92823
  0.0690  0.0686  0.0722  0.0657  0.0625  0.0608
  0.0631  0.0616  0.0630  0.0599  0.0595  0.0579
  0.0595  0.0569  0.0567  0.0570  0.0568  0.0565
  0.0558  0.0559  0.0558  0.0559  0.0559  0.0559
  0.0582  0.0592  0.0602  0.0572  0.0568  0.0562
  0.0632  0.0639  0.0656  0.0602  0.0586  0.0581
  0.0695  0.0685  0.0673  0.0636  0.0632  0.0610
niter,ni,del,rscale     2    3   12.0000    1.2000
parameters
   -1.0584    1.2910   21.6528    1.5963   -0.3382   -1.5156
eta,q 0.94400 15.93012
  0.0688  0.0690  0.0718  0.0654  0.0626  0.0609
  0.0631  0.0621  0.0626  0.0598  0.0595  0.0580
  0.0596  0.0573  0.0566  0.0569  0.0568  0.0566
  0.0559  0.0559  0.0559  0.0560  0.0560  0.0560
  0.0583  0.0589  0.0606  0.0574  0.0569  0.0563
  0.0632  0.0637  0.0658  0.0605  0.0587  0.0581
  0.0694  0.0683  0.0673  0.0638  0.0632  0.0610
niter,ni,del,rscale     1    3   12.0000    1.2000
parameters
   -1.0613    1.2636   21.6927    1.6438   -0.3485   -1.5216
eta,q 0.94396 15.93105
  0.0688  0.0691  0.0716  0.0652  0.0626  0.0609
  0.0631  0.0623  0.0624  0.0597  0.0596  0.0581
  0.0597  0.0575  0.0566  0.0569  0.0569  0.0567
  0.0560  0.0560  0.0560  0.0560  0.0560  0.0560
  0.0583  0.0588  0.0608  0.0575  0.0570  0.0563
  0.0631  0.0635  0.0659  0.0607  0.0587  0.0581
  0.0693  0.0681  0.0674  0.0640  0.0632  0.0610
registration optimization eta report
parameter search radius
    6.0000    6.0000    6.0000    6.0000    6.0000    6.0000
100000*second partial in parameter space
       34.       34.       35.       23.       19.       14.
  0.0688  0.0691  0.0716  0.0652  0.0626  0.0609
  0.0631  0.0623  0.0624  0.0597  0.0596  0.0581
  0.0597  0.0575  0.0566  0.0569  0.0569  0.0567
  0.0560  0.0560  0.0560  0.0560  0.0560  0.0560
  0.0583  0.0588  0.0608  0.0575  0.0570  0.0563
  0.0631  0.0635  0.0659  0.0607  0.0587  0.0581
  0.0693  0.0681  0.0674  0.0640  0.0632  0.0610
   -1.0613    1.2636   21.6927    1.6438   -0.3485   -1.5216
eta,q 0.94396 15.93105

---------------------------------------------------------------------
imgreg_4dfp /opt/freesurfer/average/711-2C_as_mni_average_305 /opt/freesurfer/average/711-2B_as_mni_average_305_mask talsrcimg_g11 none talsrcimg_to_711-2C_as_mni_average_305_t4 3335
---------------------------------------------------------------------

freesurfer imgreg_4dfp.c
/opt/freesurfer/average/711-2C_as_mni_average_305.4dfp.img
       256       256       256         1
  1.000000  1.000000  1.000000
orientation T byte_order littleendian
Reading image: /opt/freesurfer/average/711-2C_as_mni_average_305.4dfp.img
dimensions:      256       256       256
mmppix:       1.0000   -1.0000   -1.0000
center:     128.0000 -129.0000 -129.0000
/opt/freesurfer/average/711-2B_as_mni_average_305_mask.4dfp.img
       256       256       256         1
  1.000000  1.000000  1.000000
orientation T byte_order littleendian
Reading mask: /opt/freesurfer/average/711-2B_as_mni_average_305_mask.4dfp.img (2306576 pixels)
talsrcimg_g11.4dfp.img
       256       256       256         1
  1.000000  1.000000  1.000000
orientation T byte_order littleendian
Reading image: talsrcimg_g11.4dfp.img
dimensions:      256       256       256
mmppix:       1.0000   -1.0000   -1.0000
center:     128.0000 -129.0000 -129.0000
fimgreg.f
image alignment mode   3335 decimal      D07 hex
parameters
   -1.0613    1.2636   21.6927   -0.0371   -0.0769   -0.0430
    2.6718    0.5317   -2.6554   -2.8836   -0.6083    2.8684
eta,q 0.94305 15.97650
niter,ni,del,rscale     5    3    5.0000    1.2000
parameter  2 -0.590822 -> -0.500000 qaram    1.1500
parameter  4  5.573281 ->  0.500000 qaram    1.1500
parameter  5 -3.853592 ->  0.500000 qaram    1.1500
parameter  6  0.804127 ->  0.500000 qaram    1.1500
parameters
   -0.8535    2.6436   20.9114   -4.1771   -4.2169   -4.1830
    1.7447    2.0279   -1.5461   -2.1596    0.5433    1.0861
eta,q 0.96673 16.22496
  0.0598  0.0594  0.0572  0.0428  0.0327  0.0333  0.0367  0.0455  0.0369  0.0392  0.0374  0.0345
  0.0583  0.0584  0.0563  0.0454  0.0375  0.0339  0.0351  0.0407  0.0353  0.0363  0.0355  0.0335
  0.0573  0.0575  0.0562  0.0503  0.0425  0.0355  0.0342  0.0366  0.0342  0.0343  0.0343  0.0333
  0.0570  0.0569  0.0565  0.0562  0.0466  0.0389  0.0342  0.0341  0.0336  0.0336  0.0336  0.0335
  0.0571  0.0566  0.0572  0.0620  0.0502  0.0458  0.0349  0.0337  0.0337  0.0340  0.0335  0.0340
  0.0577  0.0565  0.0579  0.0676  0.0541  0.0549  0.0363  0.0355  0.0343  0.0352  0.0342  0.0349
  0.0589  0.0568  0.0588  0.0721  0.0572  0.0649  0.0382  0.0393  0.0354  0.0372  0.0356  0.0360
niter,ni,del,rscale     7    3    5.0000    1.2000
parameter  2  0.787702 ->  0.500000 qaram    1.3225
parameter  3  1.117590 ->  0.500000 qaram    1.1500
parameter  4  0.525734 ->  0.500000 qaram    1.3225
parameter  5  1.072100 ->  0.500000 qaram    1.3225
parameters
   -0.5804    1.0566   19.5314   -8.9381   -8.9779   -4.9917
    1.6304    1.6410   -1.6066   -3.4494    0.9253    1.5433
eta,q 0.97715 16.29836
  0.0395  0.0316  0.0284  0.0288  0.0230  0.0275  0.0263  0.0272  0.0254  0.0256  0.0240  0.0246
  0.0365  0.0312  0.0287  0.0280  0.0225  0.0257  0.0246  0.0245  0.0241  0.0236  0.0233  0.0236
  0.0343  0.0318  0.0297  0.0276  0.0239  0.0241  0.0234  0.0233  0.0233  0.0229  0.0230  0.0231
  0.0333  0.0332  0.0313  0.0289  0.0278  0.0226  0.0230  0.0230  0.0230  0.0230  0.0229  0.0229
  0.0334  0.0353  0.0335  0.0337  0.0334  0.0220  0.0235  0.0236  0.0233  0.0239  0.0230  0.0229
  0.0348  0.0379  0.0361  0.0410  0.0389  0.0251  0.0247  0.0251  0.0242  0.0257  0.0232  0.0234
  0.0373  0.0408  0.0391  0.0484  0.0433  0.0336  0.0266  0.0283  0.0256  0.0281  0.0237  0.0242
niter,ni,del,rscale     7    3    5.0000    1.2000
parameter  3  0.546626 ->  0.500000 qaram    1.3225
parameters
   -0.2834    1.7332   17.9444   -9.3442  -11.7130   -5.5117
    1.5024    1.9149   -1.6681   -3.0705    1.9274   -0.1639
eta,q 0.97797 16.14708
  0.0267  0.0308  0.0222  0.0276  0.0261  0.0262  0.0250  0.0272  0.0240  0.0259  0.0230  0.0228
  0.0248  0.0272  0.0219  0.0253  0.0237  0.0245  0.0234  0.0240  0.0230  0.0234  0.0226  0.0222
  0.0235  0.0244  0.0220  0.0234  0.0220  0.0232  0.0225  0.0226  0.0224  0.0223  0.0223  0.0220
  0.0228  0.0228  0.0225  0.0219  0.0220  0.0219  0.0221  0.0221  0.0221  0.0221  0.0222  0.0221
  0.0229  0.0225  0.0234  0.0213  0.0250  0.0209  0.0225  0.0225  0.0223  0.0226  0.0221  0.0225
  0.0237  0.0237  0.0249  0.0243  0.0308  0.0228  0.0236  0.0237  0.0230  0.0234  0.0223  0.0231
  0.0252  0.0262  0.0269  0.0309  0.0364  0.0308  0.0252  0.0264  0.0241  0.0248  0.0227  0.0238
niter,ni,del,rscale     7    3    5.0000    1.2000
parameters
   -0.1995    2.5851   18.0345   -8.5670  -12.9320   -5.4132
    1.5326    1.7567   -2.1574   -1.8052    2.0316   -1.0201
eta,q 0.97859 16.13830
  0.0252  0.0291  0.0243  0.0278  0.0274  0.0260  0.0245  0.0263  0.0232  0.0262  0.0224  0.0225
  0.0235  0.0259  0.0227  0.0254  0.0247  0.0243  0.0228  0.0232  0.0222  0.0232  0.0218  0.0218
  0.0224  0.0236  0.0218  0.0233  0.0224  0.0228  0.0218  0.0218  0.0216  0.0218  0.0216  0.0215
  0.0220  0.0220  0.0215  0.0215  0.0212  0.0214  0.0214  0.0214  0.0214  0.0214  0.0214  0.0214
  0.0223  0.0215  0.0218  0.0204  0.0224  0.0204  0.0217  0.0219  0.0217  0.0216  0.0215  0.0217
  0.0232  0.0223  0.0226  0.0221  0.0269  0.0218  0.0228  0.0234  0.0225  0.0223  0.0218  0.0223
  0.0248  0.0243  0.0239  0.0277  0.0329  0.0280  0.0244  0.0268  0.0238  0.0232  0.0223  0.0230
niter,ni,del,rscale     6    3    5.0000    1.2000
parameters
   -0.2189    3.0920   17.8343   -8.4261  -13.4985   -5.5601
    1.6760    1.7281   -2.6440   -0.7162    2.3777   -1.6112
eta,q 0.97861 16.11551
  0.0245  0.0271  0.0235  0.0274  0.0278  0.0258  0.0245  0.0264  0.0231  0.0254  0.0224  0.0225
  0.0228  0.0245  0.0221  0.0250  0.0252  0.0241  0.0228  0.0233  0.0221  0.0229  0.0219  0.0218
  0.0217  0.0225  0.0214  0.0229  0.0227  0.0227  0.0218  0.0218  0.0215  0.0217  0.0216  0.0215
  0.0214  0.0214  0.0212  0.0212  0.0211  0.0213  0.0214  0.0214  0.0214  0.0214  0.0214  0.0214
  0.0218  0.0213  0.0217  0.0204  0.0216  0.0203  0.0217  0.0218  0.0217  0.0216  0.0215  0.0217
  0.0228  0.0223  0.0226  0.0229  0.0252  0.0220  0.0227  0.0232  0.0225  0.0222  0.0217  0.0222
  0.0246  0.0246  0.0241  0.0290  0.0312  0.0286  0.0242  0.0266  0.0236  0.0231  0.0223  0.0229
niter,ni,del,rscale     5    3    5.0000    1.2000
parameters
   -0.2195    3.5047   17.6023   -8.3933  -13.9057   -5.7713
    1.8219    1.6343   -3.0729    0.3141    2.6939   -2.0798
eta,q 0.97854 16.09039
  0.0245  0.0266  0.0235  0.0274  0.0278  0.0257  0.0244  0.0263  0.0231  0.0250  0.0225  0.0226
  0.0228  0.0242  0.0221  0.0250  0.0253  0.0241  0.0229  0.0233  0.0221  0.0228  0.0219  0.0219
  0.0217  0.0224  0.0214  0.0230  0.0229  0.0227  0.0218  0.0219  0.0216  0.0217  0.0216  0.0216
  0.0214  0.0214  0.0213  0.0212  0.0212  0.0214  0.0215  0.0215  0.0215  0.0214  0.0215  0.0215
  0.0217  0.0214  0.0217  0.0205  0.0214  0.0204  0.0217  0.0218  0.0218  0.0217  0.0215  0.0217
  0.0228  0.0224  0.0227  0.0232  0.0248  0.0222  0.0227  0.0233  0.0225  0.0223  0.0218  0.0222
  0.0246  0.0247  0.0242  0.0293  0.0307  0.0287  0.0242  0.0267  0.0235  0.0231  0.0223  0.0229
niter,ni,del,rscale     4    3    5.0000    1.2000
parameters
   -0.2284    3.8952   17.3588   -8.4053  -14.3093   -5.9970
    1.9438    1.5371   -3.3584    1.3208    2.8575   -2.5068
eta,q 0.97841 16.06134
  0.0246  0.0264  0.0235  0.0274  0.0276  0.0257  0.0245  0.0263  0.0233  0.0248  0.0226  0.0227
  0.0228  0.0241  0.0222  0.0251  0.0253  0.0241  0.0229  0.0234  0.0223  0.0228  0.0220  0.0220
  0.0218  0.0224  0.0215  0.0231  0.0230  0.0227  0.0219  0.0220  0.0217  0.0218  0.0217  0.0217
  0.0215  0.0215  0.0214  0.0213  0.0213  0.0215  0.0216  0.0216  0.0216  0.0216  0.0216  0.0216
  0.0218  0.0215  0.0218  0.0206  0.0215  0.0206  0.0219  0.0219  0.0218  0.0218  0.0217  0.0218
  0.0229  0.0225  0.0228  0.0234  0.0247  0.0223  0.0228  0.0234  0.0225  0.0223  0.0219  0.0223
  0.0246  0.0247  0.0242  0.0294  0.0305  0.0287  0.0243  0.0267  0.0235  0.0231  0.0225  0.0230
niter,ni,del,rscale     3    3    5.0000    1.2000
parameters
   -0.2423    4.2907   17.1152   -8.4393  -14.7500   -6.2357
    2.0216    1.4784   -3.4674    2.3463    2.8678   -2.9174
eta,q 0.97826 16.02643
  0.0246  0.0264  0.0236  0.0274  0.0274  0.0257  0.0245  0.0263  0.0235  0.0247  0.0226  0.0228
  0.0229  0.0242  0.0223  0.0251  0.0252  0.0242  0.0230  0.0235  0.0225  0.0229  0.0221  0.0222
  0.0219  0.0225  0.0216  0.0232  0.0231  0.0228  0.0221  0.0221  0.0219  0.0220  0.0218  0.0218
  0.0216  0.0216  0.0215  0.0215  0.0215  0.0216  0.0217  0.0217  0.0217  0.0217  0.0217  0.0217
  0.0219  0.0216  0.0219  0.0207  0.0216  0.0207  0.0220  0.0221  0.0219  0.0219  0.0218  0.0219
  0.0230  0.0226  0.0228  0.0235  0.0246  0.0224  0.0229  0.0235  0.0226  0.0224  0.0221  0.0224
  0.0247  0.0247  0.0243  0.0294  0.0304  0.0286  0.0244  0.0266  0.0236  0.0231  0.0226  0.0230
niter,ni,del,rscale     2    3    5.0000    1.2000
parameters
   -0.2636    4.7074   16.8534   -8.4868  -15.2273   -6.5092
    2.0689    1.4378   -3.3844    3.4414    2.7503   -3.3206
eta,q 0.97810 15.98522
  0.0247  0.0265  0.0236  0.0274  0.0273  0.0257  0.0245  0.0264  0.0237  0.0247  0.0227  0.0229
  0.0230  0.0243  0.0224  0.0252  0.0252  0.0242  0.0231  0.0236  0.0227  0.0231  0.0222  0.0223
  0.0220  0.0226  0.0218  0.0233  0.0231  0.0229  0.0222  0.0223  0.0221  0.0222  0.0220  0.0220
  0.0217  0.0217  0.0216  0.0216  0.0216  0.0218  0.0219  0.0219  0.0219  0.0219  0.0219  0.0219
  0.0221  0.0217  0.0220  0.0209  0.0216  0.0209  0.0222  0.0222  0.0221  0.0220  0.0220  0.0221
  0.0231  0.0227  0.0230  0.0236  0.0246  0.0226  0.0231  0.0235  0.0226  0.0225  0.0223  0.0225
  0.0248  0.0247  0.0244  0.0295  0.0304  0.0286  0.0245  0.0266  0.0236  0.0232  0.0227  0.0231
niter,ni,del,rscale     1    3    5.0000    1.2000
parameters
   -0.2935    5.1440   16.5665   -8.5395  -15.7203   -6.8398
    2.0862    1.4173   -3.1839    4.5508    2.6535   -3.6871
eta,q 0.97795 15.93818
  0.0247  0.0266  0.0237  0.0274  0.0271  0.0256  0.0245  0.0264  0.0239  0.0248  0.0228  0.0230
  0.0231  0.0244  0.0225  0.0253  0.0251  0.0242  0.0232  0.0237  0.0229  0.0233  0.0223  0.0224
  0.0222  0.0228  0.0219  0.0234  0.0232  0.0230  0.0224  0.0224  0.0223  0.0224  0.0221  0.0221
  0.0219  0.0219  0.0218  0.0218  0.0218  0.0219  0.0221  0.0221  0.0221  0.0221  0.0221  0.0221
  0.0222  0.0219  0.0222  0.0211  0.0218  0.0211  0.0224  0.0224  0.0222  0.0222  0.0222  0.0222
  0.0232  0.0228  0.0231  0.0237  0.0245  0.0227  0.0232  0.0236  0.0228  0.0226  0.0224  0.0226
  0.0249  0.0248  0.0245  0.0294  0.0302  0.0286  0.0245  0.0265  0.0237  0.0234  0.0228  0.0232
registration optimization eta report
parameter search radius
    2.4000    3.1740    3.1740    9.5220    9.5220    8.2800
    7.2000    7.2000    7.2000    7.2000    7.2000    7.2000
100000*second partial in parameter space
       51.       37.       23.        8.        8.        8.
        5.        9.        3.        4.        1.        2.
  0.0247  0.0266  0.0237  0.0274  0.0271  0.0256  0.0245  0.0264  0.0239  0.0248  0.0228  0.0230
  0.0231  0.0244  0.0225  0.0253  0.0251  0.0242  0.0232  0.0237  0.0229  0.0233  0.0223  0.0224
  0.0222  0.0228  0.0219  0.0234  0.0232  0.0230  0.0224  0.0224  0.0223  0.0224  0.0221  0.0221
  0.0219  0.0219  0.0218  0.0218  0.0218  0.0219  0.0221  0.0221  0.0221  0.0221  0.0221  0.0221
  0.0222  0.0219  0.0222  0.0211  0.0218  0.0211  0.0224  0.0224  0.0222  0.0222  0.0222  0.0222
  0.0232  0.0228  0.0231  0.0237  0.0245  0.0227  0.0232  0.0236  0.0228  0.0226  0.0224  0.0226
  0.0249  0.0248  0.0245  0.0294  0.0302  0.0286  0.0245  0.0265  0.0237  0.0234  0.0228  0.0232
   -0.2935    5.1440   16.5665   -8.5395  -15.7203   -6.8398
    2.0862    1.4173   -3.1839    4.5508    2.6535   -3.6871
eta,q 0.97795 15.93818

---------------------------------------------------------------------
imgreg_4dfp /opt/freesurfer/average/711-2C_as_mni_average_305 /opt/freesurfer/average/711-2B_as_mni_average_305_mask talsrcimg_g11 none talsrcimg_to_711-2C_as_mni_average_305_t4 2311
---------------------------------------------------------------------

freesurfer imgreg_4dfp.c
/opt/freesurfer/average/711-2C_as_mni_average_305.4dfp.img
       256       256       256         1
  1.000000  1.000000  1.000000
orientation T byte_order littleendian
Reading image: /opt/freesurfer/average/711-2C_as_mni_average_305.4dfp.img
dimensions:      256       256       256
mmppix:       1.0000   -1.0000   -1.0000
center:     128.0000 -129.0000 -129.0000
/opt/freesurfer/average/711-2B_as_mni_average_305_mask.4dfp.img
       256       256       256         1
  1.000000  1.000000  1.000000
orientation T byte_order littleendian
Reading mask: /opt/freesurfer/average/711-2B_as_mni_average_305_mask.4dfp.img (2306576 pixels)
talsrcimg_g11.4dfp.img
       256       256       256         1
  1.000000  1.000000  1.000000
orientation T byte_order littleendian
Reading image: talsrcimg_g11.4dfp.img
dimensions:      256       256       256
mmppix:       1.0000   -1.0000   -1.0000
center:     128.0000 -129.0000 -129.0000
fimgreg.f
image alignment mode   2311 decimal      907 hex
parameters
   -0.2935    5.1440   16.5665   -8.5395  -15.7203   -6.8398
    2.0862    1.4173   -3.1839    4.5508    2.6535   -3.6871
eta,q 0.97795 15.93818
niter,ni,del,rscale     5    3    5.0000    0.8000
parameters
   -0.3199    5.6792   16.2560   -6.1661  -15.1693   -6.2117
    1.9932    1.6057   -2.7997    5.8239    3.0331   -4.4196
eta,q 0.97916 16.05313
  0.0232  0.0237  0.0223  0.0244  0.0233  0.0229  0.0225  0.0247  0.0222  0.0228  0.0219  0.0213
  0.0226  0.0230  0.0220  0.0235  0.0224  0.0222  0.0216  0.0228  0.0215  0.0218  0.0214  0.0210
  0.0222  0.0224  0.0219  0.0227  0.0217  0.0216  0.0211  0.0215  0.0211  0.0212  0.0210  0.0209
  0.0220  0.0221  0.0219  0.0219  0.0212  0.0211  0.0209  0.0209  0.0209  0.0209  0.0209  0.0209
  0.0222  0.0219  0.0221  0.0213  0.0211  0.0208  0.0211  0.0212  0.0210  0.0209  0.0209  0.0210
  0.0226  0.0220  0.0223  0.0213  0.0216  0.0209  0.0217  0.0223  0.0213  0.0210  0.0211  0.0212
  0.0233  0.0224  0.0227  0.0221  0.0228  0.0226  0.0226  0.0243  0.0218  0.0214  0.0216  0.0216
niter,ni,del,rscale     4    3    5.0000    0.7000
parameters
   -0.3808    5.5237   16.3640   -6.6931  -14.5729   -5.7023
    2.0136    1.3660   -2.8020    5.7001    3.0358   -4.6261
eta,q 0.97933 16.08533
  0.0222  0.0215  0.0215  0.0225  0.0226  0.0225  0.0219  0.0231  0.0215  0.0215  0.0213  0.0211
  0.0214  0.0211  0.0212  0.0218  0.0219  0.0219  0.0212  0.0217  0.0210  0.0210  0.0210  0.0208
  0.0210  0.0209  0.0209  0.0211  0.0213  0.0213  0.0208  0.0209  0.0208  0.0207  0.0207  0.0207
  0.0208  0.0208  0.0208  0.0208  0.0209  0.0208  0.0207  0.0207  0.0207  0.0207  0.0207  0.0207
  0.0211  0.0210  0.0209  0.0211  0.0208  0.0205  0.0208  0.0210  0.0208  0.0208  0.0207  0.0207
  0.0216  0.0214  0.0210  0.0222  0.0211  0.0208  0.0212  0.0220  0.0210  0.0211  0.0209  0.0209
  0.0225  0.0219  0.0213  0.0241  0.0220  0.0223  0.0219  0.0238  0.0215  0.0216  0.0213  0.0212
niter,ni,del,rscale     3    3    5.0000    0.6000
parameters
   -0.4171    5.3351   16.3966   -6.7457  -14.2200   -5.3267
    2.0441    1.3028   -2.7924    5.4837    2.9773   -4.5845
eta,q 0.97947 16.11290
  0.0217  0.0211  0.0211  0.0222  0.0219  0.0220  0.0215  0.0226  0.0211  0.0211  0.0210  0.0209
  0.0211  0.0208  0.0209  0.0216  0.0213  0.0215  0.0210  0.0215  0.0208  0.0207  0.0207  0.0207
  0.0208  0.0207  0.0207  0.0210  0.0209  0.0211  0.0206  0.0208  0.0206  0.0206  0.0206  0.0206
  0.0207  0.0207  0.0207  0.0206  0.0207  0.0206  0.0205  0.0205  0.0205  0.0205  0.0205  0.0205
  0.0208  0.0208  0.0207  0.0207  0.0206  0.0204  0.0206  0.0207  0.0206  0.0206  0.0206  0.0206
  0.0212  0.0211  0.0208  0.0213  0.0209  0.0207  0.0209  0.0215  0.0208  0.0209  0.0208  0.0207
  0.0218  0.0216  0.0211  0.0226  0.0216  0.0219  0.0215  0.0228  0.0211  0.0213  0.0211  0.0209
niter,ni,del,rscale     2    3    5.0000    0.5000
parameters
   -0.4291    5.1707   16.4999   -6.6738  -13.9592   -4.9583
    2.0349    1.2899   -2.7955    5.1618    2.9174   -4.5227
eta,q 0.97961 16.13751
  0.0213  0.0208  0.0209  0.0217  0.0214  0.0216  0.0211  0.0220  0.0208  0.0208  0.0208  0.0207
  0.0209  0.0206  0.0207  0.0212  0.0210  0.0212  0.0207  0.0211  0.0206  0.0205  0.0206  0.0205
  0.0206  0.0205  0.0206  0.0208  0.0207  0.0208  0.0205  0.0206  0.0204  0.0204  0.0204  0.0204
  0.0205  0.0205  0.0205  0.0205  0.0205  0.0205  0.0204  0.0204  0.0204  0.0204  0.0204  0.0204
  0.0206  0.0206  0.0205  0.0205  0.0205  0.0203  0.0205  0.0205  0.0204  0.0205  0.0204  0.0204
  0.0209  0.0208  0.0206  0.0209  0.0207  0.0205  0.0207  0.0211  0.0206  0.0207  0.0206  0.0205
  0.0213  0.0212  0.0208  0.0218  0.0212  0.0214  0.0211  0.0221  0.0208  0.0210  0.0208  0.0207
niter,ni,del,rscale     1    3    5.0000    0.4000
parameters
   -0.4307    4.9966   16.6467   -6.5959  -13.7264   -4.5719
    2.0349    1.2897   -2.8686    4.7491    2.8493   -4.3709
eta,q 0.97975 16.16051
  0.0209  0.0206  0.0207  0.0212  0.0210  0.0212  0.0207  0.0214  0.0205  0.0205  0.0205  0.0205
  0.0206  0.0204  0.0205  0.0208  0.0207  0.0209  0.0205  0.0208  0.0204  0.0203  0.0204  0.0204
  0.0204  0.0204  0.0204  0.0205  0.0205  0.0206  0.0203  0.0204  0.0203  0.0203  0.0203  0.0203
  0.0204  0.0204  0.0204  0.0204  0.0204  0.0203  0.0203  0.0203  0.0203  0.0203  0.0203  0.0203
  0.0204  0.0205  0.0204  0.0204  0.0204  0.0202  0.0203  0.0204  0.0203  0.0203  0.0203  0.0203
  0.0206  0.0206  0.0204  0.0207  0.0205  0.0204  0.0205  0.0207  0.0204  0.0205  0.0204  0.0203
  0.0209  0.0208  0.0205  0.0212  0.0208  0.0209  0.0207  0.0214  0.0206  0.0207  0.0206  0.0204
registration optimization eta report
parameter search radius
    0.8000    0.8000    0.8000    2.4000    2.4000    2.4000
    2.4000    2.4000    2.4000    2.4000    2.4000    2.4000
100000*second partial in parameter space
       83.       48.       39.       15.        9.       13.
        8.       20.        5.        6.        5.        4.
  0.0209  0.0206  0.0207  0.0212  0.0210  0.0212  0.0207  0.0214  0.0205  0.0205  0.0205  0.0205
  0.0206  0.0204  0.0205  0.0208  0.0207  0.0209  0.0205  0.0208  0.0204  0.0203  0.0204  0.0204
  0.0204  0.0204  0.0204  0.0205  0.0205  0.0206  0.0203  0.0204  0.0203  0.0203  0.0203  0.0203
  0.0204  0.0204  0.0204  0.0204  0.0204  0.0203  0.0203  0.0203  0.0203  0.0203  0.0203  0.0203
  0.0204  0.0205  0.0204  0.0204  0.0204  0.0202  0.0203  0.0204  0.0203  0.0203  0.0203  0.0203
  0.0206  0.0206  0.0204  0.0207  0.0205  0.0204  0.0205  0.0207  0.0204  0.0205  0.0204  0.0203
  0.0209  0.0208  0.0205  0.0212  0.0208  0.0209  0.0207  0.0214  0.0206  0.0207  0.0206  0.0204
   -0.4307    4.9966   16.6467   -6.5959  -13.7264   -4.5719
    2.0349    1.2897   -2.8686    4.7491    2.8493   -4.3709
eta,q 0.97975 16.16051

---------------------------------------------------------------------
imgreg_4dfp /opt/freesurfer/average/711-2C_as_mni_average_305 /opt/freesurfer/average/711-2B_as_mni_average_305_mask talsrcimg_g11 none talsrcimg_to_711-2C_as_mni_average_305_t4 2311
---------------------------------------------------------------------

freesurfer imgreg_4dfp.c
/opt/freesurfer/average/711-2C_as_mni_average_305.4dfp.img
       256       256       256         1
  1.000000  1.000000  1.000000
orientation T byte_order littleendian
Reading image: /opt/freesurfer/average/711-2C_as_mni_average_305.4dfp.img
dimensions:      256       256       256
mmppix:       1.0000   -1.0000   -1.0000
center:     128.0000 -129.0000 -129.0000
/opt/freesurfer/average/711-2B_as_mni_average_305_mask.4dfp.img
       256       256       256         1
  1.000000  1.000000  1.000000
orientation T byte_order littleendian
Reading mask: /opt/freesurfer/average/711-2B_as_mni_average_305_mask.4dfp.img (2306576 pixels)
talsrcimg_g11.4dfp.img
       256       256       256         1
  1.000000  1.000000  1.000000
orientation T byte_order littleendian
Reading image: talsrcimg_g11.4dfp.img
dimensions:      256       256       256
mmppix:       1.0000   -1.0000   -1.0000
center:     128.0000 -129.0000 -129.0000
fimgreg.f
image alignment mode   2311 decimal      907 hex
parameters
   -0.4307    4.9966   16.6467   -6.5959  -13.7264   -4.5719
    2.0349    1.2897   -2.8686    4.7491    2.8493   -4.3709
eta,q 0.97975 16.16050
niter,ni,del,rscale     5    3    5.0000    0.8000
parameters
   -0.4311    4.7565   16.8869   -7.2039  -13.9334   -5.0797
    2.1144    1.2881   -2.9767    4.0552    2.8393   -3.8932
eta,q 0.97951 16.14278
  0.0224  0.0211  0.0217  0.0224  0.0223  0.0224  0.0221  0.0238  0.0214  0.0213  0.0213  0.0213
  0.0212  0.0206  0.0209  0.0215  0.0214  0.0217  0.0213  0.0220  0.0209  0.0207  0.0208  0.0209
  0.0205  0.0203  0.0204  0.0207  0.0207  0.0210  0.0207  0.0209  0.0206  0.0205  0.0206  0.0206
  0.0203  0.0203  0.0202  0.0202  0.0203  0.0204  0.0205  0.0205  0.0205  0.0205  0.0205  0.0205
  0.0205  0.0205  0.0203  0.0206  0.0204  0.0203  0.0207  0.0208  0.0206  0.0207  0.0206  0.0205
  0.0212  0.0210  0.0205  0.0221  0.0212  0.0218  0.0212  0.0219  0.0210  0.0212  0.0208  0.0207
  0.0224  0.0219  0.0210  0.0247  0.0231  0.0247  0.0221  0.0239  0.0216  0.0220  0.0213  0.0210
niter,ni,del,rscale     4    3    5.0000    0.7000
parameters
   -0.4104    4.7623   16.7439   -6.9360  -13.8016   -5.0953
    2.1022    1.3553   -2.9833    4.1228    2.8887   -3.8883
eta,q 0.97960 16.15110
  0.0219  0.0214  0.0210  0.0226  0.0221  0.0221  0.0217  0.0232  0.0212  0.0213  0.0211  0.0210
  0.0211  0.0209  0.0207  0.0218  0.0213  0.0215  0.0210  0.0217  0.0208  0.0207  0.0207  0.0206
  0.0207  0.0206  0.0205  0.0210  0.0207  0.0209  0.0205  0.0208  0.0205  0.0205  0.0205  0.0205
  0.0205  0.0205  0.0205  0.0205  0.0204  0.0204  0.0204  0.0204  0.0204  0.0204  0.0204  0.0204
  0.0206  0.0206  0.0206  0.0204  0.0204  0.0202  0.0205  0.0206  0.0205  0.0205  0.0205  0.0205
  0.0211  0.0209  0.0209  0.0210  0.0209  0.0208  0.0210  0.0215  0.0207  0.0207  0.0207  0.0206
  0.0218  0.0214  0.0212  0.0225  0.0221  0.0229  0.0217  0.0231  0.0212  0.0212  0.0211  0.0209
niter,ni,del,rscale     3    3    5.0000    0.6000
parameters
   -0.3999    4.7357   16.7595   -6.7567  -13.6559   -4.8840
    2.0945    1.3568   -3.0079    4.0726    2.8851   -3.8953
eta,q 0.97971 16.16521
  0.0215  0.0210  0.0209  0.0221  0.0216  0.0218  0.0213  0.0225  0.0209  0.0209  0.0208  0.0207
  0.0209  0.0207  0.0206  0.0214  0.0210  0.0213  0.0207  0.0213  0.0206  0.0205  0.0205  0.0205
  0.0205  0.0205  0.0204  0.0208  0.0206  0.0208  0.0204  0.0206  0.0204  0.0203  0.0204  0.0203
  0.0204  0.0204  0.0204  0.0204  0.0204  0.0204  0.0203  0.0203  0.0203  0.0203  0.0203  0.0203
  0.0205  0.0205  0.0205  0.0204  0.0204  0.0201  0.0204  0.0205  0.0204  0.0204  0.0203  0.0203
  0.0209  0.0207  0.0206  0.0209  0.0207  0.0205  0.0207  0.0212  0.0206  0.0206  0.0205  0.0205
  0.0215  0.0211  0.0209  0.0221  0.0216  0.0219  0.0213  0.0225  0.0209  0.0210  0.0209  0.0207
niter,ni,del,rscale     2    3    5.0000    0.5000
parameters
   -0.4023    4.6505   16.8311   -6.6380  -13.4777   -4.5835
    2.0926    1.3476   -3.0357    3.8761    2.8453   -3.8425
eta,q 0.97983 16.18154
  0.0211  0.0207  0.0207  0.0216  0.0212  0.0214  0.0209  0.0218  0.0206  0.0206  0.0206  0.0205
  0.0206  0.0204  0.0205  0.0210  0.0208  0.0210  0.0205  0.0209  0.0204  0.0203  0.0204  0.0203
  0.0204  0.0203  0.0203  0.0206  0.0204  0.0206  0.0203  0.0204  0.0202  0.0202  0.0202  0.0202
  0.0203  0.0203  0.0203  0.0203  0.0203  0.0203  0.0202  0.0202  0.0202  0.0202  0.0202  0.0202
  0.0204  0.0204  0.0203  0.0203  0.0203  0.0201  0.0203  0.0203  0.0202  0.0202  0.0202  0.0202
  0.0207  0.0205  0.0204  0.0207  0.0205  0.0204  0.0205  0.0209  0.0204  0.0204  0.0204  0.0203
  0.0211  0.0208  0.0206  0.0216  0.0211  0.0213  0.0209  0.0219  0.0206  0.0207  0.0206  0.0205
niter,ni,del,rscale     1    3    5.0000    0.4000
parameters
   -0.4056    4.5168   16.9484   -6.5488  -13.2782   -4.2475
    2.0887    1.3364   -3.0750    3.5427    2.7680   -3.7223
eta,q 0.97994 16.19929
  0.0207  0.0204  0.0205  0.0210  0.0208  0.0210  0.0206  0.0212  0.0203  0.0203  0.0203  0.0203
  0.0204  0.0202  0.0203  0.0207  0.0205  0.0207  0.0203  0.0206  0.0202  0.0201  0.0202  0.0202
  0.0202  0.0202  0.0202  0.0203  0.0203  0.0204  0.0201  0.0202  0.0201  0.0201  0.0201  0.0201
  0.0202  0.0202  0.0202  0.0202  0.0201  0.0201  0.0201  0.0201  0.0201  0.0201  0.0201  0.0201
  0.0202  0.0202  0.0202  0.0202  0.0201  0.0200  0.0201  0.0202  0.0201  0.0201  0.0201  0.0201
  0.0204  0.0204  0.0202  0.0204  0.0203  0.0202  0.0203  0.0206  0.0202  0.0203  0.0202  0.0201
  0.0207  0.0206  0.0203  0.0210  0.0206  0.0208  0.0206  0.0213  0.0204  0.0205  0.0204  0.0203
registration optimization eta report
parameter search radius
    0.8000    0.8000    0.8000    2.4000    2.4000    2.4000
    2.4000    2.4000    2.4000    2.4000    2.4000    2.4000
100000*second partial in parameter space
       85.       48.       41.       15.       10.       14.
        8.       20.        5.        6.        5.        4.
  0.0207  0.0204  0.0205  0.0210  0.0208  0.0210  0.0206  0.0212  0.0203  0.0203  0.0203  0.0203
  0.0204  0.0202  0.0203  0.0207  0.0205  0.0207  0.0203  0.0206  0.0202  0.0201  0.0202  0.0202
  0.0202  0.0202  0.0202  0.0203  0.0203  0.0204  0.0201  0.0202  0.0201  0.0201  0.0201  0.0201
  0.0202  0.0202  0.0202  0.0202  0.0201  0.0201  0.0201  0.0201  0.0201  0.0201  0.0201  0.0201
  0.0202  0.0202  0.0202  0.0202  0.0201  0.0200  0.0201  0.0202  0.0201  0.0201  0.0201  0.0201
  0.0204  0.0204  0.0202  0.0204  0.0203  0.0202  0.0203  0.0206  0.0202  0.0203  0.0202  0.0201
  0.0207  0.0206  0.0203  0.0210  0.0206  0.0208  0.0206  0.0213  0.0204  0.0205  0.0204  0.0203
   -0.4056    4.5168   16.9484   -6.5488  -13.2782   -4.2475
    2.0887    1.3364   -3.0750    3.5427    2.7680   -3.7223
eta,q 0.97994 16.19929

---------------------------------------------------------------------
compute_vox2vox talsrcimg talsrcimg_to_711-2C_as_mni_average_305_t4 /opt/freesurfer/average/711-2C_as_mni_average_305
---------------------------------------------------------------------

freesurfer compute_vox2vox.c
Reading: talsrcimg.4dfp.ifh
Reading: talsrcimg_to_711-2C_as_mni_average_305_t4
Reading: /opt/freesurfer/average/711-2C_as_mni_average_305.4dfp.ifh
Writing: talsrcimg_to_711-2C_as_mni_average_305_t4_vox2vox.txt

start time Mon Mar 9 04:25:04 CET 2026
end		time Mon Mar 9 04:26:29 CET 2026

mpr2mni305 success

avi2talxfm orig_nu.mgz /opt/freesurfer/average/mni305.cor.mgz talsrcimg_to_711-2C_as_mni_average_305_t4_vox2vox.txt transforms/talairach.auto.xfm
avi2talxfm done
mv -f /out/sourcedata/freesurfer/sub-v1s18x0051222_ses-1/mri/talsrcimg_to_711-2C_as_mni_average_305_t4_vox2vox.txt /out/sourcedata/freesurfer/sub-v1s18x0051222_ses-1/mri/transforms/talsrcimg_to_711-2C_as_mni_average_305_t4_vox2vox.txt
lta_convert --src orig_nu.mgz --trg /opt/freesurfer/average/mni305.cor.mgz --inxfm transforms/talairach.auto.xfm --outlta transforms/talairach.auto.xfm.lta --subject fsaverage
7.3.2

--src: orig_nu.mgz src image (geometry).
--trg: /opt/freesurfer/average/mni305.cor.mgz trg image (geometry).
--inmni: transforms/talairach.auto.xfm input MNI/XFM transform.
--outlta: transforms/talairach.auto.xfm.lta output LTA.
--s: fsaverage subject name
 LTA read, type : 1
 1.06962  -0.01395  -0.02636   2.45717;
-0.02940   1.04309   0.04548  -20.20778;
 0.03913  -0.04311   1.15032  -20.83376;
 0.00000   0.00000   0.00000   1.00000;
setting subject to fsaverage
Writing  LTA to file transforms/talairach.auto.xfm.lta...
lta_convert successful.
 
 
Started at Mon Mar 9 04:25:03 CET 2026
Ended   at Mon Mar  9 04:26:30 CET 2026
talairach_avi done
