/out/sourcedata/freesurfer/sub-v1s18x0051229_ses-1/mri
/opt/freesurfer/bin/talairach_avi
--i orig_nu.mgz --xfm transforms/talairach.auto.xfm
talairach_avi 7.3.2
Linux dna020 5.14.0-427.37.1.el9_4.x86_64 #1 SMP PREEMPT_DYNAMIC Fri Sep 13 12:41:50 EDT 2024 x86_64 x86_64 x86_64 GNU/Linux
Mon Mar  9 05:02:50 CET 2026
mri_convert orig_nu.mgz talsrcimg.img 
reading from orig_nu.mgz...
TR=0.00, TE=0.00, TI=0.00, flip angle=0.00
i_ras = (-1, 0, 0)
j_ras = (0, 0, -1)
k_ras = (0, 1, 0)
writing to talsrcimg.img...
Analyze Output Matrix
-1.00000   0.00000   0.00000   133.83713;
 0.00000   0.00000   1.00000  -121.34671;
 0.00000  -1.00000   0.00000   139.68523;
 0.00000   0.00000   0.00000   1.00000;
--------------------
INFO: set hdr.hist.orient to -1
mpr2mni305 talsrcimg
Mon Mar  9 05:02:51 CET 2026
/opt/freesurfer/bin/mpr2mni305 talsrcimg
mpr2mni305 7.3.2
target=711-2C_as_mni_average_305

---------------------------------------------------------------------
analyzeto4dfp talsrcimg -O0 -y
---------------------------------------------------------------------

freesurfer ifh2hdr.c
Mon Mar  9 05:02:51 2026
Writing: talsrcimg.4dfp.hdr
freesurfer analyzeto4dfp.c
Reading: talsrcimg.hdr
header size 348 bytes
hdr.dime.datatype	offset=70	value=2
hdr.dime.bitpix		offset=72	value=8
hdr.hist.orient		offset=252	value=-1
dimensionality     4
dimensions       256       256       256         1
Reading: talsrcimg.img
Writing: talsrcimg.4dfp.img
Writing: talsrcimg.4dfp.ifh
ifh2hdr talsrcimg -r0to242
ori=2

---------------------------------------------------------------------
gauss_4dfp talsrcimg 1.1
---------------------------------------------------------------------

freesurfer gauss_4dfp.c
Reading: talsrcimg.4dfp.img
Writing: talsrcimg_g11.4dfp.img
image dimensions 256 256 256 padded to 288 288 288
processing volume 1freesurfer ifh2hdr.c
Mon Mar  9 05:02:52 2026
Writing: talsrcimg_g11.4dfp.hdr

Writing: talsrcimg_g11.4dfp.ifh
including: talsrcimg.4dfp.img.rec in talsrcimg_g11.4dfp.img.rec

---------------------------------------------------------------------
imgreg_4dfp /opt/freesurfer/average/711-2C_as_mni_average_305 none talsrcimg_g11 none talsrcimg_to_711-2C_as_mni_average_305_t4 4355
---------------------------------------------------------------------

freesurfer imgreg_4dfp.c
/opt/freesurfer/average/711-2C_as_mni_average_305.4dfp.img
       256       256       256         1
  1.000000  1.000000  1.000000
orientation T byte_order littleendian
Reading image: /opt/freesurfer/average/711-2C_as_mni_average_305.4dfp.img
dimensions:      256       256       256
mmppix:       1.0000   -1.0000   -1.0000
center:     128.0000 -129.0000 -129.0000
talsrcimg_g11.4dfp.img
       256       256       256         1
  1.000000  1.000000  1.000000
orientation T byte_order littleendian
Reading image: talsrcimg_g11.4dfp.img
dimensions:      256       256       256
mmppix:       1.0000   -1.0000   -1.0000
center:     128.0000 -129.0000 -129.0000
t4_read: open error in t4_sub.f l:  41 t4_file(1:l)talsrcimg_to_711-2C_as_mni_average_305_t4 
t4_read: transform initialized to I4
rotation matrix determinant  1.000000
image alignment mode   4355 decimal     1103 hex
   -7.5000  -45.0000  -45.0000 7145.9238   16.5302
    0.0000  -45.0000  -45.0000 7433.1025   16.5204
    7.5000  -45.0000  -45.0000 7147.7070   16.5099
   -7.5000  -37.5000  -45.0000 7702.4160   16.2975
    0.0000  -37.5000  -45.0000 8008.9424   16.2807
    7.5000  -37.5000  -45.0000 7692.0454   16.2720
   -7.5000  -30.0000  -45.0000 8625.6387   16.1601
    0.0000  -30.0000  -45.0000 8960.2344   16.1439
    7.5000  -30.0000  -45.0000 8586.5820   16.1366
   -7.5000  -22.5000  -45.0000 9513.5000   16.0609
    0.0000  -22.5000  -45.0000 9895.5732   16.0517
    7.5000  -22.5000  -45.0000 9478.5283   16.0423
   -7.5000  -15.0000  -45.000010336.2646   16.0030
    0.0000  -15.0000  -45.000010764.5000   15.9997
    7.5000  -15.0000  -45.000010289.2725   15.9870
   -7.5000   -7.5000  -45.000011093.5420   16.0092
    0.0000   -7.5000  -45.000011581.4248   16.0044
    7.5000   -7.5000  -45.000011058.1445   15.9896
   -7.5000    0.0000  -45.000011809.0869   16.0208
    0.0000    0.0000  -45.000012302.3291   16.0086
    7.5000    0.0000  -45.000011765.3975   15.9938
   -7.5000    7.5000  -45.000011622.9561   16.0202
    0.0000    7.5000  -45.000012116.6279   16.0021
    7.5000    7.5000  -45.000011567.8438   15.9902
   -7.5000   15.0000  -45.000011257.8262   16.0099
    0.0000   15.0000  -45.000011694.6016   15.9932
    7.5000   15.0000  -45.000011170.2568   15.9840
   -7.5000   22.5000  -45.000010826.0205   15.9995
    0.0000   22.5000  -45.000011225.7832   15.9900
    7.5000   22.5000  -45.000010729.4492   15.9800
   -7.5000   30.0000  -45.000010221.6963   15.7871
    0.0000   30.0000  -45.000010604.8125   15.7838
    7.5000   30.0000  -45.000010115.3594   15.7712
   -7.5000   37.5000  -45.0000 9868.0645   15.7958
    0.0000   37.5000  -45.000010237.8047   15.7911
    7.5000   37.5000  -45.0000 9767.3037   15.7765
   -7.5000   45.0000  -45.0000 9104.3662   15.4059
    0.0000   45.0000  -45.0000 9441.8047   15.3942
    7.5000   45.0000  -45.0000 9013.9854   15.3800
   -7.5000  -45.0000  -37.5000 7592.2451   16.3624
    0.0000  -45.0000  -37.5000 7901.3955   16.3473
    7.5000  -45.0000  -37.5000 7584.5181   16.3287
   -7.5000  -37.5000  -37.5000 8201.8652   16.1387
    0.0000  -37.5000  -37.5000 8547.5195   16.1184
    7.5000  -37.5000  -37.5000 8167.9189   16.1028
   -7.5000  -30.0000  -37.5000 9179.9756   16.0162
    0.0000  -30.0000  -37.5000 9559.5762   15.9979
    7.5000  -30.0000  -37.5000 9120.2822   15.9845
   -7.5000  -22.5000  -37.500010142.5078   15.9257
    0.0000  -22.5000  -37.500010551.4209   15.9136
    7.5000  -22.5000  -37.500010040.7783   15.8982
   -7.5000  -15.0000  -37.500010984.9102   15.8646
    0.0000  -15.0000  -37.500011423.9072   15.8560
    7.5000  -15.0000  -37.500010858.6250   15.8362
   -7.5000   -7.5000  -37.500011775.8643   15.8599
    0.0000   -7.5000  -37.500012298.4111   15.8491
    7.5000   -7.5000  -37.500011671.4355   15.8263
   -7.5000    0.0000  -37.500012518.4785   15.8641
    0.0000    0.0000  -37.500013059.7793   15.8470
    7.5000    0.0000  -37.500012399.6494   15.8246
   -7.5000    7.5000  -37.500012316.9150   15.8683
    0.0000    7.5000  -37.500012865.1934   15.8468
    7.5000    7.5000  -37.500012201.3447   15.8283
   -7.5000   15.0000  -37.500011886.2676   15.8692
    0.0000   15.0000  -37.500012373.5254   15.8504
    7.5000   15.0000  -37.500011745.5977   15.8354
   -7.5000   22.5000  -37.500011436.7305   15.8649
    0.0000   22.5000  -37.500011892.0732   15.8526
    7.5000   22.5000  -37.500011293.4736   15.8366
   -7.5000   30.0000  -37.500010811.8164   15.6505
    0.0000   30.0000  -37.500011248.5684   15.6420
    7.5000   30.0000  -37.500010684.3398   15.6224
   -7.5000   37.5000  -37.500010410.2959   15.6485
    0.0000   37.5000  -37.500010847.2598   15.6379
    7.5000   37.5000  -37.500010286.6221   15.6154
   -7.5000   45.0000  -37.5000 9578.0693   15.2553
    0.0000   45.0000  -37.5000 9966.7344   15.2388
    7.5000   45.0000  -37.5000 9466.3330   15.2173
   -7.5000  -45.0000  -30.0000 8168.5972   17.0121
    0.0000  -45.0000  -30.0000 8504.4854   16.9907
    7.5000  -45.0000  -30.0000 8141.9917   16.9565
   -7.5000  -37.5000  -30.0000 8871.9541   16.7793
    0.0000  -37.5000  -30.0000 9257.5420   16.7549
    7.5000  -37.5000  -30.0000 8812.1230   16.7252
   -7.5000  -30.0000  -30.0000 9922.2158   16.6557
    0.0000  -30.0000  -30.000010328.4395   16.6316
    7.5000  -30.0000  -30.0000 9821.0459   16.6049
   -7.5000  -22.5000  -30.000010953.8232   16.5649
    0.0000  -22.5000  -30.000011408.4600   16.5426
    7.5000  -22.5000  -30.000010800.0156   16.5131
   -7.5000  -15.0000  -30.000011865.4668   16.5017
    0.0000  -15.0000  -30.000012364.5391   16.4795
    7.5000  -15.0000  -30.000011681.2148   16.4438
   -7.5000   -7.5000  -30.000012723.1699   16.4941
    0.0000   -7.5000  -30.000013279.6855   16.4720
    7.5000   -7.5000  -30.000012519.1650   16.4330
   -7.5000    0.0000  -30.000013514.9531   16.4954
    0.0000    0.0000  -30.000014111.9824   16.4722
    7.5000    0.0000  -30.000013310.2607   16.4348
   -7.5000    7.5000  -30.000013307.2539   16.5003
    0.0000    7.5000  -30.000013908.1416   16.4749
    7.5000    7.5000  -30.000013108.7754   16.4426
   -7.5000   15.0000  -30.000012802.6016   16.5045
    0.0000   15.0000  -30.000013370.2148   16.4801
    7.5000   15.0000  -30.000012598.8779   16.4519
   -7.5000   22.5000  -30.000012283.4736   16.5004
    0.0000   22.5000  -30.000012827.3301   16.4780
    7.5000   22.5000  -30.000012065.4736   16.4479
   -7.5000   30.0000  -30.000011621.6924   16.2806
    0.0000   30.0000  -30.000012144.0635   16.2586
    7.5000   30.0000  -30.000011418.7471   16.2233
   -7.5000   37.5000  -30.000011163.3086   16.2759
    0.0000   37.5000  -30.000011644.6465   16.2540
    7.5000   37.5000  -30.000010983.1719   16.2155
   -7.5000   45.0000  -30.000010241.7617   15.8740
    0.0000   45.0000  -30.000010643.0293   15.8517
    7.5000   45.0000  -30.000010084.8105   15.8156
   -7.5000  -45.0000  -22.5000 8806.8965   17.6308
    0.0000  -45.0000  -22.5000 9181.2139   17.6103
    7.5000  -45.0000  -22.5000 8747.5410   17.5678
   -7.5000  -37.5000  -22.5000 9579.0166   17.3833
    0.0000  -37.5000  -22.5000 9968.8174   17.3612
    7.5000  -37.5000  -22.5000 9460.2051   17.3234
   -7.5000  -30.0000  -22.500010669.7500   17.2438
    0.0000  -30.0000  -22.500011098.7490   17.2183
    7.5000  -30.0000  -22.500010519.7939   17.1835
   -7.5000  -22.5000  -22.500011762.6299   17.1445
    0.0000  -22.5000  -22.500012258.5469   17.1158
    7.5000  -22.5000  -22.500011566.1484   17.0776
   -7.5000  -15.0000  -22.500012757.6338   17.0846
    0.0000  -15.0000  -22.500013276.0625   17.0537
    7.5000  -15.0000  -22.500012526.1963   17.0092
   -7.5000   -7.5000  -22.500013667.4404   17.0870
    0.0000   -7.5000  -22.500014218.8428   17.0599
    7.5000   -7.5000  -22.500013381.2002   17.0126
   -7.5000    0.0000  -22.500014517.9609   17.0935
    0.0000    0.0000  -22.500015133.6016   17.0710
    7.5000    0.0000  -22.500014206.3447   17.0255
   -7.5000    7.5000  -22.500014307.6758   17.0937
    0.0000    7.5000  -22.500014949.8164   17.0705
    7.5000    7.5000  -22.500013996.6357   17.0301
   -7.5000   15.0000  -22.500013761.8301   17.0881
    0.0000   15.0000  -22.500014380.0010   17.0623
    7.5000   15.0000  -22.500013460.1299   17.0261
   -7.5000   22.5000  -22.500013117.0283   17.0773
    0.0000   22.5000  -22.500013709.7432   17.0485
    7.5000   22.5000  -22.500012831.2070   17.0098
   -7.5000   30.0000  -22.500012416.7285   16.8583
    0.0000   30.0000  -22.500012974.0674   16.8278
    7.5000   30.0000  -22.500012136.1875   16.7838
   -7.5000   37.5000  -22.500011954.4775   16.8635
    0.0000   37.5000  -22.500012477.5127   16.8367
    7.5000   37.5000  -22.500011689.7188   16.7901
   -7.5000   45.0000  -22.500010935.3789   16.4619
    0.0000   45.0000  -22.500011394.7539   16.4402
    7.5000   45.0000  -22.500010736.7754   16.3964
   -7.5000  -45.0000  -15.0000 9464.1670   18.0766
    0.0000  -45.0000  -15.0000 9863.2354   18.0611
    7.5000  -45.0000  -15.0000 9375.7256   18.0222
   -7.5000  -37.5000  -15.000010260.7402   17.8177
    0.0000  -37.5000  -15.000010686.3711   17.8001
    7.5000  -37.5000  -15.000010125.5215   17.7646
   -7.5000  -30.0000  -15.000011403.1670   17.6621
    0.0000  -30.0000  -15.000011874.1660   17.6397
    7.5000  -30.0000  -15.000011240.0508   17.6067
   -7.5000  -22.5000  -15.000012545.0645   17.5543
    0.0000  -22.5000  -15.000013087.0254   17.5279
    7.5000  -22.5000  -15.000012332.5107   17.4920
   -7.5000  -15.0000  -15.000013610.0469   17.4983
    0.0000  -15.0000  -15.000014196.5840   17.4708
    7.5000  -15.0000  -15.000013344.3594   17.4298
   -7.5000   -7.5000  -15.000014568.1182   17.5112
    0.0000   -7.5000  -15.000015173.4756   17.4884
    7.5000   -7.5000  -15.000014238.9912   17.4454
   -7.5000    0.0000  -15.000015491.8369   17.5241
    0.0000    0.0000  -15.000016149.6582   17.5062
    7.5000    0.0000  -15.000015120.5586   17.4641
   -7.5000    7.5000  -15.000015272.7598   17.5190
    0.0000    7.5000  -15.000015936.3760   17.4999
    7.5000    7.5000  -15.000014895.4023   17.4618
   -7.5000   15.0000  -15.000014709.8477   17.5022
    0.0000   15.0000  -15.000015356.1992   17.4793
    7.5000   15.0000  -15.000014326.1211   17.4449
   -7.5000   22.5000  -15.000013963.7725   17.4853
    0.0000   22.5000  -15.000014596.7520   17.4587
    7.5000   22.5000  -15.000013608.3311   17.4223
   -7.5000   30.0000  -15.000013191.6582   17.2689
    0.0000   30.0000  -15.000013766.4512   17.2418
    7.5000   30.0000  -15.000012872.7529   17.2013
   -7.5000   37.5000  -15.000012698.4727   17.2846
    0.0000   37.5000  -15.000013271.3047   17.2621
    7.5000   37.5000  -15.000012417.6045   17.2197
   -7.5000   45.0000  -15.000011643.3691   16.8868
    0.0000   45.0000  -15.000012138.0947   16.8695
    7.5000   45.0000  -15.000011395.3096   16.8289
   -7.5000  -45.0000   -7.500010120.2510   18.2744
    0.0000  -45.0000   -7.500010548.9277   18.2630
    7.5000  -45.0000   -7.500010005.7939   18.2374
   -7.5000  -37.5000   -7.500010945.6240   18.0135
    0.0000  -37.5000   -7.500011404.4863   17.9967
    7.5000  -37.5000   -7.500010812.6426   17.9735
   -7.5000  -30.0000   -7.500012157.8643   17.8555
    0.0000  -30.0000   -7.500012673.9873   17.8363
    7.5000  -30.0000   -7.500012001.8789   17.8148
   -7.5000  -22.5000   -7.500013363.0322   17.7458
    0.0000  -22.5000   -7.500013957.0605   17.7287
    7.5000  -22.5000   -7.500013163.9775   17.7046
   -7.5000  -15.0000   -7.500014503.1064   17.6890
    0.0000  -15.0000   -7.500015133.1436   17.6752
    7.5000  -15.0000   -7.500014228.9951   17.6472
   -7.5000   -7.5000   -7.500015500.2930   17.7022
    0.0000   -7.5000   -7.500016119.6465   17.6901
    7.5000   -7.5000   -7.500015182.1768   17.6603
   -7.5000    0.0000   -7.500016464.3574   17.7160
    0.0000    0.0000   -7.500017157.6387   17.7020
    7.5000    0.0000   -7.500016106.1055   17.6724
   -7.5000    7.5000   -7.500016258.0420   17.7101
    0.0000    7.5000   -7.500016956.0762   17.6919
    7.5000    7.5000   -7.500015867.2432   17.6656
   -7.5000   15.0000   -7.500015656.1758   17.6923
    0.0000   15.0000   -7.500016351.3652   17.6725
    7.5000   15.0000   -7.500015253.7695   17.6493
   -7.5000   22.5000   -7.500014851.7637   17.6738
    0.0000   22.5000   -7.500015480.0938   17.6565
    7.5000   22.5000   -7.500014475.2607   17.6317
   -7.5000   30.0000   -7.500014058.9629   17.4567
    0.0000   30.0000   -7.500014644.3477   17.4430
    7.5000   30.0000   -7.500013675.9668   17.4154
   -7.5000   37.5000   -7.500013546.0312   17.4726
    0.0000   37.5000   -7.500014140.8643   17.4607
    7.5000   37.5000   -7.500013227.3379   17.4313
   -7.5000   45.0000   -7.500012422.0918   17.0749
    0.0000   45.0000   -7.500012947.2256   17.0614
    7.5000   45.0000   -7.500012126.8145   17.0328
   -7.5000  -45.0000    0.000010676.3154   18.2781
    0.0000  -45.0000    0.000011144.6621   18.2670
    7.5000  -45.0000    0.000010561.1650   18.2515
   -7.5000  -37.5000    0.000011541.3984   18.0254
    0.0000  -37.5000    0.000012044.2471   18.0065
    7.5000  -37.5000    0.000011434.0664   17.9934
   -7.5000  -30.0000    0.000012847.9072   17.8776
    0.0000  -30.0000    0.000013402.7227   17.8595
    7.5000  -30.0000    0.000012702.8193   17.8481
   -7.5000  -22.5000    0.000014125.7119   17.7701
    0.0000  -22.5000    0.000014728.6758   17.7595
    7.5000  -22.5000    0.000013927.7900   17.7458
   -7.5000  -15.0000    0.000015343.6113   17.7054
    0.0000  -15.0000    0.000015983.4395   17.7014
    7.5000  -15.0000    0.000015098.5361   17.6838
   -7.5000   -7.5000    0.000016404.2246   17.7097
    0.0000   -7.5000    0.000017039.7695   17.7042
    7.5000   -7.5000    0.000016123.4512   17.6841
   -7.5000    0.0000    0.000017413.8184   17.7213
    0.0000    0.0000    0.000018100.9121   17.7077
    7.5000    0.0000    0.000017104.8496   17.6877
   -7.5000    7.5000    0.000017161.1582   17.7222
    0.0000    7.5000    0.000017859.0430   17.7019
    7.5000    7.5000    0.000016821.0938   17.6855
   -7.5000   15.0000    0.000016549.5938   17.7133
    0.0000   15.0000    0.000017230.0527   17.6946
    7.5000   15.0000    0.000016160.2041   17.6812
   -7.5000   22.5000    0.000015682.8828   17.6971
    0.0000   22.5000    0.000016312.9414   17.6863
    7.5000   22.5000    0.000015278.0518   17.6719
   -7.5000   30.0000    0.000014795.6729   17.4734
    0.0000   30.0000    0.000015396.4316   17.4694
    7.5000   30.0000    0.000014372.2529   17.4520
   -7.5000   37.5000    0.000014266.9229   17.4806
    0.0000   37.5000    0.000014865.2891   17.4751
    7.5000   37.5000    0.000013903.7520   17.4553
   -7.5000   45.0000    0.000013113.5996   17.0813
    0.0000   45.0000    0.000013650.6787   17.0682
    7.5000   45.0000    0.000012789.1602   17.0489
   -7.5000  -45.0000    7.500010451.3535   18.2573
    0.0000  -45.0000    7.500010874.9844   18.2401
    7.5000  -45.0000    7.500010357.1963   18.2183
   -7.5000  -37.5000    7.500011279.3506   18.0105
    0.0000  -37.5000    7.500011749.4736   17.9874
    7.5000  -37.5000    7.500011199.6523   17.9689
   -7.5000  -30.0000    7.500012539.9766   17.8755
    0.0000  -30.0000    7.500013049.8555   17.8544
    7.5000  -30.0000    7.500012414.7764   17.8386
   -7.5000  -22.5000    7.500013786.7090   17.7740
    0.0000  -22.5000    7.500014333.1846   17.7599
    7.5000  -22.5000    7.500013618.1406   17.7417
   -7.5000  -15.0000    7.500015039.6025   17.7039
    0.0000  -15.0000    7.500015626.7988   17.6940
    7.5000  -15.0000    7.500014798.3535   17.6706
   -7.5000   -7.5000    7.500016204.6484   17.6974
    0.0000   -7.5000    7.500016788.4277   17.6852
    7.5000   -7.5000    7.500015935.7773   17.6586
   -7.5000    0.0000    7.500017161.4180   17.7029
    0.0000    0.0000    7.500017730.4551   17.6835
    7.5000    0.0000    7.500016933.7070   17.6574
   -7.5000    7.5000    7.500016818.2715   17.7095
    0.0000    7.5000    7.500017373.4219   17.6851
    7.5000    7.5000    7.500016579.4434   17.6635
   -7.5000   15.0000    7.500016241.7432   17.7119
    0.0000   15.0000    7.500016820.4121   17.6902
    7.5000   15.0000    7.500015934.9648   17.6726
   -7.5000   22.5000    7.500015354.9395   17.7006
    0.0000   22.5000    7.500015930.4131   17.6862
    7.5000   22.5000    7.500015026.7207   17.6673
   -7.5000   30.0000    7.500014424.0840   17.4718
    0.0000   30.0000    7.500014975.9463   17.4620
    7.5000   30.0000    7.500014083.5342   17.4389
   -7.5000   37.5000    7.500013934.7432   17.4684
    0.0000   37.5000    7.500014480.6953   17.4563
    7.5000   37.5000    7.500013567.4346   17.4300
   -7.5000   45.0000    7.500012837.3828   17.0635
    0.0000   45.0000    7.500013322.4268   17.0449
    7.5000   45.0000    7.500012488.0859   17.0197
   -7.5000  -45.0000   15.000010020.8574   18.2682
    0.0000  -45.0000   15.000010447.9678   18.2452
    7.5000  -45.0000   15.0000 9946.6631   18.2084
   -7.5000  -37.5000   15.000010821.1787   18.0182
    0.0000  -37.5000   15.000011282.8857   17.9920
    7.5000  -37.5000   15.000010747.2295   17.9601
   -7.5000  -30.0000   15.000012027.3643   17.8854
    0.0000  -30.0000   15.000012531.1562   17.8596
    7.5000  -30.0000   15.000011945.4258   17.8308
   -7.5000  -22.5000   15.000013231.2363   17.7879
    0.0000  -22.5000   15.000013734.1709   17.7639
    7.5000  -22.5000   15.000013144.4199   17.7322
   -7.5000  -15.0000   15.000014433.9023   17.7200
    0.0000  -15.0000   15.000015000.7402   17.6961
    7.5000  -15.0000   15.000014323.7480   17.6577
   -7.5000   -7.5000   15.000015645.4248   17.7119
    0.0000   -7.5000   15.000016158.9316   17.6881
    7.5000   -7.5000   15.000015522.7617   17.6462
   -7.5000    0.0000   15.000016569.4043   17.7133
    0.0000    0.0000   15.000017004.8477   17.6884
    7.5000    0.0000   15.000016496.7969   17.6482
   -7.5000    7.5000   15.000016251.4932   17.7186
    0.0000    7.5000   15.000016657.0215   17.6913
    7.5000    7.5000   15.000016102.8965   17.6566
   -7.5000   15.0000   15.000015741.9854   17.7231
    0.0000   15.0000   15.000016218.8838   17.6969
    7.5000   15.0000   15.000015459.4766   17.6666
   -7.5000   22.5000   15.000014904.9443   17.7147
    0.0000   22.5000   15.000015408.8477   17.6906
    7.5000   22.5000   15.000014574.7207   17.6584
   -7.5000   30.0000   15.000013933.6494   17.4877
    0.0000   30.0000   15.000014424.2988   17.4640
    7.5000   30.0000   15.000013582.0684   17.4261
   -7.5000   37.5000   15.000013409.8467   17.4827
    0.0000   37.5000   15.000013909.6094   17.4592
    7.5000   37.5000   15.000013071.2637   17.4178
   -7.5000   45.0000   15.000012305.2920   17.0736
    0.0000   45.0000   15.000012774.5635   17.0496
    7.5000   45.0000   15.000011985.8193   17.0108
   -7.5000  -45.0000   22.5000 9586.6992   18.3690
    0.0000  -45.0000   22.5000 9980.5957   18.3484
    7.5000  -45.0000   22.5000 9528.8945   18.3037
   -7.5000  -37.5000   22.500010308.4854   18.1104
    0.0000  -37.5000   22.500010720.4004   18.0881
    7.5000  -37.5000   22.500010261.8184   18.0484
   -7.5000  -30.0000   22.500011423.8408   17.9644
    0.0000  -30.0000   22.500011877.1748   17.9385
    7.5000  -30.0000   22.500011390.0049   17.9020
   -7.5000  -22.5000   22.500012542.7686   17.8602
    0.0000  -22.5000   22.500013018.3877   17.8310
    7.5000  -22.5000   22.500012521.0684   17.7909
   -7.5000  -15.0000   22.500013664.7021   17.7976
    0.0000  -15.0000   22.500014222.5674   17.7660
    7.5000  -15.0000   22.500013633.0537   17.7193
   -7.5000   -7.5000   22.500014776.0020   17.8002
    0.0000   -7.5000   22.500015360.8613   17.7726
    7.5000   -7.5000   22.500014704.9414   17.7230
   -7.5000    0.0000   22.500015817.4688   17.8072
    0.0000    0.0000   22.500016428.6758   17.7845
    7.5000    0.0000   22.500015618.4131   17.7368
   -7.5000    7.5000   22.500015698.2559   17.8076
    0.0000    7.5000   22.500016323.3408   17.7841
    7.5000    7.5000   22.500015395.7207   17.7418
   -7.5000   15.0000   22.500015140.3301   17.8017
    0.0000   15.0000   22.500015770.1152   17.7754
    7.5000   15.0000   22.500014777.3379   17.7374
   -7.5000   22.5000   22.500014270.2354   17.7873
    0.0000   22.5000   22.500014846.9326   17.7580
    7.5000   22.5000   22.500013938.3467   17.7174
   -7.5000   30.0000   22.500013214.9932   17.5642
    0.0000   30.0000   22.500013747.2607   17.5331
    7.5000   30.0000   22.500012963.9443   17.4869
   -7.5000   37.5000   22.500012712.2734   17.5698
    0.0000   37.5000   22.500013211.3564   17.5426
    7.5000   37.5000   22.500012469.0879   17.4936
   -7.5000   45.0000   22.500011698.6074   17.1641
    0.0000   45.0000   22.500012120.8711   17.1422
    7.5000   45.0000   22.500011452.2812   17.0962
   -7.5000  -45.0000   30.0000 8973.5420   18.5042
    0.0000  -45.0000   30.0000 9361.7451   18.4904
    7.5000  -45.0000   30.0000 8919.9385   18.4497
   -7.5000  -37.5000   30.0000 9634.0586   18.2370
    0.0000  -37.5000   30.000010047.2998   18.2210
    7.5000  -37.5000   30.0000 9588.9092   18.1838
   -7.5000  -30.0000   30.000010702.8389   18.0766
    0.0000  -30.0000   30.000011142.6143   18.0557
    7.5000  -30.0000   30.000010644.8350   18.0211
   -7.5000  -22.5000   30.000011824.0625   17.9659
    0.0000  -22.5000   30.000012308.6455   17.9408
    7.5000  -22.5000   30.000011764.8008   17.9032
   -7.5000  -15.0000   30.000012906.2061   17.9082
    0.0000  -15.0000   30.000013461.7939   17.8820
    7.5000  -15.0000   30.000012846.8691   17.8390
   -7.5000   -7.5000   30.000013945.0352   17.9208
    0.0000   -7.5000   30.000014485.5850   17.8995
    7.5000   -7.5000   30.000013805.3369   17.8545
   -7.5000    0.0000   30.000014827.8086   17.9336
    0.0000    0.0000   30.000015374.5811   17.9172
    7.5000    0.0000   30.000014632.4502   17.8732
   -7.5000    7.5000   30.000014636.5713   17.9283
    0.0000    7.5000   30.000015176.0830   17.9108
    7.5000    7.5000   30.000014446.4268   17.8709
   -7.5000   15.0000   30.000014124.2969   17.9115
    0.0000   15.0000   30.000014667.0029   17.8900
    7.5000   15.0000   30.000013925.4658   17.8539
   -7.5000   22.5000   30.000013352.4355   17.8928
    0.0000   22.5000   30.000013882.5889   17.8675
    7.5000   22.5000   30.000013171.2627   17.8293
   -7.5000   30.0000   30.000012407.5977   17.6734
    0.0000   30.0000   30.000012908.8262   17.6476
    7.5000   30.0000   30.000012247.6230   17.6051
   -7.5000   37.5000   30.000011938.0098   17.6889
    0.0000   37.5000   30.000012430.2227   17.6678
    7.5000   37.5000   30.000011763.4424   17.6234
   -7.5000   45.0000   30.000010988.6523   17.2859
    0.0000   45.0000   30.000011437.9727   17.2701
    7.5000   45.0000   30.000010817.1514   17.2277
   -7.5000  -45.0000   37.5000 8624.7812   18.6396
    0.0000  -45.0000   37.5000 8982.3154   18.6319
    7.5000  -45.0000   37.5000 8553.5400   18.6042
   -7.5000  -37.5000   37.5000 9297.2666   18.3720
    0.0000  -37.5000   37.5000 9705.9980   18.3587
    7.5000  -37.5000   37.5000 9226.4375   18.3336
   -7.5000  -30.0000   37.500010366.9727   18.2094
    0.0000  -30.0000   37.500010852.0771   18.1936
    7.5000  -30.0000   37.500010285.3916   18.1703
   -7.5000  -22.5000   37.500011452.1074   18.0960
    0.0000  -22.5000   37.500011963.2354   18.0822
    7.5000  -22.5000   37.500011362.6943   18.0562
   -7.5000  -15.0000   37.500012462.8701   18.0364
    0.0000  -15.0000   37.500013006.8164   18.0260
    7.5000  -15.0000   37.500012375.6357   17.9959
   -7.5000   -7.5000   37.500013366.4893   18.0485
    0.0000   -7.5000   37.500013912.0811   18.0399
    7.5000   -7.5000   37.500013253.2744   18.0079
   -7.5000    0.0000   37.500014135.1748   18.0620
    0.0000    0.0000   37.500014703.8955   18.0514
    7.5000    0.0000   37.500014039.7451   18.0197
   -7.5000    7.5000   37.500013900.4043   18.0572
    0.0000    7.5000   37.500014466.4414   18.0422
    7.5000    7.5000   37.500013841.2539   18.0140
   -7.5000   15.0000   37.500013443.6924   18.0402
    0.0000   15.0000   37.500013991.7666   18.0236
    7.5000   15.0000   37.500013362.9258   17.9985
   -7.5000   22.5000   37.500012787.8672   18.0215
    0.0000   22.5000   37.500013338.8047   18.0074
    7.5000   22.5000   37.500012695.8887   17.9808
   -7.5000   30.0000   37.500011963.4258   17.8000
    0.0000   30.0000   37.500012475.7432   17.7897
    7.5000   30.0000   37.500011859.9902   17.7599
   -7.5000   37.5000   37.500011534.0732   17.8149
    0.0000   37.5000   37.500012014.3047   17.8064
    7.5000   37.5000   37.500011406.2539   17.7748
   -7.5000   45.0000   37.500010630.4707   17.4097
    0.0000   45.0000   37.500011058.4219   17.3995
    7.5000   45.0000   37.500010504.6055   17.3689
   -7.5000  -45.0000   45.0000 7901.6084   18.8465
    0.0000  -45.0000   45.0000 8255.3076   18.8419
    7.5000  -45.0000   45.0000 7835.7861   18.8240
   -7.5000  -37.5000   45.0000 8542.8066   18.5867
    0.0000  -37.5000   45.0000 8941.4463   18.5735
    7.5000  -37.5000   45.0000 8471.2754   18.5583
   -7.5000  -30.0000   45.0000 9506.5107   18.4310
    0.0000  -30.0000   45.0000 9960.3369   18.4182
    7.5000  -30.0000   45.0000 9432.9570   18.4048
   -7.5000  -22.5000   45.000010456.3066   18.3146
    0.0000  -22.5000   45.000010954.0537   18.3098
    7.5000  -22.5000   45.000010391.4199   18.2940
   -7.5000  -15.0000   45.000011355.4863   18.2428
    0.0000  -15.0000   45.000011891.6211   18.2451
    7.5000  -15.0000   45.000011295.8779   18.2250
   -7.5000   -7.5000   45.000012169.4727   18.2450
    0.0000   -7.5000   45.000012707.1475   18.2458
    7.5000   -7.5000   45.000012110.2578   18.2232
   -7.5000    0.0000   45.000012882.1416   18.2578
    0.0000    0.0000   45.000013418.6787   18.2501
    7.5000    0.0000   45.000012842.1338   18.2276
   -7.5000    7.5000   45.000012656.6191   18.2624
    0.0000    7.5000   45.000013189.7520   18.2475
    7.5000    7.5000   45.000012626.3457   18.2287
   -7.5000   15.0000   45.000012275.7510   18.2553
    0.0000   15.0000   45.000012784.4492   18.2417
    7.5000   15.0000   45.000012228.2773   18.2262
   -7.5000   22.5000   45.000011699.6514   18.2369
    0.0000   22.5000   45.000012217.0176   18.2318
    7.5000   22.5000   45.000011650.5693   18.2151
   -7.5000   30.0000   45.000010973.4600   18.0020
    0.0000   30.0000   45.000011453.4541   18.0042
    7.5000   30.0000   45.000010905.6230   17.9844
   -7.5000   37.5000   45.000010609.9775   18.0073
    0.0000   37.5000   45.000011033.5635   18.0081
    7.5000   37.5000   45.000010505.3555   17.9858
   -7.5000   45.0000   45.0000 9797.9785   17.6064
    0.0000   45.0000   45.000010194.3271   17.5990
    7.5000   45.0000   45.0000 9690.4805   17.5773

---------------------------------------------------------------------
imgreg_4dfp /opt/freesurfer/average/711-2C_as_mni_average_305 /opt/freesurfer/average/711-2B_as_mni_average_305_mask talsrcimg_g11 none talsrcimg_to_711-2C_as_mni_average_305_t4 4355
---------------------------------------------------------------------

freesurfer imgreg_4dfp.c
/opt/freesurfer/average/711-2C_as_mni_average_305.4dfp.img
       256       256       256         1
  1.000000  1.000000  1.000000
orientation T byte_order littleendian
Reading image: /opt/freesurfer/average/711-2C_as_mni_average_305.4dfp.img
dimensions:      256       256       256
mmppix:       1.0000   -1.0000   -1.0000
center:     128.0000 -129.0000 -129.0000
/opt/freesurfer/average/711-2B_as_mni_average_305_mask.4dfp.img
       256       256       256         1
  1.000000  1.000000  1.000000
orientation T byte_order littleendian
Reading mask: /opt/freesurfer/average/711-2B_as_mni_average_305_mask.4dfp.img (2306576 pixels)
talsrcimg_g11.4dfp.img
       256       256       256         1
  1.000000  1.000000  1.000000
orientation T byte_order littleendian
Reading image: talsrcimg_g11.4dfp.img
dimensions:      256       256       256
mmppix:       1.0000   -1.0000   -1.0000
center:     128.0000 -129.0000 -129.0000
rotation matrix determinant  1.000000
image alignment mode   4355 decimal     1103 hex
   -7.5000  -45.0000  -45.0000 1999.3975   22.9481
    0.0000  -45.0000  -45.0000 2009.2040   22.7255
    7.5000  -45.0000  -45.0000 1997.5056   22.9310
   -7.5000  -37.5000  -45.0000 2098.1143   20.7578
    0.0000  -37.5000  -45.0000 2102.3711   20.5932
    7.5000  -37.5000  -45.0000 2094.5376   20.7486
   -7.5000  -30.0000  -45.0000 2185.1367   19.1563
    0.0000  -30.0000  -45.0000 2187.9817   19.0401
    7.5000  -30.0000  -45.0000 2180.3054   19.1403
   -7.5000  -22.5000  -45.0000 2240.3147   17.9723
    0.0000  -22.5000  -45.0000 2245.0449   17.8936
    7.5000  -22.5000  -45.0000 2239.7424   17.9918
   -7.5000  -15.0000  -45.0000 2272.5420   17.1496
    0.0000  -15.0000  -45.0000 2280.4385   17.0980
    7.5000  -15.0000  -45.0000 2270.7551   17.1837
   -7.5000   -7.5000  -45.0000 2293.5889   16.6926
    0.0000   -7.5000  -45.0000 2300.9131   16.6047
    7.5000   -7.5000  -45.0000 2292.2739   16.7287
   -7.5000    0.0000  -45.0000 2299.7847   16.5315
    0.0000    0.0000  -45.0000 2306.4465   16.3994
    7.5000    0.0000  -45.0000 2298.9448   16.6181
   -7.5000    7.5000  -45.0000 2302.2417   16.5998
    0.0000    7.5000  -45.0000 2313.3479   16.4783
    7.5000    7.5000  -45.0000 2299.6001   16.7104
   -7.5000   15.0000  -45.0000 2288.0049   16.8937
    0.0000   15.0000  -45.0000 2297.3130   16.7789
    7.5000   15.0000  -45.0000 2278.5247   17.0234
   -7.5000   22.5000  -45.0000 2251.5667   17.4561
    0.0000   22.5000  -45.0000 2261.9136   17.3233
    7.5000   22.5000  -45.0000 2249.8430   17.5734
   -7.5000   30.0000  -45.0000 2206.6973   18.2654
    0.0000   30.0000  -45.0000 2215.8213   18.1022
    7.5000   30.0000  -45.0000 2197.2646   18.3851
   -7.5000   37.5000  -45.0000 2146.5161   19.5010
    0.0000   37.5000  -45.0000 2153.9988   19.3286
    7.5000   37.5000  -45.0000 2135.0566   19.6372
   -7.5000   45.0000  -45.0000 2064.4026   21.2186
    0.0000   45.0000  -45.0000 2076.0979   21.0335
    7.5000   45.0000  -45.0000 2059.2053   21.3863
   -7.5000  -45.0000  -37.5000 2071.7683   21.3416
    0.0000  -45.0000  -37.5000 2079.9495   21.2105
    7.5000  -45.0000  -37.5000 2067.6929   21.3219
   -7.5000  -37.5000  -37.5000 2179.4600   19.3597
    0.0000  -37.5000  -37.5000 2183.2019   19.2363
    7.5000  -37.5000  -37.5000 2171.3782   19.2789
   -7.5000  -30.0000  -37.5000 2272.1589   17.8401
    0.0000  -30.0000  -37.5000 2274.7080   17.7664
    7.5000  -30.0000  -37.5000 2266.1836   17.7593
   -7.5000  -22.5000  -37.5000 2333.0950   16.6780
    0.0000  -22.5000  -37.5000 2336.3496   16.6168
    7.5000  -22.5000  -37.5000 2328.3682   16.6255
   -7.5000  -15.0000  -37.5000 2361.4917   15.9294
    0.0000  -15.0000  -37.5000 2371.1609   15.8827
    7.5000  -15.0000  -37.5000 2356.0837   15.9067
   -7.5000   -7.5000  -37.5000 2384.4148   15.4498
    0.0000   -7.5000  -37.5000 2397.3389   15.4255
    7.5000   -7.5000  -37.5000 2383.2642   15.4715
   -7.5000    0.0000  -37.5000 2389.6853   15.2803
    0.0000    0.0000  -37.5000 2405.5515   15.2161
    7.5000    0.0000  -37.5000 2387.3799   15.3265
   -7.5000    7.5000  -37.5000 2395.9492   15.2579
    0.0000    7.5000  -37.5000 2410.7764   15.2057
    7.5000    7.5000  -37.5000 2392.2791   15.3337
   -7.5000   15.0000  -37.5000 2386.2856   15.4580
    0.0000   15.0000  -37.5000 2399.5825   15.4156
    7.5000   15.0000  -37.5000 2375.8320   15.5504
   -7.5000   22.5000  -37.5000 2357.1387   15.9529
    0.0000   22.5000  -37.5000 2367.0874   15.8951
    7.5000   22.5000  -37.5000 2347.3987   16.0864
   -7.5000   30.0000  -37.5000 2304.6702   16.7198
    0.0000   30.0000  -37.5000 2314.7058   16.6524
    7.5000   30.0000  -37.5000 2294.6025   16.9014
   -7.5000   37.5000  -37.5000 2244.4895   17.8628
    0.0000   37.5000  -37.5000 2252.0298   17.7330
    7.5000   37.5000  -37.5000 2233.1775   18.0439
   -7.5000   45.0000  -37.5000 2160.0781   19.4627
    0.0000   45.0000  -37.5000 2167.9180   19.3007
    7.5000   45.0000  -37.5000 2149.2288   19.6103
   -7.5000  -45.0000  -30.0000 2173.0713   20.7019
    0.0000  -45.0000  -30.0000 2179.7637   20.6218
    7.5000  -45.0000  -30.0000 2166.6064   20.5876
   -7.5000  -37.5000  -30.0000 2298.2617   18.7901
    0.0000  -37.5000  -30.0000 2303.9956   18.6861
    7.5000  -37.5000  -30.0000 2284.4878   18.6371
   -7.5000  -30.0000  -30.0000 2394.9639   17.2039
    0.0000  -30.0000  -30.0000 2396.1438   17.1358
    7.5000  -30.0000  -30.0000 2381.1870   17.0959
   -7.5000  -22.5000  -30.0000 2466.0852   16.0270
    0.0000  -22.5000  -30.0000 2471.2979   16.0155
    7.5000  -22.5000  -30.0000 2451.5215   15.9561
   -7.5000  -15.0000  -30.0000 2494.5237   15.2703
    0.0000  -15.0000  -30.0000 2506.7693   15.2781
    7.5000  -15.0000  -30.0000 2481.3542   15.2305
   -7.5000   -7.5000  -30.0000 2518.1440   14.7983
    0.0000   -7.5000  -30.0000 2532.3950   14.8032
    7.5000   -7.5000  -30.0000 2508.9155   14.7825
   -7.5000    0.0000  -30.0000 2526.0620   14.6064
    0.0000    0.0000  -30.0000 2543.2549   14.5854
    7.5000    0.0000  -30.0000 2521.7998   14.6044
   -7.5000    7.5000  -30.0000 2538.5220   14.5875
    0.0000    7.5000  -30.0000 2556.5886   14.5922
    7.5000    7.5000  -30.0000 2529.9534   14.6361
   -7.5000   15.0000  -30.0000 2530.1882   14.7739
    0.0000   15.0000  -30.0000 2547.2683   14.7391
    7.5000   15.0000  -30.0000 2520.3882   14.8691
   -7.5000   22.5000  -30.0000 2500.8379   15.2167
    0.0000   22.5000  -30.0000 2516.5122   15.1959
    7.5000   22.5000  -30.0000 2488.0393   15.3435
   -7.5000   30.0000  -30.0000 2447.0757   15.9616
    0.0000   30.0000  -30.0000 2461.0806   15.9256
    7.5000   30.0000  -30.0000 2429.1213   16.0980
   -7.5000   37.5000  -30.0000 2378.2344   17.0526
    0.0000   37.5000  -30.0000 2385.0520   16.9944
    7.5000   37.5000  -30.0000 2356.1621   17.1952
   -7.5000   45.0000  -30.0000 2286.9817   18.5598
    0.0000   45.0000  -30.0000 2288.0562   18.4624
    7.5000   45.0000  -30.0000 2270.8271   18.7065
   -7.5000  -45.0000  -22.5000 2253.5840   19.9820
    0.0000  -45.0000  -22.5000 2259.7678   19.9574
    7.5000  -45.0000  -22.5000 2246.8425   19.8631
   -7.5000  -37.5000  -22.5000 2383.4236   18.0996
    0.0000  -37.5000  -22.5000 2388.0012   18.0651
    7.5000  -37.5000  -22.5000 2369.4548   17.9687
   -7.5000  -30.0000  -22.5000 2481.1252   16.5012
    0.0000  -30.0000  -22.5000 2484.2373   16.4658
    7.5000  -30.0000  -22.5000 2465.8447   16.4017
   -7.5000  -22.5000  -22.5000 2557.4258   15.2970
    0.0000  -22.5000  -22.5000 2566.6501   15.2667
    7.5000  -22.5000  -22.5000 2541.7083   15.1991
   -7.5000  -15.0000  -22.5000 2600.7778   14.4700
    0.0000  -15.0000  -22.5000 2607.7812   14.4431
    7.5000  -15.0000  -22.5000 2587.4863   14.4084
   -7.5000   -7.5000  -22.5000 2633.1072   14.0048
    0.0000   -7.5000  -22.5000 2643.0083   14.0053
    7.5000   -7.5000  -22.5000 2619.9231   13.9843
   -7.5000    0.0000  -22.5000 2651.2502   13.8458
    0.0000    0.0000  -22.5000 2662.4602   13.8484
    7.5000    0.0000  -22.5000 2637.1431   13.8490
   -7.5000    7.5000  -22.5000 2659.5330   13.8839
    0.0000    7.5000  -22.5000 2675.7930   13.9008
    7.5000    7.5000  -22.5000 2644.3176   13.9001
   -7.5000   15.0000  -22.5000 2650.2766   14.0519
    0.0000   15.0000  -22.5000 2666.0425   14.0790
    7.5000   15.0000  -22.5000 2634.9309   14.1308
   -7.5000   22.5000  -22.5000 2618.7134   14.4667
    0.0000   22.5000  -22.5000 2635.2441   14.4940
    7.5000   22.5000  -22.5000 2602.2993   14.5693
   -7.5000   30.0000  -22.5000 2560.3398   15.1414
    0.0000   30.0000  -22.5000 2575.5127   15.1543
    7.5000   30.0000  -22.5000 2540.6506   15.2814
   -7.5000   37.5000  -22.5000 2485.1680   16.1860
    0.0000   37.5000  -22.5000 2495.1897   16.1535
    7.5000   37.5000  -22.5000 2461.7395   16.3238
   -7.5000   45.0000  -22.5000 2385.2742   17.6321
    0.0000   45.0000  -22.5000 2391.2197   17.5656
    7.5000   45.0000  -22.5000 2371.0771   17.7340
   -7.5000  -45.0000  -15.0000 2302.4531   19.3165
    0.0000  -45.0000  -15.0000 2310.8843   19.2907
    7.5000  -45.0000  -15.0000 2298.7158   19.2661
   -7.5000  -37.5000  -15.0000 2436.6809   17.4043
    0.0000  -37.5000  -15.0000 2444.2185   17.3657
    7.5000  -37.5000  -15.0000 2424.6306   17.3505
   -7.5000  -30.0000  -15.0000 2530.7930   15.7759
    0.0000  -30.0000  -15.0000 2537.2363   15.7412
    7.5000  -30.0000  -15.0000 2521.5010   15.7549
   -7.5000  -22.5000  -15.0000 2612.7051   14.5774
    0.0000  -22.5000  -15.0000 2625.1953   14.5628
    7.5000  -22.5000  -15.0000 2602.1565   14.5409
   -7.5000  -15.0000  -15.0000 2674.9204   13.7371
    0.0000  -15.0000  -15.0000 2684.8254   13.7250
    7.5000  -15.0000  -15.0000 2665.3562   13.6945
   -7.5000   -7.5000  -15.0000 2714.9414   13.2646
    0.0000   -7.5000  -15.0000 2726.8352   13.2447
    7.5000   -7.5000  -15.0000 2702.7561   13.2232
   -7.5000    0.0000  -15.0000 2740.5020   13.0836
    0.0000    0.0000  -15.0000 2751.6460   13.1012
    7.5000    0.0000  -15.0000 2722.1870   13.0823
   -7.5000    7.5000  -15.0000 2749.6838   13.1426
    0.0000    7.5000  -15.0000 2767.6160   13.1879
    7.5000    7.5000  -15.0000 2728.8687   13.1710
   -7.5000   15.0000  -15.0000 2744.5869   13.3758
    0.0000   15.0000  -15.0000 2764.3831   13.3868
    7.5000   15.0000  -15.0000 2725.5549   13.4448
   -7.5000   22.5000  -15.0000 2709.3306   13.7550
    0.0000   22.5000  -15.0000 2729.7815   13.7866
    7.5000   22.5000  -15.0000 2691.6689   13.8896
   -7.5000   30.0000  -15.0000 2647.1978   14.4257
    0.0000   30.0000  -15.0000 2663.2952   14.4495
    7.5000   30.0000  -15.0000 2630.0898   14.5963
   -7.5000   37.5000  -15.0000 2561.8030   15.4216
    0.0000   37.5000  -15.0000 2581.0579   15.4081
    7.5000   37.5000  -15.0000 2548.9990   15.5788
   -7.5000   45.0000  -15.0000 2457.2917   16.7976
    0.0000   45.0000  -15.0000 2469.3274   16.8001
    7.5000   45.0000  -15.0000 2450.7109   16.9122
   -7.5000  -45.0000   -7.5000 2328.9731   18.6539
    0.0000  -45.0000   -7.5000 2339.9353   18.6102
    7.5000  -45.0000   -7.5000 2325.6145   18.7213
   -7.5000  -37.5000   -7.5000 2456.2114   16.7185
    0.0000  -37.5000   -7.5000 2469.0649   16.6898
    7.5000  -37.5000   -7.5000 2448.9468   16.7862
   -7.5000  -30.0000   -7.5000 2558.0435   15.1319
    0.0000  -30.0000   -7.5000 2569.7634   15.0954
    7.5000  -30.0000   -7.5000 2556.4343   15.2102
   -7.5000  -22.5000   -7.5000 2649.2688   13.9256
    0.0000  -22.5000   -7.5000 2667.0078   13.8900
    7.5000  -22.5000   -7.5000 2649.3711   13.9719
   -7.5000  -15.0000   -7.5000 2725.4697   13.0498
    0.0000  -15.0000   -7.5000 2740.1870   13.0277
    7.5000  -15.0000   -7.5000 2720.2839   13.0968
   -7.5000   -7.5000   -7.5000 2777.1504   12.5547
    0.0000   -7.5000   -7.5000 2795.2529   12.5339
    7.5000   -7.5000   -7.5000 2769.2549   12.5873
   -7.5000    0.0000   -7.5000 2811.2373   12.3207
    0.0000    0.0000   -7.5000 2826.8865   12.3198
    7.5000    0.0000   -7.5000 2799.0913   12.3874
   -7.5000    7.5000   -7.5000 2826.7478   12.4277
    0.0000    7.5000   -7.5000 2851.6880   12.4224
    7.5000    7.5000   -7.5000 2807.6335   12.5129
   -7.5000   15.0000   -7.5000 2820.9670   12.7150
    0.0000   15.0000   -7.5000 2845.0469   12.7224
    7.5000   15.0000   -7.5000 2799.0652   12.8221
   -7.5000   22.5000   -7.5000 2783.8818   13.1276
    0.0000   22.5000   -7.5000 2800.1445   13.1369
    7.5000   22.5000   -7.5000 2765.7073   13.2791
   -7.5000   30.0000   -7.5000 2718.0605   13.7703
    0.0000   30.0000   -7.5000 2731.8403   13.7765
    7.5000   30.0000   -7.5000 2698.2959   13.9471
   -7.5000   37.5000   -7.5000 2622.0342   14.7277
    0.0000   37.5000   -7.5000 2640.0349   14.7514
    7.5000   37.5000   -7.5000 2610.7310   14.8828
   -7.5000   45.0000   -7.5000 2512.3669   16.0877
    0.0000   45.0000   -7.5000 2529.3232   16.0953
    7.5000   45.0000   -7.5000 2505.0110   16.2080
   -7.5000  -45.0000    0.0000 2327.3936   18.2241
    0.0000  -45.0000    0.0000 2342.5857   18.1606
    7.5000  -45.0000    0.0000 2327.3103   18.3532
   -7.5000  -37.5000    0.0000 2453.6575   16.2731
    0.0000  -37.5000    0.0000 2466.9326   16.2356
    7.5000  -37.5000    0.0000 2455.8401   16.4477
   -7.5000  -30.0000    0.0000 2565.7312   14.7189
    0.0000  -30.0000    0.0000 2579.6292   14.6576
    7.5000  -30.0000    0.0000 2566.3801   14.8595
   -7.5000  -22.5000    0.0000 2666.2229   13.4763
    0.0000  -22.5000    0.0000 2684.2336   13.4182
    7.5000  -22.5000    0.0000 2667.9966   13.6019
   -7.5000  -15.0000    0.0000 2756.4646   12.6038
    0.0000  -15.0000    0.0000 2774.8677   12.5623
    7.5000  -15.0000    0.0000 2754.8086   12.7270
   -7.5000   -7.5000    0.0000 2823.4045   12.0542
    0.0000   -7.5000    0.0000 2844.2590   12.0066
    7.5000   -7.5000    0.0000 2813.9341   12.1855
   -7.5000    0.0000    0.0000 2873.0708   11.7879
    0.0000    0.0000    0.0000 2893.0815   11.7214
    7.5000    0.0000    0.0000 2858.7598   11.9327
   -7.5000    7.5000    0.0000 2897.2356   11.8825
    0.0000    7.5000    0.0000 2922.7649   11.8205
    7.5000    7.5000    0.0000 2877.6792   12.0390
   -7.5000   15.0000    0.0000 2884.7935   12.1882
    0.0000   15.0000    0.0000 2910.8467   12.1433
    7.5000   15.0000    0.0000 2859.5742   12.3212
   -7.5000   22.5000    0.0000 2835.4102   12.6463
    0.0000   22.5000    0.0000 2850.0149   12.6177
    7.5000   22.5000    0.0000 2817.7415   12.7921
   -7.5000   30.0000    0.0000 2758.7275   13.2680
    0.0000   30.0000    0.0000 2777.9426   13.2755
    7.5000   30.0000    0.0000 2744.7573   13.4569
   -7.5000   37.5000    0.0000 2659.8682   14.2313
    0.0000   37.5000    0.0000 2679.3438   14.2572
    7.5000   37.5000    0.0000 2647.3567   14.4465
   -7.5000   45.0000    0.0000 2546.9563   15.5444
    0.0000   45.0000    0.0000 2561.0620   15.5795
    7.5000   45.0000    0.0000 2537.5576   15.7480
   -7.5000  -45.0000    7.5000 2325.1716   18.1872
    0.0000  -45.0000    7.5000 2336.3567   18.0138
    7.5000  -45.0000    7.5000 2327.8127   18.3829
   -7.5000  -37.5000    7.5000 2447.3569   16.1564
    0.0000  -37.5000    7.5000 2453.6011   16.0091
    7.5000  -37.5000    7.5000 2454.2964   16.4031
   -7.5000  -30.0000    7.5000 2559.1282   14.5430
    0.0000  -30.0000    7.5000 2566.5361   14.4115
    7.5000  -30.0000    7.5000 2560.4702   14.7499
   -7.5000  -22.5000    7.5000 2664.9690   13.2918
    0.0000  -22.5000    7.5000 2677.9663   13.1464
    7.5000  -22.5000    7.5000 2666.4761   13.4571
   -7.5000  -15.0000    7.5000 2770.8413   12.3940
    0.0000  -15.0000    7.5000 2787.2058   12.2543
    7.5000  -15.0000    7.5000 2764.9939   12.5343
   -7.5000   -7.5000    7.5000 2856.9258   11.8283
    0.0000   -7.5000    7.5000 2876.8970   11.6776
    7.5000   -7.5000    7.5000 2840.8491   11.9530
   -7.5000    0.0000    7.5000 2924.7695   11.5252
    0.0000    0.0000    7.5000 2945.5479   11.3535
    7.5000    0.0000    7.5000 2901.7551   11.6915
   -7.5000    7.5000    7.5000 2953.4568   11.5463
    0.0000    7.5000    7.5000 2971.8535   11.4061
    7.5000    7.5000    7.5000 2917.5974   11.7422
   -7.5000   15.0000    7.5000 2933.6277   11.8816
    0.0000   15.0000    7.5000 2950.6675   11.7530
    7.5000   15.0000    7.5000 2900.3960   12.0609
   -7.5000   22.5000    7.5000 2875.3972   12.3749
    0.0000   22.5000    7.5000 2889.3555   12.3068
    7.5000   22.5000    7.5000 2853.4580   12.5777
   -7.5000   30.0000    7.5000 2792.4941   13.0294
    0.0000   30.0000    7.5000 2805.4631   13.0041
    7.5000   30.0000    7.5000 2775.3389   13.2340
   -7.5000   37.5000    7.5000 2686.8184   13.9942
    0.0000   37.5000    7.5000 2700.2620   13.9651
    7.5000   37.5000    7.5000 2670.0056   14.1795
   -7.5000   45.0000    7.5000 2570.4812   15.3047
    0.0000   45.0000    7.5000 2582.8667   15.2577
    7.5000   45.0000    7.5000 2559.2251   15.4513
   -7.5000  -45.0000   15.0000 2299.8115   18.2539
    0.0000  -45.0000   15.0000 2310.4727   18.0980
    7.5000  -45.0000   15.0000 2305.3955   18.4809
   -7.5000  -37.5000   15.0000 2419.7310   16.1871
    0.0000  -37.5000   15.0000 2429.0696   16.0463
    7.5000  -37.5000   15.0000 2426.0508   16.4764
   -7.5000  -30.0000   15.0000 2531.6980   14.5729
    0.0000  -30.0000   15.0000 2540.2866   14.4226
    7.5000  -30.0000   15.0000 2533.3516   14.8429
   -7.5000  -22.5000   15.0000 2647.5688   13.3035
    0.0000  -22.5000   15.0000 2656.2737   13.1390
    7.5000  -22.5000   15.0000 2647.1650   13.5253
   -7.5000  -15.0000   15.0000 2759.4939   12.3613
    0.0000  -15.0000   15.0000 2769.5271   12.1706
    7.5000  -15.0000   15.0000 2750.8281   12.5581
   -7.5000   -7.5000   15.0000 2856.7932   11.7904
    0.0000   -7.5000   15.0000 2867.5857   11.5793
    7.5000   -7.5000   15.0000 2837.9431   11.9654
   -7.5000    0.0000   15.0000 2939.8850   11.5248
    0.0000    0.0000   15.0000 2956.3052   11.3215
    7.5000    0.0000   15.0000 2908.3887   11.7165
   -7.5000    7.5000   15.0000 2976.2808   11.4819
    0.0000    7.5000   15.0000 2986.8665   11.2805
    7.5000    7.5000   15.0000 2933.3308   11.7224
   -7.5000   15.0000   15.0000 2953.4866   11.7783
    0.0000   15.0000   15.0000 2971.8845   11.6719
    7.5000   15.0000   15.0000 2914.1472   11.9459
   -7.5000   22.5000   15.0000 2885.1313   12.3230
    0.0000   22.5000   15.0000 2900.2864   12.2711
    7.5000   22.5000   15.0000 2862.0496   12.4399
   -7.5000   30.0000   15.0000 2795.7131   13.0087
    0.0000   30.0000   15.0000 2809.0754   12.9769
    7.5000   30.0000   15.0000 2777.8757   13.1274
   -7.5000   37.5000   15.0000 2690.5676   13.9492
    0.0000   37.5000   15.0000 2704.3140   13.9488
    7.5000   37.5000   15.0000 2675.6367   14.0807
   -7.5000   45.0000   15.0000 2573.3601   15.2073
    0.0000   45.0000   15.0000 2586.8853   15.2202
    7.5000   45.0000   15.0000 2558.5305   15.3401
   -7.5000  -45.0000   22.5000 2277.9648   18.6042
    0.0000  -45.0000   22.5000 2285.2065   18.4493
    7.5000  -45.0000   22.5000 2284.5747   18.9469
   -7.5000  -37.5000   22.5000 2394.6418   16.4373
    0.0000  -37.5000   22.5000 2396.1846   16.2596
    7.5000  -37.5000   22.5000 2398.2607   16.8027
   -7.5000  -30.0000   22.5000 2507.9165   14.7663
    0.0000  -30.0000   22.5000 2511.1082   14.5804
    7.5000  -30.0000   22.5000 2505.9482   15.0814
   -7.5000  -22.5000   22.5000 2620.7244   13.4880
    0.0000  -22.5000   22.5000 2624.6533   13.2773
    7.5000  -22.5000   22.5000 2619.0977   13.7519
   -7.5000  -15.0000   22.5000 2728.4307   12.5693
    0.0000  -15.0000   22.5000 2736.8381   12.3633
    7.5000  -15.0000   22.5000 2723.7878   12.8001
   -7.5000   -7.5000   22.5000 2833.8877   12.0321
    0.0000   -7.5000   22.5000 2852.2893   11.9048
    7.5000   -7.5000   22.5000 2815.5835   12.2211
   -7.5000    0.0000   22.5000 2921.8865   11.7779
    0.0000    0.0000   22.5000 2940.8157   11.6740
    7.5000    0.0000   22.5000 2880.7725   11.9548
   -7.5000    7.5000   22.5000 2954.1326   11.8211
    0.0000    7.5000   22.5000 2973.1750   11.7507
    7.5000    7.5000   22.5000 2912.9397   11.9331
   -7.5000   15.0000   22.5000 2932.8748   12.0213
    0.0000   15.0000   22.5000 2959.1167   12.0027
    7.5000   15.0000   22.5000 2895.4714   12.1238
   -7.5000   22.5000   22.5000 2876.1567   12.4530
    0.0000   22.5000   22.5000 2894.1899   12.4457
    7.5000   22.5000   22.5000 2847.5125   12.5721
   -7.5000   30.0000   22.5000 2779.2007   13.1493
    0.0000   30.0000   22.5000 2795.6038   13.1236
    7.5000   30.0000   22.5000 2763.8777   13.2571
   -7.5000   37.5000   22.5000 2679.9578   14.0798
    0.0000   37.5000   22.5000 2695.0151   14.0723
    7.5000   37.5000   22.5000 2666.8906   14.2106
   -7.5000   45.0000   22.5000 2564.1121   15.3305
    0.0000   45.0000   22.5000 2577.8540   15.3254
    7.5000   45.0000   22.5000 2549.4138   15.4544
   -7.5000  -45.0000   30.0000 2247.3223   19.1001
    0.0000  -45.0000   30.0000 2248.7441   19.0015
    7.5000  -45.0000   30.0000 2248.1870   19.5236
   -7.5000  -37.5000   30.0000 2362.3452   16.9337
    0.0000  -37.5000   30.0000 2359.0750   16.7682
    7.5000  -37.5000   30.0000 2356.9182   17.3016
   -7.5000  -30.0000   30.0000 2473.8350   15.2531
    0.0000  -30.0000   30.0000 2472.7034   15.1015
    7.5000  -30.0000   30.0000 2462.3894   15.5761
   -7.5000  -22.5000   30.0000 2590.7437   14.0232
    0.0000  -22.5000   30.0000 2594.9763   13.8930
    7.5000  -22.5000   30.0000 2577.7844   14.3006
   -7.5000  -15.0000   30.0000 2695.9683   13.1374
    0.0000  -15.0000   30.0000 2702.5972   13.0201
    7.5000  -15.0000   30.0000 2681.4402   13.3793
   -7.5000   -7.5000   30.0000 2796.4429   12.5625
    0.0000   -7.5000   30.0000 2803.2358   12.4329
    7.5000   -7.5000   30.0000 2769.4475   12.7517
   -7.5000    0.0000   30.0000 2871.1709   12.2604
    0.0000    0.0000   30.0000 2880.2732   12.1437
    7.5000    0.0000   30.0000 2836.7993   12.4090
   -7.5000    7.5000   30.0000 2896.7393   12.2556
    0.0000    7.5000   30.0000 2910.9226   12.1580
    7.5000    7.5000   30.0000 2870.1394   12.3580
   -7.5000   15.0000   30.0000 2878.3999   12.4546
    0.0000   15.0000   30.0000 2895.1724   12.4112
    7.5000   15.0000   30.0000 2848.4050   12.5592
   -7.5000   22.5000   30.0000 2825.7229   12.8766
    0.0000   22.5000   30.0000 2841.9629   12.8584
    7.5000   22.5000   30.0000 2798.7556   12.9784
   -7.5000   30.0000   30.0000 2738.7354   13.5568
    0.0000   30.0000   30.0000 2754.9614   13.5477
    7.5000   30.0000   30.0000 2721.6133   13.6329
   -7.5000   37.5000   30.0000 2646.6663   14.4491
    0.0000   37.5000   30.0000 2665.3647   14.4328
    7.5000   37.5000   30.0000 2632.8035   14.5503
   -7.5000   45.0000   30.0000 2533.5002   15.6512
    0.0000   45.0000   30.0000 2550.5583   15.6491
    7.5000   45.0000   30.0000 2521.8652   15.7678
   -7.5000  -45.0000   37.5000 2203.7419   20.0174
    0.0000  -45.0000   37.5000 2200.0269   19.9317
    7.5000  -45.0000   37.5000 2194.0327   20.4398
   -7.5000  -37.5000   37.5000 2324.8733   17.8046
    0.0000  -37.5000   37.5000 2323.8059   17.7818
    7.5000  -37.5000   37.5000 2305.0142   18.1617
   -7.5000  -30.0000   37.5000 2441.3367   16.1286
    0.0000  -30.0000   37.5000 2445.2913   16.0958
    7.5000  -30.0000   37.5000 2415.1624   16.4603
   -7.5000  -22.5000   37.5000 2554.0850   14.8459
    0.0000  -22.5000   37.5000 2563.1096   14.7904
    7.5000  -22.5000   37.5000 2529.5527   15.1113
   -7.5000  -15.0000   37.5000 2653.9482   13.8937
    0.0000  -15.0000   37.5000 2658.1509   13.7685
    7.5000  -15.0000   37.5000 2632.7671   14.1205
   -7.5000   -7.5000   37.5000 2741.0032   13.2238
    0.0000   -7.5000   37.5000 2747.9429   13.0957
    7.5000   -7.5000   37.5000 2715.4121   13.4259
   -7.5000    0.0000   37.5000 2797.5759   12.8717
    0.0000    0.0000   37.5000 2802.8274   12.7966
    7.5000    0.0000   37.5000 2770.4912   13.0563
   -7.5000    7.5000   37.5000 2817.3018   12.8459
    0.0000    7.5000   37.5000 2828.1643   12.7572
    7.5000    7.5000   37.5000 2798.9287   13.0031
   -7.5000   15.0000   37.5000 2801.8025   13.0586
    0.0000   15.0000   37.5000 2812.4402   12.9986
    7.5000   15.0000   37.5000 2777.1047   13.2009
   -7.5000   22.5000   37.5000 2755.4951   13.4997
    0.0000   22.5000   37.5000 2774.3291   13.4458
    7.5000   22.5000   37.5000 2733.0940   13.5952
   -7.5000   30.0000   37.5000 2683.1152   14.1239
    0.0000   30.0000   37.5000 2702.3105   14.1036
    7.5000   30.0000   37.5000 2665.1873   14.2161
   -7.5000   37.5000   37.5000 2597.1658   15.0024
    0.0000   37.5000   37.5000 2613.1951   15.0084
    7.5000   37.5000   37.5000 2580.7200   15.1238
   -7.5000   45.0000   37.5000 2488.2097   16.1536
    0.0000   45.0000   37.5000 2502.9133   16.1450
    7.5000   45.0000   37.5000 2479.4351   16.2741
   -7.5000  -45.0000   45.0000 2149.6541   21.2691
    0.0000  -45.0000   45.0000 2151.5305   21.2855
    7.5000  -45.0000   45.0000 2129.5869   21.7088
   -7.5000  -37.5000   45.0000 2274.9763   19.0132
    0.0000  -37.5000   45.0000 2278.0208   19.0165
    7.5000  -37.5000   45.0000 2246.8528   19.3625
   -7.5000  -30.0000   45.0000 2388.0798   17.2145
    0.0000  -30.0000   45.0000 2399.6150   17.1932
    7.5000  -30.0000   45.0000 2359.4653   17.5327
   -7.5000  -22.5000   45.0000 2501.2234   15.8229
    0.0000  -22.5000   45.0000 2512.8240   15.7690
    7.5000  -22.5000   45.0000 2470.9482   16.1204
   -7.5000  -15.0000   45.0000 2595.9988   14.7589
    0.0000  -15.0000   45.0000 2608.3752   14.6852
    7.5000  -15.0000   45.0000 2563.4983   15.0215
   -7.5000   -7.5000   45.0000 2671.3198   14.0704
    0.0000   -7.5000   45.0000 2683.7283   14.0134
    7.5000   -7.5000   45.0000 2641.3091   14.2934
   -7.5000    0.0000   45.0000 2715.7009   13.6953
    0.0000    0.0000   45.0000 2723.5325   13.6407
    7.5000    0.0000   45.0000 2691.7747   13.9085
   -7.5000    7.5000   45.0000 2726.3931   13.6376
    0.0000    7.5000   45.0000 2738.2280   13.5615
    7.5000    7.5000   45.0000 2710.3313   13.8054
   -7.5000   15.0000   45.0000 2712.5862   13.8418
    0.0000   15.0000   45.0000 2723.6455   13.7993
    7.5000   15.0000   45.0000 2694.0132   14.0047
   -7.5000   22.5000   45.0000 2668.9731   14.2332
    0.0000   22.5000   45.0000 2686.2100   14.2127
    7.5000   22.5000   45.0000 2652.1123   14.4052
   -7.5000   30.0000   45.0000 2608.2366   14.8558
    0.0000   30.0000   45.0000 2625.2688   14.8297
    7.5000   30.0000   45.0000 2591.2002   15.0041
   -7.5000   37.5000   45.0000 2530.4412   15.7045
    0.0000   37.5000   45.0000 2540.9497   15.7025
    7.5000   37.5000   45.0000 2517.6172   15.8823
   -7.5000   45.0000   45.0000 2423.9568   16.8481
    0.0000   45.0000   45.0000 2440.9480   16.8564
    7.5000   45.0000   45.0000 2417.5776   17.0051

---------------------------------------------------------------------
imgreg_4dfp /opt/freesurfer/average/711-2C_as_mni_average_305 /opt/freesurfer/average/711-2B_as_mni_average_305_mask talsrcimg_g11 none talsrcimg_to_711-2C_as_mni_average_305_t4 1283
---------------------------------------------------------------------

freesurfer imgreg_4dfp.c
/opt/freesurfer/average/711-2C_as_mni_average_305.4dfp.img
       256       256       256         1
  1.000000  1.000000  1.000000
orientation T byte_order littleendian
Reading image: /opt/freesurfer/average/711-2C_as_mni_average_305.4dfp.img
dimensions:      256       256       256
mmppix:       1.0000   -1.0000   -1.0000
center:     128.0000 -129.0000 -129.0000
/opt/freesurfer/average/711-2B_as_mni_average_305_mask.4dfp.img
       256       256       256         1
  1.000000  1.000000  1.000000
orientation T byte_order littleendian
Reading mask: /opt/freesurfer/average/711-2B_as_mni_average_305_mask.4dfp.img (2306576 pixels)
talsrcimg_g11.4dfp.img
       256       256       256         1
  1.000000  1.000000  1.000000
orientation T byte_order littleendian
Reading image: talsrcimg_g11.4dfp.img
dimensions:      256       256       256
mmppix:       1.0000   -1.0000   -1.0000
center:     128.0000 -129.0000 -129.0000
rotation matrix determinant  1.000000
fimgreg.f
image alignment mode   1283 decimal      503 hex
parameters
    0.0000    7.5000   15.0000    0.0000    0.0000    0.0000
eta,q 0.93769 11.26763
niter,ni,del,rscale     5    3   12.0000    1.2000
parameter  4  2.320057 ->  0.500000 qaram    1.1500
parameters
   -1.7374    8.6148   16.1951   -3.4500    1.6671   -0.6737
eta,q 0.94374 11.26366
  0.0666  0.0700  0.0686  0.0547  0.0669  0.0596
  0.0645  0.0663  0.0685  0.0565  0.0631  0.0576
  0.0633  0.0637  0.0658  0.0584  0.0595  0.0565
  0.0636  0.0627  0.0626  0.0615  0.0569  0.0563
  0.0656  0.0626  0.0618  0.0647  0.0562  0.0570
  0.0700  0.0640  0.0644  0.0678  0.0570  0.0589
  0.0759  0.0658  0.0668  0.0718  0.0605  0.0616
niter,ni,del,rscale     5    3   12.0000    1.2000
parameter  4  1.004542 ->  0.500000 qaram    1.3225
parameters
   -2.0796    9.2825   16.0388   -7.4175    1.5800   -0.4716
eta,q 0.94762 11.24277
  0.0667  0.0677  0.0639  0.0536  0.0603  0.0589
  0.0608  0.0622  0.0616  0.0522  0.0558  0.0560
  0.0577  0.0580  0.0581  0.0538  0.0532  0.0538
  0.0563  0.0565  0.0567  0.0567  0.0524  0.0524
  0.0566  0.0576  0.0582  0.0600  0.0527  0.0528
  0.0625  0.0599  0.0618  0.0637  0.0555  0.0550
  0.0704  0.0633  0.0649  0.0668  0.0614  0.0585
niter,ni,del,rscale     5    3   12.0000    1.2000
parameters
   -1.9833    9.9532   15.8406   -8.1322    1.5533   -0.3382
eta,q 0.94813 11.26865
  0.0654  0.0670  0.0595  0.0606  0.0599  0.0584
  0.0590  0.0606  0.0570  0.0562  0.0555  0.0554
  0.0547  0.0554  0.0532  0.0526  0.0526  0.0532
  0.0524  0.0523  0.0522  0.0522  0.0519  0.0519
  0.0512  0.0537  0.0539  0.0550  0.0522  0.0524
  0.0571  0.0576  0.0566  0.0591  0.0550  0.0546
  0.0664  0.0616  0.0611  0.0632  0.0606  0.0583
niter,ni,del,rscale     4    3   12.0000    1.2000
parameters
   -1.9776   10.0914   15.8292   -8.2770    1.5458   -0.3033
eta,q 0.94812 11.27673
  0.0647  0.0647  0.0592  0.0620  0.0599  0.0582
  0.0583  0.0587  0.0569  0.0570  0.0556  0.0552
  0.0542  0.0537  0.0530  0.0534  0.0527  0.0531
  0.0519  0.0519  0.0519  0.0519  0.0519  0.0519
  0.0509  0.0546  0.0534  0.0541  0.0522  0.0525
  0.0571  0.0586  0.0556  0.0580  0.0550  0.0548
  0.0666  0.0629  0.0600  0.0622  0.0606  0.0584
niter,ni,del,rscale     3    3   12.0000    1.2000
parameters
   -1.9832   10.1226   15.8303   -8.3103    1.5476   -0.2941
eta,q 0.94811 11.27878
  0.0647  0.0642  0.0591  0.0622  0.0600  0.0582
  0.0583  0.0584  0.0569  0.0572  0.0556  0.0552
  0.0542  0.0534  0.0530  0.0536  0.0527  0.0531
  0.0519  0.0519  0.0519  0.0519  0.0519  0.0519
  0.0510  0.0548  0.0534  0.0539  0.0522  0.0525
  0.0571  0.0588  0.0555  0.0578  0.0550  0.0549
  0.0667  0.0632  0.0598  0.0620  0.0605  0.0585
registration optimization eta report
parameter search radius
    6.0000    6.0000    6.0000    7.9350    6.0000    6.0000
100000*second partial in parameter space
       40.       31.       20.       15.       24.       18.
  0.0647  0.0642  0.0591  0.0622  0.0600  0.0582
  0.0583  0.0584  0.0569  0.0572  0.0556  0.0552
  0.0542  0.0534  0.0530  0.0536  0.0527  0.0531
  0.0519  0.0519  0.0519  0.0519  0.0519  0.0519
  0.0510  0.0548  0.0534  0.0539  0.0522  0.0525
  0.0571  0.0588  0.0555  0.0578  0.0550  0.0549
  0.0667  0.0632  0.0598  0.0620  0.0605  0.0585
   -1.9832   10.1226   15.8303   -8.3103    1.5476   -0.2941
eta,q 0.94811 11.27878

---------------------------------------------------------------------
imgreg_4dfp /opt/freesurfer/average/711-2C_as_mni_average_305 /opt/freesurfer/average/711-2B_as_mni_average_305_mask talsrcimg_g11 none talsrcimg_to_711-2C_as_mni_average_305_t4 3335
---------------------------------------------------------------------

freesurfer imgreg_4dfp.c
/opt/freesurfer/average/711-2C_as_mni_average_305.4dfp.img
       256       256       256         1
  1.000000  1.000000  1.000000
orientation T byte_order littleendian
Reading image: /opt/freesurfer/average/711-2C_as_mni_average_305.4dfp.img
dimensions:      256       256       256
mmppix:       1.0000   -1.0000   -1.0000
center:     128.0000 -129.0000 -129.0000
/opt/freesurfer/average/711-2B_as_mni_average_305_mask.4dfp.img
       256       256       256         1
  1.000000  1.000000  1.000000
orientation T byte_order littleendian
Reading mask: /opt/freesurfer/average/711-2B_as_mni_average_305_mask.4dfp.img (2306576 pixels)
talsrcimg_g11.4dfp.img
       256       256       256         1
  1.000000  1.000000  1.000000
orientation T byte_order littleendian
Reading image: talsrcimg_g11.4dfp.img
dimensions:      256       256       256
mmppix:       1.0000   -1.0000   -1.0000
center:     128.0000 -129.0000 -129.0000
fimgreg.f
image alignment mode   3335 decimal      D07 hex
parameters
   -1.9832   10.1226   15.8303   -0.0378   -1.0533   -1.0861
    0.8982   -2.5982   -0.5130   14.4669    2.7008  -14.4481
eta,q 0.94947 11.32426
niter,ni,del,rscale     5    3    5.0000    1.2000
parameter  4117.992920 ->  0.500000 qaram    1.1500
parameter  5  5.225009 ->  0.500000 qaram    1.1500
parameter  6  0.894111 ->  0.500000 qaram    1.1500
parameters
   -2.6124   10.9014   15.4159   -4.1778   -5.1933   -5.2261
    0.0050   -1.8467   -0.1203   13.7586   -0.7641  -17.3421
eta,q 0.96609 11.10303
  0.0515  0.0527  0.0512  0.0377  0.0358  0.0348  0.0367  0.0416  0.0363  0.0370  0.0345  0.0345
  0.0506  0.0515  0.0506  0.0411  0.0374  0.0346  0.0354  0.0381  0.0353  0.0357  0.0342  0.0340
  0.0503  0.0508  0.0503  0.0454  0.0397  0.0354  0.0346  0.0357  0.0347  0.0347  0.0342  0.0339
  0.0505  0.0503  0.0502  0.0502  0.0423  0.0380  0.0346  0.0345  0.0345  0.0345  0.0345  0.0342
  0.0511  0.0502  0.0505  0.0550  0.0446  0.0427  0.0352  0.0348  0.0346  0.0350  0.0350  0.0347
  0.0521  0.0504  0.0513  0.0590  0.0470  0.0473  0.0364  0.0364  0.0351  0.0364  0.0357  0.0356
  0.0533  0.0508  0.0524  0.0628  0.0499  0.0519  0.0380  0.0392  0.0359  0.0385  0.0367  0.0367
niter,ni,del,rscale     7    3    5.0000    1.2000
parameter  2  0.726955 ->  0.500000 qaram    1.1500
parameter  3  1.406486 ->  0.500000 qaram    1.1500
parameter  4  1.011663 ->  0.500000 qaram    1.3225
parameters
   -2.4843    9.5214   14.0359   -8.9388   -8.8817   -6.5894
    1.0613   -1.0046    1.1035   13.5633   -0.3959  -20.2934
eta,q 0.97646 11.04268
  0.0378  0.0330  0.0292  0.0252  0.0260  0.0285  0.0293  0.0319  0.0277  0.0275  0.0254  0.0242
  0.0358  0.0327  0.0298  0.0248  0.0243  0.0265  0.0269  0.0279  0.0260  0.0257  0.0245  0.0236
  0.0344  0.0330  0.0310  0.0264  0.0238  0.0249  0.0251  0.0251  0.0247  0.0244  0.0240  0.0236
  0.0339  0.0339  0.0327  0.0300  0.0250  0.0238  0.0241  0.0240  0.0240  0.0239  0.0239  0.0239
  0.0342  0.0353  0.0349  0.0348  0.0276  0.0248  0.0242  0.0243  0.0239  0.0243  0.0240  0.0246
  0.0352  0.0372  0.0375  0.0404  0.0305  0.0295  0.0252  0.0259  0.0246  0.0258  0.0244  0.0255
  0.0371  0.0393  0.0403  0.0455  0.0336  0.0342  0.0271  0.0289  0.0259  0.0282  0.0250  0.0267
niter,ni,del,rscale     7    3    5.0000    1.2000
parameter  3  0.749917 ->  0.500000 qaram    1.3225
parameters
   -2.3321    9.9885   12.4489  -10.5530   -8.4127   -7.2650
    0.5909   -1.1802    1.0404   15.2568   -0.3807  -21.7597
eta,q 0.97813 11.02334
  0.0292  0.0296  0.0222  0.0276  0.0281  0.0274  0.0259  0.0281  0.0250  0.0277  0.0234  0.0232
  0.0263  0.0266  0.0219  0.0250  0.0255  0.0253  0.0238  0.0248  0.0236  0.0254  0.0226  0.0223
  0.0243  0.0246  0.0223  0.0228  0.0232  0.0237  0.0226  0.0229  0.0226  0.0235  0.0221  0.0219
  0.0235  0.0235  0.0234  0.0219  0.0221  0.0221  0.0224  0.0223  0.0223  0.0223  0.0220  0.0220
  0.0239  0.0236  0.0251  0.0239  0.0226  0.0223  0.0231  0.0231  0.0227  0.0220  0.0221  0.0225
  0.0254  0.0246  0.0273  0.0284  0.0246  0.0262  0.0246  0.0252  0.0236  0.0227  0.0226  0.0234
  0.0279  0.0265  0.0300  0.0341  0.0270  0.0307  0.0268  0.0287  0.0251  0.0245  0.0233  0.0247
niter,ni,del,rscale     7    3    5.0000    1.2000
parameters
   -2.3365   10.2960   11.9097  -10.8097   -8.4189   -7.7010
    0.6096   -1.2434    1.1704   16.1093   -0.1710  -22.5920
eta,q 0.97815 11.00768
  0.0266  0.0275  0.0244  0.0288  0.0273  0.0275  0.0260  0.0279  0.0247  0.0265  0.0232  0.0234
  0.0240  0.0246  0.0227  0.0259  0.0247  0.0252  0.0239  0.0246  0.0232  0.0245  0.0225  0.0225
  0.0224  0.0227  0.0219  0.0235  0.0226  0.0234  0.0225  0.0226  0.0223  0.0229  0.0220  0.0219
  0.0219  0.0219  0.0218  0.0217  0.0218  0.0218  0.0220  0.0220  0.0220  0.0220  0.0219  0.0219
  0.0225  0.0221  0.0227  0.0221  0.0227  0.0220  0.0225  0.0227  0.0223  0.0220  0.0220  0.0223
  0.0241  0.0233  0.0245  0.0256  0.0248  0.0257  0.0239  0.0247  0.0231  0.0230  0.0224  0.0231
  0.0266  0.0254  0.0269  0.0308  0.0273  0.0299  0.0259  0.0281  0.0245  0.0250  0.0231  0.0242
niter,ni,del,rscale     6    3    5.0000    1.2000
parameters
   -2.3738   10.4694   11.7325  -10.8261   -8.5888   -7.8930
    0.6656   -1.3189    1.2466   16.5880   -0.0192  -23.0338
eta,q 0.97815 10.99993
  0.0264  0.0269  0.0251  0.0290  0.0271  0.0276  0.0260  0.0277  0.0246  0.0260  0.0232  0.0236
  0.0238  0.0243  0.0232  0.0260  0.0246  0.0253  0.0238  0.0245  0.0231  0.0242  0.0224  0.0226
  0.0223  0.0225  0.0221  0.0237  0.0225  0.0235  0.0224  0.0225  0.0222  0.0227  0.0220  0.0220
  0.0218  0.0218  0.0218  0.0218  0.0218  0.0218  0.0219  0.0219  0.0219  0.0219  0.0219  0.0219
  0.0225  0.0222  0.0224  0.0219  0.0228  0.0218  0.0224  0.0226  0.0222  0.0220  0.0220  0.0222
  0.0241  0.0235  0.0238  0.0251  0.0249  0.0252  0.0237  0.0247  0.0230  0.0232  0.0224  0.0230
  0.0266  0.0258  0.0259  0.0302  0.0274  0.0292  0.0258  0.0280  0.0244  0.0253  0.0231  0.0240
niter,ni,del,rscale     5    3    5.0000    1.2000
parameters
   -2.4028   10.5805   11.6448  -10.8101   -8.7577   -7.9866
    0.7035   -1.3777    1.2885   16.8814    0.0657  -23.3009
eta,q 0.97818 10.99502
  0.0264  0.0266  0.0253  0.0290  0.0271  0.0277  0.0259  0.0277  0.0245  0.0258  0.0231  0.0237
  0.0238  0.0241  0.0233  0.0260  0.0246  0.0254  0.0237  0.0245  0.0231  0.0240  0.0224  0.0226
  0.0223  0.0225  0.0222  0.0237  0.0225  0.0235  0.0223  0.0225  0.0222  0.0226  0.0220  0.0220
  0.0218  0.0218  0.0218  0.0218  0.0218  0.0218  0.0219  0.0219  0.0219  0.0219  0.0218  0.0218
  0.0225  0.0223  0.0223  0.0219  0.0228  0.0217  0.0224  0.0225  0.0221  0.0220  0.0219  0.0221
  0.0240  0.0237  0.0236  0.0251  0.0249  0.0251  0.0237  0.0246  0.0230  0.0233  0.0224  0.0229
  0.0265  0.0259  0.0257  0.0301  0.0275  0.0290  0.0258  0.0279  0.0244  0.0255  0.0231  0.0239
niter,ni,del,rscale     4    3    5.0000    1.2000
parameters
   -2.4224   10.6563   11.5962  -10.7951   -8.8899   -8.0464
    0.7299   -1.4154    1.3097   17.0749    0.1280  -23.4817
eta,q 0.97819 10.99151
  0.0264  0.0265  0.0254  0.0290  0.0272  0.0277  0.0259  0.0277  0.0245  0.0256  0.0231  0.0237
  0.0238  0.0240  0.0234  0.0260  0.0246  0.0254  0.0237  0.0245  0.0230  0.0239  0.0224  0.0226
  0.0223  0.0224  0.0222  0.0236  0.0226  0.0235  0.0223  0.0225  0.0221  0.0226  0.0220  0.0220
  0.0218  0.0218  0.0218  0.0218  0.0218  0.0218  0.0218  0.0218  0.0218  0.0218  0.0218  0.0218
  0.0224  0.0223  0.0223  0.0219  0.0228  0.0217  0.0223  0.0225  0.0221  0.0220  0.0219  0.0221
  0.0240  0.0237  0.0236  0.0251  0.0249  0.0250  0.0237  0.0245  0.0230  0.0233  0.0223  0.0228
  0.0265  0.0260  0.0256  0.0301  0.0274  0.0289  0.0258  0.0279  0.0244  0.0256  0.0231  0.0238
niter,ni,del,rscale     3    3    5.0000    1.2000
parameters
   -2.4343   10.7092   11.5627  -10.7866   -8.9825   -8.0903
    0.7489   -1.4365    1.3197   17.2104    0.1755  -23.6039
eta,q 0.97819 10.98908
  0.0264  0.0264  0.0254  0.0289  0.0272  0.0278  0.0258  0.0277  0.0244  0.0256  0.0231  0.0237
  0.0238  0.0240  0.0234  0.0260  0.0246  0.0254  0.0237  0.0245  0.0230  0.0239  0.0224  0.0227
  0.0223  0.0224  0.0222  0.0236  0.0226  0.0235  0.0223  0.0225  0.0221  0.0225  0.0220  0.0220
  0.0218  0.0218  0.0218  0.0218  0.0218  0.0218  0.0218  0.0218  0.0218  0.0218  0.0218  0.0218
  0.0224  0.0223  0.0223  0.0219  0.0227  0.0216  0.0223  0.0225  0.0221  0.0221  0.0219  0.0221
  0.0239  0.0238  0.0235  0.0251  0.0248  0.0250  0.0237  0.0245  0.0230  0.0234  0.0223  0.0228
  0.0264  0.0260  0.0255  0.0301  0.0274  0.0289  0.0258  0.0278  0.0244  0.0256  0.0231  0.0238
niter,ni,del,rscale     2    3    5.0000    1.2000
parameters
   -2.4423   10.7490   11.5363  -10.7796   -9.0472   -8.1239
    0.7658   -1.4533    1.3236   17.3123    0.2030  -23.6901
eta,q 0.97820 10.98724
  0.0264  0.0264  0.0254  0.0289  0.0272  0.0278  0.0258  0.0277  0.0244  0.0255  0.0231  0.0237
  0.0238  0.0239  0.0234  0.0260  0.0247  0.0254  0.0237  0.0245  0.0230  0.0238  0.0224  0.0227
  0.0223  0.0224  0.0222  0.0236  0.0226  0.0235  0.0223  0.0225  0.0221  0.0225  0.0220  0.0220
  0.0218  0.0218  0.0218  0.0218  0.0218  0.0218  0.0218  0.0218  0.0218  0.0218  0.0218  0.0218
  0.0224  0.0223  0.0223  0.0219  0.0227  0.0216  0.0223  0.0225  0.0221  0.0221  0.0219  0.0221
  0.0239  0.0238  0.0235  0.0250  0.0248  0.0250  0.0237  0.0245  0.0230  0.0234  0.0224  0.0228
  0.0264  0.0261  0.0255  0.0301  0.0274  0.0288  0.0257  0.0278  0.0244  0.0256  0.0231  0.0238
niter,ni,del,rscale     1    3    5.0000    1.2000
parameters
   -2.4472   10.7777   11.5166  -10.7757   -9.0933   -8.1523
    0.7792   -1.4640    1.3257   17.3842    0.2312  -23.7540
eta,q 0.97819 10.98585
  0.0264  0.0263  0.0254  0.0289  0.0273  0.0278  0.0258  0.0277  0.0244  0.0255  0.0231  0.0237
  0.0238  0.0239  0.0234  0.0260  0.0247  0.0254  0.0237  0.0245  0.0230  0.0238  0.0224  0.0227
  0.0223  0.0223  0.0222  0.0236  0.0226  0.0235  0.0223  0.0225  0.0221  0.0225  0.0220  0.0220
  0.0218  0.0218  0.0218  0.0218  0.0218  0.0218  0.0218  0.0218  0.0218  0.0218  0.0218  0.0218
  0.0224  0.0223  0.0222  0.0219  0.0227  0.0216  0.0223  0.0224  0.0221  0.0221  0.0219  0.0221
  0.0239  0.0238  0.0235  0.0251  0.0248  0.0250  0.0237  0.0245  0.0230  0.0234  0.0224  0.0228
  0.0264  0.0261  0.0255  0.0301  0.0273  0.0288  0.0258  0.0278  0.0244  0.0257  0.0231  0.0238
registration optimization eta report
parameter search radius
    2.4000    2.7600    3.1740    9.5220    8.2800    8.2800
    7.2000    7.2000    7.2000    7.2000    7.2000    7.2000
100000*second partial in parameter space
       80.       58.       36.        8.        8.        9.
        8.       11.        5.        7.        2.        4.
  0.0264  0.0263  0.0254  0.0289  0.0273  0.0278  0.0258  0.0277  0.0244  0.0255  0.0231  0.0237
  0.0238  0.0239  0.0234  0.0260  0.0247  0.0254  0.0237  0.0245  0.0230  0.0238  0.0224  0.0227
  0.0223  0.0223  0.0222  0.0236  0.0226  0.0235  0.0223  0.0225  0.0221  0.0225  0.0220  0.0220
  0.0218  0.0218  0.0218  0.0218  0.0218  0.0218  0.0218  0.0218  0.0218  0.0218  0.0218  0.0218
  0.0224  0.0223  0.0222  0.0219  0.0227  0.0216  0.0223  0.0224  0.0221  0.0221  0.0219  0.0221
  0.0239  0.0238  0.0235  0.0251  0.0248  0.0250  0.0237  0.0245  0.0230  0.0234  0.0224  0.0228
  0.0264  0.0261  0.0255  0.0301  0.0273  0.0288  0.0258  0.0278  0.0244  0.0257  0.0231  0.0238
   -2.4472   10.7777   11.5166  -10.7757   -9.0933   -8.1523
    0.7792   -1.4640    1.3257   17.3842    0.2312  -23.7540
eta,q 0.97819 10.98585

---------------------------------------------------------------------
imgreg_4dfp /opt/freesurfer/average/711-2C_as_mni_average_305 /opt/freesurfer/average/711-2B_as_mni_average_305_mask talsrcimg_g11 none talsrcimg_to_711-2C_as_mni_average_305_t4 2311
---------------------------------------------------------------------

freesurfer imgreg_4dfp.c
/opt/freesurfer/average/711-2C_as_mni_average_305.4dfp.img
       256       256       256         1
  1.000000  1.000000  1.000000
orientation T byte_order littleendian
Reading image: /opt/freesurfer/average/711-2C_as_mni_average_305.4dfp.img
dimensions:      256       256       256
mmppix:       1.0000   -1.0000   -1.0000
center:     128.0000 -129.0000 -129.0000
/opt/freesurfer/average/711-2B_as_mni_average_305_mask.4dfp.img
       256       256       256         1
  1.000000  1.000000  1.000000
orientation T byte_order littleendian
Reading mask: /opt/freesurfer/average/711-2B_as_mni_average_305_mask.4dfp.img (2306576 pixels)
talsrcimg_g11.4dfp.img
       256       256       256         1
  1.000000  1.000000  1.000000
orientation T byte_order littleendian
Reading image: talsrcimg_g11.4dfp.img
dimensions:      256       256       256
mmppix:       1.0000   -1.0000   -1.0000
center:     128.0000 -129.0000 -129.0000
fimgreg.f
image alignment mode   2311 decimal      907 hex
parameters
   -2.4472   10.7777   11.5166  -10.7757   -9.0933   -8.1523
    0.7792   -1.4640    1.3257   17.3842    0.2312  -23.7540
eta,q 0.97819 10.98585
niter,ni,del,rscale     5    3    5.0000    0.8000
parameters
   -2.4710   10.7865   11.4876   -9.6216   -9.3684   -7.5286
    0.7208   -1.4813    1.4121   17.7348    0.3132  -23.7966
eta,q 0.97873 11.01543
  0.0238  0.0234  0.0227  0.0248  0.0236  0.0246  0.0232  0.0245  0.0226  0.0234  0.0221  0.0223
  0.0227  0.0225  0.0222  0.0236  0.0224  0.0235  0.0222  0.0228  0.0219  0.0225  0.0217  0.0217
  0.0220  0.0220  0.0219  0.0226  0.0217  0.0224  0.0215  0.0217  0.0215  0.0217  0.0214  0.0214
  0.0218  0.0218  0.0218  0.0218  0.0215  0.0215  0.0213  0.0213  0.0213  0.0213  0.0213  0.0213
  0.0221  0.0220  0.0219  0.0215  0.0219  0.0212  0.0216  0.0217  0.0214  0.0214  0.0213  0.0214
  0.0228  0.0225  0.0223  0.0219  0.0228  0.0218  0.0222  0.0228  0.0218  0.0219  0.0216  0.0217
  0.0239  0.0233  0.0228  0.0231  0.0241  0.0239  0.0233  0.0246  0.0225  0.0230  0.0221  0.0223
niter,ni,del,rscale     4    3    5.0000    0.7000
parameters
   -2.4640   10.7522   11.6207   -9.6425   -9.5175   -7.2741
    0.7104   -1.5014    1.4265   17.7229    0.2801  -23.7903
eta,q 0.97880 11.01788
  0.0231  0.0225  0.0222  0.0233  0.0230  0.0239  0.0227  0.0238  0.0222  0.0227  0.0218  0.0220
  0.0221  0.0218  0.0217  0.0224  0.0221  0.0229  0.0219  0.0223  0.0217  0.0220  0.0215  0.0216
  0.0215  0.0214  0.0214  0.0217  0.0215  0.0219  0.0214  0.0215  0.0213  0.0214  0.0213  0.0213
  0.0213  0.0213  0.0213  0.0213  0.0213  0.0213  0.0212  0.0212  0.0212  0.0212  0.0212  0.0212
  0.0215  0.0214  0.0213  0.0214  0.0215  0.0211  0.0214  0.0215  0.0213  0.0213  0.0213  0.0213
  0.0221  0.0219  0.0215  0.0222  0.0223  0.0219  0.0219  0.0224  0.0216  0.0219  0.0215  0.0216
  0.0231  0.0226  0.0219  0.0237  0.0233  0.0238  0.0228  0.0238  0.0222  0.0228  0.0219  0.0220
niter,ni,del,rscale     3    3    5.0000    0.6000
parameters
   -2.4651   10.7539   11.6854   -9.5664   -9.6063   -7.0533
    0.6954   -1.4943    1.4584   17.7390    0.2416  -23.7925
eta,q 0.97886 11.01995
  0.0226  0.0221  0.0219  0.0229  0.0226  0.0233  0.0223  0.0231  0.0219  0.0223  0.0216  0.0217
  0.0218  0.0216  0.0215  0.0221  0.0218  0.0224  0.0216  0.0220  0.0215  0.0217  0.0214  0.0214
  0.0213  0.0213  0.0213  0.0215  0.0213  0.0216  0.0213  0.0214  0.0212  0.0213  0.0212  0.0212
  0.0212  0.0212  0.0212  0.0212  0.0212  0.0212  0.0212  0.0211  0.0211  0.0211  0.0211  0.0211
  0.0214  0.0213  0.0212  0.0213  0.0214  0.0211  0.0213  0.0213  0.0212  0.0212  0.0212  0.0212
  0.0218  0.0216  0.0214  0.0218  0.0219  0.0217  0.0217  0.0220  0.0215  0.0217  0.0214  0.0214
  0.0226  0.0221  0.0218  0.0229  0.0227  0.0232  0.0223  0.0231  0.0219  0.0224  0.0217  0.0217
niter,ni,del,rscale     2    3    5.0000    0.5000
parameters
   -2.4665   10.7451   11.7350   -9.5043   -9.6642   -6.8605
    0.6828   -1.4902    1.4799   17.7556    0.2207  -23.7889
eta,q 0.97889 11.02212
  0.0221  0.0218  0.0216  0.0224  0.0221  0.0227  0.0219  0.0225  0.0217  0.0220  0.0215  0.0215
  0.0216  0.0214  0.0214  0.0218  0.0216  0.0220  0.0215  0.0217  0.0213  0.0215  0.0213  0.0213
  0.0213  0.0212  0.0212  0.0214  0.0212  0.0214  0.0212  0.0213  0.0212  0.0212  0.0212  0.0212
  0.0211  0.0211  0.0211  0.0211  0.0211  0.0211  0.0211  0.0211  0.0211  0.0211  0.0211  0.0211
  0.0213  0.0212  0.0212  0.0212  0.0213  0.0211  0.0212  0.0212  0.0212  0.0212  0.0211  0.0212
  0.0216  0.0214  0.0213  0.0216  0.0216  0.0215  0.0215  0.0217  0.0213  0.0215  0.0213  0.0213
  0.0221  0.0218  0.0215  0.0224  0.0222  0.0226  0.0219  0.0225  0.0216  0.0220  0.0215  0.0215
niter,ni,del,rscale     1    3    5.0000    0.4000
parameters
   -2.4661   10.7355   11.7814   -9.4573   -9.7179   -6.6966
    0.6615   -1.4870    1.4985   17.7522    0.1968  -23.7732
eta,q 0.97891 11.02360
  0.0217  0.0215  0.0214  0.0219  0.0218  0.0222  0.0216  0.0220  0.0214  0.0217  0.0213  0.0214
  0.0214  0.0213  0.0213  0.0215  0.0214  0.0217  0.0213  0.0215  0.0212  0.0214  0.0212  0.0212
  0.0212  0.0212  0.0212  0.0212  0.0212  0.0213  0.0211  0.0212  0.0211  0.0212  0.0211  0.0211
  0.0211  0.0211  0.0211  0.0211  0.0211  0.0211  0.0211  0.0211  0.0211  0.0211  0.0211  0.0211
  0.0212  0.0211  0.0211  0.0212  0.0212  0.0211  0.0212  0.0212  0.0211  0.0211  0.0211  0.0211
  0.0214  0.0213  0.0212  0.0214  0.0214  0.0214  0.0213  0.0215  0.0212  0.0213  0.0212  0.0212
  0.0217  0.0215  0.0214  0.0219  0.0218  0.0220  0.0216  0.0220  0.0214  0.0217  0.0213  0.0214
registration optimization eta report
parameter search radius
    0.8000    0.8000    0.8000    2.4000    2.4000    2.4000
    2.4000    2.4000    2.4000    2.4000    2.4000    2.4000
100000*second partial in parameter space
       96.       66.       45.       14.       12.       18.
        9.       16.        6.       10.        4.        5.
  0.0217  0.0215  0.0214  0.0219  0.0218  0.0222  0.0216  0.0220  0.0214  0.0217  0.0213  0.0214
  0.0214  0.0213  0.0213  0.0215  0.0214  0.0217  0.0213  0.0215  0.0212  0.0214  0.0212  0.0212
  0.0212  0.0212  0.0212  0.0212  0.0212  0.0213  0.0211  0.0212  0.0211  0.0212  0.0211  0.0211
  0.0211  0.0211  0.0211  0.0211  0.0211  0.0211  0.0211  0.0211  0.0211  0.0211  0.0211  0.0211
  0.0212  0.0211  0.0211  0.0212  0.0212  0.0211  0.0212  0.0212  0.0211  0.0211  0.0211  0.0211
  0.0214  0.0213  0.0212  0.0214  0.0214  0.0214  0.0213  0.0215  0.0212  0.0213  0.0212  0.0212
  0.0217  0.0215  0.0214  0.0219  0.0218  0.0220  0.0216  0.0220  0.0214  0.0217  0.0213  0.0214
   -2.4661   10.7355   11.7814   -9.4573   -9.7179   -6.6966
    0.6615   -1.4870    1.4985   17.7522    0.1968  -23.7732
eta,q 0.97891 11.02360

---------------------------------------------------------------------
imgreg_4dfp /opt/freesurfer/average/711-2C_as_mni_average_305 /opt/freesurfer/average/711-2B_as_mni_average_305_mask talsrcimg_g11 none talsrcimg_to_711-2C_as_mni_average_305_t4 2311
---------------------------------------------------------------------

freesurfer imgreg_4dfp.c
/opt/freesurfer/average/711-2C_as_mni_average_305.4dfp.img
       256       256       256         1
  1.000000  1.000000  1.000000
orientation T byte_order littleendian
Reading image: /opt/freesurfer/average/711-2C_as_mni_average_305.4dfp.img
dimensions:      256       256       256
mmppix:       1.0000   -1.0000   -1.0000
center:     128.0000 -129.0000 -129.0000
/opt/freesurfer/average/711-2B_as_mni_average_305_mask.4dfp.img
       256       256       256         1
  1.000000  1.000000  1.000000
orientation T byte_order littleendian
Reading mask: /opt/freesurfer/average/711-2B_as_mni_average_305_mask.4dfp.img (2306576 pixels)
talsrcimg_g11.4dfp.img
       256       256       256         1
  1.000000  1.000000  1.000000
orientation T byte_order littleendian
Reading image: talsrcimg_g11.4dfp.img
dimensions:      256       256       256
mmppix:       1.0000   -1.0000   -1.0000
center:     128.0000 -129.0000 -129.0000
fimgreg.f
image alignment mode   2311 decimal      907 hex
parameters
   -2.4661   10.7355   11.7814   -9.4573   -9.7179   -6.6966
    0.6615   -1.4870    1.4985   17.7522    0.1968  -23.7732
eta,q 0.97891 11.02359
niter,ni,del,rscale     5    3    5.0000    0.8000
parameters
   -2.4567   10.7282   11.8304   -9.8511   -9.7006   -7.1149
    0.6930   -1.4809    1.4622   17.5514    0.1421  -23.7710
eta,q 0.97880 11.01435
  0.0236  0.0227  0.0224  0.0234  0.0236  0.0239  0.0232  0.0245  0.0225  0.0230  0.0220  0.0222
  0.0222  0.0218  0.0216  0.0223  0.0223  0.0228  0.0221  0.0227  0.0218  0.0221  0.0216  0.0217
  0.0214  0.0213  0.0212  0.0215  0.0215  0.0217  0.0214  0.0216  0.0213  0.0215  0.0213  0.0213
  0.0211  0.0211  0.0211  0.0211  0.0211  0.0211  0.0212  0.0212  0.0212  0.0212  0.0212  0.0212
  0.0214  0.0213  0.0212  0.0214  0.0214  0.0214  0.0214  0.0216  0.0213  0.0214  0.0213  0.0213
  0.0222  0.0219  0.0216  0.0227  0.0223  0.0232  0.0221  0.0227  0.0218  0.0222  0.0216  0.0217
  0.0235  0.0228  0.0222  0.0247  0.0236  0.0257  0.0232  0.0245  0.0225  0.0235  0.0220  0.0222
niter,ni,del,rscale     4    3    5.0000    0.7000
parameters
   -2.4627   10.7547   11.7410   -9.6863   -9.6250   -7.1316
    0.6788   -1.4699    1.4663   17.6631    0.1869  -23.7788
eta,q 0.97883 11.01741
  0.0230  0.0225  0.0219  0.0234  0.0231  0.0237  0.0227  0.0238  0.0222  0.0228  0.0218  0.0220
  0.0220  0.0218  0.0215  0.0225  0.0221  0.0227  0.0219  0.0223  0.0216  0.0220  0.0215  0.0215
  0.0214  0.0214  0.0213  0.0217  0.0215  0.0217  0.0213  0.0215  0.0213  0.0214  0.0213  0.0213
  0.0212  0.0212  0.0212  0.0212  0.0212  0.0212  0.0212  0.0212  0.0212  0.0212  0.0212  0.0212
  0.0214  0.0213  0.0213  0.0213  0.0214  0.0212  0.0214  0.0214  0.0213  0.0213  0.0212  0.0213
  0.0220  0.0217  0.0217  0.0220  0.0220  0.0222  0.0219  0.0223  0.0216  0.0218  0.0215  0.0215
  0.0230  0.0224  0.0222  0.0233  0.0230  0.0243  0.0227  0.0238  0.0222  0.0227  0.0218  0.0220
niter,ni,del,rscale     3    3    5.0000    0.6000
parameters
   -2.4609   10.7497   11.7262   -9.5740   -9.6366   -7.0101
    0.6764   -1.4762    1.4771   17.7145    0.1972  -23.7848
eta,q 0.97886 11.02007
  0.0225  0.0221  0.0218  0.0229  0.0226  0.0232  0.0223  0.0231  0.0219  0.0224  0.0216  0.0217
  0.0218  0.0216  0.0214  0.0221  0.0218  0.0224  0.0216  0.0220  0.0215  0.0218  0.0214  0.0214
  0.0213  0.0213  0.0212  0.0215  0.0213  0.0216  0.0213  0.0214  0.0212  0.0213  0.0212  0.0212
  0.0212  0.0212  0.0212  0.0212  0.0212  0.0212  0.0211  0.0211  0.0211  0.0211  0.0211  0.0211
  0.0213  0.0213  0.0212  0.0212  0.0213  0.0211  0.0213  0.0213  0.0212  0.0212  0.0212  0.0212
  0.0218  0.0216  0.0215  0.0218  0.0218  0.0218  0.0217  0.0220  0.0215  0.0216  0.0214  0.0214
  0.0225  0.0221  0.0218  0.0228  0.0226  0.0233  0.0223  0.0231  0.0219  0.0224  0.0217  0.0217
niter,ni,del,rscale     2    3    5.0000    0.5000
parameters
   -2.4624   10.7424   11.7487   -9.5013   -9.6696   -6.8486
    0.6675   -1.4788    1.4834   17.7406    0.2084  -23.7815
eta,q 0.97889 11.02237
  0.0221  0.0218  0.0216  0.0224  0.0221  0.0227  0.0219  0.0225  0.0216  0.0220  0.0215  0.0215
  0.0216  0.0214  0.0214  0.0218  0.0216  0.0220  0.0215  0.0217  0.0213  0.0215  0.0213  0.0213
  0.0212  0.0212  0.0212  0.0214  0.0213  0.0214  0.0212  0.0213  0.0212  0.0212  0.0212  0.0212
  0.0211  0.0211  0.0211  0.0211  0.0211  0.0211  0.0211  0.0211  0.0211  0.0211  0.0211  0.0211
  0.0212  0.0212  0.0212  0.0212  0.0213  0.0211  0.0212  0.0213  0.0212  0.0212  0.0211  0.0212
  0.0216  0.0214  0.0213  0.0216  0.0216  0.0215  0.0215  0.0217  0.0213  0.0215  0.0213  0.0213
  0.0221  0.0218  0.0216  0.0224  0.0222  0.0226  0.0219  0.0225  0.0216  0.0220  0.0215  0.0215
niter,ni,del,rscale     1    3    5.0000    0.4000
parameters
   -2.4633   10.7308   11.7828   -9.4550   -9.7124   -6.6947
    0.6535   -1.4820    1.4957   17.7435    0.1877  -23.7626
eta,q 0.97891 11.02381
  0.0217  0.0215  0.0214  0.0219  0.0218  0.0222  0.0216  0.0220  0.0214  0.0217  0.0213  0.0214
  0.0214  0.0213  0.0213  0.0215  0.0214  0.0217  0.0213  0.0215  0.0212  0.0214  0.0212  0.0212
  0.0212  0.0212  0.0211  0.0212  0.0212  0.0213  0.0211  0.0212  0.0211  0.0212  0.0211  0.0211
  0.0211  0.0211  0.0211  0.0211  0.0211  0.0211  0.0211  0.0211  0.0211  0.0211  0.0211  0.0211
  0.0212  0.0211  0.0211  0.0212  0.0212  0.0211  0.0212  0.0212  0.0211  0.0211  0.0211  0.0211
  0.0214  0.0213  0.0212  0.0214  0.0214  0.0214  0.0213  0.0215  0.0212  0.0213  0.0212  0.0212
  0.0217  0.0215  0.0214  0.0219  0.0218  0.0220  0.0216  0.0220  0.0214  0.0217  0.0213  0.0214
registration optimization eta report
parameter search radius
    0.8000    0.8000    0.8000    2.4000    2.4000    2.4000
    2.4000    2.4000    2.4000    2.4000    2.4000    2.4000
100000*second partial in parameter space
       96.       66.       46.       14.       12.       18.
        9.       16.        6.       10.        4.        5.
  0.0217  0.0215  0.0214  0.0219  0.0218  0.0222  0.0216  0.0220  0.0214  0.0217  0.0213  0.0214
  0.0214  0.0213  0.0213  0.0215  0.0214  0.0217  0.0213  0.0215  0.0212  0.0214  0.0212  0.0212
  0.0212  0.0212  0.0211  0.0212  0.0212  0.0213  0.0211  0.0212  0.0211  0.0212  0.0211  0.0211
  0.0211  0.0211  0.0211  0.0211  0.0211  0.0211  0.0211  0.0211  0.0211  0.0211  0.0211  0.0211
  0.0212  0.0211  0.0211  0.0212  0.0212  0.0211  0.0212  0.0212  0.0211  0.0211  0.0211  0.0211
  0.0214  0.0213  0.0212  0.0214  0.0214  0.0214  0.0213  0.0215  0.0212  0.0213  0.0212  0.0212
  0.0217  0.0215  0.0214  0.0219  0.0218  0.0220  0.0216  0.0220  0.0214  0.0217  0.0213  0.0214
   -2.4633   10.7308   11.7828   -9.4550   -9.7124   -6.6947
    0.6535   -1.4820    1.4957   17.7435    0.1877  -23.7626
eta,q 0.97891 11.02381

---------------------------------------------------------------------
compute_vox2vox talsrcimg talsrcimg_to_711-2C_as_mni_average_305_t4 /opt/freesurfer/average/711-2C_as_mni_average_305
---------------------------------------------------------------------

freesurfer compute_vox2vox.c
Reading: talsrcimg.4dfp.ifh
Reading: talsrcimg_to_711-2C_as_mni_average_305_t4
Reading: /opt/freesurfer/average/711-2C_as_mni_average_305.4dfp.ifh
Writing: talsrcimg_to_711-2C_as_mni_average_305_t4_vox2vox.txt

start time Mon Mar 9 05:02:51 CET 2026
end		time Mon Mar 9 05:04:15 CET 2026

mpr2mni305 success

avi2talxfm orig_nu.mgz /opt/freesurfer/average/mni305.cor.mgz talsrcimg_to_711-2C_as_mni_average_305_t4_vox2vox.txt transforms/talairach.auto.xfm
avi2talxfm done
mv -f /out/sourcedata/freesurfer/sub-v1s18x0051229_ses-1/mri/talsrcimg_to_711-2C_as_mni_average_305_t4_vox2vox.txt /out/sourcedata/freesurfer/sub-v1s18x0051229_ses-1/mri/transforms/talsrcimg_to_711-2C_as_mni_average_305_t4_vox2vox.txt
lta_convert --src orig_nu.mgz --trg /opt/freesurfer/average/mni305.cor.mgz --inxfm transforms/talairach.auto.xfm --outlta transforms/talairach.auto.xfm.lta --subject fsaverage
7.3.2

--src: orig_nu.mgz src image (geometry).
--trg: /opt/freesurfer/average/mni305.cor.mgz trg image (geometry).
--inmni: transforms/talairach.auto.xfm input MNI/XFM transform.
--outlta: transforms/talairach.auto.xfm.lta output LTA.
--s: fsaverage subject name
 LTA read, type : 1
 1.10444   0.01815  -0.00322  -2.88756;
-0.00655   1.02056   0.26865  -25.55291;
-0.01701  -0.20086   1.05483  -18.84679;
 0.00000   0.00000   0.00000   1.00000;
setting subject to fsaverage
Writing  LTA to file transforms/talairach.auto.xfm.lta...
lta_convert successful.
 
 
Started at Mon Mar 9 05:02:50 CET 2026
Ended   at Mon Mar  9 05:04:15 CET 2026
talairach_avi done
