status file for recon-all
Mon Mar  9 06:16:41 CET 2026
#@# Tessellate rh Mon Mar  9 06:16:41 CET 2026
#@# Smooth1 rh Mon Mar  9 06:16:44 CET 2026
#@# Inflation1 rh Mon Mar  9 06:16:47 CET 2026
#@# QSphere rh Mon Mar  9 06:16:56 CET 2026
#@# Fix Topology rh Mon Mar  9 06:17:57 CET 2026
#@# Smooth2 rh Mon Mar  9 06:22:19 CET 2026
#@# Inflation2 rh Mon Mar  9 06:22:21 CET 2026
#@# Curv .H and .K rh Mon Mar  9 06:22:32 CET 2026
#@# Sphere rh Mon Mar  9 06:23:14 CET 2026
#@# Surf Reg rh Mon Mar  9 06:24:59 CET 2026
#@# Jacobian white rh Mon Mar  9 06:27:42 CET 2026
#@# AvgCurv rh Mon Mar  9 06:27:43 CET 2026
#@# Cortical Parc rh Mon Mar  9 06:27:44 CET 2026
#@# white curv rh Mon Mar  9 06:32:59 CET 2026
#@# white area rh Mon Mar  9 06:33:00 CET 2026
#@# pial curv rh Mon Mar  9 06:33:01 CET 2026
#@# pial area rh Mon Mar  9 06:33:02 CET 2026
#@# thickness rh Mon Mar  9 06:33:03 CET 2026
#@# area and vertex vol rh Mon Mar  9 06:33:30 CET 2026
#@# Curvature Stats rh Mon Mar  9 06:33:31 CET 2026
#@# Cortical Parc 2 rh Mon Mar  9 06:33:33 CET 2026
#@# Cortical Parc 3 rh Mon Mar  9 06:33:44 CET 2026
#@# WM/GM Contrast rh Mon Mar  9 06:33:53 CET 2026
recon-all -s sub-v1s18x0051225_ses-1 finished without error at Mon Mar  9 06:33:56 CET 2026



#New# invocation of recon-all 



status file for recon-all
Mon Mar  9 06:40:34 CET 2026
#@# white curv rh Mon Mar  9 06:40:34 CET 2026
#@# white area rh Mon Mar  9 06:40:34 CET 2026
#@# pial curv rh Mon Mar  9 06:40:34 CET 2026
#@# pial area rh Mon Mar  9 06:40:34 CET 2026
#@# thickness rh Mon Mar  9 06:40:34 CET 2026
#@# area and vertex vol rh Mon Mar  9 06:40:34 CET 2026
#@# Parcellation Stats rh Mon Mar  9 06:40:34 CET 2026
#@# Parcellation Stats 2 rh Mon Mar  9 06:40:49 CET 2026
#@# Parcellation Stats 3 rh Mon Mar  9 06:40:57 CET 2026
#@# BA_exvivo Labels rh Mon Mar  9 06:41:05 CET 2026
recon-all -s sub-v1s18x0051225_ses-1 finished without error at Mon Mar  9 06:43:22 CET 2026
