status file for recon-all
Mon Mar  9 04:28:02 CET 2026
#@# MotionCor Mon Mar  9 04:28:04 CET 2026
#@# Talairach Mon Mar  9 04:28:11 CET 2026
#@# Talairach Failure Detection Mon Mar  9 04:32:45 CET 2026
#@# Nu Intensity Correction Mon Mar  9 04:32:45 CET 2026
#@# Intensity Normalization Mon Mar  9 04:36:01 CET 2026
recon-all -s sub-v1s18x0051225_ses-1 finished without error at Mon Mar  9 04:37:29 CET 2026



#New# invocation of recon-all 



status file for recon-all
Mon Mar  9 04:44:17 CET 2026
#@# EM Registration Mon Mar  9 04:44:17 CET 2026
recon-all -s sub-v1s18x0051225_ses-1 finished without error at Mon Mar  9 04:45:48 CET 2026



#New# invocation of recon-all 



status file for recon-all
Mon Mar  9 04:45:51 CET 2026
#@# CA Normalize Mon Mar  9 04:45:51 CET 2026
#@# CA Reg Mon Mar  9 04:47:11 CET 2026
#@# SubCort Seg Mon Mar  9 05:26:30 CET 2026
#@# CC Seg Mon Mar  9 05:53:59 CET 2026
#@# Merge ASeg Mon Mar  9 05:54:32 CET 2026
#@# Intensity Normalization2 Mon Mar  9 05:54:32 CET 2026
#@# Mask BFS Mon Mar  9 05:56:47 CET 2026
#@# WM Segmentation Mon Mar  9 05:56:48 CET 2026
#@# Fill Mon Mar  9 05:58:35 CET 2026
recon-all -s sub-v1s18x0051225_ses-1 finished without error at Mon Mar  9 05:59:40 CET 2026



#New# invocation of recon-all 



status file for recon-all
Mon Mar  9 06:34:02 CET 2026
#@# white curv lh Mon Mar  9 06:34:02 CET 2026
#@# white area lh Mon Mar  9 06:34:02 CET 2026
#@# pial curv lh Mon Mar  9 06:34:02 CET 2026
#@# pial area lh Mon Mar  9 06:34:02 CET 2026
#@# thickness lh Mon Mar  9 06:34:02 CET 2026
#@# area and vertex vol lh Mon Mar  9 06:34:02 CET 2026
#@# white curv rh Mon Mar  9 06:34:02 CET 2026
#@# white area rh Mon Mar  9 06:34:02 CET 2026
#@# pial curv rh Mon Mar  9 06:34:02 CET 2026
#@# pial area rh Mon Mar  9 06:34:02 CET 2026
#@# thickness rh Mon Mar  9 06:34:02 CET 2026
#@# area and vertex vol rh Mon Mar  9 06:34:02 CET 2026
#@# Cortical ribbon mask Mon Mar  9 06:34:02 CET 2026
recon-all -s sub-v1s18x0051225_ses-1 finished without error at Mon Mar  9 06:37:42 CET 2026



#New# invocation of recon-all 



status file for recon-all
Mon Mar  9 06:43:27 CET 2026
#@# white curv lh Mon Mar  9 06:43:27 CET 2026
#@# white area lh Mon Mar  9 06:43:27 CET 2026
#@# pial curv lh Mon Mar  9 06:43:27 CET 2026
#@# pial area lh Mon Mar  9 06:43:27 CET 2026
#@# thickness lh Mon Mar  9 06:43:27 CET 2026
#@# area and vertex vol lh Mon Mar  9 06:43:27 CET 2026
#@# white curv rh Mon Mar  9 06:43:27 CET 2026
#@# white area rh Mon Mar  9 06:43:27 CET 2026
#@# pial curv rh Mon Mar  9 06:43:27 CET 2026
#@# pial area rh Mon Mar  9 06:43:27 CET 2026
#@# thickness rh Mon Mar  9 06:43:27 CET 2026
#@# area and vertex vol rh Mon Mar  9 06:43:28 CET 2026
#@# Curvature Stats lh Mon Mar  9 06:43:28 CET 2026
#@# Curvature Stats rh Mon Mar  9 06:43:30 CET 2026
#@# Relabel Hypointensities Mon Mar  9 06:43:32 CET 2026
#@# APas-to-ASeg Mon Mar  9 06:43:47 CET 2026
#@# AParc-to-ASeg aparc Mon Mar  9 06:43:53 CET 2026
#@# AParc-to-ASeg aparc.a2009s Mon Mar  9 06:44:28 CET 2026
#@# AParc-to-ASeg aparc.DKTatlas Mon Mar  9 06:45:00 CET 2026
#@# WMParc Mon Mar  9 06:45:31 CET 2026
#@# ASeg Stats Mon Mar  9 06:49:40 CET 2026
recon-all -s sub-v1s18x0051225_ses-1 finished without error at Mon Mar  9 06:50:15 CET 2026
