status file for recon-all
Mon Mar  9 05:27:27 CET 2026
#@# Tessellate lh Mon Mar  9 05:27:27 CET 2026
#@# Smooth1 lh Mon Mar  9 05:27:29 CET 2026
#@# Inflation1 lh Mon Mar  9 05:27:32 CET 2026
#@# QSphere lh Mon Mar  9 05:27:46 CET 2026
#@# Fix Topology lh Mon Mar  9 05:28:58 CET 2026
#@# Smooth2 lh Mon Mar  9 05:34:23 CET 2026
#@# Inflation2 lh Mon Mar  9 05:34:26 CET 2026
#@# Curv .H and .K lh Mon Mar  9 05:34:40 CET 2026
#@# Sphere lh Mon Mar  9 05:35:16 CET 2026
#@# Surf Reg lh Mon Mar  9 05:38:52 CET 2026
#@# Jacobian white lh Mon Mar  9 05:42:58 CET 2026
#@# AvgCurv lh Mon Mar  9 05:42:59 CET 2026
#@# Cortical Parc lh Mon Mar  9 05:42:59 CET 2026
#@# white curv lh Mon Mar  9 05:48:45 CET 2026
#@# white area lh Mon Mar  9 05:48:47 CET 2026
#@# pial curv lh Mon Mar  9 05:48:48 CET 2026
#@# pial area lh Mon Mar  9 05:48:49 CET 2026
#@# thickness lh Mon Mar  9 05:48:50 CET 2026
#@# area and vertex vol lh Mon Mar  9 05:49:09 CET 2026
#@# Curvature Stats lh Mon Mar  9 05:49:10 CET 2026
#@# Cortical Parc 2 lh Mon Mar  9 05:49:12 CET 2026
#@# Cortical Parc 3 lh Mon Mar  9 05:49:22 CET 2026
#@# WM/GM Contrast lh Mon Mar  9 05:49:30 CET 2026
recon-all -s sub-v1s18x0051216_ses-1 finished without error at Mon Mar  9 05:49:32 CET 2026



#New# invocation of recon-all 



status file for recon-all
Mon Mar  9 06:16:23 CET 2026
#@# white curv lh Mon Mar  9 06:16:23 CET 2026
#@# white area lh Mon Mar  9 06:16:23 CET 2026
#@# pial curv lh Mon Mar  9 06:16:23 CET 2026
#@# pial area lh Mon Mar  9 06:16:23 CET 2026
#@# thickness lh Mon Mar  9 06:16:23 CET 2026
#@# area and vertex vol lh Mon Mar  9 06:16:23 CET 2026
#@# Parcellation Stats lh Mon Mar  9 06:16:23 CET 2026
#@# Parcellation Stats 2 lh Mon Mar  9 06:16:38 CET 2026
#@# Parcellation Stats 3 lh Mon Mar  9 06:16:46 CET 2026
#@# BA_exvivo Labels lh Mon Mar  9 06:16:54 CET 2026
recon-all -s sub-v1s18x0051216_ses-1 finished without error at Mon Mar  9 06:19:09 CET 2026
