status file for recon-all
Mon Mar  9 05:49:35 CET 2026
#@# Tessellate rh Mon Mar  9 05:49:35 CET 2026
#@# Smooth1 rh Mon Mar  9 05:49:38 CET 2026
#@# Inflation1 rh Mon Mar  9 05:49:40 CET 2026
#@# QSphere rh Mon Mar  9 05:49:55 CET 2026
#@# Fix Topology rh Mon Mar  9 05:51:06 CET 2026
#@# Smooth2 rh Mon Mar  9 05:55:36 CET 2026
#@# Inflation2 rh Mon Mar  9 05:55:38 CET 2026
#@# Curv .H and .K rh Mon Mar  9 05:55:52 CET 2026
#@# Sphere rh Mon Mar  9 05:56:29 CET 2026
#@# Surf Reg rh Mon Mar  9 06:00:11 CET 2026
#@# Jacobian white rh Mon Mar  9 06:06:40 CET 2026
#@# AvgCurv rh Mon Mar  9 06:06:41 CET 2026
#@# Cortical Parc rh Mon Mar  9 06:06:42 CET 2026
#@# white curv rh Mon Mar  9 06:12:32 CET 2026
#@# white area rh Mon Mar  9 06:12:33 CET 2026
#@# pial curv rh Mon Mar  9 06:12:34 CET 2026
#@# pial area rh Mon Mar  9 06:12:35 CET 2026
#@# thickness rh Mon Mar  9 06:12:36 CET 2026
#@# area and vertex vol rh Mon Mar  9 06:12:55 CET 2026
#@# Curvature Stats rh Mon Mar  9 06:12:57 CET 2026
#@# Cortical Parc 2 rh Mon Mar  9 06:12:59 CET 2026
#@# Cortical Parc 3 rh Mon Mar  9 06:13:09 CET 2026
#@# WM/GM Contrast rh Mon Mar  9 06:13:17 CET 2026
recon-all -s sub-v1s18x0051216_ses-1 finished without error at Mon Mar  9 06:13:19 CET 2026



#New# invocation of recon-all 



status file for recon-all
Mon Mar  9 06:19:11 CET 2026
#@# white curv rh Mon Mar  9 06:19:11 CET 2026
#@# white area rh Mon Mar  9 06:19:11 CET 2026
#@# pial curv rh Mon Mar  9 06:19:11 CET 2026
#@# pial area rh Mon Mar  9 06:19:11 CET 2026
#@# thickness rh Mon Mar  9 06:19:11 CET 2026
#@# area and vertex vol rh Mon Mar  9 06:19:11 CET 2026
#@# Parcellation Stats rh Mon Mar  9 06:19:11 CET 2026
#@# Parcellation Stats 2 rh Mon Mar  9 06:19:27 CET 2026
#@# Parcellation Stats 3 rh Mon Mar  9 06:19:35 CET 2026
#@# BA_exvivo Labels rh Mon Mar  9 06:19:43 CET 2026
recon-all -s sub-v1s18x0051216_ses-1 finished without error at Mon Mar  9 06:21:58 CET 2026
