status file for recon-all
Mon Mar  9 03:54:10 CET 2026
#@# MotionCor Mon Mar  9 03:54:12 CET 2026
#@# Talairach Mon Mar  9 03:54:17 CET 2026
#@# Talairach Failure Detection Mon Mar  9 03:57:07 CET 2026
#@# Nu Intensity Correction Mon Mar  9 03:57:07 CET 2026
#@# Intensity Normalization Mon Mar  9 03:59:54 CET 2026
recon-all -s sub-v1s18x0051216_ses-1 finished without error at Mon Mar  9 04:00:51 CET 2026



#New# invocation of recon-all 



status file for recon-all
Mon Mar  9 04:06:59 CET 2026
#@# EM Registration Mon Mar  9 04:06:59 CET 2026
recon-all -s sub-v1s18x0051216_ses-1 finished without error at Mon Mar  9 04:10:22 CET 2026



#New# invocation of recon-all 



status file for recon-all
Mon Mar  9 04:10:26 CET 2026
#@# CA Normalize Mon Mar  9 04:10:26 CET 2026
#@# CA Reg Mon Mar  9 04:11:19 CET 2026
#@# SubCort Seg Mon Mar  9 05:02:36 CET 2026
#@# CC Seg Mon Mar  9 05:23:16 CET 2026
#@# Merge ASeg Mon Mar  9 05:23:45 CET 2026
#@# Intensity Normalization2 Mon Mar  9 05:23:45 CET 2026
#@# Mask BFS Mon Mar  9 05:25:09 CET 2026
#@# WM Segmentation Mon Mar  9 05:25:10 CET 2026
#@# Fill Mon Mar  9 05:26:43 CET 2026
recon-all -s sub-v1s18x0051216_ses-1 finished without error at Mon Mar  9 05:27:23 CET 2026



#New# invocation of recon-all 



status file for recon-all
Mon Mar  9 06:13:23 CET 2026
#@# white curv lh Mon Mar  9 06:13:23 CET 2026
#@# white area lh Mon Mar  9 06:13:23 CET 2026
#@# pial curv lh Mon Mar  9 06:13:23 CET 2026
#@# pial area lh Mon Mar  9 06:13:23 CET 2026
#@# thickness lh Mon Mar  9 06:13:23 CET 2026
#@# area and vertex vol lh Mon Mar  9 06:13:23 CET 2026
#@# white curv rh Mon Mar  9 06:13:23 CET 2026
#@# white area rh Mon Mar  9 06:13:24 CET 2026
#@# pial curv rh Mon Mar  9 06:13:24 CET 2026
#@# pial area rh Mon Mar  9 06:13:24 CET 2026
#@# thickness rh Mon Mar  9 06:13:24 CET 2026
#@# area and vertex vol rh Mon Mar  9 06:13:24 CET 2026
#@# Cortical ribbon mask Mon Mar  9 06:13:24 CET 2026
recon-all -s sub-v1s18x0051216_ses-1 finished without error at Mon Mar  9 06:16:19 CET 2026



#New# invocation of recon-all 



status file for recon-all
Mon Mar  9 06:22:01 CET 2026
#@# white curv lh Mon Mar  9 06:22:01 CET 2026
#@# white area lh Mon Mar  9 06:22:01 CET 2026
#@# pial curv lh Mon Mar  9 06:22:01 CET 2026
#@# pial area lh Mon Mar  9 06:22:01 CET 2026
#@# thickness lh Mon Mar  9 06:22:01 CET 2026
#@# area and vertex vol lh Mon Mar  9 06:22:01 CET 2026
#@# white curv rh Mon Mar  9 06:22:01 CET 2026
#@# white area rh Mon Mar  9 06:22:01 CET 2026
#@# pial curv rh Mon Mar  9 06:22:01 CET 2026
#@# pial area rh Mon Mar  9 06:22:01 CET 2026
#@# thickness rh Mon Mar  9 06:22:01 CET 2026
#@# area and vertex vol rh Mon Mar  9 06:22:02 CET 2026
#@# Curvature Stats lh Mon Mar  9 06:22:02 CET 2026
#@# Curvature Stats rh Mon Mar  9 06:22:03 CET 2026
#@# Relabel Hypointensities Mon Mar  9 06:22:05 CET 2026
#@# APas-to-ASeg Mon Mar  9 06:22:16 CET 2026
#@# AParc-to-ASeg aparc Mon Mar  9 06:22:23 CET 2026
#@# AParc-to-ASeg aparc.a2009s Mon Mar  9 06:22:51 CET 2026
#@# AParc-to-ASeg aparc.DKTatlas Mon Mar  9 06:23:18 CET 2026
#@# WMParc Mon Mar  9 06:23:47 CET 2026
#@# ASeg Stats Mon Mar  9 06:25:32 CET 2026
recon-all -s sub-v1s18x0051216_ses-1 finished without error at Mon Mar  9 06:25:56 CET 2026
