status file for recon-all
Mon Mar  9 03:48:58 CET 2026
#@# MotionCor Mon Mar  9 03:48:59 CET 2026
#@# Talairach Mon Mar  9 03:49:05 CET 2026
#@# Talairach Failure Detection Mon Mar  9 03:51:55 CET 2026
#@# Nu Intensity Correction Mon Mar  9 03:51:55 CET 2026
#@# Intensity Normalization Mon Mar  9 03:54:42 CET 2026
recon-all -s sub-v1s18x0051210_ses-1 finished without error at Mon Mar  9 03:55:39 CET 2026



#New# invocation of recon-all 



status file for recon-all
Mon Mar  9 04:01:50 CET 2026
#@# EM Registration Mon Mar  9 04:01:50 CET 2026
recon-all -s sub-v1s18x0051210_ses-1 finished without error at Mon Mar  9 04:06:53 CET 2026



#New# invocation of recon-all 



status file for recon-all
Mon Mar  9 04:06:54 CET 2026
#@# CA Normalize Mon Mar  9 04:06:54 CET 2026
#@# CA Reg Mon Mar  9 04:07:47 CET 2026
#@# SubCort Seg Mon Mar  9 04:56:15 CET 2026
#@# CC Seg Mon Mar  9 05:16:11 CET 2026
#@# Merge ASeg Mon Mar  9 05:16:35 CET 2026
#@# Intensity Normalization2 Mon Mar  9 05:16:35 CET 2026
#@# Mask BFS Mon Mar  9 05:18:04 CET 2026
#@# WM Segmentation Mon Mar  9 05:18:05 CET 2026
#@# Fill Mon Mar  9 05:19:28 CET 2026
recon-all -s sub-v1s18x0051210_ses-1 finished without error at Mon Mar  9 05:20:06 CET 2026



#New# invocation of recon-all 



status file for recon-all
Mon Mar  9 06:01:45 CET 2026
#@# white curv lh Mon Mar  9 06:01:45 CET 2026
#@# white area lh Mon Mar  9 06:01:45 CET 2026
#@# pial curv lh Mon Mar  9 06:01:45 CET 2026
#@# pial area lh Mon Mar  9 06:01:45 CET 2026
#@# thickness lh Mon Mar  9 06:01:45 CET 2026
#@# area and vertex vol lh Mon Mar  9 06:01:45 CET 2026
#@# white curv rh Mon Mar  9 06:01:45 CET 2026
#@# white area rh Mon Mar  9 06:01:45 CET 2026
#@# pial curv rh Mon Mar  9 06:01:45 CET 2026
#@# pial area rh Mon Mar  9 06:01:45 CET 2026
#@# thickness rh Mon Mar  9 06:01:45 CET 2026
#@# area and vertex vol rh Mon Mar  9 06:01:45 CET 2026
#@# Cortical ribbon mask Mon Mar  9 06:01:45 CET 2026
recon-all -s sub-v1s18x0051210_ses-1 finished without error at Mon Mar  9 06:05:29 CET 2026



#New# invocation of recon-all 



status file for recon-all
Mon Mar  9 06:10:51 CET 2026
#@# white curv lh Mon Mar  9 06:10:51 CET 2026
#@# white area lh Mon Mar  9 06:10:51 CET 2026
#@# pial curv lh Mon Mar  9 06:10:51 CET 2026
#@# pial area lh Mon Mar  9 06:10:51 CET 2026
#@# thickness lh Mon Mar  9 06:10:51 CET 2026
#@# area and vertex vol lh Mon Mar  9 06:10:51 CET 2026
#@# white curv rh Mon Mar  9 06:10:51 CET 2026
#@# white area rh Mon Mar  9 06:10:51 CET 2026
#@# pial curv rh Mon Mar  9 06:10:51 CET 2026
#@# pial area rh Mon Mar  9 06:10:51 CET 2026
#@# thickness rh Mon Mar  9 06:10:51 CET 2026
#@# area and vertex vol rh Mon Mar  9 06:10:51 CET 2026
#@# Curvature Stats lh Mon Mar  9 06:10:51 CET 2026
#@# Curvature Stats rh Mon Mar  9 06:10:53 CET 2026
#@# Relabel Hypointensities Mon Mar  9 06:10:55 CET 2026
#@# APas-to-ASeg Mon Mar  9 06:11:06 CET 2026
#@# AParc-to-ASeg aparc Mon Mar  9 06:11:12 CET 2026
#@# AParc-to-ASeg aparc.a2009s Mon Mar  9 06:11:34 CET 2026
#@# AParc-to-ASeg aparc.DKTatlas Mon Mar  9 06:11:56 CET 2026
#@# WMParc Mon Mar  9 06:12:20 CET 2026
#@# ASeg Stats Mon Mar  9 06:14:38 CET 2026
recon-all -s sub-v1s18x0051210_ses-1 finished without error at Mon Mar  9 06:14:57 CET 2026
