status file for recon-all
Mon Mar  9 05:40:20 CET 2026
#@# Tessellate rh Mon Mar  9 05:40:20 CET 2026
#@# Smooth1 rh Mon Mar  9 05:40:23 CET 2026
#@# Inflation1 rh Mon Mar  9 05:40:25 CET 2026
#@# QSphere rh Mon Mar  9 05:40:39 CET 2026
#@# Fix Topology rh Mon Mar  9 05:41:39 CET 2026
#@# Smooth2 rh Mon Mar  9 05:45:57 CET 2026
#@# Inflation2 rh Mon Mar  9 05:45:59 CET 2026
#@# Curv .H and .K rh Mon Mar  9 05:46:11 CET 2026
#@# Sphere rh Mon Mar  9 05:46:50 CET 2026
#@# Surf Reg rh Mon Mar  9 05:50:53 CET 2026
#@# Jacobian white rh Mon Mar  9 05:55:03 CET 2026
#@# AvgCurv rh Mon Mar  9 05:55:04 CET 2026
#@# Cortical Parc rh Mon Mar  9 05:55:05 CET 2026
#@# white curv rh Mon Mar  9 06:00:51 CET 2026
#@# white area rh Mon Mar  9 06:00:53 CET 2026
#@# pial curv rh Mon Mar  9 06:00:54 CET 2026
#@# pial area rh Mon Mar  9 06:00:55 CET 2026
#@# thickness rh Mon Mar  9 06:00:56 CET 2026
#@# area and vertex vol rh Mon Mar  9 06:01:18 CET 2026
#@# Curvature Stats rh Mon Mar  9 06:01:19 CET 2026
#@# Cortical Parc 2 rh Mon Mar  9 06:01:21 CET 2026
#@# Cortical Parc 3 rh Mon Mar  9 06:01:31 CET 2026
#@# WM/GM Contrast rh Mon Mar  9 06:01:38 CET 2026
recon-all -s sub-v1s18x0051210_ses-1 finished without error at Mon Mar  9 06:01:41 CET 2026



#New# invocation of recon-all 



status file for recon-all
Mon Mar  9 06:08:17 CET 2026
#@# white curv rh Mon Mar  9 06:08:17 CET 2026
#@# white area rh Mon Mar  9 06:08:17 CET 2026
#@# pial curv rh Mon Mar  9 06:08:17 CET 2026
#@# pial area rh Mon Mar  9 06:08:17 CET 2026
#@# thickness rh Mon Mar  9 06:08:17 CET 2026
#@# area and vertex vol rh Mon Mar  9 06:08:17 CET 2026
#@# Parcellation Stats rh Mon Mar  9 06:08:17 CET 2026
#@# Parcellation Stats 2 rh Mon Mar  9 06:08:32 CET 2026
#@# Parcellation Stats 3 rh Mon Mar  9 06:08:40 CET 2026
#@# BA_exvivo Labels rh Mon Mar  9 06:08:47 CET 2026
recon-all -s sub-v1s18x0051210_ses-1 finished without error at Mon Mar  9 06:10:47 CET 2026
