status file for recon-all
Thu Mar 12 13:59:28 CET 2026
#@# Tessellate rh Thu Mar 12 13:59:28 CET 2026
#@# Smooth1 rh Thu Mar 12 13:59:32 CET 2026
#@# Inflation1 rh Thu Mar 12 13:59:35 CET 2026
#@# QSphere rh Thu Mar 12 13:59:48 CET 2026
#@# Fix Topology rh Thu Mar 12 14:01:13 CET 2026
#@# Smooth2 rh Thu Mar 12 14:06:31 CET 2026
#@# Inflation2 rh Thu Mar 12 14:06:34 CET 2026
#@# Curv .H and .K rh Thu Mar 12 14:06:51 CET 2026
#@# Sphere rh Thu Mar 12 14:07:38 CET 2026
#@# Surf Reg rh Thu Mar 12 14:10:29 CET 2026
#@# Jacobian white rh Thu Mar 12 14:14:42 CET 2026
#@# AvgCurv rh Thu Mar 12 14:14:43 CET 2026
#@# Cortical Parc rh Thu Mar 12 14:14:43 CET 2026
#@# white curv rh Thu Mar 12 14:21:25 CET 2026
#@# white area rh Thu Mar 12 14:21:26 CET 2026
#@# pial curv rh Thu Mar 12 14:21:27 CET 2026
#@# pial area rh Thu Mar 12 14:21:29 CET 2026
#@# thickness rh Thu Mar 12 14:21:30 CET 2026
#@# area and vertex vol rh Thu Mar 12 14:22:00 CET 2026
#@# Curvature Stats rh Thu Mar 12 14:22:02 CET 2026
#@# Cortical Parc 2 rh Thu Mar 12 14:22:05 CET 2026
#@# Cortical Parc 3 rh Thu Mar 12 14:22:19 CET 2026
#@# WM/GM Contrast rh Thu Mar 12 14:22:29 CET 2026
recon-all -s sub-v1s18x0051273_ses-1 finished without error at Thu Mar 12 14:22:33 CET 2026



#New# invocation of recon-all 



status file for recon-all
Thu Mar 12 14:29:38 CET 2026
#@# white curv rh Thu Mar 12 14:29:38 CET 2026
#@# white area rh Thu Mar 12 14:29:38 CET 2026
#@# pial curv rh Thu Mar 12 14:29:38 CET 2026
#@# pial area rh Thu Mar 12 14:29:38 CET 2026
#@# thickness rh Thu Mar 12 14:29:38 CET 2026
#@# area and vertex vol rh Thu Mar 12 14:29:38 CET 2026
#@# Parcellation Stats rh Thu Mar 12 14:29:38 CET 2026
#@# Parcellation Stats 2 rh Thu Mar 12 14:29:58 CET 2026
#@# Parcellation Stats 3 rh Thu Mar 12 14:30:07 CET 2026
#@# BA_exvivo Labels rh Thu Mar 12 14:30:18 CET 2026
recon-all -s sub-v1s18x0051273_ses-1 finished without error at Thu Mar 12 14:32:58 CET 2026
