status file for recon-all
Thu Mar 12 11:53:46 CET 2026
#@# MotionCor Thu Mar 12 11:53:48 CET 2026
#@# Talairach Thu Mar 12 11:53:56 CET 2026
#@# Talairach Failure Detection Thu Mar 12 11:58:23 CET 2026
#@# Nu Intensity Correction Thu Mar 12 11:58:23 CET 2026
#@# Intensity Normalization Thu Mar 12 12:01:41 CET 2026
recon-all -s sub-v1s18x0051273_ses-1 finished without error at Thu Mar 12 12:03:07 CET 2026



#New# invocation of recon-all 



status file for recon-all
Thu Mar 12 12:10:18 CET 2026
#@# EM Registration Thu Mar 12 12:10:18 CET 2026
recon-all -s sub-v1s18x0051273_ses-1 finished without error at Thu Mar 12 12:12:35 CET 2026



#New# invocation of recon-all 



status file for recon-all
Thu Mar 12 12:12:38 CET 2026
#@# CA Normalize Thu Mar 12 12:12:38 CET 2026
#@# CA Reg Thu Mar 12 12:13:59 CET 2026
#@# SubCort Seg Thu Mar 12 13:03:13 CET 2026
#@# CC Seg Thu Mar 12 13:30:50 CET 2026
#@# Merge ASeg Thu Mar 12 13:31:21 CET 2026
#@# Intensity Normalization2 Thu Mar 12 13:31:21 CET 2026
#@# Mask BFS Thu Mar 12 13:33:24 CET 2026
#@# WM Segmentation Thu Mar 12 13:33:25 CET 2026
#@# Fill Thu Mar 12 13:35:19 CET 2026
recon-all -s sub-v1s18x0051273_ses-1 finished without error at Thu Mar 12 13:36:19 CET 2026



#New# invocation of recon-all 



status file for recon-all
Thu Mar 12 14:22:38 CET 2026
#@# white curv lh Thu Mar 12 14:22:38 CET 2026
#@# white area lh Thu Mar 12 14:22:38 CET 2026
#@# pial curv lh Thu Mar 12 14:22:38 CET 2026
#@# pial area lh Thu Mar 12 14:22:38 CET 2026
#@# thickness lh Thu Mar 12 14:22:38 CET 2026
#@# area and vertex vol lh Thu Mar 12 14:22:38 CET 2026
#@# white curv rh Thu Mar 12 14:22:38 CET 2026
#@# white area rh Thu Mar 12 14:22:38 CET 2026
#@# pial curv rh Thu Mar 12 14:22:38 CET 2026
#@# pial area rh Thu Mar 12 14:22:38 CET 2026
#@# thickness rh Thu Mar 12 14:22:38 CET 2026
#@# area and vertex vol rh Thu Mar 12 14:22:38 CET 2026
#@# Cortical ribbon mask Thu Mar 12 14:22:38 CET 2026
recon-all -s sub-v1s18x0051273_ses-1 finished without error at Thu Mar 12 14:26:12 CET 2026



#New# invocation of recon-all 



status file for recon-all
Thu Mar 12 14:33:03 CET 2026
#@# white curv lh Thu Mar 12 14:33:03 CET 2026
#@# white area lh Thu Mar 12 14:33:03 CET 2026
#@# pial curv lh Thu Mar 12 14:33:03 CET 2026
#@# pial area lh Thu Mar 12 14:33:03 CET 2026
#@# thickness lh Thu Mar 12 14:33:03 CET 2026
#@# area and vertex vol lh Thu Mar 12 14:33:03 CET 2026
#@# white curv rh Thu Mar 12 14:33:03 CET 2026
#@# white area rh Thu Mar 12 14:33:03 CET 2026
#@# pial curv rh Thu Mar 12 14:33:03 CET 2026
#@# pial area rh Thu Mar 12 14:33:03 CET 2026
#@# thickness rh Thu Mar 12 14:33:03 CET 2026
#@# area and vertex vol rh Thu Mar 12 14:33:03 CET 2026
#@# Curvature Stats lh Thu Mar 12 14:33:03 CET 2026
#@# Curvature Stats rh Thu Mar 12 14:33:06 CET 2026
#@# Relabel Hypointensities Thu Mar 12 14:33:09 CET 2026
#@# APas-to-ASeg Thu Mar 12 14:33:24 CET 2026
#@# AParc-to-ASeg aparc Thu Mar 12 14:33:33 CET 2026
#@# AParc-to-ASeg aparc.a2009s Thu Mar 12 14:34:16 CET 2026
#@# AParc-to-ASeg aparc.DKTatlas Thu Mar 12 14:34:58 CET 2026
#@# WMParc Thu Mar 12 14:35:47 CET 2026
#@# ASeg Stats Thu Mar 12 14:39:23 CET 2026
recon-all -s sub-v1s18x0051273_ses-1 finished without error at Thu Mar 12 14:40:04 CET 2026
