status file for recon-all
Mon Mar  9 04:31:06 CET 2026
#@# MotionCor Mon Mar  9 04:31:07 CET 2026
#@# Talairach Mon Mar  9 04:31:13 CET 2026
#@# Talairach Failure Detection Mon Mar  9 04:34:04 CET 2026
#@# Nu Intensity Correction Mon Mar  9 04:34:04 CET 2026
#@# Intensity Normalization Mon Mar  9 04:36:49 CET 2026
recon-all -s sub-v1s18x0051227_ses-1 finished without error at Mon Mar  9 04:37:52 CET 2026



#New# invocation of recon-all 



status file for recon-all
Mon Mar  9 04:43:48 CET 2026
#@# EM Registration Mon Mar  9 04:43:48 CET 2026
recon-all -s sub-v1s18x0051227_ses-1 finished without error at Mon Mar  9 04:44:59 CET 2026



#New# invocation of recon-all 



status file for recon-all
Mon Mar  9 04:45:01 CET 2026
#@# CA Normalize Mon Mar  9 04:45:01 CET 2026
#@# CA Reg Mon Mar  9 04:45:55 CET 2026
#@# SubCort Seg Mon Mar  9 05:22:16 CET 2026
#@# CC Seg Mon Mar  9 05:43:18 CET 2026
#@# Merge ASeg Mon Mar  9 05:43:42 CET 2026
#@# Intensity Normalization2 Mon Mar  9 05:43:42 CET 2026
#@# Mask BFS Mon Mar  9 05:45:07 CET 2026
#@# WM Segmentation Mon Mar  9 05:45:08 CET 2026
#@# Fill Mon Mar  9 05:46:43 CET 2026
recon-all -s sub-v1s18x0051227_ses-1 finished without error at Mon Mar  9 05:47:22 CET 2026



#New# invocation of recon-all 



status file for recon-all
Mon Mar  9 06:24:33 CET 2026
#@# white curv lh Mon Mar  9 06:24:33 CET 2026
#@# white area lh Mon Mar  9 06:24:33 CET 2026
#@# pial curv lh Mon Mar  9 06:24:33 CET 2026
#@# pial area lh Mon Mar  9 06:24:33 CET 2026
#@# thickness lh Mon Mar  9 06:24:33 CET 2026
#@# area and vertex vol lh Mon Mar  9 06:24:33 CET 2026
#@# white curv rh Mon Mar  9 06:24:33 CET 2026
#@# white area rh Mon Mar  9 06:24:33 CET 2026
#@# pial curv rh Mon Mar  9 06:24:33 CET 2026
#@# pial area rh Mon Mar  9 06:24:33 CET 2026
#@# thickness rh Mon Mar  9 06:24:33 CET 2026
#@# area and vertex vol rh Mon Mar  9 06:24:33 CET 2026
#@# Cortical ribbon mask Mon Mar  9 06:24:33 CET 2026
recon-all -s sub-v1s18x0051227_ses-1 finished without error at Mon Mar  9 06:28:07 CET 2026



#New# invocation of recon-all 



status file for recon-all
Mon Mar  9 06:33:11 CET 2026
#@# white curv lh Mon Mar  9 06:33:11 CET 2026
#@# white area lh Mon Mar  9 06:33:11 CET 2026
#@# pial curv lh Mon Mar  9 06:33:11 CET 2026
#@# pial area lh Mon Mar  9 06:33:11 CET 2026
#@# thickness lh Mon Mar  9 06:33:11 CET 2026
#@# area and vertex vol lh Mon Mar  9 06:33:11 CET 2026
#@# white curv rh Mon Mar  9 06:33:11 CET 2026
#@# white area rh Mon Mar  9 06:33:11 CET 2026
#@# pial curv rh Mon Mar  9 06:33:11 CET 2026
#@# pial area rh Mon Mar  9 06:33:11 CET 2026
#@# thickness rh Mon Mar  9 06:33:11 CET 2026
#@# area and vertex vol rh Mon Mar  9 06:33:11 CET 2026
#@# Curvature Stats lh Mon Mar  9 06:33:11 CET 2026
#@# Curvature Stats rh Mon Mar  9 06:33:13 CET 2026
#@# Relabel Hypointensities Mon Mar  9 06:33:15 CET 2026
#@# APas-to-ASeg Mon Mar  9 06:33:26 CET 2026
#@# AParc-to-ASeg aparc Mon Mar  9 06:33:32 CET 2026
#@# AParc-to-ASeg aparc.a2009s Mon Mar  9 06:33:53 CET 2026
#@# AParc-to-ASeg aparc.DKTatlas Mon Mar  9 06:34:14 CET 2026
#@# WMParc Mon Mar  9 06:34:35 CET 2026
#@# ASeg Stats Mon Mar  9 06:36:18 CET 2026
recon-all -s sub-v1s18x0051227_ses-1 finished without error at Mon Mar  9 06:36:34 CET 2026
