status file for recon-all
Mon Mar  9 05:47:27 CET 2026
#@# Tessellate lh Mon Mar  9 05:47:27 CET 2026
#@# Smooth1 lh Mon Mar  9 05:47:29 CET 2026
#@# Inflation1 lh Mon Mar  9 05:47:31 CET 2026
#@# QSphere lh Mon Mar  9 05:47:39 CET 2026
#@# Fix Topology lh Mon Mar  9 05:48:20 CET 2026
#@# Smooth2 lh Mon Mar  9 05:53:18 CET 2026
#@# Inflation2 lh Mon Mar  9 05:53:20 CET 2026
#@# Curv .H and .K lh Mon Mar  9 05:53:28 CET 2026
#@# Sphere lh Mon Mar  9 05:54:06 CET 2026
#@# Surf Reg lh Mon Mar  9 05:56:57 CET 2026
#@# Jacobian white lh Mon Mar  9 05:59:36 CET 2026
#@# AvgCurv lh Mon Mar  9 05:59:37 CET 2026
#@# Cortical Parc lh Mon Mar  9 05:59:38 CET 2026
#@# white curv lh Mon Mar  9 06:05:33 CET 2026
#@# white area lh Mon Mar  9 06:05:35 CET 2026
#@# pial curv lh Mon Mar  9 06:05:35 CET 2026
#@# pial area lh Mon Mar  9 06:05:37 CET 2026
#@# thickness lh Mon Mar  9 06:05:37 CET 2026
#@# area and vertex vol lh Mon Mar  9 06:05:57 CET 2026
#@# Curvature Stats lh Mon Mar  9 06:05:58 CET 2026
#@# Cortical Parc 2 lh Mon Mar  9 06:06:00 CET 2026
#@# Cortical Parc 3 lh Mon Mar  9 06:06:10 CET 2026
#@# WM/GM Contrast lh Mon Mar  9 06:06:18 CET 2026
recon-all -s sub-v1s18x0051227_ses-1 finished without error at Mon Mar  9 06:06:20 CET 2026



#New# invocation of recon-all 



status file for recon-all
Mon Mar  9 06:28:11 CET 2026
#@# white curv lh Mon Mar  9 06:28:11 CET 2026
#@# white area lh Mon Mar  9 06:28:11 CET 2026
#@# pial curv lh Mon Mar  9 06:28:11 CET 2026
#@# pial area lh Mon Mar  9 06:28:11 CET 2026
#@# thickness lh Mon Mar  9 06:28:11 CET 2026
#@# area and vertex vol lh Mon Mar  9 06:28:11 CET 2026
#@# Parcellation Stats lh Mon Mar  9 06:28:11 CET 2026
#@# Parcellation Stats 2 lh Mon Mar  9 06:28:26 CET 2026
#@# Parcellation Stats 3 lh Mon Mar  9 06:28:33 CET 2026
#@# BA_exvivo Labels lh Mon Mar  9 06:28:41 CET 2026
recon-all -s sub-v1s18x0051227_ses-1 finished without error at Mon Mar  9 06:30:41 CET 2026
