status file for recon-all
Mon Mar  9 06:06:24 CET 2026
#@# Tessellate rh Mon Mar  9 06:06:24 CET 2026
#@# Smooth1 rh Mon Mar  9 06:06:26 CET 2026
#@# Inflation1 rh Mon Mar  9 06:06:28 CET 2026
#@# QSphere rh Mon Mar  9 06:06:36 CET 2026
#@# Fix Topology rh Mon Mar  9 06:07:10 CET 2026
#@# Smooth2 rh Mon Mar  9 06:12:51 CET 2026
#@# Inflation2 rh Mon Mar  9 06:12:54 CET 2026
#@# Curv .H and .K rh Mon Mar  9 06:13:01 CET 2026
#@# Sphere rh Mon Mar  9 06:13:37 CET 2026
#@# Surf Reg rh Mon Mar  9 06:16:01 CET 2026
#@# Jacobian white rh Mon Mar  9 06:18:22 CET 2026
#@# AvgCurv rh Mon Mar  9 06:18:22 CET 2026
#@# Cortical Parc rh Mon Mar  9 06:18:23 CET 2026
#@# white curv rh Mon Mar  9 06:23:44 CET 2026
#@# white area rh Mon Mar  9 06:23:45 CET 2026
#@# pial curv rh Mon Mar  9 06:23:46 CET 2026
#@# pial area rh Mon Mar  9 06:23:47 CET 2026
#@# thickness rh Mon Mar  9 06:23:48 CET 2026
#@# area and vertex vol rh Mon Mar  9 06:24:06 CET 2026
#@# Curvature Stats rh Mon Mar  9 06:24:07 CET 2026
#@# Cortical Parc 2 rh Mon Mar  9 06:24:09 CET 2026
#@# Cortical Parc 3 rh Mon Mar  9 06:24:19 CET 2026
#@# WM/GM Contrast rh Mon Mar  9 06:24:26 CET 2026
recon-all -s sub-v1s18x0051227_ses-1 finished without error at Mon Mar  9 06:24:28 CET 2026



#New# invocation of recon-all 



status file for recon-all
Mon Mar  9 06:30:43 CET 2026
#@# white curv rh Mon Mar  9 06:30:43 CET 2026
#@# white area rh Mon Mar  9 06:30:43 CET 2026
#@# pial curv rh Mon Mar  9 06:30:43 CET 2026
#@# pial area rh Mon Mar  9 06:30:43 CET 2026
#@# thickness rh Mon Mar  9 06:30:43 CET 2026
#@# area and vertex vol rh Mon Mar  9 06:30:43 CET 2026
#@# Parcellation Stats rh Mon Mar  9 06:30:43 CET 2026
#@# Parcellation Stats 2 rh Mon Mar  9 06:30:57 CET 2026
#@# Parcellation Stats 3 rh Mon Mar  9 06:31:04 CET 2026
#@# BA_exvivo Labels rh Mon Mar  9 06:31:11 CET 2026
recon-all -s sub-v1s18x0051227_ses-1 finished without error at Mon Mar  9 06:33:07 CET 2026
