status file for recon-all
Mon Mar  9 08:27:48 CET 2026
#@# Tessellate lh Mon Mar  9 08:27:48 CET 2026
#@# Smooth1 lh Mon Mar  9 08:27:52 CET 2026
#@# Inflation1 lh Mon Mar  9 08:27:54 CET 2026
#@# QSphere lh Mon Mar  9 08:28:07 CET 2026
#@# Fix Topology lh Mon Mar  9 08:29:25 CET 2026
#@# Smooth2 lh Mon Mar  9 08:35:13 CET 2026
#@# Inflation2 lh Mon Mar  9 08:35:16 CET 2026
#@# Curv .H and .K lh Mon Mar  9 08:35:30 CET 2026
#@# Sphere lh Mon Mar  9 08:36:16 CET 2026
#@# Surf Reg lh Mon Mar  9 08:39:55 CET 2026
#@# Jacobian white lh Mon Mar  9 08:44:05 CET 2026
#@# AvgCurv lh Mon Mar  9 08:44:06 CET 2026
#@# Cortical Parc lh Mon Mar  9 08:44:07 CET 2026
#@# white curv lh Mon Mar  9 08:50:37 CET 2026
#@# white area lh Mon Mar  9 08:50:39 CET 2026
#@# pial curv lh Mon Mar  9 08:50:39 CET 2026
#@# pial area lh Mon Mar  9 08:50:41 CET 2026
#@# thickness lh Mon Mar  9 08:50:42 CET 2026
#@# area and vertex vol lh Mon Mar  9 08:51:11 CET 2026
#@# Curvature Stats lh Mon Mar  9 08:51:13 CET 2026
#@# Cortical Parc 2 lh Mon Mar  9 08:51:15 CET 2026
#@# Cortical Parc 3 lh Mon Mar  9 08:51:28 CET 2026
#@# WM/GM Contrast lh Mon Mar  9 08:51:39 CET 2026
recon-all -s sub-v1s18x0051265_ses-1 finished without error at Mon Mar  9 08:51:42 CET 2026



#New# invocation of recon-all 



status file for recon-all
Mon Mar  9 09:21:14 CET 2026
#@# white curv lh Mon Mar  9 09:21:14 CET 2026
#@# white area lh Mon Mar  9 09:21:14 CET 2026
#@# pial curv lh Mon Mar  9 09:21:14 CET 2026
#@# pial area lh Mon Mar  9 09:21:14 CET 2026
#@# thickness lh Mon Mar  9 09:21:14 CET 2026
#@# area and vertex vol lh Mon Mar  9 09:21:14 CET 2026
#@# Parcellation Stats lh Mon Mar  9 09:21:14 CET 2026
#@# Parcellation Stats 2 lh Mon Mar  9 09:21:33 CET 2026
#@# Parcellation Stats 3 lh Mon Mar  9 09:21:42 CET 2026
#@# BA_exvivo Labels lh Mon Mar  9 09:21:52 CET 2026
recon-all -s sub-v1s18x0051265_ses-1 finished without error at Mon Mar  9 09:24:24 CET 2026
