status file for recon-all
Mon Mar  9 08:04:33 CET 2026
#@# Tessellate rh Mon Mar  9 08:04:33 CET 2026
#@# Smooth1 rh Mon Mar  9 08:04:36 CET 2026
#@# Inflation1 rh Mon Mar  9 08:04:38 CET 2026
#@# QSphere rh Mon Mar  9 08:04:46 CET 2026
#@# Fix Topology rh Mon Mar  9 08:05:35 CET 2026
#@# Smooth2 rh Mon Mar  9 08:10:04 CET 2026
#@# Inflation2 rh Mon Mar  9 08:10:06 CET 2026
#@# Curv .H and .K rh Mon Mar  9 08:10:15 CET 2026
#@# Sphere rh Mon Mar  9 08:10:54 CET 2026
#@# Surf Reg rh Mon Mar  9 08:11:57 CET 2026
#@# Jacobian white rh Mon Mar  9 08:14:34 CET 2026
#@# AvgCurv rh Mon Mar  9 08:14:35 CET 2026
#@# Cortical Parc rh Mon Mar  9 08:14:36 CET 2026
#@# white curv rh Mon Mar  9 08:19:48 CET 2026
#@# white area rh Mon Mar  9 08:19:50 CET 2026
#@# pial curv rh Mon Mar  9 08:19:50 CET 2026
#@# pial area rh Mon Mar  9 08:19:51 CET 2026
#@# thickness rh Mon Mar  9 08:19:52 CET 2026
#@# area and vertex vol rh Mon Mar  9 08:20:16 CET 2026
#@# Curvature Stats rh Mon Mar  9 08:20:17 CET 2026
#@# Cortical Parc 2 rh Mon Mar  9 08:20:19 CET 2026
#@# Cortical Parc 3 rh Mon Mar  9 08:20:29 CET 2026
#@# WM/GM Contrast rh Mon Mar  9 08:20:38 CET 2026
recon-all -s sub-v1s18x0051257_ses-1 finished without error at Mon Mar  9 08:20:40 CET 2026



#New# invocation of recon-all 



status file for recon-all
Mon Mar  9 08:26:53 CET 2026
#@# white curv rh Mon Mar  9 08:26:53 CET 2026
#@# white area rh Mon Mar  9 08:26:53 CET 2026
#@# pial curv rh Mon Mar  9 08:26:53 CET 2026
#@# pial area rh Mon Mar  9 08:26:53 CET 2026
#@# thickness rh Mon Mar  9 08:26:53 CET 2026
#@# area and vertex vol rh Mon Mar  9 08:26:53 CET 2026
#@# Parcellation Stats rh Mon Mar  9 08:26:53 CET 2026
#@# Parcellation Stats 2 rh Mon Mar  9 08:27:07 CET 2026
#@# Parcellation Stats 3 rh Mon Mar  9 08:27:14 CET 2026
#@# BA_exvivo Labels rh Mon Mar  9 08:27:21 CET 2026
recon-all -s sub-v1s18x0051257_ses-1 finished without error at Mon Mar  9 08:29:24 CET 2026
