/out/sourcedata/freesurfer/sub-v1s18x0051221_ses-1/mri
/opt/freesurfer/bin/talairach_avi
--i orig_nu.mgz --xfm transforms/talairach.auto.xfm
talairach_avi 7.3.2
Linux dna007 5.14.0-427.37.1.el9_4.x86_64 #1 SMP PREEMPT_DYNAMIC Fri Sep 13 12:41:50 EDT 2024 x86_64 x86_64 x86_64 GNU/Linux
Mon Mar  9 04:23:43 CET 2026
mri_convert orig_nu.mgz talsrcimg.img 
reading from orig_nu.mgz...
TR=0.00, TE=0.00, TI=0.00, flip angle=0.00
i_ras = (-1, 0, -7.45058e-09)
j_ras = (7.45058e-09, 0, -1)
k_ras = (0, 1, 0)
writing to talsrcimg.img...
Analyze Output Matrix
-1.00000   0.00000   0.00000   131.53323;
 0.00000   0.00000   1.00000  -121.34670;
-0.00000  -1.00000   0.00000   103.28505;
 0.00000   0.00000   0.00000   1.00000;
--------------------
INFO: set hdr.hist.orient to -1
mpr2mni305 talsrcimg
Mon Mar  9 04:23:44 CET 2026
/opt/freesurfer/bin/mpr2mni305 talsrcimg
mpr2mni305 7.3.2
target=711-2C_as_mni_average_305

---------------------------------------------------------------------
analyzeto4dfp talsrcimg -O0 -y
---------------------------------------------------------------------

freesurfer ifh2hdr.c
Mon Mar  9 04:23:44 2026
Writing: talsrcimg.4dfp.hdr
freesurfer analyzeto4dfp.c
Reading: talsrcimg.hdr
header size 348 bytes
hdr.dime.datatype	offset=70	value=2
hdr.dime.bitpix		offset=72	value=8
hdr.hist.orient		offset=252	value=-1
dimensionality     4
dimensions       256       256       256         1
Reading: talsrcimg.img
Writing: talsrcimg.4dfp.img
Writing: talsrcimg.4dfp.ifh
ifh2hdr talsrcimg -r0to232
ori=2

---------------------------------------------------------------------
gauss_4dfp talsrcimg 1.1
---------------------------------------------------------------------

freesurfer gauss_4dfp.c
Reading: talsrcimg.4dfp.img
Writing: talsrcimg_g11.4dfp.img
image dimensions 256 256 256 padded to 288 288 288
processing volume 1freesurfer ifh2hdr.c
Mon Mar  9 04:23:46 2026
Writing: talsrcimg_g11.4dfp.hdr

Writing: talsrcimg_g11.4dfp.ifh
including: talsrcimg.4dfp.img.rec in talsrcimg_g11.4dfp.img.rec

---------------------------------------------------------------------
imgreg_4dfp /opt/freesurfer/average/711-2C_as_mni_average_305 none talsrcimg_g11 none talsrcimg_to_711-2C_as_mni_average_305_t4 4355
---------------------------------------------------------------------

freesurfer imgreg_4dfp.c
/opt/freesurfer/average/711-2C_as_mni_average_305.4dfp.img
       256       256       256         1
  1.000000  1.000000  1.000000
orientation T byte_order littleendian
Reading image: /opt/freesurfer/average/711-2C_as_mni_average_305.4dfp.img
dimensions:      256       256       256
mmppix:       1.0000   -1.0000   -1.0000
center:     128.0000 -129.0000 -129.0000
talsrcimg_g11.4dfp.img
       256       256       256         1
  1.000000  1.000000  1.000000
orientation T byte_order littleendian
Reading image: talsrcimg_g11.4dfp.img
dimensions:      256       256       256
mmppix:       1.0000   -1.0000   -1.0000
center:     128.0000 -129.0000 -129.0000
t4_read: open error in t4_sub.f l:  41 t4_file(1:l)talsrcimg_to_711-2C_as_mni_average_305_t4 
t4_read: transform initialized to I4
rotation matrix determinant  1.000000
image alignment mode   4355 decimal     1103 hex
   -7.5000  -45.0000  -45.0000 7649.5928   15.2543
    0.0000  -45.0000  -45.0000 7900.1470   15.2824
    7.5000  -45.0000  -45.0000 7527.1147   15.2970
   -7.5000  -37.5000  -45.0000 8174.5449   15.2022
    0.0000  -37.5000  -45.0000 8462.5410   15.2286
    7.5000  -37.5000  -45.0000 8043.3423   15.2395
   -7.5000  -30.0000  -45.0000 8996.6289   15.1685
    0.0000  -30.0000  -45.0000 9302.5693   15.1894
    7.5000  -30.0000  -45.0000 8828.0479   15.1997
   -7.5000  -22.5000  -45.0000 9798.8115   15.1368
    0.0000  -22.5000  -45.000010132.8096   15.1525
    7.5000  -22.5000  -45.0000 9586.8867   15.1658
   -7.5000  -15.0000  -45.000010528.2842   15.1096
    0.0000  -15.0000  -45.000010872.9883   15.1256
    7.5000  -15.0000  -45.000010272.5664   15.1426
   -7.5000   -7.5000  -45.000011196.8848   15.0991
    0.0000   -7.5000  -45.000011589.4180   15.1215
    7.5000   -7.5000  -45.000010946.6777   15.1390
   -7.5000    0.0000  -45.000011748.3506   15.1080
    0.0000    0.0000  -45.000012134.2949   15.1353
    7.5000    0.0000  -45.000011452.8174   15.1498
   -7.5000    7.5000  -45.000011364.0771   15.1272
    0.0000    7.5000  -45.000011718.5176   15.1532
    7.5000    7.5000  -45.000011062.8428   15.1642
   -7.5000   15.0000  -45.000010799.6816   15.1375
    0.0000   15.0000  -45.000011138.0889   15.1583
    7.5000   15.0000  -45.000010534.4600   15.1687
   -7.5000   22.5000  -45.000010153.0967   15.1261
    0.0000   22.5000  -45.000010465.2070   15.1418
    7.5000   22.5000  -45.0000 9881.5020   15.1553
   -7.5000   30.0000  -45.0000 9367.7695   14.9076
    0.0000   30.0000  -45.0000 9690.1787   14.9235
    7.5000   30.0000  -45.0000 9132.1084   14.9404
   -7.5000   37.5000  -45.0000 8884.9971   14.8996
    0.0000   37.5000  -45.0000 9240.1250   14.9218
    7.5000   37.5000  -45.0000 8694.5654   14.9392
   -7.5000   45.0000  -45.0000 8124.4229   14.5502
    0.0000   45.0000  -45.0000 8471.8008   14.5767
    7.5000   45.0000  -45.0000 7987.1807   14.5909
   -7.5000  -45.0000  -37.5000 8049.3462   15.0865
    0.0000  -45.0000  -37.5000 8337.5078   15.1138
    7.5000  -45.0000  -37.5000 7946.5278   15.1268
   -7.5000  -37.5000  -37.5000 8609.4707   15.0357
    0.0000  -37.5000  -37.5000 8925.4561   15.0606
    7.5000  -37.5000  -37.5000 8471.2373   15.0692
   -7.5000  -30.0000  -37.5000 9492.9365   15.0088
    0.0000  -30.0000  -37.5000 9806.3750   15.0287
    7.5000  -30.0000  -37.5000 9287.6709   15.0345
   -7.5000  -22.5000  -37.500010322.9189   14.9848
    0.0000  -22.5000  -37.500010658.9688   15.0004
    7.5000  -22.5000  -37.500010096.2568   15.0079
   -7.5000  -15.0000  -37.500011051.4688   14.9593
    0.0000  -15.0000  -37.500011431.8672   14.9763
    7.5000  -15.0000  -37.500010813.0205   14.9881
   -7.5000   -7.5000  -37.500011772.7158   14.9418
    0.0000   -7.5000  -37.500012163.5703   14.9649
    7.5000   -7.5000  -37.500011506.4854   14.9794
   -7.5000    0.0000  -37.500012360.8213   14.9434
    0.0000    0.0000  -37.500012722.5752   14.9700
    7.5000    0.0000  -37.500012037.9043   14.9829
   -7.5000    7.5000  -37.500011961.2715   14.9623
    0.0000    7.5000  -37.500012316.5371   14.9869
    7.5000    7.5000  -37.500011642.0283   14.9956
   -7.5000   15.0000  -37.500011385.8740   14.9785
    0.0000   15.0000  -37.500011718.6768   14.9982
    7.5000   15.0000  -37.500011076.7686   15.0041
   -7.5000   22.5000  -37.500010684.9570   14.9743
    0.0000   22.5000  -37.500011009.2441   14.9900
    7.5000   22.5000  -37.500010387.3184   14.9977
   -7.5000   30.0000  -37.5000 9838.1973   14.7594
    0.0000   30.0000  -37.500010194.5527   14.7762
    7.5000   30.0000  -37.5000 9597.1406   14.7879
   -7.5000   37.5000  -37.5000 9295.1367   14.7444
    0.0000   37.5000  -37.5000 9685.1816   14.7672
    7.5000   37.5000  -37.5000 9134.0352   14.7815
   -7.5000   45.0000  -37.5000 8494.1299   14.3916
    0.0000   45.0000  -37.5000 8874.7969   14.4174
    7.5000   45.0000  -37.5000 8369.2646   14.4301
   -7.5000  -45.0000  -30.0000 8633.2588   15.6140
    0.0000  -45.0000  -30.0000 8945.4219   15.6405
    7.5000  -45.0000  -30.0000 8516.1211   15.6471
   -7.5000  -37.5000  -30.0000 9249.9043   15.5661
    0.0000  -37.5000  -30.0000 9583.9463   15.5904
    7.5000  -37.5000  -30.0000 9080.3262   15.5926
   -7.5000  -30.0000  -30.000010190.5977   15.5417
    0.0000  -30.0000  -30.000010549.7393   15.5616
    7.5000  -30.0000  -30.0000 9983.2617   15.5601
   -7.5000  -22.5000  -30.000011041.7695   15.5158
    0.0000  -22.5000  -30.000011429.8516   15.5322
    7.5000  -22.5000  -30.000010842.1895   15.5309
   -7.5000  -15.0000  -30.000011815.5732   15.4860
    0.0000  -15.0000  -30.000012240.5762   15.5036
    7.5000  -15.0000  -30.000011610.1426   15.5061
   -7.5000   -7.5000  -30.000012606.5957   15.4649
    0.0000   -7.5000  -30.000013025.3330   15.4878
    7.5000   -7.5000  -30.000012334.5518   15.4944
   -7.5000    0.0000  -30.000013235.5830   15.4668
    0.0000    0.0000  -30.000013623.3408   15.4925
    7.5000    0.0000  -30.000012892.4541   15.4993
   -7.5000    7.5000  -30.000012793.6787   15.4905
    0.0000    7.5000  -30.000013165.0195   15.5144
    7.5000    7.5000  -30.000012451.2842   15.5169
   -7.5000   15.0000  -30.000012153.8350   15.5104
    0.0000   15.0000  -30.000012536.6758   15.5302
    7.5000   15.0000  -30.000011830.2754   15.5288
   -7.5000   22.5000  -30.000011399.3076   15.5034
    0.0000   22.5000  -30.000011797.3896   15.5198
    7.5000   22.5000  -30.000011146.8613   15.5187
   -7.5000   30.0000  -30.000010511.0234   15.2805
    0.0000   30.0000  -30.000010913.1396   15.2979
    7.5000   30.0000  -30.000010316.1602   15.3005
   -7.5000   37.5000  -30.0000 9929.9961   15.2619
    0.0000   37.5000  -30.000010346.5801   15.2845
    7.5000   37.5000  -30.0000 9775.5596   15.2911
   -7.5000   45.0000  -30.0000 9041.9531   14.9063
    0.0000   45.0000  -30.0000 9460.6182   14.9313
    7.5000   45.0000  -30.0000 8954.8281   14.9380
   -7.5000  -45.0000  -22.5000 9280.5244   16.1287
    0.0000  -45.0000  -22.5000 9608.7930   16.1553
    7.5000  -45.0000  -22.5000 9131.1299   16.1555
   -7.5000  -37.5000  -22.5000 9939.6777   16.0824
    0.0000  -37.5000  -22.500010302.6113   16.1080
    7.5000  -37.5000  -22.5000 9755.7676   16.1048
   -7.5000  -30.0000  -22.500010934.0371   16.0536
    0.0000  -30.0000  -22.500011342.5361   16.0747
    7.5000  -30.0000  -22.500010724.2402   16.0691
   -7.5000  -22.5000  -22.500011830.6992   16.0187
    0.0000  -22.5000  -22.500012271.2002   16.0354
    7.5000  -22.5000  -22.500011641.5078   16.0302
   -7.5000  -15.0000  -22.500012677.3584   15.9836
    0.0000  -15.0000  -22.500013132.8232   16.0006
    7.5000  -15.0000  -22.500012466.4805   15.9981
   -7.5000   -7.5000  -22.500013503.1611   15.9670
    0.0000   -7.5000  -22.500013958.1777   15.9889
    7.5000   -7.5000  -22.500013212.9844   15.9893
   -7.5000    0.0000  -22.500014156.1807   15.9768
    0.0000    0.0000  -22.500014616.0176   16.0026
    7.5000    0.0000  -22.500013825.1621   16.0029
   -7.5000    7.5000  -22.500013666.3535   16.0043
    0.0000    7.5000  -22.500014109.4258   16.0296
    7.5000    7.5000  -22.500013360.5088   16.0266
   -7.5000   15.0000  -22.500012967.8291   16.0212
    0.0000   15.0000  -22.500013414.6592   16.0423
    7.5000   15.0000  -22.500012708.0752   16.0368
   -7.5000   22.5000  -22.500012173.8057   16.0047
    0.0000   22.5000  -22.500012624.0166   16.0215
    7.5000   22.5000  -22.500011990.5801   16.0165
   -7.5000   30.0000  -22.500011237.3145   15.7739
    0.0000   30.0000  -22.500011690.2764   15.7907
    7.5000   30.0000  -22.500011091.4502   15.7884
   -7.5000   37.5000  -22.500010611.4951   15.7598
    0.0000   37.5000  -22.500011072.3984   15.7814
    7.5000   37.5000  -22.500010522.3643   15.7819
   -7.5000   45.0000  -22.5000 9650.8789   15.4091
    0.0000   45.0000  -22.500010099.3135   15.4342
    7.5000   45.0000  -22.5000 9603.8438   15.4345
   -7.5000  -45.0000  -15.0000 9926.7715   16.5097
    0.0000  -45.0000  -15.000010300.7988   16.5365
    7.5000  -45.0000  -15.0000 9758.9834   16.5347
   -7.5000  -37.5000  -15.000010625.8799   16.4613
    0.0000  -37.5000  -15.000011031.0029   16.4878
    7.5000  -37.5000  -15.000010445.0000   16.4835
   -7.5000  -30.0000  -15.000011708.2920   16.4248
    0.0000  -30.0000  -15.000012165.1025   16.4462
    7.5000  -30.0000  -15.000011493.1904   16.4424
   -7.5000  -22.5000  -15.000012679.4961   16.3820
    0.0000  -22.5000  -15.000013162.6162   16.3978
    7.5000  -22.5000  -15.000012459.7686   16.3963
   -7.5000  -15.0000  -15.000013572.7373   16.3454
    0.0000  -15.0000  -15.000014070.0518   16.3608
    7.5000  -15.0000  -15.000013323.7461   16.3613
   -7.5000   -7.5000  -15.000014440.4619   16.3366
    0.0000   -7.5000  -15.000014958.2061   16.3572
    7.5000   -7.5000  -15.000014151.3770   16.3580
   -7.5000    0.0000  -15.000015147.5547   16.3542
    0.0000    0.0000  -15.000015674.6787   16.3801
    7.5000    0.0000  -15.000014825.1885   16.3785
   -7.5000    7.5000  -15.000014603.0498   16.3814
    0.0000    7.5000  -15.000015128.5830   16.4075
    7.5000    7.5000  -15.000014341.3584   16.4035
   -7.5000   15.0000  -15.000013852.9512   16.3918
    0.0000   15.0000  -15.000014368.3750   16.4130
    7.5000   15.0000  -15.000013654.5068   16.4094
   -7.5000   22.5000  -15.000012973.9414   16.3669
    0.0000   22.5000  -15.000013471.7441   16.3827
    7.5000   22.5000  -15.000012851.9824   16.3814
   -7.5000   30.0000  -15.000011994.5986   16.1333
    0.0000   30.0000  -15.000012493.0459   16.1485
    7.5000   30.0000  -15.000011920.5840   16.1491
   -7.5000   37.5000  -15.000011380.9170   16.1269
    0.0000   37.5000  -15.000011878.3760   16.1472
    7.5000   37.5000  -15.000011322.7852   16.1481
   -7.5000   45.0000  -15.000010321.3799   15.7825
    0.0000   45.0000  -15.000010804.8965   15.8077
    7.5000   45.0000  -15.000010318.8633   15.8062
   -7.5000  -45.0000   -7.500010564.7686   16.6959
    0.0000  -45.0000   -7.500010972.5371   16.7241
    7.5000  -45.0000   -7.500010403.9951   16.7292
   -7.5000  -37.5000   -7.500011346.3750   16.6435
    0.0000  -37.5000   -7.500011785.2607   16.6711
    7.5000  -37.5000   -7.500011162.8730   16.6734
   -7.5000  -30.0000   -7.500012546.7432   16.6051
    0.0000  -30.0000   -7.500013057.3721   16.6270
    7.5000  -30.0000   -7.500012315.4219   16.6307
   -7.5000  -22.5000   -7.500013627.8027   16.5642
    0.0000  -22.5000   -7.500014165.4961   16.5798
    7.5000  -22.5000   -7.500013373.3730   16.5874
   -7.5000  -15.0000   -7.500014565.0596   16.5303
    0.0000  -15.0000   -7.500015123.9951   16.5454
    7.5000  -15.0000   -7.500014308.8408   16.5558
   -7.5000   -7.5000   -7.500015472.4736   16.5224
    0.0000   -7.5000   -7.500016048.2676   16.5439
    7.5000   -7.5000   -7.500015203.2031   16.5532
   -7.5000    0.0000   -7.500016217.1729   16.5387
    0.0000    0.0000   -7.500016829.9883   16.5662
    7.5000    0.0000   -7.500015949.7646   16.5713
   -7.5000    7.5000   -7.500015643.4082   16.5629
    0.0000    7.5000   -7.500016266.9658   16.5901
    7.5000    7.5000   -7.500015441.9121   16.5926
   -7.5000   15.0000   -7.500014850.8223   16.5717
    0.0000   15.0000   -7.500015444.2227   16.5935
    7.5000   15.0000   -7.500014715.2344   16.5974
   -7.5000   22.5000   -7.500013914.2461   16.5472
    0.0000   22.5000   -7.500014457.7432   16.5628
    7.5000   22.5000   -7.500013815.6641   16.5706
   -7.5000   30.0000   -7.500012907.4961   16.3153
    0.0000   30.0000   -7.500013414.2061   16.3303
    7.5000   30.0000   -7.500012801.8604   16.3406
   -7.5000   37.5000   -7.500012266.9697   16.3100
    0.0000   37.5000   -7.500012810.5137   16.3313
    7.5000   37.5000   -7.500012184.3301   16.3406
   -7.5000   45.0000   -7.500011127.6475   15.9637
    0.0000   45.0000   -7.500011641.7217   15.9904
    7.5000   45.0000   -7.500011085.9111   15.9954
   -7.5000  -45.0000    0.000011086.9434   16.7253
    0.0000  -45.0000    0.000011474.9121   16.7550
    7.5000  -45.0000    0.000010894.0254   16.7680
   -7.5000  -37.5000    0.000011937.4336   16.6702
    0.0000  -37.5000    0.000012371.4053   16.6981
    7.5000  -37.5000    0.000011717.8594   16.7073
   -7.5000  -30.0000    0.000013277.7246   16.6362
    0.0000  -30.0000    0.000013799.8994   16.6586
    7.5000  -30.0000    0.000012990.2705   16.6677
   -7.5000  -22.5000    0.000014567.0664   16.6038
    0.0000  -22.5000    0.000015134.4512   16.6207
    7.5000  -22.5000    0.000014196.6475   16.6335
   -7.5000  -15.0000    0.000015546.9990   16.5739
    0.0000  -15.0000    0.000016170.1250   16.5910
    7.5000  -15.0000    0.000015220.7773   16.6080
   -7.5000   -7.5000    0.000016379.8076   16.5602
    0.0000   -7.5000    0.000017063.7344   16.5840
    7.5000   -7.5000    0.000016166.0674   16.6009
   -7.5000    0.0000    0.000017157.5449   16.5681
    0.0000    0.0000    0.000017864.6992   16.5969
    7.5000    0.0000    0.000016970.7734   16.6099
   -7.5000    7.5000    0.000016642.6680   16.5895
    0.0000    7.5000    0.000017335.7344   16.6171
    7.5000    7.5000    0.000016451.6484   16.6264
   -7.5000   15.0000    0.000015860.4453   16.6029
    0.0000   15.0000    0.000016506.7559   16.6252
    7.5000   15.0000    0.000015678.5723   16.6344
   -7.5000   22.5000    0.000014891.3535   16.5869
    0.0000   22.5000    0.000015483.9590   16.6038
    7.5000   22.5000    0.000014729.6992   16.6168
   -7.5000   30.0000    0.000013850.6328   16.3588
    0.0000   30.0000    0.000014382.3281   16.3757
    7.5000   30.0000    0.000013640.6064   16.3926
   -7.5000   37.5000    0.000013227.3877   16.3478
    0.0000   37.5000    0.000013762.0684   16.3713
    7.5000   37.5000    0.000013033.2930   16.3881
   -7.5000   45.0000    0.000012001.5703   15.9935
    0.0000   45.0000    0.000012508.1348   16.0216
    7.5000   45.0000    0.000011836.5176   16.0344
   -7.5000  -45.0000    7.500010732.4111   16.7316
    0.0000  -45.0000    7.500011090.4473   16.7608
    7.5000  -45.0000    7.500010519.5186   16.7740
   -7.5000  -37.5000    7.500011561.9150   16.6770
    0.0000  -37.5000    7.500011966.0254   16.7038
    7.5000  -37.5000    7.500011317.5410   16.7121
   -7.5000  -30.0000    7.500012940.9473   16.6488
    0.0000  -30.0000    7.500013456.6914   16.6704
    7.5000  -30.0000    7.500012591.6484   16.6760
   -7.5000  -22.5000    7.500014416.1201   16.6224
    0.0000  -22.5000    7.500015055.4365   16.6399
    7.5000  -22.5000    7.500013921.1387   16.6476
   -7.5000  -15.0000    7.500015546.5195   16.5934
    0.0000  -15.0000    7.500016347.5977   16.6122
    7.5000  -15.0000    7.500015118.2266   16.6248
   -7.5000   -7.5000    7.500016329.1719   16.5730
    0.0000   -7.5000    7.500017167.0312   16.5979
    7.5000   -7.5000    7.500016088.2197   16.6131
   -7.5000    0.0000    7.500017058.7461   16.5743
    0.0000    0.0000    7.500017841.4141   16.6027
    7.5000    0.0000    7.500016779.7246   16.6159
   -7.5000    7.5000    7.500016563.8594   16.5963
    0.0000    7.5000    7.500017259.3008   16.6227
    7.5000    7.5000    7.500016153.6631   16.6312
   -7.5000   15.0000    7.500015807.2334   16.6154
    0.0000   15.0000    7.500016428.1855   16.6369
    7.5000   15.0000    7.500015358.0654   16.6427
   -7.5000   22.5000    7.500014875.9688   16.6056
    0.0000   22.5000    7.500015453.1826   16.6230
    7.5000   22.5000    7.500014447.3750   16.6310
   -7.5000   30.0000    7.500013802.0684   16.3780
    0.0000   30.0000    7.500014322.1211   16.3967
    7.5000   30.0000    7.500013367.5195   16.4092
   -7.5000   37.5000    7.500013161.2344   16.3603
    0.0000   37.5000    7.500013707.6172   16.3850
    7.5000   37.5000    7.500012811.5410   16.4000
   -7.5000   45.0000    7.500011910.4961   15.9997
    0.0000   45.0000    7.500012432.2383   16.0274
    7.5000   45.0000    7.500011662.5107   16.0403
   -7.5000  -45.0000   15.000010280.7139   16.7514
    0.0000  -45.0000   15.000010627.1377   16.7795
    7.5000  -45.0000   15.000010077.4746   16.7863
   -7.5000  -37.5000   15.000011049.2139   16.7005
    0.0000  -37.5000   15.000011448.2217   16.7263
    7.5000  -37.5000   15.000010837.9307   16.7284
   -7.5000  -30.0000   15.000012367.1377   16.6746
    0.0000  -30.0000   15.000012866.1611   16.6958
    7.5000  -30.0000   15.000012036.8506   16.6939
   -7.5000  -22.5000   15.000013975.5410   16.6467
    0.0000  -22.5000   15.000014698.0674   16.6641
    7.5000  -22.5000   15.000013357.8857   16.6625
   -7.5000  -15.0000   15.000015512.7549   16.6143
    0.0000  -15.0000   15.000016507.7754   16.6330
    7.5000  -15.0000   15.000014725.1416   16.6355
   -7.5000   -7.5000   15.000016577.5586   16.5915
    0.0000   -7.5000   15.000017465.4766   16.6157
    7.5000   -7.5000   15.000015709.5918   16.6225
   -7.5000    0.0000   15.000017193.8633   16.5936
    0.0000    0.0000   15.000017846.4375   16.6209
    7.5000    0.0000   15.000016211.6465   16.6279
   -7.5000    7.5000   15.000016433.6406   16.6194
    0.0000    7.5000   15.000017006.6953   16.6449
    7.5000    7.5000   15.000015506.7529   16.6473
   -7.5000   15.0000   15.000015509.8047   16.6410
    0.0000   15.0000   15.000016106.3203   16.6621
    7.5000   15.0000   15.000014769.2949   16.6605
   -7.5000   22.5000   15.000014519.2773   16.6297
    0.0000   22.5000   15.000015132.4912   16.6472
    7.5000   22.5000   15.000013952.2891   16.6458
   -7.5000   30.0000   15.000013413.0049   16.3987
    0.0000   30.0000   15.000014003.3623   16.4172
    7.5000   30.0000   15.000012969.0449   16.4197
   -7.5000   37.5000   15.000012776.7090   16.3785
    0.0000   37.5000   15.000013350.7510   16.4024
    7.5000   37.5000   15.000012420.3447   16.4093
   -7.5000   45.0000   15.000011555.0625   16.0182
    0.0000   45.0000   15.000012104.9033   16.0447
    7.5000   45.0000   15.000011316.6289   16.0516
   -7.5000  -45.0000   22.5000 9795.7793   16.8085
    0.0000  -45.0000   22.500010121.1182   16.8358
    7.5000  -45.0000   22.5000 9539.2559   16.8356
   -7.5000  -37.5000   22.500010576.8145   16.7600
    0.0000  -37.5000   22.500010922.8262   16.7864
    7.5000  -37.5000   22.500010272.6514   16.7828
   -7.5000  -30.0000   22.500011886.1924   16.7298
    0.0000  -30.0000   22.500012302.2549   16.7516
    7.5000  -30.0000   22.500011424.5146   16.7456
   -7.5000  -22.5000   22.500013375.7939   16.6933
    0.0000  -22.5000   22.500014090.8398   16.7104
    7.5000  -22.5000   22.500012702.7598   16.7048
   -7.5000  -15.0000   22.500014858.4238   16.6566
    0.0000  -15.0000   22.500015689.5361   16.6739
    7.5000  -15.0000   22.500013954.2451   16.6710
   -7.5000   -7.5000   22.500015855.5762   16.6393
    0.0000   -7.5000   22.500016437.7676   16.6617
    7.5000   -7.5000   22.500014764.8730   16.6618
   -7.5000    0.0000   22.500016389.2402   16.6495
    0.0000    0.0000   22.500016907.2578   16.6760
    7.5000    0.0000   22.500015298.7461   16.6760
   -7.5000    7.5000   22.500015595.5107   16.6783
    0.0000    7.5000   22.500016236.0137   16.7043
    7.5000    7.5000   22.500014736.6436   16.7010
   -7.5000   15.0000   22.500014701.2871   16.6960
    0.0000   15.0000   22.500015444.1777   16.7176
    7.5000   15.0000   22.500014078.0977   16.7118
   -7.5000   22.5000   22.500013749.7930   16.6762
    0.0000   22.5000   22.500014486.6094   16.6933
    7.5000   22.5000   22.500013309.8984   16.6878
   -7.5000   30.0000   22.500012706.7441   16.4404
    0.0000   30.0000   22.500013358.3398   16.4576
    7.5000   30.0000   22.500012361.3906   16.4547
   -7.5000   37.5000   22.500012084.9258   16.4256
    0.0000   37.5000   22.500012711.6768   16.4478
    7.5000   37.5000   22.500011828.3906   16.4480
   -7.5000   45.0000   22.500010973.6094   16.0719
    0.0000   45.0000   22.500011552.3301   16.0977
    7.5000   45.0000   22.500010796.0078   16.0978
   -7.5000  -45.0000   30.0000 9275.8018   16.8919
    0.0000  -45.0000   30.0000 9555.4014   16.9195
    7.5000  -45.0000   30.0000 8943.0889   16.9177
   -7.5000  -37.5000   30.000010023.2715   16.8420
    0.0000  -37.5000   30.000010342.5342   16.8693
    7.5000  -37.5000   30.0000 9636.9473   16.8649
   -7.5000  -30.0000   30.000011168.9922   16.8044
    0.0000  -30.0000   30.000011585.4004   16.8263
    7.5000  -30.0000   30.000010698.2393   16.8226
   -7.5000  -22.5000   30.000012351.4023   16.7602
    0.0000  -22.5000   30.000013002.5020   16.7765
    7.5000  -22.5000   30.000011881.1914   16.7749
   -7.5000  -15.0000   30.000013502.1895   16.7224
    0.0000  -15.0000   30.000014113.7881   16.7382
    7.5000  -15.0000   30.000012919.7324   16.7388
   -7.5000   -7.5000   30.000014309.4492   16.7132
    0.0000   -7.5000   30.000014720.8359   16.7344
    7.5000   -7.5000   30.000013624.9658   16.7352
   -7.5000    0.0000   30.000014831.7891   16.7313
    0.0000    0.0000   30.000015344.9229   16.7580
    7.5000    0.0000   30.000014244.8965   16.7564
   -7.5000    7.5000   30.000014268.3301   16.7595
    0.0000    7.5000   30.000014955.6904   16.7864
    7.5000    7.5000   30.000013828.8457   16.7824
   -7.5000   15.0000   30.000013579.2520   16.7703
    0.0000   15.0000   30.000014322.3496   16.7921
    7.5000   15.0000   30.000013246.5537   16.7885
   -7.5000   22.5000   30.000012792.3955   16.7429
    0.0000   22.5000   30.000013486.5068   16.7591
    7.5000   22.5000   30.000012508.3916   16.7578
   -7.5000   30.0000   30.000011853.3555   16.5053
    0.0000   30.0000   30.000012483.6328   16.5210
    7.5000   30.0000   30.000011607.7617   16.5216
   -7.5000   37.5000   30.000011270.6543   16.4986
    0.0000   37.5000   30.000011886.2773   16.5196
    7.5000   37.5000   30.000011085.4102   16.5205
   -7.5000   45.0000   30.000010243.7734   16.1509
    0.0000   45.0000   30.000010799.7832   16.1769
    7.5000   45.0000   30.000010106.5322   16.1754
   -7.5000  -45.0000   37.5000 9013.7451   17.1337
    0.0000  -45.0000   37.5000 9272.4316   17.1636
    7.5000  -45.0000   37.5000 8701.0576   17.1696
   -7.5000  -37.5000   37.5000 9668.7959   17.0790
    0.0000  -37.5000   37.5000 9981.6865   17.1081
    7.5000  -37.5000   37.5000 9356.5898   17.1112
   -7.5000  -30.0000   37.500010652.2998   17.0384
    0.0000  -30.0000   37.500011087.9697   17.0614
    7.5000  -30.0000   37.500010400.3652   17.0659
   -7.5000  -22.5000   37.500011661.6416   16.9949
    0.0000  -22.5000   37.500012252.9893   17.0113
    7.5000  -22.5000   37.500011496.8457   17.0198
   -7.5000  -15.0000   37.500012682.6094   16.9589
    0.0000  -15.0000   37.500013177.8154   16.9749
    7.5000  -15.0000   37.500012381.7109   16.9863
   -7.5000   -7.5000   37.500013471.6611   16.9509
    0.0000   -7.5000   37.500013881.4951   16.9737
    7.5000   -7.5000   37.500013069.6426   16.9841
   -7.5000    0.0000   37.500014045.8271   16.9686
    0.0000    0.0000   37.500014603.6895   16.9976
    7.5000    0.0000   37.500013747.8027   17.0036
   -7.5000    7.5000   37.500013611.7598   16.9942
    0.0000    7.5000   37.500014263.5811   17.0230
    7.5000    7.5000   37.500013374.6064   17.0263
   -7.5000   15.0000   37.500013046.7861   17.0034
    0.0000   15.0000   37.500013678.2773   17.0262
    7.5000   15.0000   37.500012817.5566   17.0309
   -7.5000   22.5000   37.500012320.4297   16.9772
    0.0000   22.5000   37.500012943.0635   16.9936
    7.5000   22.5000   37.500012118.7422   17.0023
   -7.5000   30.0000   37.500011429.5244   16.7387
    0.0000   30.0000   37.500012041.7920   16.7546
    7.5000   30.0000   37.500011257.2959   16.7660
   -7.5000   37.5000   37.500010871.8604   16.7335
    0.0000   37.5000   37.500011458.7334   16.7560
    7.5000   37.5000   37.500010752.4951   16.7663
   -7.5000   45.0000   37.5000 9894.4561   16.3802
    0.0000   45.0000   37.500010399.5410   16.4084
    7.5000   45.0000   37.5000 9783.6924   16.4144
   -7.5000  -45.0000   45.0000 8211.2217   17.4015
    0.0000  -45.0000   45.0000 8485.7979   17.4343
    7.5000  -45.0000   45.0000 8032.9927   17.4493
   -7.5000  -37.5000   45.0000 8789.0322   17.3411
    0.0000  -37.5000   45.0000 9122.6514   17.3722
    7.5000  -37.5000   45.0000 8639.7451   17.3830
   -7.5000  -30.0000   45.0000 9671.1855   17.3042
    0.0000  -30.0000   45.000010095.7959   17.3292
    7.5000  -30.0000   45.0000 9607.4980   17.3399
   -7.5000  -22.5000   45.000010597.5508   17.2694
    0.0000  -22.5000   45.000011093.3838   17.2883
    7.5000  -22.5000   45.000010562.0312   17.3029
   -7.5000  -15.0000   45.000011481.2344   17.2371
    0.0000  -15.0000   45.000011927.6650   17.2563
    7.5000  -15.0000   45.000011345.0557   17.2753
   -7.5000   -7.5000   45.000012214.6006   17.2221
    0.0000   -7.5000   45.000012654.6895   17.2485
    7.5000   -7.5000   45.000012010.9834   17.2675
   -7.5000    0.0000   45.000012802.3525   17.2302
    0.0000    0.0000   45.000013343.1523   17.2621
    7.5000    0.0000   45.000012650.7227   17.2770
   -7.5000    7.5000   45.000012470.2637   17.2533
    0.0000    7.5000   45.000013015.3369   17.2839
    7.5000    7.5000   45.000012315.7256   17.2949
   -7.5000   15.0000   45.000011961.1562   17.2679
    0.0000   15.0000   45.000012494.9658   17.2927
    7.5000   15.0000   45.000011808.4463   17.3036
   -7.5000   22.5000   45.000011286.3096   17.2513
    0.0000   22.5000   45.000011826.5410   17.2702
    7.5000   22.5000   45.000011164.3945   17.2850
   -7.5000   30.0000   45.000010510.3838   17.0119
    0.0000   30.0000   45.000011029.9199   17.0309
    7.5000   30.0000   45.000010409.1719   17.0498
   -7.5000   37.5000   45.000010027.1523   16.9985
    0.0000   37.5000   45.000010519.3320   17.0246
    7.5000   37.5000   45.0000 9927.2930   17.0434
   -7.5000   45.0000   45.0000 9111.4727   16.6377
    0.0000   45.0000   45.0000 9541.9854   16.6688
    7.5000   45.0000   45.0000 9036.6953   16.6833

---------------------------------------------------------------------
imgreg_4dfp /opt/freesurfer/average/711-2C_as_mni_average_305 /opt/freesurfer/average/711-2B_as_mni_average_305_mask talsrcimg_g11 none talsrcimg_to_711-2C_as_mni_average_305_t4 4355
---------------------------------------------------------------------

freesurfer imgreg_4dfp.c
/opt/freesurfer/average/711-2C_as_mni_average_305.4dfp.img
       256       256       256         1
  1.000000  1.000000  1.000000
orientation T byte_order littleendian
Reading image: /opt/freesurfer/average/711-2C_as_mni_average_305.4dfp.img
dimensions:      256       256       256
mmppix:       1.0000   -1.0000   -1.0000
center:     128.0000 -129.0000 -129.0000
/opt/freesurfer/average/711-2B_as_mni_average_305_mask.4dfp.img
       256       256       256         1
  1.000000  1.000000  1.000000
orientation T byte_order littleendian
Reading mask: /opt/freesurfer/average/711-2B_as_mni_average_305_mask.4dfp.img (2306576 pixels)
talsrcimg_g11.4dfp.img
       256       256       256         1
  1.000000  1.000000  1.000000
orientation T byte_order littleendian
Reading image: talsrcimg_g11.4dfp.img
dimensions:      256       256       256
mmppix:       1.0000   -1.0000   -1.0000
center:     128.0000 -129.0000 -129.0000
rotation matrix determinant  1.000000
image alignment mode   4355 decimal     1103 hex
   -7.5000  -45.0000  -45.0000 2178.6821   20.7401
    0.0000  -45.0000  -45.0000 2182.1436   20.6953
    7.5000  -45.0000  -45.0000 2167.9009   20.8103
   -7.5000  -37.5000  -45.0000 2247.5659   19.3309
    0.0000  -37.5000  -45.0000 2251.6096   19.2969
    7.5000  -37.5000  -45.0000 2237.8098   19.4059
   -7.5000  -30.0000  -45.0000 2280.2971   18.3253
    0.0000  -30.0000  -45.0000 2289.7073   18.3035
    7.5000  -30.0000  -45.0000 2273.6226   18.4282
   -7.5000  -22.5000  -45.0000 2305.5425   17.6885
    0.0000  -22.5000  -45.0000 2314.4258   17.6694
    7.5000  -22.5000  -45.0000 2301.4390   17.8148
   -7.5000  -15.0000  -45.0000 2327.4917   17.3746
    0.0000  -15.0000  -45.0000 2334.1748   17.3363
    7.5000  -15.0000  -45.0000 2322.0066   17.5364
   -7.5000   -7.5000  -45.0000 2338.3164   17.3613
    0.0000   -7.5000  -45.0000 2353.4324   17.3129
    7.5000   -7.5000  -45.0000 2331.5381   17.4530
   -7.5000    0.0000  -45.0000 2333.2639   17.5753
    0.0000    0.0000  -45.0000 2344.3069   17.4973
    7.5000    0.0000  -45.0000 2319.5750   17.6119
   -7.5000    7.5000  -45.0000 2313.8984   18.0020
    0.0000    7.5000  -45.0000 2323.5977   17.8927
    7.5000    7.5000  -45.0000 2298.5259   17.9786
   -7.5000   15.0000  -45.0000 2273.9937   18.6962
    0.0000   15.0000  -45.0000 2280.9453   18.6137
    7.5000   15.0000  -45.0000 2265.7275   18.6913
   -7.5000   22.5000  -45.0000 2220.4299   19.6622
    0.0000   22.5000  -45.0000 2225.7192   19.5748
    7.5000   22.5000  -45.0000 2209.0051   19.6323
   -7.5000   30.0000  -45.0000 2138.7595   20.9059
    0.0000   30.0000  -45.0000 2141.6230   20.7725
    7.5000   30.0000  -45.0000 2128.7144   20.9412
   -7.5000   37.5000  -45.0000 2047.2030   22.5626
    0.0000   37.5000  -45.0000 2056.3701   22.4461
    7.5000   37.5000  -45.0000 2045.7466   22.7439
   -7.5000   45.0000  -45.0000 1942.1990   24.9579
    0.0000   45.0000  -45.0000 1954.6738   24.7948
    7.5000   45.0000  -45.0000 1947.9934   25.1114
   -7.5000  -45.0000  -37.5000 2254.5808   19.4829
    0.0000  -45.0000  -37.5000 2260.0229   19.4677
    7.5000  -45.0000  -37.5000 2243.1519   19.5659
   -7.5000  -37.5000  -37.5000 2329.1316   18.0785
    0.0000  -37.5000  -37.5000 2332.8252   18.1082
    7.5000  -37.5000  -37.5000 2313.5327   18.1670
   -7.5000  -30.0000  -37.5000 2376.7551   17.1052
    0.0000  -30.0000  -37.5000 2374.9661   17.1346
    7.5000  -30.0000  -37.5000 2354.2708   17.2148
   -7.5000  -22.5000  -37.5000 2403.7292   16.4433
    0.0000  -22.5000  -37.5000 2404.7463   16.4514
    7.5000  -22.5000  -37.5000 2385.8755   16.5791
   -7.5000  -15.0000  -37.5000 2421.5483   16.0407
    0.0000  -15.0000  -37.5000 2424.0674   16.0240
    7.5000  -15.0000  -37.5000 2404.3110   16.2247
   -7.5000   -7.5000  -37.5000 2434.2603   15.9660
    0.0000   -7.5000  -37.5000 2438.0754   15.9303
    7.5000   -7.5000  -37.5000 2417.8799   16.0913
   -7.5000    0.0000  -37.5000 2424.4585   16.1325
    0.0000    0.0000  -37.5000 2432.0391   16.0472
    7.5000    0.0000  -37.5000 2414.6345   16.2025
   -7.5000    7.5000  -37.5000 2409.6934   16.5576
    0.0000    7.5000  -37.5000 2423.8613   16.4763
    7.5000    7.5000  -37.5000 2405.6287   16.5977
   -7.5000   15.0000  -37.5000 2372.4622   17.2734
    0.0000   15.0000  -37.5000 2380.6206   17.1878
    7.5000   15.0000  -37.5000 2367.8987   17.2641
   -7.5000   22.5000  -37.5000 2316.3945   18.1643
    0.0000   22.5000  -37.5000 2317.5146   18.0528
    7.5000   22.5000  -37.5000 2300.7661   18.1152
   -7.5000   30.0000  -37.5000 2236.5605   19.2959
    0.0000   30.0000  -37.5000 2235.3401   19.1655
    7.5000   30.0000  -37.5000 2219.8367   19.2682
   -7.5000   37.5000  -37.5000 2137.3269   20.8015
    0.0000   37.5000  -37.5000 2140.3052   20.6861
    7.5000   37.5000  -37.5000 2137.3022   20.8706
   -7.5000   45.0000  -37.5000 2032.8376   22.9447
    0.0000   45.0000  -37.5000 2039.0706   22.8136
    7.5000   45.0000  -37.5000 2035.0243   23.0436
   -7.5000  -45.0000  -30.0000 2377.4365   19.1214
    0.0000  -45.0000  -30.0000 2375.7913   19.0643
    7.5000  -45.0000  -30.0000 2355.2449   19.0986
   -7.5000  -37.5000  -30.0000 2450.6875   17.6252
    0.0000  -37.5000  -30.0000 2453.4414   17.6089
    7.5000  -37.5000  -30.0000 2426.7627   17.6323
   -7.5000  -30.0000  -30.0000 2504.9265   16.5551
    0.0000  -30.0000  -30.0000 2501.6267   16.5753
    7.5000  -30.0000  -30.0000 2481.0144   16.6317
   -7.5000  -22.5000  -30.0000 2532.9487   15.8228
    0.0000  -22.5000  -30.0000 2535.3752   15.8399
    7.5000  -22.5000  -30.0000 2516.7312   15.9727
   -7.5000  -15.0000  -30.0000 2550.1143   15.4089
    0.0000  -15.0000  -30.0000 2555.2185   15.4139
    7.5000  -15.0000  -30.0000 2540.9893   15.5754
   -7.5000   -7.5000  -30.0000 2568.9912   15.3209
    0.0000   -7.5000  -30.0000 2572.6597   15.2918
    7.5000   -7.5000  -30.0000 2556.6675   15.4164
   -7.5000    0.0000  -30.0000 2560.0820   15.4554
    0.0000    0.0000  -30.0000 2565.6599   15.3904
    7.5000    0.0000  -30.0000 2552.7734   15.5324
   -7.5000    7.5000  -30.0000 2547.4448   15.8751
    0.0000    7.5000  -30.0000 2554.5320   15.7970
    7.5000    7.5000  -30.0000 2538.0256   15.9160
   -7.5000   15.0000  -30.0000 2510.9299   16.5371
    0.0000   15.0000  -30.0000 2518.2510   16.4628
    7.5000   15.0000  -30.0000 2493.3635   16.5363
   -7.5000   22.5000  -30.0000 2451.6414   17.3473
    0.0000   22.5000  -30.0000 2457.1052   17.2926
    7.5000   22.5000  -30.0000 2433.6550   17.3101
   -7.5000   30.0000  -30.0000 2365.4114   18.4015
    0.0000   30.0000  -30.0000 2372.0603   18.3179
    7.5000   30.0000  -30.0000 2352.7629   18.3485
   -7.5000   37.5000  -30.0000 2261.2930   19.8579
    0.0000   37.5000  -30.0000 2271.3625   19.8141
    7.5000   37.5000  -30.0000 2254.2004   19.8634
   -7.5000   45.0000  -30.0000 2151.5886   21.8741
    0.0000   45.0000  -30.0000 2165.8203   21.8626
    7.5000   45.0000  -30.0000 2153.4209   21.9660
   -7.5000  -45.0000  -22.5000 2470.4412   18.5561
    0.0000  -45.0000  -22.5000 2466.7144   18.4705
    7.5000  -45.0000  -22.5000 2435.8269   18.4990
   -7.5000  -37.5000  -22.5000 2547.2551   17.1329
    0.0000  -37.5000  -22.5000 2550.1509   17.0290
    7.5000  -37.5000  -22.5000 2519.4243   17.0576
   -7.5000  -30.0000  -22.5000 2600.9226   15.9375
    0.0000  -30.0000  -22.5000 2603.0510   15.8758
    7.5000  -30.0000  -22.5000 2581.9326   15.9419
   -7.5000  -22.5000  -22.5000 2632.3608   15.1489
    0.0000  -22.5000  -22.5000 2645.2432   15.1379
    7.5000  -22.5000  -22.5000 2627.6643   15.2205
   -7.5000  -15.0000  -22.5000 2658.2544   14.7055
    0.0000  -15.0000  -22.5000 2667.1350   14.7070
    7.5000  -15.0000  -22.5000 2652.7568   14.8072
   -7.5000   -7.5000  -22.5000 2672.4758   14.6333
    0.0000   -7.5000  -22.5000 2676.0723   14.5826
    7.5000   -7.5000  -22.5000 2660.2651   14.6520
   -7.5000    0.0000  -22.5000 2663.7124   14.7434
    0.0000    0.0000  -22.5000 2673.1035   14.6878
    7.5000    0.0000  -22.5000 2658.0259   14.7915
   -7.5000    7.5000  -22.5000 2656.8638   15.1146
    0.0000    7.5000  -22.5000 2661.1597   15.0445
    7.5000    7.5000  -22.5000 2644.9514   15.1581
   -7.5000   15.0000  -22.5000 2617.4141   15.7044
    0.0000   15.0000  -22.5000 2623.4966   15.6151
    7.5000   15.0000  -22.5000 2608.9558   15.7330
   -7.5000   22.5000  -22.5000 2561.0698   16.4471
    0.0000   22.5000  -22.5000 2569.4246   16.3761
    7.5000   22.5000  -22.5000 2553.1416   16.4508
   -7.5000   30.0000  -22.5000 2473.7310   17.4338
    0.0000   30.0000  -22.5000 2485.8555   17.3589
    7.5000   30.0000  -22.5000 2465.8713   17.4667
   -7.5000   37.5000  -22.5000 2360.4631   18.8082
    0.0000   37.5000  -22.5000 2375.7725   18.7453
    7.5000   37.5000  -22.5000 2362.1494   18.8657
   -7.5000   45.0000  -22.5000 2237.3569   20.7511
    0.0000   45.0000  -22.5000 2256.6289   20.6909
    7.5000   45.0000  -22.5000 2245.9856   20.7957
   -7.5000  -45.0000  -15.0000 2519.2578   18.0655
    0.0000  -45.0000  -15.0000 2521.6882   17.9879
    7.5000  -45.0000  -15.0000 2491.3159   18.0012
   -7.5000  -37.5000  -15.0000 2598.9927   16.5746
    0.0000  -37.5000  -15.0000 2606.3872   16.4939
    7.5000  -37.5000  -15.0000 2579.3286   16.5305
   -7.5000  -30.0000  -15.0000 2661.3948   15.3844
    0.0000  -30.0000  -15.0000 2676.2139   15.3034
    7.5000  -30.0000  -15.0000 2655.2273   15.3506
   -7.5000  -22.5000  -15.0000 2696.7212   14.5240
    0.0000  -22.5000  -15.0000 2715.3879   14.4302
    7.5000  -22.5000  -15.0000 2703.3328   14.5398
   -7.5000  -15.0000  -15.0000 2724.3062   14.0153
    0.0000  -15.0000  -15.0000 2739.4001   13.9713
    7.5000  -15.0000  -15.0000 2722.5168   14.0890
   -7.5000   -7.5000  -15.0000 2734.7300   13.8953
    0.0000   -7.5000  -15.0000 2746.8970   13.8283
    7.5000   -7.5000  -15.0000 2736.0884   13.9405
   -7.5000    0.0000  -15.0000 2736.6213   14.0232
    0.0000    0.0000  -15.0000 2746.4470   13.9602
    7.5000    0.0000  -15.0000 2735.6714   14.1012
   -7.5000    7.5000  -15.0000 2729.4607   14.3875
    0.0000    7.5000  -15.0000 2736.7368   14.2987
    7.5000    7.5000  -15.0000 2728.5361   14.4644
   -7.5000   15.0000  -15.0000 2692.9866   14.9237
    0.0000   15.0000  -15.0000 2700.9934   14.8138
    7.5000   15.0000  -15.0000 2697.6567   14.9806
   -7.5000   22.5000  -15.0000 2633.6990   15.6271
    0.0000   22.5000  -15.0000 2643.4263   15.5148
    7.5000   22.5000  -15.0000 2638.5881   15.6704
   -7.5000   30.0000  -15.0000 2547.3789   16.6089
    0.0000   30.0000  -15.0000 2561.2136   16.4907
    7.5000   30.0000  -15.0000 2552.1428   16.6511
   -7.5000   37.5000  -15.0000 2445.2122   17.9595
    0.0000   37.5000  -15.0000 2459.4358   17.8672
    7.5000   37.5000  -15.0000 2443.3540   18.0099
   -7.5000   45.0000  -15.0000 2309.8220   19.8436
    0.0000   45.0000  -15.0000 2328.7017   19.7520
    7.5000   45.0000  -15.0000 2316.9656   19.8485
   -7.5000  -45.0000   -7.5000 2540.0713   17.6177
    0.0000  -45.0000   -7.5000 2544.8367   17.5756
    7.5000  -45.0000   -7.5000 2519.0066   17.5924
   -7.5000  -37.5000   -7.5000 2631.7886   16.1076
    0.0000  -37.5000   -7.5000 2640.2090   16.0510
    7.5000  -37.5000   -7.5000 2618.6064   16.1119
   -7.5000  -30.0000   -7.5000 2703.0334   14.9169
    0.0000  -30.0000   -7.5000 2716.0903   14.8475
    7.5000  -30.0000   -7.5000 2700.1729   14.9172
   -7.5000  -22.5000   -7.5000 2744.8975   14.0143
    0.0000  -22.5000   -7.5000 2763.2842   13.9384
    7.5000  -22.5000   -7.5000 2753.7231   14.0846
   -7.5000  -15.0000   -7.5000 2763.6316   13.4029
    0.0000  -15.0000   -7.5000 2780.9021   13.3590
    7.5000  -15.0000   -7.5000 2773.9172   13.5653
   -7.5000   -7.5000   -7.5000 2782.4075   13.1729
    0.0000   -7.5000   -7.5000 2790.1858   13.1197
    7.5000   -7.5000   -7.5000 2784.7256   13.3545
   -7.5000    0.0000   -7.5000 2787.8911   13.3255
    0.0000    0.0000   -7.5000 2801.2522   13.2457
    7.5000    0.0000   -7.5000 2795.7131   13.4717
   -7.5000    7.5000   -7.5000 2780.8342   13.7179
    0.0000    7.5000   -7.5000 2796.8181   13.6284
    7.5000    7.5000   -7.5000 2796.9917   13.8479
   -7.5000   15.0000   -7.5000 2746.4600   14.2445
    0.0000   15.0000   -7.5000 2758.3467   14.1448
    7.5000   15.0000   -7.5000 2765.8076   14.3588
   -7.5000   22.5000   -7.5000 2688.9961   14.9724
    0.0000   22.5000   -7.5000 2698.3953   14.8181
    7.5000   22.5000   -7.5000 2704.3010   15.0375
   -7.5000   30.0000   -7.5000 2607.8735   15.8944
    0.0000   30.0000   -7.5000 2618.5588   15.7697
    7.5000   30.0000   -7.5000 2610.7639   15.9950
   -7.5000   37.5000   -7.5000 2505.2107   17.2260
    0.0000   37.5000   -7.5000 2524.9097   17.1215
    7.5000   37.5000   -7.5000 2506.4160   17.2975
   -7.5000   45.0000   -7.5000 2368.5352   19.0358
    0.0000   45.0000   -7.5000 2389.1431   18.9502
    7.5000   45.0000   -7.5000 2372.8430   19.0693
   -7.5000  -45.0000    0.0000 2538.6035   17.4033
    0.0000  -45.0000    0.0000 2537.6826   17.3208
    7.5000  -45.0000    0.0000 2522.4348   17.4251
   -7.5000  -37.5000    0.0000 2634.1812   15.8973
    0.0000  -37.5000    0.0000 2638.3677   15.8066
    7.5000  -37.5000    0.0000 2629.4722   15.9050
   -7.5000  -30.0000    0.0000 2712.8081   14.6738
    0.0000  -30.0000    0.0000 2725.6389   14.6406
    7.5000  -30.0000    0.0000 2718.4221   14.7078
   -7.5000  -22.5000    0.0000 2774.5256   13.7811
    0.0000  -22.5000    0.0000 2790.8660   13.7541
    7.5000  -22.5000    0.0000 2784.1721   13.8540
   -7.5000  -15.0000    0.0000 2784.2761   13.0751
    0.0000  -15.0000    0.0000 2801.9600   13.0485
    7.5000  -15.0000    0.0000 2806.8154   13.2901
   -7.5000   -7.5000    0.0000 2793.4646   12.6830
    0.0000   -7.5000    0.0000 2804.3958   12.6718
    7.5000   -7.5000    0.0000 2814.4512   13.0089
   -7.5000    0.0000    0.0000 2806.9114   12.8050
    0.0000    0.0000    0.0000 2818.3684   12.7479
    7.5000    0.0000    0.0000 2831.1497   13.0610
   -7.5000    7.5000    0.0000 2809.1489   13.2371
    0.0000    7.5000    0.0000 2828.4688   13.1565
    7.5000    7.5000    0.0000 2841.9399   13.4398
   -7.5000   15.0000    0.0000 2781.8999   13.7909
    0.0000   15.0000    0.0000 2797.5161   13.7040
    7.5000   15.0000    0.0000 2814.9512   13.9440
   -7.5000   22.5000    0.0000 2728.9473   14.4984
    0.0000   22.5000    0.0000 2737.3264   14.3710
    7.5000   22.5000    0.0000 2754.6646   14.6073
   -7.5000   30.0000    0.0000 2651.0842   15.4323
    0.0000   30.0000    0.0000 2657.8232   15.2905
    7.5000   30.0000    0.0000 2657.3330   15.5303
   -7.5000   37.5000    0.0000 2548.3452   16.7247
    0.0000   37.5000    0.0000 2563.5552   16.6051
    7.5000   37.5000    0.0000 2555.0115   16.8473
   -7.5000   45.0000    0.0000 2410.4294   18.4507
    0.0000   45.0000    0.0000 2429.0505   18.3724
    7.5000   45.0000    0.0000 2419.6299   18.5841
   -7.5000  -45.0000    7.5000 2519.5933   17.4208
    0.0000  -45.0000    7.5000 2520.8896   17.3154
    7.5000  -45.0000    7.5000 2508.6060   17.4053
   -7.5000  -37.5000    7.5000 2623.7236   15.8973
    0.0000  -37.5000    7.5000 2628.6704   15.8294
    7.5000  -37.5000    7.5000 2622.5776   15.8604
   -7.5000  -30.0000    7.5000 2708.0974   14.7013
    0.0000  -30.0000    7.5000 2721.9678   14.6995
    7.5000  -30.0000    7.5000 2722.9065   14.6819
   -7.5000  -22.5000    7.5000 2784.5671   13.8878
    0.0000  -22.5000    7.5000 2803.2271   13.8822
    7.5000  -22.5000    7.5000 2805.3667   13.8311
   -7.5000  -15.0000    7.5000 2819.2400   13.2468
    0.0000  -15.0000    7.5000 2841.7612   13.2783
    7.5000  -15.0000    7.5000 2847.8367   13.2988
   -7.5000   -7.5000    7.5000 2809.4495   12.6887
    0.0000   -7.5000    7.5000 2824.3943   12.7319
    7.5000   -7.5000    7.5000 2854.7476   12.9553
   -7.5000    0.0000    7.5000 2824.7852   12.6453
    0.0000    0.0000    7.5000 2835.9417   12.6310
    7.5000    0.0000    7.5000 2856.9949   12.8943
   -7.5000    7.5000    7.5000 2833.4148   13.0028
    0.0000    7.5000    7.5000 2848.7029   12.9368
    7.5000    7.5000    7.5000 2854.8071   13.1188
   -7.5000   15.0000    7.5000 2813.9294   13.5579
    0.0000   15.0000    7.5000 2819.5632   13.4170
    7.5000   15.0000    7.5000 2831.5435   13.5598
   -7.5000   22.5000    7.5000 2769.4229   14.3025
    0.0000   22.5000    7.5000 2770.4199   14.1019
    7.5000   22.5000    7.5000 2780.0205   14.2392
   -7.5000   30.0000    7.5000 2689.3611   15.2595
    0.0000   30.0000    7.5000 2689.5842   15.0561
    7.5000   30.0000    7.5000 2684.4243   15.2007
   -7.5000   37.5000    7.5000 2585.0549   16.5215
    0.0000   37.5000    7.5000 2597.8596   16.3670
    7.5000   37.5000    7.5000 2588.4092   16.5155
   -7.5000   45.0000    7.5000 2448.3621   18.1722
    0.0000   45.0000    7.5000 2460.5818   18.0854
    7.5000   45.0000    7.5000 2458.1396   18.2071
   -7.5000  -45.0000   15.0000 2475.4812   17.6259
    0.0000  -45.0000   15.0000 2491.9475   17.5670
    7.5000  -45.0000   15.0000 2483.4998   17.6256
   -7.5000  -37.5000   15.0000 2579.0007   16.0453
    0.0000  -37.5000   15.0000 2605.6465   16.0498
    7.5000  -37.5000   15.0000 2603.9387   16.0538
   -7.5000  -30.0000   15.0000 2668.4551   14.9152
    0.0000  -30.0000   15.0000 2709.3337   14.9609
    7.5000  -30.0000   15.0000 2710.1279   14.8823
   -7.5000  -22.5000   15.0000 2765.2290   14.1999
    0.0000  -22.5000   15.0000 2808.0513   14.2459
    7.5000  -22.5000   15.0000 2805.5640   14.0341
   -7.5000  -15.0000   15.0000 2852.0366   13.8262
    0.0000  -15.0000   15.0000 2891.7935   13.8801
    7.5000  -15.0000   15.0000 2860.6541   13.4575
   -7.5000   -7.5000   15.0000 2868.2988   13.2917
    0.0000   -7.5000   15.0000 2892.0850   13.3142
    7.5000   -7.5000   15.0000 2873.5352   13.0592
   -7.5000    0.0000   15.0000 2858.9502   12.8951
    0.0000    0.0000   15.0000 2861.2747   12.8562
    7.5000    0.0000   15.0000 2862.1501   12.8091
   -7.5000    7.5000   15.0000 2851.7891   13.0162
    0.0000    7.5000   15.0000 2852.8174   12.8553
    7.5000    7.5000   15.0000 2850.2769   12.8900
   -7.5000   15.0000   15.0000 2822.3118   13.4871
    0.0000   15.0000   15.0000 2826.3723   13.2925
    7.5000   15.0000   15.0000 2830.5396   13.3695
   -7.5000   22.5000   15.0000 2777.3696   14.1930
    0.0000   22.5000   15.0000 2785.4326   14.0341
    7.5000   22.5000   15.0000 2783.2278   14.1352
   -7.5000   30.0000   15.0000 2701.7908   15.1820
    0.0000   30.0000   15.0000 2707.0845   15.0323
    7.5000   30.0000   15.0000 2695.8979   15.1275
   -7.5000   37.5000   15.0000 2606.9622   16.4529
    0.0000   37.5000   15.0000 2615.3662   16.3500
    7.5000   37.5000   15.0000 2600.5134   16.4401
   -7.5000   45.0000   15.0000 2475.5266   18.1037
    0.0000   45.0000   15.0000 2482.8274   18.0528
    7.5000   45.0000   15.0000 2465.8647   18.1333
   -7.5000  -45.0000   22.5000 2425.3574   18.2045
    0.0000  -45.0000   22.5000 2455.9539   18.1577
    7.5000  -45.0000   22.5000 2460.8928   18.1196
   -7.5000  -37.5000   22.5000 2539.5322   16.7122
    0.0000  -37.5000   22.5000 2574.1326   16.6954
    7.5000  -37.5000   22.5000 2579.8870   16.5547
   -7.5000  -30.0000   22.5000 2655.7751   15.6420
    0.0000  -30.0000   22.5000 2693.3335   15.6340
    7.5000  -30.0000   22.5000 2686.0100   15.3801
   -7.5000  -22.5000   22.5000 2773.9131   14.9143
    0.0000  -22.5000   22.5000 2807.6919   14.9220
    7.5000  -22.5000   22.5000 2784.5544   14.4690
   -7.5000  -15.0000   22.5000 2866.4854   14.3446
    0.0000  -15.0000   22.5000 2902.9849   14.4407
    7.5000  -15.0000   22.5000 2845.0823   13.8297
   -7.5000   -7.5000   22.5000 2893.1179   13.6889
    0.0000   -7.5000   22.5000 2910.2959   13.6672
    7.5000   -7.5000   22.5000 2859.9487   13.2758
   -7.5000    0.0000   22.5000 2894.1423   13.2921
    0.0000    0.0000   22.5000 2888.8850   13.0605
    7.5000    0.0000   22.5000 2856.8494   12.9390
   -7.5000    7.5000   22.5000 2866.9067   13.3238
    0.0000    7.5000   22.5000 2881.4575   13.1341
    7.5000    7.5000   22.5000 2853.5513   13.0948
   -7.5000   15.0000   22.5000 2824.1304   13.7021
    0.0000   15.0000   22.5000 2843.2883   13.5934
    7.5000   15.0000   22.5000 2833.5415   13.6040
   -7.5000   22.5000   22.5000 2772.0667   14.3742
    0.0000   22.5000   22.5000 2782.5085   14.2940
    7.5000   22.5000   22.5000 2777.5740   14.3574
   -7.5000   30.0000   22.5000 2697.3267   15.3112
    0.0000   30.0000   22.5000 2699.4243   15.2029
    7.5000   30.0000   22.5000 2690.5867   15.3048
   -7.5000   37.5000   22.5000 2600.4431   16.5602
    0.0000   37.5000   22.5000 2610.7246   16.4588
    7.5000   37.5000   22.5000 2600.1262   16.6020
   -7.5000   45.0000   22.5000 2473.5388   18.2251
    0.0000   45.0000   22.5000 2484.6187   18.1474
    7.5000   45.0000   22.5000 2473.2397   18.3090
   -7.5000  -45.0000   30.0000 2398.2615   19.2865
    0.0000  -45.0000   30.0000 2424.0315   19.1529
    7.5000  -45.0000   30.0000 2421.6562   18.8991
   -7.5000  -37.5000   30.0000 2521.3440   17.6777
    0.0000  -37.5000   30.0000 2553.1477   17.5967
    7.5000  -37.5000   30.0000 2546.9932   17.2858
   -7.5000  -30.0000   30.0000 2632.9368   16.4583
    0.0000  -30.0000   30.0000 2667.8386   16.3768
    7.5000  -30.0000   30.0000 2653.8416   15.9627
   -7.5000  -22.5000   30.0000 2736.8018   15.4590
    0.0000  -22.5000   30.0000 2765.1567   15.4382
    7.5000  -22.5000   30.0000 2748.5950   14.9802
   -7.5000  -15.0000   30.0000 2818.8066   14.6055
    0.0000  -15.0000   30.0000 2850.3530   14.6716
    7.5000  -15.0000   30.0000 2813.4805   14.2622
   -7.5000   -7.5000   30.0000 2861.1182   13.9143
    0.0000   -7.5000   30.0000 2851.1562   13.6837
    7.5000   -7.5000   30.0000 2838.3220   13.5909
   -7.5000    0.0000   30.0000 2874.1406   13.5361
    0.0000    0.0000   30.0000 2872.4646   13.2791
    7.5000    0.0000   30.0000 2858.1028   13.3073
   -7.5000    7.5000   30.0000 2862.9026   13.6711
    0.0000    7.5000   30.0000 2886.7542   13.5305
    7.5000    7.5000   30.0000 2864.9763   13.5676
   -7.5000   15.0000   30.0000 2824.7656   14.1327
    0.0000   15.0000   30.0000 2851.7925   14.0573
    7.5000   15.0000   30.0000 2837.8567   14.0968
   -7.5000   22.5000   30.0000 2766.2827   14.8317
    0.0000   22.5000   30.0000 2774.6697   14.7693
    7.5000   22.5000   30.0000 2768.1826   14.8420
   -7.5000   30.0000   30.0000 2676.8357   15.7498
    0.0000   30.0000   30.0000 2682.0833   15.6810
    7.5000   30.0000   30.0000 2667.4993   15.7953
   -7.5000   37.5000   30.0000 2580.6265   16.9792
    0.0000   37.5000   30.0000 2595.1438   16.9314
    7.5000   37.5000   30.0000 2579.0603   17.0333
   -7.5000   45.0000   30.0000 2452.2043   18.5687
    0.0000   45.0000   30.0000 2464.0469   18.5592
    7.5000   45.0000   30.0000 2454.2480   18.6664
   -7.5000  -45.0000   37.5000 2370.0044   20.4457
    0.0000  -45.0000   37.5000 2381.4270   20.1502
    7.5000  -45.0000   37.5000 2381.3147   19.9038
   -7.5000  -37.5000   37.5000 2484.8420   18.5819
    0.0000  -37.5000   37.5000 2502.6697   18.3522
    7.5000  -37.5000   37.5000 2504.6338   18.1177
   -7.5000  -30.0000   37.5000 2581.6860   17.0862
    0.0000  -30.0000   37.5000 2607.1433   16.9437
    7.5000  -30.0000   37.5000 2612.4248   16.6899
   -7.5000  -22.5000   37.5000 2673.8245   15.9184
    0.0000  -22.5000   37.5000 2697.6187   15.8844
    7.5000  -22.5000   37.5000 2703.9812   15.6318
   -7.5000  -15.0000   37.5000 2758.3447   15.0841
    0.0000  -15.0000   37.5000 2762.0164   14.8769
    7.5000  -15.0000   37.5000 2764.2229   14.7881
   -7.5000   -7.5000   37.5000 2810.3682   14.3680
    0.0000   -7.5000   37.5000 2794.9016   14.0351
    7.5000   -7.5000   37.5000 2795.7219   14.0696
   -7.5000    0.0000   37.5000 2824.8137   14.0290
    0.0000    0.0000   37.5000 2837.8091   13.8293
    7.5000    0.0000   37.5000 2832.9763   13.8766
   -7.5000    7.5000   37.5000 2826.6838   14.1689
    0.0000    7.5000   37.5000 2853.2383   14.0704
    7.5000    7.5000   37.5000 2839.0876   14.1201
   -7.5000   15.0000   37.5000 2802.2129   14.6532
    0.0000   15.0000   37.5000 2817.9961   14.5552
    7.5000   15.0000   37.5000 2806.7336   14.6545
   -7.5000   22.5000   37.5000 2745.7065   15.3938
    0.0000   22.5000   37.5000 2759.6519   15.2783
    7.5000   22.5000   37.5000 2748.8296   15.4034
   -7.5000   30.0000   37.5000 2652.7649   16.3317
    0.0000   30.0000   37.5000 2669.9792   16.2549
    7.5000   30.0000   37.5000 2649.1719   16.3739
   -7.5000   37.5000   37.5000 2548.7412   17.5429
    0.0000   37.5000   37.5000 2565.2747   17.5172
    7.5000   37.5000   37.5000 2551.9202   17.6452
   -7.5000   45.0000   37.5000 2418.2505   19.1592
    0.0000   45.0000   37.5000 2422.6226   19.1607
    7.5000   45.0000   37.5000 2414.5862   19.2946
   -7.5000  -45.0000   45.0000 2308.1106   21.4722
    0.0000  -45.0000   45.0000 2315.4392   21.0991
    7.5000  -45.0000   45.0000 2330.0222   21.0296
   -7.5000  -37.5000   45.0000 2425.7102   19.3894
    0.0000  -37.5000   45.0000 2437.9680   19.1234
    7.5000  -37.5000   45.0000 2453.4158   19.0498
   -7.5000  -30.0000   45.0000 2517.9849   17.7840
    0.0000  -30.0000   45.0000 2532.8584   17.5504
    7.5000  -30.0000   45.0000 2558.9604   17.5335
   -7.5000  -22.5000   45.0000 2614.0437   16.5629
    0.0000  -22.5000   45.0000 2617.8982   16.3653
    7.5000  -22.5000   45.0000 2642.7976   16.3723
   -7.5000  -15.0000   45.0000 2693.1204   15.7089
    0.0000  -15.0000   45.0000 2685.5183   15.3444
    7.5000  -15.0000   45.0000 2702.0847   15.4355
   -7.5000   -7.5000   45.0000 2740.1743   14.9725
    0.0000   -7.5000   45.0000 2739.4885   14.6750
    7.5000   -7.5000   45.0000 2743.5210   14.7733
   -7.5000    0.0000   45.0000 2762.2886   14.7143
    0.0000    0.0000   45.0000 2777.1887   14.5304
    7.5000    0.0000   45.0000 2778.1426   14.6017
   -7.5000    7.5000   45.0000 2767.5732   14.8728
    0.0000    7.5000   45.0000 2783.0586   14.7398
    7.5000    7.5000   45.0000 2783.1001   14.8166
   -7.5000   15.0000   45.0000 2746.1003   15.3125
    0.0000   15.0000   45.0000 2756.5474   15.1992
    7.5000   15.0000   45.0000 2751.5994   15.3178
   -7.5000   22.5000   45.0000 2691.3289   16.0193
    0.0000   22.5000   45.0000 2707.6829   15.9050
    7.5000   22.5000   45.0000 2697.8225   16.0466
   -7.5000   30.0000   45.0000 2602.9666   16.9877
    0.0000   30.0000   45.0000 2627.1099   16.8832
    7.5000   30.0000   45.0000 2616.3174   17.0194
   -7.5000   37.5000   45.0000 2505.1226   18.2577
    0.0000   37.5000   45.0000 2517.9570   18.1686
    7.5000   37.5000   45.0000 2512.3064   18.3243
   -7.5000   45.0000   45.0000 2370.5112   19.8658
    0.0000   45.0000   45.0000 2376.1663   19.8238
    7.5000   45.0000   45.0000 2371.9490   19.9808

---------------------------------------------------------------------
imgreg_4dfp /opt/freesurfer/average/711-2C_as_mni_average_305 /opt/freesurfer/average/711-2B_as_mni_average_305_mask talsrcimg_g11 none talsrcimg_to_711-2C_as_mni_average_305_t4 1283
---------------------------------------------------------------------

freesurfer imgreg_4dfp.c
/opt/freesurfer/average/711-2C_as_mni_average_305.4dfp.img
       256       256       256         1
  1.000000  1.000000  1.000000
orientation T byte_order littleendian
Reading image: /opt/freesurfer/average/711-2C_as_mni_average_305.4dfp.img
dimensions:      256       256       256
mmppix:       1.0000   -1.0000   -1.0000
center:     128.0000 -129.0000 -129.0000
/opt/freesurfer/average/711-2B_as_mni_average_305_mask.4dfp.img
       256       256       256         1
  1.000000  1.000000  1.000000
orientation T byte_order littleendian
Reading mask: /opt/freesurfer/average/711-2B_as_mni_average_305_mask.4dfp.img (2306576 pixels)
talsrcimg_g11.4dfp.img
       256       256       256         1
  1.000000  1.000000  1.000000
orientation T byte_order littleendian
Reading image: talsrcimg_g11.4dfp.img
dimensions:      256       256       256
mmppix:       1.0000   -1.0000   -1.0000
center:     128.0000 -129.0000 -129.0000
rotation matrix determinant  1.000000
fimgreg.f
image alignment mode   1283 decimal      503 hex
parameters
    0.0000   -7.5000   22.5000    0.0000    0.0000    0.0000
eta,q 0.91775 13.78114
niter,ni,del,rscale     5    3   12.0000    1.2000
parameter  1  0.917651 ->  0.500000 qaram    1.1500
parameter  4  1.516208 ->  0.500000 qaram    1.1500
parameter  5  0.633394 ->  0.500000 qaram    1.1500
parameter  6-21.606274 ->  0.500000 qaram    1.1500
parameters
   -3.4500   -9.3808   19.8585   -3.4500   -3.4500   -3.4500
eta,q 0.92828 13.97155
  0.0848  0.0851  0.0823  0.0773  0.0780  0.0688
  0.0829  0.0829  0.0807  0.0785  0.0767  0.0710
  0.0839  0.0814  0.0805  0.0791  0.0768  0.0738
  0.0884  0.0822  0.0813  0.0806  0.0786  0.0765
  0.0910  0.0859  0.0843  0.0831  0.0820  0.0793
  0.0936  0.0871  0.0895  0.0850  0.0851  0.0820
  0.0984  0.0868  0.0952  0.0876  0.0889  0.0839
niter,ni,del,rscale     7    3   12.0000    1.2000
parameter  4  0.564327 ->  0.500000 qaram    1.3225
parameter  6  1.138664 ->  0.500000 qaram    1.3225
parameters
   -1.4754   -7.8235   19.4371   -7.4175   -4.3515   -7.4175
eta,q 0.94171 14.02223
  0.1055  0.0868  0.0770  0.0660  0.0727  0.0580
  0.0923  0.0779  0.0689  0.0646  0.0665  0.0579
  0.0824  0.0711  0.0657  0.0633  0.0633  0.0601
  0.0717  0.0666  0.0659  0.0656  0.0640  0.0635
  0.0666  0.0660  0.0681  0.0709  0.0660  0.0669
  0.0722  0.0683  0.0728  0.0771  0.0710  0.0716
  0.0837  0.0735  0.0789  0.0806  0.0784  0.0770
niter,ni,del,rscale     7    3   12.0000    1.2000
parameters
   -1.1222   -6.6656   18.6489   -9.5166   -4.5341   -9.1398
eta,q 0.94362 13.98362
  0.0916  0.0824  0.0697  0.0614  0.0707  0.0618
  0.0796  0.0711  0.0603  0.0599  0.0634  0.0585
  0.0674  0.0625  0.0569  0.0573  0.0585  0.0566
  0.0583  0.0579  0.0577  0.0569  0.0569  0.0569
  0.0627  0.0586  0.0618  0.0599  0.0593  0.0597
  0.0763  0.0625  0.0681  0.0657  0.0642  0.0634
  0.0863  0.0687  0.0748  0.0726  0.0724  0.0678
niter,ni,del,rscale     6    3   12.0000    1.2000
parameters
   -0.8947   -5.9411   18.3311  -11.5026   -4.6018   -9.0974
eta,q 0.94334 13.99697
  0.0922  0.0786  0.0733  0.0590  0.0711  0.0648
  0.0773  0.0684  0.0616  0.0591  0.0633  0.0605
  0.0631  0.0602  0.0568  0.0571  0.0586  0.0578
  0.0564  0.0565  0.0564  0.0562  0.0567  0.0567
  0.0641  0.0576  0.0600  0.0575  0.0584  0.0577
  0.0777  0.0623  0.0669  0.0619  0.0636  0.0608
  0.0854  0.0703  0.0745  0.0682  0.0718  0.0644
niter,ni,del,rscale     5    3   12.0000    1.2000
parameters
   -0.8170   -5.2049   17.8634  -13.2190   -4.4933   -9.1261
eta,q 0.94326 13.98889
  0.0913  0.0774  0.0735  0.0586  0.0725  0.0644
  0.0761  0.0681  0.0612  0.0582  0.0647  0.0602
  0.0626  0.0607  0.0561  0.0575  0.0591  0.0576
  0.0567  0.0567  0.0564  0.0559  0.0567  0.0567
  0.0642  0.0574  0.0612  0.0569  0.0589  0.0581
  0.0784  0.0625  0.0684  0.0597  0.0639  0.0608
  0.0871  0.0696  0.0757  0.0656  0.0716  0.0640
niter,ni,del,rscale     4    3   12.0000    1.2000
parameters
   -0.8226   -4.3899   17.4582  -14.5193   -4.4318   -9.2280
eta,q 0.94280 13.96069
  0.0913  0.0758  0.0748  0.0590  0.0742  0.0647
  0.0762  0.0674  0.0625  0.0580  0.0661  0.0604
  0.0627  0.0605  0.0568  0.0580  0.0590  0.0580
  0.0567  0.0567  0.0566  0.0562  0.0572  0.0572
  0.0646  0.0578  0.0620  0.0564  0.0602  0.0579
  0.0796  0.0616  0.0695  0.0591  0.0656  0.0610
  0.0885  0.0681  0.0760  0.0639  0.0732  0.0650
niter,ni,del,rscale     3    3   12.0000    1.2000
parameters
   -0.8272   -3.8657   17.2330  -15.3495   -4.4111   -9.4032
eta,q 0.94215 13.94040
  0.0915  0.0734  0.0765  0.0596  0.0759  0.0649
  0.0769  0.0654  0.0642  0.0582  0.0671  0.0606
  0.0638  0.0595  0.0582  0.0585  0.0591  0.0586
  0.0572  0.0572  0.0573  0.0571  0.0578  0.0578
  0.0646  0.0587  0.0621  0.0563  0.0614  0.0583
  0.0799  0.0621  0.0695  0.0586  0.0669  0.0615
  0.0895  0.0685  0.0760  0.0628  0.0749  0.0655
niter,ni,del,rscale     2    3   12.0000    1.2000
parameters
   -0.8102   -3.6901   17.1739  -15.4743   -4.4397   -9.3888
eta,q 0.94202 13.92626
  0.0921  0.0718  0.0779  0.0607  0.0760  0.0655
  0.0779  0.0638  0.0655  0.0582  0.0670  0.0609
  0.0647  0.0590  0.0593  0.0585  0.0591  0.0588
  0.0578  0.0578  0.0579  0.0579  0.0580  0.0580
  0.0650  0.0599  0.0619  0.0565  0.0617  0.0583
  0.0802  0.0632  0.0691  0.0581  0.0673  0.0613
  0.0900  0.0696  0.0757  0.0618  0.0754  0.0653
niter,ni,del,rscale     1    3   12.0000    1.2000
parameters
   -0.7849   -3.6552   17.1586  -15.5011   -4.4726   -9.3899
eta,q 0.94202 13.92423
  0.0921  0.0711  0.0783  0.0608  0.0760  0.0655
  0.0781  0.0633  0.0658  0.0582  0.0671  0.0609
  0.0649  0.0588  0.0594  0.0585  0.0591  0.0588
  0.0580  0.0580  0.0580  0.0580  0.0580  0.0580
  0.0652  0.0601  0.0618  0.0565  0.0617  0.0583
  0.0802  0.0636  0.0690  0.0580  0.0674  0.0614
  0.0899  0.0701  0.0756  0.0617  0.0754  0.0653
registration optimization eta report
parameter search radius
    6.9000    6.0000    6.0000    7.9350    6.9000    7.9350
100000*second partial in parameter space
       65.       35.       52.        6.       37.       12.
  0.0921  0.0711  0.0783  0.0608  0.0760  0.0655
  0.0781  0.0633  0.0658  0.0582  0.0671  0.0609
  0.0649  0.0588  0.0594  0.0585  0.0591  0.0588
  0.0580  0.0580  0.0580  0.0580  0.0580  0.0580
  0.0652  0.0601  0.0618  0.0565  0.0617  0.0583
  0.0802  0.0636  0.0690  0.0580  0.0674  0.0614
  0.0899  0.0701  0.0756  0.0617  0.0754  0.0653
   -0.7849   -3.6552   17.1586  -15.5011   -4.4726   -9.3899
eta,q 0.94202 13.92423

---------------------------------------------------------------------
imgreg_4dfp /opt/freesurfer/average/711-2C_as_mni_average_305 /opt/freesurfer/average/711-2B_as_mni_average_305_mask talsrcimg_g11 none talsrcimg_to_711-2C_as_mni_average_305_t4 3335
---------------------------------------------------------------------

freesurfer imgreg_4dfp.c
/opt/freesurfer/average/711-2C_as_mni_average_305.4dfp.img
       256       256       256         1
  1.000000  1.000000  1.000000
orientation T byte_order littleendian
Reading image: /opt/freesurfer/average/711-2C_as_mni_average_305.4dfp.img
dimensions:      256       256       256
mmppix:       1.0000   -1.0000   -1.0000
center:     128.0000 -129.0000 -129.0000
/opt/freesurfer/average/711-2B_as_mni_average_305_mask.4dfp.img
       256       256       256         1
  1.000000  1.000000  1.000000
orientation T byte_order littleendian
Reading mask: /opt/freesurfer/average/711-2B_as_mni_average_305_mask.4dfp.img (2306576 pixels)
talsrcimg_g11.4dfp.img
       256       256       256         1
  1.000000  1.000000  1.000000
orientation T byte_order littleendian
Reading image: talsrcimg_g11.4dfp.img
dimensions:      256       256       256
mmppix:       1.0000   -1.0000   -1.0000
center:     128.0000 -129.0000 -129.0000
fimgreg.f
image alignment mode   3335 decimal      D07 hex
parameters
   -0.7849   -3.6552   17.1586   -1.6403   -4.5886   -3.9309
   13.6655   11.7742  -16.2654   25.1416   -7.7982  -26.6443
eta,q 0.94224 13.97679
niter,ni,del,rscale     5    3    5.0000    1.2000
parameter  4  1.422327 ->  0.500000 qaram    1.1500
parameter  5  1.567330 ->  0.500000 qaram    1.1500
parameter 12 -0.915403 -> -0.500000 qaram    1.1500
parameters
   -0.6554   -3.9384   17.2244   -5.7803   -8.7286   -6.3718
   11.9703   11.6105  -12.9642   21.9668   -6.7725  -22.5043
eta,q 0.96674 14.14610
  0.0646  0.0602  0.0615  0.0434  0.0340  0.0387  0.0396  0.0442  0.0432  0.0357  0.0367  0.0401
  0.0610  0.0587  0.0593  0.0452  0.0355  0.0374  0.0374  0.0400  0.0401  0.0349  0.0356  0.0378
  0.0586  0.0578  0.0581  0.0496  0.0394  0.0363  0.0362  0.0372  0.0377  0.0347  0.0350  0.0360
  0.0578  0.0578  0.0577  0.0577  0.0461  0.0363  0.0364  0.0361  0.0361  0.0354  0.0347  0.0346
  0.0584  0.0584  0.0581  0.0680  0.0547  0.0388  0.0381  0.0369  0.0354  0.0369  0.0347  0.0337
  0.0602  0.0597  0.0593  0.0787  0.0637  0.0445  0.0412  0.0400  0.0356  0.0392  0.0350  0.0332
  0.0631  0.0616  0.0610  0.0890  0.0710  0.0532  0.0454  0.0456  0.0365  0.0428  0.0358  0.0330
niter,ni,del,rscale     7    3    5.0000    1.2000
parameter  2 -1.106058 -> -0.500000 qaram    1.1500
parameter  3  0.688613 ->  0.500000 qaram    1.1500
parameter  5  0.601877 ->  0.500000 qaram    1.3225
parameters
   -0.5365   -2.5584   15.8444   -9.6908  -13.4896   -5.3870
   11.5104   11.1614  -12.4407   21.3529   -8.2873  -24.4674
eta,q 0.97458 13.86431
  0.0386  0.0431  0.0295  0.0295  0.0266  0.0301  0.0282  0.0304  0.0278  0.0284  0.0261  0.0267
  0.0358  0.0394  0.0294  0.0287  0.0261  0.0286  0.0268  0.0280  0.0266  0.0270  0.0258  0.0257
  0.0340  0.0361  0.0296  0.0284  0.0262  0.0273  0.0259  0.0263  0.0259  0.0260  0.0257  0.0254
  0.0333  0.0333  0.0302  0.0294  0.0284  0.0260  0.0256  0.0256  0.0256  0.0256  0.0257  0.0256
  0.0337  0.0312  0.0311  0.0338  0.0342  0.0250  0.0258  0.0261  0.0257  0.0260  0.0258  0.0262
  0.0351  0.0299  0.0325  0.0427  0.0429  0.0258  0.0271  0.0283  0.0262  0.0275  0.0262  0.0270
  0.0377  0.0297  0.0342  0.0539  0.0518  0.0294  0.0293  0.0326  0.0273  0.0300  0.0268  0.0281
niter,ni,del,rscale     7    3    5.0000    1.2000
parameter  2 -1.349265 -> -0.500000 qaram    1.3225
parameters
   -0.0680   -0.9714   15.1465  -10.9967  -16.7596   -5.5012
   10.8383   11.9386  -12.8231   23.8181   -8.6605  -27.9773
eta,q 0.97932 13.74582
  0.0297  0.0361  0.0224  0.0249  0.0246  0.0246  0.0242  0.0275  0.0236  0.0264  0.0217  0.0213
  0.0276  0.0321  0.0215  0.0233  0.0229  0.0234  0.0229  0.0246  0.0225  0.0243  0.0213  0.0208
  0.0262  0.0284  0.0212  0.0221  0.0217  0.0225  0.0220  0.0227  0.0218  0.0228  0.0211  0.0207
  0.0254  0.0253  0.0214  0.0212  0.0216  0.0217  0.0217  0.0218  0.0216  0.0216  0.0210  0.0210
  0.0253  0.0228  0.0220  0.0214  0.0246  0.0208  0.0221  0.0216  0.0220  0.0210  0.0211  0.0217
  0.0259  0.0210  0.0229  0.0243  0.0326  0.0219  0.0234  0.0228  0.0228  0.0212  0.0214  0.0226
  0.0273  0.0204  0.0243  0.0316  0.0431  0.0266  0.0256  0.0257  0.0241  0.0227  0.0220  0.0238
niter,ni,del,rscale     7    3    5.0000    1.2000
parameter  2 -0.754273 -> -0.500000 qaram    1.5209
parameters
    0.2234    0.8536   15.0609  -10.9252  -18.8463   -5.7240
   10.3717   12.2337  -13.0004   25.0515   -9.2145  -29.3529
eta,q 0.98176 13.69198
  0.0248  0.0320  0.0200  0.0225  0.0236  0.0222  0.0214  0.0244  0.0209  0.0231  0.0191  0.0199
  0.0227  0.0276  0.0186  0.0206  0.0211  0.0207  0.0199  0.0212  0.0196  0.0208  0.0187  0.0185
  0.0213  0.0238  0.0179  0.0190  0.0190  0.0195  0.0189  0.0194  0.0188  0.0193  0.0185  0.0182
  0.0207  0.0206  0.0178  0.0178  0.0178  0.0184  0.0185  0.0186  0.0185  0.0185  0.0184  0.0184
  0.0208  0.0185  0.0181  0.0172  0.0194  0.0175  0.0189  0.0187  0.0188  0.0184  0.0185  0.0190
  0.0216  0.0177  0.0189  0.0185  0.0263  0.0191  0.0202  0.0203  0.0197  0.0191  0.0188  0.0198
  0.0232  0.0186  0.0202  0.0242  0.0374  0.0249  0.0227  0.0237  0.0212  0.0208  0.0193  0.0209
niter,ni,del,rscale     7    3    5.0000    1.2000
parameters
    0.3136    1.3861   14.9197  -10.6119  -19.7665   -5.9665
   10.1754   12.4295  -13.1152   25.5827   -9.0948  -30.0322
eta,q 0.98161 13.67566
  0.0220  0.0272  0.0200  0.0227  0.0250  0.0224  0.0216  0.0245  0.0208  0.0223  0.0194  0.0205
  0.0200  0.0230  0.0187  0.0208  0.0223  0.0209  0.0200  0.0210  0.0195  0.0202  0.0188  0.0188
  0.0188  0.0199  0.0181  0.0192  0.0198  0.0196  0.0190  0.0192  0.0188  0.0189  0.0186  0.0183
  0.0182  0.0182  0.0180  0.0180  0.0178  0.0183  0.0185  0.0185  0.0185  0.0185  0.0185  0.0185
  0.0185  0.0182  0.0183  0.0172  0.0177  0.0173  0.0187  0.0188  0.0187  0.0187  0.0186  0.0190
  0.0196  0.0199  0.0191  0.0183  0.0223  0.0193  0.0199  0.0205  0.0196  0.0195  0.0188  0.0197
  0.0216  0.0235  0.0203  0.0237  0.0323  0.0255  0.0223  0.0240  0.0209  0.0213  0.0193  0.0207
niter,ni,del,rscale     6    3    5.0000    1.2000
parameters
    0.3303    1.5361   14.8505  -10.4815  -20.0167   -6.0975
   10.1446   12.4557  -13.1876   25.7882   -8.9267  -30.1982
eta,q 0.98148 13.67247
  0.0219  0.0255  0.0204  0.0229  0.0257  0.0227  0.0217  0.0243  0.0208  0.0220  0.0195  0.0210
  0.0200  0.0219  0.0192  0.0211  0.0230  0.0211  0.0201  0.0210  0.0196  0.0200  0.0189  0.0191
  0.0188  0.0194  0.0185  0.0196  0.0205  0.0197  0.0191  0.0192  0.0188  0.0188  0.0186  0.0185
  0.0184  0.0184  0.0184  0.0184  0.0183  0.0185  0.0185  0.0185  0.0185  0.0185  0.0185  0.0185
  0.0187  0.0189  0.0186  0.0176  0.0174  0.0174  0.0187  0.0189  0.0188  0.0188  0.0186  0.0190
  0.0198  0.0209  0.0194  0.0188  0.0208  0.0192  0.0198  0.0207  0.0196  0.0197  0.0189  0.0197
  0.0219  0.0246  0.0205  0.0245  0.0298  0.0254  0.0221  0.0244  0.0209  0.0216  0.0193  0.0207
niter,ni,del,rscale     5    3    5.0000    1.2000
parameters
    0.3353    1.5817   14.8211  -10.4419  -20.0499   -6.1376
   10.1418   12.4395  -13.2197   25.8461   -8.8716  -30.2092
eta,q 0.98146 13.67327
  0.0220  0.0251  0.0205  0.0229  0.0260  0.0228  0.0217  0.0243  0.0208  0.0218  0.0195  0.0211
  0.0201  0.0216  0.0193  0.0212  0.0233  0.0212  0.0202  0.0209  0.0196  0.0199  0.0189  0.0192
  0.0189  0.0194  0.0187  0.0197  0.0207  0.0198  0.0191  0.0192  0.0188  0.0188  0.0186  0.0185
  0.0185  0.0185  0.0185  0.0185  0.0185  0.0185  0.0185  0.0185  0.0185  0.0185  0.0185  0.0185
  0.0188  0.0191  0.0188  0.0177  0.0175  0.0174  0.0187  0.0189  0.0188  0.0189  0.0187  0.0190
  0.0200  0.0212  0.0195  0.0191  0.0204  0.0191  0.0198  0.0208  0.0196  0.0198  0.0190  0.0197
  0.0220  0.0250  0.0206  0.0248  0.0292  0.0252  0.0221  0.0246  0.0209  0.0217  0.0194  0.0206
niter,ni,del,rscale     4    3    5.0000    1.2000
parameters
    0.3352    1.5888   14.8129  -10.4317  -20.0447   -6.1411
   10.1425   12.4314  -13.2276   25.8502   -8.8541  -30.2002
eta,q 0.98146 13.67399
  0.0220  0.0250  0.0206  0.0230  0.0260  0.0228  0.0217  0.0243  0.0208  0.0218  0.0195  0.0212
  0.0201  0.0216  0.0194  0.0212  0.0233  0.0212  0.0201  0.0210  0.0196  0.0198  0.0189  0.0192
  0.0190  0.0193  0.0187  0.0197  0.0208  0.0198  0.0191  0.0192  0.0188  0.0188  0.0186  0.0185
  0.0185  0.0185  0.0185  0.0185  0.0185  0.0185  0.0185  0.0185  0.0185  0.0185  0.0185  0.0185
  0.0189  0.0192  0.0188  0.0178  0.0175  0.0174  0.0187  0.0189  0.0188  0.0189  0.0187  0.0190
  0.0200  0.0213  0.0194  0.0191  0.0204  0.0191  0.0198  0.0208  0.0196  0.0198  0.0190  0.0197
  0.0221  0.0251  0.0205  0.0249  0.0291  0.0251  0.0221  0.0246  0.0209  0.0218  0.0194  0.0206
registration optimization eta report
parameter search radius
    2.4000    3.6501    2.7600    8.2800    9.5220    7.2000
    7.2000    7.2000    7.2000    7.2000    7.2000    8.2800
100000*second partial in parameter space
       61.       49.       26.        8.       10.       11.
        7.       12.        4.        6.        2.        3.
  0.0220  0.0250  0.0206  0.0230  0.0260  0.0228  0.0217  0.0243  0.0208  0.0218  0.0195  0.0212
  0.0201  0.0216  0.0194  0.0212  0.0233  0.0212  0.0201  0.0210  0.0196  0.0198  0.0189  0.0192
  0.0190  0.0193  0.0187  0.0197  0.0208  0.0198  0.0191  0.0192  0.0188  0.0188  0.0186  0.0185
  0.0185  0.0185  0.0185  0.0185  0.0185  0.0185  0.0185  0.0185  0.0185  0.0185  0.0185  0.0185
  0.0189  0.0192  0.0188  0.0178  0.0175  0.0174  0.0187  0.0189  0.0188  0.0189  0.0187  0.0190
  0.0200  0.0213  0.0194  0.0191  0.0204  0.0191  0.0198  0.0208  0.0196  0.0198  0.0190  0.0197
  0.0221  0.0251  0.0205  0.0249  0.0291  0.0251  0.0221  0.0246  0.0209  0.0218  0.0194  0.0206
    0.3352    1.5888   14.8129  -10.4317  -20.0447   -6.1411
   10.1425   12.4314  -13.2276   25.8502   -8.8541  -30.2002
eta,q 0.98146 13.67399

---------------------------------------------------------------------
imgreg_4dfp /opt/freesurfer/average/711-2C_as_mni_average_305 /opt/freesurfer/average/711-2B_as_mni_average_305_mask talsrcimg_g11 none talsrcimg_to_711-2C_as_mni_average_305_t4 2311
---------------------------------------------------------------------

freesurfer imgreg_4dfp.c
/opt/freesurfer/average/711-2C_as_mni_average_305.4dfp.img
       256       256       256         1
  1.000000  1.000000  1.000000
orientation T byte_order littleendian
Reading image: /opt/freesurfer/average/711-2C_as_mni_average_305.4dfp.img
dimensions:      256       256       256
mmppix:       1.0000   -1.0000   -1.0000
center:     128.0000 -129.0000 -129.0000
/opt/freesurfer/average/711-2B_as_mni_average_305_mask.4dfp.img
       256       256       256         1
  1.000000  1.000000  1.000000
orientation T byte_order littleendian
Reading mask: /opt/freesurfer/average/711-2B_as_mni_average_305_mask.4dfp.img (2306576 pixels)
talsrcimg_g11.4dfp.img
       256       256       256         1
  1.000000  1.000000  1.000000
orientation T byte_order littleendian
Reading image: talsrcimg_g11.4dfp.img
dimensions:      256       256       256
mmppix:       1.0000   -1.0000   -1.0000
center:     128.0000 -129.0000 -129.0000
fimgreg.f
image alignment mode   2311 decimal      907 hex
parameters
    0.3352    1.5888   14.8129  -10.4317  -20.0447   -6.1411
   10.1425   12.4314  -13.2276   25.8502   -8.8541  -30.2002
eta,q 0.98146 13.67399
niter,ni,del,rscale     5    3    5.0000    0.8000
parameter  4 -0.578818 -> -0.500000 qaram    1.1500
parameters
    0.3668    1.6334   14.7895   -7.6717  -18.2801   -5.7880
    9.3662   12.5652  -13.2933   26.6617   -8.7234  -29.5554
eta,q 0.98315 13.89688
  0.0201  0.0199  0.0192  0.0208  0.0213  0.0199  0.0188  0.0213  0.0188  0.0197  0.0179  0.0184
  0.0193  0.0191  0.0188  0.0199  0.0200  0.0189  0.0176  0.0189  0.0177  0.0182  0.0173  0.0174
  0.0187  0.0187  0.0186  0.0192  0.0188  0.0180  0.0170  0.0175  0.0170  0.0173  0.0169  0.0170
  0.0185  0.0185  0.0185  0.0185  0.0178  0.0171  0.0169  0.0169  0.0169  0.0169  0.0168  0.0168
  0.0187  0.0187  0.0186  0.0180  0.0171  0.0165  0.0175  0.0172  0.0171  0.0169  0.0170  0.0169
  0.0192  0.0191  0.0188  0.0178  0.0173  0.0171  0.0188  0.0185  0.0178  0.0173  0.0173  0.0172
  0.0200  0.0197  0.0192  0.0185  0.0186  0.0202  0.0207  0.0209  0.0188  0.0183  0.0177  0.0176
niter,ni,del,rscale     5    3    5.0000    0.8000
parameters
    0.1509    1.3997   14.8676   -8.8136  -17.7512   -5.2078
   10.0166   12.3403  -13.4229   26.2102   -8.9852  -29.1097
eta,q 0.98353 13.89208
  0.0186  0.0180  0.0179  0.0189  0.0201  0.0200  0.0192  0.0200  0.0180  0.0184  0.0173  0.0180
  0.0175  0.0173  0.0173  0.0181  0.0190  0.0189  0.0179  0.0179  0.0171  0.0173  0.0167  0.0170
  0.0169  0.0169  0.0169  0.0173  0.0179  0.0179  0.0170  0.0168  0.0166  0.0166  0.0165  0.0166
  0.0169  0.0168  0.0168  0.0168  0.0171  0.0169  0.0165  0.0165  0.0165  0.0165  0.0165  0.0164
  0.0173  0.0172  0.0169  0.0172  0.0167  0.0162  0.0165  0.0169  0.0167  0.0168  0.0166  0.0166
  0.0183  0.0179  0.0172  0.0195  0.0174  0.0168  0.0170  0.0183  0.0173  0.0177  0.0169  0.0169
  0.0199  0.0192  0.0177  0.0242  0.0196  0.0197  0.0182  0.0208  0.0182  0.0194  0.0174  0.0173
niter,ni,del,rscale     4    3    5.0000    0.7000
parameters
    0.1749    1.3358   14.9021   -9.0041  -17.5872   -4.8931
   10.0435   12.3927  -13.4123   26.0906   -9.2180  -29.0416
eta,q 0.98369 13.89628
  0.0181  0.0177  0.0173  0.0186  0.0190  0.0191  0.0180  0.0193  0.0176  0.0181  0.0170  0.0173
  0.0172  0.0170  0.0168  0.0178  0.0180  0.0182  0.0172  0.0177  0.0169  0.0171  0.0165  0.0166
  0.0167  0.0166  0.0166  0.0171  0.0171  0.0173  0.0166  0.0167  0.0165  0.0165  0.0163  0.0163
  0.0165  0.0165  0.0165  0.0165  0.0165  0.0165  0.0163  0.0163  0.0163  0.0163  0.0163  0.0163
  0.0166  0.0166  0.0166  0.0164  0.0164  0.0160  0.0164  0.0166  0.0165  0.0165  0.0164  0.0165
  0.0171  0.0172  0.0168  0.0173  0.0172  0.0168  0.0170  0.0175  0.0169  0.0172  0.0167  0.0167
  0.0180  0.0180  0.0172  0.0198  0.0191  0.0192  0.0181  0.0192  0.0176  0.0184  0.0171  0.0171
niter,ni,del,rscale     3    3    5.0000    0.6000
parameters
    0.1842    1.3142   14.9408   -8.8176  -17.4811   -4.6716
    9.9870   12.4524  -13.4389   26.1128   -9.3030  -29.0174
eta,q 0.98385 13.91143
  0.0175  0.0173  0.0170  0.0181  0.0182  0.0184  0.0174  0.0186  0.0171  0.0176  0.0167  0.0169
  0.0169  0.0168  0.0166  0.0174  0.0174  0.0177  0.0168  0.0172  0.0166  0.0169  0.0164  0.0164
  0.0165  0.0164  0.0164  0.0168  0.0167  0.0169  0.0163  0.0164  0.0163  0.0164  0.0162  0.0162
  0.0163  0.0163  0.0163  0.0163  0.0163  0.0162  0.0161  0.0162  0.0161  0.0161  0.0161  0.0161
  0.0164  0.0164  0.0164  0.0162  0.0162  0.0160  0.0163  0.0164  0.0163  0.0163  0.0162  0.0163
  0.0168  0.0168  0.0166  0.0167  0.0169  0.0166  0.0167  0.0171  0.0166  0.0168  0.0165  0.0165
  0.0175  0.0175  0.0169  0.0183  0.0184  0.0186  0.0176  0.0184  0.0172  0.0177  0.0167  0.0168
niter,ni,del,rscale     2    3    5.0000    0.5000
parameters
    0.1723    1.3008   14.9914   -8.5887  -17.3600   -4.4616
    9.9549   12.4606  -13.4644   26.1354   -9.3214  -28.9514
eta,q 0.98399 13.92598
  0.0170  0.0169  0.0167  0.0175  0.0176  0.0178  0.0170  0.0178  0.0167  0.0171  0.0165  0.0166
  0.0165  0.0165  0.0164  0.0170  0.0170  0.0172  0.0165  0.0168  0.0163  0.0166  0.0162  0.0162
  0.0162  0.0162  0.0162  0.0165  0.0164  0.0166  0.0161  0.0162  0.0161  0.0162  0.0160  0.0160
  0.0161  0.0161  0.0162  0.0161  0.0161  0.0161  0.0160  0.0160  0.0160  0.0160  0.0160  0.0160
  0.0162  0.0162  0.0162  0.0160  0.0161  0.0159  0.0161  0.0162  0.0161  0.0161  0.0161  0.0161
  0.0165  0.0165  0.0163  0.0164  0.0166  0.0164  0.0165  0.0168  0.0163  0.0165  0.0162  0.0162
  0.0170  0.0170  0.0166  0.0175  0.0176  0.0178  0.0171  0.0178  0.0168  0.0172  0.0165  0.0165
niter,ni,del,rscale     1    3    5.0000    0.4000
parameters
    0.1542    1.2817   15.0506   -8.3993  -17.2435   -4.2596
    9.9332   12.4436  -13.4729   26.1209   -9.3229  -28.8707
eta,q 0.98409 13.93679
  0.0166  0.0165  0.0164  0.0170  0.0170  0.0173  0.0166  0.0171  0.0164  0.0167  0.0163  0.0163
  0.0163  0.0162  0.0162  0.0166  0.0165  0.0168  0.0162  0.0164  0.0161  0.0163  0.0161  0.0161
  0.0161  0.0161  0.0161  0.0162  0.0162  0.0163  0.0160  0.0160  0.0160  0.0160  0.0159  0.0159
  0.0160  0.0160  0.0160  0.0160  0.0160  0.0160  0.0159  0.0159  0.0159  0.0159  0.0159  0.0159
  0.0161  0.0161  0.0160  0.0160  0.0160  0.0159  0.0160  0.0160  0.0160  0.0160  0.0160  0.0160
  0.0163  0.0163  0.0161  0.0162  0.0163  0.0162  0.0162  0.0165  0.0161  0.0163  0.0161  0.0161
  0.0166  0.0166  0.0163  0.0169  0.0169  0.0171  0.0166  0.0171  0.0164  0.0167  0.0162  0.0162
registration optimization eta report
parameter search radius
    0.8000    0.8000    0.8000    2.7600    2.4000    2.4000
    2.4000    2.4000    2.4000    2.4000    2.4000    2.4000
100000*second partial in parameter space
       91.       82.       53.       12.       17.       21.
       12.       21.        9.       14.        6.        6.
  0.0166  0.0165  0.0164  0.0170  0.0170  0.0173  0.0166  0.0171  0.0164  0.0167  0.0163  0.0163
  0.0163  0.0162  0.0162  0.0166  0.0165  0.0168  0.0162  0.0164  0.0161  0.0163  0.0161  0.0161
  0.0161  0.0161  0.0161  0.0162  0.0162  0.0163  0.0160  0.0160  0.0160  0.0160  0.0159  0.0159
  0.0160  0.0160  0.0160  0.0160  0.0160  0.0160  0.0159  0.0159  0.0159  0.0159  0.0159  0.0159
  0.0161  0.0161  0.0160  0.0160  0.0160  0.0159  0.0160  0.0160  0.0160  0.0160  0.0160  0.0160
  0.0163  0.0163  0.0161  0.0162  0.0163  0.0162  0.0162  0.0165  0.0161  0.0163  0.0161  0.0161
  0.0166  0.0166  0.0163  0.0169  0.0169  0.0171  0.0166  0.0171  0.0164  0.0167  0.0162  0.0162
    0.1542    1.2817   15.0506   -8.3993  -17.2435   -4.2596
    9.9332   12.4436  -13.4729   26.1209   -9.3229  -28.8707
eta,q 0.98409 13.93679

---------------------------------------------------------------------
imgreg_4dfp /opt/freesurfer/average/711-2C_as_mni_average_305 /opt/freesurfer/average/711-2B_as_mni_average_305_mask talsrcimg_g11 none talsrcimg_to_711-2C_as_mni_average_305_t4 2311
---------------------------------------------------------------------

freesurfer imgreg_4dfp.c
/opt/freesurfer/average/711-2C_as_mni_average_305.4dfp.img
       256       256       256         1
  1.000000  1.000000  1.000000
orientation T byte_order littleendian
Reading image: /opt/freesurfer/average/711-2C_as_mni_average_305.4dfp.img
dimensions:      256       256       256
mmppix:       1.0000   -1.0000   -1.0000
center:     128.0000 -129.0000 -129.0000
/opt/freesurfer/average/711-2B_as_mni_average_305_mask.4dfp.img
       256       256       256         1
  1.000000  1.000000  1.000000
orientation T byte_order littleendian
Reading mask: /opt/freesurfer/average/711-2B_as_mni_average_305_mask.4dfp.img (2306576 pixels)
talsrcimg_g11.4dfp.img
       256       256       256         1
  1.000000  1.000000  1.000000
orientation T byte_order littleendian
Reading image: talsrcimg_g11.4dfp.img
dimensions:      256       256       256
mmppix:       1.0000   -1.0000   -1.0000
center:     128.0000 -129.0000 -129.0000
fimgreg.f
image alignment mode   2311 decimal      907 hex
parameters
    0.1542    1.2817   15.0506   -8.3993  -17.2435   -4.2596
    9.9332   12.4436  -13.4729   26.1209   -9.3229  -28.8707
eta,q 0.98409 13.93678
niter,ni,del,rscale     5    3    5.0000    0.8000
parameters
    0.1182    1.1971   15.1776   -9.1460  -17.7166   -4.8568
   10.2175   12.4014  -13.3874   25.7610   -9.3191  -28.9640
eta,q 0.98355 13.88006
  0.0183  0.0178  0.0177  0.0179  0.0187  0.0191  0.0187  0.0200  0.0180  0.0184  0.0173  0.0175
  0.0169  0.0168  0.0167  0.0171  0.0176  0.0181  0.0176  0.0180  0.0171  0.0173  0.0168  0.0168
  0.0162  0.0161  0.0161  0.0164  0.0167  0.0170  0.0168  0.0168  0.0166  0.0167  0.0165  0.0165
  0.0159  0.0159  0.0159  0.0159  0.0161  0.0162  0.0165  0.0164  0.0164  0.0164  0.0165  0.0165
  0.0162  0.0162  0.0160  0.0161  0.0163  0.0163  0.0165  0.0168  0.0166  0.0167  0.0166  0.0166
  0.0171  0.0170  0.0165  0.0176  0.0178  0.0185  0.0171  0.0180  0.0171  0.0176  0.0168  0.0170
  0.0185  0.0184  0.0171  0.0210  0.0210  0.0226  0.0183  0.0202  0.0179  0.0193  0.0172  0.0175
niter,ni,del,rscale     4    3    5.0000    0.7000
parameters
    0.1985    1.3114   14.9673   -8.8718  -17.7263   -4.8882
   10.0018   12.4958  -13.4158   26.0107   -9.3208  -29.1421
eta,q 0.98369 13.89460
  0.0181  0.0180  0.0170  0.0182  0.0187  0.0188  0.0179  0.0194  0.0176  0.0183  0.0171  0.0172
  0.0172  0.0172  0.0166  0.0175  0.0177  0.0179  0.0171  0.0177  0.0169  0.0173  0.0166  0.0166
  0.0167  0.0167  0.0164  0.0169  0.0169  0.0171  0.0165  0.0167  0.0165  0.0167  0.0164  0.0163
  0.0164  0.0164  0.0164  0.0164  0.0163  0.0163  0.0163  0.0163  0.0163  0.0163  0.0163  0.0163
  0.0165  0.0165  0.0166  0.0162  0.0163  0.0160  0.0165  0.0166  0.0165  0.0164  0.0164  0.0165
  0.0170  0.0169  0.0169  0.0167  0.0172  0.0171  0.0172  0.0175  0.0169  0.0169  0.0167  0.0168
  0.0178  0.0176  0.0174  0.0182  0.0193  0.0199  0.0184  0.0192  0.0176  0.0180  0.0170  0.0172
niter,ni,del,rscale     3    3    5.0000    0.6000
parameters
    0.1869    1.3234   14.9511   -8.5590  -17.5807   -4.7299
    9.9266   12.5051  -13.4452   26.1442   -9.2918  -29.0823
eta,q 0.98386 13.91568
  0.0175  0.0174  0.0169  0.0178  0.0182  0.0184  0.0175  0.0185  0.0172  0.0177  0.0168  0.0169
  0.0168  0.0168  0.0166  0.0172  0.0174  0.0176  0.0168  0.0172  0.0166  0.0169  0.0164  0.0164
  0.0164  0.0165  0.0164  0.0167  0.0167  0.0169  0.0163  0.0164  0.0162  0.0164  0.0162  0.0162
  0.0163  0.0163  0.0163  0.0163  0.0162  0.0162  0.0161  0.0161  0.0161  0.0161  0.0161  0.0161
  0.0164  0.0164  0.0164  0.0162  0.0162  0.0159  0.0163  0.0164  0.0163  0.0162  0.0162  0.0162
  0.0168  0.0168  0.0166  0.0165  0.0168  0.0166  0.0168  0.0172  0.0166  0.0167  0.0164  0.0165
  0.0175  0.0174  0.0170  0.0177  0.0183  0.0187  0.0176  0.0185  0.0172  0.0176  0.0167  0.0168
niter,ni,del,rscale     2    3    5.0000    0.5000
parameters
    0.1618    1.3064   14.9949   -8.3640  -17.4045   -4.5130
    9.9205   12.4694  -13.4677   26.1674   -9.2821  -28.9569
eta,q 0.98400 13.93042
  0.0170  0.0169  0.0167  0.0173  0.0176  0.0178  0.0170  0.0178  0.0167  0.0171  0.0165  0.0166
  0.0165  0.0165  0.0164  0.0168  0.0170  0.0172  0.0165  0.0168  0.0163  0.0165  0.0162  0.0162
  0.0162  0.0162  0.0162  0.0164  0.0164  0.0166  0.0161  0.0162  0.0161  0.0162  0.0160  0.0160
  0.0161  0.0161  0.0161  0.0161  0.0161  0.0161  0.0160  0.0160  0.0160  0.0160  0.0160  0.0160
  0.0162  0.0162  0.0162  0.0161  0.0161  0.0159  0.0161  0.0162  0.0161  0.0161  0.0161  0.0161
  0.0165  0.0165  0.0163  0.0164  0.0165  0.0164  0.0164  0.0168  0.0163  0.0165  0.0162  0.0162
  0.0171  0.0170  0.0166  0.0172  0.0175  0.0178  0.0171  0.0179  0.0168  0.0171  0.0165  0.0164
niter,ni,del,rscale     1    3    5.0000    0.4000
parameters
    0.1399    1.2783   15.0560   -8.2357  -17.2587   -4.2884
    9.9199   12.4323  -13.4694   26.1345   -9.2755  -28.8563
eta,q 0.98409 13.94013
  0.0166  0.0165  0.0164  0.0168  0.0170  0.0173  0.0166  0.0171  0.0164  0.0167  0.0163  0.0163
  0.0162  0.0162  0.0162  0.0165  0.0166  0.0168  0.0162  0.0164  0.0161  0.0163  0.0161  0.0161
  0.0161  0.0161  0.0161  0.0162  0.0162  0.0163  0.0160  0.0160  0.0160  0.0160  0.0159  0.0159
  0.0160  0.0160  0.0160  0.0160  0.0160  0.0160  0.0159  0.0159  0.0159  0.0159  0.0159  0.0159
  0.0161  0.0161  0.0160  0.0160  0.0160  0.0159  0.0160  0.0161  0.0160  0.0160  0.0159  0.0159
  0.0163  0.0163  0.0161  0.0162  0.0163  0.0162  0.0162  0.0165  0.0161  0.0163  0.0161  0.0161
  0.0166  0.0166  0.0163  0.0168  0.0169  0.0171  0.0166  0.0172  0.0164  0.0167  0.0162  0.0162
registration optimization eta report
parameter search radius
    0.8000    0.8000    0.8000    2.4000    2.4000    2.4000
    2.4000    2.4000    2.4000    2.4000    2.4000    2.4000
100000*second partial in parameter space
       93.       82.       53.       13.       17.       21.
       12.       21.        9.       14.        6.        6.
  0.0166  0.0165  0.0164  0.0168  0.0170  0.0173  0.0166  0.0171  0.0164  0.0167  0.0163  0.0163
  0.0162  0.0162  0.0162  0.0165  0.0166  0.0168  0.0162  0.0164  0.0161  0.0163  0.0161  0.0161
  0.0161  0.0161  0.0161  0.0162  0.0162  0.0163  0.0160  0.0160  0.0160  0.0160  0.0159  0.0159
  0.0160  0.0160  0.0160  0.0160  0.0160  0.0160  0.0159  0.0159  0.0159  0.0159  0.0159  0.0159
  0.0161  0.0161  0.0160  0.0160  0.0160  0.0159  0.0160  0.0161  0.0160  0.0160  0.0159  0.0159
  0.0163  0.0163  0.0161  0.0162  0.0163  0.0162  0.0162  0.0165  0.0161  0.0163  0.0161  0.0161
  0.0166  0.0166  0.0163  0.0168  0.0169  0.0171  0.0166  0.0172  0.0164  0.0167  0.0162  0.0162
    0.1399    1.2783   15.0560   -8.2357  -17.2587   -4.2884
    9.9199   12.4323  -13.4694   26.1345   -9.2755  -28.8563
eta,q 0.98409 13.94013

---------------------------------------------------------------------
compute_vox2vox talsrcimg talsrcimg_to_711-2C_as_mni_average_305_t4 /opt/freesurfer/average/711-2C_as_mni_average_305
---------------------------------------------------------------------

freesurfer compute_vox2vox.c
Reading: talsrcimg.4dfp.ifh
Reading: talsrcimg_to_711-2C_as_mni_average_305_t4
Reading: /opt/freesurfer/average/711-2C_as_mni_average_305.4dfp.ifh
Writing: talsrcimg_to_711-2C_as_mni_average_305_t4_vox2vox.txt

start time Mon Mar 9 04:23:44 CET 2026
end		time Mon Mar 9 04:25:11 CET 2026

mpr2mni305 success

avi2talxfm orig_nu.mgz /opt/freesurfer/average/mni305.cor.mgz talsrcimg_to_711-2C_as_mni_average_305_t4_vox2vox.txt transforms/talairach.auto.xfm
avi2talxfm done
mv -f /out/sourcedata/freesurfer/sub-v1s18x0051221_ses-1/mri/talsrcimg_to_711-2C_as_mni_average_305_t4_vox2vox.txt /out/sourcedata/freesurfer/sub-v1s18x0051221_ses-1/mri/transforms/talsrcimg_to_711-2C_as_mni_average_305_t4_vox2vox.txt
lta_convert --src orig_nu.mgz --trg /opt/freesurfer/average/mni305.cor.mgz --inxfm transforms/talairach.auto.xfm --outlta transforms/talairach.auto.xfm.lta --subject fsaverage
7.3.2

--src: orig_nu.mgz src image (geometry).
--trg: /opt/freesurfer/average/mni305.cor.mgz trg image (geometry).
--inmni: transforms/talairach.auto.xfm input MNI/XFM transform.
--outlta: transforms/talairach.auto.xfm.lta output LTA.
--s: fsaverage subject name
 LTA read, type : 1
 1.05687  -0.09375  -0.15941  -4.68523;
 0.14088   0.94146   0.31145  -14.20439;
 0.12755  -0.31263   1.08426   32.94182;
 0.00000   0.00000   0.00000   1.00000;
setting subject to fsaverage
Writing  LTA to file transforms/talairach.auto.xfm.lta...
lta_convert successful.
 
 
Started at Mon Mar 9 04:23:43 CET 2026
Ended   at Mon Mar  9 04:25:11 CET 2026
talairach_avi done
