status file for recon-all
Mon Mar  9 05:31:35 CET 2026
#@# MotionCor Mon Mar  9 05:31:36 CET 2026
#@# Talairach Mon Mar  9 05:31:42 CET 2026
#@# Talairach Failure Detection Mon Mar  9 05:34:33 CET 2026
#@# Nu Intensity Correction Mon Mar  9 05:34:33 CET 2026
#@# Intensity Normalization Mon Mar  9 05:37:20 CET 2026
recon-all -s sub-v1s18x0051240_ses-1 finished without error at Mon Mar  9 05:38:20 CET 2026



#New# invocation of recon-all 



status file for recon-all
Mon Mar  9 05:44:33 CET 2026
#@# EM Registration Mon Mar  9 05:44:33 CET 2026
recon-all -s sub-v1s18x0051240_ses-1 finished without error at Mon Mar  9 05:57:28 CET 2026



#New# invocation of recon-all 



status file for recon-all
Mon Mar  9 05:57:31 CET 2026
#@# CA Normalize Mon Mar  9 05:57:31 CET 2026
#@# CA Reg Mon Mar  9 05:58:24 CET 2026
#@# SubCort Seg Mon Mar  9 06:39:49 CET 2026
#@# CC Seg Mon Mar  9 07:01:48 CET 2026
#@# Merge ASeg Mon Mar  9 07:02:27 CET 2026
#@# Intensity Normalization2 Mon Mar  9 07:02:27 CET 2026
#@# Mask BFS Mon Mar  9 07:03:50 CET 2026
#@# WM Segmentation Mon Mar  9 07:03:50 CET 2026
#@# Fill Mon Mar  9 07:05:23 CET 2026
recon-all -s sub-v1s18x0051240_ses-1 finished without error at Mon Mar  9 07:06:05 CET 2026



#New# invocation of recon-all 



status file for recon-all
Mon Mar  9 07:49:29 CET 2026
#@# white curv lh Mon Mar  9 07:49:29 CET 2026
#@# white area lh Mon Mar  9 07:49:29 CET 2026
#@# pial curv lh Mon Mar  9 07:49:29 CET 2026
#@# pial area lh Mon Mar  9 07:49:29 CET 2026
#@# thickness lh Mon Mar  9 07:49:29 CET 2026
#@# area and vertex vol lh Mon Mar  9 07:49:29 CET 2026
#@# white curv rh Mon Mar  9 07:49:29 CET 2026
#@# white area rh Mon Mar  9 07:49:29 CET 2026
#@# pial curv rh Mon Mar  9 07:49:29 CET 2026
#@# pial area rh Mon Mar  9 07:49:29 CET 2026
#@# thickness rh Mon Mar  9 07:49:29 CET 2026
#@# area and vertex vol rh Mon Mar  9 07:49:29 CET 2026
#@# Cortical ribbon mask Mon Mar  9 07:49:29 CET 2026
recon-all -s sub-v1s18x0051240_ses-1 finished without error at Mon Mar  9 07:53:41 CET 2026



#New# invocation of recon-all 



status file for recon-all
Mon Mar  9 07:59:00 CET 2026
#@# white curv lh Mon Mar  9 07:59:00 CET 2026
#@# white area lh Mon Mar  9 07:59:00 CET 2026
#@# pial curv lh Mon Mar  9 07:59:00 CET 2026
#@# pial area lh Mon Mar  9 07:59:00 CET 2026
#@# thickness lh Mon Mar  9 07:59:00 CET 2026
#@# area and vertex vol lh Mon Mar  9 07:59:00 CET 2026
#@# white curv rh Mon Mar  9 07:59:00 CET 2026
#@# white area rh Mon Mar  9 07:59:00 CET 2026
#@# pial curv rh Mon Mar  9 07:59:00 CET 2026
#@# pial area rh Mon Mar  9 07:59:00 CET 2026
#@# thickness rh Mon Mar  9 07:59:00 CET 2026
#@# area and vertex vol rh Mon Mar  9 07:59:00 CET 2026
#@# Curvature Stats lh Mon Mar  9 07:59:00 CET 2026
#@# Curvature Stats rh Mon Mar  9 07:59:02 CET 2026
#@# Relabel Hypointensities Mon Mar  9 07:59:04 CET 2026
#@# APas-to-ASeg Mon Mar  9 07:59:15 CET 2026
#@# AParc-to-ASeg aparc Mon Mar  9 07:59:22 CET 2026
#@# AParc-to-ASeg aparc.a2009s Mon Mar  9 07:59:51 CET 2026
#@# AParc-to-ASeg aparc.DKTatlas Mon Mar  9 08:00:14 CET 2026
#@# WMParc Mon Mar  9 08:00:45 CET 2026
#@# ASeg Stats Mon Mar  9 08:02:46 CET 2026
recon-all -s sub-v1s18x0051240_ses-1 finished without error at Mon Mar  9 08:03:09 CET 2026
