status file for recon-all
Mon Mar  9 05:35:47 CET 2026
#@# Tessellate lh Mon Mar  9 05:35:47 CET 2026
#@# Smooth1 lh Mon Mar  9 05:35:51 CET 2026
#@# Inflation1 lh Mon Mar  9 05:35:53 CET 2026
#@# QSphere lh Mon Mar  9 05:36:02 CET 2026
#@# Fix Topology lh Mon Mar  9 05:36:49 CET 2026
#@# Smooth2 lh Mon Mar  9 05:41:21 CET 2026
#@# Inflation2 lh Mon Mar  9 05:41:24 CET 2026
#@# Curv .H and .K lh Mon Mar  9 05:41:33 CET 2026
#@# Sphere lh Mon Mar  9 05:42:14 CET 2026
#@# Surf Reg lh Mon Mar  9 05:44:14 CET 2026
#@# Jacobian white lh Mon Mar  9 05:46:56 CET 2026
#@# AvgCurv lh Mon Mar  9 05:46:57 CET 2026
#@# Cortical Parc lh Mon Mar  9 05:46:57 CET 2026
#@# white curv lh Mon Mar  9 05:51:58 CET 2026
#@# white area lh Mon Mar  9 05:52:00 CET 2026
#@# pial curv lh Mon Mar  9 05:52:00 CET 2026
#@# pial area lh Mon Mar  9 05:52:01 CET 2026
#@# thickness lh Mon Mar  9 05:52:02 CET 2026
#@# area and vertex vol lh Mon Mar  9 05:52:27 CET 2026
#@# Curvature Stats lh Mon Mar  9 05:52:28 CET 2026
#@# Cortical Parc 2 lh Mon Mar  9 05:52:30 CET 2026
#@# Cortical Parc 3 lh Mon Mar  9 05:52:42 CET 2026
#@# WM/GM Contrast lh Mon Mar  9 05:52:51 CET 2026
recon-all -s sub-v1s18x0051217_ses-1 finished without error at Mon Mar  9 05:52:53 CET 2026



#New# invocation of recon-all 



status file for recon-all
Mon Mar  9 06:13:31 CET 2026
#@# white curv lh Mon Mar  9 06:13:32 CET 2026
#@# white area lh Mon Mar  9 06:13:32 CET 2026
#@# pial curv lh Mon Mar  9 06:13:32 CET 2026
#@# pial area lh Mon Mar  9 06:13:32 CET 2026
#@# thickness lh Mon Mar  9 06:13:32 CET 2026
#@# area and vertex vol lh Mon Mar  9 06:13:32 CET 2026
#@# Parcellation Stats lh Mon Mar  9 06:13:32 CET 2026
#@# Parcellation Stats 2 lh Mon Mar  9 06:13:46 CET 2026
#@# Parcellation Stats 3 lh Mon Mar  9 06:13:54 CET 2026
#@# BA_exvivo Labels lh Mon Mar  9 06:14:01 CET 2026
recon-all -s sub-v1s18x0051217_ses-1 finished without error at Mon Mar  9 06:16:06 CET 2026
