status file for recon-all
Mon Mar  9 05:52:57 CET 2026
#@# Tessellate rh Mon Mar  9 05:52:57 CET 2026
#@# Smooth1 rh Mon Mar  9 05:53:01 CET 2026
#@# Inflation1 rh Mon Mar  9 05:53:03 CET 2026
#@# QSphere rh Mon Mar  9 05:53:11 CET 2026
#@# Fix Topology rh Mon Mar  9 05:53:58 CET 2026
#@# Smooth2 rh Mon Mar  9 05:58:03 CET 2026
#@# Inflation2 rh Mon Mar  9 05:58:05 CET 2026
#@# Curv .H and .K rh Mon Mar  9 05:58:15 CET 2026
#@# Sphere rh Mon Mar  9 05:58:56 CET 2026
#@# Surf Reg rh Mon Mar  9 06:00:38 CET 2026
#@# Jacobian white rh Mon Mar  9 06:03:15 CET 2026
#@# AvgCurv rh Mon Mar  9 06:03:16 CET 2026
#@# Cortical Parc rh Mon Mar  9 06:03:16 CET 2026
#@# white curv rh Mon Mar  9 06:08:24 CET 2026
#@# white area rh Mon Mar  9 06:08:25 CET 2026
#@# pial curv rh Mon Mar  9 06:08:26 CET 2026
#@# pial area rh Mon Mar  9 06:08:27 CET 2026
#@# thickness rh Mon Mar  9 06:08:27 CET 2026
#@# area and vertex vol rh Mon Mar  9 06:08:53 CET 2026
#@# Curvature Stats rh Mon Mar  9 06:08:54 CET 2026
#@# Cortical Parc 2 rh Mon Mar  9 06:08:56 CET 2026
#@# Cortical Parc 3 rh Mon Mar  9 06:09:07 CET 2026
#@# WM/GM Contrast rh Mon Mar  9 06:09:16 CET 2026
recon-all -s sub-v1s18x0051217_ses-1 finished without error at Mon Mar  9 06:09:18 CET 2026



#New# invocation of recon-all 



status file for recon-all
Mon Mar  9 06:16:08 CET 2026
#@# white curv rh Mon Mar  9 06:16:08 CET 2026
#@# white area rh Mon Mar  9 06:16:08 CET 2026
#@# pial curv rh Mon Mar  9 06:16:08 CET 2026
#@# pial area rh Mon Mar  9 06:16:08 CET 2026
#@# thickness rh Mon Mar  9 06:16:08 CET 2026
#@# area and vertex vol rh Mon Mar  9 06:16:08 CET 2026
#@# Parcellation Stats rh Mon Mar  9 06:16:08 CET 2026
#@# Parcellation Stats 2 rh Mon Mar  9 06:16:22 CET 2026
#@# Parcellation Stats 3 rh Mon Mar  9 06:16:30 CET 2026
#@# BA_exvivo Labels rh Mon Mar  9 06:16:37 CET 2026
recon-all -s sub-v1s18x0051217_ses-1 finished without error at Mon Mar  9 06:18:42 CET 2026
