/out/sourcedata/freesurfer/sub-v1s18x0051225_ses-1/mri
/opt/freesurfer/bin/talairach_avi
--i orig_nu.mgz --xfm transforms/talairach.auto.xfm
talairach_avi 7.3.2
Linux dna061 5.14.0-427.37.1.el9_4.x86_64 #1 SMP PREEMPT_DYNAMIC Fri Sep 13 12:41:50 EDT 2024 x86_64 x86_64 x86_64 GNU/Linux
Mon Mar  9 04:31:07 CET 2026
mri_convert orig_nu.mgz talsrcimg.img 
reading from orig_nu.mgz...
TR=0.00, TE=0.00, TI=0.00, flip angle=0.00
i_ras = (-1, 0, -3.72529e-09)
j_ras = (0, 0, -1)
k_ras = (0, 1, 0)
writing to talsrcimg.img...
Analyze Output Matrix
-1.00000   0.00000   0.00000   124.19495;
 0.00000   0.00000   1.00000  -118.32008;
-0.00000  -1.00000   0.00000   114.23437;
 0.00000   0.00000   0.00000   1.00000;
--------------------
INFO: set hdr.hist.orient to -1
mpr2mni305 talsrcimg
Mon Mar  9 04:31:07 CET 2026
/opt/freesurfer/bin/mpr2mni305 talsrcimg
mpr2mni305 7.3.2
target=711-2C_as_mni_average_305

---------------------------------------------------------------------
analyzeto4dfp talsrcimg -O0 -y
---------------------------------------------------------------------

freesurfer ifh2hdr.c
Mon Mar  9 04:31:07 2026
Writing: talsrcimg.4dfp.hdr
freesurfer analyzeto4dfp.c
Reading: talsrcimg.hdr
header size 348 bytes
hdr.dime.datatype	offset=70	value=2
hdr.dime.bitpix		offset=72	value=8
hdr.hist.orient		offset=252	value=-1
dimensionality     4
dimensions       256       256       256         1
Reading: talsrcimg.img
Writing: talsrcimg.4dfp.img
Writing: talsrcimg.4dfp.ifh
ifh2hdr talsrcimg -r0to222
ori=2

---------------------------------------------------------------------
gauss_4dfp talsrcimg 1.1
---------------------------------------------------------------------

freesurfer gauss_4dfp.c
Reading: talsrcimg.4dfp.img
Writing: talsrcimg_g11.4dfp.img
image dimensions 256 256 256 padded to 288 288 288
processing volume 1freesurfer ifh2hdr.c
Mon Mar  9 04:31:09 2026
Writing: talsrcimg_g11.4dfp.hdr

Writing: talsrcimg_g11.4dfp.ifh
including: talsrcimg.4dfp.img.rec in talsrcimg_g11.4dfp.img.rec

---------------------------------------------------------------------
imgreg_4dfp /opt/freesurfer/average/711-2C_as_mni_average_305 none talsrcimg_g11 none talsrcimg_to_711-2C_as_mni_average_305_t4 4355
---------------------------------------------------------------------

freesurfer imgreg_4dfp.c
/opt/freesurfer/average/711-2C_as_mni_average_305.4dfp.img
       256       256       256         1
  1.000000  1.000000  1.000000
orientation T byte_order littleendian
Reading image: /opt/freesurfer/average/711-2C_as_mni_average_305.4dfp.img
dimensions:      256       256       256
mmppix:       1.0000   -1.0000   -1.0000
center:     128.0000 -129.0000 -129.0000
talsrcimg_g11.4dfp.img
       256       256       256         1
  1.000000  1.000000  1.000000
orientation T byte_order littleendian
Reading image: talsrcimg_g11.4dfp.img
dimensions:      256       256       256
mmppix:       1.0000   -1.0000   -1.0000
center:     128.0000 -129.0000 -129.0000
t4_read: open error in t4_sub.f l:  41 t4_file(1:l)talsrcimg_to_711-2C_as_mni_average_305_t4 
t4_read: transform initialized to I4
rotation matrix determinant  1.000000
image alignment mode   4355 decimal     1103 hex
   -7.5000  -45.0000  -45.0000 7027.0708   19.0323
    0.0000  -45.0000  -45.0000 7349.2339   19.0153
    7.5000  -45.0000  -45.0000 7097.7339   19.0573
   -7.5000  -37.5000  -45.0000 7550.9453   18.5968
    0.0000  -37.5000  -45.0000 7911.6904   18.5821
    7.5000  -37.5000  -45.0000 7613.6509   18.6086
   -7.5000  -30.0000  -45.0000 8478.7354   18.4890
    0.0000  -30.0000  -45.0000 8899.7969   18.4796
    7.5000  -30.0000  -45.0000 8524.0361   18.5007
   -7.5000  -22.5000  -45.0000 9370.4805   18.4354
    0.0000  -22.5000  -45.0000 9840.8975   18.4312
    7.5000  -22.5000  -45.0000 9413.4883   18.4629
   -7.5000  -15.0000  -45.000010264.0977   18.3829
    0.0000  -15.0000  -45.000010789.6221   18.3805
    7.5000  -15.0000  -45.000010314.7285   18.4279
   -7.5000   -7.5000  -45.000011124.1025   18.3471
    0.0000   -7.5000  -45.000011703.5176   18.3407
    7.5000   -7.5000  -45.000011163.0420   18.3919
   -7.5000    0.0000  -45.000011937.9717   18.3254
    0.0000    0.0000  -45.000012558.7354   18.3145
    7.5000    0.0000  -45.000011948.5088   18.3556
   -7.5000    7.5000  -45.000011874.7822   18.3313
    0.0000    7.5000  -45.000012490.6670   18.3206
    7.5000    7.5000  -45.000011869.2139   18.3474
   -7.5000   15.0000  -45.000011565.6035   18.3555
    0.0000   15.0000  -45.000012137.2295   18.3482
    7.5000   15.0000  -45.000011525.2686   18.3693
   -7.5000   22.5000  -45.000011075.6025   18.3719
    0.0000   22.5000  -45.000011621.4277   18.3687
    7.5000   22.5000  -45.000011011.6133   18.4003
   -7.5000   30.0000  -45.000010498.5977   18.1272
    0.0000   30.0000  -45.000011054.9092   18.1250
    7.5000   30.0000  -45.000010437.6416   18.1717
   -7.5000   37.5000  -45.000010276.5068   18.1026
    0.0000   37.5000  -45.000010857.1123   18.0963
    7.5000   37.5000  -45.000010226.6514   18.1468
   -7.5000   45.0000  -45.0000 9580.1787   17.6220
    0.0000   45.0000  -45.000010122.3770   17.6116
    7.5000   45.0000  -45.0000 9514.1777   17.6511
   -7.5000  -45.0000  -37.5000 7346.6968   19.0543
    0.0000  -45.0000  -37.5000 7696.8091   19.0478
    7.5000  -45.0000  -37.5000 7412.6523   19.0903
   -7.5000  -37.5000  -37.5000 7925.5684   18.6094
    0.0000  -37.5000  -37.5000 8321.9971   18.6055
    7.5000  -37.5000  -37.5000 7974.8213   18.6341
   -7.5000  -30.0000  -37.5000 8894.3467   18.4905
    0.0000  -30.0000  -37.5000 9346.3584   18.4903
    7.5000  -30.0000  -37.5000 8947.9678   18.5159
   -7.5000  -22.5000  -37.5000 9834.0186   18.4359
    0.0000  -22.5000  -37.500010345.9941   18.4388
    7.5000  -22.5000  -37.5000 9882.3369   18.4758
   -7.5000  -15.0000  -37.500010757.5000   18.3943
    0.0000  -15.0000  -37.500011327.4199   18.3977
    7.5000  -15.0000  -37.500010801.2373   18.4482
   -7.5000   -7.5000  -37.500011641.4434   18.3682
    0.0000   -7.5000  -37.500012242.4043   18.3693
    7.5000   -7.5000  -37.500011668.7549   18.4212
   -7.5000    0.0000  -37.500012488.7812   18.3467
    0.0000    0.0000  -37.500013148.6260   18.3460
    7.5000    0.0000  -37.500012508.3398   18.3875
   -7.5000    7.5000  -37.500012423.3535   18.3434
    0.0000    7.5000  -37.500013084.1992   18.3432
    7.5000    7.5000  -37.500012421.8477   18.3720
   -7.5000   15.0000  -37.500012108.5312   18.3568
    0.0000   15.0000  -37.500012754.9404   18.3586
    7.5000   15.0000  -37.500012089.8447   18.3841
   -7.5000   22.5000  -37.500011595.9648   18.3732
    0.0000   22.5000  -37.500012209.4092   18.3769
    7.5000   22.5000  -37.500011561.7725   18.4138
   -7.5000   30.0000  -37.500010982.4092   18.1387
    0.0000   30.0000  -37.500011586.8799   18.1423
    7.5000   30.0000  -37.500010941.2832   18.1921
   -7.5000   37.5000  -37.500010724.7197   18.1234
    0.0000   37.5000  -37.500011331.1475   18.1245
    7.5000   37.5000  -37.500010695.9551   18.1757
   -7.5000   45.0000  -37.500010000.9580   17.6426
    0.0000   45.0000  -37.500010565.3516   17.6418
    7.5000   45.0000  -37.5000 9967.6299   17.6818
   -7.5000  -45.0000  -30.0000 7778.2856   19.9329
    0.0000  -45.0000  -30.0000 8187.3604   19.9354
    7.5000  -45.0000  -30.0000 7854.1099   19.9882
   -7.5000  -37.5000  -30.0000 8414.5859   19.4738
    0.0000  -37.5000  -30.0000 8882.3984   19.4783
    7.5000  -37.5000  -30.0000 8477.1973   19.5165
   -7.5000  -30.0000  -30.0000 9467.2939   19.3514
    0.0000  -30.0000  -30.0000 9973.8633   19.3564
    7.5000  -30.0000  -30.0000 9513.0674   19.3882
   -7.5000  -22.5000  -30.000010500.6074   19.2888
    0.0000  -22.5000  -30.000011053.5869   19.2942
    7.5000  -22.5000  -30.000010522.7832   19.3335
   -7.5000  -15.0000  -30.000011441.4316   19.2376
    0.0000  -15.0000  -30.000012041.9414   19.2439
    7.5000  -15.0000  -30.000011481.0898   19.2964
   -7.5000   -7.5000  -30.000012347.3643   19.2079
    0.0000   -7.5000  -30.000012999.9219   19.2153
    7.5000   -7.5000  -30.000012370.8242   19.2730
   -7.5000    0.0000  -30.000013239.9092   19.1905
    0.0000    0.0000  -30.000013942.6475   19.1987
    7.5000    0.0000  -30.000013221.4521   19.2499
   -7.5000    7.5000  -30.000013149.5615   19.1941
    0.0000    7.5000  -30.000013847.7373   19.2021
    7.5000    7.5000  -30.000013116.8711   19.2405
   -7.5000   15.0000  -30.000012850.0254   19.2099
    0.0000   15.0000  -30.000013531.0488   19.2169
    7.5000   15.0000  -30.000012787.2559   19.2487
   -7.5000   22.5000  -30.000012333.0234   19.2206
    0.0000   22.5000  -30.000012988.9404   19.2269
    7.5000   22.5000  -30.000012257.2451   19.2661
   -7.5000   30.0000  -30.000011686.6641   18.9722
    0.0000   30.0000  -30.000012339.0479   18.9787
    7.5000   30.0000  -30.000011622.9824   19.0304
   -7.5000   37.5000  -30.000011391.7607   18.9538
    0.0000   37.5000  -30.000012021.4160   18.9610
    7.5000   37.5000  -30.000011339.0674   19.0180
   -7.5000   45.0000  -30.000010640.7646   18.4675
    0.0000   45.0000  -30.000011221.7871   18.4754
    7.5000   45.0000  -30.000010592.8555   18.5247
   -7.5000  -45.0000  -22.5000 8222.9473   20.6722
    0.0000  -45.0000  -22.5000 8675.8008   20.6724
    7.5000  -45.0000  -22.5000 8292.6924   20.7357
   -7.5000  -37.5000  -22.5000 8915.0615   20.2121
    0.0000  -37.5000  -22.5000 9407.5146   20.2128
    7.5000  -37.5000  -22.5000 8964.5439   20.2598
   -7.5000  -30.0000  -22.500010048.0098   20.1013
    0.0000  -30.0000  -22.500010586.5771   20.1006
    7.5000  -30.0000  -22.500010075.7676   20.1340
   -7.5000  -22.5000  -22.500011138.2578   20.0332
    0.0000  -22.5000  -22.500011742.0664   20.0328
    7.5000  -22.5000  -22.500011163.9355   20.0677
   -7.5000  -15.0000  -22.500012111.7676   19.9603
    0.0000  -15.0000  -22.500012769.0801   19.9625
    7.5000  -15.0000  -22.500012159.3369   20.0123
   -7.5000   -7.5000  -22.500013043.8281   19.9146
    0.0000   -7.5000  -22.500013733.4111   19.9199
    7.5000   -7.5000  -22.500013071.0244   19.9825
   -7.5000    0.0000  -22.500013990.0781   19.8996
    0.0000    0.0000  -22.500014690.5518   19.9059
    7.5000    0.0000  -22.500013965.9219   19.9671
   -7.5000    7.5000  -22.500013913.2578   19.9207
    0.0000    7.5000  -22.500014601.5947   19.9253
    7.5000    7.5000  -22.500013850.2471   19.9722
   -7.5000   15.0000  -22.500013614.5732   19.9527
    0.0000   15.0000  -22.500014337.1064   19.9542
    7.5000   15.0000  -22.500013521.3193   19.9876
   -7.5000   22.5000  -22.500013085.1055   19.9594
    0.0000   22.5000  -22.500013813.2988   19.9599
    7.5000   22.5000  -22.500012979.5342   19.9948
   -7.5000   30.0000  -22.500012387.0547   19.6876
    0.0000   30.0000  -22.500013101.0713   19.6901
    7.5000   30.0000  -22.500012310.2480   19.7392
   -7.5000   37.5000  -22.500012042.5957   19.6541
    0.0000   37.5000  -22.500012712.9893   19.6594
    7.5000   37.5000  -22.500011959.3516   19.7211
   -7.5000   45.0000  -22.500011244.4551   19.1643
    0.0000   45.0000  -22.500011872.0977   19.1703
    7.5000   45.0000  -22.500011165.3564   19.2293
   -7.5000  -45.0000  -15.0000 8649.1982   21.1483
    0.0000  -45.0000  -15.0000 9112.7559   21.1383
    7.5000  -45.0000  -15.0000 8694.1592   21.2053
   -7.5000  -37.5000  -15.0000 9348.4033   20.6891
    0.0000  -37.5000  -15.0000 9840.3389   20.6786
    7.5000  -37.5000  -15.0000 9400.4434   20.7262
   -7.5000  -30.0000  -15.000010556.5977   20.5896
    0.0000  -30.0000  -15.000011093.5723   20.5790
    7.5000  -30.0000  -15.000010574.2852   20.6087
   -7.5000  -22.5000  -15.000011704.4873   20.5202
    0.0000  -22.5000  -15.000012318.1133   20.5126
    7.5000  -22.5000  -15.000011725.5830   20.5425
   -7.5000  -15.0000  -15.000012778.7549   20.4316
    0.0000  -15.0000  -15.000013422.4492   20.4285
    7.5000  -15.0000  -15.000012796.8721   20.4768
   -7.5000   -7.5000  -15.000013773.1553   20.3729
    0.0000   -7.5000  -15.000014487.2480   20.3714
    7.5000   -7.5000  -15.000013769.8018   20.4364
   -7.5000    0.0000  -15.000014774.0195   20.3574
    0.0000    0.0000  -15.000015474.4922   20.3540
    7.5000    0.0000  -15.000014712.4258   20.4186
   -7.5000    7.5000  -15.000014683.4434   20.3911
    0.0000    7.5000  -15.000015408.1084   20.3848
    7.5000    7.5000  -15.000014586.1689   20.4323
   -7.5000   15.0000  -15.000014343.7041   20.4373
    0.0000   15.0000  -15.000015126.9395   20.4291
    7.5000   15.0000  -15.000014233.5078   20.4588
   -7.5000   22.5000  -15.000013756.2998   20.4427
    0.0000   22.5000  -15.000014541.0527   20.4361
    7.5000   22.5000  -15.000013638.4941   20.4660
   -7.5000   30.0000  -15.000013016.5547   20.1549
    0.0000   30.0000  -15.000013755.1211   20.1521
    7.5000   30.0000  -15.000012899.8164   20.1997
   -7.5000   37.5000  -15.000012659.4150   20.1092
    0.0000   37.5000  -15.000013380.3750   20.1077
    7.5000   37.5000  -15.000012542.2139   20.1719
   -7.5000   45.0000  -15.000011829.6104   19.6170
    0.0000   45.0000  -15.000012500.6865   19.6138
    7.5000   45.0000  -15.000011712.1836   19.6760
   -7.5000  -45.0000   -7.5000 9050.4365   21.3162
    0.0000  -45.0000   -7.5000 9512.5127   21.2968
    7.5000  -45.0000   -7.5000 9089.9404   21.3547
   -7.5000  -37.5000   -7.5000 9778.7646   20.8466
    0.0000  -37.5000   -7.500010268.8672   20.8280
    7.5000  -37.5000   -7.5000 9807.5156   20.8660
   -7.5000  -30.0000   -7.500011049.3066   20.7420
    0.0000  -30.0000   -7.500011592.9043   20.7270
    7.5000  -30.0000   -7.500011045.9463   20.7514
   -7.5000  -22.5000   -7.500012289.5781   20.6762
    0.0000  -22.5000   -7.500012898.7490   20.6668
    7.5000  -22.5000   -7.500012274.7393   20.6972
   -7.5000  -15.0000   -7.500013481.6230   20.5952
    0.0000  -15.0000   -7.500014130.2959   20.5898
    7.5000  -15.0000   -7.500013482.4863   20.6400
   -7.5000   -7.5000   -7.500014630.4551   20.5407
    0.0000   -7.5000   -7.500015380.7002   20.5330
    7.5000   -7.5000   -7.500014598.7070   20.5952
   -7.5000    0.0000   -7.500015646.8555   20.5215
    0.0000    0.0000   -7.500016507.3105   20.5091
    7.5000    0.0000   -7.500015563.2402   20.5653
   -7.5000    7.5000   -7.500015451.6543   20.5478
    0.0000    7.5000   -7.500016285.3623   20.5337
    7.5000    7.5000   -7.500015323.1338   20.5718
   -7.5000   15.0000   -7.500015015.3594   20.5905
    0.0000   15.0000   -7.500015771.5254   20.5779
    7.5000   15.0000   -7.500014884.1055   20.6023
   -7.5000   22.5000   -7.500014432.8906   20.5968
    0.0000   22.5000   -7.500015162.9170   20.5884
    7.5000   22.5000   -7.500014298.0361   20.6187
   -7.5000   30.0000   -7.500013670.8945   20.3158
    0.0000   30.0000   -7.500014366.0342   20.3107
    7.5000   30.0000   -7.500013524.4648   20.3601
   -7.5000   37.5000   -7.500013332.5830   20.2743
    0.0000   37.5000   -7.500014058.2178   20.2667
    7.5000   37.5000   -7.500013176.3643   20.3281
   -7.5000   45.0000   -7.500012491.1602   19.7789
    0.0000   45.0000   -7.500013171.9990   19.7669
    7.5000   45.0000   -7.500012304.3672   19.8211
   -7.5000  -45.0000    0.0000 9368.0332   21.2976
    0.0000  -45.0000    0.0000 9817.1426   21.2786
    7.5000  -45.0000    0.0000 9394.4746   21.3257
   -7.5000  -37.5000    0.000010081.8037   20.8103
    0.0000  -37.5000    0.000010583.7256   20.7939
    7.5000  -37.5000    0.000010106.0713   20.8235
   -7.5000  -30.0000    0.000011362.0801   20.6897
    0.0000  -30.0000    0.000011931.8105   20.6792
    7.5000  -30.0000    0.000011371.3066   20.7028
   -7.5000  -22.5000    0.000012670.7256   20.6297
    0.0000  -22.5000    0.000013304.6631   20.6250
    7.5000  -22.5000    0.000012670.9531   20.6605
   -7.5000  -15.0000    0.000013949.1562   20.5710
    0.0000  -15.0000    0.000014670.5000   20.5682
    7.5000  -15.0000    0.000013968.4199   20.6214
   -7.5000   -7.5000    0.000015251.1709   20.5309
    0.0000   -7.5000    0.000016222.1836   20.5238
    7.5000   -7.5000    0.000015258.3818   20.5811
   -7.5000    0.0000    0.000016432.6484   20.5066
    0.0000    0.0000    0.000017435.6309   20.4945
    7.5000    0.0000    0.000016384.8477   20.5404
   -7.5000    7.5000    0.000016140.4590   20.5132
    0.0000    7.5000    0.000016780.7891   20.5012
    7.5000    7.5000    0.000015979.5801   20.5313
   -7.5000   15.0000    0.000015648.4893   20.5403
    0.0000   15.0000    0.000016170.0928   20.5322
    7.5000   15.0000    0.000015503.8232   20.5558
   -7.5000   22.5000    0.000015048.1777   20.5521
    0.0000   22.5000    0.000015652.4971   20.5484
    7.5000   22.5000    0.000014947.4756   20.5837
   -7.5000   30.0000    0.000014293.9160   20.2927
    0.0000   30.0000    0.000014995.0205   20.2902
    7.5000   30.0000    0.000014196.0703   20.3426
   -7.5000   37.5000    0.000013915.1045   20.2652
    0.0000   37.5000    0.000014717.2559   20.2581
    7.5000   37.5000    0.000013790.5996   20.3147
   -7.5000   45.0000    0.000012959.7236   19.7660
    0.0000   45.0000    0.000013759.0967   19.7543
    7.5000   45.0000    0.000012815.2910   19.7986
   -7.5000  -45.0000    7.5000 8930.2041   21.3223
    0.0000  -45.0000    7.5000 9393.7783   21.3150
    7.5000  -45.0000    7.5000 8969.3154   21.3626
   -7.5000  -37.5000    7.5000 9609.3848   20.8244
    0.0000  -37.5000    7.500010125.8213   20.8200
    7.5000  -37.5000    7.5000 9644.0498   20.8520
   -7.5000  -30.0000    7.500010783.8848   20.6913
    0.0000  -30.0000    7.500011354.6250   20.6911
    7.5000  -30.0000    7.500010802.6846   20.7198
   -7.5000  -22.5000    7.500012032.0459   20.6303
    0.0000  -22.5000    7.500012612.4717   20.6335
    7.5000  -22.5000    7.500012022.4209   20.6749
   -7.5000  -15.0000    7.500013292.5293   20.5837
    0.0000  -15.0000    7.500013956.9375   20.5876
    7.5000  -15.0000    7.500013339.4512   20.6441
   -7.5000   -7.5000    7.500014625.7119   20.5545
    0.0000   -7.5000    7.500015675.6309   20.5557
    7.5000   -7.5000    7.500014815.9307   20.6138
   -7.5000    0.0000    7.500015941.0781   20.5305
    0.0000    0.0000    7.500017061.4023   20.5296
    7.5000    0.0000    7.500016145.6436   20.5761
   -7.5000    7.5000    7.500015724.6914   20.5268
    0.0000    7.5000    7.500016548.6719   20.5265
    7.5000    7.5000    7.500015789.2568   20.5588
   -7.5000   15.0000    7.500015206.0879   20.5418
    0.0000   15.0000    7.500015937.1631   20.5437
    7.5000   15.0000    7.500015194.0049   20.5723
   -7.5000   22.5000    7.500014539.0273   20.5535
    0.0000   22.5000    7.500015328.1084   20.5576
    7.5000   22.5000    7.500014496.2090   20.5988
   -7.5000   30.0000    7.500013755.2529   20.3056
    0.0000   30.0000    7.500014614.6191   20.3097
    7.5000   30.0000    7.500013719.8301   20.3654
   -7.5000   37.5000    7.500013328.0957   20.2885
    0.0000   37.5000    7.500014213.0879   20.2897
    7.5000   37.5000    7.500013255.9229   20.3470
   -7.5000   45.0000    7.500012357.1240   19.7890
    0.0000   45.0000    7.500013206.2715   19.7882
    7.5000   45.0000    7.500012289.1484   19.8330
   -7.5000  -45.0000   15.0000 8418.0391   21.4380
    0.0000  -45.0000   15.0000 8840.1973   21.4406
    7.5000  -45.0000   15.0000 8479.2676   21.4969
   -7.5000  -37.5000   15.0000 9033.5146   20.9438
    0.0000  -37.5000   15.0000 9516.8906   20.9484
    7.5000  -37.5000   15.0000 9088.6631   20.9892
   -7.5000  -30.0000   15.000010141.6318   20.8117
    0.0000  -30.0000   15.000010687.4473   20.8169
    7.5000  -30.0000   15.000010172.5459   20.8507
   -7.5000  -22.5000   15.000011326.4180   20.7436
    0.0000  -22.5000   15.000011923.1641   20.7493
    7.5000  -22.5000   15.000011360.9453   20.7912
   -7.5000  -15.0000   15.000012542.0273   20.6881
    0.0000  -15.0000   15.000013321.9854   20.6948
    7.5000  -15.0000   15.000012681.3447   20.7510
   -7.5000   -7.5000   15.000013773.0186   20.6565
    0.0000   -7.5000   15.000014983.0117   20.6643
    7.5000   -7.5000   15.000014073.8232   20.7260
   -7.5000    0.0000   15.000014939.1729   20.6384
    0.0000    0.0000   15.000016323.8359   20.6471
    7.5000    0.0000   15.000015255.2939   20.7018
   -7.5000    7.5000   15.000014755.6650   20.6425
    0.0000    7.5000   15.000016046.0840   20.6510
    7.5000    7.5000   15.000014971.7939   20.6919
   -7.5000   15.0000   15.000014287.8350   20.6593
    0.0000   15.0000   15.000015520.2490   20.6666
    7.5000   15.0000   15.000014436.0596   20.7004
   -7.5000   22.5000   15.000013617.7881   20.6656
    0.0000   22.5000   15.000014710.1162   20.6723
    7.5000   22.5000   15.000013697.9990   20.7141
   -7.5000   30.0000   15.000012862.0723   20.4088
    0.0000   30.0000   15.000013837.8652   20.4156
    7.5000   30.0000   15.000012899.0127   20.4709
   -7.5000   37.5000   15.000012481.5312   20.3891
    0.0000   37.5000   15.000013381.8682   20.3968
    7.5000   37.5000   15.000012486.5557   20.4578
   -7.5000   45.0000   15.000011583.2432   19.8930
    0.0000   45.0000   15.000012401.9814   19.9014
    7.5000   45.0000   15.000011594.3867   19.9541
   -7.5000  -45.0000   22.5000 7824.1460   21.5939
    0.0000  -45.0000   22.5000 8312.1973   21.5937
    7.5000  -45.0000   22.5000 7907.1152   21.6585
   -7.5000  -37.5000   22.5000 8420.0254   21.1091
    0.0000  -37.5000   22.5000 9027.7393   21.1095
    7.5000  -37.5000   22.5000 8517.2734   21.1572
   -7.5000  -30.0000   22.5000 9498.7861   20.9910
    0.0000  -30.0000   22.500010193.1807   20.9900
    7.5000  -30.0000   22.5000 9591.2490   21.0235
   -7.5000  -22.5000   22.500010644.7852   20.9189
    0.0000  -22.5000   22.500011396.7510   20.9181
    7.5000  -22.5000   22.500010752.2871   20.9532
   -7.5000  -15.0000   22.500011765.8486   20.8434
    0.0000  -15.0000   22.500012621.8311   20.8454
    7.5000  -15.0000   22.500011908.5244   20.8961
   -7.5000   -7.5000   22.500012834.6006   20.7972
    0.0000   -7.5000   22.500013863.3174   20.8024
    7.5000   -7.5000   22.500013001.7529   20.8665
   -7.5000    0.0000   22.500013806.4873   20.7820
    0.0000    0.0000   22.500014785.3223   20.7882
    7.5000    0.0000   22.500013924.6602   20.8509
   -7.5000    7.5000   22.500013609.8330   20.8029
    0.0000    7.5000   22.500014481.9268   20.8074
    7.5000    7.5000   22.500013652.4395   20.8551
   -7.5000   15.0000   22.500013212.2900   20.8349
    0.0000   15.0000   22.500014057.4287   20.8361
    7.5000   15.0000   22.500013265.1641   20.8697
   -7.5000   22.5000   22.500012627.9697   20.8382
    0.0000   22.5000   22.500013458.1289   20.8385
    7.5000   22.5000   22.500012700.9463   20.8735
   -7.5000   30.0000   22.500011932.7588   20.5615
    0.0000   30.0000   22.500012730.9492   20.5637
    7.5000   30.0000   22.500012006.0352   20.6137
   -7.5000   37.5000   22.500011634.3789   20.5280
    0.0000   37.5000   22.500012411.4346   20.5331
    7.5000   37.5000   22.500011684.7939   20.5964
   -7.5000   45.0000   22.500010805.1514   20.0314
    0.0000   45.0000   22.500011541.1064   20.0374
    7.5000   45.0000   22.500010854.3525   20.0979
   -7.5000  -45.0000   30.0000 7127.2852   21.7498
    0.0000  -45.0000   30.0000 7657.7466   21.7383
    7.5000  -45.0000   30.0000 7191.9619   21.8044
   -7.5000  -37.5000   30.0000 7733.1108   21.2693
    0.0000  -37.5000   30.0000 8301.9697   21.2573
    7.5000  -37.5000   30.0000 7772.9795   21.3034
   -7.5000  -30.0000   30.0000 8732.6016   21.1646
    0.0000  -30.0000   30.0000 9320.8369   21.1525
    7.5000  -30.0000   30.0000 8752.0400   21.1800
   -7.5000  -22.5000   30.0000 9762.9873   21.0928
    0.0000  -22.5000   30.000010344.3672   21.0837
    7.5000  -22.5000   30.0000 9735.5977   21.1115
   -7.5000  -15.0000   30.000010742.9688   21.0016
    0.0000  -15.0000   30.000011367.2461   20.9972
    7.5000  -15.0000   30.000010736.7402   21.0442
   -7.5000   -7.5000   30.000011663.3594   20.9414
    0.0000   -7.5000   30.000012370.5205   20.9388
    7.5000   -7.5000   30.000011693.9023   21.0032
   -7.5000    0.0000   30.000012494.1523   20.9250
    0.0000    0.0000   30.000013131.8311   20.9205
    7.5000    0.0000   30.000012491.9512   20.9844
   -7.5000    7.5000   30.000012309.9023   20.9586
    0.0000    7.5000   30.000012876.9238   20.9511
    7.5000    7.5000   30.000012284.5547   20.9971
   -7.5000   15.0000   30.000011968.5801   21.0059
    0.0000   15.0000   30.000012537.7725   20.9963
    7.5000   15.0000   30.000011944.4648   21.0239
   -7.5000   22.5000   30.000011467.1279   21.0098
    0.0000   22.5000   30.000012020.3418   21.0019
    7.5000   22.5000   30.000011471.8750   21.0297
   -7.5000   30.0000   30.000010880.9268   20.7170
    0.0000   30.0000   30.000011433.1143   20.7130
    7.5000   30.0000   30.000010888.7354   20.7593
   -7.5000   37.5000   30.000010651.1436   20.6704
    0.0000   37.5000   30.000011232.7988   20.6678
    7.5000   37.5000   30.000010647.1768   20.7314
   -7.5000   45.0000   30.0000 9925.1191   20.1693
    0.0000   45.0000   30.000010485.8525   20.1650
    7.5000   45.0000   30.0000 9919.3428   20.2265
   -7.5000  -45.0000   37.5000 6715.0825   22.2232
    0.0000  -45.0000   37.5000 7139.2705   22.2015
    7.5000  -45.0000   37.5000 6710.0449   22.2576
   -7.5000  -37.5000   37.5000 7297.8853   21.7146
    0.0000  -37.5000   37.5000 7734.0889   21.6936
    7.5000  -37.5000   37.5000 7263.1128   21.7282
   -7.5000  -30.0000   37.5000 8221.5088   21.6016
    0.0000  -30.0000   37.5000 8665.5059   21.5845
    7.5000  -30.0000   37.5000 8166.7061   21.6044
   -7.5000  -22.5000   37.5000 9166.2002   21.5303
    0.0000  -22.5000   37.5000 9631.4043   21.5193
    7.5000  -22.5000   37.5000 9112.4482   21.5460
   -7.5000  -15.0000   37.500010080.6025   21.4421
    0.0000  -15.0000   37.500010593.1348   21.4358
    7.5000  -15.0000   37.500010065.6064   21.4840
   -7.5000   -7.5000   37.500010950.3818   21.3829
    0.0000   -7.5000   37.500011507.2764   21.3742
    7.5000   -7.5000   37.500010942.6943   21.4354
   -7.5000    0.0000   37.500011723.8340   21.3625
    0.0000    0.0000   37.500012252.3818   21.3485
    7.5000    0.0000   37.500011700.5508   21.4030
   -7.5000    7.5000   37.500011544.9531   21.3912
    0.0000    7.5000   37.500012042.2607   21.3752
    7.5000    7.5000   37.500011510.3164   21.4101
   -7.5000   15.0000   37.500011251.1572   21.4377
    0.0000   15.0000   37.500011738.8457   21.4232
    7.5000   15.0000   37.500011215.5410   21.4432
   -7.5000   22.5000   37.500010822.8457   21.4448
    0.0000   22.5000   37.500011287.4043   21.4350
    7.5000   22.5000   37.500010798.8047   21.4616
   -7.5000   30.0000   37.500010309.9785   21.1513
    0.0000   30.0000   37.500010773.5420   21.1452
    7.5000   30.0000   37.500010287.3682   21.1928
   -7.5000   37.5000   37.500010112.9756   21.1062
    0.0000   37.5000   37.500010620.6748   21.0975
    7.5000   37.5000   37.500010106.0918   21.1580
   -7.5000   45.0000   37.5000 9455.9932   20.5910
    0.0000   45.0000   37.5000 9943.4717   20.5775
    7.5000   45.0000   37.5000 9432.6396   20.6301
   -7.5000  -45.0000   45.0000 6001.9404   22.9040
    0.0000  -45.0000   45.0000 6300.4321   22.8844
    7.5000  -45.0000   45.0000 6005.9717   22.9349
   -7.5000  -37.5000   45.0000 6529.7153   22.3373
    0.0000  -37.5000   45.0000 6851.3848   22.3207
    7.5000  -37.5000   45.0000 6518.9204   22.3509
   -7.5000  -30.0000   45.0000 7363.1880   22.1964
    0.0000  -30.0000   45.0000 7721.5747   22.1869
    7.5000  -30.0000   45.0000 7348.9126   22.2096
   -7.5000  -22.5000   45.0000 8218.4727   22.1262
    0.0000  -22.5000   45.0000 8633.1299   22.1235
    7.5000  -22.5000   45.0000 8215.1807   22.1598
   -7.5000  -15.0000   45.0000 9066.4180   22.0581
    0.0000  -15.0000   45.0000 9506.0195   22.0575
    7.5000  -15.0000   45.0000 9076.6855   22.1146
   -7.5000   -7.5000   45.0000 9862.8740   22.0130
    0.0000   -7.5000   45.000010323.6865   22.0069
    7.5000   -7.5000   45.0000 9858.6260   22.0693
   -7.5000    0.0000   45.000010556.2666   21.9859
    0.0000    0.0000   45.000011033.2871   21.9742
    7.5000    0.0000   45.000010542.9287   22.0234
   -7.5000    7.5000   45.000010402.5156   21.9931
    0.0000    7.5000   45.000010858.6572   21.9817
    7.5000    7.5000   45.000010388.2393   22.0123
   -7.5000   15.0000   45.000010141.5537   22.0234
    0.0000   15.0000   45.000010594.2217   22.0166
    7.5000   15.0000   45.000010121.3838   22.0394
   -7.5000   22.5000   45.0000 9791.0146   22.0371
    0.0000   22.5000   45.000010222.1465   22.0356
    7.5000   22.5000   45.0000 9773.6172   22.0717
   -7.5000   30.0000   45.0000 9376.8955   21.7568
    0.0000   30.0000   45.0000 9815.5693   21.7564
    7.5000   30.0000   45.0000 9376.3057   21.8127
   -7.5000   37.5000   45.0000 9218.0928   21.7262
    0.0000   37.5000   45.0000 9692.7695   21.7202
    7.5000   37.5000   45.0000 9217.3916   21.7817
   -7.5000   45.0000   45.0000 8613.2246   21.2014
    0.0000   45.0000   45.0000 9070.8008   21.1902
    7.5000   45.0000   45.0000 8603.0840   21.2377

---------------------------------------------------------------------
imgreg_4dfp /opt/freesurfer/average/711-2C_as_mni_average_305 /opt/freesurfer/average/711-2B_as_mni_average_305_mask talsrcimg_g11 none talsrcimg_to_711-2C_as_mni_average_305_t4 4355
---------------------------------------------------------------------

freesurfer imgreg_4dfp.c
/opt/freesurfer/average/711-2C_as_mni_average_305.4dfp.img
       256       256       256         1
  1.000000  1.000000  1.000000
orientation T byte_order littleendian
Reading image: /opt/freesurfer/average/711-2C_as_mni_average_305.4dfp.img
dimensions:      256       256       256
mmppix:       1.0000   -1.0000   -1.0000
center:     128.0000 -129.0000 -129.0000
/opt/freesurfer/average/711-2B_as_mni_average_305_mask.4dfp.img
       256       256       256         1
  1.000000  1.000000  1.000000
orientation T byte_order littleendian
Reading mask: /opt/freesurfer/average/711-2B_as_mni_average_305_mask.4dfp.img (2306576 pixels)
talsrcimg_g11.4dfp.img
       256       256       256         1
  1.000000  1.000000  1.000000
orientation T byte_order littleendian
Reading image: talsrcimg_g11.4dfp.img
dimensions:      256       256       256
mmppix:       1.0000   -1.0000   -1.0000
center:     128.0000 -129.0000 -129.0000
rotation matrix determinant  1.000000
image alignment mode   4355 decimal     1103 hex
   -7.5000  -45.0000  -45.0000 1942.3241   25.4649
    0.0000  -45.0000  -45.0000 1946.5378   25.1316
    7.5000  -45.0000  -45.0000 1944.1376   25.2414
   -7.5000  -37.5000  -45.0000 2053.3591   22.9751
    0.0000  -37.5000  -45.0000 2058.1421   22.7068
    7.5000  -37.5000  -45.0000 2055.4734   22.6965
   -7.5000  -30.0000  -45.0000 2145.8364   20.9755
    0.0000  -30.0000  -45.0000 2157.5662   20.8034
    7.5000  -30.0000  -45.0000 2149.1213   20.7216
   -7.5000  -22.5000  -45.0000 2218.8469   19.4038
    0.0000  -22.5000  -45.0000 2231.6938   19.2621
    7.5000  -22.5000  -45.0000 2222.6875   19.1774
   -7.5000  -15.0000  -45.0000 2280.0012   18.2998
    0.0000  -15.0000  -45.0000 2297.1431   18.2210
    7.5000  -15.0000  -45.0000 2287.0264   18.1220
   -7.5000   -7.5000  -45.0000 2316.7839   17.7257
    0.0000   -7.5000  -45.0000 2339.8259   17.6587
    7.5000   -7.5000  -45.0000 2322.6306   17.5330
   -7.5000    0.0000  -45.0000 2341.6697   17.3993
    0.0000    0.0000  -45.0000 2365.1211   17.3060
    7.5000    0.0000  -45.0000 2342.5195   17.1926
   -7.5000    7.5000  -45.0000 2352.9568   17.3889
    0.0000    7.5000  -45.0000 2379.7512   17.2705
    7.5000    7.5000  -45.0000 2359.4592   17.1921
   -7.5000   15.0000  -45.0000 2361.5427   17.5650
    0.0000   15.0000  -45.0000 2385.9006   17.4657
    7.5000   15.0000  -45.0000 2368.0906   17.4094
   -7.5000   22.5000  -45.0000 2360.0254   18.0791
    0.0000   22.5000  -45.0000 2382.6379   17.9791
    7.5000   22.5000  -45.0000 2359.2913   17.8781
   -7.5000   30.0000  -45.0000 2325.6770   18.8139
    0.0000   30.0000  -45.0000 2348.7405   18.7141
    7.5000   30.0000  -45.0000 2325.7100   18.6237
   -7.5000   37.5000  -45.0000 2266.1160   19.7601
    0.0000   37.5000  -45.0000 2294.5151   19.6667
    7.5000   37.5000  -45.0000 2270.9243   19.5442
   -7.5000   45.0000  -45.0000 2193.9548   21.0893
    0.0000   45.0000  -45.0000 2214.7432   20.9234
    7.5000   45.0000  -45.0000 2187.7478   20.8779
   -7.5000  -45.0000  -37.5000 1984.0288   24.1627
    0.0000  -45.0000  -37.5000 1998.1847   24.0458
    7.5000  -45.0000  -37.5000 1996.1392   23.9711
   -7.5000  -37.5000  -37.5000 2107.5154   21.8294
    0.0000  -37.5000  -37.5000 2124.7842   21.7010
    7.5000  -37.5000  -37.5000 2117.9138   21.5748
   -7.5000  -30.0000  -37.5000 2205.9031   19.8905
    0.0000  -30.0000  -37.5000 2225.2351   19.7697
    7.5000  -30.0000  -37.5000 2217.5645   19.6355
   -7.5000  -22.5000  -37.5000 2282.1025   18.2787
    0.0000  -22.5000  -37.5000 2308.7524   18.1664
    7.5000  -22.5000  -37.5000 2294.7090   18.0714
   -7.5000  -15.0000  -37.5000 2355.6025   17.1225
    0.0000  -15.0000  -37.5000 2381.1274   17.0157
    7.5000  -15.0000  -37.5000 2366.6445   16.9654
   -7.5000   -7.5000  -37.5000 2399.6997   16.4733
    0.0000   -7.5000  -37.5000 2420.2344   16.4004
    7.5000   -7.5000  -37.5000 2408.1033   16.2911
   -7.5000    0.0000  -37.5000 2425.3950   16.1620
    0.0000    0.0000  -37.5000 2447.8528   16.0548
    7.5000    0.0000  -37.5000 2434.7087   15.9370
   -7.5000    7.5000  -37.5000 2443.7231   16.1501
    0.0000    7.5000  -37.5000 2464.9941   16.0212
    7.5000    7.5000  -37.5000 2456.1414   15.9414
   -7.5000   15.0000  -37.5000 2455.7229   16.3669
    0.0000   15.0000  -37.5000 2480.4446   16.2563
    7.5000   15.0000  -37.5000 2463.8140   16.2056
   -7.5000   22.5000  -37.5000 2453.3928   16.8393
    0.0000   22.5000  -37.5000 2476.2610   16.7208
    7.5000   22.5000  -37.5000 2459.9636   16.6746
   -7.5000   30.0000  -37.5000 2420.7266   17.5178
    0.0000   30.0000  -37.5000 2446.9414   17.4322
    7.5000   30.0000  -37.5000 2431.5364   17.3902
   -7.5000   37.5000  -37.5000 2359.9236   18.3835
    0.0000   37.5000  -37.5000 2389.0811   18.3079
    7.5000   37.5000  -37.5000 2374.8743   18.2629
   -7.5000   45.0000  -37.5000 2276.8088   19.5621
    0.0000   45.0000  -37.5000 2303.7883   19.4593
    7.5000   45.0000  -37.5000 2284.2078   19.4516
   -7.5000  -45.0000  -30.0000 2057.1641   24.0675
    0.0000  -45.0000  -30.0000 2085.2261   23.9336
    7.5000  -45.0000  -30.0000 2079.9915   23.7768
   -7.5000  -37.5000  -30.0000 2188.0369   21.6750
    0.0000  -37.5000  -30.0000 2222.3374   21.5843
    7.5000  -37.5000  -30.0000 2212.6433   21.4152
   -7.5000  -30.0000  -30.0000 2303.8557   19.6988
    0.0000  -30.0000  -30.0000 2334.3904   19.6141
    7.5000  -30.0000  -30.0000 2323.1978   19.4510
   -7.5000  -22.5000  -30.0000 2396.2429   18.0996
    0.0000  -22.5000  -30.0000 2422.8809   17.9771
    7.5000  -22.5000  -30.0000 2410.2883   17.8624
   -7.5000  -15.0000  -30.0000 2465.8484   16.8450
    0.0000  -15.0000  -30.0000 2486.8059   16.7096
    7.5000  -15.0000  -30.0000 2477.1914   16.6271
   -7.5000   -7.5000  -30.0000 2519.3340   15.9595
    0.0000   -7.5000  -30.0000 2537.8787   15.8443
    7.5000   -7.5000  -30.0000 2535.5879   15.7919
   -7.5000    0.0000  -30.0000 2557.1279   15.5737
    0.0000    0.0000  -30.0000 2576.2058   15.4833
    7.5000    0.0000  -30.0000 2567.8831   15.4284
   -7.5000    7.5000  -30.0000 2576.6956   15.5558
    0.0000    7.5000  -30.0000 2595.9700   15.4454
    7.5000    7.5000  -30.0000 2593.8838   15.4251
   -7.5000   15.0000  -30.0000 2586.6680   15.8572
    0.0000   15.0000  -30.0000 2611.3335   15.7483
    7.5000   15.0000  -30.0000 2606.6943   15.7475
   -7.5000   22.5000  -30.0000 2586.3506   16.3644
    0.0000   22.5000  -30.0000 2612.4119   16.2528
    7.5000   22.5000  -30.0000 2607.6621   16.2436
   -7.5000   30.0000  -30.0000 2548.6917   16.9846
    0.0000   30.0000  -30.0000 2579.6638   16.8874
    7.5000   30.0000  -30.0000 2574.4392   16.9019
   -7.5000   37.5000  -30.0000 2491.4382   17.8224
    0.0000   37.5000  -30.0000 2523.5940   17.7157
    7.5000   37.5000  -30.0000 2518.1699   17.7580
   -7.5000   45.0000  -30.0000 2407.1157   19.0295
    0.0000   45.0000  -30.0000 2436.8098   18.8956
    7.5000   45.0000  -30.0000 2430.9712   18.9251
   -7.5000  -45.0000  -22.5000 2119.2156   23.9730
    0.0000  -45.0000  -22.5000 2150.3357   23.8073
    7.5000  -45.0000  -22.5000 2139.0496   23.6378
   -7.5000  -37.5000  -22.5000 2256.1680   21.4803
    0.0000  -37.5000  -22.5000 2289.4836   21.3381
    7.5000  -37.5000  -22.5000 2276.4187   21.2250
   -7.5000  -30.0000  -22.5000 2376.2205   19.4553
    0.0000  -30.0000  -22.5000 2408.1550   19.3088
    7.5000  -30.0000  -22.5000 2394.1843   19.2099
   -7.5000  -22.5000  -22.5000 2471.5500   17.8132
    0.0000  -22.5000  -22.5000 2500.1704   17.6348
    7.5000  -22.5000  -22.5000 2488.4285   17.5991
   -7.5000  -15.0000  -22.5000 2541.7146   16.5123
    0.0000  -15.0000  -22.5000 2565.7727   16.3450
    7.5000  -15.0000  -22.5000 2558.3533   16.2957
   -7.5000   -7.5000  -22.5000 2598.3972   15.4955
    0.0000   -7.5000  -22.5000 2621.7957   15.3549
    7.5000   -7.5000  -22.5000 2624.1804   15.3223
   -7.5000    0.0000  -22.5000 2641.3193   14.9583
    0.0000    0.0000  -22.5000 2662.6382   14.8687
    7.5000    0.0000  -22.5000 2663.0796   14.8747
   -7.5000    7.5000  -22.5000 2674.2500   14.8920
    0.0000    7.5000  -22.5000 2693.2778   14.7969
    7.5000    7.5000  -22.5000 2695.8418   14.8036
   -7.5000   15.0000  -22.5000 2691.3633   15.2288
    0.0000   15.0000  -22.5000 2718.2737   15.1222
    7.5000   15.0000  -22.5000 2715.5342   15.1193
   -7.5000   22.5000  -22.5000 2695.2769   15.7424
    0.0000   22.5000  -22.5000 2725.9058   15.6395
    7.5000   22.5000  -22.5000 2716.2739   15.6279
   -7.5000   30.0000  -22.5000 2659.4495   16.3850
    0.0000   30.0000  -22.5000 2691.6797   16.2719
    7.5000   30.0000  -22.5000 2685.8835   16.2857
   -7.5000   37.5000  -22.5000 2600.2385   17.1832
    0.0000   37.5000  -22.5000 2630.0388   17.0497
    7.5000   37.5000  -22.5000 2624.7400   17.0889
   -7.5000   45.0000  -22.5000 2509.4089   18.3448
    0.0000   45.0000  -22.5000 2539.9116   18.2169
    7.5000   45.0000  -22.5000 2532.9927   18.2334
   -7.5000  -45.0000  -15.0000 2149.5750   23.7668
    0.0000  -45.0000  -15.0000 2175.4590   23.5956
    7.5000  -45.0000  -15.0000 2156.7856   23.4745
   -7.5000  -37.5000  -15.0000 2283.3574   21.1980
    0.0000  -37.5000  -15.0000 2306.2417   21.0047
    7.5000  -37.5000  -15.0000 2292.0913   20.9761
   -7.5000  -30.0000  -15.0000 2403.2517   19.1493
    0.0000  -30.0000  -15.0000 2426.8210   18.9268
    7.5000  -30.0000  -15.0000 2414.3057   18.9603
   -7.5000  -22.5000  -15.0000 2497.7637   17.4845
    0.0000  -22.5000  -15.0000 2523.1345   17.2754
    7.5000  -22.5000  -15.0000 2513.6055   17.3086
   -7.5000  -15.0000  -15.0000 2572.9373   16.1524
    0.0000  -15.0000  -15.0000 2595.2410   15.9388
    7.5000  -15.0000  -15.0000 2592.0918   15.9532
   -7.5000   -7.5000  -15.0000 2640.3784   15.1268
    0.0000   -7.5000  -15.0000 2668.0486   14.9372
    7.5000   -7.5000  -15.0000 2660.6099   14.9294
   -7.5000    0.0000  -15.0000 2688.8918   14.4918
    0.0000    0.0000  -15.0000 2715.5042   14.3140
    7.5000    0.0000  -15.0000 2709.3430   14.3479
   -7.5000    7.5000  -15.0000 2731.7617   14.3153
    0.0000    7.5000  -15.0000 2749.8447   14.1509
    7.5000    7.5000  -15.0000 2751.5056   14.1977
   -7.5000   15.0000  -15.0000 2762.7742   14.5833
    0.0000   15.0000  -15.0000 2782.3547   14.4599
    7.5000   15.0000  -15.0000 2782.3882   14.4587
   -7.5000   22.5000  -15.0000 2764.8694   15.0676
    0.0000   22.5000  -15.0000 2787.5178   14.9637
    7.5000   22.5000  -15.0000 2782.8418   14.9292
   -7.5000   30.0000  -15.0000 2729.3379   15.7196
    0.0000   30.0000  -15.0000 2750.8318   15.6020
    7.5000   30.0000  -15.0000 2751.0466   15.6240
   -7.5000   37.5000  -15.0000 2669.8032   16.5756
    0.0000   37.5000  -15.0000 2691.1589   16.4162
    7.5000   37.5000  -15.0000 2691.2427   16.5042
   -7.5000   45.0000  -15.0000 2580.0083   17.7407
    0.0000   45.0000  -15.0000 2598.7544   17.5474
    7.5000   45.0000  -15.0000 2600.5796   17.6552
   -7.5000  -45.0000   -7.5000 2143.7849   23.5651
    0.0000  -45.0000   -7.5000 2167.4905   23.3088
    7.5000  -45.0000   -7.5000 2157.0928   23.2781
   -7.5000  -37.5000   -7.5000 2273.1831   20.9452
    0.0000  -37.5000   -7.5000 2298.8660   20.6740
    7.5000  -37.5000   -7.5000 2288.9397   20.7307
   -7.5000  -30.0000   -7.5000 2397.0591   18.8767
    0.0000  -30.0000   -7.5000 2417.4856   18.5649
    7.5000  -30.0000   -7.5000 2409.6382   18.6499
   -7.5000  -22.5000   -7.5000 2501.1270   17.2251
    0.0000  -22.5000   -7.5000 2518.3718   16.9572
    7.5000  -22.5000   -7.5000 2511.3071   16.9993
   -7.5000  -15.0000   -7.5000 2586.5371   15.8733
    0.0000  -15.0000   -7.5000 2605.6460   15.6228
    7.5000  -15.0000   -7.5000 2600.5076   15.6592
   -7.5000   -7.5000   -7.5000 2663.2515   14.8848
    0.0000   -7.5000   -7.5000 2686.6929   14.6295
    7.5000   -7.5000   -7.5000 2681.9087   14.6586
   -7.5000    0.0000   -7.5000 2724.1738   14.1931
    0.0000    0.0000   -7.5000 2750.0146   13.9019
    7.5000    0.0000   -7.5000 2745.0610   13.9769
   -7.5000    7.5000   -7.5000 2773.0276   13.8695
    0.0000    7.5000   -7.5000 2789.3171   13.5909
    7.5000    7.5000   -7.5000 2782.1194   13.6862
   -7.5000   15.0000   -7.5000 2808.7891   14.0201
    0.0000   15.0000   -7.5000 2817.5466   13.8206
    7.5000   15.0000   -7.5000 2815.1807   13.8361
   -7.5000   22.5000   -7.5000 2814.1091   14.5322
    0.0000   22.5000   -7.5000 2825.3516   14.3071
    7.5000   22.5000   -7.5000 2824.4819   14.3557
   -7.5000   30.0000   -7.5000 2783.8169   15.2689
    0.0000   30.0000   -7.5000 2789.9099   14.9584
    7.5000   30.0000   -7.5000 2796.2590   15.1049
   -7.5000   37.5000   -7.5000 2720.2620   16.1716
    0.0000   37.5000   -7.5000 2727.4426   15.8763
    7.5000   37.5000   -7.5000 2727.6541   16.0608
   -7.5000   45.0000   -7.5000 2629.7480   17.3607
    0.0000   45.0000   -7.5000 2631.6953   17.0408
    7.5000   45.0000   -7.5000 2628.8203   17.2142
   -7.5000  -45.0000    0.0000 2116.4038   23.8028
    0.0000  -45.0000    0.0000 2137.6868   23.4010
    7.5000  -45.0000    0.0000 2138.0271   23.4185
   -7.5000  -37.5000    0.0000 2235.9119   21.0404
    0.0000  -37.5000    0.0000 2254.6382   20.6981
    7.5000  -37.5000    0.0000 2256.5117   20.7599
   -7.5000  -30.0000    0.0000 2356.2471   18.8884
    0.0000  -30.0000    0.0000 2371.9990   18.5619
    7.5000  -30.0000    0.0000 2374.7219   18.6223
   -7.5000  -22.5000    0.0000 2470.4019   17.2278
    0.0000  -22.5000    0.0000 2480.4827   16.9071
    7.5000  -22.5000    0.0000 2484.2261   16.9880
   -7.5000  -15.0000    0.0000 2562.1890   15.8725
    0.0000  -15.0000    0.0000 2570.9160   15.5966
    7.5000  -15.0000    0.0000 2580.8093   15.6839
   -7.5000   -7.5000    0.0000 2652.8403   14.9295
    0.0000   -7.5000    0.0000 2660.2705   14.6572
    7.5000   -7.5000    0.0000 2669.3599   14.7272
   -7.5000    0.0000    0.0000 2733.1858   14.2082
    0.0000    0.0000    0.0000 2747.4800   13.9181
    7.5000    0.0000    0.0000 2752.9536   14.0044
   -7.5000    7.5000    0.0000 2783.6841   13.7574
    0.0000    7.5000    0.0000 2789.0713   13.3625
    7.5000    7.5000    0.0000 2790.8262   13.5876
   -7.5000   15.0000    0.0000 2828.5720   13.8114
    0.0000   15.0000    0.0000 2825.1445   13.3801
    7.5000   15.0000    0.0000 2836.8313   13.6611
   -7.5000   22.5000    0.0000 2831.7986   14.3126
    0.0000   22.5000    0.0000 2830.8999   13.9410
    7.5000   22.5000    0.0000 2850.5513   14.1712
   -7.5000   30.0000    0.0000 2799.4858   15.0164
    0.0000   30.0000    0.0000 2808.8501   14.7571
    7.5000   30.0000    0.0000 2819.7788   14.9270
   -7.5000   37.5000    0.0000 2730.7236   15.9943
    0.0000   37.5000    0.0000 2742.7783   15.7911
    7.5000   37.5000    0.0000 2745.5073   15.9115
   -7.5000   45.0000    0.0000 2635.3286   17.2543
    0.0000   45.0000    0.0000 2643.7747   17.0220
    7.5000   45.0000    0.0000 2644.0696   17.1183
   -7.5000  -45.0000    7.5000 2081.5498   24.5305
    0.0000  -45.0000    7.5000 2092.8264   24.0922
    7.5000  -45.0000    7.5000 2099.6030   24.1943
   -7.5000  -37.5000    7.5000 2193.3455   21.6139
    0.0000  -37.5000    7.5000 2206.3018   21.2106
    7.5000  -37.5000    7.5000 2211.0618   21.3478
   -7.5000  -30.0000    7.5000 2306.2317   19.3138
    0.0000  -30.0000    7.5000 2315.5083   18.8951
    7.5000  -30.0000    7.5000 2322.6155   19.0619
   -7.5000  -22.5000    7.5000 2421.1306   17.5747
    0.0000  -22.5000    7.5000 2418.8979   17.1595
    7.5000  -22.5000    7.5000 2434.4294   17.3280
   -7.5000  -15.0000    7.5000 2523.9172   16.3300
    0.0000  -15.0000    7.5000 2514.0740   15.9368
    7.5000  -15.0000    7.5000 2541.2551   16.1042
   -7.5000   -7.5000    7.5000 2624.5930   15.3825
    0.0000   -7.5000    7.5000 2614.9429   15.1065
    7.5000   -7.5000    7.5000 2650.6340   15.2350
   -7.5000    0.0000    7.5000 2720.1384   14.7404
    0.0000    0.0000    7.5000 2737.1746   14.6225
    7.5000    0.0000    7.5000 2756.5190   14.7197
   -7.5000    7.5000    7.5000 2786.6943   14.2281
    0.0000    7.5000    7.5000 2813.5107   13.9763
    7.5000    7.5000    7.5000 2812.3501   14.1935
   -7.5000   15.0000    7.5000 2822.9595   14.0673
    0.0000   15.0000    7.5000 2838.8860   13.7081
    7.5000   15.0000    7.5000 2840.5325   13.9802
   -7.5000   22.5000    7.5000 2828.6104   14.3459
    0.0000   22.5000    7.5000 2853.8630   14.1200
    7.5000   22.5000    7.5000 2848.0120   14.2404
   -7.5000   30.0000    7.5000 2792.7996   15.0571
    0.0000   30.0000    7.5000 2825.3801   14.9272
    7.5000   30.0000    7.5000 2818.5417   14.9756
   -7.5000   37.5000    7.5000 2721.4763   16.1092
    0.0000   37.5000    7.5000 2752.7925   16.0069
    7.5000   37.5000    7.5000 2742.6106   16.0207
   -7.5000   45.0000    7.5000 2622.5591   17.4063
    0.0000   45.0000    7.5000 2649.7073   17.2984
    7.5000   45.0000    7.5000 2638.9048   17.3043
   -7.5000  -45.0000   15.0000 2030.1730   25.6182
    0.0000  -45.0000   15.0000 2034.8027   25.1235
    7.5000  -45.0000   15.0000 2045.8042   25.3135
   -7.5000  -37.5000   15.0000 2139.8123   22.5731
    0.0000  -37.5000   15.0000 2139.8062   22.0660
    7.5000  -37.5000   15.0000 2152.5513   22.3209
   -7.5000  -30.0000   15.0000 2258.0964   20.2679
    0.0000  -30.0000   15.0000 2253.2090   19.7896
    7.5000  -30.0000   15.0000 2267.6489   20.0233
   -7.5000  -22.5000   15.0000 2379.8394   18.5011
    0.0000  -22.5000   15.0000 2374.2427   18.1403
    7.5000  -22.5000   15.0000 2393.1753   18.3663
   -7.5000  -15.0000   15.0000 2486.4407   17.2609
    0.0000  -15.0000   15.0000 2493.5020   17.0627
    7.5000  -15.0000   15.0000 2510.9822   17.2170
   -7.5000   -7.5000   15.0000 2592.8042   16.2748
    0.0000   -7.5000   15.0000 2614.9182   16.2619
    7.5000   -7.5000   15.0000 2627.7900   16.3418
   -7.5000    0.0000   15.0000 2681.0303   15.5803
    0.0000    0.0000   15.0000 2729.7825   15.6940
    7.5000    0.0000   15.0000 2720.3132   15.6832
   -7.5000    7.5000   15.0000 2748.7754   15.0135
    0.0000    7.5000   15.0000 2791.2966   14.9128
    7.5000    7.5000   15.0000 2776.4944   15.0587
   -7.5000   15.0000   15.0000 2783.9531   14.8134
    0.0000   15.0000   15.0000 2834.3989   14.7935
    7.5000   15.0000   15.0000 2804.6733   14.7945
   -7.5000   22.5000   15.0000 2787.6226   14.9515
    0.0000   22.5000   15.0000 2833.5535   14.9305
    7.5000   22.5000   15.0000 2805.8838   14.9265
   -7.5000   30.0000   15.0000 2748.3665   15.4743
    0.0000   30.0000   15.0000 2793.6089   15.4424
    7.5000   30.0000   15.0000 2768.6013   15.4391
   -7.5000   37.5000   15.0000 2689.9192   16.4227
    0.0000   37.5000   15.0000 2726.2407   16.3529
    7.5000   37.5000   15.0000 2708.3079   16.3494
   -7.5000   45.0000   15.0000 2593.2212   17.7423
    0.0000   45.0000   15.0000 2620.2947   17.6359
    7.5000   45.0000   15.0000 2609.2339   17.6153
   -7.5000  -45.0000   22.5000 1977.9879   27.3529
    0.0000  -45.0000   22.5000 1985.2284   27.0730
    7.5000  -45.0000   22.5000 1990.1279   27.1896
   -7.5000  -37.5000   22.5000 2092.3538   24.0324
    0.0000  -37.5000   22.5000 2115.0911   23.9704
    7.5000  -37.5000   22.5000 2110.5955   24.0759
   -7.5000  -30.0000   22.5000 2216.9431   21.6457
    0.0000  -30.0000   22.5000 2247.7466   21.6699
    7.5000  -30.0000   22.5000 2239.6487   21.7825
   -7.5000  -22.5000   22.5000 2344.3337   19.8696
    0.0000  -22.5000   22.5000 2377.5864   19.8846
    7.5000  -22.5000   22.5000 2371.2026   20.0334
   -7.5000  -15.0000   22.5000 2455.4424   18.5195
    0.0000  -15.0000   22.5000 2485.2134   18.4565
    7.5000  -15.0000   22.5000 2485.6169   18.6196
   -7.5000   -7.5000   22.5000 2555.5234   17.4328
    0.0000   -7.5000   22.5000 2582.8472   17.3408
    7.5000   -7.5000   22.5000 2585.3264   17.4463
   -7.5000    0.0000   22.5000 2636.4094   16.6096
    0.0000    0.0000   22.5000 2659.6736   16.4167
    7.5000    0.0000   22.5000 2668.4521   16.5844
   -7.5000    7.5000   22.5000 2701.8796   15.9110
    0.0000    7.5000   22.5000 2717.9316   15.6652
    7.5000    7.5000   22.5000 2719.8845   15.8570
   -7.5000   15.0000   22.5000 2737.2605   15.7665
    0.0000   15.0000   22.5000 2759.5010   15.5782
    7.5000   15.0000   22.5000 2755.2029   15.7099
   -7.5000   22.5000   22.5000 2733.3237   15.9368
    0.0000   22.5000   22.5000 2763.1201   15.7871
    7.5000   22.5000   22.5000 2754.3110   15.9056
   -7.5000   30.0000   22.5000 2685.2002   16.3706
    0.0000   30.0000   22.5000 2724.0146   16.2897
    7.5000   30.0000   22.5000 2712.9666   16.3841
   -7.5000   37.5000   22.5000 2629.0491   17.1407
    0.0000   37.5000   22.5000 2666.1782   17.1041
    7.5000   37.5000   22.5000 2654.1013   17.1691
   -7.5000   45.0000   22.5000 2543.2446   18.3044
    0.0000   45.0000   22.5000 2576.7058   18.2053
    7.5000   45.0000   22.5000 2566.9705   18.2728
   -7.5000  -45.0000   30.0000 1921.0774   29.6183
    0.0000  -45.0000   30.0000 1958.8312   29.9027
    7.5000  -45.0000   30.0000 1951.4117   29.7379
   -7.5000  -37.5000   30.0000 2054.3684   26.1192
    0.0000  -37.5000   30.0000 2097.1816   26.3897
    7.5000  -37.5000   30.0000 2080.8682   26.3624
   -7.5000  -30.0000   30.0000 2181.2627   23.5432
    0.0000  -30.0000   30.0000 2216.1541   23.6570
    7.5000  -30.0000   30.0000 2199.9688   23.7269
   -7.5000  -22.5000   30.0000 2302.3140   21.4929
    0.0000  -22.5000   30.0000 2329.2102   21.4069
    7.5000  -22.5000   30.0000 2318.5220   21.6117
   -7.5000  -15.0000   30.0000 2412.2371   19.9012
    0.0000  -15.0000   30.0000 2434.8333   19.6957
    7.5000  -15.0000   30.0000 2431.1414   19.8936
   -7.5000   -7.5000   30.0000 2503.0959   18.6507
    0.0000   -7.5000   30.0000 2525.7820   18.3567
    7.5000   -7.5000   30.0000 2531.2681   18.5971
   -7.5000    0.0000   30.0000 2576.1248   17.6022
    0.0000    0.0000   30.0000 2586.4946   17.2405
    7.5000    0.0000   30.0000 2599.0815   17.5702
   -7.5000    7.5000   30.0000 2638.5273   16.8977
    0.0000    7.5000   30.0000 2635.3987   16.5443
    7.5000    7.5000   30.0000 2648.3606   16.8543
   -7.5000   15.0000   30.0000 2663.4922   16.7584
    0.0000   15.0000   30.0000 2671.9390   16.4665
    7.5000   15.0000   30.0000 2673.9707   16.6830
   -7.5000   22.5000   30.0000 2654.8330   16.9919
    0.0000   22.5000   30.0000 2666.8372   16.7262
    7.5000   22.5000   30.0000 2673.3662   16.9070
   -7.5000   30.0000   30.0000 2607.3701   17.4393
    0.0000   30.0000   30.0000 2628.2375   17.2095
    7.5000   30.0000   30.0000 2630.3643   17.4059
   -7.5000   37.5000   30.0000 2552.4805   18.1613
    0.0000   37.5000   30.0000 2582.5359   17.9696
    7.5000   37.5000   30.0000 2577.8193   18.1531
   -7.5000   45.0000   30.0000 2477.4187   19.2553
    0.0000   45.0000   30.0000 2506.4070   19.0943
    7.5000   45.0000   30.0000 2496.0708   19.2416
   -7.5000  -45.0000   37.5000 1871.7539   32.3269
    0.0000  -45.0000   37.5000 1909.4545   32.5790
    7.5000  -45.0000   37.5000 1901.6219   32.3566
   -7.5000  -37.5000   37.5000 2003.3522   28.4076
    0.0000  -37.5000   37.5000 2037.7217   28.4934
    7.5000  -37.5000   37.5000 2025.2151   28.3889
   -7.5000  -30.0000   37.5000 2120.9363   25.4628
    0.0000  -30.0000   37.5000 2144.3174   25.2786
    7.5000  -30.0000   37.5000 2135.1655   25.4724
   -7.5000  -22.5000   37.5000 2236.4182   23.1824
    0.0000  -22.5000   37.5000 2258.8096   22.8548
    7.5000  -22.5000   37.5000 2249.7900   23.1261
   -7.5000  -15.0000   37.5000 2337.4761   21.3141
    0.0000  -15.0000   37.5000 2360.7349   20.9397
    7.5000  -15.0000   37.5000 2356.7744   21.2790
   -7.5000   -7.5000   37.5000 2425.5686   19.8826
    0.0000   -7.5000   37.5000 2444.8176   19.4701
    7.5000   -7.5000   37.5000 2446.7993   19.8396
   -7.5000    0.0000   37.5000 2500.5037   18.7438
    0.0000    0.0000   37.5000 2511.1211   18.3268
    7.5000    0.0000   37.5000 2512.5647   18.7253
   -7.5000    7.5000   37.5000 2551.6399   18.0726
    0.0000    7.5000   37.5000 2551.5640   17.6669
    7.5000    7.5000   37.5000 2556.8538   18.0243
   -7.5000   15.0000   37.5000 2572.5735   17.8986
    0.0000   15.0000   37.5000 2581.1819   17.5589
    7.5000   15.0000   37.5000 2579.5212   17.7823
   -7.5000   22.5000   37.5000 2561.8682   18.1319
    0.0000   22.5000   37.5000 2571.7922   17.8563
    7.5000   22.5000   37.5000 2577.6433   18.0494
   -7.5000   30.0000   37.5000 2517.3384   18.5785
    0.0000   30.0000   37.5000 2534.0696   18.3251
    7.5000   30.0000   37.5000 2540.7185   18.5342
   -7.5000   37.5000   37.5000 2463.2632   19.2733
    0.0000   37.5000   37.5000 2492.9058   19.0664
    7.5000   37.5000   37.5000 2491.6450   19.2783
   -7.5000   45.0000   37.5000 2401.4675   20.3618
    0.0000   45.0000   37.5000 2425.7188   20.1710
    7.5000   45.0000   37.5000 2417.5254   20.3552
   -7.5000  -45.0000   45.0000 1793.7238   35.2570
    0.0000  -45.0000   45.0000 1816.1508   35.1614
    7.5000  -45.0000   45.0000 1815.5482   35.1424
   -7.5000  -37.5000   45.0000 1931.0535   30.8586
    0.0000  -37.5000   45.0000 1951.4578   30.5462
    7.5000  -37.5000   45.0000 1949.3928   30.6882
   -7.5000  -30.0000   45.0000 2048.9155   27.5508
    0.0000  -30.0000   45.0000 2068.2087   27.1462
    7.5000  -30.0000   45.0000 2064.7209   27.4360
   -7.5000  -22.5000   45.0000 2157.1038   24.9624
    0.0000  -22.5000   45.0000 2181.4688   24.5645
    7.5000  -22.5000   45.0000 2169.9253   24.9346
   -7.5000  -15.0000   45.0000 2250.6968   22.9972
    0.0000  -15.0000   45.0000 2272.9661   22.5209
    7.5000  -15.0000   45.0000 2264.5398   22.9456
   -7.5000   -7.5000   45.0000 2339.6460   21.4182
    0.0000   -7.5000   45.0000 2355.3850   20.8969
    7.5000   -7.5000   45.0000 2347.4893   21.3068
   -7.5000    0.0000   45.0000 2406.5510   20.2172
    0.0000    0.0000   45.0000 2417.7051   19.8100
    7.5000    0.0000   45.0000 2408.9810   20.1591
   -7.5000    7.5000   45.0000 2445.5034   19.5622
    0.0000    7.5000   45.0000 2450.9031   19.1492
    7.5000    7.5000   45.0000 2449.0273   19.4356
   -7.5000   15.0000   45.0000 2462.2708   19.3292
    0.0000   15.0000   45.0000 2473.5881   19.0132
    7.5000   15.0000   45.0000 2468.0010   19.1629
   -7.5000   22.5000   45.0000 2458.3064   19.5330
    0.0000   22.5000   45.0000 2469.1060   19.2694
    7.5000   22.5000   45.0000 2468.9421   19.4263
   -7.5000   30.0000   45.0000 2422.2124   20.0184
    0.0000   30.0000   45.0000 2443.8152   19.8177
    7.5000   30.0000   45.0000 2446.4968   19.9657
   -7.5000   37.5000   45.0000 2373.8052   20.7458
    0.0000   37.5000   45.0000 2404.4260   20.5575
    7.5000   37.5000   45.0000 2400.1484   20.6880
   -7.5000   45.0000   45.0000 2308.4092   21.7746
    0.0000   45.0000   45.0000 2340.5310   21.5717
    7.5000   45.0000   45.0000 2332.2312   21.6964

---------------------------------------------------------------------
imgreg_4dfp /opt/freesurfer/average/711-2C_as_mni_average_305 /opt/freesurfer/average/711-2B_as_mni_average_305_mask talsrcimg_g11 none talsrcimg_to_711-2C_as_mni_average_305_t4 1283
---------------------------------------------------------------------

freesurfer imgreg_4dfp.c
/opt/freesurfer/average/711-2C_as_mni_average_305.4dfp.img
       256       256       256         1
  1.000000  1.000000  1.000000
orientation T byte_order littleendian
Reading image: /opt/freesurfer/average/711-2C_as_mni_average_305.4dfp.img
dimensions:      256       256       256
mmppix:       1.0000   -1.0000   -1.0000
center:     128.0000 -129.0000 -129.0000
/opt/freesurfer/average/711-2B_as_mni_average_305_mask.4dfp.img
       256       256       256         1
  1.000000  1.000000  1.000000
orientation T byte_order littleendian
Reading mask: /opt/freesurfer/average/711-2B_as_mni_average_305_mask.4dfp.img (2306576 pixels)
talsrcimg_g11.4dfp.img
       256       256       256         1
  1.000000  1.000000  1.000000
orientation T byte_order littleendian
Reading image: talsrcimg_g11.4dfp.img
dimensions:      256       256       256
mmppix:       1.0000   -1.0000   -1.0000
center:     128.0000 -129.0000 -129.0000
rotation matrix determinant  1.000000
fimgreg.f
image alignment mode   1283 decimal      503 hex
parameters
    0.0000   22.5000    7.5000    0.0000    0.0000    0.0000
eta,q 0.89571 14.18873
niter,ni,del,rscale     5    3   12.0000    1.2000
parameter  1  0.076711 -> -0.500000 qaram    1.1500
parameter  2  0.509356 ->  0.500000 qaram    1.1500
parameter  4 -2.083828 ->  0.500000 qaram    1.1500
parameter  5  0.828600 ->  0.500000 qaram    1.1500
parameter  6  0.554099 ->  0.500000 qaram    1.1500
parameters
    3.4500   19.0500    8.1606   -3.4500   -3.4500   -3.4500
eta,q 0.89585 13.63418
  0.1093  0.1084  0.1127  0.1026  0.1033  0.1048
  0.1081  0.1100  0.1120  0.1043  0.1044  0.1042
  0.1092  0.1097  0.1106  0.1069  0.1059  0.1044
  0.1120  0.1086  0.1107  0.1107  0.1050  0.1050
  0.1125  0.1101  0.1094  0.1129  0.1067  0.1058
  0.1080  0.1125  0.1098  0.1140  0.1112  0.1066
  0.1065  0.1154  0.1128  0.1149  0.1138  0.1082
niter,ni,del,rscale     7    3   12.0000    1.2000
parameter  4  0.672288 ->  0.500000 qaram    1.3225
parameters
    3.5419   16.9518   10.4765   -7.4175   -2.4057   -2.9777
eta,q 0.90231 14.05271
  0.1108  0.1067  0.1088  0.0978  0.1073  0.1069
  0.1113  0.1050  0.1097  0.0974  0.1028  0.1019
  0.1059  0.1032  0.1079  0.0980  0.0993  0.0984
  0.1041  0.1042  0.1030  0.0992  0.0975  0.0976
  0.1045  0.1073  0.0995  0.1023  0.0982  0.0988
  0.1062  0.1087  0.1008  0.1067  0.0999  0.1013
  0.1140  0.1091  0.1066  0.1111  0.1028  0.1039
niter,ni,del,rscale     7    3   12.0000    1.2000
parameters
    3.2693   17.5630    9.6407  -10.0704   -2.3939   -2.8536
eta,q 0.90346 13.97998
  0.1097  0.1105  0.1069  0.0984  0.1037  0.1040
  0.1052  0.1046  0.1031  0.0970  0.1000  0.0999
  0.0979  0.0996  0.0983  0.0965  0.0968  0.0973
  0.0977  0.0973  0.0971  0.0970  0.0965  0.0965
  0.1006  0.0981  0.1010  0.0984  0.0982  0.0979
  0.1035  0.1031  0.1074  0.1015  0.1002  0.1001
  0.1134  0.1061  0.1142  0.1070  0.1030  0.1029
niter,ni,del,rscale     6    3   12.0000    1.2000
parameters
    3.2366   18.2676    8.8294  -12.7241   -2.4711   -3.2327
eta,q 0.90451 13.86995
  0.1083  0.1087  0.1055  0.0984  0.1022  0.1016
  0.1042  0.1039  0.1025  0.0949  0.0984  0.0984
  0.0975  0.0983  0.0983  0.0955  0.0954  0.0965
  0.0965  0.0965  0.0970  0.0970  0.0955  0.0955
  0.0985  0.0987  0.1005  0.0978  0.0962  0.0967
  0.1010  0.1015  0.1062  0.1002  0.0983  0.0994
  0.1104  0.1042  0.1115  0.1038  0.1025  0.1031
niter,ni,del,rscale     5    3   12.0000    1.2000
parameters
    2.9992   19.4619    8.1588  -14.5509   -2.2662   -3.2268
eta,q 0.90676 13.76220
  0.1057  0.1084  0.1039  0.0994  0.1017  0.1020
  0.1028  0.1026  0.1007  0.0949  0.0977  0.0982
  0.0967  0.0979  0.0968  0.0925  0.0940  0.0948
  0.0955  0.0953  0.0960  0.0959  0.0932  0.0932
  0.0974  0.0975  0.0985  0.0982  0.0940  0.0946
  0.1004  0.0995  0.1032  0.0995  0.0965  0.0978
  0.1096  0.1013  0.1085  0.1032  0.1010  0.1023
niter,ni,del,rscale     4    3   12.0000    1.2000
parameters
    2.7141   20.3759    7.9137  -15.6118   -1.8493   -3.0661
eta,q 0.90700 13.76281
  0.1025  0.1073  0.1034  0.1003  0.1023  0.1027
  0.1007  0.1019  0.1010  0.0967  0.0982  0.0988
  0.0950  0.0963  0.0962  0.0926  0.0941  0.0948
  0.0932  0.0931  0.0943  0.0943  0.0929  0.0930
  0.0950  0.0971  0.0962  0.0977  0.0938  0.0943
  0.0981  0.0991  0.1010  0.0994  0.0964  0.0978
  0.1071  0.1010  0.1059  0.1029  0.1005  0.1022
niter,ni,del,rscale     3    3   12.0000    1.2000
parameters
    2.4349   20.8902    7.7980  -16.3215   -1.4741   -2.9589
eta,q 0.90684 13.78610
  0.1011  0.1066  0.1029  0.1009  0.1024  0.1028
  0.0998  0.1011  0.1012  0.0978  0.0984  0.0987
  0.0949  0.0946  0.0965  0.0936  0.0941  0.0948
  0.0930  0.0929  0.0938  0.0938  0.0931  0.0932
  0.0942  0.0975  0.0955  0.0976  0.0943  0.0947
  0.0971  0.0994  0.1003  0.0992  0.0968  0.0982
  0.1057  0.1021  0.1049  0.1028  0.1006  0.1023
niter,ni,del,rscale     2    3   12.0000    1.2000
parameters
    2.2569   21.1757    7.7142  -16.7677   -1.2348   -2.9299
eta,q 0.90659 13.79847
  0.1008  0.1063  0.1027  0.1013  0.1025  0.1026
  0.0995  0.1007  0.1011  0.0987  0.0981  0.0985
  0.0951  0.0942  0.0967  0.0945  0.0941  0.0949
  0.0932  0.0931  0.0936  0.0936  0.0933  0.0934
  0.0939  0.0977  0.0953  0.0974  0.0949  0.0950
  0.0965  0.0998  0.1001  0.0992  0.0973  0.0986
  0.1048  0.1031  0.1047  0.1025  0.1010  0.1023
niter,ni,del,rscale     1    3   12.0000    1.2000
parameters
    2.1864   21.3322    7.5983  -17.0523   -1.1203   -2.9378
eta,q 0.90636 13.79322
  0.1009  0.1060  0.1026  0.1015  0.1022  0.1026
  0.0996  0.1005  0.1010  0.0990  0.0979  0.0985
  0.0954  0.0942  0.0968  0.0951  0.0942  0.0950
  0.0934  0.0934  0.0936  0.0937  0.0936  0.0936
  0.0939  0.0978  0.0954  0.0972  0.0953  0.0952
  0.0962  0.1001  0.1001  0.0991  0.0975  0.0987
  0.1042  0.1036  0.1048  0.1023  0.1013  0.1024
registration optimization eta report
parameter search radius
    6.9000    6.9000    6.0000    7.9350    6.9000    6.9000
100000*second partial in parameter space
       19.       22.       26.       11.       17.       18.
  0.1009  0.1060  0.1026  0.1015  0.1022  0.1026
  0.0996  0.1005  0.1010  0.0990  0.0979  0.0985
  0.0954  0.0942  0.0968  0.0951  0.0942  0.0950
  0.0934  0.0934  0.0936  0.0937  0.0936  0.0936
  0.0939  0.0978  0.0954  0.0972  0.0953  0.0952
  0.0962  0.1001  0.1001  0.0991  0.0975  0.0987
  0.1042  0.1036  0.1048  0.1023  0.1013  0.1024
    2.1864   21.3322    7.5983  -17.0523   -1.1203   -2.9378
eta,q 0.90636 13.79322

---------------------------------------------------------------------
imgreg_4dfp /opt/freesurfer/average/711-2C_as_mni_average_305 /opt/freesurfer/average/711-2B_as_mni_average_305_mask talsrcimg_g11 none talsrcimg_to_711-2C_as_mni_average_305_t4 3335
---------------------------------------------------------------------

freesurfer imgreg_4dfp.c
/opt/freesurfer/average/711-2C_as_mni_average_305.4dfp.img
       256       256       256         1
  1.000000  1.000000  1.000000
orientation T byte_order littleendian
Reading image: /opt/freesurfer/average/711-2C_as_mni_average_305.4dfp.img
dimensions:      256       256       256
mmppix:       1.0000   -1.0000   -1.0000
center:     128.0000 -129.0000 -129.0000
/opt/freesurfer/average/711-2B_as_mni_average_305_mask.4dfp.img
       256       256       256         1
  1.000000  1.000000  1.000000
orientation T byte_order littleendian
Reading mask: /opt/freesurfer/average/711-2B_as_mni_average_305_mask.4dfp.img (2306576 pixels)
talsrcimg_g11.4dfp.img
       256       256       256         1
  1.000000  1.000000  1.000000
orientation T byte_order littleendian
Reading image: talsrcimg_g11.4dfp.img
dimensions:      256       256       256
mmppix:       1.0000   -1.0000   -1.0000
center:     128.0000 -129.0000 -129.0000
fimgreg.f
image alignment mode   3335 decimal      D07 hex
parameters
    2.1864   21.3322    7.5983   -0.1505   -4.4925   -4.4145
    4.3273    3.3697   -5.1242   29.1901   -1.9552  -29.3188
eta,q 0.90735 14.01136
niter,ni,del,rscale     5    3    5.0000    1.2000
parameter  2 -0.810017 -> -0.500000 qaram    1.1500
parameter  3  0.689486 ->  0.500000 qaram    1.1500
parameter  4 18.454689 ->  0.500000 qaram    1.1500
parameter  5 -4.508545 ->  0.500000 qaram    1.1500
parameter  6  1.440534 ->  0.500000 qaram    1.1500
parameter  9 -1.659524 -> -0.500000 qaram    1.1500
parameter 10 -1.005630 -> -0.500000 qaram    1.1500
parameter 12 -2.588564 -> -0.500000 qaram    1.1500
parameters
    1.8005   22.7122    6.2183   -4.2905   -8.6325   -8.5545
    2.3844    3.0228   -0.9842   33.3301   -1.6141  -25.1788
eta,q 0.93590 14.22026
  0.0939  0.0952  0.0914  0.0734  0.0737  0.0692  0.0717  0.0777  0.0721  0.0747  0.0718  0.0788
  0.0931  0.0943  0.0914  0.0778  0.0767  0.0702  0.0711  0.0738  0.0716  0.0732  0.0702  0.0754
  0.0926  0.0934  0.0915  0.0840  0.0783  0.0730  0.0707  0.0713  0.0711  0.0715  0.0691  0.0718
  0.0927  0.0926  0.0919  0.0914  0.0793  0.0772  0.0708  0.0707  0.0707  0.0701  0.0686  0.0686
  0.0931  0.0920  0.0926  0.0988  0.0807  0.0828  0.0714  0.0722  0.0703  0.0691  0.0688  0.0658
  0.0939  0.0919  0.0936  0.1052  0.0821  0.0882  0.0724  0.0750  0.0700  0.0685  0.0698  0.0635
  0.0951  0.0920  0.0949  0.1104  0.0842  0.0946  0.0737  0.0788  0.0699  0.0686  0.0714  0.0617
niter,ni,del,rscale     7    3    5.0000    1.2000
parameter  2  1.099887 ->  0.500000 qaram    1.3225
parameter  3  0.926278 ->  0.500000 qaram    1.3225
parameter  4  0.993648 ->  0.500000 qaram    1.3225
parameter  5 -6.352099 ->  0.500000 qaram    1.3225
parameter 10  1.103131 ->  0.500000 qaram    1.3225
parameter 12 -0.805911 -> -0.500000 qaram    1.3225
parameters
    1.4064   21.1252    4.6313   -9.0515  -13.3935  -11.4939
    3.7008    2.3929   -0.2390   28.5691    0.1498  -20.4178
eta,q 0.95617 13.98485
  0.0671  0.0625  0.0608  0.0519  0.0421  0.0488  0.0502  0.0512  0.0496  0.0438  0.0462  0.0492
  0.0651  0.0626  0.0605  0.0529  0.0456  0.0480  0.0489  0.0489  0.0484  0.0446  0.0454  0.0470
  0.0641  0.0631  0.0613  0.0555  0.0497  0.0472  0.0479  0.0477  0.0476  0.0456  0.0450  0.0457
  0.0641  0.0640  0.0627  0.0607  0.0534  0.0467  0.0473  0.0471  0.0472  0.0472  0.0448  0.0448
  0.0651  0.0652  0.0646  0.0694  0.0570  0.0494  0.0472  0.0476  0.0474  0.0494  0.0448  0.0441
  0.0671  0.0666  0.0669  0.0803  0.0605  0.0554  0.0477  0.0497  0.0479  0.0523  0.0449  0.0438
  0.0700  0.0681  0.0695  0.0900  0.0631  0.0648  0.0487  0.0537  0.0488  0.0561  0.0453  0.0436
niter,ni,del,rscale     7    3    5.0000    1.2000
parameter  2  2.740047 ->  0.500000 qaram    1.5209
parameter  3  2.196265 ->  0.500000 qaram    1.5209
parameter  5  0.800314 ->  0.500000 qaram    1.5209
parameter 10  0.732068 ->  0.500000 qaram    1.5209
parameters
    0.9353   19.3001    2.8063  -13.3820  -18.8686  -14.0568
    1.5763    0.9161   -2.1693   23.0940   -2.9355  -24.9738
eta,q 0.97524 13.79087
  0.0458  0.0361  0.0315  0.0336  0.0295  0.0300  0.0301  0.0310  0.0300  0.0259  0.0256  0.0255
  0.0444  0.0376  0.0330  0.0327  0.0287  0.0292  0.0289  0.0292  0.0287  0.0254  0.0254  0.0249
  0.0437  0.0403  0.0354  0.0325  0.0294  0.0288  0.0285  0.0283  0.0281  0.0261  0.0253  0.0248
  0.0438  0.0437  0.0383  0.0336  0.0325  0.0287  0.0288  0.0285  0.0283  0.0280  0.0255  0.0253
  0.0447  0.0474  0.0416  0.0374  0.0375  0.0293  0.0298  0.0295  0.0292  0.0312  0.0258  0.0263
  0.0462  0.0511  0.0452  0.0457  0.0432  0.0329  0.0314  0.0315  0.0307  0.0352  0.0263  0.0277
  0.0482  0.0547  0.0490  0.0586  0.0482  0.0394  0.0335  0.0347  0.0327  0.0402  0.0270  0.0294
niter,ni,del,rscale     7    3    5.0000    1.2000
parameter  3  0.743531 ->  0.500000 qaram    1.7490
parameters
    1.0027   18.2114    0.7074  -12.4171  -19.8695  -14.5174
    2.2001    1.1618   -1.6689   24.0654   -2.6757  -24.9358
eta,q 0.97795 13.80727
  0.0284  0.0274  0.0225  0.0273  0.0293  0.0266  0.0258  0.0268  0.0254  0.0295  0.0230  0.0250
  0.0265  0.0251  0.0221  0.0252  0.0260  0.0247  0.0240  0.0241  0.0238  0.0259  0.0225  0.0232
  0.0252  0.0242  0.0227  0.0234  0.0232  0.0231  0.0227  0.0226  0.0226  0.0234  0.0222  0.0223
  0.0248  0.0248  0.0242  0.0222  0.0219  0.0221  0.0222  0.0221  0.0221  0.0221  0.0221  0.0221
  0.0251  0.0268  0.0265  0.0214  0.0224  0.0219  0.0224  0.0226  0.0224  0.0224  0.0221  0.0225
  0.0262  0.0302  0.0295  0.0221  0.0263  0.0236  0.0233  0.0238  0.0233  0.0242  0.0224  0.0234
  0.0280  0.0350  0.0332  0.0269  0.0354  0.0298  0.0247  0.0261  0.0248  0.0275  0.0228  0.0248
niter,ni,del,rscale     7    3    5.0000    1.2000
parameters
    0.8455   18.2553   -0.0767  -12.3186  -19.9094  -15.1267
    2.2380    1.0793   -1.5111   24.7862   -2.8224  -24.9855
eta,q 0.97798 13.79793
  0.0250  0.0283  0.0251  0.0270  0.0300  0.0262  0.0252  0.0263  0.0250  0.0288  0.0227  0.0249
  0.0233  0.0251  0.0232  0.0249  0.0268  0.0244  0.0235  0.0238  0.0235  0.0254  0.0223  0.0231
  0.0223  0.0229  0.0221  0.0232  0.0238  0.0229  0.0224  0.0224  0.0225  0.0231  0.0221  0.0223
  0.0221  0.0220  0.0220  0.0219  0.0219  0.0219  0.0221  0.0221  0.0220  0.0220  0.0220  0.0220
  0.0226  0.0227  0.0232  0.0212  0.0218  0.0216  0.0224  0.0225  0.0224  0.0225  0.0221  0.0225
  0.0239  0.0248  0.0255  0.0225  0.0245  0.0236  0.0235  0.0239  0.0233  0.0241  0.0224  0.0234
  0.0259  0.0280  0.0288  0.0289  0.0324  0.0301  0.0251  0.0265  0.0248  0.0274  0.0227  0.0247
niter,ni,del,rscale     6    3    5.0000    1.2000
parameters
    0.8152   18.3745   -0.3401  -12.2227  -20.0129  -15.3837
    2.1963    1.1137   -1.4138   25.1281   -2.9674  -25.0023
eta,q 0.97793 13.79225
  0.0252  0.0283  0.0260  0.0271  0.0299  0.0264  0.0252  0.0265  0.0250  0.0283  0.0227  0.0249
  0.0235  0.0251  0.0239  0.0250  0.0268  0.0246  0.0235  0.0239  0.0235  0.0251  0.0223  0.0232
  0.0224  0.0229  0.0225  0.0233  0.0238  0.0231  0.0224  0.0225  0.0225  0.0230  0.0221  0.0223
  0.0220  0.0220  0.0220  0.0220  0.0220  0.0220  0.0221  0.0221  0.0221  0.0221  0.0221  0.0221
  0.0224  0.0226  0.0227  0.0213  0.0220  0.0216  0.0225  0.0225  0.0224  0.0226  0.0222  0.0225
  0.0235  0.0245  0.0245  0.0226  0.0246  0.0229  0.0236  0.0238  0.0234  0.0243  0.0224  0.0234
  0.0254  0.0276  0.0273  0.0290  0.0325  0.0291  0.0252  0.0264  0.0249  0.0278  0.0227  0.0247
niter,ni,del,rscale     5    3    5.0000    1.2000
parameters
    0.8125   18.4509   -0.4616  -12.1837  -20.0964  -15.5062
    2.1589    1.1422   -1.3648   25.3109   -3.0438  -25.0189
eta,q 0.97788 13.78805
  0.0253  0.0282  0.0262  0.0272  0.0300  0.0264  0.0252  0.0265  0.0250  0.0281  0.0227  0.0249
  0.0236  0.0250  0.0241  0.0250  0.0268  0.0247  0.0236  0.0239  0.0235  0.0250  0.0224  0.0232
  0.0225  0.0229  0.0227  0.0233  0.0239  0.0232  0.0225  0.0225  0.0225  0.0229  0.0222  0.0223
  0.0221  0.0221  0.0221  0.0221  0.0221  0.0221  0.0221  0.0221  0.0221  0.0221  0.0221  0.0221
  0.0224  0.0227  0.0226  0.0213  0.0220  0.0216  0.0225  0.0225  0.0225  0.0227  0.0222  0.0225
  0.0235  0.0247  0.0243  0.0227  0.0247  0.0227  0.0236  0.0239  0.0234  0.0244  0.0224  0.0235
  0.0254  0.0277  0.0269  0.0292  0.0325  0.0288  0.0253  0.0265  0.0249  0.0280  0.0227  0.0247
niter,ni,del,rscale     4    3    5.0000    1.2000
parameters
    0.8137   18.4974   -0.5261  -12.1560  -20.1559  -15.5777
    2.1385    1.1598   -1.3410   25.4210   -3.0850  -25.0286
eta,q 0.97786 13.78544
  0.0254  0.0281  0.0263  0.0272  0.0300  0.0264  0.0253  0.0266  0.0250  0.0281  0.0228  0.0249
  0.0236  0.0250  0.0242  0.0251  0.0269  0.0247  0.0236  0.0239  0.0235  0.0250  0.0224  0.0232
  0.0225  0.0229  0.0227  0.0234  0.0240  0.0232  0.0225  0.0226  0.0225  0.0229  0.0222  0.0224
  0.0221  0.0221  0.0221  0.0221  0.0221  0.0221  0.0221  0.0221  0.0221  0.0221  0.0221  0.0221
  0.0225  0.0228  0.0226  0.0214  0.0221  0.0216  0.0225  0.0226  0.0225  0.0227  0.0222  0.0226
  0.0236  0.0247  0.0242  0.0228  0.0247  0.0227  0.0236  0.0239  0.0235  0.0244  0.0224  0.0235
  0.0254  0.0278  0.0268  0.0293  0.0324  0.0286  0.0253  0.0265  0.0250  0.0281  0.0227  0.0247
niter,ni,del,rscale     3    3    5.0000    1.2000
parameters
    0.8155   18.5271   -0.5638  -12.1425  -20.1944  -15.6203
    2.1319    1.1662   -1.3296   25.4858   -3.1090  -25.0359
eta,q 0.97784 13.78354
  0.0254  0.0280  0.0264  0.0272  0.0300  0.0264  0.0253  0.0266  0.0250  0.0280  0.0228  0.0249
  0.0236  0.0250  0.0242  0.0251  0.0269  0.0247  0.0236  0.0240  0.0235  0.0250  0.0224  0.0232
  0.0225  0.0229  0.0228  0.0234  0.0240  0.0232  0.0225  0.0226  0.0225  0.0229  0.0222  0.0224
  0.0221  0.0221  0.0221  0.0221  0.0221  0.0221  0.0222  0.0222  0.0222  0.0222  0.0222  0.0222
  0.0225  0.0228  0.0226  0.0214  0.0221  0.0217  0.0226  0.0226  0.0225  0.0228  0.0222  0.0226
  0.0236  0.0248  0.0242  0.0228  0.0247  0.0226  0.0236  0.0239  0.0235  0.0245  0.0225  0.0235
  0.0255  0.0279  0.0267  0.0294  0.0323  0.0286  0.0253  0.0266  0.0250  0.0282  0.0228  0.0247
registration optimization eta report
parameter search radius
    2.4000    3.6501    4.1976    9.5220   10.9503    8.2800
    7.2000    7.2000    8.2800   10.9503    7.2000    9.5220
100000*second partial in parameter space
       57.       43.       25.        7.        8.        8.
        6.        9.        4.        5.        1.        3.
  0.0254  0.0280  0.0264  0.0272  0.0300  0.0264  0.0253  0.0266  0.0250  0.0280  0.0228  0.0249
  0.0236  0.0250  0.0242  0.0251  0.0269  0.0247  0.0236  0.0240  0.0235  0.0250  0.0224  0.0232
  0.0225  0.0229  0.0228  0.0234  0.0240  0.0232  0.0225  0.0226  0.0225  0.0229  0.0222  0.0224
  0.0221  0.0221  0.0221  0.0221  0.0221  0.0221  0.0222  0.0222  0.0222  0.0222  0.0222  0.0222
  0.0225  0.0228  0.0226  0.0214  0.0221  0.0217  0.0226  0.0226  0.0225  0.0228  0.0222  0.0226
  0.0236  0.0248  0.0242  0.0228  0.0247  0.0226  0.0236  0.0239  0.0235  0.0245  0.0225  0.0235
  0.0255  0.0279  0.0267  0.0294  0.0323  0.0286  0.0253  0.0266  0.0250  0.0282  0.0228  0.0247
    0.8155   18.5271   -0.5638  -12.1425  -20.1944  -15.6203
    2.1319    1.1662   -1.3296   25.4858   -3.1090  -25.0359
eta,q 0.97784 13.78354

---------------------------------------------------------------------
imgreg_4dfp /opt/freesurfer/average/711-2C_as_mni_average_305 /opt/freesurfer/average/711-2B_as_mni_average_305_mask talsrcimg_g11 none talsrcimg_to_711-2C_as_mni_average_305_t4 2311
---------------------------------------------------------------------

freesurfer imgreg_4dfp.c
/opt/freesurfer/average/711-2C_as_mni_average_305.4dfp.img
       256       256       256         1
  1.000000  1.000000  1.000000
orientation T byte_order littleendian
Reading image: /opt/freesurfer/average/711-2C_as_mni_average_305.4dfp.img
dimensions:      256       256       256
mmppix:       1.0000   -1.0000   -1.0000
center:     128.0000 -129.0000 -129.0000
/opt/freesurfer/average/711-2B_as_mni_average_305_mask.4dfp.img
       256       256       256         1
  1.000000  1.000000  1.000000
orientation T byte_order littleendian
Reading mask: /opt/freesurfer/average/711-2B_as_mni_average_305_mask.4dfp.img (2306576 pixels)
talsrcimg_g11.4dfp.img
       256       256       256         1
  1.000000  1.000000  1.000000
orientation T byte_order littleendian
Reading image: talsrcimg_g11.4dfp.img
dimensions:      256       256       256
mmppix:       1.0000   -1.0000   -1.0000
center:     128.0000 -129.0000 -129.0000
fimgreg.f
image alignment mode   2311 decimal      907 hex
parameters
    0.8155   18.5271   -0.5638  -12.1425  -20.1944  -15.6203
    2.1319    1.1662   -1.3296   25.4858   -3.1090  -25.0359
eta,q 0.97784 13.78354
niter,ni,del,rscale     5    3    5.0000    0.8000
parameter  4 -0.844150 -> -0.500000 qaram    1.1500
parameters
    0.8285   18.5516   -0.4326   -9.3825  -18.9502  -13.5140
    1.8752    1.3621   -1.1976   26.8126   -2.6639  -24.5984
eta,q 0.97918 14.03654
  0.0237  0.0234  0.0230  0.0242  0.0238  0.0236  0.0225  0.0247  0.0221  0.0228  0.0219  0.0218
  0.0228  0.0227  0.0226  0.0234  0.0227  0.0227  0.0216  0.0226  0.0215  0.0219  0.0213  0.0213
  0.0223  0.0223  0.0223  0.0227  0.0219  0.0219  0.0211  0.0214  0.0211  0.0213  0.0210  0.0209
  0.0222  0.0222  0.0222  0.0222  0.0215  0.0213  0.0209  0.0209  0.0209  0.0209  0.0208  0.0208
  0.0223  0.0223  0.0222  0.0217  0.0213  0.0210  0.0212  0.0212  0.0210  0.0208  0.0209  0.0209
  0.0228  0.0227  0.0224  0.0214  0.0215  0.0209  0.0218  0.0222  0.0214  0.0210  0.0211  0.0211
  0.0236  0.0234  0.0228  0.0217  0.0222  0.0216  0.0229  0.0242  0.0220  0.0215  0.0215  0.0215
niter,ni,del,rscale     5    3    5.0000    0.8000
parameters
    0.7758   18.0856   -0.4562  -10.4131  -18.3431  -13.8970
    2.3089    1.1832   -1.1431   25.9543   -2.1868  -24.4684
eta,q 0.97908 14.00367
  0.0227  0.0214  0.0216  0.0227  0.0230  0.0228  0.0228  0.0235  0.0221  0.0217  0.0216  0.0218
  0.0216  0.0209  0.0211  0.0218  0.0220  0.0220  0.0218  0.0220  0.0215  0.0212  0.0212  0.0213
  0.0210  0.0207  0.0208  0.0211  0.0213  0.0213  0.0212  0.0212  0.0211  0.0210  0.0210  0.0210
  0.0208  0.0208  0.0207  0.0207  0.0209  0.0208  0.0210  0.0209  0.0209  0.0209  0.0209  0.0209
  0.0211  0.0212  0.0208  0.0211  0.0209  0.0205  0.0210  0.0212  0.0211  0.0212  0.0209  0.0210
  0.0218  0.0219  0.0211  0.0229  0.0213  0.0216  0.0214  0.0222  0.0214  0.0217  0.0211  0.0213
  0.0230  0.0229  0.0216  0.0268  0.0222  0.0249  0.0223  0.0241  0.0221  0.0228  0.0213  0.0217
niter,ni,del,rscale     4    3    5.0000    0.7000
parameters
    0.7404   18.0192   -0.3323  -10.2148  -18.2095  -13.4108
    2.3516    1.0673   -1.2409   25.9555   -2.1008  -24.3494
eta,q 0.97926 14.03288
  0.0222  0.0218  0.0216  0.0228  0.0223  0.0226  0.0220  0.0228  0.0216  0.0217  0.0212  0.0214
  0.0215  0.0213  0.0212  0.0220  0.0215  0.0218  0.0213  0.0217  0.0211  0.0212  0.0210  0.0210
  0.0210  0.0210  0.0210  0.0214  0.0211  0.0213  0.0209  0.0210  0.0208  0.0209  0.0208  0.0208
  0.0209  0.0209  0.0209  0.0209  0.0209  0.0209  0.0207  0.0207  0.0207  0.0207  0.0207  0.0207
  0.0211  0.0211  0.0209  0.0207  0.0210  0.0206  0.0208  0.0209  0.0209  0.0208  0.0208  0.0208
  0.0215  0.0214  0.0211  0.0213  0.0213  0.0207  0.0212  0.0217  0.0212  0.0211  0.0209  0.0210
  0.0223  0.0220  0.0214  0.0230  0.0222  0.0224  0.0219  0.0232  0.0217  0.0217  0.0212  0.0213
niter,ni,del,rscale     3    3    5.0000    0.6000
parameters
    0.7226   17.9284   -0.3195  -10.0506  -18.1104  -13.1643
    2.4103    1.0466   -1.2628   25.9809   -2.1106  -24.2460
eta,q 0.97936 14.05105
  0.0217  0.0214  0.0212  0.0222  0.0217  0.0220  0.0216  0.0223  0.0213  0.0214  0.0210  0.0212
  0.0212  0.0210  0.0210  0.0216  0.0212  0.0215  0.0211  0.0214  0.0209  0.0210  0.0208  0.0209
  0.0208  0.0208  0.0208  0.0211  0.0208  0.0210  0.0208  0.0209  0.0207  0.0207  0.0207  0.0207
  0.0207  0.0207  0.0207  0.0207  0.0207  0.0207  0.0206  0.0206  0.0206  0.0206  0.0206  0.0206
  0.0209  0.0209  0.0208  0.0206  0.0208  0.0205  0.0207  0.0208  0.0207  0.0207  0.0207  0.0207
  0.0212  0.0212  0.0209  0.0211  0.0211  0.0207  0.0210  0.0214  0.0209  0.0209  0.0208  0.0208
  0.0218  0.0216  0.0212  0.0224  0.0216  0.0221  0.0215  0.0225  0.0213  0.0214  0.0211  0.0211
niter,ni,del,rscale     2    3    5.0000    0.5000
parameters
    0.7115   17.8749   -0.3207   -9.8587  -18.0653  -12.8737
    2.4239    1.0310   -1.2679   26.0674   -2.1689  -24.1457
eta,q 0.97946 14.06882
  0.0214  0.0211  0.0210  0.0218  0.0213  0.0216  0.0212  0.0218  0.0210  0.0211  0.0209  0.0209
  0.0210  0.0208  0.0208  0.0213  0.0209  0.0212  0.0208  0.0211  0.0208  0.0208  0.0207  0.0207
  0.0207  0.0207  0.0207  0.0209  0.0207  0.0209  0.0206  0.0207  0.0206  0.0206  0.0206  0.0206
  0.0206  0.0206  0.0206  0.0206  0.0206  0.0206  0.0205  0.0205  0.0205  0.0205  0.0205  0.0205
  0.0207  0.0207  0.0207  0.0206  0.0207  0.0204  0.0206  0.0207  0.0206  0.0206  0.0206  0.0206
  0.0210  0.0209  0.0208  0.0209  0.0209  0.0206  0.0208  0.0211  0.0208  0.0207  0.0207  0.0207
  0.0214  0.0212  0.0210  0.0218  0.0213  0.0215  0.0212  0.0219  0.0210  0.0211  0.0209  0.0209
niter,ni,del,rscale     1    3    5.0000    0.4000
parameters
    0.7096   17.8276   -0.3261   -9.7267  -18.0367  -12.6123
    2.4162    1.0262   -1.2672   26.1270   -2.2759  -24.0501
eta,q 0.97953 14.08155
  0.0210  0.0208  0.0208  0.0214  0.0210  0.0212  0.0209  0.0214  0.0208  0.0208  0.0207  0.0207
  0.0208  0.0207  0.0206  0.0210  0.0207  0.0210  0.0207  0.0209  0.0206  0.0207  0.0206  0.0206
  0.0206  0.0206  0.0206  0.0207  0.0206  0.0207  0.0205  0.0206  0.0205  0.0205  0.0205  0.0205
  0.0205  0.0205  0.0205  0.0205  0.0205  0.0205  0.0205  0.0205  0.0205  0.0205  0.0205  0.0205
  0.0206  0.0206  0.0206  0.0205  0.0206  0.0204  0.0205  0.0206  0.0205  0.0205  0.0205  0.0205
  0.0208  0.0207  0.0207  0.0208  0.0207  0.0205  0.0207  0.0209  0.0206  0.0206  0.0206  0.0206
  0.0210  0.0209  0.0208  0.0213  0.0209  0.0212  0.0209  0.0214  0.0208  0.0208  0.0207  0.0207
registration optimization eta report
parameter search radius
    0.8000    0.8000    0.8000    2.7600    2.4000    2.4000
    2.4000    2.4000    2.4000    2.4000    2.4000    2.4000
100000*second partial in parameter space
       77.       54.       38.       11.        8.       12.
        7.       16.        5.        6.        4.        4.
  0.0210  0.0208  0.0208  0.0214  0.0210  0.0212  0.0209  0.0214  0.0208  0.0208  0.0207  0.0207
  0.0208  0.0207  0.0206  0.0210  0.0207  0.0210  0.0207  0.0209  0.0206  0.0207  0.0206  0.0206
  0.0206  0.0206  0.0206  0.0207  0.0206  0.0207  0.0205  0.0206  0.0205  0.0205  0.0205  0.0205
  0.0205  0.0205  0.0205  0.0205  0.0205  0.0205  0.0205  0.0205  0.0205  0.0205  0.0205  0.0205
  0.0206  0.0206  0.0206  0.0205  0.0206  0.0204  0.0205  0.0206  0.0205  0.0205  0.0205  0.0205
  0.0208  0.0207  0.0207  0.0208  0.0207  0.0205  0.0207  0.0209  0.0206  0.0206  0.0206  0.0206
  0.0210  0.0209  0.0208  0.0213  0.0209  0.0212  0.0209  0.0214  0.0208  0.0208  0.0207  0.0207
    0.7096   17.8276   -0.3261   -9.7267  -18.0367  -12.6123
    2.4162    1.0262   -1.2672   26.1270   -2.2759  -24.0501
eta,q 0.97953 14.08155

---------------------------------------------------------------------
imgreg_4dfp /opt/freesurfer/average/711-2C_as_mni_average_305 /opt/freesurfer/average/711-2B_as_mni_average_305_mask talsrcimg_g11 none talsrcimg_to_711-2C_as_mni_average_305_t4 2311
---------------------------------------------------------------------

freesurfer imgreg_4dfp.c
/opt/freesurfer/average/711-2C_as_mni_average_305.4dfp.img
       256       256       256         1
  1.000000  1.000000  1.000000
orientation T byte_order littleendian
Reading image: /opt/freesurfer/average/711-2C_as_mni_average_305.4dfp.img
dimensions:      256       256       256
mmppix:       1.0000   -1.0000   -1.0000
center:     128.0000 -129.0000 -129.0000
/opt/freesurfer/average/711-2B_as_mni_average_305_mask.4dfp.img
       256       256       256         1
  1.000000  1.000000  1.000000
orientation T byte_order littleendian
Reading mask: /opt/freesurfer/average/711-2B_as_mni_average_305_mask.4dfp.img (2306576 pixels)
talsrcimg_g11.4dfp.img
       256       256       256         1
  1.000000  1.000000  1.000000
orientation T byte_order littleendian
Reading image: talsrcimg_g11.4dfp.img
dimensions:      256       256       256
mmppix:       1.0000   -1.0000   -1.0000
center:     128.0000 -129.0000 -129.0000
fimgreg.f
image alignment mode   2311 decimal      907 hex
parameters
    0.7096   17.8276   -0.3261   -9.7267  -18.0367  -12.6123
    2.4162    1.0262   -1.2672   26.1270   -2.2759  -24.0501
eta,q 0.97953 14.08155
niter,ni,del,rscale     5    3    5.0000    0.8000
parameters
    0.7120   17.7861   -0.2510  -10.4600  -18.0928  -13.4735
    2.4206    1.0302   -1.2203   25.4513   -2.0076  -24.2381
eta,q 0.97918 14.01949
  0.0226  0.0218  0.0217  0.0222  0.0224  0.0224  0.0224  0.0236  0.0220  0.0218  0.0214  0.0216
  0.0214  0.0210  0.0210  0.0214  0.0214  0.0216  0.0216  0.0221  0.0214  0.0212  0.0211  0.0211
  0.0207  0.0206  0.0206  0.0208  0.0208  0.0211  0.0210  0.0212  0.0210  0.0209  0.0209  0.0209
  0.0205  0.0205  0.0205  0.0205  0.0206  0.0206  0.0208  0.0208  0.0208  0.0208  0.0208  0.0208
  0.0207  0.0206  0.0206  0.0207  0.0207  0.0206  0.0210  0.0210  0.0210  0.0210  0.0209  0.0209
  0.0214  0.0211  0.0209  0.0220  0.0213  0.0225  0.0215  0.0219  0.0213  0.0216  0.0210  0.0212
  0.0226  0.0219  0.0214  0.0247  0.0226  0.0264  0.0224  0.0238  0.0220  0.0227  0.0213  0.0217
niter,ni,del,rscale     4    3    5.0000    0.7000
parameters
    0.7118   17.8907   -0.2232  -10.0243  -18.1341  -13.4335
    2.4153    1.0170   -1.2749   25.7013   -2.0378  -24.2364
eta,q 0.97929 14.03720
  0.0221  0.0220  0.0215  0.0224  0.0220  0.0223  0.0219  0.0229  0.0216  0.0218  0.0212  0.0214
  0.0214  0.0214  0.0211  0.0217  0.0213  0.0216  0.0213  0.0217  0.0211  0.0212  0.0209  0.0210
  0.0210  0.0210  0.0209  0.0212  0.0209  0.0211  0.0209  0.0210  0.0208  0.0209  0.0208  0.0208
  0.0208  0.0208  0.0208  0.0208  0.0207  0.0207  0.0207  0.0207  0.0207  0.0207  0.0207  0.0207
  0.0210  0.0209  0.0209  0.0206  0.0208  0.0205  0.0208  0.0209  0.0208  0.0208  0.0208  0.0208
  0.0214  0.0212  0.0211  0.0210  0.0213  0.0209  0.0212  0.0216  0.0211  0.0210  0.0209  0.0210
  0.0222  0.0217  0.0214  0.0221  0.0221  0.0229  0.0220  0.0231  0.0216  0.0216  0.0212  0.0213
niter,ni,del,rscale     3    3    5.0000    0.6000
parameters
    0.7019   17.8967   -0.2700   -9.8403  -18.1059  -13.1481
    2.4399    1.0183   -1.2716   25.9109   -2.0849  -24.1652
eta,q 0.97939 14.05665
  0.0217  0.0215  0.0211  0.0219  0.0217  0.0220  0.0215  0.0224  0.0213  0.0214  0.0210  0.0211
  0.0212  0.0211  0.0209  0.0214  0.0211  0.0214  0.0210  0.0214  0.0209  0.0210  0.0208  0.0208
  0.0208  0.0208  0.0208  0.0210  0.0208  0.0210  0.0207  0.0209  0.0207  0.0207  0.0207  0.0207
  0.0207  0.0207  0.0207  0.0207  0.0207  0.0207  0.0206  0.0206  0.0206  0.0206  0.0206  0.0206
  0.0208  0.0208  0.0208  0.0206  0.0208  0.0205  0.0207  0.0207  0.0207  0.0206  0.0207  0.0207
  0.0212  0.0210  0.0209  0.0210  0.0211  0.0206  0.0210  0.0213  0.0209  0.0208  0.0208  0.0208
  0.0218  0.0215  0.0212  0.0219  0.0217  0.0220  0.0215  0.0225  0.0213  0.0213  0.0211  0.0211
niter,ni,del,rscale     2    3    5.0000    0.5000
parameters
    0.6995   17.8576   -0.3034   -9.7089  -18.0699  -12.8958
    2.4412    1.0208   -1.2694   26.0232   -2.1710  -24.0980
eta,q 0.97947 14.07125
  0.0214  0.0211  0.0209  0.0215  0.0213  0.0216  0.0212  0.0219  0.0210  0.0211  0.0209  0.0209
  0.0209  0.0208  0.0208  0.0211  0.0209  0.0212  0.0208  0.0212  0.0207  0.0208  0.0207  0.0207
  0.0207  0.0206  0.0206  0.0208  0.0207  0.0209  0.0206  0.0207  0.0206  0.0206  0.0206  0.0206
  0.0206  0.0206  0.0206  0.0206  0.0206  0.0206  0.0205  0.0205  0.0205  0.0205  0.0205  0.0205
  0.0207  0.0207  0.0207  0.0206  0.0206  0.0204  0.0206  0.0206  0.0206  0.0206  0.0206  0.0206
  0.0209  0.0209  0.0208  0.0209  0.0209  0.0206  0.0208  0.0211  0.0207  0.0207  0.0207  0.0207
  0.0214  0.0212  0.0210  0.0215  0.0213  0.0216  0.0212  0.0219  0.0210  0.0210  0.0209  0.0209
niter,ni,del,rscale     1    3    5.0000    0.4000
parameters
    0.6982   17.8206   -0.3124   -9.6110  -18.0443  -12.6194
    2.4158    1.0156   -1.2705   26.1019   -2.2756  -24.0015
eta,q 0.97953 14.08351
  0.0210  0.0208  0.0208  0.0212  0.0210  0.0212  0.0209  0.0214  0.0208  0.0208  0.0207  0.0207
  0.0207  0.0207  0.0206  0.0209  0.0207  0.0210  0.0206  0.0209  0.0206  0.0207  0.0206  0.0206
  0.0206  0.0206  0.0206  0.0207  0.0206  0.0207  0.0205  0.0206  0.0205  0.0205  0.0205  0.0205
  0.0205  0.0205  0.0205  0.0205  0.0205  0.0205  0.0205  0.0205  0.0205  0.0205  0.0205  0.0205
  0.0206  0.0206  0.0206  0.0205  0.0206  0.0204  0.0205  0.0206  0.0205  0.0205  0.0205  0.0205
  0.0207  0.0207  0.0207  0.0207  0.0207  0.0205  0.0207  0.0209  0.0206  0.0206  0.0206  0.0206
  0.0210  0.0209  0.0208  0.0212  0.0209  0.0211  0.0209  0.0214  0.0208  0.0208  0.0207  0.0207
registration optimization eta report
parameter search radius
    0.8000    0.8000    0.8000    2.4000    2.4000    2.4000
    2.4000    2.4000    2.4000    2.4000    2.4000    2.4000
100000*second partial in parameter space
       79.       53.       39.       11.        7.       12.
        7.       17.        5.        6.        4.        4.
  0.0210  0.0208  0.0208  0.0212  0.0210  0.0212  0.0209  0.0214  0.0208  0.0208  0.0207  0.0207
  0.0207  0.0207  0.0206  0.0209  0.0207  0.0210  0.0206  0.0209  0.0206  0.0207  0.0206  0.0206
  0.0206  0.0206  0.0206  0.0207  0.0206  0.0207  0.0205  0.0206  0.0205  0.0205  0.0205  0.0205
  0.0205  0.0205  0.0205  0.0205  0.0205  0.0205  0.0205  0.0205  0.0205  0.0205  0.0205  0.0205
  0.0206  0.0206  0.0206  0.0205  0.0206  0.0204  0.0205  0.0206  0.0205  0.0205  0.0205  0.0205
  0.0207  0.0207  0.0207  0.0207  0.0207  0.0205  0.0207  0.0209  0.0206  0.0206  0.0206  0.0206
  0.0210  0.0209  0.0208  0.0212  0.0209  0.0211  0.0209  0.0214  0.0208  0.0208  0.0207  0.0207
    0.6982   17.8206   -0.3124   -9.6110  -18.0443  -12.6194
    2.4158    1.0156   -1.2705   26.1019   -2.2756  -24.0015
eta,q 0.97953 14.08351

---------------------------------------------------------------------
compute_vox2vox talsrcimg talsrcimg_to_711-2C_as_mni_average_305_t4 /opt/freesurfer/average/711-2C_as_mni_average_305
---------------------------------------------------------------------

freesurfer compute_vox2vox.c
Reading: talsrcimg.4dfp.ifh
Reading: talsrcimg_to_711-2C_as_mni_average_305_t4
Reading: /opt/freesurfer/average/711-2C_as_mni_average_305.4dfp.ifh
Writing: talsrcimg_to_711-2C_as_mni_average_305_t4_vox2vox.txt

start time Mon Mar 9 04:31:07 CET 2026
end		time Mon Mar 9 04:32:42 CET 2026

mpr2mni305 success

avi2talxfm orig_nu.mgz /opt/freesurfer/average/mni305.cor.mgz talsrcimg_to_711-2C_as_mni_average_305_t4_vox2vox.txt transforms/talairach.auto.xfm
avi2talxfm done
mv -f /out/sourcedata/freesurfer/sub-v1s18x0051225_ses-1/mri/talsrcimg_to_711-2C_as_mni_average_305_t4_vox2vox.txt /out/sourcedata/freesurfer/sub-v1s18x0051225_ses-1/mri/transforms/talsrcimg_to_711-2C_as_mni_average_305_t4_vox2vox.txt
lta_convert --src orig_nu.mgz --trg /opt/freesurfer/average/mni305.cor.mgz --inxfm transforms/talairach.auto.xfm --outlta transforms/talairach.auto.xfm.lta --subject fsaverage
7.3.2

--src: orig_nu.mgz src image (geometry).
--trg: /opt/freesurfer/average/mni305.cor.mgz trg image (geometry).
--inmni: transforms/talairach.auto.xfm input MNI/XFM transform.
--outlta: transforms/talairach.auto.xfm.lta output LTA.
--s: fsaverage subject name
 LTA read, type : 1
 1.10579  -0.00286  -0.03343   4.67035;
 0.03081   1.05228   0.30726  -11.66942;
 0.00733  -0.33518   1.12179  -0.25702;
 0.00000   0.00000   0.00000   1.00000;
setting subject to fsaverage
Writing  LTA to file transforms/talairach.auto.xfm.lta...
lta_convert successful.
 
 
Started at Mon Mar 9 04:31:07 CET 2026
Ended   at Mon Mar  9 04:32:43 CET 2026
talairach_avi done
