/out/sourcedata/freesurfer/sub-v1s18x0051235_ses-1/mri
/opt/freesurfer/bin/talairach_avi
--i orig_nu.mgz --xfm transforms/talairach.auto.xfm
talairach_avi 7.3.2
Linux dna058 5.14.0-427.37.1.el9_4.x86_64 #1 SMP PREEMPT_DYNAMIC Fri Sep 13 12:41:50 EDT 2024 x86_64 x86_64 x86_64 GNU/Linux
Mon Mar  9 05:12:51 CET 2026
mri_convert orig_nu.mgz talsrcimg.img 
reading from orig_nu.mgz...
TR=0.00, TE=0.00, TI=0.00, flip angle=0.00
i_ras = (-1, 0, 7.45058e-09)
j_ras = (0, 0, -1)
k_ras = (0, 1, 0)
writing to talsrcimg.img...
Analyze Output Matrix
-1.00000   0.00000   0.00000   128.48392;
 0.00000   0.00000   1.00000  -119.53072;
 0.00000  -1.00000   0.00000   115.40881;
 0.00000   0.00000   0.00000   1.00000;
--------------------
INFO: set hdr.hist.orient to -1
mpr2mni305 talsrcimg
Mon Mar  9 05:12:51 CET 2026
/opt/freesurfer/bin/mpr2mni305 talsrcimg
mpr2mni305 7.3.2
target=711-2C_as_mni_average_305

---------------------------------------------------------------------
analyzeto4dfp talsrcimg -O0 -y
---------------------------------------------------------------------

freesurfer ifh2hdr.c
Mon Mar  9 05:12:51 2026
Writing: talsrcimg.4dfp.hdr
freesurfer analyzeto4dfp.c
Reading: talsrcimg.hdr
header size 348 bytes
hdr.dime.datatype	offset=70	value=2
hdr.dime.bitpix		offset=72	value=8
hdr.hist.orient		offset=252	value=-1
dimensionality     4
dimensions       256       256       256         1
Reading: talsrcimg.img
Writing: talsrcimg.4dfp.img
Writing: talsrcimg.4dfp.ifh
ifh2hdr talsrcimg -r0to210
ori=2

---------------------------------------------------------------------
gauss_4dfp talsrcimg 1.1
---------------------------------------------------------------------

freesurfer gauss_4dfp.c
Reading: talsrcimg.4dfp.img
Writing: talsrcimg_g11.4dfp.img
image dimensions 256 256 256 padded to 288 288 288
processing volume 1freesurfer ifh2hdr.c
Mon Mar  9 05:12:53 2026
Writing: talsrcimg_g11.4dfp.hdr

Writing: talsrcimg_g11.4dfp.ifh
including: talsrcimg.4dfp.img.rec in talsrcimg_g11.4dfp.img.rec

---------------------------------------------------------------------
imgreg_4dfp /opt/freesurfer/average/711-2C_as_mni_average_305 none talsrcimg_g11 none talsrcimg_to_711-2C_as_mni_average_305_t4 4355
---------------------------------------------------------------------

freesurfer imgreg_4dfp.c
/opt/freesurfer/average/711-2C_as_mni_average_305.4dfp.img
       256       256       256         1
  1.000000  1.000000  1.000000
orientation T byte_order littleendian
Reading image: /opt/freesurfer/average/711-2C_as_mni_average_305.4dfp.img
dimensions:      256       256       256
mmppix:       1.0000   -1.0000   -1.0000
center:     128.0000 -129.0000 -129.0000
talsrcimg_g11.4dfp.img
       256       256       256         1
  1.000000  1.000000  1.000000
orientation T byte_order littleendian
Reading image: talsrcimg_g11.4dfp.img
dimensions:      256       256       256
mmppix:       1.0000   -1.0000   -1.0000
center:     128.0000 -129.0000 -129.0000
t4_read: open error in t4_sub.f l:  41 t4_file(1:l)talsrcimg_to_711-2C_as_mni_average_305_t4 
t4_read: transform initialized to I4
rotation matrix determinant  1.000000
image alignment mode   4355 decimal     1103 hex
   -7.5000  -45.0000  -45.0000 7223.4067   20.0228
    0.0000  -45.0000  -45.0000 7460.3291   20.0372
    7.5000  -45.0000  -45.0000 7090.8477   20.0602
   -7.5000  -37.5000  -45.0000 7788.3701   19.7722
    0.0000  -37.5000  -45.0000 8035.2236   19.7873
    7.5000  -37.5000  -45.0000 7642.0591   19.8058
   -7.5000  -30.0000  -45.0000 8696.3027   19.6469
    0.0000  -30.0000  -45.0000 8965.8076   19.6615
    7.5000  -30.0000  -45.0000 8510.7471   19.6760
   -7.5000  -22.5000  -45.0000 9574.4150   19.6162
    0.0000  -22.5000  -45.0000 9888.3506   19.6288
    7.5000  -22.5000  -45.0000 9370.7285   19.6441
   -7.5000  -15.0000  -45.000010366.8369   19.6227
    0.0000  -15.0000  -45.000010714.0146   19.6354
    7.5000  -15.0000  -45.000010160.2979   19.6544
   -7.5000   -7.5000  -45.000011166.7139   19.6203
    0.0000   -7.5000  -45.000011518.9414   19.6345
    7.5000   -7.5000  -45.000010904.0996   19.6562
   -7.5000    0.0000  -45.000011890.2744   19.6101
    0.0000    0.0000  -45.000012249.9121   19.6245
    7.5000    0.0000  -45.000011582.7656   19.6457
   -7.5000    7.5000  -45.000011737.0117   19.6003
    0.0000    7.5000  -45.000012081.3896   19.6151
    7.5000    7.5000  -45.000011438.6865   19.6326
   -7.5000   15.0000  -45.000011371.5596   19.6012
    0.0000   15.0000  -45.000011730.8252   19.6156
    7.5000   15.0000  -45.000011104.0449   19.6299
   -7.5000   22.5000  -45.000010860.4160   19.6107
    0.0000   22.5000  -45.000011182.9668   19.6233
    7.5000   22.5000  -45.000010598.2891   19.6385
   -7.5000   30.0000  -45.000010167.2812   19.3612
    0.0000   30.0000  -45.000010429.9961   19.3737
    7.5000   30.0000  -45.0000 9894.5010   19.3925
   -7.5000   37.5000  -45.0000 9792.2900   19.3588
    0.0000   37.5000  -45.000010017.9619   19.3729
    7.5000   37.5000  -45.0000 9489.6055   19.3943
   -7.5000   45.0000  -45.0000 9049.1631   18.8575
    0.0000   45.0000  -45.0000 9229.5703   18.8713
    7.5000   45.0000  -45.0000 8735.3750   18.8916
   -7.5000  -45.0000  -37.5000 7658.6777   19.7141
    0.0000  -45.0000  -37.5000 7908.9238   19.7243
    7.5000  -45.0000  -37.5000 7519.9648   19.7433
   -7.5000  -37.5000  -37.5000 8270.4258   19.4808
    0.0000  -37.5000  -37.5000 8519.1758   19.4904
    7.5000  -37.5000  -37.5000 8094.8213   19.5034
   -7.5000  -30.0000  -37.5000 9245.2998   19.3620
    0.0000  -30.0000  -37.5000 9526.1445   19.3744
    7.5000  -30.0000  -37.5000 9037.1299   19.3861
   -7.5000  -22.5000  -37.500010165.7842   19.3220
    0.0000  -22.5000  -37.500010468.0908   19.3380
    7.5000  -22.5000  -37.5000 9940.1572   19.3552
   -7.5000  -15.0000  -37.500010986.3809   19.3158
    0.0000  -15.0000  -37.500011319.1631   19.3339
    7.5000  -15.0000  -37.500010759.3945   19.3566
   -7.5000   -7.5000  -37.500011803.2119   19.3103
    0.0000   -7.5000  -37.500012172.6064   19.3255
    7.5000   -7.5000  -37.500011530.8145   19.3479
   -7.5000    0.0000  -37.500012554.8945   19.3083
    0.0000    0.0000  -37.500012894.0703   19.3185
    7.5000    0.0000  -37.500012205.2900   19.3360
   -7.5000    7.5000  -37.500012320.9365   19.3107
    0.0000    7.5000  -37.500012678.2695   19.3202
    7.5000    7.5000  -37.500012035.7930   19.3324
   -7.5000   15.0000  -37.500011909.5645   19.3163
    0.0000   15.0000  -37.500012297.1543   19.3285
    7.5000   15.0000  -37.500011668.4902   19.3401
   -7.5000   22.5000  -37.500011404.6934   19.3166
    0.0000   22.5000  -37.500011764.8008   19.3326
    7.5000   22.5000  -37.500011144.0293   19.3497
   -7.5000   30.0000  -37.500010701.9941   19.0584
    0.0000   30.0000  -37.500011005.4043   19.0762
    7.5000   30.0000  -37.500010403.7734   19.0986
   -7.5000   37.5000  -37.500010282.1387   19.0530
    0.0000   37.5000  -37.500010507.1719   19.0679
    7.5000   37.5000  -37.5000 9935.7900   19.0901
   -7.5000   45.0000  -37.5000 9441.4463   18.5672
    0.0000   45.0000  -37.5000 9642.6357   18.5770
    7.5000   45.0000  -37.5000 9107.8965   18.5939
   -7.5000  -45.0000  -30.0000 8264.5205   20.4389
    0.0000  -45.0000  -30.0000 8514.7979   20.4411
    7.5000  -45.0000  -30.0000 8127.6616   20.4561
   -7.5000  -37.5000  -30.0000 8944.0566   20.2139
    0.0000  -37.5000  -30.0000 9219.5283   20.2184
    7.5000  -37.5000  -30.0000 8782.0107   20.2243
   -7.5000  -30.0000  -30.0000 9990.3115   20.1019
    0.0000  -30.0000  -30.000010301.1152   20.1132
    7.5000  -30.0000  -30.0000 9806.2568   20.1166
   -7.5000  -22.5000  -30.000010987.7793   20.0548
    0.0000  -22.5000  -30.000011304.7432   20.0720
    7.5000  -22.5000  -30.000010756.7783   20.0827
   -7.5000  -15.0000  -30.000011867.5645   20.0338
    0.0000  -15.0000  -30.000012218.2900   20.0509
    7.5000  -15.0000  -30.000011607.5361   20.0693
   -7.5000   -7.5000  -30.000012726.3379   20.0186
    0.0000   -7.5000  -30.000013111.2803   20.0280
    7.5000   -7.5000  -30.000012402.9229   20.0477
   -7.5000    0.0000  -30.000013495.9883   20.0205
    0.0000    0.0000  -30.000013870.9941   20.0231
    7.5000    0.0000  -30.000013128.2969   20.0367
   -7.5000    7.5000  -30.000013226.6172   20.0386
    0.0000    7.5000  -30.000013640.4277   20.0428
    7.5000    7.5000  -30.000012936.7520   20.0481
   -7.5000   15.0000  -30.000012788.6182   20.0548
    0.0000   15.0000  -30.000013201.2607   20.0659
    7.5000   15.0000  -30.000012507.7148   20.0693
   -7.5000   22.5000  -30.000012227.3965   20.0472
    0.0000   22.5000  -30.000012594.9072   20.0643
    7.5000   22.5000  -30.000011931.6826   20.0750
   -7.5000   30.0000  -30.000011454.7568   19.7687
    0.0000   30.0000  -30.000011778.1826   19.7856
    7.5000   30.0000  -30.000011148.9795   19.8038
   -7.5000   37.5000  -30.000010973.7559   19.7537
    0.0000   37.5000  -30.000011248.7646   19.7630
    7.5000   37.5000  -30.000010657.1680   19.7824
   -7.5000   45.0000  -30.000010050.6562   19.2663
    0.0000   45.0000  -30.000010297.9863   19.2687
    7.5000   45.0000  -30.0000 9755.0283   19.2818
   -7.5000  -45.0000  -22.5000 8896.3037   21.0938
    0.0000  -45.0000  -22.5000 9159.9854   21.0909
    7.5000  -45.0000  -22.5000 8745.5449   21.1070
   -7.5000  -37.5000  -22.5000 9648.6211   20.8649
    0.0000  -37.5000  -22.5000 9917.2090   20.8685
    7.5000  -37.5000  -22.5000 9440.3086   20.8737
   -7.5000  -30.0000  -22.500010763.0020   20.7568
    0.0000  -30.0000  -22.500011064.5225   20.7682
    7.5000  -30.0000  -22.500010528.7246   20.7668
   -7.5000  -22.5000  -22.500011821.5908   20.7138
    0.0000  -22.5000  -22.500012178.3398   20.7277
    7.5000  -22.5000  -22.500011568.8887   20.7305
   -7.5000  -15.0000  -22.500012776.9961   20.6915
    0.0000  -15.0000  -22.500013153.6885   20.7007
    7.5000  -15.0000  -22.500012474.7432   20.7121
   -7.5000   -7.5000  -22.500013710.6104   20.6680
    0.0000   -7.5000  -22.500014114.3105   20.6690
    7.5000   -7.5000  -22.500013333.2354   20.6862
   -7.5000    0.0000  -22.500014509.3467   20.6635
    0.0000    0.0000  -22.500014949.3574   20.6611
    7.5000    0.0000  -22.500014155.2646   20.6758
   -7.5000    7.5000  -22.500014171.7207   20.6845
    0.0000    7.5000  -22.500014638.5469   20.6879
    7.5000    7.5000  -22.500013897.5518   20.6925
   -7.5000   15.0000  -22.500013648.4189   20.7085
    0.0000   15.0000  -22.500014109.2881   20.7197
    7.5000   15.0000  -22.500013375.9590   20.7182
   -7.5000   22.5000  -22.500013007.9111   20.7045
    0.0000   22.5000  -22.500013471.6484   20.7182
    7.5000   22.5000  -22.500012777.6152   20.7210
   -7.5000   30.0000  -22.500012200.9951   20.4208
    0.0000   30.0000  -22.500012584.6797   20.4299
    7.5000   30.0000  -22.500011931.8984   20.4412
   -7.5000   37.5000  -22.500011709.9961   20.3977
    0.0000   37.5000  -22.500012037.4688   20.3987
    7.5000   37.5000  -22.500011410.6035   20.4156
   -7.5000   45.0000  -22.500010714.3545   19.9000
    0.0000   45.0000  -22.500011015.8857   19.8977
    7.5000   45.0000  -22.500010441.7900   19.9118
   -7.5000  -45.0000  -15.0000 9533.3008   21.6000
    0.0000  -45.0000  -15.0000 9807.2021   21.5990
    7.5000  -45.0000  -15.0000 9326.3271   21.6188
   -7.5000  -37.5000  -15.000010329.0527   21.3543
    0.0000  -37.5000  -15.000010619.7549   21.3618
    7.5000  -37.5000  -15.000010082.2480   21.3729
   -7.5000  -30.0000  -15.000011519.9287   21.2411
    0.0000  -30.0000  -15.000011854.2354   21.2539
    7.5000  -30.0000  -15.000011246.9121   21.2553
   -7.5000  -22.5000  -15.000012659.5547   21.2071
    0.0000  -22.5000  -15.000013041.9854   21.2165
    7.5000  -22.5000  -15.000012357.0576   21.2169
   -7.5000  -15.0000  -15.000013708.3164   21.1963
    0.0000  -15.0000  -15.000014089.4111   21.1979
    7.5000  -15.0000  -15.000013332.7031   21.2048
   -7.5000   -7.5000  -15.000014710.9121   21.1739
    0.0000   -7.5000  -15.000015134.1973   21.1709
    7.5000   -7.5000  -15.000014268.6611   21.1867
   -7.5000    0.0000  -15.000015482.9863   21.1596
    0.0000    0.0000  -15.000015986.7129   21.1591
    7.5000    0.0000  -15.000015138.9238   21.1773
   -7.5000    7.5000  -15.000015123.5537   21.1697
    0.0000    7.5000  -15.000015631.5771   21.1770
    7.5000    7.5000  -15.000014836.7021   21.1874
   -7.5000   15.0000  -15.000014565.9932   21.1917
    0.0000   15.0000  -15.000015055.0557   21.2043
    7.5000   15.0000  -15.000014265.1924   21.2056
   -7.5000   22.5000  -15.000013858.0732   21.1965
    0.0000   22.5000  -15.000014353.0508   21.2059
    7.5000   22.5000  -15.000013632.3623   21.2062
   -7.5000   30.0000  -15.000012983.4932   20.9220
    0.0000   30.0000  -15.000013399.6709   20.9236
    7.5000   30.0000  -15.000012736.3535   20.9304
   -7.5000   37.5000  -15.000012413.0840   20.8999
    0.0000   37.5000  -15.000012794.0938   20.8969
    7.5000   37.5000  -15.000012158.0938   20.9125
   -7.5000   45.0000  -15.000011380.6836   20.3900
    0.0000   45.0000  -15.000011748.1279   20.3895
    7.5000   45.0000  -15.000011127.5400   20.4071
   -7.5000  -45.0000   -7.500010196.1328   21.8884
    0.0000  -45.0000   -7.500010508.2979   21.8956
    7.5000  -45.0000   -7.5000 9973.1494   21.9180
   -7.5000  -37.5000   -7.500011011.4287   21.6235
    0.0000  -37.5000   -7.500011356.6846   21.6368
    7.5000  -37.5000   -7.500010774.8525   21.6536
   -7.5000  -30.0000   -7.500012261.4863   21.4964
    0.0000  -30.0000   -7.500012654.4824   21.5113
    7.5000  -30.0000   -7.500011998.1963   21.5200
   -7.5000  -22.5000   -7.500013525.0762   21.4658
    0.0000  -22.5000   -7.500013934.2227   21.4749
    7.5000  -22.5000   -7.500013174.1904   21.4811
   -7.5000  -15.0000   -7.500014709.9883   21.4690
    0.0000  -15.0000   -7.500015130.8271   21.4721
    7.5000  -15.0000   -7.500014247.5312   21.4822
   -7.5000   -7.5000   -7.500015775.1191   21.4574
    0.0000   -7.5000   -7.500016289.0088   21.4605
    7.5000   -7.5000   -7.500015281.8350   21.4779
   -7.5000    0.0000   -7.500016512.4316   21.4410
    0.0000    0.0000   -7.500017121.4629   21.4484
    7.5000    0.0000   -7.500016210.0986   21.4691
   -7.5000    7.5000   -7.500016137.3203   21.4361
    0.0000    7.5000   -7.500016742.7871   21.4491
    7.5000    7.5000   -7.500015905.3350   21.4651
   -7.5000   15.0000   -7.500015537.1553   21.4462
    0.0000   15.0000   -7.500016141.7002   21.4609
    7.5000   15.0000   -7.500015291.1133   21.4695
   -7.5000   22.5000   -7.500014787.0996   21.4528
    0.0000   22.5000   -7.500015322.8057   21.4618
    7.5000   22.5000   -7.500014554.9814   21.4680
   -7.5000   30.0000   -7.500013839.8730   21.1906
    0.0000   30.0000   -7.500014341.4795   21.1936
    7.5000   30.0000   -7.500013603.5986   21.2037
   -7.5000   37.5000   -7.500013233.3984   21.1792
    0.0000   37.5000   -7.500013736.0312   21.1822
    7.5000   37.5000   -7.500013007.4932   21.1993
   -7.5000   45.0000   -7.500012140.6611   20.6651
    0.0000   45.0000   -7.500012618.8389   20.6722
    7.5000   45.0000   -7.500011912.5225   20.6922
   -7.5000  -45.0000    0.000010765.3975   21.9643
    0.0000  -45.0000    0.000011113.1582   21.9777
    7.5000  -45.0000    0.000010535.0605   22.0007
   -7.5000  -37.5000    0.000011598.3262   21.6950
    0.0000  -37.5000    0.000011995.4736   21.7098
    7.5000  -37.5000    0.000011355.4580   21.7280
   -7.5000  -30.0000    0.000012906.7002   21.5596
    0.0000  -30.0000    0.000013359.3379   21.5744
    7.5000  -30.0000    0.000012620.2119   21.5886
   -7.5000  -22.5000    0.000014266.9795   21.5233
    0.0000  -22.5000    0.000014743.0918   21.5359
    7.5000  -22.5000    0.000013869.9297   21.5515
   -7.5000  -15.0000    0.000015683.7441   21.5274
    0.0000  -15.0000    0.000016177.3799   21.5394
    7.5000  -15.0000    0.000015093.1162   21.5592
   -7.5000   -7.5000    0.000016837.9395   21.5236
    0.0000   -7.5000    0.000017529.3848   21.5368
    7.5000   -7.5000    0.000016285.7441   21.5590
   -7.5000    0.0000    0.000017438.1797   21.5141
    0.0000    0.0000    0.000018304.9473   21.5275
    7.5000    0.0000    0.000017268.3301   21.5488
   -7.5000    7.5000    0.000016957.4043   21.5065
    0.0000    7.5000    0.000017839.2852   21.5209
    7.5000    7.5000    0.000016931.2324   21.5383
   -7.5000   15.0000    0.000016348.9219   21.5089
    0.0000   15.0000    0.000017173.1348   21.5235
    7.5000   15.0000    0.000016237.5352   21.5376
   -7.5000   22.5000    0.000015579.9307   21.5104
    0.0000   22.5000    0.000016324.1250   21.5229
    7.5000   22.5000    0.000015371.2246   21.5384
   -7.5000   30.0000    0.000014590.5420   21.2488
    0.0000   30.0000    0.000015300.2500   21.2607
    7.5000   30.0000    0.000014375.7246   21.2801
   -7.5000   37.5000    0.000014008.2656   21.2451
    0.0000   37.5000    0.000014686.3359   21.2581
    7.5000   37.5000    0.000013749.0508   21.2800
   -7.5000   45.0000    0.000012915.9277   20.7371
    0.0000   45.0000    0.000013483.8057   20.7500
    7.5000   45.0000    0.000012623.0205   20.7705
   -7.5000  -45.0000    7.500010499.6299   21.9587
    0.0000  -45.0000    7.500010861.8125   21.9685
    7.5000  -45.0000    7.500010318.8535   21.9886
   -7.5000  -37.5000    7.500011284.0527   21.7025
    0.0000  -37.5000    7.500011678.0566   21.7120
    7.5000  -37.5000    7.500011099.8447   21.7251
   -7.5000  -30.0000    7.500012524.3096   21.5721
    0.0000  -30.0000    7.500012967.1299   21.5848
    7.5000  -30.0000    7.500012305.3926   21.5967
   -7.5000  -22.5000    7.500013881.3301   21.5265
    0.0000  -22.5000    7.500014384.8389   21.5432
    7.5000  -22.5000    7.500013579.6309   21.5613
   -7.5000  -15.0000    7.500015448.0986   21.5171
    0.0000  -15.0000    7.500016059.9463   21.5359
    7.5000  -15.0000    7.500014910.3193   21.5603
   -7.5000   -7.5000    7.500016751.4883   21.5098
    0.0000   -7.5000    7.500017684.6191   21.5251
    7.5000   -7.5000    7.500016186.7666   21.5493
   -7.5000    0.0000    7.500017246.7773   21.5086
    0.0000    0.0000    7.500018420.3848   21.5185
    7.5000    0.0000    7.500017190.0352   21.5370
   -7.5000    7.5000    7.500016598.8262   21.5139
    0.0000    7.5000    7.500017771.5098   21.5231
    7.5000    7.5000    7.500016773.8809   21.5355
   -7.5000   15.0000    7.500016002.0186   21.5215
    0.0000   15.0000    7.500017007.3086   21.5340
    7.5000   15.0000    7.500016005.6416   21.5457
   -7.5000   22.5000    7.500015337.1934   21.5136
    0.0000   22.5000    7.500016142.4375   21.5301
    7.5000   22.5000    7.500015123.6143   21.5482
   -7.5000   30.0000    7.500014450.0459   21.2386
    0.0000   30.0000    7.500015118.7422   21.2572
    7.5000   30.0000    7.500014124.2090   21.2813
   -7.5000   37.5000    7.500013877.5771   21.2314
    0.0000   37.5000    7.500014449.0566   21.2465
    7.5000   37.5000    7.500013505.2217   21.2704
   -7.5000   45.0000    7.500012752.0918   20.7318
    0.0000   45.0000    7.500013225.4004   20.7414
    7.5000   45.0000    7.500012360.6602   20.7592
   -7.5000  -45.0000   15.000010044.0078   21.9362
    0.0000  -45.0000   15.000010441.7158   21.9378
    7.5000  -45.0000   15.0000 9937.7754   21.9541
   -7.5000  -37.5000   15.000010816.1816   21.6953
    0.0000  -37.5000   15.000011269.8252   21.6992
    7.5000  -37.5000   15.000010702.9219   21.7054
   -7.5000  -30.0000   15.000011993.5439   21.5754
    0.0000  -30.0000   15.000012490.1094   21.5868
    7.5000  -30.0000   15.000011873.9590   21.5903
   -7.5000  -22.5000   15.000013258.1523   21.5251
    0.0000  -22.5000   15.000013855.3447   21.5429
    7.5000  -22.5000   15.000013120.9121   21.5543
   -7.5000  -15.0000   15.000014773.0547   21.5024
    0.0000  -15.0000   15.000015456.2422   21.5201
    7.5000  -15.0000   15.000014400.3867   21.5400
   -7.5000   -7.5000   15.000016191.6426   21.4857
    0.0000   -7.5000   15.000016773.1348   21.4950
    7.5000   -7.5000   15.000015560.2949   21.5164
   -7.5000    0.0000   15.000017037.5312   21.4875
    0.0000    0.0000   15.000017590.7852   21.4894
    7.5000    0.0000   15.000016514.9062   21.5042
   -7.5000    7.5000   15.000016536.7402   21.5071
    0.0000    7.5000   15.000017125.5684   21.5108
    7.5000    7.5000   15.000016199.6377   21.5164
   -7.5000   15.0000   15.000015799.4453   21.5250
    0.0000   15.0000   15.000016363.1787   21.5361
    7.5000   15.0000   15.000015437.1592   21.5396
   -7.5000   22.5000   15.000014967.7422   21.5122
    0.0000   22.5000   15.000015456.3574   21.5299
    7.5000   22.5000   15.000014525.9121   21.5412
   -7.5000   30.0000   15.000013950.7783   21.2241
    0.0000   30.0000   15.000014425.1416   21.2416
    7.5000   30.0000   15.000013486.8594   21.2612
   -7.5000   37.5000   15.000013369.5176   21.2076
    0.0000   37.5000   15.000013842.2168   21.2168
    7.5000   37.5000   15.000012926.0264   21.2379
   -7.5000   45.0000   15.000012287.6416   20.7114
    0.0000   45.0000   15.000012737.0791   20.7133
    7.5000   45.0000   15.000011850.8125   20.7275
   -7.5000  -45.0000   22.5000 9509.1475   21.9769
    0.0000  -45.0000   22.5000 9936.9658   21.9737
    7.5000  -45.0000   22.5000 9447.5371   21.9908
   -7.5000  -37.5000   22.500010208.8662   21.7376
    0.0000  -37.5000   22.500010664.9062   21.7412
    7.5000  -37.5000   22.500010155.9189   21.7467
   -7.5000  -30.0000   22.500011320.3213   21.6245
    0.0000  -30.0000   22.500011789.3984   21.6363
    7.5000  -30.0000   22.500011278.4229   21.6350
   -7.5000  -22.5000   22.500012542.3896   21.5799
    0.0000  -22.5000   22.500013061.1240   21.5942
    7.5000  -22.5000   22.500012428.5459   21.5973
   -7.5000  -15.0000   22.500013920.2266   21.5567
    0.0000  -15.0000   22.500014392.9268   21.5662
    7.5000  -15.0000   22.500013578.1143   21.5783
   -7.5000   -7.5000   22.500015201.4082   21.5321
    0.0000   -7.5000   22.500015466.0088   21.5330
    7.5000   -7.5000   22.500014615.7051   21.5512
   -7.5000    0.0000   22.500016262.8438   21.5272
    0.0000    0.0000   22.500016407.3711   21.5245
    7.5000    0.0000   22.500015536.2178   21.5401
   -7.5000    7.5000   22.500016098.8271   21.5489
    0.0000    7.5000   22.500016295.2842   21.5524
    7.5000    7.5000   22.500015389.5684   21.5573
   -7.5000   15.0000   22.500015349.4395   21.5741
    0.0000   15.0000   22.500015614.3604   21.5856
    7.5000   15.0000   22.500014728.3232   21.5842
   -7.5000   22.5000   22.500014365.6416   21.5669
    0.0000   22.5000   22.500014685.9648   21.5811
    7.5000   22.5000   22.500013838.9785   21.5841
   -7.5000   30.0000   22.500013253.5078   21.2777
    0.0000   30.0000   22.500013620.2041   21.2871
    7.5000   30.0000   22.500012802.5889   21.2990
   -7.5000   37.5000   22.500012671.0547   21.2534
    0.0000   37.5000   22.500013070.8350   21.2543
    7.5000   37.5000   22.500012270.8584   21.2723
   -7.5000   45.0000   22.500011659.8916   20.7497
    0.0000   45.0000   22.500012082.6904   20.7472
    7.5000   45.0000   22.500011274.1855   20.7621
   -7.5000  -45.0000   30.0000 8891.5107   22.1194
    0.0000  -45.0000   30.0000 9260.3096   22.1185
    7.5000  -45.0000   30.0000 8821.9980   22.1392
   -7.5000  -37.5000   30.0000 9551.6279   21.8691
    0.0000  -37.5000   30.0000 9928.0996   21.8770
    7.5000  -37.5000   30.0000 9483.4004   21.8886
   -7.5000  -30.0000   30.000010618.7441   21.7521
    0.0000  -30.0000   30.000011033.6455   21.7655
    7.5000  -30.0000   30.000010557.2793   21.7671
   -7.5000  -22.5000   30.000011816.3291   21.7169
    0.0000  -22.5000   30.000012286.6416   21.7268
    7.5000  -22.5000   30.000011664.4795   21.7273
   -7.5000  -15.0000   30.000013008.3213   21.7056
    0.0000  -15.0000   30.000013389.1768   21.7074
    7.5000  -15.0000   30.000012681.8877   21.7146
   -7.5000   -7.5000   30.000013978.6016   21.6823
    0.0000   -7.5000   30.000014272.9521   21.6793
    7.5000   -7.5000   30.000013549.7061   21.6958
   -7.5000    0.0000   30.000014851.4268   21.6675
    0.0000    0.0000   30.000015162.0303   21.6671
    7.5000    0.0000   30.000014401.2939   21.6862
   -7.5000    7.5000   30.000014726.0107   21.6781
    0.0000    7.5000   30.000015151.2812   21.6858
    7.5000    7.5000   30.000014346.8867   21.6967
   -7.5000   15.0000   30.000014123.9189   21.7010
    0.0000   15.0000   30.000014563.5762   21.7142
    7.5000   15.0000   30.000013784.1738   21.7157
   -7.5000   22.5000   30.000013277.2012   21.7037
    0.0000   22.5000   30.000013697.4404   21.7135
    7.5000   22.5000   30.000012954.7539   21.7140
   -7.5000   30.0000   30.000012299.8174   21.4247
    0.0000   30.0000   30.000012719.6699   21.4264
    7.5000   30.0000   30.000011989.2002   21.4336
   -7.5000   37.5000   30.000011815.1699   21.4017
    0.0000   37.5000   30.000012208.0518   21.3987
    7.5000   37.5000   30.000011501.0938   21.4150
   -7.5000   45.0000   30.000010848.9531   20.8850
    0.0000   45.0000   30.000011225.9873   20.8846
    7.5000   45.0000   30.000010562.9160   20.9030
   -7.5000  -45.0000   37.5000 8636.3174   22.4281
    0.0000  -45.0000   37.5000 8999.7725   22.4354
    7.5000  -45.0000   37.5000 8551.8281   22.4590
   -7.5000  -37.5000   37.5000 9278.7920   22.1604
    0.0000  -37.5000   37.5000 9677.2314   22.1741
    7.5000  -37.5000   37.5000 9196.2207   22.1920
   -7.5000  -30.0000   37.500010308.5273   22.0278
    0.0000  -30.0000   37.500010769.6514   22.0432
    7.5000  -30.0000   37.500010236.4834   22.0526
   -7.5000  -22.5000   37.500011419.4492   21.9960
    0.0000  -22.5000   37.500011889.9385   22.0052
    7.5000  -22.5000   37.500011277.9346   22.0119
   -7.5000  -15.0000   37.500012430.4141   21.9995
    0.0000  -15.0000   37.500012803.8213   22.0024
    7.5000  -15.0000   37.500012190.6152   22.0131
   -7.5000   -7.5000   37.500013295.5088   21.9874
    0.0000   -7.5000   37.500013643.6387   21.9903
    7.5000   -7.5000   37.500013037.2471   22.0085
   -7.5000    0.0000   37.500014088.6953   21.9699
    0.0000    0.0000   37.500014485.9912   21.9774
    7.5000    0.0000   37.500013859.1729   21.9993
   -7.5000    7.5000   37.500013960.7471   21.9645
    0.0000    7.5000   37.500014417.8047   21.9779
    7.5000    7.5000   37.500013780.5518   21.9949
   -7.5000   15.0000   37.500013484.9297   21.9752
    0.0000   15.0000   37.500013927.4678   21.9903
    7.5000   15.0000   37.500013285.5732   21.9996
   -7.5000   22.5000   37.500012746.4531   21.9827
    0.0000   22.5000   37.500013180.9932   21.9918
    7.5000   22.5000   37.500012515.4980   21.9984
   -7.5000   30.0000   37.500011820.3594   21.7148
    0.0000   30.0000   37.500012278.8086   21.7177
    7.5000   30.0000   37.500011620.1533   21.7282
   -7.5000   37.5000   37.500011359.8145   21.7028
    0.0000   37.5000   37.500011796.2832   21.7057
    7.5000   37.5000   37.500011148.5361   21.7237
   -7.5000   45.0000   37.500010417.4004   21.1764
    0.0000   45.0000   37.500010795.7559   21.1837
    7.5000   45.0000   37.500010232.8496   21.2047
   -7.5000  -45.0000   45.0000 7987.9238   22.8107
    0.0000  -45.0000   45.0000 8363.0547   22.8252
    7.5000  -45.0000   45.0000 7947.3823   22.8492
   -7.5000  -37.5000   45.0000 8572.0840   22.5371
    0.0000  -37.5000   45.0000 8964.7236   22.5529
    7.5000  -37.5000   45.0000 8526.7920   22.5717
   -7.5000  -30.0000   45.0000 9492.0615   22.3924
    0.0000  -30.0000   45.0000 9940.7275   22.4079
    7.5000  -30.0000   45.0000 9469.9287   22.4222
   -7.5000  -22.5000   45.000010469.0068   22.3533
    0.0000  -22.5000   45.000010906.5107   22.3661
    7.5000  -22.5000   45.000010409.2227   22.3816
   -7.5000  -15.0000   45.000011336.5303   22.3569
    0.0000  -15.0000   45.000011724.3994   22.3691
    7.5000  -15.0000   45.000011249.1279   22.3892
   -7.5000   -7.5000   45.000012120.0908   22.3518
    0.0000   -7.5000   45.000012521.2725   22.3656
    7.5000   -7.5000   45.000012042.1455   22.3886
   -7.5000    0.0000   45.000012863.4131   22.3411
    0.0000    0.0000   45.000013297.5420   22.3555
    7.5000    0.0000   45.000012765.0459   22.3778
   -7.5000    7.5000   45.000012726.2051   22.3336
    0.0000    7.5000   45.000013152.2812   22.3490
    7.5000    7.5000   45.000012636.5781   22.3670
   -7.5000   15.0000   45.000012315.2861   22.3375
    0.0000   15.0000   45.000012723.1885   22.3527
    7.5000   15.0000   45.000012200.9766   22.3668
   -7.5000   22.5000   45.000011666.8652   22.3397
    0.0000   22.5000   45.000012093.6240   22.3523
    7.5000   22.5000   45.000011518.7432   22.3677
   -7.5000   30.0000   45.000010873.6045   22.0657
    0.0000   30.0000   45.000011308.8896   22.0777
    7.5000   30.0000   45.000010732.7207   22.0975
   -7.5000   37.5000   45.000010450.8750   22.0606
    0.0000   37.5000   45.000010864.9932   22.0742
    7.5000   37.5000   45.000010308.3350   22.0970
   -7.5000   45.0000   45.0000 9560.7002   21.5440
    0.0000   45.0000   45.0000 9954.3594   21.5579
    7.5000   45.0000   45.0000 9436.7627   21.5794

---------------------------------------------------------------------
imgreg_4dfp /opt/freesurfer/average/711-2C_as_mni_average_305 /opt/freesurfer/average/711-2B_as_mni_average_305_mask talsrcimg_g11 none talsrcimg_to_711-2C_as_mni_average_305_t4 4355
---------------------------------------------------------------------

freesurfer imgreg_4dfp.c
/opt/freesurfer/average/711-2C_as_mni_average_305.4dfp.img
       256       256       256         1
  1.000000  1.000000  1.000000
orientation T byte_order littleendian
Reading image: /opt/freesurfer/average/711-2C_as_mni_average_305.4dfp.img
dimensions:      256       256       256
mmppix:       1.0000   -1.0000   -1.0000
center:     128.0000 -129.0000 -129.0000
/opt/freesurfer/average/711-2B_as_mni_average_305_mask.4dfp.img
       256       256       256         1
  1.000000  1.000000  1.000000
orientation T byte_order littleendian
Reading mask: /opt/freesurfer/average/711-2B_as_mni_average_305_mask.4dfp.img (2306576 pixels)
talsrcimg_g11.4dfp.img
       256       256       256         1
  1.000000  1.000000  1.000000
orientation T byte_order littleendian
Reading image: talsrcimg_g11.4dfp.img
dimensions:      256       256       256
mmppix:       1.0000   -1.0000   -1.0000
center:     128.0000 -129.0000 -129.0000
rotation matrix determinant  1.000000
image alignment mode   4355 decimal     1103 hex
   -7.5000  -45.0000  -37.5000 2107.7588   26.5442
    0.0000  -45.0000  -37.5000 2110.7478   26.6870
    7.5000  -45.0000  -37.5000 2095.4104   27.0036
   -7.5000  -37.5000  -37.5000 2218.2073   24.1354
    0.0000  -37.5000  -37.5000 2211.9231   24.2142
    7.5000  -37.5000  -37.5000 2191.3755   24.5201
   -7.5000  -30.0000  -37.5000 2309.1294   22.3830
    0.0000  -30.0000  -37.5000 2301.8796   22.4423
    7.5000  -30.0000  -37.5000 2275.8691   22.7994
   -7.5000  -22.5000  -37.5000 2368.6760   21.0809
    0.0000  -22.5000  -37.5000 2356.2131   21.1317
    7.5000  -22.5000  -37.5000 2329.4814   21.4071
   -7.5000  -15.0000  -37.5000 2404.3804   20.1237
    0.0000  -15.0000  -37.5000 2390.0437   20.1514
    7.5000  -15.0000  -37.5000 2368.6594   20.4686
   -7.5000   -7.5000  -37.5000 2427.0933   19.5566
    0.0000   -7.5000  -37.5000 2417.6545   19.5569
    7.5000   -7.5000  -37.5000 2391.6721   19.9277
   -7.5000    0.0000  -37.5000 2432.5442   19.2584
    0.0000    0.0000  -37.5000 2417.7441   19.2800
    7.5000    0.0000  -37.5000 2388.5186   19.7086
   -7.5000    7.5000  -37.5000 2429.1018   19.2177
    0.0000    7.5000  -37.5000 2415.7314   19.2026
    7.5000    7.5000  -37.5000 2389.3560   19.6775
   -7.5000   15.0000  -37.5000 2411.6804   19.4800
    0.0000   15.0000  -37.5000 2402.8628   19.4651
    7.5000   15.0000  -37.5000 2377.6582   20.0002
   -7.5000   22.5000  -37.5000 2389.8870   20.1568
    0.0000   22.5000  -37.5000 2385.7063   20.1457
    7.5000   22.5000  -37.5000 2354.8496   20.6894
   -7.5000   30.0000  -37.5000 2336.2417   21.2474
    0.0000   30.0000  -37.5000 2335.8416   21.2039
    7.5000   30.0000  -37.5000 2300.4246   21.7223
   -7.5000   37.5000  -37.5000 2274.7246   22.7679
    0.0000   37.5000  -37.5000 2264.3784   22.7691
    7.5000   37.5000  -37.5000 2225.7595   23.3468
   -7.5000   45.0000  -37.5000 2177.7695   24.7847
    0.0000   45.0000  -37.5000 2173.2017   24.8145
    7.5000   45.0000  -37.5000 2137.7942   25.4289
   -7.5000  -45.0000  -30.0000 2215.6287   25.7392
    0.0000  -45.0000  -30.0000 2214.4668   25.7079
    7.5000  -45.0000  -30.0000 2201.3147   26.0696
   -7.5000  -37.5000  -30.0000 2336.7234   23.3594
    0.0000  -37.5000  -30.0000 2333.9236   23.3919
    7.5000  -37.5000  -30.0000 2311.7756   23.6776
   -7.5000  -30.0000  -30.0000 2434.1274   21.5989
    0.0000  -30.0000  -30.0000 2428.3748   21.6179
    7.5000  -30.0000  -30.0000 2401.4971   21.8744
   -7.5000  -22.5000  -30.0000 2500.9153   20.2303
    0.0000  -22.5000  -30.0000 2487.1045   20.2288
    7.5000  -22.5000  -30.0000 2459.6511   20.5269
   -7.5000  -15.0000  -30.0000 2540.4954   19.2757
    0.0000  -15.0000  -30.0000 2525.2849   19.3101
    7.5000  -15.0000  -30.0000 2495.3435   19.5532
   -7.5000   -7.5000  -30.0000 2562.4595   18.6904
    0.0000   -7.5000  -30.0000 2551.2781   18.6999
    7.5000   -7.5000  -30.0000 2521.8262   19.0088
   -7.5000    0.0000  -30.0000 2558.8833   18.3651
    0.0000    0.0000  -30.0000 2545.9570   18.3783
    7.5000    0.0000  -30.0000 2520.1912   18.7436
   -7.5000    7.5000  -30.0000 2565.2854   18.3190
    0.0000    7.5000  -30.0000 2557.4292   18.3644
    7.5000    7.5000  -30.0000 2531.1418   18.7672
   -7.5000   15.0000  -30.0000 2556.8840   18.6283
    0.0000   15.0000  -30.0000 2553.1401   18.6587
    7.5000   15.0000  -30.0000 2521.3118   19.0837
   -7.5000   22.5000  -30.0000 2529.6807   19.2940
    0.0000   22.5000  -30.0000 2522.1631   19.2523
    7.5000   22.5000  -30.0000 2487.3645   19.6889
   -7.5000   30.0000  -30.0000 2475.8069   20.3692
    0.0000   30.0000  -30.0000 2465.1958   20.2785
    7.5000   30.0000  -30.0000 2437.8992   20.7721
   -7.5000   37.5000  -30.0000 2407.6179   21.8178
    0.0000   37.5000  -30.0000 2391.3979   21.7976
    7.5000   37.5000  -30.0000 2363.6467   22.3161
   -7.5000   45.0000  -30.0000 2299.8862   23.7440
    0.0000   45.0000  -30.0000 2290.9707   23.6876
    7.5000   45.0000  -30.0000 2267.4919   24.2771
   -7.5000  -45.0000  -22.5000 2298.0557   24.8696
    0.0000  -45.0000  -22.5000 2299.5796   24.8690
    7.5000  -45.0000  -22.5000 2279.9475   25.1250
   -7.5000  -37.5000  -22.5000 2428.0083   22.4851
    0.0000  -37.5000  -22.5000 2420.7380   22.4837
    7.5000  -37.5000  -22.5000 2390.0947   22.7293
   -7.5000  -30.0000  -22.5000 2531.0471   20.7009
    0.0000  -30.0000  -22.5000 2519.1216   20.6975
    7.5000  -30.0000  -22.5000 2486.7329   20.9341
   -7.5000  -22.5000  -22.5000 2600.2690   19.3874
    0.0000  -22.5000  -22.5000 2589.8567   19.3891
    7.5000  -22.5000  -22.5000 2556.2842   19.6173
   -7.5000  -15.0000  -22.5000 2646.8613   18.3539
    0.0000  -15.0000  -22.5000 2635.2158   18.3884
    7.5000  -15.0000  -22.5000 2602.7681   18.6578
   -7.5000   -7.5000  -22.5000 2676.2629   17.7176
    0.0000   -7.5000  -22.5000 2667.0625   17.7610
    7.5000   -7.5000  -22.5000 2633.9182   18.0454
   -7.5000    0.0000  -22.5000 2679.4243   17.3943
    0.0000    0.0000  -22.5000 2668.2439   17.4331
    7.5000    0.0000  -22.5000 2648.1953   17.7429
   -7.5000    7.5000  -22.5000 2680.9451   17.3596
    0.0000    7.5000  -22.5000 2678.6160   17.3945
    7.5000    7.5000  -22.5000 2646.0796   17.7488
   -7.5000   15.0000  -22.5000 2669.4243   17.6989
    0.0000   15.0000  -22.5000 2668.1499   17.7532
    7.5000   15.0000  -22.5000 2630.9817   18.1247
   -7.5000   22.5000  -22.5000 2638.6614   18.3674
    0.0000   22.5000  -22.5000 2639.1165   18.3556
    7.5000   22.5000  -22.5000 2601.5393   18.7312
   -7.5000   30.0000  -22.5000 2579.0417   19.3845
    0.0000   30.0000  -22.5000 2574.0823   19.3303
    7.5000   30.0000  -22.5000 2539.8721   19.7406
   -7.5000   37.5000  -22.5000 2508.4890   20.7631
    0.0000   37.5000  -22.5000 2494.3862   20.7370
    7.5000   37.5000  -22.5000 2464.7559   21.1721
   -7.5000   45.0000  -22.5000 2402.3301   22.6130
    0.0000   45.0000  -22.5000 2396.2026   22.5920
    7.5000   45.0000  -22.5000 2363.1516   23.0910
   -7.5000  -45.0000  -15.0000 2356.4763   24.0737
    0.0000  -45.0000  -15.0000 2349.3401   24.0645
    7.5000  -45.0000  -15.0000 2325.1453   24.4405
   -7.5000  -37.5000  -15.0000 2485.0122   21.6987
    0.0000  -37.5000  -15.0000 2475.0603   21.7318
    7.5000  -37.5000  -15.0000 2442.9763   22.0070
   -7.5000  -30.0000  -15.0000 2588.7537   19.9060
    0.0000  -30.0000  -15.0000 2575.8022   19.9447
    7.5000  -30.0000  -15.0000 2545.4031   20.1443
   -7.5000  -22.5000  -15.0000 2665.1648   18.5645
    0.0000  -22.5000  -15.0000 2655.7021   18.6048
    7.5000  -22.5000  -15.0000 2621.1528   18.7966
   -7.5000  -15.0000  -15.0000 2721.4753   17.5815
    0.0000  -15.0000  -15.0000 2709.4329   17.6246
    7.5000  -15.0000  -15.0000 2675.0400   17.9120
   -7.5000   -7.5000  -15.0000 2755.1240   16.8807
    0.0000   -7.5000  -15.0000 2745.2271   16.9373
    7.5000   -7.5000  -15.0000 2706.5034   17.2531
   -7.5000    0.0000  -15.0000 2759.1597   16.4980
    0.0000    0.0000  -15.0000 2751.2571   16.5509
    7.5000    0.0000  -15.0000 2716.1167   16.9062
   -7.5000    7.5000  -15.0000 2765.5254   16.4711
    0.0000    7.5000  -15.0000 2761.9199   16.5347
    7.5000    7.5000  -15.0000 2724.3423   16.9366
   -7.5000   15.0000  -15.0000 2757.1672   16.8549
    0.0000   15.0000  -15.0000 2755.3916   16.8932
    7.5000   15.0000  -15.0000 2709.7319   17.2694
   -7.5000   22.5000  -15.0000 2723.0007   17.5489
    0.0000   22.5000  -15.0000 2723.9553   17.5612
    7.5000   22.5000  -15.0000 2687.1821   17.9195
   -7.5000   30.0000  -15.0000 2656.5278   18.5245
    0.0000   30.0000  -15.0000 2651.8259   18.5449
    7.5000   30.0000  -15.0000 2625.5251   18.9252
   -7.5000   37.5000  -15.0000 2569.7334   19.8688
    0.0000   37.5000  -15.0000 2563.8301   19.8327
    7.5000   37.5000  -15.0000 2533.3665   20.3099
   -7.5000   45.0000  -15.0000 2465.4299   21.6415
    0.0000   45.0000  -15.0000 2459.3684   21.6149
    7.5000   45.0000  -15.0000 2427.8818   22.1380
   -7.5000  -45.0000   -7.5000 2392.3911   23.3911
    0.0000  -45.0000   -7.5000 2392.1997   23.4623
    7.5000  -45.0000   -7.5000 2363.2424   23.8086
   -7.5000  -37.5000   -7.5000 2520.2966   21.0101
    0.0000  -37.5000   -7.5000 2513.8828   21.0834
    7.5000  -37.5000   -7.5000 2486.1108   21.4042
   -7.5000  -30.0000   -7.5000 2630.7939   19.1821
    0.0000  -30.0000   -7.5000 2624.6492   19.2470
    7.5000  -30.0000   -7.5000 2595.9961   19.5516
   -7.5000  -22.5000   -7.5000 2717.3303   17.8304
    0.0000  -22.5000   -7.5000 2710.2319   17.8919
    7.5000  -22.5000   -7.5000 2679.3030   18.2145
   -7.5000  -15.0000   -7.5000 2774.9541   16.8860
    0.0000  -15.0000   -7.5000 2766.0103   16.9788
    7.5000  -15.0000   -7.5000 2734.8289   17.3017
   -7.5000   -7.5000   -7.5000 2820.1897   16.2105
    0.0000   -7.5000   -7.5000 2810.9678   16.3416
    7.5000   -7.5000   -7.5000 2767.4421   16.6594
   -7.5000    0.0000   -7.5000 2822.3965   15.6760
    0.0000    0.0000   -7.5000 2815.3237   15.8508
    7.5000    0.0000   -7.5000 2780.3613   16.3184
   -7.5000    7.5000   -7.5000 2830.2437   15.6711
    0.0000    7.5000   -7.5000 2826.8887   15.7970
    7.5000    7.5000   -7.5000 2795.7192   16.3294
   -7.5000   15.0000   -7.5000 2818.8367   16.0936
    0.0000   15.0000   -7.5000 2827.4829   16.1786
    7.5000   15.0000   -7.5000 2787.4734   16.6461
   -7.5000   22.5000   -7.5000 2780.0667   16.8040
    0.0000   22.5000   -7.5000 2788.1086   16.8775
    7.5000   22.5000   -7.5000 2759.1958   17.3016
   -7.5000   30.0000   -7.5000 2711.5896   17.8044
    0.0000   30.0000   -7.5000 2715.2764   17.8679
    7.5000   30.0000   -7.5000 2694.8755   18.3367
   -7.5000   37.5000   -7.5000 2619.0059   19.1806
    0.0000   37.5000   -7.5000 2623.7327   19.2718
    7.5000   37.5000   -7.5000 2597.3701   19.7476
   -7.5000   45.0000   -7.5000 2512.6665   20.9106
    0.0000   45.0000   -7.5000 2514.8220   21.0226
    7.5000   45.0000   -7.5000 2475.7307   21.5402
   -7.5000  -45.0000    0.0000 2401.2800   22.8714
    0.0000  -45.0000    0.0000 2399.4160   22.9896
    7.5000  -45.0000    0.0000 2383.5066   23.3714
   -7.5000  -37.5000    0.0000 2526.4465   20.5373
    0.0000  -37.5000    0.0000 2527.8303   20.6770
    7.5000  -37.5000    0.0000 2505.2710   20.9778
   -7.5000  -30.0000    0.0000 2641.5737   18.7081
    0.0000  -30.0000    0.0000 2645.1084   18.8471
    7.5000  -30.0000    0.0000 2614.5674   19.1348
   -7.5000  -22.5000    0.0000 2733.8257   17.3731
    0.0000  -22.5000    0.0000 2741.3525   17.5101
    7.5000  -22.5000    0.0000 2707.5823   17.8137
   -7.5000  -15.0000    0.0000 2807.1763   16.4283
    0.0000  -15.0000    0.0000 2815.9094   16.5668
    7.5000  -15.0000    0.0000 2777.6248   16.8835
   -7.5000   -7.5000    0.0000 2864.3860   15.7828
    0.0000   -7.5000    0.0000 2866.3662   15.9589
    7.5000   -7.5000    0.0000 2815.0913   16.2348
   -7.5000    0.0000    0.0000 2864.8882   15.0587
    0.0000    0.0000    0.0000 2875.8850   15.4282
    7.5000    0.0000    0.0000 2837.8811   15.9003
   -7.5000    7.5000    0.0000 2860.1165   15.0311
    0.0000    7.5000    0.0000 2875.3662   15.3316
    7.5000    7.5000    0.0000 2847.1421   15.9035
   -7.5000   15.0000    0.0000 2848.7910   15.4776
    0.0000   15.0000    0.0000 2869.8435   15.7132
    7.5000   15.0000    0.0000 2835.0991   16.2396
   -7.5000   22.5000    0.0000 2812.0801   16.2427
    0.0000   22.5000    0.0000 2833.4871   16.4604
    7.5000   22.5000    0.0000 2800.5684   16.9204
   -7.5000   30.0000    0.0000 2744.0247   17.3449
    0.0000   30.0000    0.0000 2764.2334   17.5533
    7.5000   30.0000    0.0000 2731.1560   17.9593
   -7.5000   37.5000    0.0000 2650.3037   18.7503
    0.0000   37.5000    0.0000 2665.1714   18.9123
    7.5000   37.5000    0.0000 2628.7283   19.3332
   -7.5000   45.0000    0.0000 2544.1238   20.4910
    0.0000   45.0000    0.0000 2551.0830   20.6656
    7.5000   45.0000    0.0000 2510.5063   21.1066
   -7.5000  -45.0000    7.5000 2397.7690   22.5689
    0.0000  -45.0000    7.5000 2409.4158   22.7331
    7.5000  -45.0000    7.5000 2395.8496   23.1088
   -7.5000  -37.5000    7.5000 2519.8098   20.2427
    0.0000  -37.5000    7.5000 2526.9192   20.3714
    7.5000  -37.5000    7.5000 2515.5471   20.7453
   -7.5000  -30.0000    7.5000 2630.4976   18.4286
    0.0000  -30.0000    7.5000 2645.1082   18.5341
    7.5000  -30.0000    7.5000 2626.9224   18.9003
   -7.5000  -22.5000    7.5000 2733.5745   17.1310
    0.0000  -22.5000    7.5000 2751.3037   17.2612
    7.5000  -22.5000    7.5000 2729.0459   17.5631
   -7.5000  -15.0000    7.5000 2820.9397   16.2006
    0.0000  -15.0000    7.5000 2844.1030   16.3862
    7.5000  -15.0000    7.5000 2814.6008   16.6178
   -7.5000   -7.5000    7.5000 2892.4922   15.5628
    0.0000   -7.5000    7.5000 2913.0459   15.7987
    7.5000   -7.5000    7.5000 2868.1482   16.0210
   -7.5000    0.0000    7.5000 2903.2598   14.8392
    0.0000    0.0000    7.5000 2935.0938   15.2904
    7.5000    0.0000    7.5000 2891.0583   15.6679
   -7.5000    7.5000    7.5000 2873.6890   14.6339
    0.0000    7.5000    7.5000 2918.8691   15.1877
    7.5000    7.5000    7.5000 2891.3176   15.7167
   -7.5000   15.0000    7.5000 2862.1216   15.1970
    0.0000   15.0000    7.5000 2899.0132   15.5140
    7.5000   15.0000    7.5000 2868.5442   16.0179
   -7.5000   22.5000    7.5000 2831.3970   16.0598
    0.0000   22.5000    7.5000 2852.9890   16.2102
    7.5000   22.5000    7.5000 2826.9409   16.6575
   -7.5000   30.0000    7.5000 2762.7966   17.1223
    0.0000   30.0000    7.5000 2778.4580   17.2146
    7.5000   30.0000    7.5000 2751.6433   17.6665
   -7.5000   37.5000    7.5000 2671.1956   18.5224
    0.0000   37.5000    7.5000 2678.5842   18.6065
    7.5000   37.5000    7.5000 2652.3018   19.0522
   -7.5000   45.0000    7.5000 2560.6292   20.2875
    0.0000   45.0000    7.5000 2559.6052   20.3554
    7.5000   45.0000    7.5000 2529.7905   20.8116
   -7.5000  -45.0000   15.0000 2381.8447   22.7280
    0.0000  -45.0000   15.0000 2391.7393   22.7410
    7.5000  -45.0000   15.0000 2389.1401   23.2450
   -7.5000  -37.5000   15.0000 2505.6968   20.3298
    0.0000  -37.5000   15.0000 2515.7358   20.3767
    7.5000  -37.5000   15.0000 2509.3364   20.8264
   -7.5000  -30.0000   15.0000 2612.2329   18.4543
    0.0000  -30.0000   15.0000 2628.7434   18.4844
    7.5000  -30.0000   15.0000 2623.7551   18.8911
   -7.5000  -22.5000   15.0000 2717.5623   17.0759
    0.0000  -22.5000   15.0000 2741.6047   17.1526
    7.5000  -22.5000   15.0000 2734.4614   17.5242
   -7.5000  -15.0000   15.0000 2815.1519   16.1270
    0.0000  -15.0000   15.0000 2841.6001   16.2198
    7.5000  -15.0000   15.0000 2827.3242   16.5282
   -7.5000   -7.5000   15.0000 2898.9312   15.5496
    0.0000   -7.5000   15.0000 2922.7136   15.6649
    7.5000   -7.5000   15.0000 2882.7786   15.8978
   -7.5000    0.0000   15.0000 2941.9648   15.1155
    0.0000    0.0000   15.0000 2955.9287   15.2226
    7.5000    0.0000   15.0000 2910.6836   15.5958
   -7.5000    7.5000   15.0000 2928.8103   15.1636
    0.0000    7.5000   15.0000 2931.2727   15.1716
    7.5000    7.5000   15.0000 2903.8704   15.6850
   -7.5000   15.0000   15.0000 2889.9265   15.4096
    0.0000   15.0000   15.0000 2893.5969   15.4480
    7.5000   15.0000   15.0000 2870.8616   15.9453
   -7.5000   22.5000   15.0000 2833.1211   16.0590
    0.0000   22.5000   15.0000 2839.6064   16.0719
    7.5000   22.5000   15.0000 2824.1265   16.5211
   -7.5000   30.0000   15.0000 2752.3149   17.0789
    0.0000   30.0000   15.0000 2762.7561   17.0905
    7.5000   30.0000   15.0000 2745.5410   17.5387
   -7.5000   37.5000   15.0000 2665.3408   18.5035
    0.0000   37.5000   15.0000 2668.9604   18.5036
    7.5000   37.5000   15.0000 2651.5925   18.9454
   -7.5000   45.0000   15.0000 2559.2751   20.3496
    0.0000   45.0000   15.0000 2556.3708   20.3104
    7.5000   45.0000   15.0000 2528.0051   20.7398
   -7.5000  -45.0000   22.5000 2363.8210   23.0384
    0.0000  -45.0000   22.5000 2375.7810   23.0033
    7.5000  -45.0000   22.5000 2376.2009   23.5578
   -7.5000  -37.5000   22.5000 2481.0200   20.5576
    0.0000  -37.5000   22.5000 2495.7148   20.5090
    7.5000  -37.5000   22.5000 2497.3606   20.9996
   -7.5000  -30.0000   22.5000 2588.6489   18.7495
    0.0000  -30.0000   22.5000 2602.7935   18.6329
    7.5000  -30.0000   22.5000 2610.9915   19.1055
   -7.5000  -22.5000   22.5000 2700.1064   17.4238
    0.0000  -22.5000   22.5000 2712.6448   17.2874
    7.5000  -22.5000   22.5000 2718.7112   17.7332
   -7.5000  -15.0000   22.5000 2808.2312   16.5866
    0.0000  -15.0000   22.5000 2813.0366   16.4370
    7.5000  -15.0000   22.5000 2817.2522   16.7751
   -7.5000   -7.5000   22.5000 2900.9512   16.0279
    0.0000   -7.5000   22.5000 2901.9395   15.8484
    7.5000   -7.5000   22.5000 2875.7422   16.1373
   -7.5000    0.0000   22.5000 2943.3459   15.6856
    0.0000    0.0000   22.5000 2925.2817   15.3755
    7.5000    0.0000   22.5000 2895.2280   15.7551
   -7.5000    7.5000   22.5000 2947.8035   15.8523
    0.0000    7.5000   22.5000 2933.2722   15.6181
    7.5000    7.5000   22.5000 2901.8838   15.9367
   -7.5000   15.0000   22.5000 2895.6409   16.1516
    0.0000   15.0000   22.5000 2891.1550   16.0181
    7.5000   15.0000   22.5000 2864.7810   16.3317
   -7.5000   22.5000   22.5000 2833.9702   16.7152
    0.0000   22.5000   22.5000 2827.3533   16.5896
    7.5000   22.5000   22.5000 2812.8521   16.9123
   -7.5000   30.0000   22.5000 2740.1780   17.5253
    0.0000   30.0000   22.5000 2739.5542   17.4359
    7.5000   30.0000   22.5000 2725.0481   17.8116
   -7.5000   37.5000   22.5000 2647.6724   18.7528
    0.0000   37.5000   22.5000 2646.2917   18.7069
    7.5000   37.5000   22.5000 2630.5808   19.1007
   -7.5000   45.0000   22.5000 2543.0308   20.4341
    0.0000   45.0000   22.5000 2543.5933   20.4435
    7.5000   45.0000   22.5000 2512.8599   20.8144
   -7.5000  -45.0000   30.0000 2340.1987   23.6647
    0.0000  -45.0000   30.0000 2349.3220   23.4597
    7.5000  -45.0000   30.0000 2354.1926   24.0175
   -7.5000  -37.5000   30.0000 2452.4800   21.2357
    0.0000  -37.5000   30.0000 2463.1304   20.9815
    7.5000  -37.5000   30.0000 2473.7224   21.5518
   -7.5000  -30.0000   30.0000 2567.7502   19.5245
    0.0000  -30.0000   30.0000 2579.1489   19.2598
    7.5000  -30.0000   30.0000 2589.3140   19.7000
   -7.5000  -22.5000   30.0000 2686.5112   18.2475
    0.0000  -22.5000   30.0000 2693.9062   18.0067
    7.5000  -22.5000   30.0000 2699.1123   18.3684
   -7.5000  -15.0000   30.0000 2787.6047   17.3020
    0.0000  -15.0000   30.0000 2793.8516   17.0825
    7.5000  -15.0000   30.0000 2790.9751   17.3575
   -7.5000   -7.5000   30.0000 2860.3999   16.5452
    0.0000   -7.5000   30.0000 2862.0244   16.2450
    7.5000   -7.5000   30.0000 2838.8608   16.6204
   -7.5000    0.0000   30.0000 2896.8813   16.1548
    0.0000    0.0000   30.0000 2894.4426   15.9391
    7.5000    0.0000   30.0000 2865.8914   16.2589
   -7.5000    7.5000   30.0000 2899.6287   16.3568
    0.0000    7.5000   30.0000 2916.7656   16.2194
    7.5000    7.5000   30.0000 2880.0779   16.4571
   -7.5000   15.0000   30.0000 2858.8442   16.7589
    0.0000   15.0000   30.0000 2865.6489   16.7210
    7.5000   15.0000   30.0000 2835.8950   16.9237
   -7.5000   22.5000   30.0000 2791.0815   17.3760
    0.0000   22.5000   30.0000 2792.5022   17.3316
    7.5000   22.5000   30.0000 2771.4292   17.5596
   -7.5000   30.0000   30.0000 2707.4258   18.2837
    0.0000   30.0000   30.0000 2709.4832   18.2182
    7.5000   30.0000   30.0000 2686.5889   18.4663
   -7.5000   37.5000   30.0000 2618.6353   19.4531
    0.0000   37.5000   30.0000 2617.3940   19.3766
    7.5000   37.5000   30.0000 2594.2324   19.6638
   -7.5000   45.0000   30.0000 2504.2026   20.9702
    0.0000   45.0000   30.0000 2506.3804   20.9745
    7.5000   45.0000   30.0000 2478.2180   21.3553
   -7.5000  -45.0000   37.5000 2312.2903   24.6853
    0.0000  -45.0000   37.5000 2324.7849   24.4377
    7.5000  -45.0000   37.5000 2326.8618   24.8628
   -7.5000  -37.5000   37.5000 2433.3169   22.3531
    0.0000  -37.5000   37.5000 2445.2795   22.0407
    7.5000  -37.5000   37.5000 2443.2930   22.4087
   -7.5000  -30.0000   37.5000 2546.3127   20.5969
    0.0000  -30.0000   37.5000 2560.5049   20.2864
    7.5000  -30.0000   37.5000 2556.5544   20.6550
   -7.5000  -22.5000   37.5000 2656.1831   19.2058
    0.0000  -22.5000   37.5000 2666.4414   18.9170
    7.5000  -22.5000   37.5000 2663.9346   19.2246
   -7.5000  -15.0000   37.5000 2743.3181   18.0879
    0.0000  -15.0000   37.5000 2749.1470   17.7409
    7.5000  -15.0000   37.5000 2747.6096   18.0571
   -7.5000   -7.5000   37.5000 2808.6533   17.2680
    0.0000   -7.5000   37.5000 2809.1714   16.9197
    7.5000   -7.5000   37.5000 2798.7822   17.3214
   -7.5000    0.0000   37.5000 2838.9602   16.8716
    0.0000    0.0000   37.5000 2841.3699   16.6895
    7.5000    0.0000   37.5000 2831.2004   17.0345
   -7.5000    7.5000   37.5000 2836.4038   17.0971
    0.0000    7.5000   37.5000 2856.8467   16.9512
    7.5000    7.5000   37.5000 2836.7380   17.2357
   -7.5000   15.0000   37.5000 2801.2883   17.5270
    0.0000   15.0000   37.5000 2813.8049   17.4451
    7.5000   15.0000   37.5000 2793.2974   17.6697
   -7.5000   22.5000   37.5000 2739.1306   18.2275
    0.0000   22.5000   37.5000 2743.9673   18.1560
    7.5000   22.5000   37.5000 2723.1550   18.3493
   -7.5000   30.0000   37.5000 2654.3306   19.1480
    0.0000   30.0000   37.5000 2666.2229   19.0606
    7.5000   30.0000   37.5000 2643.3037   19.2619
   -7.5000   37.5000   37.5000 2570.0334   20.3551
    0.0000   37.5000   37.5000 2576.0732   20.2911
    7.5000   37.5000   37.5000 2548.9146   20.5189
   -7.5000   45.0000   37.5000 2451.7041   21.8753
    0.0000   45.0000   37.5000 2450.9990   21.8767
    7.5000   45.0000   37.5000 2429.5654   22.1370
   -7.5000  -45.0000   45.0000 2271.6841   26.0261
    0.0000  -45.0000   45.0000 2287.7043   25.7521
    7.5000  -45.0000   45.0000 2284.5203   26.1193
   -7.5000  -37.5000   45.0000 2387.1523   23.5679
    0.0000  -37.5000   45.0000 2407.2922   23.2799
    7.5000  -37.5000   45.0000 2402.2625   23.5867
   -7.5000  -30.0000   45.0000 2496.4211   21.6709
    0.0000  -30.0000   45.0000 2518.7666   21.4036
    7.5000  -30.0000   45.0000 2509.2285   21.7123
   -7.5000  -22.5000   45.0000 2602.0161   20.1810
    0.0000  -22.5000   45.0000 2616.0725   19.8855
    7.5000  -22.5000   45.0000 2612.1968   20.1413
   -7.5000  -15.0000   45.0000 2680.6594   19.0468
    0.0000  -15.0000   45.0000 2691.0022   18.6373
    7.5000  -15.0000   45.0000 2687.2463   18.9839
   -7.5000   -7.5000   45.0000 2740.2498   18.1914
    0.0000   -7.5000   45.0000 2746.7185   17.8892
    7.5000   -7.5000   45.0000 2741.1494   18.2858
   -7.5000    0.0000   45.0000 2769.2214   17.8731
    0.0000    0.0000   45.0000 2771.7412   17.6442
    7.5000    0.0000   45.0000 2764.1045   18.0085
   -7.5000    7.5000   45.0000 2760.4226   18.0565
    0.0000    7.5000   45.0000 2768.2021   17.8638
    7.5000    7.5000   45.0000 2764.2529   18.1939
   -7.5000   15.0000   45.0000 2723.9717   18.5006
    0.0000   15.0000   45.0000 2730.0068   18.3604
    7.5000   15.0000   45.0000 2723.8557   18.6392
   -7.5000   22.5000   45.0000 2668.2290   19.1948
    0.0000   22.5000   45.0000 2680.4780   19.0727
    7.5000   22.5000   45.0000 2657.3623   19.3224
   -7.5000   30.0000   45.0000 2592.6101   20.1205
    0.0000   30.0000   45.0000 2612.7710   20.0272
    7.5000   30.0000   45.0000 2578.7395   20.2688
   -7.5000   37.5000   45.0000 2506.6917   21.4009
    0.0000   37.5000   45.0000 2512.7283   21.3609
    7.5000   37.5000   45.0000 2482.8032   21.6167
   -7.5000   45.0000   45.0000 2384.1614   23.0123
    0.0000   45.0000   45.0000 2386.8035   23.0259
    7.5000   45.0000   45.0000 2359.1770   23.2390
   -7.5000  -45.0000   52.5000 2219.8853   27.4989
    0.0000  -45.0000   52.5000 2242.7000   27.2346
    7.5000  -45.0000   52.5000 2235.0229   27.5237
   -7.5000  -37.5000   52.5000 2334.7500   24.9195
    0.0000  -37.5000   52.5000 2359.1128   24.6390
    7.5000  -37.5000   52.5000 2352.5269   24.9129
   -7.5000  -30.0000   52.5000 2443.3806   22.9845
    0.0000  -30.0000   52.5000 2465.0347   22.7110
    7.5000  -30.0000   52.5000 2455.3176   22.9213
   -7.5000  -22.5000   52.5000 2540.9165   21.4137
    0.0000  -22.5000   52.5000 2559.7458   21.1082
    7.5000  -22.5000   52.5000 2549.8401   21.3482
   -7.5000  -15.0000   52.5000 2611.6113   20.2144
    0.0000  -15.0000   52.5000 2632.2834   19.8541
    7.5000  -15.0000   52.5000 2619.2178   20.1711
   -7.5000   -7.5000   52.5000 2667.3445   19.3809
    0.0000   -7.5000   52.5000 2677.5249   19.1339
    7.5000   -7.5000   52.5000 2667.1404   19.4164
   -7.5000    0.0000   52.5000 2689.8738   19.1420
    0.0000    0.0000   52.5000 2692.0039   18.8481
    7.5000    0.0000   52.5000 2684.3079   19.1218
   -7.5000    7.5000   52.5000 2678.5596   19.2249
    0.0000    7.5000   52.5000 2682.5693   18.9795
    7.5000    7.5000   52.5000 2679.1694   19.2643
   -7.5000   15.0000   52.5000 2644.9397   19.6493
    0.0000   15.0000   52.5000 2655.3853   19.4771
    7.5000   15.0000   52.5000 2651.5459   19.7493
   -7.5000   22.5000   52.5000 2598.5254   20.3737
    0.0000   22.5000   52.5000 2616.2979   20.2108
    7.5000   22.5000   52.5000 2594.6692   20.4660
   -7.5000   30.0000   52.5000 2529.6067   21.3038
    0.0000   30.0000   52.5000 2540.5728   21.1984
    7.5000   30.0000   52.5000 2513.5295   21.4047
   -7.5000   37.5000   52.5000 2434.1619   22.6293
    0.0000   37.5000   52.5000 2442.4636   22.5741
    7.5000   37.5000   52.5000 2418.6245   22.7332
   -7.5000   45.0000   52.5000 2317.1597   24.3184
    0.0000   45.0000   52.5000 2322.9160   24.3404
    7.5000   45.0000   52.5000 2296.6877   24.5324

---------------------------------------------------------------------
imgreg_4dfp /opt/freesurfer/average/711-2C_as_mni_average_305 /opt/freesurfer/average/711-2B_as_mni_average_305_mask talsrcimg_g11 none talsrcimg_to_711-2C_as_mni_average_305_t4 1283
---------------------------------------------------------------------

freesurfer imgreg_4dfp.c
/opt/freesurfer/average/711-2C_as_mni_average_305.4dfp.img
       256       256       256         1
  1.000000  1.000000  1.000000
orientation T byte_order littleendian
Reading image: /opt/freesurfer/average/711-2C_as_mni_average_305.4dfp.img
dimensions:      256       256       256
mmppix:       1.0000   -1.0000   -1.0000
center:     128.0000 -129.0000 -129.0000
/opt/freesurfer/average/711-2B_as_mni_average_305_mask.4dfp.img
       256       256       256         1
  1.000000  1.000000  1.000000
orientation T byte_order littleendian
Reading mask: /opt/freesurfer/average/711-2B_as_mni_average_305_mask.4dfp.img (2306576 pixels)
talsrcimg_g11.4dfp.img
       256       256       256         1
  1.000000  1.000000  1.000000
orientation T byte_order littleendian
Reading image: talsrcimg_g11.4dfp.img
dimensions:      256       256       256
mmppix:       1.0000   -1.0000   -1.0000
center:     128.0000 -129.0000 -129.0000
rotation matrix determinant  1.000000
fimgreg.f
image alignment mode   1283 decimal      503 hex
parameters
    0.0000    0.0000   15.0000    0.0000    0.0000    0.0000
eta,q 0.92839 15.30822
niter,ni,del,rscale     5    3   12.0000    1.2000
parameter  4  0.949166 ->  0.500000 qaram    1.1500
parameter  5  2.171481 ->  0.500000 qaram    1.1500
parameters
    0.0716   -0.9287   12.3640   -3.4500   -3.4500   -1.9812
eta,q 0.93682 15.32348
  0.0809  0.0774  0.0758  0.0720  0.0626  0.0657
  0.0763  0.0751  0.0721  0.0708  0.0635  0.0641
  0.0753  0.0745  0.0734  0.0710  0.0661  0.0632
  0.0752  0.0750  0.0746  0.0724  0.0706  0.0640
  0.0742  0.0749  0.0767  0.0750  0.0738  0.0660
  0.0762  0.0762  0.0793  0.0761  0.0781  0.0679
  0.0808  0.0811  0.0827  0.0763  0.0823  0.0701
niter,ni,del,rscale     6    3   12.0000    1.2000
parameter  5  0.592435 ->  0.500000 qaram    1.3225
parameter  6  0.633983 ->  0.500000 qaram    1.1500
parameters
   -0.7563   -0.2973   13.8106   -3.0780   -7.4175   -5.4312
eta,q 0.93677 15.14902
  0.0744  0.0784  0.0772  0.0718  0.0641  0.0634
  0.0675  0.0706  0.0711  0.0674  0.0642  0.0632
  0.0632  0.0641  0.0646  0.0645  0.0639  0.0636
  0.0632  0.0625  0.0632  0.0645  0.0645  0.0643
  0.0674  0.0656  0.0650  0.0657  0.0680  0.0653
  0.0741  0.0693  0.0660  0.0673  0.0731  0.0672
  0.0805  0.0712  0.0674  0.0694  0.0768  0.0700
niter,ni,del,rscale     7    3   12.0000    1.2000
parameters
   -2.1133    0.3414   16.1465   -3.0767   -8.4820   -5.6675
eta,q 0.94046 15.15355
  0.0684  0.0777  0.0728  0.0693  0.0677  0.0645
  0.0631  0.0697  0.0664  0.0637  0.0629  0.0621
  0.0624  0.0642  0.0647  0.0603  0.0602  0.0601
  0.0632  0.0626  0.0629  0.0598  0.0598  0.0595
  0.0651  0.0641  0.0599  0.0612  0.0624  0.0604
  0.0701  0.0676  0.0609  0.0648  0.0666  0.0622
  0.0760  0.0713  0.0635  0.0683  0.0734  0.0655
niter,ni,del,rscale     6    3   12.0000    1.2000
parameters
   -1.5860    0.8147   16.0639   -3.5167   -8.6083   -4.9847
eta,q 0.94031 15.14542
  0.0758  0.0747  0.0668  0.0683  0.0693  0.0653
  0.0661  0.0667  0.0650  0.0625  0.0642  0.0628
  0.0603  0.0617  0.0623  0.0601  0.0610  0.0607
  0.0595  0.0598  0.0598  0.0598  0.0598  0.0598
  0.0602  0.0614  0.0613  0.0616  0.0609  0.0598
  0.0630  0.0660  0.0646  0.0659  0.0643  0.0609
  0.0703  0.0694  0.0680  0.0691  0.0703  0.0639
niter,ni,del,rscale     5    3   12.0000    1.2000
parameters
   -1.3990    1.2782   16.1978   -3.6598   -8.4996   -4.3974
eta,q 0.94050 15.12751
  0.0742  0.0744  0.0673  0.0692  0.0698  0.0655
  0.0646  0.0663  0.0654  0.0629  0.0648  0.0628
  0.0601  0.0614  0.0628  0.0598  0.0615  0.0607
  0.0597  0.0597  0.0597  0.0597  0.0596  0.0596
  0.0601  0.0617  0.0607  0.0610  0.0603  0.0594
  0.0636  0.0660  0.0643  0.0651  0.0638  0.0608
  0.0721  0.0689  0.0677  0.0685  0.0700  0.0644
niter,ni,del,rscale     4    3   12.0000    1.2000
parameters
   -1.2948    1.5730   16.2958   -3.7508   -8.4537   -4.1228
eta,q 0.94063 15.11976
  0.0737  0.0735  0.0675  0.0694  0.0697  0.0654
  0.0650  0.0655  0.0659  0.0628  0.0649  0.0626
  0.0607  0.0609  0.0627  0.0594  0.0616  0.0607
  0.0595  0.0595  0.0596  0.0595  0.0595  0.0595
  0.0603  0.0621  0.0609  0.0610  0.0602  0.0594
  0.0642  0.0664  0.0647  0.0648  0.0640  0.0612
  0.0728  0.0690  0.0682  0.0683  0.0704  0.0653
niter,ni,del,rscale     3    3   12.0000    1.2000
parameters
   -1.2401    1.7362   16.3344   -3.8130   -8.4488   -3.9871
eta,q 0.94066 15.11409
  0.0734  0.0729  0.0677  0.0696  0.0697  0.0654
  0.0654  0.0650  0.0660  0.0629  0.0651  0.0627
  0.0611  0.0605  0.0626  0.0592  0.0617  0.0606
  0.0594  0.0594  0.0594  0.0594  0.0594  0.0594
  0.0606  0.0625  0.0611  0.0610  0.0602  0.0594
  0.0647  0.0667  0.0651  0.0647  0.0643  0.0615
  0.0733  0.0692  0.0684  0.0683  0.0706  0.0658
niter,ni,del,rscale     2    3   12.0000    1.2000
parameters
   -1.2073    1.8245   16.3533   -3.8586   -8.4533   -3.9134
eta,q 0.94065 15.11088
  0.0734  0.0726  0.0678  0.0697  0.0697  0.0653
  0.0657  0.0648  0.0660  0.0630  0.0651  0.0627
  0.0613  0.0604  0.0625  0.0592  0.0617  0.0606
  0.0593  0.0593  0.0594  0.0594  0.0594  0.0594
  0.0608  0.0628  0.0612  0.0611  0.0602  0.0594
  0.0650  0.0669  0.0653  0.0647  0.0644  0.0616
  0.0735  0.0693  0.0686  0.0683  0.0708  0.0660
niter,ni,del,rscale     1    3   12.0000    1.2000
parameters
   -1.1922    1.8744   16.3605   -3.8884   -8.4572   -3.8754
eta,q 0.94065 15.10934
  0.0734  0.0724  0.0679  0.0697  0.0698  0.0653
  0.0658  0.0646  0.0661  0.0630  0.0652  0.0627
  0.0614  0.0603  0.0625  0.0592  0.0617  0.0607
  0.0593  0.0593  0.0594  0.0594  0.0594  0.0594
  0.0609  0.0629  0.0613  0.0611  0.0602  0.0594
  0.0652  0.0670  0.0654  0.0647  0.0644  0.0617
  0.0737  0.0694  0.0686  0.0682  0.0708  0.0662
registration optimization eta report
parameter search radius
    6.0000    6.0000    6.0000    6.9000    7.9350    6.9000
100000*second partial in parameter space
       39.       30.       22.       21.       17.       13.
  0.0734  0.0724  0.0679  0.0697  0.0698  0.0653
  0.0658  0.0646  0.0661  0.0630  0.0652  0.0627
  0.0614  0.0603  0.0625  0.0592  0.0617  0.0607
  0.0593  0.0593  0.0594  0.0594  0.0594  0.0594
  0.0609  0.0629  0.0613  0.0611  0.0602  0.0594
  0.0652  0.0670  0.0654  0.0647  0.0644  0.0617
  0.0737  0.0694  0.0686  0.0682  0.0708  0.0662
   -1.1922    1.8744   16.3605   -3.8884   -8.4572   -3.8754
eta,q 0.94065 15.10934

---------------------------------------------------------------------
imgreg_4dfp /opt/freesurfer/average/711-2C_as_mni_average_305 /opt/freesurfer/average/711-2B_as_mni_average_305_mask talsrcimg_g11 none talsrcimg_to_711-2C_as_mni_average_305_t4 3335
---------------------------------------------------------------------

freesurfer imgreg_4dfp.c
/opt/freesurfer/average/711-2C_as_mni_average_305.4dfp.img
       256       256       256         1
  1.000000  1.000000  1.000000
orientation T byte_order littleendian
Reading image: /opt/freesurfer/average/711-2C_as_mni_average_305.4dfp.img
dimensions:      256       256       256
mmppix:       1.0000   -1.0000   -1.0000
center:     128.0000 -129.0000 -129.0000
/opt/freesurfer/average/711-2B_as_mni_average_305_mask.4dfp.img
       256       256       256         1
  1.000000  1.000000  1.000000
orientation T byte_order littleendian
Reading mask: /opt/freesurfer/average/711-2B_as_mni_average_305_mask.4dfp.img (2306576 pixels)
talsrcimg_g11.4dfp.img
       256       256       256         1
  1.000000  1.000000  1.000000
orientation T byte_order littleendian
Reading image: talsrcimg_g11.4dfp.img
dimensions:      256       256       256
mmppix:       1.0000   -1.0000   -1.0000
center:     128.0000 -129.0000 -129.0000
fimgreg.f
image alignment mode   3335 decimal      D07 hex
parameters
   -1.1922    1.8744   16.3605   -1.3136   -0.3909   -1.3151
    5.7481   15.0980   -6.6852    5.7740  -14.7071   -6.7075
eta,q 0.94148 15.21775
niter,ni,del,rscale     5    3    5.0000    1.2000
parameter  4  4.077969 ->  0.500000 qaram    1.1500
parameter  5********** ->  0.500000 qaram    1.1500
parameter  6  0.903897 ->  0.500000 qaram    1.1500
parameter 10  0.603186 ->  0.500000 qaram    1.1500
parameter 11 -0.633325 -> -0.500000 qaram    1.1500
parameter 12  1.137001 ->  0.500000 qaram    1.1500
parameters
   -1.1924    2.4007   16.5909   -5.4536   -4.5309   -5.4551
    2.9514   14.5276   -5.8080    1.6340  -10.5671  -10.8475
eta,q 0.97069 15.56582
  0.0614  0.0608  0.0603  0.0448  0.0348  0.0338  0.0354  0.0409  0.0373  0.0326  0.0379  0.0289
  0.0599  0.0598  0.0593  0.0472  0.0387  0.0341  0.0342  0.0366  0.0355  0.0318  0.0350  0.0292
  0.0589  0.0591  0.0587  0.0521  0.0433  0.0359  0.0338  0.0341  0.0343  0.0321  0.0330  0.0298
  0.0585  0.0585  0.0584  0.0583  0.0484  0.0399  0.0344  0.0338  0.0337  0.0336  0.0318  0.0309
  0.0588  0.0584  0.0584  0.0646  0.0534  0.0460  0.0360  0.0353  0.0337  0.0363  0.0311  0.0323
  0.0598  0.0587  0.0588  0.0707  0.0580  0.0539  0.0385  0.0386  0.0345  0.0402  0.0309  0.0339
  0.0615  0.0595  0.0597  0.0756  0.0618  0.0622  0.0414  0.0433  0.0359  0.0449  0.0309  0.0360
niter,ni,del,rscale     7    3    5.0000    1.2000
parameter  3  0.922911 ->  0.500000 qaram    1.1500
parameters
   -0.9428    1.3613   15.2109   -9.0158   -8.5699   -5.8263
    3.3818   13.2544   -7.0394    1.0010  -10.3889  -14.6822
eta,q 0.97560 15.43580
  0.0354  0.0298  0.0266  0.0282  0.0270  0.0298  0.0287  0.0281  0.0266  0.0284  0.0265  0.0250
  0.0324  0.0287  0.0267  0.0270  0.0255  0.0279  0.0270  0.0258  0.0255  0.0264  0.0253  0.0245
  0.0304  0.0285  0.0274  0.0263  0.0249  0.0262  0.0258  0.0249  0.0249  0.0251  0.0248  0.0244
  0.0293  0.0292  0.0285  0.0269  0.0264  0.0250  0.0251  0.0251  0.0249  0.0248  0.0248  0.0248
  0.0295  0.0308  0.0302  0.0306  0.0305  0.0244  0.0253  0.0261  0.0255  0.0254  0.0250  0.0255
  0.0309  0.0332  0.0324  0.0365  0.0364  0.0268  0.0263  0.0280  0.0267  0.0271  0.0254  0.0264
  0.0334  0.0363  0.0350  0.0433  0.0426  0.0329  0.0281  0.0312  0.0284  0.0299  0.0261  0.0275
niter,ni,del,rscale     7    3    5.0000    1.2000
parameters
   -0.8218    2.4709   14.6311   -9.3248   -9.9903   -6.3407
    2.8573   13.4536   -7.0066    2.2119  -10.5803  -16.3932
eta,q 0.97597 15.34610
  0.0284  0.0307  0.0251  0.0283  0.0283  0.0287  0.0271  0.0294  0.0267  0.0294  0.0256  0.0251
  0.0264  0.0280  0.0241  0.0264  0.0263  0.0269  0.0255  0.0261  0.0253  0.0266  0.0245  0.0243
  0.0250  0.0259  0.0236  0.0248  0.0245  0.0252  0.0244  0.0245  0.0244  0.0248  0.0241  0.0241
  0.0244  0.0244  0.0236  0.0235  0.0236  0.0239  0.0241  0.0241  0.0241  0.0241  0.0241  0.0241
  0.0246  0.0237  0.0242  0.0234  0.0247  0.0234  0.0246  0.0248  0.0244  0.0243  0.0244  0.0246
  0.0257  0.0238  0.0254  0.0259  0.0289  0.0263  0.0260  0.0262  0.0252  0.0252  0.0248  0.0253
  0.0278  0.0247  0.0274  0.0306  0.0351  0.0324  0.0283  0.0284  0.0267  0.0269  0.0256  0.0262
niter,ni,del,rscale     6    3    5.0000    1.2000
parameters
   -0.7792    2.9135   14.5014   -8.8942  -10.4764   -6.5142
    2.5162   13.6607   -6.8964    2.9495  -10.3798  -16.9013
eta,q 0.97598 15.34388
  0.0276  0.0281  0.0259  0.0290  0.0291  0.0290  0.0272  0.0295  0.0265  0.0286  0.0258  0.0255
  0.0258  0.0261  0.0248  0.0271  0.0270  0.0271  0.0255  0.0261  0.0251  0.0259  0.0246  0.0246
  0.0246  0.0247  0.0241  0.0254  0.0251  0.0253  0.0244  0.0243  0.0243  0.0244  0.0241  0.0241
  0.0240  0.0240  0.0239  0.0239  0.0237  0.0239  0.0240  0.0240  0.0240  0.0240  0.0240  0.0240
  0.0243  0.0240  0.0242  0.0233  0.0238  0.0232  0.0244  0.0247  0.0242  0.0243  0.0242  0.0243
  0.0255  0.0246  0.0250  0.0251  0.0267  0.0256  0.0258  0.0262  0.0250  0.0253  0.0247  0.0249
  0.0275  0.0259  0.0264  0.0293  0.0323  0.0315  0.0280  0.0284  0.0264  0.0269  0.0254  0.0258
niter,ni,del,rscale     5    3    5.0000    1.2000
parameters
   -0.7937    3.0902   14.3665   -8.6517  -10.5835   -6.5504
    2.4205   13.7417   -6.8809    3.3168  -10.1717  -17.0771
eta,q 0.97601 15.35156
  0.0275  0.0272  0.0259  0.0291  0.0294  0.0290  0.0274  0.0293  0.0263  0.0281  0.0258  0.0256
  0.0257  0.0256  0.0248  0.0271  0.0273  0.0272  0.0256  0.0259  0.0251  0.0256  0.0245  0.0246
  0.0245  0.0245  0.0242  0.0254  0.0254  0.0254  0.0244  0.0242  0.0243  0.0243  0.0240  0.0241
  0.0240  0.0240  0.0240  0.0240  0.0239  0.0239  0.0239  0.0240  0.0240  0.0240  0.0240  0.0240
  0.0244  0.0242  0.0243  0.0235  0.0237  0.0231  0.0243  0.0247  0.0242  0.0244  0.0242  0.0242
  0.0256  0.0250  0.0250  0.0255  0.0260  0.0253  0.0256  0.0262  0.0250  0.0254  0.0247  0.0248
  0.0277  0.0264  0.0264  0.0298  0.0313  0.0312  0.0278  0.0286  0.0264  0.0271  0.0254  0.0256
niter,ni,del,rscale     4    3    5.0000    1.2000
parameters
   -0.8167    3.1587   14.2905   -8.5510  -10.6019   -6.5515
    2.4256   13.7447   -6.9108    3.4727  -10.0222  -17.1318
eta,q 0.97604 15.35621
  0.0275  0.0269  0.0260  0.0290  0.0294  0.0290  0.0275  0.0292  0.0263  0.0278  0.0258  0.0256
  0.0256  0.0253  0.0248  0.0271  0.0274  0.0272  0.0257  0.0259  0.0250  0.0254  0.0245  0.0246
  0.0244  0.0244  0.0242  0.0254  0.0254  0.0254  0.0245  0.0242  0.0242  0.0242  0.0240  0.0241
  0.0240  0.0240  0.0240  0.0240  0.0239  0.0239  0.0239  0.0239  0.0239  0.0239  0.0240  0.0240
  0.0243  0.0242  0.0242  0.0235  0.0237  0.0231  0.0243  0.0247  0.0242  0.0244  0.0242  0.0242
  0.0256  0.0251  0.0250  0.0258  0.0259  0.0251  0.0255  0.0262  0.0250  0.0255  0.0247  0.0248
  0.0278  0.0266  0.0262  0.0301  0.0311  0.0312  0.0276  0.0288  0.0263  0.0272  0.0254  0.0256
niter,ni,del,rscale     3    3    5.0000    1.2000
parameters
   -0.8342    3.1856   14.2587   -8.5115  -10.6078   -6.5508
    2.4487   13.7241   -6.9390    3.5269   -9.9379  -17.1401
eta,q 0.97605 15.35788
  0.0275  0.0268  0.0260  0.0290  0.0294  0.0290  0.0275  0.0291  0.0263  0.0276  0.0257  0.0257
  0.0256  0.0253  0.0249  0.0271  0.0274  0.0272  0.0257  0.0258  0.0250  0.0253  0.0245  0.0246
  0.0244  0.0243  0.0242  0.0254  0.0254  0.0254  0.0245  0.0242  0.0242  0.0241  0.0240  0.0241
  0.0240  0.0240  0.0240  0.0240  0.0239  0.0239  0.0239  0.0239  0.0239  0.0239  0.0239  0.0240
  0.0243  0.0242  0.0242  0.0235  0.0237  0.0231  0.0243  0.0247  0.0242  0.0244  0.0242  0.0242
  0.0256  0.0251  0.0249  0.0258  0.0259  0.0251  0.0255  0.0262  0.0250  0.0255  0.0247  0.0247
  0.0278  0.0267  0.0261  0.0302  0.0310  0.0312  0.0276  0.0288  0.0263  0.0273  0.0254  0.0256
niter,ni,del,rscale     2    3    5.0000    1.2000
parameters
   -0.8438    3.1945   14.2478   -8.4937  -10.6093   -6.5494
    2.4652   13.7093   -6.9597    3.5427   -9.9035  -17.1503
eta,q 0.97606 15.35867
  0.0276  0.0267  0.0260  0.0289  0.0294  0.0290  0.0275  0.0291  0.0263  0.0276  0.0257  0.0256
  0.0256  0.0252  0.0249  0.0271  0.0274  0.0272  0.0257  0.0258  0.0250  0.0253  0.0244  0.0246
  0.0244  0.0243  0.0242  0.0254  0.0254  0.0254  0.0245  0.0242  0.0242  0.0241  0.0240  0.0241
  0.0239  0.0240  0.0240  0.0239  0.0239  0.0239  0.0239  0.0239  0.0239  0.0239  0.0239  0.0239
  0.0243  0.0242  0.0242  0.0235  0.0237  0.0231  0.0243  0.0247  0.0242  0.0244  0.0242  0.0242
  0.0255  0.0252  0.0249  0.0259  0.0259  0.0251  0.0255  0.0262  0.0250  0.0255  0.0247  0.0247
  0.0277  0.0267  0.0261  0.0303  0.0310  0.0312  0.0276  0.0288  0.0263  0.0273  0.0254  0.0255
registration optimization eta report
parameter search radius
    2.4000    2.4000    2.7600    8.2800    8.2800    8.2800
    7.2000    7.2000    7.2000    8.2800    8.2800    8.2800
100000*second partial in parameter space
       64.       48.       28.        8.        9.        9.
        7.       10.        5.        5.        2.        2.
  0.0276  0.0267  0.0260  0.0289  0.0294  0.0290  0.0275  0.0291  0.0263  0.0276  0.0257  0.0256
  0.0256  0.0252  0.0249  0.0271  0.0274  0.0272  0.0257  0.0258  0.0250  0.0253  0.0244  0.0246
  0.0244  0.0243  0.0242  0.0254  0.0254  0.0254  0.0245  0.0242  0.0242  0.0241  0.0240  0.0241
  0.0239  0.0240  0.0240  0.0239  0.0239  0.0239  0.0239  0.0239  0.0239  0.0239  0.0239  0.0239
  0.0243  0.0242  0.0242  0.0235  0.0237  0.0231  0.0243  0.0247  0.0242  0.0244  0.0242  0.0242
  0.0255  0.0252  0.0249  0.0259  0.0259  0.0251  0.0255  0.0262  0.0250  0.0255  0.0247  0.0247
  0.0277  0.0267  0.0261  0.0303  0.0310  0.0312  0.0276  0.0288  0.0263  0.0273  0.0254  0.0255
   -0.8438    3.1945   14.2478   -8.4937  -10.6093   -6.5494
    2.4652   13.7093   -6.9597    3.5427   -9.9035  -17.1503
eta,q 0.97606 15.35867

---------------------------------------------------------------------
imgreg_4dfp /opt/freesurfer/average/711-2C_as_mni_average_305 /opt/freesurfer/average/711-2B_as_mni_average_305_mask talsrcimg_g11 none talsrcimg_to_711-2C_as_mni_average_305_t4 2311
---------------------------------------------------------------------

freesurfer imgreg_4dfp.c
/opt/freesurfer/average/711-2C_as_mni_average_305.4dfp.img
       256       256       256         1
  1.000000  1.000000  1.000000
orientation T byte_order littleendian
Reading image: /opt/freesurfer/average/711-2C_as_mni_average_305.4dfp.img
dimensions:      256       256       256
mmppix:       1.0000   -1.0000   -1.0000
center:     128.0000 -129.0000 -129.0000
/opt/freesurfer/average/711-2B_as_mni_average_305_mask.4dfp.img
       256       256       256         1
  1.000000  1.000000  1.000000
orientation T byte_order littleendian
Reading mask: /opt/freesurfer/average/711-2B_as_mni_average_305_mask.4dfp.img (2306576 pixels)
talsrcimg_g11.4dfp.img
       256       256       256         1
  1.000000  1.000000  1.000000
orientation T byte_order littleendian
Reading image: talsrcimg_g11.4dfp.img
dimensions:      256       256       256
mmppix:       1.0000   -1.0000   -1.0000
center:     128.0000 -129.0000 -129.0000
fimgreg.f
image alignment mode   2311 decimal      907 hex
parameters
   -0.8438    3.1945   14.2478   -8.4937  -10.6093   -6.5494
    2.4652   13.7093   -6.9597    3.5427   -9.9035  -17.1503
eta,q 0.97606 15.35866
niter,ni,del,rscale     5    3    5.0000    0.8000
parameters
   -0.8107    3.2055   14.2727   -7.1882   -9.6864   -4.8235
    2.1539   14.1851   -6.8700    4.2774   -9.3859  -16.6091
eta,q 0.97725 15.51062
  0.0256  0.0252  0.0247  0.0266  0.0263  0.0260  0.0246  0.0267  0.0242  0.0246  0.0239  0.0236
  0.0247  0.0245  0.0243  0.0256  0.0252  0.0250  0.0236  0.0245  0.0234  0.0236  0.0232  0.0232
  0.0242  0.0241  0.0240  0.0247  0.0242  0.0240  0.0229  0.0232  0.0230  0.0230  0.0228  0.0229
  0.0239  0.0239  0.0239  0.0239  0.0235  0.0233  0.0228  0.0228  0.0228  0.0228  0.0227  0.0228
  0.0241  0.0241  0.0240  0.0235  0.0233  0.0228  0.0231  0.0230  0.0229  0.0228  0.0228  0.0228
  0.0246  0.0245  0.0242  0.0237  0.0237  0.0227  0.0239  0.0238  0.0233  0.0231  0.0231  0.0230
  0.0255  0.0252  0.0246  0.0250  0.0250  0.0240  0.0252  0.0252  0.0241  0.0237  0.0234  0.0233
niter,ni,del,rscale     4    3    5.0000    0.7000
parameters
   -0.9877    2.9047   14.0389   -7.2089   -9.1653   -4.7400
    2.5993   14.0459   -7.0913    4.0338   -9.1837  -16.1941
eta,q 0.97748 15.53314
  0.0239  0.0234  0.0231  0.0248  0.0249  0.0246  0.0245  0.0248  0.0235  0.0236  0.0233  0.0232
  0.0232  0.0229  0.0228  0.0239  0.0240  0.0238  0.0235  0.0234  0.0229  0.0229  0.0228  0.0228
  0.0228  0.0227  0.0227  0.0232  0.0232  0.0232  0.0229  0.0227  0.0226  0.0226  0.0226  0.0226
  0.0228  0.0227  0.0227  0.0227  0.0227  0.0226  0.0226  0.0225  0.0225  0.0225  0.0225  0.0225
  0.0231  0.0230  0.0228  0.0226  0.0226  0.0222  0.0226  0.0229  0.0227  0.0227  0.0226  0.0225
  0.0237  0.0235  0.0231  0.0235  0.0230  0.0229  0.0230  0.0237  0.0231  0.0231  0.0228  0.0227
  0.0247  0.0243  0.0236  0.0253  0.0243  0.0252  0.0238  0.0251  0.0237  0.0239  0.0231  0.0229
niter,ni,del,rscale     3    3    5.0000    0.6000
parameters
   -1.0632    2.7790   14.0569   -7.1018   -9.0036   -4.3777
    2.7557   13.9981   -7.1296    3.9666   -9.0000  -15.9497
eta,q 0.97767 15.55066
  0.0236  0.0232  0.0230  0.0242  0.0241  0.0241  0.0237  0.0242  0.0231  0.0232  0.0229  0.0228
  0.0230  0.0228  0.0227  0.0235  0.0234  0.0235  0.0230  0.0231  0.0227  0.0227  0.0226  0.0226
  0.0226  0.0226  0.0226  0.0229  0.0228  0.0230  0.0225  0.0225  0.0224  0.0224  0.0224  0.0224
  0.0225  0.0225  0.0225  0.0225  0.0225  0.0225  0.0223  0.0223  0.0223  0.0223  0.0223  0.0223
  0.0227  0.0227  0.0226  0.0225  0.0225  0.0221  0.0224  0.0226  0.0224  0.0224  0.0224  0.0224
  0.0231  0.0230  0.0227  0.0230  0.0230  0.0225  0.0228  0.0232  0.0227  0.0227  0.0226  0.0225
  0.0239  0.0235  0.0230  0.0243  0.0240  0.0240  0.0235  0.0243  0.0232  0.0233  0.0228  0.0227
niter,ni,del,rscale     2    3    5.0000    0.5000
parameters
   -1.1041    2.7080   14.0753   -6.9713   -8.8875   -4.0959
    2.8091   13.9872   -7.1347    3.9498   -8.8373  -15.7687
eta,q 0.97778 15.56309
  0.0231  0.0229  0.0227  0.0236  0.0235  0.0236  0.0231  0.0236  0.0228  0.0229  0.0227  0.0226
  0.0227  0.0225  0.0225  0.0231  0.0229  0.0231  0.0226  0.0228  0.0225  0.0225  0.0224  0.0224
  0.0224  0.0224  0.0224  0.0226  0.0225  0.0227  0.0223  0.0223  0.0223  0.0223  0.0222  0.0223
  0.0223  0.0223  0.0223  0.0223  0.0223  0.0223  0.0222  0.0222  0.0222  0.0222  0.0222  0.0222
  0.0225  0.0224  0.0224  0.0223  0.0223  0.0221  0.0223  0.0224  0.0223  0.0223  0.0223  0.0222
  0.0228  0.0227  0.0225  0.0227  0.0227  0.0224  0.0226  0.0228  0.0225  0.0225  0.0224  0.0223
  0.0233  0.0230  0.0227  0.0236  0.0234  0.0235  0.0231  0.0236  0.0228  0.0229  0.0225  0.0225
niter,ni,del,rscale     1    3    5.0000    0.4000
parameters
   -1.1235    2.6608   14.0998   -6.8428   -8.8121   -3.8174
    2.8143   13.9995   -7.1196    3.9556   -8.6830  -15.6501
eta,q 0.97789 15.57178
  0.0227  0.0226  0.0225  0.0231  0.0230  0.0232  0.0227  0.0231  0.0225  0.0226  0.0224  0.0223
  0.0224  0.0224  0.0223  0.0227  0.0226  0.0228  0.0224  0.0225  0.0223  0.0223  0.0222  0.0222
  0.0223  0.0222  0.0222  0.0224  0.0223  0.0225  0.0222  0.0222  0.0222  0.0222  0.0221  0.0221
  0.0222  0.0222  0.0222  0.0222  0.0222  0.0222  0.0221  0.0221  0.0221  0.0221  0.0221  0.0221
  0.0223  0.0223  0.0222  0.0222  0.0222  0.0221  0.0222  0.0222  0.0221  0.0222  0.0221  0.0221
  0.0225  0.0224  0.0223  0.0225  0.0225  0.0223  0.0224  0.0225  0.0223  0.0223  0.0222  0.0222
  0.0228  0.0227  0.0225  0.0231  0.0229  0.0230  0.0227  0.0230  0.0225  0.0226  0.0223  0.0223
registration optimization eta report
parameter search radius
    0.8000    0.8000    0.8000    2.4000    2.4000    2.4000
    2.4000    2.4000    2.4000    2.4000    2.4000    2.4000
100000*second partial in parameter space
       87.       63.       42.       15.       13.       16.
       10.       16.        6.        8.        5.        4.
  0.0227  0.0226  0.0225  0.0231  0.0230  0.0232  0.0227  0.0231  0.0225  0.0226  0.0224  0.0223
  0.0224  0.0224  0.0223  0.0227  0.0226  0.0228  0.0224  0.0225  0.0223  0.0223  0.0222  0.0222
  0.0223  0.0222  0.0222  0.0224  0.0223  0.0225  0.0222  0.0222  0.0222  0.0222  0.0221  0.0221
  0.0222  0.0222  0.0222  0.0222  0.0222  0.0222  0.0221  0.0221  0.0221  0.0221  0.0221  0.0221
  0.0223  0.0223  0.0222  0.0222  0.0222  0.0221  0.0222  0.0222  0.0221  0.0222  0.0221  0.0221
  0.0225  0.0224  0.0223  0.0225  0.0225  0.0223  0.0224  0.0225  0.0223  0.0223  0.0222  0.0222
  0.0228  0.0227  0.0225  0.0231  0.0229  0.0230  0.0227  0.0230  0.0225  0.0226  0.0223  0.0223
   -1.1235    2.6608   14.0998   -6.8428   -8.8121   -3.8174
    2.8143   13.9995   -7.1196    3.9556   -8.6830  -15.6501
eta,q 0.97789 15.57178

---------------------------------------------------------------------
imgreg_4dfp /opt/freesurfer/average/711-2C_as_mni_average_305 /opt/freesurfer/average/711-2B_as_mni_average_305_mask talsrcimg_g11 none talsrcimg_to_711-2C_as_mni_average_305_t4 2311
---------------------------------------------------------------------

freesurfer imgreg_4dfp.c
/opt/freesurfer/average/711-2C_as_mni_average_305.4dfp.img
       256       256       256         1
  1.000000  1.000000  1.000000
orientation T byte_order littleendian
Reading image: /opt/freesurfer/average/711-2C_as_mni_average_305.4dfp.img
dimensions:      256       256       256
mmppix:       1.0000   -1.0000   -1.0000
center:     128.0000 -129.0000 -129.0000
/opt/freesurfer/average/711-2B_as_mni_average_305_mask.4dfp.img
       256       256       256         1
  1.000000  1.000000  1.000000
orientation T byte_order littleendian
Reading mask: /opt/freesurfer/average/711-2B_as_mni_average_305_mask.4dfp.img (2306576 pixels)
talsrcimg_g11.4dfp.img
       256       256       256         1
  1.000000  1.000000  1.000000
orientation T byte_order littleendian
Reading image: talsrcimg_g11.4dfp.img
dimensions:      256       256       256
mmppix:       1.0000   -1.0000   -1.0000
center:     128.0000 -129.0000 -129.0000
fimgreg.f
image alignment mode   2311 decimal      907 hex
parameters
   -1.1235    2.6608   14.0998   -6.8428   -8.8121   -3.8174
    2.8143   13.9995   -7.1196    3.9556   -8.6830  -15.6501
eta,q 0.97789 15.57177
niter,ni,del,rscale     5    3    5.0000    0.8000
parameters
   -1.1414    2.6155   14.1437   -7.5260   -9.0769   -4.6431
    3.0535   13.6678   -7.3279    3.3961   -9.0857  -15.8983
eta,q 0.97748 15.52393
  0.0244  0.0237  0.0234  0.0243  0.0247  0.0245  0.0248  0.0251  0.0238  0.0238  0.0232  0.0232
  0.0231  0.0228  0.0227  0.0234  0.0235  0.0237  0.0237  0.0235  0.0231  0.0230  0.0227  0.0228
  0.0224  0.0223  0.0223  0.0226  0.0227  0.0229  0.0229  0.0227  0.0227  0.0226  0.0225  0.0226
  0.0221  0.0221  0.0221  0.0221  0.0222  0.0223  0.0226  0.0226  0.0226  0.0226  0.0225  0.0225
  0.0224  0.0223  0.0222  0.0225  0.0225  0.0225  0.0227  0.0230  0.0227  0.0228  0.0227  0.0226
  0.0232  0.0229  0.0226  0.0242  0.0236  0.0246  0.0233  0.0240  0.0232  0.0235  0.0230  0.0229
  0.0245  0.0239  0.0233  0.0270  0.0258  0.0287  0.0244  0.0260  0.0240  0.0246  0.0233  0.0233
niter,ni,del,rscale     4    3    5.0000    0.7000
parameters
   -1.0923    2.6766   14.1702   -7.4018   -9.0756   -4.6734
    2.9132   13.7922   -7.1904    3.5513   -9.2536  -15.9770
eta,q 0.97751 15.52902
  0.0242  0.0238  0.0232  0.0246  0.0245  0.0244  0.0240  0.0250  0.0236  0.0238  0.0231  0.0230
  0.0233  0.0231  0.0228  0.0238  0.0236  0.0237  0.0232  0.0235  0.0230  0.0231  0.0227  0.0227
  0.0228  0.0227  0.0226  0.0231  0.0229  0.0230  0.0227  0.0227  0.0227  0.0227  0.0225  0.0225
  0.0225  0.0225  0.0225  0.0225  0.0225  0.0225  0.0225  0.0225  0.0225  0.0225  0.0225  0.0225
  0.0227  0.0226  0.0226  0.0224  0.0226  0.0222  0.0227  0.0227  0.0226  0.0226  0.0226  0.0226
  0.0231  0.0230  0.0228  0.0232  0.0233  0.0230  0.0233  0.0234  0.0229  0.0229  0.0228  0.0227
  0.0240  0.0236  0.0232  0.0248  0.0248  0.0253  0.0242  0.0246  0.0235  0.0236  0.0231  0.0230
niter,ni,del,rscale     3    3    5.0000    0.6000
parameters
   -1.0826    2.6935   14.1519   -7.2051   -8.9847   -4.4125
    2.8034   13.9319   -7.1058    3.7500   -9.1586  -15.8885
eta,q 0.97765 15.54698
  0.0237  0.0234  0.0230  0.0242  0.0240  0.0241  0.0235  0.0243  0.0232  0.0234  0.0229  0.0228
  0.0230  0.0229  0.0227  0.0235  0.0233  0.0234  0.0229  0.0232  0.0227  0.0228  0.0226  0.0225
  0.0226  0.0226  0.0225  0.0229  0.0228  0.0229  0.0225  0.0225  0.0225  0.0225  0.0224  0.0224
  0.0225  0.0225  0.0225  0.0225  0.0224  0.0224  0.0223  0.0224  0.0224  0.0224  0.0223  0.0224
  0.0226  0.0226  0.0226  0.0224  0.0225  0.0222  0.0225  0.0225  0.0224  0.0224  0.0224  0.0224
  0.0230  0.0229  0.0227  0.0229  0.0230  0.0226  0.0230  0.0231  0.0227  0.0227  0.0226  0.0225
  0.0236  0.0233  0.0230  0.0242  0.0241  0.0241  0.0237  0.0240  0.0231  0.0232  0.0228  0.0227
niter,ni,del,rscale     2    3    5.0000    0.5000
parameters
   -1.0950    2.6788   14.1145   -7.0177   -8.8802   -4.1172
    2.7766   14.0087   -7.0797    3.8784   -8.9633  -15.7489
eta,q 0.97778 15.56205
  0.0232  0.0229  0.0227  0.0237  0.0235  0.0236  0.0231  0.0237  0.0228  0.0230  0.0227  0.0226
  0.0227  0.0226  0.0225  0.0231  0.0229  0.0231  0.0226  0.0228  0.0225  0.0226  0.0224  0.0224
  0.0224  0.0224  0.0224  0.0227  0.0225  0.0227  0.0223  0.0224  0.0223  0.0223  0.0222  0.0223
  0.0224  0.0224  0.0224  0.0224  0.0223  0.0223  0.0222  0.0222  0.0222  0.0222  0.0222  0.0222
  0.0224  0.0224  0.0224  0.0223  0.0224  0.0221  0.0223  0.0224  0.0223  0.0223  0.0223  0.0222
  0.0227  0.0226  0.0225  0.0227  0.0227  0.0224  0.0226  0.0228  0.0225  0.0225  0.0224  0.0223
  0.0232  0.0230  0.0228  0.0236  0.0234  0.0235  0.0231  0.0235  0.0228  0.0229  0.0225  0.0225
niter,ni,del,rscale     1    3    5.0000    0.4000
parameters
   -1.1125    2.6478   14.1088   -6.8612   -8.8018   -3.8283
    2.7828   14.0349   -7.0792    3.9323   -8.7464  -15.6544
eta,q 0.97789 15.57160
  0.0228  0.0226  0.0225  0.0231  0.0230  0.0232  0.0227  0.0231  0.0225  0.0226  0.0224  0.0223
  0.0225  0.0224  0.0223  0.0227  0.0226  0.0228  0.0224  0.0225  0.0223  0.0224  0.0223  0.0222
  0.0223  0.0223  0.0222  0.0224  0.0223  0.0225  0.0222  0.0222  0.0222  0.0222  0.0222  0.0221
  0.0222  0.0222  0.0222  0.0222  0.0222  0.0222  0.0221  0.0221  0.0221  0.0221  0.0221  0.0221
  0.0223  0.0223  0.0223  0.0222  0.0222  0.0221  0.0222  0.0222  0.0222  0.0222  0.0221  0.0221
  0.0225  0.0224  0.0223  0.0225  0.0225  0.0223  0.0224  0.0225  0.0223  0.0223  0.0222  0.0222
  0.0228  0.0227  0.0225  0.0230  0.0229  0.0230  0.0227  0.0230  0.0225  0.0226  0.0223  0.0223
registration optimization eta report
parameter search radius
    0.8000    0.8000    0.8000    2.4000    2.4000    2.4000
    2.4000    2.4000    2.4000    2.4000    2.4000    2.4000
100000*second partial in parameter space
       87.       63.       42.       15.       13.       16.
       10.       16.        6.        8.        5.        4.
  0.0228  0.0226  0.0225  0.0231  0.0230  0.0232  0.0227  0.0231  0.0225  0.0226  0.0224  0.0223
  0.0225  0.0224  0.0223  0.0227  0.0226  0.0228  0.0224  0.0225  0.0223  0.0224  0.0223  0.0222
  0.0223  0.0223  0.0222  0.0224  0.0223  0.0225  0.0222  0.0222  0.0222  0.0222  0.0222  0.0221
  0.0222  0.0222  0.0222  0.0222  0.0222  0.0222  0.0221  0.0221  0.0221  0.0221  0.0221  0.0221
  0.0223  0.0223  0.0223  0.0222  0.0222  0.0221  0.0222  0.0222  0.0222  0.0222  0.0221  0.0221
  0.0225  0.0224  0.0223  0.0225  0.0225  0.0223  0.0224  0.0225  0.0223  0.0223  0.0222  0.0222
  0.0228  0.0227  0.0225  0.0230  0.0229  0.0230  0.0227  0.0230  0.0225  0.0226  0.0223  0.0223
   -1.1125    2.6478   14.1088   -6.8612   -8.8018   -3.8283
    2.7828   14.0349   -7.0792    3.9323   -8.7464  -15.6544
eta,q 0.97789 15.57160

---------------------------------------------------------------------
compute_vox2vox talsrcimg talsrcimg_to_711-2C_as_mni_average_305_t4 /opt/freesurfer/average/711-2C_as_mni_average_305
---------------------------------------------------------------------

freesurfer compute_vox2vox.c
Reading: talsrcimg.4dfp.ifh
Reading: talsrcimg_to_711-2C_as_mni_average_305_t4
Reading: /opt/freesurfer/average/711-2C_as_mni_average_305.4dfp.ifh
Writing: talsrcimg_to_711-2C_as_mni_average_305_t4_vox2vox.txt

start time Mon Mar 9 05:12:51 CET 2026
end		time Mon Mar 9 05:14:24 CET 2026

mpr2mni305 success

avi2talxfm orig_nu.mgz /opt/freesurfer/average/mni305.cor.mgz talsrcimg_to_711-2C_as_mni_average_305_t4_vox2vox.txt transforms/talairach.auto.xfm
avi2talxfm done
mv -f /out/sourcedata/freesurfer/sub-v1s18x0051235_ses-1/mri/talsrcimg_to_711-2C_as_mni_average_305_t4_vox2vox.txt /out/sourcedata/freesurfer/sub-v1s18x0051235_ses-1/mri/transforms/talsrcimg_to_711-2C_as_mni_average_305_t4_vox2vox.txt
lta_convert --src orig_nu.mgz --trg /opt/freesurfer/average/mni305.cor.mgz --inxfm transforms/talairach.auto.xfm --outlta transforms/talairach.auto.xfm.lta --subject fsaverage
7.3.2

--src: orig_nu.mgz src image (geometry).
--trg: /opt/freesurfer/average/mni305.cor.mgz trg image (geometry).
--inmni: transforms/talairach.auto.xfm input MNI/XFM transform.
--outlta: transforms/talairach.auto.xfm.lta output LTA.
--s: fsaverage subject name
 LTA read, type : 1
 1.05501  -0.15158  -0.05821   4.50362;
 0.10852   1.01697   0.17125  -21.91035;
 0.07722  -0.05562   1.08461   13.25079;
 0.00000   0.00000   0.00000   1.00000;
setting subject to fsaverage
Writing  LTA to file transforms/talairach.auto.xfm.lta...
lta_convert successful.
 
 
Started at Mon Mar 9 05:12:51 CET 2026
Ended   at Mon Mar  9 05:14:24 CET 2026
talairach_avi done
