status file for recon-all
Thu Mar 12 13:37:06 CET 2026
#@# Tessellate lh Thu Mar 12 13:37:06 CET 2026
#@# Smooth1 lh Thu Mar 12 13:37:09 CET 2026
#@# Inflation1 lh Thu Mar 12 13:37:11 CET 2026
#@# QSphere lh Thu Mar 12 13:37:23 CET 2026
#@# Fix Topology lh Thu Mar 12 13:38:16 CET 2026
#@# Smooth2 lh Thu Mar 12 13:43:17 CET 2026
#@# Inflation2 lh Thu Mar 12 13:43:20 CET 2026
#@# Curv .H and .K lh Thu Mar 12 13:43:33 CET 2026
#@# Sphere lh Thu Mar 12 13:44:15 CET 2026
#@# Surf Reg lh Thu Mar 12 13:45:59 CET 2026
#@# Jacobian white lh Thu Mar 12 13:49:35 CET 2026
#@# AvgCurv lh Thu Mar 12 13:49:36 CET 2026
#@# Cortical Parc lh Thu Mar 12 13:49:37 CET 2026
#@# white curv lh Thu Mar 12 13:55:33 CET 2026
#@# white area lh Thu Mar 12 13:55:34 CET 2026
#@# pial curv lh Thu Mar 12 13:55:35 CET 2026
#@# pial area lh Thu Mar 12 13:55:36 CET 2026
#@# thickness lh Thu Mar 12 13:55:37 CET 2026
#@# area and vertex vol lh Thu Mar 12 13:56:03 CET 2026
#@# Curvature Stats lh Thu Mar 12 13:56:04 CET 2026
#@# Cortical Parc 2 lh Thu Mar 12 13:56:06 CET 2026
#@# Cortical Parc 3 lh Thu Mar 12 13:56:18 CET 2026
#@# WM/GM Contrast lh Thu Mar 12 13:56:27 CET 2026
recon-all -s sub-v1s18x0051278_ses-1 finished without error at Thu Mar 12 13:56:30 CET 2026



#New# invocation of recon-all 



status file for recon-all
Thu Mar 12 14:19:26 CET 2026
#@# white curv lh Thu Mar 12 14:19:26 CET 2026
#@# white area lh Thu Mar 12 14:19:26 CET 2026
#@# pial curv lh Thu Mar 12 14:19:26 CET 2026
#@# pial area lh Thu Mar 12 14:19:27 CET 2026
#@# thickness lh Thu Mar 12 14:19:27 CET 2026
#@# area and vertex vol lh Thu Mar 12 14:19:27 CET 2026
#@# Parcellation Stats lh Thu Mar 12 14:19:27 CET 2026
#@# Parcellation Stats 2 lh Thu Mar 12 14:19:42 CET 2026
#@# Parcellation Stats 3 lh Thu Mar 12 14:19:50 CET 2026
#@# BA_exvivo Labels lh Thu Mar 12 14:19:58 CET 2026
recon-all -s sub-v1s18x0051278_ses-1 finished without error at Thu Mar 12 14:22:17 CET 2026
