status file for recon-all
Thu Mar 12 11:58:27 CET 2026
#@# MotionCor Thu Mar 12 11:58:28 CET 2026
#@# Talairach Thu Mar 12 11:58:36 CET 2026
#@# Talairach Failure Detection Thu Mar 12 12:03:00 CET 2026
#@# Nu Intensity Correction Thu Mar 12 12:03:00 CET 2026
#@# Intensity Normalization Thu Mar 12 12:06:16 CET 2026
recon-all -s sub-v1s18x0051278_ses-1 finished without error at Thu Mar 12 12:07:41 CET 2026



#New# invocation of recon-all 



status file for recon-all
Thu Mar 12 12:14:59 CET 2026
#@# EM Registration Thu Mar 12 12:14:59 CET 2026
recon-all -s sub-v1s18x0051278_ses-1 finished without error at Thu Mar 12 12:17:31 CET 2026



#New# invocation of recon-all 



status file for recon-all
Thu Mar 12 12:17:36 CET 2026
#@# CA Normalize Thu Mar 12 12:17:36 CET 2026
#@# CA Reg Thu Mar 12 12:18:59 CET 2026
#@# SubCort Seg Thu Mar 12 13:02:16 CET 2026
#@# CC Seg Thu Mar 12 13:31:17 CET 2026
#@# Merge ASeg Thu Mar 12 13:32:03 CET 2026
#@# Intensity Normalization2 Thu Mar 12 13:32:03 CET 2026
#@# Mask BFS Thu Mar 12 13:34:09 CET 2026
#@# WM Segmentation Thu Mar 12 13:34:10 CET 2026
#@# Fill Thu Mar 12 13:36:00 CET 2026
recon-all -s sub-v1s18x0051278_ses-1 finished without error at Thu Mar 12 13:37:01 CET 2026



#New# invocation of recon-all 



status file for recon-all
Thu Mar 12 14:15:44 CET 2026
#@# white curv lh Thu Mar 12 14:15:44 CET 2026
#@# white area lh Thu Mar 12 14:15:45 CET 2026
#@# pial curv lh Thu Mar 12 14:15:45 CET 2026
#@# pial area lh Thu Mar 12 14:15:45 CET 2026
#@# thickness lh Thu Mar 12 14:15:45 CET 2026
#@# area and vertex vol lh Thu Mar 12 14:15:45 CET 2026
#@# white curv rh Thu Mar 12 14:15:45 CET 2026
#@# white area rh Thu Mar 12 14:15:45 CET 2026
#@# pial curv rh Thu Mar 12 14:15:45 CET 2026
#@# pial area rh Thu Mar 12 14:15:45 CET 2026
#@# thickness rh Thu Mar 12 14:15:45 CET 2026
#@# area and vertex vol rh Thu Mar 12 14:15:45 CET 2026
#@# Cortical ribbon mask Thu Mar 12 14:15:45 CET 2026
recon-all -s sub-v1s18x0051278_ses-1 finished without error at Thu Mar 12 14:19:22 CET 2026



#New# invocation of recon-all 



status file for recon-all
Thu Mar 12 14:25:15 CET 2026
#@# white curv lh Thu Mar 12 14:25:15 CET 2026
#@# white area lh Thu Mar 12 14:25:15 CET 2026
#@# pial curv lh Thu Mar 12 14:25:15 CET 2026
#@# pial area lh Thu Mar 12 14:25:15 CET 2026
#@# thickness lh Thu Mar 12 14:25:15 CET 2026
#@# area and vertex vol lh Thu Mar 12 14:25:15 CET 2026
#@# white curv rh Thu Mar 12 14:25:15 CET 2026
#@# white area rh Thu Mar 12 14:25:15 CET 2026
#@# pial curv rh Thu Mar 12 14:25:15 CET 2026
#@# pial area rh Thu Mar 12 14:25:15 CET 2026
#@# thickness rh Thu Mar 12 14:25:15 CET 2026
#@# area and vertex vol rh Thu Mar 12 14:25:15 CET 2026
#@# Curvature Stats lh Thu Mar 12 14:25:15 CET 2026
#@# Curvature Stats rh Thu Mar 12 14:25:17 CET 2026
#@# Relabel Hypointensities Thu Mar 12 14:25:19 CET 2026
#@# APas-to-ASeg Thu Mar 12 14:25:33 CET 2026
#@# AParc-to-ASeg aparc Thu Mar 12 14:25:41 CET 2026
#@# AParc-to-ASeg aparc.a2009s Thu Mar 12 14:26:22 CET 2026
#@# AParc-to-ASeg aparc.DKTatlas Thu Mar 12 14:27:05 CET 2026
#@# WMParc Thu Mar 12 14:27:49 CET 2026
#@# ASeg Stats Thu Mar 12 14:31:48 CET 2026
recon-all -s sub-v1s18x0051278_ses-1 finished without error at Thu Mar 12 14:32:26 CET 2026
