status file for recon-all
Mon Mar  9 06:14:38 CET 2026
#@# Tessellate rh Mon Mar  9 06:14:38 CET 2026
#@# Smooth1 rh Mon Mar  9 06:14:41 CET 2026
#@# Inflation1 rh Mon Mar  9 06:14:44 CET 2026
#@# QSphere rh Mon Mar  9 06:14:54 CET 2026
#@# Fix Topology rh Mon Mar  9 06:15:58 CET 2026
#@# Smooth2 rh Mon Mar  9 06:20:42 CET 2026
#@# Inflation2 rh Mon Mar  9 06:20:44 CET 2026
#@# Curv .H and .K rh Mon Mar  9 06:20:55 CET 2026
#@# Sphere rh Mon Mar  9 06:21:44 CET 2026
#@# Surf Reg rh Mon Mar  9 06:24:26 CET 2026
#@# Jacobian white rh Mon Mar  9 06:27:45 CET 2026
#@# AvgCurv rh Mon Mar  9 06:27:46 CET 2026
#@# Cortical Parc rh Mon Mar  9 06:27:47 CET 2026
#@# white curv rh Mon Mar  9 06:33:30 CET 2026
#@# white area rh Mon Mar  9 06:33:32 CET 2026
#@# pial curv rh Mon Mar  9 06:33:32 CET 2026
#@# pial area rh Mon Mar  9 06:33:34 CET 2026
#@# thickness rh Mon Mar  9 06:33:34 CET 2026
#@# area and vertex vol rh Mon Mar  9 06:34:06 CET 2026
#@# Curvature Stats rh Mon Mar  9 06:34:07 CET 2026
#@# Cortical Parc 2 rh Mon Mar  9 06:34:09 CET 2026
#@# Cortical Parc 3 rh Mon Mar  9 06:34:23 CET 2026
#@# WM/GM Contrast rh Mon Mar  9 06:34:33 CET 2026
recon-all -s sub-v1s18x0051222_ses-1 finished without error at Mon Mar  9 06:34:35 CET 2026



#New# invocation of recon-all 



status file for recon-all
Mon Mar  9 06:44:08 CET 2026
#@# white curv rh Mon Mar  9 06:44:09 CET 2026
#@# white area rh Mon Mar  9 06:44:09 CET 2026
#@# pial curv rh Mon Mar  9 06:44:09 CET 2026
#@# pial area rh Mon Mar  9 06:44:09 CET 2026
#@# thickness rh Mon Mar  9 06:44:09 CET 2026
#@# area and vertex vol rh Mon Mar  9 06:44:09 CET 2026
#@# Parcellation Stats rh Mon Mar  9 06:44:09 CET 2026
#@# Parcellation Stats 2 rh Mon Mar  9 06:44:28 CET 2026
#@# Parcellation Stats 3 rh Mon Mar  9 06:44:38 CET 2026
#@# BA_exvivo Labels rh Mon Mar  9 06:44:47 CET 2026
recon-all -s sub-v1s18x0051222_ses-1 finished without error at Mon Mar  9 06:47:11 CET 2026
