status file for recon-all
Mon Mar  9 04:21:59 CET 2026
#@# MotionCor Mon Mar  9 04:22:01 CET 2026
#@# Talairach Mon Mar  9 04:22:09 CET 2026
#@# Talairach Failure Detection Mon Mar  9 04:26:32 CET 2026
#@# Nu Intensity Correction Mon Mar  9 04:26:32 CET 2026
#@# Intensity Normalization Mon Mar  9 04:29:47 CET 2026
recon-all -s sub-v1s18x0051222_ses-1 finished without error at Mon Mar  9 04:31:12 CET 2026



#New# invocation of recon-all 



status file for recon-all
Mon Mar  9 04:38:02 CET 2026
#@# EM Registration Mon Mar  9 04:38:02 CET 2026
recon-all -s sub-v1s18x0051222_ses-1 finished without error at Mon Mar  9 04:39:33 CET 2026



#New# invocation of recon-all 



status file for recon-all
Mon Mar  9 04:39:36 CET 2026
#@# CA Normalize Mon Mar  9 04:39:36 CET 2026
#@# CA Reg Mon Mar  9 04:40:54 CET 2026
#@# SubCort Seg Mon Mar  9 05:21:01 CET 2026
#@# CC Seg Mon Mar  9 05:48:48 CET 2026
#@# Merge ASeg Mon Mar  9 05:49:19 CET 2026
#@# Intensity Normalization2 Mon Mar  9 05:49:19 CET 2026
#@# Mask BFS Mon Mar  9 05:51:29 CET 2026
#@# WM Segmentation Mon Mar  9 05:51:29 CET 2026
#@# Fill Mon Mar  9 05:53:24 CET 2026
recon-all -s sub-v1s18x0051222_ses-1 finished without error at Mon Mar  9 05:54:24 CET 2026



#New# invocation of recon-all 



status file for recon-all
Mon Mar  9 06:34:40 CET 2026
#@# white curv lh Mon Mar  9 06:34:40 CET 2026
#@# white area lh Mon Mar  9 06:34:40 CET 2026
#@# pial curv lh Mon Mar  9 06:34:40 CET 2026
#@# pial area lh Mon Mar  9 06:34:40 CET 2026
#@# thickness lh Mon Mar  9 06:34:40 CET 2026
#@# area and vertex vol lh Mon Mar  9 06:34:40 CET 2026
#@# white curv rh Mon Mar  9 06:34:40 CET 2026
#@# white area rh Mon Mar  9 06:34:40 CET 2026
#@# pial curv rh Mon Mar  9 06:34:40 CET 2026
#@# pial area rh Mon Mar  9 06:34:40 CET 2026
#@# thickness rh Mon Mar  9 06:34:40 CET 2026
#@# area and vertex vol rh Mon Mar  9 06:34:41 CET 2026
#@# Cortical ribbon mask Mon Mar  9 06:34:41 CET 2026
recon-all -s sub-v1s18x0051222_ses-1 finished without error at Mon Mar  9 06:41:00 CET 2026



#New# invocation of recon-all 



status file for recon-all
Mon Mar  9 06:47:15 CET 2026
#@# white curv lh Mon Mar  9 06:47:15 CET 2026
#@# white area lh Mon Mar  9 06:47:15 CET 2026
#@# pial curv lh Mon Mar  9 06:47:15 CET 2026
#@# pial area lh Mon Mar  9 06:47:15 CET 2026
#@# thickness lh Mon Mar  9 06:47:15 CET 2026
#@# area and vertex vol lh Mon Mar  9 06:47:15 CET 2026
#@# white curv rh Mon Mar  9 06:47:15 CET 2026
#@# white area rh Mon Mar  9 06:47:15 CET 2026
#@# pial curv rh Mon Mar  9 06:47:15 CET 2026
#@# pial area rh Mon Mar  9 06:47:15 CET 2026
#@# thickness rh Mon Mar  9 06:47:15 CET 2026
#@# area and vertex vol rh Mon Mar  9 06:47:15 CET 2026
#@# Curvature Stats lh Mon Mar  9 06:47:15 CET 2026
#@# Curvature Stats rh Mon Mar  9 06:47:17 CET 2026
#@# Relabel Hypointensities Mon Mar  9 06:47:20 CET 2026
#@# APas-to-ASeg Mon Mar  9 06:47:35 CET 2026
#@# AParc-to-ASeg aparc Mon Mar  9 06:47:42 CET 2026
#@# AParc-to-ASeg aparc.a2009s Mon Mar  9 06:48:23 CET 2026
#@# AParc-to-ASeg aparc.DKTatlas Mon Mar  9 06:49:01 CET 2026
#@# WMParc Mon Mar  9 06:49:41 CET 2026
#@# ASeg Stats Mon Mar  9 06:53:15 CET 2026
recon-all -s sub-v1s18x0051222_ses-1 finished without error at Mon Mar  9 06:53:46 CET 2026
