status file for recon-all
Mon Mar  9 05:52:26 CET 2026
#@# Tessellate rh Mon Mar  9 05:52:26 CET 2026
#@# Smooth1 rh Mon Mar  9 05:52:28 CET 2026
#@# Inflation1 rh Mon Mar  9 05:52:30 CET 2026
#@# QSphere rh Mon Mar  9 05:52:37 CET 2026
#@# Fix Topology rh Mon Mar  9 05:53:10 CET 2026
#@# Smooth2 rh Mon Mar  9 05:57:01 CET 2026
#@# Inflation2 rh Mon Mar  9 05:57:03 CET 2026
#@# Curv .H and .K rh Mon Mar  9 05:57:10 CET 2026
#@# Sphere rh Mon Mar  9 05:57:42 CET 2026
#@# Surf Reg rh Mon Mar  9 05:59:34 CET 2026
#@# Jacobian white rh Mon Mar  9 06:01:40 CET 2026
#@# AvgCurv rh Mon Mar  9 06:01:41 CET 2026
#@# Cortical Parc rh Mon Mar  9 06:01:41 CET 2026
#@# white curv rh Mon Mar  9 06:06:21 CET 2026
#@# white area rh Mon Mar  9 06:06:22 CET 2026
#@# pial curv rh Mon Mar  9 06:06:22 CET 2026
#@# pial area rh Mon Mar  9 06:06:23 CET 2026
#@# thickness rh Mon Mar  9 06:06:23 CET 2026
#@# area and vertex vol rh Mon Mar  9 06:06:39 CET 2026
#@# Curvature Stats rh Mon Mar  9 06:06:40 CET 2026
#@# Cortical Parc 2 rh Mon Mar  9 06:06:42 CET 2026
#@# Cortical Parc 3 rh Mon Mar  9 06:06:50 CET 2026
#@# WM/GM Contrast rh Mon Mar  9 06:06:56 CET 2026
recon-all -s sub-v1s18x0051226_ses-1 finished without error at Mon Mar  9 06:06:58 CET 2026



#New# invocation of recon-all 



status file for recon-all
Mon Mar  9 06:12:11 CET 2026
#@# white curv rh Mon Mar  9 06:12:11 CET 2026
#@# white area rh Mon Mar  9 06:12:11 CET 2026
#@# pial curv rh Mon Mar  9 06:12:11 CET 2026
#@# pial area rh Mon Mar  9 06:12:11 CET 2026
#@# thickness rh Mon Mar  9 06:12:12 CET 2026
#@# area and vertex vol rh Mon Mar  9 06:12:12 CET 2026
#@# Parcellation Stats rh Mon Mar  9 06:12:12 CET 2026
#@# Parcellation Stats 2 rh Mon Mar  9 06:12:23 CET 2026
#@# Parcellation Stats 3 rh Mon Mar  9 06:12:29 CET 2026
#@# BA_exvivo Labels rh Mon Mar  9 06:12:34 CET 2026
recon-all -s sub-v1s18x0051226_ses-1 finished without error at Mon Mar  9 06:14:09 CET 2026
