status file for recon-all
Mon Mar  9 05:37:56 CET 2026
#@# Tessellate lh Mon Mar  9 05:37:56 CET 2026
#@# Smooth1 lh Mon Mar  9 05:37:59 CET 2026
#@# Inflation1 lh Mon Mar  9 05:38:00 CET 2026
#@# QSphere lh Mon Mar  9 05:38:06 CET 2026
#@# Fix Topology lh Mon Mar  9 05:38:43 CET 2026
#@# Smooth2 lh Mon Mar  9 05:42:33 CET 2026
#@# Inflation2 lh Mon Mar  9 05:42:35 CET 2026
#@# Curv .H and .K lh Mon Mar  9 05:42:42 CET 2026
#@# Sphere lh Mon Mar  9 05:43:13 CET 2026
#@# Surf Reg lh Mon Mar  9 05:45:11 CET 2026
#@# Jacobian white lh Mon Mar  9 05:47:01 CET 2026
#@# AvgCurv lh Mon Mar  9 05:47:01 CET 2026
#@# Cortical Parc lh Mon Mar  9 05:47:02 CET 2026
#@# white curv lh Mon Mar  9 05:51:47 CET 2026
#@# white area lh Mon Mar  9 05:51:48 CET 2026
#@# pial curv lh Mon Mar  9 05:51:49 CET 2026
#@# pial area lh Mon Mar  9 05:51:50 CET 2026
#@# thickness lh Mon Mar  9 05:51:50 CET 2026
#@# area and vertex vol lh Mon Mar  9 05:52:06 CET 2026
#@# Curvature Stats lh Mon Mar  9 05:52:07 CET 2026
#@# Cortical Parc 2 lh Mon Mar  9 05:52:08 CET 2026
#@# Cortical Parc 3 lh Mon Mar  9 05:52:16 CET 2026
#@# WM/GM Contrast lh Mon Mar  9 05:52:23 CET 2026
recon-all -s sub-v1s18x0051226_ses-1 finished without error at Mon Mar  9 05:52:24 CET 2026



#New# invocation of recon-all 



status file for recon-all
Mon Mar  9 06:10:14 CET 2026
#@# white curv lh Mon Mar  9 06:10:14 CET 2026
#@# white area lh Mon Mar  9 06:10:14 CET 2026
#@# pial curv lh Mon Mar  9 06:10:14 CET 2026
#@# pial area lh Mon Mar  9 06:10:14 CET 2026
#@# thickness lh Mon Mar  9 06:10:14 CET 2026
#@# area and vertex vol lh Mon Mar  9 06:10:14 CET 2026
#@# Parcellation Stats lh Mon Mar  9 06:10:14 CET 2026
#@# Parcellation Stats 2 lh Mon Mar  9 06:10:25 CET 2026
#@# Parcellation Stats 3 lh Mon Mar  9 06:10:31 CET 2026
#@# BA_exvivo Labels lh Mon Mar  9 06:10:36 CET 2026
recon-all -s sub-v1s18x0051226_ses-1 finished without error at Mon Mar  9 06:12:08 CET 2026
