status file for recon-all
Mon Mar  9 05:24:29 CET 2026
#@# Tessellate lh Mon Mar  9 05:24:29 CET 2026
#@# Smooth1 lh Mon Mar  9 05:24:32 CET 2026
#@# Inflation1 lh Mon Mar  9 05:24:33 CET 2026
#@# QSphere lh Mon Mar  9 05:24:40 CET 2026
#@# Fix Topology lh Mon Mar  9 05:25:17 CET 2026
#@# Smooth2 lh Mon Mar  9 05:29:18 CET 2026
#@# Inflation2 lh Mon Mar  9 05:29:19 CET 2026
#@# Curv .H and .K lh Mon Mar  9 05:29:26 CET 2026
#@# Sphere lh Mon Mar  9 05:30:03 CET 2026
#@# Surf Reg lh Mon Mar  9 05:31:48 CET 2026
#@# Jacobian white lh Mon Mar  9 05:34:16 CET 2026
#@# AvgCurv lh Mon Mar  9 05:34:17 CET 2026
#@# Cortical Parc lh Mon Mar  9 05:34:17 CET 2026
#@# white curv lh Mon Mar  9 05:39:50 CET 2026
#@# white area lh Mon Mar  9 05:39:52 CET 2026
#@# pial curv lh Mon Mar  9 05:39:52 CET 2026
#@# pial area lh Mon Mar  9 05:39:53 CET 2026
#@# thickness lh Mon Mar  9 05:39:54 CET 2026
#@# area and vertex vol lh Mon Mar  9 05:40:12 CET 2026
#@# Curvature Stats lh Mon Mar  9 05:40:13 CET 2026
#@# Cortical Parc 2 lh Mon Mar  9 05:40:14 CET 2026
#@# Cortical Parc 3 lh Mon Mar  9 05:40:24 CET 2026
#@# WM/GM Contrast lh Mon Mar  9 05:40:31 CET 2026
recon-all -s sub-v1s18x0051219_ses-1 finished without error at Mon Mar  9 05:40:33 CET 2026



#New# invocation of recon-all 



status file for recon-all
Mon Mar  9 06:01:02 CET 2026
#@# white curv lh Mon Mar  9 06:01:02 CET 2026
#@# white area lh Mon Mar  9 06:01:02 CET 2026
#@# pial curv lh Mon Mar  9 06:01:02 CET 2026
#@# pial area lh Mon Mar  9 06:01:02 CET 2026
#@# thickness lh Mon Mar  9 06:01:02 CET 2026
#@# area and vertex vol lh Mon Mar  9 06:01:02 CET 2026
#@# Parcellation Stats lh Mon Mar  9 06:01:02 CET 2026
#@# Parcellation Stats 2 lh Mon Mar  9 06:01:16 CET 2026
#@# Parcellation Stats 3 lh Mon Mar  9 06:01:23 CET 2026
#@# BA_exvivo Labels lh Mon Mar  9 06:01:30 CET 2026
recon-all -s sub-v1s18x0051219_ses-1 finished without error at Mon Mar  9 06:03:15 CET 2026
