status file for recon-all
Mon Mar  9 04:10:38 CET 2026
#@# MotionCor Mon Mar  9 04:10:40 CET 2026
#@# Talairach Mon Mar  9 04:10:45 CET 2026
#@# Talairach Failure Detection Mon Mar  9 04:13:36 CET 2026
#@# Nu Intensity Correction Mon Mar  9 04:13:36 CET 2026
#@# Intensity Normalization Mon Mar  9 04:16:20 CET 2026
recon-all -s sub-v1s18x0051219_ses-1 finished without error at Mon Mar  9 04:17:18 CET 2026



#New# invocation of recon-all 



status file for recon-all
Mon Mar  9 04:23:09 CET 2026
#@# EM Registration Mon Mar  9 04:23:09 CET 2026
recon-all -s sub-v1s18x0051219_ses-1 finished without error at Mon Mar  9 04:24:15 CET 2026



#New# invocation of recon-all 



status file for recon-all
Mon Mar  9 04:24:18 CET 2026
#@# CA Normalize Mon Mar  9 04:24:18 CET 2026
#@# CA Reg Mon Mar  9 04:25:10 CET 2026
#@# SubCort Seg Mon Mar  9 04:58:59 CET 2026
#@# CC Seg Mon Mar  9 05:20:30 CET 2026
#@# Merge ASeg Mon Mar  9 05:20:53 CET 2026
#@# Intensity Normalization2 Mon Mar  9 05:20:53 CET 2026
#@# Mask BFS Mon Mar  9 05:22:18 CET 2026
#@# WM Segmentation Mon Mar  9 05:22:19 CET 2026
#@# Fill Mon Mar  9 05:23:47 CET 2026
recon-all -s sub-v1s18x0051219_ses-1 finished without error at Mon Mar  9 05:24:25 CET 2026



#New# invocation of recon-all 



status file for recon-all
Mon Mar  9 05:57:28 CET 2026
#@# white curv lh Mon Mar  9 05:57:28 CET 2026
#@# white area lh Mon Mar  9 05:57:28 CET 2026
#@# pial curv lh Mon Mar  9 05:57:28 CET 2026
#@# pial area lh Mon Mar  9 05:57:28 CET 2026
#@# thickness lh Mon Mar  9 05:57:28 CET 2026
#@# area and vertex vol lh Mon Mar  9 05:57:28 CET 2026
#@# white curv rh Mon Mar  9 05:57:28 CET 2026
#@# white area rh Mon Mar  9 05:57:28 CET 2026
#@# pial curv rh Mon Mar  9 05:57:28 CET 2026
#@# pial area rh Mon Mar  9 05:57:28 CET 2026
#@# thickness rh Mon Mar  9 05:57:28 CET 2026
#@# area and vertex vol rh Mon Mar  9 05:57:28 CET 2026
#@# Cortical ribbon mask Mon Mar  9 05:57:28 CET 2026
recon-all -s sub-v1s18x0051219_ses-1 finished without error at Mon Mar  9 06:00:58 CET 2026



#New# invocation of recon-all 



status file for recon-all
Mon Mar  9 06:05:35 CET 2026
#@# white curv lh Mon Mar  9 06:05:35 CET 2026
#@# white area lh Mon Mar  9 06:05:35 CET 2026
#@# pial curv lh Mon Mar  9 06:05:35 CET 2026
#@# pial area lh Mon Mar  9 06:05:35 CET 2026
#@# thickness lh Mon Mar  9 06:05:35 CET 2026
#@# area and vertex vol lh Mon Mar  9 06:05:35 CET 2026
#@# white curv rh Mon Mar  9 06:05:35 CET 2026
#@# white area rh Mon Mar  9 06:05:35 CET 2026
#@# pial curv rh Mon Mar  9 06:05:35 CET 2026
#@# pial area rh Mon Mar  9 06:05:35 CET 2026
#@# thickness rh Mon Mar  9 06:05:35 CET 2026
#@# area and vertex vol rh Mon Mar  9 06:05:35 CET 2026
#@# Curvature Stats lh Mon Mar  9 06:05:35 CET 2026
#@# Curvature Stats rh Mon Mar  9 06:05:36 CET 2026
#@# Relabel Hypointensities Mon Mar  9 06:05:38 CET 2026
#@# APas-to-ASeg Mon Mar  9 06:05:48 CET 2026
#@# AParc-to-ASeg aparc Mon Mar  9 06:05:54 CET 2026
#@# AParc-to-ASeg aparc.a2009s Mon Mar  9 06:06:19 CET 2026
#@# AParc-to-ASeg aparc.DKTatlas Mon Mar  9 06:06:43 CET 2026
#@# WMParc Mon Mar  9 06:07:05 CET 2026
#@# ASeg Stats Mon Mar  9 06:08:43 CET 2026
recon-all -s sub-v1s18x0051219_ses-1 finished without error at Mon Mar  9 06:08:59 CET 2026
