status file for recon-all
Mon Mar  9 05:40:36 CET 2026
#@# Tessellate rh Mon Mar  9 05:40:36 CET 2026
#@# Smooth1 rh Mon Mar  9 05:40:38 CET 2026
#@# Inflation1 rh Mon Mar  9 05:40:40 CET 2026
#@# QSphere rh Mon Mar  9 05:40:47 CET 2026
#@# Fix Topology rh Mon Mar  9 05:41:28 CET 2026
#@# Smooth2 rh Mon Mar  9 05:45:39 CET 2026
#@# Inflation2 rh Mon Mar  9 05:45:41 CET 2026
#@# Curv .H and .K rh Mon Mar  9 05:45:49 CET 2026
#@# Sphere rh Mon Mar  9 05:46:25 CET 2026
#@# Surf Reg rh Mon Mar  9 05:48:41 CET 2026
#@# Jacobian white rh Mon Mar  9 05:51:08 CET 2026
#@# AvgCurv rh Mon Mar  9 05:51:09 CET 2026
#@# Cortical Parc rh Mon Mar  9 05:51:09 CET 2026
#@# white curv rh Mon Mar  9 05:56:41 CET 2026
#@# white area rh Mon Mar  9 05:56:43 CET 2026
#@# pial curv rh Mon Mar  9 05:56:43 CET 2026
#@# pial area rh Mon Mar  9 05:56:44 CET 2026
#@# thickness rh Mon Mar  9 05:56:45 CET 2026
#@# area and vertex vol rh Mon Mar  9 05:57:03 CET 2026
#@# Curvature Stats rh Mon Mar  9 05:57:04 CET 2026
#@# Cortical Parc 2 rh Mon Mar  9 05:57:06 CET 2026
#@# Cortical Parc 3 rh Mon Mar  9 05:57:15 CET 2026
#@# WM/GM Contrast rh Mon Mar  9 05:57:22 CET 2026
recon-all -s sub-v1s18x0051219_ses-1 finished without error at Mon Mar  9 05:57:24 CET 2026



#New# invocation of recon-all 



status file for recon-all
Mon Mar  9 06:03:18 CET 2026
#@# white curv rh Mon Mar  9 06:03:18 CET 2026
#@# white area rh Mon Mar  9 06:03:18 CET 2026
#@# pial curv rh Mon Mar  9 06:03:18 CET 2026
#@# pial area rh Mon Mar  9 06:03:18 CET 2026
#@# thickness rh Mon Mar  9 06:03:18 CET 2026
#@# area and vertex vol rh Mon Mar  9 06:03:18 CET 2026
#@# Parcellation Stats rh Mon Mar  9 06:03:18 CET 2026
#@# Parcellation Stats 2 rh Mon Mar  9 06:03:31 CET 2026
#@# Parcellation Stats 3 rh Mon Mar  9 06:03:38 CET 2026
#@# BA_exvivo Labels rh Mon Mar  9 06:03:45 CET 2026
recon-all -s sub-v1s18x0051219_ses-1 finished without error at Mon Mar  9 06:05:29 CET 2026
