status file for recon-all
Mon Mar  9 08:09:09 CET 2026
#@# Tessellate lh Mon Mar  9 08:09:09 CET 2026
#@# Smooth1 lh Mon Mar  9 08:09:11 CET 2026
#@# Inflation1 lh Mon Mar  9 08:09:13 CET 2026
#@# QSphere lh Mon Mar  9 08:09:25 CET 2026
#@# Fix Topology lh Mon Mar  9 08:10:31 CET 2026
#@# Smooth2 lh Mon Mar  9 08:14:32 CET 2026
#@# Inflation2 lh Mon Mar  9 08:14:34 CET 2026
#@# Curv .H and .K lh Mon Mar  9 08:14:47 CET 2026
#@# Sphere lh Mon Mar  9 08:15:20 CET 2026
#@# Surf Reg lh Mon Mar  9 08:16:25 CET 2026
#@# Jacobian white lh Mon Mar  9 08:19:09 CET 2026
#@# AvgCurv lh Mon Mar  9 08:19:10 CET 2026
#@# Cortical Parc lh Mon Mar  9 08:19:10 CET 2026
#@# white curv lh Mon Mar  9 08:24:39 CET 2026
#@# white area lh Mon Mar  9 08:24:40 CET 2026
#@# pial curv lh Mon Mar  9 08:24:41 CET 2026
#@# pial area lh Mon Mar  9 08:24:42 CET 2026
#@# thickness lh Mon Mar  9 08:24:43 CET 2026
#@# area and vertex vol lh Mon Mar  9 08:24:59 CET 2026
#@# Curvature Stats lh Mon Mar  9 08:25:00 CET 2026
#@# Cortical Parc 2 lh Mon Mar  9 08:25:02 CET 2026
#@# Cortical Parc 3 lh Mon Mar  9 08:25:11 CET 2026
#@# WM/GM Contrast lh Mon Mar  9 08:25:18 CET 2026
recon-all -s sub-v1s18x0051264_ses-1 finished without error at Mon Mar  9 08:25:20 CET 2026



#New# invocation of recon-all 



status file for recon-all
Mon Mar  9 08:45:31 CET 2026
#@# white curv lh Mon Mar  9 08:45:31 CET 2026
#@# white area lh Mon Mar  9 08:45:31 CET 2026
#@# pial curv lh Mon Mar  9 08:45:31 CET 2026
#@# pial area lh Mon Mar  9 08:45:31 CET 2026
#@# thickness lh Mon Mar  9 08:45:31 CET 2026
#@# area and vertex vol lh Mon Mar  9 08:45:31 CET 2026
#@# Parcellation Stats lh Mon Mar  9 08:45:31 CET 2026
#@# Parcellation Stats 2 lh Mon Mar  9 08:45:44 CET 2026
#@# Parcellation Stats 3 lh Mon Mar  9 08:45:50 CET 2026
#@# BA_exvivo Labels lh Mon Mar  9 08:45:57 CET 2026
recon-all -s sub-v1s18x0051264_ses-1 finished without error at Mon Mar  9 08:47:49 CET 2026
