status file for recon-all
Mon Mar  9 05:44:24 CET 2026
#@# Tessellate rh Mon Mar  9 05:44:24 CET 2026
#@# Smooth1 rh Mon Mar  9 05:44:27 CET 2026
#@# Inflation1 rh Mon Mar  9 05:44:29 CET 2026
#@# QSphere rh Mon Mar  9 05:44:42 CET 2026
#@# Fix Topology rh Mon Mar  9 05:46:05 CET 2026
#@# Smooth2 rh Mon Mar  9 05:50:14 CET 2026
#@# Inflation2 rh Mon Mar  9 05:50:16 CET 2026
#@# Curv .H and .K rh Mon Mar  9 05:50:30 CET 2026
#@# Sphere rh Mon Mar  9 05:51:07 CET 2026
#@# Surf Reg rh Mon Mar  9 05:54:11 CET 2026
#@# Jacobian white rh Mon Mar  9 05:57:29 CET 2026
#@# AvgCurv rh Mon Mar  9 05:57:29 CET 2026
#@# Cortical Parc rh Mon Mar  9 05:57:30 CET 2026
#@# white curv rh Mon Mar  9 06:03:43 CET 2026
#@# white area rh Mon Mar  9 06:03:44 CET 2026
#@# pial curv rh Mon Mar  9 06:03:45 CET 2026
#@# pial area rh Mon Mar  9 06:03:46 CET 2026
#@# thickness rh Mon Mar  9 06:03:47 CET 2026
#@# area and vertex vol rh Mon Mar  9 06:04:06 CET 2026
#@# Curvature Stats rh Mon Mar  9 06:04:07 CET 2026
#@# Cortical Parc 2 rh Mon Mar  9 06:04:09 CET 2026
#@# Cortical Parc 3 rh Mon Mar  9 06:04:19 CET 2026
#@# WM/GM Contrast rh Mon Mar  9 06:04:26 CET 2026
recon-all -s sub-v1s18x0051215_ses-1 finished without error at Mon Mar  9 06:04:28 CET 2026



#New# invocation of recon-all 



status file for recon-all
Mon Mar  9 06:10:28 CET 2026
#@# white curv rh Mon Mar  9 06:10:28 CET 2026
#@# white area rh Mon Mar  9 06:10:28 CET 2026
#@# pial curv rh Mon Mar  9 06:10:28 CET 2026
#@# pial area rh Mon Mar  9 06:10:28 CET 2026
#@# thickness rh Mon Mar  9 06:10:28 CET 2026
#@# area and vertex vol rh Mon Mar  9 06:10:28 CET 2026
#@# Parcellation Stats rh Mon Mar  9 06:10:28 CET 2026
#@# Parcellation Stats 2 rh Mon Mar  9 06:10:43 CET 2026
#@# Parcellation Stats 3 rh Mon Mar  9 06:10:51 CET 2026
#@# BA_exvivo Labels rh Mon Mar  9 06:10:58 CET 2026
recon-all -s sub-v1s18x0051215_ses-1 finished without error at Mon Mar  9 06:12:58 CET 2026
