status file for recon-all
Mon Mar  9 05:23:52 CET 2026
#@# Tessellate lh Mon Mar  9 05:23:52 CET 2026
#@# Smooth1 lh Mon Mar  9 05:23:55 CET 2026
#@# Inflation1 lh Mon Mar  9 05:23:57 CET 2026
#@# QSphere lh Mon Mar  9 05:24:10 CET 2026
#@# Fix Topology lh Mon Mar  9 05:25:29 CET 2026
#@# Smooth2 lh Mon Mar  9 05:29:48 CET 2026
#@# Inflation2 lh Mon Mar  9 05:29:50 CET 2026
#@# Curv .H and .K lh Mon Mar  9 05:30:04 CET 2026
#@# Sphere lh Mon Mar  9 05:30:41 CET 2026
#@# Surf Reg lh Mon Mar  9 05:34:13 CET 2026
#@# Jacobian white lh Mon Mar  9 05:37:41 CET 2026
#@# AvgCurv lh Mon Mar  9 05:37:42 CET 2026
#@# Cortical Parc lh Mon Mar  9 05:37:42 CET 2026
#@# white curv lh Mon Mar  9 05:43:38 CET 2026
#@# white area lh Mon Mar  9 05:43:39 CET 2026
#@# pial curv lh Mon Mar  9 05:43:40 CET 2026
#@# pial area lh Mon Mar  9 05:43:42 CET 2026
#@# thickness lh Mon Mar  9 05:43:42 CET 2026
#@# area and vertex vol lh Mon Mar  9 05:44:01 CET 2026
#@# Curvature Stats lh Mon Mar  9 05:44:02 CET 2026
#@# Cortical Parc 2 lh Mon Mar  9 05:44:04 CET 2026
#@# Cortical Parc 3 lh Mon Mar  9 05:44:13 CET 2026
#@# WM/GM Contrast lh Mon Mar  9 05:44:21 CET 2026
recon-all -s sub-v1s18x0051215_ses-1 finished without error at Mon Mar  9 05:44:23 CET 2026



#New# invocation of recon-all 



status file for recon-all
Mon Mar  9 06:07:57 CET 2026
#@# white curv lh Mon Mar  9 06:07:57 CET 2026
#@# white area lh Mon Mar  9 06:07:57 CET 2026
#@# pial curv lh Mon Mar  9 06:07:57 CET 2026
#@# pial area lh Mon Mar  9 06:07:57 CET 2026
#@# thickness lh Mon Mar  9 06:07:57 CET 2026
#@# area and vertex vol lh Mon Mar  9 06:07:57 CET 2026
#@# Parcellation Stats lh Mon Mar  9 06:07:57 CET 2026
#@# Parcellation Stats 2 lh Mon Mar  9 06:08:11 CET 2026
#@# Parcellation Stats 3 lh Mon Mar  9 06:08:19 CET 2026
#@# BA_exvivo Labels lh Mon Mar  9 06:08:26 CET 2026
recon-all -s sub-v1s18x0051215_ses-1 finished without error at Mon Mar  9 06:10:25 CET 2026
