status file for recon-all
Mon Mar  9 07:07:01 CET 2026
#@# MotionCor Mon Mar  9 07:07:03 CET 2026
#@# Talairach Mon Mar  9 07:07:11 CET 2026
#@# Talairach Failure Detection Mon Mar  9 07:11:35 CET 2026
#@# Nu Intensity Correction Mon Mar  9 07:11:35 CET 2026
#@# Intensity Normalization Mon Mar  9 07:14:54 CET 2026
recon-all -s sub-v1s18x0051271_ses-1 finished without error at Mon Mar  9 07:16:19 CET 2026



#New# invocation of recon-all 



status file for recon-all
Mon Mar  9 07:23:48 CET 2026
#@# EM Registration Mon Mar  9 07:23:48 CET 2026
recon-all -s sub-v1s18x0051271_ses-1 finished without error at Mon Mar  9 07:26:17 CET 2026



#New# invocation of recon-all 



status file for recon-all
Mon Mar  9 07:26:20 CET 2026
#@# CA Normalize Mon Mar  9 07:26:20 CET 2026
#@# CA Reg Mon Mar  9 07:27:39 CET 2026
#@# SubCort Seg Mon Mar  9 08:18:59 CET 2026
#@# CC Seg Mon Mar  9 08:49:29 CET 2026
#@# Merge ASeg Mon Mar  9 08:50:08 CET 2026
#@# Intensity Normalization2 Mon Mar  9 08:50:08 CET 2026
#@# Mask BFS Mon Mar  9 08:52:20 CET 2026
#@# WM Segmentation Mon Mar  9 08:52:20 CET 2026
#@# Fill Mon Mar  9 08:54:19 CET 2026
recon-all -s sub-v1s18x0051271_ses-1 finished without error at Mon Mar  9 08:55:23 CET 2026



#New# invocation of recon-all 



status file for recon-all
Mon Mar  9 09:52:29 CET 2026
#@# white curv lh Mon Mar  9 09:52:29 CET 2026
#@# white area lh Mon Mar  9 09:52:29 CET 2026
#@# pial curv lh Mon Mar  9 09:52:29 CET 2026
#@# pial area lh Mon Mar  9 09:52:29 CET 2026
#@# thickness lh Mon Mar  9 09:52:29 CET 2026
#@# area and vertex vol lh Mon Mar  9 09:52:29 CET 2026
#@# white curv rh Mon Mar  9 09:52:29 CET 2026
#@# white area rh Mon Mar  9 09:52:29 CET 2026
#@# pial curv rh Mon Mar  9 09:52:29 CET 2026
#@# pial area rh Mon Mar  9 09:52:29 CET 2026
#@# thickness rh Mon Mar  9 09:52:29 CET 2026
#@# area and vertex vol rh Mon Mar  9 09:52:29 CET 2026
#@# Cortical ribbon mask Mon Mar  9 09:52:29 CET 2026
recon-all -s sub-v1s18x0051271_ses-1 finished without error at Mon Mar  9 09:57:02 CET 2026



#New# invocation of recon-all 



status file for recon-all
Mon Mar  9 10:04:51 CET 2026
#@# white curv lh Mon Mar  9 10:04:51 CET 2026
#@# white area lh Mon Mar  9 10:04:51 CET 2026
#@# pial curv lh Mon Mar  9 10:04:51 CET 2026
#@# pial area lh Mon Mar  9 10:04:51 CET 2026
#@# thickness lh Mon Mar  9 10:04:51 CET 2026
#@# area and vertex vol lh Mon Mar  9 10:04:51 CET 2026
#@# white curv rh Mon Mar  9 10:04:51 CET 2026
#@# white area rh Mon Mar  9 10:04:51 CET 2026
#@# pial curv rh Mon Mar  9 10:04:51 CET 2026
#@# pial area rh Mon Mar  9 10:04:51 CET 2026
#@# thickness rh Mon Mar  9 10:04:51 CET 2026
#@# area and vertex vol rh Mon Mar  9 10:04:51 CET 2026
#@# Curvature Stats lh Mon Mar  9 10:04:51 CET 2026
#@# Curvature Stats rh Mon Mar  9 10:04:54 CET 2026
#@# Relabel Hypointensities Mon Mar  9 10:04:56 CET 2026
#@# APas-to-ASeg Mon Mar  9 10:05:13 CET 2026
#@# AParc-to-ASeg aparc Mon Mar  9 10:05:22 CET 2026
#@# AParc-to-ASeg aparc.a2009s Mon Mar  9 10:06:04 CET 2026
#@# AParc-to-ASeg aparc.DKTatlas Mon Mar  9 10:06:55 CET 2026
#@# WMParc Mon Mar  9 10:07:41 CET 2026
#@# ASeg Stats Mon Mar  9 10:11:33 CET 2026
recon-all -s sub-v1s18x0051271_ses-1 finished without error at Mon Mar  9 10:12:14 CET 2026
