status file for recon-all
Mon Mar  9 09:25:04 CET 2026
#@# Tessellate rh Mon Mar  9 09:25:04 CET 2026
#@# Smooth1 rh Mon Mar  9 09:25:08 CET 2026
#@# Inflation1 rh Mon Mar  9 09:25:11 CET 2026
#@# QSphere rh Mon Mar  9 09:25:28 CET 2026
#@# Fix Topology rh Mon Mar  9 09:27:06 CET 2026
#@# Smooth2 rh Mon Mar  9 09:33:07 CET 2026
#@# Inflation2 rh Mon Mar  9 09:33:11 CET 2026
#@# Curv .H and .K rh Mon Mar  9 09:33:27 CET 2026
#@# Sphere rh Mon Mar  9 09:34:15 CET 2026
#@# Surf Reg rh Mon Mar  9 09:38:12 CET 2026
#@# Jacobian white rh Mon Mar  9 09:43:43 CET 2026
#@# AvgCurv rh Mon Mar  9 09:43:44 CET 2026
#@# Cortical Parc rh Mon Mar  9 09:43:45 CET 2026
#@# white curv rh Mon Mar  9 09:51:13 CET 2026
#@# white area rh Mon Mar  9 09:51:15 CET 2026
#@# pial curv rh Mon Mar  9 09:51:15 CET 2026
#@# pial area rh Mon Mar  9 09:51:18 CET 2026
#@# thickness rh Mon Mar  9 09:51:19 CET 2026
#@# area and vertex vol rh Mon Mar  9 09:51:51 CET 2026
#@# Curvature Stats rh Mon Mar  9 09:51:53 CET 2026
#@# Cortical Parc 2 rh Mon Mar  9 09:51:56 CET 2026
#@# Cortical Parc 3 rh Mon Mar  9 09:52:11 CET 2026
#@# WM/GM Contrast rh Mon Mar  9 09:52:22 CET 2026
recon-all -s sub-v1s18x0051271_ses-1 finished without error at Mon Mar  9 09:52:26 CET 2026



#New# invocation of recon-all 



status file for recon-all
Mon Mar  9 10:00:59 CET 2026
#@# white curv rh Mon Mar  9 10:00:59 CET 2026
#@# white area rh Mon Mar  9 10:00:59 CET 2026
#@# pial curv rh Mon Mar  9 10:00:59 CET 2026
#@# pial area rh Mon Mar  9 10:00:59 CET 2026
#@# thickness rh Mon Mar  9 10:00:59 CET 2026
#@# area and vertex vol rh Mon Mar  9 10:00:59 CET 2026
#@# Parcellation Stats rh Mon Mar  9 10:00:59 CET 2026
#@# Parcellation Stats 2 rh Mon Mar  9 10:01:23 CET 2026
#@# Parcellation Stats 3 rh Mon Mar  9 10:01:34 CET 2026
#@# BA_exvivo Labels rh Mon Mar  9 10:01:45 CET 2026
recon-all -s sub-v1s18x0051271_ses-1 finished without error at Mon Mar  9 10:04:46 CET 2026
