/out/sourcedata/freesurfer/sub-v1s18x0051250_ses-1/mri
/opt/freesurfer/bin/talairach_avi
--i orig_nu.mgz --xfm transforms/talairach.auto.xfm
talairach_avi 7.3.2
Linux dna050 5.14.0-427.37.1.el9_4.x86_64 #1 SMP PREEMPT_DYNAMIC Fri Sep 13 12:41:50 EDT 2024 x86_64 x86_64 x86_64 GNU/Linux
Mon Mar  9 05:48:19 CET 2026
mri_convert orig_nu.mgz talsrcimg.img 
reading from orig_nu.mgz...
TR=0.00, TE=0.00, TI=0.00, flip angle=0.00
i_ras = (-1, 0, 0)
j_ras = (0, 0, -1)
k_ras = (0, 1, 0)
writing to talsrcimg.img...
Analyze Output Matrix
-1.00000   0.00000   0.00000   132.62650;
 0.00000   0.00000   1.00000  -121.95204;
 0.00000  -1.00000   0.00000   154.81841;
 0.00000   0.00000   0.00000   1.00000;
--------------------
INFO: set hdr.hist.orient to -1
mpr2mni305 talsrcimg
Mon Mar  9 05:48:19 CET 2026
/opt/freesurfer/bin/mpr2mni305 talsrcimg
mpr2mni305 7.3.2
target=711-2C_as_mni_average_305

---------------------------------------------------------------------
analyzeto4dfp talsrcimg -O0 -y
---------------------------------------------------------------------

freesurfer ifh2hdr.c
Mon Mar  9 05:48:19 2026
Writing: talsrcimg.4dfp.hdr
freesurfer analyzeto4dfp.c
Reading: talsrcimg.hdr
header size 348 bytes
hdr.dime.datatype	offset=70	value=2
hdr.dime.bitpix		offset=72	value=8
hdr.hist.orient		offset=252	value=-1
dimensionality     4
dimensions       256       256       256         1
Reading: talsrcimg.img
Writing: talsrcimg.4dfp.img
Writing: talsrcimg.4dfp.ifh
ifh2hdr talsrcimg -r0to244
ori=2

---------------------------------------------------------------------
gauss_4dfp talsrcimg 1.1
---------------------------------------------------------------------

freesurfer gauss_4dfp.c
Reading: talsrcimg.4dfp.img
Writing: talsrcimg_g11.4dfp.img
image dimensions 256 256 256 padded to 288 288 288
processing volume 1freesurfer ifh2hdr.c
Mon Mar  9 05:48:21 2026
Writing: talsrcimg_g11.4dfp.hdr

Writing: talsrcimg_g11.4dfp.ifh
including: talsrcimg.4dfp.img.rec in talsrcimg_g11.4dfp.img.rec

---------------------------------------------------------------------
imgreg_4dfp /opt/freesurfer/average/711-2C_as_mni_average_305 none talsrcimg_g11 none talsrcimg_to_711-2C_as_mni_average_305_t4 4355
---------------------------------------------------------------------

freesurfer imgreg_4dfp.c
/opt/freesurfer/average/711-2C_as_mni_average_305.4dfp.img
       256       256       256         1
  1.000000  1.000000  1.000000
orientation T byte_order littleendian
Reading image: /opt/freesurfer/average/711-2C_as_mni_average_305.4dfp.img
dimensions:      256       256       256
mmppix:       1.0000   -1.0000   -1.0000
center:     128.0000 -129.0000 -129.0000
talsrcimg_g11.4dfp.img
       256       256       256         1
  1.000000  1.000000  1.000000
orientation T byte_order littleendian
Reading image: talsrcimg_g11.4dfp.img
dimensions:      256       256       256
mmppix:       1.0000   -1.0000   -1.0000
center:     128.0000 -129.0000 -129.0000
t4_read: open error in t4_sub.f l:  41 t4_file(1:l)talsrcimg_to_711-2C_as_mni_average_305_t4 
t4_read: transform initialized to I4
rotation matrix determinant  1.000000
image alignment mode   4355 decimal     1103 hex
   -7.5000  -45.0000  -45.0000 8188.2407   14.1531
    0.0000  -45.0000  -45.0000 8506.9062   14.1752
    7.5000  -45.0000  -45.0000 8088.3701   14.1669
   -7.5000  -37.5000  -45.0000 8794.6660   14.0473
    0.0000  -37.5000  -45.0000 9124.7832   14.0634
    7.5000  -37.5000  -45.0000 8678.3691   14.0518
   -7.5000  -30.0000  -45.0000 9671.8174   14.0037
    0.0000  -30.0000  -45.000010038.9170   14.0211
    7.5000  -30.0000  -45.0000 9562.1260   14.0081
   -7.5000  -22.5000  -45.000010499.7959   14.0121
    0.0000  -22.5000  -45.000010910.8584   14.0368
    7.5000  -22.5000  -45.000010392.0850   14.0250
   -7.5000  -15.0000  -45.000011267.4746   14.0294
    0.0000  -15.0000  -45.000011696.2129   14.0588
    7.5000  -15.0000  -45.000011140.8926   14.0491
   -7.5000   -7.5000  -45.000012002.0020   14.0373
    0.0000   -7.5000  -45.000012469.7041   14.0653
    7.5000   -7.5000  -45.000011857.1367   14.0574
   -7.5000    0.0000  -45.000012643.6611   14.0303
    0.0000    0.0000  -45.000013142.5322   14.0521
    7.5000    0.0000  -45.000012492.7471   14.0438
   -7.5000    7.5000  -45.000012226.0400   14.0137
    0.0000    7.5000  -45.000012683.1514   14.0298
    7.5000    7.5000  -45.000012038.2256   14.0183
   -7.5000   15.0000  -45.000011745.1816   14.0035
    0.0000   15.0000  -45.000012197.2217   14.0208
    7.5000   15.0000  -45.000011544.2979   14.0079
   -7.5000   22.5000  -45.000010973.8760   14.0102
    0.0000   22.5000  -45.000011393.3984   14.0349
    7.5000   22.5000  -45.000010785.6045   14.0231
   -7.5000   30.0000  -45.000010105.1182   13.8424
    0.0000   30.0000  -45.000010502.0244   13.8714
    7.5000   30.0000  -45.0000 9941.5527   13.8619
   -7.5000   37.5000  -45.0000 9628.5674   13.8502
    0.0000   37.5000  -45.000010014.4219   13.8778
    7.5000   37.5000  -45.0000 9454.5957   13.8701
   -7.5000   45.0000  -45.0000 8838.3564   13.4919
    0.0000   45.0000  -45.0000 9193.2266   13.5129
    7.5000   45.0000  -45.0000 8679.8809   13.5049
   -7.5000  -45.0000  -37.5000 8699.2822   14.0134
    0.0000  -45.0000  -37.5000 9018.4971   14.0318
    7.5000  -45.0000  -37.5000 8581.0098   14.0184
   -7.5000  -37.5000  -37.5000 9334.8594   13.9146
    0.0000  -37.5000  -37.5000 9680.2988   13.9250
    7.5000  -37.5000  -37.5000 9201.7324   13.9088
   -7.5000  -30.0000  -37.500010259.6162   13.8681
    0.0000  -30.0000  -37.500010636.1904   13.8792
    7.5000  -30.0000  -37.500010126.7324   13.8602
   -7.5000  -22.5000  -37.500011119.7432   13.8648
    0.0000  -22.5000  -37.500011527.6631   13.8847
    7.5000  -22.5000  -37.500010981.2988   13.8650
   -7.5000  -15.0000  -37.500011930.1475   13.8741
    0.0000  -15.0000  -37.500012356.0537   13.9012
    7.5000  -15.0000  -37.500011765.7148   13.8833
   -7.5000   -7.5000  -37.500012697.9033   13.8876
    0.0000   -7.5000  -37.500013169.5674   13.9134
    7.5000   -7.5000  -37.500012534.0146   13.8989
   -7.5000    0.0000  -37.500013368.4736   13.8919
    0.0000    0.0000  -37.500013842.8564   13.9101
    7.5000    0.0000  -37.500013167.0312   13.8968
   -7.5000    7.5000  -37.500012878.9346   13.8816
    0.0000    7.5000  -37.500013332.0176   13.8921
    7.5000    7.5000  -37.500012660.5039   13.8760
   -7.5000   15.0000  -37.500012384.8584   13.8679
    0.0000   15.0000  -37.500012834.3125   13.8790
    7.5000   15.0000  -37.500012164.3857   13.8599
   -7.5000   22.5000  -37.500011574.4170   13.8629
    0.0000   22.5000  -37.500012008.8018   13.8828
    7.5000   22.5000  -37.500011371.3164   13.8631
   -7.5000   30.0000  -37.500010636.0742   13.6893
    0.0000   30.0000  -37.500011047.5127   13.7159
    7.5000   30.0000  -37.500010456.2461   13.6983
   -7.5000   37.5000  -37.500010087.1436   13.7025
    0.0000   37.5000  -37.500010477.2881   13.7280
    7.5000   37.5000  -37.5000 9914.5488   13.7137
   -7.5000   45.0000  -37.5000 9243.2129   13.3588
    0.0000   45.0000  -37.5000 9619.6426   13.3763
    7.5000   45.0000  -37.5000 9091.4248   13.3636
   -7.5000  -45.0000  -30.0000 9389.1230   14.5470
    0.0000  -45.0000  -30.0000 9737.7500   14.5640
    7.5000  -45.0000  -30.0000 9248.5215   14.5459
   -7.5000  -37.5000  -30.000010071.2988   14.4583
    0.0000  -37.5000  -30.000010439.8809   14.4648
    7.5000  -37.5000  -30.0000 9916.0254   14.4432
   -7.5000  -30.0000  -30.000011076.7969   14.4146
    0.0000  -30.0000  -30.000011474.5576   14.4195
    7.5000  -30.0000  -30.000010911.5840   14.3936
   -7.5000  -22.5000  -30.000012000.3604   14.4005
    0.0000  -22.5000  -30.000012415.6924   14.4143
    7.5000  -22.5000  -30.000011819.5410   14.3872
   -7.5000  -15.0000  -30.000012860.6768   14.3966
    0.0000  -15.0000  -30.000013300.6426   14.4199
    7.5000  -15.0000  -30.000012665.2764   14.3954
   -7.5000   -7.5000  -30.000013691.4707   14.4077
    0.0000   -7.5000  -30.000014169.9951   14.4322
    7.5000   -7.5000  -30.000013499.9678   14.4126
   -7.5000    0.0000  -30.000014365.4678   14.4214
    0.0000    0.0000  -30.000014848.6357   14.4382
    7.5000    0.0000  -30.000014156.5986   14.4203
   -7.5000    7.5000  -30.000013806.3311   14.4242
    0.0000    7.5000  -30.000014293.3789   14.4308
    7.5000    7.5000  -30.000013609.4844   14.4093
   -7.5000   15.0000  -30.000013264.1436   14.4144
    0.0000   15.0000  -30.000013727.1631   14.4192
    7.5000   15.0000  -30.000013038.2578   14.3934
   -7.5000   22.5000  -30.000012406.1992   14.3971
    0.0000   22.5000  -30.000012857.3340   14.4108
    7.5000   22.5000  -30.000012219.5820   14.3838
   -7.5000   30.0000  -30.000011392.2705   14.2061
    0.0000   30.0000  -30.000011792.4922   14.2291
    7.5000   30.0000  -30.000011215.2285   14.2049
   -7.5000   37.5000  -30.000010795.9824   14.2171
    0.0000   37.5000  -30.000011171.5869   14.2412
    7.5000   37.5000  -30.000010614.9697   14.2219
   -7.5000   45.0000  -30.0000 9864.3906   13.8782
    0.0000   45.0000  -30.000010227.4072   13.8944
    7.5000   45.0000  -30.0000 9704.9717   13.8772
   -7.5000  -45.0000  -22.500010081.7324   15.0124
    0.0000  -45.0000  -22.500010485.7998   15.0316
    7.5000  -45.0000  -22.5000 9937.0762   15.0141
   -7.5000  -37.5000  -22.500010809.7021   14.9278
    0.0000  -37.5000  -22.500011204.1621   14.9366
    7.5000  -37.5000  -22.500010646.1572   14.9143
   -7.5000  -30.0000  -22.500011887.6934   14.8913
    0.0000  -30.0000  -22.500012338.0254   14.8963
    7.5000  -30.0000  -22.500011715.1162   14.8704
   -7.5000  -22.5000  -22.500012893.0605   14.8790
    0.0000  -22.5000  -22.500013356.1240   14.8910
    7.5000  -22.5000  -22.500012698.3066   14.8655
   -7.5000  -15.0000  -22.500013806.9678   14.8695
    0.0000  -15.0000  -22.500014304.9570   14.8909
    7.5000  -15.0000  -22.500013600.2354   14.8693
   -7.5000   -7.5000  -22.500014670.2949   14.8721
    0.0000   -7.5000  -22.500015210.7871   14.8967
    7.5000   -7.5000  -22.500014484.6719   14.8795
   -7.5000    0.0000  -22.500015381.3857   14.8832
    0.0000    0.0000  -22.500015949.2412   14.9023
    7.5000    0.0000  -22.500015201.8145   14.8849
   -7.5000    7.5000  -22.500014770.0732   14.8926
    0.0000    7.5000  -22.500015329.9727   14.9015
    7.5000    7.5000  -22.500014588.7383   14.8792
   -7.5000   15.0000  -22.500014137.4307   14.8910
    0.0000   15.0000  -22.500014656.1895   14.8961
    7.5000   15.0000  -22.500013948.0469   14.8701
   -7.5000   22.5000  -22.500013234.5361   14.8744
    0.0000   22.5000  -22.500013713.0205   14.8864
    7.5000   22.5000  -22.500013091.2256   14.8609
   -7.5000   30.0000  -22.500012145.9688   14.6750
    0.0000   30.0000  -22.500012574.4600   14.6961
    7.5000   30.0000  -22.500012017.0732   14.6748
   -7.5000   37.5000  -22.500011532.8018   14.6775
    0.0000   37.5000  -22.500011909.5469   14.7019
    7.5000   37.5000  -22.500011379.3770   14.6849
   -7.5000   45.0000  -22.500010507.0713   14.3334
    0.0000   45.0000  -22.500010872.4492   14.3518
    7.5000   45.0000  -22.500010353.6094   14.3350
   -7.5000  -45.0000  -15.000010724.4688   15.3532
    0.0000  -45.0000  -15.000011180.4971   15.3762
    7.5000  -45.0000  -15.000010601.9814   15.3630
   -7.5000  -37.5000  -15.000011502.8271   15.2605
    0.0000  -37.5000  -15.000011959.9590   15.2751
    7.5000  -37.5000  -15.000011371.0781   15.2564
   -7.5000  -30.0000  -15.000012658.9512   15.2277
    0.0000  -30.0000  -15.000013183.0850   15.2389
    7.5000  -30.0000  -15.000012503.3057   15.2183
   -7.5000  -22.5000  -15.000013734.4512   15.2280
    0.0000  -22.5000  -15.000014311.2783   15.2442
    7.5000  -22.5000  -15.000013571.2900   15.2266
   -7.5000  -15.0000  -15.000014704.5459   15.2262
    0.0000  -15.0000  -15.000015331.7793   15.2495
    7.5000  -15.0000  -15.000014533.5254   15.2364
   -7.5000   -7.5000  -15.000015600.6514   15.2223
    0.0000   -7.5000  -15.000016271.8574   15.2489
    7.5000   -7.5000  -15.000015457.6885   15.2381
   -7.5000    0.0000  -15.000016381.4062   15.2214
    0.0000    0.0000  -15.000017087.1426   15.2442
    7.5000    0.0000  -15.000016239.3711   15.2310
   -7.5000    7.5000  -15.000015735.3252   15.2246
    0.0000    7.5000  -15.000016415.5996   15.2392
    7.5000    7.5000  -15.000015612.0107   15.2206
   -7.5000   15.0000  -15.000015005.4082   15.2274
    0.0000   15.0000  -15.000015601.2842   15.2386
    7.5000   15.0000  -15.000014876.8418   15.2181
   -7.5000   22.5000  -15.000014083.1211   15.2226
    0.0000   22.5000  -15.000014598.4385   15.2388
    7.5000   22.5000  -15.000013979.5332   15.2212
   -7.5000   30.0000  -15.000012915.3008   15.0291
    0.0000   30.0000  -15.000013380.2217   15.0521
    7.5000   30.0000  -15.000012827.8369   15.0392
   -7.5000   37.5000  -15.000012271.8330   15.0253
    0.0000   37.5000  -15.000012687.2207   15.0515
    7.5000   37.5000  -15.000012151.4219   15.0409
   -7.5000   45.0000  -15.000011187.5088   14.6679
    0.0000   45.0000  -15.000011581.4111   14.6899
    7.5000   45.0000  -15.000011065.7793   14.6772
   -7.5000  -45.0000   -7.500011371.9404   15.5512
    0.0000  -45.0000   -7.500011880.4980   15.5757
    7.5000  -45.0000   -7.500011294.7900   15.5659
   -7.5000  -37.5000   -7.500012195.8086   15.4430
    0.0000  -37.5000   -7.500012736.5352   15.4612
    7.5000  -37.5000   -7.500012096.4814   15.4464
   -7.5000  -30.0000   -7.500013466.5859   15.4050
    0.0000  -30.0000   -7.500014094.8506   15.4226
    7.5000  -30.0000   -7.500013350.1445   15.4067
   -7.5000  -22.5000   -7.500014659.8223   15.4164
    0.0000  -22.5000   -7.500015353.1113   15.4394
    7.5000  -22.5000   -7.500014519.9678   15.4267
   -7.5000  -15.0000   -7.500015666.5908   15.4288
    0.0000  -15.0000   -7.500016434.1328   15.4568
    7.5000  -15.0000   -7.500015547.8125   15.4479
   -7.5000   -7.5000   -7.500016540.5312   15.4279
    0.0000   -7.5000   -7.500017375.5273   15.4566
    7.5000   -7.5000   -7.500016508.3105   15.4492
   -7.5000    0.0000   -7.500017369.5020   15.4174
    0.0000    0.0000   -7.500018253.0430   15.4417
    7.5000    0.0000   -7.500017373.7930   15.4319
   -7.5000    7.5000   -7.500016721.2480   15.4067
    0.0000    7.5000   -7.500017569.1406   15.4248
    7.5000    7.5000   -7.500016733.8691   15.4102
   -7.5000   15.0000   -7.500015919.1270   15.4048
    0.0000   15.0000   -7.500016651.0762   15.4223
    7.5000   15.0000   -7.500015889.2773   15.4064
   -7.5000   22.5000   -7.500014968.2744   15.4093
    0.0000   22.5000   -7.500015597.2520   15.4323
    7.5000   22.5000   -7.500014912.6064   15.4196
   -7.5000   30.0000   -7.500013765.1260   15.2287
    0.0000   30.0000   -7.500014323.1816   15.2564
    7.5000   30.0000   -7.500013697.5400   15.2476
   -7.5000   37.5000   -7.500013073.9570   15.2279
    0.0000   37.5000   -7.500013585.7295   15.2561
    7.5000   37.5000   -7.500012989.6035   15.2489
   -7.5000   45.0000   -7.500011908.4453   14.8596
    0.0000   45.0000   -7.500012382.1699   14.8830
    7.5000   45.0000   -7.500011839.9814   14.8735
   -7.5000  -45.0000    0.000011965.9531   15.6170
    0.0000  -45.0000    0.000012514.8975   15.6399
    7.5000  -45.0000    0.000011900.1367   15.6294
   -7.5000  -37.5000    0.000012814.2920   15.5000
    0.0000  -37.5000    0.000013393.0830   15.5163
    7.5000  -37.5000    0.000012704.3643   15.5021
   -7.5000  -30.0000    0.000014188.1104   15.4526
    0.0000  -30.0000    0.000014849.6406   15.4702
    7.5000  -30.0000    0.000014053.2090   15.4544
   -7.5000  -22.5000    0.000015554.6055   15.4624
    0.0000  -22.5000    0.000016315.5664   15.4881
    7.5000  -22.5000    0.000015385.9600   15.4738
   -7.5000  -15.0000    0.000016601.2266   15.4816
    0.0000  -15.0000    0.000017573.6367   15.5126
    7.5000  -15.0000    0.000016562.3223   15.5008
   -7.5000   -7.5000    0.000017433.2852   15.4903
    0.0000   -7.5000    0.000018476.7852   15.5196
    7.5000   -7.5000    0.000017597.7637   15.5099
   -7.5000    0.0000    0.000018276.3906   15.4822
    0.0000    0.0000    0.000019389.6348   15.5048
    7.5000    0.0000    0.000018502.7129   15.4944
   -7.5000    7.5000    0.000017593.1953   15.4634
    0.0000    7.5000    0.000018645.9492   15.4797
    7.5000    7.5000    0.000017764.0781   15.4656
   -7.5000   15.0000    0.000016739.0469   15.4523
    0.0000   15.0000    0.000017624.5977   15.4699
    7.5000   15.0000    0.000016761.1152   15.4541
   -7.5000   22.5000    0.000015739.6582   15.4553
    0.0000   22.5000    0.000016512.5410   15.4809
    7.5000   22.5000    0.000015717.2529   15.4667
   -7.5000   30.0000    0.000014546.0557   15.2813
    0.0000   30.0000    0.000015212.8965   15.3118
    7.5000   30.0000    0.000014464.0908   15.3002
   -7.5000   37.5000    0.000013851.5342   15.2899
    0.0000   37.5000    0.000014448.7021   15.3188
    7.5000   37.5000    0.000013734.1572   15.3091
   -7.5000   45.0000    0.000012633.2910   14.9232
    0.0000   45.0000    0.000013154.5078   14.9450
    7.5000   45.0000    0.000012522.6592   14.9349
   -7.5000  -45.0000    7.500011605.8691   15.6338
    0.0000  -45.0000    7.500012097.6816   15.6535
    7.5000  -45.0000    7.500011565.0508   15.6383
   -7.5000  -37.5000    7.500012410.9082   15.5237
    0.0000  -37.5000    7.500012914.4277   15.5344
    7.5000  -37.5000    7.500012317.4209   15.5160
   -7.5000  -30.0000    7.500013759.4004   15.4721
    0.0000  -30.0000    7.500014335.4580   15.4835
    7.5000  -30.0000    7.500013625.3740   15.4619
   -7.5000  -22.5000    7.500015214.9307   15.4687
    0.0000  -22.5000    7.500016023.9727   15.4900
    7.5000  -22.5000    7.500015050.2354   15.4678
   -7.5000  -15.0000    7.500016402.6895   15.4793
    0.0000  -15.0000    7.500017555.7910   15.5087
    7.5000  -15.0000    7.500016417.7812   15.4885
   -7.5000   -7.5000    7.500017213.9258   15.4942
    0.0000   -7.5000    7.500018470.2969   15.5222
    7.5000   -7.5000    7.500017484.0430   15.5058
   -7.5000    0.0000    7.500017928.8242   15.4987
    0.0000    0.0000    7.500019220.1367   15.5182
    7.5000    0.0000    7.500018285.3320   15.5031
   -7.5000    7.5000    7.500017225.1602   15.4870
    0.0000    7.5000    7.500018375.6680   15.4978
    7.5000    7.5000    7.500017445.0840   15.4795
   -7.5000   15.0000    7.500016349.8066   15.4718
    0.0000   15.0000    7.500017280.8516   15.4832
    7.5000   15.0000    7.500016346.3467   15.4616
   -7.5000   22.5000    7.500015412.0273   15.4615
    0.0000   22.5000    7.500016175.8984   15.4829
    7.5000   22.5000    7.500015308.9121   15.4606
   -7.5000   30.0000    7.500014252.7510   15.2790
    0.0000   30.0000    7.500014891.0107   15.3080
    7.5000   30.0000    7.500014096.2900   15.2880
   -7.5000   37.5000    7.500013544.3564   15.2936
    0.0000   37.5000    7.500014121.0820   15.3213
    7.5000   37.5000    7.500013390.0811   15.3051
   -7.5000   45.0000    7.500012369.0215   14.9391
    0.0000   45.0000    7.500012844.1279   14.9578
    7.5000   45.0000    7.500012202.0479   14.9433
   -7.5000  -45.0000   15.000011118.6709   15.6207
    0.0000  -45.0000   15.000011590.1465   15.6388
    7.5000  -45.0000   15.000011128.8936   15.6193
   -7.5000  -37.5000   15.000011873.7734   15.5254
    0.0000  -37.5000   15.000012362.2852   15.5323
    7.5000  -37.5000   15.000011856.7725   15.5090
   -7.5000  -30.0000   15.000013124.6543   15.4787
    0.0000  -30.0000   15.000013732.5684   15.4837
    7.5000  -30.0000   15.000013110.8984   15.4559
   -7.5000  -22.5000   15.000014551.6543   15.4637
    0.0000  -22.5000   15.000015427.1016   15.4784
    7.5000  -22.5000   15.000014444.5439   15.4492
   -7.5000  -15.0000   15.000015971.3750   15.4595
    0.0000  -15.0000   15.000016963.1934   15.4844
    7.5000  -15.0000   15.000015706.2900   15.4580
   -7.5000   -7.5000   15.000017016.5234   15.4713
    0.0000   -7.5000   15.000017939.7734   15.4975
    7.5000   -7.5000   15.000016684.7598   15.4763
   -7.5000    0.0000   15.000017713.2344   15.4858
    0.0000    0.0000   15.000018664.6523   15.5037
    7.5000    0.0000   15.000017492.9238   15.4845
   -7.5000    7.5000   15.000016811.8379   15.4888
    0.0000    7.5000   15.000017737.8105   15.4958
    7.5000    7.5000   15.000016704.4922   15.4726
   -7.5000   15.0000   15.000015740.6211   15.4784
    0.0000   15.0000   15.000016576.9570   15.4835
    7.5000   15.0000   15.000015644.3574   15.4556
   -7.5000   22.5000   15.000014727.8477   15.4566
    0.0000   22.5000   15.000015479.3398   15.4712
    7.5000   22.5000   15.000014625.2959   15.4421
   -7.5000   30.0000   15.000013598.7852   15.2594
    0.0000   30.0000   15.000014264.9648   15.2840
    7.5000   30.0000   15.000013480.3750   15.2579
   -7.5000   37.5000   15.000012994.6436   15.2711
    0.0000   37.5000   15.000013604.4883   15.2969
    7.5000   37.5000   15.000012867.5264   15.2760
   -7.5000   45.0000   15.000011896.2637   14.9267
    0.0000   45.0000   15.000012390.7900   14.9439
    7.5000   45.0000   15.000011750.3564   14.9254
   -7.5000  -45.0000   22.500010555.2715   15.6283
    0.0000  -45.0000   22.500010951.4951   15.6482
    7.5000  -45.0000   22.500010550.6670   15.6296
   -7.5000  -37.5000   22.500011273.9941   15.5399
    0.0000  -37.5000   22.500011701.6611   15.5489
    7.5000  -37.5000   22.500011243.1162   15.5252
   -7.5000  -30.0000   22.500012476.5430   15.5018
    0.0000  -30.0000   22.500013061.7617   15.5068
    7.5000  -30.0000   22.500012448.4707   15.4794
   -7.5000  -22.5000   22.500013777.6475   15.4890
    0.0000  -22.5000   22.500014571.9023   15.5012
    7.5000  -22.5000   22.500013647.8779   15.4743
   -7.5000  -15.0000   22.500014984.0293   15.4791
    0.0000  -15.0000   22.500015808.8350   15.5012
    7.5000  -15.0000   22.500014688.3027   15.4783
   -7.5000   -7.5000   22.500015976.1357   15.4819
    0.0000   -7.5000   22.500016728.1270   15.5074
    7.5000   -7.5000   22.500015577.8457   15.4891
   -7.5000    0.0000   22.500016753.5020   15.4935
    0.0000    0.0000   22.500017561.2168   15.5132
    7.5000    0.0000   22.500016422.6113   15.4947
   -7.5000    7.5000   22.500016036.1035   15.5032
    0.0000    7.5000   22.500016841.5547   15.5123
    7.5000    7.5000   22.500015804.7578   15.4887
   -7.5000   15.0000   22.500014992.1846   15.5015
    0.0000   15.0000   22.500015722.4072   15.5065
    7.5000   15.0000   22.500014846.0186   15.4791
   -7.5000   22.5000   22.500013996.5996   15.4819
    0.0000   22.5000   22.500014643.0625   15.4941
    7.5000   22.5000   22.500013882.3486   15.4671
   -7.5000   30.0000   22.500012914.4512   15.2788
    0.0000   30.0000   22.500013495.8682   15.3005
    7.5000   30.0000   22.500012799.6035   15.2780
   -7.5000   37.5000   22.500012332.6416   15.2815
    0.0000   37.5000   22.500012892.4619   15.3067
    7.5000   37.5000   22.500012227.2520   15.2886
   -7.5000   45.0000   22.500011273.6748   14.9341
    0.0000   45.0000   22.500011759.2021   14.9531
    7.5000   45.0000   22.500011150.2256   14.9352
   -7.5000  -45.0000   30.0000 9884.2148   15.7316
    0.0000  -45.0000   30.000010256.0156   15.7549
    7.5000  -45.0000   30.0000 9816.5547   15.7411
   -7.5000  -37.5000   30.000010527.1709   15.6355
    0.0000  -37.5000   30.000010958.9170   15.6501
    7.5000  -37.5000   30.000010483.1357   15.6306
   -7.5000  -30.0000   30.000011611.9648   15.6015
    0.0000  -30.0000   30.000012181.3135   15.6126
    7.5000  -30.0000   30.000011624.4023   15.5911
   -7.5000  -22.5000   30.000012726.6270   15.6021
    0.0000  -22.5000   30.000013408.6748   15.6182
    7.5000  -22.5000   30.000012696.1924   15.5999
   -7.5000  -15.0000   30.000013731.6816   15.6003
    0.0000  -15.0000   30.000014388.1680   15.6239
    7.5000  -15.0000   30.000013580.6904   15.6102
   -7.5000   -7.5000   30.000014584.1270   15.5963
    0.0000   -7.5000   30.000015243.8711   15.6232
    7.5000   -7.5000   30.000014387.3760   15.6119
   -7.5000    0.0000   30.000015353.9775   15.5951
    0.0000    0.0000   30.000016109.9756   15.6182
    7.5000    0.0000   30.000015233.8086   15.6044
   -7.5000    7.5000   30.000014783.9248   15.5983
    0.0000    7.5000   30.000015545.2295   15.6129
    7.5000    7.5000   30.000014740.7686   15.5935
   -7.5000   15.0000   30.000013903.6533   15.6012
    0.0000   15.0000   30.000014601.1406   15.6123
    7.5000   15.0000   30.000013870.2656   15.5909
   -7.5000   22.5000   30.000013002.0225   15.5949
    0.0000   22.5000   30.000013633.9463   15.6111
    7.5000   22.5000   30.000012959.8643   15.5927
   -7.5000   30.0000   30.000012015.6934   15.3984
    0.0000   30.0000   30.000012583.1816   15.4217
    7.5000   30.0000   30.000011966.4717   15.4081
   -7.5000   37.5000   30.000011480.2764   15.3944
    0.0000   37.5000   30.000011996.2705   15.4210
    7.5000   37.5000   30.000011405.8662   15.4099
   -7.5000   45.0000   30.000010495.9062   15.0320
    0.0000   45.0000   30.000010934.9277   15.0543
    7.5000   45.0000   30.000010401.3975   15.0410
   -7.5000  -45.0000   37.5000 9528.8535   16.0215
    0.0000  -45.0000   37.5000 9892.7480   16.0467
    7.5000  -45.0000   37.5000 9485.9492   16.0365
   -7.5000  -37.5000   37.500010142.3027   15.9064
    0.0000  -37.5000   37.500010565.3018   15.9250
    7.5000  -37.5000   37.500010151.4180   15.9094
   -7.5000  -30.0000   37.500011183.5273   15.8660
    0.0000  -30.0000   37.500011710.1113   15.8839
    7.5000  -30.0000   37.500011244.4990   15.8671
   -7.5000  -22.5000   37.500012213.7539   15.8785
    0.0000  -22.5000   37.500012795.3164   15.9021
    7.5000  -22.5000   37.500012239.5938   15.8888
   -7.5000  -15.0000   37.500013111.3809   15.8921
    0.0000  -15.0000   37.500013644.0156   15.9209
    7.5000  -15.0000   37.500013052.4834   15.9118
   -7.5000   -7.5000   37.500013922.5391   15.8913
    0.0000   -7.5000   37.500014472.5361   15.9208
    7.5000   -7.5000   37.500013865.9678   15.9133
   -7.5000    0.0000   37.500014729.6543   15.8799
    0.0000    0.0000   37.500015337.2451   15.9048
    7.5000    0.0000   37.500014700.9395   15.8945
   -7.5000    7.5000   37.500014251.6895   15.8679
    0.0000    7.5000   37.500014883.8740   15.8865
    7.5000    7.5000   37.500014260.1250   15.8710
   -7.5000   15.0000   37.500013429.5791   15.8657
    0.0000   15.0000   37.500014037.2227   15.8836
    7.5000   15.0000   37.500013457.7012   15.8668
   -7.5000   22.5000   37.500012543.1182   15.8711
    0.0000   22.5000   37.500013128.6602   15.8947
    7.5000   22.5000   37.500012566.4424   15.8814
   -7.5000   30.0000   37.500011602.9033   15.6864
    0.0000   30.0000   37.500012137.5049   15.7149
    7.5000   30.0000   37.500011595.5957   15.7058
   -7.5000   37.5000   37.500011073.1650   15.6857
    0.0000   37.5000   37.500011563.9795   15.7148
    7.5000   37.5000   37.500011026.9814   15.7073
   -7.5000   45.0000   37.500010092.7695   15.3064
    0.0000   45.0000   37.500010517.6387   15.3305
    7.5000   45.0000   37.500010031.4258   15.3206
   -7.5000  -45.0000   45.0000 8739.5166   16.3118
    0.0000  -45.0000   45.0000 9097.6328   16.3354
    7.5000  -45.0000   45.0000 8749.1533   16.3239
   -7.5000  -37.5000   45.0000 9311.0537   16.1832
    0.0000  -37.5000   45.0000 9715.9561   16.2001
    7.5000  -37.5000   45.0000 9341.9922   16.1844
   -7.5000  -30.0000   45.000010265.3037   16.1318
    0.0000  -30.0000   45.000010733.4414   16.1504
    7.5000  -30.0000   45.000010310.9033   16.1331
   -7.5000  -22.5000   45.000011185.3223   16.1436
    0.0000  -22.5000   45.000011669.3018   16.1708
    7.5000  -22.5000   45.000011181.2852   16.1553
   -7.5000  -15.0000   45.000011984.6562   16.1649
    0.0000  -15.0000   45.000012427.7617   16.1975
    7.5000  -15.0000   45.000011936.5020   16.1848
   -7.5000   -7.5000   45.000012722.1035   16.1736
    0.0000   -7.5000   45.000013215.7598   16.2041
    7.5000   -7.5000   45.000012690.1309   16.1936
   -7.5000    0.0000   45.000013471.0488   16.1638
    0.0000    0.0000   45.000014005.5381   16.1871
    7.5000    0.0000   45.000013444.4580   16.1757
   -7.5000    7.5000   45.000013063.2021   16.1430
    0.0000    7.5000   45.000013588.5166   16.1600
    7.5000    7.5000   45.000013066.3223   16.1444
   -7.5000   15.0000   45.000012350.9238   16.1315
    0.0000   15.0000   45.000012879.9512   16.1501
    7.5000   15.0000   45.000012353.1865   16.1328
   -7.5000   22.5000   45.000011534.1875   16.1361
    0.0000   22.5000   45.000012045.1787   16.1633
    7.5000   22.5000   45.000011538.1064   16.1479
   -7.5000   30.0000   45.000010682.6113   15.9543
    0.0000   30.0000   45.000011150.4072   15.9865
    7.5000   30.0000   45.000010675.5186   15.9740
   -7.5000   37.5000   45.000010170.6787   15.9629
    0.0000   37.5000   45.000010621.0068   15.9930
    7.5000   37.5000   45.000010147.1367   15.9826
   -7.5000   45.0000   45.0000 9276.2686   15.5871
    0.0000   45.0000   45.0000 9678.2021   15.6096
    7.5000   45.0000   45.0000 9232.7334   15.5986

---------------------------------------------------------------------
imgreg_4dfp /opt/freesurfer/average/711-2C_as_mni_average_305 /opt/freesurfer/average/711-2B_as_mni_average_305_mask talsrcimg_g11 none talsrcimg_to_711-2C_as_mni_average_305_t4 4355
---------------------------------------------------------------------

freesurfer imgreg_4dfp.c
/opt/freesurfer/average/711-2C_as_mni_average_305.4dfp.img
       256       256       256         1
  1.000000  1.000000  1.000000
orientation T byte_order littleendian
Reading image: /opt/freesurfer/average/711-2C_as_mni_average_305.4dfp.img
dimensions:      256       256       256
mmppix:       1.0000   -1.0000   -1.0000
center:     128.0000 -129.0000 -129.0000
/opt/freesurfer/average/711-2B_as_mni_average_305_mask.4dfp.img
       256       256       256         1
  1.000000  1.000000  1.000000
orientation T byte_order littleendian
Reading mask: /opt/freesurfer/average/711-2B_as_mni_average_305_mask.4dfp.img (2306576 pixels)
talsrcimg_g11.4dfp.img
       256       256       256         1
  1.000000  1.000000  1.000000
orientation T byte_order littleendian
Reading image: talsrcimg_g11.4dfp.img
dimensions:      256       256       256
mmppix:       1.0000   -1.0000   -1.0000
center:     128.0000 -129.0000 -129.0000
rotation matrix determinant  1.000000
image alignment mode   4355 decimal     1103 hex
   -7.5000  -45.0000  -45.0000 2231.4658   18.5874
    0.0000  -45.0000  -45.0000 2231.0264   18.6572
    7.5000  -45.0000  -45.0000 2215.6890   18.8132
   -7.5000  -37.5000  -45.0000 2312.9810   17.2434
    0.0000  -37.5000  -45.0000 2314.3945   17.2746
    7.5000  -37.5000  -45.0000 2299.7405   17.3941
   -7.5000  -30.0000  -45.0000 2357.6199   16.2644
    0.0000  -30.0000  -45.0000 2360.9819   16.2486
    7.5000  -30.0000  -45.0000 2348.8462   16.3770
   -7.5000  -22.5000  -45.0000 2389.1423   15.5840
    0.0000  -22.5000  -45.0000 2389.3892   15.5900
    7.5000  -22.5000  -45.0000 2372.9331   15.7384
   -7.5000  -15.0000  -45.0000 2399.4136   15.2036
    0.0000  -15.0000  -45.0000 2400.8145   15.1631
    7.5000  -15.0000  -45.0000 2383.7195   15.3120
   -7.5000   -7.5000  -45.0000 2404.9446   15.0268
    0.0000   -7.5000  -45.0000 2403.1624   14.9827
    7.5000   -7.5000  -45.0000 2380.7075   15.1183
   -7.5000    0.0000  -45.0000 2400.9297   15.0639
    0.0000    0.0000  -45.0000 2402.0938   15.0039
    7.5000    0.0000  -45.0000 2378.4758   15.1438
   -7.5000    7.5000  -45.0000 2385.6528   15.3779
    0.0000    7.5000  -45.0000 2385.2725   15.2885
    7.5000    7.5000  -45.0000 2360.4753   15.4300
   -7.5000   15.0000  -45.0000 2354.3801   15.9369
    0.0000   15.0000  -45.0000 2357.6421   15.8772
    7.5000   15.0000  -45.0000 2333.0884   15.9940
   -7.5000   22.5000  -45.0000 2301.0364   16.7961
    0.0000   22.5000  -45.0000 2306.3735   16.7589
    7.5000   22.5000  -45.0000 2284.4121   16.9115
   -7.5000   30.0000  -45.0000 2227.0227   17.9637
    0.0000   30.0000  -45.0000 2233.1243   17.9160
    7.5000   30.0000  -45.0000 2215.9534   18.1778
   -7.5000   37.5000  -45.0000 2140.2019   19.5487
    0.0000   37.5000  -45.0000 2144.8291   19.4705
    7.5000   37.5000  -45.0000 2126.1956   19.8088
   -7.5000   45.0000  -45.0000 2035.5305   21.6247
    0.0000   45.0000  -45.0000 2038.4404   21.5058
    7.5000   45.0000  -45.0000 2020.9735   21.8671
   -7.5000  -45.0000  -37.5000 2317.7024   17.4595
    0.0000  -45.0000  -37.5000 2313.2468   17.4903
    7.5000  -45.0000  -37.5000 2295.8145   17.5920
   -7.5000  -37.5000  -37.5000 2402.5222   16.1394
    0.0000  -37.5000  -37.5000 2403.5569   16.1752
    7.5000  -37.5000  -37.5000 2381.7766   16.2580
   -7.5000  -30.0000  -37.5000 2448.9766   15.1712
    0.0000  -30.0000  -37.5000 2450.6086   15.1692
    7.5000  -30.0000  -37.5000 2428.6985   15.2914
   -7.5000  -22.5000  -37.5000 2478.4783   14.5062
    0.0000  -22.5000  -37.5000 2476.7183   14.5008
    7.5000  -22.5000  -37.5000 2451.4929   14.6210
   -7.5000  -15.0000  -37.5000 2496.3123   14.0863
    0.0000  -15.0000  -37.5000 2492.9712   14.0220
    7.5000  -15.0000  -37.5000 2468.3965   14.1814
   -7.5000   -7.5000  -37.5000 2502.8738   13.9220
    0.0000   -7.5000  -37.5000 2498.7461   13.8640
    7.5000   -7.5000  -37.5000 2475.2898   14.0139
   -7.5000    0.0000  -37.5000 2502.5925   13.9647
    0.0000    0.0000  -37.5000 2499.2063   13.8913
    7.5000    0.0000  -37.5000 2475.1965   14.0562
   -7.5000    7.5000  -37.5000 2488.3489   14.2382
    0.0000    7.5000  -37.5000 2483.5557   14.1404
    7.5000    7.5000  -37.5000 2460.9871   14.3032
   -7.5000   15.0000  -37.5000 2458.0527   14.7602
    0.0000   15.0000  -37.5000 2459.4128   14.6861
    7.5000   15.0000  -37.5000 2432.1931   14.8406
   -7.5000   22.5000  -37.5000 2403.1179   15.5684
    0.0000   22.5000  -37.5000 2407.7390   15.5131
    7.5000   22.5000  -37.5000 2378.3564   15.6494
   -7.5000   30.0000  -37.5000 2325.8040   16.6911
    0.0000   30.0000  -37.5000 2330.6577   16.6228
    7.5000   30.0000  -37.5000 2305.1399   16.8045
   -7.5000   37.5000  -37.5000 2231.6077   18.1884
    0.0000   37.5000  -37.5000 2231.3704   18.1193
    7.5000   37.5000  -37.5000 2210.2161   18.3187
   -7.5000   45.0000  -37.5000 2121.6738   20.1123
    0.0000   45.0000  -37.5000 2124.1030   19.9840
    7.5000   45.0000  -37.5000 2104.4263   20.1906
   -7.5000  -45.0000  -30.0000 2435.4539   17.0199
    0.0000  -45.0000  -30.0000 2436.1450   17.0071
    7.5000  -45.0000  -30.0000 2412.9875   17.0981
   -7.5000  -37.5000  -30.0000 2525.5483   15.6557
    0.0000  -37.5000  -30.0000 2527.5742   15.6390
    7.5000  -37.5000  -30.0000 2502.6260   15.7171
   -7.5000  -30.0000  -30.0000 2576.9885   14.6561
    0.0000  -30.0000  -30.0000 2576.4324   14.6216
    7.5000  -30.0000  -30.0000 2553.2791   14.7334
   -7.5000  -22.5000  -30.0000 2613.5820   13.9643
    0.0000  -22.5000  -30.0000 2607.2029   13.8983
    7.5000  -22.5000  -30.0000 2582.6670   14.0336
   -7.5000  -15.0000  -30.0000 2637.6052   13.5042
    0.0000  -15.0000  -30.0000 2629.4773   13.4263
    7.5000  -15.0000  -30.0000 2604.8345   13.5642
   -7.5000   -7.5000  -30.0000 2647.4792   13.3453
    0.0000   -7.5000  -30.0000 2637.8523   13.2610
    7.5000   -7.5000  -30.0000 2616.9302   13.4449
   -7.5000    0.0000  -30.0000 2648.2854   13.3993
    0.0000    0.0000  -30.0000 2642.0173   13.3055
    7.5000    0.0000  -30.0000 2614.8667   13.4918
   -7.5000    7.5000  -30.0000 2636.0144   13.6827
    0.0000    7.5000  -30.0000 2632.9604   13.5900
    7.5000    7.5000  -30.0000 2603.9783   13.7321
   -7.5000   15.0000  -30.0000 2604.8240   14.1989
    0.0000   15.0000  -30.0000 2603.3103   14.1248
    7.5000   15.0000  -30.0000 2572.6023   14.2670
   -7.5000   22.5000  -30.0000 2545.5623   14.9507
    0.0000   22.5000  -30.0000 2548.1904   14.9057
    7.5000   22.5000  -30.0000 2514.7097   15.0242
   -7.5000   30.0000  -30.0000 2462.6875   15.9922
    0.0000   30.0000  -30.0000 2464.6458   15.9472
    7.5000   30.0000  -30.0000 2432.1660   16.0830
   -7.5000   37.5000  -30.0000 2354.0605   17.4354
    0.0000   37.5000  -30.0000 2358.1218   17.3592
    7.5000   37.5000  -30.0000 2328.2542   17.4830
   -7.5000   45.0000  -30.0000 2231.5874   19.2938
    0.0000   45.0000  -30.0000 2238.7729   19.1847
    7.5000   45.0000  -30.0000 2214.7842   19.3002
   -7.5000  -45.0000  -22.5000 2519.8374   16.3248
    0.0000  -45.0000  -22.5000 2520.7898   16.3252
    7.5000  -45.0000  -22.5000 2495.2773   16.4698
   -7.5000  -37.5000  -22.5000 2612.0291   14.9919
    0.0000  -37.5000  -22.5000 2610.6873   14.9409
    7.5000  -37.5000  -22.5000 2591.4954   15.0970
   -7.5000  -30.0000  -22.5000 2675.3743   14.0322
    0.0000  -30.0000  -22.5000 2672.4036   13.9495
    7.5000  -30.0000  -22.5000 2651.6165   14.0836
   -7.5000  -22.5000  -22.5000 2717.9583   13.3144
    0.0000  -22.5000  -22.5000 2709.8582   13.2166
    7.5000  -22.5000  -22.5000 2690.2183   13.3746
   -7.5000  -15.0000  -22.5000 2746.1660   12.8217
    0.0000  -15.0000  -22.5000 2738.2622   12.7393
    7.5000  -15.0000  -22.5000 2716.5417   12.9014
   -7.5000   -7.5000  -22.5000 2760.5972   12.6609
    0.0000   -7.5000  -22.5000 2751.9861   12.5944
    7.5000   -7.5000  -22.5000 2729.8625   12.7605
   -7.5000    0.0000  -22.5000 2765.8643   12.7289
    0.0000    0.0000  -22.5000 2763.4287   12.6280
    7.5000    0.0000  -22.5000 2738.7080   12.8114
   -7.5000    7.5000  -22.5000 2755.7761   13.0232
    0.0000    7.5000  -22.5000 2757.5879   12.9227
    7.5000    7.5000  -22.5000 2725.5933   13.0799
   -7.5000   15.0000  -22.5000 2721.4067   13.5238
    0.0000   15.0000  -22.5000 2723.6970   13.4280
    7.5000   15.0000  -22.5000 2690.5149   13.5944
   -7.5000   22.5000  -22.5000 2654.0044   14.2496
    0.0000   22.5000  -22.5000 2656.2996   14.1659
    7.5000   22.5000  -22.5000 2627.2664   14.3251
   -7.5000   30.0000  -22.5000 2566.1021   15.2579
    0.0000   30.0000  -22.5000 2569.1631   15.1577
    7.5000   30.0000  -22.5000 2539.4153   15.3143
   -7.5000   37.5000  -22.5000 2459.3289   16.5910
    0.0000   37.5000  -22.5000 2461.2656   16.4803
    7.5000   37.5000  -22.5000 2433.1917   16.6195
   -7.5000   45.0000  -22.5000 2322.0930   18.3355
    0.0000   45.0000  -22.5000 2328.0027   18.1872
    7.5000   45.0000  -22.5000 2304.7192   18.3420
   -7.5000  -45.0000  -15.0000 2562.2595   15.6604
    0.0000  -45.0000  -15.0000 2563.4841   15.7143
    7.5000  -45.0000  -15.0000 2539.0723   15.9069
   -7.5000  -37.5000  -15.0000 2661.3501   14.3419
    0.0000  -37.5000  -15.0000 2660.9839   14.3452
    7.5000  -37.5000  -15.0000 2641.5454   14.5391
   -7.5000  -30.0000  -15.0000 2731.3960   13.3576
    0.0000  -30.0000  -15.0000 2728.4231   13.3245
    7.5000  -30.0000  -15.0000 2708.6252   13.5130
   -7.5000  -22.5000  -15.0000 2782.7988   12.6890
    0.0000  -22.5000  -15.0000 2779.1511   12.6128
    7.5000  -22.5000  -15.0000 2760.4028   12.7969
   -7.5000  -15.0000  -15.0000 2818.6497   12.1746
    0.0000  -15.0000  -15.0000 2816.7871   12.1255
    7.5000  -15.0000  -15.0000 2791.4895   12.3257
   -7.5000   -7.5000  -15.0000 2835.8770   11.9828
    0.0000   -7.5000  -15.0000 2833.6023   11.9433
    7.5000   -7.5000  -15.0000 2810.6587   12.1354
   -7.5000    0.0000  -15.0000 2844.6145   12.0778
    0.0000    0.0000  -15.0000 2850.0352   12.0010
    7.5000    0.0000  -15.0000 2824.6821   12.2037
   -7.5000    7.5000  -15.0000 2837.0945   12.3945
    0.0000    7.5000  -15.0000 2846.8091   12.2961
    7.5000    7.5000  -15.0000 2816.3450   12.4789
   -7.5000   15.0000  -15.0000 2797.3752   12.8825
    0.0000   15.0000  -15.0000 2805.5571   12.7797
    7.5000   15.0000  -15.0000 2779.8481   12.9477
   -7.5000   22.5000  -15.0000 2732.6401   13.6004
    0.0000   22.5000  -15.0000 2734.2993   13.4999
    7.5000   22.5000  -15.0000 2713.5298   13.6730
   -7.5000   30.0000  -15.0000 2633.1257   14.5693
    0.0000   30.0000  -15.0000 2637.6670   14.4617
    7.5000   30.0000  -15.0000 2615.5264   14.6338
   -7.5000   37.5000  -15.0000 2521.4233   15.8500
    0.0000   37.5000  -15.0000 2526.9192   15.7261
    7.5000   37.5000  -15.0000 2505.0962   15.8912
   -7.5000   45.0000  -15.0000 2387.2178   17.5098
    0.0000   45.0000  -15.0000 2395.2566   17.3971
    7.5000   45.0000  -15.0000 2371.9199   17.5585
   -7.5000  -45.0000   -7.5000 2576.7539   15.1878
    0.0000  -45.0000   -7.5000 2581.3445   15.2914
    7.5000  -45.0000   -7.5000 2560.1992   15.4423
   -7.5000  -37.5000   -7.5000 2686.1516   13.8812
    0.0000  -37.5000   -7.5000 2689.0854   13.9425
    7.5000  -37.5000   -7.5000 2670.4438   14.1147
   -7.5000  -30.0000   -7.5000 2769.8979   12.8823
    0.0000  -30.0000   -7.5000 2772.7524   12.9048
    7.5000  -30.0000   -7.5000 2752.2166   13.0935
   -7.5000  -22.5000   -7.5000 2831.9797   12.1718
    0.0000  -22.5000   -7.5000 2836.2083   12.1802
    7.5000  -22.5000   -7.5000 2812.4709   12.3575
   -7.5000  -15.0000   -7.5000 2873.8931   11.6674
    0.0000  -15.0000   -7.5000 2877.0396   11.6636
    7.5000  -15.0000   -7.5000 2848.7437   11.9024
   -7.5000   -7.5000   -7.5000 2894.3645   11.3971
    0.0000   -7.5000   -7.5000 2897.7185   11.3849
    7.5000   -7.5000   -7.5000 2876.7175   11.6658
   -7.5000    0.0000   -7.5000 2904.9570   11.4900
    0.0000    0.0000   -7.5000 2912.7905   11.4420
    7.5000    0.0000   -7.5000 2891.5781   11.7066
   -7.5000    7.5000   -7.5000 2894.9614   11.8167
    0.0000    7.5000   -7.5000 2908.3608   11.7378
    7.5000    7.5000   -7.5000 2886.5884   11.9582
   -7.5000   15.0000   -7.5000 2852.7236   12.3241
    0.0000   15.0000   -7.5000 2863.2603   12.2360
    7.5000   15.0000   -7.5000 2847.5457   12.4408
   -7.5000   22.5000   -7.5000 2785.8611   13.0502
    0.0000   22.5000   -7.5000 2789.9309   12.9524
    7.5000   22.5000   -7.5000 2770.9050   13.1677
   -7.5000   30.0000   -7.5000 2686.9402   14.0222
    0.0000   30.0000   -7.5000 2694.1357   13.9188
    7.5000   30.0000   -7.5000 2672.5588   14.1233
   -7.5000   37.5000   -7.5000 2570.7524   15.2637
    0.0000   37.5000   -7.5000 2580.6248   15.1393
    7.5000   37.5000   -7.5000 2557.5251   15.3537
   -7.5000   45.0000   -7.5000 2432.0469   16.8644
    0.0000   45.0000   -7.5000 2445.2114   16.7649
    7.5000   45.0000   -7.5000 2422.9517   16.9336
   -7.5000  -45.0000    0.0000 2578.7397   14.9754
    0.0000  -45.0000    0.0000 2584.1323   15.0526
    7.5000  -45.0000    0.0000 2566.0503   15.2335
   -7.5000  -37.5000    0.0000 2691.3904   13.6588
    0.0000  -37.5000    0.0000 2693.4214   13.7064
    7.5000  -37.5000    0.0000 2674.4551   13.8621
   -7.5000  -30.0000    0.0000 2785.0393   12.6478
    0.0000  -30.0000    0.0000 2794.0400   12.6939
    7.5000  -30.0000    0.0000 2771.3958   12.8217
   -7.5000  -22.5000    0.0000 2863.6125   11.9211
    0.0000  -22.5000    0.0000 2872.6836   11.9578
    7.5000  -22.5000    0.0000 2848.5474   12.0942
   -7.5000  -15.0000    0.0000 2913.6987   11.3772
    0.0000  -15.0000    0.0000 2923.4758   11.4431
    7.5000  -15.0000    0.0000 2895.6409   11.6263
   -7.5000   -7.5000    0.0000 2937.7231   11.0255
    0.0000   -7.5000    0.0000 2947.6521   11.0745
    7.5000   -7.5000    0.0000 2926.0264   11.3859
   -7.5000    0.0000    0.0000 2945.6453   11.0798
    0.0000    0.0000    0.0000 2959.5662   11.0771
    7.5000    0.0000    0.0000 2939.5862   11.4069
   -7.5000    7.5000    0.0000 2930.3403   11.4095
    0.0000    7.5000    0.0000 2948.8589   11.3775
    7.5000    7.5000    0.0000 2925.5225   11.6434
   -7.5000   15.0000    0.0000 2891.4875   11.9202
    0.0000   15.0000    0.0000 2905.9209   11.8642
    7.5000   15.0000    0.0000 2882.9785   12.0923
   -7.5000   22.5000    0.0000 2820.3164   12.6665
    0.0000   22.5000    0.0000 2833.1638   12.6078
    7.5000   22.5000    0.0000 2812.3816   12.8006
   -7.5000   30.0000    0.0000 2719.0330   13.6489
    0.0000   30.0000    0.0000 2729.5872   13.5786
    7.5000   30.0000    0.0000 2709.5750   13.7805
   -7.5000   37.5000    0.0000 2608.9026   14.8846
    0.0000   37.5000    0.0000 2618.5371   14.8039
    7.5000   37.5000    0.0000 2594.5842   15.0353
   -7.5000   45.0000    0.0000 2472.1719   16.4361
    0.0000   45.0000    0.0000 2476.7952   16.3528
    7.5000   45.0000    0.0000 2456.1770   16.5652
   -7.5000  -45.0000    7.5000 2567.6965   14.9144
    0.0000  -45.0000    7.5000 2572.0322   14.8798
    7.5000  -45.0000    7.5000 2557.8259   15.0895
   -7.5000  -37.5000    7.5000 2681.6257   13.6070
    0.0000  -37.5000    7.5000 2682.4014   13.5561
    7.5000  -37.5000    7.5000 2665.8130   13.7347
   -7.5000  -30.0000    7.5000 2779.5713   12.5847
    0.0000  -30.0000    7.5000 2783.5535   12.5506
    7.5000  -30.0000    7.5000 2769.0007   12.6925
   -7.5000  -22.5000    7.5000 2876.0327   11.8592
    0.0000  -22.5000    7.5000 2882.5730   11.8556
    7.5000  -22.5000    7.5000 2866.7449   11.9880
   -7.5000  -15.0000    7.5000 2944.4634   11.3452
    0.0000  -15.0000    7.5000 2966.7312   11.4243
    7.5000  -15.0000    7.5000 2938.9065   11.5540
   -7.5000   -7.5000    7.5000 2976.7385   10.9576
    0.0000   -7.5000    7.5000 3006.7312   11.0912
    7.5000   -7.5000    7.5000 2976.4519   11.3017
   -7.5000    0.0000    7.5000 2971.4707   10.9140
    0.0000    0.0000    7.5000 3002.5054   10.9959
    7.5000    0.0000    7.5000 2979.2341   11.2646
   -7.5000    7.5000    7.5000 2949.1165   11.2373
    0.0000    7.5000    7.5000 2968.0942   11.2057
    7.5000    7.5000    7.5000 2946.9709   11.4383
   -7.5000   15.0000    7.5000 2903.7825   11.7621
    0.0000   15.0000    7.5000 2915.9099   11.6474
    7.5000   15.0000    7.5000 2895.2661   11.8585
   -7.5000   22.5000    7.5000 2839.3135   12.5134
    0.0000   22.5000    7.5000 2845.1277   12.3740
    7.5000   22.5000    7.5000 2826.9067   12.5818
   -7.5000   30.0000    7.5000 2740.4009   13.5122
    0.0000   30.0000    7.5000 2743.3577   13.3599
    7.5000   30.0000    7.5000 2727.1106   13.5631
   -7.5000   37.5000    7.5000 2624.7102   14.7260
    0.0000   37.5000    7.5000 2630.8474   14.5761
    7.5000   37.5000    7.5000 2613.1494   14.8106
   -7.5000   45.0000    7.5000 2486.7092   16.2535
    0.0000   45.0000    7.5000 2491.0186   16.1191
    7.5000   45.0000    7.5000 2476.2373   16.3383
   -7.5000  -45.0000   15.0000 2542.8711   15.0110
    0.0000  -45.0000   15.0000 2541.3972   14.8933
    7.5000  -45.0000   15.0000 2536.7263   15.1737
   -7.5000  -37.5000   15.0000 2656.8091   13.6615
    0.0000  -37.5000   15.0000 2657.6790   13.5750
    7.5000  -37.5000   15.0000 2651.5151   13.7934
   -7.5000  -30.0000   15.0000 2760.0415   12.6277
    0.0000  -30.0000   15.0000 2765.0510   12.5678
    7.5000  -30.0000   15.0000 2762.8914   12.7347
   -7.5000  -22.5000   15.0000 2867.8557   11.9390
    0.0000  -22.5000   15.0000 2877.0657   11.9372
    7.5000  -22.5000   15.0000 2866.4094   12.0196
   -7.5000  -15.0000   15.0000 2955.6123   11.5296
    0.0000  -15.0000   15.0000 2982.2473   11.5819
    7.5000  -15.0000   15.0000 2944.1816   11.5438
   -7.5000   -7.5000   15.0000 2998.2446   11.2040
    0.0000   -7.5000   15.0000 3033.6257   11.2069
    7.5000   -7.5000   15.0000 2983.5127   11.2501
   -7.5000    0.0000   15.0000 2984.6833   11.1546
    0.0000    0.0000   15.0000 3014.3689   11.0807
    7.5000    0.0000   15.0000 2985.0281   11.1939
   -7.5000    7.5000   15.0000 2945.5288   11.2911
    0.0000    7.5000   15.0000 2969.3330   11.2186
    7.5000    7.5000   15.0000 2949.2900   11.3798
   -7.5000   15.0000   15.0000 2891.8884   11.7247
    0.0000   15.0000   15.0000 2910.1785   11.6472
    7.5000   15.0000   15.0000 2894.4163   11.8240
   -7.5000   22.5000   15.0000 2826.5007   12.4320
    0.0000   22.5000   15.0000 2837.3125   12.3467
    7.5000   22.5000   15.0000 2822.8040   12.5298
   -7.5000   30.0000   15.0000 2733.6882   13.4290
    0.0000   30.0000   15.0000 2738.6733   13.3354
    7.5000   30.0000   15.0000 2723.9304   13.5038
   -7.5000   37.5000   15.0000 2623.8230   14.6885
    0.0000   37.5000   15.0000 2627.5964   14.5807
    7.5000   37.5000   15.0000 2613.0684   14.7687
   -7.5000   45.0000   15.0000 2486.6509   16.2226
    0.0000   45.0000   15.0000 2489.4661   16.1076
    7.5000   45.0000   15.0000 2478.7913   16.2739
   -7.5000  -45.0000   22.5000 2515.9880   15.4203
    0.0000  -45.0000   22.5000 2510.5078   15.1965
    7.5000  -45.0000   22.5000 2515.9609   15.4857
   -7.5000  -37.5000   22.5000 2632.6455   14.0847
    0.0000  -37.5000   22.5000 2627.4111   13.9328
    7.5000  -37.5000   22.5000 2631.8455   14.0999
   -7.5000  -30.0000   22.5000 2740.8347   13.0575
    0.0000  -30.0000   22.5000 2744.2302   12.9601
    7.5000  -30.0000   22.5000 2743.3960   13.0505
   -7.5000  -22.5000   22.5000 2848.6145   12.3115
    0.0000  -22.5000   22.5000 2855.2615   12.3146
    7.5000  -22.5000   22.5000 2841.8169   12.2862
   -7.5000  -15.0000   22.5000 2930.0898   11.7892
    0.0000  -15.0000   22.5000 2956.4636   11.8550
    7.5000  -15.0000   22.5000 2921.2295   11.7641
   -7.5000   -7.5000   22.5000 2977.3105   11.4789
    0.0000   -7.5000   22.5000 3007.2664   11.4353
    7.5000   -7.5000   22.5000 2961.3215   11.4244
   -7.5000    0.0000   22.5000 2967.5459   11.4411
    0.0000    0.0000   22.5000 2996.9150   11.3660
    7.5000    0.0000   22.5000 2965.0637   11.3939
   -7.5000    7.5000   22.5000 2934.6372   11.6810
    0.0000    7.5000   22.5000 2961.6721   11.6013
    7.5000    7.5000   22.5000 2936.4197   11.6551
   -7.5000   15.0000   22.5000 2875.0623   12.1415
    0.0000   15.0000   22.5000 2892.4307   12.0402
    7.5000   15.0000   22.5000 2879.7468   12.1349
   -7.5000   22.5000   22.5000 2799.8284   12.7624
    0.0000   22.5000   22.5000 2811.7437   12.6510
    7.5000   22.5000   22.5000 2806.3005   12.8253
   -7.5000   30.0000   22.5000 2706.4436   13.6456
    0.0000   30.0000   22.5000 2718.2285   13.5299
    7.5000   30.0000   22.5000 2711.0393   13.7278
   -7.5000   37.5000   22.5000 2602.8301   14.7921
    0.0000   37.5000   22.5000 2612.9175   14.6653
    7.5000   37.5000   22.5000 2602.9490   14.8860
   -7.5000   45.0000   22.5000 2465.6216   16.2892
    0.0000   45.0000   22.5000 2473.2300   16.1721
    7.5000   45.0000   22.5000 2463.5369   16.3485
   -7.5000  -45.0000   30.0000 2487.4106   16.0962
    0.0000  -45.0000   30.0000 2479.1892   15.8597
    7.5000  -45.0000   30.0000 2476.8823   16.0224
   -7.5000  -37.5000   30.0000 2600.0845   14.7043
    0.0000  -37.5000   30.0000 2597.7444   14.5119
    7.5000  -37.5000   30.0000 2594.8545   14.6196
   -7.5000  -30.0000   30.0000 2710.2551   13.6104
    0.0000  -30.0000   30.0000 2712.2930   13.4859
    7.5000  -30.0000   30.0000 2711.7466   13.5636
   -7.5000  -22.5000   30.0000 2812.0742   12.8116
    0.0000  -22.5000   30.0000 2817.3821   12.7667
    7.5000  -22.5000   30.0000 2810.4434   12.7766
   -7.5000  -15.0000   30.0000 2885.4583   12.2402
    0.0000  -15.0000   30.0000 2902.8562   12.1754
    7.5000  -15.0000   30.0000 2882.5076   12.2101
   -7.5000   -7.5000   30.0000 2929.8582   11.8905
    0.0000   -7.5000   30.0000 2947.8550   11.7621
    7.5000   -7.5000   30.0000 2922.2957   11.8256
   -7.5000    0.0000   30.0000 2922.8433   11.9019
    0.0000    0.0000   30.0000 2952.4624   11.7987
    7.5000    0.0000   30.0000 2927.5181   11.8660
   -7.5000    7.5000   30.0000 2893.9248   12.1511
    0.0000    7.5000   30.0000 2922.4343   12.0764
    7.5000    7.5000   30.0000 2905.4536   12.1346
   -7.5000   15.0000   30.0000 2833.5581   12.6412
    0.0000   15.0000   30.0000 2851.8452   12.5506
    7.5000   15.0000   30.0000 2842.7859   12.6225
   -7.5000   22.5000   30.0000 2762.9097   13.2984
    0.0000   22.5000   30.0000 2779.0029   13.1924
    7.5000   22.5000   30.0000 2769.4961   13.3121
   -7.5000   30.0000   30.0000 2670.0146   14.1744
    0.0000   30.0000   30.0000 2683.6123   14.0496
    7.5000   30.0000   30.0000 2675.2439   14.1902
   -7.5000   37.5000   30.0000 2566.3105   15.2526
    0.0000   37.5000   30.0000 2572.2371   15.1119
    7.5000   37.5000   30.0000 2564.0835   15.2762
   -7.5000   45.0000   30.0000 2433.8206   16.6866
    0.0000   45.0000   30.0000 2435.0955   16.5404
    7.5000   45.0000   30.0000 2429.4175   16.6957
   -7.5000  -45.0000   37.5000 2448.6360   16.9550
    0.0000  -45.0000   37.5000 2442.4597   16.6308
    7.5000  -45.0000   37.5000 2436.9316   16.7685
   -7.5000  -37.5000   37.5000 2565.9722   15.4768
    0.0000  -37.5000   37.5000 2562.4133   15.1952
    7.5000  -37.5000   37.5000 2560.0708   15.3312
   -7.5000  -30.0000   37.5000 2677.3779   14.3291
    0.0000  -30.0000   37.5000 2678.2969   14.1204
    7.5000  -30.0000   37.5000 2675.4409   14.2492
   -7.5000  -22.5000   37.5000 2762.8098   13.4868
    0.0000  -22.5000   37.5000 2773.6694   13.3095
    7.5000  -22.5000   37.5000 2767.7041   13.3949
   -7.5000  -15.0000   37.5000 2825.1194   12.8703
    0.0000  -15.0000   37.5000 2842.1863   12.6554
    7.5000  -15.0000   37.5000 2827.1123   12.7835
   -7.5000   -7.5000   37.5000 2870.7017   12.4832
    0.0000   -7.5000   37.5000 2881.6514   12.3033
    7.5000   -7.5000   37.5000 2867.4448   12.4328
   -7.5000    0.0000   37.5000 2869.6758   12.5218
    0.0000    0.0000   37.5000 2886.8384   12.3906
    7.5000    0.0000   37.5000 2871.2456   12.5009
   -7.5000    7.5000   37.5000 2842.3193   12.7874
    0.0000    7.5000   37.5000 2862.8428   12.6680
    7.5000    7.5000   37.5000 2851.0728   12.7547
   -7.5000   15.0000   37.5000 2781.7285   13.2659
    0.0000   15.0000   37.5000 2798.1079   13.1419
    7.5000   15.0000   37.5000 2793.2473   13.2502
   -7.5000   22.5000   37.5000 2711.8257   13.9381
    0.0000   22.5000   37.5000 2727.2839   13.8091
    7.5000   22.5000   37.5000 2720.8022   13.9458
   -7.5000   30.0000   37.5000 2620.5999   14.8192
    0.0000   30.0000   37.5000 2633.8276   14.7000
    7.5000   30.0000   37.5000 2627.2324   14.8416
   -7.5000   37.5000   37.5000 2517.1411   15.9214
    0.0000   37.5000   37.5000 2521.4714   15.7920
    7.5000   37.5000   37.5000 2516.6414   15.8955
   -7.5000   45.0000   37.5000 2378.8804   17.3093
    0.0000   45.0000   37.5000 2384.3928   17.1719
    7.5000   45.0000   37.5000 2378.6611   17.3001
   -7.5000  -45.0000   45.0000 2398.9900   17.9029
    0.0000  -45.0000   45.0000 2401.2351   17.5333
    7.5000  -45.0000   45.0000 2393.7869   17.7493
   -7.5000  -37.5000   45.0000 2516.7175   16.3428
    0.0000  -37.5000   45.0000 2517.2502   16.0528
    7.5000  -37.5000   45.0000 2513.9136   16.2249
   -7.5000  -30.0000   45.0000 2620.2522   15.1581
    0.0000  -30.0000   45.0000 2625.9792   14.9229
    7.5000  -30.0000   45.0000 2620.0720   15.0451
   -7.5000  -22.5000   45.0000 2698.9375   14.2750
    0.0000  -22.5000   45.0000 2714.1577   14.0077
    7.5000  -22.5000   45.0000 2705.1555   14.1448
   -7.5000  -15.0000   45.0000 2757.9226   13.6305
    0.0000  -15.0000   45.0000 2772.6543   13.3531
    7.5000  -15.0000   45.0000 2758.0361   13.4975
   -7.5000   -7.5000   45.0000 2797.4778   13.2435
    0.0000   -7.5000   45.0000 2806.7776   13.0594
    7.5000   -7.5000   45.0000 2794.8066   13.1966
   -7.5000    0.0000   45.0000 2797.6013   13.2951
    0.0000    0.0000   45.0000 2813.0095   13.1385
    7.5000    0.0000   45.0000 2802.1042   13.2179
   -7.5000    7.5000   45.0000 2771.7285   13.5651
    0.0000    7.5000   45.0000 2782.9424   13.4076
    7.5000    7.5000   45.0000 2780.9641   13.4923
   -7.5000   15.0000   45.0000 2719.0532   14.0302
    0.0000   15.0000   45.0000 2735.0312   13.8621
    7.5000   15.0000   45.0000 2726.1079   13.9947
   -7.5000   22.5000   45.0000 2650.1816   14.6826
    0.0000   22.5000   45.0000 2664.9561   14.5327
    7.5000   22.5000   45.0000 2656.8845   14.6968
   -7.5000   30.0000   45.0000 2559.5710   15.5586
    0.0000   30.0000   45.0000 2571.6096   15.4168
    7.5000   30.0000   45.0000 2565.9600   15.5846
   -7.5000   37.5000   45.0000 2449.4534   16.7177
    0.0000   37.5000   45.0000 2459.9563   16.5897
    7.5000   37.5000   45.0000 2452.1892   16.6734
   -7.5000   45.0000   45.0000 2318.7290   18.1300
    0.0000   45.0000   45.0000 2326.4358   18.0142
    7.5000   45.0000   45.0000 2321.0664   18.1097

---------------------------------------------------------------------
imgreg_4dfp /opt/freesurfer/average/711-2C_as_mni_average_305 /opt/freesurfer/average/711-2B_as_mni_average_305_mask talsrcimg_g11 none talsrcimg_to_711-2C_as_mni_average_305_t4 1283
---------------------------------------------------------------------

freesurfer imgreg_4dfp.c
/opt/freesurfer/average/711-2C_as_mni_average_305.4dfp.img
       256       256       256         1
  1.000000  1.000000  1.000000
orientation T byte_order littleendian
Reading image: /opt/freesurfer/average/711-2C_as_mni_average_305.4dfp.img
dimensions:      256       256       256
mmppix:       1.0000   -1.0000   -1.0000
center:     128.0000 -129.0000 -129.0000
/opt/freesurfer/average/711-2B_as_mni_average_305_mask.4dfp.img
       256       256       256         1
  1.000000  1.000000  1.000000
orientation T byte_order littleendian
Reading mask: /opt/freesurfer/average/711-2B_as_mni_average_305_mask.4dfp.img (2306576 pixels)
talsrcimg_g11.4dfp.img
       256       256       256         1
  1.000000  1.000000  1.000000
orientation T byte_order littleendian
Reading image: talsrcimg_g11.4dfp.img
dimensions:      256       256       256
mmppix:       1.0000   -1.0000   -1.0000
center:     128.0000 -129.0000 -129.0000
rotation matrix determinant  1.000000
fimgreg.f
image alignment mode   1283 decimal      503 hex
parameters
    0.0000   -7.5000   15.0000    0.0000    0.0000    0.0000
eta,q 0.95200 11.26591
niter,ni,del,rscale     5    3   12.0000    1.2000
parameter  4 12.551444 ->  0.500000 qaram    1.1500
parameter  5  0.774682 ->  0.500000 qaram    1.1500
parameters
   -1.0057   -6.4681   13.2446   -3.4500   -3.4500    2.3408
eta,q 0.95983 11.14686
  0.0593  0.0570  0.0510  0.0450  0.0431  0.0487
  0.0517  0.0504  0.0505  0.0452  0.0415  0.0462
  0.0483  0.0475  0.0497  0.0470  0.0425  0.0438
  0.0503  0.0488  0.0496  0.0494  0.0455  0.0415
  0.0544  0.0497  0.0503  0.0510  0.0497  0.0402
  0.0596  0.0495  0.0532  0.0516  0.0550  0.0407
  0.0639  0.0509  0.0571  0.0536  0.0593  0.0430
niter,ni,del,rscale     6    3   12.0000    1.2000
parameters
   -0.0854   -4.0873   13.3282   -5.6198   -4.5339    2.0711
eta,q 0.96338 11.11072
  0.0622  0.0555  0.0484  0.0415  0.0463  0.0439
  0.0542  0.0478  0.0434  0.0376  0.0407  0.0410
  0.0458  0.0426  0.0395  0.0369  0.0371  0.0381
  0.0402  0.0398  0.0382  0.0383  0.0369  0.0366
  0.0411  0.0384  0.0398  0.0413  0.0404  0.0378
  0.0461  0.0385  0.0430  0.0445  0.0466  0.0414
  0.0532  0.0414  0.0477  0.0487  0.0540  0.0460
niter,ni,del,rscale     5    3   12.0000    1.2000
parameters
    0.1337   -3.8919   13.3805   -5.4721   -4.8057    2.0676
eta,q 0.96331 11.11407
  0.0570  0.0494  0.0469  0.0464  0.0486  0.0443
  0.0485  0.0420  0.0417  0.0411  0.0430  0.0417
  0.0404  0.0379  0.0377  0.0373  0.0381  0.0386
  0.0366  0.0366  0.0367  0.0367  0.0367  0.0367
  0.0393  0.0378  0.0381  0.0380  0.0388  0.0374
  0.0465  0.0413  0.0414  0.0414  0.0440  0.0408
  0.0545  0.0475  0.0464  0.0448  0.0508  0.0454
niter,ni,del,rscale     4    3   12.0000    1.2000
parameters
    0.1710   -3.8968   13.4242   -5.4748   -4.8561    2.0635
eta,q 0.96329 11.11522
  0.0557  0.0483  0.0471  0.0461  0.0492  0.0443
  0.0476  0.0414  0.0418  0.0409  0.0436  0.0417
  0.0399  0.0378  0.0376  0.0372  0.0385  0.0386
  0.0367  0.0367  0.0367  0.0367  0.0367  0.0367
  0.0398  0.0380  0.0382  0.0382  0.0384  0.0374
  0.0473  0.0416  0.0416  0.0418  0.0434  0.0408
  0.0552  0.0482  0.0466  0.0452  0.0500  0.0454
registration optimization eta report
parameter search radius
    6.0000    6.0000    6.0000    6.9000    6.9000    6.0000
100000*second partial in parameter space
       50.       32.       28.       19.       27.       22.
  0.0557  0.0483  0.0471  0.0461  0.0492  0.0443
  0.0476  0.0414  0.0418  0.0409  0.0436  0.0417
  0.0399  0.0378  0.0376  0.0372  0.0385  0.0386
  0.0367  0.0367  0.0367  0.0367  0.0367  0.0367
  0.0398  0.0380  0.0382  0.0382  0.0384  0.0374
  0.0473  0.0416  0.0416  0.0418  0.0434  0.0408
  0.0552  0.0482  0.0466  0.0452  0.0500  0.0454
    0.1710   -3.8968   13.4242   -5.4748   -4.8561    2.0635
eta,q 0.96329 11.11522

---------------------------------------------------------------------
imgreg_4dfp /opt/freesurfer/average/711-2C_as_mni_average_305 /opt/freesurfer/average/711-2B_as_mni_average_305_mask talsrcimg_g11 none talsrcimg_to_711-2C_as_mni_average_305_t4 3335
---------------------------------------------------------------------

freesurfer imgreg_4dfp.c
/opt/freesurfer/average/711-2C_as_mni_average_305.4dfp.img
       256       256       256         1
  1.000000  1.000000  1.000000
orientation T byte_order littleendian
Reading image: /opt/freesurfer/average/711-2C_as_mni_average_305.4dfp.img
dimensions:      256       256       256
mmppix:       1.0000   -1.0000   -1.0000
center:     128.0000 -129.0000 -129.0000
/opt/freesurfer/average/711-2B_as_mni_average_305_mask.4dfp.img
       256       256       256         1
  1.000000  1.000000  1.000000
orientation T byte_order littleendian
Reading mask: /opt/freesurfer/average/711-2B_as_mni_average_305_mask.4dfp.img (2306576 pixels)
talsrcimg_g11.4dfp.img
       256       256       256         1
  1.000000  1.000000  1.000000
orientation T byte_order littleendian
Reading image: talsrcimg_g11.4dfp.img
dimensions:      256       256       256
mmppix:       1.0000   -1.0000   -1.0000
center:     128.0000 -129.0000 -129.0000
fimgreg.f
image alignment mode   3335 decimal      D07 hex
parameters
    0.1710   -3.8968   13.4242   -0.4236   -0.5498   -0.8135
   -4.3915    8.0778    3.5878    9.8381   -8.4654   -9.5066
eta,q 0.96337 11.21108
niter,ni,del,rscale     5    3    5.0000    1.2000
parameter  4  1.038173 ->  0.500000 qaram    1.1500
parameter  5  7.545033 ->  0.500000 qaram    1.1500
parameter  6  0.612712 ->  0.500000 qaram    1.1500
parameters
    0.2191   -3.9520   13.0245   -4.5636   -4.6898   -4.9535
   -4.2306    9.2305    4.7472    9.9976   -5.2457   -7.3017
eta,q 0.97478 11.22090
  0.0404  0.0386  0.0380  0.0327  0.0246  0.0269  0.0291  0.0334  0.0289  0.0301  0.0292  0.0277
  0.0384  0.0376  0.0370  0.0332  0.0271  0.0261  0.0274  0.0300  0.0275  0.0281  0.0276  0.0268
  0.0371  0.0369  0.0366  0.0344  0.0301  0.0261  0.0264  0.0273  0.0265  0.0265  0.0265  0.0260
  0.0366  0.0366  0.0366  0.0366  0.0335  0.0279  0.0260  0.0260  0.0259  0.0258  0.0258  0.0255
  0.0370  0.0369  0.0371  0.0399  0.0374  0.0313  0.0263  0.0260  0.0259  0.0261  0.0255  0.0252
  0.0382  0.0376  0.0380  0.0441  0.0409  0.0364  0.0273  0.0274  0.0265  0.0276  0.0255  0.0254
  0.0401  0.0389  0.0392  0.0482  0.0439  0.0411  0.0288  0.0300  0.0275  0.0300  0.0259  0.0261
niter,ni,del,rscale     7    3    5.0000    1.2000
parameter  5  0.796891 ->  0.500000 qaram    1.3225
parameters
    0.7205   -4.5133   12.0590   -6.3920   -9.4508   -5.1813
   -4.3598    8.9280    4.8256    9.2337   -4.0313   -8.2615
eta,q 0.97817 11.09392
  0.0300  0.0268  0.0253  0.0267  0.0223  0.0271  0.0252  0.0269  0.0244  0.0254  0.0237  0.0232
  0.0277  0.0255  0.0246  0.0256  0.0218  0.0252  0.0235  0.0240  0.0231  0.0233  0.0227  0.0223
  0.0261  0.0249  0.0245  0.0249  0.0225  0.0235  0.0224  0.0223  0.0223  0.0221  0.0221  0.0219
  0.0252  0.0251  0.0248  0.0245  0.0247  0.0219  0.0220  0.0220  0.0220  0.0220  0.0219  0.0219
  0.0251  0.0260  0.0256  0.0251  0.0280  0.0214  0.0224  0.0228  0.0222  0.0229  0.0219  0.0223
  0.0258  0.0275  0.0268  0.0276  0.0322  0.0240  0.0236  0.0247  0.0230  0.0246  0.0222  0.0230
  0.0272  0.0294  0.0283  0.0320  0.0363  0.0297  0.0254  0.0277  0.0243  0.0270  0.0227  0.0240
niter,ni,del,rscale     7    3    5.0000    1.2000
parameters
    0.7820   -4.2888   11.7158   -5.2375  -11.4344   -5.2800
   -4.5533    8.8255    4.6910    9.4228   -3.3306   -9.2241
eta,q 0.97866 11.07020
  0.0252  0.0256  0.0230  0.0257  0.0252  0.0264  0.0246  0.0269  0.0237  0.0253  0.0231  0.0226
  0.0234  0.0237  0.0222  0.0241  0.0231  0.0246  0.0229  0.0238  0.0224  0.0231  0.0221  0.0217
  0.0223  0.0224  0.0218  0.0228  0.0216  0.0230  0.0218  0.0219  0.0216  0.0218  0.0216  0.0214
  0.0218  0.0218  0.0218  0.0218  0.0214  0.0213  0.0214  0.0214  0.0214  0.0214  0.0214  0.0214
  0.0221  0.0220  0.0222  0.0212  0.0232  0.0206  0.0219  0.0221  0.0217  0.0218  0.0215  0.0217
  0.0232  0.0229  0.0229  0.0219  0.0265  0.0230  0.0231  0.0240  0.0225  0.0229  0.0218  0.0224
  0.0249  0.0244  0.0239  0.0246  0.0308  0.0288  0.0250  0.0272  0.0239  0.0249  0.0224  0.0233
niter,ni,del,rscale     6    3    5.0000    1.2000
parameters
    0.8091   -4.0597   11.7334   -4.7938  -11.9731   -5.2746
   -4.6489    8.7210    4.4978    9.7884   -3.1015   -9.6350
eta,q 0.97877 11.06935
  0.0248  0.0249  0.0230  0.0252  0.0263  0.0263  0.0246  0.0268  0.0235  0.0251  0.0228  0.0227
  0.0229  0.0230  0.0220  0.0237  0.0240  0.0245  0.0228  0.0237  0.0223  0.0229  0.0219  0.0218
  0.0218  0.0218  0.0214  0.0224  0.0221  0.0228  0.0217  0.0218  0.0215  0.0217  0.0214  0.0213
  0.0213  0.0213  0.0213  0.0213  0.0212  0.0212  0.0212  0.0213  0.0212  0.0213  0.0212  0.0212
  0.0217  0.0215  0.0215  0.0209  0.0219  0.0204  0.0217  0.0219  0.0216  0.0215  0.0214  0.0215
  0.0228  0.0223  0.0220  0.0221  0.0245  0.0226  0.0229  0.0239  0.0224  0.0225  0.0218  0.0221
  0.0246  0.0237  0.0229  0.0254  0.0281  0.0284  0.0248  0.0271  0.0238  0.0243  0.0225  0.0230
niter,ni,del,rscale     5    3    5.0000    1.2000
parameters
    0.8229   -3.9373   11.7296   -4.6814  -12.1428   -5.2875
   -4.6619    8.6784    4.3857    9.9895   -2.9909   -9.8050
eta,q 0.97877 11.06739
  0.0247  0.0244  0.0229  0.0251  0.0265  0.0263  0.0246  0.0268  0.0235  0.0248  0.0227  0.0228
  0.0228  0.0227  0.0219  0.0236  0.0243  0.0245  0.0229  0.0238  0.0223  0.0227  0.0218  0.0218
  0.0217  0.0216  0.0213  0.0223  0.0223  0.0228  0.0217  0.0219  0.0215  0.0216  0.0214  0.0213
  0.0212  0.0212  0.0212  0.0212  0.0212  0.0212  0.0212  0.0212  0.0212  0.0212  0.0212  0.0212
  0.0216  0.0215  0.0215  0.0210  0.0217  0.0204  0.0217  0.0219  0.0215  0.0215  0.0214  0.0215
  0.0228  0.0223  0.0220  0.0224  0.0240  0.0226  0.0229  0.0238  0.0223  0.0226  0.0219  0.0220
  0.0246  0.0237  0.0228  0.0259  0.0275  0.0284  0.0247  0.0270  0.0237  0.0243  0.0226  0.0228
niter,ni,del,rscale     4    3    5.0000    1.2000
parameters
    0.8284   -3.8794   11.7087   -4.6466  -12.2108   -5.3127
   -4.6643    8.6592    4.3222   10.0902   -2.9316   -9.8790
eta,q 0.97876 11.06555
  0.0247  0.0242  0.0229  0.0251  0.0266  0.0263  0.0247  0.0269  0.0236  0.0247  0.0227  0.0228
  0.0228  0.0225  0.0219  0.0235  0.0243  0.0245  0.0229  0.0238  0.0223  0.0226  0.0218  0.0219
  0.0216  0.0215  0.0213  0.0223  0.0223  0.0228  0.0217  0.0219  0.0215  0.0215  0.0214  0.0213
  0.0212  0.0212  0.0212  0.0212  0.0212  0.0212  0.0212  0.0212  0.0212  0.0212  0.0212  0.0213
  0.0216  0.0215  0.0215  0.0210  0.0216  0.0204  0.0217  0.0219  0.0215  0.0216  0.0214  0.0215
  0.0228  0.0224  0.0220  0.0225  0.0239  0.0226  0.0229  0.0238  0.0223  0.0226  0.0219  0.0220
  0.0246  0.0238  0.0228  0.0261  0.0274  0.0285  0.0247  0.0270  0.0237  0.0244  0.0226  0.0228
niter,ni,del,rscale     3    3    5.0000    1.2000
parameters
    0.8319   -3.8495   11.6938   -4.6289  -12.2425   -5.3297
   -4.6622    8.6494    4.2900   10.1385   -2.8819   -9.9141
eta,q 0.97874 11.06434
  0.0247  0.0241  0.0229  0.0251  0.0266  0.0263  0.0247  0.0269  0.0236  0.0246  0.0227  0.0228
  0.0228  0.0225  0.0219  0.0236  0.0244  0.0245  0.0229  0.0238  0.0223  0.0226  0.0218  0.0219
  0.0216  0.0215  0.0213  0.0223  0.0224  0.0228  0.0217  0.0219  0.0215  0.0215  0.0214  0.0214
  0.0212  0.0212  0.0212  0.0212  0.0212  0.0212  0.0213  0.0213  0.0213  0.0213  0.0213  0.0213
  0.0216  0.0216  0.0215  0.0210  0.0216  0.0204  0.0217  0.0219  0.0215  0.0216  0.0214  0.0215
  0.0228  0.0224  0.0220  0.0225  0.0238  0.0226  0.0229  0.0238  0.0223  0.0226  0.0219  0.0220
  0.0247  0.0239  0.0228  0.0261  0.0273  0.0285  0.0247  0.0270  0.0236  0.0244  0.0226  0.0228
niter,ni,del,rscale     2    3    5.0000    1.2000
parameters
    0.8336   -3.8347   11.6839   -4.6163  -12.2555   -5.3402
   -4.6593    8.6418    4.2677   10.1653   -2.8624   -9.9312
eta,q 0.97874 11.06397
  0.0247  0.0240  0.0229  0.0251  0.0266  0.0263  0.0247  0.0269  0.0236  0.0246  0.0227  0.0229
  0.0228  0.0225  0.0219  0.0236  0.0244  0.0245  0.0229  0.0238  0.0223  0.0226  0.0218  0.0219
  0.0217  0.0215  0.0214  0.0223  0.0224  0.0229  0.0217  0.0219  0.0215  0.0215  0.0214  0.0214
  0.0213  0.0213  0.0213  0.0213  0.0212  0.0213  0.0213  0.0213  0.0213  0.0213  0.0213  0.0213
  0.0216  0.0216  0.0215  0.0211  0.0216  0.0204  0.0217  0.0219  0.0215  0.0216  0.0214  0.0215
  0.0228  0.0225  0.0220  0.0225  0.0238  0.0226  0.0229  0.0238  0.0223  0.0226  0.0219  0.0220
  0.0247  0.0239  0.0228  0.0261  0.0273  0.0285  0.0247  0.0270  0.0236  0.0244  0.0226  0.0228
registration optimization eta report
parameter search radius
    2.4000    2.4000    2.4000    8.2800    9.5220    8.2800
    7.2000    7.2000    7.2000    7.2000    7.2000    7.2000
100000*second partial in parameter space
       59.       47.       28.        6.        6.        9.
        7.       11.        5.        6.        3.        3.
  0.0247  0.0240  0.0229  0.0251  0.0266  0.0263  0.0247  0.0269  0.0236  0.0246  0.0227  0.0229
  0.0228  0.0225  0.0219  0.0236  0.0244  0.0245  0.0229  0.0238  0.0223  0.0226  0.0218  0.0219
  0.0217  0.0215  0.0214  0.0223  0.0224  0.0229  0.0217  0.0219  0.0215  0.0215  0.0214  0.0214
  0.0213  0.0213  0.0213  0.0213  0.0212  0.0213  0.0213  0.0213  0.0213  0.0213  0.0213  0.0213
  0.0216  0.0216  0.0215  0.0211  0.0216  0.0204  0.0217  0.0219  0.0215  0.0216  0.0214  0.0215
  0.0228  0.0225  0.0220  0.0225  0.0238  0.0226  0.0229  0.0238  0.0223  0.0226  0.0219  0.0220
  0.0247  0.0239  0.0228  0.0261  0.0273  0.0285  0.0247  0.0270  0.0236  0.0244  0.0226  0.0228
    0.8336   -3.8347   11.6839   -4.6163  -12.2555   -5.3402
   -4.6593    8.6418    4.2677   10.1653   -2.8624   -9.9312
eta,q 0.97874 11.06397

---------------------------------------------------------------------
imgreg_4dfp /opt/freesurfer/average/711-2C_as_mni_average_305 /opt/freesurfer/average/711-2B_as_mni_average_305_mask talsrcimg_g11 none talsrcimg_to_711-2C_as_mni_average_305_t4 2311
---------------------------------------------------------------------

freesurfer imgreg_4dfp.c
/opt/freesurfer/average/711-2C_as_mni_average_305.4dfp.img
       256       256       256         1
  1.000000  1.000000  1.000000
orientation T byte_order littleendian
Reading image: /opt/freesurfer/average/711-2C_as_mni_average_305.4dfp.img
dimensions:      256       256       256
mmppix:       1.0000   -1.0000   -1.0000
center:     128.0000 -129.0000 -129.0000
/opt/freesurfer/average/711-2B_as_mni_average_305_mask.4dfp.img
       256       256       256         1
  1.000000  1.000000  1.000000
orientation T byte_order littleendian
Reading mask: /opt/freesurfer/average/711-2B_as_mni_average_305_mask.4dfp.img (2306576 pixels)
talsrcimg_g11.4dfp.img
       256       256       256         1
  1.000000  1.000000  1.000000
orientation T byte_order littleendian
Reading image: talsrcimg_g11.4dfp.img
dimensions:      256       256       256
mmppix:       1.0000   -1.0000   -1.0000
center:     128.0000 -129.0000 -129.0000
fimgreg.f
image alignment mode   2311 decimal      907 hex
parameters
    0.8336   -3.8347   11.6839   -4.6163  -12.2555   -5.3402
   -4.6593    8.6418    4.2677   10.1653   -2.8624   -9.9312
eta,q 0.97874 11.06397
niter,ni,del,rscale     5    3    5.0000    0.8000
parameters
    0.8379   -3.8530   11.5943   -3.2658  -11.8393   -4.1754
   -4.7747    8.7449    4.1475   10.1803   -2.5424   -9.9778
eta,q 0.97952 11.12156
  0.0228  0.0225  0.0219  0.0232  0.0230  0.0237  0.0222  0.0242  0.0216  0.0224  0.0216  0.0214
  0.0220  0.0218  0.0215  0.0225  0.0220  0.0228  0.0212  0.0223  0.0210  0.0213  0.0210  0.0209
  0.0214  0.0214  0.0213  0.0218  0.0214  0.0218  0.0207  0.0210  0.0206  0.0207  0.0206  0.0206
  0.0213  0.0213  0.0213  0.0213  0.0210  0.0210  0.0205  0.0205  0.0205  0.0205  0.0205  0.0205
  0.0214  0.0214  0.0214  0.0210  0.0210  0.0204  0.0207  0.0209  0.0207  0.0207  0.0206  0.0206
  0.0219  0.0218  0.0216  0.0212  0.0215  0.0208  0.0213  0.0220  0.0210  0.0213  0.0209  0.0209
  0.0228  0.0225  0.0220  0.0220  0.0225  0.0223  0.0223  0.0239  0.0217  0.0223  0.0214  0.0214
niter,ni,del,rscale     4    3    5.0000    0.7000
parameters
    0.8035   -4.0228   11.9611   -3.5787  -11.8051   -3.6794
   -4.6614    8.6026    4.1916    9.8974   -2.7481   -9.9023
eta,q 0.97973 11.13106
  0.0218  0.0213  0.0217  0.0217  0.0219  0.0228  0.0217  0.0228  0.0212  0.0216  0.0210  0.0210
  0.0211  0.0208  0.0211  0.0211  0.0212  0.0220  0.0210  0.0214  0.0207  0.0208  0.0206  0.0206
  0.0206  0.0205  0.0207  0.0206  0.0207  0.0212  0.0205  0.0205  0.0204  0.0204  0.0203  0.0203
  0.0205  0.0205  0.0205  0.0204  0.0204  0.0204  0.0203  0.0203  0.0203  0.0203  0.0203  0.0203
  0.0207  0.0207  0.0204  0.0206  0.0206  0.0202  0.0204  0.0207  0.0204  0.0205  0.0204  0.0203
  0.0212  0.0211  0.0206  0.0212  0.0211  0.0209  0.0209  0.0217  0.0207  0.0211  0.0207  0.0206
  0.0220  0.0218  0.0208  0.0224  0.0219  0.0223  0.0216  0.0232  0.0212  0.0220  0.0211  0.0209
niter,ni,del,rscale     3    3    5.0000    0.6000
parameters
    0.7656   -4.1064   12.0894   -3.6020  -11.8416   -3.4077
   -4.6629    8.6220    4.2875    9.7338   -2.9068   -9.9072
eta,q 0.97981 11.13564
  0.0212  0.0210  0.0210  0.0213  0.0213  0.0222  0.0212  0.0223  0.0209  0.0213  0.0207  0.0207
  0.0207  0.0205  0.0206  0.0208  0.0208  0.0215  0.0207  0.0212  0.0205  0.0207  0.0204  0.0204
  0.0204  0.0203  0.0204  0.0204  0.0204  0.0208  0.0203  0.0205  0.0203  0.0203  0.0202  0.0202
  0.0203  0.0203  0.0203  0.0203  0.0203  0.0203  0.0202  0.0202  0.0202  0.0202  0.0202  0.0202
  0.0204  0.0204  0.0203  0.0203  0.0204  0.0202  0.0203  0.0204  0.0203  0.0204  0.0203  0.0203
  0.0208  0.0207  0.0205  0.0207  0.0208  0.0208  0.0207  0.0211  0.0205  0.0208  0.0205  0.0204
  0.0214  0.0212  0.0207  0.0215  0.0214  0.0220  0.0212  0.0223  0.0208  0.0215  0.0208  0.0207
niter,ni,del,rscale     2    3    5.0000    0.5000
parameters
    0.7516   -4.1457   12.1764   -3.5630  -11.8810   -3.1928
   -4.6772    8.6602    4.3340    9.6437   -2.9951   -9.9614
eta,q 0.97985 11.13916
  0.0209  0.0207  0.0207  0.0210  0.0209  0.0217  0.0209  0.0217  0.0207  0.0209  0.0205  0.0205
  0.0205  0.0204  0.0204  0.0206  0.0205  0.0211  0.0205  0.0209  0.0204  0.0205  0.0203  0.0203
  0.0203  0.0202  0.0203  0.0203  0.0203  0.0206  0.0202  0.0203  0.0202  0.0202  0.0202  0.0202
  0.0202  0.0202  0.0202  0.0202  0.0202  0.0202  0.0201  0.0202  0.0201  0.0202  0.0201  0.0202
  0.0203  0.0203  0.0202  0.0202  0.0203  0.0202  0.0202  0.0203  0.0202  0.0203  0.0202  0.0202
  0.0205  0.0205  0.0203  0.0205  0.0205  0.0206  0.0205  0.0208  0.0204  0.0206  0.0203  0.0203
  0.0209  0.0208  0.0206  0.0210  0.0210  0.0215  0.0209  0.0216  0.0206  0.0210  0.0206  0.0205
niter,ni,del,rscale     1    3    5.0000    0.4000
parameters
    0.7489   -4.1714   12.2498   -3.5326  -11.9143   -3.0167
   -4.6996    8.6919    4.3540    9.5850   -3.0580  -10.0276
eta,q 0.97988 11.14188
  0.0206  0.0205  0.0205  0.0207  0.0206  0.0212  0.0206  0.0211  0.0204  0.0206  0.0204  0.0203
  0.0204  0.0203  0.0203  0.0204  0.0204  0.0208  0.0203  0.0206  0.0203  0.0203  0.0202  0.0202
  0.0202  0.0202  0.0202  0.0202  0.0202  0.0204  0.0202  0.0202  0.0202  0.0202  0.0201  0.0201
  0.0202  0.0201  0.0202  0.0201  0.0201  0.0201  0.0201  0.0201  0.0201  0.0201  0.0201  0.0201
  0.0202  0.0202  0.0202  0.0202  0.0202  0.0202  0.0202  0.0202  0.0202  0.0202  0.0202  0.0202
  0.0204  0.0203  0.0203  0.0204  0.0204  0.0205  0.0203  0.0206  0.0203  0.0204  0.0203  0.0202
  0.0206  0.0205  0.0204  0.0207  0.0207  0.0210  0.0206  0.0211  0.0204  0.0207  0.0204  0.0204
registration optimization eta report
parameter search radius
    0.8000    0.8000    0.8000    2.4000    2.4000    2.4000
    2.4000    2.4000    2.4000    2.4000    2.4000    2.4000
100000*second partial in parameter space
       74.       56.       47.        9.        9.       17.
        8.       17.        6.        9.        5.        4.
  0.0206  0.0205  0.0205  0.0207  0.0206  0.0212  0.0206  0.0211  0.0204  0.0206  0.0204  0.0203
  0.0204  0.0203  0.0203  0.0204  0.0204  0.0208  0.0203  0.0206  0.0203  0.0203  0.0202  0.0202
  0.0202  0.0202  0.0202  0.0202  0.0202  0.0204  0.0202  0.0202  0.0202  0.0202  0.0201  0.0201
  0.0202  0.0201  0.0202  0.0201  0.0201  0.0201  0.0201  0.0201  0.0201  0.0201  0.0201  0.0201
  0.0202  0.0202  0.0202  0.0202  0.0202  0.0202  0.0202  0.0202  0.0202  0.0202  0.0202  0.0202
  0.0204  0.0203  0.0203  0.0204  0.0204  0.0205  0.0203  0.0206  0.0203  0.0204  0.0203  0.0202
  0.0206  0.0205  0.0204  0.0207  0.0207  0.0210  0.0206  0.0211  0.0204  0.0207  0.0204  0.0204
    0.7489   -4.1714   12.2498   -3.5326  -11.9143   -3.0167
   -4.6996    8.6919    4.3540    9.5850   -3.0580  -10.0276
eta,q 0.97988 11.14188

---------------------------------------------------------------------
imgreg_4dfp /opt/freesurfer/average/711-2C_as_mni_average_305 /opt/freesurfer/average/711-2B_as_mni_average_305_mask talsrcimg_g11 none talsrcimg_to_711-2C_as_mni_average_305_t4 2311
---------------------------------------------------------------------

freesurfer imgreg_4dfp.c
/opt/freesurfer/average/711-2C_as_mni_average_305.4dfp.img
       256       256       256         1
  1.000000  1.000000  1.000000
orientation T byte_order littleendian
Reading image: /opt/freesurfer/average/711-2C_as_mni_average_305.4dfp.img
dimensions:      256       256       256
mmppix:       1.0000   -1.0000   -1.0000
center:     128.0000 -129.0000 -129.0000
/opt/freesurfer/average/711-2B_as_mni_average_305_mask.4dfp.img
       256       256       256         1
  1.000000  1.000000  1.000000
orientation T byte_order littleendian
Reading mask: /opt/freesurfer/average/711-2B_as_mni_average_305_mask.4dfp.img (2306576 pixels)
talsrcimg_g11.4dfp.img
       256       256       256         1
  1.000000  1.000000  1.000000
orientation T byte_order littleendian
Reading image: talsrcimg_g11.4dfp.img
dimensions:      256       256       256
mmppix:       1.0000   -1.0000   -1.0000
center:     128.0000 -129.0000 -129.0000
fimgreg.f
image alignment mode   2311 decimal      907 hex
parameters
    0.7489   -4.1714   12.2498   -3.5326  -11.9143   -3.0167
   -4.6996    8.6919    4.3540    9.5850   -3.0580  -10.0276
eta,q 0.97988 11.14188
niter,ni,del,rscale     5    3    5.0000    0.8000
parameters
    0.7452   -4.1648   12.3454   -4.0008  -12.0531   -3.4464
   -4.6261    8.6494    4.4626    9.6411   -3.2683   -9.8571
eta,q 0.97973 11.12967
  0.0220  0.0216  0.0215  0.0217  0.0220  0.0226  0.0221  0.0235  0.0216  0.0222  0.0211  0.0212
  0.0210  0.0208  0.0207  0.0209  0.0211  0.0217  0.0211  0.0218  0.0208  0.0212  0.0206  0.0206
  0.0203  0.0203  0.0203  0.0204  0.0204  0.0208  0.0205  0.0206  0.0204  0.0205  0.0203  0.0203
  0.0201  0.0201  0.0201  0.0201  0.0202  0.0202  0.0203  0.0203  0.0203  0.0203  0.0203  0.0203
  0.0203  0.0203  0.0202  0.0203  0.0204  0.0205  0.0205  0.0207  0.0204  0.0205  0.0204  0.0204
  0.0210  0.0208  0.0206  0.0212  0.0211  0.0218  0.0210  0.0218  0.0208  0.0211  0.0207  0.0206
  0.0220  0.0216  0.0212  0.0228  0.0223  0.0246  0.0220  0.0237  0.0214  0.0221  0.0212  0.0210
niter,ni,del,rscale     4    3    5.0000    0.7000
parameters
    0.7552   -4.1329   12.1594   -3.7922  -11.9363   -3.5016
   -4.6919    8.7363    4.4598    9.6848   -3.1770   -9.8824
eta,q 0.97977 11.13183
  0.0216  0.0214  0.0209  0.0217  0.0218  0.0224  0.0216  0.0230  0.0212  0.0218  0.0210  0.0209
  0.0209  0.0208  0.0205  0.0211  0.0210  0.0216  0.0208  0.0216  0.0206  0.0209  0.0206  0.0205
  0.0204  0.0204  0.0203  0.0205  0.0205  0.0208  0.0204  0.0206  0.0203  0.0204  0.0203  0.0203
  0.0203  0.0203  0.0203  0.0202  0.0202  0.0202  0.0202  0.0202  0.0202  0.0202  0.0202  0.0202
  0.0204  0.0204  0.0204  0.0202  0.0203  0.0203  0.0204  0.0205  0.0203  0.0204  0.0203  0.0203
  0.0209  0.0207  0.0208  0.0207  0.0208  0.0212  0.0209  0.0214  0.0207  0.0209  0.0205  0.0205
  0.0216  0.0213  0.0213  0.0216  0.0217  0.0230  0.0216  0.0228  0.0212  0.0217  0.0209  0.0209
niter,ni,del,rscale     3    3    5.0000    0.6000
parameters
    0.7640   -4.1407   12.1519   -3.6564  -11.8894   -3.3516
   -4.7104    8.7339    4.4109    9.6722   -3.1016   -9.9251
eta,q 0.97982 11.13625
  0.0213  0.0210  0.0209  0.0213  0.0213  0.0221  0.0212  0.0223  0.0209  0.0213  0.0208  0.0207
  0.0207  0.0206  0.0205  0.0208  0.0208  0.0214  0.0206  0.0211  0.0205  0.0207  0.0204  0.0204
  0.0203  0.0203  0.0203  0.0204  0.0204  0.0207  0.0203  0.0204  0.0202  0.0203  0.0202  0.0202
  0.0202  0.0202  0.0202  0.0202  0.0202  0.0202  0.0202  0.0202  0.0202  0.0202  0.0202  0.0202
  0.0203  0.0203  0.0203  0.0203  0.0203  0.0202  0.0203  0.0204  0.0203  0.0203  0.0202  0.0202
  0.0207  0.0206  0.0205  0.0206  0.0207  0.0209  0.0206  0.0211  0.0205  0.0207  0.0204  0.0204
  0.0212  0.0210  0.0208  0.0213  0.0213  0.0221  0.0212  0.0223  0.0209  0.0214  0.0207  0.0207
niter,ni,del,rscale     2    3    5.0000    0.5000
parameters
    0.7595   -4.1576   12.2017   -3.5811  -11.8960   -3.1690
   -4.7019    8.7224    4.3814    9.6250   -3.0894   -9.9656
eta,q 0.97986 11.13968
  0.0209  0.0207  0.0207  0.0210  0.0209  0.0216  0.0209  0.0216  0.0206  0.0209  0.0206  0.0205
  0.0205  0.0204  0.0204  0.0206  0.0205  0.0211  0.0205  0.0208  0.0204  0.0205  0.0203  0.0203
  0.0203  0.0202  0.0202  0.0203  0.0203  0.0205  0.0202  0.0203  0.0202  0.0202  0.0202  0.0202
  0.0202  0.0202  0.0202  0.0202  0.0202  0.0202  0.0201  0.0201  0.0201  0.0201  0.0201  0.0201
  0.0203  0.0203  0.0202  0.0202  0.0202  0.0202  0.0202  0.0203  0.0202  0.0202  0.0202  0.0202
  0.0205  0.0204  0.0204  0.0205  0.0205  0.0206  0.0205  0.0208  0.0204  0.0205  0.0203  0.0203
  0.0209  0.0208  0.0206  0.0210  0.0210  0.0215  0.0209  0.0217  0.0206  0.0210  0.0205  0.0205
niter,ni,del,rscale     1    3    5.0000    0.4000
parameters
    0.7551   -4.1698   12.2604   -3.5399  -11.9241   -3.0053
   -4.7051    8.7234    4.3723    9.5915   -3.1053  -10.0305
eta,q 0.97988 11.14202
  0.0206  0.0205  0.0205  0.0207  0.0206  0.0212  0.0206  0.0211  0.0204  0.0207  0.0204  0.0203
  0.0203  0.0203  0.0203  0.0204  0.0204  0.0208  0.0203  0.0206  0.0203  0.0204  0.0202  0.0202
  0.0202  0.0202  0.0202  0.0202  0.0202  0.0204  0.0202  0.0202  0.0202  0.0202  0.0201  0.0201
  0.0201  0.0201  0.0201  0.0201  0.0201  0.0201  0.0201  0.0201  0.0201  0.0201  0.0201  0.0201
  0.0202  0.0202  0.0202  0.0202  0.0202  0.0202  0.0202  0.0202  0.0202  0.0202  0.0202  0.0202
  0.0204  0.0203  0.0202  0.0203  0.0204  0.0205  0.0203  0.0206  0.0203  0.0204  0.0202  0.0202
  0.0206  0.0205  0.0204  0.0207  0.0207  0.0211  0.0206  0.0211  0.0204  0.0207  0.0204  0.0204
registration optimization eta report
parameter search radius
    0.8000    0.8000    0.8000    2.4000    2.4000    2.4000
    2.4000    2.4000    2.4000    2.4000    2.4000    2.4000
100000*second partial in parameter space
       74.       57.       47.        9.        9.       17.
        8.       17.        5.        9.        5.        4.
  0.0206  0.0205  0.0205  0.0207  0.0206  0.0212  0.0206  0.0211  0.0204  0.0207  0.0204  0.0203
  0.0203  0.0203  0.0203  0.0204  0.0204  0.0208  0.0203  0.0206  0.0203  0.0204  0.0202  0.0202
  0.0202  0.0202  0.0202  0.0202  0.0202  0.0204  0.0202  0.0202  0.0202  0.0202  0.0201  0.0201
  0.0201  0.0201  0.0201  0.0201  0.0201  0.0201  0.0201  0.0201  0.0201  0.0201  0.0201  0.0201
  0.0202  0.0202  0.0202  0.0202  0.0202  0.0202  0.0202  0.0202  0.0202  0.0202  0.0202  0.0202
  0.0204  0.0203  0.0202  0.0203  0.0204  0.0205  0.0203  0.0206  0.0203  0.0204  0.0202  0.0202
  0.0206  0.0205  0.0204  0.0207  0.0207  0.0211  0.0206  0.0211  0.0204  0.0207  0.0204  0.0204
    0.7551   -4.1698   12.2604   -3.5399  -11.9241   -3.0053
   -4.7051    8.7234    4.3723    9.5915   -3.1053  -10.0305
eta,q 0.97988 11.14202

---------------------------------------------------------------------
compute_vox2vox talsrcimg talsrcimg_to_711-2C_as_mni_average_305_t4 /opt/freesurfer/average/711-2C_as_mni_average_305
---------------------------------------------------------------------

freesurfer compute_vox2vox.c
Reading: talsrcimg.4dfp.ifh
Reading: talsrcimg_to_711-2C_as_mni_average_305_t4
Reading: /opt/freesurfer/average/711-2C_as_mni_average_305.4dfp.ifh
Writing: talsrcimg_to_711-2C_as_mni_average_305_t4_vox2vox.txt

start time Mon Mar 9 05:48:19 CET 2026
end		time Mon Mar 9 05:49:48 CET 2026

mpr2mni305 success

avi2talxfm orig_nu.mgz /opt/freesurfer/average/mni305.cor.mgz talsrcimg_to_711-2C_as_mni_average_305_t4_vox2vox.txt transforms/talairach.auto.xfm
avi2talxfm done
mv -f /out/sourcedata/freesurfer/sub-v1s18x0051250_ses-1/mri/talsrcimg_to_711-2C_as_mni_average_305_t4_vox2vox.txt /out/sourcedata/freesurfer/sub-v1s18x0051250_ses-1/mri/transforms/talsrcimg_to_711-2C_as_mni_average_305_t4_vox2vox.txt
lta_convert --src orig_nu.mgz --trg /opt/freesurfer/average/mni305.cor.mgz --inxfm transforms/talairach.auto.xfm --outlta transforms/talairach.auto.xfm.lta --subject fsaverage
7.3.2

--src: orig_nu.mgz src image (geometry).
--trg: /opt/freesurfer/average/mni305.cor.mgz trg image (geometry).
--inmni: transforms/talairach.auto.xfm input MNI/XFM transform.
--outlta: transforms/talairach.auto.xfm.lta output LTA.
--s: fsaverage subject name
 LTA read, type : 1
 1.03157  -0.09713   0.04405  -3.69516;
 0.02742   1.01692   0.11728  -22.27715;
-0.05420  -0.10592   1.12043  -22.07896;
 0.00000   0.00000   0.00000   1.00000;
setting subject to fsaverage
Writing  LTA to file transforms/talairach.auto.xfm.lta...
lta_convert successful.
 
 
Started at Mon Mar 9 05:48:19 CET 2026
Ended   at Mon Mar  9 05:49:48 CET 2026
talairach_avi done
