/out/sourcedata/freesurfer/sub-v1s18x0051236_ses-1/mri
/opt/freesurfer/bin/talairach_avi
--i orig_nu.mgz --xfm transforms/talairach.auto.xfm
talairach_avi 7.3.2
Linux dna020 5.14.0-427.37.1.el9_4.x86_64 #1 SMP PREEMPT_DYNAMIC Fri Sep 13 12:41:50 EDT 2024 x86_64 x86_64 x86_64 GNU/Linux
Mon Mar  9 05:18:12 CET 2026
mri_convert orig_nu.mgz talsrcimg.img 
reading from orig_nu.mgz...
TR=0.00, TE=0.00, TI=0.00, flip angle=0.00
i_ras = (-1, 0, 0)
j_ras = (0, 0, -1)
k_ras = (0, 1, 0)
writing to talsrcimg.img...
Analyze Output Matrix
-1.00000   0.00000   0.00000   133.78937;
 0.00000   0.00000   1.00000  -121.34670;
 0.00000  -1.00000   0.00000   116.70996;
 0.00000   0.00000   0.00000   1.00000;
--------------------
INFO: set hdr.hist.orient to -1
mpr2mni305 talsrcimg
Mon Mar  9 05:18:13 CET 2026
/opt/freesurfer/bin/mpr2mni305 talsrcimg
mpr2mni305 7.3.2
target=711-2C_as_mni_average_305

---------------------------------------------------------------------
analyzeto4dfp talsrcimg -O0 -y
---------------------------------------------------------------------

freesurfer ifh2hdr.c
Mon Mar  9 05:18:13 2026
Writing: talsrcimg.4dfp.hdr
freesurfer analyzeto4dfp.c
Reading: talsrcimg.hdr
header size 348 bytes
hdr.dime.datatype	offset=70	value=2
hdr.dime.bitpix		offset=72	value=8
hdr.hist.orient		offset=252	value=-1
dimensionality     4
dimensions       256       256       256         1
Reading: talsrcimg.img
Writing: talsrcimg.4dfp.img
Writing: talsrcimg.4dfp.ifh
ifh2hdr talsrcimg -r0to230
ori=2

---------------------------------------------------------------------
gauss_4dfp talsrcimg 1.1
---------------------------------------------------------------------

freesurfer gauss_4dfp.c
Reading: talsrcimg.4dfp.img
Writing: talsrcimg_g11.4dfp.img
image dimensions 256 256 256 padded to 288 288 288
processing volume 1freesurfer ifh2hdr.c
Mon Mar  9 05:18:14 2026
Writing: talsrcimg_g11.4dfp.hdr

Writing: talsrcimg_g11.4dfp.ifh
including: talsrcimg.4dfp.img.rec in talsrcimg_g11.4dfp.img.rec

---------------------------------------------------------------------
imgreg_4dfp /opt/freesurfer/average/711-2C_as_mni_average_305 none talsrcimg_g11 none talsrcimg_to_711-2C_as_mni_average_305_t4 4355
---------------------------------------------------------------------

freesurfer imgreg_4dfp.c
/opt/freesurfer/average/711-2C_as_mni_average_305.4dfp.img
       256       256       256         1
  1.000000  1.000000  1.000000
orientation T byte_order littleendian
Reading image: /opt/freesurfer/average/711-2C_as_mni_average_305.4dfp.img
dimensions:      256       256       256
mmppix:       1.0000   -1.0000   -1.0000
center:     128.0000 -129.0000 -129.0000
talsrcimg_g11.4dfp.img
       256       256       256         1
  1.000000  1.000000  1.000000
orientation T byte_order littleendian
Reading image: talsrcimg_g11.4dfp.img
dimensions:      256       256       256
mmppix:       1.0000   -1.0000   -1.0000
center:     128.0000 -129.0000 -129.0000
t4_read: open error in t4_sub.f l:  41 t4_file(1:l)talsrcimg_to_711-2C_as_mni_average_305_t4 
t4_read: transform initialized to I4
rotation matrix determinant  1.000000
image alignment mode   4355 decimal     1103 hex
   -7.5000  -45.0000  -45.0000 4363.7202   21.1081
    0.0000  -45.0000  -45.0000 4525.3433   21.1535
    7.5000  -45.0000  -45.0000 4341.0811   21.2875
   -7.5000  -37.5000  -45.0000 4866.7168   20.2942
    0.0000  -37.5000  -45.0000 5057.0981   20.3410
    7.5000  -37.5000  -45.0000 4842.4033   20.4748
   -7.5000  -30.0000  -45.0000 5550.8389   19.6913
    0.0000  -30.0000  -45.0000 5777.0801   19.7420
    7.5000  -30.0000  -45.0000 5535.5806   19.8694
   -7.5000  -22.5000  -45.0000 6294.3428   19.1775
    0.0000  -22.5000  -45.0000 6542.8525   19.2263
    7.5000  -22.5000  -45.0000 6289.8179   19.3390
   -7.5000  -15.0000  -45.0000 7138.9185   18.8416
    0.0000  -15.0000  -45.0000 7395.3428   18.8843
    7.5000  -15.0000  -45.0000 7103.6465   18.9849
   -7.5000   -7.5000  -45.0000 8014.0278   18.6194
    0.0000   -7.5000  -45.0000 8297.8145   18.6560
    7.5000   -7.5000  -45.0000 7941.6880   18.7546
   -7.5000    0.0000  -45.0000 8921.6914   18.6254
    0.0000    0.0000  -45.0000 9239.4180   18.6611
    7.5000    0.0000  -45.0000 8811.6787   18.7665
   -7.5000    7.5000  -45.0000 9089.0654   18.6877
    0.0000    7.5000  -45.0000 9434.8311   18.7287
    7.5000    7.5000  -45.0000 8978.9932   18.8431
   -7.5000   15.0000  -45.0000 9080.9678   18.7338
    0.0000   15.0000  -45.0000 9428.1689   18.7801
    7.5000   15.0000  -45.0000 8943.4092   18.8971
   -7.5000   22.5000  -45.0000 9003.5752   18.7088
    0.0000   22.5000  -45.0000 9348.4844   18.7551
    7.5000   22.5000  -45.0000 8858.3301   18.8638
   -7.5000   30.0000  -45.0000 8923.8232   18.4041
    0.0000   30.0000  -45.0000 9265.0908   18.4454
    7.5000   30.0000  -45.0000 8757.9443   18.5435
   -7.5000   37.5000  -45.0000 9125.0264   18.3634
    0.0000   37.5000  -45.0000 9467.0215   18.3997
    7.5000   37.5000  -45.0000 8937.0732   18.4971
   -7.5000   45.0000  -45.0000 8970.3418   17.9105
    0.0000   45.0000  -45.0000 9292.3516   17.9449
    7.5000   45.0000  -45.0000 8782.3223   18.0462
   -7.5000  -45.0000  -37.5000 4734.2124   20.7075
    0.0000  -45.0000  -37.5000 4905.2056   20.7357
    7.5000  -45.0000  -37.5000 4676.9961   20.8551
   -7.5000  -37.5000  -37.5000 5253.1831   19.9114
    0.0000  -37.5000  -37.5000 5458.6489   19.9376
    7.5000  -37.5000  -37.5000 5206.8052   20.0596
   -7.5000  -30.0000  -37.5000 5992.6655   19.3236
    0.0000  -30.0000  -37.5000 6224.6626   19.3503
    7.5000  -30.0000  -37.5000 5951.3418   19.4712
   -7.5000  -22.5000  -37.5000 6804.8579   18.8184
    0.0000  -22.5000  -37.5000 7055.9521   18.8441
    7.5000  -22.5000  -37.5000 6750.2241   18.9527
   -7.5000  -15.0000  -37.5000 7700.8384   18.4840
    0.0000  -15.0000  -37.5000 7981.1187   18.5077
    7.5000  -15.0000  -37.5000 7613.2998   18.6026
   -7.5000   -7.5000  -37.5000 8646.3086   18.2610
    0.0000   -7.5000  -37.5000 8948.2783   18.2827
    7.5000   -7.5000  -37.5000 8502.8906   18.3723
   -7.5000    0.0000  -37.5000 9605.6680   18.2671
    0.0000    0.0000  -37.5000 9944.5166   18.2895
    7.5000    0.0000  -37.5000 9427.0225   18.3839
   -7.5000    7.5000  -37.5000 9791.9805   18.3319
    0.0000    7.5000  -37.500010141.2275   18.3561
    7.5000    7.5000  -37.5000 9602.9473   18.4609
   -7.5000   15.0000  -37.5000 9767.4014   18.3794
    0.0000   15.0000  -37.500010123.6006   18.4041
    7.5000   15.0000  -37.5000 9544.9395   18.5153
   -7.5000   22.5000  -37.5000 9637.5693   18.3542
    0.0000   22.5000  -37.5000 9987.5117   18.3784
    7.5000   22.5000  -37.5000 9408.4199   18.4832
   -7.5000   30.0000  -37.5000 9537.7285   18.0527
    0.0000   30.0000  -37.5000 9876.4600   18.0757
    7.5000   30.0000  -37.5000 9291.5352   18.1682
   -7.5000   37.5000  -37.5000 9763.2920   18.0100
    0.0000   37.5000  -37.500010084.3574   18.0316
    7.5000   37.5000  -37.5000 9481.9941   18.1201
   -7.5000   45.0000  -37.5000 9601.2246   17.5660
    0.0000   45.0000  -37.5000 9912.6855   17.5875
    7.5000   45.0000  -37.5000 9322.3438   17.6783
   -7.5000  -45.0000  -30.0000 5166.8809   21.2623
    0.0000  -45.0000  -30.0000 5355.3638   21.2880
    7.5000  -45.0000  -30.0000 5116.5894   21.4049
   -7.5000  -37.5000  -30.0000 5718.7104   20.4481
    0.0000  -37.5000  -30.0000 5921.3008   20.4677
    7.5000  -37.5000  -30.0000 5664.9746   20.5845
   -7.5000  -30.0000  -30.0000 6495.4116   19.8404
    0.0000  -30.0000  -30.0000 6735.0840   19.8574
    7.5000  -30.0000  -30.0000 6458.2925   19.9742
   -7.5000  -22.5000  -30.0000 7380.0088   19.3150
    0.0000  -22.5000  -30.0000 7634.6221   19.3312
    7.5000  -22.5000  -30.0000 7295.3149   19.4406
   -7.5000  -15.0000  -30.0000 8386.1807   18.9650
    0.0000  -15.0000  -30.0000 8674.5605   18.9829
    7.5000  -15.0000  -30.0000 8229.5664   19.0819
   -7.5000   -7.5000  -30.0000 9430.5020   18.7361
    0.0000   -7.5000  -30.0000 9750.6299   18.7554
    7.5000   -7.5000  -30.0000 9223.8535   18.8476
   -7.5000    0.0000  -30.000010488.2734   18.7460
    0.0000    0.0000  -30.000010852.1611   18.7664
    7.5000    0.0000  -30.000010259.2236   18.8594
   -7.5000    7.5000  -30.000010692.9453   18.8165
    0.0000    7.5000  -30.000011045.9473   18.8352
    7.5000    7.5000  -30.000010454.4180   18.9357
   -7.5000   15.0000  -30.000010657.9033   18.8655
    0.0000   15.0000  -30.000011025.5449   18.8809
    7.5000   15.0000  -30.000010392.0439   18.9885
   -7.5000   22.5000  -30.000010493.6475   18.8336
    0.0000   22.5000  -30.000010861.6768   18.8487
    7.5000   22.5000  -30.000010215.1064   18.9544
   -7.5000   30.0000  -30.000010340.2520   18.5243
    0.0000   30.0000  -30.000010688.9189   18.5416
    7.5000   30.0000  -30.000010047.8086   18.6381
   -7.5000   37.5000  -30.000010553.6299   18.4805
    0.0000   37.5000  -30.000010891.6875   18.4998
    7.5000   37.5000  -30.000010214.9844   18.5908
   -7.5000   45.0000  -30.000010403.0127   18.0397
    0.0000   45.0000  -30.000010725.2422   18.0594
    7.5000   45.0000  -30.000010032.3115   18.1489
   -7.5000  -45.0000  -22.5000 5631.5835   21.8641
    0.0000  -45.0000  -22.5000 5843.4834   21.9044
    7.5000  -45.0000  -22.5000 5573.0327   22.0290
   -7.5000  -37.5000  -22.5000 6214.4541   21.0273
    0.0000  -37.5000  -22.5000 6439.8721   21.0620
    7.5000  -37.5000  -22.5000 6160.7598   21.1821
   -7.5000  -30.0000  -22.5000 7066.9194   20.3949
    0.0000  -30.0000  -22.5000 7308.6099   20.4282
    7.5000  -30.0000  -22.5000 7003.6997   20.5442
   -7.5000  -22.5000  -22.5000 8037.8037   19.8502
    0.0000  -22.5000  -22.5000 8303.4688   19.8818
    7.5000  -22.5000  -22.5000 7936.8091   19.9921
   -7.5000  -15.0000  -22.5000 9153.0088   19.4852
    0.0000  -15.0000  -22.5000 9452.1934   19.5170
    7.5000  -15.0000  -22.5000 8986.7803   19.6212
   -7.5000   -7.5000  -22.500010321.3359   19.2510
    0.0000   -7.5000  -22.500010666.6768   19.2825
    7.5000   -7.5000  -22.500010098.1699   19.3820
   -7.5000    0.0000  -22.500011474.4072   19.2620
    0.0000    0.0000  -22.500011835.4365   19.2934
    7.5000    0.0000  -22.500011173.2715   19.3926
   -7.5000    7.5000  -22.500011678.9287   19.3337
    0.0000    7.5000  -22.500012040.8545   19.3645
    7.5000    7.5000  -22.500011361.6211   19.4674
   -7.5000   15.0000  -22.500011630.5684   19.3835
    0.0000   15.0000  -22.500012007.5508   19.4131
    7.5000   15.0000  -22.500011299.4199   19.5199
   -7.5000   22.5000  -22.500011483.6357   19.3491
    0.0000   22.5000  -22.500011852.5283   19.3789
    7.5000   22.5000  -22.500011117.1260   19.4854
   -7.5000   30.0000  -22.500011291.1074   19.0354
    0.0000   30.0000  -22.500011651.6338   19.0661
    7.5000   30.0000  -22.500010895.2998   19.1677
   -7.5000   37.5000  -22.500011462.6650   18.9913
    0.0000   37.5000  -22.500011829.3018   19.0226
    7.5000   37.5000  -22.500011055.5713   19.1208
   -7.5000   45.0000  -22.500011263.9941   18.5503
    0.0000   45.0000  -22.500011601.3291   18.5805
    7.5000   45.0000  -22.500010832.3018   18.6761
   -7.5000  -45.0000  -15.0000 6080.0000   22.4047
    0.0000  -45.0000  -15.0000 6295.4463   22.4586
    7.5000  -45.0000  -15.0000 6012.7700   22.5931
   -7.5000  -37.5000  -15.0000 6724.8853   21.5511
    0.0000  -37.5000  -15.0000 6962.9707   21.6042
    7.5000  -37.5000  -15.0000 6666.0742   21.7324
   -7.5000  -30.0000  -15.0000 7662.8691   20.9018
    0.0000  -30.0000  -15.0000 7936.2319   20.9584
    7.5000  -30.0000  -15.0000 7588.6685   21.0772
   -7.5000  -22.5000  -15.0000 8735.4121   20.3460
    0.0000  -22.5000  -15.0000 9057.6992   20.4007
    7.5000  -22.5000  -15.0000 8611.4160   20.5110
   -7.5000  -15.0000  -15.0000 9958.6084   19.9750
    0.0000  -15.0000  -15.000010309.1270   20.0251
    7.5000  -15.0000  -15.0000 9759.8955   20.1307
   -7.5000   -7.5000  -15.000011229.8193   19.7371
    0.0000   -7.5000  -15.000011609.3486   19.7814
    7.5000   -7.5000  -15.000010958.6680   19.8860
   -7.5000    0.0000  -15.000012438.2490   19.7476
    0.0000    0.0000  -15.000012847.1660   19.7896
    7.5000    0.0000  -15.000012104.2080   19.8965
   -7.5000    7.5000  -15.000012643.5752   19.8170
    0.0000    7.5000  -15.000013066.4209   19.8626
    7.5000    7.5000  -15.000012304.0967   19.9719
   -7.5000   15.0000  -15.000012585.0908   19.8656
    0.0000   15.0000  -15.000013017.7803   19.9163
    7.5000   15.0000  -15.000012231.5752   20.0254
   -7.5000   22.5000  -15.000012450.1318   19.8304
    0.0000   22.5000  -15.000012879.0693   19.8822
    7.5000   22.5000  -15.000012041.5400   19.9887
   -7.5000   30.0000  -15.000012232.3896   19.5157
    0.0000   30.0000  -15.000012656.1094   19.5641
    7.5000   30.0000  -15.000011787.9775   19.6672
   -7.5000   37.5000  -15.000012367.8584   19.4736
    0.0000   37.5000  -15.000012804.2832   19.5174
    7.5000   37.5000  -15.000011921.4980   19.6208
   -7.5000   45.0000  -15.000012104.4355   19.0294
    0.0000   45.0000  -15.000012510.0400   19.0699
    7.5000   45.0000  -15.000011644.6406   19.1728
   -7.5000  -45.0000   -7.5000 6560.8911   22.6056
    0.0000  -45.0000   -7.5000 6792.9790   22.6613
    7.5000  -45.0000   -7.5000 6490.1738   22.7975
   -7.5000  -37.5000   -7.5000 7270.3276   21.7481
    0.0000  -37.5000   -7.5000 7546.0532   21.8057
    7.5000  -37.5000   -7.5000 7189.6558   21.9381
   -7.5000  -30.0000   -7.5000 8308.0527   21.0991
    0.0000  -30.0000   -7.5000 8639.0098   21.1632
    7.5000  -30.0000   -7.5000 8209.9707   21.2857
   -7.5000  -22.5000   -7.5000 9503.2852   20.5433
    0.0000  -22.5000   -7.5000 9881.9570   20.6062
    7.5000  -22.5000   -7.5000 9351.2979   20.7159
   -7.5000  -15.0000   -7.500010849.5469   20.1724
    0.0000  -15.0000   -7.500011247.9775   20.2284
    7.5000  -15.0000   -7.500010613.7197   20.3306
   -7.5000   -7.5000   -7.500012186.8770   19.9338
    0.0000   -7.5000   -7.500012603.7832   19.9809
    7.5000   -7.5000   -7.500011871.8174   20.0832
   -7.5000    0.0000   -7.500013447.7188   19.9422
    0.0000    0.0000   -7.500013916.4121   19.9860
    7.5000    0.0000   -7.500013089.4121   20.0938
   -7.5000    7.5000   -7.500013646.8760   20.0089
    0.0000    7.5000   -7.500014154.9492   20.0586
    7.5000    7.5000   -7.500013303.1553   20.1716
   -7.5000   15.0000   -7.500013587.4766   20.0571
    0.0000   15.0000   -7.500014099.5029   20.1151
    7.5000   15.0000   -7.500013225.9180   20.2276
   -7.5000   22.5000   -7.500013466.8730   20.0217
    0.0000   22.5000   -7.500013967.6611   20.0814
    7.5000   22.5000   -7.500013036.5635   20.1874
   -7.5000   30.0000   -7.500013223.9258   19.7085
    0.0000   30.0000   -7.500013728.7744   19.7626
    7.5000   30.0000   -7.500012762.8350   19.8624
   -7.5000   37.5000   -7.500013380.5430   19.6672
    0.0000   37.5000   -7.500013870.6572   19.7137
    7.5000   37.5000   -7.500012894.9502   19.8148
   -7.5000   45.0000   -7.500013054.5264   19.2205
    0.0000   45.0000   -7.500013532.6836   19.2627
    7.5000   45.0000   -7.500012595.3271   19.3666
   -7.5000  -45.0000    0.0000 7021.8418   22.5746
    0.0000  -45.0000    0.0000 7277.4399   22.6192
    7.5000  -45.0000    0.0000 6921.8999   22.7496
   -7.5000  -37.5000    0.0000 7801.6533   21.7185
    0.0000  -37.5000    0.0000 8096.8599   21.7646
    7.5000  -37.5000    0.0000 7682.3213   21.8959
   -7.5000  -30.0000    0.0000 8962.5674   21.0787
    0.0000  -30.0000    0.0000 9297.0781   21.1297
    7.5000  -30.0000    0.0000 8827.1426   21.2552
   -7.5000  -22.5000    0.000010286.0723   20.5277
    0.0000  -22.5000    0.000010660.7793   20.5777
    7.5000  -22.5000    0.000010096.0322   20.6884
   -7.5000  -15.0000    0.000011705.4199   20.1584
    0.0000  -15.0000    0.000012129.3867   20.2026
    7.5000  -15.0000    0.000011437.4287   20.3008
   -7.5000   -7.5000    0.000013076.5332   19.9184
    0.0000   -7.5000    0.000013525.0791   19.9553
    7.5000   -7.5000    0.000012769.4561   20.0515
   -7.5000    0.0000    0.000014407.3896   19.9242
    0.0000    0.0000    0.000014933.1904   19.9595
    7.5000    0.0000    0.000014071.0996   20.0626
   -7.5000    7.5000    0.000014635.4746   19.9915
    0.0000    7.5000    0.000015194.7578   20.0320
    7.5000    7.5000    0.000014282.0088   20.1446
   -7.5000   15.0000    0.000014593.0361   20.0417
    0.0000   15.0000    0.000015156.9004   20.0883
    7.5000   15.0000    0.000014226.0518   20.2037
   -7.5000   22.5000    0.000014428.1230   20.0088
    0.0000   22.5000    0.000015007.5264   20.0562
    7.5000   22.5000    0.000014010.1172   20.1631
   -7.5000   30.0000    0.000014137.9756   19.6967
    0.0000   30.0000    0.000014717.2656   19.7394
    7.5000   30.0000    0.000013719.1855   19.8354
   -7.5000   37.5000    0.000014305.8613   19.6525
    0.0000   37.5000    0.000014896.9678   19.6891
    7.5000   37.5000    0.000013858.4814   19.7842
   -7.5000   45.0000    0.000013976.4189   19.2047
    0.0000   45.0000    0.000014519.4014   19.2387
    7.5000   45.0000    0.000013529.6738   19.3380
   -7.5000  -45.0000    7.5000 6947.7793   22.5714
    0.0000  -45.0000    7.5000 7205.4531   22.6004
    7.5000  -45.0000    7.5000 6825.8711   22.7244
   -7.5000  -37.5000    7.5000 7769.7622   21.7089
    0.0000  -37.5000    7.5000 8055.8589   21.7359
    7.5000  -37.5000    7.5000 7641.6411   21.8626
   -7.5000  -30.0000    7.5000 8987.1904   21.0662
    0.0000  -30.0000    7.5000 9301.7744   21.0942
    7.5000  -30.0000    7.5000 8825.2646   21.2199
   -7.5000  -22.5000    7.500010313.7598   20.5116
    0.0000  -22.5000    7.500010681.9443   20.5391
    7.5000  -22.5000    7.500010081.9600   20.6521
   -7.5000  -15.0000    7.500011669.5449   20.1412
    0.0000  -15.0000    7.500012105.0928   20.1668
    7.5000  -15.0000    7.500011419.1104   20.2657
   -7.5000   -7.5000    7.500013012.1162   19.9019
    0.0000   -7.5000    7.500013498.8809   19.9248
    7.5000   -7.5000    7.500012734.4453   20.0183
   -7.5000    0.0000    7.500014353.2646   19.9100
    0.0000    0.0000    7.500014901.4404   19.9332
    7.5000    0.0000    7.500014049.5195   20.0315
   -7.5000    7.5000    7.500014641.4844   19.9797
    0.0000    7.5000    7.500015200.9795   20.0046
    7.5000    7.5000    7.500014277.2949   20.1138
   -7.5000   15.0000    7.500014623.9531   20.0293
    0.0000   15.0000    7.500015173.7217   20.0551
    7.5000   15.0000    7.500014218.8496   20.1709
   -7.5000   22.5000    7.500014380.5986   19.9942
    0.0000   22.5000    7.500014945.0400   20.0200
    7.5000   22.5000    7.500014040.6113   20.1293
   -7.5000   30.0000    7.500014019.1484   19.6807
    0.0000   30.0000    7.500014604.3906   19.7054
    7.5000   30.0000    7.500013734.3584   19.8020
   -7.5000   37.5000    7.500014211.6582   19.6363
    0.0000   37.5000    7.500014787.5312   19.6591
    7.5000   37.5000    7.500013886.6211   19.7514
   -7.5000   45.0000    7.500013906.7041   19.1910
    0.0000   45.0000    7.500014438.5225   19.2133
    7.5000   45.0000    7.500013550.0771   19.3081
   -7.5000  -45.0000   15.0000 6789.6509   22.6317
    0.0000  -45.0000   15.0000 7041.3462   22.6589
    7.5000  -45.0000   15.0000 6678.5562   22.7818
   -7.5000  -37.5000   15.0000 7618.9180   21.7623
    0.0000  -37.5000   15.0000 7877.4917   21.7831
    7.5000  -37.5000   15.0000 7486.2559   21.9060
   -7.5000  -30.0000   15.0000 8838.8994   21.1112
    0.0000  -30.0000   15.0000 9137.1221   21.1295
    7.5000  -30.0000   15.0000 8641.3760   21.2523
   -7.5000  -22.5000   15.000010099.9258   20.5487
    0.0000  -22.5000   15.000010455.2871   20.5665
    7.5000  -22.5000   15.0000 9876.6289   20.6816
   -7.5000  -15.0000   15.000011435.5273   20.1733
    0.0000  -15.0000   15.000011833.0605   20.1930
    7.5000  -15.0000   15.000011218.9746   20.2970
   -7.5000   -7.5000   15.000012767.3486   19.9330
    0.0000   -7.5000   15.000013233.3193   19.9539
    7.5000   -7.5000   15.000012528.8672   20.0508
   -7.5000    0.0000   15.000014103.8555   19.9444
    0.0000    0.0000   15.000014623.5479   19.9659
    7.5000    0.0000   15.000013824.3574   20.0638
   -7.5000    7.5000   15.000014430.3076   20.0177
    0.0000    7.5000   15.000014972.9072   20.0374
    7.5000    7.5000   15.000014082.7246   20.1432
   -7.5000   15.0000   15.000014517.3838   20.0677
    0.0000   15.0000   15.000015077.9316   20.0843
    7.5000   15.0000   15.000014124.3213   20.1975
   -7.5000   22.5000   15.000014161.4512   20.0291
    0.0000   22.5000   15.000014751.3311   20.0458
    7.5000   22.5000   15.000013972.3516   20.1569
   -7.5000   30.0000   15.000013753.5498   19.7116
    0.0000   30.0000   15.000014355.4473   19.7307
    7.5000   30.0000   15.000013691.1719   19.8321
   -7.5000   37.5000   15.000013985.4326   19.6670
    0.0000   37.5000   15.000014577.7266   19.6878
    7.5000   37.5000   15.000013850.0771   19.7835
   -7.5000   45.0000   15.000013676.3818   19.2241
    0.0000   45.0000   15.000014222.3252   19.2449
    7.5000   45.0000   15.000013484.4297   19.3392
   -7.5000  -45.0000   22.5000 6544.0205   22.6958
    0.0000  -45.0000   22.5000 6761.5586   22.7376
    7.5000  -45.0000   22.5000 6429.1992   22.8669
   -7.5000  -37.5000   22.5000 7401.9771   21.8271
    0.0000  -37.5000   22.5000 7608.4639   21.8631
    7.5000  -37.5000   22.5000 7266.2588   21.9877
   -7.5000  -30.0000   22.5000 8587.7686   21.1707
    0.0000  -30.0000   22.5000 8830.8623   21.2051
    7.5000  -30.0000   22.5000 8395.2979   21.3255
   -7.5000  -22.5000   22.5000 9772.1299   20.6052
    0.0000  -22.5000   22.500010085.0771   20.6380
    7.5000  -22.5000   22.5000 9583.7578   20.7525
   -7.5000  -15.0000   22.500011035.8457   20.2264
    0.0000  -15.0000   22.500011422.7803   20.2594
    7.5000  -15.0000   22.500010838.0703   20.3675
   -7.5000   -7.5000   22.500012321.3506   19.9833
    0.0000   -7.5000   22.500012746.5332   20.0160
    7.5000   -7.5000   22.500012102.7568   20.1192
   -7.5000    0.0000   22.500013603.1475   19.9947
    0.0000    0.0000   22.500014046.1963   20.0273
    7.5000    0.0000   22.500013361.6641   20.1303
   -7.5000    7.5000   22.500014041.3555   20.0691
    0.0000    7.5000   22.500014481.8994   20.1011
    7.5000    7.5000   22.500013676.3896   20.2078
   -7.5000   15.0000   22.500014198.1465   20.1208
    0.0000   15.0000   22.500014630.1553   20.1515
    7.5000   15.0000   22.500013822.6846   20.2624
   -7.5000   22.5000   22.500013713.6553   20.0820
    0.0000   22.5000   22.500014161.2412   20.1129
    7.5000   22.5000   22.500013740.3271   20.2235
   -7.5000   30.0000   22.500013312.0762   19.7622
    0.0000   30.0000   22.500013776.0469   19.7941
    7.5000   30.0000   22.500013447.6787   19.8996
   -7.5000   37.5000   22.500013610.1328   19.7165
    0.0000   37.5000   22.500014103.8115   19.7490
    7.5000   37.5000   22.500013602.0752   19.8510
   -7.5000   45.0000   22.500013307.2539   19.2726
    0.0000   45.0000   22.500013811.4883   19.3040
    7.5000   45.0000   22.500013209.6436   19.4032
   -7.5000  -45.0000   30.0000 6199.2046   22.7121
    0.0000  -45.0000   30.0000 6380.9785   22.7668
    7.5000  -45.0000   30.0000 6099.4634   22.9032
   -7.5000  -37.5000   30.0000 7014.9443   21.8469
    0.0000  -37.5000   30.0000 7210.2456   21.9007
    7.5000  -37.5000   30.0000 6874.1870   22.0306
   -7.5000  -30.0000   30.0000 8155.2227   21.1886
    0.0000  -30.0000   30.0000 8404.9531   21.2460
    7.5000  -30.0000   30.0000 7977.6553   21.3664
   -7.5000  -22.5000   30.0000 9325.3467   20.6252
    0.0000  -22.5000   30.0000 9620.2812   20.6807
    7.5000  -22.5000   30.0000 9152.8516   20.7925
   -7.5000  -15.0000   30.000010551.8096   20.2491
    0.0000  -15.0000   30.000010881.5215   20.2999
    7.5000  -15.0000   30.000010394.2852   20.4069
   -7.5000   -7.5000   30.000011751.6016   20.0080
    0.0000   -7.5000   30.000012099.5420   20.0528
    7.5000   -7.5000   30.000011604.6250   20.1589
   -7.5000    0.0000   30.000012928.2373   20.0186
    0.0000    0.0000   30.000013313.6201   20.0612
    7.5000    0.0000   30.000012793.3506   20.1695
   -7.5000    7.5000   30.000013287.7949   20.0889
    0.0000    7.5000   30.000013687.2480   20.1352
    7.5000    7.5000   30.000013047.9717   20.2460
   -7.5000   15.0000   30.000013389.0049   20.1382
    0.0000   15.0000   30.000013764.0049   20.1896
    7.5000   15.0000   30.000013103.8398   20.3003
   -7.5000   22.5000   30.000013180.0156   20.1004
    0.0000   22.5000   30.000013555.3486   20.1529
    7.5000   22.5000   30.000013001.3516   20.2609
   -7.5000   30.0000   30.000012969.8887   19.7835
    0.0000   30.0000   30.000013366.2256   19.8325
    7.5000   30.0000   30.000012751.8467   19.9371
   -7.5000   37.5000   30.000013243.7422   19.7409
    0.0000   37.5000   30.000013675.5039   19.7852
    7.5000   37.5000   30.000012890.2051   19.8901
   -7.5000   45.0000   30.000012876.3047   19.2956
    0.0000   45.0000   30.000013298.8223   19.3367
    7.5000   45.0000   30.000012486.3457   19.4411
   -7.5000  -45.0000   37.5000 6039.5449   22.6948
    0.0000  -45.0000   37.5000 6242.1919   22.7508
    7.5000  -45.0000   37.5000 5959.2261   22.8872
   -7.5000  -37.5000   37.5000 6869.8755   21.8323
    0.0000  -37.5000   37.5000 7086.4976   21.8902
    7.5000  -37.5000   37.5000 6738.3828   22.0229
   -7.5000  -30.0000   37.5000 7988.9185   21.1795
    0.0000  -30.0000   37.5000 8231.9863   21.2440
    7.5000  -30.0000   37.5000 7832.8750   21.3668
   -7.5000  -22.5000   37.5000 9118.7451   20.6207
    0.0000  -22.5000   37.5000 9404.9980   20.6839
    7.5000  -22.5000   37.5000 8962.9541   20.7939
   -7.5000  -15.0000   37.500010305.2197   20.2478
    0.0000  -15.0000   37.500010645.8604   20.3041
    7.5000  -15.0000   37.500010150.2725   20.4065
   -7.5000   -7.5000   37.500011513.4512   20.0080
    0.0000   -7.5000   37.500011889.6064   20.0552
    7.5000   -7.5000   37.500011308.6953   20.1577
   -7.5000    0.0000   37.500012733.4629   20.0164
    0.0000    0.0000   37.500013170.3271   20.0603
    7.5000    0.0000   37.500012463.0693   20.1683
   -7.5000    7.5000   37.500013076.2305   20.0834
    0.0000    7.5000   37.500013514.0029   20.1333
    7.5000    7.5000   37.500012695.7158   20.2465
   -7.5000   15.0000   37.500013145.3008   20.1318
    0.0000   15.0000   37.500013550.8398   20.1901
    7.5000   15.0000   37.500012726.3193   20.3028
   -7.5000   22.5000   37.500013016.2383   20.0963
    0.0000   22.5000   37.500013369.7168   20.1562
    7.5000   22.5000   37.500012609.3701   20.2625
   -7.5000   30.0000   37.500012817.1523   19.7824
    0.0000   30.0000   37.500013139.7588   19.8368
    7.5000   30.0000   37.500012391.4912   19.9368
   -7.5000   37.5000   37.500013033.4453   19.7409
    0.0000   37.5000   37.500013369.0059   19.7876
    7.5000   37.5000   37.500012560.1680   19.8889
   -7.5000   45.0000   37.500012599.1904   19.2935
    0.0000   45.0000   37.500012956.9805   19.3358
    7.5000   45.0000   37.500012205.0137   19.4399
   -7.5000  -45.0000   45.0000 5579.0259   22.6436
    0.0000  -45.0000   45.0000 5781.5869   22.6893
    7.5000  -45.0000   45.0000 5516.7173   22.8211
   -7.5000  -37.5000   45.0000 6308.8721   21.7849
    0.0000  -37.5000   45.0000 6525.6265   21.8323
    7.5000  -37.5000   45.0000 6200.2930   21.9651
   -7.5000  -30.0000   45.0000 7326.4175   21.1384
    0.0000  -30.0000   45.0000 7598.6338   21.1908
    7.5000  -30.0000   45.0000 7196.6821   21.3177
   -7.5000  -22.5000   45.0000 8373.7412   20.5797
    0.0000  -22.5000   45.0000 8706.7754   20.6310
    7.5000  -22.5000   45.0000 8228.8916   20.7428
   -7.5000  -15.0000   45.0000 9518.7080   20.2057
    0.0000  -15.0000   45.0000 9886.4092   20.2509
    7.5000  -15.0000   45.0000 9341.7412   20.3500
   -7.5000   -7.5000   45.000010684.9541   19.9637
    0.0000   -7.5000   45.000011110.9980   20.0015
    7.5000   -7.5000   45.000010439.3057   20.0985
   -7.5000    0.0000   45.000011802.3848   19.9707
    0.0000    0.0000   45.000012255.8203   20.0070
    7.5000    0.0000   45.000011529.6504   20.1109
   -7.5000    7.5000   45.000012051.1182   20.0391
    0.0000    7.5000   45.000012460.0996   20.0807
    7.5000    7.5000   45.000011738.5049   20.1944
   -7.5000   15.0000   45.000012035.0967   20.0893
    0.0000   15.0000   45.000012414.6777   20.1371
    7.5000   15.0000   45.000011732.0752   20.2536
   -7.5000   22.5000   45.000011868.1650   20.0550
    0.0000   22.5000   45.000012238.0762   20.1035
    7.5000   22.5000   45.000011603.0156   20.2115
   -7.5000   30.0000   45.000011652.3232   19.7394
    0.0000   30.0000   45.000012014.6436   19.7831
    7.5000   30.0000   45.000011407.7822   19.8799
   -7.5000   37.5000   45.000011859.4482   19.6954
    0.0000   37.5000   45.000012238.1045   19.7329
    7.5000   37.5000   45.000011579.0781   19.8287
   -7.5000   45.0000   45.000011560.0361   19.2582
    0.0000   45.0000   45.000011954.4854   19.2932
    7.5000   45.0000   45.000011297.5068   19.3934

---------------------------------------------------------------------
imgreg_4dfp /opt/freesurfer/average/711-2C_as_mni_average_305 /opt/freesurfer/average/711-2B_as_mni_average_305_mask talsrcimg_g11 none talsrcimg_to_711-2C_as_mni_average_305_t4 4355
---------------------------------------------------------------------

freesurfer imgreg_4dfp.c
/opt/freesurfer/average/711-2C_as_mni_average_305.4dfp.img
       256       256       256         1
  1.000000  1.000000  1.000000
orientation T byte_order littleendian
Reading image: /opt/freesurfer/average/711-2C_as_mni_average_305.4dfp.img
dimensions:      256       256       256
mmppix:       1.0000   -1.0000   -1.0000
center:     128.0000 -129.0000 -129.0000
/opt/freesurfer/average/711-2B_as_mni_average_305_mask.4dfp.img
       256       256       256         1
  1.000000  1.000000  1.000000
orientation T byte_order littleendian
Reading mask: /opt/freesurfer/average/711-2B_as_mni_average_305_mask.4dfp.img (2306576 pixels)
talsrcimg_g11.4dfp.img
       256       256       256         1
  1.000000  1.000000  1.000000
orientation T byte_order littleendian
Reading image: talsrcimg_g11.4dfp.img
dimensions:      256       256       256
mmppix:       1.0000   -1.0000   -1.0000
center:     128.0000 -129.0000 -129.0000
rotation matrix determinant  1.000000
image alignment mode   4355 decimal     1103 hex
   -7.5000  -37.5000  -37.5000 1568.8867   39.0698
    0.0000  -37.5000  -37.5000 1570.0842   38.9851
    7.5000  -37.5000  -37.5000 1540.4326   39.5327
   -7.5000  -30.0000  -37.5000 1678.6316   33.9146
    0.0000  -30.0000  -37.5000 1678.4307   33.8099
    7.5000  -30.0000  -37.5000 1656.7347   34.2742
   -7.5000  -22.5000  -37.5000 1791.7629   29.6372
    0.0000  -22.5000  -37.5000 1790.0281   29.5032
    7.5000  -22.5000  -37.5000 1774.0488   29.9341
   -7.5000  -15.0000  -37.5000 1909.3251   26.1219
    0.0000  -15.0000  -37.5000 1909.0691   26.0221
    7.5000  -15.0000  -37.5000 1891.4790   26.3775
   -7.5000   -7.5000  -37.5000 2016.6423   23.4949
    0.0000   -7.5000  -37.5000 2015.2596   23.4396
    7.5000   -7.5000  -37.5000 1996.1582   23.7325
   -7.5000    0.0000  -37.5000 2110.4844   21.7052
    0.0000    0.0000  -37.5000 2108.9128   21.6663
    7.5000    0.0000  -37.5000 2085.8604   21.8955
   -7.5000    7.5000  -37.5000 2172.3584   20.3896
    0.0000    7.5000  -37.5000 2167.6055   20.3837
    7.5000    7.5000  -37.5000 2144.3706   20.5811
   -7.5000   15.0000  -37.5000 2200.5261   19.4499
    0.0000   15.0000  -37.5000 2197.2554   19.4596
    7.5000   15.0000  -37.5000 2170.1543   19.7310
   -7.5000   22.5000  -37.5000 2214.9934   18.8401
    0.0000   22.5000  -37.5000 2215.5840   18.8543
    7.5000   22.5000  -37.5000 2190.4307   19.1736
   -7.5000   30.0000  -37.5000 2229.9456   18.6250
    0.0000   30.0000  -37.5000 2231.1748   18.6180
    7.5000   30.0000  -37.5000 2205.5425   18.9900
   -7.5000   37.5000  -37.5000 2230.6458   18.8294
    0.0000   37.5000  -37.5000 2228.4509   18.8396
    7.5000   37.5000  -37.5000 2197.2209   19.1976
   -7.5000   45.0000  -37.5000 2197.9431   19.3774
    0.0000   45.0000  -37.5000 2196.4495   19.3492
    7.5000   45.0000  -37.5000 2169.0588   19.7595
   -7.5000   52.5000  -37.5000 2132.8967   20.1166
    0.0000   52.5000  -37.5000 2132.0032   20.0894
    7.5000   52.5000  -37.5000 2109.3982   20.4898
   -7.5000  -37.5000  -30.0000 1669.5645   37.2841
    0.0000  -37.5000  -30.0000 1658.3331   37.3632
    7.5000  -37.5000  -30.0000 1638.1235   37.8070
   -7.5000  -30.0000  -30.0000 1776.7922   32.2667
    0.0000  -30.0000  -30.0000 1769.6453   32.2532
    7.5000  -30.0000  -30.0000 1756.1725   32.6216
   -7.5000  -22.5000  -30.0000 1898.7429   28.1302
    0.0000  -22.5000  -30.0000 1893.6439   28.0137
    7.5000  -22.5000  -30.0000 1878.7150   28.4197
   -7.5000  -15.0000  -30.0000 2031.3435   24.8340
    0.0000  -15.0000  -30.0000 2028.0367   24.7328
    7.5000  -15.0000  -30.0000 2005.1700   25.0936
   -7.5000   -7.5000  -30.0000 2151.0005   22.4387
    0.0000   -7.5000  -30.0000 2147.5933   22.3608
    7.5000   -7.5000  -30.0000 2122.2258   22.5778
   -7.5000    0.0000  -30.0000 2252.9514   20.7430
    0.0000    0.0000  -30.0000 2252.4727   20.7014
    7.5000    0.0000  -30.0000 2226.4724   20.8488
   -7.5000    7.5000  -30.0000 2314.1111   19.4763
    0.0000    7.5000  -30.0000 2310.7852   19.4361
    7.5000    7.5000  -30.0000 2292.3540   19.5960
   -7.5000   15.0000  -30.0000 2344.3621   18.6344
    0.0000   15.0000  -30.0000 2341.1328   18.5789
    7.5000   15.0000  -30.0000 2320.3982   18.7908
   -7.5000   22.5000  -30.0000 2358.1965   17.9914
    0.0000   22.5000  -30.0000 2359.3057   17.9655
    7.5000   22.5000  -30.0000 2337.8582   18.2537
   -7.5000   30.0000  -30.0000 2366.1270   17.7045
    0.0000   30.0000  -30.0000 2366.3872   17.6914
    7.5000   30.0000  -30.0000 2345.5127   17.9781
   -7.5000   37.5000  -30.0000 2364.3318   17.7633
    0.0000   37.5000  -30.0000 2363.4519   17.7543
    7.5000   37.5000  -30.0000 2334.5625   18.0883
   -7.5000   45.0000  -30.0000 2346.6382   18.2649
    0.0000   45.0000  -30.0000 2343.7507   18.2476
    7.5000   45.0000  -30.0000 2314.1611   18.5950
   -7.5000   52.5000  -30.0000 2286.6887   19.0060
    0.0000   52.5000  -30.0000 2285.8521   18.9987
    7.5000   52.5000  -30.0000 2257.5474   19.3563
   -7.5000  -37.5000  -22.5000 1734.1006   35.4926
    0.0000  -37.5000  -22.5000 1728.8662   35.5542
    7.5000  -37.5000  -22.5000 1718.1530   35.9826
   -7.5000  -30.0000  -22.5000 1853.4786   30.6865
    0.0000  -30.0000  -22.5000 1846.8658   30.6526
    7.5000  -30.0000  -22.5000 1841.7809   31.0012
   -7.5000  -22.5000  -22.5000 1984.3113   26.7678
    0.0000  -22.5000  -22.5000 1980.0760   26.6826
    7.5000  -22.5000  -22.5000 1970.1028   26.9280
   -7.5000  -15.0000  -22.5000 2123.1536   23.6037
    0.0000  -15.0000  -22.5000 2117.2639   23.5074
    7.5000  -15.0000  -22.5000 2105.5032   23.7382
   -7.5000   -7.5000  -22.5000 2258.5630   21.2552
    0.0000   -7.5000  -22.5000 2253.7129   21.1927
    7.5000   -7.5000  -22.5000 2234.0181   21.3937
   -7.5000    0.0000  -22.5000 2366.6462   19.6047
    0.0000    0.0000  -22.5000 2359.9937   19.5690
    7.5000    0.0000  -22.5000 2331.5381   19.7675
   -7.5000    7.5000  -22.5000 2434.9368   18.4606
    0.0000    7.5000  -22.5000 2427.6355   18.4088
    7.5000    7.5000  -22.5000 2396.6003   18.5793
   -7.5000   15.0000  -22.5000 2462.0532   17.6076
    0.0000   15.0000  -22.5000 2456.2600   17.5597
    7.5000   15.0000  -22.5000 2430.7678   17.7602
   -7.5000   22.5000  -22.5000 2488.0420   17.0233
    0.0000   22.5000  -22.5000 2482.2949   16.9607
    7.5000   22.5000  -22.5000 2457.1147   17.1940
   -7.5000   30.0000  -22.5000 2501.1594   16.7264
    0.0000   30.0000  -22.5000 2494.2708   16.6885
    7.5000   30.0000  -22.5000 2468.5776   16.9507
   -7.5000   37.5000  -22.5000 2496.4297   16.7673
    0.0000   37.5000  -22.5000 2490.1343   16.7500
    7.5000   37.5000  -22.5000 2467.0581   17.0360
   -7.5000   45.0000  -22.5000 2478.8650   17.2199
    0.0000   45.0000  -22.5000 2470.7148   17.1794
    7.5000   45.0000  -22.5000 2439.6265   17.4986
   -7.5000   52.5000  -22.5000 2413.5220   17.9302
    0.0000   52.5000  -22.5000 2408.8140   17.8918
    7.5000   52.5000  -22.5000 2377.1968   18.2543
   -7.5000  -37.5000  -15.0000 1780.2877   33.8521
    0.0000  -37.5000  -15.0000 1777.8480   33.7993
    7.5000  -37.5000  -15.0000 1769.7581   34.1638
   -7.5000  -30.0000  -15.0000 1907.8145   29.1518
    0.0000  -30.0000  -15.0000 1900.5433   29.0924
    7.5000  -30.0000  -15.0000 1897.3928   29.3553
   -7.5000  -22.5000  -15.0000 2043.5067   25.3694
    0.0000  -22.5000  -15.0000 2042.1782   25.3241
    7.5000  -22.5000  -15.0000 2028.8276   25.5112
   -7.5000  -15.0000  -15.0000 2191.7749   22.3816
    0.0000  -15.0000  -15.0000 2189.5491   22.3457
    7.5000  -15.0000  -15.0000 2169.4202   22.5003
   -7.5000   -7.5000  -15.0000 2331.3906   20.1023
    0.0000   -7.5000  -15.0000 2329.0146   20.1065
    7.5000   -7.5000  -15.0000 2299.9109   20.2842
   -7.5000    0.0000  -15.0000 2440.5156   18.4356
    0.0000    0.0000  -15.0000 2435.2954   18.4255
    7.5000    0.0000  -15.0000 2399.9978   18.6156
   -7.5000    7.5000  -15.0000 2513.4385   17.3148
    0.0000    7.5000  -15.0000 2506.9426   17.2923
    7.5000    7.5000  -15.0000 2475.4500   17.4978
   -7.5000   15.0000  -15.0000 2547.9756   16.5386
    0.0000   15.0000  -15.0000 2542.5586   16.5390
    7.5000   15.0000  -15.0000 2512.8254   16.7211
   -7.5000   22.5000  -15.0000 2583.9419   15.9799
    0.0000   22.5000  -15.0000 2580.1289   15.9408
    7.5000   22.5000  -15.0000 2552.6104   16.2035
   -7.5000   30.0000  -15.0000 2604.3262   15.7145
    0.0000   30.0000  -15.0000 2600.7583   15.6881
    7.5000   30.0000  -15.0000 2572.7322   15.9296
   -7.5000   37.5000  -15.0000 2602.6758   15.7597
    0.0000   37.5000  -15.0000 2598.3025   15.7286
    7.5000   37.5000  -15.0000 2566.3779   15.9950
   -7.5000   45.0000  -15.0000 2582.6711   16.2104
    0.0000   45.0000  -15.0000 2576.3018   16.1860
    7.5000   45.0000  -15.0000 2537.4263   16.4981
   -7.5000   52.5000  -15.0000 2515.4644   16.9162
    0.0000   52.5000  -15.0000 2509.2405   16.9077
    7.5000   52.5000  -15.0000 2469.1367   17.2359
   -7.5000  -37.5000   -7.5000 1811.3574   32.2417
    0.0000  -37.5000   -7.5000 1814.2429   32.2106
    7.5000  -37.5000   -7.5000 1802.1355   32.5942
   -7.5000  -30.0000   -7.5000 1941.8752   27.5869
    0.0000  -30.0000   -7.5000 1947.4473   27.6535
    7.5000  -30.0000   -7.5000 1927.4198   27.9014
   -7.5000  -22.5000   -7.5000 2085.8203   24.0169
    0.0000  -22.5000   -7.5000 2092.5359   24.0152
    7.5000  -22.5000   -7.5000 2070.7078   24.2622
   -7.5000  -15.0000   -7.5000 2241.9780   21.1223
    0.0000  -15.0000   -7.5000 2246.3496   21.1013
    7.5000  -15.0000   -7.5000 2218.2180   21.3425
   -7.5000   -7.5000   -7.5000 2382.4880   18.8847
    0.0000   -7.5000   -7.5000 2384.1912   18.9110
    7.5000   -7.5000   -7.5000 2350.5796   19.1641
   -7.5000    0.0000   -7.5000 2493.4912   17.3070
    0.0000    0.0000   -7.5000 2490.3440   17.3183
    7.5000    0.0000   -7.5000 2457.8452   17.5309
   -7.5000    7.5000   -7.5000 2569.7036   16.1667
    0.0000    7.5000   -7.5000 2572.3792   16.1959
    7.5000    7.5000   -7.5000 2540.5627   16.3890
   -7.5000   15.0000   -7.5000 2619.5125   15.4039
    0.0000   15.0000   -7.5000 2618.5266   15.4487
    7.5000   15.0000   -7.5000 2588.5369   15.6420
   -7.5000   22.5000   -7.5000 2665.5364   14.8991
    0.0000   22.5000   -7.5000 2665.6328   14.9182
    7.5000   22.5000   -7.5000 2633.9097   15.1528
   -7.5000   30.0000   -7.5000 2692.4314   14.6572
    0.0000   30.0000   -7.5000 2696.1477   14.7037
    7.5000   30.0000   -7.5000 2658.3071   14.9386
   -7.5000   37.5000   -7.5000 2694.7996   14.7144
    0.0000   37.5000   -7.5000 2695.0244   14.7438
    7.5000   37.5000   -7.5000 2656.7256   15.0028
   -7.5000   45.0000   -7.5000 2669.6326   15.1770
    0.0000   45.0000   -7.5000 2673.1423   15.2129
    7.5000   45.0000   -7.5000 2631.5671   15.5091
   -7.5000   52.5000   -7.5000 2594.9531   15.8505
    0.0000   52.5000   -7.5000 2597.8799   15.8794
    7.5000   52.5000   -7.5000 2553.2361   16.2128
   -7.5000  -37.5000    0.0000 1835.3958   31.1498
    0.0000  -37.5000    0.0000 1834.0659   31.1302
    7.5000  -37.5000    0.0000 1818.1322   31.4770
   -7.5000  -30.0000    0.0000 1970.8438   26.5547
    0.0000  -30.0000    0.0000 1970.6940   26.5422
    7.5000  -30.0000    0.0000 1951.9729   26.9155
   -7.5000  -22.5000    0.0000 2119.6069   22.9970
    0.0000  -22.5000    0.0000 2124.7742   22.9528
    7.5000  -22.5000    0.0000 2104.5330   23.2817
   -7.5000  -15.0000    0.0000 2274.4065   20.1131
    0.0000  -15.0000    0.0000 2283.3860   20.0687
    7.5000  -15.0000    0.0000 2253.5430   20.4484
   -7.5000   -7.5000    0.0000 2405.6235   17.9250
    0.0000   -7.5000    0.0000 2409.8062   17.9194
    7.5000   -7.5000    0.0000 2385.5303   18.3188
   -7.5000    0.0000    0.0000 2521.9988   16.3430
    0.0000    0.0000    0.0000 2527.3264   16.3791
    7.5000    0.0000    0.0000 2497.6753   16.6869
   -7.5000    7.5000    0.0000 2619.1094   15.2228
    0.0000    7.5000    0.0000 2626.0784   15.2579
    7.5000    7.5000    0.0000 2590.7217   15.5620
   -7.5000   15.0000    0.0000 2681.7124   14.4382
    0.0000   15.0000    0.0000 2685.2444   14.4784
    7.5000   15.0000    0.0000 2654.4512   14.7626
   -7.5000   22.5000    0.0000 2735.4268   13.9600
    0.0000   22.5000    0.0000 2741.8975   14.0222
    7.5000   22.5000    0.0000 2703.2468   14.2794
   -7.5000   30.0000    0.0000 2763.2935   13.7278
    0.0000   30.0000    0.0000 2774.1565   13.8041
    7.5000   30.0000    0.0000 2733.2327   14.1011
   -7.5000   37.5000    0.0000 2765.7532   13.8526
    0.0000   37.5000    0.0000 2774.1248   13.8857
    7.5000   37.5000    0.0000 2736.8516   14.2036
   -7.5000   45.0000    0.0000 2744.2896   14.3237
    0.0000   45.0000    0.0000 2749.6882   14.3372
    7.5000   45.0000    0.0000 2710.4854   14.7055
   -7.5000   52.5000    0.0000 2664.1182   14.9605
    0.0000   52.5000    0.0000 2666.4443   14.9734
    7.5000   52.5000    0.0000 2630.1147   15.3657
   -7.5000  -37.5000    7.5000 1855.4613   30.5177
    0.0000  -37.5000    7.5000 1849.9393   30.4479
    7.5000  -37.5000    7.5000 1831.3724   30.9559
   -7.5000  -30.0000    7.5000 1994.7468   25.9950
    0.0000  -30.0000    7.5000 1989.8783   25.9049
    7.5000  -30.0000    7.5000 1977.7506   26.4838
   -7.5000  -22.5000    7.5000 2147.7302   22.4127
    0.0000  -22.5000    7.5000 2146.6326   22.3129
    7.5000  -22.5000    7.5000 2130.4194   22.7807
   -7.5000  -15.0000    7.5000 2290.4072   19.4596
    0.0000  -15.0000    7.5000 2296.0767   19.4233
    7.5000  -15.0000    7.5000 2279.2378   19.9167
   -7.5000   -7.5000    7.5000 2422.3464   17.2877
    0.0000   -7.5000    7.5000 2428.8552   17.2882
    7.5000   -7.5000    7.5000 2409.0537   17.7385
   -7.5000    0.0000    7.5000 2547.1965   15.7258
    0.0000    0.0000    7.5000 2554.6394   15.7472
    7.5000    0.0000    7.5000 2527.7180   16.1731
   -7.5000    7.5000    7.5000 2659.5198   14.6018
    0.0000    7.5000    7.5000 2669.6887   14.6352
    7.5000    7.5000    7.5000 2628.5144   15.0099
   -7.5000   15.0000    7.5000 2738.3167   13.7982
    0.0000   15.0000    7.5000 2748.4192   13.8139
    7.5000   15.0000    7.5000 2703.8765   14.1979
   -7.5000   22.5000    7.5000 2796.7029   13.2347
    0.0000   22.5000    7.5000 2805.0637   13.2982
    7.5000   22.5000    7.5000 2761.8228   13.7013
   -7.5000   30.0000    7.5000 2828.9067   13.0366
    0.0000   30.0000    7.5000 2838.9065   13.1023
    7.5000   30.0000    7.5000 2796.0098   13.5145
   -7.5000   37.5000    7.5000 2837.1270   13.1951
    0.0000   37.5000    7.5000 2846.6926   13.2274
    7.5000   37.5000    7.5000 2804.8035   13.6419
   -7.5000   45.0000    7.5000 2809.7253   13.6715
    0.0000   45.0000    7.5000 2813.0933   13.6892
    7.5000   45.0000    7.5000 2776.3486   14.1246
   -7.5000   52.5000    7.5000 2722.4407   14.3418
    0.0000   52.5000    7.5000 2724.4260   14.3495
    7.5000   52.5000    7.5000 2690.2061   14.7778
   -7.5000  -37.5000   15.0000 1858.6509   30.2120
    0.0000  -37.5000   15.0000 1845.0834   30.0677
    7.5000  -37.5000   15.0000 1834.5220   30.8542
   -7.5000  -30.0000   15.0000 2001.3954   25.8036
    0.0000  -30.0000   15.0000 1993.3567   25.6248
    7.5000  -30.0000   15.0000 1979.5897   26.3640
   -7.5000  -22.5000   15.0000 2147.6521   22.0717
    0.0000  -22.5000   15.0000 2145.2358   21.9684
    7.5000  -22.5000   15.0000 2130.6931   22.5774
   -7.5000  -15.0000   15.0000 2293.6584   19.0874
    0.0000  -15.0000   15.0000 2293.5767   19.0586
    7.5000  -15.0000   15.0000 2285.4343   19.6836
   -7.5000   -7.5000   15.0000 2431.0762   16.8985
    0.0000   -7.5000   15.0000 2434.4744   16.8867
    7.5000   -7.5000   15.0000 2419.8318   17.5230
   -7.5000    0.0000   15.0000 2556.5049   15.3814
    0.0000    0.0000   15.0000 2560.1042   15.3593
    7.5000    0.0000   15.0000 2539.9497   15.9496
   -7.5000    7.5000   15.0000 2668.5293   14.2695
    0.0000    7.5000   15.0000 2678.7507   14.2679
    7.5000    7.5000   15.0000 2646.5476   14.7985
   -7.5000   15.0000   15.0000 2765.8262   13.4483
    0.0000   15.0000   15.0000 2776.6260   13.4588
    7.5000   15.0000   15.0000 2732.5911   13.9556
   -7.5000   22.5000   15.0000 2837.5327   12.7774
    0.0000   22.5000   15.0000 2846.9932   12.8310
    7.5000   22.5000   15.0000 2800.7109   13.4111
   -7.5000   30.0000   15.0000 2875.9622   12.5155
    0.0000   30.0000   15.0000 2891.8047   12.5606
    7.5000   30.0000   15.0000 2844.3210   13.1623
   -7.5000   37.5000   15.0000 2885.6863   12.7715
    0.0000   37.5000   15.0000 2897.8335   12.7899
    7.5000   37.5000   15.0000 2855.3608   13.3277
   -7.5000   45.0000   15.0000 2849.7991   13.3064
    0.0000   45.0000   15.0000 2853.0200   13.3331
    7.5000   45.0000   15.0000 2823.5164   13.8542
   -7.5000   52.5000   15.0000 2755.7939   13.9990
    0.0000   52.5000   15.0000 2759.5793   14.0488
    7.5000   52.5000   15.0000 2735.3167   14.5805
   -7.5000  -37.5000   22.5000 1844.3124   30.4819
    0.0000  -37.5000   22.5000 1830.5354   30.1570
    7.5000  -37.5000   22.5000 1832.9447   31.2344
   -7.5000  -30.0000   22.5000 2006.0085   25.9921
    0.0000  -30.0000   22.5000 1990.4329   25.6208
    7.5000  -30.0000   22.5000 1983.2900   26.5520
   -7.5000  -22.5000   22.5000 2146.2327   22.0198
    0.0000  -22.5000   22.5000 2138.8726   21.7724
    7.5000  -22.5000   22.5000 2129.8401   22.6553
   -7.5000  -15.0000   22.5000 2287.5396   19.0171
    0.0000  -15.0000   22.5000 2284.0076   18.8179
    7.5000  -15.0000   22.5000 2281.2380   19.6688
   -7.5000   -7.5000   22.5000 2426.2544   16.8544
    0.0000   -7.5000   22.5000 2424.5757   16.7075
    7.5000   -7.5000   22.5000 2414.6008   17.4462
   -7.5000    0.0000   22.5000 2553.6946   15.3352
    0.0000    0.0000   22.5000 2548.8091   15.2055
    7.5000    0.0000   22.5000 2532.7764   15.9225
   -7.5000    7.5000   22.5000 2668.2888   14.2367
    0.0000    7.5000   22.5000 2662.6792   14.1033
    7.5000    7.5000   22.5000 2644.8218   14.7929
   -7.5000   15.0000   22.5000 2769.1267   13.4473
    0.0000   15.0000   22.5000 2771.4854   13.3265
    7.5000   15.0000   22.5000 2741.5203   13.9669
   -7.5000   22.5000   22.5000 2857.4302   12.6831
    0.0000   22.5000   22.5000 2859.7156   12.6491
    7.5000   22.5000   22.5000 2821.8838   13.3794
   -7.5000   30.0000   22.5000 2916.1738   12.2754
    0.0000   30.0000   22.5000 2917.3748   12.2583
    7.5000   30.0000   22.5000 2879.0437   13.1627
   -7.5000   37.5000   22.5000 2920.3167   12.6332
    0.0000   37.5000   22.5000 2925.7839   12.6142
    7.5000   37.5000   22.5000 2886.3733   13.3619
   -7.5000   45.0000   22.5000 2861.8701   13.2982
    0.0000   45.0000   22.5000 2871.0364   13.2939
    7.5000   45.0000   22.5000 2844.5986   13.8818
   -7.5000   52.5000   22.5000 2771.2551   14.0062
    0.0000   52.5000   22.5000 2777.6687   14.0080
    7.5000   52.5000   22.5000 2749.4480   14.5172
   -7.5000  -37.5000   30.0000 1824.6307   31.1489
    0.0000  -37.5000   30.0000 1795.1809   30.5534
    7.5000  -37.5000   30.0000 1810.7323   31.6150
   -7.5000  -30.0000   30.0000 1981.2393   26.4130
    0.0000  -30.0000   30.0000 1961.3268   25.9512
    7.5000  -30.0000   30.0000 1958.4408   26.7819
   -7.5000  -22.5000   30.0000 2122.7412   22.3776
    0.0000  -22.5000   30.0000 2114.9492   22.0128
    7.5000  -22.5000   30.0000 2110.9434   22.9096
   -7.5000  -15.0000   30.0000 2270.7415   19.2865
    0.0000  -15.0000   30.0000 2268.7314   19.0062
    7.5000  -15.0000   30.0000 2265.5933   19.8755
   -7.5000   -7.5000   30.0000 2413.5012   17.0702
    0.0000   -7.5000   30.0000 2410.7847   16.8253
    7.5000   -7.5000   30.0000 2402.0708   17.6393
   -7.5000    0.0000   30.0000 2535.6333   15.5026
    0.0000    0.0000   30.0000 2526.6157   15.2621
    7.5000    0.0000   30.0000 2524.6899   16.1396
   -7.5000    7.5000   30.0000 2652.6453   14.4181
    0.0000    7.5000   30.0000 2641.7842   14.2098
    7.5000    7.5000   30.0000 2639.3677   14.9932
   -7.5000   15.0000   30.0000 2751.9993   13.6156
    0.0000   15.0000   30.0000 2750.2544   13.4601
    7.5000   15.0000   30.0000 2733.2888   14.1170
   -7.5000   22.5000   30.0000 2846.2791   12.9305
    0.0000   22.5000   30.0000 2843.1389   12.7972
    7.5000   22.5000   30.0000 2817.3354   13.4900
   -7.5000   30.0000   30.0000 2912.9521   12.6683
    0.0000   30.0000   30.0000 2916.6851   12.5821
    7.5000   30.0000   30.0000 2866.7749   13.2129
   -7.5000   37.5000   30.0000 2921.0547   12.9504
    0.0000   37.5000   30.0000 2928.6394   12.9263
    7.5000   37.5000   30.0000 2865.3794   13.3935
   -7.5000   45.0000   30.0000 2865.9961   13.5082
    0.0000   45.0000   30.0000 2870.9045   13.4987
    7.5000   45.0000   30.0000 2826.5610   13.9140
   -7.5000   52.5000   30.0000 2766.4900   14.1630
    0.0000   52.5000   30.0000 2770.5847   14.1341
    7.5000   52.5000   30.0000 2736.2495   14.5378
   -7.5000  -37.5000   37.5000 1809.8270   32.2423
    0.0000  -37.5000   37.5000 1781.5483   31.7065
    7.5000  -37.5000   37.5000 1784.6205   32.6427
   -7.5000  -30.0000   37.5000 1962.5593   27.1434
    0.0000  -30.0000   37.5000 1939.4847   26.6773
    7.5000  -30.0000   37.5000 1936.7955   27.5453
   -7.5000  -22.5000   37.5000 2102.1680   22.9044
    0.0000  -22.5000   37.5000 2088.7866   22.4585
    7.5000  -22.5000   37.5000 2091.2891   23.3868
   -7.5000  -15.0000   37.5000 2252.6541   19.6828
    0.0000  -15.0000   37.5000 2243.4077   19.3852
    7.5000  -15.0000   37.5000 2245.6860   20.2077
   -7.5000   -7.5000   37.5000 2397.7749   17.4880
    0.0000   -7.5000   37.5000 2388.9980   17.2329
    7.5000   -7.5000   37.5000 2385.1499   18.0035
   -7.5000    0.0000   37.5000 2522.3408   16.0077
    0.0000    0.0000   37.5000 2520.1069   15.8454
    7.5000    0.0000   37.5000 2505.5015   16.4913
   -7.5000    7.5000   37.5000 2643.8469   14.9721
    0.0000    7.5000   37.5000 2642.4270   14.8345
    7.5000    7.5000   37.5000 2613.8091   15.3858
   -7.5000   15.0000   37.5000 2743.3853   14.1345
    0.0000   15.0000   37.5000 2738.1187   13.9777
    7.5000   15.0000   37.5000 2707.2715   14.5504
   -7.5000   22.5000   37.5000 2828.9663   13.4665
    0.0000   22.5000   37.5000 2821.6860   13.3447
    7.5000   22.5000   37.5000 2786.2231   13.8768
   -7.5000   30.0000   37.5000 2884.9333   13.2572
    0.0000   30.0000   37.5000 2878.2458   13.1621
    7.5000   30.0000   37.5000 2835.4114   13.5695
   -7.5000   37.5000   37.5000 2891.0918   13.4063
    0.0000   37.5000   37.5000 2891.8711   13.3376
    7.5000   37.5000   37.5000 2833.3572   13.7097
   -7.5000   45.0000   37.5000 2834.3923   13.9053
    0.0000   45.0000   37.5000 2838.2031   13.8411
    7.5000   45.0000   37.5000 2794.1804   14.2163
   -7.5000   52.5000   37.5000 2736.4258   14.5161
    0.0000   52.5000   37.5000 2740.7239   14.4481
    7.5000   52.5000   37.5000 2708.9038   14.8481
   -7.5000  -37.5000   45.0000 1769.6606   33.1837
    0.0000  -37.5000   45.0000 1751.1128   32.7959
    7.5000  -37.5000   45.0000 1746.5995   33.6431
   -7.5000  -30.0000   45.0000 1925.5100   27.8872
    0.0000  -30.0000   45.0000 1910.0736   27.6029
    7.5000  -30.0000   45.0000 1901.0626   28.3691
   -7.5000  -22.5000   45.0000 2075.4929   23.6149
    0.0000  -22.5000   45.0000 2070.4629   23.4369
    7.5000  -22.5000   45.0000 2056.6707   24.0823
   -7.5000  -15.0000   45.0000 2233.5959   20.4836
    0.0000  -15.0000   45.0000 2232.3635   20.3416
    7.5000  -15.0000   45.0000 2215.9243   20.9242
   -7.5000   -7.5000   45.0000 2386.7849   18.2920
    0.0000   -7.5000   45.0000 2386.5435   18.1916
    7.5000   -7.5000   45.0000 2355.4480   18.7476
   -7.5000    0.0000   45.0000 2510.7295   16.8012
    0.0000    0.0000   45.0000 2513.2932   16.7178
    7.5000    0.0000   45.0000 2474.0022   17.2378
   -7.5000    7.5000   45.0000 2625.5894   15.6732
    0.0000    7.5000   45.0000 2621.2439   15.5395
    7.5000    7.5000   45.0000 2582.8557   16.0991
   -7.5000   15.0000   45.0000 2713.6741   14.7610
    0.0000   15.0000   45.0000 2708.5964   14.5999
    7.5000   15.0000   45.0000 2667.1514   15.1845
   -7.5000   22.5000   45.0000 2784.3496   14.0965
    0.0000   22.5000   45.0000 2777.5881   13.9911
    7.5000   22.5000   45.0000 2742.1714   14.4747
   -7.5000   30.0000   45.0000 2821.2620   13.8353
    0.0000   30.0000   45.0000 2820.4949   13.7374
    7.5000   30.0000   45.0000 2780.6633   14.1711
   -7.5000   37.5000   45.0000 2831.2803   13.9237
    0.0000   37.5000   45.0000 2833.9104   13.8500
    7.5000   37.5000   45.0000 2777.9944   14.2286
   -7.5000   45.0000   45.0000 2783.1731   14.4044
    0.0000   45.0000   45.0000 2791.1584   14.3210
    7.5000   45.0000   45.0000 2740.8394   14.6799
   -7.5000   52.5000   45.0000 2694.1604   15.0014
    0.0000   52.5000   45.0000 2697.3015   14.9334
    7.5000   52.5000   45.0000 2662.8406   15.2842
   -7.5000  -37.5000   52.5000 1734.4575   34.4780
    0.0000  -37.5000   52.5000 1718.1417   34.1595
    7.5000  -37.5000   52.5000 1708.7712   35.0735
   -7.5000  -30.0000   52.5000 1890.0658   29.0200
    0.0000  -30.0000   52.5000 1880.0454   28.8156
    7.5000  -30.0000   52.5000 1864.9330   29.5855
   -7.5000  -22.5000   52.5000 2046.5776   24.6998
    0.0000  -22.5000   52.5000 2042.1943   24.5707
    7.5000  -22.5000   52.5000 2027.2941   25.1786
   -7.5000  -15.0000   52.5000 2209.5264   21.4775
    0.0000  -15.0000   52.5000 2214.1226   21.4393
    7.5000  -15.0000   52.5000 2186.7407   21.9356
   -7.5000   -7.5000   52.5000 2359.3101   19.2412
    0.0000   -7.5000   52.5000 2366.1794   19.1891
    7.5000   -7.5000   52.5000 2326.0364   19.6590
   -7.5000    0.0000   52.5000 2475.5811   17.6260
    0.0000    0.0000   52.5000 2482.5649   17.5605
    7.5000    0.0000   52.5000 2443.1985   18.0862
   -7.5000    7.5000   52.5000 2579.1296   16.4426
    0.0000    7.5000   52.5000 2590.1794   16.3430
    7.5000    7.5000   52.5000 2542.6970   16.9044
   -7.5000   15.0000   52.5000 2659.1492   15.4997
    0.0000   15.0000   52.5000 2663.7646   15.4024
    7.5000   15.0000   52.5000 2617.0095   15.9608
   -7.5000   22.5000   52.5000 2717.8171   14.8523
    0.0000   22.5000   52.5000 2720.6367   14.7621
    7.5000   22.5000   52.5000 2683.5212   15.2208
   -7.5000   30.0000   52.5000 2754.3958   14.5985
    0.0000   30.0000   52.5000 2762.9331   14.4929
    7.5000   30.0000   52.5000 2718.2195   14.9045
   -7.5000   37.5000   52.5000 2758.0615   14.6520
    0.0000   37.5000   52.5000 2769.2942   14.5648
    7.5000   37.5000   52.5000 2716.3723   14.9462
   -7.5000   45.0000   52.5000 2715.5667   15.1089
    0.0000   45.0000   52.5000 2727.4387   15.0382
    7.5000   45.0000   52.5000 2679.2515   15.3852
   -7.5000   52.5000   52.5000 2633.6760   15.6802
    0.0000   52.5000   52.5000 2638.3713   15.6247
    7.5000   52.5000   52.5000 2598.5813   15.9677

---------------------------------------------------------------------
imgreg_4dfp /opt/freesurfer/average/711-2C_as_mni_average_305 /opt/freesurfer/average/711-2B_as_mni_average_305_mask talsrcimg_g11 none talsrcimg_to_711-2C_as_mni_average_305_t4 1283
---------------------------------------------------------------------

freesurfer imgreg_4dfp.c
/opt/freesurfer/average/711-2C_as_mni_average_305.4dfp.img
       256       256       256         1
  1.000000  1.000000  1.000000
orientation T byte_order littleendian
Reading image: /opt/freesurfer/average/711-2C_as_mni_average_305.4dfp.img
dimensions:      256       256       256
mmppix:       1.0000   -1.0000   -1.0000
center:     128.0000 -129.0000 -129.0000
/opt/freesurfer/average/711-2B_as_mni_average_305_mask.4dfp.img
       256       256       256         1
  1.000000  1.000000  1.000000
orientation T byte_order littleendian
Reading mask: /opt/freesurfer/average/711-2B_as_mni_average_305_mask.4dfp.img (2306576 pixels)
talsrcimg_g11.4dfp.img
       256       256       256         1
  1.000000  1.000000  1.000000
orientation T byte_order littleendian
Reading image: talsrcimg_g11.4dfp.img
dimensions:      256       256       256
mmppix:       1.0000   -1.0000   -1.0000
center:     128.0000 -129.0000 -129.0000
rotation matrix determinant  1.000000
fimgreg.f
image alignment mode   1283 decimal      503 hex
parameters
    0.0000   37.5000   30.0000    0.0000    0.0000    0.0000
eta,q 0.91964 12.95894
niter,ni,del,rscale     5    3   12.0000    1.2000
parameter  1  0.604583 ->  0.500000 qaram    1.1500
parameter  2  0.667248 ->  0.500000 qaram    1.1500
parameters
   -3.4500   34.0500   28.4889    0.4830    0.1644    0.2671
eta,q 0.92470 12.65199
  0.0835  0.0776  0.0765  0.0861  0.0866  0.0815
  0.0799  0.0752  0.0745  0.0806  0.0801  0.0789
  0.0791  0.0758  0.0754  0.0761  0.0759  0.0767
  0.0846  0.0783  0.0756  0.0750  0.0752  0.0754
  0.0879  0.0828  0.0749  0.0765  0.0774  0.0755
  0.0890  0.0872  0.0769  0.0790  0.0808  0.0777
  0.0943  0.0908  0.0799  0.0825  0.0839  0.0811
niter,ni,del,rscale     6    3   12.0000    1.2000
parameters
   -4.1118   34.7194   28.3797    0.4206    0.4588    0.3964
eta,q 0.92479 12.68469
  0.0829  0.0932  0.0793  0.0855  0.0868  0.0806
  0.0808  0.0842  0.0763  0.0790  0.0814  0.0782
  0.0770  0.0765  0.0744  0.0753  0.0765  0.0763
  0.0753  0.0749  0.0754  0.0753  0.0752  0.0752
  0.0817  0.0773  0.0760  0.0775  0.0766  0.0754
  0.0827  0.0813  0.0768  0.0805  0.0802  0.0775
  0.0836  0.0861  0.0789  0.0843  0.0844  0.0806
niter,ni,del,rscale     5    3   12.0000    1.2000
parameters
   -3.8966   34.8870   28.3313    0.4084    0.4437    0.4676
eta,q 0.92446 12.68745
  0.0861  0.0904  0.0785  0.0854  0.0860  0.0807
  0.0818  0.0812  0.0755  0.0790  0.0801  0.0783
  0.0787  0.0753  0.0745  0.0754  0.0759  0.0765
  0.0752  0.0754  0.0756  0.0756  0.0756  0.0756
  0.0808  0.0780  0.0755  0.0776  0.0776  0.0756
  0.0834  0.0822  0.0759  0.0804  0.0814  0.0779
  0.0830  0.0868  0.0781  0.0839  0.0847  0.0809
niter,ni,del,rscale     4    3   12.0000    1.2000
parameters
   -3.8477   34.9313   28.3316    0.3988    0.4229    0.4778
eta,q 0.92437 12.68907
  0.0856  0.0898  0.0785  0.0855  0.0860  0.0807
  0.0820  0.0806  0.0755  0.0790  0.0801  0.0783
  0.0784  0.0751  0.0745  0.0755  0.0759  0.0765
  0.0755  0.0756  0.0757  0.0757  0.0757  0.0756
  0.0815  0.0782  0.0756  0.0776  0.0777  0.0757
  0.0833  0.0824  0.0758  0.0804  0.0815  0.0781
  0.0833  0.0871  0.0779  0.0839  0.0847  0.0810
registration optimization eta report
parameter search radius
    6.9000    6.9000    6.0000    6.0000    6.0000    6.0000
100000*second partial in parameter space
       14.       27.        9.       25.       27.       15.
  0.0856  0.0898  0.0785  0.0855  0.0860  0.0807
  0.0820  0.0806  0.0755  0.0790  0.0801  0.0783
  0.0784  0.0751  0.0745  0.0755  0.0759  0.0765
  0.0755  0.0756  0.0757  0.0757  0.0757  0.0756
  0.0815  0.0782  0.0756  0.0776  0.0777  0.0757
  0.0833  0.0824  0.0758  0.0804  0.0815  0.0781
  0.0833  0.0871  0.0779  0.0839  0.0847  0.0810
   -3.8477   34.9313   28.3316    0.3988    0.4229    0.4778
eta,q 0.92437 12.68907

---------------------------------------------------------------------
imgreg_4dfp /opt/freesurfer/average/711-2C_as_mni_average_305 /opt/freesurfer/average/711-2B_as_mni_average_305_mask talsrcimg_g11 none talsrcimg_to_711-2C_as_mni_average_305_t4 3335
---------------------------------------------------------------------

freesurfer imgreg_4dfp.c
/opt/freesurfer/average/711-2C_as_mni_average_305.4dfp.img
       256       256       256         1
  1.000000  1.000000  1.000000
orientation T byte_order littleendian
Reading image: /opt/freesurfer/average/711-2C_as_mni_average_305.4dfp.img
dimensions:      256       256       256
mmppix:       1.0000   -1.0000   -1.0000
center:     128.0000 -129.0000 -129.0000
/opt/freesurfer/average/711-2B_as_mni_average_305_mask.4dfp.img
       256       256       256         1
  1.000000  1.000000  1.000000
orientation T byte_order littleendian
Reading mask: /opt/freesurfer/average/711-2B_as_mni_average_305_mask.4dfp.img (2306576 pixels)
talsrcimg_g11.4dfp.img
       256       256       256         1
  1.000000  1.000000  1.000000
orientation T byte_order littleendian
Reading image: talsrcimg_g11.4dfp.img
dimensions:      256       256       256
mmppix:       1.0000   -1.0000   -1.0000
center:     128.0000 -129.0000 -129.0000
fimgreg.f
image alignment mode   3335 decimal      D07 hex
parameters
   -3.8477   34.9313   28.3316   -0.0062   -0.0059   -0.0051
   -0.8390   -0.7322    0.8339   -0.7022    0.7380    0.6960
eta,q 0.92449 12.57271
niter,ni,del,rscale     5    3    5.0000    1.2000
parameter  1 -0.800086 -> -0.500000 qaram    1.1500
parameter  4 -3.476697 ->  0.500000 qaram    1.1500
parameter  5  1.662324 ->  0.500000 qaram    1.1500
parameter  6  1.877794 ->  0.500000 qaram    1.1500
parameter 12 -0.662889 -> -0.500000 qaram    1.1500
parameters
   -2.4677   35.1198   28.4313   -4.1462   -4.1459   -4.1451
   -0.0871    2.6664   -1.4110    2.1584    1.3682    4.8360
eta,q 0.94461 12.44552
  0.0768  0.0768  0.0766  0.0592  0.0614  0.0555  0.0603  0.0666  0.0572  0.0611  0.0584  0.0589
  0.0763  0.0760  0.0759  0.0646  0.0627  0.0577  0.0593  0.0639  0.0568  0.0594  0.0572  0.0578
  0.0759  0.0754  0.0754  0.0706  0.0643  0.0596  0.0586  0.0608  0.0567  0.0579  0.0564  0.0568
  0.0755  0.0752  0.0752  0.0752  0.0663  0.0631  0.0582  0.0582  0.0568  0.0567  0.0560  0.0560
  0.0752  0.0752  0.0753  0.0791  0.0687  0.0687  0.0583  0.0569  0.0571  0.0561  0.0562  0.0555
  0.0751  0.0756  0.0758  0.0833  0.0716  0.0739  0.0587  0.0573  0.0576  0.0563  0.0567  0.0554
  0.0753  0.0764  0.0763  0.0870  0.0753  0.0777  0.0596  0.0590  0.0582  0.0575  0.0577  0.0557
niter,ni,del,rscale     7    3    5.0000    1.2000
parameter  2  0.555759 ->  0.500000 qaram    1.1500
parameter  3  0.950343 ->  0.500000 qaram    1.1500
parameter  4  5.322571 ->  0.500000 qaram    1.3225
parameter  5  3.331842 ->  0.500000 qaram    1.3225
parameter  6  0.616134 ->  0.500000 qaram    1.3225
parameter 10  0.501251 ->  0.500000 qaram    1.1500
parameter 12  2.185271 ->  0.500000 qaram    1.3225
parameters
   -2.6296   33.7398   27.0513   -8.9072   -8.9069   -8.9061
    0.0009    1.7889    0.1472   -1.9816    1.3487    0.0750
eta,q 0.96606 12.10655
  0.0585  0.0552  0.0538  0.0384  0.0355  0.0362  0.0383  0.0411  0.0376  0.0359  0.0366  0.0335
  0.0569  0.0549  0.0538  0.0409  0.0375  0.0360  0.0371  0.0379  0.0368  0.0352  0.0358  0.0338
  0.0557  0.0550  0.0542  0.0461  0.0397  0.0361  0.0363  0.0362  0.0362  0.0353  0.0353  0.0344
  0.0554  0.0554  0.0549  0.0539  0.0421  0.0381  0.0360  0.0360  0.0359  0.0358  0.0352  0.0352
  0.0559  0.0563  0.0559  0.0615  0.0444  0.0426  0.0361  0.0371  0.0359  0.0369  0.0353  0.0361
  0.0573  0.0577  0.0571  0.0667  0.0473  0.0489  0.0369  0.0401  0.0361  0.0386  0.0358  0.0370
  0.0594  0.0593  0.0586  0.0724  0.0507  0.0567  0.0382  0.0447  0.0366  0.0407  0.0366  0.0380
niter,ni,del,rscale     7    3    5.0000    1.2000
parameter  2  1.526330 ->  0.500000 qaram    1.3225
parameter  3  1.395034 ->  0.500000 qaram    1.3225
parameter  4  0.635217 ->  0.500000 qaram    1.5209
parameter  5  0.839227 ->  0.500000 qaram    1.5209
parameters
   -3.1259   32.1528   25.4643  -14.3823  -14.3821   -8.2783
   -0.0225    1.1811    0.4442   -1.4696   -0.4831   -2.0570
eta,q 0.98040 12.10776
  0.0380  0.0293  0.0253  0.0250  0.0215  0.0275  0.0234  0.0246  0.0226  0.0259  0.0204  0.0212
  0.0351  0.0299  0.0263  0.0239  0.0203  0.0247  0.0215  0.0217  0.0212  0.0228  0.0199  0.0202
  0.0337  0.0314  0.0279  0.0240  0.0208  0.0223  0.0203  0.0202  0.0202  0.0207  0.0197  0.0196
  0.0339  0.0336  0.0302  0.0267  0.0238  0.0202  0.0199  0.0199  0.0199  0.0198  0.0198  0.0197
  0.0356  0.0363  0.0331  0.0333  0.0279  0.0190  0.0203  0.0208  0.0201  0.0202  0.0201  0.0204
  0.0383  0.0393  0.0366  0.0426  0.0316  0.0208  0.0215  0.0229  0.0209  0.0219  0.0208  0.0217
  0.0420  0.0424  0.0406  0.0499  0.0352  0.0280  0.0235  0.0266  0.0222  0.0246  0.0217  0.0235
niter,ni,del,rscale     7    3    5.0000    1.2000
parameters
   -2.9218   32.0745   24.1220  -15.3764  -14.8703   -8.3313
   -0.3243    1.5832    0.9906   -0.6758   -0.2708   -1.6088
eta,q 0.98048 12.07137
  0.0262  0.0254  0.0200  0.0271  0.0273  0.0264  0.0226  0.0257  0.0223  0.0256  0.0206  0.0220
  0.0230  0.0222  0.0193  0.0236  0.0238  0.0236  0.0210  0.0221  0.0209  0.0224  0.0200  0.0206
  0.0207  0.0202  0.0191  0.0209  0.0209  0.0213  0.0199  0.0202  0.0200  0.0204  0.0197  0.0198
  0.0196  0.0196  0.0196  0.0191  0.0195  0.0196  0.0196  0.0196  0.0196  0.0196  0.0195  0.0195
  0.0199  0.0204  0.0208  0.0194  0.0205  0.0182  0.0201  0.0200  0.0197  0.0199  0.0196  0.0197
  0.0216  0.0226  0.0227  0.0241  0.0245  0.0204  0.0213  0.0216  0.0204  0.0213  0.0199  0.0204
  0.0247  0.0260  0.0257  0.0339  0.0293  0.0299  0.0232  0.0243  0.0217  0.0236  0.0205  0.0215
niter,ni,del,rscale     6    3    5.0000    1.2000
parameters
   -2.8487   32.3029   23.9577  -15.3106  -15.0077   -8.5540
   -0.4096    1.6137    0.8122   -0.4718    0.0519   -1.7900
eta,q 0.98041 12.05607
  0.0252  0.0260  0.0219  0.0282  0.0275  0.0262  0.0228  0.0250  0.0218  0.0247  0.0206  0.0217
  0.0222  0.0227  0.0205  0.0245  0.0240  0.0235  0.0211  0.0218  0.0206  0.0219  0.0201  0.0205
  0.0203  0.0204  0.0198  0.0216  0.0211  0.0212  0.0200  0.0201  0.0198  0.0202  0.0197  0.0198
  0.0195  0.0195  0.0195  0.0195  0.0194  0.0195  0.0196  0.0196  0.0196  0.0196  0.0196  0.0196
  0.0200  0.0199  0.0198  0.0188  0.0202  0.0181  0.0200  0.0202  0.0199  0.0201  0.0197  0.0199
  0.0217  0.0215  0.0208  0.0220  0.0238  0.0207  0.0212  0.0218  0.0207  0.0217  0.0200  0.0206
  0.0247  0.0244  0.0226  0.0305  0.0286  0.0305  0.0230  0.0248  0.0221  0.0241  0.0205  0.0218
niter,ni,del,rscale     5    3    5.0000    1.2000
parameters
   -2.8326   32.3857   23.9139  -15.2565  -15.0610   -8.5898
   -0.3834    1.5942    0.6671   -0.3451    0.1626   -1.8630
eta,q 0.98040 12.05446
  0.0250  0.0255  0.0221  0.0282  0.0277  0.0264  0.0229  0.0249  0.0218  0.0246  0.0206  0.0217
  0.0221  0.0223  0.0208  0.0246  0.0242  0.0237  0.0212  0.0217  0.0206  0.0218  0.0201  0.0205
  0.0203  0.0203  0.0199  0.0216  0.0212  0.0213  0.0200  0.0201  0.0198  0.0201  0.0197  0.0198
  0.0196  0.0196  0.0196  0.0196  0.0196  0.0196  0.0196  0.0196  0.0196  0.0196  0.0196  0.0196
  0.0201  0.0201  0.0198  0.0189  0.0202  0.0182  0.0200  0.0202  0.0199  0.0202  0.0197  0.0198
  0.0219  0.0219  0.0208  0.0221  0.0238  0.0204  0.0211  0.0218  0.0207  0.0217  0.0200  0.0206
  0.0249  0.0249  0.0224  0.0305  0.0285  0.0299  0.0229  0.0249  0.0220  0.0242  0.0205  0.0218
niter,ni,del,rscale     4    3    5.0000    1.2000
parameters
   -2.8330   32.4184   23.8921  -15.2389  -15.0867   -8.6069
   -0.3599    1.5831    0.6116   -0.2970    0.2109   -1.8892
eta,q 0.98039 12.05329
  0.0249  0.0253  0.0222  0.0282  0.0277  0.0265  0.0229  0.0249  0.0219  0.0245  0.0205  0.0218
  0.0221  0.0222  0.0208  0.0246  0.0242  0.0237  0.0212  0.0217  0.0206  0.0217  0.0200  0.0205
  0.0203  0.0203  0.0200  0.0216  0.0213  0.0213  0.0200  0.0201  0.0199  0.0201  0.0197  0.0199
  0.0196  0.0196  0.0196  0.0196  0.0196  0.0196  0.0196  0.0196  0.0196  0.0196  0.0196  0.0196
  0.0202  0.0202  0.0198  0.0189  0.0202  0.0182  0.0200  0.0202  0.0198  0.0202  0.0197  0.0198
  0.0220  0.0221  0.0208  0.0221  0.0237  0.0203  0.0211  0.0218  0.0206  0.0217  0.0200  0.0206
  0.0250  0.0250  0.0223  0.0306  0.0285  0.0298  0.0229  0.0249  0.0220  0.0242  0.0205  0.0218
niter,ni,del,rscale     3    3    5.0000    1.2000
parameters
   -2.8346   32.4332   23.8851  -15.2312  -15.0985   -8.6137
   -0.3482    1.5786    0.5860   -0.2732    0.2372   -1.9010
eta,q 0.98039 12.05287
  0.0249  0.0252  0.0222  0.0282  0.0277  0.0265  0.0229  0.0249  0.0219  0.0244  0.0205  0.0218
  0.0221  0.0222  0.0208  0.0246  0.0242  0.0237  0.0212  0.0217  0.0207  0.0217  0.0200  0.0205
  0.0203  0.0203  0.0200  0.0216  0.0213  0.0213  0.0200  0.0201  0.0199  0.0201  0.0197  0.0199
  0.0196  0.0196  0.0196  0.0196  0.0196  0.0196  0.0196  0.0196  0.0196  0.0196  0.0196  0.0196
  0.0202  0.0202  0.0198  0.0190  0.0202  0.0182  0.0200  0.0202  0.0198  0.0202  0.0197  0.0198
  0.0220  0.0221  0.0207  0.0221  0.0237  0.0203  0.0211  0.0218  0.0206  0.0218  0.0200  0.0206
  0.0250  0.0251  0.0223  0.0307  0.0285  0.0298  0.0229  0.0249  0.0220  0.0242  0.0205  0.0218
registration optimization eta report
parameter search radius
    2.7600    3.1740    3.1740   10.9503   10.9503    9.5220
    7.2000    7.2000    7.2000    8.2800    7.2000    9.5220
100000*second partial in parameter space
       70.       55.       26.        8.        7.       10.
        6.       10.        4.        7.        2.        2.
  0.0249  0.0252  0.0222  0.0282  0.0277  0.0265  0.0229  0.0249  0.0219  0.0244  0.0205  0.0218
  0.0221  0.0222  0.0208  0.0246  0.0242  0.0237  0.0212  0.0217  0.0207  0.0217  0.0200  0.0205
  0.0203  0.0203  0.0200  0.0216  0.0213  0.0213  0.0200  0.0201  0.0199  0.0201  0.0197  0.0199
  0.0196  0.0196  0.0196  0.0196  0.0196  0.0196  0.0196  0.0196  0.0196  0.0196  0.0196  0.0196
  0.0202  0.0202  0.0198  0.0190  0.0202  0.0182  0.0200  0.0202  0.0198  0.0202  0.0197  0.0198
  0.0220  0.0221  0.0207  0.0221  0.0237  0.0203  0.0211  0.0218  0.0206  0.0218  0.0200  0.0206
  0.0250  0.0251  0.0223  0.0307  0.0285  0.0298  0.0229  0.0249  0.0220  0.0242  0.0205  0.0218
   -2.8346   32.4332   23.8851  -15.2312  -15.0985   -8.6137
   -0.3482    1.5786    0.5860   -0.2732    0.2372   -1.9010
eta,q 0.98039 12.05287

---------------------------------------------------------------------
imgreg_4dfp /opt/freesurfer/average/711-2C_as_mni_average_305 /opt/freesurfer/average/711-2B_as_mni_average_305_mask talsrcimg_g11 none talsrcimg_to_711-2C_as_mni_average_305_t4 2311
---------------------------------------------------------------------

freesurfer imgreg_4dfp.c
/opt/freesurfer/average/711-2C_as_mni_average_305.4dfp.img
       256       256       256         1
  1.000000  1.000000  1.000000
orientation T byte_order littleendian
Reading image: /opt/freesurfer/average/711-2C_as_mni_average_305.4dfp.img
dimensions:      256       256       256
mmppix:       1.0000   -1.0000   -1.0000
center:     128.0000 -129.0000 -129.0000
/opt/freesurfer/average/711-2B_as_mni_average_305_mask.4dfp.img
       256       256       256         1
  1.000000  1.000000  1.000000
orientation T byte_order littleendian
Reading mask: /opt/freesurfer/average/711-2B_as_mni_average_305_mask.4dfp.img (2306576 pixels)
talsrcimg_g11.4dfp.img
       256       256       256         1
  1.000000  1.000000  1.000000
orientation T byte_order littleendian
Reading image: talsrcimg_g11.4dfp.img
dimensions:      256       256       256
mmppix:       1.0000   -1.0000   -1.0000
center:     128.0000 -129.0000 -129.0000
fimgreg.f
image alignment mode   2311 decimal      907 hex
parameters
   -2.8346   32.4332   23.8851  -15.2312  -15.0985   -8.6137
   -0.3482    1.5786    0.5860   -0.2732    0.2372   -1.9010
eta,q 0.98039 12.05287
niter,ni,del,rscale     5    3    5.0000    0.8000
parameter  4 -0.583883 -> -0.500000 qaram    1.1500
parameter  6 -0.777244 -> -0.500000 qaram    1.1500
parameters
   -2.8089   32.4326   23.9866  -12.4712  -14.7392   -5.8537
   -0.5029    1.7489    0.4696   -0.3501    0.0576   -2.6413
eta,q 0.98247 12.23139
  0.0215  0.0211  0.0204  0.0225  0.0212  0.0219  0.0193  0.0228  0.0187  0.0198  0.0186  0.0181
  0.0205  0.0203  0.0200  0.0213  0.0201  0.0208  0.0183  0.0199  0.0181  0.0186  0.0180  0.0177
  0.0198  0.0198  0.0197  0.0204  0.0193  0.0197  0.0177  0.0181  0.0177  0.0178  0.0176  0.0176
  0.0196  0.0196  0.0196  0.0196  0.0189  0.0188  0.0175  0.0175  0.0175  0.0175  0.0175  0.0175
  0.0198  0.0198  0.0196  0.0190  0.0189  0.0180  0.0178  0.0180  0.0177  0.0178  0.0177  0.0177
  0.0204  0.0203  0.0198  0.0189  0.0195  0.0175  0.0185  0.0195  0.0181  0.0186  0.0181  0.0180
  0.0214  0.0211  0.0202  0.0195  0.0208  0.0183  0.0196  0.0220  0.0189  0.0200  0.0188  0.0186
niter,ni,del,rscale     6    3    5.0000    0.9000
parameters
   -3.0297   32.2026   24.1258  -13.7471  -14.6067   -6.8999
   -0.0802    1.5138    0.7596   -0.2909   -0.3253   -1.9751
eta,q 0.98193 12.19197
  0.0201  0.0190  0.0194  0.0203  0.0204  0.0212  0.0205  0.0219  0.0197  0.0206  0.0188  0.0191
  0.0185  0.0181  0.0183  0.0190  0.0191  0.0198  0.0193  0.0195  0.0189  0.0192  0.0183  0.0186
  0.0177  0.0175  0.0177  0.0180  0.0182  0.0187  0.0185  0.0183  0.0183  0.0184  0.0181  0.0182
  0.0175  0.0175  0.0175  0.0174  0.0177  0.0177  0.0181  0.0181  0.0181  0.0181  0.0181  0.0181
  0.0182  0.0179  0.0176  0.0183  0.0178  0.0179  0.0182  0.0187  0.0182  0.0183  0.0182  0.0181
  0.0196  0.0188  0.0180  0.0212  0.0186  0.0212  0.0188  0.0201  0.0186  0.0191  0.0185  0.0183
  0.0218  0.0201  0.0188  0.0261  0.0204  0.0279  0.0199  0.0226  0.0194  0.0205  0.0190  0.0187
niter,ni,del,rscale     5    3    5.0000    0.8000
parameters
   -2.9498   32.1914   23.9799  -13.5908  -14.4162   -6.8646
   -0.2395    1.6397    0.8398   -0.3299   -0.3265   -1.9512
eta,q 0.98203 12.20297
  0.0205  0.0196  0.0188  0.0212  0.0203  0.0213  0.0196  0.0217  0.0192  0.0199  0.0187  0.0186
  0.0192  0.0188  0.0183  0.0199  0.0192  0.0200  0.0187  0.0195  0.0185  0.0188  0.0183  0.0182
  0.0184  0.0182  0.0181  0.0188  0.0184  0.0190  0.0181  0.0183  0.0181  0.0182  0.0180  0.0181
  0.0181  0.0181  0.0181  0.0181  0.0180  0.0180  0.0180  0.0180  0.0180  0.0180  0.0180  0.0180
  0.0182  0.0182  0.0182  0.0179  0.0181  0.0174  0.0182  0.0183  0.0181  0.0182  0.0181  0.0180
  0.0189  0.0188  0.0186  0.0190  0.0188  0.0186  0.0188  0.0194  0.0185  0.0188  0.0183  0.0182
  0.0201  0.0197  0.0191  0.0215  0.0201  0.0226  0.0198  0.0212  0.0191  0.0200  0.0186  0.0186
niter,ni,del,rscale     4    3    5.0000    0.7000
parameters
   -2.9451   32.1719   23.9629  -13.3894  -14.3411   -6.5157
   -0.2538    1.6384    0.8248   -0.3490   -0.3043   -2.0473
eta,q 0.98225 12.21941
  0.0197  0.0192  0.0186  0.0205  0.0196  0.0207  0.0191  0.0207  0.0187  0.0193  0.0184  0.0182
  0.0188  0.0185  0.0183  0.0195  0.0188  0.0197  0.0184  0.0189  0.0182  0.0185  0.0180  0.0180
  0.0182  0.0181  0.0180  0.0186  0.0182  0.0188  0.0179  0.0180  0.0179  0.0180  0.0178  0.0178
  0.0180  0.0180  0.0180  0.0180  0.0179  0.0179  0.0177  0.0177  0.0177  0.0177  0.0177  0.0177
  0.0182  0.0181  0.0181  0.0178  0.0180  0.0174  0.0179  0.0181  0.0178  0.0179  0.0178  0.0178
  0.0187  0.0185  0.0183  0.0187  0.0186  0.0182  0.0184  0.0190  0.0182  0.0184  0.0180  0.0180
  0.0197  0.0193  0.0187  0.0206  0.0196  0.0208  0.0191  0.0206  0.0187  0.0194  0.0183  0.0183
niter,ni,del,rscale     3    3    5.0000    0.6000
parameters
   -2.9586   32.1510   23.9836  -13.2412  -14.3091   -6.2213
   -0.2529    1.6181    0.8139   -0.3675   -0.2869   -2.1150
eta,q 0.98240 12.23036
  0.0190  0.0187  0.0183  0.0197  0.0190  0.0200  0.0186  0.0198  0.0183  0.0188  0.0181  0.0179
  0.0183  0.0181  0.0180  0.0189  0.0184  0.0192  0.0181  0.0185  0.0179  0.0182  0.0178  0.0178
  0.0179  0.0178  0.0178  0.0182  0.0179  0.0184  0.0177  0.0178  0.0177  0.0178  0.0176  0.0176
  0.0178  0.0177  0.0178  0.0178  0.0177  0.0177  0.0176  0.0176  0.0176  0.0176  0.0176  0.0176
  0.0179  0.0179  0.0178  0.0177  0.0178  0.0174  0.0177  0.0179  0.0177  0.0177  0.0177  0.0176
  0.0184  0.0182  0.0180  0.0183  0.0182  0.0180  0.0180  0.0186  0.0179  0.0181  0.0178  0.0178
  0.0191  0.0187  0.0183  0.0199  0.0190  0.0201  0.0186  0.0198  0.0183  0.0189  0.0181  0.0180
niter,ni,del,rscale     2    3    5.0000    0.5000
parameters
   -2.9702   32.1361   24.0161  -13.1050  -14.2818   -5.9270
   -0.2707    1.6057    0.8079   -0.4206   -0.2362   -2.2189
eta,q 0.98254 12.23827
  0.0185  0.0182  0.0181  0.0191  0.0185  0.0194  0.0182  0.0191  0.0179  0.0183  0.0179  0.0177
  0.0180  0.0179  0.0178  0.0185  0.0180  0.0188  0.0178  0.0182  0.0177  0.0178  0.0176  0.0176
  0.0177  0.0177  0.0176  0.0179  0.0177  0.0181  0.0176  0.0176  0.0175  0.0176  0.0175  0.0175
  0.0176  0.0176  0.0176  0.0176  0.0176  0.0176  0.0175  0.0175  0.0175  0.0175  0.0175  0.0175
  0.0177  0.0177  0.0176  0.0176  0.0176  0.0174  0.0175  0.0177  0.0175  0.0176  0.0175  0.0175
  0.0180  0.0179  0.0178  0.0181  0.0179  0.0179  0.0178  0.0182  0.0177  0.0179  0.0176  0.0176
  0.0186  0.0183  0.0180  0.0191  0.0185  0.0193  0.0182  0.0191  0.0180  0.0184  0.0178  0.0178
niter,ni,del,rscale     1    3    5.0000    0.4000
parameters
   -2.9784   32.1232   24.0648  -12.9872  -14.2864   -5.6516
   -0.2860    1.6039    0.7839   -0.4678   -0.1923   -2.3776
eta,q 0.98263 12.24383
  0.0181  0.0179  0.0178  0.0185  0.0180  0.0188  0.0178  0.0185  0.0177  0.0179  0.0177  0.0175
  0.0177  0.0176  0.0176  0.0181  0.0177  0.0183  0.0176  0.0179  0.0175  0.0176  0.0175  0.0174
  0.0175  0.0175  0.0175  0.0177  0.0175  0.0178  0.0174  0.0175  0.0174  0.0174  0.0174  0.0174
  0.0175  0.0175  0.0175  0.0175  0.0174  0.0174  0.0174  0.0174  0.0174  0.0174  0.0174  0.0174
  0.0175  0.0175  0.0175  0.0175  0.0175  0.0173  0.0174  0.0175  0.0174  0.0174  0.0174  0.0174
  0.0178  0.0177  0.0176  0.0178  0.0177  0.0177  0.0176  0.0179  0.0175  0.0176  0.0175  0.0175
  0.0181  0.0179  0.0177  0.0185  0.0181  0.0186  0.0179  0.0185  0.0177  0.0180  0.0176  0.0176
registration optimization eta report
parameter search radius
    0.8000    0.8000    0.8000    2.7600    2.4000    2.7600
    2.4000    2.4000    2.4000    2.4000    2.4000    2.4000
100000*second partial in parameter space
      100.       67.       48.       14.       10.       17.
        8.       20.        5.       10.        5.        3.
  0.0181  0.0179  0.0178  0.0185  0.0180  0.0188  0.0178  0.0185  0.0177  0.0179  0.0177  0.0175
  0.0177  0.0176  0.0176  0.0181  0.0177  0.0183  0.0176  0.0179  0.0175  0.0176  0.0175  0.0174
  0.0175  0.0175  0.0175  0.0177  0.0175  0.0178  0.0174  0.0175  0.0174  0.0174  0.0174  0.0174
  0.0175  0.0175  0.0175  0.0175  0.0174  0.0174  0.0174  0.0174  0.0174  0.0174  0.0174  0.0174
  0.0175  0.0175  0.0175  0.0175  0.0175  0.0173  0.0174  0.0175  0.0174  0.0174  0.0174  0.0174
  0.0178  0.0177  0.0176  0.0178  0.0177  0.0177  0.0176  0.0179  0.0175  0.0176  0.0175  0.0175
  0.0181  0.0179  0.0177  0.0185  0.0181  0.0186  0.0179  0.0185  0.0177  0.0180  0.0176  0.0176
   -2.9784   32.1232   24.0648  -12.9872  -14.2864   -5.6516
   -0.2860    1.6039    0.7839   -0.4678   -0.1923   -2.3776
eta,q 0.98263 12.24383

---------------------------------------------------------------------
imgreg_4dfp /opt/freesurfer/average/711-2C_as_mni_average_305 /opt/freesurfer/average/711-2B_as_mni_average_305_mask talsrcimg_g11 none talsrcimg_to_711-2C_as_mni_average_305_t4 2311
---------------------------------------------------------------------

freesurfer imgreg_4dfp.c
/opt/freesurfer/average/711-2C_as_mni_average_305.4dfp.img
       256       256       256         1
  1.000000  1.000000  1.000000
orientation T byte_order littleendian
Reading image: /opt/freesurfer/average/711-2C_as_mni_average_305.4dfp.img
dimensions:      256       256       256
mmppix:       1.0000   -1.0000   -1.0000
center:     128.0000 -129.0000 -129.0000
/opt/freesurfer/average/711-2B_as_mni_average_305_mask.4dfp.img
       256       256       256         1
  1.000000  1.000000  1.000000
orientation T byte_order littleendian
Reading mask: /opt/freesurfer/average/711-2B_as_mni_average_305_mask.4dfp.img (2306576 pixels)
talsrcimg_g11.4dfp.img
       256       256       256         1
  1.000000  1.000000  1.000000
orientation T byte_order littleendian
Reading image: talsrcimg_g11.4dfp.img
dimensions:      256       256       256
mmppix:       1.0000   -1.0000   -1.0000
center:     128.0000 -129.0000 -129.0000
fimgreg.f
image alignment mode   2311 decimal      907 hex
parameters
   -2.9784   32.1232   24.0648  -12.9872  -14.2864   -5.6516
   -0.2860    1.6039    0.7839   -0.4678   -0.1923   -2.3776
eta,q 0.98263 12.24383
niter,ni,del,rscale     5    3    5.0000    0.8000
parameters
   -3.0105   32.1072   24.1436  -13.5801  -14.5358   -6.3196
   -0.1950    1.5591    0.8685   -0.4387   -0.3853   -2.0218
eta,q 0.98226 12.21229
  0.0198  0.0190  0.0189  0.0195  0.0195  0.0200  0.0195  0.0214  0.0190  0.0198  0.0185  0.0185
  0.0185  0.0181  0.0180  0.0186  0.0184  0.0191  0.0186  0.0192  0.0183  0.0187  0.0180  0.0181
  0.0177  0.0176  0.0176  0.0178  0.0178  0.0182  0.0180  0.0180  0.0179  0.0180  0.0178  0.0179
  0.0174  0.0174  0.0174  0.0174  0.0175  0.0175  0.0178  0.0178  0.0177  0.0177  0.0177  0.0177
  0.0177  0.0176  0.0175  0.0177  0.0177  0.0177  0.0179  0.0182  0.0178  0.0179  0.0179  0.0178
  0.0186  0.0182  0.0179  0.0191  0.0186  0.0196  0.0185  0.0194  0.0182  0.0186  0.0181  0.0179
  0.0201  0.0191  0.0186  0.0218  0.0201  0.0237  0.0194  0.0214  0.0189  0.0199  0.0186  0.0183
niter,ni,del,rscale     4    3    5.0000    0.7000
parameters
   -2.9536   32.1374   24.0416  -13.2978  -14.4196   -6.2230
   -0.2778    1.6538    0.8667   -0.4268   -0.3296   -2.1134
eta,q 0.98238 12.22488
  0.0196  0.0190  0.0184  0.0198  0.0194  0.0200  0.0189  0.0209  0.0185  0.0193  0.0183  0.0181
  0.0186  0.0183  0.0180  0.0190  0.0186  0.0191  0.0182  0.0189  0.0180  0.0184  0.0179  0.0178
  0.0180  0.0179  0.0178  0.0183  0.0180  0.0184  0.0178  0.0179  0.0177  0.0178  0.0177  0.0177
  0.0177  0.0177  0.0177  0.0177  0.0177  0.0177  0.0176  0.0176  0.0176  0.0176  0.0176  0.0176
  0.0179  0.0179  0.0179  0.0176  0.0177  0.0174  0.0178  0.0179  0.0177  0.0178  0.0177  0.0177
  0.0184  0.0182  0.0182  0.0182  0.0183  0.0182  0.0183  0.0189  0.0180  0.0183  0.0179  0.0178
  0.0194  0.0189  0.0186  0.0197  0.0194  0.0205  0.0191  0.0205  0.0186  0.0193  0.0182  0.0182
niter,ni,del,rscale     3    3    5.0000    0.6000
parameters
   -2.9633   32.1351   24.0363  -13.1310  -14.3607   -5.9646
   -0.2785    1.6394    0.8280   -0.4410   -0.2781   -2.2172
eta,q 0.98252 12.23459
  0.0189  0.0186  0.0182  0.0192  0.0189  0.0195  0.0185  0.0199  0.0182  0.0187  0.0180  0.0178
  0.0182  0.0180  0.0179  0.0186  0.0182  0.0188  0.0180  0.0185  0.0178  0.0181  0.0177  0.0176
  0.0178  0.0177  0.0177  0.0180  0.0178  0.0182  0.0176  0.0177  0.0176  0.0176  0.0175  0.0175
  0.0176  0.0176  0.0176  0.0176  0.0176  0.0176  0.0175  0.0175  0.0175  0.0175  0.0175  0.0175
  0.0178  0.0177  0.0177  0.0176  0.0177  0.0174  0.0176  0.0178  0.0176  0.0176  0.0175  0.0175
  0.0182  0.0180  0.0179  0.0181  0.0181  0.0179  0.0179  0.0186  0.0178  0.0180  0.0177  0.0177
  0.0190  0.0186  0.0182  0.0192  0.0189  0.0195  0.0185  0.0199  0.0182  0.0188  0.0180  0.0179
niter,ni,del,rscale     2    3    5.0000    0.5000
parameters
   -2.9746   32.1275   24.0717  -13.0332  -14.3433   -5.7155
   -0.2828    1.6197    0.8103   -0.4754   -0.2252   -2.3448
eta,q 0.98261 12.24019
  0.0184  0.0181  0.0180  0.0187  0.0184  0.0190  0.0181  0.0191  0.0179  0.0183  0.0178  0.0177
  0.0179  0.0178  0.0177  0.0182  0.0179  0.0185  0.0177  0.0181  0.0176  0.0178  0.0176  0.0175
  0.0176  0.0176  0.0175  0.0177  0.0176  0.0179  0.0175  0.0176  0.0175  0.0175  0.0174  0.0174
  0.0175  0.0175  0.0175  0.0175  0.0175  0.0175  0.0174  0.0174  0.0174  0.0174  0.0174  0.0174
  0.0176  0.0176  0.0175  0.0175  0.0175  0.0173  0.0175  0.0176  0.0174  0.0175  0.0174  0.0174
  0.0179  0.0178  0.0177  0.0179  0.0178  0.0178  0.0177  0.0182  0.0176  0.0178  0.0176  0.0175
  0.0185  0.0182  0.0179  0.0187  0.0184  0.0189  0.0181  0.0191  0.0179  0.0183  0.0178  0.0177
niter,ni,del,rscale     1    3    5.0000    0.4000
parameters
   -2.9802   32.1205   24.1167  -12.9432  -14.3284   -5.5023
   -0.2931    1.6129    0.7812   -0.5032   -0.1865   -2.4697
eta,q 0.98266 12.24476
  0.0180  0.0178  0.0178  0.0182  0.0180  0.0185  0.0178  0.0185  0.0176  0.0179  0.0176  0.0175
  0.0177  0.0176  0.0176  0.0178  0.0177  0.0181  0.0176  0.0178  0.0175  0.0176  0.0175  0.0174
  0.0175  0.0174  0.0174  0.0176  0.0175  0.0177  0.0174  0.0174  0.0174  0.0174  0.0174  0.0173
  0.0174  0.0174  0.0174  0.0174  0.0174  0.0174  0.0173  0.0173  0.0173  0.0173  0.0173  0.0173
  0.0175  0.0174  0.0174  0.0174  0.0174  0.0173  0.0174  0.0175  0.0174  0.0174  0.0174  0.0174
  0.0177  0.0176  0.0175  0.0177  0.0176  0.0176  0.0176  0.0178  0.0175  0.0176  0.0175  0.0174
  0.0181  0.0178  0.0177  0.0182  0.0180  0.0184  0.0178  0.0185  0.0177  0.0180  0.0176  0.0176
registration optimization eta report
parameter search radius
    0.8000    0.8000    0.8000    2.4000    2.4000    2.4000
    2.4000    2.4000    2.4000    2.4000    2.4000    2.4000
100000*second partial in parameter space
      101.       66.       51.       14.       10.       19.
        8.       20.        5.       11.        5.        3.
  0.0180  0.0178  0.0178  0.0182  0.0180  0.0185  0.0178  0.0185  0.0176  0.0179  0.0176  0.0175
  0.0177  0.0176  0.0176  0.0178  0.0177  0.0181  0.0176  0.0178  0.0175  0.0176  0.0175  0.0174
  0.0175  0.0174  0.0174  0.0176  0.0175  0.0177  0.0174  0.0174  0.0174  0.0174  0.0174  0.0173
  0.0174  0.0174  0.0174  0.0174  0.0174  0.0174  0.0173  0.0173  0.0173  0.0173  0.0173  0.0173
  0.0175  0.0174  0.0174  0.0174  0.0174  0.0173  0.0174  0.0175  0.0174  0.0174  0.0174  0.0174
  0.0177  0.0176  0.0175  0.0177  0.0176  0.0176  0.0176  0.0178  0.0175  0.0176  0.0175  0.0174
  0.0181  0.0178  0.0177  0.0182  0.0180  0.0184  0.0178  0.0185  0.0177  0.0180  0.0176  0.0176
   -2.9802   32.1205   24.1167  -12.9432  -14.3284   -5.5023
   -0.2931    1.6129    0.7812   -0.5032   -0.1865   -2.4697
eta,q 0.98266 12.24476

---------------------------------------------------------------------
compute_vox2vox talsrcimg talsrcimg_to_711-2C_as_mni_average_305_t4 /opt/freesurfer/average/711-2C_as_mni_average_305
---------------------------------------------------------------------

freesurfer compute_vox2vox.c
Reading: talsrcimg.4dfp.ifh
Reading: talsrcimg_to_711-2C_as_mni_average_305_t4
Reading: /opt/freesurfer/average/711-2C_as_mni_average_305.4dfp.ifh
Writing: talsrcimg_to_711-2C_as_mni_average_305_t4_vox2vox.txt

start time Mon Mar 9 05:18:13 CET 2026
end		time Mon Mar 9 05:19:38 CET 2026

mpr2mni305 success

avi2talxfm orig_nu.mgz /opt/freesurfer/average/mni305.cor.mgz talsrcimg_to_711-2C_as_mni_average_305_t4_vox2vox.txt transforms/talairach.auto.xfm
avi2talxfm done
mv -f /out/sourcedata/freesurfer/sub-v1s18x0051236_ses-1/mri/talsrcimg_to_711-2C_as_mni_average_305_t4_vox2vox.txt /out/sourcedata/freesurfer/sub-v1s18x0051236_ses-1/mri/transforms/talsrcimg_to_711-2C_as_mni_average_305_t4_vox2vox.txt
lta_convert --src orig_nu.mgz --trg /opt/freesurfer/average/mni305.cor.mgz --inxfm transforms/talairach.auto.xfm --outlta transforms/talairach.auto.xfm.lta --subject fsaverage
7.3.2

--src: orig_nu.mgz src image (geometry).
--trg: /opt/freesurfer/average/mni305.cor.mgz trg image (geometry).
--inmni: transforms/talairach.auto.xfm input MNI/XFM transform.
--outlta: transforms/talairach.auto.xfm.lta output LTA.
--s: fsaverage subject name
 LTA read, type : 1
 1.14860  -0.01959   0.00337  -1.54198;
 0.00199   1.05835   0.03052  -34.17438;
-0.01046   0.00640   1.16740  -23.32780;
 0.00000   0.00000   0.00000   1.00000;
setting subject to fsaverage
Writing  LTA to file transforms/talairach.auto.xfm.lta...
lta_convert successful.
 
 
Started at Mon Mar 9 05:18:12 CET 2026
Ended   at Mon Mar  9 05:19:38 CET 2026
talairach_avi done
