status file for recon-all
Mon Mar  9 04:22:07 CET 2026
#@# MotionCor Mon Mar  9 04:22:09 CET 2026
#@# Talairach Mon Mar  9 04:22:16 CET 2026
#@# Talairach Failure Detection Mon Mar  9 04:26:41 CET 2026
#@# Nu Intensity Correction Mon Mar  9 04:26:41 CET 2026
#@# Intensity Normalization Mon Mar  9 04:29:56 CET 2026
recon-all -s sub-v1s18x0051223_ses-1 finished without error at Mon Mar  9 04:31:23 CET 2026



#New# invocation of recon-all 



status file for recon-all
Mon Mar  9 04:38:20 CET 2026
#@# EM Registration Mon Mar  9 04:38:20 CET 2026
recon-all -s sub-v1s18x0051223_ses-1 finished without error at Mon Mar  9 04:39:56 CET 2026



#New# invocation of recon-all 



status file for recon-all
Mon Mar  9 04:39:59 CET 2026
#@# CA Normalize Mon Mar  9 04:39:59 CET 2026
#@# CA Reg Mon Mar  9 04:41:20 CET 2026
#@# SubCort Seg Mon Mar  9 05:22:38 CET 2026
#@# CC Seg Mon Mar  9 05:48:14 CET 2026
#@# Merge ASeg Mon Mar  9 05:48:55 CET 2026
#@# Intensity Normalization2 Mon Mar  9 05:48:55 CET 2026
#@# Mask BFS Mon Mar  9 05:51:10 CET 2026
#@# WM Segmentation Mon Mar  9 05:51:10 CET 2026
#@# Fill Mon Mar  9 05:52:58 CET 2026
recon-all -s sub-v1s18x0051223_ses-1 finished without error at Mon Mar  9 05:53:59 CET 2026



#New# invocation of recon-all 



status file for recon-all
Mon Mar  9 06:27:41 CET 2026
#@# white curv lh Mon Mar  9 06:27:41 CET 2026
#@# white area lh Mon Mar  9 06:27:41 CET 2026
#@# pial curv lh Mon Mar  9 06:27:41 CET 2026
#@# pial area lh Mon Mar  9 06:27:41 CET 2026
#@# thickness lh Mon Mar  9 06:27:41 CET 2026
#@# area and vertex vol lh Mon Mar  9 06:27:41 CET 2026
#@# white curv rh Mon Mar  9 06:27:41 CET 2026
#@# white area rh Mon Mar  9 06:27:41 CET 2026
#@# pial curv rh Mon Mar  9 06:27:41 CET 2026
#@# pial area rh Mon Mar  9 06:27:41 CET 2026
#@# thickness rh Mon Mar  9 06:27:41 CET 2026
#@# area and vertex vol rh Mon Mar  9 06:27:41 CET 2026
#@# Cortical ribbon mask Mon Mar  9 06:27:41 CET 2026
recon-all -s sub-v1s18x0051223_ses-1 finished without error at Mon Mar  9 06:31:37 CET 2026



#New# invocation of recon-all 



status file for recon-all
Mon Mar  9 06:37:09 CET 2026
#@# white curv lh Mon Mar  9 06:37:09 CET 2026
#@# white area lh Mon Mar  9 06:37:09 CET 2026
#@# pial curv lh Mon Mar  9 06:37:09 CET 2026
#@# pial area lh Mon Mar  9 06:37:09 CET 2026
#@# thickness lh Mon Mar  9 06:37:09 CET 2026
#@# area and vertex vol lh Mon Mar  9 06:37:09 CET 2026
#@# white curv rh Mon Mar  9 06:37:09 CET 2026
#@# white area rh Mon Mar  9 06:37:09 CET 2026
#@# pial curv rh Mon Mar  9 06:37:09 CET 2026
#@# pial area rh Mon Mar  9 06:37:09 CET 2026
#@# thickness rh Mon Mar  9 06:37:09 CET 2026
#@# area and vertex vol rh Mon Mar  9 06:37:09 CET 2026
#@# Curvature Stats lh Mon Mar  9 06:37:09 CET 2026
#@# Curvature Stats rh Mon Mar  9 06:37:12 CET 2026
#@# Relabel Hypointensities Mon Mar  9 06:37:14 CET 2026
#@# APas-to-ASeg Mon Mar  9 06:37:27 CET 2026
#@# AParc-to-ASeg aparc Mon Mar  9 06:37:34 CET 2026
#@# AParc-to-ASeg aparc.a2009s Mon Mar  9 06:38:03 CET 2026
#@# AParc-to-ASeg aparc.DKTatlas Mon Mar  9 06:38:32 CET 2026
#@# WMParc Mon Mar  9 06:39:01 CET 2026
#@# ASeg Stats Mon Mar  9 06:42:29 CET 2026
recon-all -s sub-v1s18x0051223_ses-1 finished without error at Mon Mar  9 06:43:00 CET 2026
