status file for recon-all
Mon Mar  9 06:10:32 CET 2026
#@# Tessellate rh Mon Mar  9 06:10:32 CET 2026
#@# Smooth1 rh Mon Mar  9 06:10:36 CET 2026
#@# Inflation1 rh Mon Mar  9 06:10:38 CET 2026
#@# QSphere rh Mon Mar  9 06:10:47 CET 2026
#@# Fix Topology rh Mon Mar  9 06:11:48 CET 2026
#@# Smooth2 rh Mon Mar  9 06:16:18 CET 2026
#@# Inflation2 rh Mon Mar  9 06:16:20 CET 2026
#@# Curv .H and .K rh Mon Mar  9 06:16:30 CET 2026
#@# Sphere rh Mon Mar  9 06:17:12 CET 2026
#@# Surf Reg rh Mon Mar  9 06:18:45 CET 2026
#@# Jacobian white rh Mon Mar  9 06:21:23 CET 2026
#@# AvgCurv rh Mon Mar  9 06:21:23 CET 2026
#@# Cortical Parc rh Mon Mar  9 06:21:24 CET 2026
#@# white curv rh Mon Mar  9 06:26:42 CET 2026
#@# white area rh Mon Mar  9 06:26:44 CET 2026
#@# pial curv rh Mon Mar  9 06:26:44 CET 2026
#@# pial area rh Mon Mar  9 06:26:46 CET 2026
#@# thickness rh Mon Mar  9 06:26:46 CET 2026
#@# area and vertex vol rh Mon Mar  9 06:27:12 CET 2026
#@# Curvature Stats rh Mon Mar  9 06:27:14 CET 2026
#@# Cortical Parc 2 rh Mon Mar  9 06:27:15 CET 2026
#@# Cortical Parc 3 rh Mon Mar  9 06:27:27 CET 2026
#@# WM/GM Contrast rh Mon Mar  9 06:27:35 CET 2026
recon-all -s sub-v1s18x0051223_ses-1 finished without error at Mon Mar  9 06:27:38 CET 2026



#New# invocation of recon-all 



status file for recon-all
Mon Mar  9 06:34:23 CET 2026
#@# white curv rh Mon Mar  9 06:34:23 CET 2026
#@# white area rh Mon Mar  9 06:34:23 CET 2026
#@# pial curv rh Mon Mar  9 06:34:23 CET 2026
#@# pial area rh Mon Mar  9 06:34:23 CET 2026
#@# thickness rh Mon Mar  9 06:34:23 CET 2026
#@# area and vertex vol rh Mon Mar  9 06:34:23 CET 2026
#@# Parcellation Stats rh Mon Mar  9 06:34:23 CET 2026
#@# Parcellation Stats 2 rh Mon Mar  9 06:34:39 CET 2026
#@# Parcellation Stats 3 rh Mon Mar  9 06:34:47 CET 2026
#@# BA_exvivo Labels rh Mon Mar  9 06:34:55 CET 2026
recon-all -s sub-v1s18x0051223_ses-1 finished without error at Mon Mar  9 06:37:06 CET 2026
