status file for recon-all
Thu Mar 12 13:41:14 CET 2026
#@# Tessellate lh Thu Mar 12 13:41:14 CET 2026
#@# Smooth1 lh Thu Mar 12 13:41:18 CET 2026
#@# Inflation1 lh Thu Mar 12 13:41:21 CET 2026
#@# QSphere lh Thu Mar 12 13:41:35 CET 2026
#@# Fix Topology lh Thu Mar 12 13:42:45 CET 2026
#@# Smooth2 lh Thu Mar 12 13:48:36 CET 2026
#@# Inflation2 lh Thu Mar 12 13:48:39 CET 2026
#@# Curv .H and .K lh Thu Mar 12 13:48:54 CET 2026
#@# Sphere lh Thu Mar 12 13:49:46 CET 2026
#@# Surf Reg lh Thu Mar 12 13:53:40 CET 2026
#@# Jacobian white lh Thu Mar 12 13:57:39 CET 2026
#@# AvgCurv lh Thu Mar 12 13:57:39 CET 2026
#@# Cortical Parc lh Thu Mar 12 13:57:40 CET 2026
#@# white curv lh Thu Mar 12 14:04:46 CET 2026
#@# white area lh Thu Mar 12 14:04:48 CET 2026
#@# pial curv lh Thu Mar 12 14:04:49 CET 2026
#@# pial area lh Thu Mar 12 14:04:51 CET 2026
#@# thickness lh Thu Mar 12 14:04:51 CET 2026
#@# area and vertex vol lh Thu Mar 12 14:05:24 CET 2026
#@# Curvature Stats lh Thu Mar 12 14:05:26 CET 2026
#@# Cortical Parc 2 lh Thu Mar 12 14:05:29 CET 2026
#@# Cortical Parc 3 lh Thu Mar 12 14:05:44 CET 2026
#@# WM/GM Contrast lh Thu Mar 12 14:05:56 CET 2026
recon-all -s sub-v1s18x0051276_ses-1 finished without error at Thu Mar 12 14:05:59 CET 2026



#New# invocation of recon-all 



status file for recon-all
Thu Mar 12 14:40:41 CET 2026
#@# white curv lh Thu Mar 12 14:40:41 CET 2026
#@# white area lh Thu Mar 12 14:40:41 CET 2026
#@# pial curv lh Thu Mar 12 14:40:41 CET 2026
#@# pial area lh Thu Mar 12 14:40:41 CET 2026
#@# thickness lh Thu Mar 12 14:40:41 CET 2026
#@# area and vertex vol lh Thu Mar 12 14:40:41 CET 2026
#@# Parcellation Stats lh Thu Mar 12 14:40:41 CET 2026
#@# Parcellation Stats 2 lh Thu Mar 12 14:41:02 CET 2026
#@# Parcellation Stats 3 lh Thu Mar 12 14:41:13 CET 2026
#@# BA_exvivo Labels lh Thu Mar 12 14:41:24 CET 2026
recon-all -s sub-v1s18x0051276_ses-1 finished without error at Thu Mar 12 14:44:09 CET 2026
