status file for recon-all
Thu Mar 12 14:06:01 CET 2026
#@# Tessellate rh Thu Mar 12 14:06:01 CET 2026
#@# Smooth1 rh Thu Mar 12 14:06:04 CET 2026
#@# Inflation1 rh Thu Mar 12 14:06:07 CET 2026
#@# QSphere rh Thu Mar 12 14:06:20 CET 2026
#@# Fix Topology rh Thu Mar 12 14:07:33 CET 2026
#@# Smooth2 rh Thu Mar 12 14:13:40 CET 2026
#@# Inflation2 rh Thu Mar 12 14:13:43 CET 2026
#@# Curv .H and .K rh Thu Mar 12 14:14:00 CET 2026
#@# Sphere rh Thu Mar 12 14:14:52 CET 2026
#@# Surf Reg rh Thu Mar 12 14:18:25 CET 2026
#@# Jacobian white rh Thu Mar 12 14:23:06 CET 2026
#@# AvgCurv rh Thu Mar 12 14:23:07 CET 2026
#@# Cortical Parc rh Thu Mar 12 14:23:08 CET 2026
#@# white curv rh Thu Mar 12 14:30:03 CET 2026
#@# white area rh Thu Mar 12 14:30:04 CET 2026
#@# pial curv rh Thu Mar 12 14:30:05 CET 2026
#@# pial area rh Thu Mar 12 14:30:07 CET 2026
#@# thickness rh Thu Mar 12 14:30:08 CET 2026
#@# area and vertex vol rh Thu Mar 12 14:30:39 CET 2026
#@# Curvature Stats rh Thu Mar 12 14:30:41 CET 2026
#@# Cortical Parc 2 rh Thu Mar 12 14:30:43 CET 2026
#@# Cortical Parc 3 rh Thu Mar 12 14:30:57 CET 2026
#@# WM/GM Contrast rh Thu Mar 12 14:31:08 CET 2026
recon-all -s sub-v1s18x0051276_ses-1 finished without error at Thu Mar 12 14:31:10 CET 2026



#New# invocation of recon-all 



status file for recon-all
Thu Mar 12 14:44:11 CET 2026
#@# white curv rh Thu Mar 12 14:44:11 CET 2026
#@# white area rh Thu Mar 12 14:44:11 CET 2026
#@# pial curv rh Thu Mar 12 14:44:11 CET 2026
#@# pial area rh Thu Mar 12 14:44:11 CET 2026
#@# thickness rh Thu Mar 12 14:44:11 CET 2026
#@# area and vertex vol rh Thu Mar 12 14:44:11 CET 2026
#@# Parcellation Stats rh Thu Mar 12 14:44:11 CET 2026
#@# Parcellation Stats 2 rh Thu Mar 12 14:44:33 CET 2026
#@# Parcellation Stats 3 rh Thu Mar 12 14:44:43 CET 2026
#@# BA_exvivo Labels rh Thu Mar 12 14:44:54 CET 2026
recon-all -s sub-v1s18x0051276_ses-1 finished without error at Thu Mar 12 14:47:39 CET 2026
