/out/sourcedata/freesurfer/sub-v1s18x0051278_ses-1/mri
/opt/freesurfer/bin/talairach_avi
--i orig_nu.mgz --xfm transforms/talairach.auto.xfm
talairach_avi 7.3.2
Linux dna034 5.14.0-427.37.1.el9_4.x86_64 #1 SMP PREEMPT_DYNAMIC Fri Sep 13 12:41:50 EDT 2024 x86_64 x86_64 x86_64 GNU/Linux
Thu Mar 12 12:01:31 CET 2026
mri_convert orig_nu.mgz talsrcimg.img 
reading from orig_nu.mgz...
TR=0.00, TE=0.00, TI=0.00, flip angle=0.00
i_ras = (-1, 0, 0)
j_ras = (0, 0, -1)
k_ras = (0, 1, 0)
writing to talsrcimg.img...
Analyze Output Matrix
-1.00000   0.00000   0.00000   133.83713;
 0.00000   0.00000   1.00000  -123.76801;
 0.00000  -1.00000   0.00000   117.28813;
 0.00000   0.00000   0.00000   1.00000;
--------------------
INFO: set hdr.hist.orient to -1
mpr2mni305 talsrcimg
Thu Mar 12 12:01:32 CET 2026
/opt/freesurfer/bin/mpr2mni305 talsrcimg
mpr2mni305 7.3.2
target=711-2C_as_mni_average_305

---------------------------------------------------------------------
analyzeto4dfp talsrcimg -O0 -y
---------------------------------------------------------------------

freesurfer ifh2hdr.c
Thu Mar 12 12:01:32 2026
Writing: talsrcimg.4dfp.hdr
freesurfer analyzeto4dfp.c
Reading: talsrcimg.hdr
header size 348 bytes
hdr.dime.datatype	offset=70	value=2
hdr.dime.bitpix		offset=72	value=8
hdr.hist.orient		offset=252	value=-1
dimensionality     4
dimensions       256       256       256         1
Reading: talsrcimg.img
Writing: talsrcimg.4dfp.img
Writing: talsrcimg.4dfp.ifh
ifh2hdr talsrcimg -r0to242
ori=2

---------------------------------------------------------------------
gauss_4dfp talsrcimg 1.1
---------------------------------------------------------------------

freesurfer gauss_4dfp.c
Reading: talsrcimg.4dfp.img
Writing: talsrcimg_g11.4dfp.img
image dimensions 256 256 256 padded to 288 288 288
processing volume 1freesurfer ifh2hdr.c
Thu Mar 12 12:01:33 2026
Writing: talsrcimg_g11.4dfp.hdr

Writing: talsrcimg_g11.4dfp.ifh
including: talsrcimg.4dfp.img.rec in talsrcimg_g11.4dfp.img.rec

---------------------------------------------------------------------
imgreg_4dfp /opt/freesurfer/average/711-2C_as_mni_average_305 none talsrcimg_g11 none talsrcimg_to_711-2C_as_mni_average_305_t4 4355
---------------------------------------------------------------------

freesurfer imgreg_4dfp.c
/opt/freesurfer/average/711-2C_as_mni_average_305.4dfp.img
       256       256       256         1
  1.000000  1.000000  1.000000
orientation T byte_order littleendian
Reading image: /opt/freesurfer/average/711-2C_as_mni_average_305.4dfp.img
dimensions:      256       256       256
mmppix:       1.0000   -1.0000   -1.0000
center:     128.0000 -129.0000 -129.0000
talsrcimg_g11.4dfp.img
       256       256       256         1
  1.000000  1.000000  1.000000
orientation T byte_order littleendian
Reading image: talsrcimg_g11.4dfp.img
dimensions:      256       256       256
mmppix:       1.0000   -1.0000   -1.0000
center:     128.0000 -129.0000 -129.0000
t4_read: open error in t4_sub.f l:  41 t4_file(1:l)talsrcimg_to_711-2C_as_mni_average_305_t4 
t4_read: transform initialized to I4
rotation matrix determinant  1.000000
image alignment mode   4355 decimal     1103 hex
   -7.5000  -45.0000  -45.0000 6272.0122   18.9684
    0.0000  -45.0000  -45.0000 6476.1343   18.9471
    7.5000  -45.0000  -45.0000 6229.4600   18.9325
   -7.5000  -37.5000  -45.0000 6813.7446   18.5827
    0.0000  -37.5000  -45.0000 7048.9360   18.5565
    7.5000  -37.5000  -45.0000 6798.1953   18.5355
   -7.5000  -30.0000  -45.0000 7686.2070   18.4074
    0.0000  -30.0000  -45.0000 7991.1587   18.3827
    7.5000  -30.0000  -45.0000 7688.6328   18.3582
   -7.5000  -22.5000  -45.0000 8640.1826   18.3032
    0.0000  -22.5000  -45.0000 8986.4180   18.2872
    7.5000  -22.5000  -45.0000 8614.4639   18.2672
   -7.5000  -15.0000  -45.0000 9590.8398   18.2561
    0.0000  -15.0000  -45.0000 9964.1064   18.2475
    7.5000  -15.0000  -45.0000 9533.6279   18.2341
   -7.5000   -7.5000  -45.000010426.0137   18.2375
    0.0000   -7.5000  -45.000010850.5576   18.2268
    7.5000   -7.5000  -45.000010385.4326   18.2171
   -7.5000    0.0000  -45.000011134.9004   18.2281
    0.0000    0.0000  -45.000011617.1631   18.2099
    7.5000    0.0000  -45.000011086.5479   18.1987
   -7.5000    7.5000  -45.000011058.4727   18.2099
    0.0000    7.5000  -45.000011517.5234   18.1861
    7.5000    7.5000  -45.000010989.7295   18.1678
   -7.5000   15.0000  -45.000010853.7451   18.1991
    0.0000   15.0000  -45.000011323.8984   18.1759
    7.5000   15.0000  -45.000010793.8564   18.1533
   -7.5000   22.5000  -45.000010571.7344   18.2090
    0.0000   22.5000  -45.000011042.0977   18.1939
    7.5000   22.5000  -45.000010549.5898   18.1749
   -7.5000   30.0000  -45.000010192.9375   17.9873
    0.0000   30.0000  -45.000010667.5771   17.9792
    7.5000   30.0000  -45.000010185.3838   17.9663
   -7.5000   37.5000  -45.000010097.1973   17.9928
    0.0000   37.5000  -45.000010564.7646   17.9823
    7.5000   37.5000  -45.000010098.6318   17.9727
   -7.5000   45.0000  -45.0000 9438.4805   17.5285
    0.0000   45.0000  -45.0000 9873.4121   17.5110
    7.5000   45.0000  -45.0000 9436.5059   17.5002
   -7.5000  -45.0000  -37.5000 6651.2847   18.9005
    0.0000  -45.0000  -37.5000 6901.1167   18.8711
    7.5000  -45.0000  -37.5000 6652.2725   18.8518
   -7.5000  -37.5000  -37.5000 7239.1323   18.5280
    0.0000  -37.5000  -37.5000 7510.1519   18.4965
    7.5000  -37.5000  -37.5000 7231.2563   18.4691
   -7.5000  -30.0000  -37.5000 8200.8086   18.3554
    0.0000  -30.0000  -37.5000 8531.0518   18.3280
    7.5000  -30.0000  -37.5000 8158.3096   18.2977
   -7.5000  -22.5000  -37.5000 9225.1406   18.2395
    0.0000  -22.5000  -37.5000 9603.4883   18.2209
    7.5000  -22.5000  -37.5000 9159.4453   18.1983
   -7.5000  -15.0000  -37.500010220.3301   18.1800
    0.0000  -15.0000  -37.500010632.8203   18.1672
    7.5000  -15.0000  -37.500010145.1924   18.1536
   -7.5000   -7.5000  -37.500011113.5889   18.1635
    0.0000   -7.5000  -37.500011540.5332   18.1460
    7.5000   -7.5000  -37.500011026.3057   18.1350
   -7.5000    0.0000  -37.500011852.1045   18.1654
    0.0000    0.0000  -37.500012348.0273   18.1396
    7.5000    0.0000  -37.500011763.1318   18.1241
   -7.5000    7.5000  -37.500011762.0107   18.1578
    0.0000    7.5000  -37.500012244.7217   18.1288
    7.5000    7.5000  -37.500011658.0107   18.1043
   -7.5000   15.0000  -37.500011544.5420   18.1486
    0.0000   15.0000  -37.500012044.2588   18.1228
    7.5000   15.0000  -37.500011458.9336   18.0945
   -7.5000   22.5000  -37.500011218.6562   18.1461
    0.0000   22.5000  -37.500011716.8057   18.1284
    7.5000   22.5000  -37.500011164.5742   18.1068
   -7.5000   30.0000  -37.500010792.7021   17.9124
    0.0000   30.0000  -37.500011278.9512   17.9002
    7.5000   30.0000  -37.500010747.8984   17.8870
   -7.5000   37.5000  -37.500010699.9883   17.9197
    0.0000   37.5000  -37.500011172.7617   17.9026
    7.5000   37.5000  -37.500010644.5273   17.8917
   -7.5000   45.0000  -37.500010025.1953   17.4682
    0.0000   45.0000  -37.500010466.0352   17.4434
    7.5000   45.0000  -37.5000 9968.9346   17.4285
   -7.5000  -45.0000  -30.0000 7144.8218   19.6936
    0.0000  -45.0000  -30.0000 7418.1987   19.6568
    7.5000  -45.0000  -30.0000 7155.9502   19.6341
   -7.5000  -37.5000  -30.0000 7816.4946   19.3159
    0.0000  -37.5000  -30.0000 8124.6382   19.2793
    7.5000  -37.5000  -30.0000 7815.1489   19.2480
   -7.5000  -30.0000  -30.0000 8887.4668   19.1442
    0.0000  -30.0000  -30.0000 9239.8652   19.1084
    7.5000  -30.0000  -30.0000 8826.1367   19.0729
   -7.5000  -22.5000  -30.0000 9979.4492   19.0195
    0.0000  -22.5000  -30.000010366.7910   18.9866
    7.5000  -22.5000  -30.0000 9882.9502   18.9572
   -7.5000  -15.0000  -30.000011029.1006   18.9467
    0.0000  -15.0000  -30.000011452.4453   18.9169
    7.5000  -15.0000  -30.000010927.1787   18.8967
   -7.5000   -7.5000  -30.000011996.8154   18.9234
    0.0000   -7.5000  -30.000012472.5449   18.8933
    7.5000   -7.5000  -30.000011873.4590   18.8778
   -7.5000    0.0000  -30.000012831.9453   18.9278
    0.0000    0.0000  -30.000013353.1279   18.8953
    7.5000    0.0000  -30.000012676.4336   18.8766
   -7.5000    7.5000  -30.000012707.9990   18.9299
    0.0000    7.5000  -30.000013233.2549   18.8961
    7.5000    7.5000  -30.000012546.5088   18.8679
   -7.5000   15.0000  -30.000012443.7627   18.9287
    0.0000   15.0000  -30.000012990.3262   18.8948
    7.5000   15.0000  -30.000012340.2568   18.8613
   -7.5000   22.5000  -30.000012081.2129   18.9204
    0.0000   22.5000  -30.000012593.9785   18.8886
    7.5000   22.5000  -30.000011986.2744   18.8603
   -7.5000   30.0000  -30.000011612.4004   18.6699
    0.0000   30.0000  -30.000012090.2559   18.6410
    7.5000   30.0000  -30.000011508.6406   18.6213
   -7.5000   37.5000  -30.000011505.5596   18.6713
    0.0000   37.5000  -30.000011975.1875   18.6417
    7.5000   37.5000  -30.000011378.3477   18.6263
   -7.5000   45.0000  -30.000010769.9941   18.2147
    0.0000   45.0000  -30.000011225.7588   18.1835
    7.5000   45.0000  -30.000010667.6738   18.1655
   -7.5000  -45.0000  -22.5000 7684.4980   20.3436
    0.0000  -45.0000  -22.5000 7990.2227   20.3086
    7.5000  -45.0000  -22.5000 7693.6187   20.2861
   -7.5000  -37.5000  -22.5000 8447.5098   19.9535
    0.0000  -37.5000  -22.5000 8786.4912   19.9185
    7.5000  -37.5000  -22.5000 8399.5664   19.8879
   -7.5000  -30.0000  -22.5000 9623.9043   19.7829
    0.0000  -30.0000  -22.5000 9975.2900   19.7420
    7.5000  -30.0000  -22.5000 9490.3730   19.7045
   -7.5000  -22.5000  -22.500010793.5645   19.6629
    0.0000  -22.5000  -22.500011174.9443   19.6178
    7.5000  -22.5000  -22.500010627.7656   19.5825
   -7.5000  -15.0000  -22.500011913.3848   19.5902
    0.0000  -15.0000  -22.500012316.6113   19.5471
    7.5000  -15.0000  -22.500011719.6309   19.5194
   -7.5000   -7.5000  -22.500012945.3584   19.5582
    0.0000   -7.5000  -22.500013392.7783   19.5221
    7.5000   -7.5000  -22.500012694.6699   19.5026
   -7.5000    0.0000  -22.500013817.0078   19.5538
    0.0000    0.0000  -22.500014302.1221   19.5230
    7.5000    0.0000  -22.500013565.6475   19.5046
   -7.5000    7.5000  -22.500013674.0928   19.5552
    0.0000    7.5000  -22.500014175.3926   19.5229
    7.5000    7.5000  -22.500013444.9717   19.4954
   -7.5000   15.0000  -22.500013420.2998   19.5604
    0.0000   15.0000  -22.500013938.3818   19.5215
    7.5000   15.0000  -22.500013223.1104   19.4862
   -7.5000   22.5000  -22.500013048.5879   19.5593
    0.0000   22.5000  -22.500013542.6631   19.5156
    7.5000   22.5000  -22.500012832.3369   19.4814
   -7.5000   30.0000  -22.500012498.9824   19.3072
    0.0000   30.0000  -22.500012951.9160   19.2653
    7.5000   30.0000  -22.500012287.3174   19.2382
   -7.5000   37.5000  -22.500012294.3311   19.3006
    0.0000   37.5000  -22.500012776.9365   19.2651
    7.5000   37.5000  -22.500012114.1514   19.2458
   -7.5000   45.0000  -22.500011496.6172   18.8313
    0.0000   45.0000  -22.500011984.4854   18.8016
    7.5000   45.0000  -22.500011384.8242   18.7839
   -7.5000  -45.0000  -15.0000 8248.7461   20.7979
    0.0000  -45.0000  -15.0000 8579.4814   20.7702
    7.5000  -45.0000  -15.0000 8230.3486   20.7505
   -7.5000  -37.5000  -15.0000 9097.7207   20.3927
    0.0000  -37.5000  -15.0000 9442.2324   20.3626
    7.5000  -37.5000  -15.0000 9020.2168   20.3358
   -7.5000  -30.0000  -15.000010365.1123   20.2180
    0.0000  -30.0000  -15.000010730.9639   20.1794
    7.5000  -30.0000  -15.000010197.6719   20.1443
   -7.5000  -22.5000  -15.000011622.3555   20.1051
    0.0000  -22.5000  -15.000012030.6621   20.0620
    7.5000  -22.5000  -15.000011394.6289   20.0265
   -7.5000  -15.0000  -15.000012813.5400   20.0403
    0.0000  -15.0000  -15.000013225.2217   20.0004
    7.5000  -15.0000  -15.000012504.2373   19.9706
   -7.5000   -7.5000  -15.000013873.2334   20.0051
    0.0000   -7.5000  -15.000014315.2930   19.9746
    7.5000   -7.5000  -15.000013508.9131   19.9548
   -7.5000    0.0000  -15.000014800.1387   19.9918
    0.0000    0.0000  -15.000015271.2100   19.9677
    7.5000    0.0000  -15.000014428.5391   19.9520
   -7.5000    7.5000  -15.000014634.3574   19.9859
    0.0000    7.5000  -15.000015124.3574   19.9584
    7.5000    7.5000  -15.000014309.6992   19.9346
   -7.5000   15.0000  -15.000014396.9238   19.9906
    0.0000   15.0000  -15.000014891.1270   19.9540
    7.5000   15.0000  -15.000014049.8643   19.9211
   -7.5000   22.5000  -15.000014002.2754   19.9984
    0.0000   22.5000  -15.000014477.0439   19.9565
    7.5000   22.5000  -15.000013663.5195   19.9221
   -7.5000   30.0000  -15.000013334.3125   19.7537
    0.0000   30.0000  -15.000013810.6348   19.7149
    7.5000   30.0000  -15.000013063.2646   19.6857
   -7.5000   37.5000  -15.000013061.2705   19.7444
    0.0000   37.5000  -15.000013557.9658   19.7144
    7.5000   37.5000  -15.000012852.3242   19.6948
   -7.5000   45.0000  -15.000012239.6094   19.2647
    0.0000   45.0000  -15.000012755.5791   19.2415
    7.5000   45.0000  -15.000012102.0703   19.2264
   -7.5000  -45.0000   -7.5000 8893.9658   21.0337
    0.0000  -45.0000   -7.5000 9224.9561   21.0118
    7.5000  -45.0000   -7.5000 8806.8955   20.9941
   -7.5000  -37.5000   -7.5000 9784.2334   20.6135
    0.0000  -37.5000   -7.500010145.8613   20.5863
    7.5000  -37.5000   -7.5000 9644.7412   20.5624
   -7.5000  -30.0000   -7.500011116.1162   20.4289
    0.0000  -30.0000   -7.500011521.6934   20.3972
    7.5000  -30.0000   -7.500010910.9004   20.3666
   -7.5000  -22.5000   -7.500012465.1094   20.3194
    0.0000  -22.5000   -7.500012901.8818   20.2903
    7.5000  -22.5000   -7.500012194.0322   20.2603
   -7.5000  -15.0000   -7.500013735.8340   20.2647
    0.0000  -15.0000   -7.500014194.2607   20.2421
    7.5000  -15.0000   -7.500013397.0859   20.2177
   -7.5000   -7.5000   -7.500014852.2422   20.2350
    0.0000   -7.5000   -7.500015342.9053   20.2170
    7.5000   -7.5000   -7.500014438.0625   20.2003
   -7.5000    0.0000   -7.500015827.6670   20.2185
    0.0000    0.0000   -7.500016328.1895   20.1999
    7.5000    0.0000   -7.500015368.2998   20.1861
   -7.5000    7.5000   -7.500015616.9805   20.2024
    0.0000    7.5000   -7.500016138.6309   20.1778
    7.5000    7.5000   -7.500015211.8926   20.1569
   -7.5000   15.0000   -7.500015359.0986   20.1991
    0.0000   15.0000   -7.500015885.2539   20.1692
    7.5000   15.0000   -7.500014924.7422   20.1408
   -7.5000   22.5000   -7.500014948.6074   20.2091
    0.0000   22.5000   -7.500015480.4824   20.1811
    7.5000   22.5000   -7.500014530.2031   20.1523
   -7.5000   30.0000   -7.500014245.3701   19.9740
    0.0000   30.0000   -7.500014762.2461   19.9523
    7.5000   30.0000   -7.500013894.9980   19.9284
   -7.5000   37.5000   -7.500013942.5225   19.9707
    0.0000   37.5000   -7.500014476.2666   19.9530
    7.5000   37.5000   -7.500013661.4688   19.9365
   -7.5000   45.0000   -7.500013051.3184   19.4868
    0.0000   45.0000   -7.500013559.1523   19.4689
    7.5000   45.0000   -7.500012817.3574   19.4556
   -7.5000  -45.0000    0.0000 9463.6494   21.1028
    0.0000  -45.0000    0.0000 9778.8057   21.0782
    7.5000  -45.0000    0.0000 9320.9189   21.0589
   -7.5000  -37.5000    0.000010382.2598   20.6767
    0.0000  -37.5000    0.000010746.2363   20.6468
    7.5000  -37.5000    0.000010188.7764   20.6202
   -7.5000  -30.0000    0.000011760.2266   20.4832
    0.0000  -30.0000    0.000012187.8711   20.4550
    7.5000  -30.0000    0.000011534.8398   20.4245
   -7.5000  -22.5000    0.000013151.7344   20.3677
    0.0000  -22.5000    0.000013645.3262   20.3493
    7.5000  -22.5000    0.000012892.7490   20.3242
   -7.5000  -15.0000    0.000014504.1953   20.3150
    0.0000  -15.0000    0.000015039.7197   20.3048
    7.5000  -15.0000    0.000014187.6416   20.2873
   -7.5000   -7.5000    0.000015754.9658   20.2941
    0.0000   -7.5000    0.000016319.4512   20.2815
    7.5000   -7.5000    0.000015347.8574   20.2680
   -7.5000    0.0000    0.000016783.1289   20.2838
    0.0000    0.0000    0.000017378.5469   20.2628
    7.5000    0.0000    0.000016343.9893   20.2474
   -7.5000    7.5000    0.000016525.3379   20.2642
    0.0000    7.5000    0.000017175.0293   20.2370
    7.5000    7.5000    0.000016152.3057   20.2135
   -7.5000   15.0000    0.000016297.0664   20.2526
    0.0000   15.0000    0.000016915.0508   20.2262
    7.5000   15.0000    0.000015877.1084   20.1979
   -7.5000   22.5000    0.000015880.3281   20.2569
    0.0000   22.5000    0.000016470.3008   20.2395
    7.5000   22.5000    0.000015453.9043   20.2155
   -7.5000   30.0000    0.000015102.0859   20.0238
    0.0000   30.0000    0.000015670.6543   20.0143
    7.5000   30.0000    0.000014730.2520   19.9973
   -7.5000   37.5000    0.000014785.8789   20.0296
    0.0000   37.5000    0.000015339.0342   20.0172
    7.5000   37.5000    0.000014424.3096   20.0039
   -7.5000   45.0000    0.000013847.9775   19.5513
    0.0000   45.0000    0.000014355.8584   19.5310
    7.5000   45.0000    0.000013485.1680   19.5162
   -7.5000  -45.0000    7.5000 9224.5146   21.1394
    0.0000  -45.0000    7.5000 9559.0117   21.1056
    7.5000  -45.0000    7.5000 9119.6719   21.0830
   -7.5000  -37.5000    7.500010128.7354   20.7229
    0.0000  -37.5000    7.500010504.0430   20.6868
    7.5000  -37.5000    7.5000 9986.0771   20.6552
   -7.5000  -30.0000    7.500011473.6016   20.5299
    0.0000  -30.0000    7.500011920.2832   20.4984
    7.5000  -30.0000    7.500011302.1055   20.4638
   -7.5000  -22.5000    7.500012808.7207   20.4005
    0.0000  -22.5000    7.500013330.3662   20.3789
    7.5000  -22.5000    7.500012611.5557   20.3528
   -7.5000  -15.0000    7.500014133.9980   20.3341
    0.0000  -15.0000    7.500014714.8223   20.3188
    7.5000  -15.0000    7.500013908.0566   20.3027
   -7.5000   -7.5000    7.500015476.4355   20.3156
    0.0000   -7.5000    7.500016127.8369   20.2951
    7.5000   -7.5000    7.500015118.2422   20.2818
   -7.5000    0.0000    7.500016617.7363   20.3176
    0.0000    0.0000    7.500017331.8359   20.2879
    7.5000    0.0000    7.500016140.9756   20.2695
   -7.5000    7.5000    7.500016239.6211   20.3090
    0.0000    7.5000    7.500016862.3770   20.2758
    7.5000    7.5000    7.500015886.6992   20.2475
   -7.5000   15.0000    7.500015889.0615   20.2987
    0.0000   15.0000    7.500016435.6973   20.2691
    7.5000   15.0000    7.500015611.4902   20.2367
   -7.5000   22.5000    7.500015455.0137   20.2895
    0.0000   22.5000    7.500015987.5225   20.2689
    7.5000   22.5000    7.500015158.7471   20.2440
   -7.5000   30.0000    7.500014726.2461   20.0426
    0.0000   30.0000    7.500015253.8457   20.0280
    7.5000   30.0000    7.500014426.3975   20.0124
   -7.5000   37.5000    7.500014425.9971   20.0508
    0.0000   37.5000    7.500014931.6250   20.0307
    7.5000   37.5000    7.500014092.0957   20.0175
   -7.5000   45.0000    7.500013496.5205   19.5838
    0.0000   45.0000    7.500013966.6152   19.5552
    7.5000   45.0000    7.500013141.1875   19.5375
   -7.5000  -45.0000   15.0000 8909.5986   21.1477
    0.0000  -45.0000   15.0000 9256.5713   21.1082
    7.5000  -45.0000   15.0000 8814.2266   21.0838
   -7.5000  -37.5000   15.0000 9762.1426   20.7421
    0.0000  -37.5000   15.000010159.3398   20.7028
    7.5000  -37.5000   15.0000 9651.8086   20.6692
   -7.5000  -30.0000   15.000011023.1074   20.5577
    0.0000  -30.0000   15.000011504.4785   20.5193
    7.5000  -30.0000   15.000010920.2754   20.4811
   -7.5000  -22.5000   15.000012280.3662   20.4238
    0.0000  -22.5000   15.000012829.3984   20.3885
    7.5000  -22.5000   15.000012152.6465   20.3569
   -7.5000  -15.0000   15.000013493.9355   20.3457
    0.0000  -15.0000   15.000014120.3848   20.3137
    7.5000  -15.0000   15.000013409.1592   20.2920
   -7.5000   -7.5000   15.000014784.4434   20.3206
    0.0000   -7.5000   15.000015535.1191   20.2883
    7.5000   -7.5000   15.000014613.6250   20.2716
   -7.5000    0.0000   15.000015972.5537   20.3254
    0.0000    0.0000   15.000016716.2617   20.2905
    7.5000    0.0000   15.000015642.3389   20.2704
   -7.5000    7.5000   15.000015534.4248   20.3276
    0.0000    7.5000   15.000016130.0830   20.2913
    7.5000    7.5000   15.000015367.3955   20.2610
   -7.5000   15.0000   15.000015164.2852   20.3263
    0.0000   15.0000   15.000015679.0879   20.2899
    7.5000   15.0000   15.000015058.4258   20.2540
   -7.5000   22.5000   15.000014826.5098   20.3129
    0.0000   22.5000   15.000015275.9775   20.2788
    7.5000   22.5000   15.000014603.9111   20.2484
   -7.5000   30.0000   15.000014191.8770   20.0543
    0.0000   30.0000   15.000014668.1709   20.0232
    7.5000   30.0000   15.000013939.2178   20.0021
   -7.5000   37.5000   15.000013926.4492   20.0558
    0.0000   37.5000   15.000014358.8369   20.0240
    7.5000   37.5000   15.000013579.1416   20.0075
   -7.5000   45.0000   15.000013022.1152   19.5913
    0.0000   45.0000   15.000013441.8291   19.5577
    7.5000   45.0000   15.000012673.5869   19.5383
   -7.5000  -45.0000   22.5000 8488.2490   21.1370
    0.0000  -45.0000   22.5000 8834.9375   21.1005
    7.5000  -45.0000   22.5000 8398.6816   21.0767
   -7.5000  -37.5000   22.5000 9317.8516   20.7314
    0.0000  -37.5000   22.5000 9709.8730   20.6948
    7.5000  -37.5000   22.5000 9219.2090   20.6627
   -7.5000  -30.0000   22.500010507.5459   20.5540
    0.0000  -30.0000   22.500010974.8291   20.5114
    7.5000  -30.0000   22.500010437.5234   20.4721
   -7.5000  -22.5000   22.500011663.6846   20.4291
    0.0000  -22.5000   22.500012176.6670   20.3822
    7.5000  -22.5000   22.500011600.4404   20.3452
   -7.5000  -15.0000   22.500012770.1221   20.3534
    0.0000  -15.0000   22.500013372.4482   20.3086
    7.5000  -15.0000   22.500012781.2246   20.2795
   -7.5000   -7.5000   22.500013912.2627   20.3202
    0.0000   -7.5000   22.500014598.9951   20.2826
    7.5000   -7.5000   22.500013892.3281   20.2620
   -7.5000    0.0000   22.500014986.7334   20.3157
    0.0000    0.0000   22.500015689.5254   20.2835
    7.5000    0.0000   22.500014856.9951   20.2641
   -7.5000    7.5000   22.500014803.7275   20.3171
    0.0000    7.5000   22.500015502.9258   20.2834
    7.5000    7.5000   22.500014680.0615   20.2546
   -7.5000   15.0000   22.500014652.8242   20.3225
    0.0000   15.0000   22.500015316.4814   20.2820
    7.5000   15.0000   22.500014431.9707   20.2451
   -7.5000   22.5000   22.500014341.1299   20.3183
    0.0000   22.5000   22.500014920.5068   20.2727
    7.5000   22.5000   22.500013977.4805   20.2369
   -7.5000   30.0000   22.500013678.5508   20.0622
    0.0000   30.0000   22.500014225.3086   20.0185
    7.5000   30.0000   22.500013312.4727   19.9901
   -7.5000   37.5000   22.500013329.0938   20.0554
    0.0000   37.5000   22.500013799.3916   20.0183
    7.5000   37.5000   22.500012958.8408   19.9980
   -7.5000   45.0000   22.500012391.6318   19.5820
    0.0000   45.0000   22.500012835.3877   19.5510
    7.5000   45.0000   22.500012075.3154   19.5322
   -7.5000  -45.0000   30.0000 7953.6558   21.2053
    0.0000  -45.0000   30.0000 8290.4863   21.1770
    7.5000  -45.0000   30.0000 7888.2832   21.1565
   -7.5000  -37.5000   30.0000 8719.1670   20.7900
    0.0000  -37.5000   30.0000 9117.6074   20.7592
    7.5000  -37.5000   30.0000 8667.4111   20.7315
   -7.5000  -30.0000   30.0000 9808.1406   20.6106
    0.0000  -30.0000   30.000010265.8682   20.5711
    7.5000  -30.0000   30.0000 9804.3154   20.5350
   -7.5000  -22.5000   30.000010894.3135   20.4948
    0.0000  -22.5000   30.000011387.8271   20.4507
    7.5000  -22.5000   30.000010901.1143   20.4141
   -7.5000  -15.0000   30.000011937.3496   20.4285
    0.0000  -15.0000   30.000012531.8936   20.3876
    7.5000  -15.0000   30.000011981.6973   20.3568
   -7.5000   -7.5000   30.000013037.4814   20.3927
    0.0000   -7.5000   30.000013661.8164   20.3615
    7.5000   -7.5000   30.000013016.3320   20.3409
   -7.5000    0.0000   30.000014064.1055   20.3792
    0.0000    0.0000   30.000014644.8838   20.3546
    7.5000    0.0000   30.000013942.1074   20.3383
   -7.5000    7.5000   30.000014015.3955   20.3730
    0.0000    7.5000   30.000014526.6504   20.3449
    7.5000    7.5000   30.000013817.7969   20.3202
   -7.5000   15.0000   30.000013873.9844   20.3775
    0.0000   15.0000   30.000014351.1631   20.3401
    7.5000   15.0000   30.000013600.7178   20.3062
   -7.5000   22.5000   30.000013536.6123   20.3832
    0.0000   22.5000   30.000013989.8975   20.3404
    7.5000   22.5000   30.000013206.6924   20.3050
   -7.5000   30.0000   30.000012900.8291   20.1361
    0.0000   30.0000   30.000013345.4404   20.0964
    7.5000   30.0000   30.000012581.8672   20.0663
   -7.5000   37.5000   30.000012535.8115   20.1269
    0.0000   37.5000   30.000012976.2969   20.0962
    7.5000   37.5000   30.000012246.8545   20.0759
   -7.5000   45.0000   30.000011645.4102   19.6432
    0.0000   45.0000   30.000012071.8408   19.6195
    7.5000   45.0000   30.000011377.7578   19.6037
   -7.5000  -45.0000   37.5000 7656.2441   21.3583
    0.0000  -45.0000   37.5000 8007.1060   21.3358
    7.5000  -45.0000   37.5000 7618.7549   21.3173
   -7.5000  -37.5000   37.5000 8399.8008   20.9309
    0.0000  -37.5000   37.5000 8782.7109   20.9029
    7.5000  -37.5000   37.5000 8352.1221   20.8781
   -7.5000  -30.0000   37.5000 9468.8125   20.7404
    0.0000  -30.0000   37.5000 9878.8174   20.7078
    7.5000  -30.0000   37.5000 9430.1084   20.6762
   -7.5000  -22.5000   37.500010559.8496   20.6275
    0.0000  -22.5000   37.500011042.9375   20.5976
    7.5000  -22.5000   37.500010507.4629   20.5667
   -7.5000  -15.0000   37.500011647.3105   20.5715
    0.0000  -15.0000   37.500012189.4209   20.5483
    7.5000  -15.0000   37.500011604.5283   20.5230
   -7.5000   -7.5000   37.500012691.8008   20.5416
    0.0000   -7.5000   37.500013234.5645   20.5230
    7.5000   -7.5000   37.500012598.5381   20.5056
   -7.5000    0.0000   37.500013630.3184   20.5250
    0.0000    0.0000   37.500014104.8643   20.5058
    7.5000    0.0000   37.500013488.4277   20.4913
   -7.5000    7.5000   37.500013486.2324   20.5081
    0.0000    7.5000   37.500013954.4648   20.4828
    7.5000    7.5000   37.500013339.1104   20.4610
   -7.5000   15.0000   37.500013234.3281   20.5040
    0.0000   15.0000   37.500013744.0527   20.4733
    7.5000   15.0000   37.500013103.4639   20.4440
   -7.5000   22.5000   37.500012874.3438   20.5142
    0.0000   22.5000   37.500013360.9219   20.4855
    7.5000   22.5000   37.500012752.3984   20.4557
   -7.5000   30.0000   37.500012311.8838   20.2766
    0.0000   30.0000   37.500012779.0225   20.2543
    7.5000   30.0000   37.500012172.7373   20.2296
   -7.5000   37.5000   37.500012028.7549   20.2738
    0.0000   37.5000   37.500012504.9902   20.2556
    7.5000   37.5000   37.500011880.3975   20.2384
   -7.5000   45.0000   37.500011231.8613   19.7837
    0.0000   45.0000   37.500011671.6553   19.7652
    7.5000   45.0000   37.500011057.2275   19.7513
   -7.5000  -45.0000   45.0000 7046.2402   21.6105
    0.0000  -45.0000   45.0000 7365.2515   21.5844
    7.5000  -45.0000   45.0000 6996.5381   21.5644
   -7.5000  -37.5000   45.0000 7749.5518   21.1726
    0.0000  -37.5000   45.0000 8086.5928   21.1409
    7.5000  -37.5000   45.0000 7675.9058   21.1133
   -7.5000  -30.0000   45.0000 8754.8291   20.9686
    0.0000  -30.0000   45.0000 9124.9854   20.9389
    7.5000  -30.0000   45.0000 8664.5127   20.9069
   -7.5000  -22.5000   45.0000 9793.9199   20.8473
    0.0000  -22.5000   45.000010196.1475   20.8277
    7.5000  -22.5000   45.0000 9695.2744   20.8014
   -7.5000  -15.0000   45.000010769.8916   20.7922
    0.0000  -15.0000   45.000011219.3125   20.7811
    7.5000  -15.0000   45.000010681.1924   20.7629
   -7.5000   -7.5000   45.000011674.4609   20.7701
    0.0000   -7.5000   45.000012138.4443   20.7564
    7.5000   -7.5000   45.000011581.0615   20.7425
   -7.5000    0.0000   45.000012488.6826   20.7588
    0.0000    0.0000   45.000012950.0254   20.7363
    7.5000    0.0000   45.000012378.3555   20.7206
   -7.5000    7.5000   45.000012322.4668   20.7377
    0.0000    7.5000   45.000012812.7910   20.7089
    7.5000    7.5000   45.000012264.9209   20.6845
   -7.5000   15.0000   45.000012051.7490   20.7255
    0.0000   15.0000   45.000012569.1572   20.6976
    7.5000   15.0000   45.000012052.6025   20.6680
   -7.5000   22.5000   45.000011737.1436   20.7306
    0.0000   22.5000   45.000012220.4961   20.7122
    7.5000   22.5000   45.000011730.7236   20.6871
   -7.5000   30.0000   45.000011268.6367   20.4915
    0.0000   30.0000   45.000011740.2393   20.4812
    7.5000   30.0000   45.000011230.7842   20.4634
   -7.5000   37.5000   45.000011042.7881   20.4975
    0.0000   37.5000   45.000011515.6689   20.4841
    7.5000   37.5000   45.000010991.5146   20.4704
   -7.5000   45.0000   45.000010312.3057   20.0182
    0.0000   45.0000   45.000010735.2588   19.9965
    7.5000   45.0000   45.000010218.7480   19.9813

---------------------------------------------------------------------
imgreg_4dfp /opt/freesurfer/average/711-2C_as_mni_average_305 /opt/freesurfer/average/711-2B_as_mni_average_305_mask talsrcimg_g11 none talsrcimg_to_711-2C_as_mni_average_305_t4 4355
---------------------------------------------------------------------

freesurfer imgreg_4dfp.c
/opt/freesurfer/average/711-2C_as_mni_average_305.4dfp.img
       256       256       256         1
  1.000000  1.000000  1.000000
orientation T byte_order littleendian
Reading image: /opt/freesurfer/average/711-2C_as_mni_average_305.4dfp.img
dimensions:      256       256       256
mmppix:       1.0000   -1.0000   -1.0000
center:     128.0000 -129.0000 -129.0000
/opt/freesurfer/average/711-2B_as_mni_average_305_mask.4dfp.img
       256       256       256         1
  1.000000  1.000000  1.000000
orientation T byte_order littleendian
Reading mask: /opt/freesurfer/average/711-2B_as_mni_average_305_mask.4dfp.img (2306576 pixels)
talsrcimg_g11.4dfp.img
       256       256       256         1
  1.000000  1.000000  1.000000
orientation T byte_order littleendian
Reading image: talsrcimg_g11.4dfp.img
dimensions:      256       256       256
mmppix:       1.0000   -1.0000   -1.0000
center:     128.0000 -129.0000 -129.0000
rotation matrix determinant  1.000000
image alignment mode   4355 decimal     1103 hex
   -7.5000  -45.0000  -45.0000 1808.2576   31.6311
    0.0000  -45.0000  -45.0000 1806.3060   31.2884
    7.5000  -45.0000  -45.0000 1810.1970   31.7232
   -7.5000  -37.5000  -45.0000 1916.6078   27.8382
    0.0000  -37.5000  -45.0000 1916.9796   27.5585
    7.5000  -37.5000  -45.0000 1926.9513   27.9788
   -7.5000  -30.0000  -45.0000 2023.7526   24.9306
    0.0000  -30.0000  -45.0000 2030.7473   24.7906
    7.5000  -30.0000  -45.0000 2031.7629   25.0671
   -7.5000  -22.5000  -45.0000 2121.0342   22.7452
    0.0000  -22.5000  -45.0000 2129.9495   22.6556
    7.5000  -22.5000  -45.0000 2123.6577   22.8588
   -7.5000  -15.0000  -45.0000 2197.2017   21.0806
    0.0000  -15.0000  -45.0000 2201.3823   21.0383
    7.5000  -15.0000  -45.0000 2193.2048   21.1996
   -7.5000   -7.5000  -45.0000 2243.5615   19.9457
    0.0000   -7.5000  -45.0000 2250.9836   19.9244
    7.5000   -7.5000  -45.0000 2235.4783   20.0823
   -7.5000    0.0000  -45.0000 2271.3157   19.2193
    0.0000    0.0000  -45.0000 2277.8582   19.2023
    7.5000    0.0000  -45.0000 2262.4565   19.4220
   -7.5000    7.5000  -45.0000 2285.4675   18.9658
    0.0000    7.5000  -45.0000 2291.0430   18.9287
    7.5000    7.5000  -45.0000 2276.4429   19.1519
   -7.5000   15.0000  -45.0000 2279.2385   18.9331
    0.0000   15.0000  -45.0000 2289.7329   18.9144
    7.5000   15.0000  -45.0000 2271.0701   19.1629
   -7.5000   22.5000  -45.0000 2267.4336   19.3563
    0.0000   22.5000  -45.0000 2276.6602   19.3492
    7.5000   22.5000  -45.0000 2256.5037   19.5946
   -7.5000   30.0000  -45.0000 2234.2263   20.1543
    0.0000   30.0000  -45.0000 2243.7000   20.0958
    7.5000   30.0000  -45.0000 2226.5317   20.3171
   -7.5000   37.5000  -45.0000 2181.9399   21.1628
    0.0000   37.5000  -45.0000 2191.1174   21.1033
    7.5000   37.5000  -45.0000 2177.1372   21.3349
   -7.5000   45.0000  -45.0000 2103.2097   22.4867
    0.0000   45.0000  -45.0000 2110.7834   22.4089
    7.5000   45.0000  -45.0000 2097.2793   22.7113
   -7.5000  -45.0000  -37.5000 1878.3085   29.4002
    0.0000  -45.0000  -37.5000 1880.2542   29.1372
    7.5000  -45.0000  -37.5000 1887.5547   29.4595
   -7.5000  -37.5000  -37.5000 1999.0792   25.8785
    0.0000  -37.5000  -37.5000 1998.2178   25.7065
    7.5000  -37.5000  -37.5000 1999.3165   25.9599
   -7.5000  -30.0000  -37.5000 2113.7693   23.2247
    0.0000  -30.0000  -37.5000 2115.9111   23.1297
    7.5000  -30.0000  -37.5000 2106.1853   23.2371
   -7.5000  -22.5000  -37.5000 2216.0696   21.1338
    0.0000  -22.5000  -37.5000 2219.8667   21.0232
    7.5000  -22.5000  -37.5000 2207.3704   21.0830
   -7.5000  -15.0000  -37.5000 2291.6594   19.5500
    0.0000  -15.0000  -37.5000 2298.6917   19.4652
    7.5000  -15.0000  -37.5000 2285.4622   19.4989
   -7.5000   -7.5000  -37.5000 2341.8413   18.4234
    0.0000   -7.5000  -37.5000 2341.8918   18.3813
    7.5000   -7.5000  -37.5000 2330.8313   18.4974
   -7.5000    0.0000  -37.5000 2369.2998   17.7895
    0.0000    0.0000  -37.5000 2373.9500   17.7584
    7.5000    0.0000  -37.5000 2357.3228   17.9165
   -7.5000    7.5000  -37.5000 2381.9695   17.5788
    0.0000    7.5000  -37.5000 2392.0205   17.5605
    7.5000    7.5000  -37.5000 2373.9236   17.7416
   -7.5000   15.0000  -37.5000 2380.4927   17.5535
    0.0000   15.0000  -37.5000 2391.7898   17.5442
    7.5000   15.0000  -37.5000 2370.3218   17.7241
   -7.5000   22.5000  -37.5000 2367.5032   17.8825
    0.0000   22.5000  -37.5000 2377.5796   17.8506
    7.5000   22.5000  -37.5000 2358.1008   18.0362
   -7.5000   30.0000  -37.5000 2333.0198   18.4939
    0.0000   30.0000  -37.5000 2342.4502   18.4753
    7.5000   30.0000  -37.5000 2322.2231   18.6033
   -7.5000   37.5000  -37.5000 2281.0474   19.4139
    0.0000   37.5000  -37.5000 2291.1624   19.3880
    7.5000   37.5000  -37.5000 2271.1536   19.5414
   -7.5000   45.0000  -37.5000 2203.6628   20.7242
    0.0000   45.0000  -37.5000 2210.5122   20.6780
    7.5000   45.0000  -37.5000 2193.0718   20.9081
   -7.5000  -45.0000  -30.0000 1970.3046   28.4990
    0.0000  -45.0000  -30.0000 1975.4702   28.3263
    7.5000  -45.0000  -30.0000 1977.9208   28.5206
   -7.5000  -37.5000  -30.0000 2105.1465   25.1189
    0.0000  -37.5000  -30.0000 2106.0154   24.9621
    7.5000  -37.5000  -30.0000 2102.8423   25.0804
   -7.5000  -30.0000  -30.0000 2231.7852   22.5284
    0.0000  -30.0000  -30.0000 2233.0283   22.4010
    7.5000  -30.0000  -30.0000 2215.3511   22.3734
   -7.5000  -22.5000  -30.0000 2337.7683   20.3860
    0.0000  -22.5000  -30.0000 2340.8386   20.2329
    7.5000  -22.5000  -30.0000 2320.4622   20.2287
   -7.5000  -15.0000  -30.0000 2419.7832   18.7338
    0.0000  -15.0000  -30.0000 2420.1653   18.5949
    7.5000  -15.0000  -30.0000 2407.0059   18.6415
   -7.5000   -7.5000  -30.0000 2477.3601   17.6679
    0.0000   -7.5000  -30.0000 2480.5774   17.5999
    7.5000   -7.5000  -30.0000 2463.6018   17.6555
   -7.5000    0.0000  -30.0000 2509.7859   17.0697
    0.0000    0.0000  -30.0000 2519.1721   17.0373
    7.5000    0.0000  -30.0000 2496.8269   17.1318
   -7.5000    7.5000  -30.0000 2531.4148   16.8832
    0.0000    7.5000  -30.0000 2538.2190   16.8129
    7.5000    7.5000  -30.0000 2514.2622   16.9359
   -7.5000   15.0000  -30.0000 2521.1123   16.8294
    0.0000   15.0000  -30.0000 2536.0530   16.7743
    7.5000   15.0000  -30.0000 2512.5186   16.8991
   -7.5000   22.5000  -30.0000 2506.4646   17.0731
    0.0000   22.5000  -30.0000 2519.8035   17.0181
    7.5000   22.5000  -30.0000 2497.4336   17.1716
   -7.5000   30.0000  -30.0000 2473.0645   17.6453
    0.0000   30.0000  -30.0000 2488.2131   17.5957
    7.5000   30.0000  -30.0000 2466.1458   17.7650
   -7.5000   37.5000  -30.0000 2422.0828   18.5544
    0.0000   37.5000  -30.0000 2433.0720   18.4700
    7.5000   37.5000  -30.0000 2411.4424   18.6543
   -7.5000   45.0000  -30.0000 2336.3840   19.8098
    0.0000   45.0000  -30.0000 2343.5291   19.7300
    7.5000   45.0000  -30.0000 2322.2585   19.9057
   -7.5000  -45.0000  -22.5000 2036.9797   27.3272
    0.0000  -45.0000  -22.5000 2040.8667   27.0959
    7.5000  -45.0000  -22.5000 2047.0887   27.2715
   -7.5000  -37.5000  -22.5000 2180.7688   24.1534
    0.0000  -37.5000  -22.5000 2187.1990   23.9581
    7.5000  -37.5000  -22.5000 2176.8171   23.9248
   -7.5000  -30.0000  -22.5000 2317.3191   21.6320
    0.0000  -30.0000  -22.5000 2319.7190   21.4508
    7.5000  -30.0000  -22.5000 2294.9526   21.3183
   -7.5000  -22.5000  -22.5000 2432.4768   19.5385
    0.0000  -22.5000  -22.5000 2432.2844   19.3227
    7.5000  -22.5000  -22.5000 2409.3086   19.2441
   -7.5000  -15.0000  -22.5000 2520.3411   17.8641
    0.0000  -15.0000  -22.5000 2521.1155   17.6854
    7.5000  -15.0000  -22.5000 2496.6599   17.6569
   -7.5000   -7.5000  -22.5000 2591.0781   16.7752
    0.0000   -7.5000  -22.5000 2591.7366   16.6087
    7.5000   -7.5000  -22.5000 2565.0610   16.6308
   -7.5000    0.0000  -22.5000 2620.6565   16.1786
    0.0000    0.0000  -22.5000 2628.7820   16.0360
    7.5000    0.0000  -22.5000 2607.3645   16.1163
   -7.5000    7.5000  -22.5000 2644.4199   15.9102
    0.0000    7.5000  -22.5000 2655.7209   15.8048
    7.5000    7.5000  -22.5000 2635.1895   15.8947
   -7.5000   15.0000  -22.5000 2644.6040   15.9252
    0.0000   15.0000  -22.5000 2662.8330   15.8358
    7.5000   15.0000  -22.5000 2640.8301   15.9578
   -7.5000   22.5000  -22.5000 2639.7922   16.2425
    0.0000   22.5000  -22.5000 2651.5625   16.1191
    7.5000   22.5000  -22.5000 2628.2881   16.2604
   -7.5000   30.0000  -22.5000 2601.7151   16.7579
    0.0000   30.0000  -22.5000 2615.3154   16.6511
    7.5000   30.0000  -22.5000 2587.9495   16.7899
   -7.5000   37.5000  -22.5000 2540.0149   17.5798
    0.0000   37.5000  -22.5000 2555.7036   17.4983
    7.5000   37.5000  -22.5000 2528.2319   17.6350
   -7.5000   45.0000  -22.5000 2449.9536   18.7196
    0.0000   45.0000  -22.5000 2461.9329   18.6854
    7.5000   45.0000  -22.5000 2434.9597   18.8251
   -7.5000  -45.0000  -15.0000 2075.7190   26.2574
    0.0000  -45.0000  -15.0000 2084.7983   26.0875
    7.5000  -45.0000  -15.0000 2081.4331   26.1608
   -7.5000  -37.5000  -15.0000 2225.4431   23.1732
    0.0000  -37.5000  -15.0000 2234.6890   22.9577
    7.5000  -37.5000  -15.0000 2223.7664   22.9509
   -7.5000  -30.0000  -15.0000 2366.5630   20.6812
    0.0000  -30.0000  -15.0000 2371.6895   20.4424
    7.5000  -30.0000  -15.0000 2349.6089   20.3747
   -7.5000  -22.5000  -15.0000 2490.5046   18.6187
    0.0000  -22.5000  -15.0000 2492.8005   18.4117
    7.5000  -22.5000  -15.0000 2466.0708   18.3847
   -7.5000  -15.0000  -15.0000 2590.6941   17.0501
    0.0000  -15.0000  -15.0000 2590.0193   16.8622
    7.5000  -15.0000  -15.0000 2559.0840   16.8555
   -7.5000   -7.5000  -15.0000 2664.0457   15.8955
    0.0000   -7.5000  -15.0000 2666.2544   15.7524
    7.5000   -7.5000  -15.0000 2640.8813   15.7562
   -7.5000    0.0000  -15.0000 2705.6824   15.2432
    0.0000    0.0000  -15.0000 2712.7046   15.1184
    7.5000    0.0000  -15.0000 2692.8752   15.1818
   -7.5000    7.5000  -15.0000 2738.8354   14.9497
    0.0000    7.5000  -15.0000 2748.0210   14.8482
    7.5000    7.5000  -15.0000 2731.7991   14.9321
   -7.5000   15.0000  -15.0000 2749.5083   15.0285
    0.0000   15.0000  -15.0000 2764.5098   14.9124
    7.5000   15.0000  -15.0000 2738.2944   15.0002
   -7.5000   22.5000  -15.0000 2741.0039   15.3657
    0.0000   22.5000  -15.0000 2755.2493   15.2917
    7.5000   22.5000  -15.0000 2725.5891   15.3673
   -7.5000   30.0000  -15.0000 2694.9829   15.8846
    0.0000   30.0000  -15.0000 2711.2708   15.7990
    7.5000   30.0000  -15.0000 2687.4907   15.9299
   -7.5000   37.5000  -15.0000 2626.3596   16.6448
    0.0000   37.5000  -15.0000 2641.5056   16.5609
    7.5000   37.5000  -15.0000 2619.5469   16.7316
   -7.5000   45.0000  -15.0000 2532.8118   17.7074
    0.0000   45.0000  -15.0000 2549.2231   17.6505
    7.5000   45.0000  -15.0000 2524.8638   17.8437
   -7.5000  -45.0000   -7.5000 2105.1892   25.4008
    0.0000  -45.0000   -7.5000 2113.6165   25.3169
    7.5000  -45.0000   -7.5000 2101.9624   25.3552
   -7.5000  -37.5000   -7.5000 2254.0276   22.2493
    0.0000  -37.5000   -7.5000 2263.1934   22.1137
    7.5000  -37.5000   -7.5000 2247.0737   22.1704
   -7.5000  -30.0000   -7.5000 2393.0994   19.7902
    0.0000  -30.0000   -7.5000 2400.3599   19.6320
    7.5000  -30.0000   -7.5000 2376.3533   19.6442
   -7.5000  -22.5000   -7.5000 2518.0833   17.8294
    0.0000  -22.5000   -7.5000 2526.9839   17.6754
    7.5000  -22.5000   -7.5000 2500.2253   17.7102
   -7.5000  -15.0000   -7.5000 2629.0222   16.3006
    0.0000  -15.0000   -7.5000 2631.2253   16.1520
    7.5000  -15.0000   -7.5000 2610.5723   16.2080
   -7.5000   -7.5000   -7.5000 2717.7285   15.2061
    0.0000   -7.5000   -7.5000 2727.0972   15.0826
    7.5000   -7.5000   -7.5000 2703.4314   15.1238
   -7.5000    0.0000   -7.5000 2775.1555   14.4722
    0.0000    0.0000   -7.5000 2783.3325   14.3570
    7.5000    0.0000   -7.5000 2763.3682   14.4367
   -7.5000    7.5000   -7.5000 2811.9321   14.1096
    0.0000    7.5000   -7.5000 2822.9009   14.0545
    7.5000    7.5000   -7.5000 2806.4224   14.1318
   -7.5000   15.0000   -7.5000 2827.7366   14.1925
    0.0000   15.0000   -7.5000 2841.9233   14.1428
    7.5000   15.0000   -7.5000 2816.4717   14.2195
   -7.5000   22.5000   -7.5000 2819.0198   14.5693
    0.0000   22.5000   -7.5000 2834.7778   14.5270
    7.5000   22.5000   -7.5000 2805.2349   14.6171
   -7.5000   30.0000   -7.5000 2769.0925   15.1131
    0.0000   30.0000   -7.5000 2787.5898   15.0446
    7.5000   30.0000   -7.5000 2762.9343   15.1927
   -7.5000   37.5000   -7.5000 2695.7893   15.8344
    0.0000   37.5000   -7.5000 2712.0022   15.7627
    7.5000   37.5000   -7.5000 2695.7534   15.9595
   -7.5000   45.0000   -7.5000 2598.2273   16.8806
    0.0000   45.0000   -7.5000 2612.8181   16.7801
    7.5000   45.0000   -7.5000 2592.5938   16.9946
   -7.5000  -45.0000    0.0000 2122.0601   24.9592
    0.0000  -45.0000    0.0000 2124.3171   24.8093
    7.5000  -45.0000    0.0000 2120.3181   25.0251
   -7.5000  -37.5000    0.0000 2264.4807   21.7525
    0.0000  -37.5000    0.0000 2268.7068   21.6215
    7.5000  -37.5000    0.0000 2254.2546   21.7077
   -7.5000  -30.0000    0.0000 2395.8833   19.2512
    0.0000  -30.0000    0.0000 2404.4834   19.1615
    7.5000  -30.0000    0.0000 2389.8948   19.2387
   -7.5000  -22.5000    0.0000 2525.0034   17.2872
    0.0000  -22.5000    0.0000 2535.9072   17.1955
    7.5000  -22.5000    0.0000 2519.5337   17.3085
   -7.5000  -15.0000    0.0000 2641.1018   15.7854
    0.0000  -15.0000    0.0000 2654.9280   15.6937
    7.5000  -15.0000    0.0000 2637.5767   15.8132
   -7.5000   -7.5000    0.0000 2744.4761   14.7216
    0.0000   -7.5000    0.0000 2764.1975   14.6215
    7.5000   -7.5000    0.0000 2744.4968   14.7348
   -7.5000    0.0000    0.0000 2818.7942   13.9485
    0.0000    0.0000    0.0000 2840.7061   13.8585
    7.5000    0.0000    0.0000 2812.9634   13.9969
   -7.5000    7.5000    0.0000 2868.3672   13.4904
    0.0000    7.5000    0.0000 2884.2666   13.4672
    7.5000    7.5000    0.0000 2862.7568   13.6315
   -7.5000   15.0000    0.0000 2890.7197   13.5692
    0.0000   15.0000    0.0000 2905.2510   13.5489
    7.5000   15.0000    0.0000 2880.9104   13.7120
   -7.5000   22.5000    0.0000 2879.7102   13.9500
    0.0000   22.5000    0.0000 2900.9983   13.9127
    7.5000   22.5000    0.0000 2871.8831   14.0816
   -7.5000   30.0000    0.0000 2824.0464   14.4946
    0.0000   30.0000    0.0000 2842.0754   14.4360
    7.5000   30.0000    0.0000 2822.3425   14.6426
   -7.5000   37.5000    0.0000 2742.7659   15.2506
    0.0000   37.5000    0.0000 2758.3562   15.1562
    7.5000   37.5000    0.0000 2744.2764   15.4205
   -7.5000   45.0000    0.0000 2638.6880   16.3318
    0.0000   45.0000    0.0000 2655.8586   16.2293
    7.5000   45.0000    0.0000 2637.3801   16.5305
   -7.5000  -45.0000    7.5000 2119.5339   24.7191
    0.0000  -45.0000    7.5000 2127.6638   24.6594
    7.5000  -45.0000    7.5000 2126.5659   24.9083
   -7.5000  -37.5000    7.5000 2253.3667   21.5451
    0.0000  -37.5000    7.5000 2265.4785   21.4305
    7.5000  -37.5000    7.5000 2259.6726   21.7063
   -7.5000  -30.0000    7.5000 2391.2869   19.0245
    0.0000  -30.0000    7.5000 2401.8513   18.9316
    7.5000  -30.0000    7.5000 2396.5288   19.2351
   -7.5000  -22.5000    7.5000 2522.9568   17.0719
    0.0000  -22.5000    7.5000 2534.4863   16.9550
    7.5000  -22.5000    7.5000 2524.0955   17.2235
   -7.5000  -15.0000    7.5000 2638.4626   15.5604
    0.0000  -15.0000    7.5000 2653.8892   15.4417
    7.5000  -15.0000    7.5000 2645.6045   15.7038
   -7.5000   -7.5000    7.5000 2752.8157   14.4762
    0.0000   -7.5000    7.5000 2773.3557   14.3579
    7.5000   -7.5000    7.5000 2758.2356   14.5849
   -7.5000    0.0000    7.5000 2851.0625   13.7287
    0.0000    0.0000    7.5000 2877.4424   13.6240
    7.5000    0.0000    7.5000 2845.3445   13.7839
   -7.5000    7.5000    7.5000 2909.1467   13.1383
    0.0000    7.5000    7.5000 2932.3127   13.0760
    7.5000    7.5000    7.5000 2899.1782   13.3407
   -7.5000   15.0000    7.5000 2939.1492   13.1244
    0.0000   15.0000    7.5000 2955.1736   13.0434
    7.5000   15.0000    7.5000 2920.7983   13.3235
   -7.5000   22.5000    7.5000 2920.3237   13.4888
    0.0000   22.5000    7.5000 2941.8054   13.3423
    7.5000   22.5000    7.5000 2908.5725   13.6801
   -7.5000   30.0000    7.5000 2855.3037   14.1105
    0.0000   30.0000    7.5000 2874.2896   13.9685
    7.5000   30.0000    7.5000 2853.6106   14.3120
   -7.5000   37.5000    7.5000 2778.2529   14.9387
    0.0000   37.5000    7.5000 2791.5686   14.8297
    7.5000   37.5000    7.5000 2776.2407   15.1574
   -7.5000   45.0000    7.5000 2673.8877   16.0375
    0.0000   45.0000    7.5000 2681.9351   15.9313
    7.5000   45.0000    7.5000 2665.7668   16.2320
   -7.5000  -45.0000   15.0000 2099.0857   24.7663
    0.0000  -45.0000   15.0000 2117.2949   24.6874
    7.5000  -45.0000   15.0000 2118.6133   25.1785
   -7.5000  -37.5000   15.0000 2231.2188   21.5051
    0.0000  -37.5000   15.0000 2245.7080   21.4613
    7.5000  -37.5000   15.0000 2248.4849   21.8867
   -7.5000  -30.0000   15.0000 2363.4365   18.9485
    0.0000  -30.0000   15.0000 2377.4517   18.9311
    7.5000  -30.0000   15.0000 2376.2817   19.3267
   -7.5000  -22.5000   15.0000 2493.6311   16.9498
    0.0000  -22.5000   15.0000 2510.9561   16.9165
    7.5000  -22.5000   15.0000 2503.1182   17.2777
   -7.5000  -15.0000   15.0000 2612.1682   15.4649
    0.0000  -15.0000   15.0000 2635.3091   15.3910
    7.5000  -15.0000   15.0000 2628.6292   15.7181
   -7.5000   -7.5000   15.0000 2727.6094   14.3734
    0.0000   -7.5000   15.0000 2753.7527   14.2844
    7.5000   -7.5000   15.0000 2748.2998   14.5741
   -7.5000    0.0000   15.0000 2842.1428   13.6567
    0.0000    0.0000   15.0000 2864.3206   13.5385
    7.5000    0.0000   15.0000 2846.3672   13.7625
   -7.5000    7.5000   15.0000 2913.7927   13.0146
    0.0000    7.5000   15.0000 2941.7539   12.9332
    7.5000    7.5000   15.0000 2902.1995   13.2306
   -7.5000   15.0000   15.0000 2943.5503   12.8453
    0.0000   15.0000   15.0000 2958.4670   12.6851
    7.5000   15.0000   15.0000 2927.8311   13.1832
   -7.5000   22.5000   15.0000 2934.0195   13.2584
    0.0000   22.5000   15.0000 2944.9099   13.1200
    7.5000   22.5000   15.0000 2913.5923   13.5110
   -7.5000   30.0000   15.0000 2864.8228   13.9767
    0.0000   30.0000   15.0000 2884.4670   13.8822
    7.5000   30.0000   15.0000 2858.5200   14.1473
   -7.5000   37.5000   15.0000 2778.2117   14.8679
    0.0000   37.5000   15.0000 2789.8223   14.7709
    7.5000   37.5000   15.0000 2773.1899   15.0038
   -7.5000   45.0000   15.0000 2672.8604   15.9768
    0.0000   45.0000   15.0000 2682.9653   15.8724
    7.5000   45.0000   15.0000 2669.3447   16.1037
   -7.5000  -45.0000   22.5000 2077.3892   25.1113
    0.0000  -45.0000   22.5000 2091.8547   25.1977
    7.5000  -45.0000   22.5000 2095.3416   25.6411
   -7.5000  -37.5000   22.5000 2210.6018   21.8036
    0.0000  -37.5000   22.5000 2220.1853   21.8107
    7.5000  -37.5000   22.5000 2222.1438   22.3026
   -7.5000  -30.0000   22.5000 2336.2920   19.1777
    0.0000  -30.0000   22.5000 2352.5442   19.1794
    7.5000  -30.0000   22.5000 2351.1877   19.6855
   -7.5000  -22.5000   22.5000 2460.2854   17.1030
    0.0000  -22.5000   22.5000 2474.2429   17.0603
    7.5000  -22.5000   22.5000 2474.3660   17.5150
   -7.5000  -15.0000   22.5000 2573.4128   15.5655
    0.0000  -15.0000   22.5000 2598.6943   15.4963
    7.5000  -15.0000   22.5000 2600.1521   15.9272
   -7.5000   -7.5000   22.5000 2688.3928   14.4513
    0.0000   -7.5000   22.5000 2713.4536   14.3761
    7.5000   -7.5000   22.5000 2721.3223   14.7648
   -7.5000    0.0000   22.5000 2796.9160   13.7571
    0.0000    0.0000   22.5000 2827.3196   13.6583
    7.5000    0.0000   22.5000 2822.5706   13.9730
   -7.5000    7.5000   22.5000 2884.9773   13.2547
    0.0000    7.5000   22.5000 2915.3069   13.1761
    7.5000    7.5000   22.5000 2889.2014   13.4904
   -7.5000   15.0000   22.5000 2938.1721   13.2032
    0.0000   15.0000   22.5000 2960.9683   13.1620
    7.5000   15.0000   22.5000 2919.2468   13.4202
   -7.5000   22.5000   22.5000 2928.3796   13.4940
    0.0000   22.5000   22.5000 2950.7754   13.4703
    7.5000   22.5000   22.5000 2900.3425   13.6191
   -7.5000   30.0000   22.5000 2856.1223   14.0609
    0.0000   30.0000   22.5000 2883.5872   14.0283
    7.5000   30.0000   22.5000 2842.8606   14.1700
   -7.5000   37.5000   22.5000 2762.3059   14.9292
    0.0000   37.5000   22.5000 2775.8162   14.8692
    7.5000   37.5000   22.5000 2758.7114   15.0247
   -7.5000   45.0000   22.5000 2656.3933   16.0286
    0.0000   45.0000   22.5000 2666.9070   15.9635
    7.5000   45.0000   22.5000 2653.1624   16.1456
   -7.5000  -45.0000   30.0000 2038.5405   25.9347
    0.0000  -45.0000   30.0000 2050.3748   25.9874
    7.5000  -45.0000   30.0000 2053.9314   26.5941
   -7.5000  -37.5000   30.0000 2177.8447   22.4088
    0.0000  -37.5000   30.0000 2187.0403   22.3984
    7.5000  -37.5000   30.0000 2185.5808   22.9740
   -7.5000  -30.0000   30.0000 2300.1865   19.6506
    0.0000  -30.0000   30.0000 2315.1580   19.6240
    7.5000  -30.0000   30.0000 2318.5317   20.2135
   -7.5000  -22.5000   30.0000 2419.1294   17.5896
    0.0000  -22.5000   30.0000 2432.4368   17.5248
    7.5000  -22.5000   30.0000 2442.3867   18.0344
   -7.5000  -15.0000   30.0000 2526.6489   16.0579
    0.0000  -15.0000   30.0000 2548.0466   15.9797
    7.5000  -15.0000   30.0000 2560.0776   16.4457
   -7.5000   -7.5000   30.0000 2643.1960   14.9943
    0.0000   -7.5000   30.0000 2666.0559   14.9376
    7.5000   -7.5000   30.0000 2674.3406   15.2958
   -7.5000    0.0000   30.0000 2753.1328   14.3107
    0.0000    0.0000   30.0000 2772.3796   14.1968
    7.5000    0.0000   30.0000 2770.9714   14.5200
   -7.5000    7.5000   30.0000 2838.7200   13.8574
    0.0000    7.5000   30.0000 2849.0796   13.7019
    7.5000    7.5000   30.0000 2837.9221   14.0273
   -7.5000   15.0000   30.0000 2884.0886   13.8088
    0.0000   15.0000   30.0000 2897.0642   13.6820
    7.5000   15.0000   30.0000 2872.0688   13.8907
   -7.5000   22.5000   30.0000 2874.5930   14.0646
    0.0000   22.5000   30.0000 2892.0969   13.9500
    7.5000   22.5000   30.0000 2857.9268   14.1226
   -7.5000   30.0000   30.0000 2817.2566   14.5799
    0.0000   30.0000   30.0000 2837.1440   14.5033
    7.5000   30.0000   30.0000 2801.1094   14.6584
   -7.5000   37.5000   30.0000 2727.1370   15.3535
    0.0000   37.5000   30.0000 2741.5549   15.2900
    7.5000   37.5000   30.0000 2715.9224   15.4637
   -7.5000   45.0000   30.0000 2623.4639   16.3984
    0.0000   45.0000   30.0000 2634.9221   16.3259
    7.5000   45.0000   30.0000 2612.4158   16.5187
   -7.5000  -45.0000   37.5000 1990.0453   26.9012
    0.0000  -45.0000   37.5000 2005.1526   26.9781
    7.5000  -45.0000   37.5000 2007.5880   27.6363
   -7.5000  -37.5000   37.5000 2131.2246   23.2367
    0.0000  -37.5000   37.5000 2145.6536   23.2698
    7.5000  -37.5000   37.5000 2145.8252   23.8534
   -7.5000  -30.0000   37.5000 2262.0681   20.5102
    0.0000  -30.0000   37.5000 2269.0195   20.4614
    7.5000  -30.0000   37.5000 2271.8818   21.0115
   -7.5000  -22.5000   37.5000 2387.6914   18.5136
    0.0000  -22.5000   37.5000 2396.8787   18.4412
    7.5000  -22.5000   37.5000 2394.6035   18.8704
   -7.5000  -15.0000   37.5000 2497.5735   16.9988
    0.0000  -15.0000   37.5000 2512.5029   16.9613
    7.5000  -15.0000   37.5000 2510.1497   17.2821
   -7.5000   -7.5000   37.5000 2606.2930   15.8704
    0.0000   -7.5000   37.5000 2617.7002   15.7883
    7.5000   -7.5000   37.5000 2621.3398   16.1155
   -7.5000    0.0000   37.5000 2700.7747   15.0912
    0.0000    0.0000   37.5000 2709.7678   14.9103
    7.5000    0.0000   37.5000 2707.6460   15.2787
   -7.5000    7.5000   37.5000 2776.6069   14.5798
    0.0000    7.5000   37.5000 2779.2178   14.4523
    7.5000    7.5000   37.5000 2772.3552   14.7496
   -7.5000   15.0000   37.5000 2804.9763   14.4959
    0.0000   15.0000   37.5000 2816.3435   14.3754
    7.5000   15.0000   37.5000 2802.1504   14.6233
   -7.5000   22.5000   37.5000 2796.2810   14.7206
    0.0000   22.5000   37.5000 2806.1484   14.6019
    7.5000   22.5000   37.5000 2789.5591   14.8324
   -7.5000   30.0000   37.5000 2749.5916   15.2155
    0.0000   30.0000   37.5000 2758.1409   15.1064
    7.5000   30.0000   37.5000 2736.8411   15.3501
   -7.5000   37.5000   37.5000 2672.8052   15.9996
    0.0000   37.5000   37.5000 2684.5981   15.9168
    7.5000   37.5000   37.5000 2659.0984   16.1581
   -7.5000   45.0000   37.5000 2578.5679   17.0352
    0.0000   45.0000   37.5000 2586.6702   16.9707
    7.5000   45.0000   37.5000 2562.4377   17.2035
   -7.5000  -45.0000   45.0000 1934.0729   28.3709
    0.0000  -45.0000   45.0000 1947.5222   28.4744
    7.5000  -45.0000   45.0000 1945.7885   29.0998
   -7.5000  -37.5000   45.0000 2083.7153   24.5228
    0.0000  -37.5000   45.0000 2092.0132   24.5522
    7.5000  -37.5000   45.0000 2085.9419   25.0703
   -7.5000  -30.0000   45.0000 2216.6587   21.7732
    0.0000  -30.0000   45.0000 2216.2224   21.7092
    7.5000  -30.0000   45.0000 2209.0095   22.1335
   -7.5000  -22.5000   45.0000 2339.5605   19.7382
    0.0000  -22.5000   45.0000 2344.9939   19.6285
    7.5000  -22.5000   45.0000 2333.0835   19.9959
   -7.5000  -15.0000   45.0000 2448.4377   18.1402
    0.0000  -15.0000   45.0000 2456.9241   18.0314
    7.5000  -15.0000   45.0000 2445.0442   18.3662
   -7.5000   -7.5000   45.0000 2545.2825   16.8776
    0.0000   -7.5000   45.0000 2555.8425   16.7584
    7.5000   -7.5000   45.0000 2549.4905   17.0970
   -7.5000    0.0000   45.0000 2631.8589   16.0322
    0.0000    0.0000   45.0000 2641.3462   15.8799
    7.5000    0.0000   45.0000 2629.8796   16.2470
   -7.5000    7.5000   45.0000 2693.7686   15.4961
    0.0000    7.5000   45.0000 2700.4778   15.4117
    7.5000    7.5000   45.0000 2692.0466   15.7041
   -7.5000   15.0000   45.0000 2709.1987   15.3524
    0.0000   15.0000   45.0000 2724.4753   15.2560
    7.5000   15.0000   45.0000 2716.2197   15.5182
   -7.5000   22.5000   45.0000 2701.9871   15.5661
    0.0000   22.5000   45.0000 2710.1125   15.4707
    7.5000   22.5000   45.0000 2701.6174   15.7107
   -7.5000   30.0000   45.0000 2659.7043   16.0398
    0.0000   30.0000   45.0000 2671.1633   15.9652
    7.5000   30.0000   45.0000 2655.6150   16.2122
   -7.5000   37.5000   45.0000 2595.8252   16.7926
    0.0000   37.5000   45.0000 2609.4102   16.7098
    7.5000   37.5000   45.0000 2590.2979   16.9961
   -7.5000   45.0000   45.0000 2509.6677   17.8270
    0.0000   45.0000   45.0000 2515.4448   17.7735
    7.5000   45.0000   45.0000 2497.2039   18.0270

---------------------------------------------------------------------
imgreg_4dfp /opt/freesurfer/average/711-2C_as_mni_average_305 /opt/freesurfer/average/711-2B_as_mni_average_305_mask talsrcimg_g11 none talsrcimg_to_711-2C_as_mni_average_305_t4 1283
---------------------------------------------------------------------

freesurfer imgreg_4dfp.c
/opt/freesurfer/average/711-2C_as_mni_average_305.4dfp.img
       256       256       256         1
  1.000000  1.000000  1.000000
orientation T byte_order littleendian
Reading image: /opt/freesurfer/average/711-2C_as_mni_average_305.4dfp.img
dimensions:      256       256       256
mmppix:       1.0000   -1.0000   -1.0000
center:     128.0000 -129.0000 -129.0000
/opt/freesurfer/average/711-2B_as_mni_average_305_mask.4dfp.img
       256       256       256         1
  1.000000  1.000000  1.000000
orientation T byte_order littleendian
Reading mask: /opt/freesurfer/average/711-2B_as_mni_average_305_mask.4dfp.img (2306576 pixels)
talsrcimg_g11.4dfp.img
       256       256       256         1
  1.000000  1.000000  1.000000
orientation T byte_order littleendian
Reading image: talsrcimg_g11.4dfp.img
dimensions:      256       256       256
mmppix:       1.0000   -1.0000   -1.0000
center:     128.0000 -129.0000 -129.0000
rotation matrix determinant  1.000000
fimgreg.f
image alignment mode   1283 decimal      503 hex
parameters
    0.0000   15.0000   22.5000    0.0000    0.0000    0.0000
eta,q 0.92898 13.18214
niter,ni,del,rscale     5    3   12.0000    1.2000
parameter  4  1.366066 ->  0.500000 qaram    1.1500
parameter  6  0.742288 ->  0.500000 qaram    1.1500
parameters
   -1.5081   16.8684   19.8062   -3.4500   -2.2891   -3.4500
eta,q 0.93876 12.90711
  0.0778  0.0818  0.0702  0.0637  0.0662  0.0615
  0.0713  0.0781  0.0682  0.0639  0.0639  0.0612
  0.0703  0.0745  0.0666  0.0650  0.0631  0.0616
  0.0738  0.0705  0.0690  0.0668  0.0642  0.0630
  0.0762  0.0691  0.0734  0.0685  0.0670  0.0661
  0.0787  0.0709  0.0781  0.0707  0.0711  0.0698
  0.0804  0.0743  0.0843  0.0732  0.0749  0.0732
niter,ni,del,rscale     6    3   12.0000    1.2000
parameter  4  0.959841 ->  0.500000 qaram    1.3225
parameters
   -1.0351   17.8070   19.1214   -7.4175   -2.4264   -5.6211
eta,q 0.94064 12.84800
  0.0772  0.0699  0.0668  0.0591  0.0659  0.0612
  0.0702  0.0662  0.0655  0.0593  0.0629  0.0595
  0.0653  0.0633  0.0640  0.0603  0.0606  0.0593
  0.0612  0.0612  0.0610  0.0617  0.0595  0.0595
  0.0635  0.0611  0.0631  0.0629  0.0603  0.0607
  0.0687  0.0624  0.0668  0.0652  0.0629  0.0634
  0.0726  0.0665  0.0711  0.0687  0.0669  0.0665
niter,ni,del,rscale     6    3   12.0000    1.2000
parameters
   -0.7845   19.7505   18.1113   -9.9418   -2.7041   -5.5383
eta,q 0.94299 12.87719
  0.0738  0.0712  0.0632  0.0612  0.0626  0.0618
  0.0670  0.0656  0.0614  0.0575  0.0599  0.0596
  0.0627  0.0621  0.0597  0.0570  0.0578  0.0579
  0.0594  0.0593  0.0583  0.0587  0.0570  0.0570
  0.0610  0.0582  0.0605  0.0608  0.0579  0.0571
  0.0663  0.0587  0.0637  0.0640  0.0601  0.0587
  0.0715  0.0622  0.0690  0.0687  0.0643  0.0622
niter,ni,del,rscale     5    3   12.0000    1.2000
parameters
   -0.5162   20.7653   17.6059  -10.6380   -2.6628   -5.8095
eta,q 0.94278 12.89530
  0.0715  0.0695  0.0624  0.0634  0.0633  0.0615
  0.0646  0.0636  0.0618  0.0597  0.0604  0.0595
  0.0602  0.0591  0.0592  0.0570  0.0581  0.0580
  0.0570  0.0570  0.0571  0.0574  0.0572  0.0572
  0.0586  0.0575  0.0578  0.0587  0.0578  0.0575
  0.0635  0.0594  0.0616  0.0612  0.0598  0.0595
  0.0692  0.0632  0.0667  0.0659  0.0636  0.0629
niter,ni,del,rscale     4    3   12.0000    1.2000
parameters
   -0.5360   21.1006   17.3101  -10.9785   -2.4424   -5.9895
eta,q 0.94250 12.88418
  0.0700  0.0676  0.0620  0.0638  0.0639  0.0620
  0.0632  0.0621  0.0624  0.0606  0.0611  0.0599
  0.0594  0.0581  0.0596  0.0575  0.0585  0.0584
  0.0572  0.0572  0.0573  0.0576  0.0575  0.0575
  0.0593  0.0582  0.0574  0.0585  0.0580  0.0578
  0.0639  0.0612  0.0608  0.0607  0.0598  0.0598
  0.0698  0.0650  0.0657  0.0653  0.0635  0.0631
niter,ni,del,rscale     3    3   12.0000    1.2000
parameters
   -0.6461   21.2495   17.0737  -11.1972   -2.2201   -6.0862
eta,q 0.94231 12.86607
  0.0697  0.0672  0.0615  0.0639  0.0642  0.0624
  0.0629  0.0619  0.0625  0.0611  0.0614  0.0603
  0.0592  0.0582  0.0600  0.0580  0.0587  0.0587
  0.0575  0.0575  0.0575  0.0577  0.0577  0.0577
  0.0597  0.0585  0.0572  0.0586  0.0581  0.0579
  0.0642  0.0619  0.0604  0.0605  0.0600  0.0600
  0.0700  0.0657  0.0652  0.0652  0.0638  0.0634
niter,ni,del,rscale     2    3   12.0000    1.2000
parameters
   -0.7464   21.3347   16.8742  -11.3279   -2.0575   -6.1347
eta,q 0.94206 12.84779
  0.0698  0.0671  0.0612  0.0641  0.0643  0.0629
  0.0629  0.0621  0.0627  0.0614  0.0615  0.0606
  0.0593  0.0584  0.0604  0.0583  0.0588  0.0590
  0.0577  0.0577  0.0577  0.0579  0.0579  0.0579
  0.0598  0.0586  0.0572  0.0588  0.0583  0.0581
  0.0643  0.0622  0.0601  0.0606  0.0602  0.0602
  0.0699  0.0661  0.0649  0.0651  0.0643  0.0636
niter,ni,del,rscale     1    3   12.0000    1.2000
parameters
   -0.8222   21.3907   16.7564  -11.4059   -1.9530   -6.1641
eta,q 0.94194 12.83657
  0.0699  0.0672  0.0609  0.0642  0.0644  0.0631
  0.0630  0.0623  0.0627  0.0616  0.0616  0.0608
  0.0594  0.0586  0.0608  0.0586  0.0589  0.0592
  0.0579  0.0580  0.0580  0.0581  0.0581  0.0581
  0.0599  0.0588  0.0572  0.0588  0.0584  0.0582
  0.0643  0.0625  0.0599  0.0606  0.0604  0.0604
  0.0698  0.0664  0.0646  0.0652  0.0647  0.0638
registration optimization eta report
parameter search radius
    6.0000    6.0000    6.0000    7.9350    6.0000    6.9000
100000*second partial in parameter space
       32.       25.       12.       11.       18.       11.
  0.0699  0.0672  0.0609  0.0642  0.0644  0.0631
  0.0630  0.0623  0.0627  0.0616  0.0616  0.0608
  0.0594  0.0586  0.0608  0.0586  0.0589  0.0592
  0.0579  0.0580  0.0580  0.0581  0.0581  0.0581
  0.0599  0.0588  0.0572  0.0588  0.0584  0.0582
  0.0643  0.0625  0.0599  0.0606  0.0604  0.0604
  0.0698  0.0664  0.0646  0.0652  0.0647  0.0638
   -0.8222   21.3907   16.7564  -11.4059   -1.9530   -6.1641
eta,q 0.94194 12.83657

---------------------------------------------------------------------
imgreg_4dfp /opt/freesurfer/average/711-2C_as_mni_average_305 /opt/freesurfer/average/711-2B_as_mni_average_305_mask talsrcimg_g11 none talsrcimg_to_711-2C_as_mni_average_305_t4 3335
---------------------------------------------------------------------

freesurfer imgreg_4dfp.c
/opt/freesurfer/average/711-2C_as_mni_average_305.4dfp.img
       256       256       256         1
  1.000000  1.000000  1.000000
orientation T byte_order littleendian
Reading image: /opt/freesurfer/average/711-2C_as_mni_average_305.4dfp.img
dimensions:      256       256       256
mmppix:       1.0000   -1.0000   -1.0000
center:     128.0000 -129.0000 -129.0000
/opt/freesurfer/average/711-2B_as_mni_average_305_mask.4dfp.img
       256       256       256         1
  1.000000  1.000000  1.000000
orientation T byte_order littleendian
Reading mask: /opt/freesurfer/average/711-2B_as_mni_average_305_mask.4dfp.img (2306576 pixels)
talsrcimg_g11.4dfp.img
       256       256       256         1
  1.000000  1.000000  1.000000
orientation T byte_order littleendian
Reading image: talsrcimg_g11.4dfp.img
dimensions:      256       256       256
mmppix:       1.0000   -1.0000   -1.0000
center:     128.0000 -129.0000 -129.0000
fimgreg.f
image alignment mode   3335 decimal      D07 hex
parameters
   -0.8222   21.3907   16.7564   -0.6359   -2.4693   -2.0319
    9.8555    5.4449  -10.7314   19.3027   -3.4080  -19.7643
eta,q 0.94263 12.93751
niter,ni,del,rscale     5    3    5.0000    1.2000
parameter  4  1.543878 ->  0.500000 qaram    1.1500
parameter  5  2.395188 ->  0.500000 qaram    1.1500
parameter  6  0.883520 ->  0.500000 qaram    1.1500
parameter  9 -0.611812 -> -0.500000 qaram    1.1500
parameter 12 -2.055294 -> -0.500000 qaram    1.1500
parameters
   -0.6548   21.4458   17.6959   -4.7759   -6.6093   -6.1719
    8.9186    5.9352   -6.5914   17.8612   -3.5756  -15.6243
eta,q 0.95638 12.69650
  0.0603  0.0588  0.0589  0.0504  0.0451  0.0453  0.0475  0.0506  0.0496  0.0471  0.0460  0.0494
  0.0588  0.0581  0.0586  0.0511  0.0469  0.0459  0.0467  0.0483  0.0481  0.0462  0.0457  0.0480
  0.0577  0.0576  0.0580  0.0531  0.0490  0.0463  0.0462  0.0469  0.0469  0.0455  0.0455  0.0467
  0.0574  0.0574  0.0574  0.0570  0.0515  0.0474  0.0461  0.0461  0.0460  0.0453  0.0454  0.0454
  0.0576  0.0575  0.0570  0.0620  0.0544  0.0516  0.0464  0.0460  0.0454  0.0460  0.0453  0.0442
  0.0584  0.0579  0.0572  0.0667  0.0576  0.0554  0.0473  0.0472  0.0453  0.0476  0.0456  0.0434
  0.0595  0.0588  0.0578  0.0708  0.0613  0.0585  0.0485  0.0499  0.0456  0.0497  0.0463  0.0429
niter,ni,del,rscale     7    3    5.0000    1.2000
parameter  2  1.112234 ->  0.500000 qaram    1.1500
parameter  3  3.137055 ->  0.500000 qaram    1.1500
parameter  5  2.299499 ->  0.500000 qaram    1.3225
parameter  6  0.876667 ->  0.500000 qaram    1.3225
parameter 10  1.086837 ->  0.500000 qaram    1.1500
parameter 11  0.670043 ->  0.500000 qaram    1.1500
parameters
   -0.9737   20.0658   16.3159   -8.4956  -11.3703  -10.9329
    6.9399    4.8096   -7.7319   13.7212   -7.7156  -16.4702
eta,q 0.96737 12.16504
  0.0456  0.0418  0.0381  0.0395  0.0335  0.0336  0.0355  0.0362  0.0362  0.0327  0.0328  0.0336
  0.0442  0.0418  0.0388  0.0389  0.0352  0.0344  0.0349  0.0351  0.0351  0.0329  0.0326  0.0330
  0.0436  0.0425  0.0402  0.0386  0.0371  0.0352  0.0346  0.0346  0.0345  0.0335  0.0327  0.0327
  0.0436  0.0435  0.0420  0.0392  0.0387  0.0358  0.0347  0.0346  0.0345  0.0345  0.0330  0.0326
  0.0442  0.0449  0.0439  0.0413  0.0411  0.0387  0.0352  0.0351  0.0350  0.0356  0.0335  0.0329
  0.0453  0.0466  0.0456  0.0458  0.0439  0.0425  0.0361  0.0360  0.0360  0.0372  0.0342  0.0334
  0.0468  0.0484  0.0474  0.0515  0.0471  0.0458  0.0372  0.0379  0.0372  0.0392  0.0349  0.0341
niter,ni,del,rscale     7    3    5.0000    1.2000
parameter  2  1.764832 ->  0.500000 qaram    1.3225
parameter  3  1.841058 ->  0.500000 qaram    1.3225
parameter  5  0.696761 ->  0.500000 qaram    1.5209
parameters
   -1.3249   18.4788   14.7289   -7.4497  -16.8455  -11.8662
    7.6048    5.4191   -8.2846   13.7567   -7.3553  -17.6716
eta,q 0.97707 12.15468
  0.0344  0.0283  0.0248  0.0293  0.0244  0.0279  0.0255  0.0268  0.0254  0.0273  0.0244  0.0241
  0.0332  0.0291  0.0257  0.0279  0.0231  0.0258  0.0243  0.0248  0.0240  0.0250  0.0237  0.0233
  0.0327  0.0306  0.0272  0.0268  0.0232  0.0239  0.0235  0.0236  0.0232  0.0235  0.0232  0.0230
  0.0326  0.0326  0.0295  0.0260  0.0258  0.0229  0.0230  0.0230  0.0230  0.0230  0.0230  0.0230
  0.0331  0.0348  0.0322  0.0255  0.0288  0.0238  0.0231  0.0232  0.0234  0.0234  0.0231  0.0233
  0.0342  0.0373  0.0350  0.0259  0.0318  0.0260  0.0237  0.0241  0.0245  0.0249  0.0235  0.0240
  0.0358  0.0402  0.0378  0.0286  0.0354  0.0320  0.0248  0.0257  0.0261  0.0273  0.0242  0.0250
niter,ni,del,rscale     7    3    5.0000    1.2000
parameter  3  0.698681 ->  0.500000 qaram    1.5209
parameters
   -1.1686   17.9763   12.9038   -4.9239  -17.0279  -12.4064
    7.6816    5.7434   -8.3702   14.9444   -6.9536  -18.4809
eta,q 0.97921 12.27523
  0.0258  0.0264  0.0215  0.0258  0.0277  0.0262  0.0234  0.0255  0.0241  0.0262  0.0225  0.0221
  0.0243  0.0242  0.0215  0.0241  0.0247  0.0240  0.0221  0.0229  0.0223  0.0235  0.0215  0.0212
  0.0233  0.0230  0.0219  0.0227  0.0222  0.0222  0.0213  0.0214  0.0213  0.0218  0.0209  0.0208
  0.0229  0.0229  0.0228  0.0216  0.0206  0.0207  0.0209  0.0209  0.0209  0.0209  0.0208  0.0208
  0.0231  0.0241  0.0243  0.0206  0.0216  0.0197  0.0212  0.0211  0.0213  0.0209  0.0210  0.0211
  0.0238  0.0263  0.0268  0.0206  0.0251  0.0230  0.0220  0.0223  0.0225  0.0218  0.0214  0.0217
  0.0252  0.0296  0.0298  0.0231  0.0285  0.0305  0.0233  0.0248  0.0242  0.0239  0.0221  0.0225
niter,ni,del,rscale     7    3    5.0000    1.2000
parameters
   -1.3084   18.0237   11.9356   -5.2459  -16.8878  -12.9353
    7.8902    5.8153   -8.2540   15.3047   -6.3226  -19.0383
eta,q 0.97915 12.26231
  0.0235  0.0261  0.0223  0.0244  0.0280  0.0262  0.0234  0.0251  0.0242  0.0254  0.0223  0.0223
  0.0219  0.0233  0.0210  0.0230  0.0250  0.0240  0.0221  0.0226  0.0224  0.0230  0.0215  0.0213
  0.0210  0.0215  0.0205  0.0217  0.0224  0.0223  0.0213  0.0213  0.0213  0.0215  0.0210  0.0209
  0.0208  0.0208  0.0208  0.0205  0.0206  0.0206  0.0209  0.0209  0.0209  0.0209  0.0209  0.0209
  0.0212  0.0213  0.0217  0.0202  0.0213  0.0196  0.0211  0.0211  0.0212  0.0211  0.0209  0.0212
  0.0223  0.0230  0.0233  0.0223  0.0247  0.0227  0.0218  0.0223  0.0223  0.0224  0.0212  0.0218
  0.0242  0.0258  0.0259  0.0265  0.0280  0.0308  0.0232  0.0251  0.0240  0.0248  0.0219  0.0225
niter,ni,del,rscale     6    3    5.0000    1.2000
parameters
   -1.2907   18.0270   11.8176   -5.2228  -16.8821  -13.0586
    7.8959    5.7373   -8.2766   15.4283   -6.2575  -19.1266
eta,q 0.97909 12.26058
  0.0237  0.0261  0.0237  0.0247  0.0281  0.0266  0.0232  0.0249  0.0241  0.0252  0.0221  0.0225
  0.0221  0.0233  0.0220  0.0233  0.0251  0.0244  0.0220  0.0226  0.0224  0.0228  0.0214  0.0215
  0.0212  0.0215  0.0211  0.0220  0.0225  0.0226  0.0212  0.0214  0.0213  0.0214  0.0210  0.0210
  0.0208  0.0209  0.0209  0.0208  0.0208  0.0208  0.0209  0.0209  0.0209  0.0209  0.0209  0.0209
  0.0211  0.0215  0.0213  0.0203  0.0217  0.0196  0.0211  0.0211  0.0213  0.0213  0.0210  0.0212
  0.0221  0.0232  0.0223  0.0220  0.0250  0.0219  0.0219  0.0225  0.0224  0.0226  0.0213  0.0217
  0.0237  0.0261  0.0240  0.0260  0.0284  0.0299  0.0233  0.0254  0.0241  0.0250  0.0221  0.0225
niter,ni,del,rscale     5    3    5.0000    1.2000
parameters
   -1.2925   18.0414   11.7922   -5.2058  -16.8935  -13.0817
    7.8905    5.7374   -8.2799   15.4619   -6.2544  -19.1522
eta,q 0.97909 12.26048
  0.0237  0.0261  0.0239  0.0247  0.0281  0.0267  0.0233  0.0250  0.0241  0.0251  0.0221  0.0226
  0.0222  0.0233  0.0221  0.0233  0.0251  0.0245  0.0220  0.0227  0.0224  0.0227  0.0214  0.0215
  0.0212  0.0215  0.0212  0.0221  0.0226  0.0226  0.0212  0.0214  0.0213  0.0214  0.0210  0.0210
  0.0209  0.0209  0.0209  0.0209  0.0209  0.0209  0.0209  0.0209  0.0209  0.0209  0.0209  0.0209
  0.0212  0.0215  0.0213  0.0204  0.0217  0.0196  0.0211  0.0211  0.0213  0.0213  0.0210  0.0212
  0.0221  0.0233  0.0223  0.0221  0.0251  0.0217  0.0220  0.0224  0.0224  0.0226  0.0214  0.0217
  0.0238  0.0261  0.0239  0.0260  0.0285  0.0297  0.0233  0.0253  0.0241  0.0251  0.0221  0.0224
registration optimization eta report
parameter search radius
    2.4000    3.1740    3.6501    8.2800   10.9503    9.5220
    7.2000    7.2000    8.2800    8.2800    8.2800    8.2800
100000*second partial in parameter space
       50.       51.       23.        7.        6.        9.
        5.        8.        5.        6.        2.        2.
  0.0237  0.0261  0.0239  0.0247  0.0281  0.0267  0.0233  0.0250  0.0241  0.0251  0.0221  0.0226
  0.0222  0.0233  0.0221  0.0233  0.0251  0.0245  0.0220  0.0227  0.0224  0.0227  0.0214  0.0215
  0.0212  0.0215  0.0212  0.0221  0.0226  0.0226  0.0212  0.0214  0.0213  0.0214  0.0210  0.0210
  0.0209  0.0209  0.0209  0.0209  0.0209  0.0209  0.0209  0.0209  0.0209  0.0209  0.0209  0.0209
  0.0212  0.0215  0.0213  0.0204  0.0217  0.0196  0.0211  0.0211  0.0213  0.0213  0.0210  0.0212
  0.0221  0.0233  0.0223  0.0221  0.0251  0.0217  0.0220  0.0224  0.0224  0.0226  0.0214  0.0217
  0.0238  0.0261  0.0239  0.0260  0.0285  0.0297  0.0233  0.0253  0.0241  0.0251  0.0221  0.0224
   -1.2925   18.0414   11.7922   -5.2058  -16.8935  -13.0817
    7.8905    5.7374   -8.2799   15.4619   -6.2544  -19.1522
eta,q 0.97909 12.26048

---------------------------------------------------------------------
imgreg_4dfp /opt/freesurfer/average/711-2C_as_mni_average_305 /opt/freesurfer/average/711-2B_as_mni_average_305_mask talsrcimg_g11 none talsrcimg_to_711-2C_as_mni_average_305_t4 2311
---------------------------------------------------------------------

freesurfer imgreg_4dfp.c
/opt/freesurfer/average/711-2C_as_mni_average_305.4dfp.img
       256       256       256         1
  1.000000  1.000000  1.000000
orientation T byte_order littleendian
Reading image: /opt/freesurfer/average/711-2C_as_mni_average_305.4dfp.img
dimensions:      256       256       256
mmppix:       1.0000   -1.0000   -1.0000
center:     128.0000 -129.0000 -129.0000
/opt/freesurfer/average/711-2B_as_mni_average_305_mask.4dfp.img
       256       256       256         1
  1.000000  1.000000  1.000000
orientation T byte_order littleendian
Reading mask: /opt/freesurfer/average/711-2B_as_mni_average_305_mask.4dfp.img (2306576 pixels)
talsrcimg_g11.4dfp.img
       256       256       256         1
  1.000000  1.000000  1.000000
orientation T byte_order littleendian
Reading image: talsrcimg_g11.4dfp.img
dimensions:      256       256       256
mmppix:       1.0000   -1.0000   -1.0000
center:     128.0000 -129.0000 -129.0000
fimgreg.f
image alignment mode   2311 decimal      907 hex
parameters
   -1.2925   18.0414   11.7922   -5.2058  -16.8935  -13.0817
    7.8905    5.7374   -8.2799   15.4619   -6.2544  -19.1522
eta,q 0.97909 12.26049
niter,ni,del,rscale     5    3    5.0000    0.8000
parameter  6 -0.566216 -> -0.500000 qaram    1.1500
parameters
   -1.2819   18.0507   11.6964   -3.3448  -16.6099  -10.3217
    7.6142    5.5825   -8.0973   15.0582   -6.5587  -19.5665
eta,q 0.98066 12.38106
  0.0222  0.0223  0.0214  0.0230  0.0227  0.0231  0.0207  0.0230  0.0210  0.0213  0.0205  0.0201
  0.0215  0.0215  0.0211  0.0223  0.0217  0.0222  0.0199  0.0211  0.0201  0.0202  0.0198  0.0196
  0.0211  0.0211  0.0210  0.0216  0.0209  0.0213  0.0195  0.0198  0.0196  0.0195  0.0194  0.0194
  0.0209  0.0209  0.0209  0.0209  0.0204  0.0203  0.0194  0.0194  0.0194  0.0194  0.0194  0.0193
  0.0210  0.0211  0.0210  0.0204  0.0204  0.0195  0.0196  0.0199  0.0195  0.0198  0.0196  0.0195
  0.0214  0.0215  0.0212  0.0205  0.0211  0.0194  0.0201  0.0213  0.0199  0.0207  0.0200  0.0199
  0.0221  0.0223  0.0215  0.0214  0.0225  0.0204  0.0211  0.0236  0.0207  0.0221  0.0208  0.0204
niter,ni,del,rscale     5    3    5.0000    0.8000
parameters
   -1.4145   18.0112   12.2607   -4.2948  -16.7951  -10.9611
    7.8432    5.6425   -8.3076   15.5390   -6.6685  -19.3339
eta,q 0.98054 12.36329
  0.0210  0.0209  0.0214  0.0209  0.0214  0.0223  0.0209  0.0223  0.0207  0.0217  0.0203  0.0203
  0.0200  0.0200  0.0204  0.0201  0.0204  0.0212  0.0202  0.0208  0.0200  0.0206  0.0199  0.0198
  0.0195  0.0195  0.0198  0.0194  0.0197  0.0201  0.0197  0.0199  0.0196  0.0199  0.0196  0.0196
  0.0193  0.0193  0.0193  0.0192  0.0193  0.0193  0.0195  0.0195  0.0195  0.0195  0.0195  0.0195
  0.0197  0.0195  0.0192  0.0197  0.0195  0.0194  0.0196  0.0197  0.0197  0.0195  0.0196  0.0195
  0.0205  0.0201  0.0193  0.0213  0.0205  0.0214  0.0200  0.0206  0.0201  0.0200  0.0199  0.0198
  0.0217  0.0211  0.0197  0.0238  0.0221  0.0259  0.0207  0.0223  0.0209  0.0211  0.0204  0.0201
niter,ni,del,rscale     4    3    5.0000    0.7000
parameters
   -1.3931   18.0337   12.0995   -4.0740  -16.6292  -10.9152
    7.8723    5.7258   -8.2648   15.4985   -6.7143  -19.3723
eta,q 0.98064 12.37338
  0.0208  0.0207  0.0201  0.0213  0.0213  0.0221  0.0204  0.0218  0.0204  0.0209  0.0201  0.0200
  0.0201  0.0200  0.0197  0.0206  0.0205  0.0212  0.0198  0.0205  0.0198  0.0201  0.0197  0.0196
  0.0196  0.0196  0.0195  0.0199  0.0198  0.0202  0.0195  0.0197  0.0195  0.0195  0.0194  0.0194
  0.0195  0.0195  0.0195  0.0194  0.0194  0.0194  0.0194  0.0194  0.0194  0.0194  0.0194  0.0194
  0.0196  0.0196  0.0196  0.0193  0.0194  0.0192  0.0194  0.0195  0.0195  0.0195  0.0195  0.0194
  0.0200  0.0200  0.0199  0.0199  0.0201  0.0202  0.0198  0.0203  0.0198  0.0201  0.0197  0.0196
  0.0207  0.0206  0.0204  0.0213  0.0212  0.0229  0.0204  0.0217  0.0204  0.0210  0.0202  0.0200
niter,ni,del,rscale     3    3    5.0000    0.6000
parameters
   -1.3941   18.0188   12.1159   -3.9327  -16.5546  -10.6394
    7.8402    5.7419   -8.2349   15.4270   -6.7596  -19.3950
eta,q 0.98076 12.38275
  0.0204  0.0202  0.0200  0.0208  0.0208  0.0217  0.0200  0.0211  0.0200  0.0204  0.0199  0.0197
  0.0198  0.0197  0.0196  0.0202  0.0201  0.0209  0.0196  0.0202  0.0196  0.0198  0.0195  0.0195
  0.0195  0.0194  0.0194  0.0197  0.0196  0.0200  0.0193  0.0195  0.0193  0.0194  0.0193  0.0193
  0.0194  0.0194  0.0194  0.0194  0.0193  0.0193  0.0192  0.0192  0.0192  0.0192  0.0192  0.0192
  0.0195  0.0195  0.0194  0.0193  0.0194  0.0192  0.0193  0.0194  0.0193  0.0194  0.0193  0.0193
  0.0198  0.0198  0.0196  0.0198  0.0199  0.0199  0.0196  0.0201  0.0196  0.0198  0.0195  0.0195
  0.0204  0.0203  0.0199  0.0209  0.0208  0.0216  0.0200  0.0212  0.0200  0.0205  0.0199  0.0197
niter,ni,del,rscale     2    3    5.0000    0.5000
parameters
   -1.3938   18.0128   12.1873   -3.8641  -16.5214  -10.3750
    7.8288    5.7674   -8.2138   15.3660   -6.7885  -19.3803
eta,q 0.98083 12.38893
  0.0200  0.0199  0.0197  0.0203  0.0203  0.0211  0.0197  0.0206  0.0197  0.0200  0.0196  0.0195
  0.0196  0.0195  0.0195  0.0199  0.0198  0.0204  0.0194  0.0199  0.0194  0.0196  0.0194  0.0193
  0.0193  0.0193  0.0193  0.0195  0.0194  0.0197  0.0192  0.0194  0.0192  0.0193  0.0192  0.0192
  0.0192  0.0192  0.0192  0.0192  0.0192  0.0192  0.0192  0.0192  0.0192  0.0192  0.0192  0.0192
  0.0193  0.0193  0.0193  0.0192  0.0193  0.0192  0.0192  0.0193  0.0192  0.0193  0.0192  0.0192
  0.0196  0.0195  0.0194  0.0196  0.0197  0.0197  0.0194  0.0198  0.0194  0.0196  0.0194  0.0193
  0.0200  0.0199  0.0196  0.0204  0.0203  0.0209  0.0197  0.0206  0.0197  0.0201  0.0197  0.0195
niter,ni,del,rscale     1    3    5.0000    0.4000
parameters
   -1.3883   18.0136   12.2625   -3.8103  -16.4976  -10.1602
    7.8268    5.7839   -8.2035   15.3130   -6.8019  -19.3634
eta,q 0.98088 12.39315
  0.0197  0.0196  0.0195  0.0199  0.0198  0.0205  0.0195  0.0201  0.0195  0.0197  0.0194  0.0194
  0.0194  0.0194  0.0193  0.0196  0.0195  0.0200  0.0193  0.0196  0.0193  0.0194  0.0193  0.0192
  0.0192  0.0192  0.0192  0.0193  0.0193  0.0195  0.0192  0.0192  0.0192  0.0192  0.0192  0.0191
  0.0192  0.0192  0.0192  0.0192  0.0192  0.0192  0.0191  0.0191  0.0191  0.0191  0.0191  0.0191
  0.0192  0.0192  0.0192  0.0192  0.0192  0.0191  0.0192  0.0192  0.0192  0.0192  0.0192  0.0191
  0.0194  0.0193  0.0193  0.0194  0.0194  0.0195  0.0193  0.0195  0.0193  0.0194  0.0193  0.0192
  0.0196  0.0196  0.0194  0.0200  0.0199  0.0203  0.0195  0.0201  0.0195  0.0197  0.0194  0.0193
registration optimization eta report
parameter search radius
    0.8000    0.8000    0.8000    2.4000    2.4000    2.7600
    2.4000    2.4000    2.4000    2.4000    2.4000    2.4000
100000*second partial in parameter space
       75.       66.       47.       13.       12.       17.
        6.       16.        6.       10.        6.        4.
  0.0197  0.0196  0.0195  0.0199  0.0198  0.0205  0.0195  0.0201  0.0195  0.0197  0.0194  0.0194
  0.0194  0.0194  0.0193  0.0196  0.0195  0.0200  0.0193  0.0196  0.0193  0.0194  0.0193  0.0192
  0.0192  0.0192  0.0192  0.0193  0.0193  0.0195  0.0192  0.0192  0.0192  0.0192  0.0192  0.0191
  0.0192  0.0192  0.0192  0.0192  0.0192  0.0192  0.0191  0.0191  0.0191  0.0191  0.0191  0.0191
  0.0192  0.0192  0.0192  0.0192  0.0192  0.0191  0.0192  0.0192  0.0192  0.0192  0.0192  0.0191
  0.0194  0.0193  0.0193  0.0194  0.0194  0.0195  0.0193  0.0195  0.0193  0.0194  0.0193  0.0192
  0.0196  0.0196  0.0194  0.0200  0.0199  0.0203  0.0195  0.0201  0.0195  0.0197  0.0194  0.0193
   -1.3883   18.0136   12.2625   -3.8103  -16.4976  -10.1602
    7.8268    5.7839   -8.2035   15.3130   -6.8019  -19.3634
eta,q 0.98088 12.39315

---------------------------------------------------------------------
imgreg_4dfp /opt/freesurfer/average/711-2C_as_mni_average_305 /opt/freesurfer/average/711-2B_as_mni_average_305_mask talsrcimg_g11 none talsrcimg_to_711-2C_as_mni_average_305_t4 2311
---------------------------------------------------------------------

freesurfer imgreg_4dfp.c
/opt/freesurfer/average/711-2C_as_mni_average_305.4dfp.img
       256       256       256         1
  1.000000  1.000000  1.000000
orientation T byte_order littleendian
Reading image: /opt/freesurfer/average/711-2C_as_mni_average_305.4dfp.img
dimensions:      256       256       256
mmppix:       1.0000   -1.0000   -1.0000
center:     128.0000 -129.0000 -129.0000
/opt/freesurfer/average/711-2B_as_mni_average_305_mask.4dfp.img
       256       256       256         1
  1.000000  1.000000  1.000000
orientation T byte_order littleendian
Reading mask: /opt/freesurfer/average/711-2B_as_mni_average_305_mask.4dfp.img (2306576 pixels)
talsrcimg_g11.4dfp.img
       256       256       256         1
  1.000000  1.000000  1.000000
orientation T byte_order littleendian
Reading image: talsrcimg_g11.4dfp.img
dimensions:      256       256       256
mmppix:       1.0000   -1.0000   -1.0000
center:     128.0000 -129.0000 -129.0000
fimgreg.f
image alignment mode   2311 decimal      907 hex
parameters
   -1.3883   18.0136   12.2625   -3.8103  -16.4976  -10.1602
    7.8268    5.7839   -8.2035   15.3130   -6.8019  -19.3634
eta,q 0.98088 12.39315
niter,ni,del,rscale     5    3    5.0000    0.8000
parameters
   -1.3883   18.0086   12.3207   -4.4894  -16.7758  -10.6316
    7.9033    5.6909   -8.2720   15.3975   -6.7423  -19.2962
eta,q 0.98062 12.36393
  0.0211  0.0208  0.0204  0.0210  0.0213  0.0218  0.0207  0.0221  0.0206  0.0214  0.0203  0.0202
  0.0200  0.0199  0.0197  0.0202  0.0203  0.0209  0.0200  0.0207  0.0199  0.0204  0.0198  0.0197
  0.0193  0.0193  0.0193  0.0195  0.0196  0.0199  0.0196  0.0198  0.0195  0.0197  0.0195  0.0195
  0.0191  0.0191  0.0191  0.0191  0.0192  0.0192  0.0194  0.0194  0.0194  0.0194  0.0194  0.0194
  0.0193  0.0193  0.0192  0.0195  0.0195  0.0194  0.0195  0.0196  0.0195  0.0195  0.0195  0.0195
  0.0200  0.0199  0.0196  0.0208  0.0205  0.0209  0.0199  0.0207  0.0200  0.0202  0.0198  0.0197
  0.0211  0.0208  0.0203  0.0232  0.0221  0.0243  0.0207  0.0225  0.0207  0.0214  0.0203  0.0201
niter,ni,del,rscale     4    3    5.0000    0.7000
parameters
   -1.3818   18.0178   12.1739   -4.1710  -16.6602  -10.5579
    7.8719    5.7119   -8.2448   15.3692   -6.7430  -19.3765
eta,q 0.98073 12.37541
  0.0207  0.0206  0.0200  0.0213  0.0212  0.0216  0.0203  0.0217  0.0203  0.0209  0.0201  0.0199
  0.0200  0.0199  0.0196  0.0206  0.0203  0.0208  0.0197  0.0205  0.0197  0.0200  0.0196  0.0195
  0.0195  0.0195  0.0194  0.0199  0.0197  0.0199  0.0194  0.0196  0.0194  0.0195  0.0194  0.0193
  0.0194  0.0194  0.0194  0.0194  0.0193  0.0193  0.0193  0.0193  0.0193  0.0193  0.0193  0.0193
  0.0195  0.0195  0.0195  0.0192  0.0194  0.0192  0.0194  0.0195  0.0194  0.0194  0.0194  0.0194
  0.0200  0.0199  0.0199  0.0198  0.0200  0.0201  0.0197  0.0203  0.0197  0.0200  0.0196  0.0196
  0.0207  0.0206  0.0204  0.0211  0.0212  0.0221  0.0203  0.0218  0.0203  0.0210  0.0201  0.0199
niter,ni,del,rscale     3    3    5.0000    0.6000
parameters
   -1.3876   18.0160   12.1987   -4.0317  -16.6044  -10.3512
    7.8523    5.7260   -8.2301   15.3414   -6.7683  -19.4063
eta,q 0.98081 12.38331
  0.0203  0.0202  0.0199  0.0207  0.0207  0.0212  0.0199  0.0211  0.0200  0.0204  0.0198  0.0197
  0.0197  0.0197  0.0196  0.0201  0.0200  0.0205  0.0195  0.0201  0.0195  0.0198  0.0195  0.0194
  0.0194  0.0194  0.0193  0.0196  0.0195  0.0197  0.0193  0.0195  0.0193  0.0193  0.0193  0.0192
  0.0193  0.0193  0.0193  0.0193  0.0192  0.0192  0.0192  0.0192  0.0192  0.0192  0.0192  0.0192
  0.0194  0.0194  0.0193  0.0192  0.0193  0.0192  0.0193  0.0194  0.0193  0.0193  0.0193  0.0192
  0.0197  0.0197  0.0195  0.0197  0.0198  0.0198  0.0195  0.0200  0.0195  0.0197  0.0195  0.0194
  0.0203  0.0202  0.0199  0.0208  0.0207  0.0212  0.0200  0.0212  0.0200  0.0205  0.0199  0.0197
niter,ni,del,rscale     2    3    5.0000    0.5000
parameters
   -1.3875   18.0168   12.2547   -3.9439  -16.5661  -10.1681
    7.8381    5.7518   -8.2182   15.3048   -6.7830  -19.3817
eta,q 0.98087 12.38862
  0.0199  0.0198  0.0197  0.0203  0.0202  0.0207  0.0197  0.0206  0.0197  0.0200  0.0196  0.0195
  0.0195  0.0195  0.0194  0.0198  0.0197  0.0201  0.0194  0.0198  0.0194  0.0195  0.0194  0.0193
  0.0193  0.0193  0.0193  0.0194  0.0194  0.0195  0.0192  0.0193  0.0192  0.0192  0.0192  0.0192
  0.0192  0.0192  0.0192  0.0192  0.0192  0.0192  0.0191  0.0191  0.0191  0.0191  0.0191  0.0191
  0.0193  0.0193  0.0192  0.0192  0.0192  0.0192  0.0192  0.0193  0.0192  0.0192  0.0192  0.0192
  0.0195  0.0195  0.0194  0.0196  0.0196  0.0196  0.0194  0.0197  0.0194  0.0195  0.0194  0.0193
  0.0199  0.0198  0.0196  0.0203  0.0203  0.0206  0.0197  0.0206  0.0197  0.0201  0.0196  0.0195
niter,ni,del,rscale     1    3    5.0000    0.4000
parameters
   -1.3828   18.0159   12.3125   -3.8704  -16.5246  -10.0219
    7.8361    5.7689   -8.2188   15.2699   -6.8007  -19.3738
eta,q 0.98090 12.39270
  0.0196  0.0196  0.0195  0.0199  0.0198  0.0202  0.0194  0.0201  0.0195  0.0197  0.0194  0.0193
  0.0194  0.0193  0.0193  0.0196  0.0195  0.0197  0.0193  0.0196  0.0193  0.0194  0.0192  0.0192
  0.0192  0.0192  0.0192  0.0193  0.0192  0.0194  0.0191  0.0192  0.0191  0.0192  0.0191  0.0191
  0.0191  0.0191  0.0191  0.0191  0.0191  0.0191  0.0191  0.0191  0.0191  0.0191  0.0191  0.0191
  0.0192  0.0192  0.0192  0.0191  0.0192  0.0191  0.0191  0.0192  0.0191  0.0192  0.0191  0.0191
  0.0193  0.0193  0.0192  0.0194  0.0194  0.0194  0.0193  0.0195  0.0193  0.0194  0.0193  0.0192
  0.0196  0.0196  0.0194  0.0199  0.0198  0.0201  0.0195  0.0201  0.0195  0.0197  0.0194  0.0193
registration optimization eta report
parameter search radius
    0.8000    0.8000    0.8000    2.4000    2.4000    2.4000
    2.4000    2.4000    2.4000    2.4000    2.4000    2.4000
100000*second partial in parameter space
       76.       66.       48.       13.       12.       18.
        6.       16.        6.       10.        6.        4.
  0.0196  0.0196  0.0195  0.0199  0.0198  0.0202  0.0194  0.0201  0.0195  0.0197  0.0194  0.0193
  0.0194  0.0193  0.0193  0.0196  0.0195  0.0197  0.0193  0.0196  0.0193  0.0194  0.0192  0.0192
  0.0192  0.0192  0.0192  0.0193  0.0192  0.0194  0.0191  0.0192  0.0191  0.0192  0.0191  0.0191
  0.0191  0.0191  0.0191  0.0191  0.0191  0.0191  0.0191  0.0191  0.0191  0.0191  0.0191  0.0191
  0.0192  0.0192  0.0192  0.0191  0.0192  0.0191  0.0191  0.0192  0.0191  0.0192  0.0191  0.0191
  0.0193  0.0193  0.0192  0.0194  0.0194  0.0194  0.0193  0.0195  0.0193  0.0194  0.0193  0.0192
  0.0196  0.0196  0.0194  0.0199  0.0198  0.0201  0.0195  0.0201  0.0195  0.0197  0.0194  0.0193
   -1.3828   18.0159   12.3125   -3.8704  -16.5246  -10.0219
    7.8361    5.7689   -8.2188   15.2699   -6.8007  -19.3738
eta,q 0.98090 12.39270

---------------------------------------------------------------------
compute_vox2vox talsrcimg talsrcimg_to_711-2C_as_mni_average_305_t4 /opt/freesurfer/average/711-2C_as_mni_average_305
---------------------------------------------------------------------

freesurfer compute_vox2vox.c
Reading: talsrcimg.4dfp.ifh
Reading: talsrcimg_to_711-2C_as_mni_average_305_t4
Reading: /opt/freesurfer/average/711-2C_as_mni_average_305.4dfp.ifh
Writing: talsrcimg_to_711-2C_as_mni_average_305_t4_vox2vox.txt

start time Thu Mar 12 12:01:32 CET 2026
end		time Thu Mar 12 12:02:57 CET 2026

mpr2mni305 success

avi2talxfm orig_nu.mgz /opt/freesurfer/average/mni305.cor.mgz talsrcimg_to_711-2C_as_mni_average_305_t4_vox2vox.txt transforms/talairach.auto.xfm
avi2talxfm done
mv -f /out/sourcedata/freesurfer/sub-v1s18x0051278_ses-1/mri/talsrcimg_to_711-2C_as_mni_average_305_t4_vox2vox.txt /out/sourcedata/freesurfer/sub-v1s18x0051278_ses-1/mri/transforms/talsrcimg_to_711-2C_as_mni_average_305_t4_vox2vox.txt
lta_convert --src orig_nu.mgz --trg /opt/freesurfer/average/mni305.cor.mgz --inxfm transforms/talairach.auto.xfm --outlta transforms/talairach.auto.xfm.lta --subject fsaverage
7.3.2

--src: orig_nu.mgz src image (geometry).
--trg: /opt/freesurfer/average/mni305.cor.mgz trg image (geometry).
--inmni: transforms/talairach.auto.xfm input MNI/XFM transform.
--outlta: transforms/talairach.auto.xfm.lta output LTA.
--s: fsaverage subject name
 LTA read, type : 1
 1.02770  -0.04764  -0.10753  -2.08392;
 0.09569   1.06483   0.23815  -20.44901;
 0.08368  -0.19948   1.14381  -4.19940;
 0.00000   0.00000   0.00000   1.00000;
setting subject to fsaverage
Writing  LTA to file transforms/talairach.auto.xfm.lta...
lta_convert successful.
 
 
Started at Thu Mar 12 12:01:31 CET 2026
Ended   at Thu Mar 12 12:02:57 CET 2026
talairach_avi done
