status file for recon-all
Mon Mar  9 07:15:21 CET 2026
#@# MotionCor Mon Mar  9 07:15:23 CET 2026
#@# Talairach Mon Mar  9 07:15:30 CET 2026
#@# Talairach Failure Detection Mon Mar  9 07:19:57 CET 2026
#@# Nu Intensity Correction Mon Mar  9 07:19:57 CET 2026
#@# Intensity Normalization Mon Mar  9 07:23:11 CET 2026
recon-all -s sub-v1s18x0051277_ses-1 finished without error at Mon Mar  9 07:24:35 CET 2026



#New# invocation of recon-all 



status file for recon-all
Mon Mar  9 07:31:29 CET 2026
#@# EM Registration Mon Mar  9 07:31:29 CET 2026
recon-all -s sub-v1s18x0051277_ses-1 finished without error at Mon Mar  9 07:33:00 CET 2026



#New# invocation of recon-all 



status file for recon-all
Mon Mar  9 07:33:03 CET 2026
#@# CA Normalize Mon Mar  9 07:33:03 CET 2026
#@# CA Reg Mon Mar  9 07:34:20 CET 2026
#@# SubCort Seg Mon Mar  9 08:14:09 CET 2026
#@# CC Seg Mon Mar  9 08:42:56 CET 2026
#@# Merge ASeg Mon Mar  9 08:44:09 CET 2026
#@# Intensity Normalization2 Mon Mar  9 08:44:09 CET 2026
#@# Mask BFS Mon Mar  9 08:46:16 CET 2026
#@# WM Segmentation Mon Mar  9 08:46:17 CET 2026
#@# Fill Mon Mar  9 08:48:11 CET 2026
recon-all -s sub-v1s18x0051277_ses-1 finished without error at Mon Mar  9 08:49:12 CET 2026



#New# invocation of recon-all 



status file for recon-all
Mon Mar  9 09:29:40 CET 2026
#@# white curv lh Mon Mar  9 09:29:40 CET 2026
#@# white area lh Mon Mar  9 09:29:40 CET 2026
#@# pial curv lh Mon Mar  9 09:29:40 CET 2026
#@# pial area lh Mon Mar  9 09:29:40 CET 2026
#@# thickness lh Mon Mar  9 09:29:40 CET 2026
#@# area and vertex vol lh Mon Mar  9 09:29:40 CET 2026
#@# white curv rh Mon Mar  9 09:29:40 CET 2026
#@# white area rh Mon Mar  9 09:29:40 CET 2026
#@# pial curv rh Mon Mar  9 09:29:40 CET 2026
#@# pial area rh Mon Mar  9 09:29:40 CET 2026
#@# thickness rh Mon Mar  9 09:29:40 CET 2026
#@# area and vertex vol rh Mon Mar  9 09:29:40 CET 2026
#@# Cortical ribbon mask Mon Mar  9 09:29:40 CET 2026
recon-all -s sub-v1s18x0051277_ses-1 finished without error at Mon Mar  9 09:35:01 CET 2026



#New# invocation of recon-all 



status file for recon-all
Mon Mar  9 09:41:16 CET 2026
#@# white curv lh Mon Mar  9 09:41:16 CET 2026
#@# white area lh Mon Mar  9 09:41:16 CET 2026
#@# pial curv lh Mon Mar  9 09:41:16 CET 2026
#@# pial area lh Mon Mar  9 09:41:16 CET 2026
#@# thickness lh Mon Mar  9 09:41:16 CET 2026
#@# area and vertex vol lh Mon Mar  9 09:41:16 CET 2026
#@# white curv rh Mon Mar  9 09:41:16 CET 2026
#@# white area rh Mon Mar  9 09:41:16 CET 2026
#@# pial curv rh Mon Mar  9 09:41:16 CET 2026
#@# pial area rh Mon Mar  9 09:41:16 CET 2026
#@# thickness rh Mon Mar  9 09:41:16 CET 2026
#@# area and vertex vol rh Mon Mar  9 09:41:16 CET 2026
#@# Curvature Stats lh Mon Mar  9 09:41:16 CET 2026
#@# Curvature Stats rh Mon Mar  9 09:41:19 CET 2026
#@# Relabel Hypointensities Mon Mar  9 09:41:21 CET 2026
#@# APas-to-ASeg Mon Mar  9 09:41:36 CET 2026
#@# AParc-to-ASeg aparc Mon Mar  9 09:41:43 CET 2026
#@# AParc-to-ASeg aparc.a2009s Mon Mar  9 09:42:19 CET 2026
#@# AParc-to-ASeg aparc.DKTatlas Mon Mar  9 09:42:56 CET 2026
#@# WMParc Mon Mar  9 09:43:32 CET 2026
#@# ASeg Stats Mon Mar  9 09:47:11 CET 2026
recon-all -s sub-v1s18x0051277_ses-1 finished without error at Mon Mar  9 09:47:42 CET 2026
