status file for recon-all
Mon Mar  9 08:49:16 CET 2026
#@# Tessellate lh Mon Mar  9 08:49:16 CET 2026
#@# Smooth1 lh Mon Mar  9 08:49:19 CET 2026
#@# Inflation1 lh Mon Mar  9 08:49:21 CET 2026
#@# QSphere lh Mon Mar  9 08:49:31 CET 2026
#@# Fix Topology lh Mon Mar  9 08:50:37 CET 2026
#@# Smooth2 lh Mon Mar  9 08:55:51 CET 2026
#@# Inflation2 lh Mon Mar  9 08:55:54 CET 2026
#@# Curv .H and .K lh Mon Mar  9 08:56:04 CET 2026
#@# Sphere lh Mon Mar  9 08:56:52 CET 2026
#@# Surf Reg lh Mon Mar  9 09:00:27 CET 2026
#@# Jacobian white lh Mon Mar  9 09:03:42 CET 2026
#@# AvgCurv lh Mon Mar  9 09:03:43 CET 2026
#@# Cortical Parc lh Mon Mar  9 09:03:44 CET 2026
#@# white curv lh Mon Mar  9 09:09:18 CET 2026
#@# white area lh Mon Mar  9 09:09:20 CET 2026
#@# pial curv lh Mon Mar  9 09:09:20 CET 2026
#@# pial area lh Mon Mar  9 09:09:22 CET 2026
#@# thickness lh Mon Mar  9 09:09:22 CET 2026
#@# area and vertex vol lh Mon Mar  9 09:09:53 CET 2026
#@# Curvature Stats lh Mon Mar  9 09:09:54 CET 2026
#@# Cortical Parc 2 lh Mon Mar  9 09:09:56 CET 2026
#@# Cortical Parc 3 lh Mon Mar  9 09:10:09 CET 2026
#@# WM/GM Contrast lh Mon Mar  9 09:10:19 CET 2026
recon-all -s sub-v1s18x0051277_ses-1 finished without error at Mon Mar  9 09:10:21 CET 2026



#New# invocation of recon-all 



status file for recon-all
Mon Mar  9 09:35:04 CET 2026
#@# white curv lh Mon Mar  9 09:35:04 CET 2026
#@# white area lh Mon Mar  9 09:35:04 CET 2026
#@# pial curv lh Mon Mar  9 09:35:04 CET 2026
#@# pial area lh Mon Mar  9 09:35:04 CET 2026
#@# thickness lh Mon Mar  9 09:35:04 CET 2026
#@# area and vertex vol lh Mon Mar  9 09:35:04 CET 2026
#@# Parcellation Stats lh Mon Mar  9 09:35:04 CET 2026
#@# Parcellation Stats 2 lh Mon Mar  9 09:35:23 CET 2026
#@# Parcellation Stats 3 lh Mon Mar  9 09:35:33 CET 2026
#@# BA_exvivo Labels lh Mon Mar  9 09:35:42 CET 2026
recon-all -s sub-v1s18x0051277_ses-1 finished without error at Mon Mar  9 09:38:05 CET 2026
