/out/sourcedata/freesurfer/sub-v1s18x0051273_ses-1/mri
/opt/freesurfer/bin/talairach_avi
--i orig_nu.mgz --xfm transforms/talairach.auto.xfm
talairach_avi 7.3.2
Linux dna035 5.14.0-427.37.1.el9_4.x86_64 #1 SMP PREEMPT_DYNAMIC Fri Sep 13 12:41:50 EDT 2024 x86_64 x86_64 x86_64 GNU/Linux
Thu Mar 12 11:56:50 CET 2026
mri_convert orig_nu.mgz talsrcimg.img 
reading from orig_nu.mgz...
TR=0.00, TE=0.00, TI=0.00, flip angle=0.00
i_ras = (-1, 0, 0)
j_ras = (0, 0, -1)
k_ras = (0, 1, 0)
writing to talsrcimg.img...
Analyze Output Matrix
-1.00000   0.00000   0.00000   128.99452;
 0.00000   0.00000   1.00000  -125.58400;
 0.00000  -1.00000   0.00000   135.44794;
 0.00000   0.00000   0.00000   1.00000;
--------------------
INFO: set hdr.hist.orient to -1
mpr2mni305 talsrcimg
Thu Mar 12 11:56:51 CET 2026
/opt/freesurfer/bin/mpr2mni305 talsrcimg
mpr2mni305 7.3.2
target=711-2C_as_mni_average_305

---------------------------------------------------------------------
analyzeto4dfp talsrcimg -O0 -y
---------------------------------------------------------------------

freesurfer ifh2hdr.c
Thu Mar 12 11:56:51 2026
Writing: talsrcimg.4dfp.hdr
freesurfer analyzeto4dfp.c
Reading: talsrcimg.hdr
header size 348 bytes
hdr.dime.datatype	offset=70	value=2
hdr.dime.bitpix		offset=72	value=8
hdr.hist.orient		offset=252	value=-1
dimensionality     4
dimensions       256       256       256         1
Reading: talsrcimg.img
Writing: talsrcimg.4dfp.img
Writing: talsrcimg.4dfp.ifh
ifh2hdr talsrcimg -r0to218
ori=2

---------------------------------------------------------------------
gauss_4dfp talsrcimg 1.1
---------------------------------------------------------------------

freesurfer gauss_4dfp.c
Reading: talsrcimg.4dfp.img
Writing: talsrcimg_g11.4dfp.img
image dimensions 256 256 256 padded to 288 288 288
processing volume 1freesurfer ifh2hdr.c
Thu Mar 12 11:56:53 2026
Writing: talsrcimg_g11.4dfp.hdr

Writing: talsrcimg_g11.4dfp.ifh
including: talsrcimg.4dfp.img.rec in talsrcimg_g11.4dfp.img.rec

---------------------------------------------------------------------
imgreg_4dfp /opt/freesurfer/average/711-2C_as_mni_average_305 none talsrcimg_g11 none talsrcimg_to_711-2C_as_mni_average_305_t4 4355
---------------------------------------------------------------------

freesurfer imgreg_4dfp.c
/opt/freesurfer/average/711-2C_as_mni_average_305.4dfp.img
       256       256       256         1
  1.000000  1.000000  1.000000
orientation T byte_order littleendian
Reading image: /opt/freesurfer/average/711-2C_as_mni_average_305.4dfp.img
dimensions:      256       256       256
mmppix:       1.0000   -1.0000   -1.0000
center:     128.0000 -129.0000 -129.0000
talsrcimg_g11.4dfp.img
       256       256       256         1
  1.000000  1.000000  1.000000
orientation T byte_order littleendian
Reading image: talsrcimg_g11.4dfp.img
dimensions:      256       256       256
mmppix:       1.0000   -1.0000   -1.0000
center:     128.0000 -129.0000 -129.0000
t4_read: open error in t4_sub.f l:  41 t4_file(1:l)talsrcimg_to_711-2C_as_mni_average_305_t4 
t4_read: transform initialized to I4
rotation matrix determinant  1.000000
image alignment mode   4355 decimal     1103 hex
   -7.5000  -45.0000  -45.0000 7689.5889   21.1207
    0.0000  -45.0000  -45.0000 7992.0049   21.1350
    7.5000  -45.0000  -45.0000 7659.6514   21.1086
   -7.5000  -37.5000  -45.0000 8304.0908   20.9363
    0.0000  -37.5000  -45.0000 8650.7637   20.9498
    7.5000  -37.5000  -45.0000 8282.4424   20.9292
   -7.5000  -30.0000  -45.0000 9285.7715   20.8236
    0.0000  -30.0000  -45.0000 9690.8818   20.8374
    7.5000  -30.0000  -45.0000 9256.8291   20.8163
   -7.5000  -22.5000  -45.000010192.1768   20.7827
    0.0000  -22.5000  -45.000010627.8887   20.7945
    7.5000  -22.5000  -45.000010154.7188   20.7666
   -7.5000  -15.0000  -45.000011023.9883   20.7710
    0.0000  -15.0000  -45.000011473.5977   20.7821
    7.5000  -15.0000  -45.000010975.0938   20.7500
   -7.5000   -7.5000  -45.000011795.5557   20.7628
    0.0000   -7.5000  -45.000012302.1934   20.7779
    7.5000   -7.5000  -45.000011720.0420   20.7475
   -7.5000    0.0000  -45.000012497.5645   20.7670
    0.0000    0.0000  -45.000013044.4492   20.7834
    7.5000    0.0000  -45.000012412.8184   20.7579
   -7.5000    7.5000  -45.000012231.9014   20.7762
    0.0000    7.5000  -45.000012757.4346   20.7905
    7.5000    7.5000  -45.000012163.8623   20.7698
   -7.5000   15.0000  -45.000011839.6318   20.7836
    0.0000   15.0000  -45.000012350.1182   20.7973
    7.5000   15.0000  -45.000011743.0283   20.7759
   -7.5000   22.5000  -45.000011370.7949   20.7797
    0.0000   22.5000  -45.000011879.7949   20.7915
    7.5000   22.5000  -45.000011290.4072   20.7636
   -7.5000   30.0000  -45.000010630.6631   20.4942
    0.0000   30.0000  -45.000011104.5664   20.5051
    7.5000   30.0000  -45.000010526.7256   20.4735
   -7.5000   37.5000  -45.000010150.1035   20.4861
    0.0000   37.5000  -45.000010603.6055   20.5010
    7.5000   37.5000  -45.000010044.7773   20.4711
   -7.5000   45.0000  -45.0000 9316.0498   19.9700
    0.0000   45.0000  -45.0000 9731.0166   19.9857
    7.5000   45.0000  -45.0000 9206.9189   19.9612
   -7.5000  -45.0000  -37.5000 8176.4243   21.0907
    0.0000  -45.0000  -37.5000 8548.0020   21.1339
    7.5000  -45.0000  -37.5000 8152.9175   21.1115
   -7.5000  -37.5000  -37.5000 8835.1152   20.9048
    0.0000  -37.5000  -37.5000 9233.2900   20.9434
    7.5000  -37.5000  -37.5000 8804.7334   20.9271
   -7.5000  -30.0000  -37.5000 9856.3848   20.7900
    0.0000  -30.0000  -37.500010326.6377   20.8223
    7.5000  -30.0000  -37.5000 9815.0771   20.8046
   -7.5000  -22.5000  -37.500010828.2607   20.7490
    0.0000  -22.5000  -37.500011329.9443   20.7755
    7.5000  -22.5000  -37.500010777.0850   20.7498
   -7.5000  -15.0000  -37.500011698.9746   20.7398
    0.0000  -15.0000  -37.500012249.3701   20.7681
    7.5000  -15.0000  -37.500011630.6904   20.7376
   -7.5000   -7.5000  -37.500012496.2188   20.7338
    0.0000   -7.5000  -37.500013094.7119   20.7732
    7.5000   -7.5000  -37.500012402.1172   20.7453
   -7.5000    0.0000  -37.500013213.0156   20.7388
    0.0000    0.0000  -37.500013820.1689   20.7830
    7.5000    0.0000  -37.500013104.0469   20.7615
   -7.5000    7.5000  -37.500012923.0850   20.7460
    0.0000    7.5000  -37.500013503.1807   20.7849
    7.5000    7.5000  -37.500012826.6582   20.7685
   -7.5000   15.0000  -37.500012491.4912   20.7503
    0.0000   15.0000  -37.500013041.3262   20.7825
    7.5000   15.0000  -37.500012356.2529   20.7645
   -7.5000   22.5000  -37.500012010.0732   20.7460
    0.0000   22.5000  -37.500012539.9248   20.7725
    7.5000   22.5000  -37.500011886.4775   20.7469
   -7.5000   30.0000  -37.500011199.9199   20.4634
    0.0000   30.0000  -37.500011720.2686   20.4914
    7.5000   30.0000  -37.500011093.4727   20.4612
   -7.5000   37.5000  -37.500010648.3672   20.4575
    0.0000   37.5000  -37.500011154.1211   20.4964
    7.5000   37.5000  -37.500010531.8877   20.4688
   -7.5000   45.0000  -37.5000 9728.5566   19.9428
    0.0000   45.0000  -37.500010218.5762   19.9853
    7.5000   45.0000  -37.5000 9635.8115   19.9647
   -7.5000  -45.0000  -30.0000 8819.8838   21.9394
    0.0000  -45.0000  -30.0000 9239.4561   21.9974
    7.5000  -45.0000  -30.0000 8789.1387   21.9797
   -7.5000  -37.5000  -30.0000 9536.7266   21.7538
    0.0000  -37.5000  -30.0000 9975.8555   21.8027
    7.5000  -37.5000  -30.0000 9474.3438   21.7872
   -7.5000  -30.0000  -30.000010627.6465   21.6410
    0.0000  -30.0000  -30.000011121.6641   21.6788
    7.5000  -30.0000  -30.000010537.2275   21.6591
   -7.5000  -22.5000  -30.000011667.1465   21.5954
    0.0000  -22.5000  -30.000012220.6064   21.6272
    7.5000  -22.5000  -30.000011549.7422   21.6003
   -7.5000  -15.0000  -30.000012566.5439   21.5791
    0.0000  -15.0000  -30.000013166.3691   21.6174
    7.5000  -15.0000  -30.000012451.2725   21.5883
   -7.5000   -7.5000  -30.000013394.4268   21.5677
    0.0000   -7.5000  -30.000014049.2979   21.6214
    7.5000   -7.5000  -30.000013260.6699   21.5981
   -7.5000    0.0000  -30.000014166.7549   21.5731
    0.0000    0.0000  -30.000014831.3301   21.6317
    7.5000    0.0000  -30.000014013.6943   21.6150
   -7.5000    7.5000  -30.000013876.6846   21.5886
    0.0000    7.5000  -30.000014507.8398   21.6378
    7.5000    7.5000  -30.000013715.7910   21.6222
   -7.5000   15.0000  -30.000013342.7979   21.5996
    0.0000   15.0000  -30.000013947.1318   21.6374
    7.5000   15.0000  -30.000013165.1494   21.6173
   -7.5000   22.5000  -30.000012766.8652   21.5900
    0.0000   22.5000  -30.000013375.7988   21.6219
    7.5000   22.5000  -30.000012603.4326   21.5950
   -7.5000   30.0000  -30.000011929.8877   21.2936
    0.0000   30.0000  -30.000012511.3105   21.3313
    7.5000   30.0000  -30.000011786.8662   21.3027
   -7.5000   37.5000  -30.000011332.8770   21.2823
    0.0000   37.5000  -30.000011904.2295   21.3354
    7.5000   37.5000  -30.000011215.8096   21.3123
   -7.5000   45.0000  -30.000010339.5146   20.7603
    0.0000   45.0000  -30.000010858.1045   20.8168
    7.5000   45.0000  -30.000010252.8760   20.8006
   -7.5000  -45.0000  -22.5000 9472.1719   22.6574
    0.0000  -45.0000  -22.5000 9916.3232   22.6971
    7.5000  -45.0000  -22.5000 9407.0293   22.6808
   -7.5000  -37.5000  -22.500010223.6943   22.4810
    0.0000  -37.5000  -22.500010714.6025   22.5119
    7.5000  -37.5000  -22.500010152.3301   22.4924
   -7.5000  -30.0000  -22.500011351.5205   22.3771
    0.0000  -30.0000  -22.500011895.0146   22.3993
    7.5000  -30.0000  -22.500011248.5137   22.3742
   -7.5000  -22.5000  -22.500012455.9385   22.3255
    0.0000  -22.5000  -22.500013052.5752   22.3452
    7.5000  -22.5000  -22.500012338.8506   22.3164
   -7.5000  -15.0000  -22.500013419.9033   22.2942
    0.0000  -15.0000  -22.500014071.6162   22.3220
    7.5000  -15.0000  -22.500013273.7539   22.2955
   -7.5000   -7.5000  -22.500014319.8398   22.2714
    0.0000   -7.5000  -22.500015021.6895   22.3112
    7.5000   -7.5000  -22.500014129.0547   22.2922
   -7.5000    0.0000  -22.500015150.9219   22.2779
    0.0000    0.0000  -22.500015866.3486   22.3190
    7.5000    0.0000  -22.500014928.1729   22.3035
   -7.5000    7.5000  -22.500014829.4336   22.3091
    0.0000    7.5000  -22.500015527.3291   22.3407
    7.5000    7.5000  -22.500014607.9268   22.3212
   -7.5000   15.0000  -22.500014180.2188   22.3340
    0.0000   15.0000  -22.500014845.4805   22.3562
    7.5000   15.0000  -22.500013972.1650   22.3308
   -7.5000   22.5000  -22.500013515.8408   22.3185
    0.0000   22.5000  -22.500014166.6611   22.3382
    7.5000   22.5000  -22.500013330.4307   22.3094
   -7.5000   30.0000  -22.500012641.7988   22.0026
    0.0000   30.0000  -22.500013264.2344   22.0300
    7.5000   30.0000  -22.500012481.7207   22.0038
   -7.5000   37.5000  -22.500012044.8447   21.9801
    0.0000   37.5000  -22.500012629.7441   22.0194
    7.5000   37.5000  -22.500011894.6299   22.0006
   -7.5000   45.0000  -22.500010974.9600   21.4547
    0.0000   45.0000  -22.500011512.1592   21.4943
    7.5000   45.0000  -22.500010858.4121   21.4794
   -7.5000  -45.0000  -15.000010063.8770   23.2006
    0.0000  -45.0000  -15.000010534.4268   23.2084
    7.5000  -45.0000  -15.0000 9994.8516   23.1887
   -7.5000  -37.5000  -15.000010850.7900   23.0275
    0.0000  -37.5000  -15.000011374.8867   23.0308
    7.5000  -37.5000  -15.000010769.3457   23.0065
   -7.5000  -30.0000  -15.000012020.2031   22.9298
    0.0000  -30.0000  -15.000012598.9785   22.9320
    7.5000  -30.0000  -15.000011940.1211   22.9021
   -7.5000  -22.5000  -15.000013208.1338   22.8771
    0.0000  -22.5000  -15.000013841.7393   22.8818
    7.5000  -22.5000  -15.000013096.4326   22.8497
   -7.5000  -15.0000  -15.000014252.5820   22.8369
    0.0000  -15.0000  -15.000014924.3135   22.8473
    7.5000  -15.0000  -15.000014058.5908   22.8193
   -7.5000   -7.5000  -15.000015201.0000   22.8059
    0.0000   -7.5000  -15.000015915.9570   22.8198
    7.5000   -7.5000  -15.000014947.2432   22.7991
   -7.5000    0.0000  -15.000016022.1074   22.8110
    0.0000    0.0000  -15.000016786.8281   22.8213
    7.5000    0.0000  -15.000015762.7627   22.8024
   -7.5000    7.5000  -15.000015669.7061   22.8504
    0.0000    7.5000  -15.000016430.1211   22.8548
    7.5000    7.5000  -15.000015451.0957   22.8305
   -7.5000   15.0000  -15.000014983.5107   22.8854
    0.0000   15.0000  -15.000015718.6191   22.8877
    7.5000   15.0000  -15.000014763.1318   22.8575
   -7.5000   22.5000  -15.000014269.6738   22.8689
    0.0000   22.5000  -15.000014950.3398   22.8736
    7.5000   22.5000  -15.000014042.4756   22.8415
   -7.5000   30.0000  -15.000013362.2607   22.5414
    0.0000   30.0000  -15.000013992.5938   22.5516
    7.5000   30.0000  -15.000013152.6670   22.5240
   -7.5000   37.5000  -15.000012700.7158   22.5108
    0.0000   37.5000  -15.000013326.9590   22.5245
    7.5000   37.5000  -15.000012515.4590   22.5040
   -7.5000   45.0000  -15.000011610.2393   21.9814
    0.0000   45.0000  -15.000012189.7490   21.9914
    7.5000   45.0000  -15.000011452.3750   21.9731
   -7.5000  -45.0000   -7.500010664.4180   23.5188
    0.0000  -45.0000   -7.500011166.5010   23.5166
    7.5000  -45.0000   -7.500010610.6348   23.4913
   -7.5000  -37.5000   -7.500011467.5781   23.3306
    0.0000  -37.5000   -7.500012036.6846   23.3273
    7.5000  -37.5000   -7.500011402.9434   23.3026
   -7.5000  -30.0000   -7.500012691.4971   23.2220
    0.0000  -30.0000   -7.500013349.3721   23.2221
    7.5000  -30.0000   -7.500012638.4600   23.1940
   -7.5000  -22.5000   -7.500013982.1631   23.1738
    0.0000  -22.5000   -7.500014684.1455   23.1768
    7.5000  -22.5000   -7.500013883.4082   23.1439
   -7.5000  -15.0000   -7.500015148.1377   23.1447
    0.0000  -15.0000   -7.500015940.8359   23.1491
    7.5000  -15.0000   -7.500014953.0850   23.1164
   -7.5000   -7.5000   -7.500016111.8662   23.1211
    0.0000   -7.5000   -7.500016947.3086   23.1254
    7.5000   -7.5000   -7.500015901.8945   23.0976
   -7.5000    0.0000   -7.500016927.2871   23.1242
    0.0000    0.0000   -7.500017749.5547   23.1248
    7.5000    0.0000   -7.500016747.9883   23.1005
   -7.5000    7.5000   -7.500016546.3867   23.1513
    0.0000    7.5000   -7.500017390.2676   23.1492
    7.5000    7.5000   -7.500016406.9707   23.1245
   -7.5000   15.0000   -7.500015821.9473   23.1772
    0.0000   15.0000   -7.500016644.3613   23.1773
    7.5000   15.0000   -7.500015678.9443   23.1489
   -7.5000   22.5000   -7.500015044.3740   23.1630
    0.0000   22.5000   -7.500015811.6348   23.1660
    7.5000   22.5000   -7.500014862.7734   23.1331
   -7.5000   30.0000   -7.500014126.3418   22.8446
    0.0000   30.0000   -7.500014799.8633   22.8489
    7.5000   30.0000   -7.500013890.2842   22.8167
   -7.5000   37.5000   -7.500013464.5537   22.8212
    0.0000   37.5000   -7.500014104.5146   22.8255
    7.5000   37.5000   -7.500013243.3350   22.7980
   -7.5000   45.0000   -7.500012307.4570   22.2873
    0.0000   45.0000   -7.500012902.1768   22.2880
    7.5000   45.0000   -7.500012128.7744   22.2645
   -7.5000  -45.0000    0.000011148.9775   23.6093
    0.0000  -45.0000    0.000011693.3125   23.6263
    7.5000  -45.0000    0.000011113.7783   23.5979
   -7.5000  -37.5000    0.000011990.7256   23.4042
    0.0000  -37.5000    0.000012586.2178   23.4204
    7.5000  -37.5000    0.000011954.8760   23.3983
   -7.5000  -30.0000    0.000013277.2695   23.2796
    0.0000  -30.0000    0.000013913.8193   23.2959
    7.5000  -30.0000    0.000013234.2109   23.2732
   -7.5000  -22.5000    0.000014676.0186   23.2341
    0.0000  -22.5000    0.000015401.1328   23.2482
    7.5000  -22.5000    0.000014581.1748   23.2180
   -7.5000  -15.0000    0.000016040.2734   23.2201
    0.0000  -15.0000    0.000016936.8398   23.2335
    7.5000  -15.0000    0.000015863.6299   23.1987
   -7.5000   -7.5000    0.000017108.8457   23.2098
    0.0000   -7.5000    0.000018010.1074   23.2278
    7.5000   -7.5000    0.000016938.5898   23.1950
   -7.5000    0.0000    0.000017813.8984   23.2143
    0.0000    0.0000    0.000018636.3164   23.2336
    7.5000    0.0000    0.000017747.6836   23.2063
   -7.5000    7.5000    0.000017350.5371   23.2254
    0.0000    7.5000    0.000018150.2500   23.2424
    7.5000    7.5000    0.000017317.0020   23.2203
   -7.5000   15.0000    0.000016572.9004   23.2349
    0.0000   15.0000    0.000017379.8301   23.2512
    7.5000   15.0000    0.000016517.7090   23.2282
   -7.5000   22.5000    0.000015729.6250   23.2232
    0.0000   22.5000    0.000016485.1621   23.2374
    7.5000   22.5000    0.000015620.0908   23.2071
   -7.5000   30.0000    0.000014753.7178   22.9196
    0.0000   30.0000    0.000015430.5859   22.9328
    7.5000   30.0000    0.000014556.1445   22.8984
   -7.5000   37.5000    0.000014072.9268   22.9095
    0.0000   37.5000    0.000014730.3496   22.9272
    7.5000   37.5000    0.000013873.4863   22.8948
   -7.5000   45.0000    0.000012881.2012   22.3759
    0.0000   45.0000    0.000013516.8633   22.3945
    7.5000   45.0000    0.000012698.2939   22.3682
   -7.5000  -45.0000    7.500010807.8457   23.6011
    0.0000  -45.0000    7.500011286.1260   23.6494
    7.5000  -45.0000    7.500010797.3076   23.6243
   -7.5000  -37.5000    7.500011577.5596   23.3930
    0.0000  -37.5000    7.500012113.2275   23.4362
    7.5000  -37.5000    7.500011555.3457   23.4180
   -7.5000  -30.0000    7.500012807.4727   23.2645
    0.0000  -30.0000    7.500013370.1494   23.3007
    7.5000  -30.0000    7.500012767.6699   23.2809
   -7.5000  -22.5000    7.500014147.8838   23.2186
    0.0000  -22.5000    7.500014823.3926   23.2483
    7.5000  -22.5000    7.500014075.3379   23.2196
   -7.5000  -15.0000    7.500015496.0635   23.2084
    0.0000  -15.0000    7.500016346.0938   23.2401
    7.5000  -15.0000    7.500015344.9922   23.2059
   -7.5000   -7.5000    7.500016581.3984   23.2017
    0.0000   -7.5000    7.500017352.1602   23.2458
    7.5000   -7.5000    7.500016496.1172   23.2145
   -7.5000    0.0000    7.500017253.3359   23.2072
    0.0000    0.0000    7.500017890.9668   23.2567
    7.5000    0.0000    7.500017275.0430   23.2327
   -7.5000    7.5000    7.500016768.9941   23.2153
    0.0000    7.5000    7.500017326.9395   23.2589
    7.5000    7.5000    7.500016794.9258   23.2406
   -7.5000   15.0000    7.500016035.7490   23.2201
    0.0000   15.0000    7.500016668.1758   23.2562
    7.5000   15.0000    7.500016034.2207   23.2361
   -7.5000   22.5000    7.500015164.0254   23.2078
    0.0000   22.5000    7.500015819.7510   23.2375
    7.5000   22.5000    7.500015096.0547   23.2088
   -7.5000   30.0000    7.500014208.6094   22.9080
    0.0000   30.0000    7.500014844.2812   22.9393
    7.5000   30.0000    7.500014031.9268   22.9056
   -7.5000   37.5000    7.500013572.2402   22.9014
    0.0000   37.5000    7.500014214.2334   22.9449
    7.5000   37.5000    7.500013375.8740   22.9141
   -7.5000   45.0000    7.500012455.7197   22.3691
    0.0000   45.0000    7.500013075.7266   22.4168
    7.5000   45.0000    7.500012251.0332   22.3936
   -7.5000  -45.0000   15.000010292.3945   23.5653
    0.0000  -45.0000   15.000010808.0566   23.6276
    7.5000  -45.0000   15.000010301.7354   23.6085
   -7.5000  -37.5000   15.000011033.5684   23.3658
    0.0000  -37.5000   15.000011544.9082   23.4185
    7.5000  -37.5000   15.000011032.8076   23.4017
   -7.5000  -30.0000   15.000012206.2627   23.2446
    0.0000  -30.0000   15.000012685.6328   23.2854
    7.5000  -30.0000   15.000012186.8262   23.2640
   -7.5000  -22.5000   15.000013446.7314   23.1956
    0.0000  -22.5000   15.000013943.9326   23.2299
    7.5000  -22.5000   15.000013400.7490   23.2009
   -7.5000  -15.0000   15.000014651.3301   23.1782
    0.0000  -15.0000   15.000015204.9385   23.2193
    7.5000  -15.0000   15.000014565.8047   23.1880
   -7.5000   -7.5000   15.000015735.4961   23.1659
    0.0000   -7.5000   15.000016356.7363   23.2237
    7.5000   -7.5000   15.000015701.8477   23.1985
   -7.5000    0.0000   15.000016656.8789   23.1717
    0.0000    0.0000   15.000017362.7031   23.2348
    7.5000    0.0000   15.000016658.1934   23.2167
   -7.5000    7.5000   15.000016309.5176   23.1884
    0.0000    7.5000   15.000017033.9922   23.2413
    7.5000    7.5000   15.000016257.9316   23.2244
   -7.5000   15.0000   15.000015540.0117   23.2001
    0.0000   15.0000   15.000016276.1367   23.2408
    7.5000   15.0000   15.000015448.0996   23.2192
   -7.5000   22.5000   15.000014558.6953   23.1848
    0.0000   22.5000   15.000015214.8047   23.2191
    7.5000   22.5000   15.000014416.2627   23.1901
   -7.5000   30.0000   15.000013558.5752   22.8782
    0.0000   30.0000   15.000014152.1904   22.9188
    7.5000   30.0000   15.000013386.3057   22.8879
   -7.5000   37.5000   15.000012984.3174   22.8661
    0.0000   37.5000   15.000013523.9004   22.9232
    7.5000   37.5000   15.000012785.8789   22.8983
   -7.5000   45.0000   15.000011922.3965   22.3349
    0.0000   45.0000   15.000012419.7861   22.3957
    7.5000   45.0000   15.000011714.2949   22.3782
   -7.5000  -45.0000   22.5000 9693.3564   23.6504
    0.0000  -45.0000   22.500010136.9189   23.6916
    7.5000  -45.0000   22.5000 9705.7744   23.6732
   -7.5000  -37.5000   22.500010356.8477   23.4641
    0.0000  -37.5000   22.500010823.7070   23.4961
    7.5000  -37.5000   22.500010367.2939   23.4744
   -7.5000  -30.0000   22.500011448.7822   23.3542
    0.0000  -30.0000   22.500011950.8291   23.3770
    7.5000  -30.0000   22.500011462.0195   23.3494
   -7.5000  -22.5000   22.500012582.5264   23.3002
    0.0000  -22.5000   22.500013134.3096   23.3204
    7.5000  -22.5000   22.500012569.1631   23.2890
   -7.5000  -15.0000   22.500013693.7178   23.2685
    0.0000  -15.0000   22.500014282.1230   23.2972
    7.5000  -15.0000   22.500013645.4609   23.2682
   -7.5000   -7.5000   22.500014735.7266   23.2456
    0.0000   -7.5000   22.500015395.6240   23.2869
    7.5000   -7.5000   22.500014671.1641   23.2657
   -7.5000    0.0000   22.500015678.0635   23.2521
    0.0000    0.0000   22.500016431.9609   23.2947
    7.5000    0.0000   22.500015585.7969   23.2773
   -7.5000    7.5000   22.500015475.9902   23.2838
    0.0000    7.5000   22.500016236.0859   23.3164
    7.5000    7.5000   22.500015340.5068   23.2947
   -7.5000   15.0000   22.500014790.7812   23.3090
    0.0000   15.0000   22.500015541.8203   23.3318
    7.5000   15.0000   22.500014640.6084   23.3039
   -7.5000   22.5000   22.500013785.0938   23.2893
    0.0000   22.5000   22.500014455.1094   23.3096
    7.5000   22.5000   22.500013643.4355   23.2781
   -7.5000   30.0000   22.500012763.4395   22.9674
    0.0000   30.0000   22.500013383.7197   22.9957
    7.5000   30.0000   22.500012616.3916   22.9670
   -7.5000   37.5000   22.500012195.1641   22.9448
    0.0000   37.5000   22.500012778.3164   22.9855
    7.5000   37.5000   22.500012040.9277   22.9646
   -7.5000   45.0000   22.500011188.5117   22.4124
    0.0000   45.0000   22.500011680.1113   22.4534
    7.5000   45.0000   22.500011013.6191   22.4366
   -7.5000  -45.0000   30.0000 8975.1572   23.8358
    0.0000  -45.0000   30.0000 9417.0635   23.8421
    7.5000  -45.0000   30.0000 8971.5439   23.8185
   -7.5000  -37.5000   30.0000 9631.2568   23.6525
    0.0000  -37.5000   30.000010090.5293   23.6539
    7.5000  -37.5000   30.0000 9621.7979   23.6257
   -7.5000  -30.0000   30.000010663.6348   23.5488
    0.0000  -30.0000   30.000011177.1279   23.5492
    7.5000  -30.0000   30.000010653.4795   23.5151
   -7.5000  -22.5000   30.000011735.3389   23.4954
    0.0000  -22.5000   30.000012267.1045   23.4984
    7.5000  -22.5000   30.000011701.3428   23.4621
   -7.5000  -15.0000   30.000012736.0049   23.4572
    0.0000  -15.0000   30.000013223.1572   23.4661
    7.5000  -15.0000   30.000012640.0791   23.4340
   -7.5000   -7.5000   30.000013616.7021   23.4266
    0.0000   -7.5000   30.000014124.4268   23.4393
    7.5000   -7.5000   30.000013517.2764   23.4146
   -7.5000    0.0000   30.000014446.0684   23.4303
    0.0000    0.0000   30.000014996.8643   23.4392
    7.5000    0.0000   30.000014350.1611   23.4165
   -7.5000    7.5000   30.000014234.8115   23.4682
    0.0000    7.5000   30.000014810.6523   23.4708
    7.5000    7.5000   30.000014131.3896   23.4427
   -7.5000   15.0000   30.000013661.7568   23.5026
    0.0000   15.0000   30.000014209.1914   23.5031
    7.5000   15.0000   30.000013536.7939   23.4687
   -7.5000   22.5000   30.000012808.5713   23.4844
    0.0000   22.5000   30.000013349.0283   23.4875
    7.5000   22.5000   30.000012680.2246   23.4511
   -7.5000   30.0000   30.000011897.9678   23.1536
    0.0000   30.0000   30.000012427.1973   23.1624
    7.5000   30.0000   30.000011768.8076   23.1307
   -7.5000   37.5000   30.000011365.1123   23.1234
    0.0000   37.5000   30.000011867.3906   23.1359
    7.5000   37.5000   30.000011238.5869   23.1116
   -7.5000   45.0000   30.000010398.7734   22.5841
    0.0000   45.0000   30.000010847.2344   22.5927
    7.5000   45.0000   30.000010255.5049   22.5708
   -7.5000  -45.0000   37.5000 8624.8398   24.2185
    0.0000  -45.0000   37.5000 9056.1943   24.2123
    7.5000  -45.0000   37.5000 8624.6230   24.1806
   -7.5000  -37.5000   37.5000 9271.9102   24.0150
    0.0000  -37.5000   37.5000 9744.0479   24.0077
    7.5000  -37.5000   37.5000 9260.3643   23.9767
   -7.5000  -30.0000   37.500010260.4580   23.8985
    0.0000  -30.0000   37.500010770.2998   23.8945
    7.5000  -30.0000   37.500010239.7109   23.8600
   -7.5000  -22.5000   37.500011234.6504   23.8509
    0.0000  -22.5000   37.500011770.7217   23.8500
    7.5000  -22.5000   37.500011201.1006   23.8103
   -7.5000  -15.0000   37.500012143.6309   23.8252
    0.0000  -15.0000   37.500012675.2822   23.8259
    7.5000  -15.0000   37.500012076.9414   23.7864
   -7.5000   -7.5000   37.500012952.8408   23.8012
    0.0000   -7.5000   37.500013478.8691   23.8021
    7.5000   -7.5000   37.500012885.0869   23.7677
   -7.5000    0.0000   37.500013709.5166   23.8013
    0.0000    0.0000   37.500014231.6338   23.7983
    7.5000    0.0000   37.500013643.5381   23.7677
   -7.5000    7.5000   37.500013495.9072   23.8256
    0.0000    7.5000   37.500014040.9326   23.8195
    7.5000    7.5000   37.500013429.5684   23.7886
   -7.5000   15.0000   37.500013002.2734   23.8511
    0.0000   15.0000   37.500013547.2578   23.8472
    7.5000   15.0000   37.500012914.1025   23.8124
   -7.5000   22.5000   37.500012248.7783   23.8398
    0.0000   22.5000   37.500012785.6074   23.8389
    7.5000   22.5000   37.500012146.4961   23.7992
   -7.5000   30.0000   37.500011404.6084   23.5169
    0.0000   30.0000   37.500011904.4160   23.5176
    7.5000   30.0000   37.500011299.6582   23.4785
   -7.5000   37.5000   37.500010894.5879   23.4932
    0.0000   37.5000   37.500011385.3135   23.4940
    7.5000   37.5000   37.500010783.4287   23.4601
   -7.5000   45.0000   37.5000 9944.1660   22.9417
    0.0000   45.0000   37.500010400.5537   22.9388
    7.5000   45.0000   37.5000 9841.1475   22.9093
   -7.5000  -45.0000   45.0000 7906.7544   24.6608
    0.0000  -45.0000   45.0000 8329.9834   24.6700
    7.5000  -45.0000   45.0000 7915.4199   24.6316
   -7.5000  -37.5000   45.0000 8486.9805   24.4337
    0.0000  -37.5000   45.0000 8945.4961   24.4417
    7.5000  -37.5000   45.0000 8485.7725   24.4104
   -7.5000  -30.0000   45.0000 9361.2256   24.2971
    0.0000  -30.0000   45.0000 9851.0830   24.3051
    7.5000  -30.0000   45.0000 9355.4395   24.2726
   -7.5000  -22.5000   45.000010248.5771   24.2500
    0.0000  -22.5000   45.000010763.7998   24.2557
    7.5000  -22.5000   45.000010223.0918   24.2142
   -7.5000  -15.0000   45.000011049.3486   24.2378
    0.0000  -15.0000   45.000011582.3350   24.2429
    7.5000  -15.0000   45.000011012.0430   24.1963
   -7.5000   -7.5000   45.000011765.2412   24.2267
    0.0000   -7.5000   45.000012305.0293   24.2371
    7.5000   -7.5000   45.000011733.2607   24.1934
   -7.5000    0.0000   45.000012452.6914   24.2284
    0.0000    0.0000   45.000012991.1533   24.2403
    7.5000    0.0000   45.000012409.9551   24.2033
   -7.5000    7.5000   45.000012262.3154   24.2377
    0.0000    7.5000   45.000012789.5234   24.2467
    7.5000    7.5000   45.000012231.5674   24.2154
   -7.5000   15.0000   45.000011806.2734   24.2482
    0.0000   15.0000   45.000012328.6865   24.2561
    7.5000   15.0000   45.000011776.9570   24.2232
   -7.5000   22.5000   45.000011152.2939   24.2387
    0.0000   22.5000   45.000011673.0703   24.2443
    7.5000   22.5000   45.000011108.2549   24.2028
   -7.5000   30.0000   45.000010392.4570   23.9220
    0.0000   30.0000   45.000010862.4707   23.9271
    7.5000   30.0000   45.000010318.9395   23.8811
   -7.5000   37.5000   45.0000 9941.6240   23.9111
    0.0000   37.5000   45.000010386.7061   23.9214
    7.5000   37.5000   45.0000 9868.6836   23.8782
   -7.5000   45.0000   45.0000 9114.0498   23.3640
    0.0000   45.0000   45.0000 9519.6064   23.3755
    7.5000   45.0000   45.0000 9047.4824   23.3398

---------------------------------------------------------------------
imgreg_4dfp /opt/freesurfer/average/711-2C_as_mni_average_305 /opt/freesurfer/average/711-2B_as_mni_average_305_mask talsrcimg_g11 none talsrcimg_to_711-2C_as_mni_average_305_t4 4355
---------------------------------------------------------------------

freesurfer imgreg_4dfp.c
/opt/freesurfer/average/711-2C_as_mni_average_305.4dfp.img
       256       256       256         1
  1.000000  1.000000  1.000000
orientation T byte_order littleendian
Reading image: /opt/freesurfer/average/711-2C_as_mni_average_305.4dfp.img
dimensions:      256       256       256
mmppix:       1.0000   -1.0000   -1.0000
center:     128.0000 -129.0000 -129.0000
/opt/freesurfer/average/711-2B_as_mni_average_305_mask.4dfp.img
       256       256       256         1
  1.000000  1.000000  1.000000
orientation T byte_order littleendian
Reading mask: /opt/freesurfer/average/711-2B_as_mni_average_305_mask.4dfp.img (2306576 pixels)
talsrcimg_g11.4dfp.img
       256       256       256         1
  1.000000  1.000000  1.000000
orientation T byte_order littleendian
Reading image: talsrcimg_g11.4dfp.img
dimensions:      256       256       256
mmppix:       1.0000   -1.0000   -1.0000
center:     128.0000 -129.0000 -129.0000
rotation matrix determinant  1.000000
image alignment mode   4355 decimal     1103 hex
   -7.5000  -45.0000  -45.0000 2080.7104   27.7401
    0.0000  -45.0000  -45.0000 2087.3821   27.6542
    7.5000  -45.0000  -45.0000 2075.9675   27.8636
   -7.5000  -37.5000  -45.0000 2179.1069   25.3152
    0.0000  -37.5000  -45.0000 2189.3535   25.2905
    7.5000  -37.5000  -45.0000 2180.2615   25.3959
   -7.5000  -30.0000  -45.0000 2258.2185   23.4858
    0.0000  -30.0000  -45.0000 2273.4346   23.4955
    7.5000  -30.0000  -45.0000 2262.2161   23.5227
   -7.5000  -22.5000  -45.0000 2307.6726   22.1093
    0.0000  -22.5000  -45.0000 2318.0029   22.0779
    7.5000  -22.5000  -45.0000 2306.5049   22.1618
   -7.5000  -15.0000  -45.0000 2336.5466   21.1285
    0.0000  -15.0000  -45.0000 2344.3477   21.0990
    7.5000  -15.0000  -45.0000 2333.3418   21.1962
   -7.5000   -7.5000  -45.0000 2352.6296   20.5577
    0.0000   -7.5000  -45.0000 2363.3472   20.5110
    7.5000   -7.5000  -45.0000 2352.1433   20.6569
   -7.5000    0.0000  -45.0000 2364.4502   20.3853
    0.0000    0.0000  -45.0000 2374.9668   20.3150
    7.5000    0.0000  -45.0000 2361.9727   20.4671
   -7.5000    7.5000  -45.0000 2360.8721   20.4586
    0.0000    7.5000  -45.0000 2374.3350   20.4080
    7.5000    7.5000  -45.0000 2357.9521   20.5435
   -7.5000   15.0000  -45.0000 2346.7925   20.9927
    0.0000   15.0000  -45.0000 2359.0107   20.8868
    7.5000   15.0000  -45.0000 2338.6707   21.0623
   -7.5000   22.5000  -45.0000 2313.1570   21.8040
    0.0000   22.5000  -45.0000 2326.7959   21.7334
    7.5000   22.5000  -45.0000 2307.8601   21.8936
   -7.5000   30.0000  -45.0000 2258.5825   23.0641
    0.0000   30.0000  -45.0000 2271.0647   23.0274
    7.5000   30.0000  -45.0000 2251.5049   23.2378
   -7.5000   37.5000  -45.0000 2185.4399   24.7846
    0.0000   37.5000  -45.0000 2196.8911   24.7484
    7.5000   37.5000  -45.0000 2178.8274   25.0342
   -7.5000   45.0000  -45.0000 2085.2832   27.1679
    0.0000   45.0000  -45.0000 2092.3650   27.0562
    7.5000   45.0000  -45.0000 2076.3445   27.4061
   -7.5000  -45.0000  -37.5000 2157.7368   25.9251
    0.0000  -45.0000  -37.5000 2177.1274   25.9378
    7.5000  -45.0000  -37.5000 2159.2859   26.0258
   -7.5000  -37.5000  -37.5000 2264.1760   23.5261
    0.0000  -37.5000  -37.5000 2280.8450   23.5757
    7.5000  -37.5000  -37.5000 2267.4534   23.6127
   -7.5000  -30.0000  -37.5000 2349.0342   21.6904
    0.0000  -30.0000  -37.5000 2366.3142   21.7708
    7.5000  -30.0000  -37.5000 2348.7507   21.7623
   -7.5000  -22.5000  -37.5000 2398.5300   20.4391
    0.0000  -22.5000  -37.5000 2412.0857   20.4762
    7.5000  -22.5000  -37.5000 2395.9119   20.5025
   -7.5000  -15.0000  -37.5000 2427.2107   19.6356
    0.0000  -15.0000  -37.5000 2444.2896   19.6388
    7.5000  -15.0000  -37.5000 2426.0242   19.6982
   -7.5000   -7.5000  -37.5000 2449.0708   19.0923
    0.0000   -7.5000  -37.5000 2464.6165   19.1123
    7.5000   -7.5000  -37.5000 2443.6123   19.1829
   -7.5000    0.0000  -37.5000 2460.0435   18.8623
    0.0000    0.0000  -37.5000 2471.6445   18.8350
    7.5000    0.0000  -37.5000 2449.6509   18.9576
   -7.5000    7.5000  -37.5000 2455.3464   18.9265
    0.0000    7.5000  -37.5000 2473.5432   18.8622
    7.5000    7.5000  -37.5000 2447.4299   19.0078
   -7.5000   15.0000  -37.5000 2444.9397   19.3745
    0.0000   15.0000  -37.5000 2459.2627   19.3104
    7.5000   15.0000  -37.5000 2434.4817   19.4964
   -7.5000   22.5000  -37.5000 2414.8806   20.1989
    0.0000   22.5000  -37.5000 2426.3191   20.1530
    7.5000   22.5000  -37.5000 2406.0596   20.3131
   -7.5000   30.0000  -37.5000 2352.5967   21.3654
    0.0000   30.0000  -37.5000 2365.6157   21.3331
    7.5000   30.0000  -37.5000 2347.6597   21.5113
   -7.5000   37.5000  -37.5000 2271.9292   22.9715
    0.0000   37.5000  -37.5000 2285.4229   23.0084
    7.5000   37.5000  -37.5000 2262.1162   23.2054
   -7.5000   45.0000  -37.5000 2170.4182   25.2213
    0.0000   45.0000  -37.5000 2185.9229   25.2279
    7.5000   45.0000  -37.5000 2157.1206   25.4314
   -7.5000  -45.0000  -30.0000 2267.3542   25.0648
    0.0000  -45.0000  -30.0000 2285.2649   25.2404
    7.5000  -45.0000  -30.0000 2271.2148   25.2094
   -7.5000  -37.5000  -30.0000 2385.7690   22.7202
    0.0000  -37.5000  -30.0000 2401.6892   22.8189
    7.5000  -37.5000  -30.0000 2385.9883   22.8326
   -7.5000  -30.0000  -30.0000 2474.3123   20.9005
    0.0000  -30.0000  -30.0000 2491.4004   20.9677
    7.5000  -30.0000  -30.0000 2470.0103   20.9530
   -7.5000  -22.5000  -30.0000 2527.6230   19.6145
    0.0000  -22.5000  -30.0000 2548.1694   19.6431
    7.5000  -22.5000  -30.0000 2522.0488   19.6320
   -7.5000  -15.0000  -30.0000 2564.3938   18.8024
    0.0000  -15.0000  -30.0000 2579.3350   18.7859
    7.5000  -15.0000  -30.0000 2559.8713   18.8369
   -7.5000   -7.5000  -30.0000 2589.1655   18.2394
    0.0000   -7.5000  -30.0000 2606.5493   18.2544
    7.5000   -7.5000  -30.0000 2584.0723   18.2973
   -7.5000    0.0000  -30.0000 2604.0142   18.0833
    0.0000    0.0000  -30.0000 2615.8684   18.0843
    7.5000    0.0000  -30.0000 2592.4143   18.1728
   -7.5000    7.5000  -30.0000 2607.9744   18.1932
    0.0000    7.5000  -30.0000 2622.7407   18.1197
    7.5000    7.5000  -30.0000 2594.5042   18.2918
   -7.5000   15.0000  -30.0000 2594.5042   18.6524
    0.0000   15.0000  -30.0000 2609.9807   18.5582
    7.5000   15.0000  -30.0000 2580.3904   18.7404
   -7.5000   22.5000  -30.0000 2556.8933   19.4208
    0.0000   22.5000  -30.0000 2573.1729   19.3753
    7.5000   22.5000  -30.0000 2543.4937   19.5155
   -7.5000   30.0000  -30.0000 2491.6350   20.5218
    0.0000   30.0000  -30.0000 2508.1257   20.5338
    7.5000   30.0000  -30.0000 2477.7659   20.7114
   -7.5000   37.5000  -30.0000 2402.5962   22.0696
    0.0000   37.5000  -30.0000 2422.3230   22.0680
    7.5000   37.5000  -30.0000 2393.3933   22.2964
   -7.5000   45.0000  -30.0000 2287.8218   24.1743
    0.0000   45.0000  -30.0000 2306.9009   24.1712
    7.5000   45.0000  -30.0000 2281.7031   24.3887
   -7.5000  -45.0000  -22.5000 2347.1794   24.1646
    0.0000  -45.0000  -22.5000 2362.8201   24.2548
    7.5000  -45.0000  -22.5000 2344.5134   24.2544
   -7.5000  -37.5000  -22.5000 2469.7715   21.8405
    0.0000  -37.5000  -22.5000 2486.3667   21.8595
    7.5000  -37.5000  -22.5000 2466.6628   21.9106
   -7.5000  -30.0000  -22.5000 2559.2095   20.0202
    0.0000  -30.0000  -22.5000 2578.2900   20.0496
    7.5000  -30.0000  -22.5000 2554.2727   20.0632
   -7.5000  -22.5000  -22.5000 2628.4829   18.7653
    0.0000  -22.5000  -22.5000 2648.0188   18.7610
    7.5000  -22.5000  -22.5000 2626.1118   18.7657
   -7.5000  -15.0000  -22.5000 2673.2878   17.8895
    0.0000  -15.0000  -22.5000 2689.9587   17.8301
    7.5000  -15.0000  -22.5000 2670.6282   17.9006
   -7.5000   -7.5000  -22.5000 2713.0024   17.3046
    0.0000   -7.5000  -22.5000 2734.0510   17.3017
    7.5000   -7.5000  -22.5000 2702.2642   17.3623
   -7.5000    0.0000  -22.5000 2729.2458   17.1871
    0.0000    0.0000  -22.5000 2744.6428   17.1429
    7.5000    0.0000  -22.5000 2714.2288   17.2651
   -7.5000    7.5000  -22.5000 2730.3848   17.3612
    0.0000    7.5000  -22.5000 2747.3088   17.2863
    7.5000    7.5000  -22.5000 2715.4597   17.4193
   -7.5000   15.0000  -22.5000 2712.9988   17.8500
    0.0000   15.0000  -22.5000 2733.3716   17.7734
    7.5000   15.0000  -22.5000 2699.9905   17.9187
   -7.5000   22.5000  -22.5000 2672.7849   18.5673
    0.0000   22.5000  -22.5000 2693.8293   18.5117
    7.5000   22.5000  -22.5000 2656.9553   18.6713
   -7.5000   30.0000  -22.5000 2597.7959   19.6251
    0.0000   30.0000  -22.5000 2614.0432   19.5731
    7.5000   30.0000  -22.5000 2584.8040   19.7507
   -7.5000   37.5000  -22.5000 2504.9255   21.1212
    0.0000   37.5000  -22.5000 2522.6724   21.0669
    7.5000   37.5000  -22.5000 2496.8818   21.2851
   -7.5000   45.0000  -22.5000 2384.6604   23.0915
    0.0000   45.0000  -22.5000 2400.8872   23.0257
    7.5000   45.0000  -22.5000 2378.7910   23.2906
   -7.5000  -45.0000  -15.0000 2388.8125   23.3278
    0.0000  -45.0000  -15.0000 2407.8083   23.3673
    7.5000  -45.0000  -15.0000 2386.7483   23.3967
   -7.5000  -37.5000  -15.0000 2512.1699   21.1044
    0.0000  -37.5000  -15.0000 2531.0232   21.0521
    7.5000  -37.5000  -15.0000 2511.9092   21.1509
   -7.5000  -30.0000  -15.0000 2608.4988   19.3347
    0.0000  -30.0000  -15.0000 2626.7366   19.2915
    7.5000  -30.0000  -15.0000 2608.2676   19.3839
   -7.5000  -22.5000  -15.0000 2689.5037   18.0115
    0.0000  -22.5000  -15.0000 2707.2539   17.9772
    7.5000  -22.5000  -15.0000 2688.6746   18.0702
   -7.5000  -15.0000  -15.0000 2752.7378   17.1247
    0.0000  -15.0000  -15.0000 2768.1880   17.0736
    7.5000  -15.0000  -15.0000 2746.8328   17.1431
   -7.5000   -7.5000  -15.0000 2796.0298   16.5085
    0.0000   -7.5000  -15.0000 2809.9146   16.4318
    7.5000   -7.5000  -15.0000 2781.1362   16.5392
   -7.5000    0.0000  -15.0000 2808.8579   16.3247
    0.0000    0.0000  -15.0000 2826.8523   16.2779
    7.5000    0.0000  -15.0000 2794.6589   16.4046
   -7.5000    7.5000  -15.0000 2815.3923   16.5887
    0.0000    7.5000  -15.0000 2838.8718   16.5356
    7.5000    7.5000  -15.0000 2807.9216   16.6504
   -7.5000   15.0000  -15.0000 2796.4832   17.0937
    0.0000   15.0000  -15.0000 2821.8672   17.0159
    7.5000   15.0000  -15.0000 2785.5164   17.1407
   -7.5000   22.5000  -15.0000 2747.3376   17.8325
    0.0000   22.5000  -15.0000 2765.5276   17.7218
    7.5000   22.5000  -15.0000 2736.1299   17.8943
   -7.5000   30.0000  -15.0000 2674.4673   18.8506
    0.0000   30.0000  -15.0000 2685.1882   18.7353
    7.5000   30.0000  -15.0000 2661.7666   18.9336
   -7.5000   37.5000  -15.0000 2567.5039   20.3037
    0.0000   37.5000  -15.0000 2581.4963   20.1740
    7.5000   37.5000  -15.0000 2556.1870   20.3971
   -7.5000   45.0000  -15.0000 2444.5198   22.2114
    0.0000   45.0000  -15.0000 2463.1941   22.0966
    7.5000   45.0000  -15.0000 2434.0508   22.3069
   -7.5000  -45.0000   -7.5000 2412.4517   22.7424
    0.0000  -45.0000   -7.5000 2427.1489   22.6853
    7.5000  -45.0000   -7.5000 2413.7988   22.8885
   -7.5000  -37.5000   -7.5000 2534.3352   20.5410
    0.0000  -37.5000   -7.5000 2553.9990   20.4795
    7.5000  -37.5000   -7.5000 2537.9583   20.6121
   -7.5000  -30.0000   -7.5000 2634.8704   18.8007
    0.0000  -30.0000   -7.5000 2660.4856   18.7218
    7.5000  -30.0000   -7.5000 2645.5725   18.8431
   -7.5000  -22.5000   -7.5000 2734.0142   17.4559
    0.0000  -22.5000   -7.5000 2758.1587   17.3857
    7.5000  -22.5000   -7.5000 2740.1541   17.4978
   -7.5000  -15.0000   -7.5000 2808.8665   16.5311
    0.0000  -15.0000   -7.5000 2833.7935   16.4582
    7.5000  -15.0000   -7.5000 2806.9622   16.5257
   -7.5000   -7.5000   -7.5000 2855.1233   15.9116
    0.0000   -7.5000   -7.5000 2883.0686   15.8343
    7.5000   -7.5000   -7.5000 2848.9810   15.9511
   -7.5000    0.0000   -7.5000 2874.3545   15.6215
    0.0000    0.0000   -7.5000 2901.1240   15.5520
    7.5000    0.0000   -7.5000 2866.4285   15.7621
   -7.5000    7.5000   -7.5000 2880.3997   15.9183
    0.0000    7.5000   -7.5000 2905.8643   15.8132
    7.5000    7.5000   -7.5000 2875.2922   16.0194
   -7.5000   15.0000   -7.5000 2857.8247   16.4315
    0.0000   15.0000   -7.5000 2881.4976   16.3063
    7.5000   15.0000   -7.5000 2851.9429   16.4849
   -7.5000   22.5000   -7.5000 2802.9951   17.1704
    0.0000   22.5000   -7.5000 2821.8794   17.0125
    7.5000   22.5000   -7.5000 2797.7310   17.1968
   -7.5000   30.0000   -7.5000 2725.5869   18.2634
    0.0000   30.0000   -7.5000 2738.7705   18.1234
    7.5000   30.0000   -7.5000 2714.8530   18.3239
   -7.5000   37.5000   -7.5000 2623.7502   19.7443
    0.0000   37.5000   -7.5000 2634.8472   19.5873
    7.5000   37.5000   -7.5000 2608.5168   19.8251
   -7.5000   45.0000   -7.5000 2495.3945   21.5776
    0.0000   45.0000   -7.5000 2509.6199   21.4299
    7.5000   45.0000   -7.5000 2483.5803   21.6588
   -7.5000  -45.0000    0.0000 2410.3311   22.4508
    0.0000  -45.0000    0.0000 2428.3301   22.3405
    7.5000  -45.0000    0.0000 2414.7795   22.5636
   -7.5000  -37.5000    0.0000 2535.5557   20.2264
    0.0000  -37.5000    0.0000 2558.9094   20.1158
    7.5000  -37.5000    0.0000 2544.6882   20.3088
   -7.5000  -30.0000    0.0000 2644.3020   18.4673
    0.0000  -30.0000    0.0000 2669.5745   18.3597
    7.5000  -30.0000    0.0000 2655.3901   18.5435
   -7.5000  -22.5000    0.0000 2750.8298   17.1459
    0.0000  -22.5000    0.0000 2777.6980   16.9936
    7.5000  -22.5000    0.0000 2756.6838   17.1800
   -7.5000  -15.0000    0.0000 2837.8555   16.2130
    0.0000  -15.0000    0.0000 2871.9507   16.0813
    7.5000  -15.0000    0.0000 2844.0125   16.2042
   -7.5000   -7.5000    0.0000 2903.7305   15.6108
    0.0000   -7.5000    0.0000 2942.0000   15.5050
    7.5000   -7.5000    0.0000 2899.9023   15.6663
   -7.5000    0.0000    0.0000 2925.9695   15.2192
    0.0000    0.0000    0.0000 2960.7346   15.0227
    7.5000    0.0000    0.0000 2918.8577   15.4200
   -7.5000    7.5000    0.0000 2921.8438   15.4128
    0.0000    7.5000    0.0000 2951.5869   15.2129
    7.5000    7.5000    0.0000 2918.0452   15.5832
   -7.5000   15.0000    0.0000 2885.1289   15.9975
    0.0000   15.0000    0.0000 2910.2458   15.7471
    7.5000   15.0000    0.0000 2881.3264   16.0783
   -7.5000   22.5000    0.0000 2834.9622   16.8201
    0.0000   22.5000    0.0000 2852.7812   16.5956
    7.5000   22.5000    0.0000 2833.9600   16.8850
   -7.5000   30.0000    0.0000 2752.8396   17.9326
    0.0000   30.0000    0.0000 2767.9241   17.7374
    7.5000   30.0000    0.0000 2748.1750   18.0211
   -7.5000   37.5000    0.0000 2645.5955   19.3568
    0.0000   37.5000    0.0000 2657.9553   19.2166
    7.5000   37.5000    0.0000 2635.7720   19.4841
   -7.5000   45.0000    0.0000 2513.2517   21.1559
    0.0000   45.0000    0.0000 2533.2747   21.0490
    7.5000   45.0000    0.0000 2504.5857   21.3269
   -7.5000  -45.0000    7.5000 2400.0435   22.4428
    0.0000  -45.0000    7.5000 2412.8818   22.1264
    7.5000  -45.0000    7.5000 2412.0447   22.5818
   -7.5000  -37.5000    7.5000 2523.3445   20.1607
    0.0000  -37.5000    7.5000 2540.5037   19.8922
    7.5000  -37.5000    7.5000 2532.5200   20.2468
   -7.5000  -30.0000    7.5000 2638.6807   18.3739
    0.0000  -30.0000    7.5000 2656.1409   18.1346
    7.5000  -30.0000    7.5000 2648.2175   18.4438
   -7.5000  -22.5000    7.5000 2748.6206   17.0206
    0.0000  -22.5000    7.5000 2773.1189   16.7829
    7.5000  -22.5000    7.5000 2757.2231   17.0868
   -7.5000  -15.0000    7.5000 2841.3496   16.1020
    0.0000  -15.0000    7.5000 2879.0417   15.8808
    7.5000  -15.0000    7.5000 2847.1782   16.1366
   -7.5000   -7.5000    7.5000 2924.5056   15.4825
    0.0000   -7.5000    7.5000 2972.8303   15.2623
    7.5000   -7.5000    7.5000 2923.6587   15.5592
   -7.5000    0.0000    7.5000 2955.8645   15.0160
    0.0000    0.0000    7.5000 2995.6809   14.6888
    7.5000    0.0000    7.5000 2947.1084   15.2316
   -7.5000    7.5000    7.5000 2941.0254   15.1809
    0.0000    7.5000    7.5000 2964.5557   14.8389
    7.5000    7.5000    7.5000 2935.3364   15.4052
   -7.5000   15.0000    7.5000 2892.0215   15.8237
    0.0000   15.0000    7.5000 2918.5801   15.5700
    7.5000   15.0000    7.5000 2895.4072   15.9666
   -7.5000   22.5000    7.5000 2834.2222   16.6665
    0.0000   22.5000    7.5000 2857.7927   16.4761
    7.5000   22.5000    7.5000 2837.3079   16.7572
   -7.5000   30.0000    7.5000 2749.8184   17.7886
    0.0000   30.0000    7.5000 2770.5803   17.6385
    7.5000   30.0000    7.5000 2746.8789   17.8487
   -7.5000   37.5000    7.5000 2644.9641   19.2385
    0.0000   37.5000    7.5000 2666.2393   19.1613
    7.5000   37.5000    7.5000 2638.4514   19.3218
   -7.5000   45.0000    7.5000 2515.1021   21.0489
    0.0000   45.0000    7.5000 2534.1492   21.0048
    7.5000   45.0000    7.5000 2506.4250   21.1664
   -7.5000  -45.0000   15.0000 2376.8203   22.6940
    0.0000  -45.0000   15.0000 2390.8711   22.3786
    7.5000  -45.0000   15.0000 2384.5601   22.8683
   -7.5000  -37.5000   15.0000 2496.2517   20.3739
    0.0000  -37.5000   15.0000 2513.6101   20.0549
    7.5000  -37.5000   15.0000 2506.6841   20.5171
   -7.5000  -30.0000   15.0000 2615.6689   18.5904
    0.0000  -30.0000   15.0000 2627.4038   18.1895
    7.5000  -30.0000   15.0000 2623.2798   18.6529
   -7.5000  -22.5000   15.0000 2724.4758   17.2271
    0.0000  -22.5000   15.0000 2737.3328   16.7919
    7.5000  -22.5000   15.0000 2733.3777   17.2786
   -7.5000  -15.0000   15.0000 2822.4934   16.3044
    0.0000  -15.0000   15.0000 2839.5911   15.8829
    7.5000  -15.0000   15.0000 2833.1587   16.3403
   -7.5000   -7.5000   15.0000 2906.2175   15.6882
    0.0000   -7.5000   15.0000 2940.8833   15.3439
    7.5000   -7.5000   15.0000 2912.7478   15.8328
   -7.5000    0.0000   15.0000 2952.3674   15.3839
    0.0000    0.0000   15.0000 2992.2659   15.1171
    7.5000    0.0000   15.0000 2956.7278   15.5719
   -7.5000    7.5000   15.0000 2934.2205   15.5659
    0.0000    7.5000   15.0000 2981.9622   15.4260
    7.5000    7.5000   15.0000 2936.9817   15.6916
   -7.5000   15.0000   15.0000 2879.6169   16.0181
    0.0000   15.0000   15.0000 2922.4834   15.8704
    7.5000   15.0000   15.0000 2888.6863   16.1103
   -7.5000   22.5000   15.0000 2812.6208   16.8125
    0.0000   22.5000   15.0000 2834.7783   16.6677
    7.5000   22.5000   15.0000 2814.4890   16.8646
   -7.5000   30.0000   15.0000 2727.4414   17.9383
    0.0000   30.0000   15.0000 2738.1516   17.7971
    7.5000   30.0000   15.0000 2725.2371   17.9697
   -7.5000   37.5000   15.0000 2629.6873   19.3868
    0.0000   37.5000   15.0000 2639.3640   19.2730
    7.5000   37.5000   15.0000 2622.6860   19.4588
   -7.5000   45.0000   15.0000 2498.5193   21.2168
    0.0000   45.0000   15.0000 2508.1443   21.1191
    7.5000   45.0000   15.0000 2489.4629   21.3185
   -7.5000  -45.0000   22.5000 2356.6123   23.2478
    0.0000  -45.0000   22.5000 2366.9880   22.8001
    7.5000  -45.0000   22.5000 2366.2634   23.4316
   -7.5000  -37.5000   22.5000 2472.0105   20.8959
    0.0000  -37.5000   22.5000 2482.8196   20.4741
    7.5000  -37.5000   22.5000 2482.7085   21.0278
   -7.5000  -30.0000   22.5000 2584.8928   19.1297
    0.0000  -30.0000   22.5000 2597.3127   18.6911
    7.5000  -30.0000   22.5000 2597.4495   19.1989
   -7.5000  -22.5000   22.5000 2690.6445   17.8186
    0.0000  -22.5000   22.5000 2705.0220   17.4030
    7.5000  -22.5000   22.5000 2701.4556   17.8531
   -7.5000  -15.0000   22.5000 2787.2117   16.9325
    0.0000  -15.0000   22.5000 2811.2737   16.6028
    7.5000  -15.0000   22.5000 2797.5308   16.9791
   -7.5000   -7.5000   22.5000 2870.0396   16.3080
    0.0000   -7.5000   22.5000 2896.5813   16.0177
    7.5000   -7.5000   22.5000 2870.9966   16.4413
   -7.5000    0.0000   22.5000 2903.7366   16.0438
    0.0000    0.0000   22.5000 2935.0850   15.8663
    7.5000    0.0000   22.5000 2909.9873   16.1602
   -7.5000    7.5000   22.5000 2893.4172   16.2783
    0.0000    7.5000   22.5000 2928.8291   16.1032
    7.5000    7.5000   22.5000 2900.2847   16.3232
   -7.5000   15.0000   22.5000 2850.9243   16.7677
    0.0000   15.0000   22.5000 2882.7427   16.6102
    7.5000   15.0000   22.5000 2856.3828   16.7702
   -7.5000   22.5000   22.5000 2773.5020   17.4783
    0.0000   22.5000   22.5000 2794.8911   17.3757
    7.5000   22.5000   22.5000 2773.8132   17.5106
   -7.5000   30.0000   22.5000 2687.4963   18.4674
    0.0000   30.0000   22.5000 2700.7148   18.3591
    7.5000   30.0000   22.5000 2680.7622   18.4930
   -7.5000   37.5000   22.5000 2590.5850   19.8211
    0.0000   37.5000   22.5000 2605.0044   19.7168
    7.5000   37.5000   22.5000 2579.4473   19.8601
   -7.5000   45.0000   22.5000 2463.7539   21.6078
    0.0000   45.0000   22.5000 2472.2742   21.4940
    7.5000   45.0000   22.5000 2449.9021   21.6499
   -7.5000  -45.0000   30.0000 2322.7949   24.1157
    0.0000  -45.0000   30.0000 2336.3955   23.7711
    7.5000  -45.0000   30.0000 2331.6599   24.2440
   -7.5000  -37.5000   30.0000 2442.1953   21.8106
    0.0000  -37.5000   30.0000 2459.0164   21.4374
    7.5000  -37.5000   30.0000 2450.6428   21.8955
   -7.5000  -30.0000   30.0000 2551.7676   20.1260
    0.0000  -30.0000   30.0000 2573.4590   19.7540
    7.5000  -30.0000   30.0000 2558.2378   20.1503
   -7.5000  -22.5000   30.0000 2651.7512   18.7838
    0.0000  -22.5000   30.0000 2671.5781   18.4368
    7.5000  -22.5000   30.0000 2658.1838   18.7751
   -7.5000  -15.0000   30.0000 2740.5422   17.8454
    0.0000  -15.0000   30.0000 2753.2671   17.4184
    7.5000  -15.0000   30.0000 2743.5908   17.8501
   -7.5000   -7.5000   30.0000 2804.4402   17.1266
    0.0000   -7.5000   30.0000 2820.8110   16.8121
    7.5000   -7.5000   30.0000 2804.6428   17.1930
   -7.5000    0.0000   30.0000 2843.2563   16.8780
    0.0000    0.0000   30.0000 2858.1089   16.6459
    7.5000    0.0000   30.0000 2846.9392   16.9218
   -7.5000    7.5000   30.0000 2823.4026   17.1378
    0.0000    7.5000   30.0000 2850.6641   16.9179
    7.5000    7.5000   30.0000 2828.2766   17.1493
   -7.5000   15.0000   30.0000 2784.7520   17.6346
    0.0000   15.0000   30.0000 2809.6624   17.4313
    7.5000   15.0000   30.0000 2785.2366   17.6125
   -7.5000   22.5000   30.0000 2714.5168   18.3899
    0.0000   22.5000   30.0000 2735.2522   18.1689
    7.5000   22.5000   30.0000 2711.8247   18.3469
   -7.5000   30.0000   30.0000 2632.2671   19.3874
    0.0000   30.0000   30.0000 2650.6201   19.2411
    7.5000   30.0000   30.0000 2628.5898   19.3803
   -7.5000   37.5000   30.0000 2533.4482   20.6707
    0.0000   37.5000   30.0000 2544.5642   20.5378
    7.5000   37.5000   30.0000 2529.5549   20.6943
   -7.5000   45.0000   30.0000 2404.3000   22.3676
    0.0000   45.0000   30.0000 2409.8889   22.2332
    7.5000   45.0000   30.0000 2394.5659   22.4021
   -7.5000  -45.0000   37.5000 2279.6628   25.4746
    0.0000  -45.0000   37.5000 2296.5586   25.2393
    7.5000  -45.0000   37.5000 2284.4329   25.5406
   -7.5000  -37.5000   37.5000 2399.5833   23.1916
    0.0000  -37.5000   37.5000 2422.0996   22.9233
    7.5000  -37.5000   37.5000 2405.5593   23.1880
   -7.5000  -30.0000   37.5000 2504.7158   21.3675
    0.0000  -30.0000   37.5000 2530.5903   21.0868
    7.5000  -30.0000   37.5000 2508.4167   21.3426
   -7.5000  -22.5000   37.5000 2595.5615   19.9238
    0.0000  -22.5000   37.5000 2618.6431   19.5810
    7.5000  -22.5000   37.5000 2600.8948   19.9047
   -7.5000  -15.0000   37.5000 2671.2427   18.9092
    0.0000  -15.0000   37.5000 2693.9229   18.5129
    7.5000  -15.0000   37.5000 2674.6970   18.8706
   -7.5000   -7.5000   37.5000 2731.0103   18.1688
    0.0000   -7.5000   37.5000 2747.6177   17.8788
    7.5000   -7.5000   37.5000 2730.7761   18.1658
   -7.5000    0.0000   37.5000 2757.7231   17.9468
    0.0000    0.0000   37.5000 2770.8525   17.6697
    7.5000    0.0000   37.5000 2761.0947   17.9158
   -7.5000    7.5000   37.5000 2739.5137   18.1749
    0.0000    7.5000   37.5000 2761.6882   17.9258
    7.5000    7.5000   37.5000 2744.1289   18.1478
   -7.5000   15.0000   37.5000 2702.6975   18.6432
    0.0000   15.0000   37.5000 2724.2627   18.4255
    7.5000   15.0000   37.5000 2700.5718   18.6171
   -7.5000   22.5000   37.5000 2644.5342   19.3974
    0.0000   22.5000   37.5000 2663.4390   19.2053
    7.5000   22.5000   37.5000 2638.2366   19.3558
   -7.5000   30.0000   37.5000 2570.0095   20.3956
    0.0000   30.0000   37.5000 2581.2249   20.2625
    7.5000   30.0000   37.5000 2562.4590   20.3909
   -7.5000   37.5000   37.5000 2471.6965   21.7288
    0.0000   37.5000   37.5000 2484.0352   21.6726
    7.5000   37.5000   37.5000 2462.5476   21.7856
   -7.5000   45.0000   37.5000 2335.9387   23.5430
    0.0000   45.0000   37.5000 2349.6851   23.4771
    7.5000   45.0000   37.5000 2330.0549   23.5801
   -7.5000  -45.0000   45.0000 2218.5325   27.1795
    0.0000  -45.0000   45.0000 2242.3403   26.9985
    7.5000  -45.0000   45.0000 2222.8374   27.1664
   -7.5000  -37.5000   45.0000 2337.5322   24.7024
    0.0000  -37.5000   45.0000 2367.3677   24.5091
    7.5000  -37.5000   45.0000 2342.1477   24.6872
   -7.5000  -30.0000   45.0000 2438.9912   22.7574
    0.0000  -30.0000   45.0000 2469.0352   22.5404
    7.5000  -30.0000   45.0000 2439.6519   22.7575
   -7.5000  -22.5000   45.0000 2528.9170   21.2872
    0.0000  -22.5000   45.0000 2553.7568   20.9802
    7.5000  -22.5000   45.0000 2527.6824   21.2560
   -7.5000  -15.0000   45.0000 2597.0281   20.2139
    0.0000  -15.0000   45.0000 2623.2742   19.8983
    7.5000  -15.0000   45.0000 2594.6023   20.1678
   -7.5000   -7.5000   45.0000 2647.0610   19.4709
    0.0000   -7.5000   45.0000 2667.9534   19.2598
    7.5000   -7.5000   45.0000 2646.4695   19.4230
   -7.5000    0.0000   45.0000 2661.4612   19.2454
    0.0000    0.0000   45.0000 2679.8809   19.0288
    7.5000    0.0000   45.0000 2661.1716   19.2041
   -7.5000    7.5000   45.0000 2648.4028   19.4429
    0.0000    7.5000   45.0000 2664.4878   19.2371
    7.5000    7.5000   45.0000 2652.1775   19.3981
   -7.5000   15.0000   45.0000 2608.7883   19.8610
    0.0000   15.0000   45.0000 2630.0635   19.7048
    7.5000   15.0000   45.0000 2611.2561   19.8556
   -7.5000   22.5000   45.0000 2564.1465   20.6081
    0.0000   22.5000   45.0000 2586.8779   20.4610
    7.5000   22.5000   45.0000 2564.1536   20.5982
   -7.5000   30.0000   45.0000 2493.9578   21.6312
    0.0000   30.0000   45.0000 2503.1216   21.4905
    7.5000   30.0000   45.0000 2484.9961   21.6170
   -7.5000   37.5000   45.0000 2394.5305   23.0174
    0.0000   37.5000   45.0000 2402.3179   22.9575
    7.5000   37.5000   45.0000 2387.5496   23.0468
   -7.5000   45.0000   45.0000 2267.9812   24.9540
    0.0000   45.0000   45.0000 2278.0706   24.8692
    7.5000   45.0000   45.0000 2265.0906   24.9598

---------------------------------------------------------------------
imgreg_4dfp /opt/freesurfer/average/711-2C_as_mni_average_305 /opt/freesurfer/average/711-2B_as_mni_average_305_mask talsrcimg_g11 none talsrcimg_to_711-2C_as_mni_average_305_t4 1283
---------------------------------------------------------------------

freesurfer imgreg_4dfp.c
/opt/freesurfer/average/711-2C_as_mni_average_305.4dfp.img
       256       256       256         1
  1.000000  1.000000  1.000000
orientation T byte_order littleendian
Reading image: /opt/freesurfer/average/711-2C_as_mni_average_305.4dfp.img
dimensions:      256       256       256
mmppix:       1.0000   -1.0000   -1.0000
center:     128.0000 -129.0000 -129.0000
/opt/freesurfer/average/711-2B_as_mni_average_305_mask.4dfp.img
       256       256       256         1
  1.000000  1.000000  1.000000
orientation T byte_order littleendian
Reading mask: /opt/freesurfer/average/711-2B_as_mni_average_305_mask.4dfp.img (2306576 pixels)
talsrcimg_g11.4dfp.img
       256       256       256         1
  1.000000  1.000000  1.000000
orientation T byte_order littleendian
Reading image: talsrcimg_g11.4dfp.img
dimensions:      256       256       256
mmppix:       1.0000   -1.0000   -1.0000
center:     128.0000 -129.0000 -129.0000
rotation matrix determinant  1.000000
fimgreg.f
image alignment mode   1283 decimal      503 hex
parameters
    0.0000    0.0000    7.5000    0.0000    0.0000    0.0000
eta,q 0.93930 14.72500
niter,ni,del,rscale     5    3   12.0000    1.2000
parameter  2  0.585565 ->  0.500000 qaram    1.1500
parameters
   -0.9332   -3.4500    6.6764   -2.2023   -0.5978   -1.2557
eta,q 0.93993 14.80163
  0.0675  0.0633  0.0683  0.0611  0.0630  0.0618
  0.0626  0.0616  0.0618  0.0607  0.0615  0.0605
  0.0633  0.0621  0.0596  0.0609  0.0605  0.0600
  0.0639  0.0639  0.0612  0.0606  0.0608  0.0605
  0.0626  0.0647  0.0631  0.0612  0.0611  0.0613
  0.0667  0.0667  0.0677  0.0631  0.0620  0.0619
  0.0713  0.0693  0.0708  0.0662  0.0643  0.0629
niter,ni,del,rscale     5    3   12.0000    1.2000
parameter  4  4.741932 ->  0.500000 qaram    1.1500
parameters
   -1.0013   -1.2134    6.5471   -5.6523   -0.3661   -0.2333
eta,q 0.94207 14.70121
  0.0707  0.0776  0.0682  0.0565  0.0619  0.0613
  0.0657  0.0682  0.0599  0.0576  0.0592  0.0594
  0.0617  0.0623  0.0581  0.0589  0.0580  0.0583
  0.0601  0.0601  0.0600  0.0599  0.0579  0.0579
  0.0606  0.0600  0.0609  0.0610  0.0579  0.0579
  0.0656  0.0616  0.0633  0.0622  0.0588  0.0581
  0.0719  0.0626  0.0660  0.0640  0.0613  0.0596
niter,ni,del,rscale     5    3   12.0000    1.2000
parameters
   -0.8573    0.8616    6.8312   -8.6239   -0.6300   -0.4996
eta,q 0.94624 14.66667
  0.0692  0.0746  0.0659  0.0592  0.0594  0.0587
  0.0640  0.0669  0.0595  0.0537  0.0559  0.0562
  0.0597  0.0603  0.0572  0.0546  0.0540  0.0545
  0.0579  0.0579  0.0566  0.0568  0.0537  0.0537
  0.0580  0.0566  0.0587  0.0602  0.0543  0.0544
  0.0625  0.0581  0.0611  0.0629  0.0562  0.0564
  0.0690  0.0618  0.0622  0.0642  0.0609  0.0601
niter,ni,del,rscale     4    3   12.0000    1.2000
parameters
   -0.7870    1.9260    6.7083   -8.4010   -0.6979   -0.5160
eta,q 0.94627 14.57953
  0.0654  0.0716  0.0636  0.0657  0.0594  0.0582
  0.0597  0.0658  0.0582  0.0590  0.0560  0.0556
  0.0553  0.0575  0.0533  0.0531  0.0541  0.0543
  0.0538  0.0538  0.0537  0.0535  0.0537  0.0537
  0.0548  0.0546  0.0571  0.0559  0.0543  0.0538
  0.0591  0.0590  0.0602  0.0593  0.0557  0.0553
  0.0651  0.0640  0.0620  0.0624  0.0600  0.0587
niter,ni,del,rscale     3    3   12.0000    1.2000
parameters
   -0.7296    2.1096    6.8402   -8.3130   -0.7112   -0.5889
eta,q 0.94599 14.56878
  0.0648  0.0688  0.0643  0.0654  0.0596  0.0583
  0.0593  0.0614  0.0588  0.0586  0.0562  0.0557
  0.0550  0.0548  0.0540  0.0531  0.0543  0.0545
  0.0537  0.0537  0.0538  0.0539  0.0540  0.0540
  0.0549  0.0564  0.0569  0.0563  0.0546  0.0541
  0.0590  0.0615  0.0598  0.0598  0.0558  0.0555
  0.0644  0.0659  0.0615  0.0627  0.0598  0.0589
niter,ni,del,rscale     2    3   12.0000    1.2000
parameters
   -0.7195    2.1590    6.9272   -8.2629   -0.7166   -0.6309
eta,q 0.94586 14.56459
  0.0646  0.0683  0.0641  0.0653  0.0597  0.0585
  0.0591  0.0607  0.0586  0.0584  0.0563  0.0559
  0.0550  0.0549  0.0540  0.0533  0.0543  0.0546
  0.0540  0.0540  0.0540  0.0541  0.0541  0.0541
  0.0551  0.0569  0.0571  0.0565  0.0548  0.0543
  0.0591  0.0619  0.0599  0.0599  0.0559  0.0557
  0.0644  0.0663  0.0614  0.0628  0.0598  0.0589
niter,ni,del,rscale     1    3   12.0000    1.2000
parameters
   -0.7258    2.1784    6.9739   -8.2341   -0.7129   -0.6583
eta,q 0.94577 14.56216
  0.0646  0.0682  0.0639  0.0653  0.0597  0.0586
  0.0590  0.0605  0.0585  0.0584  0.0564  0.0560
  0.0549  0.0550  0.0540  0.0534  0.0544  0.0547
  0.0541  0.0541  0.0541  0.0542  0.0542  0.0542
  0.0552  0.0570  0.0572  0.0566  0.0549  0.0544
  0.0591  0.0620  0.0600  0.0600  0.0560  0.0557
  0.0645  0.0663  0.0614  0.0629  0.0598  0.0589
registration optimization eta report
parameter search radius
    6.0000    6.9000    6.0000    6.9000    6.0000    6.0000
100000*second partial in parameter space
       29.       27.       23.       21.       16.       13.
  0.0646  0.0682  0.0639  0.0653  0.0597  0.0586
  0.0590  0.0605  0.0585  0.0584  0.0564  0.0560
  0.0549  0.0550  0.0540  0.0534  0.0544  0.0547
  0.0541  0.0541  0.0541  0.0542  0.0542  0.0542
  0.0552  0.0570  0.0572  0.0566  0.0549  0.0544
  0.0591  0.0620  0.0600  0.0600  0.0560  0.0557
  0.0645  0.0663  0.0614  0.0629  0.0598  0.0589
   -0.7258    2.1784    6.9739   -8.2341   -0.7129   -0.6583
eta,q 0.94577 14.56216

---------------------------------------------------------------------
imgreg_4dfp /opt/freesurfer/average/711-2C_as_mni_average_305 /opt/freesurfer/average/711-2B_as_mni_average_305_mask talsrcimg_g11 none talsrcimg_to_711-2C_as_mni_average_305_t4 3335
---------------------------------------------------------------------

freesurfer imgreg_4dfp.c
/opt/freesurfer/average/711-2C_as_mni_average_305.4dfp.img
       256       256       256         1
  1.000000  1.000000  1.000000
orientation T byte_order littleendian
Reading image: /opt/freesurfer/average/711-2C_as_mni_average_305.4dfp.img
dimensions:      256       256       256
mmppix:       1.0000   -1.0000   -1.0000
center:     128.0000 -129.0000 -129.0000
/opt/freesurfer/average/711-2B_as_mni_average_305_mask.4dfp.img
       256       256       256         1
  1.000000  1.000000  1.000000
orientation T byte_order littleendian
Reading mask: /opt/freesurfer/average/711-2B_as_mni_average_305_mask.4dfp.img (2306576 pixels)
talsrcimg_g11.4dfp.img
       256       256       256         1
  1.000000  1.000000  1.000000
orientation T byte_order littleendian
Reading image: talsrcimg_g11.4dfp.img
dimensions:      256       256       256
mmppix:       1.0000   -1.0000   -1.0000
center:     128.0000 -129.0000 -129.0000
fimgreg.f
image alignment mode   3335 decimal      D07 hex
parameters
   -0.7258    2.1784    6.9739   -0.0143   -1.0354   -1.0386
    0.9588    1.3959   -1.1488   14.3067   -1.2443  -14.3207
eta,q 0.94516 14.72271
niter,ni,del,rscale     5    3    5.0000    1.2000
parameter  4 21.068537 ->  0.500000 qaram    1.1500
parameter  5-14.043777 ->  0.500000 qaram    1.1500
parameter  6 83.541748 ->  0.500000 qaram    1.1500
parameter 10  1.073854 ->  0.500000 qaram    1.1500
parameters
   -0.4712    2.8222    7.1016   -4.1543   -5.1754   -5.1786
   -0.3836    1.4529   -0.5170   10.1667   -2.8435  -16.1933
eta,q 0.97180 14.65975
  0.0571  0.0561  0.0561  0.0461  0.0378  0.0276  0.0347  0.0380  0.0352  0.0285  0.0304  0.0304
  0.0561  0.0554  0.0553  0.0483  0.0407  0.0313  0.0333  0.0353  0.0339  0.0284  0.0293  0.0289
  0.0553  0.0550  0.0548  0.0513  0.0445  0.0370  0.0326  0.0333  0.0330  0.0298  0.0286  0.0282
  0.0548  0.0548  0.0547  0.0547  0.0491  0.0417  0.0327  0.0325  0.0325  0.0325  0.0287  0.0285
  0.0549  0.0547  0.0549  0.0586  0.0533  0.0464  0.0335  0.0332  0.0327  0.0362  0.0296  0.0297
  0.0554  0.0548  0.0553  0.0616  0.0563  0.0509  0.0349  0.0351  0.0333  0.0403  0.0312  0.0316
  0.0564  0.0552  0.0557  0.0640  0.0595  0.0560  0.0369  0.0379  0.0345  0.0443  0.0331  0.0338
niter,ni,del,rscale     7    3    5.0000    1.2000
parameter  4  0.644082 ->  0.500000 qaram    1.3225
parameter  5  1.035275 ->  0.500000 qaram    1.3225
parameters
   -0.4558    2.9338    8.0173   -8.9153   -9.9364   -8.4573
   -0.7433    2.1282   -0.1594    9.6806   -3.8330  -16.3673
eta,q 0.97978 14.60397
  0.0330  0.0321  0.0351  0.0260  0.0208  0.0233  0.0233  0.0265  0.0232  0.0252  0.0213  0.0219
  0.0303  0.0301  0.0322  0.0253  0.0206  0.0217  0.0216  0.0233  0.0217  0.0226  0.0206  0.0209
  0.0287  0.0287  0.0297  0.0256  0.0220  0.0201  0.0206  0.0212  0.0206  0.0209  0.0203  0.0203
  0.0282  0.0282  0.0282  0.0277  0.0253  0.0208  0.0203  0.0203  0.0202  0.0202  0.0202  0.0202
  0.0288  0.0285  0.0277  0.0320  0.0301  0.0254  0.0209  0.0204  0.0204  0.0208  0.0205  0.0205
  0.0304  0.0296  0.0281  0.0380  0.0352  0.0317  0.0221  0.0218  0.0213  0.0231  0.0211  0.0210
  0.0327  0.0314  0.0292  0.0440  0.0397  0.0387  0.0239  0.0246  0.0227  0.0270  0.0220  0.0220
niter,ni,del,rscale     7    3    5.0000    1.2000
parameter  3  0.638805 ->  0.500000 qaram    1.1500
parameters
   -0.1744    3.2972    6.6373   -8.6100  -11.7447   -9.8489
   -0.8813    2.4571    0.0246    9.9019   -3.8339  -17.7025
eta,q 0.98043 14.49357
  0.0248  0.0248  0.0195  0.0249  0.0237  0.0239  0.0228  0.0252  0.0223  0.0246  0.0208  0.0206
  0.0225  0.0225  0.0191  0.0226  0.0212  0.0221  0.0211  0.0221  0.0209  0.0221  0.0201  0.0199
  0.0210  0.0209  0.0193  0.0206  0.0193  0.0205  0.0200  0.0203  0.0200  0.0204  0.0198  0.0196
  0.0202  0.0202  0.0201  0.0191  0.0190  0.0190  0.0197  0.0197  0.0196  0.0196  0.0196  0.0196
  0.0203  0.0202  0.0213  0.0187  0.0208  0.0198  0.0202  0.0200  0.0199  0.0199  0.0198  0.0200
  0.0213  0.0211  0.0229  0.0207  0.0249  0.0251  0.0213  0.0215  0.0207  0.0214  0.0201  0.0207
  0.0231  0.0227  0.0249  0.0256  0.0297  0.0308  0.0230  0.0243  0.0221  0.0245  0.0208  0.0216
niter,ni,del,rscale     7    3    5.0000    1.2000
parameters
   -0.1410    3.6147    6.2540   -7.8678  -12.1239  -10.4641
   -0.8745    2.4807    0.0893   10.4602   -3.9515  -18.2341
eta,q 0.98048 14.48960
  0.0234  0.0237  0.0214  0.0252  0.0254  0.0244  0.0229  0.0249  0.0222  0.0247  0.0206  0.0207
  0.0213  0.0216  0.0200  0.0229  0.0227  0.0225  0.0211  0.0218  0.0208  0.0221  0.0200  0.0200
  0.0201  0.0202  0.0194  0.0210  0.0203  0.0209  0.0200  0.0201  0.0199  0.0204  0.0196  0.0196
  0.0196  0.0196  0.0195  0.0194  0.0192  0.0192  0.0196  0.0196  0.0196  0.0196  0.0195  0.0195
  0.0200  0.0196  0.0201  0.0189  0.0198  0.0190  0.0200  0.0201  0.0199  0.0197  0.0197  0.0198
  0.0212  0.0204  0.0211  0.0204  0.0228  0.0223  0.0212  0.0217  0.0207  0.0210  0.0200  0.0203
  0.0232  0.0220  0.0225  0.0248  0.0273  0.0286  0.0228  0.0248  0.0221  0.0237  0.0207  0.0211
niter,ni,del,rscale     6    3    5.0000    1.2000
parameters
   -0.1595    3.7259    6.0763   -7.7498  -12.1528  -10.7199
   -0.8948    2.4824    0.1279   10.6884   -4.0098  -18.4038
eta,q 0.98040 14.48505
  0.0232  0.0230  0.0216  0.0250  0.0259  0.0248  0.0229  0.0249  0.0221  0.0244  0.0207  0.0209
  0.0212  0.0211  0.0202  0.0228  0.0232  0.0228  0.0211  0.0218  0.0208  0.0219  0.0201  0.0202
  0.0200  0.0200  0.0196  0.0209  0.0208  0.0211  0.0200  0.0201  0.0200  0.0203  0.0197  0.0197
  0.0195  0.0195  0.0195  0.0195  0.0194  0.0195  0.0196  0.0196  0.0196  0.0196  0.0196  0.0196
  0.0200  0.0198  0.0199  0.0193  0.0198  0.0189  0.0201  0.0201  0.0199  0.0199  0.0197  0.0198
  0.0213  0.0207  0.0208  0.0212  0.0225  0.0215  0.0212  0.0218  0.0208  0.0213  0.0201  0.0203
  0.0234  0.0224  0.0221  0.0261  0.0269  0.0277  0.0229  0.0249  0.0221  0.0241  0.0207  0.0210
niter,ni,del,rscale     5    3    5.0000    1.2000
parameters
   -0.1622    3.7605    5.9969   -7.7064  -12.1376  -10.8278
   -0.9108    2.4879    0.1465   10.7713   -4.0433  -18.4482
eta,q 0.98036 14.48357
  0.0234  0.0228  0.0218  0.0250  0.0261  0.0249  0.0229  0.0250  0.0221  0.0243  0.0207  0.0210
  0.0213  0.0211  0.0204  0.0228  0.0233  0.0229  0.0212  0.0218  0.0208  0.0218  0.0201  0.0202
  0.0201  0.0200  0.0197  0.0210  0.0209  0.0212  0.0200  0.0202  0.0200  0.0202  0.0197  0.0198
  0.0196  0.0196  0.0196  0.0196  0.0196  0.0196  0.0196  0.0196  0.0196  0.0196  0.0196  0.0196
  0.0200  0.0199  0.0199  0.0194  0.0199  0.0189  0.0201  0.0202  0.0199  0.0200  0.0198  0.0198
  0.0213  0.0209  0.0207  0.0213  0.0225  0.0213  0.0212  0.0218  0.0208  0.0215  0.0201  0.0203
  0.0234  0.0227  0.0219  0.0263  0.0269  0.0274  0.0229  0.0249  0.0222  0.0242  0.0208  0.0210
niter,ni,del,rscale     4    3    5.0000    1.2000
parameters
   -0.1617    3.7701    5.9645   -7.6928  -12.1254  -10.8715
   -0.9183    2.4940    0.1568   10.7968   -4.0540  -18.4572
eta,q 0.98034 14.48287
  0.0234  0.0228  0.0219  0.0250  0.0261  0.0250  0.0230  0.0250  0.0221  0.0242  0.0208  0.0210
  0.0214  0.0211  0.0205  0.0228  0.0234  0.0230  0.0212  0.0219  0.0209  0.0217  0.0201  0.0202
  0.0201  0.0200  0.0198  0.0210  0.0210  0.0213  0.0200  0.0202  0.0200  0.0202  0.0198  0.0198
  0.0196  0.0196  0.0196  0.0196  0.0196  0.0196  0.0197  0.0197  0.0197  0.0197  0.0197  0.0197
  0.0201  0.0200  0.0199  0.0195  0.0200  0.0188  0.0201  0.0202  0.0199  0.0200  0.0198  0.0198
  0.0213  0.0210  0.0207  0.0214  0.0226  0.0212  0.0212  0.0218  0.0208  0.0215  0.0201  0.0203
  0.0234  0.0228  0.0219  0.0264  0.0269  0.0273  0.0229  0.0250  0.0222  0.0243  0.0208  0.0210
niter,ni,del,rscale     3    3    5.0000    1.2000
parameters
   -0.1607    3.7734    5.9507   -7.6891  -12.1189  -10.8887
   -0.9214    2.4975    0.1602   10.8034   -4.0597  -18.4579
eta,q 0.98034 14.48244
  0.0234  0.0228  0.0219  0.0250  0.0261  0.0250  0.0230  0.0250  0.0221  0.0242  0.0208  0.0211
  0.0214  0.0211  0.0205  0.0228  0.0234  0.0230  0.0212  0.0219  0.0209  0.0217  0.0201  0.0202
  0.0201  0.0200  0.0198  0.0210  0.0210  0.0213  0.0201  0.0202  0.0200  0.0202  0.0198  0.0198
  0.0197  0.0197  0.0197  0.0197  0.0196  0.0197  0.0197  0.0197  0.0197  0.0197  0.0197  0.0197
  0.0201  0.0200  0.0200  0.0195  0.0200  0.0188  0.0201  0.0202  0.0199  0.0200  0.0198  0.0198
  0.0214  0.0210  0.0207  0.0214  0.0226  0.0212  0.0212  0.0219  0.0208  0.0216  0.0201  0.0203
  0.0235  0.0228  0.0218  0.0265  0.0269  0.0272  0.0229  0.0250  0.0222  0.0243  0.0208  0.0210
registration optimization eta report
parameter search radius
    2.4000    2.4000    2.7600    9.5220    9.5220    8.2800
    7.2000    7.2000    7.2000    8.2800    7.2000    7.2000
100000*second partial in parameter space
       65.       54.       29.        7.        8.       10.
        6.       10.        5.        7.        2.        3.
  0.0234  0.0228  0.0219  0.0250  0.0261  0.0250  0.0230  0.0250  0.0221  0.0242  0.0208  0.0211
  0.0214  0.0211  0.0205  0.0228  0.0234  0.0230  0.0212  0.0219  0.0209  0.0217  0.0201  0.0202
  0.0201  0.0200  0.0198  0.0210  0.0210  0.0213  0.0201  0.0202  0.0200  0.0202  0.0198  0.0198
  0.0197  0.0197  0.0197  0.0197  0.0196  0.0197  0.0197  0.0197  0.0197  0.0197  0.0197  0.0197
  0.0201  0.0200  0.0200  0.0195  0.0200  0.0188  0.0201  0.0202  0.0199  0.0200  0.0198  0.0198
  0.0214  0.0210  0.0207  0.0214  0.0226  0.0212  0.0212  0.0219  0.0208  0.0216  0.0201  0.0203
  0.0235  0.0228  0.0218  0.0265  0.0269  0.0272  0.0229  0.0250  0.0222  0.0243  0.0208  0.0210
   -0.1607    3.7734    5.9507   -7.6891  -12.1189  -10.8887
   -0.9214    2.4975    0.1602   10.8034   -4.0597  -18.4579
eta,q 0.98034 14.48244

---------------------------------------------------------------------
imgreg_4dfp /opt/freesurfer/average/711-2C_as_mni_average_305 /opt/freesurfer/average/711-2B_as_mni_average_305_mask talsrcimg_g11 none talsrcimg_to_711-2C_as_mni_average_305_t4 2311
---------------------------------------------------------------------

freesurfer imgreg_4dfp.c
/opt/freesurfer/average/711-2C_as_mni_average_305.4dfp.img
       256       256       256         1
  1.000000  1.000000  1.000000
orientation T byte_order littleendian
Reading image: /opt/freesurfer/average/711-2C_as_mni_average_305.4dfp.img
dimensions:      256       256       256
mmppix:       1.0000   -1.0000   -1.0000
center:     128.0000 -129.0000 -129.0000
/opt/freesurfer/average/711-2B_as_mni_average_305_mask.4dfp.img
       256       256       256         1
  1.000000  1.000000  1.000000
orientation T byte_order littleendian
Reading mask: /opt/freesurfer/average/711-2B_as_mni_average_305_mask.4dfp.img (2306576 pixels)
talsrcimg_g11.4dfp.img
       256       256       256         1
  1.000000  1.000000  1.000000
orientation T byte_order littleendian
Reading image: talsrcimg_g11.4dfp.img
dimensions:      256       256       256
mmppix:       1.0000   -1.0000   -1.0000
center:     128.0000 -129.0000 -129.0000
fimgreg.f
image alignment mode   2311 decimal      907 hex
parameters
   -0.1607    3.7734    5.9507   -7.6891  -12.1189  -10.8887
   -0.9214    2.4975    0.1602   10.8034   -4.0597  -18.4579
eta,q 0.98034 14.48244
niter,ni,del,rscale     5    3    5.0000    0.8000
parameters
   -0.1480    3.7798    5.8387   -6.0331  -11.6736   -9.6963
   -0.9373    2.5288    0.0843   11.0040   -4.2062  -18.2360
eta,q 0.98131 14.58231
  0.0214  0.0211  0.0203  0.0219  0.0216  0.0223  0.0204  0.0223  0.0199  0.0209  0.0196  0.0196
  0.0205  0.0203  0.0199  0.0210  0.0205  0.0213  0.0195  0.0203  0.0193  0.0198  0.0190  0.0191
  0.0199  0.0198  0.0197  0.0203  0.0197  0.0203  0.0189  0.0191  0.0189  0.0190  0.0188  0.0188
  0.0197  0.0197  0.0197  0.0197  0.0193  0.0193  0.0187  0.0187  0.0187  0.0187  0.0187  0.0187
  0.0198  0.0198  0.0198  0.0193  0.0194  0.0186  0.0189  0.0191  0.0189  0.0188  0.0188  0.0188
  0.0204  0.0203  0.0200  0.0195  0.0199  0.0191  0.0195  0.0203  0.0193  0.0194  0.0192  0.0190
  0.0214  0.0211  0.0204  0.0202  0.0210  0.0207  0.0204  0.0221  0.0200  0.0206  0.0197  0.0194
niter,ni,del,rscale     4    3    5.0000    0.7000
parameters
   -0.2346    3.6889    6.1875   -6.4049  -11.6074   -9.2465
   -0.8564    2.4279    0.0626   10.8746   -4.2562  -18.1431
eta,q 0.98151 14.59348
  0.0201  0.0197  0.0201  0.0200  0.0203  0.0213  0.0199  0.0211  0.0194  0.0200  0.0192  0.0191
  0.0193  0.0191  0.0194  0.0193  0.0195  0.0204  0.0191  0.0196  0.0189  0.0192  0.0188  0.0188
  0.0188  0.0188  0.0189  0.0188  0.0189  0.0195  0.0187  0.0187  0.0186  0.0187  0.0185  0.0186
  0.0187  0.0187  0.0187  0.0186  0.0187  0.0187  0.0185  0.0185  0.0185  0.0185  0.0185  0.0185
  0.0189  0.0189  0.0187  0.0189  0.0188  0.0185  0.0186  0.0189  0.0186  0.0187  0.0186  0.0185
  0.0195  0.0193  0.0188  0.0196  0.0193  0.0192  0.0191  0.0198  0.0189  0.0192  0.0188  0.0187
  0.0205  0.0200  0.0191  0.0208  0.0203  0.0208  0.0198  0.0213  0.0195  0.0203  0.0192  0.0191
niter,ni,del,rscale     3    3    5.0000    0.6000
parameters
   -0.2318    3.6573    6.3491   -6.4558  -11.6225   -8.8890
   -0.8690    2.4050    0.0622   10.8038   -4.2938  -18.0867
eta,q 0.98162 14.59956
  0.0197  0.0193  0.0194  0.0197  0.0197  0.0207  0.0194  0.0204  0.0191  0.0196  0.0189  0.0189
  0.0190  0.0188  0.0189  0.0191  0.0190  0.0199  0.0188  0.0193  0.0187  0.0189  0.0186  0.0186
  0.0186  0.0186  0.0186  0.0187  0.0186  0.0191  0.0185  0.0186  0.0185  0.0185  0.0184  0.0184
  0.0185  0.0185  0.0185  0.0185  0.0185  0.0185  0.0184  0.0184  0.0184  0.0184  0.0184  0.0184
  0.0186  0.0186  0.0185  0.0186  0.0186  0.0184  0.0185  0.0186  0.0185  0.0185  0.0185  0.0184
  0.0190  0.0189  0.0187  0.0190  0.0190  0.0190  0.0188  0.0193  0.0187  0.0189  0.0187  0.0186
  0.0197  0.0194  0.0190  0.0199  0.0197  0.0203  0.0194  0.0204  0.0191  0.0197  0.0189  0.0188
niter,ni,del,rscale     2    3    5.0000    0.5000
parameters
   -0.2322    3.6517    6.4870   -6.4540  -11.6628   -8.6042
   -0.8685    2.3837    0.0671   10.7644   -4.3268  -18.0339
eta,q 0.98167 14.60471
  0.0192  0.0190  0.0190  0.0193  0.0192  0.0201  0.0190  0.0198  0.0188  0.0192  0.0187  0.0187
  0.0187  0.0186  0.0187  0.0188  0.0187  0.0195  0.0186  0.0190  0.0186  0.0187  0.0185  0.0185
  0.0185  0.0184  0.0185  0.0185  0.0185  0.0188  0.0184  0.0185  0.0184  0.0184  0.0184  0.0184
  0.0184  0.0184  0.0184  0.0184  0.0184  0.0184  0.0183  0.0183  0.0183  0.0183  0.0183  0.0183
  0.0185  0.0184  0.0184  0.0184  0.0185  0.0184  0.0184  0.0185  0.0184  0.0184  0.0184  0.0184
  0.0187  0.0187  0.0185  0.0188  0.0187  0.0189  0.0186  0.0190  0.0186  0.0187  0.0185  0.0185
  0.0192  0.0190  0.0187  0.0193  0.0193  0.0198  0.0190  0.0198  0.0188  0.0192  0.0187  0.0187
niter,ni,del,rscale     1    3    5.0000    0.4000
parameters
   -0.2337    3.6507    6.6041   -6.4463  -11.7127   -8.3848
   -0.8692    2.3671    0.0665   10.7275   -4.3538  -17.9964
eta,q 0.98171 14.60811
  0.0189  0.0187  0.0188  0.0189  0.0188  0.0196  0.0187  0.0192  0.0186  0.0188  0.0186  0.0185
  0.0186  0.0185  0.0185  0.0186  0.0185  0.0191  0.0185  0.0187  0.0184  0.0185  0.0184  0.0184
  0.0184  0.0184  0.0184  0.0184  0.0184  0.0186  0.0183  0.0184  0.0183  0.0184  0.0183  0.0183
  0.0183  0.0183  0.0183  0.0183  0.0183  0.0183  0.0183  0.0183  0.0183  0.0183  0.0183  0.0183
  0.0184  0.0184  0.0183  0.0184  0.0184  0.0183  0.0183  0.0184  0.0183  0.0184  0.0183  0.0183
  0.0186  0.0185  0.0184  0.0186  0.0186  0.0187  0.0185  0.0187  0.0184  0.0185  0.0184  0.0184
  0.0189  0.0187  0.0186  0.0190  0.0189  0.0193  0.0187  0.0193  0.0186  0.0189  0.0186  0.0185
registration optimization eta report
parameter search radius
    0.8000    0.8000    0.8000    2.4000    2.4000    2.4000
    2.4000    2.4000    2.4000    2.4000    2.4000    2.4000
100000*second partial in parameter space
       84.       61.       53.       11.        9.       19.
        8.       17.        6.       10.        5.        4.
  0.0189  0.0187  0.0188  0.0189  0.0188  0.0196  0.0187  0.0192  0.0186  0.0188  0.0186  0.0185
  0.0186  0.0185  0.0185  0.0186  0.0185  0.0191  0.0185  0.0187  0.0184  0.0185  0.0184  0.0184
  0.0184  0.0184  0.0184  0.0184  0.0184  0.0186  0.0183  0.0184  0.0183  0.0184  0.0183  0.0183
  0.0183  0.0183  0.0183  0.0183  0.0183  0.0183  0.0183  0.0183  0.0183  0.0183  0.0183  0.0183
  0.0184  0.0184  0.0183  0.0184  0.0184  0.0183  0.0183  0.0184  0.0183  0.0184  0.0183  0.0183
  0.0186  0.0185  0.0184  0.0186  0.0186  0.0187  0.0185  0.0187  0.0184  0.0185  0.0184  0.0184
  0.0189  0.0187  0.0186  0.0190  0.0189  0.0193  0.0187  0.0193  0.0186  0.0189  0.0186  0.0185
   -0.2337    3.6507    6.6041   -6.4463  -11.7127   -8.3848
   -0.8692    2.3671    0.0665   10.7275   -4.3538  -17.9964
eta,q 0.98171 14.60811

---------------------------------------------------------------------
imgreg_4dfp /opt/freesurfer/average/711-2C_as_mni_average_305 /opt/freesurfer/average/711-2B_as_mni_average_305_mask talsrcimg_g11 none talsrcimg_to_711-2C_as_mni_average_305_t4 2311
---------------------------------------------------------------------

freesurfer imgreg_4dfp.c
/opt/freesurfer/average/711-2C_as_mni_average_305.4dfp.img
       256       256       256         1
  1.000000  1.000000  1.000000
orientation T byte_order littleendian
Reading image: /opt/freesurfer/average/711-2C_as_mni_average_305.4dfp.img
dimensions:      256       256       256
mmppix:       1.0000   -1.0000   -1.0000
center:     128.0000 -129.0000 -129.0000
/opt/freesurfer/average/711-2B_as_mni_average_305_mask.4dfp.img
       256       256       256         1
  1.000000  1.000000  1.000000
orientation T byte_order littleendian
Reading mask: /opt/freesurfer/average/711-2B_as_mni_average_305_mask.4dfp.img (2306576 pixels)
talsrcimg_g11.4dfp.img
       256       256       256         1
  1.000000  1.000000  1.000000
orientation T byte_order littleendian
Reading image: talsrcimg_g11.4dfp.img
dimensions:      256       256       256
mmppix:       1.0000   -1.0000   -1.0000
center:     128.0000 -129.0000 -129.0000
fimgreg.f
image alignment mode   2311 decimal      907 hex
parameters
   -0.2337    3.6507    6.6041   -6.4463  -11.7127   -8.3848
   -0.8692    2.3671    0.0665   10.7275   -4.3538  -17.9964
eta,q 0.98171 14.60812
niter,ni,del,rscale     5    3    5.0000    0.8000
parameters
   -0.2392    3.6525    6.7311   -6.8587  -11.8645   -8.8581
   -0.8798    2.4373    0.0568   10.7000   -4.2732  -18.0809
eta,q 0.98156 14.59080
  0.0204  0.0199  0.0198  0.0201  0.0203  0.0212  0.0201  0.0218  0.0197  0.0204  0.0194  0.0192
  0.0192  0.0190  0.0190  0.0192  0.0192  0.0201  0.0192  0.0199  0.0190  0.0194  0.0188  0.0188
  0.0185  0.0185  0.0185  0.0186  0.0186  0.0191  0.0186  0.0188  0.0186  0.0187  0.0185  0.0185
  0.0183  0.0183  0.0183  0.0183  0.0183  0.0183  0.0184  0.0184  0.0184  0.0184  0.0184  0.0184
  0.0185  0.0185  0.0184  0.0186  0.0185  0.0187  0.0187  0.0188  0.0186  0.0186  0.0186  0.0185
  0.0193  0.0190  0.0188  0.0195  0.0193  0.0203  0.0192  0.0198  0.0190  0.0193  0.0188  0.0188
  0.0204  0.0199  0.0194  0.0211  0.0207  0.0237  0.0201  0.0215  0.0198  0.0206  0.0193  0.0193
niter,ni,del,rscale     4    3    5.0000    0.7000
parameters
   -0.2021    3.6600    6.5192   -6.6136  -11.7503   -8.8912
   -0.8863    2.4425    0.0593   10.7637   -4.2999  -18.0968
eta,q 0.98161 14.59552
  0.0201  0.0196  0.0191  0.0201  0.0201  0.0209  0.0197  0.0210  0.0194  0.0200  0.0191  0.0190
  0.0192  0.0190  0.0187  0.0194  0.0192  0.0200  0.0190  0.0195  0.0189  0.0192  0.0187  0.0187
  0.0187  0.0186  0.0184  0.0188  0.0186  0.0191  0.0185  0.0187  0.0185  0.0186  0.0184  0.0185
  0.0184  0.0184  0.0184  0.0184  0.0184  0.0184  0.0184  0.0184  0.0184  0.0184  0.0184  0.0184
  0.0186  0.0186  0.0187  0.0184  0.0185  0.0185  0.0185  0.0187  0.0185  0.0185  0.0185  0.0185
  0.0191  0.0190  0.0190  0.0189  0.0190  0.0195  0.0190  0.0196  0.0188  0.0190  0.0187  0.0187
  0.0199  0.0196  0.0196  0.0200  0.0200  0.0216  0.0197  0.0210  0.0194  0.0200  0.0191  0.0190
niter,ni,del,rscale     3    3    5.0000    0.6000
parameters
   -0.2142    3.6574    6.4982   -6.5264  -11.7039   -8.7321
   -0.8757    2.4174    0.0576   10.7676   -4.3283  -18.0806
eta,q 0.98165 14.60055
  0.0195  0.0193  0.0191  0.0197  0.0196  0.0205  0.0193  0.0204  0.0191  0.0196  0.0189  0.0188
  0.0189  0.0188  0.0187  0.0191  0.0190  0.0198  0.0188  0.0192  0.0187  0.0189  0.0186  0.0186
  0.0185  0.0185  0.0184  0.0186  0.0185  0.0190  0.0185  0.0185  0.0184  0.0185  0.0184  0.0184
  0.0184  0.0184  0.0184  0.0184  0.0184  0.0184  0.0183  0.0183  0.0183  0.0183  0.0183  0.0183
  0.0185  0.0185  0.0185  0.0184  0.0185  0.0184  0.0185  0.0186  0.0184  0.0184  0.0184  0.0184
  0.0189  0.0188  0.0187  0.0189  0.0189  0.0191  0.0188  0.0193  0.0187  0.0189  0.0186  0.0186
  0.0196  0.0193  0.0191  0.0197  0.0196  0.0205  0.0193  0.0204  0.0191  0.0196  0.0189  0.0188
niter,ni,del,rscale     2    3    5.0000    0.5000
parameters
   -0.2233    3.6547    6.5576   -6.4822  -11.7064   -8.5261
   -0.8682    2.3960    0.0659   10.7483   -4.3513  -18.0442
eta,q 0.98169 14.60507
  0.0192  0.0189  0.0189  0.0193  0.0192  0.0201  0.0190  0.0198  0.0188  0.0192  0.0187  0.0187
  0.0187  0.0186  0.0186  0.0188  0.0187  0.0194  0.0186  0.0189  0.0185  0.0187  0.0185  0.0185
  0.0184  0.0184  0.0184  0.0185  0.0184  0.0188  0.0184  0.0184  0.0184  0.0184  0.0183  0.0184
  0.0183  0.0183  0.0183  0.0183  0.0183  0.0183  0.0183  0.0183  0.0183  0.0183  0.0183  0.0183
  0.0184  0.0184  0.0184  0.0184  0.0184  0.0184  0.0184  0.0185  0.0184  0.0184  0.0184  0.0183
  0.0187  0.0186  0.0185  0.0187  0.0187  0.0189  0.0186  0.0190  0.0185  0.0187  0.0185  0.0185
  0.0192  0.0190  0.0188  0.0193  0.0192  0.0199  0.0190  0.0198  0.0188  0.0192  0.0187  0.0186
niter,ni,del,rscale     1    3    5.0000    0.4000
parameters
   -0.2299    3.6540    6.6421   -6.4609  -11.7338   -8.3448
   -0.8740    2.3735    0.0713   10.7257   -4.3779  -17.9886
eta,q 0.98172 14.60844
  0.0188  0.0187  0.0187  0.0189  0.0188  0.0196  0.0187  0.0192  0.0186  0.0188  0.0186  0.0185
  0.0185  0.0185  0.0185  0.0186  0.0185  0.0190  0.0185  0.0187  0.0184  0.0185  0.0184  0.0184
  0.0184  0.0183  0.0184  0.0184  0.0184  0.0186  0.0183  0.0184  0.0183  0.0183  0.0183  0.0183
  0.0183  0.0183  0.0183  0.0183  0.0183  0.0183  0.0183  0.0183  0.0183  0.0183  0.0183  0.0183
  0.0184  0.0184  0.0183  0.0183  0.0184  0.0184  0.0183  0.0184  0.0183  0.0183  0.0183  0.0183
  0.0186  0.0185  0.0184  0.0186  0.0185  0.0187  0.0185  0.0187  0.0184  0.0185  0.0184  0.0184
  0.0189  0.0187  0.0186  0.0189  0.0189  0.0193  0.0187  0.0192  0.0186  0.0189  0.0186  0.0185
registration optimization eta report
parameter search radius
    0.8000    0.8000    0.8000    2.4000    2.4000    2.4000
    2.4000    2.4000    2.4000    2.4000    2.4000    2.4000
100000*second partial in parameter space
       84.       61.       53.       11.        9.       20.
        8.       17.        6.       10.        5.        4.
  0.0188  0.0187  0.0187  0.0189  0.0188  0.0196  0.0187  0.0192  0.0186  0.0188  0.0186  0.0185
  0.0185  0.0185  0.0185  0.0186  0.0185  0.0190  0.0185  0.0187  0.0184  0.0185  0.0184  0.0184
  0.0184  0.0183  0.0184  0.0184  0.0184  0.0186  0.0183  0.0184  0.0183  0.0183  0.0183  0.0183
  0.0183  0.0183  0.0183  0.0183  0.0183  0.0183  0.0183  0.0183  0.0183  0.0183  0.0183  0.0183
  0.0184  0.0184  0.0183  0.0183  0.0184  0.0184  0.0183  0.0184  0.0183  0.0183  0.0183  0.0183
  0.0186  0.0185  0.0184  0.0186  0.0185  0.0187  0.0185  0.0187  0.0184  0.0185  0.0184  0.0184
  0.0189  0.0187  0.0186  0.0189  0.0189  0.0193  0.0187  0.0192  0.0186  0.0189  0.0186  0.0185
   -0.2299    3.6540    6.6421   -6.4609  -11.7338   -8.3448
   -0.8740    2.3735    0.0713   10.7257   -4.3779  -17.9886
eta,q 0.98172 14.60844

---------------------------------------------------------------------
compute_vox2vox talsrcimg talsrcimg_to_711-2C_as_mni_average_305_t4 /opt/freesurfer/average/711-2C_as_mni_average_305
---------------------------------------------------------------------

freesurfer compute_vox2vox.c
Reading: talsrcimg.4dfp.ifh
Reading: talsrcimg_to_711-2C_as_mni_average_305_t4
Reading: /opt/freesurfer/average/711-2C_as_mni_average_305.4dfp.ifh
Writing: talsrcimg_to_711-2C_as_mni_average_305_t4_vox2vox.txt

start time Thu Mar 12 11:56:51 CET 2026
end		time Thu Mar 12 11:58:21 CET 2026

mpr2mni305 success

avi2talxfm orig_nu.mgz /opt/freesurfer/average/mni305.cor.mgz talsrcimg_to_711-2C_as_mni_average_305_t4_vox2vox.txt transforms/talairach.auto.xfm
avi2talxfm done
mv -f /out/sourcedata/freesurfer/sub-v1s18x0051273_ses-1/mri/talsrcimg_to_711-2C_as_mni_average_305_t4_vox2vox.txt /out/sourcedata/freesurfer/sub-v1s18x0051273_ses-1/mri/transforms/talsrcimg_to_711-2C_as_mni_average_305_t4_vox2vox.txt
lta_convert --src orig_nu.mgz --trg /opt/freesurfer/average/mni305.cor.mgz --inxfm transforms/talairach.auto.xfm --outlta transforms/talairach.auto.xfm.lta --subject fsaverage
7.3.2

--src: orig_nu.mgz src image (geometry).
--trg: /opt/freesurfer/average/mni305.cor.mgz trg image (geometry).
--inmni: transforms/talairach.auto.xfm input MNI/XFM transform.
--outlta: transforms/talairach.auto.xfm.lta output LTA.
--s: fsaverage subject name
 LTA read, type : 1
 1.06775  -0.02822   0.00482   0.45818;
 0.04965   1.06432   0.21740  -12.82522;
-0.00690  -0.12931   1.10652  -10.00829;
 0.00000   0.00000   0.00000   1.00000;
setting subject to fsaverage
Writing  LTA to file transforms/talairach.auto.xfm.lta...
lta_convert successful.
 
 
Started at Thu Mar 12 11:56:50 CET 2026
Ended   at Thu Mar 12 11:58:21 CET 2026
talairach_avi done
