/out/sourcedata/freesurfer/sub-v1s18x0051253_ses-1/mri
/opt/freesurfer/bin/talairach_avi
--i orig_nu.mgz --xfm transforms/talairach.auto.xfm
talairach_avi 7.3.2
Linux dna075 5.14.0-427.37.1.el9_4.x86_64 #1 SMP PREEMPT_DYNAMIC Fri Sep 13 12:41:50 EDT 2024 x86_64 x86_64 x86_64 GNU/Linux
Mon Mar  9 06:07:56 CET 2026
mri_convert orig_nu.mgz talsrcimg.img 
reading from orig_nu.mgz...
TR=0.00, TE=0.00, TI=0.00, flip angle=0.00
i_ras = (-1, 0, 0)
j_ras = (0, 0, -1)
k_ras = (0, 1, 0)
writing to talsrcimg.img...
Analyze Output Matrix
-1.00000   0.00000   0.00000   127.17854;
 0.00000   0.00000   1.00000  -130.42661;
 0.00000  -1.00000   0.00000   136.05327;
 0.00000   0.00000   0.00000   1.00000;
--------------------
INFO: set hdr.hist.orient to -1
mpr2mni305 talsrcimg
Mon Mar  9 06:07:57 CET 2026
/opt/freesurfer/bin/mpr2mni305 talsrcimg
mpr2mni305 7.3.2
target=711-2C_as_mni_average_305

---------------------------------------------------------------------
analyzeto4dfp talsrcimg -O0 -y
---------------------------------------------------------------------

freesurfer ifh2hdr.c
Mon Mar  9 06:07:57 2026
Writing: talsrcimg.4dfp.hdr
freesurfer analyzeto4dfp.c
Reading: talsrcimg.hdr
header size 348 bytes
hdr.dime.datatype	offset=70	value=2
hdr.dime.bitpix		offset=72	value=8
hdr.hist.orient		offset=252	value=-1
dimensionality     4
dimensions       256       256       256         1
Reading: talsrcimg.img
Writing: talsrcimg.4dfp.img
Writing: talsrcimg.4dfp.ifh
ifh2hdr talsrcimg -r0to243
ori=2

---------------------------------------------------------------------
gauss_4dfp talsrcimg 1.1
---------------------------------------------------------------------

freesurfer gauss_4dfp.c
Reading: talsrcimg.4dfp.img
Writing: talsrcimg_g11.4dfp.img
image dimensions 256 256 256 padded to 288 288 288
processing volume 1freesurfer ifh2hdr.c
Mon Mar  9 06:07:58 2026
Writing: talsrcimg_g11.4dfp.hdr

Writing: talsrcimg_g11.4dfp.ifh
including: talsrcimg.4dfp.img.rec in talsrcimg_g11.4dfp.img.rec

---------------------------------------------------------------------
imgreg_4dfp /opt/freesurfer/average/711-2C_as_mni_average_305 none talsrcimg_g11 none talsrcimg_to_711-2C_as_mni_average_305_t4 4355
---------------------------------------------------------------------

freesurfer imgreg_4dfp.c
/opt/freesurfer/average/711-2C_as_mni_average_305.4dfp.img
       256       256       256         1
  1.000000  1.000000  1.000000
orientation T byte_order littleendian
Reading image: /opt/freesurfer/average/711-2C_as_mni_average_305.4dfp.img
dimensions:      256       256       256
mmppix:       1.0000   -1.0000   -1.0000
center:     128.0000 -129.0000 -129.0000
talsrcimg_g11.4dfp.img
       256       256       256         1
  1.000000  1.000000  1.000000
orientation T byte_order littleendian
Reading image: talsrcimg_g11.4dfp.img
dimensions:      256       256       256
mmppix:       1.0000   -1.0000   -1.0000
center:     128.0000 -129.0000 -129.0000
t4_read: open error in t4_sub.f l:  41 t4_file(1:l)talsrcimg_to_711-2C_as_mni_average_305_t4 
t4_read: transform initialized to I4
rotation matrix determinant  1.000000
image alignment mode   4355 decimal     1103 hex
   -7.5000  -45.0000  -45.0000 7849.4214   15.6291
    0.0000  -45.0000  -45.0000 8207.3066   15.6385
    7.5000  -45.0000  -45.0000 7866.7183   15.6489
   -7.5000  -37.5000  -45.0000 8451.3506   15.5261
    0.0000  -37.5000  -45.0000 8845.1045   15.5294
    7.5000  -37.5000  -45.0000 8457.2764   15.5379
   -7.5000  -30.0000  -45.0000 9318.5176   15.4773
    0.0000  -30.0000  -45.0000 9749.5781   15.4709
    7.5000  -30.0000  -45.0000 9313.4209   15.4753
   -7.5000  -22.5000  -45.000010110.4424   15.4757
    0.0000  -22.5000  -45.000010561.1914   15.4660
    7.5000  -22.5000  -45.000010081.0068   15.4677
   -7.5000  -15.0000  -45.000010802.8887   15.5131
    0.0000  -15.0000  -45.000011300.6572   15.5070
    7.5000  -15.0000  -45.000010756.9248   15.5092
   -7.5000   -7.5000  -45.000011453.4414   15.5587
    0.0000   -7.5000  -45.000011996.7061   15.5610
    7.5000   -7.5000  -45.000011397.0303   15.5668
   -7.5000    0.0000  -45.000011989.2500   15.5702
    0.0000    0.0000  -45.000012556.3916   15.5785
    7.5000    0.0000  -45.000011953.8926   15.5879
   -7.5000    7.5000  -45.000011731.0674   15.5261
    0.0000    7.5000  -45.000012284.5303   15.5293
    7.5000    7.5000  -45.000011701.4072   15.5378
   -7.5000   15.0000  -45.000011321.7607   15.4773
    0.0000   15.0000  -45.000011857.9307   15.4709
    7.5000   15.0000  -45.000011281.9395   15.4753
   -7.5000   22.5000  -45.000010533.0332   15.4735
    0.0000   22.5000  -45.000011039.5547   15.4639
    7.5000   22.5000  -45.000010487.2334   15.4656
   -7.5000   30.0000  -45.0000 9690.6182   15.3063
    0.0000   30.0000  -45.000010150.3330   15.3003
    7.5000   30.0000  -45.0000 9633.7588   15.3025
   -7.5000   37.5000  -45.0000 9216.5107   15.3513
    0.0000   37.5000  -45.0000 9656.0518   15.3537
    7.5000   37.5000  -45.0000 9160.5381   15.3594
   -7.5000   45.0000  -45.0000 8433.0254   14.9726
    0.0000   45.0000  -45.0000 8807.4639   14.9806
    7.5000   45.0000  -45.0000 8383.1953   14.9897
   -7.5000  -45.0000  -37.5000 8371.3330   15.4269
    0.0000  -45.0000  -37.5000 8754.7588   15.4383
    7.5000  -45.0000  -37.5000 8392.7559   15.4397
   -7.5000  -37.5000  -37.5000 9007.0801   15.3146
    0.0000  -37.5000  -37.5000 9432.2832   15.3225
    7.5000  -37.5000  -37.5000 9023.8154   15.3255
   -7.5000  -30.0000  -37.5000 9931.2324   15.2575
    0.0000  -30.0000  -37.500010392.8428   15.2566
    7.5000  -30.0000  -37.5000 9917.8252   15.2571
   -7.5000  -22.5000  -37.500010738.6855   15.2575
    0.0000  -22.5000  -37.500011245.9834   15.2512
    7.5000  -22.5000  -37.500010700.3330   15.2470
   -7.5000  -15.0000  -37.500011436.4248   15.3042
    0.0000  -15.0000  -37.500012021.1729   15.2992
    7.5000  -15.0000  -37.500011382.3613   15.2924
   -7.5000   -7.5000  -37.500012081.1797   15.3579
    0.0000   -7.5000  -37.500012673.0430   15.3607
    7.5000   -7.5000  -37.500012040.2559   15.3559
   -7.5000    0.0000  -37.500012645.6299   15.3682
    0.0000    0.0000  -37.500013244.6338   15.3786
    7.5000    0.0000  -37.500012608.5205   15.3791
   -7.5000    7.5000  -37.500012397.8281   15.3145
    0.0000    7.5000  -37.500013001.4854   15.3225
    7.5000    7.5000  -37.500012346.2246   15.3255
   -7.5000   15.0000  -37.500011950.3799   15.2575
    0.0000   15.0000  -37.500012529.6367   15.2566
    7.5000   15.0000  -37.500011882.0996   15.2571
   -7.5000   22.5000  -37.500011123.7051   15.2554
    0.0000   22.5000  -37.500011655.4795   15.2491
    7.5000   22.5000  -37.500011049.5039   15.2449
   -7.5000   30.0000  -37.500010208.4902   15.1003
    0.0000   30.0000  -37.500010702.5342   15.0953
    7.5000   30.0000  -37.500010134.4619   15.0886
   -7.5000   37.5000  -37.5000 9679.5879   15.1532
    0.0000   37.5000  -37.500010174.6582   15.1560
    7.5000   37.5000  -37.5000 9623.2139   15.1512
   -7.5000   45.0000  -37.5000 8811.9062   14.7784
    0.0000   45.0000  -37.5000 9251.2744   14.7883
    7.5000   45.0000  -37.5000 8769.0938   14.7888
   -7.5000  -45.0000  -30.0000 9090.8633   16.0061
    0.0000  -45.0000  -30.0000 9536.6445   16.0188
    7.5000  -45.0000  -30.0000 9109.8721   16.0081
   -7.5000  -37.5000  -30.0000 9767.7471   15.8868
    0.0000  -37.5000  -30.000010231.3936   15.9002
    7.5000  -37.5000  -30.0000 9760.0625   15.8940
   -7.5000  -30.0000  -30.000010738.9365   15.8242
    0.0000  -30.0000  -30.000011254.4795   15.8328
    7.5000  -30.0000  -30.000010716.2979   15.8254
   -7.5000  -22.5000  -30.000011607.0225   15.8229
    0.0000  -22.5000  -30.000012147.7881   15.8253
    7.5000  -22.5000  -30.000011547.7852   15.8116
   -7.5000  -15.0000  -30.000012359.3711   15.8731
    0.0000  -15.0000  -30.000012995.3760   15.8729
    7.5000  -15.0000  -30.000012294.5918   15.8537
   -7.5000   -7.5000  -30.000013061.7529   15.9326
    0.0000   -7.5000  -30.000013695.7979   15.9369
    7.5000   -7.5000  -30.000012984.1748   15.9185
   -7.5000    0.0000  -30.000013644.1699   15.9451
    0.0000    0.0000  -30.000014311.1426   15.9567
    7.5000    0.0000  -30.000013574.6738   15.9450
   -7.5000    7.5000  -30.000013362.8564   15.8867
    0.0000    7.5000  -30.000014029.4326   15.9001
    7.5000    7.5000  -30.000013272.9639   15.8939
   -7.5000   15.0000  -30.000012842.9961   15.8242
    0.0000   15.0000  -30.000013487.8438   15.8328
    7.5000   15.0000  -30.000012734.8730   15.8254
   -7.5000   22.5000  -30.000011928.8379   15.8191
    0.0000   22.5000  -30.000012548.0801   15.8215
    7.5000   22.5000  -30.000011837.4287   15.8078
   -7.5000   30.0000  -30.000010919.6943   15.6630
    0.0000   30.0000  -30.000011465.4365   15.6629
    7.5000   30.0000  -30.000010845.4561   15.6439
   -7.5000   37.5000  -30.000010343.1240   15.7218
    0.0000   37.5000  -30.000010877.7217   15.7260
    7.5000   37.5000  -30.000010292.1846   15.7079
   -7.5000   45.0000  -30.0000 9415.2559   15.3444
    0.0000   45.0000  -30.0000 9884.4023   15.3556
    7.5000   45.0000  -30.0000 9354.4639   15.3443
   -7.5000  -45.0000  -22.5000 9828.8486   16.5721
    0.0000  -45.0000  -22.500010311.5947   16.5832
    7.5000  -45.0000  -22.5000 9818.0176   16.5697
   -7.5000  -37.5000  -22.500010548.6465   16.4575
    0.0000  -37.5000  -22.500011056.9375   16.4706
    7.5000  -37.5000  -22.500010519.1846   16.4608
   -7.5000  -30.0000  -22.500011593.4082   16.3995
    0.0000  -30.0000  -22.500012144.1562   16.4117
    7.5000  -30.0000  -22.500011528.7842   16.4007
   -7.5000  -22.5000  -22.500012500.0928   16.3947
    0.0000  -22.5000  -22.500013086.6670   16.4029
    7.5000  -22.5000  -22.500012422.1084   16.3860
   -7.5000  -15.0000  -22.500013317.7734   16.4367
    0.0000  -15.0000  -22.500013990.9375   16.4411
    7.5000  -15.0000  -22.500013224.1055   16.4190
   -7.5000   -7.5000  -22.500014090.3691   16.4928
    0.0000   -7.5000  -22.500014789.5312   16.4981
    7.5000   -7.5000  -22.500013981.1660   16.4772
   -7.5000    0.0000  -22.500014709.3076   16.5088
    0.0000    0.0000  -22.500015453.3848   16.5189
    7.5000    0.0000  -22.500014599.9385   16.5044
   -7.5000    7.5000  -22.500014356.3975   16.4574
    0.0000    7.5000  -22.500015084.1846   16.4705
    7.5000    7.5000  -22.500014243.7549   16.4607
   -7.5000   15.0000  -22.500013720.5723   16.3995
    0.0000   15.0000  -22.500014424.9150   16.4117
    7.5000   15.0000  -22.500013586.4111   16.4007
   -7.5000   22.5000  -22.500012750.0146   16.3897
    0.0000   22.5000  -22.500013406.0254   16.3979
    7.5000   22.5000  -22.500012641.9561   16.3810
   -7.5000   30.0000  -22.500011678.5645   16.2217
    0.0000   30.0000  -22.500012266.9727   16.2260
    7.5000   30.0000  -22.500011616.0371   16.2043
   -7.5000   37.5000  -22.500011060.2441   16.2771
    0.0000   37.5000  -22.500011617.7773   16.2823
    7.5000   37.5000  -22.500011009.3828   16.2617
   -7.5000   45.0000  -22.500010028.0117   15.8988
    0.0000   45.0000  -22.500010534.9209   15.9085
    7.5000   45.0000  -22.5000 9976.4688   15.8945
   -7.5000  -45.0000  -15.000010556.5381   16.9707
    0.0000  -45.0000  -15.000011074.1377   16.9797
    7.5000  -45.0000  -15.000010551.2734   16.9742
   -7.5000  -37.5000  -15.000011313.4102   16.8657
    0.0000  -37.5000  -15.000011864.4463   16.8740
    7.5000  -37.5000  -15.000011271.2832   16.8686
   -7.5000  -30.0000  -15.000012413.9111   16.8173
    0.0000  -30.0000  -15.000013006.7236   16.8243
    7.5000  -30.0000  -15.000012339.0537   16.8159
   -7.5000  -22.5000  -15.000013372.6904   16.8102
    0.0000  -22.5000  -15.000014003.2305   16.8162
    7.5000  -22.5000  -15.000013279.9238   16.8037
   -7.5000  -15.0000  -15.000014227.0898   16.8412
    0.0000  -15.0000  -15.000014913.7812   16.8457
    7.5000  -15.0000  -15.000014123.7617   16.8314
   -7.5000   -7.5000  -15.000015063.7168   16.8886
    0.0000   -7.5000  -15.000015793.8740   16.8937
    7.5000   -7.5000  -15.000014945.8115   16.8824
   -7.5000    0.0000  -15.000015764.4248   16.9060
    0.0000    0.0000  -15.000016560.9844   16.9138
    7.5000    0.0000  -15.000015614.6172   16.9074
   -7.5000    7.5000  -15.000015396.6484   16.8656
    0.0000    7.5000  -15.000016187.6582   16.8739
    7.5000    7.5000  -15.000015218.4463   16.8685
   -7.5000   15.0000  -15.000014637.7158   16.8173
    0.0000   15.0000  -15.000015393.4170   16.8243
    7.5000   15.0000  -15.000014458.9121   16.8159
   -7.5000   22.5000  -15.000013597.5195   16.8043
    0.0000   22.5000  -15.000014278.1523   16.8102
    7.5000   22.5000  -15.000013441.3232   16.7977
   -7.5000   30.0000  -15.000012468.7783   16.6232
    0.0000   30.0000  -15.000013087.3730   16.6276
    7.5000   30.0000  -15.000012390.3389   16.6136
   -7.5000   37.5000  -15.000011798.4932   16.6700
    0.0000   37.5000  -15.000012410.3125   16.6751
    7.5000   37.5000  -15.000011744.0068   16.6639
   -7.5000   45.0000  -15.000010665.6484   16.2911
    0.0000   45.0000  -15.000011201.9531   16.2987
    7.5000   45.0000  -15.000010608.1230   16.2925
   -7.5000  -45.0000   -7.500011308.0977   17.1555
    0.0000  -45.0000   -7.500011856.7256   17.1638
    7.5000  -45.0000   -7.500011306.0264   17.1697
   -7.5000  -37.5000   -7.500012103.8691   17.0527
    0.0000  -37.5000   -7.500012682.1836   17.0565
    7.5000  -37.5000   -7.500012059.9141   17.0596
   -7.5000  -30.0000   -7.500013300.5986   17.0064
    0.0000  -30.0000   -7.500013931.2314   17.0042
    7.5000  -30.0000   -7.500013222.1553   17.0030
   -7.5000  -22.5000   -7.500014336.7949   16.9995
    0.0000  -22.5000   -7.500014997.7451   16.9959
    7.5000  -22.5000   -7.500014226.9111   16.9921
   -7.5000  -15.0000   -7.500015199.5420   17.0290
    0.0000  -15.0000   -7.500015920.1348   17.0273
    7.5000  -15.0000   -7.500015113.9287   17.0243
   -7.5000   -7.5000   -7.500016041.5859   17.0732
    0.0000   -7.5000   -7.500016854.5918   17.0765
    7.5000   -7.5000   -7.500015941.6270   17.0776
   -7.5000    0.0000   -7.500016825.1855   17.0902
    0.0000    0.0000   -7.500017726.2793   17.0974
    7.5000    0.0000   -7.500016683.1289   17.1022
   -7.5000    7.5000   -7.500016424.7676   17.0526
    0.0000    7.5000   -7.500017277.5078   17.0564
    7.5000    7.5000   -7.500016255.3662   17.0596
   -7.5000   15.0000   -7.500015588.2617   17.0064
    0.0000   15.0000   -7.500016371.4238   17.0042
    7.5000   15.0000   -7.500015390.8604   17.0030
   -7.5000   22.5000   -7.500014490.1309   16.9917
    0.0000   22.5000   -7.500015204.2852   16.9881
    7.5000   22.5000   -7.500014331.9092   16.9842
   -7.5000   30.0000   -7.500013277.4443   16.8081
    0.0000   30.0000   -7.500013953.3828   16.8065
    7.5000   30.0000   -7.500013171.5127   16.8035
   -7.5000   37.5000   -7.500012568.7266   16.8518
    0.0000   37.5000   -7.500013244.2148   16.8551
    7.5000   37.5000   -7.500012500.3281   16.8561
   -7.5000   45.0000   -7.500011357.3447   16.4717
    0.0000   45.0000   -7.500011926.5645   16.4787
    7.5000   45.0000   -7.500011284.7637   16.4833
   -7.5000  -45.0000    0.000011984.5439   17.1765
    0.0000  -45.0000    0.000012564.2734   17.1860
    7.5000  -45.0000    0.000011974.0957   17.1959
   -7.5000  -37.5000    0.000012804.0723   17.0658
    0.0000  -37.5000    0.000013409.8555   17.0692
    7.5000  -37.5000    0.000012752.2061   17.0771
   -7.5000  -30.0000    0.000014095.4795   17.0132
    0.0000  -30.0000    0.000014736.9395   17.0063
    7.5000  -30.0000    0.000014003.8359   17.0100
   -7.5000  -22.5000    0.000015230.1465   17.0093
    0.0000  -22.5000    0.000015931.4824   16.9988
    7.5000  -22.5000    0.000015111.3447   16.9996
   -7.5000  -15.0000    0.000016122.6982   17.0475
    0.0000  -15.0000    0.000016891.8652   17.0406
    7.5000  -15.0000    0.000016026.8701   17.0418
   -7.5000   -7.5000    0.000016988.4551   17.0967
    0.0000   -7.5000    0.000017868.8848   17.0986
    7.5000   -7.5000    0.000016884.6562   17.1036
   -7.5000    0.0000    0.000017765.2578   17.1111
    0.0000    0.0000    0.000018751.1934   17.1196
    7.5000    0.0000    0.000017670.6660   17.1284
   -7.5000    7.5000    0.000017308.0391   17.0657
    0.0000    7.5000    0.000018239.0918   17.0691
    7.5000    7.5000    0.000017194.5391   17.0770
   -7.5000   15.0000    0.000016341.4609   17.0132
    0.0000   15.0000    0.000017195.8555   17.0063
    7.5000   15.0000    0.000016202.1094   17.0100
   -7.5000   22.5000    0.000015197.6484   17.0015
    0.0000   22.5000    0.000015969.5947   16.9910
    7.5000   22.5000    0.000015062.8652   16.9918
   -7.5000   30.0000    0.000013965.4131   16.8269
    0.0000   30.0000    0.000014694.8232   16.8200
    7.5000   30.0000    0.000013861.6650   16.8213
   -7.5000   37.5000    0.000013279.7598   16.8754
    0.0000   37.5000    0.000013971.4785   16.8773
    7.5000   37.5000    0.000013175.9180   16.8822
   -7.5000   45.0000    0.000012022.2891   16.4931
    0.0000   45.0000    0.000012622.5771   16.5013
    7.5000   45.0000    0.000011919.6982   16.5098
   -7.5000  -45.0000    7.500011749.5879   17.1746
    0.0000  -45.0000    7.500012284.2861   17.1871
    7.5000  -45.0000    7.500011756.8291   17.1881
   -7.5000  -37.5000    7.500012521.1074   17.0514
    0.0000  -37.5000    7.500013062.0693   17.0601
    7.5000  -37.5000    7.500012492.5947   17.0628
   -7.5000  -30.0000    7.500013824.5088   16.9890
    0.0000  -30.0000    7.500014405.5859   16.9881
    7.5000  -30.0000    7.500013738.3086   16.9880
   -7.5000  -22.5000    7.500015068.0596   16.9884
    0.0000  -22.5000    7.500015804.6064   16.9815
    7.5000  -22.5000    7.500014936.6748   16.9764
   -7.5000  -15.0000    7.500015954.3887   17.0387
    0.0000  -15.0000    7.500016751.5332   17.0333
    7.5000  -15.0000    7.500015865.6475   17.0253
   -7.5000   -7.5000    7.500016724.7227   17.0973
    0.0000   -7.5000    7.500017585.1055   17.1003
    7.5000   -7.5000    7.500016680.1328   17.0945
   -7.5000    0.0000    7.500017459.9453   17.1093
    0.0000    0.0000    7.500018381.7363   17.1206
    7.5000    0.0000    7.500017428.0098   17.1205
   -7.5000    7.5000    7.500016969.6309   17.0513
    0.0000    7.5000    7.500017819.8516   17.0600
    7.5000    7.5000    7.500016943.6973   17.0627
   -7.5000   15.0000    7.500015965.8242   16.9890
    0.0000   15.0000    7.500016744.4395   16.9881
    7.5000   15.0000    7.500015889.6455   16.9880
   -7.5000   22.5000    7.500014851.6709   16.9806
    0.0000   22.5000    7.500015557.9883   16.9737
    7.5000   22.5000    7.500014746.4922   16.9686
   -7.5000   30.0000    7.500013704.7773   16.8182
    0.0000   30.0000    7.500014380.1475   16.8128
    7.5000   30.0000    7.500013590.9287   16.8049
   -7.5000   37.5000    7.500013044.9092   16.8760
    0.0000   37.5000    7.500013721.8916   16.8790
    7.5000   37.5000    7.500012936.5586   16.8732
   -7.5000   45.0000    7.500011829.3047   16.4914
    0.0000   45.0000    7.500012427.4600   16.5023
    7.5000   45.0000    7.500011716.9873   16.5022
   -7.5000  -45.0000   15.000011297.1650   17.1879
    0.0000  -45.0000   15.000011834.7227   17.2016
    7.5000  -45.0000   15.000011317.3691   17.1900
   -7.5000  -37.5000   15.000012006.0244   17.0598
    0.0000  -37.5000   15.000012526.1631   17.0742
    7.5000  -37.5000   15.000011997.6416   17.0675
   -7.5000  -30.0000   15.000013249.5508   16.9926
    0.0000  -30.0000   15.000013811.0137   17.0018
    7.5000  -30.0000   15.000013193.8857   16.9939
   -7.5000  -22.5000   15.000014474.5693   16.9912
    0.0000  -22.5000   15.000015166.1172   16.9938
    7.5000  -22.5000   15.000014386.4854   16.9791
   -7.5000  -15.0000   15.000015441.0332   17.0450
    0.0000  -15.0000   15.000016039.1865   17.0449
    7.5000  -15.0000   15.000015385.3262   17.0243
   -7.5000   -7.5000   15.000016256.8008   17.1090
    0.0000   -7.5000   15.000016890.8125   17.1136
    7.5000   -7.5000   15.000016240.1660   17.0939
   -7.5000    0.0000   15.000017004.0645   17.1224
    0.0000    0.0000   15.000017739.5293   17.1349
    7.5000    0.0000   15.000016976.1582   17.1223
   -7.5000    7.5000   15.000016511.0273   17.0597
    0.0000    7.5000   15.000017249.3398   17.0741
    7.5000    7.5000   15.000016466.1172   17.0674
   -7.5000   15.0000   15.000015464.7178   16.9926
    0.0000   15.0000   15.000016201.0605   17.0018
    7.5000   15.0000   15.000015373.3174   16.9939
   -7.5000   22.5000   15.000014319.7812   16.9833
    0.0000   22.5000   15.000015038.9736   16.9859
    7.5000   22.5000   15.000014198.4023   16.9713
   -7.5000   30.0000   15.000013241.8398   16.8245
    0.0000   30.0000   15.000013941.0771   16.8243
    7.5000   30.0000   15.000013116.8604   16.8039
   -7.5000   37.5000   15.000012614.6885   16.8876
    0.0000   37.5000   15.000013294.8906   16.8922
    7.5000   37.5000   15.000012493.0742   16.8727
   -7.5000   45.0000   15.000011409.7549   16.5040
    0.0000   45.0000   15.000012001.8994   16.5161
    7.5000   45.0000   15.000011280.9199   16.5040
   -7.5000  -45.0000   22.500010784.9600   17.2037
    0.0000  -45.0000   22.500011242.2920   17.2152
    7.5000  -45.0000   22.500010823.5117   17.2011
   -7.5000  -37.5000   22.500011464.0713   17.0847
    0.0000  -37.5000   22.500011914.6465   17.0983
    7.5000  -37.5000   22.500011472.9492   17.0881
   -7.5000  -30.0000   22.500012605.0527   17.0245
    0.0000  -30.0000   22.500013105.1582   17.0372
    7.5000  -30.0000   22.500012595.6650   17.0257
   -7.5000  -22.5000   22.500013702.1025   17.0195
    0.0000  -22.5000   22.500014296.1475   17.0281
    7.5000  -22.5000   22.500013657.4092   17.0105
   -7.5000  -15.0000   22.500014693.8730   17.0631
    0.0000  -15.0000   22.500015325.5547   17.0677
    7.5000  -15.0000   22.500014609.3594   17.0448
   -7.5000   -7.5000   22.500015654.5029   17.1214
    0.0000   -7.5000   22.500016390.0859   17.1269
    7.5000   -7.5000   22.500015549.8975   17.1051
   -7.5000    0.0000   22.500016418.1465   17.1380
    0.0000    0.0000   22.500017242.0938   17.1484
    7.5000    0.0000   22.500016294.3496   17.1333
   -7.5000    7.5000   22.500015873.3945   17.0847
    0.0000    7.5000   22.500016622.6406   17.0982
    7.5000    7.5000   22.500015760.5986   17.0880
   -7.5000   15.0000   22.500014778.9229   17.0245
    0.0000   15.0000   22.500015468.9102   17.0372
    7.5000   15.0000   22.500014679.0703   17.0257
   -7.5000   22.5000   22.500013645.5156   17.0117
    0.0000   22.5000   22.500014259.9219   17.0202
    7.5000   22.5000   22.500013550.2402   17.0026
   -7.5000   30.0000   22.500012652.6592   16.8423
    0.0000   30.0000   22.500013208.7783   16.8468
    7.5000   30.0000   22.500012542.6895   16.8242
   -7.5000   37.5000   22.500012038.8535   16.8998
    0.0000   37.5000   22.500012597.3623   16.9052
    7.5000   37.5000   22.500011939.3301   16.8838
   -7.5000   45.0000   22.500010876.3105   16.5191
    0.0000   45.0000   22.500011391.0889   16.5291
    7.5000   45.0000   22.500010771.1104   16.5146
   -7.5000  -45.0000   30.000010120.3398   17.3319
    0.0000  -45.0000   30.000010612.9121   17.3397
    7.5000  -45.0000   30.000010116.5049   17.3332
   -7.5000  -37.5000   30.000010803.4551   17.2237
    0.0000  -37.5000   30.000011337.6055   17.2308
    7.5000  -37.5000   30.000010771.3994   17.2244
   -7.5000  -30.0000   30.000011887.7490   17.1742
    0.0000  -30.0000   30.000012468.4170   17.1801
    7.5000  -30.0000   30.000011837.3027   17.1706
   -7.5000  -22.5000   30.000012906.2725   17.1673
    0.0000  -22.5000   30.000013471.0967   17.1723
    7.5000  -22.5000   30.000012807.1123   17.1585
   -7.5000  -15.0000   30.000013755.5264   17.1993
    0.0000  -15.0000   30.000014310.3682   17.2027
    7.5000  -15.0000   30.000013651.7061   17.1871
   -7.5000   -7.5000   30.000014583.4854   17.2477
    0.0000   -7.5000   30.000015196.0322   17.2518
    7.5000   -7.5000   30.000014480.7480   17.2392
   -7.5000    0.0000   30.000015324.8799   17.2652
    0.0000    0.0000   30.000016033.8379   17.2719
    7.5000    0.0000   30.000015229.8750   17.2644
   -7.5000    7.5000   30.000014876.7295   17.2236
    0.0000    7.5000   30.000015574.1006   17.2308
    7.5000    7.5000   30.000014801.8164   17.2243
   -7.5000   15.0000   30.000013878.6611   17.1742
    0.0000   15.0000   30.000014561.6172   17.1801
    7.5000   15.0000   30.000013815.7803   17.1706
   -7.5000   22.5000   30.000012833.2822   17.1594
    0.0000   22.5000   30.000013486.7500   17.1644
    7.5000   22.5000   30.000012761.3828   17.1506
   -7.5000   30.0000   30.000011871.7578   16.9767
    0.0000   30.0000   30.000012471.4189   16.9801
    7.5000   30.0000   30.000011797.3438   16.9647
   -7.5000   37.5000   30.000011250.1523   17.0245
    0.0000   37.5000   30.000011811.4873   17.0285
    7.5000   37.5000   30.000011187.0225   17.0161
   -7.5000   45.0000   30.000010170.9609   16.6417
    0.0000   45.0000   30.000010662.7881   16.6482
    7.5000   45.0000   30.000010102.9932   16.6409
   -7.5000  -45.0000   37.5000 9772.4834   17.4533
    0.0000  -45.0000   37.500010270.6436   17.4589
    7.5000  -45.0000   37.5000 9755.0156   17.4634
   -7.5000  -37.5000   37.500010424.1758   17.3469
    0.0000  -37.5000   37.500010918.3301   17.3479
    7.5000  -37.5000   37.500010386.0273   17.3495
   -7.5000  -30.0000   37.500011457.7783   17.2997
    0.0000  -30.0000   37.500011972.0020   17.2945
    7.5000  -30.0000   37.500011400.7324   17.2915
   -7.5000  -22.5000   37.500012382.9658   17.2932
    0.0000  -22.5000   37.500012883.7764   17.2866
    7.5000  -22.5000   37.500012310.3301   17.2811
   -7.5000  -15.0000   37.500013167.6406   17.3238
    0.0000  -15.0000   37.500013674.6631   17.3193
    7.5000  -15.0000   37.500013112.7988   17.3145
   -7.5000   -7.5000   37.500013943.8799   17.3689
    0.0000   -7.5000   37.500014490.5537   17.3695
    7.5000   -7.5000   37.500013910.8896   17.3690
   -7.5000    0.0000   37.500014661.6533   17.3858
    0.0000    0.0000   37.500015281.8379   17.3903
    7.5000    0.0000   37.500014622.8330   17.3937
   -7.5000    7.5000   37.500014296.6768   17.3469
    0.0000    7.5000   37.500014904.2061   17.3478
    7.5000    7.5000   37.500014263.6064   17.3494
   -7.5000   15.0000   37.500013385.1787   17.2997
    0.0000   15.0000   37.500013947.6250   17.2945
    7.5000   15.0000   37.500013348.4600   17.2915
   -7.5000   22.5000   37.500012424.6680   17.2852
    0.0000   22.5000   37.500012973.1221   17.2787
    7.5000   22.5000   37.500012384.1250   17.2731
   -7.5000   30.0000   37.500011501.9531   17.0996
    0.0000   30.0000   37.500012026.1123   17.0951
    7.5000   30.0000   37.500011451.2100   17.0905
   -7.5000   37.5000   37.500010864.6270   17.1441
    0.0000   37.5000   37.500011375.1338   17.1447
    7.5000   37.5000   37.500010816.9932   17.1442
   -7.5000   45.0000   37.5000 9788.7871   16.7579
    0.0000   45.0000   37.500010260.0693   16.7623
    7.5000   45.0000   37.5000 9748.7207   16.7655
   -7.5000  -45.0000   45.0000 8983.6943   17.6449
    0.0000  -45.0000   45.0000 9461.0029   17.6510
    7.5000  -45.0000   45.0000 9007.3828   17.6598
   -7.5000  -37.5000   45.0000 9559.5654   17.5276
    0.0000  -37.5000   45.000010051.9492   17.5272
    7.5000  -37.5000   45.0000 9576.9883   17.5339
   -7.5000  -30.0000   45.000010483.0195   17.4735
    0.0000  -30.0000   45.000010993.9248   17.4622
    7.5000  -30.0000   45.000010492.2432   17.4643
   -7.5000  -22.5000   45.000011334.5928   17.4711
    0.0000  -22.5000   45.000011823.3105   17.4558
    7.5000  -22.5000   45.000011321.8203   17.4548
   -7.5000  -15.0000   45.000012052.2070   17.5116
    0.0000  -15.0000   45.000012556.9258   17.5001
    7.5000  -15.0000   45.000012052.9365   17.4995
   -7.5000   -7.5000   45.000012766.7715   17.5620
    0.0000   -7.5000   45.000013301.3096   17.5599
    7.5000   -7.5000   45.000012772.8457   17.5633
   -7.5000    0.0000   45.000013396.1426   17.5756
    0.0000    0.0000   45.000013993.1582   17.5806
    7.5000    0.0000   45.000013405.4004   17.5882
   -7.5000    7.5000   45.000013109.7344   17.5275
    0.0000    7.5000   45.000013675.3770   17.5271
    7.5000    7.5000   45.000013097.0830   17.5338
   -7.5000   15.0000   45.000012285.0420   17.4735
    0.0000   15.0000   45.000012830.1484   17.4622
    7.5000   15.0000   45.000012267.3213   17.4643
   -7.5000   22.5000   45.000011407.5635   17.4630
    0.0000   22.5000   45.000011936.0293   17.4478
    7.5000   22.5000   45.000011404.8057   17.4467
   -7.5000   30.0000   45.000010580.7646   17.2834
    0.0000   30.0000   45.000011078.7793   17.2721
    7.5000   30.0000   45.000010548.0859   17.2715
   -7.5000   37.5000   45.000010009.6572   17.3332
    0.0000   37.5000   45.000010496.7422   17.3311
    7.5000   37.5000   45.0000 9974.0918   17.3345
   -7.5000   45.0000   45.0000 9038.6025   16.9485
    0.0000   45.0000   45.0000 9469.1230   16.9533
    7.5000   45.0000   45.0000 8995.6182   16.9607

---------------------------------------------------------------------
imgreg_4dfp /opt/freesurfer/average/711-2C_as_mni_average_305 /opt/freesurfer/average/711-2B_as_mni_average_305_mask talsrcimg_g11 none talsrcimg_to_711-2C_as_mni_average_305_t4 4355
---------------------------------------------------------------------

freesurfer imgreg_4dfp.c
/opt/freesurfer/average/711-2C_as_mni_average_305.4dfp.img
       256       256       256         1
  1.000000  1.000000  1.000000
orientation T byte_order littleendian
Reading image: /opt/freesurfer/average/711-2C_as_mni_average_305.4dfp.img
dimensions:      256       256       256
mmppix:       1.0000   -1.0000   -1.0000
center:     128.0000 -129.0000 -129.0000
/opt/freesurfer/average/711-2B_as_mni_average_305_mask.4dfp.img
       256       256       256         1
  1.000000  1.000000  1.000000
orientation T byte_order littleendian
Reading mask: /opt/freesurfer/average/711-2B_as_mni_average_305_mask.4dfp.img (2306576 pixels)
talsrcimg_g11.4dfp.img
       256       256       256         1
  1.000000  1.000000  1.000000
orientation T byte_order littleendian
Reading image: talsrcimg_g11.4dfp.img
dimensions:      256       256       256
mmppix:       1.0000   -1.0000   -1.0000
center:     128.0000 -129.0000 -129.0000
rotation matrix determinant  1.000000
image alignment mode   4355 decimal     1103 hex
   -7.5000  -45.0000  -45.0000 2084.4690   20.1965
    0.0000  -45.0000  -45.0000 2102.5840   20.0490
    7.5000  -45.0000  -45.0000 2091.9590   20.0581
   -7.5000  -37.5000  -45.0000 2176.8528   18.6273
    0.0000  -37.5000  -45.0000 2193.6135   18.5193
    7.5000  -37.5000  -45.0000 2182.7139   18.5081
   -7.5000  -30.0000  -45.0000 2237.0532   17.3831
    0.0000  -30.0000  -45.0000 2251.2756   17.2800
    7.5000  -30.0000  -45.0000 2237.0837   17.2761
   -7.5000  -22.5000  -45.0000 2274.6938   16.5711
    0.0000  -22.5000  -45.0000 2284.0752   16.4545
    7.5000  -22.5000  -45.0000 2274.1882   16.4723
   -7.5000  -15.0000  -45.0000 2290.7432   16.1291
    0.0000  -15.0000  -45.0000 2301.2473   15.9850
    7.5000  -15.0000  -45.0000 2291.5269   16.0741
   -7.5000   -7.5000  -45.0000 2296.3857   16.0030
    0.0000   -7.5000  -45.0000 2310.6387   15.8988
    7.5000   -7.5000  -45.0000 2294.4854   15.9707
   -7.5000    0.0000  -45.0000 2284.7031   16.1324
    0.0000    0.0000  -45.0000 2300.9402   16.0355
    7.5000    0.0000  -45.0000 2280.5571   16.1495
   -7.5000    7.5000  -45.0000 2256.8330   16.5546
    0.0000    7.5000  -45.0000 2269.6782   16.4341
    7.5000    7.5000  -45.0000 2252.0554   16.5510
   -7.5000   15.0000  -45.0000 2214.4751   17.2868
    0.0000   15.0000  -45.0000 2230.2229   17.1420
    7.5000   15.0000  -45.0000 2214.7087   17.2699
   -7.5000   22.5000  -45.0000 2164.7627   18.4567
    0.0000   22.5000  -45.0000 2177.3926   18.2703
    7.5000   22.5000  -45.0000 2159.1316   18.4417
   -7.5000   30.0000  -45.0000 2091.6663   19.9839
    0.0000   30.0000  -45.0000 2102.2539   19.8215
    7.5000   30.0000  -45.0000 2078.8230   20.0168
   -7.5000   37.5000  -45.0000 1992.7706   21.9883
    0.0000   37.5000  -45.0000 2003.3088   21.8131
    7.5000   37.5000  -45.0000 1984.5651   22.0427
   -7.5000   45.0000  -45.0000 1892.8911   24.6409
    0.0000   45.0000  -45.0000 1896.2096   24.4447
    7.5000   45.0000  -45.0000 1888.7588   24.6804
   -7.5000  -45.0000  -37.5000 2177.4788   18.7139
    0.0000  -45.0000  -37.5000 2187.5146   18.5571
    7.5000  -45.0000  -37.5000 2184.0977   18.5713
   -7.5000  -37.5000  -37.5000 2274.4321   17.1859
    0.0000  -37.5000  -37.5000 2287.9998   17.0946
    7.5000  -37.5000  -37.5000 2280.4900   17.0936
   -7.5000  -30.0000  -37.5000 2335.2549   16.0262
    0.0000  -30.0000  -37.5000 2349.3733   15.9434
    7.5000  -30.0000  -37.5000 2338.1555   15.9326
   -7.5000  -22.5000  -37.5000 2371.1262   15.2735
    0.0000  -22.5000  -37.5000 2383.8259   15.1894
    7.5000  -22.5000  -37.5000 2372.2947   15.1407
   -7.5000  -15.0000  -37.5000 2386.6841   14.8507
    0.0000  -15.0000  -37.5000 2405.3623   14.7686
    7.5000  -15.0000  -37.5000 2385.9167   14.7654
   -7.5000   -7.5000  -37.5000 2386.7905   14.7502
    0.0000   -7.5000  -37.5000 2406.6289   14.6775
    7.5000   -7.5000  -37.5000 2388.2764   14.6946
   -7.5000    0.0000  -37.5000 2378.2612   14.8319
    0.0000    0.0000  -37.5000 2393.8958   14.7696
    7.5000    0.0000  -37.5000 2379.9856   14.8271
   -7.5000    7.5000  -37.5000 2361.5476   15.2059
    0.0000    7.5000  -37.5000 2376.3789   15.1430
    7.5000    7.5000  -37.5000 2354.3999   15.2262
   -7.5000   15.0000  -37.5000 2324.7778   15.8798
    0.0000   15.0000  -37.5000 2339.1260   15.8097
    7.5000   15.0000  -37.5000 2319.0786   15.8918
   -7.5000   22.5000  -37.5000 2267.0759   16.9642
    0.0000   22.5000  -37.5000 2278.4194   16.8228
    7.5000   22.5000  -37.5000 2259.2810   16.9339
   -7.5000   30.0000  -37.5000 2188.2087   18.3815
    0.0000   30.0000  -37.5000 2194.9399   18.2289
    7.5000   30.0000  -37.5000 2177.7112   18.3801
   -7.5000   37.5000  -37.5000 2083.4685   20.2783
    0.0000   37.5000  -37.5000 2097.7402   20.1143
    7.5000   37.5000  -37.5000 2076.1052   20.2573
   -7.5000   45.0000  -37.5000 1972.7150   22.7031
    0.0000   45.0000  -37.5000 1977.9150   22.5660
    7.5000   45.0000  -37.5000 1967.9749   22.7437
   -7.5000  -45.0000  -30.0000 2300.0947   18.0039
    0.0000  -45.0000  -30.0000 2318.2422   17.9238
    7.5000  -45.0000  -30.0000 2312.9333   17.9044
   -7.5000  -37.5000  -30.0000 2401.7043   16.4596
    0.0000  -37.5000  -30.0000 2419.0505   16.4045
    7.5000  -37.5000  -30.0000 2409.9551   16.3957
   -7.5000  -30.0000  -30.0000 2467.3616   15.3424
    0.0000  -30.0000  -30.0000 2481.9907   15.2418
    7.5000  -30.0000  -30.0000 2470.6172   15.2426
   -7.5000  -22.5000  -30.0000 2508.8279   14.5824
    0.0000  -22.5000  -30.0000 2524.7573   14.4968
    7.5000  -22.5000  -30.0000 2509.9456   14.4966
   -7.5000  -15.0000  -30.0000 2531.7852   14.1664
    0.0000  -15.0000  -30.0000 2551.4805   14.1075
    7.5000  -15.0000  -30.0000 2532.5408   14.0796
   -7.5000   -7.5000  -30.0000 2542.7593   14.1095
    0.0000   -7.5000  -30.0000 2557.9231   14.0382
    7.5000   -7.5000  -30.0000 2541.9775   14.0305
   -7.5000    0.0000  -30.0000 2532.8789   14.2089
    0.0000    0.0000  -30.0000 2547.9802   14.1515
    7.5000    0.0000  -30.0000 2530.5881   14.1891
   -7.5000    7.5000  -30.0000 2513.3616   14.5743
    0.0000    7.5000  -30.0000 2533.2678   14.5193
    7.5000    7.5000  -30.0000 2507.5112   14.5874
   -7.5000   15.0000  -30.0000 2472.7747   15.2301
    0.0000   15.0000  -30.0000 2490.7085   15.1627
    7.5000   15.0000  -30.0000 2466.5322   15.2022
   -7.5000   22.5000  -30.0000 2408.7612   16.2241
    0.0000   22.5000  -30.0000 2425.2307   16.1488
    7.5000   22.5000  -30.0000 2398.4143   16.1969
   -7.5000   30.0000  -30.0000 2321.6802   17.5870
    0.0000   30.0000  -30.0000 2332.7559   17.5111
    7.5000   30.0000  -30.0000 2309.6572   17.5814
   -7.5000   37.5000  -30.0000 2205.9919   19.3952
    0.0000   37.5000  -30.0000 2222.3499   19.2813
    7.5000   37.5000  -30.0000 2197.4155   19.3733
   -7.5000   45.0000  -30.0000 2087.7842   21.7168
    0.0000   45.0000  -30.0000 2101.2629   21.6323
    7.5000   45.0000  -30.0000 2081.3914   21.7680
   -7.5000  -45.0000  -22.5000 2393.1858   17.2187
    0.0000  -45.0000  -22.5000 2413.9670   17.2008
    7.5000  -45.0000  -22.5000 2404.8462   17.1238
   -7.5000  -37.5000  -22.5000 2499.6501   15.7309
    0.0000  -37.5000  -22.5000 2518.2058   15.6806
    7.5000  -37.5000  -22.5000 2504.2151   15.6329
   -7.5000  -30.0000  -22.5000 2571.2271   14.5861
    0.0000  -30.0000  -22.5000 2585.0635   14.4929
    7.5000  -30.0000  -22.5000 2572.3149   14.4996
   -7.5000  -22.5000  -22.5000 2617.9399   13.8510
    0.0000  -22.5000  -22.5000 2633.1553   13.7578
    7.5000  -22.5000  -22.5000 2622.1177   13.7854
   -7.5000  -15.0000  -22.5000 2653.6343   13.4369
    0.0000  -15.0000  -22.5000 2671.8735   13.3514
    7.5000  -15.0000  -22.5000 2651.3352   13.3527
   -7.5000   -7.5000  -22.5000 2672.8530   13.3628
    0.0000   -7.5000  -22.5000 2689.8442   13.2649
    7.5000   -7.5000  -22.5000 2670.3342   13.2816
   -7.5000    0.0000  -22.5000 2665.5723   13.4761
    0.0000    0.0000  -22.5000 2683.9004   13.4002
    7.5000    0.0000  -22.5000 2659.8833   13.4366
   -7.5000    7.5000  -22.5000 2643.3755   13.8767
    0.0000    7.5000  -22.5000 2664.6963   13.7982
    7.5000    7.5000  -22.5000 2637.6733   13.8597
   -7.5000   15.0000  -22.5000 2594.1404   14.5108
    0.0000   15.0000  -22.5000 2617.4194   14.4454
    7.5000   15.0000  -22.5000 2587.8972   14.4811
   -7.5000   22.5000  -22.5000 2524.2151   15.4318
    0.0000   22.5000  -22.5000 2543.8899   15.3608
    7.5000   22.5000  -22.5000 2511.9502   15.4002
   -7.5000   30.0000  -22.5000 2426.3013   16.6973
    0.0000   30.0000  -22.5000 2441.5737   16.6244
    7.5000   30.0000  -22.5000 2416.7012   16.6613
   -7.5000   37.5000  -22.5000 2307.3198   18.4250
    0.0000   37.5000  -22.5000 2321.8643   18.3316
    7.5000   37.5000  -22.5000 2301.7114   18.3788
   -7.5000   45.0000  -22.5000 2181.0999   20.6350
    0.0000   45.0000  -22.5000 2193.6003   20.5577
    7.5000   45.0000  -22.5000 2174.2991   20.6509
   -7.5000  -45.0000  -15.0000 2447.4858   16.4737
    0.0000  -45.0000  -15.0000 2467.5854   16.4218
    7.5000  -45.0000  -15.0000 2454.0234   16.3739
   -7.5000  -37.5000  -15.0000 2558.5403   14.9689
    0.0000  -37.5000  -15.0000 2577.6477   14.9400
    7.5000  -37.5000  -15.0000 2559.6345   14.9008
   -7.5000  -30.0000  -15.0000 2636.5168   13.8749
    0.0000  -30.0000  -15.0000 2654.4343   13.8005
    7.5000  -30.0000  -15.0000 2640.3289   13.7886
   -7.5000  -22.5000  -15.0000 2690.7366   13.1503
    0.0000  -22.5000  -15.0000 2706.9468   13.0460
    7.5000  -22.5000  -15.0000 2695.4792   13.0612
   -7.5000  -15.0000  -15.0000 2734.8140   12.7117
    0.0000  -15.0000  -15.0000 2750.6360   12.6366
    7.5000  -15.0000  -15.0000 2733.2505   12.6704
   -7.5000   -7.5000  -15.0000 2761.6113   12.6052
    0.0000   -7.5000  -15.0000 2781.2317   12.5168
    7.5000   -7.5000  -15.0000 2760.9438   12.5785
   -7.5000    0.0000  -15.0000 2761.1785   12.7589
    0.0000    0.0000  -15.0000 2783.4570   12.6633
    7.5000    0.0000  -15.0000 2757.0320   12.7227
   -7.5000    7.5000  -15.0000 2743.8367   13.1526
    0.0000    7.5000  -15.0000 2766.4080   13.0710
    7.5000    7.5000  -15.0000 2733.2090   13.1453
   -7.5000   15.0000  -15.0000 2683.5063   13.7868
    0.0000   15.0000  -15.0000 2709.3306   13.7200
    7.5000   15.0000  -15.0000 2677.9307   13.7664
   -7.5000   22.5000  -15.0000 2605.0442   14.6609
    0.0000   22.5000  -15.0000 2621.9390   14.5967
    7.5000   22.5000  -15.0000 2596.9600   14.6391
   -7.5000   30.0000  -15.0000 2505.5342   15.8704
    0.0000   30.0000  -15.0000 2519.0637   15.8049
    7.5000   30.0000  -15.0000 2496.2271   15.8490
   -7.5000   37.5000  -15.0000 2381.5930   17.4603
    0.0000   37.5000  -15.0000 2398.3220   17.4194
    7.5000   37.5000  -15.0000 2374.3459   17.4687
   -7.5000   45.0000  -15.0000 2241.8755   19.5464
    0.0000   45.0000  -15.0000 2255.3643   19.5055
    7.5000   45.0000  -15.0000 2231.7971   19.5349
   -7.5000  -45.0000   -7.5000 2477.5359   15.7895
    0.0000  -45.0000   -7.5000 2499.5154   15.6802
    7.5000  -45.0000   -7.5000 2491.0588   15.7325
   -7.5000  -37.5000   -7.5000 2594.7383   14.3265
    0.0000  -37.5000   -7.5000 2614.3513   14.2158
    7.5000  -37.5000   -7.5000 2601.4043   14.2612
   -7.5000  -30.0000   -7.5000 2685.7976   13.2298
    0.0000  -30.0000   -7.5000 2704.6765   13.1218
    7.5000  -30.0000   -7.5000 2691.3284   13.1412
   -7.5000  -22.5000   -7.5000 2759.6201   12.5156
    0.0000  -22.5000   -7.5000 2777.0232   12.3920
    7.5000  -22.5000   -7.5000 2764.2734   12.4316
   -7.5000  -15.0000   -7.5000 2807.3931   12.0477
    0.0000  -15.0000   -7.5000 2828.9148   11.9711
    7.5000  -15.0000   -7.5000 2806.8049   12.0187
   -7.5000   -7.5000   -7.5000 2836.4094   11.9269
    0.0000   -7.5000   -7.5000 2862.9204   11.8509
    7.5000   -7.5000   -7.5000 2836.9014   11.9468
   -7.5000    0.0000   -7.5000 2839.7087   12.0763
    0.0000    0.0000   -7.5000 2867.8235   11.9973
    7.5000    0.0000   -7.5000 2838.8416   12.0933
   -7.5000    7.5000   -7.5000 2817.4590   12.4701
    0.0000    7.5000   -7.5000 2840.7751   12.3654
    7.5000    7.5000   -7.5000 2813.5271   12.4773
   -7.5000   15.0000   -7.5000 2759.0095   13.0715
    0.0000   15.0000   -7.5000 2777.4407   12.9769
    7.5000   15.0000   -7.5000 2752.6035   13.0679
   -7.5000   22.5000   -7.5000 2673.9060   13.9379
    0.0000   22.5000   -7.5000 2687.4041   13.8445
    7.5000   22.5000   -7.5000 2665.5884   13.9159
   -7.5000   30.0000   -7.5000 2559.2139   15.1180
    0.0000   30.0000   -7.5000 2571.9956   15.0415
    7.5000   30.0000   -7.5000 2547.9917   15.1014
   -7.5000   37.5000   -7.5000 2429.7395   16.6957
    0.0000   37.5000   -7.5000 2447.6624   16.5993
    7.5000   37.5000   -7.5000 2422.5852   16.6786
   -7.5000   45.0000   -7.5000 2285.3804   18.6304
    0.0000   45.0000   -7.5000 2296.3662   18.5348
    7.5000   45.0000   -7.5000 2276.6042   18.6164
   -7.5000  -45.0000    0.0000 2490.7898   15.3196
    0.0000  -45.0000    0.0000 2515.2122   15.1627
    7.5000  -45.0000    0.0000 2506.1538   15.2781
   -7.5000  -37.5000    0.0000 2610.7996   13.8509
    0.0000  -37.5000    0.0000 2637.0723   13.7075
    7.5000  -37.5000    0.0000 2623.7344   13.8247
   -7.5000  -30.0000    0.0000 2716.3364   12.7508
    0.0000  -30.0000    0.0000 2743.1516   12.6085
    7.5000  -30.0000    0.0000 2727.8083   12.6905
   -7.5000  -22.5000    0.0000 2806.0232   12.0430
    0.0000  -22.5000    0.0000 2830.7627   11.8943
    7.5000  -22.5000    0.0000 2816.1970   11.9787
   -7.5000  -15.0000    0.0000 2864.9766   11.5523
    0.0000  -15.0000    0.0000 2893.6160   11.4484
    7.5000  -15.0000    0.0000 2867.7275   11.5415
   -7.5000   -7.5000    0.0000 2908.0239   11.4164
    0.0000   -7.5000    0.0000 2937.0579   11.3263
    7.5000   -7.5000    0.0000 2905.6116   11.4366
   -7.5000    0.0000    0.0000 2907.0076   11.5716
    0.0000    0.0000    0.0000 2936.9856   11.4904
    7.5000    0.0000    0.0000 2907.1797   11.5851
   -7.5000    7.5000    0.0000 2874.6123   11.9231
    0.0000    7.5000    0.0000 2896.3228   11.8241
    7.5000    7.5000    0.0000 2871.8335   11.9532
   -7.5000   15.0000    0.0000 2805.6021   12.5336
    0.0000   15.0000    0.0000 2823.6689   12.4136
    7.5000   15.0000    0.0000 2803.2551   12.5572
   -7.5000   22.5000    0.0000 2710.9673   13.4352
    0.0000   22.5000    0.0000 2726.7495   13.3047
    7.5000   22.5000    0.0000 2705.1162   13.4443
   -7.5000   30.0000    0.0000 2598.1555   14.6221
    0.0000   30.0000    0.0000 2614.3359   14.5059
    7.5000   30.0000    0.0000 2585.9463   14.6246
   -7.5000   37.5000    0.0000 2468.0491   16.1120
    0.0000   37.5000    0.0000 2480.4177   16.0202
    7.5000   37.5000    0.0000 2457.7075   16.1215
   -7.5000   45.0000    0.0000 2318.6636   17.9492
    0.0000   45.0000    0.0000 2328.5300   17.8719
    7.5000   45.0000    0.0000 2311.7295   17.9762
   -7.5000  -45.0000    7.5000 2496.6118   15.1106
    0.0000  -45.0000    7.5000 2519.8608   14.8692
    7.5000  -45.0000    7.5000 2514.9390   15.0850
   -7.5000  -37.5000    7.5000 2620.7529   13.6216
    0.0000  -37.5000    7.5000 2641.9578   13.4049
    7.5000  -37.5000    7.5000 2635.1377   13.5942
   -7.5000  -30.0000    7.5000 2732.0156   12.5054
    0.0000  -30.0000    7.5000 2760.4626   12.3066
    7.5000  -30.0000    7.5000 2746.1409   12.4594
   -7.5000  -22.5000    7.5000 2836.8040   11.8018
    0.0000  -22.5000    7.5000 2868.1799   11.6142
    7.5000  -22.5000    7.5000 2848.4595   11.7180
   -7.5000  -15.0000    7.5000 2914.3953   11.3291
    0.0000  -15.0000    7.5000 2955.5503   11.1499
    7.5000  -15.0000    7.5000 2918.1101   11.2945
   -7.5000   -7.5000    7.5000 2965.4199   11.1092
    0.0000   -7.5000    7.5000 3007.7690   10.9642
    7.5000   -7.5000    7.5000 2957.3950   11.1584
   -7.5000    0.0000    7.5000 2959.5684   11.2586
    0.0000    0.0000    7.5000 2991.4587   11.1420
    7.5000    0.0000    7.5000 2953.4866   11.3239
   -7.5000    7.5000    7.5000 2909.9639   11.6673
    0.0000    7.5000    7.5000 2934.5427   11.5008
    7.5000    7.5000    7.5000 2912.9390   11.7160
   -7.5000   15.0000    7.5000 2837.1553   12.2704
    0.0000   15.0000    7.5000 2854.8306   12.0989
    7.5000   15.0000    7.5000 2837.8430   12.3170
   -7.5000   22.5000    7.5000 2737.8247   13.1768
    0.0000   22.5000    7.5000 2751.7830   12.9975
    7.5000   22.5000    7.5000 2733.6697   13.2003
   -7.5000   30.0000    7.5000 2622.5969   14.3698
    0.0000   30.0000    7.5000 2634.7244   14.2118
    7.5000   30.0000    7.5000 2614.3750   14.3837
   -7.5000   37.5000    7.5000 2485.6172   15.8341
    0.0000   37.5000    7.5000 2502.8010   15.7219
    7.5000   37.5000    7.5000 2479.7766   15.8862
   -7.5000   45.0000    7.5000 2339.1687   17.6421
    0.0000   45.0000    7.5000 2354.4126   17.5660
    7.5000   45.0000    7.5000 2334.2327   17.7285
   -7.5000  -45.0000   15.0000 2484.2166   15.0812
    0.0000  -45.0000   15.0000 2508.8899   14.8095
    7.5000  -45.0000   15.0000 2504.2529   15.0387
   -7.5000  -37.5000   15.0000 2607.8906   13.5776
    0.0000  -37.5000   15.0000 2628.2534   13.3187
    7.5000  -37.5000   15.0000 2621.5215   13.5467
   -7.5000  -30.0000   15.0000 2730.6084   12.4487
    0.0000  -30.0000   15.0000 2750.5251   12.1989
    7.5000  -30.0000   15.0000 2739.7288   12.4005
   -7.5000  -22.5000   15.0000 2837.5386   11.7310
    0.0000  -22.5000   15.0000 2870.7944   11.5052
    7.5000  -22.5000   15.0000 2855.2236   11.6631
   -7.5000  -15.0000   15.0000 2926.4658   11.3007
    0.0000  -15.0000   15.0000 2975.9487   11.0958
    7.5000  -15.0000   15.0000 2931.6909   11.2511
   -7.5000   -7.5000   15.0000 2987.3999   11.1280
    0.0000   -7.5000   15.0000 3045.8711   10.8681
    7.5000   -7.5000   15.0000 2980.4985   11.1644
   -7.5000    0.0000   15.0000 2981.0803   11.2498
    0.0000    0.0000   15.0000 3023.5999   11.0585
    7.5000    0.0000   15.0000 2969.5271   11.3436
   -7.5000    7.5000   15.0000 2918.0190   11.6348
    0.0000    7.5000   15.0000 2944.6890   11.5087
    7.5000    7.5000   15.0000 2918.3269   11.6906
   -7.5000   15.0000   15.0000 2833.7485   12.2292
    0.0000   15.0000   15.0000 2858.6604   12.1150
    7.5000   15.0000   15.0000 2837.0469   12.2628
   -7.5000   22.5000   15.0000 2734.2505   13.1040
    0.0000   22.5000   15.0000 2760.5425   13.0001
    7.5000   22.5000   15.0000 2733.3792   13.1059
   -7.5000   30.0000   15.0000 2617.3406   14.2785
    0.0000   30.0000   15.0000 2641.0427   14.1860
    7.5000   30.0000   15.0000 2612.9390   14.2427
   -7.5000   37.5000   15.0000 2484.8962   15.7346
    0.0000   37.5000   15.0000 2501.2683   15.6723
    7.5000   37.5000   15.0000 2481.8411   15.7235
   -7.5000   45.0000   15.0000 2340.8506   17.5145
    0.0000   45.0000   15.0000 2353.9607   17.5298
    7.5000   45.0000   15.0000 2336.0410   17.5816
   -7.5000  -45.0000   22.5000 2473.5693   15.2785
    0.0000  -45.0000   22.5000 2494.4958   14.9175
    7.5000  -45.0000   22.5000 2494.7676   15.2509
   -7.5000  -37.5000   22.5000 2601.1729   13.8039
    0.0000  -37.5000   22.5000 2616.4868   13.4212
    7.5000  -37.5000   22.5000 2617.7913   13.7389
   -7.5000  -30.0000   22.5000 2719.7026   12.7051
    0.0000  -30.0000   22.5000 2734.7488   12.3536
    7.5000  -30.0000   22.5000 2736.2578   12.6321
   -7.5000  -22.5000   22.5000 2829.0164   12.0084
    0.0000  -22.5000   22.5000 2858.6565   11.7421
    7.5000  -22.5000   22.5000 2848.6655   11.9164
   -7.5000  -15.0000   22.5000 2912.8093   11.5687
    0.0000  -15.0000   22.5000 2957.6873   11.3671
    7.5000  -15.0000   22.5000 2918.6851   11.5056
   -7.5000   -7.5000   22.5000 2970.7996   11.4400
    0.0000   -7.5000   22.5000 3022.7473   11.2822
    7.5000   -7.5000   22.5000 2966.3042   11.4045
   -7.5000    0.0000   22.5000 2964.4216   11.5612
    0.0000    0.0000   22.5000 3010.1079   11.4704
    7.5000    0.0000   22.5000 2956.7578   11.5600
   -7.5000    7.5000   22.5000 2902.5425   11.9118
    0.0000    7.5000   22.5000 2932.4668   11.8179
    7.5000    7.5000   22.5000 2901.7170   11.9228
   -7.5000   15.0000   22.5000 2820.8752   12.4364
    0.0000   15.0000   22.5000 2842.0894   12.3235
    7.5000   15.0000   22.5000 2823.0876   12.4402
   -7.5000   22.5000   22.5000 2718.2000   13.2431
    0.0000   22.5000   22.5000 2735.3215   13.1095
    7.5000   22.5000   22.5000 2721.5737   13.2230
   -7.5000   30.0000   22.5000 2609.3508   14.3242
    0.0000   30.0000   22.5000 2618.6431   14.1828
    7.5000   30.0000   22.5000 2603.5798   14.2856
   -7.5000   37.5000   22.5000 2475.5552   15.6971
    0.0000   37.5000   22.5000 2486.2073   15.6162
    7.5000   37.5000   22.5000 2468.9907   15.6999
   -7.5000   45.0000   22.5000 2326.1306   17.5246
    0.0000   45.0000   22.5000 2338.8171   17.4892
    7.5000   45.0000   22.5000 2316.6846   17.5874
   -7.5000  -45.0000   30.0000 2459.4150   15.7224
    0.0000  -45.0000   30.0000 2480.4131   15.4164
    7.5000  -45.0000   30.0000 2476.3533   15.6523
   -7.5000  -37.5000   30.0000 2589.6169   14.3147
    0.0000  -37.5000   30.0000 2608.3584   14.0205
    7.5000  -37.5000   30.0000 2599.4219   14.2268
   -7.5000  -30.0000   30.0000 2704.0925   13.2354
    0.0000  -30.0000   30.0000 2721.4177   12.9581
    7.5000  -30.0000   30.0000 2712.9421   13.1472
   -7.5000  -22.5000   30.0000 2805.5015   12.5216
    0.0000  -22.5000   30.0000 2827.4299   12.2424
    7.5000  -22.5000   30.0000 2813.6584   12.3870
   -7.5000  -15.0000   30.0000 2878.8677   12.0421
    0.0000  -15.0000   30.0000 2907.1169   11.7375
    7.5000  -15.0000   30.0000 2881.2686   11.9373
   -7.5000   -7.5000   30.0000 2918.7683   11.8846
    0.0000   -7.5000   30.0000 2948.1484   11.6578
    7.5000   -7.5000   30.0000 2921.5154   11.8251
   -7.5000    0.0000   30.0000 2913.6731   11.9783
    0.0000    0.0000   30.0000 2947.0498   11.8474
    7.5000    0.0000   30.0000 2912.8477   11.9589
   -7.5000    7.5000   30.0000 2854.8760   12.3551
    0.0000    7.5000   30.0000 2880.4258   12.2338
    7.5000    7.5000   30.0000 2855.4036   12.3277
   -7.5000   15.0000   30.0000 2778.4453   12.8938
    0.0000   15.0000   30.0000 2800.9670   12.7928
    7.5000   15.0000   30.0000 2780.1965   12.8679
   -7.5000   22.5000   30.0000 2684.7727   13.6344
    0.0000   22.5000   30.0000 2703.0881   13.5406
    7.5000   22.5000   30.0000 2682.0740   13.6194
   -7.5000   30.0000   30.0000 2573.7722   14.6167
    0.0000   30.0000   30.0000 2587.1499   14.5250
    7.5000   30.0000   30.0000 2568.9309   14.6008
   -7.5000   37.5000   30.0000 2442.2795   15.9222
    0.0000   37.5000   30.0000 2453.3838   15.8420
    7.5000   37.5000   30.0000 2437.0208   15.9016
   -7.5000   45.0000   30.0000 2296.4570   17.7089
    0.0000   45.0000   30.0000 2307.8555   17.6227
    7.5000   45.0000   30.0000 2291.0134   17.7102
   -7.5000  -45.0000   37.5000 2431.1934   16.4391
    0.0000  -45.0000   37.5000 2455.2520   16.1450
    7.5000  -45.0000   37.5000 2444.6125   16.3582
   -7.5000  -37.5000   37.5000 2559.6099   15.0092
    0.0000  -37.5000   37.5000 2578.7368   14.6952
    7.5000  -37.5000   37.5000 2566.9375   14.8803
   -7.5000  -30.0000   37.5000 2672.3909   13.8980
    0.0000  -30.0000   37.5000 2689.6636   13.5700
    7.5000  -30.0000   37.5000 2679.3042   13.7474
   -7.5000  -22.5000   37.5000 2762.9043   13.1212
    0.0000  -22.5000   37.5000 2785.9746   12.7858
    7.5000  -22.5000   37.5000 2770.9597   12.9742
   -7.5000  -15.0000   37.5000 2823.4800   12.6193
    0.0000  -15.0000   37.5000 2847.1414   12.2943
    7.5000  -15.0000   37.5000 2829.3105   12.5062
   -7.5000   -7.5000   37.5000 2854.1052   12.4552
    0.0000   -7.5000   37.5000 2874.3965   12.2000
    7.5000   -7.5000   37.5000 2858.5828   12.3996
   -7.5000    0.0000   37.5000 2845.5337   12.5331
    0.0000    0.0000   37.5000 2875.2803   12.3367
    7.5000    0.0000   37.5000 2847.8081   12.5046
   -7.5000    7.5000   37.5000 2789.6169   12.9131
    0.0000    7.5000   37.5000 2816.6301   12.7571
    7.5000    7.5000   37.5000 2796.2808   12.8921
   -7.5000   15.0000   37.5000 2721.1377   13.4572
    0.0000   15.0000   37.5000 2736.5359   13.3012
    7.5000   15.0000   37.5000 2724.9531   13.4349
   -7.5000   22.5000   37.5000 2634.8198   14.2019
    0.0000   22.5000   37.5000 2652.7153   14.0820
    7.5000   22.5000   37.5000 2635.5852   14.1755
   -7.5000   30.0000   37.5000 2527.0815   15.2109
    0.0000   30.0000   37.5000 2544.0686   15.1033
    7.5000   30.0000   37.5000 2526.3665   15.1795
   -7.5000   37.5000   37.5000 2394.2349   16.4550
    0.0000   37.5000   37.5000 2406.0110   16.3660
    7.5000   37.5000   37.5000 2390.6543   16.4501
   -7.5000   45.0000   37.5000 2254.7124   18.1586
    0.0000   45.0000   37.5000 2269.5408   18.1024
    7.5000   45.0000   37.5000 2248.6062   18.1960
   -7.5000  -45.0000   45.0000 2385.8154   17.2281
    0.0000  -45.0000   45.0000 2416.4731   17.0001
    7.5000  -45.0000   45.0000 2398.6533   17.1369
   -7.5000  -37.5000   45.0000 2511.8755   15.7455
    0.0000  -37.5000   45.0000 2533.5640   15.4852
    7.5000  -37.5000   45.0000 2519.2812   15.6616
   -7.5000  -30.0000   45.0000 2615.8958   14.6078
    0.0000  -30.0000   45.0000 2639.8015   14.3207
    7.5000  -30.0000   45.0000 2626.0601   14.4953
   -7.5000  -22.5000   45.0000 2697.3694   13.8268
    0.0000  -22.5000   45.0000 2722.3855   13.4972
    7.5000  -22.5000   45.0000 2705.4192   13.7072
   -7.5000  -15.0000   45.0000 2748.4675   13.3168
    0.0000  -15.0000   45.0000 2767.1345   13.0473
    7.5000  -15.0000   45.0000 2755.3484   13.2178
   -7.5000   -7.5000   45.0000 2773.6636   13.1656
    0.0000   -7.5000   45.0000 2793.4556   12.9088
    7.5000   -7.5000   45.0000 2781.8149   13.0884
   -7.5000    0.0000   45.0000 2760.7695   13.2124
    0.0000    0.0000   45.0000 2788.8401   13.0035
    7.5000    0.0000   45.0000 2767.9185   13.1768
   -7.5000    7.5000   45.0000 2718.4863   13.5619
    0.0000    7.5000   45.0000 2740.7205   13.3945
    7.5000    7.5000   45.0000 2722.0303   13.5470
   -7.5000   15.0000   45.0000 2651.7349   14.1046
    0.0000   15.0000   45.0000 2667.7437   13.9572
    7.5000   15.0000   45.0000 2653.5359   14.0997
   -7.5000   22.5000   45.0000 2567.8967   14.8247
    0.0000   22.5000   45.0000 2581.4824   14.7211
    7.5000   22.5000   45.0000 2570.1758   14.8321
   -7.5000   30.0000   45.0000 2466.3926   15.8833
    0.0000   30.0000   45.0000 2478.1831   15.7693
    7.5000   30.0000   45.0000 2460.9243   15.8426
   -7.5000   37.5000   45.0000 2340.3823   17.2205
    0.0000   37.5000   45.0000 2352.6523   17.1022
    7.5000   37.5000   45.0000 2329.9561   17.1881
   -7.5000   45.0000   45.0000 2203.7576   18.8809
    0.0000   45.0000   45.0000 2217.0398   18.8508
    7.5000   45.0000   45.0000 2194.5789   18.9543

---------------------------------------------------------------------
imgreg_4dfp /opt/freesurfer/average/711-2C_as_mni_average_305 /opt/freesurfer/average/711-2B_as_mni_average_305_mask talsrcimg_g11 none talsrcimg_to_711-2C_as_mni_average_305_t4 1283
---------------------------------------------------------------------

freesurfer imgreg_4dfp.c
/opt/freesurfer/average/711-2C_as_mni_average_305.4dfp.img
       256       256       256         1
  1.000000  1.000000  1.000000
orientation T byte_order littleendian
Reading image: /opt/freesurfer/average/711-2C_as_mni_average_305.4dfp.img
dimensions:      256       256       256
mmppix:       1.0000   -1.0000   -1.0000
center:     128.0000 -129.0000 -129.0000
/opt/freesurfer/average/711-2B_as_mni_average_305_mask.4dfp.img
       256       256       256         1
  1.000000  1.000000  1.000000
orientation T byte_order littleendian
Reading mask: /opt/freesurfer/average/711-2B_as_mni_average_305_mask.4dfp.img (2306576 pixels)
talsrcimg_g11.4dfp.img
       256       256       256         1
  1.000000  1.000000  1.000000
orientation T byte_order littleendian
Reading image: talsrcimg_g11.4dfp.img
dimensions:      256       256       256
mmppix:       1.0000   -1.0000   -1.0000
center:     128.0000 -129.0000 -129.0000
rotation matrix determinant  1.000000
fimgreg.f
image alignment mode   1283 decimal      503 hex
parameters
    0.0000   -7.5000   15.0000    0.0000    0.0000    0.0000
eta,q 0.95524 10.85063
niter,ni,del,rscale     5    3   12.0000    1.2000
parameters
   -0.4713   -5.8892   16.5408    0.1052   -0.9170   -2.7393
eta,q 0.95545 10.69930
  0.0569  0.0654  0.0515  0.0522  0.0488  0.0461
  0.0486  0.0577  0.0470  0.0473  0.0466  0.0449
  0.0464  0.0502  0.0459  0.0447  0.0458  0.0445
  0.0465  0.0461  0.0459  0.0450  0.0451  0.0455
  0.0465  0.0459  0.0453  0.0468  0.0459  0.0479
  0.0520  0.0484  0.0450  0.0482  0.0485  0.0516
  0.0612  0.0523  0.0470  0.0503  0.0530  0.0560
niter,ni,del,rscale     4    3   12.0000    1.2000
parameters
   -0.5652   -5.7467   15.8126   -0.1307   -0.5455   -2.6623
eta,q 0.95529 10.66159
  0.0584  0.0579  0.0468  0.0516  0.0501  0.0502
  0.0492  0.0493  0.0445  0.0463  0.0465  0.0469
  0.0448  0.0446  0.0446  0.0442  0.0449  0.0454
  0.0446  0.0446  0.0446  0.0449  0.0448  0.0447
  0.0451  0.0463  0.0435  0.0463  0.0445  0.0450
  0.0502  0.0497  0.0453  0.0483  0.0454  0.0467
  0.0591  0.0552  0.0500  0.0512  0.0490  0.0500
niter,ni,del,rscale     3    3   12.0000    1.2000
parameters
   -0.6223   -5.7105   16.0318   -0.0397   -0.6276   -2.6657
eta,q 0.95527 10.67182
  0.0580  0.0581  0.0483  0.0523  0.0495  0.0501
  0.0488  0.0493  0.0448  0.0468  0.0462  0.0469
  0.0445  0.0445  0.0443  0.0441  0.0449  0.0453
  0.0447  0.0447  0.0447  0.0447  0.0447  0.0447
  0.0451  0.0469  0.0436  0.0460  0.0445  0.0450
  0.0495  0.0506  0.0441  0.0477  0.0460  0.0468
  0.0581  0.0559  0.0480  0.0504  0.0503  0.0502
niter,ni,del,rscale     2    3   12.0000    1.2000
parameters
   -0.6157   -5.7304   15.9482   -0.0600   -0.6075   -2.6673
eta,q 0.95526 10.66773
  0.0585  0.0576  0.0478  0.0520  0.0496  0.0501
  0.0493  0.0489  0.0446  0.0466  0.0462  0.0469
  0.0447  0.0444  0.0444  0.0441  0.0449  0.0453
  0.0447  0.0447  0.0447  0.0447  0.0447  0.0447
  0.0451  0.0469  0.0436  0.0461  0.0445  0.0451
  0.0495  0.0506  0.0444  0.0479  0.0459  0.0468
  0.0581  0.0560  0.0486  0.0506  0.0499  0.0502
niter,ni,del,rscale     1    3   12.0000    1.2000
parameters
   -0.6186   -5.7286   15.9797   -0.0494   -0.6138   -2.6674
eta,q 0.95527 10.66914
  0.0584  0.0578  0.0480  0.0521  0.0496  0.0501
  0.0492  0.0491  0.0447  0.0467  0.0462  0.0469
  0.0447  0.0445  0.0444  0.0441  0.0449  0.0453
  0.0447  0.0447  0.0447  0.0447  0.0447  0.0447
  0.0451  0.0469  0.0436  0.0461  0.0445  0.0451
  0.0495  0.0506  0.0443  0.0479  0.0459  0.0468
  0.0581  0.0560  0.0484  0.0506  0.0500  0.0502
registration optimization eta report
parameter search radius
    6.0000    6.0000    6.0000    6.0000    6.0000    6.0000
100000*second partial in parameter space
       40.       34.       12.       19.       15.       15.
  0.0584  0.0578  0.0480  0.0521  0.0496  0.0501
  0.0492  0.0491  0.0447  0.0467  0.0462  0.0469
  0.0447  0.0445  0.0444  0.0441  0.0449  0.0453
  0.0447  0.0447  0.0447  0.0447  0.0447  0.0447
  0.0451  0.0469  0.0436  0.0461  0.0445  0.0451
  0.0495  0.0506  0.0443  0.0479  0.0459  0.0468
  0.0581  0.0560  0.0484  0.0506  0.0500  0.0502
   -0.6186   -5.7286   15.9797   -0.0494   -0.6138   -2.6674
eta,q 0.95527 10.66914

---------------------------------------------------------------------
imgreg_4dfp /opt/freesurfer/average/711-2C_as_mni_average_305 /opt/freesurfer/average/711-2B_as_mni_average_305_mask talsrcimg_g11 none talsrcimg_to_711-2C_as_mni_average_305_t4 3335
---------------------------------------------------------------------

freesurfer imgreg_4dfp.c
/opt/freesurfer/average/711-2C_as_mni_average_305.4dfp.img
       256       256       256         1
  1.000000  1.000000  1.000000
orientation T byte_order littleendian
Reading image: /opt/freesurfer/average/711-2C_as_mni_average_305.4dfp.img
dimensions:      256       256       256
mmppix:       1.0000   -1.0000   -1.0000
center:     128.0000 -129.0000 -129.0000
/opt/freesurfer/average/711-2B_as_mni_average_305_mask.4dfp.img
       256       256       256         1
  1.000000  1.000000  1.000000
orientation T byte_order littleendian
Reading mask: /opt/freesurfer/average/711-2B_as_mni_average_305_mask.4dfp.img (2306576 pixels)
talsrcimg_g11.4dfp.img
       256       256       256         1
  1.000000  1.000000  1.000000
orientation T byte_order littleendian
Reading image: talsrcimg_g11.4dfp.img
dimensions:      256       256       256
mmppix:       1.0000   -1.0000   -1.0000
center:     128.0000 -129.0000 -129.0000
fimgreg.f
image alignment mode   3335 decimal      D07 hex
parameters
   -0.6186   -5.7286   15.9797   -0.1141   -0.1083   -0.0058
    4.6529    1.0742   -4.6536    0.0363   -1.0713   -0.0862
eta,q 0.95791 10.88365
niter,ni,del,rscale     5    3    5.0000    1.2000
parameter  4  1.938846 ->  0.500000 qaram    1.1500
parameter  5  4.232910 ->  0.500000 qaram    1.1500
parameter  6  0.957863 ->  0.500000 qaram    1.1500
parameters
   -0.5788   -5.0069   16.8988   -4.2541   -4.2483   -4.1458
    2.3765    1.4419   -2.8783   -0.6883   -2.6327    1.0801
eta,q 0.97282 10.75834
  0.0447  0.0443  0.0439  0.0356  0.0288  0.0283  0.0289  0.0352  0.0314  0.0309  0.0288  0.0288
  0.0434  0.0433  0.0431  0.0365  0.0310  0.0279  0.0279  0.0315  0.0296  0.0289  0.0277  0.0280
  0.0424  0.0426  0.0423  0.0386  0.0337  0.0285  0.0276  0.0287  0.0283  0.0276  0.0272  0.0275
  0.0421  0.0421  0.0419  0.0417  0.0370  0.0317  0.0279  0.0276  0.0275  0.0274  0.0273  0.0272
  0.0423  0.0419  0.0417  0.0455  0.0405  0.0369  0.0288  0.0283  0.0274  0.0282  0.0280  0.0272
  0.0432  0.0420  0.0419  0.0492  0.0438  0.0419  0.0303  0.0306  0.0278  0.0301  0.0293  0.0275
  0.0446  0.0427  0.0422  0.0526  0.0474  0.0454  0.0321  0.0338  0.0289  0.0327  0.0309  0.0280
niter,ni,del,rscale     7    3    5.0000    1.2000
parameter  3  1.057928 ->  0.500000 qaram    1.1500
parameter  5  1.320917 ->  0.500000 qaram    1.3225
parameters
   -0.5684   -6.0072   15.5188   -6.2148   -9.0093   -5.8601
    2.3763    1.8330   -2.6044   -1.0502   -3.3092    1.0412
eta,q 0.97869 10.58746
  0.0314  0.0277  0.0244  0.0280  0.0201  0.0259  0.0241  0.0278  0.0240  0.0250  0.0227  0.0226
  0.0291  0.0269  0.0244  0.0262  0.0206  0.0239  0.0226  0.0245  0.0226  0.0230  0.0219  0.0219
  0.0276  0.0267  0.0252  0.0248  0.0223  0.0220  0.0217  0.0223  0.0217  0.0217  0.0214  0.0215
  0.0272  0.0272  0.0267  0.0246  0.0246  0.0209  0.0213  0.0213  0.0213  0.0213  0.0213  0.0213
  0.0277  0.0282  0.0286  0.0263  0.0275  0.0230  0.0216  0.0217  0.0215  0.0218  0.0216  0.0214
  0.0291  0.0298  0.0309  0.0301  0.0313  0.0282  0.0226  0.0236  0.0223  0.0234  0.0223  0.0218
  0.0313  0.0317  0.0334  0.0350  0.0348  0.0336  0.0241  0.0266  0.0236  0.0260  0.0234  0.0227
niter,ni,del,rscale     7    3    5.0000    1.2000
parameters
   -0.4888   -6.1131   14.2016   -5.2123  -11.4730   -6.8048
    2.5503    1.9964   -2.5399   -0.7249   -3.2059    1.8020
eta,q 0.97993 10.52935
  0.0252  0.0243  0.0215  0.0260  0.0231  0.0253  0.0231  0.0265  0.0225  0.0243  0.0220  0.0216
  0.0232  0.0226  0.0206  0.0239  0.0209  0.0234  0.0216  0.0234  0.0212  0.0221  0.0209  0.0209
  0.0218  0.0215  0.0206  0.0221  0.0197  0.0215  0.0205  0.0210  0.0204  0.0207  0.0203  0.0204
  0.0213  0.0213  0.0213  0.0205  0.0201  0.0196  0.0201  0.0201  0.0201  0.0201  0.0201  0.0201
  0.0216  0.0218  0.0226  0.0201  0.0222  0.0205  0.0204  0.0208  0.0203  0.0204  0.0203  0.0201
  0.0228  0.0230  0.0245  0.0214  0.0249  0.0249  0.0213  0.0229  0.0211  0.0215  0.0209  0.0204
  0.0248  0.0248  0.0268  0.0247  0.0290  0.0302  0.0229  0.0260  0.0224  0.0237  0.0218  0.0212
niter,ni,del,rscale     6    3    5.0000    1.2000
parameters
   -0.4900   -5.8160   14.2805   -4.4053  -11.7891   -7.2383
    2.4485    2.0091   -2.6812   -0.4928   -3.0893    1.7761
eta,q 0.97995 10.52842
  0.0240  0.0242  0.0232  0.0254  0.0251  0.0256  0.0229  0.0262  0.0223  0.0239  0.0220  0.0213
  0.0219  0.0221  0.0214  0.0234  0.0225  0.0237  0.0214  0.0231  0.0210  0.0219  0.0209  0.0207
  0.0205  0.0207  0.0203  0.0215  0.0205  0.0217  0.0204  0.0209  0.0203  0.0205  0.0203  0.0203
  0.0201  0.0201  0.0200  0.0200  0.0198  0.0198  0.0201  0.0201  0.0201  0.0201  0.0201  0.0201
  0.0205  0.0202  0.0204  0.0197  0.0208  0.0198  0.0204  0.0208  0.0203  0.0203  0.0203  0.0201
  0.0219  0.0210  0.0213  0.0212  0.0230  0.0234  0.0215  0.0231  0.0212  0.0215  0.0208  0.0206
  0.0240  0.0225  0.0227  0.0245  0.0258  0.0289  0.0232  0.0262  0.0225  0.0235  0.0218  0.0214
niter,ni,del,rscale     5    3    5.0000    1.2000
parameters
   -0.5065   -5.7621   14.2735   -4.1873  -11.8299   -7.3709
    2.4661    1.9733   -2.7607   -0.4068   -3.0344    1.7793
eta,q 0.97991 10.52917
  0.0240  0.0235  0.0229  0.0250  0.0255  0.0259  0.0231  0.0261  0.0224  0.0238  0.0220  0.0213
  0.0218  0.0216  0.0212  0.0231  0.0229  0.0240  0.0215  0.0231  0.0211  0.0218  0.0209  0.0207
  0.0205  0.0204  0.0203  0.0213  0.0209  0.0220  0.0205  0.0209  0.0203  0.0205  0.0203  0.0203
  0.0201  0.0201  0.0201  0.0201  0.0200  0.0200  0.0201  0.0201  0.0201  0.0201  0.0201  0.0201
  0.0206  0.0204  0.0204  0.0201  0.0208  0.0195  0.0204  0.0209  0.0203  0.0204  0.0203  0.0202
  0.0219  0.0215  0.0213  0.0219  0.0230  0.0227  0.0214  0.0232  0.0212  0.0216  0.0209  0.0206
  0.0240  0.0231  0.0228  0.0254  0.0256  0.0282  0.0231  0.0263  0.0225  0.0236  0.0219  0.0215
niter,ni,del,rscale     4    3    5.0000    1.2000
parameters
   -0.5180   -5.7474   14.2634   -4.1202  -11.8466   -7.4166
    2.4866    1.9459   -2.7987   -0.3763   -3.0077    1.7831
eta,q 0.97990 10.52910
  0.0240  0.0234  0.0228  0.0250  0.0255  0.0260  0.0231  0.0262  0.0224  0.0237  0.0220  0.0213
  0.0218  0.0215  0.0212  0.0231  0.0230  0.0240  0.0215  0.0231  0.0211  0.0217  0.0209  0.0207
  0.0205  0.0204  0.0203  0.0213  0.0210  0.0220  0.0205  0.0209  0.0204  0.0205  0.0203  0.0203
  0.0201  0.0201  0.0201  0.0201  0.0201  0.0201  0.0201  0.0201  0.0201  0.0201  0.0201  0.0201
  0.0206  0.0205  0.0204  0.0202  0.0209  0.0195  0.0204  0.0209  0.0203  0.0204  0.0203  0.0202
  0.0219  0.0216  0.0213  0.0222  0.0230  0.0226  0.0215  0.0232  0.0211  0.0216  0.0209  0.0206
  0.0241  0.0232  0.0228  0.0257  0.0256  0.0280  0.0231  0.0262  0.0225  0.0237  0.0219  0.0215
registration optimization eta report
parameter search radius
    2.4000    2.4000    2.7600    8.2800    9.5220    8.2800
    7.2000    7.2000    7.2000    7.2000    7.2000    7.2000
100000*second partial in parameter space
       69.       56.       36.        8.        6.       10.
        6.       12.        5.        7.        4.        3.
  0.0240  0.0234  0.0228  0.0250  0.0255  0.0260  0.0231  0.0262  0.0224  0.0237  0.0220  0.0213
  0.0218  0.0215  0.0212  0.0231  0.0230  0.0240  0.0215  0.0231  0.0211  0.0217  0.0209  0.0207
  0.0205  0.0204  0.0203  0.0213  0.0210  0.0220  0.0205  0.0209  0.0204  0.0205  0.0203  0.0203
  0.0201  0.0201  0.0201  0.0201  0.0201  0.0201  0.0201  0.0201  0.0201  0.0201  0.0201  0.0201
  0.0206  0.0205  0.0204  0.0202  0.0209  0.0195  0.0204  0.0209  0.0203  0.0204  0.0203  0.0202
  0.0219  0.0216  0.0213  0.0222  0.0230  0.0226  0.0215  0.0232  0.0211  0.0216  0.0209  0.0206
  0.0241  0.0232  0.0228  0.0257  0.0256  0.0280  0.0231  0.0262  0.0225  0.0237  0.0219  0.0215
   -0.5180   -5.7474   14.2634   -4.1202  -11.8466   -7.4166
    2.4866    1.9459   -2.7987   -0.3763   -3.0077    1.7831
eta,q 0.97990 10.52910

---------------------------------------------------------------------
imgreg_4dfp /opt/freesurfer/average/711-2C_as_mni_average_305 /opt/freesurfer/average/711-2B_as_mni_average_305_mask talsrcimg_g11 none talsrcimg_to_711-2C_as_mni_average_305_t4 2311
---------------------------------------------------------------------

freesurfer imgreg_4dfp.c
/opt/freesurfer/average/711-2C_as_mni_average_305.4dfp.img
       256       256       256         1
  1.000000  1.000000  1.000000
orientation T byte_order littleendian
Reading image: /opt/freesurfer/average/711-2C_as_mni_average_305.4dfp.img
dimensions:      256       256       256
mmppix:       1.0000   -1.0000   -1.0000
center:     128.0000 -129.0000 -129.0000
/opt/freesurfer/average/711-2B_as_mni_average_305_mask.4dfp.img
       256       256       256         1
  1.000000  1.000000  1.000000
orientation T byte_order littleendian
Reading mask: /opt/freesurfer/average/711-2B_as_mni_average_305_mask.4dfp.img (2306576 pixels)
talsrcimg_g11.4dfp.img
       256       256       256         1
  1.000000  1.000000  1.000000
orientation T byte_order littleendian
Reading image: talsrcimg_g11.4dfp.img
dimensions:      256       256       256
mmppix:       1.0000   -1.0000   -1.0000
center:     128.0000 -129.0000 -129.0000
fimgreg.f
image alignment mode   2311 decimal      907 hex
parameters
   -0.5180   -5.7474   14.2634   -4.1202  -11.8466   -7.4166
    2.4866    1.9459   -2.7987   -0.3763   -3.0077    1.7831
eta,q 0.97990 10.52910
niter,ni,del,rscale     5    3    5.0000    0.8000
parameters
   -0.5417   -5.7715   14.1914   -3.3034  -11.8773   -6.3642
    2.4927    1.8959   -2.7860   -0.6118   -3.0915    0.9970
eta,q 0.98053 10.55927
  0.0219  0.0215  0.0209  0.0226  0.0218  0.0234  0.0210  0.0231  0.0206  0.0211  0.0206  0.0199
  0.0209  0.0207  0.0204  0.0215  0.0209  0.0222  0.0202  0.0212  0.0200  0.0202  0.0200  0.0197
  0.0203  0.0202  0.0202  0.0207  0.0202  0.0210  0.0196  0.0199  0.0196  0.0196  0.0196  0.0195
  0.0201  0.0201  0.0201  0.0201  0.0200  0.0200  0.0195  0.0195  0.0195  0.0195  0.0195  0.0195
  0.0203  0.0203  0.0202  0.0200  0.0202  0.0194  0.0197  0.0200  0.0196  0.0197  0.0196  0.0196
  0.0210  0.0208  0.0206  0.0204  0.0209  0.0200  0.0202  0.0213  0.0200  0.0204  0.0201  0.0199
  0.0219  0.0216  0.0210  0.0215  0.0219  0.0218  0.0210  0.0231  0.0206  0.0215  0.0207  0.0205
niter,ni,del,rscale     4    3    5.0000    0.7000
parameters
   -0.5502   -5.7714   14.4721   -3.4935  -11.9222   -5.8947
    2.4795    1.8980   -2.7134   -0.6397   -3.1735    0.7729
eta,q 0.98073 10.56476
  0.0210  0.0207  0.0208  0.0211  0.0209  0.0224  0.0204  0.0222  0.0202  0.0207  0.0202  0.0197
  0.0201  0.0200  0.0201  0.0202  0.0202  0.0213  0.0198  0.0207  0.0197  0.0199  0.0197  0.0195
  0.0196  0.0196  0.0197  0.0197  0.0196  0.0203  0.0194  0.0196  0.0194  0.0194  0.0194  0.0193
  0.0195  0.0195  0.0195  0.0194  0.0194  0.0195  0.0193  0.0193  0.0193  0.0193  0.0193  0.0193
  0.0197  0.0196  0.0195  0.0196  0.0196  0.0192  0.0194  0.0197  0.0193  0.0194  0.0194  0.0193
  0.0202  0.0200  0.0197  0.0203  0.0201  0.0201  0.0198  0.0207  0.0196  0.0199  0.0197  0.0195
  0.0210  0.0206  0.0200  0.0215  0.0210  0.0218  0.0204  0.0222  0.0201  0.0207  0.0202  0.0199
niter,ni,del,rscale     3    3    5.0000    0.6000
parameters
   -0.5458   -5.8102   14.5541   -3.5851  -11.9087   -5.6489
    2.4668    1.9173   -2.6538   -0.7103   -3.2177    0.6677
eta,q 0.98080 10.56776
  0.0204  0.0201  0.0201  0.0205  0.0204  0.0216  0.0200  0.0215  0.0198  0.0202  0.0199  0.0196
  0.0198  0.0196  0.0197  0.0199  0.0198  0.0207  0.0196  0.0203  0.0195  0.0196  0.0195  0.0194
  0.0194  0.0194  0.0194  0.0194  0.0194  0.0199  0.0193  0.0195  0.0193  0.0193  0.0193  0.0192
  0.0193  0.0193  0.0193  0.0193  0.0193  0.0193  0.0192  0.0192  0.0192  0.0192  0.0192  0.0192
  0.0194  0.0194  0.0193  0.0194  0.0194  0.0192  0.0193  0.0195  0.0193  0.0193  0.0193  0.0192
  0.0198  0.0197  0.0195  0.0199  0.0198  0.0200  0.0196  0.0203  0.0195  0.0197  0.0195  0.0194
  0.0204  0.0202  0.0199  0.0208  0.0204  0.0214  0.0201  0.0214  0.0198  0.0203  0.0199  0.0196
niter,ni,del,rscale     2    3    5.0000    0.5000
parameters
   -0.5402   -5.8297   14.5938   -3.6324  -11.9029   -5.4625
    2.4336    1.9269   -2.6164   -0.7599   -3.2372    0.5594
eta,q 0.98084 10.56945
  0.0200  0.0198  0.0198  0.0201  0.0200  0.0210  0.0197  0.0208  0.0196  0.0199  0.0197  0.0194
  0.0196  0.0195  0.0195  0.0196  0.0196  0.0203  0.0194  0.0199  0.0194  0.0195  0.0194  0.0193
  0.0193  0.0193  0.0193  0.0193  0.0193  0.0196  0.0192  0.0193  0.0192  0.0192  0.0192  0.0192
  0.0192  0.0192  0.0192  0.0192  0.0192  0.0192  0.0192  0.0192  0.0192  0.0192  0.0192  0.0192
  0.0193  0.0193  0.0192  0.0193  0.0193  0.0192  0.0192  0.0194  0.0192  0.0192  0.0192  0.0192
  0.0196  0.0195  0.0194  0.0196  0.0196  0.0198  0.0194  0.0199  0.0193  0.0195  0.0194  0.0193
  0.0200  0.0198  0.0197  0.0202  0.0200  0.0208  0.0198  0.0208  0.0196  0.0199  0.0197  0.0195
niter,ni,del,rscale     1    3    5.0000    0.4000
parameters
   -0.5381   -5.8373   14.6259   -3.6717  -11.8859   -5.3068
    2.4248    1.9279   -2.5771   -0.7924   -3.2602    0.4472
eta,q 0.98087 10.57084
  0.0197  0.0196  0.0195  0.0198  0.0197  0.0205  0.0195  0.0202  0.0194  0.0196  0.0195  0.0193
  0.0194  0.0193  0.0193  0.0194  0.0194  0.0199  0.0193  0.0196  0.0193  0.0193  0.0193  0.0192
  0.0192  0.0192  0.0192  0.0192  0.0192  0.0194  0.0192  0.0192  0.0192  0.0192  0.0192  0.0191
  0.0192  0.0192  0.0192  0.0192  0.0192  0.0192  0.0191  0.0191  0.0191  0.0191  0.0191  0.0191
  0.0192  0.0192  0.0192  0.0192  0.0192  0.0192  0.0192  0.0193  0.0192  0.0192  0.0192  0.0192
  0.0194  0.0193  0.0193  0.0194  0.0194  0.0196  0.0193  0.0196  0.0193  0.0193  0.0193  0.0192
  0.0197  0.0196  0.0195  0.0198  0.0197  0.0203  0.0195  0.0202  0.0194  0.0196  0.0195  0.0193
registration optimization eta report
parameter search radius
    0.8000    0.8000    0.8000    2.4000    2.4000    2.4000
    2.4000    2.4000    2.4000    2.4000    2.4000    2.4000
100000*second partial in parameter space
       81.       62.       56.       11.        9.       21.
        6.       19.        5.        8.        6.        3.
  0.0197  0.0196  0.0195  0.0198  0.0197  0.0205  0.0195  0.0202  0.0194  0.0196  0.0195  0.0193
  0.0194  0.0193  0.0193  0.0194  0.0194  0.0199  0.0193  0.0196  0.0193  0.0193  0.0193  0.0192
  0.0192  0.0192  0.0192  0.0192  0.0192  0.0194  0.0192  0.0192  0.0192  0.0192  0.0192  0.0191
  0.0192  0.0192  0.0192  0.0192  0.0192  0.0192  0.0191  0.0191  0.0191  0.0191  0.0191  0.0191
  0.0192  0.0192  0.0192  0.0192  0.0192  0.0192  0.0192  0.0193  0.0192  0.0192  0.0192  0.0192
  0.0194  0.0193  0.0193  0.0194  0.0194  0.0196  0.0193  0.0196  0.0193  0.0193  0.0193  0.0192
  0.0197  0.0196  0.0195  0.0198  0.0197  0.0203  0.0195  0.0202  0.0194  0.0196  0.0195  0.0193
   -0.5381   -5.8373   14.6259   -3.6717  -11.8859   -5.3068
    2.4248    1.9279   -2.5771   -0.7924   -3.2602    0.4472
eta,q 0.98087 10.57084

---------------------------------------------------------------------
imgreg_4dfp /opt/freesurfer/average/711-2C_as_mni_average_305 /opt/freesurfer/average/711-2B_as_mni_average_305_mask talsrcimg_g11 none talsrcimg_to_711-2C_as_mni_average_305_t4 2311
---------------------------------------------------------------------

freesurfer imgreg_4dfp.c
/opt/freesurfer/average/711-2C_as_mni_average_305.4dfp.img
       256       256       256         1
  1.000000  1.000000  1.000000
orientation T byte_order littleendian
Reading image: /opt/freesurfer/average/711-2C_as_mni_average_305.4dfp.img
dimensions:      256       256       256
mmppix:       1.0000   -1.0000   -1.0000
center:     128.0000 -129.0000 -129.0000
/opt/freesurfer/average/711-2B_as_mni_average_305_mask.4dfp.img
       256       256       256         1
  1.000000  1.000000  1.000000
orientation T byte_order littleendian
Reading mask: /opt/freesurfer/average/711-2B_as_mni_average_305_mask.4dfp.img (2306576 pixels)
talsrcimg_g11.4dfp.img
       256       256       256         1
  1.000000  1.000000  1.000000
orientation T byte_order littleendian
Reading image: talsrcimg_g11.4dfp.img
dimensions:      256       256       256
mmppix:       1.0000   -1.0000   -1.0000
center:     128.0000 -129.0000 -129.0000
fimgreg.f
image alignment mode   2311 decimal      907 hex
parameters
   -0.5381   -5.8373   14.6259   -3.6717  -11.8859   -5.3068
    2.4248    1.9279   -2.5771   -0.7924   -3.2602    0.4472
eta,q 0.98087 10.57083
niter,ni,del,rscale     5    3    5.0000    0.8000
parameters
   -0.5215   -5.8299   14.6899   -3.9728  -11.9911   -5.6399
    2.4507    1.9758   -2.6043   -0.7137   -3.2743    0.7830
eta,q 0.98077 10.56150
  0.0212  0.0207  0.0207  0.0212  0.0210  0.0223  0.0207  0.0229  0.0203  0.0212  0.0204  0.0200
  0.0201  0.0198  0.0198  0.0202  0.0200  0.0211  0.0199  0.0210  0.0197  0.0201  0.0197  0.0196
  0.0194  0.0193  0.0193  0.0194  0.0194  0.0199  0.0194  0.0197  0.0194  0.0195  0.0193  0.0193
  0.0191  0.0191  0.0191  0.0191  0.0191  0.0191  0.0192  0.0192  0.0192  0.0192  0.0192  0.0192
  0.0194  0.0193  0.0193  0.0194  0.0194  0.0196  0.0194  0.0197  0.0194  0.0194  0.0194  0.0193
  0.0200  0.0198  0.0197  0.0203  0.0201  0.0213  0.0199  0.0210  0.0197  0.0200  0.0198  0.0194
  0.0211  0.0207  0.0204  0.0220  0.0212  0.0239  0.0207  0.0228  0.0204  0.0211  0.0204  0.0198
niter,ni,del,rscale     4    3    5.0000    0.7000
parameters
   -0.5140   -5.8349   14.5856   -3.7744  -11.9352   -5.6901
    2.4541    1.9849   -2.6152   -0.7356   -3.2636    0.7611
eta,q 0.98078 10.56435
  0.0208  0.0204  0.0201  0.0211  0.0207  0.0220  0.0204  0.0222  0.0201  0.0206  0.0202  0.0197
  0.0199  0.0197  0.0196  0.0202  0.0200  0.0209  0.0197  0.0206  0.0196  0.0198  0.0196  0.0194
  0.0194  0.0194  0.0193  0.0195  0.0194  0.0199  0.0193  0.0196  0.0193  0.0194  0.0193  0.0193
  0.0192  0.0192  0.0192  0.0192  0.0192  0.0192  0.0192  0.0192  0.0192  0.0192  0.0192  0.0192
  0.0194  0.0194  0.0194  0.0193  0.0193  0.0194  0.0193  0.0196  0.0193  0.0194  0.0193  0.0193
  0.0199  0.0198  0.0198  0.0198  0.0199  0.0206  0.0197  0.0206  0.0196  0.0199  0.0196  0.0194
  0.0207  0.0204  0.0204  0.0209  0.0207  0.0226  0.0204  0.0221  0.0201  0.0207  0.0201  0.0198
niter,ni,del,rscale     3    3    5.0000    0.6000
parameters
   -0.5224   -5.8306   14.5793   -3.6773  -11.9161   -5.5913
    2.4410    1.9670   -2.6098   -0.7502   -3.2614    0.6612
eta,q 0.98081 10.56717
  0.0203  0.0201  0.0200  0.0206  0.0204  0.0215  0.0200  0.0214  0.0198  0.0202  0.0199  0.0196
  0.0197  0.0196  0.0195  0.0199  0.0198  0.0206  0.0195  0.0202  0.0195  0.0196  0.0195  0.0193
  0.0193  0.0193  0.0193  0.0194  0.0194  0.0198  0.0193  0.0194  0.0193  0.0193  0.0193  0.0192
  0.0192  0.0192  0.0192  0.0192  0.0192  0.0192  0.0192  0.0192  0.0192  0.0192  0.0192  0.0192
  0.0194  0.0193  0.0193  0.0193  0.0193  0.0193  0.0193  0.0195  0.0193  0.0193  0.0193  0.0192
  0.0197  0.0196  0.0196  0.0197  0.0197  0.0201  0.0196  0.0203  0.0195  0.0197  0.0195  0.0194
  0.0204  0.0201  0.0200  0.0205  0.0204  0.0216  0.0200  0.0214  0.0198  0.0203  0.0199  0.0196
niter,ni,del,rscale     2    3    5.0000    0.5000
parameters
   -0.5307   -5.8321   14.6006   -3.6586  -11.9088   -5.4456
    2.4278    1.9507   -2.5937   -0.7735   -3.2582    0.5499
eta,q 0.98084 10.56909
  0.0200  0.0198  0.0198  0.0201  0.0200  0.0210  0.0197  0.0208  0.0196  0.0199  0.0197  0.0194
  0.0195  0.0195  0.0194  0.0197  0.0196  0.0203  0.0194  0.0199  0.0194  0.0195  0.0194  0.0193
  0.0193  0.0193  0.0192  0.0193  0.0193  0.0196  0.0192  0.0193  0.0192  0.0192  0.0192  0.0192
  0.0192  0.0192  0.0192  0.0192  0.0192  0.0192  0.0192  0.0192  0.0192  0.0192  0.0192  0.0192
  0.0193  0.0193  0.0192  0.0193  0.0193  0.0192  0.0192  0.0194  0.0192  0.0192  0.0192  0.0192
  0.0196  0.0195  0.0194  0.0196  0.0195  0.0198  0.0194  0.0199  0.0193  0.0195  0.0194  0.0193
  0.0200  0.0198  0.0197  0.0202  0.0200  0.0209  0.0197  0.0208  0.0196  0.0199  0.0197  0.0195
niter,ni,del,rscale     1    3    5.0000    0.4000
parameters
   -0.5347   -5.8406   14.6295   -3.6758  -11.8843   -5.3036
    2.4196    1.9376   -2.5651   -0.7960   -3.2529    0.4416
eta,q 0.98087 10.57093
  0.0197  0.0195  0.0195  0.0198  0.0197  0.0205  0.0195  0.0202  0.0194  0.0196  0.0195  0.0193
  0.0194  0.0193  0.0193  0.0194  0.0194  0.0199  0.0193  0.0196  0.0193  0.0193  0.0193  0.0192
  0.0192  0.0192  0.0192  0.0192  0.0192  0.0194  0.0192  0.0192  0.0192  0.0192  0.0192  0.0191
  0.0192  0.0192  0.0192  0.0192  0.0192  0.0192  0.0191  0.0191  0.0191  0.0191  0.0191  0.0191
  0.0192  0.0192  0.0192  0.0192  0.0192  0.0192  0.0192  0.0193  0.0192  0.0192  0.0192  0.0192
  0.0194  0.0193  0.0193  0.0194  0.0194  0.0196  0.0193  0.0196  0.0193  0.0193  0.0193  0.0192
  0.0197  0.0196  0.0195  0.0198  0.0197  0.0203  0.0195  0.0202  0.0194  0.0196  0.0195  0.0193
registration optimization eta report
parameter search radius
    0.8000    0.8000    0.8000    2.4000    2.4000    2.4000
    2.4000    2.4000    2.4000    2.4000    2.4000    2.4000
100000*second partial in parameter space
       82.       62.       56.       11.        9.       22.
        6.       19.        5.        8.        6.        3.
  0.0197  0.0195  0.0195  0.0198  0.0197  0.0205  0.0195  0.0202  0.0194  0.0196  0.0195  0.0193
  0.0194  0.0193  0.0193  0.0194  0.0194  0.0199  0.0193  0.0196  0.0193  0.0193  0.0193  0.0192
  0.0192  0.0192  0.0192  0.0192  0.0192  0.0194  0.0192  0.0192  0.0192  0.0192  0.0192  0.0191
  0.0192  0.0192  0.0192  0.0192  0.0192  0.0192  0.0191  0.0191  0.0191  0.0191  0.0191  0.0191
  0.0192  0.0192  0.0192  0.0192  0.0192  0.0192  0.0192  0.0193  0.0192  0.0192  0.0192  0.0192
  0.0194  0.0193  0.0193  0.0194  0.0194  0.0196  0.0193  0.0196  0.0193  0.0193  0.0193  0.0192
  0.0197  0.0196  0.0195  0.0198  0.0197  0.0203  0.0195  0.0202  0.0194  0.0196  0.0195  0.0193
   -0.5347   -5.8406   14.6295   -3.6758  -11.8843   -5.3036
    2.4196    1.9376   -2.5651   -0.7960   -3.2529    0.4416
eta,q 0.98087 10.57093

---------------------------------------------------------------------
compute_vox2vox talsrcimg talsrcimg_to_711-2C_as_mni_average_305_t4 /opt/freesurfer/average/711-2C_as_mni_average_305
---------------------------------------------------------------------

freesurfer compute_vox2vox.c
Reading: talsrcimg.4dfp.ifh
Reading: talsrcimg_to_711-2C_as_mni_average_305_t4
Reading: /opt/freesurfer/average/711-2C_as_mni_average_305.4dfp.ifh
Writing: talsrcimg_to_711-2C_as_mni_average_305_t4_vox2vox.txt

start time Mon Mar 9 06:07:57 CET 2026
end		time Mon Mar 9 06:08:10 CET 2026

mpr2mni305 success

avi2talxfm orig_nu.mgz /opt/freesurfer/average/mni305.cor.mgz talsrcimg_to_711-2C_as_mni_average_305_t4_vox2vox.txt transforms/talairach.auto.xfm
avi2talxfm done
mv -f /out/sourcedata/freesurfer/sub-v1s18x0051253_ses-1/mri/talsrcimg_to_711-2C_as_mni_average_305_t4_vox2vox.txt /out/sourcedata/freesurfer/sub-v1s18x0051253_ses-1/mri/transforms/talsrcimg_to_711-2C_as_mni_average_305_t4_vox2vox.txt
lta_convert --src orig_nu.mgz --trg /opt/freesurfer/average/mni305.cor.mgz --inxfm transforms/talairach.auto.xfm --outlta transforms/talairach.auto.xfm.lta --subject fsaverage
7.3.2

--src: orig_nu.mgz src image (geometry).
--trg: /opt/freesurfer/average/mni305.cor.mgz trg image (geometry).
--inmni: transforms/talairach.auto.xfm input MNI/XFM transform.
--outlta: transforms/talairach.auto.xfm.lta output LTA.
--s: fsaverage subject name
 LTA read, type : 1
 1.03668  -0.02145  -0.02836   2.73874;
 0.03547   1.05523  -0.00626  -13.78569;
 0.03050   0.00891   1.13399  -1.41200;
 0.00000   0.00000   0.00000   1.00000;
setting subject to fsaverage
Writing  LTA to file transforms/talairach.auto.xfm.lta...
lta_convert successful.
 
 
Started at Mon Mar 9 06:07:56 CET 2026
Ended   at Mon Mar  9 06:08:11 CET 2026
talairach_avi done
