status file for recon-all
Mon Mar  9 07:46:48 CET 2026
#@# Tessellate rh Mon Mar  9 07:46:48 CET 2026
#@# Smooth1 rh Mon Mar  9 07:46:50 CET 2026
#@# Inflation1 rh Mon Mar  9 07:46:52 CET 2026
#@# QSphere rh Mon Mar  9 07:47:01 CET 2026
#@# Fix Topology rh Mon Mar  9 07:47:46 CET 2026
#@# Smooth2 rh Mon Mar  9 07:51:38 CET 2026
#@# Inflation2 rh Mon Mar  9 07:51:41 CET 2026
#@# Curv .H and .K rh Mon Mar  9 07:51:49 CET 2026
#@# Sphere rh Mon Mar  9 07:52:26 CET 2026
#@# Surf Reg rh Mon Mar  9 07:54:10 CET 2026
#@# Jacobian white rh Mon Mar  9 07:56:35 CET 2026
#@# AvgCurv rh Mon Mar  9 07:56:35 CET 2026
#@# Cortical Parc rh Mon Mar  9 07:56:36 CET 2026
#@# white curv rh Mon Mar  9 08:01:24 CET 2026
#@# white area rh Mon Mar  9 08:01:25 CET 2026
#@# pial curv rh Mon Mar  9 08:01:25 CET 2026
#@# pial area rh Mon Mar  9 08:01:27 CET 2026
#@# thickness rh Mon Mar  9 08:01:27 CET 2026
#@# area and vertex vol rh Mon Mar  9 08:01:45 CET 2026
#@# Curvature Stats rh Mon Mar  9 08:01:46 CET 2026
#@# Cortical Parc 2 rh Mon Mar  9 08:01:48 CET 2026
#@# Cortical Parc 3 rh Mon Mar  9 08:01:58 CET 2026
#@# WM/GM Contrast rh Mon Mar  9 08:02:05 CET 2026
recon-all -s sub-v1s18x0051260_ses-1 finished without error at Mon Mar  9 08:02:07 CET 2026



#New# invocation of recon-all 



status file for recon-all
Mon Mar  9 08:09:05 CET 2026
#@# white curv rh Mon Mar  9 08:09:05 CET 2026
#@# white area rh Mon Mar  9 08:09:05 CET 2026
#@# pial curv rh Mon Mar  9 08:09:05 CET 2026
#@# pial area rh Mon Mar  9 08:09:05 CET 2026
#@# thickness rh Mon Mar  9 08:09:05 CET 2026
#@# area and vertex vol rh Mon Mar  9 08:09:05 CET 2026
#@# Parcellation Stats rh Mon Mar  9 08:09:05 CET 2026
#@# Parcellation Stats 2 rh Mon Mar  9 08:09:20 CET 2026
#@# Parcellation Stats 3 rh Mon Mar  9 08:09:27 CET 2026
#@# BA_exvivo Labels rh Mon Mar  9 08:09:34 CET 2026
recon-all -s sub-v1s18x0051260_ses-1 finished without error at Mon Mar  9 08:11:22 CET 2026
