status file for recon-all
Mon Mar  9 07:31:16 CET 2026
#@# Tessellate lh Mon Mar  9 07:31:16 CET 2026
#@# Smooth1 lh Mon Mar  9 07:31:18 CET 2026
#@# Inflation1 lh Mon Mar  9 07:31:20 CET 2026
#@# QSphere lh Mon Mar  9 07:31:28 CET 2026
#@# Fix Topology lh Mon Mar  9 07:32:08 CET 2026
#@# Smooth2 lh Mon Mar  9 07:36:27 CET 2026
#@# Inflation2 lh Mon Mar  9 07:36:29 CET 2026
#@# Curv .H and .K lh Mon Mar  9 07:36:36 CET 2026
#@# Sphere lh Mon Mar  9 07:37:13 CET 2026
#@# Surf Reg lh Mon Mar  9 07:38:37 CET 2026
#@# Jacobian white lh Mon Mar  9 07:41:00 CET 2026
#@# AvgCurv lh Mon Mar  9 07:41:01 CET 2026
#@# Cortical Parc lh Mon Mar  9 07:41:01 CET 2026
#@# white curv lh Mon Mar  9 07:46:03 CET 2026
#@# white area lh Mon Mar  9 07:46:04 CET 2026
#@# pial curv lh Mon Mar  9 07:46:04 CET 2026
#@# pial area lh Mon Mar  9 07:46:06 CET 2026
#@# thickness lh Mon Mar  9 07:46:06 CET 2026
#@# area and vertex vol lh Mon Mar  9 07:46:24 CET 2026
#@# Curvature Stats lh Mon Mar  9 07:46:25 CET 2026
#@# Cortical Parc 2 lh Mon Mar  9 07:46:27 CET 2026
#@# Cortical Parc 3 lh Mon Mar  9 07:46:37 CET 2026
#@# WM/GM Contrast lh Mon Mar  9 07:46:44 CET 2026
recon-all -s sub-v1s18x0051260_ses-1 finished without error at Mon Mar  9 07:46:46 CET 2026



#New# invocation of recon-all 



status file for recon-all
Mon Mar  9 08:06:46 CET 2026
#@# white curv lh Mon Mar  9 08:06:46 CET 2026
#@# white area lh Mon Mar  9 08:06:46 CET 2026
#@# pial curv lh Mon Mar  9 08:06:46 CET 2026
#@# pial area lh Mon Mar  9 08:06:46 CET 2026
#@# thickness lh Mon Mar  9 08:06:46 CET 2026
#@# area and vertex vol lh Mon Mar  9 08:06:46 CET 2026
#@# Parcellation Stats lh Mon Mar  9 08:06:46 CET 2026
#@# Parcellation Stats 2 lh Mon Mar  9 08:07:00 CET 2026
#@# Parcellation Stats 3 lh Mon Mar  9 08:07:07 CET 2026
#@# BA_exvivo Labels lh Mon Mar  9 08:07:13 CET 2026
recon-all -s sub-v1s18x0051260_ses-1 finished without error at Mon Mar  9 08:09:02 CET 2026
