/out/sourcedata/freesurfer/sub-v1s18x0051257_ses-1/mri
/opt/freesurfer/bin/talairach_avi
--i orig_nu.mgz --xfm transforms/talairach.auto.xfm
talairach_avi 7.3.2
Linux dna018 5.14.0-427.37.1.el9_4.x86_64 #1 SMP PREEMPT_DYNAMIC Fri Sep 13 12:41:50 EDT 2024 x86_64 x86_64 x86_64 GNU/Linux
Mon Mar  9 06:16:32 CET 2026
mri_convert orig_nu.mgz talsrcimg.img 
reading from orig_nu.mgz...
TR=0.00, TE=0.00, TI=0.00, flip angle=0.00
i_ras = (-1, 0, 0)
j_ras = (0, 0, -1)
k_ras = (0, 1, 0)
writing to talsrcimg.img...
Analyze Output Matrix
-1.00000   0.00000   0.00000   128.99452;
 0.00000   0.00000   1.00000  -117.10942;
 0.00000  -1.00000   0.00000   136.65860;
 0.00000   0.00000   0.00000   1.00000;
--------------------
INFO: set hdr.hist.orient to -1
mpr2mni305 talsrcimg
Mon Mar  9 06:16:33 CET 2026
/opt/freesurfer/bin/mpr2mni305 talsrcimg
mpr2mni305 7.3.2
target=711-2C_as_mni_average_305

---------------------------------------------------------------------
analyzeto4dfp talsrcimg -O0 -y
---------------------------------------------------------------------

freesurfer ifh2hdr.c
Mon Mar  9 06:16:33 2026
Writing: talsrcimg.4dfp.hdr
freesurfer analyzeto4dfp.c
Reading: talsrcimg.hdr
header size 348 bytes
hdr.dime.datatype	offset=70	value=2
hdr.dime.bitpix		offset=72	value=8
hdr.hist.orient		offset=252	value=-1
dimensionality     4
dimensions       256       256       256         1
Reading: talsrcimg.img
Writing: talsrcimg.4dfp.img
Writing: talsrcimg.4dfp.ifh
ifh2hdr talsrcimg -r0to244
ori=2

---------------------------------------------------------------------
gauss_4dfp talsrcimg 1.1
---------------------------------------------------------------------

freesurfer gauss_4dfp.c
Reading: talsrcimg.4dfp.img
Writing: talsrcimg_g11.4dfp.img
image dimensions 256 256 256 padded to 288 288 288
processing volume 1freesurfer ifh2hdr.c
Mon Mar  9 06:16:34 2026
Writing: talsrcimg_g11.4dfp.hdr

Writing: talsrcimg_g11.4dfp.ifh
including: talsrcimg.4dfp.img.rec in talsrcimg_g11.4dfp.img.rec

---------------------------------------------------------------------
imgreg_4dfp /opt/freesurfer/average/711-2C_as_mni_average_305 none talsrcimg_g11 none talsrcimg_to_711-2C_as_mni_average_305_t4 4355
---------------------------------------------------------------------

freesurfer imgreg_4dfp.c
/opt/freesurfer/average/711-2C_as_mni_average_305.4dfp.img
       256       256       256         1
  1.000000  1.000000  1.000000
orientation T byte_order littleendian
Reading image: /opt/freesurfer/average/711-2C_as_mni_average_305.4dfp.img
dimensions:      256       256       256
mmppix:       1.0000   -1.0000   -1.0000
center:     128.0000 -129.0000 -129.0000
talsrcimg_g11.4dfp.img
       256       256       256         1
  1.000000  1.000000  1.000000
orientation T byte_order littleendian
Reading image: talsrcimg_g11.4dfp.img
dimensions:      256       256       256
mmppix:       1.0000   -1.0000   -1.0000
center:     128.0000 -129.0000 -129.0000
t4_read: open error in t4_sub.f l:  41 t4_file(1:l)talsrcimg_to_711-2C_as_mni_average_305_t4 
t4_read: transform initialized to I4
rotation matrix determinant  1.000000
image alignment mode   4355 decimal     1103 hex
   -7.5000  -45.0000  -45.0000 8181.8779   18.3012
    0.0000  -45.0000  -45.0000 8566.8975   18.2970
    7.5000  -45.0000  -45.0000 8155.2144   18.2067
   -7.5000  -37.5000  -45.0000 8663.9629   18.3173
    0.0000  -37.5000  -45.0000 9065.8584   18.3099
    7.5000  -37.5000  -45.0000 8638.2773   18.2248
   -7.5000  -30.0000  -45.0000 9386.3398   18.3467
    0.0000  -30.0000  -45.0000 9809.1416   18.3380
    7.5000  -30.0000  -45.0000 9339.7480   18.2585
   -7.5000  -22.5000  -45.000010047.4414   18.3570
    0.0000  -22.5000  -45.000010481.5049   18.3468
    7.5000  -22.5000  -45.000010011.7109   18.2670
   -7.5000  -15.0000  -45.000010625.7520   18.3397
    0.0000  -15.0000  -45.000011092.2314   18.3291
    7.5000  -15.0000  -45.000010600.1055   18.2433
   -7.5000   -7.5000  -45.000011182.6396   18.3131
    0.0000   -7.5000  -45.000011684.1660   18.3072
    7.5000   -7.5000  -45.000011157.3271   18.2165
   -7.5000    0.0000  -45.000011688.3369   18.3010
    0.0000    0.0000  -45.000012208.3887   18.2968
    7.5000    0.0000  -45.000011666.6211   18.2065
   -7.5000    7.5000  -45.000011417.2910   18.3173
    0.0000    7.5000  -45.000011895.6436   18.3099
    7.5000    7.5000  -45.000011406.1201   18.2248
   -7.5000   15.0000  -45.000010697.2061   18.3467
    0.0000   15.0000  -45.000011090.6250   18.3380
    7.5000   15.0000  -45.000010649.3848   18.2585
   -7.5000   22.5000  -45.0000 9841.9365   18.3545
    0.0000   22.5000  -45.000010196.2256   18.3442
    7.5000   22.5000  -45.0000 9777.8818   18.2645
   -7.5000   30.0000  -45.0000 8982.5879   18.0953
    0.0000   30.0000  -45.0000 9336.0684   18.0848
    7.5000   30.0000  -45.0000 8933.3789   18.0001
   -7.5000   37.5000  -45.0000 8446.0420   18.0690
    0.0000   37.5000  -45.0000 8772.8896   18.0632
    7.5000   37.5000  -45.0000 8403.9678   17.9737
   -7.5000   45.0000  -45.0000 7625.4585   17.5986
    0.0000   45.0000  -45.0000 7921.8105   17.5945
    7.5000   45.0000  -45.0000 7594.0054   17.5077
   -7.5000  -45.0000  -37.5000 8816.6533   18.1238
    0.0000  -45.0000  -37.5000 9245.2500   18.1122
    7.5000  -45.0000  -37.5000 8788.7539   18.0199
   -7.5000  -37.5000  -37.5000 9300.1875   18.1365
    0.0000  -37.5000  -37.5000 9746.5938   18.1229
    7.5000  -37.5000  -37.5000 9286.0039   18.0343
   -7.5000  -30.0000  -37.500010061.9492   18.1627
    0.0000  -30.0000  -37.500010526.7773   18.1479
    7.5000  -30.0000  -37.500010036.9062   18.0670
   -7.5000  -22.5000  -37.500010755.3174   18.1742
    0.0000  -22.5000  -37.500011237.4580   18.1571
    7.5000  -22.5000  -37.500010710.8428   18.0790
   -7.5000  -15.0000  -37.500011355.7520   18.1612
    0.0000  -15.0000  -37.500011862.6826   18.1425
    7.5000  -15.0000  -37.500011306.4590   18.0598
   -7.5000   -7.5000  -37.500011889.5840   18.1368
    0.0000   -7.5000  -37.500012434.8320   18.1223
    7.5000   -7.5000  -37.500011848.5205   18.0333
   -7.5000    0.0000  -37.500012401.6611   18.1236
    0.0000    0.0000  -37.500012950.4941   18.1120
    7.5000    0.0000  -37.500012360.8574   18.0197
   -7.5000    7.5000  -37.500012091.9141   18.1365
    0.0000    7.5000  -37.500012605.0322   18.1229
    7.5000    7.5000  -37.500012065.6602   18.0343
   -7.5000   15.0000  -37.500011326.1768   18.1627
    0.0000   15.0000  -37.500011757.9893   18.1479
    7.5000   15.0000  -37.500011261.6436   18.0670
   -7.5000   22.5000  -37.500010406.2783   18.1717
    0.0000   22.5000  -37.500010800.4648   18.1546
    7.5000   22.5000  -37.500010356.5879   18.0765
   -7.5000   30.0000  -37.5000 9473.4775   17.9192
    0.0000   30.0000  -37.5000 9839.0840   17.9007
    7.5000   30.0000  -37.5000 9441.5889   17.8191
   -7.5000   37.5000  -37.5000 8886.0186   17.8951
    0.0000   37.5000  -37.5000 9215.5498   17.8808
    7.5000   37.5000  -37.5000 8848.5986   17.7929
   -7.5000   45.0000  -37.5000 8004.6479   17.4280
    0.0000   45.0000  -37.5000 8299.4971   17.4168
    7.5000   45.0000  -37.5000 7977.1489   17.3281
   -7.5000  -45.0000  -30.0000 9581.9170   18.8320
    0.0000  -45.0000  -30.000010034.7998   18.8211
    7.5000  -45.0000  -30.0000 9561.6201   18.7294
   -7.5000  -37.5000  -30.000010070.9541   18.8379
    0.0000  -37.5000  -30.000010550.2012   18.8251
    7.5000  -37.5000  -30.000010062.0635   18.7363
   -7.5000  -30.0000  -30.000010866.3096   18.8575
    0.0000  -30.0000  -30.000011366.0439   18.8439
    7.5000  -30.0000  -30.000010840.2559   18.7641
   -7.5000  -22.5000  -30.000011628.4316   18.8707
    0.0000  -22.5000  -30.000012162.5088   18.8547
    7.5000  -22.5000  -30.000011572.6445   18.7795
   -7.5000  -15.0000  -30.000012275.6729   18.8663
    0.0000  -15.0000  -30.000012882.5459   18.8486
    7.5000  -15.0000  -30.000012220.2979   18.7699
   -7.5000   -7.5000  -30.000012841.4453   18.8471
    0.0000   -7.5000  -30.000013470.0859   18.8334
    7.5000   -7.5000  -30.000012802.9941   18.7474
   -7.5000    0.0000  -30.000013339.3184   18.8318
    0.0000    0.0000  -30.000013976.7266   18.8209
    7.5000    0.0000  -30.000013315.8955   18.7292
   -7.5000    7.5000  -30.000012968.8740   18.8379
    0.0000    7.5000  -30.000013525.8721   18.8251
    7.5000    7.5000  -30.000012913.9453   18.7363
   -7.5000   15.0000  -30.000012104.8213   18.8575
    0.0000   15.0000  -30.000012637.2256   18.8439
    7.5000   15.0000  -30.000012048.2695   18.7641
   -7.5000   22.5000  -30.000011113.5254   18.8662
    0.0000   22.5000  -30.000011592.9248   18.8502
    7.5000   22.5000  -30.000011075.3252   18.7750
   -7.5000   30.0000  -30.000010100.7148   18.6167
    0.0000   30.0000  -30.000010545.1338   18.5992
    7.5000   30.0000  -30.000010075.5449   18.5215
   -7.5000   37.5000  -30.0000 9468.8896   18.5977
    0.0000   37.5000  -30.0000 9878.0615   18.5841
    7.5000   37.5000  -30.0000 9461.6807   18.4993
   -7.5000   45.0000  -30.0000 8520.8994   18.1224
    0.0000   45.0000  -30.0000 8851.1357   18.1119
    7.5000   45.0000  -30.0000 8492.3965   18.0236
   -7.5000  -45.0000  -22.500010334.2100   19.5212
    0.0000  -45.0000  -22.500010805.7979   19.5199
    7.5000  -45.0000  -22.500010311.7695   19.4344
   -7.5000  -37.5000  -22.500010848.1494   19.5218
    0.0000  -37.5000  -22.500011356.2441   19.5173
    7.5000  -37.5000  -22.500010823.6855   19.4356
   -7.5000  -30.0000  -22.500011703.8906   19.5354
    0.0000  -30.0000  -22.500012231.2207   19.5293
    7.5000  -30.0000  -22.500011653.6533   19.4554
   -7.5000  -22.5000  -22.500012490.7461   19.5476
    0.0000  -22.5000  -22.500013101.5498   19.5397
    7.5000  -22.5000  -22.500012427.7842   19.4685
   -7.5000  -15.0000  -22.500013181.0352   19.5483
    0.0000  -15.0000  -22.500013852.3682   19.5403
    7.5000  -15.0000  -22.500013095.4580   19.4657
   -7.5000   -7.5000  -22.500013795.6816   19.5354
    0.0000   -7.5000  -22.500014491.0449   19.5322
    7.5000   -7.5000  -22.500013701.9287   19.4511
   -7.5000    0.0000  -22.500014332.4990   19.5211
    0.0000    0.0000  -22.500015051.0195   19.5197
    7.5000    0.0000  -22.500014269.9893   19.4342
   -7.5000    7.5000  -22.500013852.0791   19.5218
    0.0000    7.5000  -22.500014484.1670   19.5173
    7.5000    7.5000  -22.500013754.2822   19.4356
   -7.5000   15.0000  -22.500012908.2266   19.5354
    0.0000   15.0000  -22.500013474.8350   19.5293
    7.5000   15.0000  -22.500012833.7793   19.4554
   -7.5000   22.5000  -22.500011847.7725   19.5416
    0.0000   22.5000  -22.500012350.8906   19.5336
    7.5000   22.5000  -22.500011788.9854   19.4625
   -7.5000   30.0000  -22.500010722.6299   19.2926
    0.0000   30.0000  -22.500011208.7051   19.2847
    7.5000   30.0000  -22.500010702.0693   19.2110
   -7.5000   37.5000  -22.500010039.3848   19.2798
    0.0000   37.5000  -22.500010496.9395   19.2767
    7.5000   37.5000  -22.500010052.0176   19.1967
   -7.5000   45.0000  -22.5000 9042.2812   18.7997
    0.0000   45.0000  -22.5000 9389.4844   18.7984
    7.5000   45.0000  -22.5000 9020.5703   18.7161
   -7.5000  -45.0000  -15.000011086.0518   20.0438
    0.0000  -45.0000  -15.000011590.0693   20.0512
    7.5000  -45.0000  -15.000011055.9453   19.9691
   -7.5000  -37.5000  -15.000011613.6318   20.0469
    0.0000  -37.5000  -15.000012156.1123   20.0499
    7.5000  -37.5000  -15.000011574.6133   19.9724
   -7.5000  -30.0000  -15.000012522.4590   20.0620
    0.0000  -30.0000  -15.000013088.9502   20.0635
    7.5000  -30.0000  -15.000012472.0771   19.9909
   -7.5000  -22.5000  -15.000013304.4512   20.0713
    0.0000  -22.5000  -15.000014011.4883   20.0723
    7.5000  -22.5000  -15.000013240.9307   19.9998
   -7.5000  -15.0000  -15.000014018.9873   20.0678
    0.0000  -15.0000  -15.000014739.9004   20.0705
    7.5000  -15.0000  -15.000013926.4404   19.9942
   -7.5000   -7.5000  -15.000014664.8623   20.0553
    0.0000   -7.5000  -15.000015416.2119   20.0628
    7.5000   -7.5000  -15.000014571.3096   19.9817
   -7.5000    0.0000  -15.000015271.1191   20.0436
    0.0000    0.0000  -15.000016032.0752   20.0510
    7.5000    0.0000  -15.000015166.5879   19.9689
   -7.5000    7.5000  -15.000014713.3311   20.0469
    0.0000    7.5000  -15.000015393.3467   20.0499
    7.5000    7.5000  -15.000014586.9922   19.9724
   -7.5000   15.0000  -15.000013689.1094   20.0620
    0.0000   15.0000  -15.000014344.0264   20.0635
    7.5000   15.0000  -15.000013596.2832   19.9909
   -7.5000   22.5000  -15.000012587.4678   20.0642
    0.0000   22.5000  -15.000013181.5137   20.0652
    7.5000   22.5000  -15.000012520.4639   19.9928
   -7.5000   30.0000  -15.000011382.0449   19.8081
    0.0000   30.0000  -15.000011897.1797   19.8108
    7.5000   30.0000  -15.000011340.5410   19.7354
   -7.5000   37.5000  -15.000010629.1562   19.7957
    0.0000   37.5000  -15.000011116.3916   19.8031
    7.5000   37.5000  -15.000010626.0859   19.7231
   -7.5000   45.0000  -15.0000 9528.9082   19.3146
    0.0000   45.0000  -15.0000 9935.0586   19.3218
    7.5000   45.0000  -15.0000 9513.5059   19.2426
   -7.5000  -45.0000   -7.500011843.9990   20.2844
    0.0000  -45.0000   -7.500012349.3203   20.2899
    7.5000  -45.0000   -7.500011844.6035   20.2010
   -7.5000  -37.5000   -7.500012389.7334   20.2963
    0.0000  -37.5000   -7.500012914.6270   20.2974
    7.5000  -37.5000   -7.500012382.6406   20.2140
   -7.5000  -30.0000   -7.500013343.9902   20.3221
    0.0000  -30.0000   -7.500014009.5176   20.3222
    7.5000  -30.0000   -7.500013314.4463   20.2430
   -7.5000  -22.5000   -7.500014192.0166   20.3323
    0.0000  -22.5000   -7.500014909.8682   20.3322
    7.5000  -22.5000   -7.500014134.0303   20.2519
   -7.5000  -15.0000   -7.500014892.1748   20.3193
    0.0000  -15.0000   -7.500015606.6279   20.3206
    7.5000  -15.0000   -7.500014848.7598   20.2347
   -7.5000   -7.5000   -7.500015607.6826   20.2969
    0.0000   -7.5000   -7.500016341.2197   20.3028
    7.5000   -7.5000   -7.500015538.7539   20.2126
   -7.5000    0.0000   -7.500016224.9639   20.2842
    0.0000    0.0000   -7.500016989.0293   20.2897
    7.5000    0.0000   -7.500016139.9248   20.2008
   -7.5000    7.5000   -7.500015552.1143   20.2963
    0.0000    7.5000   -7.500016272.2383   20.2974
    7.5000    7.5000   -7.500015448.7100   20.2140
   -7.5000   15.0000   -7.500014467.1504   20.3221
    0.0000   15.0000   -7.500015148.0732   20.3222
    7.5000   15.0000   -7.500014366.0762   20.2430
   -7.5000   22.5000   -7.500013344.1006   20.3230
    0.0000   22.5000   -7.500013974.4229   20.3229
    7.5000   22.5000   -7.500013268.5615   20.2426
   -7.5000   30.0000   -7.500012116.3096   20.0558
    0.0000   30.0000   -7.500012668.4863   20.0571
    7.5000   30.0000   -7.500012013.6641   19.9723
   -7.5000   37.5000   -7.500011258.5010   20.0337
    0.0000   37.5000   -7.500011792.0625   20.0396
    7.5000   37.5000   -7.500011199.7852   19.9505
   -7.5000   45.0000   -7.500010003.0166   19.5501
    0.0000   45.0000   -7.500010453.0742   19.5555
    7.5000   45.0000   -7.5000 9969.0928   19.4697
   -7.5000  -45.0000    0.000012549.6250   20.2912
    0.0000  -45.0000    0.000013096.0654   20.2868
    7.5000  -45.0000    0.000012591.5127   20.1877
   -7.5000  -37.5000    0.000013131.4111   20.3087
    0.0000  -37.5000    0.000013760.6191   20.3009
    7.5000  -37.5000    0.000013136.2432   20.2074
   -7.5000  -30.0000    0.000014156.5420   20.3414
    0.0000  -30.0000    0.000014866.6904   20.3321
    7.5000  -30.0000    0.000014137.3916   20.2448
   -7.5000  -22.5000    0.000015012.9229   20.3533
    0.0000  -22.5000    0.000015688.6982   20.3423
    7.5000  -22.5000    0.000015008.1123   20.2548
   -7.5000  -15.0000    0.000015791.2783   20.3345
    0.0000  -15.0000    0.000016486.8984   20.3231
    7.5000  -15.0000    0.000015802.7314   20.2289
   -7.5000   -7.5000    0.000016529.6992   20.3048
    0.0000   -7.5000    0.000017256.0371   20.2987
    7.5000   -7.5000    0.000016538.0625   20.1991
   -7.5000    0.0000    0.000017154.5996   20.2910
    0.0000    0.0000    0.000017889.3848   20.2866
    7.5000    0.0000    0.000017146.2461   20.1874
   -7.5000    7.5000    0.000016358.6582   20.3087
    0.0000    7.5000    0.000017051.9160   20.3009
    7.5000    7.5000    0.000016299.6289   20.2074
   -7.5000   15.0000    0.000015173.1953   20.3414
    0.0000   15.0000    0.000015812.4395   20.3321
    7.5000   15.0000    0.000015099.9658   20.2448
   -7.5000   22.5000    0.000014015.0703   20.3439
    0.0000   22.5000    0.000014666.0684   20.3329
    7.5000   22.5000    0.000013951.5137   20.2454
   -7.5000   30.0000    0.000012771.1709   20.0713
    0.0000   30.0000    0.000013350.5869   20.0601
    7.5000   30.0000    0.000012671.0312   19.9671
   -7.5000   37.5000    0.000011867.2539   20.0421
    0.0000   37.5000    0.000012397.2139   20.0360
    7.5000   37.5000    0.000011788.8857   19.9376
   -7.5000   45.0000    0.000010475.2500   19.5582
    0.0000   45.0000    0.000010919.7256   19.5539
    7.5000   45.0000    0.000010427.4746   19.4584
   -7.5000  -45.0000    7.500012229.1865   20.2425
    0.0000  -45.0000    7.500012754.3994   20.2297
    7.5000  -45.0000    7.500012264.8193   20.1266
   -7.5000  -37.5000    7.500012768.8057   20.2570
    0.0000  -37.5000    7.500013350.3066   20.2420
    7.5000  -37.5000    7.500012807.2910   20.1429
   -7.5000  -30.0000    7.500013695.8848   20.2861
    0.0000  -30.0000    7.500014254.3018   20.2699
    7.5000  -30.0000    7.500013742.1123   20.1794
   -7.5000  -22.5000    7.500014505.2305   20.2987
    0.0000  -22.5000    7.500015057.4775   20.2797
    7.5000  -22.5000    7.500014560.1084   20.1924
   -7.5000  -15.0000    7.500015330.9941   20.2839
    0.0000  -15.0000    7.500015942.3066   20.2632
    7.5000  -15.0000    7.500015363.1582   20.1707
   -7.5000   -7.5000    7.500016085.2480   20.2567
    0.0000   -7.5000    7.500016755.4570   20.2407
    7.5000   -7.5000    7.500016135.7949   20.1412
   -7.5000    0.0000    7.500016707.7969   20.2423
    0.0000    0.0000    7.500017397.8848   20.2295
    7.5000    0.0000    7.500016771.1387   20.1264
   -7.5000    7.5000    7.500015881.2676   20.2570
    0.0000    7.5000    7.500016468.4629   20.2420
    7.5000    7.5000    7.500015884.9639   20.1429
   -7.5000   15.0000    7.500014694.3770   20.2861
    0.0000   15.0000    7.500015252.2676   20.2699
    7.5000   15.0000    7.500014685.0547   20.1794
   -7.5000   22.5000    7.500013580.4775   20.2893
    0.0000   22.5000    7.500014143.2207   20.2704
    7.5000   22.5000    7.500013579.2041   20.1831
   -7.5000   30.0000    7.500012392.2520   20.0214
    0.0000   30.0000    7.500012919.5322   20.0009
    7.5000   30.0000    7.500012352.4473   19.9096
   -7.5000   37.5000    7.500011486.8145   19.9946
    0.0000   37.5000    7.500012007.1045   19.9788
    7.5000   37.5000    7.500011456.1582   19.8805
   -7.5000   45.0000    7.500010147.0137   19.5112
    0.0000   45.0000    7.500010577.7158   19.4989
    7.5000   45.0000    7.500010117.8467   19.3995
   -7.5000  -45.0000   15.000011783.1875   20.2224
    0.0000  -45.0000   15.000012312.0205   20.2107
    7.5000  -45.0000   15.000011807.9258   20.1122
   -7.5000  -37.5000   15.000012297.8584   20.2288
    0.0000  -37.5000   15.000012863.8174   20.2151
    7.5000  -37.5000   15.000012352.1191   20.1197
   -7.5000  -30.0000   15.000013203.5762   20.2498
    0.0000  -30.0000   15.000013723.2959   20.2352
    7.5000  -30.0000   15.000013260.1875   20.1495
   -7.5000  -22.5000   15.000013909.4111   20.2640
    0.0000  -22.5000   15.000014417.3643   20.2468
    7.5000  -22.5000   15.000013982.6836   20.1661
   -7.5000  -15.0000   15.000014650.4199   20.2593
    0.0000  -15.0000   15.000015212.9873   20.2402
    7.5000  -15.0000   15.000014742.8291   20.1557
   -7.5000   -7.5000   15.000015410.1904   20.2386
    0.0000   -7.5000   15.000016021.2158   20.2239
    7.5000   -7.5000   15.000015511.0742   20.1315
   -7.5000    0.0000   15.000016111.2998   20.2222
    0.0000    0.0000   15.000016738.7012   20.2105
    7.5000    0.0000   15.000016192.2002   20.1120
   -7.5000    7.5000   15.000015295.8438   20.2288
    0.0000    7.5000   15.000015823.3916   20.2151
    7.5000    7.5000   15.000015314.1387   20.1197
   -7.5000   15.0000   15.000014136.1055   20.2498
    0.0000   15.0000   15.000014653.3447   20.2352
    7.5000   15.0000   15.000014175.1738   20.1495
   -7.5000   22.5000   15.000013062.0371   20.2547
    0.0000   22.5000   15.000013543.8633   20.2375
    7.5000   22.5000   15.000013079.8389   20.1568
   -7.5000   30.0000   15.000011913.9541   19.9971
    0.0000   30.0000   15.000012351.0371   19.9783
    7.5000   30.0000   15.000011897.5273   19.8949
   -7.5000   37.5000   15.000011048.7480   19.9767
    0.0000   37.5000   15.000011475.5957   19.9621
    7.5000   37.5000   15.000011029.4873   19.8710
   -7.5000   45.0000   15.0000 9775.5693   19.4919
    0.0000   45.0000   15.000010144.1768   19.4806
    7.5000   45.0000   15.0000 9759.3174   19.3856
   -7.5000  -45.0000   22.500011245.9766   20.2649
    0.0000  -45.0000   22.500011783.5596   20.2634
    7.5000  -45.0000   22.500011290.3477   20.1747
   -7.5000  -37.5000   22.500011733.7803   20.2655
    0.0000  -37.5000   22.500012274.5752   20.2608
    7.5000  -37.5000   22.500011802.9111   20.1760
   -7.5000  -30.0000   22.500012671.0967   20.2796
    0.0000  -30.0000   22.500013153.0068   20.2732
    7.5000  -30.0000   22.500012730.9072   20.1966
   -7.5000  -22.5000   22.500013467.8350   20.2923
    0.0000  -22.5000   22.500013846.4961   20.2840
    7.5000  -22.5000   22.500013529.9531   20.2101
   -7.5000  -15.0000   22.500014130.7666   20.2930
    0.0000  -15.0000   22.500014512.4072   20.2846
    7.5000  -15.0000   22.500014203.1455   20.2072
   -7.5000   -7.5000   22.500014844.2656   20.2795
    0.0000   -7.5000   22.500015285.8447   20.2762
    7.5000   -7.5000   22.500014873.5010   20.1921
   -7.5000    0.0000   22.500015492.7256   20.2647
    0.0000    0.0000   22.500016008.3467   20.2632
    7.5000    0.0000   22.500015497.8672   20.1745
   -7.5000    7.5000   22.500014667.2715   20.2655
    0.0000    7.5000   22.500015176.5312   20.2608
    7.5000    7.5000   22.500014632.9336   20.1760
   -7.5000   15.0000   22.500013537.0488   20.2796
    0.0000   15.0000   22.500014040.5479   20.2732
    7.5000   15.0000   22.500013522.9990   20.1966
   -7.5000   22.5000   22.500012460.2393   20.2830
    0.0000   22.5000   22.500012930.4561   20.2747
    7.5000   22.5000   22.500012439.8525   20.2008
   -7.5000   30.0000   22.500011314.1885   20.0304
    0.0000   30.0000   22.500011751.1436   20.0221
    7.5000   30.0000   22.500011293.4502   19.9457
   -7.5000   37.5000   22.500010493.7686   20.0171
    0.0000   37.5000   22.500010907.7070   20.0138
    7.5000   37.5000   22.500010476.7734   19.9308
   -7.5000   45.0000   22.5000 9284.1855   19.5328
    0.0000   45.0000   22.5000 9631.9209   19.5314
    7.5000   45.0000   22.5000 9257.5703   19.4459
   -7.5000  -45.0000   30.000010614.9668   20.3752
    0.0000  -45.0000   30.000011141.1543   20.3827
    7.5000  -45.0000   30.000010650.0381   20.2993
   -7.5000  -37.5000   30.000011087.7920   20.3787
    0.0000  -37.5000   30.000011632.5400   20.3817
    7.5000  -37.5000   30.000011134.7109   20.3031
   -7.5000  -30.0000   30.000011941.8477   20.3942
    0.0000  -30.0000   30.000012529.2510   20.3956
    7.5000  -30.0000   30.000011977.2969   20.3221
   -7.5000  -22.5000   30.000012756.7676   20.4035
    0.0000  -22.5000   30.000013353.6289   20.4044
    7.5000  -22.5000   30.000012772.6475   20.3310
   -7.5000  -15.0000   30.000013466.7754   20.3996
    0.0000  -15.0000   30.000014046.2227   20.4023
    7.5000  -15.0000   30.000013458.7686   20.3248
   -7.5000   -7.5000   30.000014080.1475   20.3867
    0.0000   -7.5000   30.000014625.2480   20.3943
    7.5000   -7.5000   30.000014045.1895   20.3119
   -7.5000    0.0000   30.000014641.0459   20.3750
    0.0000    0.0000   30.000015149.3770   20.3824
    7.5000    0.0000   30.000014604.8799   20.2991
   -7.5000    7.5000   30.000013837.4922   20.3787
    0.0000    7.5000   30.000014307.1338   20.3817
    7.5000    7.5000   30.000013797.4678   20.3031
   -7.5000   15.0000   30.000012777.6924   20.3942
    0.0000   15.0000   30.000013219.1260   20.3956
    7.5000   15.0000   30.000012772.4004   20.3221
   -7.5000   22.5000   30.000011751.7178   20.3941
    0.0000   22.5000   30.000012175.3799   20.3950
    7.5000   22.5000   30.000011742.3672   20.3216
   -7.5000   30.0000   30.000010661.6582   20.1356
    0.0000   30.0000   30.000011059.3721   20.1382
    7.5000   30.0000   30.000010644.5938   20.0617
   -7.5000   37.5000   30.0000 9902.4980   20.1229
    0.0000   37.5000   30.000010291.9912   20.1304
    7.5000   37.5000   30.0000 9884.0098   20.0491
   -7.5000   45.0000   30.0000 8766.3398   19.6391
    0.0000   45.0000   30.0000 9128.2666   19.6463
    7.5000   45.0000   30.0000 8746.8008   19.5660
   -7.5000  -45.0000   37.500010310.9541   20.5320
    0.0000  -45.0000   37.500010852.1064   20.5381
    7.5000  -45.0000   37.500010334.4561   20.4477
   -7.5000  -37.5000   37.500010806.1113   20.5446
    0.0000  -37.5000   37.500011348.1240   20.5461
    7.5000  -37.5000   37.500010820.2197   20.4615
   -7.5000  -30.0000   37.500011630.2920   20.5709
    0.0000  -30.0000   37.500012204.6904   20.5715
    7.5000  -30.0000   37.500011644.3604   20.4914
   -7.5000  -22.5000   37.500012375.4102   20.5811
    0.0000  -22.5000   37.500013000.1768   20.5815
    7.5000  -22.5000   37.500012404.4268   20.5001
   -7.5000  -15.0000   37.500013067.3662   20.5674
    0.0000  -15.0000   37.500013661.2188   20.5692
    7.5000  -15.0000   37.500013056.1104   20.4819
   -7.5000   -7.5000   37.500013685.8662   20.5445
    0.0000   -7.5000   37.500014272.4434   20.5509
    7.5000   -7.5000   37.500013681.9287   20.4591
   -7.5000    0.0000   37.500014232.8975   20.5318
    0.0000    0.0000   37.500014813.9502   20.5378
    7.5000    0.0000   37.500014218.7188   20.4474
   -7.5000    7.5000   37.500013447.4668   20.5446
    0.0000    7.5000   37.500013979.2148   20.5461
    7.5000    7.5000   37.500013438.3145   20.4615
   -7.5000   15.0000   37.500012468.7861   20.5709
    0.0000   15.0000   37.500012962.1328   20.5715
    7.5000   15.0000   37.500012469.5635   20.4914
   -7.5000   22.5000   37.500011448.4707   20.5716
    0.0000   22.5000   37.500011926.2217   20.5720
    7.5000   22.5000   37.500011454.2207   20.4907
   -7.5000   30.0000   37.500010409.2881   20.3013
    0.0000   30.0000   37.500010842.6816   20.3030
    7.5000   30.0000   37.500010399.5117   20.2168
   -7.5000   37.5000   37.5000 9650.9717   20.2786
    0.0000   37.5000   37.500010043.9229   20.2849
    7.5000   37.5000   37.5000 9624.7529   20.1943
   -7.5000   45.0000   37.5000 8551.9697   19.7903
    0.0000   45.0000   37.5000 8913.3525   19.7961
    7.5000   45.0000   37.5000 8529.2959   19.7089
   -7.5000  -45.0000   45.0000 9450.9395   20.5414
    0.0000  -45.0000   45.0000 9949.6328   20.5373
    7.5000  -45.0000   45.0000 9472.0771   20.4355
   -7.5000  -37.5000   45.0000 9905.9990   20.5599
    0.0000  -37.5000   45.000010406.7881   20.5522
    7.5000  -37.5000   45.0000 9905.3467   20.4563
   -7.5000  -30.0000   45.000010659.9795   20.5940
    0.0000  -30.0000   45.000011205.2119   20.5846
    7.5000  -30.0000   45.000010680.1650   20.4953
   -7.5000  -22.5000   45.000011344.2373   20.6062
    0.0000  -22.5000   45.000011920.6973   20.5951
    7.5000  -22.5000   45.000011361.0078   20.5055
   -7.5000  -15.0000   45.000011966.0684   20.5864
    0.0000  -15.0000   45.000012563.0039   20.5751
    7.5000  -15.0000   45.000011976.5645   20.4784
   -7.5000   -7.5000   45.000012543.5391   20.5554
    0.0000   -7.5000   45.000013137.0791   20.5495
    7.5000   -7.5000   45.000012559.6289   20.4471
   -7.5000    0.0000   45.000013067.5430   20.5412
    0.0000    0.0000   45.000013689.2451   20.5371
    7.5000    0.0000   45.000013099.1670   20.4352
   -7.5000    7.5000   45.000012381.3848   20.5599
    0.0000    7.5000   45.000012942.2549   20.5522
    7.5000    7.5000   45.000012407.0811   20.4563
   -7.5000   15.0000   45.000011499.9521   20.5940
    0.0000   15.0000   45.000012017.8086   20.5846
    7.5000   15.0000   45.000011525.6582   20.4953
   -7.5000   22.5000   45.000010573.2266   20.5966
    0.0000   22.5000   45.000011077.3936   20.5856
    7.5000   22.5000   45.000010601.0342   20.4960
   -7.5000   30.0000   45.0000 9596.8633   20.3182
    0.0000   30.0000   45.000010047.1377   20.3071
    7.5000   30.0000   45.0000 9613.3838   20.2116
   -7.5000   37.5000   45.0000 8928.6836   20.2876
    0.0000   37.5000   45.0000 9324.6592   20.2818
    7.5000   37.5000   45.0000 8915.2607   20.1807
   -7.5000   45.0000   45.0000 7934.3857   19.8083
    0.0000   45.0000   45.0000 8287.4727   19.8043
    7.5000   45.0000   45.0000 7918.2612   19.7061

---------------------------------------------------------------------
imgreg_4dfp /opt/freesurfer/average/711-2C_as_mni_average_305 /opt/freesurfer/average/711-2B_as_mni_average_305_mask talsrcimg_g11 none talsrcimg_to_711-2C_as_mni_average_305_t4 4355
---------------------------------------------------------------------

freesurfer imgreg_4dfp.c
/opt/freesurfer/average/711-2C_as_mni_average_305.4dfp.img
       256       256       256         1
  1.000000  1.000000  1.000000
orientation T byte_order littleendian
Reading image: /opt/freesurfer/average/711-2C_as_mni_average_305.4dfp.img
dimensions:      256       256       256
mmppix:       1.0000   -1.0000   -1.0000
center:     128.0000 -129.0000 -129.0000
/opt/freesurfer/average/711-2B_as_mni_average_305_mask.4dfp.img
       256       256       256         1
  1.000000  1.000000  1.000000
orientation T byte_order littleendian
Reading mask: /opt/freesurfer/average/711-2B_as_mni_average_305_mask.4dfp.img (2306576 pixels)
talsrcimg_g11.4dfp.img
       256       256       256         1
  1.000000  1.000000  1.000000
orientation T byte_order littleendian
Reading image: talsrcimg_g11.4dfp.img
dimensions:      256       256       256
mmppix:       1.0000   -1.0000   -1.0000
center:     128.0000 -129.0000 -129.0000
rotation matrix determinant  1.000000
image alignment mode   4355 decimal     1103 hex
   -7.5000  -45.0000  -45.0000 2081.5291   21.0373
    0.0000  -45.0000  -45.0000 2099.1255   20.8086
    7.5000  -45.0000  -45.0000 2082.1899   20.8835
   -7.5000  -37.5000  -45.0000 2138.3308   19.8152
    0.0000  -37.5000  -45.0000 2155.4812   19.5678
    7.5000  -37.5000  -45.0000 2144.1626   19.6313
   -7.5000  -30.0000  -45.0000 2173.0403   18.8852
    0.0000  -30.0000  -45.0000 2186.8767   18.6108
    7.5000  -30.0000  -45.0000 2174.8804   18.6913
   -7.5000  -22.5000  -45.0000 2187.2380   18.1955
    0.0000  -22.5000  -45.0000 2205.2891   17.9623
    7.5000  -22.5000  -45.0000 2192.0625   18.0679
   -7.5000  -15.0000  -45.0000 2185.0015   17.9057
    0.0000  -15.0000  -45.0000 2199.5134   17.6661
    7.5000  -15.0000  -45.0000 2196.1741   17.8257
   -7.5000   -7.5000  -45.0000 2172.6699   18.0674
    0.0000   -7.5000  -45.0000 2197.6829   17.8159
    7.5000   -7.5000  -45.0000 2183.4097   18.0126
   -7.5000    0.0000  -45.0000 2150.1836   18.5415
    0.0000    0.0000  -45.0000 2172.3914   18.2553
    7.5000    0.0000  -45.0000 2158.3179   18.4527
   -7.5000    7.5000  -45.0000 2111.8123   19.3827
    0.0000    7.5000  -45.0000 2131.0630   19.0995
    7.5000    7.5000  -45.0000 2116.1975   19.2861
   -7.5000   15.0000  -45.0000 2054.2732   20.7819
    0.0000   15.0000  -45.0000 2069.5586   20.4530
    7.5000   15.0000  -45.0000 2054.6865   20.6670
   -7.5000   22.5000  -45.0000 1977.8447   22.5967
    0.0000   22.5000  -45.0000 1990.3824   22.3133
    7.5000   22.5000  -45.0000 1977.2833   22.5384
   -7.5000   30.0000  -45.0000 1882.5564   25.0231
    0.0000   30.0000  -45.0000 1904.7371   24.7552
    7.5000   30.0000  -45.0000 1886.5142   24.9168
   -7.5000   37.5000  -45.0000 1785.1605   28.2386
    0.0000   37.5000  -45.0000 1802.9724   28.0544
    7.5000   37.5000  -45.0000 1785.1953   28.1661
   -7.5000   45.0000  -45.0000 1678.8252   32.7558
    0.0000   45.0000  -45.0000 1689.8594   32.4975
    7.5000   45.0000  -45.0000 1679.9215   32.6467
   -7.5000  -45.0000  -37.5000 2176.7732   19.1938
    0.0000  -45.0000  -37.5000 2201.8096   19.0231
    7.5000  -45.0000  -37.5000 2181.8818   19.0342
   -7.5000  -37.5000  -37.5000 2234.6545   18.0222
    0.0000  -37.5000  -37.5000 2254.7451   17.8548
    7.5000  -37.5000  -37.5000 2239.5776   17.8192
   -7.5000  -30.0000  -37.5000 2271.6665   17.1413
    0.0000  -30.0000  -37.5000 2285.4319   16.9411
    7.5000  -30.0000  -37.5000 2281.5120   16.9948
   -7.5000  -22.5000  -37.5000 2290.1965   16.5679
    0.0000  -22.5000  -37.5000 2310.9751   16.3496
    7.5000  -22.5000  -37.5000 2304.3962   16.4432
   -7.5000  -15.0000  -37.5000 2290.5112   16.3803
    0.0000  -15.0000  -37.5000 2309.4629   16.1464
    7.5000  -15.0000  -37.5000 2302.3770   16.2422
   -7.5000   -7.5000  -37.5000 2273.1951   16.5192
    0.0000   -7.5000  -37.5000 2295.0679   16.2732
    7.5000   -7.5000  -37.5000 2283.6204   16.4150
   -7.5000    0.0000  -37.5000 2247.6091   16.8812
    0.0000    0.0000  -37.5000 2271.5850   16.6221
    7.5000    0.0000  -37.5000 2255.9895   16.7827
   -7.5000    7.5000  -37.5000 2211.4949   17.6905
    0.0000    7.5000  -37.5000 2233.1445   17.4065
    7.5000    7.5000  -37.5000 2220.0781   17.5502
   -7.5000   15.0000  -37.5000 2153.8433   18.9551
    0.0000   15.0000  -37.5000 2170.6084   18.6570
    7.5000   15.0000  -37.5000 2158.1021   18.9128
   -7.5000   22.5000  -37.5000 2073.8777   20.6965
    0.0000   22.5000  -37.5000 2094.7246   20.4010
    7.5000   22.5000  -37.5000 2081.0942   20.6520
   -7.5000   30.0000  -37.5000 1974.5098   22.8792
    0.0000   30.0000  -37.5000 1997.1699   22.5454
    7.5000   30.0000  -37.5000 1983.5519   22.7706
   -7.5000   37.5000  -37.5000 1868.2650   25.7512
    0.0000   37.5000  -37.5000 1882.0082   25.4666
    7.5000   37.5000  -37.5000 1866.4918   25.6770
   -7.5000   45.0000  -37.5000 1747.9229   29.8250
    0.0000   45.0000  -37.5000 1758.8003   29.5485
    7.5000   45.0000  -37.5000 1746.7582   29.6982
   -7.5000  -45.0000  -30.0000 2301.4644   18.1717
    0.0000  -45.0000  -30.0000 2324.0984   17.9980
    7.5000  -45.0000  -30.0000 2307.1624   18.0441
   -7.5000  -37.5000  -30.0000 2361.0911   16.9907
    0.0000  -37.5000  -30.0000 2385.7812   16.8652
    7.5000  -37.5000  -30.0000 2373.8704   16.8983
   -7.5000  -30.0000  -30.0000 2398.1284   16.1791
    0.0000  -30.0000  -30.0000 2419.8281   16.0533
    7.5000  -30.0000  -30.0000 2412.2344   16.0545
   -7.5000  -22.5000  -30.0000 2427.7100   15.6805
    0.0000  -22.5000  -30.0000 2454.1382   15.4694
    7.5000  -22.5000  -30.0000 2443.6807   15.5399
   -7.5000  -15.0000  -30.0000 2439.7495   15.5147
    0.0000  -15.0000  -30.0000 2469.0356   15.3046
    7.5000  -15.0000  -30.0000 2457.7808   15.3764
   -7.5000   -7.5000  -30.0000 2431.3984   15.6674
    0.0000   -7.5000  -30.0000 2456.4326   15.4812
    7.5000   -7.5000  -30.0000 2445.1616   15.5651
   -7.5000    0.0000  -30.0000 2402.5752   16.0419
    0.0000    0.0000  -30.0000 2427.8218   15.8493
    7.5000    0.0000  -30.0000 2416.2646   15.9424
   -7.5000    7.5000  -30.0000 2361.0703   16.8567
    0.0000    7.5000  -30.0000 2381.5903   16.5995
    7.5000    7.5000  -30.0000 2369.6504   16.7343
   -7.5000   15.0000  -30.0000 2290.4824   18.1016
    0.0000   15.0000  -30.0000 2312.5430   17.8251
    7.5000   15.0000  -30.0000 2298.1655   17.9767
   -7.5000   22.5000  -30.0000 2204.0608   19.7502
    0.0000   22.5000  -30.0000 2222.0664   19.4783
    7.5000   22.5000  -30.0000 2207.0417   19.6438
   -7.5000   30.0000  -30.0000 2098.0940   21.8787
    0.0000   30.0000  -30.0000 2116.6436   21.5906
    7.5000   30.0000  -30.0000 2099.9453   21.7913
   -7.5000   37.5000  -30.0000 1978.6169   24.6190
    0.0000   37.5000  -30.0000 1999.1189   24.3302
    7.5000   37.5000  -30.0000 1980.6722   24.5670
   -7.5000   45.0000  -30.0000 1852.0548   28.3108
    0.0000   45.0000  -30.0000 1861.1698   27.9654
    7.5000   45.0000  -30.0000 1852.4878   28.1657
   -7.5000  -45.0000  -22.5000 2399.1748   17.1108
    0.0000  -45.0000  -22.5000 2417.6467   16.9836
    7.5000  -45.0000  -22.5000 2404.2788   17.0475
   -7.5000  -37.5000  -22.5000 2466.8875   16.0136
    0.0000  -37.5000  -22.5000 2491.2683   15.8911
    7.5000  -37.5000  -22.5000 2479.8198   15.9279
   -7.5000  -30.0000  -22.5000 2506.8193   15.2520
    0.0000  -30.0000  -22.5000 2538.8359   15.1756
    7.5000  -30.0000  -22.5000 2521.2993   15.1702
   -7.5000  -22.5000  -22.5000 2547.2312   14.7840
    0.0000  -22.5000  -22.5000 2579.8796   14.6558
    7.5000  -22.5000  -22.5000 2563.7849   14.7182
   -7.5000  -15.0000  -22.5000 2570.2412   14.6614
    0.0000  -15.0000  -22.5000 2604.0986   14.5190
    7.5000  -15.0000  -22.5000 2583.3938   14.5766
   -7.5000   -7.5000  -22.5000 2567.7385   14.8461
    0.0000   -7.5000  -22.5000 2602.4775   14.7057
    7.5000   -7.5000  -22.5000 2577.1301   14.7502
   -7.5000    0.0000  -22.5000 2537.4219   15.2734
    0.0000    0.0000  -22.5000 2574.8738   15.1064
    7.5000    0.0000  -22.5000 2547.5242   15.1634
   -7.5000    7.5000  -22.5000 2483.3320   16.0870
    0.0000    7.5000  -22.5000 2510.9431   15.8910
    7.5000    7.5000  -22.5000 2488.4417   15.9702
   -7.5000   15.0000  -22.5000 2398.4851   17.2816
    0.0000   15.0000  -22.5000 2419.5759   17.0491
    7.5000   15.0000  -22.5000 2405.5691   17.1627
   -7.5000   22.5000  -22.5000 2305.2080   18.8831
    0.0000   22.5000  -22.5000 2317.5178   18.6244
    7.5000   22.5000  -22.5000 2305.4116   18.7890
   -7.5000   30.0000  -22.5000 2182.4709   20.8864
    0.0000   30.0000  -22.5000 2201.8914   20.6098
    7.5000   30.0000  -22.5000 2185.2134   20.8175
   -7.5000   37.5000  -22.5000 2059.0757   23.4855
    0.0000   37.5000  -22.5000 2081.0947   23.2209
    7.5000   37.5000  -22.5000 2066.6912   23.3725
   -7.5000   45.0000  -22.5000 1919.2804   26.8661
    0.0000   45.0000  -22.5000 1933.3408   26.6043
    7.5000   45.0000  -22.5000 1922.0844   26.7369
   -7.5000  -45.0000  -15.0000 2465.8518   16.2272
    0.0000  -45.0000  -15.0000 2486.4241   16.0913
    7.5000  -45.0000  -15.0000 2474.6331   16.2112
   -7.5000  -37.5000  -15.0000 2547.1772   15.1409
    0.0000  -37.5000  -15.0000 2575.8186   15.0282
    7.5000  -37.5000  -15.0000 2559.4421   15.0933
   -7.5000  -30.0000  -15.0000 2602.6443   14.4423
    0.0000  -30.0000  -15.0000 2635.0117   14.3610
    7.5000  -30.0000  -15.0000 2614.1033   14.3990
   -7.5000  -22.5000  -15.0000 2646.4934   14.0269
    0.0000  -22.5000  -15.0000 2678.6208   13.9504
    7.5000  -22.5000  -15.0000 2657.1248   13.9832
   -7.5000  -15.0000  -15.0000 2673.2131   13.9431
    0.0000  -15.0000  -15.0000 2710.9009   13.8433
    7.5000  -15.0000  -15.0000 2682.0125   13.8754
   -7.5000   -7.5000  -15.0000 2669.9602   14.0933
    0.0000   -7.5000  -15.0000 2708.5500   14.0121
    7.5000   -7.5000  -15.0000 2679.2620   14.0258
   -7.5000    0.0000  -15.0000 2638.2314   14.5474
    0.0000    0.0000  -15.0000 2676.8127   14.4272
    7.5000    0.0000  -15.0000 2643.3574   14.4697
   -7.5000    7.5000  -15.0000 2571.6458   15.3734
    0.0000    7.5000  -15.0000 2602.6641   15.2265
    7.5000    7.5000  -15.0000 2578.6050   15.2813
   -7.5000   15.0000  -15.0000 2478.2561   16.5382
    0.0000   15.0000  -15.0000 2504.2920   16.3636
    7.5000   15.0000  -15.0000 2484.0393   16.4437
   -7.5000   22.5000  -15.0000 2371.5784   18.0435
    0.0000   22.5000  -15.0000 2395.9099   17.8289
    7.5000   22.5000  -15.0000 2377.9585   17.9558
   -7.5000   30.0000  -15.0000 2247.7893   19.9896
    0.0000   30.0000  -15.0000 2256.9131   19.7398
    7.5000   30.0000  -15.0000 2247.4526   19.9090
   -7.5000   37.5000  -15.0000 2120.5354   22.5024
    0.0000   37.5000  -15.0000 2136.5662   22.2012
    7.5000   37.5000  -15.0000 2127.0515   22.3644
   -7.5000   45.0000  -15.0000 1972.1053   25.5639
    0.0000   45.0000  -15.0000 1987.2190   25.1980
    7.5000   45.0000  -15.0000 1977.1334   25.4980
   -7.5000  -45.0000   -7.5000 2518.5173   15.4311
    0.0000  -45.0000   -7.5000 2541.0764   15.2862
    7.5000  -45.0000   -7.5000 2528.1926   15.4539
   -7.5000  -37.5000   -7.5000 2609.7246   14.3949
    0.0000  -37.5000   -7.5000 2634.8979   14.2472
    7.5000  -37.5000   -7.5000 2624.5085   14.3729
   -7.5000  -30.0000   -7.5000 2679.5730   13.7083
    0.0000  -30.0000   -7.5000 2719.3833   13.5888
    7.5000  -30.0000   -7.5000 2695.1521   13.6918
   -7.5000  -22.5000   -7.5000 2735.1653   13.3338
    0.0000  -22.5000   -7.5000 2772.4993   13.2929
    7.5000  -22.5000   -7.5000 2746.0979   13.3116
   -7.5000  -15.0000   -7.5000 2759.7168   13.2641
    0.0000  -15.0000   -7.5000 2803.0647   13.1955
    7.5000  -15.0000   -7.5000 2769.5698   13.2212
   -7.5000   -7.5000   -7.5000 2758.1201   13.4307
    0.0000   -7.5000   -7.5000 2796.4722   13.3494
    7.5000   -7.5000   -7.5000 2764.0020   13.3847
   -7.5000    0.0000   -7.5000 2716.0681   13.8755
    0.0000    0.0000   -7.5000 2752.4641   13.7829
    7.5000    0.0000   -7.5000 2718.2942   13.8427
   -7.5000    7.5000   -7.5000 2637.1829   14.7002
    0.0000    7.5000   -7.5000 2670.8892   14.5872
    7.5000    7.5000   -7.5000 2645.1782   14.6415
   -7.5000   15.0000   -7.5000 2539.4424   15.8358
    0.0000   15.0000   -7.5000 2570.6846   15.6878
    7.5000   15.0000   -7.5000 2546.6748   15.7330
   -7.5000   22.5000   -7.5000 2431.8584   17.2400
    0.0000   22.5000   -7.5000 2454.1829   17.1250
    7.5000   22.5000   -7.5000 2436.8555   17.1578
   -7.5000   30.0000   -7.5000 2296.0415   19.1145
    0.0000   30.0000   -7.5000 2313.2837   18.9616
    7.5000   30.0000   -7.5000 2301.1880   19.0181
   -7.5000   37.5000   -7.5000 2161.2991   21.4292
    0.0000   37.5000   -7.5000 2179.2798   21.2090
    7.5000   37.5000   -7.5000 2167.9299   21.3032
   -7.5000   45.0000   -7.5000 2009.8428   24.3205
    0.0000   45.0000   -7.5000 2019.5625   23.9976
    7.5000   45.0000   -7.5000 2011.9641   24.1716
   -7.5000  -45.0000    0.0000 2557.1182   14.8102
    0.0000  -45.0000    0.0000 2578.3264   14.6228
    7.5000  -45.0000    0.0000 2570.4639   14.8392
   -7.5000  -37.5000    0.0000 2659.6089   13.7808
    0.0000  -37.5000    0.0000 2689.6287   13.6193
    7.5000  -37.5000    0.0000 2675.0049   13.7737
   -7.5000  -30.0000    0.0000 2745.7832   13.1431
    0.0000  -30.0000    0.0000 2789.6770   13.0143
    7.5000  -30.0000    0.0000 2762.0078   13.1205
   -7.5000  -22.5000    0.0000 2811.4980   12.7433
    0.0000  -22.5000    0.0000 2866.8896   12.6779
    7.5000  -22.5000    0.0000 2820.8530   12.7507
   -7.5000  -15.0000    0.0000 2841.4607   12.6911
    0.0000  -15.0000    0.0000 2893.2891   12.5640
    7.5000  -15.0000    0.0000 2849.5928   12.6953
   -7.5000   -7.5000    0.0000 2828.2786   12.9345
    0.0000   -7.5000    0.0000 2873.4668   12.8367
    7.5000   -7.5000    0.0000 2837.6667   12.8964
   -7.5000    0.0000    0.0000 2774.6350   13.3820
    0.0000    0.0000    0.0000 2806.9009   13.3012
    7.5000    0.0000    0.0000 2782.6206   13.3512
   -7.5000    7.5000    0.0000 2686.1714   14.1567
    0.0000    7.5000    0.0000 2716.8708   14.0554
    7.5000    7.5000    0.0000 2696.4839   14.0816
   -7.5000   15.0000    0.0000 2581.3389   15.2443
    0.0000   15.0000    0.0000 2607.5774   15.1287
    7.5000   15.0000    0.0000 2587.4004   15.1465
   -7.5000   22.5000    0.0000 2465.2275   16.6812
    0.0000   22.5000    0.0000 2493.1577   16.5419
    7.5000   22.5000    0.0000 2469.8726   16.5692
   -7.5000   30.0000    0.0000 2331.2620   18.4377
    0.0000   30.0000    0.0000 2353.5249   18.3006
    7.5000   30.0000    0.0000 2335.2261   18.3134
   -7.5000   37.5000    0.0000 2188.9456   20.5722
    0.0000   37.5000    0.0000 2206.4463   20.4024
    7.5000   37.5000    0.0000 2193.5442   20.4775
   -7.5000   45.0000    0.0000 2026.2023   23.3279
    0.0000   45.0000    0.0000 2039.2955   23.0719
    7.5000   45.0000    0.0000 2030.4608   23.2077
   -7.5000  -45.0000    7.5000 2581.1223   14.4035
    0.0000  -45.0000    7.5000 2602.7759   14.1777
    7.5000  -45.0000    7.5000 2592.1868   14.3926
   -7.5000  -37.5000    7.5000 2693.1943   13.3836
    0.0000  -37.5000    7.5000 2725.8306   13.1705
    7.5000  -37.5000    7.5000 2708.7761   13.3706
   -7.5000  -30.0000    7.5000 2793.3721   12.7128
    0.0000  -30.0000    7.5000 2833.3518   12.5180
    7.5000  -30.0000    7.5000 2810.5332   12.7028
   -7.5000  -22.5000    7.5000 2869.7002   12.2812
    0.0000  -22.5000    7.5000 2921.3801   12.0701
    7.5000  -22.5000    7.5000 2875.4573   12.3095
   -7.5000  -15.0000    7.5000 2904.3003   12.2817
    0.0000  -15.0000    7.5000 2952.9272   12.1098
    7.5000  -15.0000    7.5000 2906.2305   12.3020
   -7.5000   -7.5000    7.5000 2883.9597   12.5983
    0.0000   -7.5000    7.5000 2929.6960   12.4783
    7.5000   -7.5000    7.5000 2894.5212   12.5530
   -7.5000    0.0000    7.5000 2814.2305   13.0912
    0.0000    0.0000    7.5000 2850.6985   12.9929
    7.5000    0.0000    7.5000 2825.2979   13.0377
   -7.5000    7.5000    7.5000 2714.3430   13.8046
    0.0000    7.5000    7.5000 2743.1599   13.6953
    7.5000    7.5000    7.5000 2725.8386   13.7289
   -7.5000   15.0000    7.5000 2599.3171   14.8337
    0.0000   15.0000    7.5000 2624.4260   14.6999
    7.5000   15.0000    7.5000 2609.3579   14.7482
   -7.5000   22.5000    7.5000 2481.6687   16.2036
    0.0000   22.5000    7.5000 2510.4492   16.0719
    7.5000   22.5000    7.5000 2492.3884   16.1094
   -7.5000   30.0000    7.5000 2347.4895   17.8680
    0.0000   30.0000    7.5000 2371.0713   17.7417
    7.5000   30.0000    7.5000 2353.6926   17.7860
   -7.5000   37.5000    7.5000 2197.4771   19.9434
    0.0000   37.5000    7.5000 2219.5085   19.7601
    7.5000   37.5000    7.5000 2206.7922   19.8680
   -7.5000   45.0000    7.5000 2042.4768   22.6500
    0.0000   45.0000    7.5000 2056.2256   22.4143
    7.5000   45.0000    7.5000 2045.8607   22.5555
   -7.5000  -45.0000   15.0000 2591.5144   14.3603
    0.0000  -45.0000   15.0000 2619.1611   14.0960
    7.5000  -45.0000   15.0000 2601.0630   14.3020
   -7.5000  -37.5000   15.0000 2700.9670   13.3329
    0.0000  -37.5000   15.0000 2738.7302   13.0802
    7.5000  -37.5000   15.0000 2717.0344   13.2739
   -7.5000  -30.0000   15.0000 2798.5139   12.6762
    0.0000  -30.0000   15.0000 2839.7346   12.4270
    7.5000  -30.0000   15.0000 2817.6946   12.6254
   -7.5000  -22.5000   15.0000 2877.8733   12.2108
    0.0000  -22.5000   15.0000 2929.5291   11.9030
    7.5000  -22.5000   15.0000 2888.1877   12.2182
   -7.5000  -15.0000   15.0000 2913.2131   12.1169
    0.0000  -15.0000   15.0000 2954.3279   11.9147
    7.5000  -15.0000   15.0000 2921.7795   12.1414
   -7.5000   -7.5000   15.0000 2892.7302   12.4850
    0.0000   -7.5000   15.0000 2933.1821   12.3005
    7.5000   -7.5000   15.0000 2906.4116   12.4470
   -7.5000    0.0000   15.0000 2826.8613   13.0537
    0.0000    0.0000   15.0000 2860.7063   12.8861
    7.5000    0.0000   15.0000 2836.5801   12.9873
   -7.5000    7.5000   15.0000 2720.9299   13.7458
    0.0000    7.5000   15.0000 2746.1069   13.5890
    7.5000    7.5000   15.0000 2731.5520   13.6781
   -7.5000   15.0000   15.0000 2597.0703   14.6929
    0.0000   15.0000   15.0000 2627.8506   14.5192
    7.5000   15.0000   15.0000 2611.1040   14.6187
   -7.5000   22.5000   15.0000 2479.1501   15.9509
    0.0000   22.5000   15.0000 2504.8013   15.7821
    7.5000   22.5000   15.0000 2487.9819   15.8695
   -7.5000   30.0000   15.0000 2345.3826   17.6166
    0.0000   30.0000   15.0000 2362.6294   17.4074
    7.5000   30.0000   15.0000 2353.7480   17.5454
   -7.5000   37.5000   15.0000 2195.5615   19.7133
    0.0000   37.5000   15.0000 2216.2786   19.4842
    7.5000   37.5000   15.0000 2205.1223   19.6580
   -7.5000   45.0000   15.0000 2045.1934   22.2923
    0.0000   45.0000   15.0000 2055.6392   22.0048
    7.5000   45.0000   15.0000 2045.4584   22.2275
   -7.5000  -45.0000   22.5000 2587.6272   14.5982
    0.0000  -45.0000   22.5000 2623.0918   14.3963
    7.5000  -45.0000   22.5000 2598.7244   14.5377
   -7.5000  -37.5000   22.5000 2693.0779   13.5652
    0.0000  -37.5000   22.5000 2728.6416   13.3277
    7.5000  -37.5000   22.5000 2707.9666   13.5163
   -7.5000  -30.0000   22.5000 2785.7156   12.9189
    0.0000  -30.0000   22.5000 2817.5852   12.6199
    7.5000  -30.0000   22.5000 2804.3691   12.8659
   -7.5000  -22.5000   22.5000 2860.4158   12.5289
    0.0000  -22.5000   22.5000 2893.0298   12.2129
    7.5000  -22.5000   22.5000 2875.0757   12.4688
   -7.5000  -15.0000   22.5000 2885.7446   12.4029
    0.0000  -15.0000   22.5000 2916.1816   12.0855
    7.5000  -15.0000   22.5000 2901.4536   12.3763
   -7.5000   -7.5000   22.5000 2868.6660   12.6471
    0.0000   -7.5000   22.5000 2898.5396   12.3802
    7.5000   -7.5000   22.5000 2879.5103   12.5768
   -7.5000    0.0000   22.5000 2800.6499   13.1863
    0.0000    0.0000   22.5000 2828.6404   12.9838
    7.5000    0.0000   22.5000 2812.0825   13.0717
   -7.5000    7.5000   22.5000 2702.9539   13.9068
    0.0000    7.5000   22.5000 2726.1831   13.7201
    7.5000    7.5000   22.5000 2710.8286   13.7973
   -7.5000   15.0000   22.5000 2583.6775   14.8375
    0.0000   15.0000   22.5000 2610.7043   14.6495
    7.5000   15.0000   22.5000 2593.5874   14.7228
   -7.5000   22.5000   22.5000 2466.8152   16.0554
    0.0000   22.5000   22.5000 2489.1660   15.8506
    7.5000   22.5000   22.5000 2474.0801   15.9307
   -7.5000   30.0000   22.5000 2327.9756   17.6582
    0.0000   30.0000   22.5000 2347.9719   17.4472
    7.5000   30.0000   22.5000 2334.1738   17.5103
   -7.5000   37.5000   22.5000 2182.5076   19.6785
    0.0000   37.5000   22.5000 2200.3567   19.4684
    7.5000   37.5000   22.5000 2185.9172   19.5733
   -7.5000   45.0000   22.5000 2034.0782   22.2870
    0.0000   45.0000   22.5000 2041.1151   21.9375
    7.5000   45.0000   22.5000 2032.9376   22.1916
   -7.5000  -45.0000   30.0000 2564.1550   15.0930
    0.0000  -45.0000   30.0000 2597.0029   14.9073
    7.5000  -45.0000   30.0000 2572.9680   15.0008
   -7.5000  -37.5000   30.0000 2661.1001   14.0723
    0.0000  -37.5000   30.0000 2696.7625   13.8992
    7.5000  -37.5000   30.0000 2674.6331   13.9944
   -7.5000  -30.0000   30.0000 2743.1035   13.4071
    0.0000  -30.0000   30.0000 2777.2300   13.2210
    7.5000  -30.0000   30.0000 2754.6340   13.3358
   -7.5000  -22.5000   30.0000 2800.6172   13.0045
    0.0000  -22.5000   30.0000 2835.5972   12.8438
    7.5000  -22.5000   30.0000 2811.2668   12.9401
   -7.5000  -15.0000   30.0000 2821.5728   12.9089
    0.0000  -15.0000   30.0000 2853.1960   12.7152
    7.5000  -15.0000   30.0000 2830.7502   12.8064
   -7.5000   -7.5000   30.0000 2805.1130   13.0302
    0.0000   -7.5000   30.0000 2826.3176   12.8246
    7.5000   -7.5000   30.0000 2812.2244   12.9363
   -7.5000    0.0000   30.0000 2744.9316   13.4642
    0.0000    0.0000   30.0000 2764.0679   13.2598
    7.5000    0.0000   30.0000 2754.3662   13.3785
   -7.5000    7.5000   30.0000 2660.1633   14.1737
    0.0000    7.5000   30.0000 2682.5393   13.9346
    7.5000    7.5000   30.0000 2669.9492   14.0619
   -7.5000   15.0000   30.0000 2549.8540   15.1397
    0.0000   15.0000   30.0000 2572.0168   14.8854
    7.5000   15.0000   30.0000 2560.7756   15.0066
   -7.5000   22.5000   30.0000 2435.6230   16.3510
    0.0000   22.5000   30.0000 2457.0156   16.0588
    7.5000   22.5000   30.0000 2439.8479   16.2094
   -7.5000   30.0000   30.0000 2298.5659   17.9183
    0.0000   30.0000   30.0000 2316.6509   17.6231
    7.5000   30.0000   30.0000 2300.2971   17.7746
   -7.5000   37.5000   30.0000 2158.8909   19.9651
    0.0000   37.5000   30.0000 2173.8037   19.6695
    7.5000   37.5000   30.0000 2161.2141   19.8196
   -7.5000   45.0000   30.0000 2010.4283   22.6191
    0.0000   45.0000   30.0000 2019.2887   22.2965
    7.5000   45.0000   30.0000 2010.3168   22.4838
   -7.5000  -45.0000   37.5000 2522.4861   15.8670
    0.0000  -45.0000   37.5000 2555.2781   15.7300
    7.5000  -45.0000   37.5000 2527.5859   15.7686
   -7.5000  -37.5000   37.5000 2616.9370   14.8681
    0.0000  -37.5000   37.5000 2649.0342   14.7085
    7.5000  -37.5000   37.5000 2624.2603   14.7440
   -7.5000  -30.0000   37.5000 2685.3308   14.1640
    0.0000  -30.0000   37.5000 2716.7603   14.0102
    7.5000  -30.0000   37.5000 2694.3291   14.0552
   -7.5000  -22.5000   37.5000 2729.9531   13.6990
    0.0000  -22.5000   37.5000 2765.5828   13.5594
    7.5000  -22.5000   37.5000 2742.2368   13.5839
   -7.5000  -15.0000   37.5000 2745.7332   13.5316
    0.0000  -15.0000   37.5000 2776.8225   13.3392
    7.5000  -15.0000   37.5000 2751.9695   13.3943
   -7.5000   -7.5000   37.5000 2729.0183   13.5736
    0.0000   -7.5000   37.5000 2754.0876   13.3898
    7.5000   -7.5000   37.5000 2739.6504   13.4287
   -7.5000    0.0000   37.5000 2671.8621   13.9965
    0.0000    0.0000   37.5000 2695.4917   13.8133
    7.5000    0.0000   37.5000 2681.3523   13.8660
   -7.5000    7.5000   37.5000 2595.5181   14.6674
    0.0000    7.5000   37.5000 2618.8733   14.5076
    7.5000    7.5000   37.5000 2604.3030   14.5612
   -7.5000   15.0000   37.5000 2498.8994   15.6218
    0.0000   15.0000   37.5000 2521.4717   15.4146
    7.5000   15.0000   37.5000 2506.8313   15.4753
   -7.5000   22.5000   37.5000 2387.6953   16.8355
    0.0000   22.5000   37.5000 2407.9314   16.5887
    7.5000   22.5000   37.5000 2393.1858   16.6452
   -7.5000   30.0000   37.5000 2259.3640   18.4129
    0.0000   30.0000   37.5000 2276.5015   18.1413
    7.5000   30.0000   37.5000 2266.5215   18.2195
   -7.5000   37.5000   37.5000 2122.0732   20.4761
    0.0000   37.5000   37.5000 2134.0227   20.1442
    7.5000   37.5000   37.5000 2125.6104   20.3003
   -7.5000   45.0000   37.5000 1981.7565   23.2099
    0.0000   45.0000   37.5000 1988.8892   22.8122
    7.5000   45.0000   37.5000 1978.4133   23.0155
   -7.5000  -45.0000   45.0000 2462.8330   16.8724
    0.0000  -45.0000   45.0000 2494.7336   16.6839
    7.5000  -45.0000   45.0000 2467.7830   16.7178
   -7.5000  -37.5000   45.0000 2554.0820   15.8153
    0.0000  -37.5000   45.0000 2585.8625   15.6439
    7.5000  -37.5000   45.0000 2559.0432   15.6463
   -7.5000  -30.0000   45.0000 2617.8604   15.0571
    0.0000  -30.0000   45.0000 2648.3584   14.8970
    7.5000  -30.0000   45.0000 2624.3042   14.9119
   -7.5000  -22.5000   45.0000 2655.1042   14.5385
    0.0000  -22.5000   45.0000 2681.2629   14.3922
    7.5000  -22.5000   45.0000 2663.0354   14.4040
   -7.5000  -15.0000   45.0000 2661.2097   14.3124
    0.0000  -15.0000   45.0000 2688.8765   14.1370
    7.5000  -15.0000   45.0000 2668.4004   14.1545
   -7.5000   -7.5000   45.0000 2646.9380   14.3078
    0.0000   -7.5000   45.0000 2671.7051   14.1298
    7.5000   -7.5000   45.0000 2654.3640   14.1624
   -7.5000    0.0000   45.0000 2593.2139   14.7148
    0.0000    0.0000   45.0000 2619.0750   14.5552
    7.5000    0.0000   45.0000 2604.2419   14.5727
   -7.5000    7.5000   45.0000 2525.7756   15.3886
    0.0000    7.5000   45.0000 2548.3215   15.2618
    7.5000    7.5000   45.0000 2534.8696   15.2645
   -7.5000   15.0000   45.0000 2431.6313   16.3479
    0.0000   15.0000   45.0000 2455.9302   16.1818
    7.5000   15.0000   45.0000 2441.4041   16.2082
   -7.5000   22.5000   45.0000 2324.8660   17.5429
    0.0000   22.5000   45.0000 2351.6990   17.3340
    7.5000   22.5000   45.0000 2334.9333   17.3346
   -7.5000   30.0000   45.0000 2203.1887   19.1305
    0.0000   30.0000   45.0000 2221.7207   18.8659
    7.5000   30.0000   45.0000 2208.0457   18.9037
   -7.5000   37.5000   45.0000 2073.6614   21.2447
    0.0000   37.5000   45.0000 2081.5779   20.9476
    7.5000   37.5000   45.0000 2073.6421   21.0010
   -7.5000   45.0000   45.0000 1933.1454   24.0587
    0.0000   45.0000   45.0000 1939.3811   23.6627
    7.5000   45.0000   45.0000 1932.2845   23.8318

---------------------------------------------------------------------
imgreg_4dfp /opt/freesurfer/average/711-2C_as_mni_average_305 /opt/freesurfer/average/711-2B_as_mni_average_305_mask talsrcimg_g11 none talsrcimg_to_711-2C_as_mni_average_305_t4 1283
---------------------------------------------------------------------

freesurfer imgreg_4dfp.c
/opt/freesurfer/average/711-2C_as_mni_average_305.4dfp.img
       256       256       256         1
  1.000000  1.000000  1.000000
orientation T byte_order littleendian
Reading image: /opt/freesurfer/average/711-2C_as_mni_average_305.4dfp.img
dimensions:      256       256       256
mmppix:       1.0000   -1.0000   -1.0000
center:     128.0000 -129.0000 -129.0000
/opt/freesurfer/average/711-2B_as_mni_average_305_mask.4dfp.img
       256       256       256         1
  1.000000  1.000000  1.000000
orientation T byte_order littleendian
Reading mask: /opt/freesurfer/average/711-2B_as_mni_average_305_mask.4dfp.img (2306576 pixels)
talsrcimg_g11.4dfp.img
       256       256       256         1
  1.000000  1.000000  1.000000
orientation T byte_order littleendian
Reading image: talsrcimg_g11.4dfp.img
dimensions:      256       256       256
mmppix:       1.0000   -1.0000   -1.0000
center:     128.0000 -129.0000 -129.0000
rotation matrix determinant  1.000000
fimgreg.f
image alignment mode   1283 decimal      503 hex
parameters
    0.0000  -15.0000   15.0000    0.0000    0.0000    0.0000
eta,q 0.92601 11.85857
niter,ni,del,rscale     5    3   12.0000    1.2000
parameter  2  2.370572 -> -0.500000 qaram    1.1500
parameter  6  0.604864 ->  0.500000 qaram    1.1500
parameters
    0.5917  -11.5500   13.1004    1.8075   -0.9824   -3.4500
eta,q 0.93069 12.03854
  0.0852  0.0763  0.0764  0.0770  0.0738  0.0698
  0.0802  0.0774  0.0747  0.0749  0.0711  0.0692
  0.0766  0.0781  0.0719  0.0731  0.0703  0.0697
  0.0766  0.0762  0.0723  0.0717  0.0705  0.0704
  0.0770  0.0737  0.0772  0.0705  0.0713  0.0712
  0.0785  0.0728  0.0816  0.0714  0.0735  0.0728
  0.0818  0.0750  0.0852  0.0733  0.0771  0.0752
niter,ni,del,rscale     6    3   12.0000    1.2000
parameter  4 -0.554741 -> -0.500000 qaram    1.1500
parameters
    0.3071  -14.0227   12.4582    5.2575   -1.0372   -2.8130
eta,q 0.93348 11.89116
  0.0764  0.0729  0.0745  0.0737  0.0711  0.0719
  0.0730  0.0703  0.0721  0.0729  0.0670  0.0683
  0.0697  0.0675  0.0699  0.0713  0.0655  0.0664
  0.0693  0.0691  0.0676  0.0680  0.0665  0.0664
  0.0712  0.0740  0.0688  0.0661  0.0672  0.0669
  0.0738  0.0810  0.0746  0.0668  0.0679  0.0676
  0.0776  0.0871  0.0790  0.0689  0.0702  0.0696
niter,ni,del,rscale     6    3   12.0000    1.2000
parameters
    0.4247  -15.7977   12.2213    5.8217   -1.2960   -2.5860
eta,q 0.93476 11.80622
  0.0742  0.0739  0.0723  0.0734  0.0681  0.0709
  0.0691  0.0696  0.0701  0.0715  0.0646  0.0677
  0.0660  0.0653  0.0678  0.0681  0.0641  0.0656
  0.0665  0.0666  0.0652  0.0654  0.0654  0.0652
  0.0668  0.0718  0.0653  0.0663  0.0654  0.0656
  0.0688  0.0795  0.0692  0.0691  0.0657  0.0668
  0.0732  0.0867  0.0758  0.0721  0.0678  0.0704
niter,ni,del,rscale     5    3   12.0000    1.2000
parameters
    0.5425  -16.4287   12.0660    6.4408   -1.3414   -2.4577
eta,q 0.93448 11.78777
  0.0729  0.0756  0.0718  0.0734  0.0684  0.0712
  0.0671  0.0732  0.0701  0.0717  0.0651  0.0683
  0.0643  0.0677  0.0681  0.0684  0.0644  0.0662
  0.0652  0.0653  0.0654  0.0655  0.0655  0.0655
  0.0652  0.0681  0.0652  0.0666  0.0655  0.0657
  0.0671  0.0743  0.0685  0.0694  0.0657  0.0674
  0.0717  0.0822  0.0750  0.0720  0.0677  0.0713
niter,ni,del,rscale     4    3   12.0000    1.2000
parameters
    0.5709  -16.7528   12.0195    6.8755   -1.2855   -2.4379
eta,q 0.93420 11.78273
  0.0730  0.0763  0.0719  0.0732  0.0686  0.0714
  0.0671  0.0739  0.0703  0.0717  0.0655  0.0686
  0.0645  0.0685  0.0684  0.0679  0.0648  0.0666
  0.0655  0.0655  0.0656  0.0657  0.0658  0.0658
  0.0655  0.0676  0.0652  0.0673  0.0657  0.0660
  0.0675  0.0731  0.0683  0.0700  0.0659  0.0679
  0.0722  0.0808  0.0746  0.0721  0.0678  0.0720
niter,ni,del,rscale     3    3   12.0000    1.2000
parameters
    0.5315  -16.9674   12.0552    7.1957   -1.1429   -2.4808
eta,q 0.93404 11.78132
  0.0731  0.0766  0.0721  0.0731  0.0688  0.0714
  0.0673  0.0739  0.0705  0.0716  0.0657  0.0688
  0.0647  0.0688  0.0686  0.0675  0.0650  0.0668
  0.0658  0.0658  0.0658  0.0658  0.0659  0.0660
  0.0658  0.0675  0.0653  0.0676  0.0657  0.0662
  0.0679  0.0727  0.0683  0.0702  0.0660  0.0681
  0.0726  0.0801  0.0744  0.0722  0.0679  0.0723
niter,ni,del,rscale     2    3   12.0000    1.2000
parameters
    0.4571  -17.1358   12.0985    7.4308   -1.0132   -2.5746
eta,q 0.93392 11.78150
  0.0731  0.0766  0.0722  0.0730  0.0688  0.0714
  0.0673  0.0737  0.0705  0.0714  0.0659  0.0690
  0.0649  0.0688  0.0689  0.0672  0.0653  0.0670
  0.0660  0.0659  0.0660  0.0659  0.0660  0.0661
  0.0661  0.0675  0.0655  0.0679  0.0658  0.0663
  0.0682  0.0726  0.0685  0.0702  0.0661  0.0684
  0.0728  0.0796  0.0744  0.0723  0.0681  0.0725
niter,ni,del,rscale     1    3   12.0000    1.2000
parameters
    0.3828  -17.2743   12.1509    7.6200   -0.9053   -2.6730
eta,q 0.93385 11.78231
  0.0732  0.0766  0.0723  0.0729  0.0688  0.0715
  0.0675  0.0735  0.0706  0.0712  0.0660  0.0691
  0.0650  0.0689  0.0690  0.0670  0.0654  0.0670
  0.0661  0.0660  0.0661  0.0660  0.0661  0.0661
  0.0662  0.0675  0.0656  0.0681  0.0659  0.0664
  0.0683  0.0724  0.0686  0.0702  0.0661  0.0685
  0.0728  0.0793  0.0744  0.0723  0.0682  0.0726
registration optimization eta report
parameter search radius
    6.0000    6.9000    6.0000    6.9000    6.0000    6.9000
100000*second partial in parameter space
       21.       24.       19.       13.        8.       12.
  0.0732  0.0766  0.0723  0.0729  0.0688  0.0715
  0.0675  0.0735  0.0706  0.0712  0.0660  0.0691
  0.0650  0.0689  0.0690  0.0670  0.0654  0.0670
  0.0661  0.0660  0.0661  0.0660  0.0661  0.0661
  0.0662  0.0675  0.0656  0.0681  0.0659  0.0664
  0.0683  0.0724  0.0686  0.0702  0.0661  0.0685
  0.0728  0.0793  0.0744  0.0723  0.0682  0.0726
    0.3828  -17.2743   12.1509    7.6200   -0.9053   -2.6730
eta,q 0.93385 11.78231

---------------------------------------------------------------------
imgreg_4dfp /opt/freesurfer/average/711-2C_as_mni_average_305 /opt/freesurfer/average/711-2B_as_mni_average_305_mask talsrcimg_g11 none talsrcimg_to_711-2C_as_mni_average_305_t4 3335
---------------------------------------------------------------------

freesurfer imgreg_4dfp.c
/opt/freesurfer/average/711-2C_as_mni_average_305.4dfp.img
       256       256       256         1
  1.000000  1.000000  1.000000
orientation T byte_order littleendian
Reading image: /opt/freesurfer/average/711-2C_as_mni_average_305.4dfp.img
dimensions:      256       256       256
mmppix:       1.0000   -1.0000   -1.0000
center:     128.0000 -129.0000 -129.0000
/opt/freesurfer/average/711-2B_as_mni_average_305_mask.4dfp.img
       256       256       256         1
  1.000000  1.000000  1.000000
orientation T byte_order littleendian
Reading mask: /opt/freesurfer/average/711-2B_as_mni_average_305_mask.4dfp.img (2306576 pixels)
talsrcimg_g11.4dfp.img
       256       256       256         1
  1.000000  1.000000  1.000000
orientation T byte_order littleendian
Reading image: talsrcimg_g11.4dfp.img
dimensions:      256       256       256
mmppix:       1.0000   -1.0000   -1.0000
center:     128.0000 -129.0000 -129.0000
fimgreg.f
image alignment mode   3335 decimal      D07 hex
parameters
    0.3828  -17.2743   12.1509   -0.1213   -1.0007   -0.8955
    4.8317    0.9460   -4.6630  -13.3189   -1.5800   13.2587
eta,q 0.93398 11.82026
niter,ni,del,rscale     5    3    5.0000    1.2000
parameter  4 22.244799 ->  0.500000 qaram    1.1500
parameter  5  7.645497 ->  0.500000 qaram    1.1500
parameter  6  4.202589 ->  0.500000 qaram    1.1500
parameter  7  0.580059 ->  0.500000 qaram    1.1500
parameter 10 -0.618274 -> -0.500000 qaram    1.1500
parameter 11  0.583271 ->  0.500000 qaram    1.1500
parameter 12  1.107560 ->  0.500000 qaram    1.1500
parameters
    0.2943  -16.3778   12.8626   -4.2613   -5.1407   -5.0355
    0.6917    0.8485   -6.2547   -9.1789   -5.7200    9.1187
eta,q 0.95176 10.91513
  0.0677  0.0678  0.0676  0.0571  0.0524  0.0458  0.0500  0.0510  0.0505  0.0544  0.0490  0.0480
  0.0669  0.0669  0.0668  0.0602  0.0551  0.0493  0.0497  0.0502  0.0499  0.0524  0.0489  0.0482
  0.0663  0.0664  0.0662  0.0633  0.0579  0.0525  0.0498  0.0498  0.0496  0.0508  0.0489  0.0485
  0.0660  0.0660  0.0659  0.0657  0.0611  0.0559  0.0502  0.0497  0.0497  0.0496  0.0490  0.0489
  0.0662  0.0659  0.0657  0.0687  0.0642  0.0595  0.0508  0.0499  0.0501  0.0491  0.0493  0.0494
  0.0670  0.0659  0.0659  0.0721  0.0672  0.0636  0.0516  0.0503  0.0507  0.0490  0.0496  0.0502
  0.0681  0.0663  0.0663  0.0751  0.0709  0.0686  0.0525  0.0510  0.0516  0.0492  0.0499  0.0512
niter,ni,del,rscale     7    3    5.0000    1.2000
parameter  4  2.665390 ->  0.500000 qaram    1.3225
parameter  5  3.020369 ->  0.500000 qaram    1.3225
parameter  6  2.350633 ->  0.500000 qaram    1.3225
parameters
    0.5518  -16.6949   12.1872   -9.0223   -9.9017   -9.7965
    4.1371    1.3313   -3.6195  -10.4857   -2.9016    6.8238
eta,q 0.97311 10.49975
  0.0508  0.0493  0.0486  0.0395  0.0336  0.0267  0.0351  0.0338  0.0319  0.0319  0.0321  0.0283
  0.0494  0.0487  0.0484  0.0412  0.0352  0.0278  0.0326  0.0312  0.0302  0.0294  0.0302  0.0274
  0.0485  0.0483  0.0482  0.0442  0.0381  0.0318  0.0304  0.0291  0.0288  0.0278  0.0285  0.0269
  0.0482  0.0482  0.0482  0.0482  0.0419  0.0359  0.0288  0.0280  0.0279  0.0276  0.0275  0.0271
  0.0484  0.0485  0.0485  0.0523  0.0455  0.0402  0.0280  0.0282  0.0276  0.0291  0.0271  0.0279
  0.0489  0.0491  0.0491  0.0564  0.0491  0.0453  0.0283  0.0299  0.0278  0.0321  0.0274  0.0295
  0.0498  0.0502  0.0499  0.0609  0.0532  0.0500  0.0296  0.0328  0.0286  0.0356  0.0285  0.0315
niter,ni,del,rscale     7    3    5.0000    1.2000
parameter  4  0.612752 ->  0.500000 qaram    1.5209
parameter  5  0.523610 ->  0.500000 qaram    1.5209
parameters
   -0.0879  -16.7613   12.1275  -14.4975  -15.3769  -12.2283
    4.8239    0.3259   -3.6737  -11.4882   -3.1225    8.2483
eta,q 0.97797 10.27134
  0.0289  0.0298  0.0293  0.0255  0.0244  0.0274  0.0263  0.0262  0.0242  0.0262  0.0243  0.0250
  0.0272  0.0279  0.0278  0.0243  0.0230  0.0252  0.0245  0.0238  0.0231  0.0235  0.0231  0.0236
  0.0266  0.0268  0.0269  0.0243  0.0226  0.0228  0.0231  0.0224  0.0225  0.0222  0.0223  0.0226
  0.0269  0.0265  0.0265  0.0265  0.0242  0.0228  0.0224  0.0224  0.0223  0.0223  0.0221  0.0221
  0.0281  0.0271  0.0269  0.0307  0.0276  0.0260  0.0226  0.0235  0.0225  0.0234  0.0224  0.0221
  0.0303  0.0283  0.0280  0.0363  0.0321  0.0309  0.0236  0.0258  0.0231  0.0255  0.0233  0.0226
  0.0333  0.0301  0.0296  0.0416  0.0363  0.0370  0.0254  0.0291  0.0243  0.0283  0.0245  0.0235
niter,ni,del,rscale     7    3    5.0000    1.2000
parameters
   -0.0903  -16.2393   11.7638  -14.0679  -15.4815  -13.3904
    4.5822    0.3752   -3.5652  -11.1481   -3.2512    8.2269
eta,q 0.97786 10.25007
  0.0258  0.0264  0.0239  0.0280  0.0279  0.0278  0.0255  0.0271  0.0241  0.0275  0.0241  0.0242
  0.0237  0.0243  0.0226  0.0255  0.0254  0.0257  0.0237  0.0245  0.0230  0.0244  0.0229  0.0231
  0.0225  0.0228  0.0219  0.0234  0.0231  0.0235  0.0226  0.0227  0.0223  0.0226  0.0223  0.0223
  0.0220  0.0220  0.0219  0.0218  0.0217  0.0217  0.0221  0.0221  0.0221  0.0221  0.0221  0.0221
  0.0224  0.0219  0.0225  0.0214  0.0220  0.0233  0.0226  0.0227  0.0223  0.0227  0.0224  0.0224
  0.0237  0.0225  0.0237  0.0235  0.0248  0.0276  0.0239  0.0243  0.0229  0.0242  0.0231  0.0231
  0.0259  0.0238  0.0255  0.0284  0.0291  0.0328  0.0260  0.0270  0.0240  0.0263  0.0241  0.0242
niter,ni,del,rscale     6    3    5.0000    1.2000
parameters
   -0.0434  -15.9836   11.4713  -13.6845  -15.3909  -13.9007
    4.4775    0.4971   -3.4946  -10.6653   -3.2077    8.2135
eta,q 0.97781 10.25112
  0.0259  0.0257  0.0239  0.0280  0.0282  0.0283  0.0257  0.0272  0.0241  0.0275  0.0241  0.0242
  0.0239  0.0239  0.0227  0.0256  0.0257  0.0260  0.0239  0.0246  0.0230  0.0244  0.0230  0.0231
  0.0226  0.0227  0.0221  0.0236  0.0235  0.0241  0.0226  0.0228  0.0224  0.0226  0.0224  0.0224
  0.0221  0.0221  0.0221  0.0221  0.0219  0.0219  0.0222  0.0222  0.0222  0.0222  0.0222  0.0222
  0.0225  0.0222  0.0226  0.0217  0.0221  0.0224  0.0226  0.0227  0.0223  0.0227  0.0224  0.0225
  0.0237  0.0230  0.0235  0.0237  0.0248  0.0260  0.0239  0.0242  0.0230  0.0240  0.0230  0.0231
  0.0257  0.0245  0.0250  0.0285  0.0289  0.0314  0.0260  0.0269  0.0240  0.0261  0.0240  0.0242
niter,ni,del,rscale     5    3    5.0000    1.2000
parameters
   -0.0155  -15.8053   11.2398  -13.5255  -15.3623  -14.1832
    4.4714    0.5667   -3.4744  -10.2669   -3.1311    8.1962
eta,q 0.97773 10.24796
  0.0259  0.0255  0.0240  0.0279  0.0282  0.0284  0.0259  0.0272  0.0241  0.0273  0.0242  0.0243
  0.0239  0.0238  0.0229  0.0256  0.0257  0.0261  0.0240  0.0246  0.0231  0.0244  0.0231  0.0232
  0.0227  0.0227  0.0223  0.0236  0.0236  0.0242  0.0228  0.0228  0.0225  0.0227  0.0224  0.0225
  0.0222  0.0222  0.0222  0.0221  0.0221  0.0221  0.0222  0.0222  0.0222  0.0222  0.0223  0.0223
  0.0225  0.0224  0.0226  0.0220  0.0223  0.0221  0.0226  0.0227  0.0224  0.0228  0.0225  0.0225
  0.0238  0.0232  0.0235  0.0241  0.0250  0.0254  0.0239  0.0243  0.0230  0.0241  0.0231  0.0232
  0.0258  0.0247  0.0248  0.0289  0.0290  0.0310  0.0260  0.0271  0.0240  0.0261  0.0240  0.0243
niter,ni,del,rscale     4    3    5.0000    1.2000
parameters
    0.0018  -15.6684   11.0706  -13.4320  -15.3802  -14.3771
    4.4866    0.6047   -3.4769   -9.9530   -3.0633    8.1807
eta,q 0.97765 10.24310
  0.0259  0.0254  0.0241  0.0279  0.0282  0.0285  0.0259  0.0271  0.0241  0.0271  0.0242  0.0243
  0.0240  0.0238  0.0230  0.0256  0.0258  0.0261  0.0241  0.0246  0.0231  0.0243  0.0231  0.0233
  0.0227  0.0227  0.0224  0.0237  0.0237  0.0243  0.0229  0.0229  0.0225  0.0227  0.0225  0.0226
  0.0223  0.0223  0.0223  0.0222  0.0222  0.0222  0.0223  0.0223  0.0223  0.0223  0.0223  0.0224
  0.0226  0.0225  0.0226  0.0221  0.0225  0.0221  0.0227  0.0228  0.0225  0.0229  0.0226  0.0226
  0.0238  0.0233  0.0234  0.0242  0.0251  0.0252  0.0240  0.0244  0.0231  0.0241  0.0231  0.0233
  0.0259  0.0248  0.0247  0.0290  0.0291  0.0308  0.0260  0.0271  0.0241  0.0262  0.0241  0.0243
niter,ni,del,rscale     3    3    5.0000    1.2000
parameters
    0.0128  -15.5579   10.9413  -13.3675  -15.4192  -14.5215
    4.5044    0.6229   -3.4981   -9.6992   -3.0021    8.1595
eta,q 0.97757 10.23800
  0.0260  0.0254  0.0242  0.0279  0.0282  0.0285  0.0260  0.0272  0.0241  0.0271  0.0242  0.0244
  0.0240  0.0238  0.0231  0.0256  0.0258  0.0262  0.0242  0.0247  0.0232  0.0243  0.0232  0.0233
  0.0228  0.0228  0.0225  0.0238  0.0238  0.0244  0.0229  0.0230  0.0226  0.0227  0.0226  0.0227
  0.0224  0.0223  0.0223  0.0223  0.0223  0.0223  0.0224  0.0224  0.0224  0.0224  0.0224  0.0224
  0.0227  0.0226  0.0227  0.0222  0.0226  0.0221  0.0228  0.0229  0.0226  0.0229  0.0226  0.0227
  0.0239  0.0234  0.0234  0.0243  0.0252  0.0250  0.0241  0.0245  0.0232  0.0242  0.0232  0.0233
  0.0260  0.0249  0.0246  0.0291  0.0291  0.0307  0.0261  0.0272  0.0242  0.0262  0.0242  0.0244
niter,ni,del,rscale     2    3    5.0000    1.2000
parameters
    0.0203  -15.4652   10.8450  -13.3196  -15.4633  -14.6293
    4.5264    0.6323   -3.5262   -9.4919   -2.9547    8.1320
eta,q 0.97752 10.23327
  0.0260  0.0254  0.0243  0.0280  0.0282  0.0285  0.0260  0.0272  0.0242  0.0270  0.0243  0.0244
  0.0241  0.0238  0.0232  0.0257  0.0259  0.0262  0.0243  0.0247  0.0232  0.0243  0.0232  0.0234
  0.0229  0.0228  0.0226  0.0239  0.0238  0.0244  0.0230  0.0230  0.0227  0.0228  0.0227  0.0227
  0.0224  0.0224  0.0224  0.0224  0.0224  0.0224  0.0225  0.0225  0.0225  0.0225  0.0225  0.0225
  0.0228  0.0226  0.0227  0.0223  0.0226  0.0221  0.0228  0.0230  0.0227  0.0230  0.0227  0.0227
  0.0240  0.0235  0.0235  0.0244  0.0252  0.0250  0.0241  0.0246  0.0232  0.0243  0.0232  0.0234
  0.0260  0.0250  0.0246  0.0292  0.0292  0.0306  0.0261  0.0273  0.0242  0.0263  0.0242  0.0244
niter,ni,del,rscale     1    3    5.0000    1.2000
parameters
    0.0247  -15.3883   10.7669  -13.2802  -15.5066  -14.7203
    4.5430    0.6396   -3.5424   -9.3189   -2.9110    8.1130
eta,q 0.97745 10.22903
  0.0261  0.0254  0.0244  0.0280  0.0282  0.0286  0.0261  0.0272  0.0242  0.0269  0.0243  0.0244
  0.0241  0.0238  0.0233  0.0257  0.0259  0.0262  0.0243  0.0248  0.0233  0.0243  0.0233  0.0234
  0.0229  0.0229  0.0227  0.0239  0.0239  0.0245  0.0231  0.0231  0.0227  0.0228  0.0227  0.0228
  0.0225  0.0225  0.0225  0.0225  0.0225  0.0225  0.0225  0.0225  0.0225  0.0225  0.0225  0.0225
  0.0229  0.0227  0.0228  0.0224  0.0227  0.0221  0.0229  0.0230  0.0227  0.0230  0.0227  0.0228
  0.0241  0.0236  0.0235  0.0245  0.0252  0.0250  0.0242  0.0246  0.0233  0.0243  0.0233  0.0234
  0.0261  0.0250  0.0246  0.0292  0.0292  0.0306  0.0262  0.0273  0.0243  0.0263  0.0243  0.0244
registration optimization eta report
parameter search radius
    2.4000    2.4000    2.4000   10.9503   10.9503    9.5220
    8.2800    7.2000    7.2000    8.2800    8.2800    8.2800
100000*second partial in parameter space
       62.       47.       34.        5.        5.        8.
        5.        9.        3.        6.        3.        3.
  0.0261  0.0254  0.0244  0.0280  0.0282  0.0286  0.0261  0.0272  0.0242  0.0269  0.0243  0.0244
  0.0241  0.0238  0.0233  0.0257  0.0259  0.0262  0.0243  0.0248  0.0233  0.0243  0.0233  0.0234
  0.0229  0.0229  0.0227  0.0239  0.0239  0.0245  0.0231  0.0231  0.0227  0.0228  0.0227  0.0228
  0.0225  0.0225  0.0225  0.0225  0.0225  0.0225  0.0225  0.0225  0.0225  0.0225  0.0225  0.0225
  0.0229  0.0227  0.0228  0.0224  0.0227  0.0221  0.0229  0.0230  0.0227  0.0230  0.0227  0.0228
  0.0241  0.0236  0.0235  0.0245  0.0252  0.0250  0.0242  0.0246  0.0233  0.0243  0.0233  0.0234
  0.0261  0.0250  0.0246  0.0292  0.0292  0.0306  0.0262  0.0273  0.0243  0.0263  0.0243  0.0244
    0.0247  -15.3883   10.7669  -13.2802  -15.5066  -14.7203
    4.5430    0.6396   -3.5424   -9.3189   -2.9110    8.1130
eta,q 0.97745 10.22903

---------------------------------------------------------------------
imgreg_4dfp /opt/freesurfer/average/711-2C_as_mni_average_305 /opt/freesurfer/average/711-2B_as_mni_average_305_mask talsrcimg_g11 none talsrcimg_to_711-2C_as_mni_average_305_t4 2311
---------------------------------------------------------------------

freesurfer imgreg_4dfp.c
/opt/freesurfer/average/711-2C_as_mni_average_305.4dfp.img
       256       256       256         1
  1.000000  1.000000  1.000000
orientation T byte_order littleendian
Reading image: /opt/freesurfer/average/711-2C_as_mni_average_305.4dfp.img
dimensions:      256       256       256
mmppix:       1.0000   -1.0000   -1.0000
center:     128.0000 -129.0000 -129.0000
/opt/freesurfer/average/711-2B_as_mni_average_305_mask.4dfp.img
       256       256       256         1
  1.000000  1.000000  1.000000
orientation T byte_order littleendian
Reading mask: /opt/freesurfer/average/711-2B_as_mni_average_305_mask.4dfp.img (2306576 pixels)
talsrcimg_g11.4dfp.img
       256       256       256         1
  1.000000  1.000000  1.000000
orientation T byte_order littleendian
Reading image: talsrcimg_g11.4dfp.img
dimensions:      256       256       256
mmppix:       1.0000   -1.0000   -1.0000
center:     128.0000 -129.0000 -129.0000
fimgreg.f
image alignment mode   2311 decimal      907 hex
parameters
    0.0247  -15.3883   10.7669  -13.2802  -15.5066  -14.7203
    4.5430    0.6396   -3.5424   -9.3189   -2.9110    8.1130
eta,q 0.97745 10.22903
niter,ni,del,rscale     5    3    5.0000    0.8000
parameters
    0.0469  -15.3175   10.6821  -11.3775  -14.5965  -13.6279
    4.2117    0.9329   -3.9249   -8.8758   -2.4459    8.0538
eta,q 0.97842 10.33945
  0.0242  0.0239  0.0233  0.0245  0.0242  0.0249  0.0229  0.0248  0.0224  0.0237  0.0227  0.0224
  0.0233  0.0232  0.0229  0.0238  0.0234  0.0241  0.0222  0.0233  0.0219  0.0225  0.0221  0.0220
  0.0228  0.0227  0.0226  0.0231  0.0227  0.0231  0.0217  0.0222  0.0216  0.0218  0.0218  0.0217
  0.0225  0.0225  0.0225  0.0225  0.0222  0.0221  0.0216  0.0216  0.0216  0.0216  0.0216  0.0216
  0.0227  0.0226  0.0227  0.0222  0.0221  0.0215  0.0219  0.0218  0.0217  0.0217  0.0216  0.0217
  0.0232  0.0230  0.0230  0.0224  0.0224  0.0221  0.0224  0.0227  0.0221  0.0222  0.0219  0.0220
  0.0241  0.0236  0.0235  0.0229  0.0233  0.0236  0.0234  0.0243  0.0226  0.0230  0.0223  0.0225
niter,ni,del,rscale     4    3    5.0000    0.7000
parameters
   -0.0500  -15.5088   10.8870  -11.6532  -14.3046  -13.1833
    4.5093    0.7106   -4.1257   -9.2672   -2.3766    8.0338
eta,q 0.97865 10.35488
  0.0229  0.0223  0.0228  0.0228  0.0230  0.0243  0.0227  0.0235  0.0220  0.0225  0.0221  0.0220
  0.0221  0.0218  0.0221  0.0222  0.0224  0.0233  0.0220  0.0224  0.0216  0.0218  0.0217  0.0217
  0.0217  0.0216  0.0217  0.0217  0.0219  0.0223  0.0216  0.0216  0.0214  0.0214  0.0214  0.0214
  0.0216  0.0216  0.0215  0.0215  0.0215  0.0215  0.0214  0.0214  0.0214  0.0214  0.0214  0.0214
  0.0218  0.0218  0.0216  0.0218  0.0216  0.0214  0.0214  0.0217  0.0215  0.0216  0.0214  0.0214
  0.0224  0.0222  0.0218  0.0224  0.0220  0.0222  0.0218  0.0227  0.0217  0.0222  0.0217  0.0217
  0.0233  0.0229  0.0222  0.0233  0.0228  0.0237  0.0224  0.0241  0.0221  0.0230  0.0221  0.0221
niter,ni,del,rscale     3    3    5.0000    0.6000
parameters
   -0.1176  -15.7158   11.0748  -11.7799  -14.1586  -12.8377
    4.6085    0.6105   -4.1808   -9.6663   -2.4099    8.0988
eta,q 0.97880 10.36673
  0.0224  0.0219  0.0223  0.0224  0.0224  0.0237  0.0221  0.0230  0.0217  0.0221  0.0218  0.0218
  0.0218  0.0215  0.0218  0.0219  0.0219  0.0228  0.0217  0.0220  0.0214  0.0215  0.0215  0.0215
  0.0214  0.0213  0.0215  0.0215  0.0215  0.0219  0.0213  0.0214  0.0213  0.0212  0.0213  0.0213
  0.0214  0.0213  0.0213  0.0213  0.0213  0.0213  0.0212  0.0212  0.0212  0.0212  0.0212  0.0212
  0.0215  0.0215  0.0213  0.0215  0.0213  0.0213  0.0213  0.0214  0.0213  0.0214  0.0213  0.0213
  0.0219  0.0219  0.0215  0.0219  0.0217  0.0220  0.0216  0.0221  0.0215  0.0219  0.0215  0.0214
  0.0226  0.0224  0.0218  0.0226  0.0224  0.0232  0.0221  0.0232  0.0218  0.0225  0.0218  0.0217
niter,ni,del,rscale     2    3    5.0000    0.5000
parameters
   -0.1537  -15.8882   11.2365  -11.8564  -14.0559  -12.5957
    4.6292    0.5863   -4.2057  -10.0154   -2.4584    8.1622
eta,q 0.97889 10.37525
  0.0219  0.0216  0.0219  0.0220  0.0220  0.0230  0.0217  0.0224  0.0215  0.0217  0.0215  0.0215
  0.0215  0.0213  0.0215  0.0216  0.0216  0.0222  0.0214  0.0217  0.0213  0.0213  0.0213  0.0213
  0.0213  0.0212  0.0213  0.0213  0.0213  0.0216  0.0212  0.0213  0.0212  0.0211  0.0212  0.0212
  0.0212  0.0212  0.0212  0.0212  0.0212  0.0212  0.0211  0.0211  0.0211  0.0211  0.0211  0.0211
  0.0213  0.0213  0.0212  0.0213  0.0212  0.0212  0.0212  0.0213  0.0212  0.0213  0.0212  0.0211
  0.0216  0.0216  0.0213  0.0216  0.0215  0.0217  0.0214  0.0217  0.0213  0.0216  0.0213  0.0213
  0.0221  0.0220  0.0215  0.0221  0.0219  0.0227  0.0217  0.0225  0.0215  0.0221  0.0216  0.0215
niter,ni,del,rscale     1    3    5.0000    0.4000
parameters
   -0.1691  -16.0163   11.3537  -11.9018  -13.9853  -12.4365
    4.6316    0.5980   -4.2000  -10.2608   -2.4951    8.2225
eta,q 0.97894 10.38117
  0.0216  0.0214  0.0216  0.0217  0.0216  0.0224  0.0215  0.0220  0.0213  0.0215  0.0213  0.0213
  0.0213  0.0212  0.0213  0.0214  0.0214  0.0218  0.0213  0.0215  0.0212  0.0212  0.0212  0.0212
  0.0212  0.0211  0.0212  0.0212  0.0212  0.0214  0.0211  0.0212  0.0211  0.0211  0.0211  0.0211
  0.0211  0.0211  0.0211  0.0211  0.0211  0.0211  0.0211  0.0211  0.0211  0.0211  0.0211  0.0211
  0.0212  0.0212  0.0211  0.0212  0.0211  0.0211  0.0211  0.0212  0.0211  0.0212  0.0211  0.0211
  0.0214  0.0214  0.0212  0.0214  0.0213  0.0215  0.0212  0.0214  0.0212  0.0214  0.0212  0.0212
  0.0217  0.0216  0.0214  0.0217  0.0216  0.0222  0.0215  0.0220  0.0213  0.0217  0.0214  0.0213
registration optimization eta report
parameter search radius
    0.8000    0.8000    0.8000    2.4000    2.4000    2.4000
    2.4000    2.4000    2.4000    2.4000    2.4000    2.4000
100000*second partial in parameter space
       82.       59.       57.       10.        9.       20.
        7.       15.        4.        9.        5.        4.
  0.0216  0.0214  0.0216  0.0217  0.0216  0.0224  0.0215  0.0220  0.0213  0.0215  0.0213  0.0213
  0.0213  0.0212  0.0213  0.0214  0.0214  0.0218  0.0213  0.0215  0.0212  0.0212  0.0212  0.0212
  0.0212  0.0211  0.0212  0.0212  0.0212  0.0214  0.0211  0.0212  0.0211  0.0211  0.0211  0.0211
  0.0211  0.0211  0.0211  0.0211  0.0211  0.0211  0.0211  0.0211  0.0211  0.0211  0.0211  0.0211
  0.0212  0.0212  0.0211  0.0212  0.0211  0.0211  0.0211  0.0212  0.0211  0.0212  0.0211  0.0211
  0.0214  0.0214  0.0212  0.0214  0.0213  0.0215  0.0212  0.0214  0.0212  0.0214  0.0212  0.0212
  0.0217  0.0216  0.0214  0.0217  0.0216  0.0222  0.0215  0.0220  0.0213  0.0217  0.0214  0.0213
   -0.1691  -16.0163   11.3537  -11.9018  -13.9853  -12.4365
    4.6316    0.5980   -4.2000  -10.2608   -2.4951    8.2225
eta,q 0.97894 10.38117

---------------------------------------------------------------------
imgreg_4dfp /opt/freesurfer/average/711-2C_as_mni_average_305 /opt/freesurfer/average/711-2B_as_mni_average_305_mask talsrcimg_g11 none talsrcimg_to_711-2C_as_mni_average_305_t4 2311
---------------------------------------------------------------------

freesurfer imgreg_4dfp.c
/opt/freesurfer/average/711-2C_as_mni_average_305.4dfp.img
       256       256       256         1
  1.000000  1.000000  1.000000
orientation T byte_order littleendian
Reading image: /opt/freesurfer/average/711-2C_as_mni_average_305.4dfp.img
dimensions:      256       256       256
mmppix:       1.0000   -1.0000   -1.0000
center:     128.0000 -129.0000 -129.0000
/opt/freesurfer/average/711-2B_as_mni_average_305_mask.4dfp.img
       256       256       256         1
  1.000000  1.000000  1.000000
orientation T byte_order littleendian
Reading mask: /opt/freesurfer/average/711-2B_as_mni_average_305_mask.4dfp.img (2306576 pixels)
talsrcimg_g11.4dfp.img
       256       256       256         1
  1.000000  1.000000  1.000000
orientation T byte_order littleendian
Reading image: talsrcimg_g11.4dfp.img
dimensions:      256       256       256
mmppix:       1.0000   -1.0000   -1.0000
center:     128.0000 -129.0000 -129.0000
fimgreg.f
image alignment mode   2311 decimal      907 hex
parameters
   -0.1691  -16.0163   11.3537  -11.9018  -13.9853  -12.4365
    4.6316    0.5980   -4.2000  -10.2608   -2.4951    8.2225
eta,q 0.97894 10.38117
niter,ni,del,rscale     5    3    5.0000    0.8000
parameters
   -0.1686  -16.1009   11.4601  -12.3068  -14.2657  -12.6168
    4.6633    0.4437   -4.1235  -10.4878   -2.4723    8.3039
eta,q 0.97887 10.36329
  0.0231  0.0224  0.0227  0.0227  0.0227  0.0242  0.0226  0.0240  0.0221  0.0229  0.0222  0.0221
  0.0220  0.0216  0.0218  0.0219  0.0219  0.0230  0.0218  0.0225  0.0216  0.0218  0.0216  0.0216
  0.0213  0.0212  0.0213  0.0213  0.0214  0.0218  0.0213  0.0215  0.0212  0.0212  0.0213  0.0212
  0.0211  0.0211  0.0211  0.0211  0.0211  0.0211  0.0211  0.0211  0.0211  0.0211  0.0211  0.0211
  0.0213  0.0213  0.0212  0.0213  0.0213  0.0215  0.0213  0.0215  0.0212  0.0215  0.0212  0.0212
  0.0220  0.0219  0.0216  0.0222  0.0221  0.0230  0.0218  0.0227  0.0215  0.0221  0.0216  0.0215
  0.0231  0.0227  0.0223  0.0235  0.0233  0.0252  0.0226  0.0245  0.0221  0.0232  0.0221  0.0220
niter,ni,del,rscale     4    3    5.0000    0.7000
parameters
   -0.1653  -16.0977   11.4373  -12.1740  -14.2343  -12.5832
    4.5954    0.4824   -4.1543  -10.4890   -2.4791    8.3240
eta,q 0.97889 10.36788
  0.0226  0.0223  0.0221  0.0226  0.0225  0.0239  0.0222  0.0235  0.0219  0.0226  0.0219  0.0218
  0.0218  0.0216  0.0216  0.0220  0.0219  0.0228  0.0216  0.0223  0.0214  0.0217  0.0215  0.0214
  0.0213  0.0213  0.0212  0.0214  0.0214  0.0217  0.0212  0.0214  0.0212  0.0212  0.0212  0.0212
  0.0211  0.0211  0.0211  0.0211  0.0211  0.0211  0.0211  0.0211  0.0211  0.0211  0.0211  0.0211
  0.0213  0.0213  0.0213  0.0212  0.0212  0.0213  0.0212  0.0213  0.0212  0.0213  0.0212  0.0212
  0.0218  0.0216  0.0216  0.0217  0.0217  0.0224  0.0216  0.0221  0.0214  0.0218  0.0215  0.0214
  0.0226  0.0223  0.0222  0.0226  0.0226  0.0241  0.0223  0.0235  0.0219  0.0226  0.0219  0.0218
niter,ni,del,rscale     3    3    5.0000    0.6000
parameters
   -0.1645  -16.1027   11.4398  -12.0762  -14.1469  -12.5068
    4.5924    0.5248   -4.1682  -10.4870   -2.4877    8.3263
eta,q 0.97893 10.37390
  0.0222  0.0219  0.0219  0.0223  0.0222  0.0234  0.0219  0.0229  0.0216  0.0222  0.0217  0.0216
  0.0216  0.0215  0.0214  0.0217  0.0217  0.0224  0.0215  0.0220  0.0213  0.0216  0.0214  0.0213
  0.0212  0.0212  0.0212  0.0213  0.0213  0.0216  0.0212  0.0213  0.0211  0.0212  0.0211  0.0211
  0.0211  0.0211  0.0211  0.0211  0.0211  0.0211  0.0211  0.0211  0.0211  0.0211  0.0211  0.0211
  0.0212  0.0212  0.0212  0.0212  0.0212  0.0212  0.0212  0.0212  0.0211  0.0212  0.0211  0.0211
  0.0216  0.0215  0.0215  0.0216  0.0215  0.0221  0.0215  0.0219  0.0213  0.0216  0.0214  0.0213
  0.0222  0.0220  0.0219  0.0222  0.0222  0.0234  0.0220  0.0229  0.0216  0.0222  0.0217  0.0216
niter,ni,del,rscale     2    3    5.0000    0.5000
parameters
   -0.1666  -16.1240   11.4532  -12.0258  -14.0684  -12.4321
    4.6045    0.5608   -4.1862  -10.5136   -2.5109    8.3035
eta,q 0.97894 10.37860
  0.0219  0.0216  0.0217  0.0219  0.0219  0.0228  0.0217  0.0224  0.0214  0.0219  0.0215  0.0214
  0.0214  0.0213  0.0213  0.0215  0.0215  0.0220  0.0213  0.0217  0.0212  0.0214  0.0213  0.0212
  0.0212  0.0211  0.0211  0.0212  0.0212  0.0214  0.0211  0.0212  0.0211  0.0211  0.0211  0.0211
  0.0211  0.0211  0.0211  0.0211  0.0211  0.0211  0.0211  0.0211  0.0211  0.0211  0.0211  0.0211
  0.0212  0.0212  0.0211  0.0211  0.0211  0.0212  0.0211  0.0212  0.0211  0.0212  0.0211  0.0211
  0.0214  0.0214  0.0213  0.0214  0.0214  0.0218  0.0213  0.0216  0.0212  0.0214  0.0213  0.0212
  0.0219  0.0217  0.0216  0.0219  0.0219  0.0228  0.0217  0.0224  0.0214  0.0219  0.0215  0.0214
niter,ni,del,rscale     1    3    5.0000    0.4000
parameters
   -0.1673  -16.1448   11.4723  -11.9916  -13.9997  -12.3595
    4.6056    0.5949   -4.1913  -10.5391   -2.5248    8.3168
eta,q 0.97895 10.38275
  0.0216  0.0214  0.0214  0.0216  0.0216  0.0223  0.0214  0.0219  0.0213  0.0216  0.0213  0.0213
  0.0213  0.0212  0.0212  0.0214  0.0213  0.0217  0.0212  0.0215  0.0212  0.0213  0.0212  0.0212
  0.0211  0.0211  0.0211  0.0212  0.0211  0.0213  0.0211  0.0212  0.0211  0.0211  0.0211  0.0211
  0.0211  0.0211  0.0211  0.0211  0.0211  0.0210  0.0210  0.0210  0.0210  0.0210  0.0210  0.0210
  0.0211  0.0211  0.0211  0.0211  0.0211  0.0211  0.0211  0.0211  0.0211  0.0211  0.0211  0.0211
  0.0213  0.0212  0.0212  0.0213  0.0213  0.0215  0.0212  0.0214  0.0212  0.0213  0.0212  0.0212
  0.0216  0.0215  0.0214  0.0216  0.0216  0.0222  0.0214  0.0219  0.0213  0.0216  0.0213  0.0213
registration optimization eta report
parameter search radius
    0.8000    0.8000    0.8000    2.4000    2.4000    2.4000
    2.4000    2.4000    2.4000    2.4000    2.4000    2.4000
100000*second partial in parameter space
       80.       60.       56.       10.        9.       21.
        7.       15.        4.        9.        5.        4.
  0.0216  0.0214  0.0214  0.0216  0.0216  0.0223  0.0214  0.0219  0.0213  0.0216  0.0213  0.0213
  0.0213  0.0212  0.0212  0.0214  0.0213  0.0217  0.0212  0.0215  0.0212  0.0213  0.0212  0.0212
  0.0211  0.0211  0.0211  0.0212  0.0211  0.0213  0.0211  0.0212  0.0211  0.0211  0.0211  0.0211
  0.0211  0.0211  0.0211  0.0211  0.0211  0.0210  0.0210  0.0210  0.0210  0.0210  0.0210  0.0210
  0.0211  0.0211  0.0211  0.0211  0.0211  0.0211  0.0211  0.0211  0.0211  0.0211  0.0211  0.0211
  0.0213  0.0212  0.0212  0.0213  0.0213  0.0215  0.0212  0.0214  0.0212  0.0213  0.0212  0.0212
  0.0216  0.0215  0.0214  0.0216  0.0216  0.0222  0.0214  0.0219  0.0213  0.0216  0.0213  0.0213
   -0.1673  -16.1448   11.4723  -11.9916  -13.9997  -12.3595
    4.6056    0.5949   -4.1913  -10.5391   -2.5248    8.3168
eta,q 0.97895 10.38275

---------------------------------------------------------------------
compute_vox2vox talsrcimg talsrcimg_to_711-2C_as_mni_average_305_t4 /opt/freesurfer/average/711-2C_as_mni_average_305
---------------------------------------------------------------------

freesurfer compute_vox2vox.c
Reading: talsrcimg.4dfp.ifh
Reading: talsrcimg_to_711-2C_as_mni_average_305_t4
Reading: /opt/freesurfer/average/711-2C_as_mni_average_305.4dfp.ifh
Writing: talsrcimg_to_711-2C_as_mni_average_305_t4_vox2vox.txt

start time Mon Mar 9 06:16:33 CET 2026
end		time Mon Mar 9 06:17:58 CET 2026

mpr2mni305 success

avi2talxfm orig_nu.mgz /opt/freesurfer/average/mni305.cor.mgz talsrcimg_to_711-2C_as_mni_average_305_t4_vox2vox.txt transforms/talairach.auto.xfm
avi2talxfm done
mv -f /out/sourcedata/freesurfer/sub-v1s18x0051257_ses-1/mri/talsrcimg_to_711-2C_as_mni_average_305_t4_vox2vox.txt /out/sourcedata/freesurfer/sub-v1s18x0051257_ses-1/mri/transforms/talsrcimg_to_711-2C_as_mni_average_305_t4_vox2vox.txt
lta_convert --src orig_nu.mgz --trg /opt/freesurfer/average/mni305.cor.mgz --inxfm transforms/talairach.auto.xfm --outlta transforms/talairach.auto.xfm.lta --subject fsaverage
7.3.2

--src: orig_nu.mgz src image (geometry).
--trg: /opt/freesurfer/average/mni305.cor.mgz trg image (geometry).
--inmni: transforms/talairach.auto.xfm input MNI/XFM transform.
--outlta: transforms/talairach.auto.xfm.lta output LTA.
--s: fsaverage subject name
 LTA read, type : 1
 1.13301  -0.01481  -0.05924   0.02429;
 0.02709   1.12755  -0.11049  -27.14828;
 0.05854   0.13746   1.14636   6.66441;
 0.00000   0.00000   0.00000   1.00000;
setting subject to fsaverage
Writing  LTA to file transforms/talairach.auto.xfm.lta...
lta_convert successful.
 
 
Started at Mon Mar 9 06:16:32 CET 2026
Ended   at Mon Mar  9 06:17:59 CET 2026
talairach_avi done
