status file for recon-all
Mon Mar  9 08:11:18 CET 2026
#@# Tessellate rh Mon Mar  9 08:11:18 CET 2026
#@# Smooth1 rh Mon Mar  9 08:11:21 CET 2026
#@# Inflation1 rh Mon Mar  9 08:11:24 CET 2026
#@# QSphere rh Mon Mar  9 08:11:38 CET 2026
#@# Fix Topology rh Mon Mar  9 08:12:50 CET 2026
#@# Smooth2 rh Mon Mar  9 08:18:18 CET 2026
#@# Inflation2 rh Mon Mar  9 08:18:22 CET 2026
#@# Curv .H and .K rh Mon Mar  9 08:18:36 CET 2026
#@# Sphere rh Mon Mar  9 08:19:24 CET 2026
#@# Surf Reg rh Mon Mar  9 08:21:33 CET 2026
#@# Jacobian white rh Mon Mar  9 08:25:36 CET 2026
#@# AvgCurv rh Mon Mar  9 08:25:37 CET 2026
#@# Cortical Parc rh Mon Mar  9 08:25:38 CET 2026
#@# white curv rh Mon Mar  9 08:32:51 CET 2026
#@# white area rh Mon Mar  9 08:32:53 CET 2026
#@# pial curv rh Mon Mar  9 08:32:54 CET 2026
#@# pial area rh Mon Mar  9 08:32:56 CET 2026
#@# thickness rh Mon Mar  9 08:32:57 CET 2026
#@# area and vertex vol rh Mon Mar  9 08:33:27 CET 2026
#@# Curvature Stats rh Mon Mar  9 08:33:29 CET 2026
#@# Cortical Parc 2 rh Mon Mar  9 08:33:31 CET 2026
#@# Cortical Parc 3 rh Mon Mar  9 08:33:45 CET 2026
#@# WM/GM Contrast rh Mon Mar  9 08:33:55 CET 2026
recon-all -s sub-v1s18x0051254_ses-1 finished without error at Mon Mar  9 08:33:58 CET 2026



#New# invocation of recon-all 



status file for recon-all
Mon Mar  9 08:44:32 CET 2026
#@# white curv rh Mon Mar  9 08:44:32 CET 2026
#@# white area rh Mon Mar  9 08:44:33 CET 2026
#@# pial curv rh Mon Mar  9 08:44:33 CET 2026
#@# pial area rh Mon Mar  9 08:44:33 CET 2026
#@# thickness rh Mon Mar  9 08:44:33 CET 2026
#@# area and vertex vol rh Mon Mar  9 08:44:33 CET 2026
#@# Parcellation Stats rh Mon Mar  9 08:44:33 CET 2026
#@# Parcellation Stats 2 rh Mon Mar  9 08:44:52 CET 2026
#@# Parcellation Stats 3 rh Mon Mar  9 08:45:01 CET 2026
#@# BA_exvivo Labels rh Mon Mar  9 08:45:11 CET 2026
recon-all -s sub-v1s18x0051254_ses-1 finished without error at Mon Mar  9 08:47:45 CET 2026
