status file for recon-all
Mon Mar  9 06:06:04 CET 2026
#@# MotionCor Mon Mar  9 06:06:06 CET 2026
#@# Talairach Mon Mar  9 06:06:14 CET 2026
#@# Talairach Failure Detection Mon Mar  9 06:10:36 CET 2026
#@# Nu Intensity Correction Mon Mar  9 06:10:36 CET 2026
#@# Intensity Normalization Mon Mar  9 06:13:52 CET 2026
recon-all -s sub-v1s18x0051254_ses-1 finished without error at Mon Mar  9 06:15:21 CET 2026



#New# invocation of recon-all 



status file for recon-all
Mon Mar  9 06:22:38 CET 2026
#@# EM Registration Mon Mar  9 06:22:38 CET 2026
recon-all -s sub-v1s18x0051254_ses-1 finished without error at Mon Mar  9 06:25:00 CET 2026



#New# invocation of recon-all 



status file for recon-all
Mon Mar  9 06:25:02 CET 2026
#@# CA Normalize Mon Mar  9 06:25:02 CET 2026
#@# CA Reg Mon Mar  9 06:26:20 CET 2026
#@# SubCort Seg Mon Mar  9 07:12:51 CET 2026
#@# CC Seg Mon Mar  9 07:41:18 CET 2026
#@# Merge ASeg Mon Mar  9 07:41:51 CET 2026
#@# Intensity Normalization2 Mon Mar  9 07:41:51 CET 2026
#@# Mask BFS Mon Mar  9 07:43:56 CET 2026
#@# WM Segmentation Mon Mar  9 07:43:57 CET 2026
#@# Fill Mon Mar  9 07:45:52 CET 2026
recon-all -s sub-v1s18x0051254_ses-1 finished without error at Mon Mar  9 07:46:52 CET 2026



#New# invocation of recon-all 



status file for recon-all
Mon Mar  9 08:34:02 CET 2026
#@# white curv lh Mon Mar  9 08:34:02 CET 2026
#@# white area lh Mon Mar  9 08:34:02 CET 2026
#@# pial curv lh Mon Mar  9 08:34:02 CET 2026
#@# pial area lh Mon Mar  9 08:34:02 CET 2026
#@# thickness lh Mon Mar  9 08:34:02 CET 2026
#@# area and vertex vol lh Mon Mar  9 08:34:02 CET 2026
#@# white curv rh Mon Mar  9 08:34:02 CET 2026
#@# white area rh Mon Mar  9 08:34:02 CET 2026
#@# pial curv rh Mon Mar  9 08:34:02 CET 2026
#@# pial area rh Mon Mar  9 08:34:02 CET 2026
#@# thickness rh Mon Mar  9 08:34:02 CET 2026
#@# area and vertex vol rh Mon Mar  9 08:34:02 CET 2026
#@# Cortical ribbon mask Mon Mar  9 08:34:02 CET 2026
recon-all -s sub-v1s18x0051254_ses-1 finished without error at Mon Mar  9 08:41:15 CET 2026



#New# invocation of recon-all 



status file for recon-all
Mon Mar  9 08:47:48 CET 2026
#@# white curv lh Mon Mar  9 08:47:48 CET 2026
#@# white area lh Mon Mar  9 08:47:48 CET 2026
#@# pial curv lh Mon Mar  9 08:47:48 CET 2026
#@# pial area lh Mon Mar  9 08:47:48 CET 2026
#@# thickness lh Mon Mar  9 08:47:48 CET 2026
#@# area and vertex vol lh Mon Mar  9 08:47:48 CET 2026
#@# white curv rh Mon Mar  9 08:47:48 CET 2026
#@# white area rh Mon Mar  9 08:47:48 CET 2026
#@# pial curv rh Mon Mar  9 08:47:48 CET 2026
#@# pial area rh Mon Mar  9 08:47:48 CET 2026
#@# thickness rh Mon Mar  9 08:47:49 CET 2026
#@# area and vertex vol rh Mon Mar  9 08:47:49 CET 2026
#@# Curvature Stats lh Mon Mar  9 08:47:49 CET 2026
#@# Curvature Stats rh Mon Mar  9 08:47:51 CET 2026
#@# Relabel Hypointensities Mon Mar  9 08:47:54 CET 2026
#@# APas-to-ASeg Mon Mar  9 08:48:09 CET 2026
#@# AParc-to-ASeg aparc Mon Mar  9 08:48:18 CET 2026
#@# AParc-to-ASeg aparc.a2009s Mon Mar  9 08:48:59 CET 2026
#@# AParc-to-ASeg aparc.DKTatlas Mon Mar  9 08:49:40 CET 2026
#@# WMParc Mon Mar  9 08:50:19 CET 2026
#@# ASeg Stats Mon Mar  9 08:54:27 CET 2026
recon-all -s sub-v1s18x0051254_ses-1 finished without error at Mon Mar  9 08:55:08 CET 2026
