status file for recon-all
Mon Mar  9 07:46:56 CET 2026
#@# Tessellate lh Mon Mar  9 07:46:56 CET 2026
#@# Smooth1 lh Mon Mar  9 07:47:00 CET 2026
#@# Inflation1 lh Mon Mar  9 07:47:03 CET 2026
#@# QSphere lh Mon Mar  9 07:47:16 CET 2026
#@# Fix Topology lh Mon Mar  9 07:48:32 CET 2026
#@# Smooth2 lh Mon Mar  9 07:54:24 CET 2026
#@# Inflation2 lh Mon Mar  9 07:54:28 CET 2026
#@# Curv .H and .K lh Mon Mar  9 07:54:41 CET 2026
#@# Sphere lh Mon Mar  9 07:55:28 CET 2026
#@# Surf Reg lh Mon Mar  9 07:58:59 CET 2026
#@# Jacobian white lh Mon Mar  9 08:02:47 CET 2026
#@# AvgCurv lh Mon Mar  9 08:02:48 CET 2026
#@# Cortical Parc lh Mon Mar  9 08:02:49 CET 2026
#@# white curv lh Mon Mar  9 08:10:08 CET 2026
#@# white area lh Mon Mar  9 08:10:10 CET 2026
#@# pial curv lh Mon Mar  9 08:10:10 CET 2026
#@# pial area lh Mon Mar  9 08:10:12 CET 2026
#@# thickness lh Mon Mar  9 08:10:13 CET 2026
#@# area and vertex vol lh Mon Mar  9 08:10:43 CET 2026
#@# Curvature Stats lh Mon Mar  9 08:10:44 CET 2026
#@# Cortical Parc 2 lh Mon Mar  9 08:10:47 CET 2026
#@# Cortical Parc 3 lh Mon Mar  9 08:11:01 CET 2026
#@# WM/GM Contrast lh Mon Mar  9 08:11:11 CET 2026
recon-all -s sub-v1s18x0051254_ses-1 finished without error at Mon Mar  9 08:11:14 CET 2026



#New# invocation of recon-all 



status file for recon-all
Mon Mar  9 08:41:20 CET 2026
#@# white curv lh Mon Mar  9 08:41:20 CET 2026
#@# white area lh Mon Mar  9 08:41:20 CET 2026
#@# pial curv lh Mon Mar  9 08:41:20 CET 2026
#@# pial area lh Mon Mar  9 08:41:20 CET 2026
#@# thickness lh Mon Mar  9 08:41:20 CET 2026
#@# area and vertex vol lh Mon Mar  9 08:41:20 CET 2026
#@# Parcellation Stats lh Mon Mar  9 08:41:20 CET 2026
#@# Parcellation Stats 2 lh Mon Mar  9 08:41:39 CET 2026
#@# Parcellation Stats 3 lh Mon Mar  9 08:41:49 CET 2026
#@# BA_exvivo Labels lh Mon Mar  9 08:41:58 CET 2026
recon-all -s sub-v1s18x0051254_ses-1 finished without error at Mon Mar  9 08:44:31 CET 2026
