/out/sourcedata/freesurfer/sub-v1s18x0051252_ses-1/mri
/opt/freesurfer/bin/talairach_avi
--i orig_nu.mgz --xfm transforms/talairach.auto.xfm
talairach_avi 7.3.2
Linux dna056 5.14.0-427.37.1.el9_4.x86_64 #1 SMP PREEMPT_DYNAMIC Fri Sep 13 12:41:50 EDT 2024 x86_64 x86_64 x86_64 GNU/Linux
Mon Mar  9 05:57:41 CET 2026
mri_convert orig_nu.mgz talsrcimg.img 
reading from orig_nu.mgz...
TR=0.00, TE=0.00, TI=0.00, flip angle=0.00
i_ras = (-1, 0, 0)
j_ras = (0, 0, -1)
k_ras = (0, 1, 0)
writing to talsrcimg.img...
Analyze Output Matrix
-1.00000   0.00000   0.00000   131.68065;
 0.00000   0.00000   1.00000  -148.19872;
 0.00000  -1.00000   0.00000   125.76271;
 0.00000   0.00000   0.00000   1.00000;
--------------------
INFO: set hdr.hist.orient to -1
mpr2mni305 talsrcimg
Mon Mar  9 05:57:41 CET 2026
/opt/freesurfer/bin/mpr2mni305 talsrcimg
mpr2mni305 7.3.2
target=711-2C_as_mni_average_305

---------------------------------------------------------------------
analyzeto4dfp talsrcimg -O0 -y
---------------------------------------------------------------------

freesurfer ifh2hdr.c
Mon Mar  9 05:57:41 2026
Writing: talsrcimg.4dfp.hdr
freesurfer analyzeto4dfp.c
Reading: talsrcimg.hdr
header size 348 bytes
hdr.dime.datatype	offset=70	value=2
hdr.dime.bitpix		offset=72	value=8
hdr.hist.orient		offset=252	value=-1
dimensionality     4
dimensions       256       256       256         1
Reading: talsrcimg.img
Writing: talsrcimg.4dfp.img
Writing: talsrcimg.4dfp.ifh
ifh2hdr talsrcimg -r0to211
ori=2

---------------------------------------------------------------------
gauss_4dfp talsrcimg 1.1
---------------------------------------------------------------------

freesurfer gauss_4dfp.c
Reading: talsrcimg.4dfp.img
Writing: talsrcimg_g11.4dfp.img
image dimensions 256 256 256 padded to 288 288 288
processing volume 1freesurfer ifh2hdr.c
Mon Mar  9 05:57:43 2026
Writing: talsrcimg_g11.4dfp.hdr

Writing: talsrcimg_g11.4dfp.ifh
including: talsrcimg.4dfp.img.rec in talsrcimg_g11.4dfp.img.rec

---------------------------------------------------------------------
imgreg_4dfp /opt/freesurfer/average/711-2C_as_mni_average_305 none talsrcimg_g11 none talsrcimg_to_711-2C_as_mni_average_305_t4 4355
---------------------------------------------------------------------

freesurfer imgreg_4dfp.c
/opt/freesurfer/average/711-2C_as_mni_average_305.4dfp.img
       256       256       256         1
  1.000000  1.000000  1.000000
orientation T byte_order littleendian
Reading image: /opt/freesurfer/average/711-2C_as_mni_average_305.4dfp.img
dimensions:      256       256       256
mmppix:       1.0000   -1.0000   -1.0000
center:     128.0000 -129.0000 -129.0000
talsrcimg_g11.4dfp.img
       256       256       256         1
  1.000000  1.000000  1.000000
orientation T byte_order littleendian
Reading image: talsrcimg_g11.4dfp.img
dimensions:      256       256       256
mmppix:       1.0000   -1.0000   -1.0000
center:     128.0000 -129.0000 -129.0000
t4_read: open error in t4_sub.f l:  41 t4_file(1:l)talsrcimg_to_711-2C_as_mni_average_305_t4 
t4_read: transform initialized to I4
rotation matrix determinant  1.000000
image alignment mode   4355 decimal     1103 hex
   -7.5000  -45.0000  -45.0000 6444.4272   20.8810
    0.0000  -45.0000  -45.0000 6677.4678   20.8536
    7.5000  -45.0000  -45.0000 6445.7617   20.8876
   -7.5000  -37.5000  -45.0000 6939.4219   20.6514
    0.0000  -37.5000  -45.0000 7171.3218   20.6233
    7.5000  -37.5000  -45.0000 6919.6333   20.6653
   -7.5000  -30.0000  -45.0000 7664.3364   20.5706
    0.0000  -30.0000  -45.0000 7906.2065   20.5341
    7.5000  -30.0000  -45.0000 7601.4941   20.5784
   -7.5000  -22.5000  -45.0000 8377.7021   20.6140
    0.0000  -22.5000  -45.0000 8649.7568   20.5711
    7.5000  -22.5000  -45.0000 8286.9141   20.6081
   -7.5000  -15.0000  -45.0000 9070.3730   20.6481
    0.0000  -15.0000  -45.0000 9345.4424   20.6065
    7.5000  -15.0000  -45.0000 8959.2246   20.6333
   -7.5000   -7.5000  -45.0000 9752.0479   20.6388
    0.0000   -7.5000  -45.000010041.1240   20.6047
    7.5000   -7.5000  -45.0000 9634.9697   20.6301
   -7.5000    0.0000  -45.000010360.7461   20.5999
    0.0000    0.0000  -45.000010693.9512   20.5732
    7.5000    0.0000  -45.000010243.1182   20.6062
   -7.5000    7.5000  -45.000010212.0898   20.5642
    0.0000    7.5000  -45.000010539.1250   20.5364
    7.5000    7.5000  -45.000010113.2617   20.5781
   -7.5000   15.0000  -45.0000 9990.8770   20.5690
    0.0000   15.0000  -45.000010306.6748   20.5324
    7.5000   15.0000  -45.0000 9889.9512   20.5767
   -7.5000   22.5000  -45.0000 9347.8828   20.6112
    0.0000   22.5000  -45.0000 9603.7969   20.5683
    7.5000   22.5000  -45.0000 9215.0654   20.6052
   -7.5000   30.0000  -45.0000 8681.8262   20.3730
    0.0000   30.0000  -45.0000 8920.0049   20.3319
    7.5000   30.0000  -45.0000 8542.5732   20.3583
   -7.5000   37.5000  -45.0000 8343.2021   20.3637
    0.0000   37.5000  -45.0000 8589.7646   20.3301
    7.5000   37.5000  -45.0000 8196.2988   20.3551
   -7.5000   45.0000  -45.0000 7743.6104   19.8093
    0.0000   45.0000  -45.0000 7930.3140   19.7836
    7.5000   45.0000  -45.0000 7551.7788   19.8154
   -7.5000  -45.0000  -37.5000 6966.4243   20.3849
    0.0000  -45.0000  -37.5000 7235.0029   20.3515
    7.5000  -45.0000  -37.5000 7006.9751   20.4014
   -7.5000  -37.5000  -37.5000 7511.4365   20.1684
    0.0000  -37.5000  -37.5000 7793.0366   20.1377
    7.5000  -37.5000  -37.5000 7519.0728   20.1923
   -7.5000  -30.0000  -37.5000 8292.2725   20.0944
    0.0000  -30.0000  -37.5000 8604.8740   20.0622
    7.5000  -30.0000  -37.5000 8264.3203   20.1172
   -7.5000  -22.5000  -37.5000 9064.0156   20.1324
    0.0000  -22.5000  -37.5000 9392.6943   20.0969
    7.5000  -22.5000  -37.5000 8995.7070   20.1464
   -7.5000  -15.0000  -37.5000 9783.5410   20.1594
    0.0000  -15.0000  -37.500010128.6875   20.1224
    7.5000  -15.0000  -37.5000 9693.4082   20.1649
   -7.5000   -7.5000  -37.500010499.0215   20.1474
    0.0000   -7.5000  -37.500010870.1816   20.1115
    7.5000   -7.5000  -37.500010391.3193   20.1539
   -7.5000    0.0000  -37.500011153.0547   20.1128
    0.0000    0.0000  -37.500011543.2988   20.0801
    7.5000    0.0000  -37.500011024.1709   20.1288
   -7.5000    7.5000  -37.500010976.2500   20.0853
    0.0000    7.5000  -37.500011338.7822   20.0548
    7.5000    7.5000  -37.500010854.9170   20.1090
   -7.5000   15.0000  -37.500010702.9814   20.0929
    0.0000   15.0000  -37.500011060.5488   20.0607
    7.5000   15.0000  -37.500010576.1025   20.1157
   -7.5000   22.5000  -37.500010019.5469   20.1296
    0.0000   22.5000  -37.500010341.8740   20.0942
    7.5000   22.5000  -37.5000 9872.2617   20.1436
   -7.5000   30.0000  -37.5000 9289.9443   19.8907
    0.0000   30.0000  -37.5000 9595.9492   19.8543
    7.5000   30.0000  -37.5000 9147.9277   19.8962
   -7.5000   37.5000  -37.5000 8910.9746   19.8789
    0.0000   37.5000  -37.5000 9181.6230   19.8435
    7.5000   37.5000  -37.5000 8775.2354   19.8854
   -7.5000   45.0000  -37.5000 8209.8330   19.3409
    0.0000   45.0000  -37.5000 8453.9268   19.3094
    7.5000   45.0000  -37.5000 8070.1265   19.3562
   -7.5000  -45.0000  -30.0000 7641.3306   20.8740
    0.0000  -45.0000  -30.0000 7967.5063   20.8331
    7.5000  -45.0000  -30.0000 7722.2295   20.8842
   -7.5000  -37.5000  -30.0000 8235.9609   20.6548
    0.0000  -37.5000  -30.0000 8581.0342   20.6187
    7.5000  -37.5000  -30.0000 8275.7119   20.6718
   -7.5000  -30.0000  -30.0000 9097.2168   20.5812
    0.0000  -30.0000  -30.0000 9471.1123   20.5493
    7.5000  -30.0000  -30.0000 9108.6113   20.5999
   -7.5000  -22.5000  -30.0000 9955.2988   20.6182
    0.0000  -22.5000  -30.000010338.4316   20.5865
    7.5000  -22.5000  -30.0000 9906.3027   20.6317
   -7.5000  -15.0000  -30.000010724.3564   20.6442
    0.0000  -15.0000  -30.000011133.9971   20.6099
    7.5000  -15.0000  -30.000010645.3711   20.6499
   -7.5000   -7.5000  -30.000011468.3213   20.6312
    0.0000   -7.5000  -30.000011897.1299   20.5927
    7.5000   -7.5000  -30.000011357.0264   20.6354
   -7.5000    0.0000  -30.000012161.1943   20.5969
    0.0000    0.0000  -30.000012621.7529   20.5571
    7.5000    0.0000  -30.000012043.5771   20.6069
   -7.5000    7.5000  -30.000011957.2568   20.5713
    0.0000    7.5000  -30.000012425.4551   20.5354
    7.5000    7.5000  -30.000011848.6836   20.5881
   -7.5000   15.0000  -30.000011628.1289   20.5796
    0.0000   15.0000  -30.000012084.3438   20.5478
    7.5000   15.0000  -30.000011496.0225   20.5984
   -7.5000   22.5000  -30.000010851.9424   20.6132
    0.0000   22.5000  -30.000011276.3730   20.5815
    7.5000   22.5000  -30.000010704.7949   20.6267
   -7.5000   30.0000  -30.000010038.6895   20.3710
    0.0000   30.0000  -30.000010410.8633   20.3371
    7.5000   30.0000  -30.0000 9889.2168   20.3767
   -7.5000   37.5000  -30.0000 9606.9170   20.3582
    0.0000   37.5000  -30.0000 9958.6582   20.3202
    7.5000   37.5000  -30.0000 9491.9277   20.3624
   -7.5000   45.0000  -30.0000 8828.8457   19.8210
    0.0000   45.0000  -30.0000 9133.8389   19.7826
    7.5000   45.0000  -30.0000 8716.6748   19.8306
   -7.5000  -45.0000  -22.5000 8377.2861   21.3574
    0.0000  -45.0000  -22.5000 8760.6143   21.3118
    7.5000  -45.0000  -22.5000 8442.6631   21.3406
   -7.5000  -37.5000  -22.5000 9027.9922   21.1349
    0.0000  -37.5000  -22.5000 9442.2373   21.0914
    7.5000  -37.5000  -22.5000 9072.9482   21.1209
   -7.5000  -30.0000  -22.5000 9962.5127   21.0612
    0.0000  -30.0000  -22.500010409.6045   21.0224
    7.5000  -30.0000  -22.5000 9996.2969   21.0488
   -7.5000  -22.5000  -22.500010864.4756   21.0974
    0.0000  -22.5000  -22.500011340.8887   21.0616
    7.5000  -22.5000  -22.500010862.7002   21.0839
   -7.5000  -15.0000  -22.500011674.5059   21.1215
    0.0000  -15.0000  -22.500012184.8740   21.0860
    7.5000  -15.0000  -22.500011650.0664   21.1048
   -7.5000   -7.5000  -22.500012453.8359   21.1082
    0.0000   -7.5000  -22.500012960.7490   21.0684
    7.5000   -7.5000  -22.500012367.6826   21.0901
   -7.5000    0.0000  -22.500013184.0518   21.0747
    0.0000    0.0000  -22.500013709.5771   21.0303
    7.5000    0.0000  -22.500013054.3701   21.0584
   -7.5000    7.5000  -22.500012969.2021   21.0503
    0.0000    7.5000  -22.500013492.2441   21.0072
    7.5000    7.5000  -22.500012837.7764   21.0365
   -7.5000   15.0000  -22.500012574.0107   21.0596
    0.0000   15.0000  -22.500013078.2998   21.0208
    7.5000   15.0000  -22.500012408.4717   21.0473
   -7.5000   22.5000  -22.500011713.5645   21.0908
    0.0000   22.5000  -22.500012191.5352   21.0551
    7.5000   22.5000  -22.500011552.1416   21.0774
   -7.5000   30.0000  -22.500010838.2500   20.8453
    0.0000   30.0000  -22.500011256.1230   20.8102
    7.5000   30.0000  -22.500010661.1240   20.8288
   -7.5000   37.5000  -22.500010354.4141   20.8321
    0.0000   37.5000  -22.500010758.2129   20.7928
    7.5000   37.5000  -22.500010197.1807   20.8142
   -7.5000   45.0000  -22.5000 9462.3867   20.2960
    0.0000   45.0000  -22.5000 9837.7256   20.2532
    7.5000   45.0000  -22.5000 9349.5195   20.2803
   -7.5000  -45.0000  -15.0000 9203.2002   21.8030
    0.0000  -45.0000  -15.0000 9620.4150   21.7628
    7.5000  -45.0000  -15.0000 9239.5674   21.7734
   -7.5000  -37.5000  -15.0000 9909.8408   21.5726
    0.0000  -37.5000  -15.000010359.0684   21.5309
    7.5000  -37.5000  -15.0000 9924.4775   21.5438
   -7.5000  -30.0000  -15.000010914.1484   21.4944
    0.0000  -30.0000  -15.000011403.4004   21.4527
    7.5000  -30.0000  -15.000010904.2021   21.4650
   -7.5000  -22.5000  -15.000011868.3096   21.5299
    0.0000  -22.5000  -15.000012403.8135   21.4908
    7.5000  -22.5000  -15.000011829.5820   21.4995
   -7.5000  -15.0000  -15.000012740.7861   21.5557
    0.0000  -15.0000  -15.000013324.3945   21.5204
    7.5000  -15.0000  -15.000012701.3008   21.5241
   -7.5000   -7.5000  -15.000013566.5137   21.5458
    0.0000   -7.5000  -15.000014143.0928   21.5103
    7.5000   -7.5000  -15.000013470.7549   21.5150
   -7.5000    0.0000  -15.000014337.9131   21.5137
    0.0000    0.0000  -15.000014935.1807   21.4746
    7.5000    0.0000  -15.000014201.3184   21.4851
   -7.5000    7.5000  -15.000014071.6709   21.4865
    0.0000    7.5000  -15.000014659.1191   21.4451
    7.5000    7.5000  -15.000013953.5518   21.4580
   -7.5000   15.0000  -15.000013587.5830   21.4927
    0.0000   15.0000  -15.000014147.7500   21.4511
    7.5000   15.0000  -15.000013427.6230   21.4634
   -7.5000   22.5000  -15.000012651.7305   21.5223
    0.0000   22.5000  -15.000013207.4961   21.4832
    7.5000   22.5000  -15.000012509.2637   21.4919
   -7.5000   30.0000  -15.000011692.5615   21.2767
    0.0000   30.0000  -15.000012183.6143   21.2419
    7.5000   30.0000  -15.000011536.8428   21.2456
   -7.5000   37.5000  -15.000011154.1992   21.2670
    0.0000   37.5000  -15.000011612.8271   21.2319
    7.5000   37.5000  -15.000011001.1016   21.2366
   -7.5000   45.0000  -15.000010170.4795   20.7313
    0.0000   45.0000  -15.000010597.6406   20.6936
    7.5000   45.0000  -15.000010041.5869   20.7037
   -7.5000  -45.0000   -7.500010054.7119   21.9803
    0.0000  -45.0000   -7.500010520.6123   21.9530
    7.5000  -45.0000   -7.500010089.1895   21.9686
   -7.5000  -37.5000   -7.500010800.0391   21.7448
    0.0000  -37.5000   -7.500011313.7979   21.7145
    7.5000  -37.5000   -7.500010825.5674   21.7360
   -7.5000  -30.0000   -7.500011915.4492   21.6638
    0.0000  -30.0000   -7.500012463.2676   21.6271
    7.5000  -30.0000   -7.500011897.5625   21.6509
   -7.5000  -22.5000   -7.500012974.5459   21.7002
    0.0000  -22.5000   -7.500013548.8799   21.6614
    7.5000  -22.5000   -7.500012900.3662   21.6805
   -7.5000  -15.0000   -7.500013923.7129   21.7287
    0.0000  -15.0000   -7.500014543.5996   21.6942
    7.5000  -15.0000   -7.500013845.4854   21.7054
   -7.5000   -7.5000   -7.500014778.4463   21.7214
    0.0000   -7.5000   -7.500015437.5205   21.6925
    7.5000   -7.5000   -7.500014687.2871   21.7021
   -7.5000    0.0000   -7.500015543.9062   21.6890
    0.0000    0.0000   -7.500016274.8779   21.6624
    7.5000    0.0000   -7.500015448.8242   21.6776
   -7.5000    7.5000   -7.500015229.8301   21.6582
    0.0000    7.5000   -7.500015964.1982   21.6282
    7.5000    7.5000   -7.500015165.8457   21.6497
   -7.5000   15.0000   -7.500014649.2471   21.6622
    0.0000   15.0000   -7.500015330.4521   21.6254
    7.5000   15.0000   -7.500014524.0625   21.6492
   -7.5000   22.5000   -7.500013678.7637   21.6902
    0.0000   22.5000   -7.500014312.9941   21.6514
    7.5000   22.5000   -7.500013558.4150   21.6705
   -7.5000   30.0000   -7.500012608.3945   21.4469
    0.0000   30.0000   -7.500013213.7881   21.4129
    7.5000   30.0000   -7.500012518.3457   21.4239
   -7.5000   37.5000   -7.500012007.5938   21.4397
    0.0000   37.5000   -7.500012567.2598   21.4112
    7.5000   37.5000   -7.500011900.0781   21.4206
   -7.5000   45.0000   -7.500010945.3262   20.9041
    0.0000   45.0000   -7.500011432.2021   20.8785
    7.5000   45.0000   -7.500010834.5537   20.8931
   -7.5000  -45.0000    0.000010843.1230   21.9453
    0.0000  -45.0000    0.000011390.0420   21.9249
    7.5000  -45.0000    0.000010953.4385   21.9623
   -7.5000  -37.5000    0.000011646.3271   21.7090
    0.0000  -37.5000    0.000012228.2490   21.6876
    7.5000  -37.5000    0.000011725.1064   21.7323
   -7.5000  -30.0000    0.000012847.7480   21.6290
    0.0000  -30.0000    0.000013458.8594   21.5997
    7.5000  -30.0000    0.000012885.1758   21.6474
   -7.5000  -22.5000    0.000013981.4844   21.6685
    0.0000  -22.5000    0.000014621.5693   21.6337
    7.5000  -22.5000    0.000013950.9414   21.6756
   -7.5000  -15.0000    0.000015013.9893   21.6994
    0.0000  -15.0000    0.000015692.0332   21.6664
    7.5000  -15.0000    0.000014973.8857   21.6992
   -7.5000   -7.5000    0.000015926.2373   21.6908
    0.0000   -7.5000    0.000016651.8398   21.6646
    7.5000   -7.5000    0.000015866.1816   21.6952
   -7.5000    0.0000    0.000016717.6465   21.6554
    0.0000    0.0000    0.000017524.5254   21.6355
    7.5000    0.0000    0.000016673.6426   21.6719
   -7.5000    7.5000    0.000016360.3730   21.6228
    0.0000    7.5000    0.000017187.6191   21.6016
    7.5000    7.5000    0.000016340.6973   21.6461
   -7.5000   15.0000    0.000015682.2168   21.6274
    0.0000   15.0000    0.000016454.0430   21.5981
    7.5000   15.0000    0.000015604.0107   21.6457
   -7.5000   22.5000    0.000014648.0928   21.6585
    0.0000   22.5000    0.000015385.5547   21.6238
    7.5000   22.5000    0.000014564.4717   21.6657
   -7.5000   30.0000    0.000013502.3076   21.4185
    0.0000   30.0000    0.000014218.4395   21.3860
    7.5000   30.0000    0.000013446.5469   21.4184
   -7.5000   37.5000    0.000012808.2578   21.4101
    0.0000   37.5000    0.000013476.1543   21.3843
    7.5000   37.5000    0.000012761.0107   21.4144
   -7.5000   45.0000    0.000011623.4834   20.8733
    0.0000   45.0000    0.000012200.2988   20.8541
    7.5000   45.0000    0.000011596.2949   20.8893
   -7.5000  -45.0000    7.500010838.9131   21.9140
    0.0000  -45.0000    7.500011409.6592   21.8836
    7.5000  -45.0000    7.500011002.3311   21.9382
   -7.5000  -37.5000    7.500011618.6494   21.6794
    0.0000  -37.5000    7.500012211.3623   21.6524
    7.5000  -37.5000    7.500011766.8184   21.7125
   -7.5000  -30.0000    7.500012804.5488   21.6010
    0.0000  -30.0000    7.500013432.2461   21.5726
    7.5000  -30.0000    7.500012943.3672   21.6335
   -7.5000  -22.5000    7.500013964.1553   21.6415
    0.0000  -22.5000    7.500014623.7266   21.6092
    7.5000  -22.5000    7.500014035.7627   21.6639
   -7.5000  -15.0000    7.500015018.4189   21.6727
    0.0000  -15.0000    7.500015723.6416   21.6382
    7.5000  -15.0000    7.500015064.1094   21.6850
   -7.5000   -7.5000    7.500015872.2900   21.6622
    0.0000   -7.5000    7.500016654.6641   21.6285
    7.5000   -7.5000    7.500015952.4912   21.6750
   -7.5000    0.0000    7.500016646.1328   21.6251
    0.0000    0.0000    7.500017469.3984   21.5953
    7.5000    0.0000    7.500016740.1465   21.6484
   -7.5000    7.5000    7.500016291.1318   21.5936
    0.0000    7.5000    7.500017095.8145   21.5668
    7.5000    7.5000    7.500016355.7119   21.6264
   -7.5000   15.0000    7.500015554.3555   21.5994
    0.0000   15.0000    7.500016340.4707   21.5710
    7.5000   15.0000    7.500015539.4512   21.6319
   -7.5000   22.5000    7.500014516.2061   21.6315
    0.0000   22.5000    7.500015264.4590   21.5992
    7.5000   22.5000    7.500014499.4531   21.6539
   -7.5000   30.0000    7.500013375.3965   21.3922
    0.0000   30.0000    7.500014114.5205   21.3582
    7.5000   30.0000    7.500013399.6328   21.4044
   -7.5000   37.5000    7.500012689.3301   21.3818
    0.0000   37.5000    7.500013376.8584   21.3486
    7.5000   37.5000    7.500012728.4629   21.3945
   -7.5000   45.0000    7.500011495.6787   20.8441
    0.0000   45.0000    7.500012094.3047   20.8154
    7.5000   45.0000    7.500011525.2959   20.8666
   -7.5000  -45.0000   15.000010762.6699   21.9279
    0.0000  -45.0000   15.000011302.9473   21.8837
    7.5000  -45.0000   15.000010906.2510   21.9353
   -7.5000  -37.5000   15.000011498.5166   21.6967
    0.0000  -37.5000   15.000012053.6855   21.6576
    7.5000  -37.5000   15.000011632.7432   21.7115
   -7.5000  -30.0000   15.000012657.0615   21.6207
    0.0000  -30.0000   15.000013236.8350   21.5860
    7.5000  -30.0000   15.000012796.4570   21.6375
   -7.5000  -22.5000   15.000013860.0088   21.6597
    0.0000  -22.5000   15.000014464.8643   21.6250
    7.5000  -22.5000   15.000013934.7832   21.6709
   -7.5000  -15.0000   15.000014891.9736   21.6878
    0.0000  -15.0000   15.000015595.7666   21.6502
    7.5000  -15.0000   15.000014996.7236   21.6907
   -7.5000   -7.5000   15.000015633.7275   21.6749
    0.0000   -7.5000   15.000016426.4297   21.6330
    7.5000   -7.5000   15.000015870.8848   21.6759
   -7.5000    0.0000   15.000016353.1172   21.6386
    0.0000    0.0000   15.000017132.4590   21.5954
    7.5000    0.0000   15.000016609.9941   21.6457
   -7.5000    7.5000   15.000016019.6621   21.6109
    0.0000    7.5000   15.000016774.9551   21.5720
    7.5000    7.5000   15.000016199.5977   21.6255
   -7.5000   15.0000   15.000015217.2461   21.6191
    0.0000   15.0000   15.000015998.2637   21.5844
    7.5000   15.0000   15.000015351.7207   21.6359
   -7.5000   22.5000   15.000014201.6055   21.6497
    0.0000   22.5000   15.000014947.9189   21.6150
    7.5000   22.5000   15.000014294.2344   21.6609
   -7.5000   30.0000   15.000013127.6816   21.4071
    0.0000   30.0000   15.000013854.7617   21.3701
    7.5000   30.0000   15.000013246.8896   21.4099
   -7.5000   37.5000   15.000012451.4170   21.3944
    0.0000   37.5000   15.000013167.3838   21.3530
    7.5000   37.5000   15.000012580.5996   21.3954
   -7.5000   45.0000   15.000011276.9570   20.8571
    0.0000   45.0000   15.000011922.3301   20.8154
    7.5000   45.0000   15.000011375.8340   20.8640
   -7.5000  -45.0000   22.500010546.3096   21.9821
    0.0000  -45.0000   22.500011071.2021   21.9339
    7.5000  -45.0000   22.500010671.8105   21.9643
   -7.5000  -37.5000   22.500011260.1592   21.7526
    0.0000  -37.5000   22.500011761.2344   21.7063
    7.5000  -37.5000   22.500011338.4277   21.7372
   -7.5000  -30.0000   22.500012391.8223   21.6773
    0.0000  -30.0000   22.500012926.5527   21.6358
    7.5000  -30.0000   22.500012465.1113   21.6635
   -7.5000  -22.5000   22.500013592.3105   21.7145
    0.0000  -22.5000   22.500014178.9375   21.6761
    7.5000  -22.5000   22.500013683.7197   21.6997
   -7.5000  -15.0000   22.500014619.7959   21.7393
    0.0000  -15.0000   22.500015322.0859   21.7014
    7.5000  -15.0000   22.500014832.4814   21.7216
   -7.5000   -7.5000   22.500015301.6494   21.7257
    0.0000   -7.5000   22.500016010.0566   21.6834
    7.5000   -7.5000   22.500015625.0537   21.7067
   -7.5000    0.0000   22.500015936.1836   21.6914
    0.0000    0.0000   22.500016630.7578   21.6443
    7.5000    0.0000   22.500016251.2051   21.6740
   -7.5000    7.5000   22.500015564.1807   21.6662
    0.0000    7.5000   22.500016302.9453   21.6204
    7.5000    7.5000   22.500015841.3555   21.6511
   -7.5000   15.0000   22.500014733.6602   21.6757
    0.0000   15.0000   22.500015500.6221   21.6342
    7.5000   15.0000   22.500014969.4883   21.6619
   -7.5000   22.5000   22.500013792.7930   21.7045
    0.0000   22.5000   22.500014533.7305   21.6661
    7.5000   22.5000   22.500013973.6924   21.6897
   -7.5000   30.0000   22.500012785.1152   21.4580
    0.0000   30.0000   22.500013525.7861   21.4206
    7.5000   30.0000   22.500012963.4365   21.4405
   -7.5000   37.5000   22.500012183.5410   21.4445
    0.0000   37.5000   22.500012895.7666   21.4028
    7.5000   37.5000   22.500012328.4707   21.4258
   -7.5000   45.0000   22.500011061.4746   20.9080
    0.0000   45.0000   22.500011674.1855   20.8626
    7.5000   45.0000   22.500011147.9502   20.8913
   -7.5000  -45.0000   30.000010154.6494   22.0474
    0.0000  -45.0000   30.000010651.0195   22.0072
    7.5000  -45.0000   30.000010249.0840   22.0188
   -7.5000  -37.5000   30.000010836.9150   21.8143
    0.0000  -37.5000   30.000011289.4893   21.7725
    7.5000  -37.5000   30.000010891.7529   21.7863
   -7.5000  -30.0000   30.000011928.2373   21.7354
    0.0000  -30.0000   30.000012398.8252   21.6937
    7.5000  -30.0000   30.000012006.8945   21.7069
   -7.5000  -22.5000   30.000013092.6143   21.7711
    0.0000  -22.5000   30.000013657.8896   21.7322
    7.5000  -22.5000   30.000013182.5596   21.7418
   -7.5000  -15.0000   30.000014143.0088   21.7970
    0.0000  -15.0000   30.000014790.7559   21.7618
    7.5000  -15.0000   30.000014204.5029   21.7665
   -7.5000   -7.5000   30.000014849.6328   21.7871
    0.0000   -7.5000   30.000015441.9482   21.7516
    7.5000   -7.5000   30.000015009.8633   21.7573
   -7.5000    0.0000   30.000015405.0361   21.7549
    0.0000    0.0000   30.000016018.7471   21.7157
    7.5000    0.0000   30.000015635.4854   21.7272
   -7.5000    7.5000   30.000015024.2998   21.7274
    0.0000    7.5000   30.000015733.3740   21.6860
    7.5000    7.5000   30.000015265.8379   21.6998
   -7.5000   15.0000   30.000014213.1123   21.7338
    0.0000   15.0000   30.000014932.2295   21.6921
    7.5000   15.0000   30.000014384.0586   21.7053
   -7.5000   22.5000   30.000013341.0078   21.7611
    0.0000   22.5000   30.000014013.4727   21.7222
    7.5000   22.5000   30.000013430.4756   21.7318
   -7.5000   30.0000   30.000012380.1748   21.5149
    0.0000   30.0000   30.000013049.6504   21.4802
    7.5000   30.0000   30.000012475.4971   21.4848
   -7.5000   37.5000   30.000011791.1201   21.5051
    0.0000   37.5000   30.000012441.7051   21.4701
    7.5000   37.5000   30.000011886.9717   21.4758
   -7.5000   45.0000   30.000010690.9492   20.9692
    0.0000   45.0000   30.000011250.1885   20.9314
    7.5000   45.0000   30.000010745.8564   20.9425
   -7.5000  -45.0000   37.500010090.0107   22.0584
    0.0000  -45.0000   37.500010606.8896   22.0319
    7.5000  -45.0000   37.500010201.9766   22.0473
   -7.5000  -37.5000   37.500010726.0615   21.8208
    0.0000  -37.5000   37.500011246.2168   21.7913
    7.5000  -37.5000   37.500010841.9551   21.8127
   -7.5000  -30.0000   37.500011781.6719   21.7390
    0.0000  -30.0000   37.500012334.0732   21.7029
    7.5000  -30.0000   37.500011914.5039   21.7265
   -7.5000  -22.5000   37.500012910.1162   21.7759
    0.0000  -22.5000   37.500013506.0986   21.7377
    7.5000  -22.5000   37.500012962.9551   21.7566
   -7.5000  -15.0000   37.500014033.2285   21.8051
    0.0000  -15.0000   37.500014584.1465   21.7714
    7.5000  -15.0000   37.500013912.3682   21.7823
   -7.5000   -7.5000   37.500014984.7646   21.7983
    0.0000   -7.5000   37.500015490.4062   21.7701
    7.5000   -7.5000   37.500014845.6133   21.7795
   -7.5000    0.0000   37.500015687.3438   21.7656
    0.0000    0.0000   37.500016250.5244   21.7398
    7.5000    0.0000   37.500015632.0479   21.7548
   -7.5000    7.5000   37.500015227.7383   21.7338
    0.0000    7.5000   37.500015825.1797   21.7046
    7.5000    7.5000   37.500015186.1621   21.7259
   -7.5000   15.0000   37.500014288.8525   21.7373
    0.0000   15.0000   37.500014894.6035   21.7013
    7.5000   15.0000   37.500014218.9922   21.7249
   -7.5000   22.5000   37.500013310.8184   21.7658
    0.0000   22.5000   37.500013924.3818   21.7277
    7.5000   22.5000   37.500013263.6455   21.7465
   -7.5000   30.0000   37.500012307.6494   21.5229
    0.0000   30.0000   37.500012947.0098   21.4897
    7.5000   30.0000   37.500012340.1201   21.5004
   -7.5000   37.5000   37.500011705.3369   21.5162
    0.0000   37.5000   37.500012336.7441   21.4884
    7.5000   37.5000   37.500011769.6475   21.4976
   -7.5000   45.0000   37.500010613.3877   20.9795
    0.0000   45.0000   37.500011149.0000   20.9546
    7.5000   45.0000   37.500010660.8906   20.9691
   -7.5000  -45.0000   45.0000 9462.7383   21.9499
    0.0000  -45.0000   45.000010006.1221   21.9280
    7.5000  -45.0000   45.0000 9620.2549   21.9652
   -7.5000  -37.5000   45.000010085.6104   21.7104
    0.0000  -37.5000   45.000010621.9209   21.6876
    7.5000  -37.5000   45.000010231.4111   21.7320
   -7.5000  -30.0000   45.000011136.9941   21.6289
    0.0000  -30.0000   45.000011672.0615   21.5981
    7.5000  -30.0000   45.000011222.6631   21.6455
   -7.5000  -22.5000   45.000012235.5234   21.6693
    0.0000  -22.5000   45.000012768.3926   21.6330
    7.5000  -22.5000   45.000012165.7412   21.6747
   -7.5000  -15.0000   45.000013291.4150   21.7018
    0.0000  -15.0000   45.000013736.2617   21.6673
    7.5000  -15.0000   45.000013060.9854   21.7000
   -7.5000   -7.5000   45.000014204.1211   21.6941
    0.0000   -7.5000   45.000014637.3281   21.6665
    7.5000   -7.5000   45.000013959.4951   21.6968
   -7.5000    0.0000   45.000014943.9570   21.6581
    0.0000    0.0000   45.000015433.6475   21.6367
    7.5000    0.0000   45.000014734.9199   21.6729
   -7.5000    7.5000   45.000014516.4902   21.6237
    0.0000    7.5000   45.000015013.5547   21.6011
    7.5000    7.5000   45.000014323.2002   21.6453
   -7.5000   15.0000   45.000013541.0537   21.6273
    0.0000   15.0000   45.000014036.3369   21.5965
    7.5000   15.0000   45.000013387.6533   21.6439
   -7.5000   22.5000   45.000012580.1348   21.6593
    0.0000   22.5000   45.000013066.8252   21.6230
    7.5000   22.5000   45.000012471.9053   21.6647
   -7.5000   30.0000   45.000011635.5771   21.4190
    0.0000   30.0000   45.000012132.0840   21.3850
    7.5000   30.0000   45.000011581.1504   21.4173
   -7.5000   37.5000   45.000011071.1689   21.4115
    0.0000   37.5000   45.000011557.8213   21.3842
    7.5000   37.5000   45.000011014.2715   21.4141
   -7.5000   45.0000   45.000010037.3945   20.8853
    0.0000   45.0000   45.000010476.1484   20.8648
    7.5000   45.0000   45.0000 9975.9004   20.8997

---------------------------------------------------------------------
imgreg_4dfp /opt/freesurfer/average/711-2C_as_mni_average_305 /opt/freesurfer/average/711-2B_as_mni_average_305_mask talsrcimg_g11 none talsrcimg_to_711-2C_as_mni_average_305_t4 4355
---------------------------------------------------------------------

freesurfer imgreg_4dfp.c
/opt/freesurfer/average/711-2C_as_mni_average_305.4dfp.img
       256       256       256         1
  1.000000  1.000000  1.000000
orientation T byte_order littleendian
Reading image: /opt/freesurfer/average/711-2C_as_mni_average_305.4dfp.img
dimensions:      256       256       256
mmppix:       1.0000   -1.0000   -1.0000
center:     128.0000 -129.0000 -129.0000
/opt/freesurfer/average/711-2B_as_mni_average_305_mask.4dfp.img
       256       256       256         1
  1.000000  1.000000  1.000000
orientation T byte_order littleendian
Reading mask: /opt/freesurfer/average/711-2B_as_mni_average_305_mask.4dfp.img (2306576 pixels)
talsrcimg_g11.4dfp.img
       256       256       256         1
  1.000000  1.000000  1.000000
orientation T byte_order littleendian
Reading image: talsrcimg_g11.4dfp.img
dimensions:      256       256       256
mmppix:       1.0000   -1.0000   -1.0000
center:     128.0000 -129.0000 -129.0000
rotation matrix determinant  1.000000
image alignment mode   4355 decimal     1103 hex
   -7.5000  -45.0000  -45.0000 1847.0205   33.4413
    0.0000  -45.0000  -45.0000 1845.8362   32.8550
    7.5000  -45.0000  -45.0000 1844.9641   32.9156
   -7.5000  -37.5000  -45.0000 1925.8806   30.6508
    0.0000  -37.5000  -45.0000 1928.6165   30.2771
    7.5000  -37.5000  -45.0000 1921.8804   30.4225
   -7.5000  -30.0000  -45.0000 1977.0255   28.8256
    0.0000  -30.0000  -45.0000 1976.5634   28.4329
    7.5000  -30.0000  -45.0000 1966.2639   28.6972
   -7.5000  -22.5000  -45.0000 2015.4669   27.4384
    0.0000  -22.5000  -45.0000 2016.0441   27.1365
    7.5000  -22.5000  -45.0000 1999.8486   27.4365
   -7.5000  -15.0000  -45.0000 2043.0878   26.4975
    0.0000  -15.0000  -45.0000 2039.1753   26.2737
    7.5000  -15.0000  -45.0000 2016.1177   26.5071
   -7.5000   -7.5000  -45.0000 2057.4128   25.9245
    0.0000   -7.5000  -45.0000 2051.4258   25.7529
    7.5000   -7.5000  -45.0000 2029.6283   25.9781
   -7.5000    0.0000  -45.0000 2047.9703   25.9000
    0.0000    0.0000  -45.0000 2042.9596   25.7696
    7.5000    0.0000  -45.0000 2022.1389   26.1507
   -7.5000    7.5000  -45.0000 2033.5857   26.2926
    0.0000    7.5000  -45.0000 2028.9264   26.2134
    7.5000    7.5000  -45.0000 2012.9161   26.6399
   -7.5000   15.0000  -45.0000 2012.6498   27.1323
    0.0000   15.0000  -45.0000 2008.9027   27.0948
    7.5000   15.0000  -45.0000 1991.6038   27.5522
   -7.5000   22.5000  -45.0000 1981.2008   28.5759
    0.0000   22.5000  -45.0000 1978.4930   28.4531
    7.5000   22.5000  -45.0000 1954.9801   28.9559
   -7.5000   30.0000  -45.0000 1928.6012   30.5175
    0.0000   30.0000  -45.0000 1932.6658   30.3573
    7.5000   30.0000  -45.0000 1910.6864   30.8536
   -7.5000   37.5000  -45.0000 1870.3806   32.9344
    0.0000   37.5000  -45.0000 1876.8658   32.7902
    7.5000   37.5000  -45.0000 1845.9034   33.4169
   -7.5000   45.0000  -45.0000 1801.9098   36.0404
    0.0000   45.0000  -45.0000 1799.5425   36.1809
    7.5000   45.0000  -45.0000 1770.6154   36.9441
   -7.5000  -45.0000  -37.5000 1945.0092   30.0156
    0.0000  -45.0000  -37.5000 1949.7903   29.5670
    7.5000  -45.0000  -37.5000 1948.4531   29.8553
   -7.5000  -37.5000  -37.5000 2041.4041   27.6323
    0.0000  -37.5000  -37.5000 2041.7520   27.2128
    7.5000  -37.5000  -37.5000 2034.5120   27.5130
   -7.5000  -30.0000  -37.5000 2098.1326   25.9959
    0.0000  -30.0000  -37.5000 2098.8750   25.6372
    7.5000  -30.0000  -37.5000 2086.4475   25.8892
   -7.5000  -22.5000  -37.5000 2133.8916   24.7414
    0.0000  -22.5000  -37.5000 2134.1792   24.4764
    7.5000  -22.5000  -37.5000 2118.9670   24.7203
   -7.5000  -15.0000  -37.5000 2153.9211   23.8396
    0.0000  -15.0000  -37.5000 2155.4619   23.5486
    7.5000  -15.0000  -37.5000 2139.1160   23.7706
   -7.5000   -7.5000  -37.5000 2168.3494   23.3456
    0.0000   -7.5000  -37.5000 2171.6091   23.1146
    7.5000   -7.5000  -37.5000 2149.6008   23.2974
   -7.5000    0.0000  -37.5000 2159.7529   23.3010
    0.0000    0.0000  -37.5000 2157.2795   23.1251
    7.5000    0.0000  -37.5000 2137.7715   23.4047
   -7.5000    7.5000  -37.5000 2147.2422   23.5665
    0.0000    7.5000  -37.5000 2137.8716   23.4461
    7.5000    7.5000  -37.5000 2121.1777   23.7846
   -7.5000   15.0000  -37.5000 2118.2051   24.3310
    0.0000   15.0000  -37.5000 2117.1646   24.2110
    7.5000   15.0000  -37.5000 2100.9907   24.6454
   -7.5000   22.5000  -37.5000 2092.3799   25.6294
    0.0000   22.5000  -37.5000 2092.1025   25.5064
    7.5000   22.5000  -37.5000 2072.8540   25.9959
   -7.5000   30.0000  -37.5000 2040.8152   27.4331
    0.0000   30.0000  -37.5000 2045.4248   27.2624
    7.5000   30.0000  -37.5000 2023.3075   27.7592
   -7.5000   37.5000  -37.5000 1974.4840   29.5490
    0.0000   37.5000  -37.5000 1973.9445   29.4536
    7.5000   37.5000  -37.5000 1956.0306   30.0426
   -7.5000   45.0000  -37.5000 1897.1414   32.3841
    0.0000   45.0000  -37.5000 1896.2329   32.2106
    7.5000   45.0000  -37.5000 1878.7892   32.9393
   -7.5000  -45.0000  -30.0000 2081.3196   28.2011
    0.0000  -45.0000  -30.0000 2090.0232   27.7913
    7.5000  -45.0000  -30.0000 2087.9358   27.9864
   -7.5000  -37.5000  -30.0000 2183.1497   26.0212
    0.0000  -37.5000  -30.0000 2184.3005   25.6621
    7.5000  -37.5000  -30.0000 2173.1509   25.8266
   -7.5000  -30.0000  -30.0000 2246.0747   24.4212
    0.0000  -30.0000  -30.0000 2248.2488   24.1267
    7.5000  -30.0000  -30.0000 2232.5596   24.2536
   -7.5000  -22.5000  -30.0000 2289.0061   23.2639
    0.0000  -22.5000  -30.0000 2288.8574   22.9826
    7.5000  -22.5000  -30.0000 2269.9155   23.0849
   -7.5000  -15.0000  -30.0000 2304.2866   22.3875
    0.0000  -15.0000  -30.0000 2301.9761   22.0652
    7.5000  -15.0000  -30.0000 2291.0623   22.1907
   -7.5000   -7.5000  -30.0000 2311.9783   21.8971
    0.0000   -7.5000  -30.0000 2312.8745   21.6080
    7.5000   -7.5000  -30.0000 2298.1187   21.7753
   -7.5000    0.0000  -30.0000 2309.0010   21.8583
    0.0000    0.0000  -30.0000 2312.5198   21.7063
    7.5000    0.0000  -30.0000 2293.4336   21.8534
   -7.5000    7.5000  -30.0000 2296.7117   22.1291
    0.0000    7.5000  -30.0000 2297.5540   21.9806
    7.5000    7.5000  -30.0000 2282.4922   22.2466
   -7.5000   15.0000  -30.0000 2273.5432   22.7794
    0.0000   15.0000  -30.0000 2276.1946   22.6475
    7.5000   15.0000  -30.0000 2259.1099   22.9730
   -7.5000   22.5000  -30.0000 2237.0630   23.9360
    0.0000   22.5000  -30.0000 2245.7654   23.7807
    7.5000   22.5000  -30.0000 2222.1663   24.1245
   -7.5000   30.0000  -30.0000 2185.1458   25.5819
    0.0000   30.0000  -30.0000 2188.1174   25.3959
    7.5000   30.0000  -30.0000 2163.0789   25.7692
   -7.5000   37.5000  -30.0000 2109.1592   27.6041
    0.0000   37.5000  -30.0000 2111.1604   27.5076
    7.5000   37.5000  -30.0000 2094.6033   27.9815
   -7.5000   45.0000  -30.0000 2023.2432   30.3637
    0.0000   45.0000  -30.0000 2022.3948   30.2527
    7.5000   45.0000  -30.0000 2006.3383   30.8247
   -7.5000  -45.0000  -22.5000 2198.2031   26.3839
    0.0000  -45.0000  -22.5000 2212.3867   26.1015
    7.5000  -45.0000  -22.5000 2198.9316   26.1295
   -7.5000  -37.5000  -22.5000 2303.7190   24.3507
    0.0000  -37.5000  -22.5000 2313.9897   24.1001
    7.5000  -37.5000  -22.5000 2297.2566   24.1083
   -7.5000  -30.0000  -22.5000 2368.5535   22.8738
    0.0000  -30.0000  -22.5000 2375.1428   22.6475
    7.5000  -30.0000  -22.5000 2363.6057   22.6123
   -7.5000  -22.5000  -22.5000 2410.7886   21.7725
    0.0000  -22.5000  -22.5000 2417.1624   21.5347
    7.5000  -22.5000  -22.5000 2403.3699   21.5134
   -7.5000  -15.0000  -22.5000 2422.5474   20.9098
    0.0000  -15.0000  -22.5000 2434.4246   20.7036
    7.5000  -15.0000  -22.5000 2424.1089   20.6949
   -7.5000   -7.5000  -22.5000 2431.4971   20.4426
    0.0000   -7.5000  -22.5000 2442.9329   20.2290
    7.5000   -7.5000  -22.5000 2430.5649   20.2890
   -7.5000    0.0000  -22.5000 2431.7722   20.3739
    0.0000    0.0000  -22.5000 2439.3455   20.1592
    7.5000    0.0000  -22.5000 2424.5620   20.2761
   -7.5000    7.5000  -22.5000 2426.4946   20.5756
    0.0000    7.5000  -22.5000 2432.4812   20.3892
    7.5000    7.5000  -22.5000 2413.5889   20.5223
   -7.5000   15.0000  -22.5000 2406.3596   21.2155
    0.0000   15.0000  -22.5000 2412.4102   21.0319
    7.5000   15.0000  -22.5000 2389.1919   21.2161
   -7.5000   22.5000  -22.5000 2367.0327   22.3482
    0.0000   22.5000  -22.5000 2376.0552   22.1838
    7.5000   22.5000  -22.5000 2353.4141   22.3763
   -7.5000   30.0000  -22.5000 2310.9932   23.9018
    0.0000   30.0000  -22.5000 2318.0576   23.7715
    7.5000   30.0000  -22.5000 2294.7483   24.0621
   -7.5000   37.5000  -22.5000 2231.1897   25.8369
    0.0000   37.5000  -22.5000 2233.5828   25.7351
    7.5000   37.5000  -22.5000 2214.7156   26.1272
   -7.5000   45.0000  -22.5000 2132.1960   28.4654
    0.0000   45.0000  -22.5000 2137.8706   28.3640
    7.5000   45.0000  -22.5000 2120.3760   28.8609
   -7.5000  -45.0000  -15.0000 2287.7864   24.7428
    0.0000  -45.0000  -15.0000 2297.9062   24.5444
    7.5000  -45.0000  -15.0000 2287.8496   24.4213
   -7.5000  -37.5000  -15.0000 2395.9910   22.7490
    0.0000  -37.5000  -15.0000 2402.6045   22.6069
    7.5000  -37.5000  -15.0000 2387.1997   22.5091
   -7.5000  -30.0000  -15.0000 2457.1799   21.2584
    0.0000  -30.0000  -15.0000 2460.2319   21.1313
    7.5000  -30.0000  -15.0000 2449.2744   21.0670
   -7.5000  -22.5000  -15.0000 2500.8926   20.2535
    0.0000  -22.5000  -15.0000 2511.6118   20.1203
    7.5000  -22.5000  -15.0000 2493.5957   20.0444
   -7.5000  -15.0000  -15.0000 2524.8252   19.5111
    0.0000  -15.0000  -15.0000 2538.4075   19.3492
    7.5000  -15.0000  -15.0000 2521.4585   19.2976
   -7.5000   -7.5000  -15.0000 2538.2903   19.0512
    0.0000   -7.5000  -15.0000 2545.8770   18.8822
    7.5000   -7.5000  -15.0000 2538.6980   18.8987
   -7.5000    0.0000  -15.0000 2538.7173   18.9563
    0.0000    0.0000  -15.0000 2550.0425   18.8185
    7.5000    0.0000  -15.0000 2534.3137   18.8341
   -7.5000    7.5000  -15.0000 2536.7827   19.1409
    0.0000    7.5000  -15.0000 2543.3679   18.9958
    7.5000    7.5000  -15.0000 2528.1162   19.1052
   -7.5000   15.0000  -15.0000 2517.8096   19.7930
    0.0000   15.0000  -15.0000 2524.0647   19.6113
    7.5000   15.0000  -15.0000 2508.0527   19.7693
   -7.5000   22.5000  -15.0000 2473.3694   20.9140
    0.0000   22.5000  -15.0000 2483.2773   20.7452
    7.5000   22.5000  -15.0000 2466.4863   20.8850
   -7.5000   30.0000  -15.0000 2411.2126   22.3972
    0.0000   30.0000  -15.0000 2421.0327   22.2593
    7.5000   30.0000  -15.0000 2397.7769   22.4796
   -7.5000   37.5000  -15.0000 2329.0239   24.3330
    0.0000   37.5000  -15.0000 2333.7769   24.2019
    7.5000   37.5000  -15.0000 2312.7837   24.4699
   -7.5000   45.0000  -15.0000 2219.9109   26.8067
    0.0000   45.0000  -15.0000 2223.8679   26.6404
    7.5000   45.0000  -15.0000 2204.8428   27.0552
   -7.5000  -45.0000   -7.5000 2357.1890   23.1523
    0.0000  -45.0000   -7.5000 2366.5312   22.9454
    7.5000  -45.0000   -7.5000 2353.4883   22.8455
   -7.5000  -37.5000   -7.5000 2461.2471   21.2107
    0.0000  -37.5000   -7.5000 2473.0896   21.0757
    7.5000  -37.5000   -7.5000 2457.3633   21.0118
   -7.5000  -30.0000   -7.5000 2532.1265   19.7428
    0.0000  -30.0000   -7.5000 2536.7441   19.6429
    7.5000  -30.0000   -7.5000 2524.6194   19.5949
   -7.5000  -22.5000   -7.5000 2584.7307   18.8046
    0.0000  -22.5000   -7.5000 2591.8909   18.7022
    7.5000  -22.5000   -7.5000 2577.9688   18.6528
   -7.5000  -15.0000   -7.5000 2619.8398   18.1581
    0.0000  -15.0000   -7.5000 2627.5464   18.0381
    7.5000  -15.0000   -7.5000 2613.5923   18.0235
   -7.5000   -7.5000   -7.5000 2632.3916   17.7281
    0.0000   -7.5000   -7.5000 2642.1633   17.5757
    7.5000   -7.5000   -7.5000 2635.6814   17.6309
   -7.5000    0.0000   -7.5000 2636.0889   17.6378
    0.0000    0.0000   -7.5000 2652.6606   17.4808
    7.5000    0.0000   -7.5000 2640.9512   17.5672
   -7.5000    7.5000   -7.5000 2636.2041   17.8536
    0.0000    7.5000   -7.5000 2649.8218   17.7216
    7.5000    7.5000   -7.5000 2633.2639   17.8040
   -7.5000   15.0000   -7.5000 2614.8706   18.5041
    0.0000   15.0000   -7.5000 2624.6829   18.3638
    7.5000   15.0000   -7.5000 2602.3452   18.4420
   -7.5000   22.5000   -7.5000 2568.6819   19.5530
    0.0000   22.5000   -7.5000 2577.2622   19.4230
    7.5000   22.5000   -7.5000 2555.9377   19.4956
   -7.5000   30.0000   -7.5000 2495.0427   21.0018
    0.0000   30.0000   -7.5000 2506.0100   20.8935
    7.5000   30.0000   -7.5000 2484.1648   20.9579
   -7.5000   37.5000   -7.5000 2403.4971   22.8022
    0.0000   37.5000   -7.5000 2411.3318   22.6933
    7.5000   37.5000   -7.5000 2392.6357   22.8428
   -7.5000   45.0000   -7.5000 2291.1333   25.1286
    0.0000   45.0000   -7.5000 2297.0620   25.0326
    7.5000   45.0000   -7.5000 2275.8369   25.2475
   -7.5000  -45.0000    0.0000 2403.3369   21.7136
    0.0000  -45.0000    0.0000 2419.6624   21.5711
    7.5000  -45.0000    0.0000 2413.2969   21.5711
   -7.5000  -37.5000    0.0000 2515.5576   19.8512
    0.0000  -37.5000    0.0000 2532.3269   19.7022
    7.5000  -37.5000    0.0000 2520.1362   19.7572
   -7.5000  -30.0000    0.0000 2592.7441   18.5010
    0.0000  -30.0000    0.0000 2605.4902   18.3843
    7.5000  -30.0000    0.0000 2594.0991   18.4164
   -7.5000  -22.5000    0.0000 2650.4624   17.6202
    0.0000  -22.5000    0.0000 2660.3479   17.4640
    7.5000  -22.5000    0.0000 2648.6147   17.4728
   -7.5000  -15.0000    0.0000 2700.1768   16.9894
    0.0000  -15.0000    0.0000 2709.6433   16.8705
    7.5000  -15.0000    0.0000 2698.7090   16.9172
   -7.5000   -7.5000    0.0000 2721.9016   16.5771
    0.0000   -7.5000    0.0000 2730.8091   16.4557
    7.5000   -7.5000    0.0000 2722.2646   16.5372
   -7.5000    0.0000    0.0000 2733.8533   16.4931
    0.0000    0.0000    0.0000 2745.4644   16.3650
    7.5000    0.0000    0.0000 2730.8667   16.4500
   -7.5000    7.5000    0.0000 2726.7524   16.7608
    0.0000    7.5000    0.0000 2740.7532   16.6558
    7.5000    7.5000    0.0000 2722.8521   16.7272
   -7.5000   15.0000    0.0000 2697.3508   17.4120
    0.0000   15.0000    0.0000 2709.5369   17.2901
    7.5000   15.0000    0.0000 2693.0479   17.3861
   -7.5000   22.5000    0.0000 2645.1387   18.4501
    0.0000   22.5000    0.0000 2658.4080   18.2905
    7.5000   22.5000    0.0000 2638.8987   18.3673
   -7.5000   30.0000    0.0000 2566.4468   19.8439
    0.0000   30.0000    0.0000 2580.8704   19.6690
    7.5000   30.0000    0.0000 2558.5405   19.7599
   -7.5000   37.5000    0.0000 2469.1545   21.5403
    0.0000   37.5000    0.0000 2481.2380   21.3712
    7.5000   37.5000    0.0000 2461.0684   21.5564
   -7.5000   45.0000    0.0000 2341.9685   23.6690
    0.0000   45.0000    0.0000 2353.5073   23.5636
    7.5000   45.0000    0.0000 2336.5300   23.8059
   -7.5000  -45.0000    7.5000 2444.6736   20.6542
    0.0000  -45.0000    7.5000 2459.6331   20.4368
    7.5000  -45.0000    7.5000 2460.4304   20.6225
   -7.5000  -37.5000    7.5000 2562.9829   18.8338
    0.0000  -37.5000    7.5000 2574.9612   18.6488
    7.5000  -37.5000    7.5000 2571.8086   18.7932
   -7.5000  -30.0000    7.5000 2648.5715   17.5345
    0.0000  -30.0000    7.5000 2662.3130   17.3534
    7.5000  -30.0000    7.5000 2656.5891   17.4810
   -7.5000  -22.5000    7.5000 2718.9321   16.6952
    0.0000  -22.5000    7.5000 2733.9290   16.4637
    7.5000  -22.5000    7.5000 2725.8098   16.5633
   -7.5000  -15.0000    7.5000 2774.2856   16.1227
    0.0000  -15.0000    7.5000 2790.1616   15.9105
    7.5000  -15.0000    7.5000 2780.4482   15.9874
   -7.5000   -7.5000    7.5000 2803.2537   15.7110
    0.0000   -7.5000    7.5000 2816.8845   15.5614
    7.5000   -7.5000    7.5000 2804.8381   15.6336
   -7.5000    0.0000    7.5000 2819.1392   15.5702
    0.0000    0.0000    7.5000 2829.7671   15.4615
    7.5000    0.0000    7.5000 2817.4380   15.5470
   -7.5000    7.5000    7.5000 2810.3997   15.8784
    0.0000    7.5000    7.5000 2822.6460   15.7508
    7.5000    7.5000    7.5000 2809.1597   15.8636
   -7.5000   15.0000    7.5000 2773.1091   16.5715
    0.0000   15.0000    7.5000 2787.7979   16.3892
    7.5000   15.0000    7.5000 2774.8384   16.5104
   -7.5000   22.5000    7.5000 2711.5798   17.5746
    0.0000   22.5000    7.5000 2725.1997   17.3722
    7.5000   22.5000    7.5000 2713.2363   17.4836
   -7.5000   30.0000    7.5000 2623.8962   18.8767
    0.0000   30.0000    7.5000 2638.9248   18.6900
    7.5000   30.0000    7.5000 2623.3945   18.8110
   -7.5000   37.5000    7.5000 2524.9163   20.5411
    0.0000   37.5000    7.5000 2535.6401   20.3698
    7.5000   37.5000    7.5000 2521.0850   20.5374
   -7.5000   45.0000    7.5000 2392.0173   22.6054
    0.0000   45.0000    7.5000 2399.2996   22.4669
    7.5000   45.0000    7.5000 2391.6853   22.6709
   -7.5000  -45.0000   15.0000 2470.9375   20.0587
    0.0000  -45.0000   15.0000 2487.8904   19.7023
    7.5000  -45.0000   15.0000 2488.3101   19.8409
   -7.5000  -37.5000   15.0000 2591.0911   18.2468
    0.0000  -37.5000   15.0000 2604.3835   17.9094
    7.5000  -37.5000   15.0000 2606.0913   18.0696
   -7.5000  -30.0000   15.0000 2684.6851   16.9243
    0.0000  -30.0000   15.0000 2699.5369   16.6211
    7.5000  -30.0000   15.0000 2703.5933   16.7605
   -7.5000  -22.5000   15.0000 2771.9482   16.0398
    0.0000  -22.5000   15.0000 2786.8101   15.7659
    7.5000  -22.5000   15.0000 2783.5581   15.8837
   -7.5000  -15.0000   15.0000 2836.0498   15.5038
    0.0000  -15.0000   15.0000 2855.9185   15.2361
    7.5000  -15.0000   15.0000 2843.2227   15.3759
   -7.5000   -7.5000   15.0000 2868.9141   15.0457
    0.0000   -7.5000   15.0000 2886.6807   14.8739
    7.5000   -7.5000   15.0000 2872.7974   15.0227
   -7.5000    0.0000   15.0000 2888.2893   14.8543
    0.0000    0.0000   15.0000 2893.8147   14.7283
    7.5000    0.0000   15.0000 2890.9995   14.9198
   -7.5000    7.5000   15.0000 2873.9026   15.2370
    0.0000    7.5000   15.0000 2884.4797   15.0329
    7.5000    7.5000   15.0000 2880.3696   15.2120
   -7.5000   15.0000   15.0000 2824.9670   15.9642
    0.0000   15.0000   15.0000 2844.6919   15.7263
    7.5000   15.0000   15.0000 2838.8857   15.8669
   -7.5000   22.5000   15.0000 2757.8186   16.9527
    0.0000   22.5000   15.0000 2771.3748   16.7194
    7.5000   22.5000   15.0000 2764.3770   16.8625
   -7.5000   30.0000   15.0000 2669.0234   18.2649
    0.0000   30.0000   15.0000 2681.1084   18.0484
    7.5000   30.0000   15.0000 2669.4529   18.1881
   -7.5000   37.5000   15.0000 2559.6282   19.9013
    0.0000   37.5000   15.0000 2571.7180   19.7001
    7.5000   37.5000   15.0000 2554.3042   19.8298
   -7.5000   45.0000   15.0000 2426.3918   21.8783
    0.0000   45.0000   15.0000 2435.9734   21.7101
    7.5000   45.0000   15.0000 2419.4932   21.8421
   -7.5000  -45.0000   22.5000 2494.2832   19.7860
    0.0000  -45.0000   22.5000 2510.5535   19.2780
    7.5000  -45.0000   22.5000 2513.8694   19.4058
   -7.5000  -37.5000   22.5000 2614.2803   17.9439
    0.0000  -37.5000   22.5000 2624.0974   17.4979
    7.5000  -37.5000   22.5000 2628.2712   17.6145
   -7.5000  -30.0000   22.5000 2712.8098   16.6047
    0.0000  -30.0000   22.5000 2726.1045   16.1643
    7.5000  -30.0000   22.5000 2731.4446   16.3045
   -7.5000  -22.5000   22.5000 2807.3606   15.7118
    0.0000  -22.5000   22.5000 2822.0625   15.3314
    7.5000  -22.5000   22.5000 2822.5002   15.4878
   -7.5000  -15.0000   22.5000 2880.0305   15.1319
    0.0000  -15.0000   22.5000 2902.1387   14.8581
    7.5000  -15.0000   22.5000 2894.3665   15.0124
   -7.5000   -7.5000   22.5000 2920.2249   14.6293
    0.0000   -7.5000   22.5000 2943.0544   14.3996
    7.5000   -7.5000   22.5000 2929.1802   14.6864
   -7.5000    0.0000   22.5000 2934.2634   14.4449
    0.0000    0.0000   22.5000 2943.9131   14.1969
    7.5000    0.0000   22.5000 2938.2866   14.5328
   -7.5000    7.5000   22.5000 2910.7151   14.8764
    0.0000    7.5000   22.5000 2929.1191   14.6207
    7.5000    7.5000   22.5000 2923.3657   14.8321
   -7.5000   15.0000   22.5000 2859.8450   15.5847
    0.0000   15.0000   22.5000 2881.6802   15.3583
    7.5000   15.0000   22.5000 2876.3335   15.5178
   -7.5000   22.5000   22.5000 2790.4971   16.5774
    0.0000   22.5000   22.5000 2804.7964   16.3962
    7.5000   22.5000   22.5000 2796.2253   16.5368
   -7.5000   30.0000   22.5000 2693.4622   17.8863
    0.0000   30.0000   22.5000 2703.9380   17.7386
    7.5000   30.0000   22.5000 2689.3848   17.8455
   -7.5000   37.5000   22.5000 2585.1394   19.5025
    0.0000   37.5000   22.5000 2591.9954   19.3865
    7.5000   37.5000   22.5000 2570.2292   19.4829
   -7.5000   45.0000   22.5000 2451.7263   21.4572
    0.0000   45.0000   22.5000 2458.5073   21.3366
    7.5000   45.0000   22.5000 2441.3855   21.4516
   -7.5000  -45.0000   30.0000 2498.8684   19.7039
    0.0000  -45.0000   30.0000 2520.6733   19.1211
    7.5000  -45.0000   30.0000 2523.9436   19.1984
   -7.5000  -37.5000   30.0000 2615.5923   17.8711
    0.0000  -37.5000   30.0000 2633.1421   17.3085
    7.5000  -37.5000   30.0000 2639.3159   17.4354
   -7.5000  -30.0000   30.0000 2718.6353   16.5045
    0.0000  -30.0000   30.0000 2736.0229   15.9661
    7.5000  -30.0000   30.0000 2743.0647   16.1154
   -7.5000  -22.5000   30.0000 2813.9727   15.6154
    0.0000  -22.5000   30.0000 2830.6953   15.1366
    7.5000  -22.5000   30.0000 2838.4585   15.2761
   -7.5000  -15.0000   30.0000 2889.7939   15.0308
    0.0000  -15.0000   30.0000 2916.0103   14.6478
    7.5000  -15.0000   30.0000 2918.7427   14.8010
   -7.5000   -7.5000   30.0000 2941.4587   14.5898
    0.0000   -7.5000   30.0000 2965.6277   14.2586
    7.5000   -7.5000   30.0000 2958.0132   14.4831
   -7.5000    0.0000   30.0000 2948.4500   14.3780
    0.0000    0.0000   30.0000 2964.5190   14.0991
    7.5000    0.0000   30.0000 2959.0364   14.4262
   -7.5000    7.5000   30.0000 2924.1055   14.7698
    0.0000    7.5000   30.0000 2947.8306   14.5182
    7.5000    7.5000   30.0000 2940.8064   14.7481
   -7.5000   15.0000   30.0000 2868.7017   15.4973
    0.0000   15.0000   30.0000 2890.9565   15.2706
    7.5000   15.0000   30.0000 2883.9802   15.4328
   -7.5000   22.5000   30.0000 2795.0120   16.4868
    0.0000   22.5000   30.0000 2808.3416   16.2746
    7.5000   22.5000   30.0000 2799.2400   16.4283
   -7.5000   30.0000   30.0000 2693.9021   17.7665
    0.0000   30.0000   30.0000 2704.2346   17.5625
    7.5000   30.0000   30.0000 2693.0635   17.7018
   -7.5000   37.5000   30.0000 2582.2417   19.3786
    0.0000   37.5000   30.0000 2595.5867   19.1900
    7.5000   37.5000   30.0000 2578.5610   19.3009
   -7.5000   45.0000   30.0000 2451.8389   21.3135
    0.0000   45.0000   30.0000 2462.5156   21.1511
    7.5000   45.0000   30.0000 2445.8926   21.2999
   -7.5000  -45.0000   37.5000 2491.3157   19.9027
    0.0000  -45.0000   37.5000 2522.3420   19.3264
    7.5000  -45.0000   37.5000 2528.5208   19.3062
   -7.5000  -37.5000   37.5000 2604.2527   18.0422
    0.0000  -37.5000   37.5000 2634.6641   17.4776
    7.5000  -37.5000   37.5000 2641.7258   17.5264
   -7.5000  -30.0000   37.5000 2706.9858   16.5936
    0.0000  -30.0000   37.5000 2737.6194   16.0909
    7.5000  -30.0000   37.5000 2747.4983   16.2107
   -7.5000  -22.5000   37.5000 2803.5002   15.6533
    0.0000  -22.5000   37.5000 2831.8921   15.1802
    7.5000  -22.5000   37.5000 2841.3652   15.3079
   -7.5000  -15.0000   37.5000 2879.1809   15.1312
    0.0000  -15.0000   37.5000 2911.7864   14.6609
    7.5000  -15.0000   37.5000 2917.8293   14.7640
   -7.5000   -7.5000   37.5000 2934.9741   14.8827
    0.0000   -7.5000   37.5000 2963.0105   14.3994
    7.5000   -7.5000   37.5000 2957.1973   14.5437
   -7.5000    0.0000   37.5000 2948.7566   14.8212
    0.0000    0.0000   37.5000 2972.8416   14.4338
    7.5000    0.0000   37.5000 2964.1475   14.6487
   -7.5000    7.5000   37.5000 2915.9839   15.0296
    0.0000    7.5000   37.5000 2938.9426   14.6997
    7.5000    7.5000   37.5000 2927.9355   14.9493
   -7.5000   15.0000   37.5000 2856.6936   15.5858
    0.0000   15.0000   37.5000 2875.0852   15.3176
    7.5000   15.0000   37.5000 2867.3982   15.5294
   -7.5000   22.5000   37.5000 2771.9771   16.5219
    0.0000   22.5000   37.5000 2792.3730   16.2951
    7.5000   22.5000   37.5000 2784.9104   16.4576
   -7.5000   30.0000   37.5000 2673.5391   17.7822
    0.0000   30.0000   37.5000 2694.2952   17.5551
    7.5000   30.0000   37.5000 2686.7078   17.6930
   -7.5000   37.5000   37.5000 2565.7166   19.3504
    0.0000   37.5000   37.5000 2584.5210   19.1350
    7.5000   37.5000   37.5000 2575.2346   19.2701
   -7.5000   45.0000   37.5000 2435.0583   21.3005
    0.0000   45.0000   37.5000 2441.2075   21.1120
    7.5000   45.0000   37.5000 2437.1487   21.2371
   -7.5000  -45.0000   45.0000 2468.2424   20.3085
    0.0000  -45.0000   45.0000 2507.4985   19.6914
    7.5000  -45.0000   45.0000 2516.3018   19.6590
   -7.5000  -37.5000   45.0000 2578.5251   18.5088
    0.0000  -37.5000   45.0000 2617.0750   17.9239
    7.5000  -37.5000   45.0000 2632.6660   17.9317
   -7.5000  -30.0000   45.0000 2685.8613   17.1760
    0.0000  -30.0000   45.0000 2722.5022   16.6392
    7.5000  -30.0000   45.0000 2738.8601   16.6469
   -7.5000  -22.5000   45.0000 2784.9546   16.2486
    0.0000  -22.5000   45.0000 2816.7354   15.7518
    7.5000  -22.5000   45.0000 2829.6794   15.7145
   -7.5000  -15.0000   45.0000 2853.8508   15.6966
    0.0000  -15.0000   45.0000 2884.9841   15.1638
    7.5000  -15.0000   45.0000 2897.4673   15.1157
   -7.5000   -7.5000   45.0000 2892.0410   15.4172
    0.0000   -7.5000   45.0000 2923.5005   14.9419
    7.5000   -7.5000   45.0000 2930.3010   14.9454
   -7.5000    0.0000   45.0000 2897.3589   15.3290
    0.0000    0.0000   45.0000 2928.7273   14.9810
    7.5000    0.0000   45.0000 2929.2266   15.0488
   -7.5000    7.5000   45.0000 2866.1516   15.5755
    0.0000    7.5000   45.0000 2894.3269   15.2525
    7.5000    7.5000   45.0000 2890.9036   15.3852
   -7.5000   15.0000   45.0000 2803.9907   16.0825
    0.0000   15.0000   45.0000 2830.0161   15.7800
    7.5000   15.0000   45.0000 2827.7439   15.9399
   -7.5000   22.5000   45.0000 2727.8538   16.9225
    0.0000   22.5000   45.0000 2751.1995   16.6377
    7.5000   22.5000   45.0000 2751.1326   16.8031
   -7.5000   30.0000   45.0000 2639.2366   18.0899
    0.0000   30.0000   45.0000 2661.6589   17.7832
    7.5000   30.0000   45.0000 2658.1648   17.9335
   -7.5000   37.5000   45.0000 2530.0249   19.6031
    0.0000   37.5000   45.0000 2548.3940   19.3263
    7.5000   37.5000   45.0000 2542.3733   19.4516
   -7.5000   45.0000   45.0000 2404.5789   21.5293
    0.0000   45.0000   45.0000 2411.0459   21.2971
    7.5000   45.0000   45.0000 2401.7542   21.3720

---------------------------------------------------------------------
imgreg_4dfp /opt/freesurfer/average/711-2C_as_mni_average_305 /opt/freesurfer/average/711-2B_as_mni_average_305_mask talsrcimg_g11 none talsrcimg_to_711-2C_as_mni_average_305_t4 1283
---------------------------------------------------------------------

freesurfer imgreg_4dfp.c
/opt/freesurfer/average/711-2C_as_mni_average_305.4dfp.img
       256       256       256         1
  1.000000  1.000000  1.000000
orientation T byte_order littleendian
Reading image: /opt/freesurfer/average/711-2C_as_mni_average_305.4dfp.img
dimensions:      256       256       256
mmppix:       1.0000   -1.0000   -1.0000
center:     128.0000 -129.0000 -129.0000
/opt/freesurfer/average/711-2B_as_mni_average_305_mask.4dfp.img
       256       256       256         1
  1.000000  1.000000  1.000000
orientation T byte_order littleendian
Reading mask: /opt/freesurfer/average/711-2B_as_mni_average_305_mask.4dfp.img (2306576 pixels)
talsrcimg_g11.4dfp.img
       256       256       256         1
  1.000000  1.000000  1.000000
orientation T byte_order littleendian
Reading image: talsrcimg_g11.4dfp.img
dimensions:      256       256       256
mmppix:       1.0000   -1.0000   -1.0000
center:     128.0000 -129.0000 -129.0000
rotation matrix determinant  1.000000
fimgreg.f
image alignment mode   1283 decimal      503 hex
parameters
    0.0000    0.0000   37.5000    0.0000    0.0000    0.0000
eta,q 0.93212 14.47205
niter,ni,del,rscale     5    3   12.0000    1.2000
parameter  3  0.559018 ->  0.500000 qaram    1.1500
parameter  5  1.205597 ->  0.500000 qaram    1.1500
parameter  6  0.674490 ->  0.500000 qaram    1.1500
parameters
    0.9406   -1.7368   34.0500    0.3812   -3.4500   -3.4500
eta,q 0.93672 14.07911
  0.0767  0.0698  0.0674  0.0716  0.0643  0.0629
  0.0741  0.0690  0.0670  0.0684  0.0635  0.0632
  0.0708  0.0679  0.0665  0.0667  0.0643  0.0634
  0.0684  0.0679  0.0676  0.0671  0.0672  0.0635
  0.0682  0.0692  0.0715  0.0678  0.0692  0.0642
  0.0705  0.0724  0.0768  0.0686  0.0712  0.0659
  0.0736  0.0770  0.0812  0.0697  0.0734  0.0675
niter,ni,del,rscale     7    3   12.0000    1.2000
parameter  5  3.885418 ->  0.500000 qaram    1.3225
parameters
    2.4489   -4.0467   32.0328    2.5516   -7.4175   -4.2899
eta,q 0.94136 13.92682
  0.0701  0.0640  0.0645  0.0700  0.0564  0.0612
  0.0683  0.0627  0.0621  0.0665  0.0580  0.0599
  0.0654  0.0627  0.0622  0.0633  0.0608  0.0588
  0.0633  0.0628  0.0627  0.0622  0.0622  0.0588
  0.0627  0.0644  0.0637  0.0621  0.0640  0.0594
  0.0639  0.0667  0.0658  0.0626  0.0663  0.0609
  0.0664  0.0685  0.0708  0.0632  0.0698  0.0628
niter,ni,del,rscale     7    3   12.0000    1.2000
parameter  4 -0.551036 -> -0.500000 qaram    1.1500
parameter  5  1.360486 ->  0.500000 qaram    1.5209
parameters
    4.5382   -6.8621   30.2918    6.0016  -11.9801   -2.3731
eta,q 0.94991 13.86288
  0.0690  0.0584  0.0586  0.0666  0.0497  0.0566
  0.0649  0.0560  0.0560  0.0611  0.0496  0.0541
  0.0608  0.0567  0.0557  0.0570  0.0523  0.0517
  0.0586  0.0577  0.0562  0.0558  0.0552  0.0502
  0.0578  0.0590  0.0574  0.0556  0.0584  0.0502
  0.0582  0.0604  0.0597  0.0550  0.0632  0.0510
  0.0608  0.0617  0.0621  0.0546  0.0671  0.0522
niter,ni,del,rscale     7    3   12.0000    1.2000
parameters
    5.3299   -8.2191   31.5275    6.6387  -13.7792   -2.3065
eta,q 0.95145 13.84882
  0.0618  0.0545  0.0560  0.0563  0.0551  0.0527
  0.0558  0.0508  0.0542  0.0494  0.0504  0.0510
  0.0511  0.0493  0.0514  0.0489  0.0485  0.0493
  0.0501  0.0500  0.0493  0.0490  0.0490  0.0485
  0.0501  0.0524  0.0485  0.0496  0.0516  0.0492
  0.0523  0.0562  0.0494  0.0507  0.0559  0.0506
  0.0567  0.0600  0.0539  0.0521  0.0623  0.0527
niter,ni,del,rscale     6    3   12.0000    1.2000
parameters
    5.9603   -8.0290   31.7997    6.2186  -14.1811   -2.0089
eta,q 0.95175 13.86101
  0.0600  0.0555  0.0550  0.0537  0.0574  0.0529
  0.0552  0.0514  0.0532  0.0489  0.0522  0.0510
  0.0499  0.0496  0.0493  0.0482  0.0489  0.0491
  0.0486  0.0485  0.0484  0.0484  0.0482  0.0482
  0.0488  0.0487  0.0478  0.0494  0.0494  0.0488
  0.0519  0.0508  0.0514  0.0512  0.0537  0.0501
  0.0562  0.0549  0.0550  0.0539  0.0590  0.0524
niter,ni,del,rscale     5    3   12.0000    1.2000
parameters
    6.1513   -7.7678   31.9128    6.3316  -14.2936   -1.9432
eta,q 0.95179 13.86212
  0.0586  0.0557  0.0548  0.0554  0.0576  0.0526
  0.0534  0.0513  0.0524  0.0497  0.0527  0.0506
  0.0489  0.0493  0.0489  0.0485  0.0492  0.0488
  0.0483  0.0482  0.0482  0.0482  0.0482  0.0482
  0.0490  0.0488  0.0478  0.0490  0.0488  0.0488
  0.0525  0.0508  0.0517  0.0509  0.0529  0.0502
  0.0572  0.0544  0.0549  0.0537  0.0583  0.0526
niter,ni,del,rscale     4    3   12.0000    1.2000
parameters
    6.2398   -7.7369   31.9652    6.3439  -14.3413   -1.9108
eta,q 0.95180 13.86266
  0.0582  0.0548  0.0549  0.0551  0.0576  0.0526
  0.0528  0.0511  0.0522  0.0497  0.0528  0.0506
  0.0486  0.0491  0.0488  0.0485  0.0493  0.0487
  0.0482  0.0482  0.0482  0.0482  0.0482  0.0482
  0.0489  0.0489  0.0479  0.0491  0.0487  0.0488
  0.0524  0.0511  0.0520  0.0511  0.0527  0.0502
  0.0574  0.0547  0.0550  0.0539  0.0582  0.0527
niter,ni,del,rscale     3    3   12.0000    1.2000
parameters
    6.2678   -7.7019   31.9837    6.3461  -14.3628   -1.9037
eta,q 0.95180 13.86278
  0.0580  0.0548  0.0549  0.0551  0.0576  0.0526
  0.0526  0.0511  0.0521  0.0498  0.0528  0.0505
  0.0486  0.0491  0.0488  0.0485  0.0493  0.0487
  0.0482  0.0482  0.0482  0.0482  0.0482  0.0482
  0.0490  0.0489  0.0479  0.0491  0.0486  0.0489
  0.0525  0.0511  0.0521  0.0511  0.0526  0.0502
  0.0576  0.0547  0.0551  0.0540  0.0581  0.0527
registration optimization eta report
parameter search radius
    6.0000    6.0000    6.9000    6.9000    9.1253    6.9000
100000*second partial in parameter space
       28.       18.       15.       14.       12.        9.
  0.0580  0.0548  0.0549  0.0551  0.0576  0.0526
  0.0526  0.0511  0.0521  0.0498  0.0528  0.0505
  0.0486  0.0491  0.0488  0.0485  0.0493  0.0487
  0.0482  0.0482  0.0482  0.0482  0.0482  0.0482
  0.0490  0.0489  0.0479  0.0491  0.0486  0.0489
  0.0525  0.0511  0.0521  0.0511  0.0526  0.0502
  0.0576  0.0547  0.0551  0.0540  0.0581  0.0527
    6.2678   -7.7019   31.9837    6.3461  -14.3628   -1.9037
eta,q 0.95180 13.86278

---------------------------------------------------------------------
imgreg_4dfp /opt/freesurfer/average/711-2C_as_mni_average_305 /opt/freesurfer/average/711-2B_as_mni_average_305_mask talsrcimg_g11 none talsrcimg_to_711-2C_as_mni_average_305_t4 3335
---------------------------------------------------------------------

freesurfer imgreg_4dfp.c
/opt/freesurfer/average/711-2C_as_mni_average_305.4dfp.img
       256       256       256         1
  1.000000  1.000000  1.000000
orientation T byte_order littleendian
Reading image: /opt/freesurfer/average/711-2C_as_mni_average_305.4dfp.img
dimensions:      256       256       256
mmppix:       1.0000   -1.0000   -1.0000
center:     128.0000 -129.0000 -129.0000
/opt/freesurfer/average/711-2B_as_mni_average_305_mask.4dfp.img
       256       256       256         1
  1.000000  1.000000  1.000000
orientation T byte_order littleendian
Reading mask: /opt/freesurfer/average/711-2B_as_mni_average_305_mask.4dfp.img (2306576 pixels)
talsrcimg_g11.4dfp.img
       256       256       256         1
  1.000000  1.000000  1.000000
orientation T byte_order littleendian
Reading image: talsrcimg_g11.4dfp.img
dimensions:      256       256       256
mmppix:       1.0000   -1.0000   -1.0000
center:     128.0000 -129.0000 -129.0000
fimgreg.f
image alignment mode   3335 decimal      D07 hex
parameters
    6.2678   -7.7019   31.9837   -3.1790   -0.7587   -3.7192
    6.0420   24.2734   -3.2181  -11.8663  -24.8062   10.7079
eta,q 0.95647 13.95266
niter,ni,del,rscale     5    3    5.0000    1.2000
parameter  4  6.325095 ->  0.500000 qaram    1.1500
parameter  5  2.186152 ->  0.500000 qaram    1.1500
parameter  6  1.344812 ->  0.500000 qaram    1.1500
parameter 11 -0.765168 -> -0.500000 qaram    1.1500
parameters
    5.7388   -7.1932   32.0373   -7.3190   -4.8987   -7.8592
    3.7599   24.1467   -1.7875  -13.2310  -20.6662    7.5652
eta,q 0.97481 13.86728
  0.0446  0.0463  0.0448  0.0334  0.0308  0.0273  0.0286  0.0321  0.0300  0.0297  0.0312  0.0259
  0.0437  0.0449  0.0439  0.0361  0.0322  0.0272  0.0274  0.0299  0.0287  0.0280  0.0295  0.0253
  0.0434  0.0439  0.0434  0.0393  0.0343  0.0287  0.0270  0.0281  0.0276  0.0269  0.0280  0.0252
  0.0435  0.0434  0.0433  0.0433  0.0370  0.0327  0.0273  0.0270  0.0270  0.0269  0.0267  0.0256
  0.0441  0.0434  0.0435  0.0477  0.0400  0.0375  0.0284  0.0273  0.0269  0.0281  0.0259  0.0265
  0.0449  0.0438  0.0439  0.0513  0.0433  0.0415  0.0301  0.0296  0.0274  0.0302  0.0256  0.0281
  0.0461  0.0445  0.0445  0.0551  0.0468  0.0455  0.0323  0.0332  0.0284  0.0331  0.0259  0.0302
niter,ni,del,rscale     7    3    5.0000    1.2000
parameter  4  0.638242 ->  0.500000 qaram    1.3225
parameters
    5.6270   -7.5976   31.3681  -12.0800   -6.7954   -9.1743
    3.4321   23.8977   -2.4666  -12.7620  -21.5263    8.4702
eta,q 0.97721 13.73425
  0.0289  0.0272  0.0262  0.0235  0.0254  0.0263  0.0257  0.0275  0.0247  0.0268  0.0246  0.0250
  0.0267  0.0258  0.0252  0.0227  0.0235  0.0249  0.0242  0.0251  0.0237  0.0248  0.0234  0.0240
  0.0255  0.0251  0.0248  0.0228  0.0224  0.0236  0.0232  0.0235  0.0231  0.0235  0.0228  0.0232
  0.0252  0.0252  0.0251  0.0248  0.0226  0.0223  0.0229  0.0229  0.0230  0.0229  0.0229  0.0228
  0.0258  0.0259  0.0258  0.0283  0.0241  0.0224  0.0234  0.0233  0.0234  0.0232  0.0234  0.0228
  0.0273  0.0272  0.0271  0.0330  0.0266  0.0268  0.0245  0.0252  0.0242  0.0242  0.0241  0.0233
  0.0296  0.0290  0.0289  0.0379  0.0298  0.0326  0.0263  0.0287  0.0255  0.0259  0.0251  0.0242
niter,ni,del,rscale     7    3    5.0000    1.2000
parameters
    5.9961   -7.5536   30.7853  -13.4694   -6.5553  -10.0880
    3.5606   24.1922   -2.3154  -12.8708  -21.8721    8.6109
eta,q 0.97698 13.64589
  0.0274  0.0257  0.0237  0.0264  0.0274  0.0265  0.0261  0.0277  0.0251  0.0263  0.0249  0.0248
  0.0252  0.0241  0.0228  0.0246  0.0253  0.0250  0.0245  0.0253  0.0240  0.0246  0.0237  0.0239
  0.0236  0.0230  0.0225  0.0232  0.0236  0.0238  0.0235  0.0237  0.0233  0.0235  0.0231  0.0233
  0.0228  0.0227  0.0227  0.0225  0.0227  0.0227  0.0231  0.0231  0.0230  0.0230  0.0230  0.0230
  0.0228  0.0230  0.0232  0.0234  0.0231  0.0225  0.0234  0.0233  0.0232  0.0235  0.0234  0.0232
  0.0236  0.0240  0.0241  0.0262  0.0247  0.0254  0.0243  0.0245  0.0239  0.0247  0.0241  0.0237
  0.0253  0.0255  0.0253  0.0307  0.0272  0.0310  0.0259  0.0273  0.0250  0.0265  0.0250  0.0247
niter,ni,del,rscale     6    3    5.0000    1.2000
parameters
    6.0692   -7.5048   30.5589  -13.6828   -6.3689  -10.4235
    3.5148   24.2440   -2.1728  -12.8582  -21.9296    8.5307
eta,q 0.97684 13.62541
  0.0265  0.0260  0.0244  0.0274  0.0276  0.0270  0.0260  0.0275  0.0252  0.0265  0.0252  0.0248
  0.0247  0.0244  0.0235  0.0255  0.0255  0.0254  0.0245  0.0252  0.0241  0.0248  0.0239  0.0239
  0.0235  0.0234  0.0230  0.0240  0.0239  0.0242  0.0235  0.0237  0.0234  0.0236  0.0232  0.0234
  0.0230  0.0230  0.0230  0.0230  0.0230  0.0230  0.0232  0.0232  0.0232  0.0232  0.0232  0.0232
  0.0233  0.0234  0.0234  0.0230  0.0234  0.0224  0.0235  0.0235  0.0234  0.0236  0.0235  0.0233
  0.0243  0.0243  0.0240  0.0251  0.0250  0.0244  0.0245  0.0248  0.0240  0.0248  0.0241  0.0239
  0.0262  0.0257  0.0250  0.0287  0.0275  0.0296  0.0261  0.0276  0.0251  0.0265  0.0250  0.0249
niter,ni,del,rscale     5    3    5.0000    1.2000
parameters
    6.0565   -7.4731   30.4704  -13.7101   -6.2713  -10.4987
    3.4535   24.2397   -2.1154  -12.8180  -21.9373    8.4472
eta,q 0.97682 13.62199
  0.0264  0.0261  0.0247  0.0276  0.0276  0.0272  0.0260  0.0275  0.0252  0.0266  0.0252  0.0248
  0.0246  0.0245  0.0238  0.0257  0.0256  0.0256  0.0245  0.0251  0.0241  0.0248  0.0239  0.0240
  0.0235  0.0235  0.0233  0.0242  0.0239  0.0243  0.0235  0.0237  0.0234  0.0236  0.0233  0.0234
  0.0232  0.0232  0.0232  0.0232  0.0232  0.0232  0.0232  0.0232  0.0232  0.0232  0.0232  0.0232
  0.0235  0.0235  0.0234  0.0230  0.0236  0.0224  0.0235  0.0235  0.0234  0.0236  0.0235  0.0233
  0.0246  0.0245  0.0240  0.0250  0.0252  0.0241  0.0245  0.0249  0.0241  0.0248  0.0242  0.0239
  0.0265  0.0259  0.0249  0.0285  0.0276  0.0291  0.0261  0.0277  0.0252  0.0265  0.0250  0.0250
niter,ni,del,rscale     4    3    5.0000    1.2000
parameters
    6.0432   -7.4562   30.4361  -13.7237   -6.2327  -10.5143
    3.4159   24.2341   -2.0990  -12.7880  -21.9418    8.3923
eta,q 0.97682 13.62094
  0.0264  0.0261  0.0249  0.0276  0.0276  0.0272  0.0260  0.0275  0.0252  0.0266  0.0252  0.0248
  0.0247  0.0245  0.0239  0.0257  0.0256  0.0256  0.0245  0.0251  0.0241  0.0248  0.0239  0.0240
  0.0236  0.0235  0.0233  0.0242  0.0239  0.0243  0.0235  0.0237  0.0234  0.0236  0.0233  0.0234
  0.0232  0.0232  0.0232  0.0232  0.0232  0.0232  0.0232  0.0232  0.0232  0.0232  0.0232  0.0232
  0.0235  0.0235  0.0234  0.0231  0.0237  0.0224  0.0235  0.0235  0.0234  0.0236  0.0235  0.0233
  0.0246  0.0245  0.0240  0.0250  0.0253  0.0241  0.0245  0.0249  0.0241  0.0248  0.0242  0.0239
  0.0265  0.0259  0.0249  0.0285  0.0277  0.0290  0.0261  0.0277  0.0252  0.0265  0.0250  0.0250
niter,ni,del,rscale     3    3    5.0000    1.2000
parameters
    6.0367   -7.4448   30.4238  -13.7301   -6.2111  -10.5191
    3.3994   24.2328   -2.0984  -12.7710  -21.9536    8.3666
eta,q 0.97681 13.62080
  0.0264  0.0261  0.0249  0.0276  0.0276  0.0272  0.0261  0.0275  0.0252  0.0266  0.0252  0.0249
  0.0247  0.0245  0.0239  0.0257  0.0256  0.0256  0.0245  0.0251  0.0241  0.0248  0.0239  0.0240
  0.0236  0.0235  0.0233  0.0242  0.0239  0.0243  0.0235  0.0237  0.0234  0.0236  0.0233  0.0234
  0.0232  0.0232  0.0232  0.0232  0.0232  0.0232  0.0232  0.0232  0.0232  0.0232  0.0232  0.0232
  0.0235  0.0236  0.0234  0.0231  0.0237  0.0224  0.0235  0.0235  0.0234  0.0236  0.0235  0.0233
  0.0246  0.0245  0.0240  0.0250  0.0253  0.0241  0.0245  0.0249  0.0241  0.0248  0.0242  0.0239
  0.0265  0.0260  0.0249  0.0285  0.0278  0.0289  0.0261  0.0277  0.0252  0.0265  0.0250  0.0250
registration optimization eta report
parameter search radius
    2.4000    2.4000    2.4000    9.5220    8.2800    8.2800
    7.2000    7.2000    7.2000    7.2000    8.2800    7.2000
100000*second partial in parameter space
       57.       49.       29.        5.        6.        7.
        6.        9.        4.        6.        3.        3.
  0.0264  0.0261  0.0249  0.0276  0.0276  0.0272  0.0261  0.0275  0.0252  0.0266  0.0252  0.0249
  0.0247  0.0245  0.0239  0.0257  0.0256  0.0256  0.0245  0.0251  0.0241  0.0248  0.0239  0.0240
  0.0236  0.0235  0.0233  0.0242  0.0239  0.0243  0.0235  0.0237  0.0234  0.0236  0.0233  0.0234
  0.0232  0.0232  0.0232  0.0232  0.0232  0.0232  0.0232  0.0232  0.0232  0.0232  0.0232  0.0232
  0.0235  0.0236  0.0234  0.0231  0.0237  0.0224  0.0235  0.0235  0.0234  0.0236  0.0235  0.0233
  0.0246  0.0245  0.0240  0.0250  0.0253  0.0241  0.0245  0.0249  0.0241  0.0248  0.0242  0.0239
  0.0265  0.0260  0.0249  0.0285  0.0278  0.0289  0.0261  0.0277  0.0252  0.0265  0.0250  0.0250
    6.0367   -7.4448   30.4238  -13.7301   -6.2111  -10.5191
    3.3994   24.2328   -2.0984  -12.7710  -21.9536    8.3666
eta,q 0.97681 13.62080

---------------------------------------------------------------------
imgreg_4dfp /opt/freesurfer/average/711-2C_as_mni_average_305 /opt/freesurfer/average/711-2B_as_mni_average_305_mask talsrcimg_g11 none talsrcimg_to_711-2C_as_mni_average_305_t4 2311
---------------------------------------------------------------------

freesurfer imgreg_4dfp.c
/opt/freesurfer/average/711-2C_as_mni_average_305.4dfp.img
       256       256       256         1
  1.000000  1.000000  1.000000
orientation T byte_order littleendian
Reading image: /opt/freesurfer/average/711-2C_as_mni_average_305.4dfp.img
dimensions:      256       256       256
mmppix:       1.0000   -1.0000   -1.0000
center:     128.0000 -129.0000 -129.0000
/opt/freesurfer/average/711-2B_as_mni_average_305_mask.4dfp.img
       256       256       256         1
  1.000000  1.000000  1.000000
orientation T byte_order littleendian
Reading mask: /opt/freesurfer/average/711-2B_as_mni_average_305_mask.4dfp.img (2306576 pixels)
talsrcimg_g11.4dfp.img
       256       256       256         1
  1.000000  1.000000  1.000000
orientation T byte_order littleendian
Reading image: talsrcimg_g11.4dfp.img
dimensions:      256       256       256
mmppix:       1.0000   -1.0000   -1.0000
center:     128.0000 -129.0000 -129.0000
fimgreg.f
image alignment mode   2311 decimal      907 hex
parameters
    6.0367   -7.4448   30.4238  -13.7301   -6.2111  -10.5191
    3.3994   24.2328   -2.0984  -12.7710  -21.9536    8.3666
eta,q 0.97681 13.62080
niter,ni,del,rscale     5    3    5.0000    0.8000
parameters
    6.0514   -7.4663   30.3820  -12.3896   -6.2127   -8.6567
    3.6586   24.8915   -1.8146  -12.9676  -21.2537    7.7796
eta,q 0.97777 13.71829
  0.0247  0.0245  0.0239  0.0249  0.0247  0.0251  0.0241  0.0259  0.0234  0.0241  0.0236  0.0230
  0.0239  0.0238  0.0235  0.0242  0.0238  0.0243  0.0232  0.0242  0.0228  0.0231  0.0229  0.0225
  0.0234  0.0233  0.0232  0.0236  0.0232  0.0236  0.0226  0.0230  0.0224  0.0224  0.0224  0.0223
  0.0232  0.0232  0.0232  0.0232  0.0230  0.0230  0.0223  0.0223  0.0222  0.0222  0.0222  0.0222
  0.0233  0.0234  0.0233  0.0229  0.0232  0.0224  0.0225  0.0223  0.0223  0.0225  0.0223  0.0224
  0.0238  0.0238  0.0236  0.0231  0.0238  0.0224  0.0229  0.0230  0.0226  0.0233  0.0225  0.0228
  0.0246  0.0245  0.0240  0.0238  0.0248  0.0235  0.0237  0.0245  0.0232  0.0244  0.0229  0.0235
niter,ni,del,rscale     4    3    5.0000    0.7000
parameters
    5.9667   -7.4820   30.5747  -12.3103   -6.4588   -8.3040
    3.3653   24.7770   -1.9841  -12.8407  -21.2358    7.6756
eta,q 0.97791 13.72915
  0.0234  0.0233  0.0232  0.0236  0.0235  0.0241  0.0231  0.0242  0.0228  0.0237  0.0229  0.0228
  0.0227  0.0227  0.0227  0.0230  0.0228  0.0235  0.0225  0.0231  0.0224  0.0229  0.0224  0.0224
  0.0223  0.0223  0.0224  0.0225  0.0223  0.0228  0.0222  0.0224  0.0222  0.0223  0.0222  0.0222
  0.0222  0.0222  0.0222  0.0222  0.0222  0.0222  0.0221  0.0221  0.0221  0.0221  0.0221  0.0221
  0.0224  0.0224  0.0223  0.0222  0.0224  0.0219  0.0223  0.0223  0.0222  0.0222  0.0222  0.0222
  0.0229  0.0227  0.0224  0.0227  0.0230  0.0225  0.0228  0.0231  0.0225  0.0227  0.0224  0.0224
  0.0237  0.0233  0.0228  0.0237  0.0239  0.0241  0.0235  0.0246  0.0230  0.0235  0.0228  0.0229
niter,ni,del,rscale     3    3    5.0000    0.6000
parameters
    5.9641   -7.4848   30.6744  -12.1254   -6.5249   -7.9684
    3.4086   24.8342   -2.0165  -12.8772  -21.1908    7.5656
eta,q 0.97803 13.74148
  0.0231  0.0229  0.0228  0.0232  0.0231  0.0237  0.0229  0.0238  0.0226  0.0231  0.0226  0.0225
  0.0225  0.0224  0.0224  0.0227  0.0226  0.0231  0.0224  0.0229  0.0222  0.0225  0.0222  0.0222
  0.0222  0.0222  0.0222  0.0223  0.0222  0.0226  0.0221  0.0222  0.0220  0.0221  0.0220  0.0220
  0.0221  0.0221  0.0221  0.0221  0.0221  0.0221  0.0220  0.0220  0.0220  0.0220  0.0220  0.0220
  0.0222  0.0222  0.0221  0.0221  0.0222  0.0219  0.0221  0.0221  0.0220  0.0221  0.0220  0.0221
  0.0225  0.0225  0.0223  0.0224  0.0226  0.0223  0.0224  0.0227  0.0223  0.0225  0.0222  0.0223
  0.0231  0.0229  0.0226  0.0231  0.0232  0.0235  0.0229  0.0238  0.0226  0.0232  0.0225  0.0226
niter,ni,del,rscale     2    3    5.0000    0.5000
parameters
    5.9637   -7.4914   30.7730  -11.9876   -6.6143   -7.6282
    3.3879   24.9007   -2.0248  -12.9163  -21.1534    7.4429
eta,q 0.97812 13.75066
  0.0227  0.0225  0.0225  0.0228  0.0227  0.0233  0.0225  0.0232  0.0223  0.0227  0.0223  0.0223
  0.0223  0.0222  0.0222  0.0224  0.0223  0.0228  0.0222  0.0225  0.0221  0.0222  0.0221  0.0221
  0.0221  0.0220  0.0220  0.0221  0.0220  0.0223  0.0220  0.0221  0.0219  0.0220  0.0219  0.0219
  0.0220  0.0220  0.0220  0.0220  0.0220  0.0220  0.0219  0.0219  0.0219  0.0219  0.0219  0.0219
  0.0221  0.0220  0.0220  0.0220  0.0221  0.0218  0.0220  0.0220  0.0219  0.0220  0.0219  0.0219
  0.0223  0.0222  0.0221  0.0222  0.0223  0.0221  0.0222  0.0224  0.0221  0.0223  0.0221  0.0221
  0.0227  0.0225  0.0223  0.0228  0.0228  0.0230  0.0225  0.0232  0.0223  0.0227  0.0223  0.0223
niter,ni,del,rscale     1    3    5.0000    0.4000
parameters
    5.9677   -7.4953   30.8793  -11.8651   -6.7048   -7.2974
    3.3438   24.9630   -2.0310  -12.9556  -21.1411    7.3203
eta,q 0.97820 13.75856
  0.0224  0.0222  0.0222  0.0224  0.0223  0.0229  0.0222  0.0227  0.0221  0.0223  0.0221  0.0221
  0.0221  0.0220  0.0221  0.0222  0.0221  0.0225  0.0220  0.0223  0.0219  0.0220  0.0219  0.0219
  0.0219  0.0219  0.0219  0.0220  0.0219  0.0221  0.0219  0.0219  0.0218  0.0219  0.0218  0.0218
  0.0219  0.0219  0.0219  0.0219  0.0219  0.0219  0.0218  0.0218  0.0218  0.0218  0.0218  0.0218
  0.0219  0.0219  0.0219  0.0219  0.0219  0.0218  0.0219  0.0219  0.0218  0.0219  0.0218  0.0218
  0.0221  0.0220  0.0220  0.0220  0.0221  0.0220  0.0220  0.0222  0.0219  0.0221  0.0219  0.0219
  0.0223  0.0222  0.0221  0.0224  0.0224  0.0226  0.0222  0.0227  0.0221  0.0224  0.0221  0.0221
registration optimization eta report
parameter search radius
    0.8000    0.8000    0.8000    2.4000    2.4000    2.4000
    2.4000    2.4000    2.4000    2.4000    2.4000    2.4000
100000*second partial in parameter space
       73.       57.       45.        9.        9.       15.
        7.       16.        5.       10.        5.        5.
  0.0224  0.0222  0.0222  0.0224  0.0223  0.0229  0.0222  0.0227  0.0221  0.0223  0.0221  0.0221
  0.0221  0.0220  0.0221  0.0222  0.0221  0.0225  0.0220  0.0223  0.0219  0.0220  0.0219  0.0219
  0.0219  0.0219  0.0219  0.0220  0.0219  0.0221  0.0219  0.0219  0.0218  0.0219  0.0218  0.0218
  0.0219  0.0219  0.0219  0.0219  0.0219  0.0219  0.0218  0.0218  0.0218  0.0218  0.0218  0.0218
  0.0219  0.0219  0.0219  0.0219  0.0219  0.0218  0.0219  0.0219  0.0218  0.0219  0.0218  0.0218
  0.0221  0.0220  0.0220  0.0220  0.0221  0.0220  0.0220  0.0222  0.0219  0.0221  0.0219  0.0219
  0.0223  0.0222  0.0221  0.0224  0.0224  0.0226  0.0222  0.0227  0.0221  0.0224  0.0221  0.0221
    5.9677   -7.4953   30.8793  -11.8651   -6.7048   -7.2974
    3.3438   24.9630   -2.0310  -12.9556  -21.1411    7.3203
eta,q 0.97820 13.75856

---------------------------------------------------------------------
imgreg_4dfp /opt/freesurfer/average/711-2C_as_mni_average_305 /opt/freesurfer/average/711-2B_as_mni_average_305_mask talsrcimg_g11 none talsrcimg_to_711-2C_as_mni_average_305_t4 2311
---------------------------------------------------------------------

freesurfer imgreg_4dfp.c
/opt/freesurfer/average/711-2C_as_mni_average_305.4dfp.img
       256       256       256         1
  1.000000  1.000000  1.000000
orientation T byte_order littleendian
Reading image: /opt/freesurfer/average/711-2C_as_mni_average_305.4dfp.img
dimensions:      256       256       256
mmppix:       1.0000   -1.0000   -1.0000
center:     128.0000 -129.0000 -129.0000
/opt/freesurfer/average/711-2B_as_mni_average_305_mask.4dfp.img
       256       256       256         1
  1.000000  1.000000  1.000000
orientation T byte_order littleendian
Reading mask: /opt/freesurfer/average/711-2B_as_mni_average_305_mask.4dfp.img (2306576 pixels)
talsrcimg_g11.4dfp.img
       256       256       256         1
  1.000000  1.000000  1.000000
orientation T byte_order littleendian
Reading image: talsrcimg_g11.4dfp.img
dimensions:      256       256       256
mmppix:       1.0000   -1.0000   -1.0000
center:     128.0000 -129.0000 -129.0000
fimgreg.f
image alignment mode   2311 decimal      907 hex
parameters
    5.9677   -7.4953   30.8793  -11.8651   -6.7048   -7.2974
    3.3438   24.9630   -2.0310  -12.9556  -21.1411    7.3203
eta,q 0.97820 13.75856
niter,ni,del,rscale     5    3    5.0000    0.8000
parameters
    5.9702   -7.4779   31.0323  -12.4135   -6.7668   -7.9255
    3.4163   24.6791   -2.1919  -12.7454  -21.5246    7.8216
eta,q 0.97798 13.74115
  0.0237  0.0233  0.0233  0.0233  0.0237  0.0240  0.0236  0.0245  0.0230  0.0240  0.0228  0.0232
  0.0227  0.0225  0.0225  0.0226  0.0227  0.0233  0.0228  0.0232  0.0225  0.0230  0.0223  0.0226
  0.0220  0.0220  0.0220  0.0221  0.0221  0.0225  0.0223  0.0223  0.0222  0.0224  0.0221  0.0222
  0.0218  0.0218  0.0218  0.0218  0.0219  0.0219  0.0221  0.0221  0.0221  0.0221  0.0221  0.0220
  0.0220  0.0220  0.0219  0.0220  0.0221  0.0220  0.0222  0.0223  0.0222  0.0222  0.0222  0.0221
  0.0227  0.0224  0.0222  0.0230  0.0227  0.0236  0.0227  0.0234  0.0226  0.0228  0.0226  0.0223
  0.0237  0.0232  0.0228  0.0246  0.0239  0.0269  0.0235  0.0254  0.0232  0.0238  0.0230  0.0228
niter,ni,del,rscale     4    3    5.0000    0.7000
parameters
    6.0065   -7.5260   30.9023  -12.3411   -6.6616   -8.0770
    3.5948   24.8116   -2.0503  -12.8856  -21.5241    7.9128
eta,q 0.97797 13.74036
  0.0234  0.0230  0.0227  0.0234  0.0235  0.0239  0.0233  0.0243  0.0229  0.0234  0.0228  0.0228
  0.0227  0.0224  0.0223  0.0228  0.0228  0.0232  0.0227  0.0232  0.0224  0.0227  0.0223  0.0224
  0.0222  0.0221  0.0220  0.0223  0.0222  0.0225  0.0222  0.0224  0.0221  0.0222  0.0221  0.0221
  0.0220  0.0220  0.0220  0.0220  0.0220  0.0220  0.0220  0.0220  0.0220  0.0220  0.0220  0.0220
  0.0222  0.0222  0.0222  0.0220  0.0221  0.0219  0.0221  0.0221  0.0221  0.0222  0.0221  0.0221
  0.0226  0.0226  0.0225  0.0225  0.0226  0.0228  0.0225  0.0228  0.0223  0.0228  0.0224  0.0223
  0.0233  0.0232  0.0229  0.0235  0.0234  0.0249  0.0231  0.0242  0.0228  0.0236  0.0227  0.0228
niter,ni,del,rscale     3    3    5.0000    0.6000
parameters
    6.0058   -7.5323   30.8372  -12.2000   -6.6467   -7.9012
    3.5423   24.8947   -1.9755  -12.9588  -21.3938    7.7847
eta,q 0.97804 13.74480
  0.0230  0.0228  0.0225  0.0231  0.0231  0.0236  0.0228  0.0238  0.0226  0.0231  0.0226  0.0225
  0.0225  0.0224  0.0222  0.0226  0.0225  0.0230  0.0223  0.0228  0.0222  0.0225  0.0222  0.0222
  0.0221  0.0221  0.0221  0.0223  0.0222  0.0225  0.0221  0.0222  0.0220  0.0221  0.0220  0.0220
  0.0220  0.0220  0.0220  0.0220  0.0220  0.0220  0.0220  0.0220  0.0220  0.0220  0.0220  0.0220
  0.0221  0.0221  0.0221  0.0220  0.0221  0.0219  0.0221  0.0221  0.0220  0.0221  0.0220  0.0220
  0.0225  0.0224  0.0223  0.0223  0.0225  0.0224  0.0224  0.0226  0.0222  0.0225  0.0222  0.0222
  0.0230  0.0228  0.0226  0.0231  0.0231  0.0237  0.0229  0.0237  0.0225  0.0232  0.0225  0.0226
niter,ni,del,rscale     2    3    5.0000    0.5000
parameters
    5.9951   -7.5291   30.8529  -12.0381   -6.6855   -7.6088
    3.4546   24.9510   -1.9722  -12.9880  -21.2637    7.5791
eta,q 0.97813 13.75154
  0.0226  0.0225  0.0224  0.0228  0.0227  0.0233  0.0225  0.0232  0.0223  0.0227  0.0224  0.0222
  0.0223  0.0222  0.0221  0.0224  0.0223  0.0228  0.0221  0.0225  0.0221  0.0222  0.0221  0.0220
  0.0220  0.0220  0.0220  0.0221  0.0220  0.0223  0.0219  0.0221  0.0219  0.0220  0.0219  0.0219
  0.0220  0.0220  0.0220  0.0220  0.0219  0.0219  0.0219  0.0219  0.0219  0.0219  0.0219  0.0219
  0.0220  0.0220  0.0220  0.0219  0.0220  0.0218  0.0220  0.0220  0.0219  0.0220  0.0219  0.0219
  0.0223  0.0222  0.0221  0.0222  0.0223  0.0222  0.0222  0.0224  0.0221  0.0223  0.0220  0.0221
  0.0227  0.0225  0.0223  0.0227  0.0228  0.0231  0.0226  0.0232  0.0223  0.0227  0.0223  0.0224
niter,ni,del,rscale     1    3    5.0000    0.4000
parameters
    5.9900   -7.5165   30.9141  -11.8911   -6.7387   -7.2935
    3.3750   24.9966   -1.9810  -13.0019  -21.2055    7.3978
eta,q 0.97820 13.75882
  0.0223  0.0222  0.0222  0.0224  0.0223  0.0229  0.0222  0.0227  0.0221  0.0223  0.0221  0.0220
  0.0221  0.0220  0.0220  0.0222  0.0221  0.0225  0.0220  0.0223  0.0219  0.0220  0.0219  0.0219
  0.0219  0.0219  0.0219  0.0220  0.0219  0.0221  0.0218  0.0219  0.0218  0.0219  0.0218  0.0218
  0.0219  0.0219  0.0219  0.0219  0.0219  0.0219  0.0218  0.0218  0.0218  0.0218  0.0218  0.0218
  0.0219  0.0219  0.0219  0.0219  0.0219  0.0218  0.0219  0.0219  0.0218  0.0219  0.0218  0.0218
  0.0221  0.0220  0.0220  0.0220  0.0221  0.0220  0.0220  0.0222  0.0219  0.0220  0.0219  0.0219
  0.0223  0.0222  0.0221  0.0224  0.0224  0.0226  0.0223  0.0227  0.0221  0.0224  0.0221  0.0221
registration optimization eta report
parameter search radius
    0.8000    0.8000    0.8000    2.4000    2.4000    2.4000
    2.4000    2.4000    2.4000    2.4000    2.4000    2.4000
100000*second partial in parameter space
       72.       57.       44.        9.        9.       15.
        7.       16.        5.       10.        5.        5.
  0.0223  0.0222  0.0222  0.0224  0.0223  0.0229  0.0222  0.0227  0.0221  0.0223  0.0221  0.0220
  0.0221  0.0220  0.0220  0.0222  0.0221  0.0225  0.0220  0.0223  0.0219  0.0220  0.0219  0.0219
  0.0219  0.0219  0.0219  0.0220  0.0219  0.0221  0.0218  0.0219  0.0218  0.0219  0.0218  0.0218
  0.0219  0.0219  0.0219  0.0219  0.0219  0.0219  0.0218  0.0218  0.0218  0.0218  0.0218  0.0218
  0.0219  0.0219  0.0219  0.0219  0.0219  0.0218  0.0219  0.0219  0.0218  0.0219  0.0218  0.0218
  0.0221  0.0220  0.0220  0.0220  0.0221  0.0220  0.0220  0.0222  0.0219  0.0220  0.0219  0.0219
  0.0223  0.0222  0.0221  0.0224  0.0224  0.0226  0.0223  0.0227  0.0221  0.0224  0.0221  0.0221
    5.9900   -7.5165   30.9141  -11.8911   -6.7387   -7.2935
    3.3750   24.9966   -1.9810  -13.0019  -21.2055    7.3978
eta,q 0.97820 13.75882

---------------------------------------------------------------------
compute_vox2vox talsrcimg talsrcimg_to_711-2C_as_mni_average_305_t4 /opt/freesurfer/average/711-2C_as_mni_average_305
---------------------------------------------------------------------

freesurfer compute_vox2vox.c
Reading: talsrcimg.4dfp.ifh
Reading: talsrcimg_to_711-2C_as_mni_average_305_t4
Reading: /opt/freesurfer/average/711-2C_as_mni_average_305.4dfp.ifh
Writing: talsrcimg_to_711-2C_as_mni_average_305_t4_vox2vox.txt

start time Mon Mar 9 05:57:41 CET 2026
end		time Mon Mar 9 05:59:18 CET 2026

mpr2mni305 success

avi2talxfm orig_nu.mgz /opt/freesurfer/average/mni305.cor.mgz talsrcimg_to_711-2C_as_mni_average_305_t4_vox2vox.txt transforms/talairach.auto.xfm
avi2talxfm done
mv -f /out/sourcedata/freesurfer/sub-v1s18x0051252_ses-1/mri/talsrcimg_to_711-2C_as_mni_average_305_t4_vox2vox.txt /out/sourcedata/freesurfer/sub-v1s18x0051252_ses-1/mri/transforms/talsrcimg_to_711-2C_as_mni_average_305_t4_vox2vox.txt
lta_convert --src orig_nu.mgz --trg /opt/freesurfer/average/mni305.cor.mgz --inxfm transforms/talairach.auto.xfm --outlta transforms/talairach.auto.xfm.lta --subject fsaverage
7.3.2

--src: orig_nu.mgz src image (geometry).
--trg: /opt/freesurfer/average/mni305.cor.mgz trg image (geometry).
--inmni: transforms/talairach.auto.xfm input MNI/XFM transform.
--outlta: transforms/talairach.auto.xfm.lta output LTA.
--s: fsaverage subject name
 LTA read, type : 1
 1.06497  -0.28934  -0.01559  -6.30127;
 0.23913   1.00184  -0.08812  -14.75616;
 0.05596   0.13352   1.05964   9.47919;
 0.00000   0.00000   0.00000   1.00000;
setting subject to fsaverage
Writing  LTA to file transforms/talairach.auto.xfm.lta...
lta_convert successful.
 
 
Started at Mon Mar 9 05:57:41 CET 2026
Ended   at Mon Mar  9 05:59:18 CET 2026
talairach_avi done
