/out/sourcedata/freesurfer/sub-v1s18x0051263_ses-1/mri
/opt/freesurfer/bin/talairach_avi
--i orig_nu.mgz --xfm transforms/talairach.auto.xfm
talairach_avi 7.3.2
Linux dna061 5.14.0-427.37.1.el9_4.x86_64 #1 SMP PREEMPT_DYNAMIC Fri Sep 13 12:41:50 EDT 2024 x86_64 x86_64 x86_64 GNU/Linux
Mon Mar  9 06:33:45 CET 2026
mri_convert orig_nu.mgz talsrcimg.img 
reading from orig_nu.mgz...
TR=0.00, TE=0.00, TI=0.00, flip angle=0.00
i_ras = (-1, 0, 0)
j_ras = (0, 0, -1)
k_ras = (0, 1, 0)
writing to talsrcimg.img...
Analyze Output Matrix
-1.00000   0.00000   0.00000   126.50823;
 0.00000   0.00000   1.00000  -121.34972;
 0.00000  -1.00000   0.00000   122.95648;
 0.00000   0.00000   0.00000   1.00000;
--------------------
INFO: set hdr.hist.orient to -1
mpr2mni305 talsrcimg
Mon Mar  9 06:33:45 CET 2026
/opt/freesurfer/bin/mpr2mni305 talsrcimg
mpr2mni305 7.3.2
target=711-2C_as_mni_average_305

---------------------------------------------------------------------
analyzeto4dfp talsrcimg -O0 -y
---------------------------------------------------------------------

freesurfer ifh2hdr.c
Mon Mar  9 06:33:45 2026
Writing: talsrcimg.4dfp.hdr
freesurfer analyzeto4dfp.c
Reading: talsrcimg.hdr
header size 348 bytes
hdr.dime.datatype	offset=70	value=2
hdr.dime.bitpix		offset=72	value=8
hdr.hist.orient		offset=252	value=-1
dimensionality     4
dimensions       256       256       256         1
Reading: talsrcimg.img
Writing: talsrcimg.4dfp.img
Writing: talsrcimg.4dfp.ifh
ifh2hdr talsrcimg -r0to239
ori=2

---------------------------------------------------------------------
gauss_4dfp talsrcimg 1.1
---------------------------------------------------------------------

freesurfer gauss_4dfp.c
Reading: talsrcimg.4dfp.img
Writing: talsrcimg_g11.4dfp.img
image dimensions 256 256 256 padded to 288 288 288
processing volume 1freesurfer ifh2hdr.c
Mon Mar  9 06:33:47 2026
Writing: talsrcimg_g11.4dfp.hdr

Writing: talsrcimg_g11.4dfp.ifh
including: talsrcimg.4dfp.img.rec in talsrcimg_g11.4dfp.img.rec

---------------------------------------------------------------------
imgreg_4dfp /opt/freesurfer/average/711-2C_as_mni_average_305 none talsrcimg_g11 none talsrcimg_to_711-2C_as_mni_average_305_t4 4355
---------------------------------------------------------------------

freesurfer imgreg_4dfp.c
/opt/freesurfer/average/711-2C_as_mni_average_305.4dfp.img
       256       256       256         1
  1.000000  1.000000  1.000000
orientation T byte_order littleendian
Reading image: /opt/freesurfer/average/711-2C_as_mni_average_305.4dfp.img
dimensions:      256       256       256
mmppix:       1.0000   -1.0000   -1.0000
center:     128.0000 -129.0000 -129.0000
talsrcimg_g11.4dfp.img
       256       256       256         1
  1.000000  1.000000  1.000000
orientation T byte_order littleendian
Reading image: talsrcimg_g11.4dfp.img
dimensions:      256       256       256
mmppix:       1.0000   -1.0000   -1.0000
center:     128.0000 -129.0000 -129.0000
t4_read: open error in t4_sub.f l:  41 t4_file(1:l)talsrcimg_to_711-2C_as_mni_average_305_t4 
t4_read: transform initialized to I4
rotation matrix determinant  1.000000
image alignment mode   4355 decimal     1103 hex
   -7.5000  -45.0000  -45.0000 8933.1895   12.7127
    0.0000  -45.0000  -45.0000 9288.5439   12.7180
    7.5000  -45.0000  -45.0000 8970.9854   12.7074
   -7.5000  -37.5000  -45.0000 9315.2373   12.6338
    0.0000  -37.5000  -45.0000 9698.3564   12.6392
    7.5000  -37.5000  -45.0000 9360.0439   12.6323
   -7.5000  -30.0000  -45.000010064.8555   12.6597
    0.0000  -30.0000  -45.000010475.8691   12.6608
    7.5000  -30.0000  -45.000010106.3574   12.6570
   -7.5000  -22.5000  -45.000010905.3037   12.6537
    0.0000  -22.5000  -45.000011367.4043   12.6501
    7.5000  -22.5000  -45.000010954.5889   12.6455
   -7.5000  -15.0000  -45.000011661.1602   12.5863
    0.0000  -15.0000  -45.000012165.4629   12.5822
    7.5000  -15.0000  -45.000011652.2832   12.5747
   -7.5000   -7.5000  -45.000011898.0186   12.5149
    0.0000   -7.5000  -45.000012436.7373   12.5153
    7.5000   -7.5000  -45.000011913.8428   12.5053
   -7.5000    0.0000  -45.000012099.2715   12.4983
    0.0000    0.0000  -45.000012661.7012   12.5036
    7.5000    0.0000  -45.000012119.1797   12.4932
   -7.5000    7.5000  -45.000011432.8672   12.5754
    0.0000    7.5000  -45.000011956.7617   12.5808
    7.5000    7.5000  -45.000011435.9717   12.5738
   -7.5000   15.0000  -45.000010720.0156   12.6597
    0.0000   15.0000  -45.000011216.3506   12.6608
    7.5000   15.0000  -45.000010689.1807   12.6570
   -7.5000   22.5000  -45.0000 9953.0137   12.6519
    0.0000   22.5000  -45.000010389.5439   12.6484
    7.5000   22.5000  -45.0000 9897.9951   12.6437
   -7.5000   30.0000  -45.0000 9139.3994   12.4210
    0.0000   30.0000  -45.0000 9549.1250   12.4170
    7.5000   30.0000  -45.0000 9104.4287   12.4095
   -7.5000   37.5000  -45.0000 8884.1504   12.8831
    0.0000   37.5000  -45.0000 9294.0938   12.8785
    7.5000   37.5000  -45.0000 8838.1230   12.8636
   -7.5000   45.0000  -45.0000 8315.2881   13.0704
    0.0000   45.0000  -45.0000 8712.3545   13.0735
    7.5000   45.0000  -45.0000 8257.6660   13.0592
   -7.5000  -45.0000  -37.5000 9466.8457   12.6909
    0.0000  -45.0000  -37.5000 9831.2324   12.6889
    7.5000  -45.0000  -37.5000 9501.8340   12.6796
   -7.5000  -37.5000  -37.5000 9869.6670   12.6143
    0.0000  -37.5000  -37.500010263.0537   12.6132
    7.5000  -37.5000  -37.5000 9899.6758   12.6074
   -7.5000  -30.0000  -37.500010690.6982   12.6416
    0.0000  -30.0000  -37.500011129.2764   12.6385
    7.5000  -30.0000  -37.500010720.5508   12.6349
   -7.5000  -22.5000  -37.500011614.2783   12.6346
    0.0000  -22.5000  -37.500012106.1709   12.6290
    7.5000  -22.5000  -37.500011641.7891   12.6237
   -7.5000  -15.0000  -37.500012409.3105   12.5654
    0.0000  -15.0000  -37.500012956.0322   12.5591
    7.5000  -15.0000  -37.500012378.1533   12.5507
   -7.5000   -7.5000  -37.500012678.0234   12.4931
    0.0000   -7.5000  -37.500013264.1602   12.4888
    7.5000   -7.5000  -37.500012646.5020   12.4789
   -7.5000    0.0000  -37.500012865.7773   12.4774
    0.0000    0.0000  -37.500013471.9014   12.4757
    7.5000    0.0000  -37.500012856.2979   12.4665
   -7.5000    7.5000  -37.500012154.5342   12.5563
    0.0000    7.5000  -37.500012735.9307   12.5552
    7.5000    7.5000  -37.500012119.6846   12.5493
   -7.5000   15.0000  -37.500011400.8096   12.6416
    0.0000   15.0000  -37.500011932.7539   12.6385
    7.5000   15.0000  -37.500011347.7979   12.6349
   -7.5000   22.5000  -37.500010566.3867   12.6329
    0.0000   22.5000  -37.500011063.9658   12.6273
    7.5000   22.5000  -37.500010514.7705   12.6220
   -7.5000   30.0000  -37.5000 9687.1143   12.4004
    0.0000   30.0000  -37.500010167.2324   12.3941
    7.5000   30.0000  -37.5000 9653.4346   12.3858
   -7.5000   37.5000  -37.5000 9409.1289   12.8598
    0.0000   37.5000  -37.5000 9878.7314   12.8509
    7.5000   37.5000  -37.5000 9359.2910   12.8368
   -7.5000   45.0000  -37.5000 8792.2080   13.0436
    0.0000   45.0000  -37.5000 9247.9717   13.0411
    7.5000   45.0000  -37.5000 8744.7549   13.0309
   -7.5000  -45.0000  -30.000010158.3574   13.2188
    0.0000  -45.0000  -30.000010568.8135   13.2114
    7.5000  -45.0000  -30.000010175.0332   13.1991
   -7.5000  -37.5000  -30.000010607.9189   13.1438
    0.0000  -37.5000  -30.000011076.2314   13.1367
    7.5000  -37.5000  -30.000010619.4854   13.1273
   -7.5000  -30.0000  -30.000011512.8760   13.1721
    0.0000  -30.0000  -30.000012047.6885   13.1628
    7.5000  -30.0000  -30.000011525.7285   13.1553
   -7.5000  -22.5000  -30.000012529.8174   13.1603
    0.0000  -22.5000  -30.000013094.7012   13.1490
    7.5000  -22.5000  -30.000012528.7686   13.1400
   -7.5000  -15.0000  -30.000013339.2998   13.0839
    0.0000  -15.0000  -30.000013944.7402   13.0726
    7.5000  -15.0000  -30.000013270.4688   13.0610
   -7.5000   -7.5000  -30.000013613.7441   13.0090
    0.0000   -7.5000  -30.000014272.3447   12.9999
    7.5000   -7.5000  -30.000013578.0791   12.9872
   -7.5000    0.0000  -30.000013815.9932   12.9970
    0.0000    0.0000  -30.000014473.3896   12.9901
    7.5000    0.0000  -30.000013789.4131   12.9781
   -7.5000    7.5000  -30.000013062.2129   13.0834
    0.0000    7.5000  -30.000013714.1240   13.0763
    7.5000    7.5000  -30.000013029.7490   13.0670
   -7.5000   15.0000  -30.000012268.3086   13.1720
    0.0000   15.0000  -30.000012881.7275   13.1628
    7.5000   15.0000  -30.000012208.7383   13.1553
   -7.5000   22.5000  -30.000011367.0332   13.1571
    0.0000   22.5000  -30.000011933.0107   13.1458
    7.5000   22.5000  -30.000011303.9180   13.1369
   -7.5000   30.0000  -30.000010392.2637   12.9133
    0.0000   30.0000  -30.000010933.4072   12.9021
    7.5000   30.0000  -30.000010349.2236   12.8907
   -7.5000   37.5000  -30.000010097.6045   13.3909
    0.0000   37.5000  -30.000010623.0283   13.3781
    7.5000   37.5000  -30.000010047.3330   13.3616
   -7.5000   45.0000  -30.0000 9422.8428   13.5905
    0.0000   45.0000  -30.0000 9925.1133   13.5846
    7.5000   45.0000  -30.0000 9383.3896   13.5737
   -7.5000  -45.0000  -22.500010897.8613   13.6910
    0.0000  -45.0000  -22.500011360.3438   13.6875
    7.5000  -45.0000  -22.500010910.6191   13.6717
   -7.5000  -37.5000  -22.500011409.9209   13.6157
    0.0000  -37.5000  -22.500011933.4502   13.6108
    7.5000  -37.5000  -22.500011418.1953   13.5974
   -7.5000  -30.0000  -22.500012393.2539   13.6436
    0.0000  -30.0000  -22.500012974.0352   13.6328
    7.5000  -30.0000  -22.500012395.2031   13.6218
   -7.5000  -22.5000  -22.500013466.0010   13.6278
    0.0000  -22.5000  -22.500014080.6064   13.6132
    7.5000  -22.5000  -22.500013432.5264   13.6019
   -7.5000  -15.0000  -22.500014259.4199   13.5464
    0.0000  -15.0000  -22.500014909.2354   13.5333
    7.5000  -15.0000  -22.500014163.3789   13.5201
   -7.5000   -7.5000  -22.500014560.0742   13.4702
    0.0000   -7.5000  -22.500015272.5605   13.4630
    7.5000   -7.5000  -22.500014506.2334   13.4479
   -7.5000    0.0000  -22.500014796.9121   13.4614
    0.0000    0.0000  -22.500015490.0625   13.4583
    7.5000    0.0000  -22.500014733.7725   13.4429
   -7.5000    7.5000  -22.500013992.4551   13.5530
    0.0000    7.5000  -22.500014676.4639   13.5481
    7.5000    7.5000  -22.500013929.9619   13.5347
   -7.5000   15.0000  -22.500013141.2705   13.6435
    0.0000   15.0000  -22.500013801.1455   13.6328
    7.5000   15.0000  -22.500013080.7959   13.6218
   -7.5000   22.5000  -22.500012177.9404   13.6236
    0.0000   22.5000  -22.500012805.0986   13.6090
    7.5000   22.5000  -22.500012102.9209   13.5977
   -7.5000   30.0000  -22.500011121.5498   13.3718
    0.0000   30.0000  -22.500011713.9609   13.3589
    7.5000   30.0000  -22.500011068.4697   13.3458
   -7.5000   37.5000  -22.500010764.1348   13.8683
    0.0000   37.5000  -22.500011343.5332   13.8579
    7.5000   37.5000  -22.500010707.0195   13.8389
   -7.5000   45.0000  -22.500010038.1982   14.0877
    0.0000   45.0000  -22.500010561.6543   14.0859
    7.5000   45.0000  -22.5000 9978.9814   14.0703
   -7.5000  -45.0000  -15.000011643.5566   14.0429
    0.0000  -45.0000  -15.000012129.8691   14.0470
    7.5000  -45.0000  -15.000011645.3525   14.0288
   -7.5000  -37.5000  -15.000012197.5918   13.9639
    0.0000  -37.5000  -15.000012720.6172   13.9652
    7.5000  -37.5000  -15.000012191.7490   13.9497
   -7.5000  -30.0000  -15.000013277.4482   13.9908
    0.0000  -30.0000  -15.000013828.4189   13.9828
    7.5000  -30.0000  -15.000013237.8262   13.9710
   -7.5000  -22.5000  -15.000014415.8770   13.9747
    0.0000  -22.5000  -15.000015029.1162   13.9603
    7.5000  -22.5000  -15.000014353.5020   13.9494
   -7.5000  -15.0000  -15.000015215.9287   13.8926
    0.0000  -15.0000  -15.000015885.6533   13.8806
    7.5000  -15.0000  -15.000015102.3975   13.8680
   -7.5000   -7.5000  -15.000015568.6689   13.8160
    0.0000   -7.5000  -15.000016296.0117   13.8132
    7.5000   -7.5000  -15.000015474.1289   13.7976
   -7.5000    0.0000  -15.000015835.1289   13.8069
    0.0000    0.0000  -15.000016545.6602   13.8110
    7.5000    0.0000  -15.000015736.2744   13.7934
   -7.5000    7.5000  -15.000014967.5645   13.8993
    0.0000    7.5000  -15.000015653.4326   13.9005
    7.5000    7.5000  -15.000014870.9980   13.8851
   -7.5000   15.0000  -15.000014025.6572   13.9908
    0.0000   15.0000  -15.000014687.3027   13.9827
    7.5000   15.0000  -15.000013930.3213   13.9709
   -7.5000   22.5000  -15.000012982.1133   13.9697
    0.0000   22.5000  -15.000013636.4893   13.9554
    7.5000   22.5000  -15.000012879.0391   13.9445
   -7.5000   30.0000  -15.000011858.3076   13.7155
    0.0000   30.0000  -15.000012476.6357   13.7036
    7.5000   30.0000  -15.000011765.9561   13.6912
   -7.5000   37.5000  -15.000011456.2178   14.2271
    0.0000   37.5000  -15.000012042.8652   14.2211
    7.5000   37.5000  -15.000011370.1592   14.2009
   -7.5000   45.0000  -15.000010666.2002   14.4627
    0.0000   45.0000  -15.000011188.4404   14.4674
    7.5000   45.0000  -15.000010592.6045   14.4465
   -7.5000  -45.0000   -7.500012306.0986   14.2138
    0.0000  -45.0000   -7.500012842.7197   14.2216
    7.5000  -45.0000   -7.500012323.4668   14.2051
   -7.5000  -37.5000   -7.500012878.4404   14.1287
    0.0000  -37.5000   -7.500013442.9785   14.1349
    7.5000  -37.5000   -7.500012895.8984   14.1219
   -7.5000  -30.0000   -7.500014049.7715   14.1561
    0.0000  -30.0000   -7.500014620.8848   14.1537
    7.5000  -30.0000   -7.500014010.3613   14.1449
   -7.5000  -22.5000   -7.500015311.1123   14.1446
    0.0000  -22.5000   -7.500015976.2568   14.1353
    7.5000  -22.5000   -7.500015253.8291   14.1271
   -7.5000  -15.0000   -7.500016156.0430   14.0660
    0.0000  -15.0000   -7.500016861.0293   14.0578
    7.5000  -15.0000   -7.500016051.5713   14.0472
   -7.5000   -7.5000   -7.500016589.2852   13.9880
    0.0000   -7.5000   -7.500017337.1562   13.9884
    7.5000   -7.5000   -7.500016501.6309   13.9742
   -7.5000    0.0000   -7.500016869.2773   13.9743
    0.0000    0.0000   -7.500017593.6895   13.9820
    7.5000    0.0000   -7.500016768.9297   13.9659
   -7.5000    7.5000   -7.500015935.6123   14.0633
    0.0000    7.5000   -7.500016560.8906   14.0694
    7.5000    7.5000   -7.500015819.6230   14.0564
   -7.5000   15.0000   -7.500014896.6787   14.1561
    0.0000   15.0000   -7.500015519.1992   14.1537
    7.5000   15.0000   -7.500014758.0586   14.1449
   -7.5000   22.5000   -7.500013734.7207   14.1381
    0.0000   22.5000   -7.500014401.7373   14.1288
    7.5000   22.5000   -7.500013622.1514   14.1206
   -7.5000   30.0000   -7.500012503.1504   13.8863
    0.0000   30.0000   -7.500013131.7920   13.8782
    7.5000   30.0000   -7.500012429.6885   13.8677
   -7.5000   37.5000   -7.500012076.9414   14.4043
    0.0000   37.5000   -7.500012654.8594   14.4002
    7.5000   37.5000   -7.500011978.8506   14.3808
   -7.5000   45.0000   -7.500011256.4834   14.6453
    0.0000   45.0000   -7.500011802.6113   14.6517
    7.5000   45.0000   -7.500011154.5859   14.6305
   -7.5000  -45.0000    0.000012889.7412   14.2259
    0.0000  -45.0000    0.000013456.2520   14.2318
    7.5000  -45.0000    0.000012923.9912   14.2200
   -7.5000  -37.5000    0.000013499.0869   14.1375
    0.0000  -37.5000    0.000014094.4346   14.1436
    7.5000  -37.5000    0.000013497.8965   14.1358
   -7.5000  -30.0000    0.000014712.7627   14.1666
    0.0000  -30.0000    0.000015337.3516   14.1678
    7.5000  -30.0000    0.000014678.1230   14.1635
   -7.5000  -22.5000    0.000016047.2139   14.1598
    0.0000  -22.5000    0.000016747.9277   14.1559
    7.5000  -22.5000    0.000015988.0176   14.1506
   -7.5000  -15.0000    0.000016937.4414   14.0844
    0.0000  -15.0000    0.000017734.1426   14.0799
    7.5000  -15.0000    0.000016823.9531   14.0714
   -7.5000   -7.5000    0.000017488.0527   14.0046
    0.0000   -7.5000    0.000018364.0488   14.0050
    7.5000   -7.5000    0.000017389.0449   13.9937
   -7.5000    0.0000    0.000017891.3066   13.9860
    0.0000    0.0000    0.000018706.2422   13.9919
    7.5000    0.0000    0.000017750.7637   13.9803
   -7.5000    7.5000    0.000016865.9180   14.0723
    0.0000    7.5000    0.000017575.3652   14.0783
    7.5000    7.5000    0.000016716.4629   14.0705
   -7.5000   15.0000    0.000015691.7773   14.1666
    0.0000   15.0000    0.000016308.9102   14.1677
    7.5000   15.0000    0.000015553.3545   14.1635
   -7.5000   22.5000    0.000014458.6348   14.1533
    0.0000   22.5000    0.000015083.6846   14.1493
    7.5000   22.5000    0.000014351.8945   14.1441
   -7.5000   30.0000    0.000013182.2783   13.9049
    0.0000   30.0000    0.000013801.1680   13.9003
    7.5000   30.0000    0.000013089.6494   13.8920
   -7.5000   37.5000    0.000012745.1709   14.4221
    0.0000   37.5000    0.000013368.2100   14.4170
    7.5000   37.5000    0.000012603.6152   14.4003
   -7.5000   45.0000    0.000011894.8389   14.6606
    0.0000   45.0000    0.000012489.3174   14.6641
    7.5000   45.0000    0.000011721.2188   14.6480
   -7.5000  -45.0000    7.500012422.2090   14.2014
    0.0000  -45.0000    7.500012994.2910   14.1993
    7.5000  -45.0000    7.500012473.8945   14.1888
   -7.5000  -37.5000    7.500013031.7920   14.1158
    0.0000  -37.5000    7.500013659.7949   14.1145
    7.5000  -37.5000    7.500013037.1592   14.1080
   -7.5000  -30.0000    7.500014211.2520   14.1463
    0.0000  -30.0000    7.500014902.0049   14.1428
    7.5000  -30.0000    7.500014215.9502   14.1388
   -7.5000  -22.5000    7.500015512.4570   14.1385
    0.0000  -22.5000    7.500016242.7861   14.1322
    7.5000  -22.5000    7.500015508.0488   14.1263
   -7.5000  -15.0000    7.500016348.5840   14.0610
    0.0000  -15.0000    7.500017121.3027   14.0540
    7.5000  -15.0000    7.500016309.6562   14.0445
   -7.5000   -7.5000    7.500016993.2832   13.9801
    0.0000   -7.5000    7.500017874.1230   13.9753
    7.5000   -7.5000    7.500016952.2383   13.9642
   -7.5000    0.0000    7.500017563.2051   13.9625
    0.0000    0.0000    7.500018527.4727   13.9607
    7.5000    0.0000    7.500017446.9844   13.9504
   -7.5000    7.5000    7.500016689.6133   14.0508
    0.0000    7.5000    7.500017518.4727   14.0496
    7.5000    7.5000    7.500016541.5977   14.0430
   -7.5000   15.0000    7.500015530.7803   14.1463
    0.0000   15.0000    7.500016169.5498   14.1428
    7.5000   15.0000    7.500015380.0010   14.1388
   -7.5000   22.5000    7.500014308.5371   14.1320
    0.0000   22.5000    7.500014957.6240   14.1257
    7.5000   22.5000    7.500014138.2002   14.1197
   -7.5000   30.0000    7.500013020.4570   13.8818
    0.0000   30.0000    7.500013679.5664   13.8748
    7.5000   30.0000    7.500012842.7461   13.8655
   -7.5000   37.5000    7.500012502.1055   14.3961
    0.0000   37.5000    7.500013157.0029   14.3861
    7.5000   37.5000    7.500012299.5371   14.3703
   -7.5000   45.0000    7.500011589.9727   14.6305
    0.0000   45.0000    7.500012204.4746   14.6278
    7.5000   45.0000    7.500011377.7998   14.6163
   -7.5000  -45.0000   15.000011913.8115   14.1948
    0.0000  -45.0000   15.000012382.0869   14.1868
    7.5000  -45.0000   15.000011959.5781   14.1737
   -7.5000  -37.5000   15.000012531.8936   14.1143
    0.0000  -37.5000   15.000013012.2305   14.1066
    7.5000  -37.5000   15.000012540.7334   14.0966
   -7.5000  -30.0000   15.000013685.3428   14.1446
    0.0000  -30.0000   15.000014186.0547   14.1347
    7.5000  -30.0000   15.000013683.3096   14.1266
   -7.5000  -22.5000   15.000014938.5781   14.1320
    0.0000  -22.5000   15.000015488.4365   14.1198
    7.5000  -22.5000   15.000014944.8379   14.1102
   -7.5000  -15.0000   15.000015680.9697   14.0500
    0.0000  -15.0000   15.000016328.6104   14.0379
    7.5000  -15.0000   15.000015666.3086   14.0254
   -7.5000   -7.5000   15.000016323.4443   13.9695
    0.0000   -7.5000   15.000017134.9238   13.9598
    7.5000   -7.5000   15.000016289.7314   13.9461
   -7.5000    0.0000   15.000016864.3340   13.9567
    0.0000    0.0000   15.000018025.2910   13.9492
    7.5000    0.0000   15.000016777.6660   13.9364
   -7.5000    7.5000   15.000016068.2686   14.0494
    0.0000    7.5000   15.000017214.8262   14.0418
    7.5000    7.5000   15.000015957.3916   14.0318
   -7.5000   15.0000   15.000015021.1377   14.1446
    0.0000   15.0000   15.000015993.1885   14.1347
    7.5000   15.0000   15.000014881.2256   14.1266
   -7.5000   22.5000   15.000013812.7715   14.1255
    0.0000   22.5000   15.000014718.5547   14.1133
    7.5000   22.5000   15.000013642.3184   14.1037
   -7.5000   30.0000   15.000012500.9043   13.8709
    0.0000   30.0000   15.000013324.2969   13.8588
    7.5000   30.0000   15.000012334.7266   13.8466
   -7.5000   37.5000   15.000011910.4414   14.3838
    0.0000   37.5000   15.000012641.3164   14.3701
    7.5000   37.5000   15.000011751.3779   14.3524
   -7.5000   45.0000   15.000010992.5430   14.6176
    0.0000   45.0000   15.000011624.2578   14.6113
    7.5000   45.0000   15.000010837.4395   14.5995
   -7.5000  -45.0000   22.500011339.9375   14.2124
    0.0000  -45.0000   22.500011724.6445   14.2087
    7.5000  -45.0000   22.500011359.8320   14.1923
   -7.5000  -37.5000   22.500011946.3115   14.1342
    0.0000  -37.5000   22.500012369.0576   14.1291
    7.5000  -37.5000   22.500011956.9287   14.1152
   -7.5000  -30.0000   22.500013046.8477   14.1631
    0.0000  -30.0000   22.500013533.9482   14.1520
    7.5000  -30.0000   22.500013054.6123   14.1405
   -7.5000  -22.5000   22.500014210.2617   14.1467
    0.0000  -22.5000   22.500014808.4727   14.1316
    7.5000  -22.5000   22.500014228.6904   14.1198
   -7.5000  -15.0000   22.500014852.4336   14.0623
    0.0000  -15.0000   22.500015546.0225   14.0487
    7.5000  -15.0000   22.500014833.3047   14.0349
   -7.5000   -7.5000   22.500015370.1846   13.9832
    0.0000   -7.5000   22.500016199.3525   13.9756
    7.5000   -7.5000   22.500015365.8447   13.9600
   -7.5000    0.0000   22.500015790.0879   13.9740
    0.0000    0.0000   22.500016799.0410   13.9708
    7.5000    0.0000   22.500015787.5059   13.9548
   -7.5000    7.5000   22.500014966.4941   14.0691
    0.0000    7.5000   22.500015877.6680   14.0640
    7.5000    7.5000   22.500014963.8057   14.0501
   -7.5000   15.0000   22.500013944.3291   14.1631
    0.0000   15.0000   22.500014765.7354   14.1520
    7.5000   15.0000   22.500013938.1143   14.1405
   -7.5000   22.5000   22.500012850.4258   14.1402
    0.0000   22.5000   22.500013663.8750   14.1251
    7.5000   22.5000   22.500012831.4746   14.1133
   -7.5000   30.0000   22.500011671.3867   13.8830
    0.0000   30.0000   22.500012415.5049   13.8695
    7.5000   30.0000   22.500011623.9834   13.8559
   -7.5000   37.5000   22.500011166.4561   14.3984
    0.0000   37.5000   22.500011812.7266   14.3876
    7.5000   37.5000   22.500011081.9736   14.3679
   -7.5000   45.0000   22.500010317.4580   14.6368
    0.0000   45.0000   22.500010882.7480   14.6350
    7.5000   45.0000   22.500010233.1230   14.6187
   -7.5000  -45.0000   30.000010595.5273   14.2511
    0.0000  -45.0000   30.000011047.7217   14.2551
    7.5000  -45.0000   30.000010633.6025   14.2366
   -7.5000  -37.5000   30.000011121.9170   14.1706
    0.0000  -37.5000   30.000011630.4658   14.1719
    7.5000  -37.5000   30.000011154.4453   14.1561
   -7.5000  -30.0000   30.000012099.3359   14.1978
    0.0000  -30.0000   30.000012656.5059   14.1896
    7.5000  -30.0000   30.000012113.1338   14.1776
   -7.5000  -22.5000   30.000013143.4795   14.1815
    0.0000  -22.5000   30.000013747.9062   14.1669
    7.5000  -22.5000   30.000013147.4668   14.1558
   -7.5000  -15.0000   30.000013643.4463   14.0983
    0.0000  -15.0000   30.000014299.5488   14.0861
    7.5000  -15.0000   30.000013639.6631   14.0732
   -7.5000   -7.5000   30.000014065.1201   14.0206
    0.0000   -7.5000   30.000014784.2246   14.0178
    7.5000   -7.5000   30.000014092.5684   14.0018
   -7.5000    0.0000   30.000014390.5059   14.0114
    0.0000    0.0000   30.000015193.0410   14.0156
    7.5000    0.0000   30.000014443.3994   13.9976
   -7.5000    7.5000   30.000013613.3271   14.1050
    0.0000    7.5000   30.000014281.3564   14.1063
    7.5000    7.5000   30.000013670.8281   14.0905
   -7.5000   15.0000   30.000012701.0332   14.1978
    0.0000   15.0000   30.000013307.6631   14.1896
    7.5000   15.0000   30.000012761.2988   14.1776
   -7.5000   22.5000   30.000011681.3682   14.1750
    0.0000   22.5000   30.000012285.3174   14.1604
    7.5000   22.5000   30.000011721.2529   14.1493
   -7.5000   30.0000   30.000010642.0977   13.9185
    0.0000   30.0000   30.000011201.9160   13.9065
    7.5000   30.0000   30.000010637.8311   13.8938
   -7.5000   37.5000   30.000010251.5068   14.4374
    0.0000   37.5000   30.000010773.3779   14.4313
    7.5000   37.5000   30.000010207.5693   14.4107
   -7.5000   45.0000   30.0000 9514.9658   14.6802
    0.0000   45.0000   30.0000 9988.6299   14.6849
    7.5000   45.0000   30.0000 9451.2451   14.6636
   -7.5000  -45.0000   37.500010185.8877   14.4421
    0.0000  -45.0000   37.500010645.8203   14.4496
    7.5000  -45.0000   37.500010186.0742   14.4324
   -7.5000  -37.5000   37.500010679.3691   14.3540
    0.0000  -37.5000   37.500011149.7881   14.3600
    7.5000  -37.5000   37.500010675.9033   14.3465
   -7.5000  -30.0000   37.500011590.9736   14.3812
    0.0000  -30.0000   37.500012088.9209   14.3785
    7.5000  -30.0000   37.500011581.3369   14.3695
   -7.5000  -22.5000   37.500012589.4111   14.3693
    0.0000  -22.5000   37.500013134.4160   14.3594
    7.5000  -22.5000   37.500012582.1250   14.3509
   -7.5000  -15.0000   37.500013021.9268   14.2891
    0.0000  -15.0000   37.500013602.3057   14.2802
    7.5000  -15.0000   37.500013033.9951   14.2692
   -7.5000   -7.5000   37.500013384.3164   14.2098
    0.0000   -7.5000   37.500014034.5566   14.2096
    7.5000   -7.5000   37.500013441.8066   14.1949
   -7.5000    0.0000   37.500013643.3154   14.1960
    0.0000    0.0000   37.500014347.3838   14.2035
    7.5000    0.0000   37.500013727.5596   14.1867
   -7.5000    7.5000   37.500012889.7627   14.2868
    0.0000    7.5000   37.500013483.0850   14.2928
    7.5000    7.5000   37.500012965.2012   14.2793
   -7.5000   15.0000   37.500012047.5918   14.3812
    0.0000   15.0000   37.500012563.8535   14.3785
    7.5000   15.0000   37.500012089.4805   14.3695
   -7.5000   22.5000   37.500011079.6348   14.3626
    0.0000   22.5000   37.500011570.0586   14.3527
    7.5000   22.5000   37.500011102.3818   14.3443
   -7.5000   30.0000   37.500010078.3359   14.1069
    0.0000   30.0000   37.500010550.9756   14.0981
    7.5000   30.0000   37.500010078.1582   14.0873
   -7.5000   37.5000   37.5000 9743.1807   14.6374
    0.0000   37.5000   37.500010179.2881   14.6327
    7.5000   37.5000   37.5000 9702.9180   14.6125
   -7.5000   45.0000   37.5000 9081.3398   14.8882
    0.0000   45.0000   37.5000 9476.7246   14.8944
    7.5000   45.0000   37.5000 9021.9619   14.8724
   -7.5000  -45.0000   45.0000 9357.5625   14.5934
    0.0000  -45.0000   45.0000 9738.5830   14.5993
    7.5000  -45.0000   45.0000 9346.3135   14.5872
   -7.5000  -37.5000   45.0000 9791.1318   14.5001
    0.0000  -37.5000   45.000010185.3896   14.5062
    7.5000  -37.5000   45.0000 9789.8604   14.4985
   -7.5000  -30.0000   45.000010629.3301   14.5309
    0.0000  -30.0000   45.000011055.6943   14.5317
    7.5000  -30.0000   45.000010624.3008   14.5278
   -7.5000  -22.5000   45.000011538.7314   14.5242
    0.0000  -22.5000   45.000012015.8447   14.5195
    7.5000  -22.5000   45.000011541.3926   14.5146
   -7.5000  -15.0000   45.000011906.2627   14.4452
    0.0000  -15.0000   45.000012416.1289   14.4396
    7.5000  -15.0000   45.000011927.9004   14.4314
   -7.5000   -7.5000   45.000012229.2793   14.3609
    0.0000   -7.5000   45.000012769.4551   14.3607
    7.5000   -7.5000   45.000012257.3535   14.3494
   -7.5000    0.0000   45.000012444.6895   14.3410
    0.0000    0.0000   45.000013031.8965   14.3469
    7.5000    0.0000   45.000012496.6260   14.3350
   -7.5000    7.5000   45.000011724.6572   14.4315
    0.0000    7.5000   45.000012266.4443   14.4376
    7.5000    7.5000   45.000011774.7842   14.4298
   -7.5000   15.0000   45.000010932.2344   14.5309
    0.0000   15.0000   45.000011404.2920   14.5317
    7.5000   15.0000   45.000010957.3760   14.5278
   -7.5000   22.5000   45.000010033.1328   14.5175
    0.0000   22.5000   45.000010488.8350   14.5128
    7.5000   22.5000   45.000010061.9697   14.5079
   -7.5000   30.0000   45.0000 9144.5811   14.2598
    0.0000   30.0000   45.0000 9559.4775   14.2543
    7.5000   30.0000   45.0000 9153.7236   14.2461
   -7.5000   37.5000   45.0000 8844.7266   14.7999
    0.0000   37.5000   45.0000 9229.8047   14.7938
    7.5000   37.5000   45.0000 8814.2617   14.7766
   -7.5000   45.0000   45.0000 8236.3867   15.0652
    0.0000   45.0000   45.0000 8611.5674   15.0684
    7.5000   45.0000   45.0000 8203.1475   15.0520

---------------------------------------------------------------------
imgreg_4dfp /opt/freesurfer/average/711-2C_as_mni_average_305 /opt/freesurfer/average/711-2B_as_mni_average_305_mask talsrcimg_g11 none talsrcimg_to_711-2C_as_mni_average_305_t4 4355
---------------------------------------------------------------------

freesurfer imgreg_4dfp.c
/opt/freesurfer/average/711-2C_as_mni_average_305.4dfp.img
       256       256       256         1
  1.000000  1.000000  1.000000
orientation T byte_order littleendian
Reading image: /opt/freesurfer/average/711-2C_as_mni_average_305.4dfp.img
dimensions:      256       256       256
mmppix:       1.0000   -1.0000   -1.0000
center:     128.0000 -129.0000 -129.0000
/opt/freesurfer/average/711-2B_as_mni_average_305_mask.4dfp.img
       256       256       256         1
  1.000000  1.000000  1.000000
orientation T byte_order littleendian
Reading mask: /opt/freesurfer/average/711-2B_as_mni_average_305_mask.4dfp.img (2306576 pixels)
talsrcimg_g11.4dfp.img
       256       256       256         1
  1.000000  1.000000  1.000000
orientation T byte_order littleendian
Reading image: talsrcimg_g11.4dfp.img
dimensions:      256       256       256
mmppix:       1.0000   -1.0000   -1.0000
center:     128.0000 -129.0000 -129.0000
rotation matrix determinant  1.000000
image alignment mode   4355 decimal     1103 hex
   -7.5000  -45.0000  -45.0000 2267.6987   16.7233
    0.0000  -45.0000  -45.0000 2281.9873   16.5123
    7.5000  -45.0000  -45.0000 2273.2468   16.6113
   -7.5000  -37.5000  -45.0000 2285.9473   16.5274
    0.0000  -37.5000  -45.0000 2300.0017   16.3314
    7.5000  -37.5000  -45.0000 2294.9468   16.4016
   -7.5000  -30.0000  -45.0000 2307.9773   16.4416
    0.0000  -30.0000  -45.0000 2319.1499   16.2759
    7.5000  -30.0000  -45.0000 2314.7285   16.3918
   -7.5000  -22.5000  -45.0000 2331.8674   16.3998
    0.0000  -22.5000  -45.0000 2339.1995   16.3157
    7.5000  -22.5000  -45.0000 2336.1814   16.3791
   -7.5000  -15.0000  -45.0000 2344.3906   16.4098
    0.0000  -15.0000  -45.0000 2355.7349   16.3572
    7.5000  -15.0000  -45.0000 2345.9976   16.3809
   -7.5000   -7.5000  -45.0000 2348.2622   16.4339
    0.0000   -7.5000  -45.0000 2365.2737   16.3551
    7.5000   -7.5000  -45.0000 2353.0981   16.3840
   -7.5000    0.0000  -45.0000 2350.0259   16.4845
    0.0000    0.0000  -45.0000 2369.2830   16.4088
    7.5000    0.0000  -45.0000 2350.7878   16.4481
   -7.5000    7.5000  -45.0000 2347.0312   16.6668
    0.0000    7.5000  -45.0000 2368.5742   16.5577
    7.5000    7.5000  -45.0000 2348.3921   16.6157
   -7.5000   15.0000  -45.0000 2341.3137   16.9738
    0.0000   15.0000  -45.0000 2359.7544   16.8781
    7.5000   15.0000  -45.0000 2338.0503   16.9340
   -7.5000   22.5000  -45.0000 2326.9666   17.4809
    0.0000   22.5000  -45.0000 2339.4963   17.3727
    7.5000   22.5000  -45.0000 2320.9504   17.4472
   -7.5000   30.0000  -45.0000 2283.3630   18.2710
    0.0000   30.0000  -45.0000 2297.6191   18.1582
    7.5000   30.0000  -45.0000 2279.1917   18.2313
   -7.5000   37.5000  -45.0000 2230.1042   19.3559
    0.0000   37.5000  -45.0000 2240.0305   19.2402
    7.5000   37.5000  -45.0000 2223.8660   19.3416
   -7.5000   45.0000  -45.0000 2155.4365   20.8992
    0.0000   45.0000  -45.0000 2164.1172   20.7504
    7.5000   45.0000  -45.0000 2147.4932   20.8330
   -7.5000  -45.0000  -37.5000 2364.4507   15.4291
    0.0000  -45.0000  -37.5000 2382.3389   15.2674
    7.5000  -45.0000  -37.5000 2376.8372   15.3260
   -7.5000  -37.5000  -37.5000 2386.8906   15.2258
    0.0000  -37.5000  -37.5000 2400.8528   15.1120
    7.5000  -37.5000  -37.5000 2395.8687   15.1548
   -7.5000  -30.0000  -37.5000 2412.1111   15.1377
    0.0000  -30.0000  -37.5000 2426.5398   15.0334
    7.5000  -30.0000  -37.5000 2416.8779   15.0465
   -7.5000  -22.5000  -37.5000 2438.9529   15.0446
    0.0000  -22.5000  -37.5000 2452.7087   14.9780
    7.5000  -22.5000  -37.5000 2441.0610   14.9985
   -7.5000  -15.0000  -37.5000 2456.7671   15.0184
    0.0000  -15.0000  -37.5000 2473.3557   14.9925
    7.5000  -15.0000  -37.5000 2456.3923   14.9803
   -7.5000   -7.5000  -37.5000 2464.4133   15.0435
    0.0000   -7.5000  -37.5000 2481.9421   15.0050
    7.5000   -7.5000  -37.5000 2461.1755   15.0236
   -7.5000    0.0000  -37.5000 2460.5828   15.1525
    0.0000    0.0000  -37.5000 2479.3591   15.0640
    7.5000    0.0000  -37.5000 2458.2761   15.1154
   -7.5000    7.5000  -37.5000 2456.0156   15.3363
    0.0000    7.5000  -37.5000 2472.6467   15.2365
    7.5000    7.5000  -37.5000 2451.2632   15.3077
   -7.5000   15.0000  -37.5000 2447.8704   15.6351
    0.0000   15.0000  -37.5000 2464.8328   15.5433
    7.5000   15.0000  -37.5000 2444.5723   15.5903
   -7.5000   22.5000  -37.5000 2430.0291   16.0898
    0.0000   22.5000  -37.5000 2444.2019   15.9810
    7.5000   22.5000  -37.5000 2425.1777   16.0829
   -7.5000   30.0000  -37.5000 2393.4412   16.8004
    0.0000   30.0000  -37.5000 2407.6990   16.7052
    7.5000   30.0000  -37.5000 2383.3787   16.7848
   -7.5000   37.5000  -37.5000 2337.5537   17.8053
    0.0000   37.5000  -37.5000 2348.7510   17.7310
    7.5000   37.5000  -37.5000 2328.3440   17.8065
   -7.5000   45.0000  -37.5000 2255.5261   19.1915
    0.0000   45.0000  -37.5000 2266.0703   19.1100
    7.5000   45.0000  -37.5000 2249.2031   19.1519
   -7.5000  -45.0000  -30.0000 2500.2783   14.8531
    0.0000  -45.0000  -30.0000 2518.9382   14.7231
    7.5000  -45.0000  -30.0000 2513.5012   14.7324
   -7.5000  -37.5000  -30.0000 2525.4709   14.6559
    0.0000  -37.5000  -30.0000 2547.8521   14.5607
    7.5000  -37.5000  -30.0000 2537.6995   14.5393
   -7.5000  -30.0000  -30.0000 2555.1592   14.5309
    0.0000  -30.0000  -30.0000 2580.5464   14.4492
    7.5000  -30.0000  -30.0000 2563.5261   14.4132
   -7.5000  -22.5000  -30.0000 2585.8276   14.4210
    0.0000  -22.5000  -30.0000 2606.9492   14.3240
    7.5000  -22.5000  -30.0000 2588.9868   14.3175
   -7.5000  -15.0000  -30.0000 2601.8569   14.3171
    0.0000  -15.0000  -30.0000 2621.9658   14.2563
    7.5000  -15.0000  -30.0000 2599.6497   14.2597
   -7.5000   -7.5000  -30.0000 2611.6897   14.3283
    0.0000   -7.5000  -30.0000 2629.9922   14.2674
    7.5000   -7.5000  -30.0000 2611.1870   14.2785
   -7.5000    0.0000  -30.0000 2614.6614   14.4262
    0.0000    0.0000  -30.0000 2626.2202   14.3354
    7.5000    0.0000  -30.0000 2607.9941   14.4009
   -7.5000    7.5000  -30.0000 2615.7771   14.6367
    0.0000    7.5000  -30.0000 2628.4763   14.5356
    7.5000    7.5000  -30.0000 2606.5613   14.6019
   -7.5000   15.0000  -30.0000 2605.1257   14.9634
    0.0000   15.0000  -30.0000 2618.0601   14.8745
    7.5000   15.0000  -30.0000 2596.9856   14.9384
   -7.5000   22.5000  -30.0000 2581.0840   15.3868
    0.0000   22.5000  -30.0000 2593.0991   15.3075
    7.5000   22.5000  -30.0000 2576.4541   15.4099
   -7.5000   30.0000  -30.0000 2541.7388   16.0357
    0.0000   30.0000  -30.0000 2558.1802   15.9646
    7.5000   30.0000  -30.0000 2533.9351   16.0567
   -7.5000   37.5000  -30.0000 2483.0066   16.9952
    0.0000   37.5000  -30.0000 2501.1008   16.9389
    7.5000   37.5000  -30.0000 2475.0952   17.0117
   -7.5000   45.0000  -30.0000 2394.3379   18.3225
    0.0000   45.0000  -30.0000 2412.8506   18.2658
    7.5000   45.0000  -30.0000 2389.5488   18.3148
   -7.5000  -45.0000  -22.5000 2607.2966   14.2385
    0.0000  -45.0000  -22.5000 2629.7476   14.1040
    7.5000  -45.0000  -22.5000 2627.0632   14.1059
   -7.5000  -37.5000  -22.5000 2636.6465   14.0178
    0.0000  -37.5000  -22.5000 2663.6077   13.9144
    7.5000  -37.5000  -22.5000 2654.3813   13.8832
   -7.5000  -30.0000  -22.5000 2662.7917   13.8677
    0.0000  -30.0000  -22.5000 2689.7527   13.7398
    7.5000  -30.0000  -22.5000 2679.5264   13.7168
   -7.5000  -22.5000  -22.5000 2691.0332   13.7068
    0.0000  -22.5000  -22.5000 2715.0273   13.5786
    7.5000  -22.5000  -22.5000 2698.6050   13.5898
   -7.5000  -15.0000  -22.5000 2707.3354   13.6001
    0.0000  -15.0000  -22.5000 2727.4475   13.4748
    7.5000  -15.0000  -22.5000 2712.7754   13.5078
   -7.5000   -7.5000  -22.5000 2724.2275   13.5478
    0.0000   -7.5000  -22.5000 2741.0371   13.4595
    7.5000   -7.5000  -22.5000 2727.1365   13.4924
   -7.5000    0.0000  -22.5000 2728.1125   13.6026
    0.0000    0.0000  -22.5000 2742.4346   13.5312
    7.5000    0.0000  -22.5000 2725.5024   13.5947
   -7.5000    7.5000  -22.5000 2732.5266   13.7694
    0.0000    7.5000  -22.5000 2745.5850   13.7100
    7.5000    7.5000  -22.5000 2726.9414   13.7836
   -7.5000   15.0000  -22.5000 2728.7271   14.1493
    0.0000   15.0000  -22.5000 2743.3540   14.0551
    7.5000   15.0000  -22.5000 2721.3994   14.1317
   -7.5000   22.5000  -22.5000 2708.1865   14.5730
    0.0000   22.5000  -22.5000 2724.2341   14.4822
    7.5000   22.5000  -22.5000 2703.1665   14.6014
   -7.5000   30.0000  -22.5000 2667.1914   15.2141
    0.0000   30.0000  -22.5000 2687.6455   15.1240
    7.5000   30.0000  -22.5000 2664.3167   15.2474
   -7.5000   37.5000  -22.5000 2601.3455   16.1139
    0.0000   37.5000  -22.5000 2623.0488   16.0453
    7.5000   37.5000  -22.5000 2599.8423   16.1549
   -7.5000   45.0000  -22.5000 2508.8384   17.3771
    0.0000   45.0000  -22.5000 2527.4385   17.2810
    7.5000   45.0000  -22.5000 2510.1487   17.4117
   -7.5000  -45.0000  -15.0000 2675.5835   13.6234
    0.0000  -45.0000  -15.0000 2700.8213   13.4830
    7.5000  -45.0000  -15.0000 2697.0056   13.4761
   -7.5000  -37.5000  -15.0000 2705.4795   13.3627
    0.0000  -37.5000  -15.0000 2732.1890   13.2336
    7.5000  -37.5000  -15.0000 2727.1025   13.2234
   -7.5000  -30.0000  -15.0000 2730.4568   13.1640
    0.0000  -30.0000  -15.0000 2757.5708   13.0136
    7.5000  -30.0000  -15.0000 2749.2192   13.0125
   -7.5000  -22.5000  -15.0000 2751.6978   13.0052
    0.0000  -22.5000  -15.0000 2781.7725   12.8651
    7.5000  -22.5000  -15.0000 2768.0845   12.8908
   -7.5000  -15.0000  -15.0000 2772.6890   12.8887
    0.0000  -15.0000  -15.0000 2798.4343   12.7510
    7.5000  -15.0000  -15.0000 2784.5752   12.8115
   -7.5000   -7.5000  -15.0000 2791.8289   12.8040
    0.0000   -7.5000  -15.0000 2818.7349   12.7027
    7.5000   -7.5000  -15.0000 2800.0452   12.7632
   -7.5000    0.0000  -15.0000 2805.7222   12.8261
    0.0000    0.0000  -15.0000 2830.4253   12.7224
    7.5000    0.0000  -15.0000 2813.5371   12.8235
   -7.5000    7.5000  -15.0000 2815.2261   12.9604
    0.0000    7.5000  -15.0000 2837.7842   12.8724
    7.5000    7.5000  -15.0000 2817.5540   12.9923
   -7.5000   15.0000  -15.0000 2818.1851   13.3135
    0.0000   15.0000  -15.0000 2837.6011   13.2097
    7.5000   15.0000  -15.0000 2818.6423   13.3252
   -7.5000   22.5000  -15.0000 2806.2786   13.7930
    0.0000   22.5000  -15.0000 2822.9973   13.6838
    7.5000   22.5000  -15.0000 2804.1733   13.8111
   -7.5000   30.0000  -15.0000 2766.3896   14.4463
    0.0000   30.0000  -15.0000 2784.7668   14.3202
    7.5000   30.0000  -15.0000 2763.3699   14.4692
   -7.5000   37.5000  -15.0000 2696.0715   15.3059
    0.0000   37.5000  -15.0000 2714.4260   15.1959
    7.5000   37.5000  -15.0000 2696.6016   15.3400
   -7.5000   45.0000  -15.0000 2599.4011   16.4916
    0.0000   45.0000  -15.0000 2610.6907   16.3910
    7.5000   45.0000  -15.0000 2598.7263   16.5259
   -7.5000  -45.0000   -7.5000 2726.0862   13.0375
    0.0000  -45.0000   -7.5000 2747.1155   12.8723
    7.5000  -45.0000   -7.5000 2745.0410   12.8914
   -7.5000  -37.5000   -7.5000 2751.1792   12.7268
    0.0000  -37.5000   -7.5000 2779.0076   12.5645
    7.5000  -37.5000   -7.5000 2774.1321   12.5834
   -7.5000  -30.0000   -7.5000 2773.0576   12.5205
    0.0000  -30.0000   -7.5000 2801.2881   12.3467
    7.5000  -30.0000   -7.5000 2797.4099   12.3895
   -7.5000  -22.5000   -7.5000 2798.1243   12.3947
    0.0000  -22.5000   -7.5000 2828.9490   12.2171
    7.5000  -22.5000   -7.5000 2819.5042   12.2570
   -7.5000  -15.0000   -7.5000 2820.9421   12.2776
    0.0000  -15.0000   -7.5000 2846.9500   12.1203
    7.5000  -15.0000   -7.5000 2837.1514   12.1850
   -7.5000   -7.5000   -7.5000 2846.5876   12.1849
    0.0000   -7.5000   -7.5000 2870.7000   12.0437
    7.5000   -7.5000   -7.5000 2856.2632   12.1497
   -7.5000    0.0000   -7.5000 2867.4160   12.1746
    0.0000    0.0000   -7.5000 2889.4316   12.0206
    7.5000    0.0000   -7.5000 2873.5728   12.1758
   -7.5000    7.5000   -7.5000 2886.0254   12.2671
    0.0000    7.5000   -7.5000 2903.2549   12.1117
    7.5000    7.5000   -7.5000 2886.8909   12.3033
   -7.5000   15.0000   -7.5000 2895.6843   12.5763
    0.0000   15.0000   -7.5000 2907.4253   12.3992
    7.5000   15.0000   -7.5000 2889.8679   12.6005
   -7.5000   22.5000   -7.5000 2880.6636   13.1180
    0.0000   22.5000   -7.5000 2897.3684   12.9621
    7.5000   22.5000   -7.5000 2879.2869   13.1196
   -7.5000   30.0000   -7.5000 2836.8232   13.7768
    0.0000   30.0000   -7.5000 2853.8547   13.6228
    7.5000   30.0000   -7.5000 2839.6680   13.8088
   -7.5000   37.5000   -7.5000 2762.0010   14.6083
    0.0000   37.5000   -7.5000 2778.5205   14.4611
    7.5000   37.5000   -7.5000 2765.7234   14.6796
   -7.5000   45.0000   -7.5000 2661.6345   15.7489
    0.0000   45.0000   -7.5000 2674.4397   15.6144
    7.5000   45.0000   -7.5000 2660.8591   15.8313
   -7.5000  -45.0000    0.0000 2761.5156   12.6434
    0.0000  -45.0000    0.0000 2783.8059   12.4348
    7.5000  -45.0000    0.0000 2782.8481   12.4906
   -7.5000  -37.5000    0.0000 2779.3892   12.3399
    0.0000  -37.5000    0.0000 2803.3792   12.1274
    7.5000  -37.5000    0.0000 2805.4050   12.1961
   -7.5000  -30.0000    0.0000 2801.1841   12.1349
    0.0000  -30.0000    0.0000 2820.7283   11.9309
    7.5000  -30.0000    0.0000 2826.5610   12.0002
   -7.5000  -22.5000    0.0000 2827.2488   12.0228
    0.0000  -22.5000    0.0000 2847.8125   11.8238
    7.5000  -22.5000    0.0000 2844.0168   11.8915
   -7.5000  -15.0000    0.0000 2847.9600   11.9509
    0.0000  -15.0000    0.0000 2867.8501   11.7598
    7.5000  -15.0000    0.0000 2860.7500   11.8206
   -7.5000   -7.5000    0.0000 2875.3560   11.8943
    0.0000   -7.5000    0.0000 2894.2090   11.7147
    7.5000   -7.5000    0.0000 2884.5686   11.8015
   -7.5000    0.0000    0.0000 2906.6440   11.8855
    0.0000    0.0000    0.0000 2920.3232   11.6975
    7.5000    0.0000    0.0000 2906.6265   11.8291
   -7.5000    7.5000    0.0000 2933.6060   11.9280
    0.0000    7.5000    0.0000 2946.6143   11.7010
    7.5000    7.5000    0.0000 2925.9060   11.9497
   -7.5000   15.0000    0.0000 2950.4795   12.1922
    0.0000   15.0000    0.0000 2956.1785   11.9319
    7.5000   15.0000    0.0000 2936.9795   12.2454
   -7.5000   22.5000    0.0000 2940.9333   12.7407
    0.0000   22.5000    0.0000 2950.0083   12.5099
    7.5000   22.5000    0.0000 2931.6377   12.7791
   -7.5000   30.0000    0.0000 2889.0864   13.4411
    0.0000   30.0000    0.0000 2900.5813   13.2307
    7.5000   30.0000    0.0000 2883.1560   13.4963
   -7.5000   37.5000    0.0000 2813.0933   14.3151
    0.0000   37.5000    0.0000 2820.6125   14.1154
    7.5000   37.5000    0.0000 2807.5132   14.3609
   -7.5000   45.0000    0.0000 2704.2117   15.4762
    0.0000   45.0000    0.0000 2711.7581   15.2937
    7.5000   45.0000    0.0000 2698.3826   15.5151
   -7.5000  -45.0000    7.5000 2772.2146   12.4028
    0.0000  -45.0000    7.5000 2797.7842   12.1689
    7.5000  -45.0000    7.5000 2802.1213   12.2283
   -7.5000  -37.5000    7.5000 2790.0986   12.1423
    0.0000  -37.5000    7.5000 2816.6477   11.9337
    7.5000  -37.5000    7.5000 2815.0591   11.9625
   -7.5000  -30.0000    7.5000 2810.7336   11.9736
    0.0000  -30.0000    7.5000 2834.7983   11.7660
    7.5000  -30.0000    7.5000 2829.7637   11.7999
   -7.5000  -22.5000    7.5000 2831.8567   11.8843
    0.0000  -22.5000    7.5000 2852.5115   11.6597
    7.5000  -22.5000    7.5000 2847.6262   11.7284
   -7.5000  -15.0000    7.5000 2853.1614   11.8343
    0.0000  -15.0000    7.5000 2870.5593   11.6030
    7.5000  -15.0000    7.5000 2861.5796   11.7023
   -7.5000   -7.5000    7.5000 2883.5977   11.8326
    0.0000   -7.5000    7.5000 2894.4583   11.5920
    7.5000   -7.5000    7.5000 2890.6367   11.7244
   -7.5000    0.0000    7.5000 2923.9119   11.9089
    0.0000    0.0000    7.5000 2927.3933   11.7051
    7.5000    0.0000    7.5000 2921.0330   11.8207
   -7.5000    7.5000    7.5000 2960.8545   12.0552
    0.0000    7.5000    7.5000 2972.0601   11.8053
    7.5000    7.5000    7.5000 2951.2871   11.9939
   -7.5000   15.0000    7.5000 2985.0815   12.2229
    0.0000   15.0000    7.5000 2990.0015   11.9448
    7.5000   15.0000    7.5000 2969.4810   12.2519
   -7.5000   22.5000    7.5000 2975.1179   12.6517
    0.0000   22.5000    7.5000 2987.3533   12.4126
    7.5000   22.5000    7.5000 2953.3892   12.7014
   -7.5000   30.0000    7.5000 2916.3315   13.3776
    0.0000   30.0000    7.5000 2931.3823   13.1659
    7.5000   30.0000    7.5000 2899.0159   13.3791
   -7.5000   37.5000    7.5000 2826.5515   14.2800
    0.0000   37.5000    7.5000 2839.7986   14.1128
    7.5000   37.5000    7.5000 2819.8909   14.2691
   -7.5000   45.0000    7.5000 2715.3320   15.4524
    0.0000   45.0000    7.5000 2728.4404   15.3176
    7.5000   45.0000    7.5000 2708.3726   15.4265
   -7.5000  -45.0000   15.0000 2761.5500   12.4375
    0.0000  -45.0000   15.0000 2787.5662   12.1410
    7.5000  -45.0000   15.0000 2796.1572   12.2331
   -7.5000  -37.5000   15.0000 2785.4038   12.2146
    0.0000  -37.5000   15.0000 2804.7097   11.9212
    7.5000  -37.5000   15.0000 2809.0088   12.0131
   -7.5000  -30.0000   15.0000 2803.4062   12.0757
    0.0000  -30.0000   15.0000 2812.6599   11.7563
    7.5000  -30.0000   15.0000 2817.5183   11.8833
   -7.5000  -22.5000   15.0000 2825.7952   12.0323
    0.0000  -22.5000   15.0000 2826.9524   11.7018
    7.5000  -22.5000   15.0000 2836.3621   11.8532
   -7.5000  -15.0000   15.0000 2843.4453   12.0238
    0.0000  -15.0000   15.0000 2846.1206   11.7352
    7.5000  -15.0000   15.0000 2847.5833   11.8869
   -7.5000   -7.5000   15.0000 2876.2170   12.0389
    0.0000   -7.5000   15.0000 2878.9255   11.8298
    7.5000   -7.5000   15.0000 2874.8652   11.9439
   -7.5000    0.0000   15.0000 2912.5149   12.1573
    0.0000    0.0000   15.0000 2927.4038   12.0418
    7.5000    0.0000   15.0000 2904.5522   12.0796
   -7.5000    7.5000   15.0000 2950.7627   12.3230
    0.0000    7.5000   15.0000 2985.3569   12.2677
    7.5000    7.5000   15.0000 2938.4558   12.2526
   -7.5000   15.0000   15.0000 2977.9558   12.5466
    0.0000   15.0000   15.0000 3003.7166   12.3897
    7.5000   15.0000   15.0000 2958.7837   12.5309
   -7.5000   22.5000   15.0000 2958.6729   12.8939
    0.0000   22.5000   15.0000 2991.5295   12.7369
    7.5000   22.5000   15.0000 2941.4233   12.9231
   -7.5000   30.0000   15.0000 2900.3574   13.4802
    0.0000   30.0000   15.0000 2925.4578   13.3286
    7.5000   30.0000   15.0000 2886.0110   13.5051
   -7.5000   37.5000   15.0000 2805.4307   14.3784
    0.0000   37.5000   15.0000 2823.7510   14.2193
    7.5000   37.5000   15.0000 2800.7561   14.3701
   -7.5000   45.0000   15.0000 2695.9297   15.5609
    0.0000   45.0000   15.0000 2708.8293   15.4251
    7.5000   45.0000   15.0000 2692.9365   15.5292
   -7.5000  -45.0000   22.5000 2744.4849   12.7924
    0.0000  -45.0000   22.5000 2752.1899   12.4018
    7.5000  -45.0000   22.5000 2764.1318   12.5403
   -7.5000  -37.5000   22.5000 2766.5974   12.5619
    0.0000  -37.5000   22.5000 2776.1230   12.2298
    7.5000  -37.5000   22.5000 2785.5081   12.3594
   -7.5000  -30.0000   22.5000 2783.2771   12.4459
    0.0000  -30.0000   22.5000 2791.0867   12.1528
    7.5000  -30.0000   22.5000 2794.7131   12.2666
   -7.5000  -22.5000   22.5000 2797.3289   12.4141
    0.0000  -22.5000   22.5000 2807.8113   12.1648
    7.5000  -22.5000   22.5000 2804.6318   12.2729
   -7.5000  -15.0000   22.5000 2815.4080   12.4145
    0.0000  -15.0000   22.5000 2827.9565   12.2067
    7.5000  -15.0000   22.5000 2815.2122   12.3137
   -7.5000   -7.5000   22.5000 2841.0674   12.4368
    0.0000   -7.5000   22.5000 2852.9941   12.2885
    7.5000   -7.5000   22.5000 2838.4539   12.3760
   -7.5000    0.0000   22.5000 2879.2217   12.5254
    0.0000    0.0000   22.5000 2893.0427   12.4304
    7.5000    0.0000   22.5000 2874.4084   12.4979
   -7.5000    7.5000   22.5000 2915.6726   12.6789
    0.0000    7.5000   22.5000 2942.9651   12.5802
    7.5000    7.5000   22.5000 2907.7080   12.6927
   -7.5000   15.0000   22.5000 2929.0178   12.9602
    0.0000   15.0000   22.5000 2946.3469   12.7236
    7.5000   15.0000   22.5000 2913.7854   12.9552
   -7.5000   22.5000   22.5000 2906.5613   13.3590
    0.0000   22.5000   22.5000 2933.3552   13.1825
    7.5000   22.5000   22.5000 2899.2080   13.3668
   -7.5000   30.0000   22.5000 2851.9082   13.9597
    0.0000   30.0000   22.5000 2878.9963   13.8108
    7.5000   30.0000   22.5000 2840.8174   13.9756
   -7.5000   37.5000   22.5000 2760.5581   14.8200
    0.0000   37.5000   22.5000 2780.6980   14.6588
    7.5000   37.5000   22.5000 2754.0662   14.8294
   -7.5000   45.0000   22.5000 2655.0266   15.9548
    0.0000   45.0000   22.5000 2668.6003   15.7841
    7.5000   45.0000   22.5000 2651.3828   15.9365
   -7.5000  -45.0000   30.0000 2701.9934   13.3447
    0.0000  -45.0000   30.0000 2716.9675   12.9955
    7.5000  -45.0000   30.0000 2717.3735   13.1274
   -7.5000  -37.5000   30.0000 2728.1350   13.0442
    0.0000  -37.5000   30.0000 2745.7080   12.8159
    7.5000  -37.5000   30.0000 2741.4170   12.9074
   -7.5000  -30.0000   30.0000 2739.4175   12.9174
    0.0000  -30.0000   30.0000 2758.6892   12.7189
    7.5000  -30.0000   30.0000 2749.0637   12.7955
   -7.5000  -22.5000   30.0000 2755.5093   12.8961
    0.0000  -22.5000   30.0000 2774.1326   12.7101
    7.5000  -22.5000   30.0000 2759.1257   12.7961
   -7.5000  -15.0000   30.0000 2773.6060   12.8942
    0.0000  -15.0000   30.0000 2788.0547   12.7089
    7.5000  -15.0000   30.0000 2773.5142   12.8228
   -7.5000   -7.5000   30.0000 2793.9993   12.9326
    0.0000   -7.5000   30.0000 2805.8235   12.7665
    7.5000   -7.5000   30.0000 2794.7988   12.9065
   -7.5000    0.0000   30.0000 2827.7603   13.0241
    0.0000    0.0000   30.0000 2836.9084   12.8968
    7.5000    0.0000   30.0000 2826.3140   13.0312
   -7.5000    7.5000   30.0000 2852.3176   13.1773
    0.0000    7.5000   30.0000 2866.6865   12.9879
    7.5000    7.5000   30.0000 2847.0952   13.2171
   -7.5000   15.0000   30.0000 2857.2031   13.5004
    0.0000   15.0000   30.0000 2865.9072   13.2352
    7.5000   15.0000   30.0000 2849.7551   13.5286
   -7.5000   22.5000   30.0000 2826.7275   13.9531
    0.0000   22.5000   30.0000 2844.6350   13.7417
    7.5000   22.5000   30.0000 2825.4163   13.9814
   -7.5000   30.0000   30.0000 2774.3352   14.6345
    0.0000   30.0000   30.0000 2796.9807   14.4481
    7.5000   30.0000   30.0000 2767.4014   14.6383
   -7.5000   37.5000   30.0000 2695.7288   15.4953
    0.0000   37.5000   30.0000 2716.7122   15.3164
    7.5000   37.5000   30.0000 2689.9446   15.4869
   -7.5000   45.0000   30.0000 2592.6074   16.5959
    0.0000   45.0000   30.0000 2609.9382   16.4418
    7.5000   45.0000   30.0000 2593.5481   16.5981
   -7.5000  -45.0000   37.5000 2645.2969   13.9924
    0.0000  -45.0000   37.5000 2659.1389   13.6789
    7.5000  -45.0000   37.5000 2651.8838   13.7765
   -7.5000  -37.5000   37.5000 2672.0156   13.6792
    0.0000  -37.5000   37.5000 2683.9465   13.4096
    7.5000  -37.5000   37.5000 2677.7991   13.5344
   -7.5000  -30.0000   37.5000 2680.0750   13.5173
    0.0000  -30.0000   37.5000 2693.4072   13.2872
    7.5000  -30.0000   37.5000 2686.2673   13.4330
   -7.5000  -22.5000   37.5000 2699.2227   13.4838
    0.0000  -22.5000   37.5000 2713.8708   13.2707
    7.5000  -22.5000   37.5000 2698.0200   13.4286
   -7.5000  -15.0000   37.5000 2713.5361   13.4684
    0.0000  -15.0000   37.5000 2727.8547   13.2737
    7.5000  -15.0000   37.5000 2713.5190   13.4651
   -7.5000   -7.5000   37.5000 2730.7988   13.5177
    0.0000   -7.5000   37.5000 2748.2419   13.3257
    7.5000   -7.5000   37.5000 2735.4326   13.5420
   -7.5000    0.0000   37.5000 2750.9346   13.6290
    0.0000    0.0000   37.5000 2762.4480   13.4490
    7.5000    0.0000   37.5000 2748.7502   13.6620
   -7.5000    7.5000   37.5000 2763.2085   13.8158
    0.0000    7.5000   37.5000 2773.0913   13.5964
    7.5000    7.5000   37.5000 2757.8315   13.8697
   -7.5000   15.0000   37.5000 2763.9490   14.1961
    0.0000   15.0000   37.5000 2768.6086   13.9197
    7.5000   15.0000   37.5000 2758.1584   14.2350
   -7.5000   22.5000   37.5000 2730.2744   14.7202
    0.0000   22.5000   37.5000 2746.2512   14.5043
    7.5000   22.5000   37.5000 2728.2126   14.7686
   -7.5000   30.0000   37.5000 2672.6184   15.4547
    0.0000   30.0000   37.5000 2695.3237   15.2505
    7.5000   30.0000   37.5000 2669.9521   15.4686
   -7.5000   37.5000   37.5000 2602.4919   16.3645
    0.0000   37.5000   37.5000 2619.1638   16.1362
    7.5000   37.5000   37.5000 2597.1221   16.3337
   -7.5000   45.0000   37.5000 2512.5935   17.4722
    0.0000   45.0000   37.5000 2525.4038   17.3010
    7.5000   45.0000   37.5000 2510.8772   17.4656
   -7.5000  -45.0000   45.0000 2577.7783   14.7798
    0.0000  -45.0000   45.0000 2588.2249   14.4099
    7.5000  -45.0000   45.0000 2585.1531   14.5281
   -7.5000  -37.5000   45.0000 2603.4551   14.4306
    0.0000  -37.5000   45.0000 2612.6536   14.0975
    7.5000  -37.5000   45.0000 2609.3435   14.2452
   -7.5000  -30.0000   45.0000 2615.6887   14.2489
    0.0000  -30.0000   45.0000 2628.4504   13.9516
    7.5000  -30.0000   45.0000 2619.7566   14.1293
   -7.5000  -22.5000   45.0000 2632.1492   14.2002
    0.0000  -22.5000   45.0000 2648.9099   13.9147
    7.5000  -22.5000   45.0000 2631.0969   14.1265
   -7.5000  -15.0000   45.0000 2644.4712   14.2118
    0.0000  -15.0000   45.0000 2661.2151   13.9470
    7.5000  -15.0000   45.0000 2645.0374   14.1893
   -7.5000   -7.5000   45.0000 2657.0586   14.2593
    0.0000   -7.5000   45.0000 2673.9885   14.0488
    7.5000   -7.5000   45.0000 2657.0464   14.2865
   -7.5000    0.0000   45.0000 2666.6018   14.4006
    0.0000    0.0000   45.0000 2685.1135   14.2044
    7.5000    0.0000   45.0000 2665.7886   14.4467
   -7.5000    7.5000   45.0000 2668.8018   14.6293
    0.0000    7.5000   45.0000 2685.8503   14.4438
    7.5000    7.5000   45.0000 2666.0742   14.7322
   -7.5000   15.0000   45.0000 2662.4565   15.0643
    0.0000   15.0000   45.0000 2668.7832   14.8219
    7.5000   15.0000   45.0000 2656.9131   15.1470
   -7.5000   22.5000   45.0000 2630.4929   15.6792
    0.0000   22.5000   45.0000 2645.3384   15.4543
    7.5000   22.5000   45.0000 2626.2231   15.7263
   -7.5000   30.0000   45.0000 2576.9893   16.4722
    0.0000   30.0000   45.0000 2596.1667   16.2411
    7.5000   30.0000   45.0000 2573.2734   16.4861
   -7.5000   37.5000   45.0000 2507.3372   17.4172
    0.0000   37.5000   45.0000 2525.1506   17.1602
    7.5000   37.5000   45.0000 2500.3040   17.3973
   -7.5000   45.0000   45.0000 2419.3308   18.5126
    0.0000   45.0000   45.0000 2434.2688   18.3247
    7.5000   45.0000   45.0000 2416.0608   18.5359

---------------------------------------------------------------------
imgreg_4dfp /opt/freesurfer/average/711-2C_as_mni_average_305 /opt/freesurfer/average/711-2B_as_mni_average_305_mask talsrcimg_g11 none talsrcimg_to_711-2C_as_mni_average_305_t4 1283
---------------------------------------------------------------------

freesurfer imgreg_4dfp.c
/opt/freesurfer/average/711-2C_as_mni_average_305.4dfp.img
       256       256       256         1
  1.000000  1.000000  1.000000
orientation T byte_order littleendian
Reading image: /opt/freesurfer/average/711-2C_as_mni_average_305.4dfp.img
dimensions:      256       256       256
mmppix:       1.0000   -1.0000   -1.0000
center:     128.0000 -129.0000 -129.0000
/opt/freesurfer/average/711-2B_as_mni_average_305_mask.4dfp.img
       256       256       256         1
  1.000000  1.000000  1.000000
orientation T byte_order littleendian
Reading mask: /opt/freesurfer/average/711-2B_as_mni_average_305_mask.4dfp.img (2306576 pixels)
talsrcimg_g11.4dfp.img
       256       256       256         1
  1.000000  1.000000  1.000000
orientation T byte_order littleendian
Reading image: talsrcimg_g11.4dfp.img
dimensions:      256       256       256
mmppix:       1.0000   -1.0000   -1.0000
center:     128.0000 -129.0000 -129.0000
rotation matrix determinant  1.000000
fimgreg.f
image alignment mode   1283 decimal      503 hex
parameters
    0.0000   15.0000   15.0000    0.0000    0.0000    0.0000
eta,q 0.94145 12.44789
niter,ni,del,rscale     5    3   12.0000    1.2000
parameter  3  0.623644 ->  0.500000 qaram    1.1500
parameter  4 -2.236843 ->  0.500000 qaram    1.1500
parameter  5 -0.704051 -> -0.500000 qaram    1.1500
parameters
   -0.6535   15.5844   11.5500   -3.4500    3.4500    1.5097
eta,q 0.94406 12.12325
  0.0662  0.0669  0.0597  0.0546  0.0586  0.0612
  0.0640  0.0628  0.0604  0.0565  0.0578  0.0596
  0.0622  0.0609  0.0610  0.0586  0.0577  0.0579
  0.0618  0.0616  0.0616  0.0603  0.0570  0.0565
  0.0619  0.0624  0.0635  0.0612  0.0567  0.0559
  0.0642  0.0627  0.0665  0.0618  0.0566  0.0567
  0.0709  0.0640  0.0732  0.0638  0.0569  0.0586
niter,ni,del,rscale     7    3   12.0000    1.2000
parameter  4  1.464301 ->  0.500000 qaram    1.3225
parameters
   -2.6661   16.6475   10.7900   -7.4175    1.4468    0.7870
eta,q 0.94710 12.03697
  0.0582  0.0636  0.0635  0.0535  0.0564  0.0547
  0.0560  0.0587  0.0579  0.0536  0.0537  0.0540
  0.0555  0.0555  0.0561  0.0553  0.0528  0.0532
  0.0559  0.0555  0.0567  0.0562  0.0541  0.0529
  0.0580  0.0578  0.0589  0.0571  0.0557  0.0534
  0.0626  0.0583  0.0613  0.0587  0.0584  0.0546
  0.0695  0.0578  0.0657  0.0613  0.0622  0.0561
niter,ni,del,rscale     7    3   12.0000    1.2000
parameters
   -1.7643   19.3790    9.6752  -10.3223    0.9884    0.8786
eta,q 0.94956 12.00151
  0.0648  0.0613  0.0594  0.0534  0.0549  0.0548
  0.0589  0.0580  0.0544  0.0511  0.0527  0.0530
  0.0548  0.0545  0.0515  0.0506  0.0508  0.0511
  0.0529  0.0528  0.0525  0.0517  0.0506  0.0504
  0.0532  0.0526  0.0553  0.0539  0.0515  0.0510
  0.0552  0.0523  0.0593  0.0568  0.0531  0.0525
  0.0593  0.0533  0.0643  0.0606  0.0564  0.0547
niter,ni,del,rscale     6    3   12.0000    1.2000
parameters
   -2.1410   20.1758    9.2653  -10.3972    1.1257    1.3539
eta,q 0.95012 11.99867
  0.0577  0.0578  0.0594  0.0559  0.0559  0.0550
  0.0516  0.0546  0.0555  0.0534  0.0531  0.0530
  0.0494  0.0510  0.0513  0.0509  0.0510  0.0510
  0.0504  0.0501  0.0500  0.0499  0.0499  0.0499
  0.0526  0.0499  0.0521  0.0507  0.0509  0.0502
  0.0545  0.0513  0.0566  0.0530  0.0525  0.0517
  0.0576  0.0550  0.0623  0.0566  0.0556  0.0540
niter,ni,del,rscale     5    3   12.0000    1.2000
parameters
   -2.1720   20.3493    9.2272  -10.5393    1.1753    1.4430
eta,q 0.95019 12.00030
  0.0590  0.0568  0.0602  0.0555  0.0556  0.0547
  0.0522  0.0531  0.0563  0.0534  0.0529  0.0525
  0.0493  0.0507  0.0520  0.0510  0.0508  0.0506
  0.0499  0.0499  0.0498  0.0498  0.0498  0.0498
  0.0522  0.0498  0.0515  0.0504  0.0509  0.0504
  0.0543  0.0521  0.0556  0.0529  0.0525  0.0520
  0.0569  0.0565  0.0612  0.0567  0.0556  0.0546
niter,ni,del,rscale     4    3   12.0000    1.2000
parameters
   -2.1745   20.4143    9.2103  -10.5927    1.1862    1.4560
eta,q 0.95020 12.00063
  0.0592  0.0565  0.0602  0.0555  0.0555  0.0546
  0.0523  0.0529  0.0564  0.0535  0.0528  0.0524
  0.0494  0.0507  0.0521  0.0511  0.0507  0.0505
  0.0498  0.0498  0.0498  0.0498  0.0498  0.0498
  0.0521  0.0498  0.0514  0.0503  0.0509  0.0504
  0.0543  0.0523  0.0555  0.0527  0.0525  0.0521
  0.0569  0.0567  0.0612  0.0566  0.0556  0.0547
niter,ni,del,rscale     3    3   12.0000    1.2000
parameters
   -2.1708   20.4379    9.2027  -10.6091    1.1885    1.4569
eta,q 0.95021 12.00064
  0.0592  0.0564  0.0602  0.0555  0.0555  0.0545
  0.0523  0.0528  0.0564  0.0535  0.0528  0.0524
  0.0494  0.0507  0.0522  0.0511  0.0507  0.0505
  0.0498  0.0498  0.0498  0.0498  0.0498  0.0498
  0.0521  0.0498  0.0513  0.0503  0.0509  0.0504
  0.0543  0.0524  0.0555  0.0526  0.0526  0.0521
  0.0570  0.0568  0.0611  0.0565  0.0556  0.0547
registration optimization eta report
parameter search radius
    6.0000    6.0000    6.9000    7.9350    6.9000    6.0000
100000*second partial in parameter space
       23.       20.       22.       10.       12.       13.
  0.0592  0.0564  0.0602  0.0555  0.0555  0.0545
  0.0523  0.0528  0.0564  0.0535  0.0528  0.0524
  0.0494  0.0507  0.0522  0.0511  0.0507  0.0505
  0.0498  0.0498  0.0498  0.0498  0.0498  0.0498
  0.0521  0.0498  0.0513  0.0503  0.0509  0.0504
  0.0543  0.0524  0.0555  0.0526  0.0526  0.0521
  0.0570  0.0568  0.0611  0.0565  0.0556  0.0547
   -2.1708   20.4379    9.2027  -10.6091    1.1885    1.4569
eta,q 0.95021 12.00064

---------------------------------------------------------------------
imgreg_4dfp /opt/freesurfer/average/711-2C_as_mni_average_305 /opt/freesurfer/average/711-2B_as_mni_average_305_mask talsrcimg_g11 none talsrcimg_to_711-2C_as_mni_average_305_t4 3335
---------------------------------------------------------------------

freesurfer imgreg_4dfp.c
/opt/freesurfer/average/711-2C_as_mni_average_305.4dfp.img
       256       256       256         1
  1.000000  1.000000  1.000000
orientation T byte_order littleendian
Reading image: /opt/freesurfer/average/711-2C_as_mni_average_305.4dfp.img
dimensions:      256       256       256
mmppix:       1.0000   -1.0000   -1.0000
center:     128.0000 -129.0000 -129.0000
/opt/freesurfer/average/711-2B_as_mni_average_305_mask.4dfp.img
       256       256       256         1
  1.000000  1.000000  1.000000
orientation T byte_order littleendian
Reading mask: /opt/freesurfer/average/711-2B_as_mni_average_305_mask.4dfp.img (2306576 pixels)
talsrcimg_g11.4dfp.img
       256       256       256         1
  1.000000  1.000000  1.000000
orientation T byte_order littleendian
Reading image: talsrcimg_g11.4dfp.img
dimensions:      256       256       256
mmppix:       1.0000   -1.0000   -1.0000
center:     128.0000 -129.0000 -129.0000
fimgreg.f
image alignment mode   3335 decimal      D07 hex
parameters
   -2.1708   20.4379    9.2027   -0.0538   -1.7315   -1.7305
   -2.1174   -2.5061    2.5420   18.3530    2.0741  -18.4069
eta,q 0.95235 12.10129
niter,ni,del,rscale     5    3    5.0000    1.2000
parameter  4  4.871774 ->  0.500000 qaram    1.1500
parameter  5-37.643768 ->  0.500000 qaram    1.1500
parameter  6  1.225878 ->  0.500000 qaram    1.1500
parameter 12 -0.569850 -> -0.500000 qaram    1.1500
parameters
   -1.6034   20.2796    9.6778   -4.1938   -5.8715   -5.8705
   -2.7454   -2.1904    2.1584   15.6606    2.8848  -14.2669
eta,q 0.97105 12.11268
  0.0504  0.0485  0.0496  0.0380  0.0319  0.0282  0.0325  0.0363  0.0319  0.0310  0.0318  0.0339
  0.0491  0.0479  0.0487  0.0399  0.0348  0.0297  0.0311  0.0330  0.0309  0.0300  0.0307  0.0322
  0.0482  0.0476  0.0479  0.0433  0.0379  0.0319  0.0303  0.0309  0.0303  0.0297  0.0300  0.0307
  0.0476  0.0475  0.0475  0.0474  0.0407  0.0357  0.0302  0.0301  0.0301  0.0301  0.0297  0.0296
  0.0476  0.0477  0.0474  0.0517  0.0435  0.0410  0.0307  0.0308  0.0304  0.0314  0.0297  0.0291
  0.0479  0.0481  0.0477  0.0558  0.0464  0.0479  0.0318  0.0325  0.0312  0.0332  0.0302  0.0290
  0.0486  0.0487  0.0485  0.0591  0.0493  0.0541  0.0334  0.0351  0.0323  0.0352  0.0311  0.0294
niter,ni,del,rscale     7    3    5.0000    1.2000
parameter  2  0.507738 ->  0.500000 qaram    1.1500
parameter  4  0.569066 ->  0.500000 qaram    1.3225
parameter  5  0.927525 ->  0.500000 qaram    1.3225
parameter  6  0.539702 ->  0.500000 qaram    1.3225
parameters
   -1.2805   18.8996    8.6511   -8.9548  -10.6325  -10.6315
   -1.7621   -2.7148    2.9498   14.0389    2.1432  -16.1572
eta,q 0.97820 11.79737
  0.0336  0.0289  0.0286  0.0274  0.0237  0.0224  0.0253  0.0254  0.0245  0.0237  0.0228  0.0230
  0.0314  0.0283  0.0280  0.0264  0.0234  0.0222  0.0238  0.0235  0.0234  0.0226  0.0223  0.0221
  0.0298  0.0283  0.0279  0.0262  0.0243  0.0226  0.0228  0.0224  0.0226  0.0220  0.0220  0.0218
  0.0290  0.0289  0.0283  0.0279  0.0262  0.0236  0.0222  0.0222  0.0222  0.0221  0.0219  0.0219
  0.0290  0.0298  0.0292  0.0314  0.0289  0.0256  0.0223  0.0229  0.0222  0.0229  0.0221  0.0225
  0.0299  0.0312  0.0305  0.0360  0.0319  0.0296  0.0229  0.0243  0.0227  0.0243  0.0226  0.0234
  0.0317  0.0330  0.0321  0.0409  0.0351  0.0365  0.0240  0.0263  0.0238  0.0262  0.0233  0.0245
niter,ni,del,rscale     7    3    5.0000    1.2000
parameters
   -1.1606   18.8677    8.2068   -8.6921  -12.5437  -12.1827
   -2.0708   -2.7119    3.1084   14.1066    2.0810  -17.6884
eta,q 0.97843 11.70102
  0.0251  0.0251  0.0228  0.0268  0.0244  0.0241  0.0238  0.0253  0.0236  0.0241  0.0226  0.0227
  0.0234  0.0233  0.0221  0.0249  0.0230  0.0228  0.0226  0.0232  0.0226  0.0227  0.0221  0.0219
  0.0223  0.0221  0.0218  0.0233  0.0219  0.0219  0.0218  0.0220  0.0219  0.0219  0.0218  0.0216
  0.0218  0.0218  0.0218  0.0217  0.0217  0.0216  0.0217  0.0216  0.0216  0.0216  0.0216  0.0216
  0.0220  0.0222  0.0222  0.0215  0.0229  0.0223  0.0220  0.0221  0.0218  0.0219  0.0218  0.0221
  0.0230  0.0234  0.0229  0.0235  0.0253  0.0237  0.0228  0.0234  0.0224  0.0227  0.0221  0.0229
  0.0246  0.0252  0.0241  0.0274  0.0280  0.0277  0.0242  0.0252  0.0235  0.0239  0.0226  0.0238
niter,ni,del,rscale     6    3    5.0000    1.2000
parameters
   -1.1392   18.8841    7.9647   -8.2263  -12.9195  -12.2127
   -2.1615   -2.6678    3.1392   14.3535    2.1145  -18.1216
eta,q 0.97858 11.70746
  0.0246  0.0247  0.0228  0.0265  0.0251  0.0249  0.0238  0.0253  0.0234  0.0240  0.0225  0.0231
  0.0230  0.0230  0.0221  0.0247  0.0234  0.0232  0.0225  0.0231  0.0224  0.0226  0.0219  0.0220
  0.0219  0.0219  0.0217  0.0231  0.0222  0.0220  0.0217  0.0218  0.0217  0.0218  0.0216  0.0215
  0.0216  0.0216  0.0216  0.0215  0.0214  0.0214  0.0214  0.0214  0.0214  0.0214  0.0214  0.0214
  0.0219  0.0220  0.0218  0.0212  0.0218  0.0217  0.0217  0.0219  0.0216  0.0217  0.0216  0.0217
  0.0229  0.0230  0.0224  0.0230  0.0237  0.0226  0.0226  0.0232  0.0223  0.0224  0.0219  0.0224
  0.0245  0.0245  0.0234  0.0267  0.0261  0.0255  0.0240  0.0251  0.0234  0.0236  0.0225  0.0233
niter,ni,del,rscale     5    3    5.0000    1.2000
parameters
   -1.1446   18.9078    7.9009   -8.1553  -13.0266  -12.1843
   -2.1476   -2.6685    3.1516   14.4558    2.1089  -18.2664
eta,q 0.97858 11.70932
  0.0245  0.0245  0.0228  0.0262  0.0253  0.0249  0.0239  0.0253  0.0233  0.0239  0.0225  0.0232
  0.0228  0.0228  0.0221  0.0245  0.0236  0.0233  0.0226  0.0231  0.0223  0.0225  0.0219  0.0221
  0.0218  0.0217  0.0216  0.0229  0.0223  0.0220  0.0217  0.0218  0.0217  0.0217  0.0215  0.0215
  0.0214  0.0214  0.0214  0.0214  0.0214  0.0214  0.0214  0.0214  0.0214  0.0214  0.0214  0.0214
  0.0218  0.0218  0.0216  0.0213  0.0217  0.0216  0.0217  0.0219  0.0216  0.0217  0.0215  0.0217
  0.0228  0.0228  0.0221  0.0234  0.0234  0.0226  0.0225  0.0232  0.0223  0.0225  0.0219  0.0223
  0.0245  0.0243  0.0230  0.0272  0.0259  0.0254  0.0239  0.0251  0.0234  0.0237  0.0225  0.0232
niter,ni,del,rscale     4    3    5.0000    1.2000
parameters
   -1.1461   18.9209    7.8819   -8.1371  -13.0675  -12.1782
   -2.1420   -2.6708    3.1532   14.4964    2.1109  -18.3230
eta,q 0.97858 11.70968
  0.0245  0.0244  0.0229  0.0262  0.0254  0.0249  0.0239  0.0253  0.0233  0.0238  0.0225  0.0232
  0.0228  0.0228  0.0221  0.0245  0.0236  0.0233  0.0226  0.0231  0.0223  0.0225  0.0219  0.0221
  0.0218  0.0217  0.0216  0.0229  0.0223  0.0220  0.0217  0.0218  0.0217  0.0217  0.0215  0.0216
  0.0214  0.0214  0.0214  0.0214  0.0214  0.0214  0.0214  0.0214  0.0214  0.0214  0.0214  0.0214
  0.0218  0.0218  0.0216  0.0213  0.0217  0.0216  0.0217  0.0219  0.0216  0.0217  0.0215  0.0217
  0.0228  0.0228  0.0221  0.0235  0.0234  0.0226  0.0225  0.0232  0.0223  0.0225  0.0219  0.0223
  0.0245  0.0243  0.0230  0.0273  0.0259  0.0255  0.0239  0.0251  0.0234  0.0237  0.0225  0.0232
registration optimization eta report
parameter search radius
    2.4000    2.7600    2.4000    9.5220    9.5220    9.5220
    7.2000    7.2000    7.2000    7.2000    7.2000    8.2800
100000*second partial in parameter space
       53.       38.       26.        6.        5.        4.
        5.        7.        4.        5.        2.        3.
  0.0245  0.0244  0.0229  0.0262  0.0254  0.0249  0.0239  0.0253  0.0233  0.0238  0.0225  0.0232
  0.0228  0.0228  0.0221  0.0245  0.0236  0.0233  0.0226  0.0231  0.0223  0.0225  0.0219  0.0221
  0.0218  0.0217  0.0216  0.0229  0.0223  0.0220  0.0217  0.0218  0.0217  0.0217  0.0215  0.0216
  0.0214  0.0214  0.0214  0.0214  0.0214  0.0214  0.0214  0.0214  0.0214  0.0214  0.0214  0.0214
  0.0218  0.0218  0.0216  0.0213  0.0217  0.0216  0.0217  0.0219  0.0216  0.0217  0.0215  0.0217
  0.0228  0.0228  0.0221  0.0235  0.0234  0.0226  0.0225  0.0232  0.0223  0.0225  0.0219  0.0223
  0.0245  0.0243  0.0230  0.0273  0.0259  0.0255  0.0239  0.0251  0.0234  0.0237  0.0225  0.0232
   -1.1461   18.9209    7.8819   -8.1371  -13.0675  -12.1782
   -2.1420   -2.6708    3.1532   14.4964    2.1109  -18.3230
eta,q 0.97858 11.70968

---------------------------------------------------------------------
imgreg_4dfp /opt/freesurfer/average/711-2C_as_mni_average_305 /opt/freesurfer/average/711-2B_as_mni_average_305_mask talsrcimg_g11 none talsrcimg_to_711-2C_as_mni_average_305_t4 2311
---------------------------------------------------------------------

freesurfer imgreg_4dfp.c
/opt/freesurfer/average/711-2C_as_mni_average_305.4dfp.img
       256       256       256         1
  1.000000  1.000000  1.000000
orientation T byte_order littleendian
Reading image: /opt/freesurfer/average/711-2C_as_mni_average_305.4dfp.img
dimensions:      256       256       256
mmppix:       1.0000   -1.0000   -1.0000
center:     128.0000 -129.0000 -129.0000
/opt/freesurfer/average/711-2B_as_mni_average_305_mask.4dfp.img
       256       256       256         1
  1.000000  1.000000  1.000000
orientation T byte_order littleendian
Reading mask: /opt/freesurfer/average/711-2B_as_mni_average_305_mask.4dfp.img (2306576 pixels)
talsrcimg_g11.4dfp.img
       256       256       256         1
  1.000000  1.000000  1.000000
orientation T byte_order littleendian
Reading image: talsrcimg_g11.4dfp.img
dimensions:      256       256       256
mmppix:       1.0000   -1.0000   -1.0000
center:     128.0000 -129.0000 -129.0000
fimgreg.f
image alignment mode   2311 decimal      907 hex
parameters
   -1.1461   18.9209    7.8819   -8.1371  -13.0675  -12.1782
   -2.1420   -2.6708    3.1532   14.4964    2.1109  -18.3230
eta,q 0.97858 11.70968
niter,ni,del,rscale     5    3    5.0000    0.8000
parameters
   -1.1408   18.8691    7.9056   -6.6717  -12.7015  -11.6647
   -2.2391   -2.5423    3.1415   14.5222    2.2845  -18.0364
eta,q 0.97891 11.77409
  0.0228  0.0224  0.0221  0.0237  0.0226  0.0223  0.0224  0.0232  0.0221  0.0223  0.0217  0.0218
  0.0221  0.0218  0.0217  0.0229  0.0220  0.0217  0.0217  0.0220  0.0216  0.0217  0.0214  0.0214
  0.0216  0.0215  0.0215  0.0221  0.0215  0.0213  0.0212  0.0213  0.0212  0.0212  0.0212  0.0212
  0.0214  0.0214  0.0214  0.0214  0.0211  0.0211  0.0211  0.0211  0.0211  0.0211  0.0211  0.0211
  0.0216  0.0216  0.0215  0.0211  0.0212  0.0211  0.0213  0.0213  0.0212  0.0212  0.0211  0.0211
  0.0220  0.0219  0.0217  0.0213  0.0216  0.0214  0.0217  0.0219  0.0215  0.0217  0.0213  0.0213
  0.0228  0.0225  0.0221  0.0222  0.0224  0.0219  0.0225  0.0230  0.0221  0.0223  0.0216  0.0216
niter,ni,del,rscale     4    3    5.0000    0.7000
parameters
   -1.1510   18.8420    7.9520   -6.7820  -12.5492  -11.5944
   -2.1945   -2.5879    3.1641   14.4549    2.3086  -17.9303
eta,q 0.97892 11.77675
  0.0223  0.0219  0.0217  0.0226  0.0222  0.0219  0.0221  0.0226  0.0219  0.0220  0.0215  0.0216
  0.0216  0.0214  0.0214  0.0219  0.0217  0.0215  0.0216  0.0217  0.0215  0.0215  0.0213  0.0213
  0.0212  0.0212  0.0212  0.0213  0.0213  0.0212  0.0212  0.0212  0.0212  0.0212  0.0211  0.0211
  0.0211  0.0211  0.0211  0.0211  0.0211  0.0211  0.0211  0.0211  0.0211  0.0211  0.0211  0.0211
  0.0212  0.0212  0.0211  0.0212  0.0211  0.0212  0.0212  0.0213  0.0211  0.0212  0.0211  0.0211
  0.0216  0.0215  0.0213  0.0218  0.0215  0.0214  0.0215  0.0218  0.0214  0.0216  0.0213  0.0213
  0.0223  0.0220  0.0216  0.0229  0.0222  0.0218  0.0221  0.0226  0.0219  0.0221  0.0215  0.0215
niter,ni,del,rscale     3    3    5.0000    0.6000
parameters
   -1.1532   18.8236    7.9727   -6.7259  -12.4789  -11.6142
   -2.2092   -2.5867    3.1875   14.4198    2.3031  -17.8619
eta,q 0.97893 11.77792
  0.0220  0.0217  0.0215  0.0223  0.0220  0.0216  0.0218  0.0222  0.0217  0.0218  0.0214  0.0214
  0.0215  0.0214  0.0213  0.0217  0.0216  0.0213  0.0214  0.0216  0.0214  0.0214  0.0212  0.0212
  0.0212  0.0211  0.0211  0.0213  0.0212  0.0211  0.0212  0.0212  0.0212  0.0212  0.0211  0.0211
  0.0211  0.0211  0.0211  0.0211  0.0211  0.0211  0.0211  0.0211  0.0211  0.0211  0.0211  0.0211
  0.0212  0.0212  0.0211  0.0211  0.0211  0.0211  0.0212  0.0212  0.0211  0.0212  0.0211  0.0211
  0.0215  0.0214  0.0212  0.0215  0.0214  0.0213  0.0214  0.0216  0.0213  0.0214  0.0212  0.0212
  0.0220  0.0218  0.0215  0.0223  0.0220  0.0217  0.0219  0.0222  0.0217  0.0218  0.0214  0.0214
niter,ni,del,rscale     2    3    5.0000    0.5000
parameters
   -1.1514   18.8166    7.9847   -6.6450  -12.4275  -11.6334
   -2.2358   -2.5835    3.2206   14.4095    2.3059  -17.8021
eta,q 0.97894 11.77967
  0.0217  0.0215  0.0214  0.0220  0.0217  0.0215  0.0216  0.0218  0.0215  0.0216  0.0213  0.0213
  0.0214  0.0213  0.0212  0.0215  0.0214  0.0213  0.0213  0.0214  0.0213  0.0213  0.0212  0.0212
  0.0211  0.0211  0.0211  0.0212  0.0212  0.0211  0.0211  0.0211  0.0211  0.0211  0.0211  0.0211
  0.0211  0.0211  0.0211  0.0211  0.0211  0.0211  0.0211  0.0211  0.0211  0.0211  0.0211  0.0211
  0.0211  0.0211  0.0211  0.0211  0.0211  0.0211  0.0211  0.0211  0.0211  0.0211  0.0211  0.0211
  0.0213  0.0213  0.0212  0.0214  0.0213  0.0213  0.0213  0.0214  0.0212  0.0213  0.0212  0.0212
  0.0217  0.0215  0.0213  0.0219  0.0217  0.0215  0.0216  0.0218  0.0215  0.0216  0.0213  0.0213
niter,ni,del,rscale     1    3    5.0000    0.4000
parameters
   -1.1483   18.8111    7.9927   -6.5771  -12.3832  -11.6332
   -2.2511   -2.5663    3.2382   14.4070    2.3208  -17.7514
eta,q 0.97894 11.78185
  0.0215  0.0214  0.0212  0.0217  0.0215  0.0213  0.0214  0.0216  0.0213  0.0214  0.0212  0.0212
  0.0212  0.0212  0.0211  0.0214  0.0213  0.0212  0.0212  0.0213  0.0212  0.0212  0.0211  0.0211
  0.0211  0.0211  0.0211  0.0212  0.0211  0.0211  0.0211  0.0211  0.0211  0.0211  0.0211  0.0211
  0.0211  0.0211  0.0211  0.0211  0.0211  0.0211  0.0211  0.0211  0.0211  0.0211  0.0211  0.0211
  0.0211  0.0211  0.0211  0.0211  0.0211  0.0211  0.0211  0.0211  0.0211  0.0211  0.0211  0.0211
  0.0212  0.0212  0.0211  0.0213  0.0212  0.0212  0.0212  0.0213  0.0212  0.0212  0.0211  0.0211
  0.0215  0.0214  0.0212  0.0216  0.0215  0.0213  0.0214  0.0215  0.0213  0.0214  0.0212  0.0212
registration optimization eta report
parameter search radius
    0.8000    0.8000    0.8000    2.4000    2.4000    2.4000
    2.4000    2.4000    2.4000    2.4000    2.4000    2.4000
100000*second partial in parameter space
       63.       48.       28.       10.        7.        5.
        6.        9.        5.        6.        3.        3.
  0.0215  0.0214  0.0212  0.0217  0.0215  0.0213  0.0214  0.0216  0.0213  0.0214  0.0212  0.0212
  0.0212  0.0212  0.0211  0.0214  0.0213  0.0212  0.0212  0.0213  0.0212  0.0212  0.0211  0.0211
  0.0211  0.0211  0.0211  0.0212  0.0211  0.0211  0.0211  0.0211  0.0211  0.0211  0.0211  0.0211
  0.0211  0.0211  0.0211  0.0211  0.0211  0.0211  0.0211  0.0211  0.0211  0.0211  0.0211  0.0211
  0.0211  0.0211  0.0211  0.0211  0.0211  0.0211  0.0211  0.0211  0.0211  0.0211  0.0211  0.0211
  0.0212  0.0212  0.0211  0.0213  0.0212  0.0212  0.0212  0.0213  0.0212  0.0212  0.0211  0.0211
  0.0215  0.0214  0.0212  0.0216  0.0215  0.0213  0.0214  0.0215  0.0213  0.0214  0.0212  0.0212
   -1.1483   18.8111    7.9927   -6.5771  -12.3832  -11.6332
   -2.2511   -2.5663    3.2382   14.4070    2.3208  -17.7514
eta,q 0.97894 11.78185

---------------------------------------------------------------------
imgreg_4dfp /opt/freesurfer/average/711-2C_as_mni_average_305 /opt/freesurfer/average/711-2B_as_mni_average_305_mask talsrcimg_g11 none talsrcimg_to_711-2C_as_mni_average_305_t4 2311
---------------------------------------------------------------------

freesurfer imgreg_4dfp.c
/opt/freesurfer/average/711-2C_as_mni_average_305.4dfp.img
       256       256       256         1
  1.000000  1.000000  1.000000
orientation T byte_order littleendian
Reading image: /opt/freesurfer/average/711-2C_as_mni_average_305.4dfp.img
dimensions:      256       256       256
mmppix:       1.0000   -1.0000   -1.0000
center:     128.0000 -129.0000 -129.0000
/opt/freesurfer/average/711-2B_as_mni_average_305_mask.4dfp.img
       256       256       256         1
  1.000000  1.000000  1.000000
orientation T byte_order littleendian
Reading mask: /opt/freesurfer/average/711-2B_as_mni_average_305_mask.4dfp.img (2306576 pixels)
talsrcimg_g11.4dfp.img
       256       256       256         1
  1.000000  1.000000  1.000000
orientation T byte_order littleendian
Reading image: talsrcimg_g11.4dfp.img
dimensions:      256       256       256
mmppix:       1.0000   -1.0000   -1.0000
center:     128.0000 -129.0000 -129.0000
fimgreg.f
image alignment mode   2311 decimal      907 hex
parameters
   -1.1483   18.8111    7.9927   -6.5771  -12.3832  -11.6332
   -2.2511   -2.5663    3.2382   14.4070    2.3208  -17.7514
eta,q 0.97894 11.78185
niter,ni,del,rscale     5    3    5.0000    0.8000
parameters
   -1.1559   18.8302    7.9809   -6.9297  -12.5396  -11.5693
   -2.2104   -2.5816    3.1521   14.3957    2.2778  -17.8970
eta,q 0.97891 11.77444
  0.0226  0.0223  0.0218  0.0228  0.0224  0.0221  0.0224  0.0230  0.0220  0.0223  0.0216  0.0217
  0.0218  0.0216  0.0214  0.0220  0.0218  0.0216  0.0217  0.0219  0.0215  0.0217  0.0213  0.0213
  0.0212  0.0212  0.0211  0.0213  0.0213  0.0212  0.0212  0.0213  0.0212  0.0212  0.0212  0.0211
  0.0211  0.0211  0.0211  0.0211  0.0211  0.0211  0.0211  0.0211  0.0211  0.0211  0.0211  0.0211
  0.0212  0.0212  0.0211  0.0213  0.0212  0.0212  0.0212  0.0213  0.0212  0.0212  0.0212  0.0212
  0.0218  0.0216  0.0214  0.0222  0.0218  0.0215  0.0217  0.0220  0.0216  0.0217  0.0213  0.0214
  0.0227  0.0222  0.0218  0.0236  0.0227  0.0220  0.0224  0.0230  0.0222  0.0223  0.0217  0.0218
niter,ni,del,rscale     4    3    5.0000    0.7000
parameters
   -1.1529   18.8276    7.9800   -6.8299  -12.5269  -11.5996
   -2.2037   -2.5849    3.1646   14.4163    2.2941  -17.8924
eta,q 0.97892 11.77568
  0.0223  0.0220  0.0216  0.0227  0.0222  0.0218  0.0221  0.0226  0.0219  0.0221  0.0215  0.0216
  0.0216  0.0215  0.0213  0.0220  0.0217  0.0214  0.0215  0.0217  0.0215  0.0215  0.0213  0.0213
  0.0212  0.0212  0.0211  0.0214  0.0213  0.0212  0.0212  0.0212  0.0212  0.0212  0.0211  0.0211
  0.0211  0.0211  0.0211  0.0211  0.0211  0.0211  0.0211  0.0211  0.0211  0.0211  0.0211  0.0211
  0.0212  0.0212  0.0211  0.0212  0.0212  0.0212  0.0212  0.0212  0.0211  0.0212  0.0211  0.0211
  0.0216  0.0215  0.0213  0.0217  0.0216  0.0215  0.0215  0.0218  0.0214  0.0215  0.0213  0.0213
  0.0223  0.0220  0.0216  0.0227  0.0223  0.0218  0.0221  0.0226  0.0219  0.0220  0.0215  0.0216
niter,ni,del,rscale     3    3    5.0000    0.6000
parameters
   -1.1525   18.8218    7.9779   -6.7266  -12.4711  -11.6186
   -2.2225   -2.5875    3.1868   14.4185    2.2976  -17.8647
eta,q 0.97893 11.77792
  0.0220  0.0217  0.0215  0.0223  0.0220  0.0216  0.0218  0.0222  0.0217  0.0218  0.0214  0.0214
  0.0215  0.0214  0.0213  0.0217  0.0215  0.0213  0.0214  0.0216  0.0214  0.0214  0.0212  0.0212
  0.0212  0.0211  0.0211  0.0213  0.0212  0.0211  0.0212  0.0212  0.0212  0.0212  0.0211  0.0211
  0.0211  0.0211  0.0211  0.0211  0.0211  0.0211  0.0211  0.0211  0.0211  0.0211  0.0211  0.0211
  0.0212  0.0212  0.0211  0.0211  0.0211  0.0211  0.0212  0.0212  0.0211  0.0212  0.0211  0.0211
  0.0215  0.0214  0.0213  0.0215  0.0214  0.0213  0.0214  0.0216  0.0213  0.0214  0.0212  0.0212
  0.0220  0.0217  0.0215  0.0223  0.0220  0.0217  0.0219  0.0222  0.0217  0.0218  0.0214  0.0214
niter,ni,del,rscale     2    3    5.0000    0.5000
parameters
   -1.1523   18.8170    7.9822   -6.6455  -12.4190  -11.6432
   -2.2324   -2.5783    3.2128   14.4085    2.3200  -17.7926
eta,q 0.97894 11.77943
  0.0217  0.0215  0.0214  0.0220  0.0217  0.0215  0.0216  0.0218  0.0215  0.0216  0.0213  0.0213
  0.0213  0.0213  0.0212  0.0215  0.0214  0.0213  0.0213  0.0214  0.0213  0.0213  0.0212  0.0212
  0.0211  0.0211  0.0211  0.0212  0.0212  0.0211  0.0211  0.0211  0.0211  0.0211  0.0211  0.0211
  0.0211  0.0211  0.0211  0.0211  0.0211  0.0211  0.0211  0.0211  0.0211  0.0211  0.0211  0.0211
  0.0211  0.0211  0.0211  0.0211  0.0211  0.0211  0.0211  0.0211  0.0211  0.0211  0.0211  0.0211
  0.0213  0.0213  0.0212  0.0214  0.0213  0.0213  0.0213  0.0214  0.0212  0.0213  0.0212  0.0212
  0.0217  0.0215  0.0214  0.0219  0.0217  0.0215  0.0216  0.0218  0.0215  0.0216  0.0213  0.0213
niter,ni,del,rscale     1    3    5.0000    0.4000
parameters
   -1.1501   18.8103    7.9931   -6.5780  -12.3802  -11.6248
   -2.2406   -2.5714    3.2424   14.4080    2.3396  -17.7529
eta,q 0.97894 11.78227
  0.0215  0.0214  0.0213  0.0216  0.0215  0.0213  0.0214  0.0216  0.0213  0.0214  0.0212  0.0212
  0.0212  0.0212  0.0211  0.0214  0.0213  0.0212  0.0212  0.0213  0.0212  0.0212  0.0211  0.0211
  0.0211  0.0211  0.0211  0.0212  0.0211  0.0211  0.0211  0.0211  0.0211  0.0211  0.0211  0.0211
  0.0211  0.0211  0.0211  0.0211  0.0211  0.0211  0.0211  0.0211  0.0211  0.0211  0.0211  0.0211
  0.0211  0.0211  0.0211  0.0211  0.0211  0.0211  0.0211  0.0211  0.0211  0.0211  0.0211  0.0211
  0.0212  0.0212  0.0211  0.0213  0.0212  0.0212  0.0212  0.0213  0.0212  0.0212  0.0211  0.0211
  0.0215  0.0214  0.0212  0.0216  0.0215  0.0213  0.0214  0.0215  0.0213  0.0214  0.0212  0.0212
registration optimization eta report
parameter search radius
    0.8000    0.8000    0.8000    2.4000    2.4000    2.4000
    2.4000    2.4000    2.4000    2.4000    2.4000    2.4000
100000*second partial in parameter space
       63.       47.       28.       10.        7.        5.
        6.        9.        5.        6.        3.        3.
  0.0215  0.0214  0.0213  0.0216  0.0215  0.0213  0.0214  0.0216  0.0213  0.0214  0.0212  0.0212
  0.0212  0.0212  0.0211  0.0214  0.0213  0.0212  0.0212  0.0213  0.0212  0.0212  0.0211  0.0211
  0.0211  0.0211  0.0211  0.0212  0.0211  0.0211  0.0211  0.0211  0.0211  0.0211  0.0211  0.0211
  0.0211  0.0211  0.0211  0.0211  0.0211  0.0211  0.0211  0.0211  0.0211  0.0211  0.0211  0.0211
  0.0211  0.0211  0.0211  0.0211  0.0211  0.0211  0.0211  0.0211  0.0211  0.0211  0.0211  0.0211
  0.0212  0.0212  0.0211  0.0213  0.0212  0.0212  0.0212  0.0213  0.0212  0.0212  0.0211  0.0211
  0.0215  0.0214  0.0212  0.0216  0.0215  0.0213  0.0214  0.0215  0.0213  0.0214  0.0212  0.0212
   -1.1501   18.8103    7.9931   -6.5780  -12.3802  -11.6248
   -2.2406   -2.5714    3.2424   14.4080    2.3396  -17.7529
eta,q 0.97894 11.78227

---------------------------------------------------------------------
compute_vox2vox talsrcimg talsrcimg_to_711-2C_as_mni_average_305_t4 /opt/freesurfer/average/711-2C_as_mni_average_305
---------------------------------------------------------------------

freesurfer compute_vox2vox.c
Reading: talsrcimg.4dfp.ifh
Reading: talsrcimg_to_711-2C_as_mni_average_305_t4
Reading: /opt/freesurfer/average/711-2C_as_mni_average_305.4dfp.ifh
Writing: talsrcimg_to_711-2C_as_mni_average_305_t4_vox2vox.txt

start time Mon Mar 9 06:33:45 CET 2026
end		time Mon Mar 9 06:35:22 CET 2026

mpr2mni305 success

avi2talxfm orig_nu.mgz /opt/freesurfer/average/mni305.cor.mgz talsrcimg_to_711-2C_as_mni_average_305_t4_vox2vox.txt transforms/talairach.auto.xfm
avi2talxfm done
mv -f /out/sourcedata/freesurfer/sub-v1s18x0051263_ses-1/mri/talsrcimg_to_711-2C_as_mni_average_305_t4_vox2vox.txt /out/sourcedata/freesurfer/sub-v1s18x0051263_ses-1/mri/transforms/talsrcimg_to_711-2C_as_mni_average_305_t4_vox2vox.txt
lta_convert --src orig_nu.mgz --trg /opt/freesurfer/average/mni305.cor.mgz --inxfm transforms/talairach.auto.xfm --outlta transforms/talairach.auto.xfm.lta --subject fsaverage
7.3.2

--src: orig_nu.mgz src image (geometry).
--trg: /opt/freesurfer/average/mni305.cor.mgz trg image (geometry).
--inmni: transforms/talairach.auto.xfm input MNI/XFM transform.
--outlta: transforms/talairach.auto.xfm.lta output LTA.
--s: fsaverage subject name
 LTA read, type : 1
 1.06864   0.02579   0.03255   3.09863;
-0.03508   1.09451   0.22086  -19.97487;
-0.03378  -0.18093   1.10377  -11.56517;
 0.00000   0.00000   0.00000   1.00000;
setting subject to fsaverage
Writing  LTA to file transforms/talairach.auto.xfm.lta...
lta_convert successful.
 
 
Started at Mon Mar 9 06:33:45 CET 2026
Ended   at Mon Mar  9 06:35:22 CET 2026
talairach_avi done
