status file for recon-all
Mon Mar  9 06:31:22 CET 2026
#@# Tessellate rh Mon Mar  9 06:31:22 CET 2026
#@# Smooth1 rh Mon Mar  9 06:31:24 CET 2026
#@# Inflation1 rh Mon Mar  9 06:31:26 CET 2026
#@# QSphere rh Mon Mar  9 06:31:34 CET 2026
#@# Fix Topology rh Mon Mar  9 06:32:27 CET 2026
#@# Smooth2 rh Mon Mar  9 06:36:41 CET 2026
#@# Inflation2 rh Mon Mar  9 06:36:43 CET 2026
#@# Curv .H and .K rh Mon Mar  9 06:36:52 CET 2026
#@# Sphere rh Mon Mar  9 06:37:32 CET 2026
#@# Surf Reg rh Mon Mar  9 06:39:17 CET 2026
#@# Jacobian white rh Mon Mar  9 06:42:21 CET 2026
#@# AvgCurv rh Mon Mar  9 06:42:21 CET 2026
#@# Cortical Parc rh Mon Mar  9 06:42:22 CET 2026
#@# white curv rh Mon Mar  9 06:47:49 CET 2026
#@# white area rh Mon Mar  9 06:47:51 CET 2026
#@# pial curv rh Mon Mar  9 06:47:51 CET 2026
#@# pial area rh Mon Mar  9 06:47:52 CET 2026
#@# thickness rh Mon Mar  9 06:47:53 CET 2026
#@# area and vertex vol rh Mon Mar  9 06:48:13 CET 2026
#@# Curvature Stats rh Mon Mar  9 06:48:14 CET 2026
#@# Cortical Parc 2 rh Mon Mar  9 06:48:16 CET 2026
#@# Cortical Parc 3 rh Mon Mar  9 06:48:26 CET 2026
#@# WM/GM Contrast rh Mon Mar  9 06:48:34 CET 2026
recon-all -s sub-v1s18x0051231_ses-1 finished without error at Mon Mar  9 06:48:36 CET 2026



#New# invocation of recon-all 



status file for recon-all
Mon Mar  9 06:55:26 CET 2026
#@# white curv rh Mon Mar  9 06:55:26 CET 2026
#@# white area rh Mon Mar  9 06:55:26 CET 2026
#@# pial curv rh Mon Mar  9 06:55:26 CET 2026
#@# pial area rh Mon Mar  9 06:55:26 CET 2026
#@# thickness rh Mon Mar  9 06:55:26 CET 2026
#@# area and vertex vol rh Mon Mar  9 06:55:26 CET 2026
#@# Parcellation Stats rh Mon Mar  9 06:55:26 CET 2026
#@# Parcellation Stats 2 rh Mon Mar  9 06:55:42 CET 2026
#@# Parcellation Stats 3 rh Mon Mar  9 06:55:50 CET 2026
#@# BA_exvivo Labels rh Mon Mar  9 06:55:58 CET 2026
recon-all -s sub-v1s18x0051231_ses-1 finished without error at Mon Mar  9 06:57:51 CET 2026
