status file for recon-all
Mon Mar  9 06:14:16 CET 2026
#@# Tessellate lh Mon Mar  9 06:14:16 CET 2026
#@# Smooth1 lh Mon Mar  9 06:14:19 CET 2026
#@# Inflation1 lh Mon Mar  9 06:14:20 CET 2026
#@# QSphere lh Mon Mar  9 06:14:28 CET 2026
#@# Fix Topology lh Mon Mar  9 06:15:14 CET 2026
#@# Smooth2 lh Mon Mar  9 06:19:39 CET 2026
#@# Inflation2 lh Mon Mar  9 06:19:41 CET 2026
#@# Curv .H and .K lh Mon Mar  9 06:19:50 CET 2026
#@# Sphere lh Mon Mar  9 06:20:30 CET 2026
#@# Surf Reg lh Mon Mar  9 06:21:54 CET 2026
#@# Jacobian white lh Mon Mar  9 06:24:38 CET 2026
#@# AvgCurv lh Mon Mar  9 06:24:39 CET 2026
#@# Cortical Parc lh Mon Mar  9 06:24:40 CET 2026
#@# white curv lh Mon Mar  9 06:30:32 CET 2026
#@# white area lh Mon Mar  9 06:30:34 CET 2026
#@# pial curv lh Mon Mar  9 06:30:34 CET 2026
#@# pial area lh Mon Mar  9 06:30:36 CET 2026
#@# thickness lh Mon Mar  9 06:30:36 CET 2026
#@# area and vertex vol lh Mon Mar  9 06:30:56 CET 2026
#@# Curvature Stats lh Mon Mar  9 06:30:57 CET 2026
#@# Cortical Parc 2 lh Mon Mar  9 06:30:59 CET 2026
#@# Cortical Parc 3 lh Mon Mar  9 06:31:09 CET 2026
#@# WM/GM Contrast lh Mon Mar  9 06:31:17 CET 2026
recon-all -s sub-v1s18x0051231_ses-1 finished without error at Mon Mar  9 06:31:19 CET 2026



#New# invocation of recon-all 



status file for recon-all
Mon Mar  9 06:52:58 CET 2026
#@# white curv lh Mon Mar  9 06:52:58 CET 2026
#@# white area lh Mon Mar  9 06:52:58 CET 2026
#@# pial curv lh Mon Mar  9 06:52:58 CET 2026
#@# pial area lh Mon Mar  9 06:52:58 CET 2026
#@# thickness lh Mon Mar  9 06:52:58 CET 2026
#@# area and vertex vol lh Mon Mar  9 06:52:58 CET 2026
#@# Parcellation Stats lh Mon Mar  9 06:52:58 CET 2026
#@# Parcellation Stats 2 lh Mon Mar  9 06:53:14 CET 2026
#@# Parcellation Stats 3 lh Mon Mar  9 06:53:22 CET 2026
#@# BA_exvivo Labels lh Mon Mar  9 06:53:30 CET 2026
recon-all -s sub-v1s18x0051231_ses-1 finished without error at Mon Mar  9 06:55:25 CET 2026
