status file for recon-all
Mon Mar  9 07:14:04 CET 2026
#@# Tessellate rh Mon Mar  9 07:14:04 CET 2026
#@# Smooth1 rh Mon Mar  9 07:14:07 CET 2026
#@# Inflation1 rh Mon Mar  9 07:14:08 CET 2026
#@# QSphere rh Mon Mar  9 07:14:14 CET 2026
#@# Fix Topology rh Mon Mar  9 07:14:51 CET 2026
#@# Smooth2 rh Mon Mar  9 07:17:43 CET 2026
#@# Inflation2 rh Mon Mar  9 07:17:44 CET 2026
#@# Curv .H and .K rh Mon Mar  9 07:17:51 CET 2026
#@# Sphere rh Mon Mar  9 07:18:19 CET 2026
#@# Surf Reg rh Mon Mar  9 07:19:45 CET 2026
#@# Jacobian white rh Mon Mar  9 07:21:36 CET 2026
#@# AvgCurv rh Mon Mar  9 07:21:37 CET 2026
#@# Cortical Parc rh Mon Mar  9 07:21:37 CET 2026
#@# white curv rh Mon Mar  9 07:25:32 CET 2026
#@# white area rh Mon Mar  9 07:25:33 CET 2026
#@# pial curv rh Mon Mar  9 07:25:34 CET 2026
#@# pial area rh Mon Mar  9 07:25:35 CET 2026
#@# thickness rh Mon Mar  9 07:25:35 CET 2026
#@# area and vertex vol rh Mon Mar  9 07:25:49 CET 2026
#@# Curvature Stats rh Mon Mar  9 07:25:50 CET 2026
#@# Cortical Parc 2 rh Mon Mar  9 07:25:51 CET 2026
#@# Cortical Parc 3 rh Mon Mar  9 07:25:59 CET 2026
#@# WM/GM Contrast rh Mon Mar  9 07:26:04 CET 2026
recon-all -s sub-v1s18x0051251_ses-1 finished without error at Mon Mar  9 07:26:06 CET 2026



#New# invocation of recon-all 



status file for recon-all
Mon Mar  9 07:30:10 CET 2026
#@# white curv rh Mon Mar  9 07:30:10 CET 2026
#@# white area rh Mon Mar  9 07:30:10 CET 2026
#@# pial curv rh Mon Mar  9 07:30:10 CET 2026
#@# pial area rh Mon Mar  9 07:30:10 CET 2026
#@# thickness rh Mon Mar  9 07:30:10 CET 2026
#@# area and vertex vol rh Mon Mar  9 07:30:10 CET 2026
#@# Parcellation Stats rh Mon Mar  9 07:30:10 CET 2026
#@# Parcellation Stats 2 rh Mon Mar  9 07:30:20 CET 2026
#@# Parcellation Stats 3 rh Mon Mar  9 07:30:25 CET 2026
#@# BA_exvivo Labels rh Mon Mar  9 07:30:30 CET 2026
recon-all -s sub-v1s18x0051251_ses-1 finished without error at Mon Mar  9 07:31:56 CET 2026
