/out/sourcedata/freesurfer/sub-v1s18x0051262_ses-1/mri
/opt/freesurfer/bin/talairach_avi
--i orig_nu.mgz --xfm transforms/talairach.auto.xfm
talairach_avi 7.3.2
Linux dna074 5.14.0-427.37.1.el9_4.x86_64 #1 SMP PREEMPT_DYNAMIC Fri Sep 13 12:41:50 EDT 2024 x86_64 x86_64 x86_64 GNU/Linux
Mon Mar  9 06:29:40 CET 2026
mri_convert orig_nu.mgz talsrcimg.img 
reading from orig_nu.mgz...
TR=0.00, TE=0.00, TI=0.00, flip angle=0.00
i_ras = (-1, 0, 0)
j_ras = (0, 0, -1)
k_ras = (0, 1, 0)
writing to talsrcimg.img...
Analyze Output Matrix
-1.00000   0.00000   0.00000   135.07547;
 0.00000   0.00000   1.00000  -123.16270;
 0.00000  -1.00000   0.00000   136.03613;
 0.00000   0.00000   0.00000   1.00000;
--------------------
INFO: set hdr.hist.orient to -1
mpr2mni305 talsrcimg
Mon Mar  9 06:29:40 CET 2026
/opt/freesurfer/bin/mpr2mni305 talsrcimg
mpr2mni305 7.3.2
target=711-2C_as_mni_average_305

---------------------------------------------------------------------
analyzeto4dfp talsrcimg -O0 -y
---------------------------------------------------------------------

freesurfer ifh2hdr.c
Mon Mar  9 06:29:41 2026
Writing: talsrcimg.4dfp.hdr
freesurfer analyzeto4dfp.c
Reading: talsrcimg.hdr
header size 348 bytes
hdr.dime.datatype	offset=70	value=2
hdr.dime.bitpix		offset=72	value=8
hdr.hist.orient		offset=252	value=-1
dimensionality     4
dimensions       256       256       256         1
Reading: talsrcimg.img
Writing: talsrcimg.4dfp.img
Writing: talsrcimg.4dfp.ifh
ifh2hdr talsrcimg -r0to215
ori=2

---------------------------------------------------------------------
gauss_4dfp talsrcimg 1.1
---------------------------------------------------------------------

freesurfer gauss_4dfp.c
Reading: talsrcimg.4dfp.img
Writing: talsrcimg_g11.4dfp.img
image dimensions 256 256 256 padded to 288 288 288
processing volume 1freesurfer ifh2hdr.c
Mon Mar  9 06:29:42 2026
Writing: talsrcimg_g11.4dfp.hdr

Writing: talsrcimg_g11.4dfp.ifh
including: talsrcimg.4dfp.img.rec in talsrcimg_g11.4dfp.img.rec

---------------------------------------------------------------------
imgreg_4dfp /opt/freesurfer/average/711-2C_as_mni_average_305 none talsrcimg_g11 none talsrcimg_to_711-2C_as_mni_average_305_t4 4355
---------------------------------------------------------------------

freesurfer imgreg_4dfp.c
/opt/freesurfer/average/711-2C_as_mni_average_305.4dfp.img
       256       256       256         1
  1.000000  1.000000  1.000000
orientation T byte_order littleendian
Reading image: /opt/freesurfer/average/711-2C_as_mni_average_305.4dfp.img
dimensions:      256       256       256
mmppix:       1.0000   -1.0000   -1.0000
center:     128.0000 -129.0000 -129.0000
talsrcimg_g11.4dfp.img
       256       256       256         1
  1.000000  1.000000  1.000000
orientation T byte_order littleendian
Reading image: talsrcimg_g11.4dfp.img
dimensions:      256       256       256
mmppix:       1.0000   -1.0000   -1.0000
center:     128.0000 -129.0000 -129.0000
t4_read: open error in t4_sub.f l:  41 t4_file(1:l)talsrcimg_to_711-2C_as_mni_average_305_t4 
t4_read: transform initialized to I4
rotation matrix determinant  1.000000
image alignment mode   4355 decimal     1103 hex
   -7.5000  -45.0000  -45.0000 7235.4595   19.8889
    0.0000  -45.0000  -45.0000 7547.1602   19.8781
    7.5000  -45.0000  -45.0000 7269.9082   19.9029
   -7.5000  -37.5000  -45.0000 7735.4370   19.8282
    0.0000  -37.5000  -45.0000 8076.5083   19.8250
    7.5000  -37.5000  -45.0000 7777.0942   19.8462
   -7.5000  -30.0000  -45.0000 8505.4824   19.8256
    0.0000  -30.0000  -45.0000 8883.2607   19.8295
    7.5000  -30.0000  -45.0000 8538.3730   19.8474
   -7.5000  -22.5000  -45.0000 9258.1875   19.8303
    0.0000  -22.5000  -45.0000 9672.5537   19.8344
    7.5000  -22.5000  -45.0000 9268.9590   19.8516
   -7.5000  -15.0000  -45.0000 9955.5781   19.8365
    0.0000  -15.0000  -45.000010382.3408   19.8337
    7.5000  -15.0000  -45.0000 9957.9062   19.8528
   -7.5000   -7.5000  -45.000010613.4316   19.8385
    0.0000   -7.5000  -45.000011083.7959   19.8279
    7.5000   -7.5000  -45.000010621.6416   19.8511
   -7.5000    0.0000  -45.000011182.2471   19.8348
    0.0000    0.0000  -45.000011639.5869   19.8238
    7.5000    0.0000  -45.000011192.5273   19.8485
   -7.5000    7.5000  -45.000010849.4268   19.8280
    0.0000    7.5000  -45.000011276.1611   19.8248
    7.5000    7.5000  -45.000010839.3740   19.8461
   -7.5000   15.0000  -45.000010452.0176   19.8256
    0.0000   15.0000  -45.000010827.9150   19.8295
    7.5000   15.0000  -45.000010410.1943   19.8474
   -7.5000   22.5000  -45.0000 9700.6514   19.8276
    0.0000   22.5000  -45.000010015.8320   19.8316
    7.5000   22.5000  -45.0000 9652.0771   19.8489
   -7.5000   30.0000  -45.0000 8939.1484   19.5721
    0.0000   30.0000  -45.0000 9210.6709   19.5694
    7.5000   30.0000  -45.0000 8900.3506   19.5883
   -7.5000   37.5000  -45.0000 8570.5752   19.5741
    0.0000   37.5000  -45.0000 8808.4531   19.5637
    7.5000   37.5000  -45.0000 8501.4463   19.5865
   -7.5000   45.0000  -45.0000 7865.1646   19.0736
    0.0000   45.0000  -45.0000 8110.4224   19.0630
    7.5000   45.0000  -45.0000 7805.6787   19.0867
   -7.5000  -45.0000  -37.5000 7704.0776   19.5821
    0.0000  -45.0000  -37.5000 8040.6328   19.5903
    7.5000  -45.0000  -37.5000 7726.9780   19.6236
   -7.5000  -37.5000  -37.5000 8260.6006   19.5246
    0.0000  -37.5000  -37.5000 8640.7021   19.5340
    7.5000  -37.5000  -37.5000 8298.8525   19.5628
   -7.5000  -30.0000  -37.5000 9088.6240   19.5362
    0.0000  -30.0000  -37.5000 9502.1006   19.5436
    7.5000  -30.0000  -37.5000 9114.4961   19.5645
   -7.5000  -22.5000  -37.5000 9853.9766   19.5524
    0.0000  -22.5000  -37.500010313.7363   19.5576
    7.5000  -22.5000  -37.5000 9890.5840   19.5745
   -7.5000  -15.0000  -37.500010558.6836   19.5569
    0.0000  -15.0000  -37.500011082.8594   19.5612
    7.5000  -15.0000  -37.500010599.8252   19.5808
   -7.5000   -7.5000  -37.500011253.6836   19.5459
    0.0000   -7.5000  -37.500011821.4238   19.5509
    7.5000   -7.5000  -37.500011274.3008   19.5788
   -7.5000    0.0000  -37.500011853.2480   19.5297
    0.0000    0.0000  -37.500012393.8691   19.5375
    7.5000    0.0000  -37.500011829.2334   19.5707
   -7.5000    7.5000  -37.500011496.4688   19.5244
    0.0000    7.5000  -37.500011982.6006   19.5338
    7.5000    7.5000  -37.500011424.6201   19.5626
   -7.5000   15.0000  -37.500011056.5635   19.5362
    0.0000   15.0000  -37.500011509.0205   19.5436
    7.5000   15.0000  -37.500010994.1641   19.5645
   -7.5000   22.5000  -37.500010269.5947   19.5498
    0.0000   22.5000  -37.500010664.2461   19.5549
    7.5000   22.5000  -37.500010203.2773   19.5718
   -7.5000   30.0000  -37.5000 9441.2891   19.2963
    0.0000   30.0000  -37.5000 9789.2217   19.3005
    7.5000   30.0000  -37.5000 9369.1201   19.3199
   -7.5000   37.5000  -37.5000 8989.8271   19.2854
    0.0000   37.5000  -37.5000 9326.8066   19.2904
    7.5000   37.5000  -37.5000 8914.3662   19.3179
   -7.5000   45.0000  -37.5000 8224.3213   18.7802
    0.0000   45.0000  -37.5000 8534.0098   18.7877
    7.5000   45.0000  -37.5000 8156.9263   18.8195
   -7.5000  -45.0000  -30.0000 8333.2490   20.2278
    0.0000  -45.0000  -30.0000 8713.9795   20.2486
    7.5000  -45.0000  -30.0000 8352.4590   20.2924
   -7.5000  -37.5000  -30.0000 8938.6357   20.1596
    0.0000  -37.5000  -30.0000 9367.6572   20.1768
    7.5000  -37.5000  -30.0000 8948.6260   20.2157
   -7.5000  -30.0000  -30.0000 9831.3506   20.1808
    0.0000  -30.0000  -30.000010299.6641   20.1926
    7.5000  -30.0000  -30.0000 9804.1230   20.2198
   -7.5000  -22.5000  -30.000010671.0762   20.2167
    0.0000  -22.5000  -30.000011215.2314   20.2286
    7.5000  -22.5000  -30.000010658.5586   20.2481
   -7.5000  -15.0000  -30.000011397.5703   20.2312
    0.0000  -15.0000  -30.000012051.2930   20.2475
    7.5000  -15.0000  -30.000011390.5166   20.2697
   -7.5000   -7.5000  -30.000012095.4111   20.2098
    0.0000   -7.5000  -30.000012753.2910   20.2295
    7.5000   -7.5000  -30.000012050.0166   20.2639
   -7.5000    0.0000  -30.000012722.5469   20.1742
    0.0000    0.0000  -30.000013341.7119   20.1946
    7.5000    0.0000  -30.000012634.9473   20.2381
   -7.5000    7.5000  -30.000012360.1543   20.1594
    0.0000    7.5000  -30.000012928.9229   20.1766
    7.5000    7.5000  -30.000012242.0000   20.2155
   -7.5000   15.0000  -30.000011879.3389   20.1808
    0.0000   15.0000  -30.000012413.2451   20.1926
    7.5000   15.0000  -30.000011765.0938   20.2198
   -7.5000   22.5000  -30.000011005.9346   20.2119
    0.0000   22.5000  -30.000011510.3418   20.2237
    7.5000   22.5000  -30.000010907.9932   20.2433
   -7.5000   30.0000  -30.000010068.7637   19.9635
    0.0000   30.0000  -30.000010541.9697   19.9795
    7.5000   30.0000  -30.0000 9986.2412   20.0015
   -7.5000   37.5000  -30.0000 9536.9121   19.9424
    0.0000   37.5000  -30.0000 9995.4385   19.9618
    7.5000   37.5000  -30.0000 9484.5732   19.9958
   -7.5000   45.0000  -30.0000 8709.9951   19.4141
    0.0000   45.0000  -30.0000 9099.8613   19.4338
    7.5000   45.0000  -30.0000 8650.8643   19.4757
   -7.5000  -45.0000  -22.5000 9032.4199   20.9385
    0.0000  -45.0000  -22.5000 9432.1055   20.9546
    7.5000  -45.0000  -22.5000 9024.8594   21.0008
   -7.5000  -37.5000  -22.5000 9668.6387   20.8583
    0.0000  -37.5000  -22.500010140.9336   20.8713
    7.5000  -37.5000  -22.5000 9648.3994   20.9113
   -7.5000  -30.0000  -22.500010629.1299   20.8763
    0.0000  -30.0000  -22.500011173.6211   20.8894
    7.5000  -30.0000  -22.500010569.6094   20.9179
   -7.5000  -22.5000  -22.500011558.3525   20.9216
    0.0000  -22.5000  -22.500012157.8174   20.9395
    7.5000  -22.5000  -22.500011495.9814   20.9619
   -7.5000  -15.0000  -22.500012337.2139   20.9476
    0.0000  -15.0000  -22.500013069.2197   20.9703
    7.5000  -15.0000  -22.500012268.2178   20.9967
   -7.5000   -7.5000  -22.500013055.7041   20.9272
    0.0000   -7.5000  -22.500013793.3809   20.9478
    7.5000   -7.5000  -22.500012945.9492   20.9862
   -7.5000    0.0000  -22.500013693.9062   20.8829
    0.0000    0.0000  -22.500014426.6914   20.8987
    7.5000    0.0000  -22.500013558.6357   20.9447
   -7.5000    7.5000  -22.500013243.7314   20.8581
    0.0000    7.5000  -22.500013950.7412   20.8711
    7.5000    7.5000  -22.500013105.6289   20.9111
   -7.5000   15.0000  -22.500012722.4727   20.8763
    0.0000   15.0000  -22.500013380.6475   20.8894
    7.5000   15.0000  -22.500012573.3535   20.9179
   -7.5000   22.5000  -22.500011785.8242   20.9151
    0.0000   22.5000  -22.500012421.5732   20.9330
    7.5000   22.5000  -22.500011664.7168   20.9555
   -7.5000   30.0000  -22.500010765.5684   20.6736
    0.0000   30.0000  -22.500011340.3906   20.6960
    7.5000   30.0000  -22.500010668.5645   20.7221
   -7.5000   37.5000  -22.500010189.9609   20.6535
    0.0000   37.5000  -22.500010736.2148   20.6738
    7.5000   37.5000  -22.500010099.5469   20.7116
   -7.5000   45.0000  -22.5000 9271.3301   20.1113
    0.0000   45.0000  -22.5000 9754.5371   20.1265
    7.5000   45.0000  -22.5000 9199.7002   20.1708
   -7.5000  -45.0000  -15.0000 9752.6172   21.4535
    0.0000  -45.0000  -15.000010189.5596   21.4538
    7.5000  -45.0000  -15.0000 9735.7207   21.4913
   -7.5000  -37.5000  -15.000010436.2393   21.3679
    0.0000  -37.5000  -15.000010943.3086   21.3697
    7.5000  -37.5000  -15.000010406.4434   21.3999
   -7.5000  -30.0000  -15.000011463.0479   21.3717
    0.0000  -30.0000  -15.000012057.0498   21.3818
    7.5000  -30.0000  -15.000011422.3174   21.4043
   -7.5000  -22.5000  -15.000012450.2881   21.4085
    0.0000  -22.5000  -15.000013132.0527   21.4267
    7.5000  -22.5000  -15.000012384.3145   21.4482
   -7.5000  -15.0000  -15.000013294.4365   21.4396
    0.0000  -15.0000  -15.000014084.8633   21.4580
    7.5000  -15.0000  -15.000013174.0381   21.4849
   -7.5000   -7.5000  -15.000014055.0908   21.4315
    0.0000   -7.5000  -15.000014799.6270   21.4403
    7.5000   -7.5000  -15.000013864.3555   21.4753
   -7.5000    0.0000  -15.000014695.0156   21.3965
    0.0000    0.0000  -15.000015454.5234   21.3967
    7.5000    0.0000  -15.000014508.9414   21.4340
   -7.5000    7.5000  -15.000014162.9688   21.3677
    0.0000    7.5000  -15.000014918.5283   21.3695
    7.5000    7.5000  -15.000014013.4648   21.3997
   -7.5000   15.0000  -15.000013568.9395   21.3717
    0.0000   15.0000  -15.000014279.2061   21.3818
    7.5000   15.0000  -15.000013403.4971   21.4043
   -7.5000   22.5000  -15.000012600.6836   21.4010
    0.0000   22.5000  -15.000013284.8330   21.4191
    7.5000   22.5000  -15.000012450.9629   21.4406
   -7.5000   30.0000  -15.000011540.8838   21.1621
    0.0000   30.0000  -15.000012193.2627   21.1803
    7.5000   30.0000  -15.000011407.6826   21.2069
   -7.5000   37.5000  -15.000010886.6211   21.1541
    0.0000   37.5000  -15.000011479.0410   21.1628
    7.5000   37.5000  -15.000010758.4824   21.1974
   -7.5000   45.0000  -15.0000 9866.5889   20.6183
    0.0000   45.0000  -15.000010382.8125   20.6185
    7.5000   45.0000  -15.0000 9745.5039   20.6545
   -7.5000  -45.0000   -7.500010517.1289   21.6808
    0.0000  -45.0000   -7.500010971.4365   21.6687
    7.5000  -45.0000   -7.500010467.0029   21.6948
   -7.5000  -37.5000   -7.500011261.0020   21.6023
    0.0000  -37.5000   -7.500011777.9844   21.5975
    7.5000  -37.5000   -7.500011207.4814   21.6182
   -7.5000  -30.0000   -7.500012395.5342   21.5970
    0.0000  -30.0000   -7.500013010.0430   21.6040
    7.5000  -30.0000   -7.500012348.5400   21.6211
   -7.5000  -22.5000   -7.500013434.5928   21.6159
    0.0000  -22.5000   -7.500014188.6973   21.6282
    7.5000  -22.5000   -7.500013358.2627   21.6464
   -7.5000  -15.0000   -7.500014314.2354   21.6380
    0.0000  -15.0000   -7.500015092.8105   21.6446
    7.5000  -15.0000   -7.500014125.4072   21.6667
   -7.5000   -7.5000   -7.500015095.4854   21.6401
    0.0000   -7.5000   -7.500015829.0850   21.6340
    7.5000   -7.5000   -7.500014867.1230   21.6603
   -7.5000    0.0000   -7.500015762.9521   21.6232
    0.0000    0.0000   -7.500016590.3945   21.6110
    7.5000    0.0000   -7.500015574.6396   21.6370
   -7.5000    7.5000   -7.500015200.9199   21.6022
    0.0000    7.5000   -7.500015989.6045   21.5973
    7.5000    7.5000   -7.500015036.0527   21.6181
   -7.5000   15.0000   -7.500014540.2705   21.5970
    0.0000   15.0000   -7.500015260.3105   21.6040
    7.5000   15.0000   -7.500014337.1201   21.6211
   -7.5000   22.5000   -7.500013505.3672   21.6059
    0.0000   22.5000   -7.500014187.8828   21.6182
    7.5000   22.5000   -7.500013305.2861   21.6364
   -7.5000   30.0000   -7.500012364.7012   21.3574
    0.0000   30.0000   -7.500013057.2432   21.3639
    7.5000   30.0000   -7.500012212.9258   21.3857
   -7.5000   37.5000   -7.500011687.7520   21.3595
    0.0000   37.5000   -7.500012319.4395   21.3534
    7.5000   37.5000   -7.500011500.6924   21.3794
   -7.5000   45.0000   -7.500010526.5811   20.8407
    0.0000   45.0000   -7.500011068.0742   20.8290
    7.5000   45.0000   -7.500010369.9365   20.8540
   -7.5000  -45.0000    0.000011164.5244   21.6927
    0.0000  -45.0000    0.000011643.6533   21.6849
    7.5000  -45.0000    0.000011134.8057   21.7103
   -7.5000  -37.5000    0.000011996.6260   21.6278
    0.0000  -37.5000    0.000012543.1377   21.6278
    7.5000  -37.5000    0.000011968.4297   21.6490
   -7.5000  -30.0000    0.000013276.9258   21.6273
    0.0000  -30.0000    0.000013976.7744   21.6344
    7.5000  -30.0000    0.000013252.8330   21.6519
   -7.5000  -22.5000    0.000014390.8848   21.6349
    0.0000  -22.5000    0.000015258.2090   21.6422
    7.5000  -22.5000    0.000014287.7900   21.6592
   -7.5000  -15.0000    0.000015258.0342   21.6420
    0.0000  -15.0000    0.000015988.1650   21.6425
    7.5000  -15.0000    0.000015014.3516   21.6618
   -7.5000   -7.5000    0.000016003.2412   21.6419
    0.0000   -7.5000    0.000016714.3164   21.6344
    7.5000   -7.5000    0.000015767.8613   21.6581
   -7.5000    0.0000    0.000016784.1230   21.6352
    0.0000    0.0000    0.000017588.4316   21.6272
    7.5000    0.0000    0.000016595.3711   21.6524
   -7.5000    7.5000    0.000016174.8682   21.6276
    0.0000    7.5000    0.000016984.0332   21.6276
    7.5000    7.5000    0.000015998.7607   21.6488
   -7.5000   15.0000    0.000015433.3115   21.6273
    0.0000   15.0000    0.000016171.1836   21.6344
    7.5000   15.0000    0.000015206.3174   21.6519
   -7.5000   22.5000    0.000014351.1016   21.6250
    0.0000   22.5000    0.000015028.3691   21.6323
    7.5000   22.5000    0.000014116.1895   21.6492
   -7.5000   30.0000    0.000013166.5459   21.3620
    0.0000   30.0000    0.000013834.4150   21.3624
    7.5000   30.0000    0.000012954.7588   21.3815
   -7.5000   37.5000    0.000012466.4326   21.3618
    0.0000   37.5000    0.000013090.0791   21.3544
    7.5000   37.5000    0.000012250.7939   21.3778
   -7.5000   45.0000    0.000011213.1465   20.8538
    0.0000   45.0000    0.000011761.4502   20.8461
    7.5000   45.0000    0.000011034.3926   20.8704
   -7.5000  -45.0000    7.500010968.0059   21.6863
    0.0000  -45.0000    7.500011436.2314   21.6977
    7.5000  -45.0000    7.500010925.2295   21.7344
   -7.5000  -37.5000    7.500011845.9688   21.6242
    0.0000  -37.5000    7.500012367.7725   21.6368
    7.5000  -37.5000    7.500011811.8057   21.6686
   -7.5000  -30.0000    7.500013244.0947   21.6377
    0.0000  -30.0000    7.500013978.8926   21.6483
    7.5000  -30.0000    7.500013164.9277   21.6713
   -7.5000  -22.5000    7.500014495.4707   21.6551
    0.0000  -22.5000    7.500015375.6631   21.6635
    7.5000  -22.5000    7.500014312.5420   21.6820
   -7.5000  -15.0000    7.500015180.9893   21.6589
    0.0000  -15.0000    7.500015812.1162   21.6665
    7.5000  -15.0000    7.500014949.8457   21.6878
   -7.5000   -7.5000    7.500015766.8438   21.6462
    0.0000   -7.5000    7.500016318.4326   21.6545
    7.5000   -7.5000    7.500015581.4922   21.6851
   -7.5000    0.0000    7.500016566.2695   21.6288
    0.0000    0.0000    7.500017201.0156   21.6399
    7.5000    0.0000    7.500016377.2891   21.6764
   -7.5000    7.5000    7.500016010.6045   21.6240
    0.0000    7.5000    7.500016663.6602   21.6367
    7.5000    7.5000    7.500015844.3174   21.6684
   -7.5000   15.0000    7.500015245.2012   21.6377
    0.0000   15.0000    7.500015854.8281   21.6483
    7.5000   15.0000    7.500015051.8867   21.6713
   -7.5000   22.5000    7.500014205.4170   21.6451
    0.0000   22.5000    7.500014800.3906   21.6535
    7.5000   22.5000    7.500013998.7529   21.6720
   -7.5000   30.0000    7.500013081.2051   21.3786
    0.0000   30.0000    7.500013679.8506   21.3861
    7.5000   30.0000    7.500012866.4404   21.4072
   -7.5000   37.5000    7.500012407.5713   21.3661
    0.0000   37.5000    7.500012978.0654   21.3742
    7.5000   37.5000    7.500012165.3906   21.4044
   -7.5000   45.0000    7.500011148.0039   20.8477
    0.0000   45.0000    7.500011683.8428   20.8584
    7.5000   45.0000    7.500010935.0068   20.8936
   -7.5000  -45.0000   15.000010533.9609   21.7061
    0.0000  -45.0000   15.000011002.2041   21.7296
    7.5000  -45.0000   15.000010493.4971   21.7771
   -7.5000  -37.5000   15.000011396.9004   21.6339
    0.0000  -37.5000   15.000011924.2725   21.6534
    7.5000  -37.5000   15.000011331.4482   21.6956
   -7.5000  -30.0000   15.000012907.6885   21.6573
    0.0000  -30.0000   15.000013750.2842   21.6710
    7.5000  -30.0000   15.000012724.9229   21.7006
   -7.5000  -22.5000   15.000014404.4199   21.6956
    0.0000  -22.5000   15.000015199.2363   21.7092
    7.5000  -22.5000   15.000014084.0137   21.7307
   -7.5000  -15.0000   15.000015105.3545   21.7101
    0.0000  -15.0000   15.000015523.7236   21.7286
    7.5000  -15.0000   15.000014857.5596   21.7530
   -7.5000   -7.5000   15.000015621.2988   21.6866
    0.0000   -7.5000   15.000015853.4717   21.7088
    7.5000   -7.5000   15.000015448.1006   21.7463
   -7.5000    0.0000   15.000016333.0127   21.6486
    0.0000    0.0000   15.000016621.5469   21.6717
    7.5000    0.0000   15.000016164.6494   21.7189
   -7.5000    7.5000   15.000015786.6016   21.6337
    0.0000    7.5000   15.000016201.3047   21.6532
    7.5000    7.5000   15.000015625.8818   21.6954
   -7.5000   15.0000   15.000015023.5762   21.6573
    0.0000   15.0000   15.000015505.5576   21.6710
    7.5000   15.0000   15.000014772.0859   21.7006
   -7.5000   22.5000   15.000013959.3525   21.6856
    0.0000   22.5000   15.000014545.6797   21.6992
    7.5000   22.5000   15.000013679.8701   21.7207
   -7.5000   30.0000   15.000012787.4668   21.4291
    0.0000   30.0000   15.000013410.8447   21.4474
    7.5000   30.0000   15.000012497.0430   21.4715
   -7.5000   37.5000   15.000012083.0469   21.4060
    0.0000   37.5000   15.000012668.8994   21.4279
    7.5000   37.5000   15.000011812.0059   21.4649
   -7.5000   45.0000   15.000010857.7344   20.8668
    0.0000   45.0000   15.000011400.9365   20.8890
    7.5000   45.0000   15.000010627.3506   20.9345
   -7.5000  -45.0000   22.500010049.9092   21.7372
    0.0000  -45.0000   22.500010473.4756   21.7541
    7.5000  -45.0000   22.500010026.5801   21.8020
   -7.5000  -37.5000   22.500010846.2227   21.6540
    0.0000  -37.5000   22.500011340.5312   21.6676
    7.5000  -37.5000   22.500010778.6445   21.7091
   -7.5000  -30.0000   22.500012180.1348   21.6727
    0.0000  -30.0000   22.500012840.3682   21.6863
    7.5000  -30.0000   22.500012080.6289   21.7160
   -7.5000  -22.5000   22.500013423.6816   21.7196
    0.0000  -22.5000   22.500014037.5078   21.7383
    7.5000  -22.5000   22.500013314.6250   21.7617
   -7.5000  -15.0000   22.500014428.8770   21.7467
    0.0000  -15.0000   22.500014852.1475   21.7703
    7.5000  -15.0000   22.500014236.5273   21.7978
   -7.5000   -7.5000   22.500015324.3848   21.7255
    0.0000   -7.5000   22.500015675.6650   21.7470
    7.5000   -7.5000   22.500015078.5859   21.7868
   -7.5000    0.0000   22.500016062.5029   21.6796
    0.0000    0.0000   22.500016467.3574   21.6961
    7.5000    0.0000   22.500015766.6230   21.7438
   -7.5000    7.5000   22.500015382.1279   21.6538
    0.0000    7.5000   22.500015836.8555   21.6674
    7.5000    7.5000   22.500015071.4492   21.7090
   -7.5000   15.0000   22.500014449.7246   21.6727
    0.0000   15.0000   22.500014941.4795   21.6863
    7.5000   15.0000   22.500014117.9111   21.7160
   -7.5000   22.5000   22.500013353.6523   21.7096
    0.0000   22.5000   22.500013890.6113   21.7283
    7.5000   22.5000   22.500013049.8369   21.7516
   -7.5000   30.0000   22.500012243.7139   21.4652
    0.0000   30.0000   22.500012792.3779   21.4886
    7.5000   30.0000   22.500011968.7402   21.5157
   -7.5000   37.5000   22.500011555.4473   21.4443
    0.0000   37.5000   22.500012105.3789   21.4655
    7.5000   37.5000   22.500011305.7588   21.5049
   -7.5000   45.0000   22.500010393.5654   20.8966
    0.0000   45.0000   22.500010962.8945   20.9125
    7.5000   45.0000   22.500010192.3311   20.9585
   -7.5000  -45.0000   30.0000 9427.8262   21.7927
    0.0000  -45.0000   30.0000 9813.8652   21.7939
    7.5000  -45.0000   30.0000 9412.4189   21.8326
   -7.5000  -37.5000   30.000010106.2861   21.7057
    0.0000  -37.5000   30.000010617.3438   21.7083
    7.5000  -37.5000   30.000010100.7070   21.7396
   -7.5000  -30.0000   30.000011217.3535   21.7096
    0.0000  -30.0000   30.000011826.9170   21.7207
    7.5000  -30.0000   30.000011246.7598   21.7441
   -7.5000  -22.5000   30.000012294.9590   21.7470
    0.0000  -22.5000   30.000012888.0830   21.7663
    7.5000  -22.5000   30.000012297.2480   21.7887
   -7.5000  -15.0000   30.000013310.8496   21.7784
    0.0000  -15.0000   30.000013907.7812   21.7981
    7.5000  -15.0000   30.000013178.4209   21.8260
   -7.5000   -7.5000   30.000014355.8848   21.7703
    0.0000   -7.5000   30.000014969.3369   21.7801
    7.5000   -7.5000   30.000014059.7842   21.8162
   -7.5000    0.0000   30.000015159.2861   21.7347
    0.0000    0.0000   30.000015812.7891   21.7357
    7.5000    0.0000   30.000014790.2461   21.7742
   -7.5000    7.5000   30.000014455.4873   21.7055
    0.0000    7.5000   30.000015060.5029   21.7081
    7.5000    7.5000   30.000014118.4316   21.7395
   -7.5000   15.0000   30.000013476.0947   21.7096
    0.0000   15.0000   30.000014052.9434   21.7207
    7.5000   15.0000   30.000013177.9346   21.7441
   -7.5000   22.5000   30.000012433.8604   21.7370
    0.0000   22.5000   30.000012987.0371   21.7563
    7.5000   22.5000   30.000012183.8672   21.7787
   -7.5000   30.0000   30.000011421.5713   21.4966
    0.0000   30.0000   30.000011949.0566   21.5160
    7.5000   30.0000   30.000011223.2100   21.5435
   -7.5000   37.5000   30.000010793.7041   21.4885
    0.0000   37.5000   30.000011281.1104   21.4982
    7.5000   37.5000   30.000010604.4434   21.5339
   -7.5000   45.0000   30.0000 9770.9463   20.9498
    0.0000   45.0000   30.000010219.9316   20.9507
    7.5000   45.0000   30.0000 9585.6104   20.9878
   -7.5000  -45.0000   37.5000 9126.7617   21.8930
    0.0000  -45.0000   37.5000 9599.5859   21.8821
    7.5000  -45.0000   37.5000 9090.6816   21.9100
   -7.5000  -37.5000   37.5000 9784.7129   21.8133
    0.0000  -37.5000   37.500010333.9043   21.8097
    7.5000  -37.5000   37.5000 9760.7334   21.8321
   -7.5000  -30.0000   37.500010819.5420   21.8074
    0.0000  -30.0000   37.500011375.5303   21.8158
    7.5000  -30.0000   37.500010795.8096   21.8345
   -7.5000  -22.5000   37.500011764.3926   21.8259
    0.0000  -22.5000   37.500012259.1377   21.8397
    7.5000  -22.5000   37.500011698.3633   21.8594
   -7.5000  -15.0000   37.500012639.8613   21.8480
    0.0000  -15.0000   37.500013129.7500   21.8561
    7.5000  -15.0000   37.500012497.2588   21.8797
   -7.5000   -7.5000   37.500013556.5693   21.8509
    0.0000   -7.5000   37.500014081.4512   21.8460
    7.5000   -7.5000   37.500013369.7793   21.8740
   -7.5000    0.0000   37.500014336.7422   21.8345
    0.0000    0.0000   37.500014860.5225   21.8234
    7.5000    0.0000   37.500014122.7656   21.8512
   -7.5000    7.5000   37.500013752.2256   21.8132
    0.0000    7.5000   37.500014275.9014   21.8095
    7.5000    7.5000   37.500013538.9434   21.8319
   -7.5000   15.0000   37.500012860.2314   21.8074
    0.0000   15.0000   37.500013377.4756   21.8158
    7.5000   15.0000   37.500012644.6738   21.8345
   -7.5000   22.5000   37.500011923.6729   21.8158
    0.0000   22.5000   37.500012419.0430   21.8296
    7.5000   22.5000   37.500011713.3682   21.8494
   -7.5000   30.0000   37.500010946.8496   21.5653
    0.0000   30.0000   37.500011414.0869   21.5732
    7.5000   30.0000   37.500010785.6855   21.5966
   -7.5000   37.5000   37.500010347.8643   21.5681
    0.0000   37.5000   37.500010800.3721   21.5633
    7.5000   37.5000   37.500010185.9180   21.5909
   -7.5000   45.0000   37.5000 9349.2676   21.0459
    0.0000   45.0000   37.5000 9777.2695   21.0352
    7.5000   45.0000   37.5000 9225.3271   21.0620
   -7.5000  -45.0000   45.0000 8539.9980   22.1599
    0.0000  -45.0000   45.0000 8991.6494   22.1530
    7.5000  -45.0000   45.0000 8487.6367   22.1811
   -7.5000  -37.5000   45.0000 9107.4746   22.0928
    0.0000  -37.5000   45.0000 9587.5293   22.0939
    7.5000  -37.5000   45.0000 9074.7812   22.1178
   -7.5000  -30.0000   45.0000 9970.3691   22.0914
    0.0000  -30.0000   45.000010447.7207   22.0999
    7.5000  -30.0000   45.0000 9935.4102   22.1198
   -7.5000  -22.5000   45.000010767.9160   22.0971
    0.0000  -22.5000   45.000011221.4414   22.1059
    7.5000  -22.5000   45.000010729.3232   22.1249
   -7.5000  -15.0000   45.000011508.4385   22.1031
    0.0000  -15.0000   45.000011977.8320   22.1049
    7.5000  -15.0000   45.000011454.7432   22.1263
   -7.5000   -7.5000   45.000012297.1016   22.1042
    0.0000   -7.5000   45.000012773.5723   22.0976
    7.5000   -7.5000   45.000012215.6377   22.1239
   -7.5000    0.0000   45.000013010.7188   22.0995
    0.0000    0.0000   45.000013504.3926   22.0924
    7.5000    0.0000   45.000012929.4395   22.1203
   -7.5000    7.5000   45.000012578.7822   22.0926
    0.0000    7.5000   45.000013079.4023   22.0937
    7.5000    7.5000   45.000012478.8467   22.1176
   -7.5000   15.0000   45.000011823.8525   22.0914
    0.0000   15.0000   45.000012319.2354   22.0999
    7.5000   15.0000   45.000011704.8291   22.1198
   -7.5000   22.5000   45.000010982.0332   22.0868
    0.0000   22.5000   45.000011450.2393   22.0956
    7.5000   22.5000   45.000010852.7021   22.1146
   -7.5000   30.0000   45.000010074.0830   21.8151
    0.0000   30.0000   45.000010502.5215   21.8169
    7.5000   30.0000   45.0000 9934.9512   21.8380
   -7.5000   37.5000   45.0000 9510.5762   21.8162
    0.0000   37.5000   45.0000 9908.6084   21.8097
    7.5000   37.5000   45.0000 9366.5137   21.8356
   -7.5000   45.0000   45.0000 8596.3379   21.3110
    0.0000   45.0000   45.0000 8946.0479   21.3042
    7.5000   45.0000   45.0000 8494.8594   21.3311

---------------------------------------------------------------------
imgreg_4dfp /opt/freesurfer/average/711-2C_as_mni_average_305 /opt/freesurfer/average/711-2B_as_mni_average_305_mask talsrcimg_g11 none talsrcimg_to_711-2C_as_mni_average_305_t4 4355
---------------------------------------------------------------------

freesurfer imgreg_4dfp.c
/opt/freesurfer/average/711-2C_as_mni_average_305.4dfp.img
       256       256       256         1
  1.000000  1.000000  1.000000
orientation T byte_order littleendian
Reading image: /opt/freesurfer/average/711-2C_as_mni_average_305.4dfp.img
dimensions:      256       256       256
mmppix:       1.0000   -1.0000   -1.0000
center:     128.0000 -129.0000 -129.0000
/opt/freesurfer/average/711-2B_as_mni_average_305_mask.4dfp.img
       256       256       256         1
  1.000000  1.000000  1.000000
orientation T byte_order littleendian
Reading mask: /opt/freesurfer/average/711-2B_as_mni_average_305_mask.4dfp.img (2306576 pixels)
talsrcimg_g11.4dfp.img
       256       256       256         1
  1.000000  1.000000  1.000000
orientation T byte_order littleendian
Reading image: talsrcimg_g11.4dfp.img
dimensions:      256       256       256
mmppix:       1.0000   -1.0000   -1.0000
center:     128.0000 -129.0000 -129.0000
rotation matrix determinant  1.000000
image alignment mode   4355 decimal     1103 hex
   -7.5000  -45.0000  -45.0000 2010.6501   26.5578
    0.0000  -45.0000  -45.0000 2018.9934   26.2224
    7.5000  -45.0000  -45.0000 2014.1354   26.4248
   -7.5000  -37.5000  -45.0000 2083.8623   24.7109
    0.0000  -37.5000  -45.0000 2090.7119   24.4213
    7.5000  -37.5000  -45.0000 2087.4951   24.5420
   -7.5000  -30.0000  -45.0000 2129.1655   23.3326
    0.0000  -30.0000  -45.0000 2140.5654   23.0178
    7.5000  -30.0000  -45.0000 2129.4954   23.1214
   -7.5000  -22.5000  -45.0000 2157.2129   22.3110
    0.0000  -22.5000  -45.0000 2165.0103   21.9048
    7.5000  -22.5000  -45.0000 2157.2744   22.0805
   -7.5000  -15.0000  -45.0000 2172.9817   21.6994
    0.0000  -15.0000  -45.0000 2177.6702   21.2256
    7.5000  -15.0000  -45.0000 2168.5618   21.4280
   -7.5000   -7.5000  -45.0000 2169.7458   21.5280
    0.0000   -7.5000  -45.0000 2181.3740   21.0999
    7.5000   -7.5000  -45.0000 2166.3594   21.2669
   -7.5000    0.0000  -45.0000 2157.1003   21.6723
    0.0000    0.0000  -45.0000 2161.4465   21.2224
    7.5000    0.0000  -45.0000 2156.6558   21.3935
   -7.5000    7.5000  -45.0000 2127.2871   22.1703
    0.0000    7.5000  -45.0000 2136.0017   21.6841
    7.5000    7.5000  -45.0000 2131.5400   21.8707
   -7.5000   15.0000  -45.0000 2092.5767   22.8925
    0.0000   15.0000  -45.0000 2101.5034   22.4184
    7.5000   15.0000  -45.0000 2089.9851   22.5800
   -7.5000   22.5000  -45.0000 2041.4469   23.9723
    0.0000   22.5000  -45.0000 2048.7119   23.4475
    7.5000   22.5000  -45.0000 2036.2028   23.7132
   -7.5000   30.0000  -45.0000 1969.4397   25.5561
    0.0000   30.0000  -45.0000 1975.6841   24.9935
    7.5000   30.0000  -45.0000 1969.0106   25.3464
   -7.5000   37.5000  -45.0000 1885.5999   27.7874
    0.0000   37.5000  -45.0000 1893.1965   27.1768
    7.5000   37.5000  -45.0000 1888.7711   27.5624
   -7.5000   45.0000  -45.0000 1779.7328   30.6726
    0.0000   45.0000  -45.0000 1795.9131   30.0588
    7.5000   45.0000  -45.0000 1786.1708   30.4203
   -7.5000  -45.0000  -37.5000 2103.1091   24.5991
    0.0000  -45.0000  -37.5000 2114.9680   24.3149
    7.5000  -45.0000  -37.5000 2109.9939   24.4998
   -7.5000  -37.5000  -37.5000 2182.7224   22.8948
    0.0000  -37.5000  -37.5000 2196.0417   22.7258
    7.5000  -37.5000  -37.5000 2196.1497   22.8114
   -7.5000  -30.0000  -37.5000 2225.2708   21.5707
    0.0000  -30.0000  -37.5000 2240.1233   21.3987
    7.5000  -30.0000  -37.5000 2240.4912   21.4729
   -7.5000  -22.5000  -37.5000 2249.8850   20.6337
    0.0000  -22.5000  -37.5000 2259.4717   20.4227
    7.5000  -22.5000  -37.5000 2259.3303   20.4901
   -7.5000  -15.0000  -37.5000 2262.2844   20.0347
    0.0000  -15.0000  -37.5000 2274.3823   19.8078
    7.5000  -15.0000  -37.5000 2272.1611   19.9150
   -7.5000   -7.5000  -37.5000 2266.8196   19.8448
    0.0000   -7.5000  -37.5000 2287.7600   19.6352
    7.5000   -7.5000  -37.5000 2271.0747   19.6785
   -7.5000    0.0000  -37.5000 2259.4900   19.8794
    0.0000    0.0000  -37.5000 2271.7776   19.5707
    7.5000    0.0000  -37.5000 2256.9102   19.6536
   -7.5000    7.5000  -37.5000 2239.0264   20.2552
    0.0000    7.5000  -37.5000 2254.4512   19.9038
    7.5000    7.5000  -37.5000 2235.5027   19.9486
   -7.5000   15.0000  -37.5000 2206.3748   20.9710
    0.0000   15.0000  -37.5000 2221.4038   20.6316
    7.5000   15.0000  -37.5000 2207.0876   20.6743
   -7.5000   22.5000  -37.5000 2157.2815   22.0819
    0.0000   22.5000  -37.5000 2171.1980   21.7519
    7.5000   22.5000  -37.5000 2159.3452   21.9066
   -7.5000   30.0000  -37.5000 2080.2136   23.6629
    0.0000   30.0000  -37.5000 2087.1946   23.2081
    7.5000   30.0000  -37.5000 2081.4690   23.4874
   -7.5000   37.5000  -37.5000 1983.8912   25.7919
    0.0000   37.5000  -37.5000 1990.1353   25.2013
    7.5000   37.5000  -37.5000 1981.7578   25.5182
   -7.5000   45.0000  -37.5000 1873.6986   28.5328
    0.0000   45.0000  -37.5000 1879.5004   27.8828
    7.5000   45.0000  -37.5000 1870.2867   28.2361
   -7.5000  -45.0000  -30.0000 2231.6367   23.6546
    0.0000  -45.0000  -30.0000 2248.8787   23.4813
    7.5000  -45.0000  -30.0000 2243.3635   23.5558
   -7.5000  -37.5000  -30.0000 2318.5254   21.8318
    0.0000  -37.5000  -30.0000 2335.5286   21.7469
    7.5000  -37.5000  -30.0000 2328.5889   21.8211
   -7.5000  -30.0000  -30.0000 2367.4575   20.6636
    0.0000  -30.0000  -30.0000 2381.6624   20.5876
    7.5000  -30.0000  -30.0000 2369.4736   20.5817
   -7.5000  -22.5000  -30.0000 2387.9656   19.7287
    0.0000  -22.5000  -30.0000 2410.3547   19.6937
    7.5000  -22.5000  -30.0000 2395.1614   19.6589
   -7.5000  -15.0000  -30.0000 2397.7007   19.1287
    0.0000  -15.0000  -30.0000 2424.6072   19.0572
    7.5000  -15.0000  -30.0000 2403.1802   19.0452
   -7.5000   -7.5000  -30.0000 2402.0967   18.8617
    0.0000   -7.5000  -30.0000 2428.8896   18.7602
    7.5000   -7.5000  -30.0000 2402.7939   18.7274
   -7.5000    0.0000  -30.0000 2394.4685   18.8134
    0.0000    0.0000  -30.0000 2415.2869   18.6416
    7.5000    0.0000  -30.0000 2392.2515   18.6426
   -7.5000    7.5000  -30.0000 2386.0269   19.1839
    0.0000    7.5000  -30.0000 2409.9624   18.9819
    7.5000    7.5000  -30.0000 2384.8289   18.9768
   -7.5000   15.0000  -30.0000 2353.8530   19.9756
    0.0000   15.0000  -30.0000 2374.7344   19.7622
    7.5000   15.0000  -30.0000 2358.1162   19.7783
   -7.5000   22.5000  -30.0000 2296.5059   21.1580
    0.0000   22.5000  -30.0000 2318.3486   20.9472
    7.5000   22.5000  -30.0000 2301.4568   21.0058
   -7.5000   30.0000  -30.0000 2213.7517   22.7877
    0.0000   30.0000  -30.0000 2229.2195   22.4684
    7.5000   30.0000  -30.0000 2213.2832   22.6086
   -7.5000   37.5000  -30.0000 2106.2458   24.7862
    0.0000   37.5000  -30.0000 2122.5144   24.4283
    7.5000   37.5000  -30.0000 2106.3188   24.6048
   -7.5000   45.0000  -30.0000 1981.4338   27.3956
    0.0000   45.0000  -30.0000 1993.2574   26.9740
    7.5000   45.0000  -30.0000 1980.4351   27.2348
   -7.5000  -45.0000  -22.5000 2341.1221   22.6212
    0.0000  -45.0000  -22.5000 2353.5227   22.5449
    7.5000  -45.0000  -22.5000 2346.1436   22.5210
   -7.5000  -37.5000  -22.5000 2418.6580   20.7494
    0.0000  -37.5000  -22.5000 2441.7542   20.7157
    7.5000  -37.5000  -22.5000 2422.5640   20.6802
   -7.5000  -30.0000  -22.5000 2470.8628   19.5054
    0.0000  -30.0000  -22.5000 2491.4233   19.4634
    7.5000  -30.0000  -22.5000 2470.3425   19.4278
   -7.5000  -22.5000  -22.5000 2507.3455   18.6421
    0.0000  -22.5000  -22.5000 2527.6938   18.6509
    7.5000  -22.5000  -22.5000 2503.6790   18.5946
   -7.5000  -15.0000  -22.5000 2516.8989   18.0281
    0.0000  -15.0000  -22.5000 2545.8735   18.0605
    7.5000  -15.0000  -22.5000 2513.9775   17.9535
   -7.5000   -7.5000  -22.5000 2526.9375   17.7700
    0.0000   -7.5000  -22.5000 2553.0537   17.7740
    7.5000   -7.5000  -22.5000 2524.4087   17.6902
   -7.5000    0.0000  -22.5000 2520.0520   17.7523
    0.0000    0.0000  -22.5000 2546.3855   17.6521
    7.5000    0.0000  -22.5000 2517.8232   17.6221
   -7.5000    7.5000  -22.5000 2505.4927   18.1189
    0.0000    7.5000  -22.5000 2538.1746   18.0087
    7.5000    7.5000  -22.5000 2503.6455   17.9778
   -7.5000   15.0000  -22.5000 2470.8672   18.8864
    0.0000   15.0000  -22.5000 2498.9692   18.8204
    7.5000   15.0000  -22.5000 2467.7612   18.7949
   -7.5000   22.5000  -22.5000 2409.2578   20.0657
    0.0000   22.5000  -22.5000 2438.9788   19.9900
    7.5000   22.5000  -22.5000 2408.1328   19.9817
   -7.5000   30.0000  -22.5000 2315.4045   21.6163
    0.0000   30.0000  -22.5000 2336.1101   21.4604
    7.5000   30.0000  -22.5000 2313.8848   21.4843
   -7.5000   37.5000  -22.5000 2203.4329   23.5645
    0.0000   37.5000  -22.5000 2219.3066   23.3209
    7.5000   37.5000  -22.5000 2198.3386   23.4170
   -7.5000   45.0000  -22.5000 2074.3850   26.0685
    0.0000   45.0000  -22.5000 2089.8425   25.7264
    7.5000   45.0000  -22.5000 2072.6626   25.9677
   -7.5000  -45.0000  -15.0000 2406.2598   21.5443
    0.0000  -45.0000  -15.0000 2419.2729   21.4830
    7.5000  -45.0000  -15.0000 2401.0029   21.4150
   -7.5000  -37.5000  -15.0000 2495.7561   19.7815
    0.0000  -37.5000  -15.0000 2517.9526   19.7516
    7.5000  -37.5000  -15.0000 2493.7498   19.6552
   -7.5000  -30.0000  -15.0000 2540.1257   18.4724
    0.0000  -30.0000  -15.0000 2560.8289   18.4319
    7.5000  -30.0000  -15.0000 2538.0781   18.3463
   -7.5000  -22.5000  -15.0000 2585.4297   17.5882
    0.0000  -22.5000  -15.0000 2607.3162   17.5668
    7.5000  -22.5000  -15.0000 2578.0391   17.4804
   -7.5000  -15.0000  -15.0000 2607.7932   16.9597
    0.0000  -15.0000  -15.0000 2635.7083   16.9974
    7.5000  -15.0000  -15.0000 2597.4280   16.8906
   -7.5000   -7.5000  -15.0000 2619.6467   16.6878
    0.0000   -7.5000  -15.0000 2640.7000   16.7033
    7.5000   -7.5000  -15.0000 2609.2900   16.6081
   -7.5000    0.0000  -15.0000 2610.9236   16.7358
    0.0000    0.0000  -15.0000 2637.1992   16.6618
    7.5000    0.0000  -15.0000 2603.6672   16.6293
   -7.5000    7.5000  -15.0000 2595.3420   17.1361
    0.0000    7.5000  -15.0000 2624.9675   17.0677
    7.5000    7.5000  -15.0000 2593.4150   17.0397
   -7.5000   15.0000  -15.0000 2552.4097   17.8744
    0.0000   15.0000  -15.0000 2580.2290   17.8490
    7.5000   15.0000  -15.0000 2546.0024   17.7958
   -7.5000   22.5000  -15.0000 2488.4204   19.0019
    0.0000   22.5000  -15.0000 2516.0398   18.9441
    7.5000   22.5000  -15.0000 2481.1917   18.9036
   -7.5000   30.0000  -15.0000 2395.3877   20.5040
    0.0000   30.0000  -15.0000 2418.8279   20.3882
    7.5000   30.0000  -15.0000 2388.3254   20.3901
   -7.5000   37.5000  -15.0000 2268.5566   22.3629
    0.0000   37.5000  -15.0000 2282.8586   22.1941
    7.5000   37.5000  -15.0000 2263.4473   22.2712
   -7.5000   45.0000  -15.0000 2127.3301   24.7393
    0.0000   45.0000  -15.0000 2132.7817   24.4916
    7.5000   45.0000  -15.0000 2123.7559   24.6079
   -7.5000  -45.0000   -7.5000 2453.7996   20.6122
    0.0000  -45.0000   -7.5000 2467.7007   20.4770
    7.5000  -45.0000   -7.5000 2447.9568   20.4826
   -7.5000  -37.5000   -7.5000 2550.3445   18.8596
    0.0000  -37.5000   -7.5000 2570.3640   18.7532
    7.5000  -37.5000   -7.5000 2542.1450   18.7227
   -7.5000  -30.0000   -7.5000 2611.4670   17.5827
    0.0000  -30.0000   -7.5000 2630.0466   17.5427
    7.5000  -30.0000   -7.5000 2604.0354   17.4513
   -7.5000  -22.5000   -7.5000 2653.0698   16.6050
    0.0000  -22.5000   -7.5000 2668.9568   16.5779
    7.5000  -22.5000   -7.5000 2640.9333   16.5237
   -7.5000  -15.0000   -7.5000 2674.9424   15.9263
    0.0000  -15.0000   -7.5000 2701.0710   15.9618
    7.5000  -15.0000   -7.5000 2658.0237   15.8545
   -7.5000   -7.5000   -7.5000 2689.7786   15.6551
    0.0000   -7.5000   -7.5000 2708.0063   15.5960
    7.5000   -7.5000   -7.5000 2677.4934   15.6007
   -7.5000    0.0000   -7.5000 2683.9800   15.7829
    0.0000    0.0000   -7.5000 2710.8105   15.6951
    7.5000    0.0000   -7.5000 2681.3030   15.6999
   -7.5000    7.5000   -7.5000 2668.9492   16.2296
    0.0000    7.5000   -7.5000 2696.7778   16.1497
    7.5000    7.5000   -7.5000 2666.0168   16.1707
   -7.5000   15.0000   -7.5000 2623.3718   16.9855
    0.0000   15.0000   -7.5000 2647.2334   16.8926
    7.5000   15.0000   -7.5000 2619.0625   16.9252
   -7.5000   22.5000   -7.5000 2557.4426   18.0401
    0.0000   22.5000   -7.5000 2576.9280   17.9621
    7.5000   22.5000   -7.5000 2548.3481   17.9578
   -7.5000   30.0000   -7.5000 2451.2529   19.5050
    0.0000   30.0000   -7.5000 2477.1658   19.4325
    7.5000   30.0000   -7.5000 2444.0237   19.4170
   -7.5000   37.5000   -7.5000 2324.4395   21.3666
    0.0000   37.5000   -7.5000 2340.8384   21.2517
    7.5000   37.5000   -7.5000 2311.5383   21.2172
   -7.5000   45.0000   -7.5000 2167.6006   23.6739
    0.0000   45.0000   -7.5000 2176.9968   23.4896
    7.5000   45.0000   -7.5000 2160.6433   23.4755
   -7.5000  -45.0000    0.0000 2478.7849   20.0068
    0.0000  -45.0000    0.0000 2493.9089   19.8478
    7.5000  -45.0000    0.0000 2483.4226   19.9418
   -7.5000  -37.5000    0.0000 2585.7085   18.2403
    0.0000  -37.5000    0.0000 2608.3167   18.1231
    7.5000  -37.5000    0.0000 2588.5642   18.1920
   -7.5000  -30.0000    0.0000 2660.2949   16.9406
    0.0000  -30.0000    0.0000 2682.1052   16.8505
    7.5000  -30.0000    0.0000 2662.0979   16.8593
   -7.5000  -22.5000    0.0000 2701.6821   15.9347
    0.0000  -22.5000    0.0000 2729.4033   15.9020
    7.5000  -22.5000    0.0000 2697.0044   15.8639
   -7.5000  -15.0000    0.0000 2721.3018   15.1536
    0.0000  -15.0000    0.0000 2743.0867   15.0965
    7.5000  -15.0000    0.0000 2702.6204   15.1121
   -7.5000   -7.5000    0.0000 2738.8782   14.8263
    0.0000   -7.5000    0.0000 2752.4648   14.6826
    7.5000   -7.5000    0.0000 2727.8013   14.8088
   -7.5000    0.0000    0.0000 2741.6208   15.0372
    0.0000    0.0000    0.0000 2765.9751   14.9058
    7.5000    0.0000    0.0000 2744.5579   14.9912
   -7.5000    7.5000    0.0000 2723.5974   15.5266
    0.0000    7.5000    0.0000 2749.6943   15.4047
    7.5000    7.5000    0.0000 2730.4456   15.4977
   -7.5000   15.0000    0.0000 2670.1843   16.2949
    0.0000   15.0000    0.0000 2693.2849   16.1714
    7.5000   15.0000    0.0000 2672.3506   16.2414
   -7.5000   22.5000    0.0000 2599.7717   17.4284
    0.0000   22.5000    0.0000 2612.6240   17.3199
    7.5000   22.5000    0.0000 2594.4346   17.3642
   -7.5000   30.0000    0.0000 2491.2651   18.9086
    0.0000   30.0000    0.0000 2508.2847   18.7724
    7.5000   30.0000    0.0000 2483.5010   18.8139
   -7.5000   37.5000    0.0000 2366.6680   20.7106
    0.0000   37.5000    0.0000 2379.4116   20.5636
    7.5000   37.5000    0.0000 2358.5989   20.6103
   -7.5000   45.0000    0.0000 2202.4849   22.9829
    0.0000   45.0000    0.0000 2213.7200   22.8003
    7.5000   45.0000    0.0000 2199.5024   22.8567
   -7.5000  -45.0000    7.5000 2511.3826   19.7547
    0.0000  -45.0000    7.5000 2532.2373   19.5367
    7.5000  -45.0000    7.5000 2510.8730   19.7277
   -7.5000  -37.5000    7.5000 2620.4087   18.0571
    0.0000  -37.5000    7.5000 2643.3779   17.8307
    7.5000  -37.5000    7.5000 2625.0728   17.9813
   -7.5000  -30.0000    7.5000 2706.2925   16.7427
    0.0000  -30.0000    7.5000 2729.3853   16.5662
    7.5000  -30.0000    7.5000 2707.4807   16.6317
   -7.5000  -22.5000    7.5000 2764.7966   15.7435
    0.0000  -22.5000    7.5000 2795.0601   15.6302
    7.5000  -22.5000    7.5000 2761.4424   15.5938
   -7.5000  -15.0000    7.5000 2769.8274   14.7900
    0.0000  -15.0000    7.5000 2789.2188   14.5530
    7.5000  -15.0000    7.5000 2763.1812   14.7897
   -7.5000   -7.5000    7.5000 2779.0193   14.3094
    0.0000   -7.5000    7.5000 2786.8533   14.0049
    7.5000   -7.5000    7.5000 2772.8850   14.3438
   -7.5000    0.0000    7.5000 2782.8806   14.5227
    0.0000    0.0000    7.5000 2792.1926   14.2740
    7.5000    0.0000    7.5000 2783.6697   14.5321
   -7.5000    7.5000    7.5000 2764.1399   15.0992
    0.0000    7.5000    7.5000 2778.0305   14.8364
    7.5000    7.5000    7.5000 2775.3779   15.1004
   -7.5000   15.0000    7.5000 2717.0647   16.0114
    0.0000   15.0000    7.5000 2727.4175   15.7584
    7.5000   15.0000    7.5000 2727.9417   16.0075
   -7.5000   22.5000    7.5000 2639.7678   17.2423
    0.0000   22.5000    7.5000 2650.9595   16.9989
    7.5000   22.5000    7.5000 2646.0244   17.2240
   -7.5000   30.0000    7.5000 2534.7363   18.7075
    0.0000   30.0000    7.5000 2548.3557   18.4993
    7.5000   30.0000    7.5000 2530.1257   18.6756
   -7.5000   37.5000    7.5000 2401.8760   20.4838
    0.0000   37.5000    7.5000 2414.5811   20.2689
    7.5000   37.5000    7.5000 2394.5076   20.4321
   -7.5000   45.0000    7.5000 2233.8083   22.6406
    0.0000   45.0000    7.5000 2250.3713   22.4040
    7.5000   45.0000    7.5000 2230.0867   22.5814
   -7.5000  -45.0000   15.0000 2512.8015   19.6530
    0.0000  -45.0000   15.0000 2524.5806   19.3836
    7.5000  -45.0000   15.0000 2509.6179   19.6122
   -7.5000  -37.5000   15.0000 2630.3054   17.9696
    0.0000  -37.5000   15.0000 2647.0278   17.7208
    7.5000  -37.5000   15.0000 2623.9346   17.8928
   -7.5000  -30.0000   15.0000 2728.3909   16.7052
    0.0000  -30.0000   15.0000 2748.5852   16.4674
    7.5000  -30.0000   15.0000 2715.1770   16.5810
   -7.5000  -22.5000   15.0000 2807.8435   15.8146
    0.0000  -22.5000   15.0000 2832.7825   15.6154
    7.5000  -22.5000   15.0000 2787.4790   15.5736
   -7.5000  -15.0000   15.0000 2841.3228   14.9266
    0.0000  -15.0000   15.0000 2843.7314   14.4726
    7.5000  -15.0000   15.0000 2812.2039   14.7871
   -7.5000   -7.5000   15.0000 2828.9595   14.2355
    0.0000   -7.5000   15.0000 2802.3105   13.6669
    7.5000   -7.5000   15.0000 2820.9250   14.3513
   -7.5000    0.0000   15.0000 2811.8140   14.4646
    0.0000    0.0000   15.0000 2786.0127   13.9727
    7.5000    0.0000   15.0000 2807.1392   14.5732
   -7.5000    7.5000   15.0000 2786.6169   15.1289
    0.0000    7.5000   15.0000 2773.4241   14.7184
    7.5000    7.5000   15.0000 2790.0928   15.1314
   -7.5000   15.0000   15.0000 2742.3772   16.0650
    0.0000   15.0000   15.0000 2737.4915   15.7232
    7.5000   15.0000   15.0000 2736.9609   15.9876
   -7.5000   22.5000   15.0000 2661.5425   17.2774
    0.0000   22.5000   15.0000 2672.3059   17.0370
    7.5000   22.5000   15.0000 2655.0088   17.1593
   -7.5000   30.0000   15.0000 2549.1313   18.7704
    0.0000   30.0000   15.0000 2569.2258   18.5642
    7.5000   30.0000   15.0000 2537.8093   18.6256
   -7.5000   37.5000   15.0000 2416.6768   20.5097
    0.0000   37.5000   15.0000 2422.7166   20.3412
    7.5000   37.5000   15.0000 2408.0833   20.3884
   -7.5000   45.0000   15.0000 2252.2217   22.6473
    0.0000   45.0000   15.0000 2259.2546   22.4021
    7.5000   45.0000   15.0000 2246.0962   22.5284
   -7.5000  -45.0000   22.5000 2504.3235   19.8125
    0.0000  -45.0000   22.5000 2508.7053   19.4818
    7.5000  -45.0000   22.5000 2502.1641   19.8192
   -7.5000  -37.5000   22.5000 2624.2349   18.0730
    0.0000  -37.5000   22.5000 2623.6946   17.7203
    7.5000  -37.5000   22.5000 2617.4941   18.0302
   -7.5000  -30.0000   22.5000 2726.9326   16.7897
    0.0000  -30.0000   22.5000 2727.5818   16.4354
    7.5000  -30.0000   22.5000 2711.7410   16.6866
   -7.5000  -22.5000   22.5000 2809.3276   15.8506
    0.0000  -22.5000   22.5000 2810.7268   15.4845
    7.5000  -22.5000   22.5000 2789.9712   15.7246
   -7.5000  -15.0000   22.5000 2857.0005   15.0634
    0.0000  -15.0000   22.5000 2848.3083   14.6011
    7.5000  -15.0000   22.5000 2827.4031   15.0971
   -7.5000   -7.5000   22.5000 2884.9648   14.7877
    0.0000   -7.5000   22.5000 2872.6086   14.3469
    7.5000   -7.5000   22.5000 2852.3225   14.8134
   -7.5000    0.0000   22.5000 2831.3860   14.9070
    0.0000    0.0000   22.5000 2826.0051   14.5512
    7.5000    0.0000   22.5000 2824.3005   14.9655
   -7.5000    7.5000   22.5000 2786.4265   15.3992
    0.0000    7.5000   22.5000 2775.2378   15.0366
    7.5000    7.5000   22.5000 2782.2510   15.3473
   -7.5000   15.0000   22.5000 2737.0796   16.2394
    0.0000   15.0000   22.5000 2723.8564   15.8917
    7.5000   15.0000   22.5000 2725.1731   16.0856
   -7.5000   22.5000   22.5000 2658.5889   17.4311
    0.0000   22.5000   22.5000 2658.1729   17.1539
    7.5000   22.5000   22.5000 2640.8286   17.2422
   -7.5000   30.0000   22.5000 2550.9915   18.9245
    0.0000   30.0000   22.5000 2557.1565   18.7376
    7.5000   30.0000   22.5000 2534.7422   18.7802
   -7.5000   37.5000   22.5000 2413.4172   20.7429
    0.0000   37.5000   22.5000 2421.2273   20.6290
    7.5000   37.5000   22.5000 2403.5857   20.5979
   -7.5000   45.0000   22.5000 2245.3865   22.8406
    0.0000   45.0000   22.5000 2268.3149   22.7947
    7.5000   45.0000   22.5000 2237.0427   22.7541
   -7.5000  -45.0000   30.0000 2485.2454   20.2148
    0.0000  -45.0000   30.0000 2485.4248   19.7860
    7.5000  -45.0000   30.0000 2485.4961   20.2259
   -7.5000  -37.5000   30.0000 2606.9324   18.5237
    0.0000  -37.5000   30.0000 2605.1794   18.1365
    7.5000  -37.5000   30.0000 2602.5012   18.4969
   -7.5000  -30.0000   30.0000 2705.4260   17.1963
    0.0000  -30.0000   30.0000 2718.4041   16.9429
    7.5000  -30.0000   30.0000 2697.8059   17.1766
   -7.5000  -22.5000   30.0000 2791.1655   16.2661
    0.0000  -22.5000   30.0000 2804.8054   15.9285
    7.5000  -22.5000   30.0000 2782.8115   16.3471
   -7.5000  -15.0000   30.0000 2846.0308   15.6026
    0.0000  -15.0000   30.0000 2857.0344   15.3272
    7.5000  -15.0000   30.0000 2820.2930   15.6883
   -7.5000   -7.5000   30.0000 2890.3948   15.5255
    0.0000   -7.5000   30.0000 2897.0129   15.2928
    7.5000   -7.5000   30.0000 2847.5986   15.4528
   -7.5000    0.0000   30.0000 2847.0850   15.7248
    0.0000    0.0000   30.0000 2860.3494   15.5503
    7.5000    0.0000   30.0000 2816.5862   15.6381
   -7.5000    7.5000   30.0000 2779.0410   16.1209
    0.0000    7.5000   30.0000 2791.4048   15.9893
    7.5000    7.5000   30.0000 2766.6309   16.0179
   -7.5000   15.0000   30.0000 2706.8105   16.8390
    0.0000   15.0000   30.0000 2716.7949   16.6865
    7.5000   15.0000   30.0000 2693.7068   16.7066
   -7.5000   22.5000   30.0000 2623.7112   17.9095
    0.0000   22.5000   30.0000 2633.7952   17.7613
    7.5000   22.5000   30.0000 2608.5327   17.7436
   -7.5000   30.0000   30.0000 2517.6628   19.2968
    0.0000   30.0000   30.0000 2530.5544   19.1937
    7.5000   30.0000   30.0000 2507.1226   19.1497
   -7.5000   37.5000   30.0000 2377.4397   21.0678
    0.0000   37.5000   30.0000 2388.9211   20.9494
    7.5000   37.5000   30.0000 2371.4492   20.9033
   -7.5000   45.0000   30.0000 2230.1812   23.2852
    0.0000   45.0000   30.0000 2243.6743   23.1068
    7.5000   45.0000   30.0000 2222.5579   23.0924
   -7.5000  -45.0000   37.5000 2469.4258   20.9258
    0.0000  -45.0000   37.5000 2482.2104   20.7101
    7.5000  -45.0000   37.5000 2459.8591   21.0050
   -7.5000  -37.5000   37.5000 2590.6765   19.2685
    0.0000  -37.5000   37.5000 2605.9683   19.1148
    7.5000  -37.5000   37.5000 2578.4868   19.3309
   -7.5000  -30.0000   37.5000 2691.0977   17.9611
    0.0000  -30.0000   37.5000 2703.4241   17.7141
    7.5000  -30.0000   37.5000 2676.2449   18.0165
   -7.5000  -22.5000   37.5000 2769.9866   16.9288
    0.0000  -22.5000   37.5000 2776.4690   16.5428
    7.5000  -22.5000   37.5000 2754.8860   17.0205
   -7.5000  -15.0000   37.5000 2824.8435   16.3191
    0.0000  -15.0000   37.5000 2827.4412   16.0323
    7.5000  -15.0000   37.5000 2797.6443   16.3314
   -7.5000   -7.5000   37.5000 2860.3105   16.2594
    0.0000   -7.5000   37.5000 2863.9380   15.9813
    7.5000   -7.5000   37.5000 2827.3801   16.1915
   -7.5000    0.0000   37.5000 2828.6042   16.4555
    0.0000    0.0000   37.5000 2833.2334   16.2133
    7.5000    0.0000   37.5000 2801.5830   16.3901
   -7.5000    7.5000   37.5000 2759.4211   16.9733
    0.0000    7.5000   37.5000 2772.1165   16.7321
    7.5000    7.5000   37.5000 2745.8943   16.8675
   -7.5000   15.0000   37.5000 2675.6587   17.7197
    0.0000   15.0000   37.5000 2697.4265   17.5796
    7.5000   15.0000   37.5000 2667.9124   17.6084
   -7.5000   22.5000   37.5000 2587.0884   18.7966
    0.0000   22.5000   37.5000 2607.0164   18.6915
    7.5000   22.5000   37.5000 2573.6548   18.5933
   -7.5000   30.0000   37.5000 2471.5278   20.0796
    0.0000   30.0000   37.5000 2483.9292   19.9640
    7.5000   30.0000   37.5000 2462.7131   19.8724
   -7.5000   37.5000   37.5000 2341.6553   21.7373
    0.0000   37.5000   37.5000 2356.8552   21.6328
    7.5000   37.5000   37.5000 2325.8770   21.4980
   -7.5000   45.0000   37.5000 2196.9692   23.9365
    0.0000   45.0000   37.5000 2217.5378   23.7999
    7.5000   45.0000   37.5000 2190.7263   23.7083
   -7.5000  -45.0000   45.0000 2452.6753   22.0232
    0.0000  -45.0000   45.0000 2462.2974   21.8711
    7.5000  -45.0000   45.0000 2431.0928   22.0605
   -7.5000  -37.5000   45.0000 2557.2056   20.2346
    0.0000  -37.5000   45.0000 2569.8958   20.0288
    7.5000  -37.5000   45.0000 2540.3718   20.2793
   -7.5000  -30.0000   45.0000 2648.2437   18.7680
    0.0000  -30.0000   45.0000 2660.5525   18.4453
    7.5000  -30.0000   45.0000 2631.2036   18.8483
   -7.5000  -22.5000   45.0000 2723.7649   17.7061
    0.0000  -22.5000   45.0000 2729.6445   17.3920
    7.5000  -22.5000   45.0000 2703.7959   17.7734
   -7.5000  -15.0000   45.0000 2770.3643   17.1576
    0.0000  -15.0000   45.0000 2771.3687   16.8621
    7.5000  -15.0000   45.0000 2749.9407   17.1645
   -7.5000   -7.5000   45.0000 2794.7090   17.0972
    0.0000   -7.5000   45.0000 2795.3262   16.8026
    7.5000   -7.5000   45.0000 2770.6484   17.0633
   -7.5000    0.0000   45.0000 2766.4036   17.3135
    0.0000    0.0000   45.0000 2767.6074   17.0160
    7.5000    0.0000   45.0000 2748.2410   17.2853
   -7.5000    7.5000   45.0000 2706.4229   17.8063
    0.0000    7.5000   45.0000 2718.2820   17.5351
    7.5000    7.5000   45.0000 2692.1953   17.7283
   -7.5000   15.0000   45.0000 2629.1306   18.6483
    0.0000   15.0000   45.0000 2646.2139   18.4257
    7.5000   15.0000   45.0000 2619.0491   18.5126
   -7.5000   22.5000   45.0000 2538.7075   19.7709
    0.0000   22.5000   45.0000 2562.3291   19.6544
    7.5000   22.5000   45.0000 2531.0789   19.6043
   -7.5000   30.0000   45.0000 2414.5088   21.1265
    0.0000   30.0000   45.0000 2432.9839   20.9997
    7.5000   30.0000   45.0000 2403.7878   20.9011
   -7.5000   37.5000   45.0000 2286.8540   22.7205
    0.0000   37.5000   45.0000 2303.6675   22.6121
    7.5000   37.5000   45.0000 2270.9829   22.5387
   -7.5000   45.0000   45.0000 2154.0195   24.9225
    0.0000   45.0000   45.0000 2168.9568   24.7510
    7.5000   45.0000   45.0000 2145.7659   24.7151

---------------------------------------------------------------------
imgreg_4dfp /opt/freesurfer/average/711-2C_as_mni_average_305 /opt/freesurfer/average/711-2B_as_mni_average_305_mask talsrcimg_g11 none talsrcimg_to_711-2C_as_mni_average_305_t4 1283
---------------------------------------------------------------------

freesurfer imgreg_4dfp.c
/opt/freesurfer/average/711-2C_as_mni_average_305.4dfp.img
       256       256       256         1
  1.000000  1.000000  1.000000
orientation T byte_order littleendian
Reading image: /opt/freesurfer/average/711-2C_as_mni_average_305.4dfp.img
dimensions:      256       256       256
mmppix:       1.0000   -1.0000   -1.0000
center:     128.0000 -129.0000 -129.0000
/opt/freesurfer/average/711-2B_as_mni_average_305_mask.4dfp.img
       256       256       256         1
  1.000000  1.000000  1.000000
orientation T byte_order littleendian
Reading mask: /opt/freesurfer/average/711-2B_as_mni_average_305_mask.4dfp.img (2306576 pixels)
talsrcimg_g11.4dfp.img
       256       256       256         1
  1.000000  1.000000  1.000000
orientation T byte_order littleendian
Reading image: talsrcimg_g11.4dfp.img
dimensions:      256       256       256
mmppix:       1.0000   -1.0000   -1.0000
center:     128.0000 -129.0000 -129.0000
rotation matrix determinant  1.000000
fimgreg.f
image alignment mode   1283 decimal      503 hex
parameters
    0.0000   -7.5000   30.0000    0.0000    0.0000    0.0000
eta,q 0.90897 15.26875
niter,ni,del,rscale     5    3   12.0000    1.2000
parameter  1  0.874887 ->  0.500000 qaram    1.1500
parameters
   -3.4500   -7.2226   28.2664   -0.6509    2.5119   -2.8018
eta,q 0.91260 15.10621
  0.0927  0.1046  0.0930  0.0987  0.0958  0.0885
  0.0915  0.0985  0.0919  0.0941  0.0930  0.0874
  0.0932  0.0930  0.0907  0.0907  0.0921  0.0875
  0.0956  0.0909  0.0911  0.0903  0.0901  0.0880
  0.0948  0.0925  0.0929  0.0933  0.0882  0.0898
  0.0944  0.0972  0.0949  0.0979  0.0887  0.0920
  0.0999  0.1021  0.0985  0.1017  0.0909  0.0947
niter,ni,del,rscale     5    3   12.0000    1.2000
parameters
   -3.7148   -6.4527   28.3498   -0.9539    2.7732   -3.2898
eta,q 0.91323 15.15170
  0.0948  0.1024  0.0963  0.0942  0.0910  0.0900
  0.0882  0.0964  0.0919  0.0895  0.0886  0.0881
  0.0854  0.0900  0.0886  0.0868  0.0869  0.0869
  0.0874  0.0869  0.0868  0.0869  0.0867  0.0868
  0.0900  0.0879  0.0886  0.0889  0.0878  0.0873
  0.0901  0.0916  0.0919  0.0916  0.0888  0.0887
  0.0937  0.0965  0.0956  0.0945  0.0896  0.0914
niter,ni,del,rscale     4    3   12.0000    1.2000
parameters
   -3.6712   -6.1332   28.3997   -0.9833    2.9062   -3.3784
eta,q 0.91314 15.16806
  0.0956  0.1008  0.0964  0.0943  0.0905  0.0908
  0.0887  0.0943  0.0919  0.0897  0.0882  0.0886
  0.0856  0.0886  0.0885  0.0871  0.0868  0.0873
  0.0868  0.0868  0.0868  0.0868  0.0868  0.0869
  0.0894  0.0888  0.0888  0.0884  0.0879  0.0875
  0.0895  0.0928  0.0921  0.0906  0.0886  0.0885
  0.0935  0.0977  0.0957  0.0934  0.0894  0.0911
niter,ni,del,rscale     3    3   12.0000    1.2000
parameters
   -3.6646   -6.0079   28.4125   -1.0047    2.9620   -3.4026
eta,q 0.91307 15.17343
  0.0956  0.1001  0.0965  0.0941  0.0904  0.0909
  0.0889  0.0934  0.0919  0.0896  0.0881  0.0887
  0.0857  0.0881  0.0884  0.0871  0.0868  0.0874
  0.0869  0.0869  0.0869  0.0869  0.0869  0.0869
  0.0893  0.0892  0.0890  0.0884  0.0880  0.0875
  0.0893  0.0933  0.0923  0.0904  0.0887  0.0886
  0.0941  0.0982  0.0960  0.0933  0.0894  0.0911
niter,ni,del,rscale     2    3   12.0000    1.2000
parameters
   -3.6760   -5.9602   28.4129   -1.0219    2.9835   -3.4203
eta,q 0.91306 15.17559
  0.0957  0.0997  0.0966  0.0941  0.0903  0.0910
  0.0890  0.0931  0.0919  0.0896  0.0880  0.0887
  0.0858  0.0879  0.0884  0.0872  0.0868  0.0874
  0.0869  0.0869  0.0869  0.0869  0.0869  0.0869
  0.0893  0.0893  0.0891  0.0884  0.0880  0.0876
  0.0893  0.0935  0.0924  0.0904  0.0887  0.0886
  0.0944  0.0984  0.0960  0.0933  0.0894  0.0910
registration optimization eta report
parameter search radius
    6.9000    6.0000    6.0000    6.0000    6.0000    6.0000
100000*second partial in parameter space
       17.       33.       25.       19.        8.       11.
  0.0957  0.0997  0.0966  0.0941  0.0903  0.0910
  0.0890  0.0931  0.0919  0.0896  0.0880  0.0887
  0.0858  0.0879  0.0884  0.0872  0.0868  0.0874
  0.0869  0.0869  0.0869  0.0869  0.0869  0.0869
  0.0893  0.0893  0.0891  0.0884  0.0880  0.0876
  0.0893  0.0935  0.0924  0.0904  0.0887  0.0886
  0.0944  0.0984  0.0960  0.0933  0.0894  0.0910
   -3.6760   -5.9602   28.4129   -1.0219    2.9835   -3.4203
eta,q 0.91306 15.17559

---------------------------------------------------------------------
imgreg_4dfp /opt/freesurfer/average/711-2C_as_mni_average_305 /opt/freesurfer/average/711-2B_as_mni_average_305_mask talsrcimg_g11 none talsrcimg_to_711-2C_as_mni_average_305_t4 3335
---------------------------------------------------------------------

freesurfer imgreg_4dfp.c
/opt/freesurfer/average/711-2C_as_mni_average_305.4dfp.img
       256       256       256         1
  1.000000  1.000000  1.000000
orientation T byte_order littleendian
Reading image: /opt/freesurfer/average/711-2C_as_mni_average_305.4dfp.img
dimensions:      256       256       256
mmppix:       1.0000   -1.0000   -1.0000
center:     128.0000 -129.0000 -129.0000
/opt/freesurfer/average/711-2B_as_mni_average_305_mask.4dfp.img
       256       256       256         1
  1.000000  1.000000  1.000000
orientation T byte_order littleendian
Reading mask: /opt/freesurfer/average/711-2B_as_mni_average_305_mask.4dfp.img (2306576 pixels)
talsrcimg_g11.4dfp.img
       256       256       256         1
  1.000000  1.000000  1.000000
orientation T byte_order littleendian
Reading image: talsrcimg_g11.4dfp.img
dimensions:      256       256       256
mmppix:       1.0000   -1.0000   -1.0000
center:     128.0000 -129.0000 -129.0000
fimgreg.f
image alignment mode   3335 decimal      D07 hex
parameters
   -3.6760   -5.9602   28.4129   -0.3134   -0.1995   -0.1514
    6.0577   -5.0883   -5.9579    2.0907    5.2048   -1.7810
eta,q 0.91286 15.17867
niter,ni,del,rscale     5    3    5.0000    1.2000
parameter  4-17.135239 ->  0.500000 qaram    1.1500
parameter  5  2.253307 ->  0.500000 qaram    1.1500
parameter  7  0.940768 ->  0.500000 qaram    1.1500
parameter 10 -0.643854 -> -0.500000 qaram    1.1500
parameter 12 -1.231882 -> -0.500000 qaram    1.1500
parameters
   -3.4077   -5.7515   27.9427   -4.4534   -4.3395   -2.8586
    1.9177   -4.9764   -4.7147    6.2307    1.8425    2.3590
eta,q 0.93088 15.17561
  0.0889  0.0895  0.0876  0.0708  0.0707  0.0731  0.0718  0.0777  0.0735  0.0782  0.0706  0.0743
  0.0880  0.0885  0.0872  0.0753  0.0728  0.0733  0.0718  0.0741  0.0728  0.0756  0.0704  0.0728
  0.0874  0.0876  0.0871  0.0811  0.0749  0.0733  0.0724  0.0722  0.0723  0.0735  0.0703  0.0714
  0.0871  0.0871  0.0871  0.0871  0.0769  0.0734  0.0733  0.0719  0.0719  0.0719  0.0705  0.0703
  0.0872  0.0872  0.0873  0.0927  0.0801  0.0735  0.0747  0.0726  0.0719  0.0708  0.0708  0.0695
  0.0876  0.0878  0.0877  0.0979  0.0836  0.0754  0.0764  0.0742  0.0722  0.0706  0.0712  0.0690
  0.0883  0.0889  0.0884  0.1022  0.0872  0.0819  0.0784  0.0769  0.0727  0.0712  0.0718  0.0687
niter,ni,del,rscale     7    3    5.0000    1.2000
parameter  3  2.625321 ->  0.500000 qaram    1.1500
parameter  4  1.820270 ->  0.500000 qaram    1.3225
parameter  5  1.331695 ->  0.500000 qaram    1.3225
parameter 11  0.857048 ->  0.500000 qaram    1.1500
parameters
   -3.1365   -5.8786   26.5627   -9.2144   -9.1005   -4.8248
    0.7710   -5.6234   -4.6620    4.8019   -2.2975   -1.0817
eta,q 0.94315 14.86829
  0.0726  0.0706  0.0667  0.0569  0.0563  0.0576  0.0593  0.0608  0.0584  0.0593  0.0569  0.0569
  0.0710  0.0696  0.0673  0.0589  0.0570  0.0576  0.0581  0.0583  0.0578  0.0580  0.0568  0.0569
  0.0698  0.0691  0.0681  0.0620  0.0580  0.0574  0.0575  0.0573  0.0574  0.0573  0.0570  0.0568
  0.0691  0.0691  0.0690  0.0676  0.0596  0.0573  0.0574  0.0574  0.0573  0.0573  0.0572  0.0569
  0.0692  0.0694  0.0701  0.0751  0.0622  0.0572  0.0579  0.0581  0.0574  0.0580  0.0575  0.0570
  0.0700  0.0700  0.0712  0.0819  0.0648  0.0580  0.0591  0.0596  0.0578  0.0594  0.0579  0.0574
  0.0715  0.0708  0.0725  0.0877  0.0675  0.0612  0.0608  0.0619  0.0584  0.0614  0.0583  0.0581
niter,ni,del,rscale     7    3    5.0000    1.2000
parameter  2  1.391397 ->  0.500000 qaram    1.1500
parameter  3-18.880547 ->  0.500000 qaram    1.3225
parameter  4  0.745811 ->  0.500000 qaram    1.5209
parameter  5  1.823397 ->  0.500000 qaram    1.5209
parameter  6  1.379939 ->  0.500000 qaram    1.1500
parameter  9 -0.590414 -> -0.500000 qaram    1.1500
parameter 10  4.693008 ->  0.500000 qaram    1.3225
parameter 11 -1.113753 -> -0.500000 qaram    1.3225
parameter 12  1.777738 ->  0.500000 qaram    1.3225
parameters
   -3.0236   -7.2586   24.9757  -14.6896  -14.5757   -8.9648
    3.2865   -5.0895   -0.5220    0.0409    2.4635   -5.8427
eta,q 0.96862 14.76070
  0.0599  0.0550  0.0488  0.0469  0.0418  0.0413  0.0461  0.0446  0.0444  0.0341  0.0398  0.0301
  0.0583  0.0554  0.0510  0.0475  0.0429  0.0419  0.0444  0.0433  0.0433  0.0357  0.0386  0.0310
  0.0573  0.0560  0.0533  0.0489  0.0450  0.0425  0.0429  0.0422  0.0424  0.0383  0.0374  0.0327
  0.0569  0.0568  0.0555  0.0516  0.0478  0.0434  0.0420  0.0417  0.0417  0.0412  0.0363  0.0351
  0.0570  0.0579  0.0577  0.0568  0.0504  0.0443  0.0417  0.0418  0.0413  0.0440  0.0355  0.0381
  0.0579  0.0592  0.0598  0.0661  0.0536  0.0453  0.0421  0.0426  0.0412  0.0470  0.0350  0.0414
  0.0594  0.0607  0.0619  0.0752  0.0577  0.0475  0.0431  0.0440  0.0415  0.0499  0.0350  0.0444
niter,ni,del,rscale     7    3    5.0000    1.2000
parameter  2  0.554158 ->  0.500000 qaram    1.3225
parameter  3  1.479733 ->  0.500000 qaram    1.5209
parameters
   -2.0513   -8.8456   23.1506  -16.9171  -16.0254   -6.6280
    2.0715   -5.4234   -2.1464   -1.9198    4.2470   -7.6763
eta,q 0.97461 14.73383
  0.0380  0.0302  0.0238  0.0300  0.0336  0.0308  0.0286  0.0298  0.0275  0.0286  0.0277  0.0264
  0.0351  0.0294  0.0252  0.0277  0.0304  0.0290  0.0268  0.0276  0.0262  0.0267  0.0266  0.0258
  0.0329  0.0295  0.0270  0.0262  0.0277  0.0276  0.0259  0.0261  0.0256  0.0256  0.0258  0.0255
  0.0314  0.0307  0.0293  0.0257  0.0259  0.0264  0.0258  0.0257  0.0257  0.0256  0.0254  0.0254
  0.0308  0.0333  0.0322  0.0265  0.0269  0.0258  0.0267  0.0264  0.0265  0.0268  0.0254  0.0257
  0.0310  0.0369  0.0360  0.0304  0.0330  0.0265  0.0284  0.0281  0.0278  0.0293  0.0257  0.0265
  0.0322  0.0415  0.0403  0.0406  0.0419  0.0279  0.0309  0.0306  0.0297  0.0334  0.0265  0.0282
niter,ni,del,rscale     7    3    5.0000    1.2000
parameter  3  0.942114 ->  0.500000 qaram    1.7490
parameters
   -1.9811   -7.8756   21.0518  -16.0644  -16.4940   -6.5282
    2.4015   -5.4809   -2.5337   -0.3190    4.3548  -10.7632
eta,q 0.97780 14.77686
  0.0289  0.0321  0.0219  0.0289  0.0320  0.0268  0.0267  0.0267  0.0251  0.0290  0.0239  0.0230
  0.0270  0.0292  0.0222  0.0261  0.0284  0.0249  0.0245  0.0243  0.0236  0.0255  0.0231  0.0224
  0.0258  0.0269  0.0232  0.0239  0.0250  0.0235  0.0231  0.0230  0.0227  0.0234  0.0226  0.0222
  0.0254  0.0254  0.0248  0.0225  0.0222  0.0225  0.0225  0.0225  0.0225  0.0225  0.0224  0.0224
  0.0257  0.0248  0.0272  0.0219  0.0217  0.0219  0.0228  0.0230  0.0229  0.0226  0.0225  0.0230
  0.0268  0.0254  0.0304  0.0227  0.0268  0.0230  0.0240  0.0245  0.0240  0.0235  0.0230  0.0239
  0.0285  0.0272  0.0343  0.0287  0.0376  0.0283  0.0261  0.0267  0.0256  0.0256  0.0239  0.0253
niter,ni,del,rscale     7    3    5.0000    1.2000
parameters
   -1.8428   -7.4110   19.2662  -16.0895  -16.4688   -7.5413
    2.6163   -5.1929   -2.5290    1.4258    4.6712  -12.2634
eta,q 0.97846 14.78557
  0.0261  0.0275  0.0226  0.0280  0.0318  0.0259  0.0255  0.0266  0.0243  0.0288  0.0232  0.0230
  0.0241  0.0249  0.0215  0.0251  0.0280  0.0239  0.0235  0.0236  0.0228  0.0245  0.0224  0.0220
  0.0227  0.0231  0.0213  0.0228  0.0244  0.0223  0.0221  0.0221  0.0219  0.0223  0.0218  0.0216
  0.0222  0.0222  0.0221  0.0213  0.0213  0.0213  0.0216  0.0216  0.0216  0.0216  0.0216  0.0216
  0.0225  0.0222  0.0237  0.0206  0.0198  0.0207  0.0219  0.0220  0.0219  0.0219  0.0218  0.0221
  0.0235  0.0231  0.0262  0.0220  0.0239  0.0238  0.0231  0.0235  0.0228  0.0228  0.0222  0.0229
  0.0253  0.0252  0.0299  0.0309  0.0359  0.0331  0.0252  0.0256  0.0243  0.0244  0.0230  0.0240
niter,ni,del,rscale     6    3    5.0000    1.2000
parameters
   -1.7599   -7.0566   19.0436  -15.8662  -16.3853   -7.6670
    2.6782   -5.1330   -2.6693    2.3869    4.7890  -12.8379
eta,q 0.97857 14.81381
  0.0252  0.0261  0.0252  0.0281  0.0318  0.0264  0.0252  0.0260  0.0239  0.0275  0.0230  0.0234
  0.0233  0.0239  0.0230  0.0253  0.0281  0.0243  0.0232  0.0231  0.0225  0.0235  0.0222  0.0221
  0.0220  0.0223  0.0218  0.0230  0.0245  0.0226  0.0219  0.0218  0.0216  0.0217  0.0216  0.0215
  0.0215  0.0215  0.0215  0.0214  0.0214  0.0213  0.0214  0.0214  0.0214  0.0214  0.0215  0.0215
  0.0219  0.0216  0.0222  0.0208  0.0199  0.0204  0.0217  0.0219  0.0217  0.0219  0.0217  0.0219
  0.0230  0.0226  0.0237  0.0219  0.0238  0.0220  0.0230  0.0234  0.0226  0.0230  0.0221  0.0226
  0.0247  0.0246  0.0259  0.0301  0.0356  0.0294  0.0252  0.0254  0.0241  0.0248  0.0229  0.0237
niter,ni,del,rscale     5    3    5.0000    1.2000
parameters
   -1.7358   -6.9370   18.8729  -15.8892  -16.3404   -7.7337
    2.7483   -5.1048   -2.7420    2.7994    4.9082  -13.0428
eta,q 0.97855 14.82086
  0.0249  0.0254  0.0252  0.0280  0.0316  0.0265  0.0252  0.0258  0.0239  0.0267  0.0230  0.0236
  0.0230  0.0234  0.0230  0.0252  0.0280  0.0244  0.0232  0.0230  0.0225  0.0230  0.0222  0.0222
  0.0218  0.0220  0.0218  0.0230  0.0245  0.0227  0.0219  0.0218  0.0217  0.0215  0.0216  0.0216
  0.0214  0.0214  0.0214  0.0214  0.0214  0.0214  0.0214  0.0214  0.0214  0.0214  0.0215  0.0215
  0.0218  0.0216  0.0220  0.0208  0.0199  0.0204  0.0218  0.0220  0.0217  0.0220  0.0216  0.0218
  0.0229  0.0228  0.0235  0.0222  0.0238  0.0219  0.0230  0.0234  0.0225  0.0232  0.0221  0.0225
  0.0247  0.0250  0.0258  0.0309  0.0356  0.0293  0.0251  0.0254  0.0240  0.0252  0.0229  0.0236
niter,ni,del,rscale     4    3    5.0000    1.2000
parameters
   -1.7313   -6.8698   18.7974  -15.8725  -16.3519   -7.7705
    2.7874   -5.1005   -2.8075    2.9724    4.9888  -13.1367
eta,q 0.97852 14.82326
  0.0248  0.0253  0.0254  0.0280  0.0316  0.0265  0.0252  0.0258  0.0239  0.0263  0.0230  0.0237
  0.0230  0.0233  0.0231  0.0252  0.0280  0.0245  0.0232  0.0230  0.0225  0.0229  0.0222  0.0223
  0.0218  0.0220  0.0219  0.0230  0.0245  0.0227  0.0219  0.0218  0.0217  0.0215  0.0217  0.0216
  0.0214  0.0214  0.0214  0.0214  0.0214  0.0214  0.0215  0.0215  0.0215  0.0215  0.0215  0.0215
  0.0218  0.0217  0.0220  0.0208  0.0200  0.0204  0.0219  0.0220  0.0217  0.0221  0.0217  0.0218
  0.0230  0.0229  0.0234  0.0221  0.0240  0.0219  0.0231  0.0235  0.0226  0.0233  0.0222  0.0225
  0.0248  0.0251  0.0256  0.0308  0.0358  0.0292  0.0252  0.0254  0.0240  0.0253  0.0229  0.0236
niter,ni,del,rscale     3    3    5.0000    1.2000
parameters
   -1.7295   -6.8312   18.7617  -15.8694  -16.3710   -7.7935
    2.8094   -5.1014   -2.8427    3.0583    5.0298  -13.1877
eta,q 0.97850 14.82325
  0.0248  0.0252  0.0255  0.0280  0.0315  0.0266  0.0252  0.0258  0.0239  0.0262  0.0230  0.0237
  0.0230  0.0233  0.0232  0.0252  0.0280  0.0245  0.0232  0.0230  0.0226  0.0228  0.0222  0.0223
  0.0219  0.0220  0.0219  0.0230  0.0245  0.0228  0.0220  0.0218  0.0218  0.0215  0.0217  0.0216
  0.0215  0.0215  0.0215  0.0215  0.0215  0.0215  0.0215  0.0215  0.0215  0.0215  0.0215  0.0215
  0.0219  0.0217  0.0220  0.0208  0.0200  0.0204  0.0219  0.0221  0.0218  0.0222  0.0217  0.0219
  0.0230  0.0229  0.0234  0.0222  0.0240  0.0219  0.0231  0.0235  0.0226  0.0234  0.0222  0.0225
  0.0248  0.0252  0.0256  0.0308  0.0358  0.0292  0.0252  0.0254  0.0240  0.0254  0.0229  0.0236
niter,ni,del,rscale     2    3    5.0000    1.2000
parameters
   -1.7292   -6.8075   18.7440  -15.8653  -16.3880   -7.8062
    2.8246   -5.1006   -2.8683    3.1077    5.0528  -13.2254
eta,q 0.97848 14.82297
  0.0248  0.0252  0.0256  0.0281  0.0315  0.0266  0.0252  0.0258  0.0239  0.0262  0.0230  0.0238
  0.0230  0.0232  0.0232  0.0253  0.0280  0.0245  0.0232  0.0230  0.0226  0.0228  0.0222  0.0223
  0.0219  0.0220  0.0220  0.0230  0.0245  0.0228  0.0220  0.0218  0.0218  0.0215  0.0217  0.0217
  0.0215  0.0215  0.0215  0.0215  0.0215  0.0215  0.0215  0.0215  0.0215  0.0215  0.0215  0.0215
  0.0219  0.0218  0.0220  0.0208  0.0200  0.0204  0.0219  0.0221  0.0218  0.0222  0.0217  0.0219
  0.0230  0.0230  0.0234  0.0222  0.0240  0.0219  0.0232  0.0235  0.0226  0.0234  0.0222  0.0225
  0.0248  0.0253  0.0256  0.0308  0.0358  0.0292  0.0252  0.0254  0.0240  0.0254  0.0230  0.0236
registration optimization eta report
parameter search radius
    2.4000    3.1740    4.1976   10.9503   10.9503    8.2800
    8.2800    7.2000    8.2800    9.5220    9.5220    9.5220
100000*second partial in parameter space
       57.       37.       23.        7.       10.       10.
        5.        8.        4.        5.        2.        2.
  0.0248  0.0252  0.0256  0.0281  0.0315  0.0266  0.0252  0.0258  0.0239  0.0262  0.0230  0.0238
  0.0230  0.0232  0.0232  0.0253  0.0280  0.0245  0.0232  0.0230  0.0226  0.0228  0.0222  0.0223
  0.0219  0.0220  0.0220  0.0230  0.0245  0.0228  0.0220  0.0218  0.0218  0.0215  0.0217  0.0217
  0.0215  0.0215  0.0215  0.0215  0.0215  0.0215  0.0215  0.0215  0.0215  0.0215  0.0215  0.0215
  0.0219  0.0218  0.0220  0.0208  0.0200  0.0204  0.0219  0.0221  0.0218  0.0222  0.0217  0.0219
  0.0230  0.0230  0.0234  0.0222  0.0240  0.0219  0.0232  0.0235  0.0226  0.0234  0.0222  0.0225
  0.0248  0.0253  0.0256  0.0308  0.0358  0.0292  0.0252  0.0254  0.0240  0.0254  0.0230  0.0236
   -1.7292   -6.8075   18.7440  -15.8653  -16.3880   -7.8062
    2.8246   -5.1006   -2.8683    3.1077    5.0528  -13.2254
eta,q 0.97848 14.82297

---------------------------------------------------------------------
imgreg_4dfp /opt/freesurfer/average/711-2C_as_mni_average_305 /opt/freesurfer/average/711-2B_as_mni_average_305_mask talsrcimg_g11 none talsrcimg_to_711-2C_as_mni_average_305_t4 2311
---------------------------------------------------------------------

freesurfer imgreg_4dfp.c
/opt/freesurfer/average/711-2C_as_mni_average_305.4dfp.img
       256       256       256         1
  1.000000  1.000000  1.000000
orientation T byte_order littleendian
Reading image: /opt/freesurfer/average/711-2C_as_mni_average_305.4dfp.img
dimensions:      256       256       256
mmppix:       1.0000   -1.0000   -1.0000
center:     128.0000 -129.0000 -129.0000
/opt/freesurfer/average/711-2B_as_mni_average_305_mask.4dfp.img
       256       256       256         1
  1.000000  1.000000  1.000000
orientation T byte_order littleendian
Reading mask: /opt/freesurfer/average/711-2B_as_mni_average_305_mask.4dfp.img (2306576 pixels)
talsrcimg_g11.4dfp.img
       256       256       256         1
  1.000000  1.000000  1.000000
orientation T byte_order littleendian
Reading image: talsrcimg_g11.4dfp.img
dimensions:      256       256       256
mmppix:       1.0000   -1.0000   -1.0000
center:     128.0000 -129.0000 -129.0000
fimgreg.f
image alignment mode   2311 decimal      907 hex
parameters
   -1.7292   -6.8075   18.7440  -15.8653  -16.3880   -7.8062
    2.8246   -5.1006   -2.8683    3.1077    5.0528  -13.2254
eta,q 0.97848 14.82297
niter,ni,del,rscale     5    3    5.0000    0.8000
parameter  4 -0.917561 -> -0.500000 qaram    1.1500
parameter  5 -0.582094 -> -0.500000 qaram    1.1500
parameters
   -1.7368   -6.6783   18.7292  -13.1053  -13.6280   -5.9692
    2.5480   -4.5711   -2.5702    4.2417    5.2725  -13.4708
eta,q 0.98081 15.13292
  0.0230  0.0226  0.0221  0.0237  0.0249  0.0224  0.0212  0.0232  0.0210  0.0223  0.0198  0.0202
  0.0222  0.0220  0.0218  0.0228  0.0234  0.0214  0.0201  0.0206  0.0201  0.0207  0.0194  0.0196
  0.0217  0.0217  0.0216  0.0221  0.0221  0.0206  0.0194  0.0194  0.0195  0.0197  0.0193  0.0193
  0.0215  0.0215  0.0215  0.0215  0.0209  0.0199  0.0192  0.0192  0.0193  0.0193  0.0192  0.0192
  0.0217  0.0216  0.0216  0.0211  0.0201  0.0193  0.0195  0.0196  0.0194  0.0192  0.0192  0.0194
  0.0222  0.0218  0.0218  0.0209  0.0199  0.0190  0.0203  0.0202  0.0198  0.0195  0.0194  0.0198
  0.0230  0.0223  0.0221  0.0209  0.0208  0.0205  0.0218  0.0213  0.0206  0.0203  0.0197  0.0204
niter,ni,del,rscale     6    3    5.0000    0.9000
parameters
   -1.7248   -7.4980   18.2676  -13.9459  -13.8256   -6.7141
    2.9130   -4.8514   -2.4574    3.4411    5.4858  -12.4171
eta,q 0.98087 15.08691
  0.0214  0.0193  0.0194  0.0208  0.0237  0.0218  0.0216  0.0220  0.0207  0.0206  0.0198  0.0207
  0.0202  0.0189  0.0188  0.0198  0.0217  0.0207  0.0204  0.0199  0.0199  0.0196  0.0194  0.0199
  0.0195  0.0188  0.0187  0.0190  0.0200  0.0198  0.0196  0.0192  0.0194  0.0192  0.0192  0.0194
  0.0192  0.0192  0.0188  0.0187  0.0188  0.0189  0.0193  0.0192  0.0192  0.0192  0.0192  0.0192
  0.0194  0.0201  0.0191  0.0187  0.0187  0.0188  0.0194  0.0198  0.0193  0.0196  0.0192  0.0192
  0.0201  0.0215  0.0197  0.0199  0.0208  0.0211  0.0200  0.0207  0.0198  0.0204  0.0194  0.0194
  0.0214  0.0235  0.0205  0.0240  0.0260  0.0265  0.0211  0.0222  0.0206  0.0219  0.0197  0.0198
niter,ni,del,rscale     5    3    5.0000    0.8000
parameters
   -1.7565   -7.5285   18.2435  -13.4694  -13.5878   -6.4534
    2.7933   -4.8578   -2.4358    3.2904    5.5048  -12.2260
eta,q 0.98118 15.12138
  0.0207  0.0205  0.0199  0.0212  0.0234  0.0216  0.0205  0.0215  0.0201  0.0205  0.0193  0.0198
  0.0198  0.0197  0.0194  0.0202  0.0217  0.0206  0.0196  0.0196  0.0194  0.0195  0.0190  0.0193
  0.0193  0.0193  0.0192  0.0196  0.0202  0.0198  0.0190  0.0188  0.0190  0.0190  0.0189  0.0189
  0.0191  0.0191  0.0191  0.0191  0.0191  0.0190  0.0188  0.0188  0.0188  0.0188  0.0188  0.0188
  0.0193  0.0193  0.0192  0.0190  0.0188  0.0183  0.0190  0.0192  0.0189  0.0190  0.0189  0.0189
  0.0199  0.0198  0.0195  0.0193  0.0201  0.0191  0.0196  0.0199  0.0194  0.0196  0.0190  0.0192
  0.0209  0.0206  0.0198  0.0209  0.0237  0.0221  0.0208  0.0211  0.0201  0.0207  0.0193  0.0197
niter,ni,del,rscale     4    3    5.0000    0.7000
parameters
   -1.7568   -7.6332   18.2017  -13.3242  -13.3024   -6.2281
    2.7775   -4.8793   -2.4023    3.2818    5.6154  -12.1717
eta,q 0.98142 15.14277
  0.0201  0.0198  0.0194  0.0203  0.0224  0.0210  0.0200  0.0207  0.0196  0.0201  0.0190  0.0194
  0.0194  0.0192  0.0190  0.0196  0.0209  0.0202  0.0192  0.0192  0.0191  0.0192  0.0188  0.0189
  0.0190  0.0189  0.0188  0.0191  0.0197  0.0194  0.0188  0.0186  0.0187  0.0187  0.0186  0.0187
  0.0188  0.0188  0.0188  0.0188  0.0188  0.0187  0.0186  0.0186  0.0186  0.0186  0.0186  0.0186
  0.0190  0.0190  0.0189  0.0187  0.0186  0.0182  0.0187  0.0189  0.0187  0.0187  0.0186  0.0187
  0.0194  0.0194  0.0191  0.0191  0.0196  0.0189  0.0192  0.0195  0.0190  0.0192  0.0187  0.0189
  0.0201  0.0202  0.0194  0.0205  0.0223  0.0214  0.0201  0.0204  0.0196  0.0201  0.0190  0.0193
niter,ni,del,rscale     3    3    5.0000    0.6000
parameters
   -1.7729   -7.7145   18.1873  -13.1400  -13.0789   -5.9787
    2.7701   -4.9104   -2.3788    3.2908    5.7679  -12.1412
eta,q 0.98163 15.16298
  0.0195  0.0193  0.0191  0.0197  0.0214  0.0204  0.0194  0.0200  0.0192  0.0196  0.0188  0.0190
  0.0190  0.0189  0.0188  0.0192  0.0202  0.0198  0.0189  0.0189  0.0187  0.0189  0.0185  0.0187
  0.0187  0.0186  0.0186  0.0188  0.0192  0.0191  0.0185  0.0184  0.0185  0.0185  0.0184  0.0184
  0.0186  0.0186  0.0186  0.0186  0.0186  0.0185  0.0184  0.0184  0.0184  0.0184  0.0184  0.0184
  0.0187  0.0187  0.0186  0.0185  0.0184  0.0181  0.0185  0.0186  0.0184  0.0185  0.0184  0.0184
  0.0190  0.0190  0.0188  0.0188  0.0193  0.0187  0.0188  0.0191  0.0187  0.0189  0.0185  0.0187
  0.0196  0.0196  0.0191  0.0197  0.0213  0.0206  0.0195  0.0198  0.0192  0.0196  0.0187  0.0190
niter,ni,del,rscale     2    3    5.0000    0.5000
parameters
   -1.7941   -7.7748   18.1951  -12.9850  -12.9029   -5.7306
    2.7740   -4.9475   -2.3836    3.2836    5.9089  -12.1285
eta,q 0.98179 15.17819
  0.0190  0.0189  0.0188  0.0191  0.0204  0.0199  0.0190  0.0193  0.0188  0.0191  0.0185  0.0187
  0.0187  0.0186  0.0185  0.0188  0.0195  0.0194  0.0186  0.0186  0.0185  0.0186  0.0183  0.0184
  0.0184  0.0184  0.0184  0.0185  0.0188  0.0188  0.0183  0.0183  0.0183  0.0183  0.0182  0.0183
  0.0184  0.0184  0.0184  0.0184  0.0184  0.0183  0.0182  0.0182  0.0182  0.0182  0.0182  0.0182
  0.0185  0.0185  0.0184  0.0184  0.0183  0.0181  0.0183  0.0184  0.0183  0.0183  0.0182  0.0183
  0.0187  0.0187  0.0186  0.0185  0.0189  0.0185  0.0186  0.0187  0.0185  0.0186  0.0183  0.0184
  0.0191  0.0191  0.0188  0.0191  0.0204  0.0199  0.0190  0.0193  0.0188  0.0191  0.0185  0.0187
niter,ni,del,rscale     1    3    5.0000    0.4000
parameters
   -1.8171   -7.8246   18.2366  -12.8742  -12.7558   -5.4691
    2.7829   -4.9845   -2.3970    3.2490    5.9855  -12.0911
eta,q 0.98190 15.18881
  0.0186  0.0186  0.0185  0.0187  0.0196  0.0194  0.0186  0.0188  0.0185  0.0187  0.0183  0.0184
  0.0184  0.0184  0.0184  0.0185  0.0190  0.0190  0.0183  0.0184  0.0183  0.0184  0.0182  0.0183
  0.0183  0.0183  0.0183  0.0183  0.0185  0.0186  0.0182  0.0181  0.0181  0.0182  0.0181  0.0181
  0.0182  0.0182  0.0182  0.0182  0.0182  0.0182  0.0181  0.0181  0.0181  0.0181  0.0181  0.0181
  0.0183  0.0183  0.0182  0.0182  0.0182  0.0180  0.0182  0.0182  0.0181  0.0182  0.0181  0.0181
  0.0184  0.0184  0.0183  0.0184  0.0186  0.0184  0.0183  0.0185  0.0183  0.0184  0.0182  0.0182
  0.0187  0.0187  0.0185  0.0187  0.0195  0.0193  0.0186  0.0188  0.0185  0.0188  0.0183  0.0184
registration optimization eta report
parameter search radius
    0.8000    0.8000    0.8000    2.7600    2.7600    2.4000
    2.4000    2.4000    2.4000    2.4000    2.4000    2.4000
100000*second partial in parameter space
       71.       69.       46.        6.       18.       20.
        9.       12.        7.       11.        3.        6.
  0.0186  0.0186  0.0185  0.0187  0.0196  0.0194  0.0186  0.0188  0.0185  0.0187  0.0183  0.0184
  0.0184  0.0184  0.0184  0.0185  0.0190  0.0190  0.0183  0.0184  0.0183  0.0184  0.0182  0.0183
  0.0183  0.0183  0.0183  0.0183  0.0185  0.0186  0.0182  0.0181  0.0181  0.0182  0.0181  0.0181
  0.0182  0.0182  0.0182  0.0182  0.0182  0.0182  0.0181  0.0181  0.0181  0.0181  0.0181  0.0181
  0.0183  0.0183  0.0182  0.0182  0.0182  0.0180  0.0182  0.0182  0.0181  0.0182  0.0181  0.0181
  0.0184  0.0184  0.0183  0.0184  0.0186  0.0184  0.0183  0.0185  0.0183  0.0184  0.0182  0.0182
  0.0187  0.0187  0.0185  0.0187  0.0195  0.0193  0.0186  0.0188  0.0185  0.0188  0.0183  0.0184
   -1.8171   -7.8246   18.2366  -12.8742  -12.7558   -5.4691
    2.7829   -4.9845   -2.3970    3.2490    5.9855  -12.0911
eta,q 0.98190 15.18881

---------------------------------------------------------------------
imgreg_4dfp /opt/freesurfer/average/711-2C_as_mni_average_305 /opt/freesurfer/average/711-2B_as_mni_average_305_mask talsrcimg_g11 none talsrcimg_to_711-2C_as_mni_average_305_t4 2311
---------------------------------------------------------------------

freesurfer imgreg_4dfp.c
/opt/freesurfer/average/711-2C_as_mni_average_305.4dfp.img
       256       256       256         1
  1.000000  1.000000  1.000000
orientation T byte_order littleendian
Reading image: /opt/freesurfer/average/711-2C_as_mni_average_305.4dfp.img
dimensions:      256       256       256
mmppix:       1.0000   -1.0000   -1.0000
center:     128.0000 -129.0000 -129.0000
/opt/freesurfer/average/711-2B_as_mni_average_305_mask.4dfp.img
       256       256       256         1
  1.000000  1.000000  1.000000
orientation T byte_order littleendian
Reading mask: /opt/freesurfer/average/711-2B_as_mni_average_305_mask.4dfp.img (2306576 pixels)
talsrcimg_g11.4dfp.img
       256       256       256         1
  1.000000  1.000000  1.000000
orientation T byte_order littleendian
Reading image: talsrcimg_g11.4dfp.img
dimensions:      256       256       256
mmppix:       1.0000   -1.0000   -1.0000
center:     128.0000 -129.0000 -129.0000
fimgreg.f
image alignment mode   2311 decimal      907 hex
parameters
   -1.8171   -7.8246   18.2366  -12.8742  -12.7558   -5.4691
    2.7829   -4.9845   -2.3970    3.2490    5.9855  -12.0911
eta,q 0.98190 15.18882
niter,ni,del,rscale     5    3    5.0000    0.8000
parameters
   -1.8697   -7.9197   18.4232  -13.6242  -13.1570   -6.2268
    2.8554   -5.0288   -2.4767    2.8629    5.4981  -11.7870
eta,q 0.98140 15.13198
  0.0199  0.0197  0.0198  0.0193  0.0213  0.0208  0.0205  0.0211  0.0199  0.0202  0.0190  0.0197
  0.0189  0.0188  0.0188  0.0187  0.0199  0.0199  0.0195  0.0194  0.0192  0.0192  0.0187  0.0191
  0.0183  0.0183  0.0183  0.0183  0.0188  0.0191  0.0189  0.0187  0.0188  0.0187  0.0186  0.0187
  0.0181  0.0181  0.0181  0.0181  0.0182  0.0183  0.0186  0.0186  0.0186  0.0186  0.0186  0.0186
  0.0183  0.0183  0.0182  0.0182  0.0184  0.0184  0.0188  0.0190  0.0187  0.0189  0.0187  0.0187
  0.0190  0.0190  0.0185  0.0190  0.0201  0.0206  0.0193  0.0197  0.0192  0.0196  0.0189  0.0189
  0.0202  0.0202  0.0191  0.0212  0.0235  0.0252  0.0204  0.0210  0.0200  0.0209  0.0192  0.0194
niter,ni,del,rscale     4    3    5.0000    0.7000
parameters
   -1.7784   -7.8222   18.2672  -13.2595  -13.0436   -6.2360
    2.7546   -4.8988   -2.3975    2.9809    5.5086  -11.9344
eta,q 0.98149 15.14982
  0.0201  0.0200  0.0191  0.0198  0.0213  0.0207  0.0199  0.0208  0.0196  0.0201  0.0189  0.0192
  0.0193  0.0193  0.0187  0.0192  0.0202  0.0199  0.0191  0.0192  0.0190  0.0192  0.0187  0.0188
  0.0188  0.0188  0.0186  0.0188  0.0192  0.0192  0.0187  0.0186  0.0187  0.0187  0.0185  0.0186
  0.0186  0.0186  0.0186  0.0186  0.0185  0.0185  0.0185  0.0185  0.0185  0.0185  0.0185  0.0185
  0.0187  0.0187  0.0187  0.0185  0.0185  0.0181  0.0187  0.0188  0.0186  0.0186  0.0186  0.0186
  0.0191  0.0190  0.0190  0.0187  0.0194  0.0191  0.0192  0.0193  0.0189  0.0191  0.0187  0.0189
  0.0198  0.0197  0.0193  0.0196  0.0216  0.0217  0.0201  0.0203  0.0196  0.0200  0.0189  0.0193
niter,ni,del,rscale     3    3    5.0000    0.6000
parameters
   -1.7746   -7.8257   18.1985  -13.0717  -12.8677   -6.0079
    2.7377   -4.8829   -2.3625    3.1323    5.7165  -12.0454
eta,q 0.98166 15.16936
  0.0195  0.0194  0.0190  0.0193  0.0207  0.0203  0.0194  0.0200  0.0192  0.0197  0.0187  0.0189
  0.0190  0.0189  0.0187  0.0189  0.0198  0.0197  0.0188  0.0189  0.0187  0.0190  0.0185  0.0186
  0.0186  0.0186  0.0185  0.0187  0.0190  0.0191  0.0185  0.0184  0.0184  0.0185  0.0184  0.0184
  0.0185  0.0185  0.0185  0.0185  0.0185  0.0184  0.0183  0.0183  0.0183  0.0183  0.0183  0.0183
  0.0186  0.0186  0.0186  0.0185  0.0184  0.0181  0.0185  0.0186  0.0184  0.0184  0.0184  0.0184
  0.0189  0.0189  0.0188  0.0187  0.0191  0.0187  0.0188  0.0190  0.0187  0.0188  0.0185  0.0187
  0.0195  0.0195  0.0190  0.0193  0.0207  0.0206  0.0195  0.0198  0.0192  0.0195  0.0186  0.0190
niter,ni,del,rscale     2    3    5.0000    0.5000
parameters
   -1.7956   -7.8513   18.1927  -12.9284  -12.7325   -5.7535
    2.7511   -4.9240   -2.3725    3.1986    5.8922  -12.0916
eta,q 0.98180 15.18374
  0.0190  0.0190  0.0187  0.0189  0.0199  0.0199  0.0190  0.0193  0.0188  0.0192  0.0185  0.0187
  0.0186  0.0186  0.0185  0.0186  0.0192  0.0194  0.0186  0.0186  0.0185  0.0186  0.0183  0.0184
  0.0184  0.0184  0.0184  0.0184  0.0187  0.0188  0.0183  0.0182  0.0183  0.0183  0.0182  0.0182
  0.0183  0.0183  0.0183  0.0183  0.0183  0.0183  0.0182  0.0182  0.0182  0.0182  0.0182  0.0182
  0.0184  0.0184  0.0184  0.0183  0.0183  0.0181  0.0183  0.0184  0.0182  0.0183  0.0182  0.0183
  0.0187  0.0187  0.0185  0.0185  0.0188  0.0185  0.0185  0.0187  0.0184  0.0186  0.0183  0.0184
  0.0191  0.0191  0.0187  0.0189  0.0199  0.0199  0.0190  0.0193  0.0188  0.0191  0.0184  0.0187
niter,ni,del,rscale     1    3    5.0000    0.4000
parameters
   -1.8182   -7.8820   18.2279  -12.8417  -12.6295   -5.4933
    2.7668   -4.9765   -2.3818    3.2021    6.0028  -12.0821
eta,q 0.98190 15.19267
  0.0186  0.0186  0.0185  0.0186  0.0193  0.0194  0.0186  0.0188  0.0185  0.0187  0.0183  0.0184
  0.0184  0.0184  0.0183  0.0184  0.0188  0.0190  0.0183  0.0183  0.0183  0.0184  0.0182  0.0182
  0.0183  0.0182  0.0182  0.0183  0.0184  0.0186  0.0182  0.0181  0.0181  0.0182  0.0181  0.0181
  0.0182  0.0182  0.0182  0.0182  0.0182  0.0182  0.0181  0.0181  0.0181  0.0181  0.0181  0.0181
  0.0183  0.0183  0.0182  0.0182  0.0182  0.0180  0.0182  0.0182  0.0181  0.0182  0.0181  0.0181
  0.0184  0.0184  0.0183  0.0183  0.0185  0.0183  0.0183  0.0185  0.0183  0.0184  0.0182  0.0182
  0.0187  0.0187  0.0185  0.0186  0.0192  0.0192  0.0186  0.0188  0.0185  0.0187  0.0183  0.0184
registration optimization eta report
parameter search radius
    0.8000    0.8000    0.8000    2.4000    2.4000    2.4000
    2.4000    2.4000    2.4000    2.4000    2.4000    2.4000
100000*second partial in parameter space
       72.       70.       46.        6.       18.       20.
        9.       12.        7.       11.        3.        6.
  0.0186  0.0186  0.0185  0.0186  0.0193  0.0194  0.0186  0.0188  0.0185  0.0187  0.0183  0.0184
  0.0184  0.0184  0.0183  0.0184  0.0188  0.0190  0.0183  0.0183  0.0183  0.0184  0.0182  0.0182
  0.0183  0.0182  0.0182  0.0183  0.0184  0.0186  0.0182  0.0181  0.0181  0.0182  0.0181  0.0181
  0.0182  0.0182  0.0182  0.0182  0.0182  0.0182  0.0181  0.0181  0.0181  0.0181  0.0181  0.0181
  0.0183  0.0183  0.0182  0.0182  0.0182  0.0180  0.0182  0.0182  0.0181  0.0182  0.0181  0.0181
  0.0184  0.0184  0.0183  0.0183  0.0185  0.0183  0.0183  0.0185  0.0183  0.0184  0.0182  0.0182
  0.0187  0.0187  0.0185  0.0186  0.0192  0.0192  0.0186  0.0188  0.0185  0.0187  0.0183  0.0184
   -1.8182   -7.8820   18.2279  -12.8417  -12.6295   -5.4933
    2.7668   -4.9765   -2.3818    3.2021    6.0028  -12.0821
eta,q 0.98190 15.19267

---------------------------------------------------------------------
compute_vox2vox talsrcimg talsrcimg_to_711-2C_as_mni_average_305_t4 /opt/freesurfer/average/711-2C_as_mni_average_305
---------------------------------------------------------------------

freesurfer compute_vox2vox.c
Reading: talsrcimg.4dfp.ifh
Reading: talsrcimg_to_711-2C_as_mni_average_305_t4
Reading: /opt/freesurfer/average/711-2C_as_mni_average_305.4dfp.ifh
Writing: talsrcimg_to_711-2C_as_mni_average_305_t4_vox2vox.txt

start time Mon Mar 9 06:29:40 CET 2026
end		time Mon Mar 9 06:29:55 CET 2026

mpr2mni305 success

avi2talxfm orig_nu.mgz /opt/freesurfer/average/mni305.cor.mgz talsrcimg_to_711-2C_as_mni_average_305_t4_vox2vox.txt transforms/talairach.auto.xfm
avi2talxfm done
mv -f /out/sourcedata/freesurfer/sub-v1s18x0051262_ses-1/mri/talsrcimg_to_711-2C_as_mni_average_305_t4_vox2vox.txt /out/sourcedata/freesurfer/sub-v1s18x0051262_ses-1/mri/transforms/talsrcimg_to_711-2C_as_mni_average_305_t4_vox2vox.txt
lta_convert --src orig_nu.mgz --trg /opt/freesurfer/average/mni305.cor.mgz --inxfm transforms/talairach.auto.xfm --outlta transforms/talairach.auto.xfm.lta --subject fsaverage
7.3.2

--src: orig_nu.mgz src image (geometry).
--trg: /opt/freesurfer/average/mni305.cor.mgz trg image (geometry).
--inmni: transforms/talairach.auto.xfm input MNI/XFM transform.
--outlta: transforms/talairach.auto.xfm.lta output LTA.
--s: fsaverage subject name
 LTA read, type : 1
 1.14237   0.06109  -0.02773  -6.29600;
-0.06826   1.04954   0.14730  -24.79270;
 0.03364  -0.03680   1.13840   1.66849;
 0.00000   0.00000   0.00000   1.00000;
setting subject to fsaverage
Writing  LTA to file transforms/talairach.auto.xfm.lta...
lta_convert successful.
 
 
Started at Mon Mar 9 06:29:40 CET 2026
Ended   at Mon Mar  9 06:29:55 CET 2026
talairach_avi done
