status file for recon-all
Mon Mar  9 08:41:37 CET 2026
#@# Tessellate rh Mon Mar  9 08:41:38 CET 2026
#@# Smooth1 rh Mon Mar  9 08:41:41 CET 2026
#@# Inflation1 rh Mon Mar  9 08:41:44 CET 2026
#@# QSphere rh Mon Mar  9 08:41:59 CET 2026
#@# Fix Topology rh Mon Mar  9 08:43:46 CET 2026
#@# Smooth2 rh Mon Mar  9 08:49:46 CET 2026
#@# Inflation2 rh Mon Mar  9 08:49:50 CET 2026
#@# Curv .H and .K rh Mon Mar  9 08:50:06 CET 2026
#@# Sphere rh Mon Mar  9 08:50:54 CET 2026
#@# Surf Reg rh Mon Mar  9 08:53:20 CET 2026
#@# Jacobian white rh Mon Mar  9 08:59:15 CET 2026
#@# AvgCurv rh Mon Mar  9 08:59:16 CET 2026
#@# Cortical Parc rh Mon Mar  9 08:59:17 CET 2026
#@# white curv rh Mon Mar  9 09:06:05 CET 2026
#@# white area rh Mon Mar  9 09:06:07 CET 2026
#@# pial curv rh Mon Mar  9 09:06:08 CET 2026
#@# pial area rh Mon Mar  9 09:06:10 CET 2026
#@# thickness rh Mon Mar  9 09:06:10 CET 2026
#@# area and vertex vol rh Mon Mar  9 09:06:39 CET 2026
#@# Curvature Stats rh Mon Mar  9 09:06:41 CET 2026
#@# Cortical Parc 2 rh Mon Mar  9 09:06:44 CET 2026
#@# Cortical Parc 3 rh Mon Mar  9 09:06:57 CET 2026
#@# WM/GM Contrast rh Mon Mar  9 09:07:08 CET 2026
recon-all -s sub-v1s18x0051261_ses-1 finished without error at Mon Mar  9 09:07:11 CET 2026



#New# invocation of recon-all 



status file for recon-all
Mon Mar  9 09:15:54 CET 2026
#@# white curv rh Mon Mar  9 09:15:54 CET 2026
#@# white area rh Mon Mar  9 09:15:54 CET 2026
#@# pial curv rh Mon Mar  9 09:15:54 CET 2026
#@# pial area rh Mon Mar  9 09:15:54 CET 2026
#@# thickness rh Mon Mar  9 09:15:54 CET 2026
#@# area and vertex vol rh Mon Mar  9 09:15:54 CET 2026
#@# Parcellation Stats rh Mon Mar  9 09:15:54 CET 2026
#@# Parcellation Stats 2 rh Mon Mar  9 09:16:14 CET 2026
#@# Parcellation Stats 3 rh Mon Mar  9 09:16:24 CET 2026
#@# BA_exvivo Labels rh Mon Mar  9 09:16:34 CET 2026
recon-all -s sub-v1s18x0051261_ses-1 finished without error at Mon Mar  9 09:19:31 CET 2026
