status file for recon-all
Mon Mar  9 08:17:30 CET 2026
#@# Tessellate lh Mon Mar  9 08:17:30 CET 2026
#@# Smooth1 lh Mon Mar  9 08:17:34 CET 2026
#@# Inflation1 lh Mon Mar  9 08:17:37 CET 2026
#@# QSphere lh Mon Mar  9 08:17:50 CET 2026
#@# Fix Topology lh Mon Mar  9 08:19:18 CET 2026
#@# Smooth2 lh Mon Mar  9 08:24:44 CET 2026
#@# Inflation2 lh Mon Mar  9 08:24:47 CET 2026
#@# Curv .H and .K lh Mon Mar  9 08:25:03 CET 2026
#@# Sphere lh Mon Mar  9 08:25:50 CET 2026
#@# Surf Reg lh Mon Mar  9 08:29:25 CET 2026
#@# Jacobian white lh Mon Mar  9 08:33:39 CET 2026
#@# AvgCurv lh Mon Mar  9 08:33:40 CET 2026
#@# Cortical Parc lh Mon Mar  9 08:33:41 CET 2026
#@# white curv lh Mon Mar  9 08:40:25 CET 2026
#@# white area lh Mon Mar  9 08:40:27 CET 2026
#@# pial curv lh Mon Mar  9 08:40:28 CET 2026
#@# pial area lh Mon Mar  9 08:40:30 CET 2026
#@# thickness lh Mon Mar  9 08:40:31 CET 2026
#@# area and vertex vol lh Mon Mar  9 08:41:01 CET 2026
#@# Curvature Stats lh Mon Mar  9 08:41:03 CET 2026
#@# Cortical Parc 2 lh Mon Mar  9 08:41:05 CET 2026
#@# Cortical Parc 3 lh Mon Mar  9 08:41:20 CET 2026
#@# WM/GM Contrast lh Mon Mar  9 08:41:31 CET 2026
recon-all -s sub-v1s18x0051261_ses-1 finished without error at Mon Mar  9 08:41:34 CET 2026



#New# invocation of recon-all 



status file for recon-all
Mon Mar  9 09:12:24 CET 2026
#@# white curv lh Mon Mar  9 09:12:24 CET 2026
#@# white area lh Mon Mar  9 09:12:24 CET 2026
#@# pial curv lh Mon Mar  9 09:12:24 CET 2026
#@# pial area lh Mon Mar  9 09:12:24 CET 2026
#@# thickness lh Mon Mar  9 09:12:24 CET 2026
#@# area and vertex vol lh Mon Mar  9 09:12:24 CET 2026
#@# Parcellation Stats lh Mon Mar  9 09:12:24 CET 2026
#@# Parcellation Stats 2 lh Mon Mar  9 09:12:43 CET 2026
#@# Parcellation Stats 3 lh Mon Mar  9 09:12:53 CET 2026
#@# BA_exvivo Labels lh Mon Mar  9 09:13:03 CET 2026
recon-all -s sub-v1s18x0051261_ses-1 finished without error at Mon Mar  9 09:15:52 CET 2026
