/out/sourcedata/freesurfer/sub-v1s18x0051234_ses-1/mri
/opt/freesurfer/bin/talairach_avi
--i orig_nu.mgz --xfm transforms/talairach.auto.xfm
talairach_avi 7.3.2
Linux dna028 5.14.0-427.37.1.el9_4.x86_64 #1 SMP PREEMPT_DYNAMIC Fri Sep 13 12:41:50 EDT 2024 x86_64 x86_64 x86_64 GNU/Linux
Mon Mar  9 05:08:38 CET 2026
mri_convert orig_nu.mgz talsrcimg.img 
reading from orig_nu.mgz...
TR=0.00, TE=0.00, TI=0.00, flip angle=0.00
i_ras = (-1, 0, 1.86265e-09)
j_ras = (0, 0, -1)
k_ras = (0, 1, 0)
writing to talsrcimg.img...
Analyze Output Matrix
-1.00000   0.00000   0.00000   124.13262;
 0.00000   0.00000   1.00000  -116.50410;
 0.00000  -1.00000   0.00000   143.14453;
 0.00000   0.00000   0.00000   1.00000;
--------------------
INFO: set hdr.hist.orient to -1
mpr2mni305 talsrcimg
Mon Mar  9 05:08:39 CET 2026
/opt/freesurfer/bin/mpr2mni305 talsrcimg
mpr2mni305 7.3.2
target=711-2C_as_mni_average_305

---------------------------------------------------------------------
analyzeto4dfp talsrcimg -O0 -y
---------------------------------------------------------------------

freesurfer ifh2hdr.c
Mon Mar  9 05:08:39 2026
Writing: talsrcimg.4dfp.hdr
freesurfer analyzeto4dfp.c
Reading: talsrcimg.hdr
header size 348 bytes
hdr.dime.datatype	offset=70	value=2
hdr.dime.bitpix		offset=72	value=8
hdr.hist.orient		offset=252	value=-1
dimensionality     4
dimensions       256       256       256         1
Reading: talsrcimg.img
Writing: talsrcimg.4dfp.img
Writing: talsrcimg.4dfp.ifh
ifh2hdr talsrcimg -r0to234
ori=2

---------------------------------------------------------------------
gauss_4dfp talsrcimg 1.1
---------------------------------------------------------------------

freesurfer gauss_4dfp.c
Reading: talsrcimg.4dfp.img
Writing: talsrcimg_g11.4dfp.img
image dimensions 256 256 256 padded to 288 288 288
processing volume 1freesurfer ifh2hdr.c
Mon Mar  9 05:08:40 2026
Writing: talsrcimg_g11.4dfp.hdr

Writing: talsrcimg_g11.4dfp.ifh
including: talsrcimg.4dfp.img.rec in talsrcimg_g11.4dfp.img.rec

---------------------------------------------------------------------
imgreg_4dfp /opt/freesurfer/average/711-2C_as_mni_average_305 none talsrcimg_g11 none talsrcimg_to_711-2C_as_mni_average_305_t4 4355
---------------------------------------------------------------------

freesurfer imgreg_4dfp.c
/opt/freesurfer/average/711-2C_as_mni_average_305.4dfp.img
       256       256       256         1
  1.000000  1.000000  1.000000
orientation T byte_order littleendian
Reading image: /opt/freesurfer/average/711-2C_as_mni_average_305.4dfp.img
dimensions:      256       256       256
mmppix:       1.0000   -1.0000   -1.0000
center:     128.0000 -129.0000 -129.0000
talsrcimg_g11.4dfp.img
       256       256       256         1
  1.000000  1.000000  1.000000
orientation T byte_order littleendian
Reading image: talsrcimg_g11.4dfp.img
dimensions:      256       256       256
mmppix:       1.0000   -1.0000   -1.0000
center:     128.0000 -129.0000 -129.0000
t4_read: open error in t4_sub.f l:  41 t4_file(1:l)talsrcimg_to_711-2C_as_mni_average_305_t4 
t4_read: transform initialized to I4
rotation matrix determinant  1.000000
image alignment mode   4355 decimal     1103 hex
   -7.5000  -45.0000  -45.0000 6989.0469   20.2548
    0.0000  -45.0000  -45.0000 7307.3086   20.3048
    7.5000  -45.0000  -45.0000 7045.9019   20.3122
   -7.5000  -37.5000  -45.0000 7557.6035   20.1782
    0.0000  -37.5000  -45.0000 7915.5542   20.2240
    7.5000  -37.5000  -45.0000 7617.4468   20.2336
   -7.5000  -30.0000  -45.0000 8385.5625   20.1864
    0.0000  -30.0000  -45.0000 8769.0898   20.2303
    7.5000  -30.0000  -45.0000 8429.6201   20.2419
   -7.5000  -22.5000  -45.0000 9145.4492   20.2089
    0.0000  -22.5000  -45.0000 9526.8896   20.2537
    7.5000  -22.5000  -45.0000 9171.8916   20.2654
   -7.5000  -15.0000  -45.0000 9842.0820   20.2209
    0.0000  -15.0000  -45.000010231.3398   20.2688
    7.5000  -15.0000  -45.0000 9823.3555   20.2782
   -7.5000   -7.5000  -45.000010467.9463   20.2123
    0.0000   -7.5000  -45.000010890.1670   20.2631
    7.5000   -7.5000  -45.000010470.0381   20.2697
   -7.5000    0.0000  -45.000010986.8027   20.1910
    0.0000    0.0000  -45.000011425.7500   20.2405
    7.5000    0.0000  -45.000011007.0400   20.2474
   -7.5000    7.5000  -45.000010804.1084   20.1768
    0.0000    7.5000  -45.000011243.8389   20.2226
    7.5000    7.5000  -45.000010805.3623   20.2322
   -7.5000   15.0000  -45.000010595.3975   20.1864
    0.0000   15.0000  -45.000010978.9277   20.2303
    7.5000   15.0000  -45.000010589.5879   20.2419
   -7.5000   22.5000  -45.000010154.0352   20.2062
    0.0000   22.5000  -45.000010455.1084   20.2509
    7.5000   22.5000  -45.000010123.5879   20.2626
   -7.5000   30.0000  -45.0000 9345.7432   19.9514
    0.0000   30.0000  -45.0000 9616.1045   19.9987
    7.5000   30.0000  -45.0000 9299.9404   20.0080
   -7.5000   37.5000  -45.0000 8891.1035   19.9430
    0.0000   37.5000  -45.0000 9163.8193   19.9930
    7.5000   37.5000  -45.0000 8845.4912   19.9996
   -7.5000   45.0000  -45.0000 8129.7446   19.4161
    0.0000   45.0000  -45.0000 8365.3447   19.4636
    7.5000   45.0000  -45.0000 8065.0439   19.4703
   -7.5000  -45.0000  -37.5000 7494.8447   19.9502
    0.0000  -45.0000  -37.5000 7854.5166   20.0010
    7.5000  -45.0000  -37.5000 7548.3643   20.0002
   -7.5000  -37.5000  -37.5000 8105.2305   19.8817
    0.0000  -37.5000  -37.5000 8521.0986   19.9307
    7.5000  -37.5000  -37.5000 8156.2832   19.9337
   -7.5000  -30.0000  -37.5000 8983.8125   19.8852
    0.0000  -30.0000  -37.5000 9421.5234   19.9319
    7.5000  -30.0000  -37.5000 9019.8594   19.9337
   -7.5000  -22.5000  -37.5000 9792.1768   19.8954
    0.0000  -22.5000  -37.500010233.1748   19.9407
    7.5000  -22.5000  -37.5000 9801.9209   19.9368
   -7.5000  -15.0000  -37.500010506.7783   19.9004
    0.0000  -15.0000  -37.500010988.4141   19.9469
    7.5000  -15.0000  -37.500010494.3223   19.9384
   -7.5000   -7.5000  -37.500011136.0605   19.8977
    0.0000   -7.5000  -37.500011654.0986   19.9468
    7.5000   -7.5000  -37.500011157.4395   19.9399
   -7.5000    0.0000  -37.500011650.9141   19.8882
    0.0000    0.0000  -37.500012203.8340   19.9384
    7.5000    0.0000  -37.500011685.1826   19.9371
   -7.5000    7.5000  -37.500011456.3037   19.8804
    0.0000    7.5000  -37.500011948.2754   19.9295
    7.5000    7.5000  -37.500011447.6240   19.9324
   -7.5000   15.0000  -37.500011233.4785   19.8852
    0.0000   15.0000  -37.500011676.7383   19.9319
    7.5000   15.0000  -37.500011206.7090   19.9337
   -7.5000   22.5000  -37.500010739.1982   19.8927
    0.0000   22.5000  -37.500011095.6211   19.9380
    7.5000   22.5000  -37.500010677.9414   19.9341
   -7.5000   30.0000  -37.5000 9867.3848   19.6352
    0.0000   30.0000  -37.500010186.9658   19.6810
    7.5000   30.0000  -37.5000 9797.8662   19.6727
   -7.5000   37.5000  -37.5000 9342.1338   19.6326
    0.0000   37.5000  -37.5000 9662.7988   19.6809
    7.5000   37.5000  -37.5000 9285.7061   19.6742
   -7.5000   45.0000  -37.5000 8512.1777   19.1249
    0.0000   45.0000  -37.5000 8795.8096   19.1731
    7.5000   45.0000  -37.5000 8458.1006   19.1720
   -7.5000  -45.0000  -30.0000 8224.5371   20.6971
    0.0000  -45.0000  -30.0000 8623.4121   20.7486
    7.5000  -45.0000  -30.0000 8251.5850   20.7332
   -7.5000  -37.5000  -30.0000 8878.9258   20.6349
    0.0000  -37.5000  -30.0000 9318.7803   20.6850
    7.5000  -37.5000  -30.0000 8900.3369   20.6745
   -7.5000  -30.0000  -30.0000 9807.3369   20.6386
    0.0000  -30.0000  -30.000010269.9746   20.6877
    7.5000  -30.0000  -30.0000 9806.6660   20.6785
   -7.5000  -22.5000  -30.000010689.0566   20.6397
    0.0000  -22.5000  -30.000011172.1045   20.6889
    7.5000  -22.5000  -30.000010657.8828   20.6746
   -7.5000  -15.0000  -30.000011454.0889   20.6353
    0.0000  -15.0000  -30.000012009.4932   20.6859
    7.5000  -15.0000  -30.000011400.9209   20.6664
   -7.5000   -7.5000  -30.000012133.4482   20.6341
    0.0000   -7.5000  -30.000012726.9492   20.6854
    7.5000   -7.5000  -30.000012072.8652   20.6655
   -7.5000    0.0000  -30.000012674.7686   20.6336
    0.0000    0.0000  -30.000013292.1631   20.6845
    7.5000    0.0000  -30.000012623.5723   20.6686
   -7.5000    7.5000  -30.000012409.1113   20.6336
    0.0000    7.5000  -30.000012966.8301   20.6838
    7.5000    7.5000  -30.000012355.8203   20.6733
   -7.5000   15.0000  -30.000012151.9980   20.6386
    0.0000   15.0000  -30.000012658.8096   20.6877
    7.5000   15.0000  -30.000012073.2285   20.6785
   -7.5000   22.5000  -30.000011566.1807   20.6348
    0.0000   22.5000  -30.000011995.1162   20.6839
    7.5000   22.5000  -30.000011452.2559   20.6696
   -7.5000   30.0000  -30.000010609.9883   20.3622
    0.0000   30.0000  -30.000010993.7031   20.4121
    7.5000   30.0000  -30.000010500.2412   20.3930
   -7.5000   37.5000  -30.0000 9985.5518   20.3610
    0.0000   37.5000  -30.000010372.7783   20.4116
    7.5000   37.5000  -30.0000 9907.0010   20.3920
   -7.5000   45.0000  -30.0000 9083.2480   19.8563
    0.0000   45.0000  -30.0000 9416.9707   19.9052
    7.5000   45.0000  -30.0000 9001.7168   19.8899
   -7.5000  -45.0000  -22.5000 8967.3574   21.3690
    0.0000  -45.0000  -22.5000 9391.7949   21.4156
    7.5000  -45.0000  -22.5000 8969.2334   21.3943
   -7.5000  -37.5000  -22.5000 9659.0117   21.3112
    0.0000  -37.5000  -22.500010124.8506   21.3550
    7.5000  -37.5000  -22.5000 9666.6221   21.3384
   -7.5000  -30.0000  -22.500010669.2148   21.3210
    0.0000  -30.0000  -22.500011168.3877   21.3667
    7.5000  -30.0000  -22.500010647.9199   21.3566
   -7.5000  -22.5000  -22.500011600.0176   21.3214
    0.0000  -22.5000  -22.500012146.7422   21.3714
    7.5000  -22.5000  -22.500011539.2627   21.3629
   -7.5000  -15.0000  -22.500012430.6387   21.3101
    0.0000  -15.0000  -22.500013044.5791   21.3636
    7.5000  -15.0000  -22.500012318.5879   21.3519
   -7.5000   -7.5000  -22.500013148.4580   21.3041
    0.0000   -7.5000  -22.500013811.3125   21.3555
    7.5000   -7.5000  -22.500013008.2217   21.3371
   -7.5000    0.0000  -22.500013755.1455   21.3043
    0.0000    0.0000  -22.500014449.0186   21.3503
    7.5000    0.0000  -22.500013622.6592   21.3286
   -7.5000    7.5000  -22.500013423.6953   21.3099
    0.0000    7.5000  -22.500014085.0137   21.3536
    7.5000    7.5000  -22.500013310.7139   21.3370
   -7.5000   15.0000  -22.500013117.8545   21.3210
    0.0000   15.0000  -22.500013704.4609   21.3667
    7.5000   15.0000  -22.500012972.7031   21.3566
   -7.5000   22.5000  -22.500012439.3887   21.3148
    0.0000   22.5000  -22.500012936.0898   21.3648
    7.5000   22.5000  -22.500012249.1182   21.3564
   -7.5000   30.0000  -22.500011383.7217   21.0314
    0.0000   30.0000  -22.500011820.4229   21.0842
    7.5000   30.0000  -22.500011216.4297   21.0726
   -7.5000   37.5000  -22.500010683.7861   21.0254
    0.0000   37.5000  -22.500011083.6416   21.0762
    7.5000   37.5000  -22.500010539.7236   21.0580
   -7.5000   45.0000  -22.5000 9683.2734   20.5171
    0.0000   45.0000  -22.500010019.2061   20.5614
    7.5000   45.0000  -22.5000 9538.3760   20.5405
   -7.5000  -45.0000  -15.0000 9685.8105   21.8073
    0.0000  -45.0000  -15.000010131.9355   21.8505
    7.5000  -45.0000  -15.0000 9663.3203   21.8371
   -7.5000  -37.5000  -15.000010427.8486   21.7442
    0.0000  -37.5000  -15.000010916.2412   21.7818
    7.5000  -37.5000  -15.000010402.8135   21.7719
   -7.5000  -30.0000  -15.000011536.7744   21.7600
    0.0000  -30.0000  -15.000012067.1494   21.8001
    7.5000  -30.0000  -15.000011485.2188   21.7991
   -7.5000  -22.5000  -15.000012555.3369   21.7712
    0.0000  -22.5000  -15.000013149.7988   21.8186
    7.5000  -22.5000  -15.000012432.3096   21.8243
   -7.5000  -15.0000  -15.000013416.8564   21.7653
    0.0000  -15.0000  -15.000014125.3066   21.8184
    7.5000  -15.0000  -15.000013244.7803   21.8228
   -7.5000   -7.5000  -15.000014165.0811   21.7528
    0.0000   -7.5000  -15.000014871.3545   21.8040
    7.5000   -7.5000  -15.000013994.0215   21.7979
   -7.5000    0.0000  -15.000014809.0078   21.7418
    0.0000    0.0000  -15.000015566.3945   21.7844
    7.5000    0.0000  -15.000014656.3418   21.7707
   -7.5000    7.5000  -15.000014451.9404   21.7427
    0.0000    7.5000  -15.000015167.7344   21.7803
    7.5000    7.5000  -15.000014311.5439   21.7704
   -7.5000   15.0000  -15.000014075.0166   21.7600
    0.0000   15.0000  -15.000014734.7168   21.8001
    7.5000   15.0000  -15.000013897.4854   21.7991
   -7.5000   22.5000  -15.000013283.7041   21.7635
    0.0000   22.5000  -15.000013860.2988   21.8109
    7.5000   22.5000  -15.000013070.5488   21.8165
   -7.5000   30.0000  -15.000012201.1016   21.4836
    0.0000   30.0000  -15.000012724.5381   21.5361
    7.5000   30.0000  -15.000011989.0234   21.5404
   -7.5000   37.5000  -15.000011411.1006   21.4712
    0.0000   37.5000  -15.000011891.1318   21.5218
    7.5000   37.5000  -15.000011228.7490   21.5158
   -7.5000   45.0000  -15.000010267.4629   20.9510
    0.0000   45.0000  -15.000010624.2207   20.9922
    7.5000   45.0000  -15.000010103.4414   20.9789
   -7.5000  -45.0000   -7.500010455.9727   22.0164
    0.0000  -45.0000   -7.500010897.7188   22.0630
    7.5000  -45.0000   -7.500010408.7061   22.0651
   -7.5000  -37.5000   -7.500011248.4482   21.9387
    0.0000  -37.5000   -7.500011740.3926   21.9784
    7.5000  -37.5000   -7.500011187.2041   21.9832
   -7.5000  -30.0000   -7.500012478.9990   21.9512
    0.0000  -30.0000   -7.500013030.1748   21.9913
    7.5000  -30.0000   -7.500012384.3047   22.0030
   -7.5000  -22.5000   -7.500013614.2236   21.9752
    0.0000  -22.5000   -7.500014321.2930   22.0209
    7.5000  -22.5000   -7.500013467.8779   22.0384
   -7.5000  -15.0000   -7.500014475.1475   21.9842
    0.0000  -15.0000   -7.500015259.7100   22.0360
    7.5000  -15.0000   -7.500014307.3564   22.0523
   -7.5000   -7.5000   -7.500015158.0215   21.9727
    0.0000   -7.5000   -7.500015924.8691   22.0251
    7.5000   -7.5000   -7.500015062.6963   22.0328
   -7.5000    0.0000   -7.500015871.2627   21.9497
    0.0000    0.0000   -7.500016686.4023   21.9958
    7.5000    0.0000   -7.500015781.5977   21.9976
   -7.5000    7.5000   -7.500015509.2451   21.9373
    0.0000    7.5000   -7.500016306.6113   21.9769
    7.5000    7.5000   -7.500015368.0010   21.9816
   -7.5000   15.0000   -7.500015082.4893   21.9512
    0.0000   15.0000   -7.500015815.1846   21.9913
    7.5000   15.0000   -7.500014886.8213   22.0030
   -7.5000   22.5000   -7.500014155.6230   21.9650
    0.0000   22.5000   -7.500014816.2891   22.0107
    7.5000   22.5000   -7.500013936.4980   22.0282
   -7.5000   30.0000   -7.500013056.8809   21.6991
    0.0000   30.0000   -7.500013659.2959   21.7503
    7.5000   30.0000   -7.500012832.5137   21.7664
   -7.5000   37.5000   -7.500012235.7812   21.6877
    0.0000   37.5000   -7.500012764.1934   21.7395
    7.5000   37.5000   -7.500012038.5664   21.7471
   -7.5000   45.0000   -7.500010936.4424   21.1554
    0.0000   45.0000   -7.500011339.2676   21.1998
    7.5000   45.0000   -7.500010754.6699   21.2015
   -7.5000  -45.0000    0.000011167.0654   22.0812
    0.0000  -45.0000    0.000011577.1299   22.1333
    7.5000  -45.0000    0.000011124.6172   22.1428
   -7.5000  -37.5000    0.000011973.9062   21.9975
    0.0000  -37.5000    0.000012423.6650   22.0450
    7.5000  -37.5000    0.000011915.6025   22.0571
   -7.5000  -30.0000    0.000013377.0732   22.0053
    0.0000  -30.0000    0.000013930.3408   22.0510
    7.5000  -30.0000    0.000013276.4307   22.0651
   -7.5000  -22.5000    0.000014630.9092   22.0306
    0.0000  -22.5000    0.000015472.4385   22.0777
    7.5000  -22.5000    0.000014494.6895   22.0917
   -7.5000  -15.0000    0.000015440.6875   22.0456
    0.0000  -15.0000    0.000016254.5234   22.0962
    7.5000  -15.0000    0.000015344.1074   22.1076
   -7.5000   -7.5000    0.000016067.1338   22.0375
    0.0000   -7.5000    0.000016848.4180   22.0908
    7.5000   -7.5000    0.000016058.6445   22.0992
   -7.5000    0.0000    0.000016858.7129   22.0135
    0.0000    0.0000    0.000017675.1797   22.0650
    7.5000    0.0000    0.000016788.9492   22.0740
   -7.5000    7.5000    0.000016456.3652   21.9961
    0.0000    7.5000    0.000017260.8125   22.0435
    7.5000    7.5000    0.000016336.1299   22.0556
   -7.5000   15.0000    0.000015950.3662   22.0053
    0.0000   15.0000    0.000016715.3711   22.0510
    7.5000   15.0000    0.000015785.8750   22.0651
   -7.5000   22.5000    0.000014899.3623   22.0205
    0.0000   22.5000    0.000015612.6250   22.0675
    7.5000   22.5000    0.000014710.8096   22.0815
   -7.5000   30.0000    0.000013780.4678   21.7603
    0.0000   30.0000    0.000014409.6455   21.8103
    7.5000   30.0000    0.000013561.9209   21.8215
   -7.5000   37.5000    0.000012954.5820   21.7523
    0.0000   37.5000    0.000013530.6133   21.8049
    7.5000   37.5000    0.000012773.3564   21.8132
   -7.5000   45.0000    0.000011566.8193   21.2184
    0.0000   45.0000    0.000012037.4121   21.2681
    7.5000   45.0000    0.000011417.6465   21.2768
   -7.5000  -45.0000    7.500010976.3477   22.1590
    0.0000  -45.0000    7.500011387.9854   22.2153
    7.5000  -45.0000    7.500010940.3086   22.2146
   -7.5000  -37.5000    7.500011791.7793   22.0821
    0.0000  -37.5000    7.500012208.9531   22.1364
    7.5000  -37.5000    7.500011722.3223   22.1398
   -7.5000  -30.0000    7.500013291.3691   22.0868
    0.0000  -30.0000    7.500013870.6602   22.1383
    7.5000  -30.0000    7.500013138.4775   22.1406
   -7.5000  -22.5000    7.500014634.7461   22.1004
    0.0000  -22.5000    7.500015413.1396   22.1504
    7.5000  -22.5000    7.500014498.1680   22.1464
   -7.5000  -15.0000    7.500015298.7705   22.1072
    0.0000  -15.0000    7.500015977.2852   22.1587
    7.5000  -15.0000    7.500015287.3604   22.1498
   -7.5000   -7.5000    7.500015831.8633   22.1033
    0.0000   -7.5000    7.500016464.9492   22.1577
    7.5000   -7.5000    7.500015854.8711   22.1504
   -7.5000    0.0000    7.500016590.8379   22.0906
    0.0000    0.0000    7.500017301.1270   22.1463
    7.5000    0.0000    7.500016565.9512   22.1451
   -7.5000    7.5000    7.500016198.6299   22.0808
    0.0000    7.5000    7.500016887.6855   22.1350
    7.5000    7.5000    7.500016121.1553   22.1384
   -7.5000   15.0000    7.500015662.2607   22.0868
    0.0000   15.0000    7.500016289.5000   22.1383
    7.5000   15.0000    7.500015532.9170   22.1406
   -7.5000   22.5000    7.500014590.5098   22.0902
    0.0000   22.5000    7.500015205.5811   22.1402
    7.5000   22.5000    7.500014460.8857   22.1362
   -7.5000   30.0000    7.500013510.1172   21.8211
    0.0000   30.0000    7.500014091.5469   21.8719
    7.5000   30.0000    7.500013351.7646   21.8631
   -7.5000   37.5000    7.500012724.1865   21.8173
    0.0000   37.5000    7.500013299.8740   21.8710
    7.5000   37.5000    7.500012619.7012   21.8638
   -7.5000   45.0000    7.500011374.9912   21.2928
    0.0000   45.0000    7.500011867.4307   21.3464
    7.5000   45.0000    7.500011290.4717   21.3453
   -7.5000  -45.0000   15.000010589.7803   22.2148
    0.0000  -45.0000   15.000010921.0723   22.2702
    7.5000  -45.0000   15.000010526.4180   22.2539
   -7.5000  -37.5000   15.000011413.9326   22.1478
    0.0000  -37.5000   15.000011783.5039   22.2017
    7.5000  -37.5000   15.000011308.0479   22.1908
   -7.5000  -30.0000   15.000012842.6924   22.1515
    0.0000  -30.0000   15.000013375.9033   22.2043
    7.5000  -30.0000   15.000012661.6406   22.1946
   -7.5000  -22.5000   15.000014163.9736   22.1526
    0.0000  -22.5000   15.000014671.0654   22.2055
    7.5000  -22.5000   15.000013953.5420   22.1903
   -7.5000  -15.0000   15.000014870.1426   22.1480
    0.0000  -15.0000   15.000015241.9492   22.2024
    7.5000  -15.0000   15.000014781.3750   22.1818
   -7.5000   -7.5000   15.000015346.8984   22.1470
    0.0000   -7.5000   15.000015706.8682   22.2022
    7.5000   -7.5000   15.000015398.7959   22.1811
   -7.5000    0.0000   15.000016049.3438   22.1467
    0.0000    0.0000   15.000016482.0312   22.2014
    7.5000    0.0000   15.000016125.1904   22.1846
   -7.5000    7.5000   15.000015706.6914   22.1465
    0.0000    7.5000   15.000016150.6309   22.2004
    7.5000    7.5000   15.000015773.8564   22.1894
   -7.5000   15.0000   15.000015206.2969   22.1515
    0.0000   15.0000   15.000015654.4717   22.2043
    7.5000   15.0000   15.000015171.8760   22.1946
   -7.5000   22.5000   15.000014167.9053   22.1424
    0.0000   22.5000   15.000014687.2529   22.1952
    7.5000   22.5000   15.000014077.9453   22.1801
   -7.5000   30.0000   15.000013116.3193   21.8613
    0.0000   30.0000   15.000013641.4932   21.9150
    7.5000   30.0000   15.000012968.4785   21.8947
   -7.5000   37.5000   15.000012343.4053   21.8604
    0.0000   37.5000   15.000012883.8135   21.9148
    7.5000   37.5000   15.000012237.5312   21.8940
   -7.5000   45.0000   15.000011041.4062   21.3469
    0.0000   45.0000   15.000011518.1592   21.3996
    7.5000   45.0000   15.000010922.8154   21.3834
   -7.5000  -45.0000   22.500010126.7295   22.1838
    0.0000  -45.0000   22.500010547.9404   22.2322
    7.5000  -45.0000   22.500010058.8457   22.2101
   -7.5000  -37.5000   22.500010900.4775   22.1237
    0.0000  -37.5000   22.500011337.8809   22.1692
    7.5000  -37.5000   22.500010802.8213   22.1520
   -7.5000  -30.0000   22.500012115.5205   22.1339
    0.0000  -30.0000   22.500012523.2109   22.1814
    7.5000  -30.0000   22.500011978.3018   22.1709
   -7.5000  -22.5000   22.500013219.8389   22.1344
    0.0000  -22.5000   22.500013522.8369   22.1864
    7.5000  -22.5000   22.500013010.5908   22.1776
   -7.5000  -15.0000   22.500014165.7178   22.1228
    0.0000  -15.0000   22.500014400.6846   22.1783
    7.5000  -15.0000   22.500013931.6670   22.1662
   -7.5000   -7.5000   22.500014977.9258   22.1165
    0.0000   -7.5000   22.500015234.8223   22.1699
    7.5000   -7.5000   22.500014813.3506   22.1509
   -7.5000    0.0000   22.500015670.8984   22.1166
    0.0000    0.0000   22.500015998.6377   22.1644
    7.5000    0.0000   22.500015584.8633   22.1420
   -7.5000    7.5000   22.500015292.5674   22.1223
    0.0000    7.5000   22.500015683.6143   22.1678
    7.5000    7.5000   22.500015223.7617   22.1506
   -7.5000   15.0000   22.500014667.3789   22.1339
    0.0000   15.0000   22.500015132.7275   22.1814
    7.5000   15.0000   22.500014536.4736   22.1709
   -7.5000   22.5000   22.500013591.4287   22.1242
    0.0000   22.5000   22.500014080.9893   22.1761
    7.5000   22.5000   22.500013449.6484   22.1674
   -7.5000   30.0000   22.500012569.8408   21.8365
    0.0000   30.0000   22.500013038.6221   21.8913
    7.5000   30.0000   22.500012398.3066   21.8794
   -7.5000   37.5000   22.500011817.7939   21.8303
    0.0000   37.5000   22.500012272.1650   21.8830
    7.5000   37.5000   22.500011659.4473   21.8642
   -7.5000   45.0000   22.500010575.2773   21.3179
    0.0000   45.0000   22.500010998.5996   21.3639
    7.5000   45.0000   22.500010415.5527   21.3423
   -7.5000  -45.0000   30.0000 9554.6611   22.1740
    0.0000  -45.0000   30.0000 9946.5498   22.2179
    7.5000  -45.0000   30.0000 9514.2598   22.2047
   -7.5000  -37.5000   30.000010242.5576   22.1087
    0.0000  -37.5000   30.000010664.5635   22.1468
    7.5000  -37.5000   30.000010182.4424   22.1372
   -7.5000  -30.0000   30.000011290.4238   22.1254
    0.0000  -30.0000   30.000011708.0088   22.1661
    7.5000  -30.0000   30.000011201.7549   22.1656
   -7.5000  -22.5000   30.000012272.0234   22.1385
    0.0000  -22.5000   30.000012688.7627   22.1866
    7.5000  -22.5000   30.000012137.0713   22.1930
   -7.5000  -15.0000   30.000013209.2920   22.1336
    0.0000  -15.0000   30.000013687.5664   22.1876
    7.5000  -15.0000   30.000012987.0166   22.1927
   -7.5000   -7.5000   30.000014150.1436   22.1201
    0.0000   -7.5000   30.000014668.1182   22.1722
    7.5000   -7.5000   30.000013858.4863   22.1666
   -7.5000    0.0000   30.000014883.5908   22.1072
    0.0000    0.0000   30.000015428.6113   22.1505
    7.5000    0.0000   30.000014611.0225   22.1370
   -7.5000    7.5000   30.000014481.4727   22.1072
    0.0000    7.5000   30.000015020.8594   22.1453
    7.5000    7.5000   30.000014241.1113   22.1357
   -7.5000   15.0000   30.000013791.6689   22.1254
    0.0000   15.0000   30.000014327.4482   22.1661
    7.5000   15.0000   30.000013581.8584   22.1656
   -7.5000   22.5000   30.000012731.1094   22.1283
    0.0000   22.5000   30.000013233.6074   22.1764
    7.5000   22.5000   30.000012562.3818   22.1828
   -7.5000   30.0000   30.000011740.9004   21.8471
    0.0000   30.0000   30.000012179.8086   21.9005
    7.5000   30.0000   30.000011562.0166   21.9055
   -7.5000   37.5000   30.000011073.4326   21.8339
    0.0000   37.5000   30.000011468.4014   21.8852
    7.5000   37.5000   30.000010896.3682   21.8797
   -7.5000   45.0000   30.0000 9954.4238   21.3088
    0.0000   45.0000   30.000010287.5264   21.3505
    7.5000   45.0000   30.0000 9783.4053   21.3375
   -7.5000  -45.0000   37.5000 9220.8340   22.2708
    0.0000  -45.0000   37.5000 9714.0137   22.3170
    7.5000  -45.0000   37.5000 9228.9795   22.3192
   -7.5000  -37.5000   37.5000 9877.3525   22.1891
    0.0000  -37.5000   37.500010390.2812   22.2282
    7.5000  -37.5000   37.5000 9844.3945   22.2331
   -7.5000  -30.0000   37.500010861.0352   22.2021
    0.0000  -30.0000   37.500011370.9570   22.2416
    7.5000  -30.0000   37.500010793.6543   22.2536
   -7.5000  -22.5000   37.500011804.5967   22.2293
    0.0000  -22.5000   37.500012296.1367   22.2747
    7.5000  -22.5000   37.500011693.4424   22.2926
   -7.5000  -15.0000   37.500012671.0264   22.2412
    0.0000  -15.0000   37.500013153.1465   22.2928
    7.5000  -15.0000   37.500012508.3184   22.3095
   -7.5000   -7.5000   37.500013491.0732   22.2290
    0.0000   -7.5000   37.500013984.8037   22.2813
    7.5000   -7.5000   37.500013276.7500   22.2891
   -7.5000    0.0000   37.500014196.3135   22.2027
    0.0000    0.0000   37.500014686.0059   22.2484
    7.5000    0.0000   37.500013999.5469   22.2502
   -7.5000    7.5000   37.500013902.1602   22.1876
    0.0000    7.5000   37.500014380.1807   22.2267
    7.5000    7.5000   37.500013704.3770   22.2315
   -7.5000   15.0000   37.500013277.5791   22.2021
    0.0000   15.0000   37.500013786.4912   22.2416
    7.5000   15.0000   37.500013091.2559   22.2536
   -7.5000   22.5000   37.500012283.3721   22.2191
    0.0000   22.5000   37.500012769.6367   22.2645
    7.5000   22.5000   37.500012106.6250   22.2824
   -7.5000   30.0000   37.500011304.5293   21.9533
    0.0000   30.0000   37.500011748.6621   22.0043
    7.5000   30.0000   37.500011124.3496   22.0208
   -7.5000   37.5000   37.500010627.8008   21.9413
    0.0000   37.5000   37.500011060.5273   21.9929
    7.5000   37.5000   37.500010479.7764   22.0007
   -7.5000   45.0000   37.5000 9587.3418   21.4009
    0.0000   45.0000   37.5000 9940.7930   21.4449
    7.5000   45.0000   37.5000 9425.8848   21.4467
   -7.5000  -45.0000   45.0000 8532.1289   22.4773
    0.0000  -45.0000   45.0000 8968.7354   22.5291
    7.5000  -45.0000   45.0000 8562.0996   22.5379
   -7.5000  -37.5000   45.0000 9100.0625   22.3864
    0.0000  -37.5000   45.0000 9562.9863   22.4331
    7.5000  -37.5000   45.0000 9096.1758   22.4446
   -7.5000  -30.0000   45.0000 9948.8252   22.3938
    0.0000  -30.0000   45.000010425.9248   22.4386
    7.5000  -30.0000   45.0000 9913.5137   22.4521
   -7.5000  -22.5000   45.000010795.6162   22.4235
    0.0000  -22.5000   45.000011270.0195   22.4698
    7.5000  -22.5000   45.000010742.9746   22.4832
   -7.5000  -15.0000   45.000011559.6631   22.4428
    0.0000  -15.0000   45.000012023.4873   22.4930
    7.5000  -15.0000   45.000011471.5303   22.5038
   -7.5000   -7.5000   45.000012259.4951   22.4347
    0.0000   -7.5000   45.000012738.4492   22.4879
    7.5000   -7.5000   45.000012159.7871   22.4957
   -7.5000    0.0000   45.000012888.1895   22.4067
    0.0000    0.0000   45.000013367.2148   22.4578
    7.5000    0.0000   45.000012782.8896   22.4662
   -7.5000    7.5000   45.000012652.2422   22.3849
    0.0000    7.5000   45.000013143.2285   22.4316
    7.5000    7.5000   45.000012538.3789   22.4430
   -7.5000   15.0000   45.000012130.0752   22.3938
    0.0000   15.0000   45.000012626.9648   22.4386
    7.5000   15.0000   45.000012018.8428   22.4521
   -7.5000   22.5000   45.000011264.2031   22.4131
    0.0000   22.5000   45.000011709.7227   22.4594
    7.5000   22.5000   45.000011141.7930   22.4728
   -7.5000   30.0000   45.000010359.4863   22.1504
    0.0000   30.0000   45.000010776.1084   22.2000
    7.5000   30.0000   45.000010225.5322   22.2106
   -7.5000   37.5000   45.0000 9768.5537   22.1424
    0.0000   37.5000   45.000010167.7051   22.1950
    7.5000   37.5000   45.0000 9645.5059   22.2026
   -7.5000   45.0000   45.0000 8801.7090   21.6072
    0.0000   45.0000   45.0000 9137.2207   21.6566
    7.5000   45.0000   45.0000 8678.7812   21.6647

---------------------------------------------------------------------
imgreg_4dfp /opt/freesurfer/average/711-2C_as_mni_average_305 /opt/freesurfer/average/711-2B_as_mni_average_305_mask talsrcimg_g11 none talsrcimg_to_711-2C_as_mni_average_305_t4 4355
---------------------------------------------------------------------

freesurfer imgreg_4dfp.c
/opt/freesurfer/average/711-2C_as_mni_average_305.4dfp.img
       256       256       256         1
  1.000000  1.000000  1.000000
orientation T byte_order littleendian
Reading image: /opt/freesurfer/average/711-2C_as_mni_average_305.4dfp.img
dimensions:      256       256       256
mmppix:       1.0000   -1.0000   -1.0000
center:     128.0000 -129.0000 -129.0000
/opt/freesurfer/average/711-2B_as_mni_average_305_mask.4dfp.img
       256       256       256         1
  1.000000  1.000000  1.000000
orientation T byte_order littleendian
Reading mask: /opt/freesurfer/average/711-2B_as_mni_average_305_mask.4dfp.img (2306576 pixels)
talsrcimg_g11.4dfp.img
       256       256       256         1
  1.000000  1.000000  1.000000
orientation T byte_order littleendian
Reading image: talsrcimg_g11.4dfp.img
dimensions:      256       256       256
mmppix:       1.0000   -1.0000   -1.0000
center:     128.0000 -129.0000 -129.0000
rotation matrix determinant  1.000000
image alignment mode   4355 decimal     1103 hex
   -7.5000  -45.0000  -45.0000 1947.1129   28.1999
    0.0000  -45.0000  -45.0000 1956.0518   27.8300
    7.5000  -45.0000  -45.0000 1955.6481   28.0440
   -7.5000  -37.5000  -45.0000 2031.5209   25.8062
    0.0000  -37.5000  -45.0000 2049.5850   25.5644
    7.5000  -37.5000  -45.0000 2047.4646   25.7465
   -7.5000  -30.0000  -45.0000 2105.6521   24.0451
    0.0000  -30.0000  -45.0000 2120.0867   23.8073
    7.5000  -30.0000  -45.0000 2115.4954   23.9635
   -7.5000  -22.5000  -45.0000 2160.7139   22.6981
    0.0000  -22.5000  -45.0000 2169.5764   22.4901
    7.5000  -22.5000  -45.0000 2165.6106   22.6390
   -7.5000  -15.0000  -45.0000 2192.6909   21.7299
    0.0000  -15.0000  -45.0000 2193.9329   21.4534
    7.5000  -15.0000  -45.0000 2186.0332   21.7281
   -7.5000   -7.5000  -45.0000 2199.6484   21.1132
    0.0000   -7.5000  -45.0000 2202.9858   20.8313
    7.5000   -7.5000  -45.0000 2193.2034   21.1258
   -7.5000    0.0000  -45.0000 2193.7561   20.9011
    0.0000    0.0000  -45.0000 2194.6748   20.5977
    7.5000    0.0000  -45.0000 2194.0247   20.9927
   -7.5000    7.5000  -45.0000 2174.4272   21.2055
    0.0000    7.5000  -45.0000 2186.8831   20.9391
    7.5000    7.5000  -45.0000 2172.5583   21.3479
   -7.5000   15.0000  -45.0000 2148.1323   21.8657
    0.0000   15.0000  -45.0000 2154.7651   21.6194
    7.5000   15.0000  -45.0000 2143.7766   22.0085
   -7.5000   22.5000  -45.0000 2111.1316   22.9864
    0.0000   22.5000  -45.0000 2110.2346   22.7120
    7.5000   22.5000  -45.0000 2098.9629   23.1364
   -7.5000   30.0000  -45.0000 2040.0668   24.5610
    0.0000   30.0000  -45.0000 2039.5365   24.2875
    7.5000   30.0000  -45.0000 2027.2144   24.7329
   -7.5000   37.5000  -45.0000 1950.6278   26.5845
    0.0000   37.5000  -45.0000 1955.8715   26.3045
    7.5000   37.5000  -45.0000 1941.4938   26.7418
   -7.5000   45.0000  -45.0000 1842.7451   29.2440
    0.0000   45.0000  -45.0000 1849.4771   29.1228
    7.5000   45.0000  -45.0000 1836.2780   29.4452
   -7.5000  -45.0000  -37.5000 2027.2783   25.8002
    0.0000  -45.0000  -37.5000 2046.2543   25.5578
    7.5000  -45.0000  -37.5000 2040.5699   25.7331
   -7.5000  -37.5000  -37.5000 2129.8069   23.7519
    0.0000  -37.5000  -37.5000 2151.7688   23.5332
    7.5000  -37.5000  -37.5000 2139.2241   23.6763
   -7.5000  -30.0000  -37.5000 2201.5991   22.1386
    0.0000  -30.0000  -37.5000 2218.3381   22.0080
    7.5000  -30.0000  -37.5000 2213.0823   22.1085
   -7.5000  -22.5000  -37.5000 2255.0181   20.8026
    0.0000  -22.5000  -37.5000 2269.2681   20.6928
    7.5000  -22.5000  -37.5000 2259.1682   20.8196
   -7.5000  -15.0000  -37.5000 2288.1218   19.8966
    0.0000  -15.0000  -37.5000 2301.0591   19.7132
    7.5000  -15.0000  -37.5000 2292.5959   19.8874
   -7.5000   -7.5000  -37.5000 2298.1487   19.4311
    0.0000   -7.5000  -37.5000 2309.7888   19.2494
    7.5000   -7.5000  -37.5000 2302.4116   19.4367
   -7.5000    0.0000  -37.5000 2285.4221   19.2448
    0.0000    0.0000  -37.5000 2297.2891   19.0730
    7.5000    0.0000  -37.5000 2288.8445   19.3311
   -7.5000    7.5000  -37.5000 2274.1401   19.4941
    0.0000    7.5000  -37.5000 2285.4316   19.2682
    7.5000    7.5000  -37.5000 2271.9836   19.5968
   -7.5000   15.0000  -37.5000 2252.8010   20.0803
    0.0000   15.0000  -37.5000 2259.9062   19.8637
    7.5000   15.0000  -37.5000 2243.7012   20.1949
   -7.5000   22.5000  -37.5000 2212.6191   21.1805
    0.0000   22.5000  -37.5000 2212.5027   20.9330
    7.5000   22.5000  -37.5000 2199.1226   21.3320
   -7.5000   30.0000  -37.5000 2144.1436   22.7291
    0.0000   30.0000  -37.5000 2145.5747   22.4397
    7.5000   30.0000  -37.5000 2130.4785   22.8588
   -7.5000   37.5000  -37.5000 2045.5594   24.6521
    0.0000   37.5000  -37.5000 2051.2168   24.3777
    7.5000   37.5000  -37.5000 2034.8713   24.8273
   -7.5000   45.0000  -37.5000 1932.4606   27.2556
    0.0000   45.0000  -37.5000 1940.6970   26.9940
    7.5000   45.0000  -37.5000 1924.2354   27.4470
   -7.5000  -45.0000  -30.0000 2149.6868   24.5255
    0.0000  -45.0000  -30.0000 2168.6938   24.4075
    7.5000  -45.0000  -30.0000 2158.8008   24.5249
   -7.5000  -37.5000  -30.0000 2261.2124   22.4968
    0.0000  -37.5000  -30.0000 2278.6790   22.4234
    7.5000  -37.5000  -30.0000 2264.9087   22.5193
   -7.5000  -30.0000  -30.0000 2336.1355   21.0497
    0.0000  -30.0000  -30.0000 2348.7405   20.9972
    7.5000  -30.0000  -30.0000 2335.3528   21.0703
   -7.5000  -22.5000  -30.0000 2384.8071   19.8195
    0.0000  -22.5000  -30.0000 2396.4209   19.7615
    7.5000  -22.5000  -30.0000 2383.1438   19.8493
   -7.5000  -15.0000  -30.0000 2421.6030   18.9221
    0.0000  -15.0000  -30.0000 2438.2583   18.8108
    7.5000  -15.0000  -30.0000 2419.4253   18.9107
   -7.5000   -7.5000  -30.0000 2446.2310   18.4982
    0.0000   -7.5000  -30.0000 2458.6223   18.3728
    7.5000   -7.5000  -30.0000 2440.7012   18.4856
   -7.5000    0.0000  -30.0000 2436.6147   18.3565
    0.0000    0.0000  -30.0000 2447.3962   18.2583
    7.5000    0.0000  -30.0000 2430.7034   18.4094
   -7.5000    7.5000  -30.0000 2428.2197   18.5739
    0.0000    7.5000  -30.0000 2437.7415   18.4534
    7.5000    7.5000  -30.0000 2421.2285   18.6773
   -7.5000   15.0000  -30.0000 2400.6516   19.1942
    0.0000   15.0000  -30.0000 2405.5715   19.0321
    7.5000   15.0000  -30.0000 2390.4133   19.3233
   -7.5000   22.5000  -30.0000 2351.2727   20.3067
    0.0000   22.5000  -30.0000 2353.1064   20.0742
    7.5000   22.5000  -30.0000 2337.7632   20.3893
   -7.5000   30.0000  -30.0000 2278.3955   21.8210
    0.0000   30.0000  -30.0000 2278.5527   21.5303
    7.5000   30.0000  -30.0000 2261.9294   21.8640
   -7.5000   37.5000  -30.0000 2171.7708   23.8135
    0.0000   37.5000  -30.0000 2176.0066   23.5159
    7.5000   37.5000  -30.0000 2153.7488   23.8650
   -7.5000   45.0000  -30.0000 2053.0615   26.3811
    0.0000   45.0000  -30.0000 2060.9348   26.1452
    7.5000   45.0000  -30.0000 2036.1781   26.5154
   -7.5000  -45.0000  -22.5000 2251.7485   23.1952
    0.0000  -45.0000  -22.5000 2266.5669   23.1078
    7.5000  -45.0000  -22.5000 2255.2397   23.2124
   -7.5000  -37.5000  -22.5000 2365.8975   21.2322
    0.0000  -37.5000  -22.5000 2383.1206   21.1948
    7.5000  -37.5000  -22.5000 2366.3977   21.2436
   -7.5000  -30.0000  -22.5000 2445.4326   19.7836
    0.0000  -30.0000  -22.5000 2460.7788   19.7872
    7.5000  -30.0000  -22.5000 2441.4231   19.8378
   -7.5000  -22.5000  -22.5000 2497.6592   18.6747
    0.0000  -22.5000  -22.5000 2513.8586   18.7271
    7.5000  -22.5000  -22.5000 2489.9209   18.7956
   -7.5000  -15.0000  -22.5000 2533.7263   17.8004
    0.0000  -15.0000  -22.5000 2550.8855   17.8263
    7.5000  -15.0000  -22.5000 2524.4875   17.8594
   -7.5000   -7.5000  -22.5000 2570.8240   17.3820
    0.0000   -7.5000  -22.5000 2580.4902   17.3239
    7.5000   -7.5000  -22.5000 2555.5166   17.3826
   -7.5000    0.0000  -22.5000 2570.5547   17.3090
    0.0000    0.0000  -22.5000 2583.2366   17.2614
    7.5000    0.0000  -22.5000 2550.6711   17.3231
   -7.5000    7.5000  -22.5000 2563.9019   17.5692
    0.0000    7.5000  -22.5000 2575.5791   17.5002
    7.5000    7.5000  -22.5000 2544.1064   17.6350
   -7.5000   15.0000  -22.5000 2530.4563   18.2506
    0.0000   15.0000  -22.5000 2538.8291   18.1575
    7.5000   15.0000  -22.5000 2509.3723   18.3254
   -7.5000   22.5000  -22.5000 2473.3225   19.3158
    0.0000   22.5000  -22.5000 2473.8396   19.1694
    7.5000   22.5000  -22.5000 2448.6875   19.3870
   -7.5000   30.0000  -22.5000 2390.0273   20.7485
    0.0000   30.0000  -22.5000 2388.0835   20.5387
    7.5000   30.0000  -22.5000 2360.6118   20.7893
   -7.5000   37.5000  -22.5000 2274.9795   22.6248
    0.0000   37.5000  -22.5000 2270.2090   22.3891
    7.5000   37.5000  -22.5000 2244.1992   22.6740
   -7.5000   45.0000  -22.5000 2138.5950   25.1272
    0.0000   45.0000  -22.5000 2137.7112   24.8335
    7.5000   45.0000  -22.5000 2113.4387   25.1548
   -7.5000  -45.0000  -15.0000 2314.7273   21.9495
    0.0000  -45.0000  -15.0000 2328.6577   21.8152
    7.5000  -45.0000  -15.0000 2310.7312   21.8806
   -7.5000  -37.5000  -15.0000 2434.7107   19.9951
    0.0000  -37.5000  -15.0000 2455.9590   19.9505
    7.5000  -37.5000  -15.0000 2435.0676   20.0016
   -7.5000  -30.0000  -15.0000 2525.0559   18.5890
    0.0000  -30.0000  -15.0000 2542.0369   18.5870
    7.5000  -30.0000  -15.0000 2518.0630   18.6411
   -7.5000  -22.5000  -15.0000 2582.6248   17.5132
    0.0000  -22.5000  -15.0000 2600.8003   17.6051
    7.5000  -22.5000  -15.0000 2572.0801   17.6437
   -7.5000  -15.0000  -15.0000 2624.6597   16.7452
    0.0000  -15.0000  -15.0000 2638.7717   16.8233
    7.5000  -15.0000  -15.0000 2606.5901   16.8521
   -7.5000   -7.5000  -15.0000 2662.6499   16.3011
    0.0000   -7.5000  -15.0000 2673.1304   16.3339
    7.5000   -7.5000  -15.0000 2641.5510   16.3672
   -7.5000    0.0000  -15.0000 2671.0715   16.2360
    0.0000    0.0000  -15.0000 2686.6177   16.2268
    7.5000    0.0000  -15.0000 2647.9006   16.3075
   -7.5000    7.5000  -15.0000 2664.6970   16.5414
    0.0000    7.5000  -15.0000 2680.3523   16.5297
    7.5000    7.5000  -15.0000 2642.5872   16.6247
   -7.5000   15.0000  -15.0000 2623.7856   17.2503
    0.0000   15.0000  -15.0000 2638.7461   17.2145
    7.5000   15.0000  -15.0000 2600.7476   17.3287
   -7.5000   22.5000  -15.0000 2559.3359   18.2971
    0.0000   22.5000  -15.0000 2565.0168   18.2184
    7.5000   22.5000  -15.0000 2527.3401   18.3613
   -7.5000   30.0000  -15.0000 2464.7354   19.7050
    0.0000   30.0000  -15.0000 2468.3750   19.5590
    7.5000   30.0000  -15.0000 2432.4192   19.7474
   -7.5000   37.5000  -15.0000 2342.7432   21.5242
    0.0000   37.5000  -15.0000 2343.1299   21.3088
    7.5000   37.5000  -15.0000 2313.1694   21.5543
   -7.5000   45.0000  -15.0000 2196.6104   23.8430
    0.0000   45.0000  -15.0000 2187.2695   23.5698
    7.5000   45.0000  -15.0000 2169.2188   23.8490
   -7.5000  -45.0000   -7.5000 2363.9788   20.8979
    0.0000  -45.0000   -7.5000 2378.4502   20.6917
    7.5000  -45.0000   -7.5000 2363.3345   20.9022
   -7.5000  -37.5000   -7.5000 2492.7957   18.9757
    0.0000  -37.5000   -7.5000 2507.1917   18.8155
    7.5000  -37.5000   -7.5000 2489.3589   18.9493
   -7.5000  -30.0000   -7.5000 2589.8789   17.5356
    0.0000  -30.0000   -7.5000 2607.5078   17.5122
    7.5000  -30.0000   -7.5000 2579.4902   17.5878
   -7.5000  -22.5000   -7.5000 2661.3564   16.5454
    0.0000  -22.5000   -7.5000 2679.0481   16.5619
    7.5000  -22.5000   -7.5000 2646.9417   16.5983
   -7.5000  -15.0000   -7.5000 2702.6675   15.7791
    0.0000  -15.0000   -7.5000 2720.7278   15.8604
    7.5000  -15.0000   -7.5000 2684.1621   15.8650
   -7.5000   -7.5000   -7.5000 2735.7808   15.3299
    0.0000   -7.5000   -7.5000 2747.1582   15.3657
    7.5000   -7.5000   -7.5000 2723.7058   15.4599
   -7.5000    0.0000   -7.5000 2746.2698   15.2987
    0.0000    0.0000   -7.5000 2763.9600   15.3027
    7.5000    0.0000   -7.5000 2732.5884   15.4119
   -7.5000    7.5000   -7.5000 2745.2952   15.6277
    0.0000    7.5000   -7.5000 2762.6726   15.6112
    7.5000    7.5000   -7.5000 2720.5623   15.7035
   -7.5000   15.0000   -7.5000 2701.7615   16.3575
    0.0000   15.0000   -7.5000 2713.5449   16.3117
    7.5000   15.0000   -7.5000 2673.4009   16.4205
   -7.5000   22.5000   -7.5000 2628.5513   17.4059
    0.0000   22.5000   -7.5000 2631.4478   17.3359
    7.5000   22.5000   -7.5000 2597.9253   17.4565
   -7.5000   30.0000   -7.5000 2524.8345   18.7811
    0.0000   30.0000   -7.5000 2533.7092   18.6827
    7.5000   30.0000   -7.5000 2499.4597   18.8141
   -7.5000   37.5000   -7.5000 2399.3547   20.5092
    0.0000   37.5000   -7.5000 2404.9854   20.4088
    7.5000   37.5000   -7.5000 2375.6611   20.5400
   -7.5000   45.0000   -7.5000 2238.9617   22.7340
    0.0000   45.0000   -7.5000 2238.8384   22.6238
    7.5000   45.0000   -7.5000 2213.0732   22.7573
   -7.5000  -45.0000    0.0000 2402.5627   20.2089
    0.0000  -45.0000    0.0000 2413.4661   19.8966
    7.5000  -45.0000    0.0000 2406.6375   20.1959
   -7.5000  -37.5000    0.0000 2524.2139   18.2617
    0.0000  -37.5000    0.0000 2539.9714   18.0470
    7.5000  -37.5000    0.0000 2529.9429   18.2888
   -7.5000  -30.0000    0.0000 2634.8979   16.8453
    0.0000  -30.0000    0.0000 2653.4490   16.7776
    7.5000  -30.0000    0.0000 2637.3489   16.9438
   -7.5000  -22.5000    0.0000 2719.3931   15.8436
    0.0000  -22.5000    0.0000 2750.6619   15.8339
    7.5000  -22.5000    0.0000 2713.8071   15.9257
   -7.5000  -15.0000    0.0000 2762.9172   15.0246
    0.0000  -15.0000    0.0000 2791.3828   15.0442
    7.5000  -15.0000    0.0000 2747.9834   15.1409
   -7.5000   -7.5000    0.0000 2790.7590   14.5342
    0.0000   -7.5000    0.0000 2810.7207   14.5234
    7.5000   -7.5000    0.0000 2787.8503   14.7390
   -7.5000    0.0000    0.0000 2807.3286   14.6100
    0.0000    0.0000    0.0000 2828.0315   14.5644
    7.5000    0.0000    0.0000 2794.5781   14.7275
   -7.5000    7.5000    0.0000 2802.6514   14.9601
    0.0000    7.5000    0.0000 2820.2534   14.9016
    7.5000    7.5000    0.0000 2784.5039   15.0076
   -7.5000   15.0000    0.0000 2750.9028   15.7034
    0.0000   15.0000    0.0000 2763.4868   15.6467
    7.5000   15.0000    0.0000 2728.6816   15.7280
   -7.5000   22.5000    0.0000 2668.6643   16.7698
    0.0000   22.5000    0.0000 2678.0881   16.7007
    7.5000   22.5000    0.0000 2643.9866   16.7857
   -7.5000   30.0000    0.0000 2563.9087   18.1589
    0.0000   30.0000    0.0000 2572.6223   18.0884
    7.5000   30.0000    0.0000 2544.5151   18.1611
   -7.5000   37.5000    0.0000 2436.2998   19.9088
    0.0000   37.5000    0.0000 2443.2319   19.8070
    7.5000   37.5000    0.0000 2415.4302   19.9472
   -7.5000   45.0000    0.0000 2269.8403   22.0975
    0.0000   45.0000    0.0000 2276.1016   21.9580
    7.5000   45.0000    0.0000 2255.3533   22.1721
   -7.5000  -45.0000    7.5000 2431.9250   19.7584
    0.0000  -45.0000    7.5000 2441.8625   19.4142
    7.5000  -45.0000    7.5000 2434.1636   19.7666
   -7.5000  -37.5000    7.5000 2554.1934   17.8777
    0.0000  -37.5000    7.5000 2570.5981   17.6371
    7.5000  -37.5000    7.5000 2557.7080   17.9397
   -7.5000  -30.0000    7.5000 2669.9722   16.5155
    0.0000  -30.0000    7.5000 2689.2634   16.3797
    7.5000  -30.0000    7.5000 2672.5408   16.6026
   -7.5000  -22.5000    7.5000 2765.0156   15.5136
    0.0000  -22.5000    7.5000 2800.9744   15.4559
    7.5000  -22.5000    7.5000 2766.9102   15.6150
   -7.5000  -15.0000    7.5000 2812.4629   14.5504
    0.0000  -15.0000    7.5000 2855.6189   14.4864
    7.5000  -15.0000    7.5000 2806.0632   14.7729
   -7.5000   -7.5000    7.5000 2836.7227   13.9761
    0.0000   -7.5000    7.5000 2859.7861   13.8299
    7.5000   -7.5000    7.5000 2828.8071   14.2631
   -7.5000    0.0000    7.5000 2850.6821   14.1212
    0.0000    0.0000    7.5000 2875.9207   13.9821
    7.5000    0.0000    7.5000 2838.4573   14.2503
   -7.5000    7.5000    7.5000 2838.7441   14.5701
    0.0000    7.5000    7.5000 2860.3564   14.4881
    7.5000    7.5000    7.5000 2826.6455   14.6363
   -7.5000   15.0000    7.5000 2782.3596   15.3358
    0.0000   15.0000    7.5000 2795.3057   15.2655
    7.5000   15.0000    7.5000 2765.9229   15.3993
   -7.5000   22.5000    7.5000 2696.6670   16.4245
    0.0000   22.5000    7.5000 2706.7944   16.3513
    7.5000   22.5000    7.5000 2681.0291   16.5097
   -7.5000   30.0000    7.5000 2589.8850   17.8318
    0.0000   30.0000    7.5000 2600.4407   17.7458
    7.5000   30.0000    7.5000 2573.0654   17.9536
   -7.5000   37.5000    7.5000 2458.9153   19.5602
    0.0000   37.5000    7.5000 2471.2793   19.4772
    7.5000   37.5000    7.5000 2445.6499   19.7540
   -7.5000   45.0000    7.5000 2289.7083   21.7003
    0.0000   45.0000    7.5000 2301.0662   21.6052
    7.5000   45.0000    7.5000 2280.3208   21.9193
   -7.5000  -45.0000   15.0000 2445.8459   19.6084
    0.0000  -45.0000   15.0000 2452.6372   19.0866
    7.5000  -45.0000   15.0000 2447.1531   19.5901
   -7.5000  -37.5000   15.0000 2577.8936   17.7985
    0.0000  -37.5000   15.0000 2582.1841   17.3506
    7.5000  -37.5000   15.0000 2576.2019   17.7725
   -7.5000  -30.0000   15.0000 2692.4111   16.4388
    0.0000  -30.0000   15.0000 2704.6692   16.0880
    7.5000  -30.0000   15.0000 2687.5608   16.4248
   -7.5000  -22.5000   15.0000 2783.4343   15.4170
    0.0000  -22.5000   15.0000 2815.2712   15.1693
    7.5000  -22.5000   15.0000 2779.7437   15.4475
   -7.5000  -15.0000   15.0000 2841.3687   14.4649
    0.0000  -15.0000   15.0000 2874.2991   14.1389
    7.5000  -15.0000   15.0000 2825.4053   14.6187
   -7.5000   -7.5000   15.0000 2862.5603   13.8569
    0.0000   -7.5000   15.0000 2877.3013   13.4998
    7.5000   -7.5000   15.0000 2855.9641   14.1274
   -7.5000    0.0000   15.0000 2873.6184   13.9270
    0.0000    0.0000   15.0000 2888.5071   13.6699
    7.5000    0.0000   15.0000 2870.7615   14.2106
   -7.5000    7.5000   15.0000 2850.3945   14.5228
    0.0000    7.5000   15.0000 2864.5156   14.3307
    7.5000    7.5000   15.0000 2853.6770   14.7044
   -7.5000   15.0000   15.0000 2792.1177   15.3613
    0.0000   15.0000   15.0000 2800.9495   15.1896
    7.5000   15.0000   15.0000 2782.0659   15.4810
   -7.5000   22.5000   15.0000 2702.2659   16.4223
    0.0000   22.5000   15.0000 2714.7183   16.2794
    7.5000   22.5000   15.0000 2685.4746   16.5100
   -7.5000   30.0000   15.0000 2591.5337   17.8054
    0.0000   30.0000   15.0000 2601.5596   17.6787
    7.5000   30.0000   15.0000 2574.8379   17.8908
   -7.5000   37.5000   15.0000 2457.0410   19.4949
    0.0000   37.5000   15.0000 2465.4458   19.3873
    7.5000   37.5000   15.0000 2449.1582   19.6377
   -7.5000   45.0000   15.0000 2294.3018   21.6602
    0.0000   45.0000   15.0000 2303.7588   21.5188
    7.5000   45.0000   15.0000 2285.9678   21.8267
   -7.5000  -45.0000   22.5000 2456.1765   19.7220
    0.0000  -45.0000   22.5000 2471.4431   19.2785
    7.5000  -45.0000   22.5000 2455.1599   19.6549
   -7.5000  -37.5000   22.5000 2591.5730   17.9098
    0.0000  -37.5000   22.5000 2600.4253   17.4718
    7.5000  -37.5000   22.5000 2582.6646   17.7986
   -7.5000  -30.0000   22.5000 2695.9143   16.4845
    0.0000  -30.0000   22.5000 2705.7954   16.0969
    7.5000  -30.0000   22.5000 2690.0293   16.4180
   -7.5000  -22.5000   22.5000 2778.7976   15.4192
    0.0000  -22.5000   22.5000 2783.4316   14.9522
    7.5000  -22.5000   22.5000 2769.7864   15.3994
   -7.5000  -15.0000   22.5000 2842.8667   14.6082
    0.0000  -15.0000   22.5000 2844.8003   14.1395
    7.5000  -15.0000   22.5000 2829.5679   14.6602
   -7.5000   -7.5000   22.5000 2887.7793   14.2651
    0.0000   -7.5000   22.5000 2897.8140   13.9290
    7.5000   -7.5000   22.5000 2876.3228   14.3547
   -7.5000    0.0000   22.5000 2884.8772   14.3224
    0.0000    0.0000   22.5000 2898.6594   14.0822
    7.5000    0.0000   22.5000 2873.0293   14.4808
   -7.5000    7.5000   22.5000 2847.5781   14.7911
    0.0000    7.5000   22.5000 2862.5061   14.6381
    7.5000    7.5000   22.5000 2842.6157   14.9586
   -7.5000   15.0000   22.5000 2778.9309   15.5503
    0.0000   15.0000   22.5000 2792.9194   15.4252
    7.5000   15.0000   22.5000 2770.1785   15.6832
   -7.5000   22.5000   22.5000 2687.2883   16.5499
    0.0000   22.5000   22.5000 2700.2400   16.4575
    7.5000   22.5000   22.5000 2674.2224   16.6602
   -7.5000   30.0000   22.5000 2578.3545   17.8409
    0.0000   30.0000   22.5000 2591.1450   17.7779
    7.5000   30.0000   22.5000 2565.8215   17.9617
   -7.5000   37.5000   22.5000 2443.4216   19.5437
    0.0000   37.5000   22.5000 2449.4211   19.4919
    7.5000   37.5000   22.5000 2428.0981   19.6605
   -7.5000   45.0000   22.5000 2289.2842   21.7569
    0.0000   45.0000   22.5000 2296.3088   21.6425
    7.5000   45.0000   22.5000 2270.8257   21.8893
   -7.5000  -45.0000   30.0000 2454.4209   20.0130
    0.0000  -45.0000   30.0000 2467.6448   19.6016
    7.5000  -45.0000   30.0000 2455.1990   19.9717
   -7.5000  -37.5000   30.0000 2586.6694   18.1807
    0.0000  -37.5000   30.0000 2597.8955   17.8197
    7.5000  -37.5000   30.0000 2582.9844   18.1282
   -7.5000  -30.0000   30.0000 2685.0391   16.7752
    0.0000  -30.0000   30.0000 2699.7312   16.4589
    7.5000  -30.0000   30.0000 2681.6521   16.7289
   -7.5000  -22.5000   30.0000 2767.5078   15.7553
    0.0000  -22.5000   30.0000 2776.9670   15.3500
    7.5000  -22.5000   30.0000 2760.3867   15.7554
   -7.5000  -15.0000   30.0000 2827.9229   15.0470
    0.0000  -15.0000   30.0000 2843.9458   14.8307
    7.5000  -15.0000   30.0000 2809.6665   15.0888
   -7.5000   -7.5000   30.0000 2874.4634   14.8865
    0.0000   -7.5000   30.0000 2892.7676   14.7467
    7.5000   -7.5000   30.0000 2852.3599   14.8837
   -7.5000    0.0000   30.0000 2860.4070   15.0302
    0.0000    0.0000   30.0000 2885.2419   14.8987
    7.5000    0.0000   30.0000 2846.5857   15.0221
   -7.5000    7.5000   30.0000 2810.5708   15.4186
    0.0000    7.5000   30.0000 2834.3816   15.3251
    7.5000    7.5000   30.0000 2800.5701   15.4578
   -7.5000   15.0000   30.0000 2738.1382   16.0803
    0.0000   15.0000   30.0000 2759.4883   16.0372
    7.5000   15.0000   30.0000 2728.8159   16.1723
   -7.5000   22.5000   30.0000 2648.2488   17.0046
    0.0000   22.5000   30.0000 2665.8347   16.9346
    7.5000   22.5000   30.0000 2642.1279   17.1252
   -7.5000   30.0000   30.0000 2542.2734   18.2201
    0.0000   30.0000   30.0000 2553.0254   18.1299
    7.5000   30.0000   30.0000 2532.5342   18.3485
   -7.5000   37.5000   30.0000 2410.4131   19.8810
    0.0000   37.5000   30.0000 2416.7256   19.7693
    7.5000   37.5000   30.0000 2395.0410   19.9836
   -7.5000   45.0000   30.0000 2263.5884   22.0192
    0.0000   45.0000   30.0000 2270.7891   21.8654
    7.5000   45.0000   30.0000 2247.8472   22.1345
   -7.5000  -45.0000   37.5000 2441.1682   20.5996
    0.0000  -45.0000   37.5000 2461.9370   20.4331
    7.5000  -45.0000   37.5000 2444.5676   20.6066
   -7.5000  -37.5000   37.5000 2568.1584   18.7801
    0.0000  -37.5000   37.5000 2593.4512   18.6335
    7.5000  -37.5000   37.5000 2565.7837   18.7636
   -7.5000  -30.0000   37.5000 2662.7690   17.4095
    0.0000  -30.0000   37.5000 2681.2781   17.1546
    7.5000  -30.0000   37.5000 2655.2310   17.3773
   -7.5000  -22.5000   37.5000 2741.0591   16.3797
    0.0000  -22.5000   37.5000 2762.7417   16.1514
    7.5000  -22.5000   37.5000 2734.7935   16.4209
   -7.5000  -15.0000   37.5000 2799.9751   15.7850
    0.0000  -15.0000   37.5000 2815.6716   15.6031
    7.5000  -15.0000   37.5000 2786.2327   15.8013
   -7.5000   -7.5000   37.5000 2827.7136   15.6526
    0.0000   -7.5000   37.5000 2846.4202   15.4286
    7.5000   -7.5000   37.5000 2811.9453   15.6090
   -7.5000    0.0000   37.5000 2811.1460   15.7873
    0.0000    0.0000   37.5000 2829.0955   15.5815
    7.5000    0.0000   37.5000 2803.5901   15.6718
   -7.5000    7.5000   37.5000 2763.8381   16.1803
    0.0000    7.5000   37.5000 2784.3962   16.0446
    7.5000    7.5000   37.5000 2755.2622   16.1295
   -7.5000   15.0000   37.5000 2692.3171   16.8768
    0.0000   15.0000   37.5000 2716.5825   16.8006
    7.5000   15.0000   37.5000 2681.5537   16.8623
   -7.5000   22.5000   37.5000 2604.7031   17.8525
    0.0000   22.5000   37.5000 2625.4668   17.7733
    7.5000   22.5000   37.5000 2596.3704   17.8147
   -7.5000   30.0000   37.5000 2493.1252   19.0186
    0.0000   30.0000   37.5000 2505.0237   18.9208
    7.5000   30.0000   37.5000 2486.1333   19.0088
   -7.5000   37.5000   37.5000 2359.5439   20.5220
    0.0000   37.5000   37.5000 2375.0381   20.4349
    7.5000   37.5000   37.5000 2354.5183   20.6427
   -7.5000   45.0000   37.5000 2223.7957   22.5903
    0.0000   45.0000   37.5000 2233.6448   22.4613
    7.5000   45.0000   37.5000 2209.5242   22.7671
   -7.5000  -45.0000   45.0000 2407.5493   21.4761
    0.0000  -45.0000   45.0000 2429.2534   21.3607
    7.5000  -45.0000   45.0000 2410.6804   21.4872
   -7.5000  -37.5000   45.0000 2526.9524   19.6628
    0.0000  -37.5000   45.0000 2553.2822   19.4641
    7.5000  -37.5000   45.0000 2526.5710   19.6040
   -7.5000  -30.0000   45.0000 2607.4834   18.2617
    0.0000  -30.0000   45.0000 2637.5635   18.0114
    7.5000  -30.0000   45.0000 2603.7881   18.2212
   -7.5000  -22.5000   45.0000 2681.7109   17.2516
    0.0000  -22.5000   45.0000 2710.3450   17.0981
    7.5000  -22.5000   45.0000 2675.3728   17.2788
   -7.5000  -15.0000   45.0000 2735.1858   16.6480
    0.0000  -15.0000   45.0000 2751.4365   16.4992
    7.5000  -15.0000   45.0000 2722.4377   16.6529
   -7.5000   -7.5000   45.0000 2757.7393   16.5047
    0.0000   -7.5000   45.0000 2778.1106   16.2601
    7.5000   -7.5000   45.0000 2743.8796   16.4530
   -7.5000    0.0000   45.0000 2743.2998   16.6171
    0.0000    0.0000   45.0000 2759.1121   16.3855
    7.5000    0.0000   45.0000 2729.1094   16.5504
   -7.5000    7.5000   45.0000 2695.7017   17.0470
    0.0000    7.5000   45.0000 2717.6963   16.8970
    7.5000    7.5000   45.0000 2682.6943   17.0228
   -7.5000   15.0000   45.0000 2627.5559   17.7975
    0.0000   15.0000   45.0000 2649.6130   17.7294
    7.5000   15.0000   45.0000 2617.1814   17.8235
   -7.5000   22.5000   45.0000 2543.9607   18.8091
    0.0000   22.5000   45.0000 2558.2861   18.7281
    7.5000   22.5000   45.0000 2528.4468   18.8086
   -7.5000   30.0000   45.0000 2428.9275   20.0138
    0.0000   30.0000   45.0000 2447.2444   19.9125
    7.5000   30.0000   45.0000 2414.8130   20.0063
   -7.5000   37.5000   45.0000 2308.2942   21.5886
    0.0000   37.5000   45.0000 2323.5750   21.4904
    7.5000   37.5000   45.0000 2299.7783   21.6570
   -7.5000   45.0000   45.0000 2169.6851   23.6683
    0.0000   45.0000   45.0000 2176.0967   23.5275
    7.5000   45.0000   45.0000 2162.6575   23.7833

---------------------------------------------------------------------
imgreg_4dfp /opt/freesurfer/average/711-2C_as_mni_average_305 /opt/freesurfer/average/711-2B_as_mni_average_305_mask talsrcimg_g11 none talsrcimg_to_711-2C_as_mni_average_305_t4 1283
---------------------------------------------------------------------

freesurfer imgreg_4dfp.c
/opt/freesurfer/average/711-2C_as_mni_average_305.4dfp.img
       256       256       256         1
  1.000000  1.000000  1.000000
orientation T byte_order littleendian
Reading image: /opt/freesurfer/average/711-2C_as_mni_average_305.4dfp.img
dimensions:      256       256       256
mmppix:       1.0000   -1.0000   -1.0000
center:     128.0000 -129.0000 -129.0000
/opt/freesurfer/average/711-2B_as_mni_average_305_mask.4dfp.img
       256       256       256         1
  1.000000  1.000000  1.000000
orientation T byte_order littleendian
Reading mask: /opt/freesurfer/average/711-2B_as_mni_average_305_mask.4dfp.img (2306576 pixels)
talsrcimg_g11.4dfp.img
       256       256       256         1
  1.000000  1.000000  1.000000
orientation T byte_order littleendian
Reading image: talsrcimg_g11.4dfp.img
dimensions:      256       256       256
mmppix:       1.0000   -1.0000   -1.0000
center:     128.0000 -129.0000 -129.0000
rotation matrix determinant  1.000000
fimgreg.f
image alignment mode   1283 decimal      503 hex
parameters
    0.0000    0.0000   22.5000    0.0000    0.0000    0.0000
eta,q 0.90869 13.98917
niter,ni,del,rscale     5    3   12.0000    1.2000
parameter  4 -0.605052 -> -0.500000 qaram    1.1500
parameter  6 -0.531831 -> -0.500000 qaram    1.1500
parameters
   -0.4197   -1.2927   25.2516    3.4500    1.3735    3.4500
eta,q 0.91705 14.51820
  0.0934  0.0950  0.0961  0.0915  0.0929  0.0853
  0.0949  0.0932  0.0958  0.0915  0.0902  0.0848
  0.0927  0.0909  0.0925  0.0907  0.0885  0.0848
  0.0906  0.0900  0.0898  0.0874  0.0858  0.0843
  0.0927  0.0926  0.0874  0.0855  0.0840  0.0833
  0.0951  0.0976  0.0883  0.0862  0.0853  0.0831
  0.0941  0.1026  0.0913  0.0883  0.0897  0.0845
niter,ni,del,rscale     6    3   12.0000    1.2000
parameters
   -0.6134   -2.7302   25.5014    2.9506    1.4024    1.4919
eta,q 0.91649 14.40417
  0.0896  0.0904  0.0919  0.0894  0.0906  0.0853
  0.0908  0.0872  0.0891  0.0883  0.0872  0.0844
  0.0884  0.0834  0.0858  0.0858  0.0852  0.0837
  0.0829  0.0832  0.0827  0.0826  0.0830  0.0830
  0.0856  0.0884  0.0835  0.0844  0.0835  0.0848
  0.0907  0.0949  0.0878  0.0894  0.0877  0.0879
  0.0918  0.1013  0.0914  0.0925  0.0906  0.0908
niter,ni,del,rscale     5    3   12.0000    1.2000
parameters
   -1.3107   -3.2768   25.4231    3.7539    1.9608   -0.1487
eta,q 0.91650 14.32021
  0.0907  0.0917  0.0921  0.0912  0.0918  0.0852
  0.0903  0.0901  0.0894  0.0910  0.0890  0.0836
  0.0882  0.0868  0.0868  0.0888  0.0872  0.0833
  0.0835  0.0847  0.0852  0.0852  0.0843  0.0836
  0.0868  0.0857  0.0863  0.0844  0.0830  0.0839
  0.0930  0.0905  0.0893  0.0879  0.0864  0.0861
  0.0945  0.0972  0.0929  0.0909  0.0909  0.0889
niter,ni,del,rscale     4    3   12.0000    1.2000
parameters
   -1.7393   -3.9946   25.1999    5.9814    2.6284   -2.3466
eta,q 0.91912 14.24784
  0.0911  0.0904  0.0911  0.0908  0.0908  0.0837
  0.0895  0.0882  0.0879  0.0908  0.0896  0.0817
  0.0878  0.0849  0.0853  0.0882  0.0871  0.0809
  0.0835  0.0841  0.0842  0.0842  0.0833  0.0821
  0.0855  0.0855  0.0857  0.0833  0.0815  0.0838
  0.0916  0.0894  0.0886  0.0853  0.0849  0.0853
  0.0938  0.0962  0.0921  0.0875  0.0907  0.0866
niter,ni,del,rscale     3    3   12.0000    1.2000
parameters
   -1.8734   -5.3931   24.9557    8.2670    2.6298   -3.0323
eta,q 0.92039 14.19581
  0.0898  0.0865  0.0903  0.0882  0.0872  0.0837
  0.0879  0.0836  0.0843  0.0871  0.0857  0.0817
  0.0857  0.0811  0.0806  0.0843  0.0823  0.0801
  0.0809  0.0810  0.0807  0.0805  0.0797  0.0797
  0.0833  0.0846  0.0834  0.0797  0.0801  0.0810
  0.0885  0.0891  0.0871  0.0810  0.0841  0.0834
  0.0913  0.0955  0.0898  0.0837  0.0890  0.0851
niter,ni,del,rscale     2    3   12.0000    1.2000
parameters
   -1.4447   -6.7100   24.6671    9.3727    2.1713   -2.5209
eta,q 0.92211 14.11212
  0.0900  0.0864  0.0874  0.0865  0.0854  0.0848
  0.0875  0.0817  0.0831  0.0849  0.0825  0.0819
  0.0851  0.0786  0.0790  0.0818  0.0790  0.0791
  0.0796  0.0792  0.0783  0.0782  0.0778  0.0779
  0.0811  0.0834  0.0808  0.0783  0.0796  0.0788
  0.0860  0.0893  0.0847  0.0806  0.0841  0.0811
  0.0887  0.0948  0.0884  0.0841  0.0883  0.0829
niter,ni,del,rscale     1    3   12.0000    1.2000
parameters
   -1.4483   -7.3625   24.7674    9.9838    1.9288   -2.3896
eta,q 0.92251 14.10923
  0.0878  0.0892  0.0859  0.0866  0.0851  0.0842
  0.0859  0.0829  0.0832  0.0844  0.0828  0.0811
  0.0823  0.0783  0.0796  0.0801  0.0792  0.0782
  0.0779  0.0779  0.0775  0.0774  0.0774  0.0775
  0.0810  0.0816  0.0784  0.0785  0.0783  0.0793
  0.0861  0.0874  0.0819  0.0813  0.0828  0.0814
  0.0881  0.0942  0.0863  0.0849  0.0877  0.0829
registration optimization eta report
parameter search radius
    6.0000    6.0000    6.0000    6.9000    6.0000    6.9000
100000*second partial in parameter space
       23.       37.       23.       16.       24.       12.
  0.0878  0.0892  0.0859  0.0866  0.0851  0.0842
  0.0859  0.0829  0.0832  0.0844  0.0828  0.0811
  0.0823  0.0783  0.0796  0.0801  0.0792  0.0782
  0.0779  0.0779  0.0775  0.0774  0.0774  0.0775
  0.0810  0.0816  0.0784  0.0785  0.0783  0.0793
  0.0861  0.0874  0.0819  0.0813  0.0828  0.0814
  0.0881  0.0942  0.0863  0.0849  0.0877  0.0829
   -1.4483   -7.3625   24.7674    9.9838    1.9288   -2.3896
eta,q 0.92251 14.10923

---------------------------------------------------------------------
imgreg_4dfp /opt/freesurfer/average/711-2C_as_mni_average_305 /opt/freesurfer/average/711-2B_as_mni_average_305_mask talsrcimg_g11 none talsrcimg_to_711-2C_as_mni_average_305_t4 3335
---------------------------------------------------------------------

freesurfer imgreg_4dfp.c
/opt/freesurfer/average/711-2C_as_mni_average_305.4dfp.img
       256       256       256         1
  1.000000  1.000000  1.000000
orientation T byte_order littleendian
Reading image: /opt/freesurfer/average/711-2C_as_mni_average_305.4dfp.img
dimensions:      256       256       256
mmppix:       1.0000   -1.0000   -1.0000
center:     128.0000 -129.0000 -129.0000
/opt/freesurfer/average/711-2B_as_mni_average_305_mask.4dfp.img
       256       256       256         1
  1.000000  1.000000  1.000000
orientation T byte_order littleendian
Reading mask: /opt/freesurfer/average/711-2B_as_mni_average_305_mask.4dfp.img (2306576 pixels)
talsrcimg_g11.4dfp.img
       256       256       256         1
  1.000000  1.000000  1.000000
orientation T byte_order littleendian
Reading image: talsrcimg_g11.4dfp.img
dimensions:      256       256       256
mmppix:       1.0000   -1.0000   -1.0000
center:     128.0000 -129.0000 -129.0000
fimgreg.f
image alignment mode   3335 decimal      D07 hex
parameters
   -1.4483   -7.3625   24.7674   -0.1436   -1.5756   -1.5701
    3.5233   -4.0347   -4.1671  -17.1837    3.3657   17.3271
eta,q 0.91850 14.03057
niter,ni,del,rscale     5    3    5.0000    1.2000
parameter  4 -6.013741 ->  0.500000 qaram    1.1500
parameter  5  2.173801 ->  0.500000 qaram    1.1500
parameter  6  0.676294 ->  0.500000 qaram    1.1500
parameter  7  0.841860 ->  0.500000 qaram    1.1500
parameter  9 -0.796012 -> -0.500000 qaram    1.1500
parameter 12 -0.883538 -> -0.500000 qaram    1.1500
parameters
   -0.7282   -7.4094   25.4709   -4.2836   -5.7156   -5.7101
   -0.6167   -1.2232   -0.0271  -14.8138    1.8864   21.4671
eta,q 0.93755 13.92811
  0.0819  0.0830  0.0826  0.0677  0.0659  0.0662  0.0656  0.0723  0.0685  0.0700  0.0642  0.0674
  0.0816  0.0821  0.0822  0.0720  0.0678  0.0665  0.0655  0.0699  0.0670  0.0671  0.0638  0.0659
  0.0815  0.0816  0.0818  0.0774  0.0701  0.0671  0.0658  0.0673  0.0657  0.0651  0.0635  0.0646
  0.0815  0.0815  0.0815  0.0814  0.0734  0.0684  0.0666  0.0655  0.0648  0.0639  0.0635  0.0635
  0.0815  0.0817  0.0814  0.0845  0.0772  0.0715  0.0678  0.0648  0.0642  0.0635  0.0638  0.0627
  0.0815  0.0822  0.0815  0.0887  0.0811  0.0765  0.0693  0.0652  0.0639  0.0640  0.0644  0.0624
  0.0815  0.0830  0.0819  0.0926  0.0855  0.0825  0.0709  0.0667  0.0640  0.0651  0.0651  0.0625
niter,ni,del,rscale     7    3    5.0000    1.2000
parameter  3  2.161536 ->  0.500000 qaram    1.1500
parameter  4  2.556606 ->  0.500000 qaram    1.3225
parameter  5  0.734902 ->  0.500000 qaram    1.3225
parameter  6  0.500313 ->  0.500000 qaram    1.3225
parameter 11  0.758776 ->  0.500000 qaram    1.1500
parameter 12 -0.514844 -> -0.500000 qaram    1.3225
parameters
   -1.0271   -6.7005   24.0909   -9.0446  -10.4766  -10.4711
   -3.6573   -1.8259    0.3079  -15.7812   -2.2536   26.2281
eta,q 0.95006 13.59996
  0.0639  0.0653  0.0596  0.0513  0.0516  0.0508  0.0517  0.0537  0.0523  0.0519  0.0505  0.0525
  0.0633  0.0640  0.0603  0.0527  0.0517  0.0510  0.0510  0.0517  0.0514  0.0512  0.0503  0.0517
  0.0627  0.0631  0.0612  0.0558  0.0521  0.0514  0.0508  0.0508  0.0509  0.0507  0.0504  0.0509
  0.0625  0.0625  0.0623  0.0605  0.0534  0.0517  0.0511  0.0508  0.0507  0.0507  0.0507  0.0503
  0.0628  0.0623  0.0636  0.0656  0.0557  0.0522  0.0519  0.0514  0.0509  0.0512  0.0511  0.0500
  0.0638  0.0626  0.0651  0.0699  0.0593  0.0551  0.0531  0.0527  0.0514  0.0518  0.0515  0.0500
  0.0651  0.0632  0.0667  0.0744  0.0629  0.0602  0.0547  0.0547  0.0520  0.0526  0.0520  0.0504
niter,ni,del,rscale     7    3    5.0000    1.2000
parameter  2  0.653330 ->  0.500000 qaram    1.1500
parameter  3  2.475614 ->  0.500000 qaram    1.3225
parameter  4  0.620178 ->  0.500000 qaram    1.5209
parameter  5  0.782638 ->  0.500000 qaram    1.5209
parameter 11 -0.767880 -> -0.500000 qaram    1.3225
parameter 12 -1.536489 ->  0.500000 qaram    1.5209
parameters
   -1.5709   -8.0805   22.5039  -14.5197  -15.9518  -13.0613
   -3.9378   -2.2765    2.3078  -18.5695    2.5074   20.7530
eta,q 0.95852 13.17705
  0.0516  0.0494  0.0454  0.0456  0.0434  0.0457  0.0460  0.0466  0.0459  0.0446  0.0457  0.0396
  0.0503  0.0491  0.0462  0.0450  0.0441  0.0450  0.0450  0.0452  0.0451  0.0442  0.0450  0.0411
  0.0498  0.0492  0.0475  0.0450  0.0447  0.0444  0.0445  0.0444  0.0446  0.0441  0.0445  0.0424
  0.0499  0.0498  0.0491  0.0465  0.0449  0.0443  0.0444  0.0443  0.0443  0.0443  0.0441  0.0436
  0.0507  0.0507  0.0508  0.0508  0.0459  0.0450  0.0447  0.0448  0.0443  0.0448  0.0437  0.0446
  0.0522  0.0518  0.0527  0.0562  0.0480  0.0470  0.0452  0.0457  0.0445  0.0456  0.0436  0.0452
  0.0541  0.0531  0.0546  0.0613  0.0509  0.0512  0.0461  0.0471  0.0448  0.0466  0.0437  0.0456
niter,ni,del,rscale     7    3    5.0000    1.2000
parameter  2  2.696548 ->  0.500000 qaram    1.3225
parameter  3  1.967121 ->  0.500000 qaram    1.5209
parameter  5  1.030622 ->  0.500000 qaram    1.7490
parameter 12  0.573076 ->  0.500000 qaram    1.7490
parameters
   -0.7662   -9.6675   20.6788  -16.0641  -22.2482  -11.4515
   -2.4308   -2.2834    3.2309  -22.0462    2.2938   14.4565
eta,q 0.97215 13.17815
  0.0454  0.0366  0.0325  0.0388  0.0318  0.0346  0.0344  0.0325  0.0324  0.0299  0.0304  0.0285
  0.0437  0.0376  0.0339  0.0368  0.0304  0.0331  0.0323  0.0309  0.0311  0.0291  0.0296  0.0279
  0.0423  0.0392  0.0357  0.0353  0.0311  0.0317  0.0307  0.0300  0.0302  0.0291  0.0292  0.0280
  0.0415  0.0412  0.0380  0.0343  0.0347  0.0303  0.0299  0.0297  0.0297  0.0297  0.0290  0.0291
  0.0412  0.0435  0.0408  0.0346  0.0391  0.0297  0.0298  0.0301  0.0298  0.0308  0.0292  0.0310
  0.0415  0.0458  0.0440  0.0381  0.0422  0.0306  0.0306  0.0310  0.0304  0.0323  0.0298  0.0340
  0.0423  0.0480  0.0474  0.0447  0.0450  0.0332  0.0320  0.0325  0.0315  0.0340  0.0305  0.0375
niter,ni,del,rscale     7    3    5.0000    1.2000
parameter  3  0.643806 ->  0.500000 qaram    1.7490
parameters
   -0.9127   -9.7423   18.5800  -13.1160  -21.8968   -9.2167
   -2.9992   -1.5677    3.7334  -20.3776    3.4100   12.2008
eta,q 0.97647 13.33260
  0.0301  0.0322  0.0269  0.0345  0.0364  0.0317  0.0270  0.0305  0.0268  0.0293  0.0261  0.0267
  0.0288  0.0297  0.0267  0.0315  0.0324  0.0294  0.0250  0.0264  0.0252  0.0264  0.0248  0.0248
  0.0280  0.0283  0.0270  0.0289  0.0284  0.0272  0.0239  0.0242  0.0242  0.0246  0.0240  0.0237
  0.0278  0.0278  0.0278  0.0267  0.0252  0.0250  0.0237  0.0237  0.0238  0.0238  0.0237  0.0236
  0.0283  0.0284  0.0294  0.0249  0.0249  0.0235  0.0244  0.0243  0.0239  0.0237  0.0237  0.0246
  0.0292  0.0300  0.0317  0.0251  0.0300  0.0245  0.0258  0.0255  0.0247  0.0244  0.0242  0.0269
  0.0307  0.0326  0.0347  0.0302  0.0372  0.0285  0.0280  0.0277  0.0262  0.0256  0.0252  0.0305
niter,ni,del,rscale     7    3    5.0000    1.2000
parameters
   -0.9585   -9.3616   17.9516  -13.5841  -21.2197   -9.5813
   -3.1453   -1.8603    3.4446  -19.6002    4.0283   11.2437
eta,q 0.97659 13.32570
  0.0265  0.0292  0.0272  0.0309  0.0353  0.0297  0.0268  0.0276  0.0256  0.0277  0.0254  0.0274
  0.0249  0.0263  0.0249  0.0280  0.0312  0.0273  0.0249  0.0247  0.0244  0.0252  0.0243  0.0251
  0.0239  0.0244  0.0237  0.0255  0.0272  0.0252  0.0238  0.0235  0.0236  0.0238  0.0236  0.0238
  0.0235  0.0235  0.0235  0.0234  0.0237  0.0233  0.0234  0.0234  0.0234  0.0234  0.0234  0.0234
  0.0239  0.0237  0.0245  0.0225  0.0227  0.0229  0.0238  0.0241  0.0237  0.0237  0.0236  0.0241
  0.0250  0.0248  0.0269  0.0270  0.0274  0.0255  0.0251  0.0255  0.0245  0.0246  0.0240  0.0259
  0.0269  0.0270  0.0305  0.0352  0.0354  0.0337  0.0271  0.0280  0.0260  0.0259  0.0249  0.0290
niter,ni,del,rscale     6    3    5.0000    1.2000
parameters
   -0.9461   -9.1651   17.7233  -13.6387  -20.8577   -9.6125
   -3.1585   -1.9045    3.1636  -19.1352    4.3506   10.6903
eta,q 0.97675 13.32996
  0.0264  0.0285  0.0278  0.0310  0.0349  0.0298  0.0268  0.0276  0.0253  0.0271  0.0250  0.0276
  0.0248  0.0258  0.0253  0.0280  0.0309  0.0273  0.0248  0.0247  0.0242  0.0247  0.0240  0.0252
  0.0238  0.0241  0.0238  0.0255  0.0269  0.0252  0.0236  0.0234  0.0235  0.0235  0.0234  0.0237
  0.0234  0.0234  0.0234  0.0234  0.0234  0.0232  0.0232  0.0232  0.0232  0.0232  0.0233  0.0233
  0.0237  0.0237  0.0240  0.0222  0.0228  0.0225  0.0236  0.0238  0.0235  0.0236  0.0234  0.0238
  0.0247  0.0251  0.0259  0.0258  0.0280  0.0246  0.0248  0.0250  0.0243  0.0246  0.0238  0.0256
  0.0264  0.0274  0.0290  0.0339  0.0360  0.0326  0.0268  0.0274  0.0257  0.0259  0.0248  0.0286
niter,ni,del,rscale     5    3    5.0000    1.2000
parameters
   -0.9419   -9.0696   17.6033  -13.6598  -20.6697   -9.6168
   -3.0949   -1.9376    2.9561  -18.8719    4.5224   10.4100
eta,q 0.97683 13.33252
  0.0262  0.0280  0.0279  0.0309  0.0346  0.0298  0.0267  0.0275  0.0252  0.0268  0.0249  0.0278
  0.0246  0.0255  0.0253  0.0279  0.0306  0.0273  0.0247  0.0246  0.0241  0.0245  0.0239  0.0253
  0.0236  0.0239  0.0237  0.0254  0.0266  0.0251  0.0236  0.0233  0.0234  0.0234  0.0233  0.0237
  0.0232  0.0233  0.0232  0.0233  0.0233  0.0232  0.0232  0.0232  0.0231  0.0232  0.0232  0.0232
  0.0235  0.0237  0.0238  0.0221  0.0229  0.0224  0.0235  0.0237  0.0234  0.0236  0.0233  0.0237
  0.0245  0.0251  0.0256  0.0255  0.0283  0.0244  0.0247  0.0249  0.0242  0.0246  0.0238  0.0254
  0.0263  0.0275  0.0286  0.0337  0.0363  0.0326  0.0266  0.0273  0.0255  0.0259  0.0248  0.0284
niter,ni,del,rscale     4    3    5.0000    1.2000
parameters
   -0.9447   -9.0152   17.5376  -13.6775  -20.5807   -9.6254
   -3.0453   -1.9637    2.8395  -18.7208    4.6110   10.2625
eta,q 0.97685 13.33313
  0.0261  0.0279  0.0280  0.0308  0.0345  0.0298  0.0267  0.0274  0.0252  0.0266  0.0248  0.0279
  0.0245  0.0253  0.0253  0.0278  0.0305  0.0272  0.0247  0.0246  0.0241  0.0244  0.0239  0.0254
  0.0235  0.0238  0.0237  0.0253  0.0265  0.0251  0.0235  0.0233  0.0234  0.0233  0.0233  0.0237
  0.0232  0.0232  0.0232  0.0232  0.0232  0.0231  0.0231  0.0231  0.0231  0.0231  0.0232  0.0232
  0.0234  0.0236  0.0237  0.0220  0.0229  0.0224  0.0235  0.0236  0.0234  0.0236  0.0233  0.0237
  0.0244  0.0251  0.0254  0.0254  0.0285  0.0244  0.0247  0.0248  0.0241  0.0246  0.0238  0.0253
  0.0262  0.0276  0.0284  0.0336  0.0364  0.0326  0.0266  0.0272  0.0254  0.0259  0.0248  0.0283
niter,ni,del,rscale     3    3    5.0000    1.2000
parameters
   -0.9470   -8.9806   17.5009  -13.6854  -20.5376   -9.6319
   -3.0175   -1.9749    2.7763  -18.6376    4.6624   10.1800
eta,q 0.97686 13.33312
  0.0261  0.0278  0.0280  0.0308  0.0344  0.0298  0.0267  0.0274  0.0252  0.0265  0.0248  0.0279
  0.0245  0.0253  0.0253  0.0278  0.0304  0.0272  0.0247  0.0246  0.0241  0.0243  0.0238  0.0254
  0.0235  0.0237  0.0237  0.0253  0.0265  0.0251  0.0235  0.0233  0.0234  0.0233  0.0233  0.0237
  0.0231  0.0232  0.0231  0.0232  0.0232  0.0231  0.0231  0.0231  0.0231  0.0231  0.0231  0.0231
  0.0234  0.0236  0.0237  0.0219  0.0229  0.0224  0.0235  0.0236  0.0233  0.0237  0.0233  0.0236
  0.0244  0.0251  0.0253  0.0254  0.0286  0.0243  0.0247  0.0248  0.0241  0.0246  0.0238  0.0253
  0.0262  0.0276  0.0283  0.0335  0.0365  0.0326  0.0266  0.0272  0.0254  0.0259  0.0248  0.0282
niter,ni,del,rscale     2    3    5.0000    1.2000
parameters
   -0.9476   -8.9608   17.4813  -13.6880  -20.5166   -9.6354
   -3.0016   -1.9798    2.7433  -18.5895    4.6929   10.1357
eta,q 0.97686 13.33312
  0.0261  0.0277  0.0281  0.0308  0.0343  0.0298  0.0267  0.0274  0.0252  0.0264  0.0248  0.0279
  0.0245  0.0252  0.0253  0.0278  0.0304  0.0272  0.0247  0.0246  0.0241  0.0243  0.0238  0.0254
  0.0235  0.0237  0.0237  0.0253  0.0264  0.0251  0.0235  0.0233  0.0234  0.0233  0.0233  0.0237
  0.0231  0.0231  0.0231  0.0231  0.0232  0.0231  0.0231  0.0231  0.0231  0.0231  0.0231  0.0231
  0.0234  0.0236  0.0236  0.0219  0.0229  0.0224  0.0235  0.0236  0.0233  0.0237  0.0233  0.0236
  0.0244  0.0251  0.0253  0.0253  0.0286  0.0243  0.0247  0.0248  0.0241  0.0247  0.0238  0.0253
  0.0262  0.0277  0.0282  0.0335  0.0366  0.0326  0.0266  0.0272  0.0253  0.0260  0.0248  0.0282
registration optimization eta report
parameter search radius
    2.4000    3.1740    4.1976   10.9503   12.5928    9.5220
    8.2800    7.2000    8.2800    7.2000    9.5220   12.5928
100000*second partial in parameter space
       52.       45.       28.        8.        8.        9.
        5.        8.        3.        6.        2.        3.
  0.0261  0.0277  0.0281  0.0308  0.0343  0.0298  0.0267  0.0274  0.0252  0.0264  0.0248  0.0279
  0.0245  0.0252  0.0253  0.0278  0.0304  0.0272  0.0247  0.0246  0.0241  0.0243  0.0238  0.0254
  0.0235  0.0237  0.0237  0.0253  0.0264  0.0251  0.0235  0.0233  0.0234  0.0233  0.0233  0.0237
  0.0231  0.0231  0.0231  0.0231  0.0232  0.0231  0.0231  0.0231  0.0231  0.0231  0.0231  0.0231
  0.0234  0.0236  0.0236  0.0219  0.0229  0.0224  0.0235  0.0236  0.0233  0.0237  0.0233  0.0236
  0.0244  0.0251  0.0253  0.0253  0.0286  0.0243  0.0247  0.0248  0.0241  0.0247  0.0238  0.0253
  0.0262  0.0277  0.0282  0.0335  0.0366  0.0326  0.0266  0.0272  0.0253  0.0260  0.0248  0.0282
   -0.9476   -8.9608   17.4813  -13.6880  -20.5166   -9.6354
   -3.0016   -1.9798    2.7433  -18.5895    4.6929   10.1357
eta,q 0.97686 13.33312

---------------------------------------------------------------------
imgreg_4dfp /opt/freesurfer/average/711-2C_as_mni_average_305 /opt/freesurfer/average/711-2B_as_mni_average_305_mask talsrcimg_g11 none talsrcimg_to_711-2C_as_mni_average_305_t4 2311
---------------------------------------------------------------------

freesurfer imgreg_4dfp.c
/opt/freesurfer/average/711-2C_as_mni_average_305.4dfp.img
       256       256       256         1
  1.000000  1.000000  1.000000
orientation T byte_order littleendian
Reading image: /opt/freesurfer/average/711-2C_as_mni_average_305.4dfp.img
dimensions:      256       256       256
mmppix:       1.0000   -1.0000   -1.0000
center:     128.0000 -129.0000 -129.0000
/opt/freesurfer/average/711-2B_as_mni_average_305_mask.4dfp.img
       256       256       256         1
  1.000000  1.000000  1.000000
orientation T byte_order littleendian
Reading mask: /opt/freesurfer/average/711-2B_as_mni_average_305_mask.4dfp.img (2306576 pixels)
talsrcimg_g11.4dfp.img
       256       256       256         1
  1.000000  1.000000  1.000000
orientation T byte_order littleendian
Reading image: talsrcimg_g11.4dfp.img
dimensions:      256       256       256
mmppix:       1.0000   -1.0000   -1.0000
center:     128.0000 -129.0000 -129.0000
fimgreg.f
image alignment mode   2311 decimal      907 hex
parameters
   -0.9476   -8.9608   17.4813  -13.6880  -20.5166   -9.6354
   -3.0016   -1.9798    2.7433  -18.5895    4.6929   10.1357
eta,q 0.97686 13.33313
niter,ni,del,rscale     5    3    5.0000    0.8000
parameter  4 -0.938655 -> -0.500000 qaram    1.1500
parameters
   -0.9050   -8.9274   17.5096  -10.9280  -18.9442   -7.5020
   -3.0697   -1.6665    2.6610  -17.7707    4.3871    8.7345
eta,q 0.97931 13.47840
  0.0245  0.0243  0.0239  0.0260  0.0258  0.0248  0.0228  0.0256  0.0221  0.0236  0.0217  0.0212
  0.0238  0.0237  0.0235  0.0250  0.0243  0.0237  0.0217  0.0229  0.0214  0.0221  0.0212  0.0208
  0.0233  0.0233  0.0232  0.0240  0.0230  0.0225  0.0210  0.0214  0.0209  0.0212  0.0209  0.0207
  0.0231  0.0231  0.0231  0.0231  0.0220  0.0215  0.0208  0.0208  0.0208  0.0208  0.0208  0.0208
  0.0232  0.0233  0.0232  0.0224  0.0215  0.0209  0.0211  0.0211  0.0209  0.0209  0.0209  0.0211
  0.0237  0.0236  0.0234  0.0219  0.0218  0.0209  0.0218  0.0222  0.0214  0.0213  0.0213  0.0217
  0.0244  0.0243  0.0238  0.0223  0.0230  0.0220  0.0229  0.0244  0.0222  0.0220  0.0220  0.0226
niter,ni,del,rscale     5    3    5.0000    0.8000
parameters
   -1.1172   -9.2663   17.5230  -11.7355  -18.3993   -7.6572
   -2.7762   -1.9434    2.9535  -17.7820    4.4191    8.9698
eta,q 0.97930 13.49235
  0.0224  0.0216  0.0218  0.0236  0.0241  0.0234  0.0227  0.0236  0.0220  0.0227  0.0216  0.0219
  0.0213  0.0209  0.0211  0.0224  0.0227  0.0222  0.0217  0.0217  0.0214  0.0215  0.0211  0.0213
  0.0207  0.0206  0.0207  0.0213  0.0216  0.0213  0.0210  0.0209  0.0209  0.0208  0.0208  0.0209
  0.0207  0.0206  0.0206  0.0206  0.0208  0.0207  0.0207  0.0207  0.0207  0.0207  0.0207  0.0207
  0.0211  0.0210  0.0207  0.0210  0.0207  0.0207  0.0209  0.0211  0.0208  0.0210  0.0208  0.0208
  0.0221  0.0218  0.0211  0.0234  0.0214  0.0219  0.0214  0.0223  0.0211  0.0217  0.0211  0.0211
  0.0236  0.0229  0.0217  0.0276  0.0232  0.0245  0.0223  0.0244  0.0218  0.0226  0.0215  0.0217
niter,ni,del,rscale     4    3    5.0000    0.7000
parameters
   -1.1315   -9.3388   17.4649  -11.6590  -18.2658   -7.5087
   -2.9227   -1.9405    3.0242  -17.8368    4.4377    8.9839
eta,q 0.97939 13.49881
  0.0222  0.0218  0.0215  0.0235  0.0231  0.0230  0.0219  0.0233  0.0216  0.0221  0.0213  0.0214
  0.0213  0.0212  0.0210  0.0224  0.0220  0.0220  0.0212  0.0216  0.0211  0.0212  0.0209  0.0210
  0.0209  0.0208  0.0208  0.0215  0.0211  0.0212  0.0207  0.0208  0.0207  0.0207  0.0207  0.0207
  0.0207  0.0207  0.0207  0.0207  0.0207  0.0207  0.0206  0.0206  0.0206  0.0206  0.0206  0.0206
  0.0209  0.0209  0.0208  0.0205  0.0207  0.0206  0.0208  0.0209  0.0207  0.0208  0.0207  0.0207
  0.0214  0.0213  0.0211  0.0215  0.0215  0.0213  0.0213  0.0217  0.0210  0.0214  0.0209  0.0210
  0.0222  0.0221  0.0216  0.0242  0.0231  0.0231  0.0221  0.0232  0.0215  0.0221  0.0213  0.0214
niter,ni,del,rscale     3    3    5.0000    0.6000
parameters
   -1.1289   -9.3760   17.4753  -11.4353  -18.1992   -7.3828
   -2.9856   -1.9290    3.0175  -17.8435    4.4280    8.9587
eta,q 0.97949 13.50494
  0.0217  0.0215  0.0213  0.0229  0.0224  0.0224  0.0216  0.0226  0.0212  0.0217  0.0211  0.0211
  0.0211  0.0210  0.0209  0.0221  0.0215  0.0216  0.0210  0.0213  0.0208  0.0210  0.0208  0.0208
  0.0207  0.0207  0.0207  0.0213  0.0209  0.0209  0.0206  0.0207  0.0206  0.0206  0.0206  0.0206
  0.0206  0.0206  0.0206  0.0206  0.0205  0.0205  0.0205  0.0205  0.0205  0.0205  0.0205  0.0205
  0.0207  0.0207  0.0207  0.0204  0.0206  0.0205  0.0206  0.0207  0.0206  0.0207  0.0206  0.0206
  0.0211  0.0211  0.0209  0.0211  0.0212  0.0211  0.0210  0.0214  0.0208  0.0210  0.0208  0.0208
  0.0217  0.0216  0.0212  0.0230  0.0224  0.0224  0.0216  0.0225  0.0213  0.0216  0.0211  0.0212
niter,ni,del,rscale     2    3    5.0000    0.5000
parameters
   -1.1394   -9.4026   17.4851  -11.2185  -18.1439   -7.2666
   -3.0103   -1.9295    2.9995  -17.8363    4.4219    8.9237
eta,q 0.97957 13.50976
  0.0213  0.0211  0.0210  0.0223  0.0218  0.0218  0.0212  0.0219  0.0210  0.0213  0.0209  0.0209
  0.0209  0.0208  0.0207  0.0216  0.0211  0.0212  0.0208  0.0211  0.0207  0.0208  0.0206  0.0206
  0.0206  0.0206  0.0206  0.0210  0.0207  0.0207  0.0205  0.0206  0.0205  0.0205  0.0205  0.0205
  0.0205  0.0205  0.0205  0.0205  0.0205  0.0205  0.0204  0.0204  0.0204  0.0204  0.0204  0.0204
  0.0206  0.0206  0.0206  0.0204  0.0205  0.0204  0.0205  0.0206  0.0205  0.0205  0.0205  0.0205
  0.0209  0.0208  0.0207  0.0209  0.0209  0.0209  0.0208  0.0211  0.0207  0.0208  0.0206  0.0206
  0.0214  0.0212  0.0210  0.0223  0.0218  0.0218  0.0212  0.0219  0.0210  0.0212  0.0209  0.0209
niter,ni,del,rscale     1    3    5.0000    0.4000
parameters
   -1.1521   -9.4285   17.4967  -11.0227  -18.0991   -7.1636
   -3.0261   -1.9288    2.9801  -17.8164    4.4219    8.8790
eta,q 0.97962 13.51350
  0.0210  0.0208  0.0208  0.0217  0.0212  0.0213  0.0209  0.0214  0.0207  0.0209  0.0207  0.0207
  0.0207  0.0206  0.0206  0.0212  0.0208  0.0209  0.0206  0.0208  0.0205  0.0206  0.0205  0.0205
  0.0205  0.0205  0.0205  0.0207  0.0205  0.0206  0.0204  0.0205  0.0204  0.0204  0.0204  0.0204
  0.0204  0.0204  0.0204  0.0204  0.0204  0.0204  0.0204  0.0204  0.0204  0.0204  0.0204  0.0204
  0.0205  0.0205  0.0205  0.0204  0.0204  0.0204  0.0204  0.0205  0.0204  0.0204  0.0204  0.0204
  0.0207  0.0206  0.0206  0.0207  0.0207  0.0207  0.0206  0.0208  0.0205  0.0206  0.0205  0.0205
  0.0210  0.0209  0.0207  0.0216  0.0212  0.0213  0.0209  0.0214  0.0207  0.0209  0.0207  0.0207
registration optimization eta report
parameter search radius
    0.8000    0.8000    0.8000    2.7600    2.4000    2.4000
    2.4000    2.4000    2.4000    2.4000    2.4000    2.4000
100000*second partial in parameter space
       88.       69.       49.       17.       15.       16.
        9.       18.        6.        9.        5.        5.
  0.0210  0.0208  0.0208  0.0217  0.0212  0.0213  0.0209  0.0214  0.0207  0.0209  0.0207  0.0207
  0.0207  0.0206  0.0206  0.0212  0.0208  0.0209  0.0206  0.0208  0.0205  0.0206  0.0205  0.0205
  0.0205  0.0205  0.0205  0.0207  0.0205  0.0206  0.0204  0.0205  0.0204  0.0204  0.0204  0.0204
  0.0204  0.0204  0.0204  0.0204  0.0204  0.0204  0.0204  0.0204  0.0204  0.0204  0.0204  0.0204
  0.0205  0.0205  0.0205  0.0204  0.0204  0.0204  0.0204  0.0205  0.0204  0.0204  0.0204  0.0204
  0.0207  0.0206  0.0206  0.0207  0.0207  0.0207  0.0206  0.0208  0.0205  0.0206  0.0205  0.0205
  0.0210  0.0209  0.0207  0.0216  0.0212  0.0213  0.0209  0.0214  0.0207  0.0209  0.0207  0.0207
   -1.1521   -9.4285   17.4967  -11.0227  -18.0991   -7.1636
   -3.0261   -1.9288    2.9801  -17.8164    4.4219    8.8790
eta,q 0.97962 13.51350

---------------------------------------------------------------------
imgreg_4dfp /opt/freesurfer/average/711-2C_as_mni_average_305 /opt/freesurfer/average/711-2B_as_mni_average_305_mask talsrcimg_g11 none talsrcimg_to_711-2C_as_mni_average_305_t4 2311
---------------------------------------------------------------------

freesurfer imgreg_4dfp.c
/opt/freesurfer/average/711-2C_as_mni_average_305.4dfp.img
       256       256       256         1
  1.000000  1.000000  1.000000
orientation T byte_order littleendian
Reading image: /opt/freesurfer/average/711-2C_as_mni_average_305.4dfp.img
dimensions:      256       256       256
mmppix:       1.0000   -1.0000   -1.0000
center:     128.0000 -129.0000 -129.0000
/opt/freesurfer/average/711-2B_as_mni_average_305_mask.4dfp.img
       256       256       256         1
  1.000000  1.000000  1.000000
orientation T byte_order littleendian
Reading mask: /opt/freesurfer/average/711-2B_as_mni_average_305_mask.4dfp.img (2306576 pixels)
talsrcimg_g11.4dfp.img
       256       256       256         1
  1.000000  1.000000  1.000000
orientation T byte_order littleendian
Reading image: talsrcimg_g11.4dfp.img
dimensions:      256       256       256
mmppix:       1.0000   -1.0000   -1.0000
center:     128.0000 -129.0000 -129.0000
fimgreg.f
image alignment mode   2311 decimal      907 hex
parameters
   -1.1521   -9.4285   17.4967  -11.0227  -18.0991   -7.1636
   -3.0261   -1.9288    2.9801  -17.8164    4.4219    8.8790
eta,q 0.97962 13.51350
niter,ni,del,rscale     5    3    5.0000    0.8000
parameters
   -1.1537   -9.4624   17.5227  -11.6883  -18.3280   -7.6358
   -2.9189   -1.9610    3.0824  -17.9408    4.3852    9.1904
eta,q 0.97934 13.50094
  0.0228  0.0220  0.0217  0.0229  0.0233  0.0232  0.0225  0.0241  0.0219  0.0226  0.0215  0.0218
  0.0214  0.0211  0.0210  0.0219  0.0220  0.0220  0.0215  0.0220  0.0213  0.0214  0.0210  0.0212
  0.0206  0.0206  0.0205  0.0210  0.0210  0.0211  0.0209  0.0209  0.0208  0.0208  0.0208  0.0208
  0.0204  0.0204  0.0204  0.0204  0.0206  0.0206  0.0207  0.0207  0.0207  0.0207  0.0207  0.0207
  0.0207  0.0206  0.0205  0.0207  0.0208  0.0208  0.0209  0.0210  0.0208  0.0210  0.0208  0.0207
  0.0214  0.0212  0.0209  0.0226  0.0220  0.0223  0.0214  0.0221  0.0212  0.0217  0.0210  0.0210
  0.0228  0.0222  0.0216  0.0260  0.0243  0.0254  0.0224  0.0241  0.0218  0.0227  0.0216  0.0216
niter,ni,del,rscale     4    3    5.0000    0.7000
parameters
   -1.1248   -9.3951   17.4841  -11.4390  -18.3414   -7.5645
   -2.9972   -1.8965    3.0479  -17.9472    4.3876    9.0821
eta,q 0.97944 13.50143
  0.0222  0.0220  0.0215  0.0230  0.0229  0.0229  0.0220  0.0234  0.0215  0.0221  0.0213  0.0213
  0.0214  0.0213  0.0210  0.0221  0.0218  0.0219  0.0212  0.0217  0.0210  0.0212  0.0209  0.0209
  0.0209  0.0208  0.0207  0.0213  0.0210  0.0211  0.0207  0.0208  0.0207  0.0207  0.0206  0.0206
  0.0207  0.0207  0.0207  0.0207  0.0206  0.0206  0.0206  0.0206  0.0206  0.0206  0.0206  0.0206
  0.0208  0.0207  0.0208  0.0204  0.0207  0.0205  0.0207  0.0208  0.0207  0.0208  0.0206  0.0207
  0.0213  0.0211  0.0211  0.0211  0.0216  0.0214  0.0212  0.0217  0.0210  0.0213  0.0209  0.0210
  0.0221  0.0218  0.0215  0.0231  0.0232  0.0232  0.0220  0.0232  0.0216  0.0221  0.0213  0.0214
niter,ni,del,rscale     3    3    5.0000    0.6000
parameters
   -1.1325   -9.3906   17.4862  -11.2267  -18.2679   -7.4269
   -3.0097   -1.8988    3.0095  -17.8924    4.4062    8.9884
eta,q 0.97953 13.50633
  0.0217  0.0215  0.0212  0.0225  0.0223  0.0224  0.0216  0.0226  0.0212  0.0217  0.0211  0.0211
  0.0211  0.0210  0.0208  0.0217  0.0215  0.0216  0.0210  0.0213  0.0208  0.0210  0.0207  0.0207
  0.0207  0.0207  0.0206  0.0211  0.0208  0.0209  0.0206  0.0207  0.0205  0.0206  0.0205  0.0205
  0.0206  0.0206  0.0206  0.0206  0.0205  0.0205  0.0205  0.0205  0.0205  0.0205  0.0205  0.0205
  0.0207  0.0206  0.0206  0.0204  0.0206  0.0205  0.0206  0.0207  0.0206  0.0206  0.0205  0.0205
  0.0211  0.0210  0.0208  0.0210  0.0212  0.0211  0.0210  0.0214  0.0208  0.0210  0.0207  0.0208
  0.0217  0.0215  0.0212  0.0225  0.0224  0.0224  0.0216  0.0226  0.0212  0.0216  0.0210  0.0211
niter,ni,del,rscale     2    3    5.0000    0.5000
parameters
   -1.1465   -9.4091   17.4900  -11.0532  -18.1886   -7.3015
   -3.0120   -1.9165    2.9838  -17.8544    4.4174    8.9220
eta,q 0.97959 13.51074
  0.0213  0.0211  0.0209  0.0219  0.0217  0.0218  0.0212  0.0220  0.0209  0.0213  0.0208  0.0208
  0.0208  0.0207  0.0207  0.0213  0.0211  0.0212  0.0208  0.0210  0.0206  0.0208  0.0206  0.0206
  0.0206  0.0205  0.0205  0.0208  0.0207  0.0207  0.0205  0.0206  0.0205  0.0205  0.0205  0.0205
  0.0205  0.0205  0.0205  0.0205  0.0204  0.0204  0.0204  0.0204  0.0204  0.0204  0.0204  0.0204
  0.0206  0.0205  0.0205  0.0204  0.0205  0.0204  0.0205  0.0206  0.0205  0.0205  0.0204  0.0205
  0.0209  0.0208  0.0207  0.0208  0.0209  0.0208  0.0208  0.0211  0.0206  0.0208  0.0206  0.0206
  0.0214  0.0212  0.0209  0.0219  0.0217  0.0218  0.0212  0.0220  0.0210  0.0212  0.0208  0.0209
niter,ni,del,rscale     1    3    5.0000    0.4000
parameters
   -1.1581   -9.4287   17.4991  -10.9115  -18.1262   -7.1900
   -3.0285   -1.9221    2.9773  -17.8187    4.4125    8.8694
eta,q 0.97963 13.51404
  0.0210  0.0208  0.0207  0.0214  0.0212  0.0213  0.0209  0.0214  0.0207  0.0209  0.0207  0.0207
  0.0207  0.0206  0.0205  0.0210  0.0208  0.0209  0.0206  0.0208  0.0205  0.0206  0.0205  0.0205
  0.0205  0.0204  0.0204  0.0206  0.0205  0.0206  0.0204  0.0205  0.0204  0.0204  0.0204  0.0204
  0.0204  0.0204  0.0204  0.0204  0.0204  0.0204  0.0204  0.0204  0.0204  0.0204  0.0204  0.0204
  0.0205  0.0204  0.0204  0.0204  0.0204  0.0204  0.0204  0.0205  0.0204  0.0204  0.0204  0.0204
  0.0207  0.0206  0.0205  0.0207  0.0207  0.0207  0.0206  0.0208  0.0205  0.0206  0.0205  0.0205
  0.0210  0.0209  0.0207  0.0214  0.0212  0.0213  0.0209  0.0214  0.0207  0.0209  0.0207  0.0207
registration optimization eta report
parameter search radius
    0.8000    0.8000    0.8000    2.4000    2.4000    2.4000
    2.4000    2.4000    2.4000    2.4000    2.4000    2.4000
100000*second partial in parameter space
       91.       68.       49.       18.       15.       16.
        9.       18.        6.        9.        5.        5.
  0.0210  0.0208  0.0207  0.0214  0.0212  0.0213  0.0209  0.0214  0.0207  0.0209  0.0207  0.0207
  0.0207  0.0206  0.0205  0.0210  0.0208  0.0209  0.0206  0.0208  0.0205  0.0206  0.0205  0.0205
  0.0205  0.0204  0.0204  0.0206  0.0205  0.0206  0.0204  0.0205  0.0204  0.0204  0.0204  0.0204
  0.0204  0.0204  0.0204  0.0204  0.0204  0.0204  0.0204  0.0204  0.0204  0.0204  0.0204  0.0204
  0.0205  0.0204  0.0204  0.0204  0.0204  0.0204  0.0204  0.0205  0.0204  0.0204  0.0204  0.0204
  0.0207  0.0206  0.0205  0.0207  0.0207  0.0207  0.0206  0.0208  0.0205  0.0206  0.0205  0.0205
  0.0210  0.0209  0.0207  0.0214  0.0212  0.0213  0.0209  0.0214  0.0207  0.0209  0.0207  0.0207
   -1.1581   -9.4287   17.4991  -10.9115  -18.1262   -7.1900
   -3.0285   -1.9221    2.9773  -17.8187    4.4125    8.8694
eta,q 0.97963 13.51404

---------------------------------------------------------------------
compute_vox2vox talsrcimg talsrcimg_to_711-2C_as_mni_average_305_t4 /opt/freesurfer/average/711-2C_as_mni_average_305
---------------------------------------------------------------------

freesurfer compute_vox2vox.c
Reading: talsrcimg.4dfp.ifh
Reading: talsrcimg_to_711-2C_as_mni_average_305_t4
Reading: /opt/freesurfer/average/711-2C_as_mni_average_305.4dfp.ifh
Writing: talsrcimg_to_711-2C_as_mni_average_305_t4_vox2vox.txt

start time Mon Mar 9 05:08:39 CET 2026
end		time Mon Mar 9 05:10:04 CET 2026

mpr2mni305 success

avi2talxfm orig_nu.mgz /opt/freesurfer/average/mni305.cor.mgz talsrcimg_to_711-2C_as_mni_average_305_t4_vox2vox.txt transforms/talairach.auto.xfm
avi2talxfm done
mv -f /out/sourcedata/freesurfer/sub-v1s18x0051234_ses-1/mri/talsrcimg_to_711-2C_as_mni_average_305_t4_vox2vox.txt /out/sourcedata/freesurfer/sub-v1s18x0051234_ses-1/mri/transforms/talsrcimg_to_711-2C_as_mni_average_305_t4_vox2vox.txt
lta_convert --src orig_nu.mgz --trg /opt/freesurfer/average/mni305.cor.mgz --inxfm transforms/talairach.auto.xfm --outlta transforms/talairach.auto.xfm.lta --subject fsaverage
7.3.2

--src: orig_nu.mgz src image (geometry).
--trg: /opt/freesurfer/average/mni305.cor.mgz trg image (geometry).
--inmni: transforms/talairach.auto.xfm input MNI/XFM transform.
--outlta: transforms/talairach.auto.xfm.lta output LTA.
--s: fsaverage subject name
 LTA read, type : 1
 1.11969   0.03051   0.03811   5.68240;
-0.04834   1.05420  -0.11599  -31.31073;
-0.05124   0.22832   1.19476  -12.56329;
 0.00000   0.00000   0.00000   1.00000;
setting subject to fsaverage
Writing  LTA to file transforms/talairach.auto.xfm.lta...
lta_convert successful.
 
 
Started at Mon Mar 9 05:08:38 CET 2026
Ended   at Mon Mar  9 05:10:04 CET 2026
talairach_avi done
