Log file for defect2seg
Mon Mar  9 06:08:37 CET 2026

setenv SUBJECTS_DIR /out/sourcedata/freesurfer
cd /out/sourcedata/freesurfer/sub-v1s18x0051220_ses-1/scripts
/opt/freesurfer/bin/defect2seg --s sub-v1s18x0051220_ses-1 --rh-only --cortex

freesurfer-linux-ubuntu22_x86_64-7.3.2-20220804-6354275
defect2seg 7.3.2
Linux dna009 5.14.0-427.37.1.el9_4.x86_64 #1 SMP PREEMPT_DYNAMIC Fri Sep 13 12:41:50 EDT 2024 x86_64 x86_64 x86_64 GNU/Linux
pid 3224824
mri_label2label --label-cortex /out/sourcedata/freesurfer/sub-v1s18x0051220_ses-1/surf/rh.orig.nofix /out/sourcedata/freesurfer/sub-v1s18x0051220_ses-1/mri/aseg.presurf.mgz 0 /out/sourcedata/freesurfer/sub-v1s18x0051220_ses-1/label/rh.nofix.cortex.label

 Generating cortex label... RemoveHipAmgy=0
 NucAccIsMedialWall=0
 mris->useRealRAS=0
29 non-cortical segments detected
only using segment with 6702 vertices
erasing segment 1 (vno[0] = 35943)
erasing segment 2 (vno[0] = 38800)
erasing segment 3 (vno[0] = 55076)
erasing segment 4 (vno[0] = 56193)
erasing segment 5 (vno[0] = 57335)
erasing segment 6 (vno[0] = 58461)
erasing segment 7 (vno[0] = 61827)
erasing segment 8 (vno[0] = 61842)
erasing segment 9 (vno[0] = 66324)
erasing segment 10 (vno[0] = 67219)
erasing segment 11 (vno[0] = 68386)
erasing segment 12 (vno[0] = 68410)
erasing segment 13 (vno[0] = 68425)
erasing segment 14 (vno[0] = 74155)
erasing segment 15 (vno[0] = 76554)
erasing segment 16 (vno[0] = 78565)
erasing segment 17 (vno[0] = 78590)
erasing segment 18 (vno[0] = 78637)
erasing segment 19 (vno[0] = 78640)
erasing segment 20 (vno[0] = 79579)
erasing segment 21 (vno[0] = 80595)
erasing segment 22 (vno[0] = 84589)
erasing segment 23 (vno[0] = 90147)
erasing segment 24 (vno[0] = 94768)
erasing segment 25 (vno[0] = 95481)
erasing segment 26 (vno[0] = 96221)
erasing segment 27 (vno[0] = 96228)
erasing segment 28 (vno[0] = 96943)
mri_label2vol --defects /out/sourcedata/freesurfer/sub-v1s18x0051220_ses-1/surf/rh.orig.nofix /out/sourcedata/freesurfer/sub-v1s18x0051220_ses-1/surf/rh.defect_labels /out/sourcedata/freesurfer/sub-v1s18x0051220_ses-1/mri/orig.mgz 2000 0 /out/sourcedata/freesurfer/sub-v1s18x0051220_ses-1/mri/rh.surface.defects.mgz /out/sourcedata/freesurfer/sub-v1s18x0051220_ses-1/label/rh.nofix.cortex.label
mri_label2vol supposed to be reproducible but seed not set
Contraining to label /out/sourcedata/freesurfer/sub-v1s18x0051220_ses-1/label/rh.nofix.cortex.label
Changing input type 0 to MRI_INT
Converting defects to volume: offset=2000, merge=0
Writing to /out/sourcedata/freesurfer/sub-v1s18x0051220_ses-1/mri/rh.surface.defects.mgz
mris_defects_pointset -s /out/sourcedata/freesurfer/sub-v1s18x0051220_ses-1/surf/rh.orig.nofix -d /out/sourcedata/freesurfer/sub-v1s18x0051220_ses-1/surf/rh.defect_labels -o /out/sourcedata/freesurfer/sub-v1s18x0051220_ses-1/surf/rh.defects.pointset --label /out/sourcedata/freesurfer/sub-v1s18x0051220_ses-1/label/rh.nofix.cortex.label
Reading in surface /out/sourcedata/freesurfer/sub-v1s18x0051220_ses-1/surf/rh.orig.nofix
Reading in defect segmentation /out/sourcedata/freesurfer/sub-v1s18x0051220_ses-1/surf/rh.defect_labels
Reading in label /out/sourcedata/freesurfer/sub-v1s18x0051220_ses-1/label/rh.nofix.cortex.label
#VMPC# mris_defects_pointset 2041940
mris_defects_pointset done
 
Started at Mon Mar 9 06:08:37 CET 2026 
Ended   at Mon Mar  9 06:08:51 CET 2026
Defect2seg-Run-Time-Sec 14
Defect2seg-Run-Time-Min 0.28
Defect2seg-Run-Time-Hours 0.00
 
defect2seg Done
