status file for recon-all
Mon Mar  9 06:06:47 CET 2026
#@# Tessellate rh Mon Mar  9 06:06:47 CET 2026
#@# Smooth1 rh Mon Mar  9 06:06:50 CET 2026
#@# Inflation1 rh Mon Mar  9 06:06:52 CET 2026
#@# QSphere rh Mon Mar  9 06:07:01 CET 2026
#@# Fix Topology rh Mon Mar  9 06:07:49 CET 2026
#@# Smooth2 rh Mon Mar  9 06:12:20 CET 2026
#@# Inflation2 rh Mon Mar  9 06:12:22 CET 2026
#@# Curv .H and .K rh Mon Mar  9 06:12:31 CET 2026
#@# Sphere rh Mon Mar  9 06:13:11 CET 2026
#@# Surf Reg rh Mon Mar  9 06:14:46 CET 2026
#@# Jacobian white rh Mon Mar  9 06:17:20 CET 2026
#@# AvgCurv rh Mon Mar  9 06:17:21 CET 2026
#@# Cortical Parc rh Mon Mar  9 06:17:21 CET 2026
#@# white curv rh Mon Mar  9 06:22:17 CET 2026
#@# white area rh Mon Mar  9 06:22:18 CET 2026
#@# pial curv rh Mon Mar  9 06:22:19 CET 2026
#@# pial area rh Mon Mar  9 06:22:20 CET 2026
#@# thickness rh Mon Mar  9 06:22:20 CET 2026
#@# area and vertex vol rh Mon Mar  9 06:22:45 CET 2026
#@# Curvature Stats rh Mon Mar  9 06:22:46 CET 2026
#@# Cortical Parc 2 rh Mon Mar  9 06:22:48 CET 2026
#@# Cortical Parc 3 rh Mon Mar  9 06:22:59 CET 2026
#@# WM/GM Contrast rh Mon Mar  9 06:23:07 CET 2026
recon-all -s sub-v1s18x0051220_ses-1 finished without error at Mon Mar  9 06:23:10 CET 2026



#New# invocation of recon-all 



status file for recon-all
Mon Mar  9 06:29:11 CET 2026
#@# white curv rh Mon Mar  9 06:29:11 CET 2026
#@# white area rh Mon Mar  9 06:29:11 CET 2026
#@# pial curv rh Mon Mar  9 06:29:11 CET 2026
#@# pial area rh Mon Mar  9 06:29:11 CET 2026
#@# thickness rh Mon Mar  9 06:29:11 CET 2026
#@# area and vertex vol rh Mon Mar  9 06:29:11 CET 2026
#@# Parcellation Stats rh Mon Mar  9 06:29:11 CET 2026
#@# Parcellation Stats 2 rh Mon Mar  9 06:29:25 CET 2026
#@# Parcellation Stats 3 rh Mon Mar  9 06:29:32 CET 2026
#@# BA_exvivo Labels rh Mon Mar  9 06:29:39 CET 2026
recon-all -s sub-v1s18x0051220_ses-1 finished without error at Mon Mar  9 06:31:40 CET 2026
