status file for recon-all
Mon Mar  9 05:50:28 CET 2026
#@# Tessellate lh Mon Mar  9 05:50:29 CET 2026
#@# Smooth1 lh Mon Mar  9 05:50:32 CET 2026
#@# Inflation1 lh Mon Mar  9 05:50:34 CET 2026
#@# QSphere lh Mon Mar  9 05:50:42 CET 2026
#@# Fix Topology lh Mon Mar  9 05:51:30 CET 2026
#@# Smooth2 lh Mon Mar  9 05:55:50 CET 2026
#@# Inflation2 lh Mon Mar  9 05:55:52 CET 2026
#@# Curv .H and .K lh Mon Mar  9 05:56:01 CET 2026
#@# Sphere lh Mon Mar  9 05:56:41 CET 2026
#@# Surf Reg lh Mon Mar  9 05:58:14 CET 2026
#@# Jacobian white lh Mon Mar  9 06:00:55 CET 2026
#@# AvgCurv lh Mon Mar  9 06:00:55 CET 2026
#@# Cortical Parc lh Mon Mar  9 06:00:56 CET 2026
#@# white curv lh Mon Mar  9 06:05:52 CET 2026
#@# white area lh Mon Mar  9 06:05:53 CET 2026
#@# pial curv lh Mon Mar  9 06:05:54 CET 2026
#@# pial area lh Mon Mar  9 06:05:55 CET 2026
#@# thickness lh Mon Mar  9 06:05:56 CET 2026
#@# area and vertex vol lh Mon Mar  9 06:06:20 CET 2026
#@# Curvature Stats lh Mon Mar  9 06:06:21 CET 2026
#@# Cortical Parc 2 lh Mon Mar  9 06:06:23 CET 2026
#@# Cortical Parc 3 lh Mon Mar  9 06:06:34 CET 2026
#@# WM/GM Contrast lh Mon Mar  9 06:06:42 CET 2026
recon-all -s sub-v1s18x0051220_ses-1 finished without error at Mon Mar  9 06:06:45 CET 2026



#New# invocation of recon-all 



status file for recon-all
Mon Mar  9 06:26:39 CET 2026
#@# white curv lh Mon Mar  9 06:26:39 CET 2026
#@# white area lh Mon Mar  9 06:26:39 CET 2026
#@# pial curv lh Mon Mar  9 06:26:39 CET 2026
#@# pial area lh Mon Mar  9 06:26:39 CET 2026
#@# thickness lh Mon Mar  9 06:26:39 CET 2026
#@# area and vertex vol lh Mon Mar  9 06:26:39 CET 2026
#@# Parcellation Stats lh Mon Mar  9 06:26:39 CET 2026
#@# Parcellation Stats 2 lh Mon Mar  9 06:26:53 CET 2026
#@# Parcellation Stats 3 lh Mon Mar  9 06:27:00 CET 2026
#@# BA_exvivo Labels lh Mon Mar  9 06:27:07 CET 2026
recon-all -s sub-v1s18x0051220_ses-1 finished without error at Mon Mar  9 06:29:09 CET 2026
