status file for recon-all
Thu Mar 12 12:12:45 CET 2026
#@# MotionCor Thu Mar 12 12:12:46 CET 2026
#@# Talairach Thu Mar 12 12:12:52 CET 2026
#@# Talairach Failure Detection Thu Mar 12 12:15:41 CET 2026
#@# Nu Intensity Correction Thu Mar 12 12:15:41 CET 2026
#@# Intensity Normalization Thu Mar 12 12:18:26 CET 2026
recon-all -s sub-v1s18x0051281_ses-1 finished without error at Thu Mar 12 12:19:23 CET 2026



#New# invocation of recon-all 



status file for recon-all
Thu Mar 12 12:25:26 CET 2026
#@# EM Registration Thu Mar 12 12:25:26 CET 2026
recon-all -s sub-v1s18x0051281_ses-1 finished without error at Thu Mar 12 12:27:19 CET 2026



#New# invocation of recon-all 



status file for recon-all
Thu Mar 12 12:27:21 CET 2026
#@# CA Normalize Thu Mar 12 12:27:21 CET 2026
#@# CA Reg Thu Mar 12 12:28:14 CET 2026
#@# SubCort Seg Thu Mar 12 13:07:27 CET 2026
#@# CC Seg Thu Mar 12 13:26:13 CET 2026
#@# Merge ASeg Thu Mar 12 13:27:30 CET 2026
#@# Intensity Normalization2 Thu Mar 12 13:27:30 CET 2026
#@# Mask BFS Thu Mar 12 13:28:53 CET 2026
#@# WM Segmentation Thu Mar 12 13:28:54 CET 2026
#@# Fill Thu Mar 12 13:30:23 CET 2026
recon-all -s sub-v1s18x0051281_ses-1 finished without error at Thu Mar 12 13:30:58 CET 2026



#New# invocation of recon-all 



status file for recon-all
Thu Mar 12 14:21:02 CET 2026
#@# white curv lh Thu Mar 12 14:21:02 CET 2026
#@# white area lh Thu Mar 12 14:21:02 CET 2026
#@# pial curv lh Thu Mar 12 14:21:02 CET 2026
#@# pial area lh Thu Mar 12 14:21:02 CET 2026
#@# thickness lh Thu Mar 12 14:21:02 CET 2026
#@# area and vertex vol lh Thu Mar 12 14:21:02 CET 2026
#@# white curv rh Thu Mar 12 14:21:02 CET 2026
#@# white area rh Thu Mar 12 14:21:02 CET 2026
#@# pial curv rh Thu Mar 12 14:21:02 CET 2026
#@# pial area rh Thu Mar 12 14:21:02 CET 2026
#@# thickness rh Thu Mar 12 14:21:02 CET 2026
#@# area and vertex vol rh Thu Mar 12 14:21:02 CET 2026
#@# Cortical ribbon mask Thu Mar 12 14:21:02 CET 2026
recon-all -s sub-v1s18x0051281_ses-1 finished without error at Thu Mar 12 14:25:45 CET 2026



#New# invocation of recon-all 



status file for recon-all
Thu Mar 12 14:31:10 CET 2026
#@# white curv lh Thu Mar 12 14:31:10 CET 2026
#@# white area lh Thu Mar 12 14:31:10 CET 2026
#@# pial curv lh Thu Mar 12 14:31:10 CET 2026
#@# pial area lh Thu Mar 12 14:31:10 CET 2026
#@# thickness lh Thu Mar 12 14:31:10 CET 2026
#@# area and vertex vol lh Thu Mar 12 14:31:10 CET 2026
#@# white curv rh Thu Mar 12 14:31:10 CET 2026
#@# white area rh Thu Mar 12 14:31:10 CET 2026
#@# pial curv rh Thu Mar 12 14:31:10 CET 2026
#@# pial area rh Thu Mar 12 14:31:10 CET 2026
#@# thickness rh Thu Mar 12 14:31:10 CET 2026
#@# area and vertex vol rh Thu Mar 12 14:31:10 CET 2026
#@# Curvature Stats lh Thu Mar 12 14:31:10 CET 2026
#@# Curvature Stats rh Thu Mar 12 14:31:11 CET 2026
#@# Relabel Hypointensities Thu Mar 12 14:31:13 CET 2026
#@# APas-to-ASeg Thu Mar 12 14:31:24 CET 2026
#@# AParc-to-ASeg aparc Thu Mar 12 14:31:31 CET 2026
#@# AParc-to-ASeg aparc.a2009s Thu Mar 12 14:32:04 CET 2026
#@# AParc-to-ASeg aparc.DKTatlas Thu Mar 12 14:32:34 CET 2026
#@# WMParc Thu Mar 12 14:33:05 CET 2026
#@# ASeg Stats Thu Mar 12 14:34:51 CET 2026
recon-all -s sub-v1s18x0051281_ses-1 finished without error at Thu Mar 12 14:35:11 CET 2026
