status file for recon-all
Thu Mar 12 13:31:01 CET 2026
#@# Tessellate lh Thu Mar 12 13:31:01 CET 2026
#@# Smooth1 lh Thu Mar 12 13:31:04 CET 2026
#@# Inflation1 lh Thu Mar 12 13:31:06 CET 2026
#@# QSphere lh Thu Mar 12 13:31:17 CET 2026
#@# Fix Topology lh Thu Mar 12 13:32:24 CET 2026
#@# Smooth2 lh Thu Mar 12 13:36:34 CET 2026
#@# Inflation2 lh Thu Mar 12 13:36:37 CET 2026
#@# Curv .H and .K lh Thu Mar 12 13:36:55 CET 2026
#@# Sphere lh Thu Mar 12 13:37:34 CET 2026
#@# Surf Reg lh Thu Mar 12 13:40:38 CET 2026
#@# Jacobian white lh Thu Mar 12 13:44:18 CET 2026
#@# AvgCurv lh Thu Mar 12 13:44:19 CET 2026
#@# Cortical Parc lh Thu Mar 12 13:44:20 CET 2026
#@# white curv lh Thu Mar 12 13:49:23 CET 2026
#@# white area lh Thu Mar 12 13:49:25 CET 2026
#@# pial curv lh Thu Mar 12 13:49:25 CET 2026
#@# pial area lh Thu Mar 12 13:49:27 CET 2026
#@# thickness lh Thu Mar 12 13:49:28 CET 2026
#@# area and vertex vol lh Thu Mar 12 13:49:47 CET 2026
#@# Curvature Stats lh Thu Mar 12 13:49:48 CET 2026
#@# Cortical Parc 2 lh Thu Mar 12 13:49:50 CET 2026
#@# Cortical Parc 3 lh Thu Mar 12 13:50:00 CET 2026
#@# WM/GM Contrast lh Thu Mar 12 13:50:08 CET 2026
recon-all -s sub-v1s18x0051281_ses-1 finished without error at Thu Mar 12 13:50:11 CET 2026



#New# invocation of recon-all 



status file for recon-all
Thu Mar 12 14:25:50 CET 2026
#@# white curv lh Thu Mar 12 14:25:50 CET 2026
#@# white area lh Thu Mar 12 14:25:50 CET 2026
#@# pial curv lh Thu Mar 12 14:25:50 CET 2026
#@# pial area lh Thu Mar 12 14:25:50 CET 2026
#@# thickness lh Thu Mar 12 14:25:50 CET 2026
#@# area and vertex vol lh Thu Mar 12 14:25:50 CET 2026
#@# Parcellation Stats lh Thu Mar 12 14:25:50 CET 2026
#@# Parcellation Stats 2 lh Thu Mar 12 14:26:06 CET 2026
#@# Parcellation Stats 3 lh Thu Mar 12 14:26:14 CET 2026
#@# BA_exvivo Labels lh Thu Mar 12 14:26:21 CET 2026
recon-all -s sub-v1s18x0051281_ses-1 finished without error at Thu Mar 12 14:28:22 CET 2026
