status file for recon-all
Mon Mar  9 04:20:39 CET 2026
#@# MotionCor Mon Mar  9 04:20:41 CET 2026
#@# Talairach Mon Mar  9 04:20:48 CET 2026
#@# Talairach Failure Detection Mon Mar  9 04:25:13 CET 2026
#@# Nu Intensity Correction Mon Mar  9 04:25:13 CET 2026
#@# Intensity Normalization Mon Mar  9 04:28:27 CET 2026
recon-all -s sub-v1s18x0051221_ses-1 finished without error at Mon Mar  9 04:29:58 CET 2026



#New# invocation of recon-all 



status file for recon-all
Mon Mar  9 04:36:55 CET 2026
#@# EM Registration Mon Mar  9 04:36:55 CET 2026
recon-all -s sub-v1s18x0051221_ses-1 finished without error at Mon Mar  9 04:38:42 CET 2026



#New# invocation of recon-all 



status file for recon-all
Mon Mar  9 04:38:46 CET 2026
#@# CA Normalize Mon Mar  9 04:38:46 CET 2026
#@# CA Reg Mon Mar  9 04:40:05 CET 2026
#@# SubCort Seg Mon Mar  9 05:21:40 CET 2026
#@# CC Seg Mon Mar  9 05:51:37 CET 2026
#@# Merge ASeg Mon Mar  9 05:52:41 CET 2026
#@# Intensity Normalization2 Mon Mar  9 05:52:41 CET 2026
#@# Mask BFS Mon Mar  9 05:54:50 CET 2026
#@# WM Segmentation Mon Mar  9 05:54:51 CET 2026
#@# Fill Mon Mar  9 05:56:44 CET 2026
recon-all -s sub-v1s18x0051221_ses-1 finished without error at Mon Mar  9 05:57:45 CET 2026



#New# invocation of recon-all 



status file for recon-all
Mon Mar  9 06:37:54 CET 2026
#@# white curv lh Mon Mar  9 06:37:54 CET 2026
#@# white area lh Mon Mar  9 06:37:54 CET 2026
#@# pial curv lh Mon Mar  9 06:37:54 CET 2026
#@# pial area lh Mon Mar  9 06:37:55 CET 2026
#@# thickness lh Mon Mar  9 06:37:55 CET 2026
#@# area and vertex vol lh Mon Mar  9 06:37:55 CET 2026
#@# white curv rh Mon Mar  9 06:37:55 CET 2026
#@# white area rh Mon Mar  9 06:37:55 CET 2026
#@# pial curv rh Mon Mar  9 06:37:55 CET 2026
#@# pial area rh Mon Mar  9 06:37:55 CET 2026
#@# thickness rh Mon Mar  9 06:37:55 CET 2026
#@# area and vertex vol rh Mon Mar  9 06:37:55 CET 2026
#@# Cortical ribbon mask Mon Mar  9 06:37:55 CET 2026
recon-all -s sub-v1s18x0051221_ses-1 finished without error at Mon Mar  9 06:43:25 CET 2026



#New# invocation of recon-all 



status file for recon-all
Mon Mar  9 06:49:37 CET 2026
#@# white curv lh Mon Mar  9 06:49:37 CET 2026
#@# white area lh Mon Mar  9 06:49:37 CET 2026
#@# pial curv lh Mon Mar  9 06:49:37 CET 2026
#@# pial area lh Mon Mar  9 06:49:37 CET 2026
#@# thickness lh Mon Mar  9 06:49:37 CET 2026
#@# area and vertex vol lh Mon Mar  9 06:49:37 CET 2026
#@# white curv rh Mon Mar  9 06:49:37 CET 2026
#@# white area rh Mon Mar  9 06:49:37 CET 2026
#@# pial curv rh Mon Mar  9 06:49:37 CET 2026
#@# pial area rh Mon Mar  9 06:49:37 CET 2026
#@# thickness rh Mon Mar  9 06:49:37 CET 2026
#@# area and vertex vol rh Mon Mar  9 06:49:37 CET 2026
#@# Curvature Stats lh Mon Mar  9 06:49:37 CET 2026
#@# Curvature Stats rh Mon Mar  9 06:49:40 CET 2026
#@# Relabel Hypointensities Mon Mar  9 06:49:42 CET 2026
#@# APas-to-ASeg Mon Mar  9 06:49:57 CET 2026
#@# AParc-to-ASeg aparc Mon Mar  9 06:50:05 CET 2026
#@# AParc-to-ASeg aparc.a2009s Mon Mar  9 06:50:40 CET 2026
#@# AParc-to-ASeg aparc.DKTatlas Mon Mar  9 06:51:14 CET 2026
#@# WMParc Mon Mar  9 06:51:50 CET 2026
#@# ASeg Stats Mon Mar  9 06:55:17 CET 2026
recon-all -s sub-v1s18x0051221_ses-1 finished without error at Mon Mar  9 06:55:48 CET 2026
