status file for recon-all
Mon Mar  9 05:57:49 CET 2026
#@# Tessellate lh Mon Mar  9 05:57:49 CET 2026
#@# Smooth1 lh Mon Mar  9 05:57:52 CET 2026
#@# Inflation1 lh Mon Mar  9 05:57:54 CET 2026
#@# QSphere lh Mon Mar  9 05:58:07 CET 2026
#@# Fix Topology lh Mon Mar  9 05:59:04 CET 2026
#@# Smooth2 lh Mon Mar  9 06:04:05 CET 2026
#@# Inflation2 lh Mon Mar  9 06:04:08 CET 2026
#@# Curv .H and .K lh Mon Mar  9 06:04:18 CET 2026
#@# Sphere lh Mon Mar  9 06:05:05 CET 2026
#@# Surf Reg lh Mon Mar  9 06:06:53 CET 2026
#@# Jacobian white lh Mon Mar  9 06:10:07 CET 2026
#@# AvgCurv lh Mon Mar  9 06:10:07 CET 2026
#@# Cortical Parc lh Mon Mar  9 06:10:08 CET 2026
#@# white curv lh Mon Mar  9 06:16:19 CET 2026
#@# white area lh Mon Mar  9 06:16:21 CET 2026
#@# pial curv lh Mon Mar  9 06:16:22 CET 2026
#@# pial area lh Mon Mar  9 06:16:23 CET 2026
#@# thickness lh Mon Mar  9 06:16:24 CET 2026
#@# area and vertex vol lh Mon Mar  9 06:16:53 CET 2026
#@# Curvature Stats lh Mon Mar  9 06:16:55 CET 2026
#@# Cortical Parc 2 lh Mon Mar  9 06:16:57 CET 2026
#@# Cortical Parc 3 lh Mon Mar  9 06:17:10 CET 2026
#@# WM/GM Contrast lh Mon Mar  9 06:17:19 CET 2026
recon-all -s sub-v1s18x0051221_ses-1 finished without error at Mon Mar  9 06:17:22 CET 2026



#New# invocation of recon-all 



status file for recon-all
Mon Mar  9 06:43:29 CET 2026
#@# white curv lh Mon Mar  9 06:43:29 CET 2026
#@# white area lh Mon Mar  9 06:43:29 CET 2026
#@# pial curv lh Mon Mar  9 06:43:29 CET 2026
#@# pial area lh Mon Mar  9 06:43:29 CET 2026
#@# thickness lh Mon Mar  9 06:43:29 CET 2026
#@# area and vertex vol lh Mon Mar  9 06:43:29 CET 2026
#@# Parcellation Stats lh Mon Mar  9 06:43:29 CET 2026
#@# Parcellation Stats 2 lh Mon Mar  9 06:43:48 CET 2026
#@# Parcellation Stats 3 lh Mon Mar  9 06:43:57 CET 2026
#@# BA_exvivo Labels lh Mon Mar  9 06:44:06 CET 2026
recon-all -s sub-v1s18x0051221_ses-1 finished without error at Mon Mar  9 06:46:28 CET 2026
