status file for recon-all
Mon Mar  9 09:13:54 CET 2026
#@# Tessellate rh Mon Mar  9 09:13:54 CET 2026
#@# Smooth1 rh Mon Mar  9 09:13:58 CET 2026
#@# Inflation1 rh Mon Mar  9 09:14:01 CET 2026
#@# QSphere rh Mon Mar  9 09:14:15 CET 2026
#@# Fix Topology rh Mon Mar  9 09:15:52 CET 2026
#@# Smooth2 rh Mon Mar  9 09:22:09 CET 2026
#@# Inflation2 rh Mon Mar  9 09:22:13 CET 2026
#@# Curv .H and .K rh Mon Mar  9 09:22:30 CET 2026
#@# Sphere rh Mon Mar  9 09:23:24 CET 2026
#@# Surf Reg rh Mon Mar  9 09:26:18 CET 2026
#@# Jacobian white rh Mon Mar  9 09:31:04 CET 2026
#@# AvgCurv rh Mon Mar  9 09:31:05 CET 2026
#@# Cortical Parc rh Mon Mar  9 09:31:06 CET 2026
#@# white curv rh Mon Mar  9 09:39:58 CET 2026
#@# white area rh Mon Mar  9 09:40:00 CET 2026
#@# pial curv rh Mon Mar  9 09:40:01 CET 2026
#@# pial area rh Mon Mar  9 09:40:04 CET 2026
#@# thickness rh Mon Mar  9 09:40:05 CET 2026
#@# area and vertex vol rh Mon Mar  9 09:40:42 CET 2026
#@# Curvature Stats rh Mon Mar  9 09:40:44 CET 2026
#@# Cortical Parc 2 rh Mon Mar  9 09:40:47 CET 2026
#@# Cortical Parc 3 rh Mon Mar  9 09:41:03 CET 2026
#@# WM/GM Contrast rh Mon Mar  9 09:41:15 CET 2026
recon-all -s sub-v1s18x0051269_ses-1 finished without error at Mon Mar  9 09:41:19 CET 2026



#New# invocation of recon-all 



status file for recon-all
Mon Mar  9 09:51:24 CET 2026
#@# white curv rh Mon Mar  9 09:51:24 CET 2026
#@# white area rh Mon Mar  9 09:51:24 CET 2026
#@# pial curv rh Mon Mar  9 09:51:24 CET 2026
#@# pial area rh Mon Mar  9 09:51:24 CET 2026
#@# thickness rh Mon Mar  9 09:51:24 CET 2026
#@# area and vertex vol rh Mon Mar  9 09:51:24 CET 2026
#@# Parcellation Stats rh Mon Mar  9 09:51:24 CET 2026
#@# Parcellation Stats 2 rh Mon Mar  9 09:51:47 CET 2026
#@# Parcellation Stats 3 rh Mon Mar  9 09:52:00 CET 2026
#@# BA_exvivo Labels rh Mon Mar  9 09:52:11 CET 2026
recon-all -s sub-v1s18x0051269_ses-1 finished without error at Mon Mar  9 09:55:19 CET 2026
