status file for recon-all
Mon Mar  9 08:47:58 CET 2026
#@# Tessellate lh Mon Mar  9 08:47:58 CET 2026
#@# Smooth1 lh Mon Mar  9 08:48:01 CET 2026
#@# Inflation1 lh Mon Mar  9 08:48:05 CET 2026
#@# QSphere lh Mon Mar  9 08:48:20 CET 2026
#@# Fix Topology lh Mon Mar  9 08:49:36 CET 2026
#@# Smooth2 lh Mon Mar  9 08:56:19 CET 2026
#@# Inflation2 lh Mon Mar  9 08:56:23 CET 2026
#@# Curv .H and .K lh Mon Mar  9 08:56:41 CET 2026
#@# Sphere lh Mon Mar  9 08:57:34 CET 2026
#@# Surf Reg lh Mon Mar  9 08:59:57 CET 2026
#@# Jacobian white lh Mon Mar  9 09:04:38 CET 2026
#@# AvgCurv lh Mon Mar  9 09:04:39 CET 2026
#@# Cortical Parc lh Mon Mar  9 09:04:40 CET 2026
#@# white curv lh Mon Mar  9 09:12:31 CET 2026
#@# white area lh Mon Mar  9 09:12:34 CET 2026
#@# pial curv lh Mon Mar  9 09:12:35 CET 2026
#@# pial area lh Mon Mar  9 09:12:37 CET 2026
#@# thickness lh Mon Mar  9 09:12:38 CET 2026
#@# area and vertex vol lh Mon Mar  9 09:13:15 CET 2026
#@# Curvature Stats lh Mon Mar  9 09:13:16 CET 2026
#@# Cortical Parc 2 lh Mon Mar  9 09:13:20 CET 2026
#@# Cortical Parc 3 lh Mon Mar  9 09:13:35 CET 2026
#@# WM/GM Contrast lh Mon Mar  9 09:13:47 CET 2026
recon-all -s sub-v1s18x0051269_ses-1 finished without error at Mon Mar  9 09:13:50 CET 2026



#New# invocation of recon-all 



status file for recon-all
Mon Mar  9 09:47:24 CET 2026
#@# white curv lh Mon Mar  9 09:47:24 CET 2026
#@# white area lh Mon Mar  9 09:47:24 CET 2026
#@# pial curv lh Mon Mar  9 09:47:24 CET 2026
#@# pial area lh Mon Mar  9 09:47:24 CET 2026
#@# thickness lh Mon Mar  9 09:47:24 CET 2026
#@# area and vertex vol lh Mon Mar  9 09:47:24 CET 2026
#@# Parcellation Stats lh Mon Mar  9 09:47:24 CET 2026
#@# Parcellation Stats 2 lh Mon Mar  9 09:47:47 CET 2026
#@# Parcellation Stats 3 lh Mon Mar  9 09:47:59 CET 2026
#@# BA_exvivo Labels lh Mon Mar  9 09:48:11 CET 2026
recon-all -s sub-v1s18x0051269_ses-1 finished without error at Mon Mar  9 09:51:21 CET 2026
