status file for recon-all
Mon Mar  9 07:11:03 CET 2026
#@# MotionCor Mon Mar  9 07:11:05 CET 2026
#@# Talairach Mon Mar  9 07:11:12 CET 2026
#@# Talairach Failure Detection Mon Mar  9 07:15:36 CET 2026
#@# Nu Intensity Correction Mon Mar  9 07:15:36 CET 2026
#@# Intensity Normalization Mon Mar  9 07:18:54 CET 2026
recon-all -s sub-v1s18x0051272_ses-1 finished without error at Mon Mar  9 07:20:24 CET 2026



#New# invocation of recon-all 



status file for recon-all
Mon Mar  9 07:27:32 CET 2026
#@# EM Registration Mon Mar  9 07:27:32 CET 2026
recon-all -s sub-v1s18x0051272_ses-1 finished without error at Mon Mar  9 07:29:41 CET 2026



#New# invocation of recon-all 



status file for recon-all
Mon Mar  9 07:29:44 CET 2026
#@# CA Normalize Mon Mar  9 07:29:44 CET 2026
#@# CA Reg Mon Mar  9 07:31:03 CET 2026
#@# SubCort Seg Mon Mar  9 08:23:54 CET 2026
#@# CC Seg Mon Mar  9 08:50:00 CET 2026
#@# Merge ASeg Mon Mar  9 08:50:35 CET 2026
#@# Intensity Normalization2 Mon Mar  9 08:50:35 CET 2026
#@# Mask BFS Mon Mar  9 08:52:50 CET 2026
#@# WM Segmentation Mon Mar  9 08:52:51 CET 2026
#@# Fill Mon Mar  9 08:54:38 CET 2026
recon-all -s sub-v1s18x0051272_ses-1 finished without error at Mon Mar  9 08:55:39 CET 2026



#New# invocation of recon-all 



status file for recon-all
Mon Mar  9 09:33:35 CET 2026
#@# white curv lh Mon Mar  9 09:33:35 CET 2026
#@# white area lh Mon Mar  9 09:33:35 CET 2026
#@# pial curv lh Mon Mar  9 09:33:35 CET 2026
#@# pial area lh Mon Mar  9 09:33:35 CET 2026
#@# thickness lh Mon Mar  9 09:33:35 CET 2026
#@# area and vertex vol lh Mon Mar  9 09:33:35 CET 2026
#@# white curv rh Mon Mar  9 09:33:35 CET 2026
#@# white area rh Mon Mar  9 09:33:35 CET 2026
#@# pial curv rh Mon Mar  9 09:33:35 CET 2026
#@# pial area rh Mon Mar  9 09:33:35 CET 2026
#@# thickness rh Mon Mar  9 09:33:35 CET 2026
#@# area and vertex vol rh Mon Mar  9 09:33:35 CET 2026
#@# Cortical ribbon mask Mon Mar  9 09:33:35 CET 2026
recon-all -s sub-v1s18x0051272_ses-1 finished without error at Mon Mar  9 09:37:12 CET 2026



#New# invocation of recon-all 



status file for recon-all
Mon Mar  9 09:43:13 CET 2026
#@# white curv lh Mon Mar  9 09:43:13 CET 2026
#@# white area lh Mon Mar  9 09:43:13 CET 2026
#@# pial curv lh Mon Mar  9 09:43:13 CET 2026
#@# pial area lh Mon Mar  9 09:43:13 CET 2026
#@# thickness lh Mon Mar  9 09:43:13 CET 2026
#@# area and vertex vol lh Mon Mar  9 09:43:13 CET 2026
#@# white curv rh Mon Mar  9 09:43:13 CET 2026
#@# white area rh Mon Mar  9 09:43:13 CET 2026
#@# pial curv rh Mon Mar  9 09:43:13 CET 2026
#@# pial area rh Mon Mar  9 09:43:13 CET 2026
#@# thickness rh Mon Mar  9 09:43:13 CET 2026
#@# area and vertex vol rh Mon Mar  9 09:43:13 CET 2026
#@# Curvature Stats lh Mon Mar  9 09:43:13 CET 2026
#@# Curvature Stats rh Mon Mar  9 09:43:16 CET 2026
#@# Relabel Hypointensities Mon Mar  9 09:43:18 CET 2026
#@# APas-to-ASeg Mon Mar  9 09:43:32 CET 2026
#@# AParc-to-ASeg aparc Mon Mar  9 09:43:40 CET 2026
#@# AParc-to-ASeg aparc.a2009s Mon Mar  9 09:44:07 CET 2026
#@# AParc-to-ASeg aparc.DKTatlas Mon Mar  9 09:44:33 CET 2026
#@# WMParc Mon Mar  9 09:45:05 CET 2026
#@# ASeg Stats Mon Mar  9 09:49:26 CET 2026
recon-all -s sub-v1s18x0051272_ses-1 finished without error at Mon Mar  9 09:50:06 CET 2026
