status file for recon-all
Mon Mar  9 05:46:31 CET 2026
#@# Tessellate rh Mon Mar  9 05:46:31 CET 2026
#@# Smooth1 rh Mon Mar  9 05:46:35 CET 2026
#@# Inflation1 rh Mon Mar  9 05:46:38 CET 2026
#@# QSphere rh Mon Mar  9 05:46:52 CET 2026
#@# Fix Topology rh Mon Mar  9 05:48:06 CET 2026
#@# Smooth2 rh Mon Mar  9 05:54:46 CET 2026
#@# Inflation2 rh Mon Mar  9 05:54:49 CET 2026
#@# Curv .H and .K rh Mon Mar  9 05:55:08 CET 2026
#@# Sphere rh Mon Mar  9 05:55:56 CET 2026
#@# Surf Reg rh Mon Mar  9 05:59:20 CET 2026
#@# Jacobian white rh Mon Mar  9 06:04:16 CET 2026
#@# AvgCurv rh Mon Mar  9 06:04:17 CET 2026
#@# Cortical Parc rh Mon Mar  9 06:04:18 CET 2026
#@# white curv rh Mon Mar  9 06:11:44 CET 2026
#@# white area rh Mon Mar  9 06:11:46 CET 2026
#@# pial curv rh Mon Mar  9 06:11:47 CET 2026
#@# pial area rh Mon Mar  9 06:11:50 CET 2026
#@# thickness rh Mon Mar  9 06:11:50 CET 2026
#@# area and vertex vol rh Mon Mar  9 06:12:22 CET 2026
#@# Curvature Stats rh Mon Mar  9 06:12:24 CET 2026
#@# Cortical Parc 2 rh Mon Mar  9 06:12:27 CET 2026
#@# Cortical Parc 3 rh Mon Mar  9 06:12:42 CET 2026
#@# WM/GM Contrast rh Mon Mar  9 06:12:53 CET 2026
recon-all -s sub-v1s18x0051205_ses-1 finished without error at Mon Mar  9 06:12:56 CET 2026



#New# invocation of recon-all 



status file for recon-all
Mon Mar  9 06:20:40 CET 2026
#@# white curv rh Mon Mar  9 06:20:40 CET 2026
#@# white area rh Mon Mar  9 06:20:40 CET 2026
#@# pial curv rh Mon Mar  9 06:20:40 CET 2026
#@# pial area rh Mon Mar  9 06:20:40 CET 2026
#@# thickness rh Mon Mar  9 06:20:40 CET 2026
#@# area and vertex vol rh Mon Mar  9 06:20:40 CET 2026
#@# Parcellation Stats rh Mon Mar  9 06:20:40 CET 2026
#@# Parcellation Stats 2 rh Mon Mar  9 06:21:00 CET 2026
#@# Parcellation Stats 3 rh Mon Mar  9 06:21:10 CET 2026
#@# BA_exvivo Labels rh Mon Mar  9 06:21:21 CET 2026
recon-all -s sub-v1s18x0051205_ses-1 finished without error at Mon Mar  9 06:24:17 CET 2026
