/out/sourcedata/freesurfer/sub-v1s18x0051213_ses-1/mri
/opt/freesurfer/bin/talairach_avi
--i orig_nu.mgz --xfm transforms/talairach.auto.xfm
talairach_avi 7.3.2
Linux dna074 5.14.0-427.37.1.el9_4.x86_64 #1 SMP PREEMPT_DYNAMIC Fri Sep 13 12:41:50 EDT 2024 x86_64 x86_64 x86_64 GNU/Linux
Mon Mar  9 03:56:28 CET 2026
mri_convert orig_nu.mgz talsrcimg.img 
reading from orig_nu.mgz...
TR=0.00, TE=0.00, TI=0.00, flip angle=0.00
i_ras = (-1, 0, 0)
j_ras = (0, 0, -1)
k_ras = (0, 1, 0)
writing to talsrcimg.img...
Analyze Output Matrix
-1.00000   0.00000   0.00000   132.10602;
 0.00000   0.00000   1.00000  -138.35196;
 0.00000  -1.00000   0.00000   113.65617;
 0.00000   0.00000   0.00000   1.00000;
--------------------
INFO: set hdr.hist.orient to -1
mpr2mni305 talsrcimg
Mon Mar  9 03:56:28 CET 2026
/opt/freesurfer/bin/mpr2mni305 talsrcimg
mpr2mni305 7.3.2
target=711-2C_as_mni_average_305

---------------------------------------------------------------------
analyzeto4dfp talsrcimg -O0 -y
---------------------------------------------------------------------

freesurfer ifh2hdr.c
Mon Mar  9 03:56:28 2026
Writing: talsrcimg.4dfp.hdr
freesurfer analyzeto4dfp.c
Reading: talsrcimg.hdr
header size 348 bytes
hdr.dime.datatype	offset=70	value=2
hdr.dime.bitpix		offset=72	value=8
hdr.hist.orient		offset=252	value=-1
dimensionality     4
dimensions       256       256       256         1
Reading: talsrcimg.img
Writing: talsrcimg.4dfp.img
Writing: talsrcimg.4dfp.ifh
ifh2hdr talsrcimg -r0to186
ori=2

---------------------------------------------------------------------
gauss_4dfp talsrcimg 1.1
---------------------------------------------------------------------

freesurfer gauss_4dfp.c
Reading: talsrcimg.4dfp.img
Writing: talsrcimg_g11.4dfp.img
image dimensions 256 256 256 padded to 288 288 288
processing volume 1freesurfer ifh2hdr.c
Mon Mar  9 03:56:30 2026
Writing: talsrcimg_g11.4dfp.hdr

Writing: talsrcimg_g11.4dfp.ifh
including: talsrcimg.4dfp.img.rec in talsrcimg_g11.4dfp.img.rec

---------------------------------------------------------------------
imgreg_4dfp /opt/freesurfer/average/711-2C_as_mni_average_305 none talsrcimg_g11 none talsrcimg_to_711-2C_as_mni_average_305_t4 4355
---------------------------------------------------------------------

freesurfer imgreg_4dfp.c
/opt/freesurfer/average/711-2C_as_mni_average_305.4dfp.img
       256       256       256         1
  1.000000  1.000000  1.000000
orientation T byte_order littleendian
Reading image: /opt/freesurfer/average/711-2C_as_mni_average_305.4dfp.img
dimensions:      256       256       256
mmppix:       1.0000   -1.0000   -1.0000
center:     128.0000 -129.0000 -129.0000
talsrcimg_g11.4dfp.img
       256       256       256         1
  1.000000  1.000000  1.000000
orientation T byte_order littleendian
Reading image: talsrcimg_g11.4dfp.img
dimensions:      256       256       256
mmppix:       1.0000   -1.0000   -1.0000
center:     128.0000 -129.0000 -129.0000
t4_read: open error in t4_sub.f l:  41 t4_file(1:l)talsrcimg_to_711-2C_as_mni_average_305_t4 
t4_read: transform initialized to I4
rotation matrix determinant  1.000000
image alignment mode   4355 decimal     1103 hex
   -7.5000  -45.0000  -45.0000 8515.4512   23.1616
    0.0000  -45.0000  -45.0000 8751.0146   23.1233
    7.5000  -45.0000  -45.0000 8316.7695   23.1797
   -7.5000  -37.5000  -45.0000 8917.3701   22.9248
    0.0000  -37.5000  -45.0000 9150.0713   22.8843
    7.5000  -37.5000  -45.0000 8691.5381   22.9389
   -7.5000  -30.0000  -45.0000 9618.9346   22.8198
    0.0000  -30.0000  -45.0000 9840.8252   22.7798
    7.5000  -30.0000  -45.0000 9350.6592   22.8436
   -7.5000  -22.5000  -45.000010320.1416   22.8284
    0.0000  -22.5000  -45.000010566.5410   22.7914
    7.5000  -22.5000  -45.000010029.1299   22.8663
   -7.5000  -15.0000  -45.000011067.5039   22.8673
    0.0000  -15.0000  -45.000011319.5889   22.8332
    7.5000  -15.0000  -45.000010741.8369   22.9098
   -7.5000   -7.5000  -45.000011875.4150   22.8988
    0.0000   -7.5000  -45.000012138.7070   22.8641
    7.5000   -7.5000  -45.000011486.3096   22.9306
   -7.5000    0.0000  -45.000012190.0312   22.8961
    0.0000    0.0000  -45.000012417.0439   22.8582
    7.5000    0.0000  -45.000011742.9482   22.9134
   -7.5000    7.5000  -45.000011404.8652   22.8552
    0.0000    7.5000  -45.000011605.5439   22.8145
    7.5000    7.5000  -45.000010996.2451   22.8688
   -7.5000   15.0000  -45.000010536.8066   22.8189
    0.0000   15.0000  -45.000010713.9053   22.7789
    7.5000   15.0000  -45.000010175.7041   22.8426
   -7.5000   22.5000  -45.0000 9724.9238   22.8252
    0.0000   22.5000  -45.0000 9883.7881   22.7883
    7.5000   22.5000  -45.0000 9384.4268   22.8632
   -7.5000   30.0000  -45.0000 8948.2627   22.5626
    0.0000   30.0000  -45.0000 9111.4580   22.5289
    7.5000   30.0000  -45.0000 8630.4932   22.6045
   -7.5000   37.5000  -45.0000 8485.9150   22.5958
    0.0000   37.5000  -45.0000 8629.3242   22.5615
    7.5000   37.5000  -45.0000 8180.3550   22.6272
   -7.5000   45.0000  -45.0000 7727.2476   22.2436
    0.0000   45.0000  -45.0000 7868.4082   22.2073
    7.5000   45.0000  -45.0000 7439.2275   22.2615
   -7.5000  -45.0000  -37.5000 9075.3652   23.1624
    0.0000  -45.0000  -37.5000 9313.1279   23.1216
    7.5000  -45.0000  -37.5000 8858.6982   23.1621
   -7.5000  -37.5000  -37.5000 9493.7949   22.9279
    0.0000  -37.5000  -37.5000 9741.1084   22.8877
    7.5000  -37.5000  -37.5000 9257.9131   22.9295
   -7.5000  -30.0000  -37.500010262.4629   22.8274
    0.0000  -30.0000  -37.500010519.3916   22.7891
    7.5000  -30.0000  -37.5000 9967.5410   22.8412
   -7.5000  -22.5000  -37.500011012.4170   22.8379
    0.0000  -22.5000  -37.500011298.4014   22.8004
    7.5000  -22.5000  -37.500010688.3203   22.8610
   -7.5000  -15.0000  -37.500011776.2998   22.8749
    0.0000  -15.0000  -37.500012093.7100   22.8368
    7.5000  -15.0000  -37.500011449.0293   22.8960
   -7.5000   -7.5000  -37.500012572.4277   22.9024
    0.0000   -7.5000  -37.500012896.7432   22.8632
    7.5000   -7.5000  -37.500012210.6270   22.9120
   -7.5000    0.0000  -37.500012873.9727   22.8970
    0.0000    0.0000  -37.500013143.5664   22.8566
    7.5000    0.0000  -37.500012444.8867   22.8962
   -7.5000    7.5000  -37.500012025.7969   22.8581
    0.0000    7.5000  -37.500012281.0957   22.8179
    7.5000    7.5000  -37.500011613.3115   22.8595
   -7.5000   15.0000  -37.500011127.6768   22.8265
    0.0000   15.0000  -37.500011344.5664   22.7882
    7.5000   15.0000  -37.500010734.2441   22.8403
   -7.5000   22.5000  -37.500010250.1143   22.8347
    0.0000   22.5000  -37.500010458.0898   22.7973
    7.5000   22.5000  -37.5000 9866.7646   22.8578
   -7.5000   30.0000  -37.5000 9410.5312   22.5701
    0.0000   30.0000  -37.5000 9619.1777   22.5325
    7.5000   30.0000  -37.5000 9049.9844   22.5909
   -7.5000   37.5000  -37.5000 8906.1191   22.5993
    0.0000   37.5000  -37.5000 9096.0508   22.5606
    7.5000   37.5000  -37.5000 8548.1201   22.6088
   -7.5000   45.0000  -37.5000 8106.1235   22.2450
    0.0000   45.0000  -37.5000 8283.5098   22.2068
    7.5000   45.0000  -37.5000 7784.3218   22.2456
   -7.5000  -45.0000  -30.0000 9791.8164   24.1201
    0.0000  -45.0000  -30.000010076.4033   24.0906
    7.5000  -45.0000  -30.0000 9549.4355   24.1388
   -7.5000  -37.5000  -30.000010246.2314   23.8789
    0.0000  -37.5000  -30.000010551.9248   23.8514
    7.5000  -37.5000  -30.0000 9985.1172   23.9023
   -7.5000  -30.0000  -30.000011075.3809   23.7809
    0.0000  -30.0000  -30.000011417.2969   23.7561
    7.5000  -30.0000  -30.000010761.3838   23.8176
   -7.5000  -22.5000  -30.000011883.5928   23.7944
    0.0000  -22.5000  -30.000012233.5557   23.7695
    7.5000  -22.5000  -30.000011529.8027   23.8378
   -7.5000  -15.0000  -30.000012674.8086   23.8304
    0.0000  -15.0000  -30.000013035.8525   23.8032
    7.5000  -15.0000  -30.000012307.1289   23.8683
   -7.5000   -7.5000  -30.000013478.3711   23.8536
    0.0000   -7.5000  -30.000013850.1426   23.8246
    7.5000   -7.5000  -30.000013070.1357   23.8796
   -7.5000    0.0000  -30.000013772.9971   23.8438
    0.0000    0.0000  -30.000014126.7607   23.8145
    7.5000    0.0000  -30.000013315.1504   23.8618
   -7.5000    7.5000  -30.000012896.7119   23.8061
    0.0000    7.5000  -30.000013231.6670   23.7786
    7.5000    7.5000  -30.000012486.2471   23.8293
   -7.5000   15.0000  -30.000011935.5010   23.7799
    0.0000   15.0000  -30.000012233.4053   23.7551
    7.5000   15.0000  -30.000011522.9854   23.8165
   -7.5000   22.5000  -30.000010938.8232   23.7887
    0.0000   22.5000  -30.000011210.1240   23.7637
    7.5000   22.5000  -30.000010540.8721   23.8321
   -7.5000   30.0000  -30.0000 9996.3145   23.5151
    0.0000   30.0000  -30.000010253.2793   23.4882
    7.5000   30.0000  -30.0000 9637.4004   23.5525
   -7.5000   37.5000  -30.0000 9432.0693   23.5402
    0.0000   37.5000  -30.0000 9678.3154   23.5117
    7.5000   37.5000  -30.0000 9094.8115   23.5660
   -7.5000   45.0000  -30.0000 8535.8564   23.1846
    0.0000   45.0000  -30.0000 8782.5859   23.1572
    7.5000   45.0000  -30.0000 8269.5303   23.2023
   -7.5000  -45.0000  -22.500010554.5781   24.8770
    0.0000  -45.0000  -22.500010839.8887   24.8634
    7.5000  -45.0000  -22.500010271.8867   24.9391
   -7.5000  -37.5000  -22.500011065.6006   24.6281
    0.0000  -37.5000  -22.500011363.2002   24.6152
    7.5000  -37.5000  -22.500010749.8486   24.6909
   -7.5000  -30.0000  -22.500011981.8145   24.5283
    0.0000  -30.0000  -22.500012327.2051   24.5180
    7.5000  -30.0000  -22.500011589.1484   24.6031
   -7.5000  -22.5000  -22.500012833.3906   24.5434
    0.0000  -22.5000  -22.500013176.8291   24.5346
    7.5000  -22.5000  -22.500012413.2852   24.6280
   -7.5000  -15.0000  -22.500013611.4893   24.5813
    0.0000  -15.0000  -22.500013984.5537   24.5719
    7.5000  -15.0000  -22.500013205.0566   24.6644
   -7.5000   -7.5000  -22.500014420.7773   24.6046
    0.0000   -7.5000  -22.500014809.5195   24.5929
    7.5000   -7.5000  -22.500013994.4463   24.6761
   -7.5000    0.0000  -22.500014709.3037   24.5927
    0.0000    0.0000  -22.500015100.5879   24.5790
    7.5000    0.0000  -22.500014259.5879   24.6532
   -7.5000    7.5000  -22.500013775.1689   24.5532
    0.0000    7.5000  -22.500014168.2188   24.5403
    7.5000    7.5000  -22.500013371.6445   24.6155
   -7.5000   15.0000  -22.500012718.3867   24.5273
    0.0000   15.0000  -22.500013105.3623   24.5169
    7.5000   15.0000  -22.500012356.4492   24.6020
   -7.5000   22.5000  -22.500011641.8457   24.5358
    0.0000   22.5000  -22.500011994.5723   24.5270
    7.5000   22.5000  -22.500011303.8613   24.6204
   -7.5000   30.0000  -22.500010579.7617   24.2598
    0.0000   30.0000  -22.500010924.5273   24.2505
    7.5000   30.0000  -22.500010311.5391   24.3418
   -7.5000   37.5000  -22.5000 9958.6943   24.2852
    0.0000   37.5000  -22.500010266.5742   24.2739
    7.5000   37.5000  -22.5000 9682.2129   24.3559
   -7.5000   45.0000  -22.5000 9031.0596   23.9325
    0.0000   45.0000  -22.5000 9309.4648   23.9196
    7.5000   45.0000  -22.5000 8788.0508   23.9900
   -7.5000  -45.0000  -15.000011291.5039   25.4149
    0.0000  -45.0000  -15.000011635.3604   25.4064
    7.5000  -45.0000  -15.000011011.7061   25.5041
   -7.5000  -37.5000  -15.000011878.3447   25.1569
    0.0000  -37.5000  -15.000012223.8535   25.1462
    7.5000  -37.5000  -15.000011530.6836   25.2402
   -7.5000  -30.0000  -15.000012933.1611   25.0485
    0.0000  -30.0000  -15.000013251.4062   25.0395
    7.5000  -30.0000  -15.000012424.0078   25.1418
   -7.5000  -22.5000  -15.000013791.3555   25.0619
    0.0000  -22.5000  -15.000014122.4600   25.0571
    7.5000  -22.5000  -15.000013282.3545   25.1712
   -7.5000  -15.0000  -15.000014563.0752   25.1044
    0.0000  -15.0000  -15.000014963.5723   25.1027
    7.5000  -15.0000  -15.000014111.1895   25.2196
   -7.5000   -7.5000  -15.000015358.9775   25.1342
    0.0000   -7.5000  -15.000015789.6611   25.1304
    7.5000   -7.5000  -15.000014874.9883   25.2379
   -7.5000    0.0000  -15.000015641.6582   25.1250
    0.0000    0.0000  -15.000016060.3555   25.1164
    7.5000    0.0000  -15.000015137.1504   25.2121
   -7.5000    7.5000  -15.000014674.5908   25.0807
    0.0000    7.5000  -15.000015085.8965   25.0699
    7.5000    7.5000  -15.000014223.0439   25.1632
   -7.5000   15.0000  -15.000013571.0098   25.0475
    0.0000   15.0000  -15.000013992.3369   25.0384
    7.5000   15.0000  -15.000013202.6982   25.1406
   -7.5000   22.5000  -15.000012404.9189   25.0530
    0.0000   22.5000  -15.000012817.8955   25.0482
    7.5000   22.5000  -15.000012094.2021   25.1623
   -7.5000   30.0000  -15.000011232.4873   24.7795
    0.0000   30.0000  -15.000011631.1191   24.7778
    7.5000   30.0000  -15.000010992.6143   24.8932
   -7.5000   37.5000  -15.000010542.9453   24.8115
    0.0000   37.5000  -15.000010892.6328   24.8078
    7.5000   37.5000  -15.000010295.2080   24.9139
   -7.5000   45.0000  -15.0000 9499.9473   24.4646
    0.0000   45.0000  -15.0000 9835.5586   24.4559
    7.5000   45.0000  -15.0000 9298.4180   24.5474
   -7.5000  -45.0000   -7.500012101.3564   25.7331
    0.0000  -45.0000   -7.500012492.3135   25.7099
    7.5000  -45.0000   -7.500011797.1758   25.7994
   -7.5000  -37.5000   -7.500012820.2891   25.4691
    0.0000  -37.5000   -7.500013187.2646   25.4424
    7.5000  -37.5000   -7.500012372.6211   25.5275
   -7.5000  -30.0000   -7.500014026.1621   25.3522
    0.0000  -30.0000   -7.500014361.0078   25.3260
    7.5000  -30.0000   -7.500013371.6143   25.4201
   -7.5000  -22.5000   -7.500014813.1719   25.3624
    0.0000  -22.5000   -7.500015298.3340   25.3413
    7.5000  -22.5000   -7.500014285.4961   25.4487
   -7.5000  -15.0000   -7.500015538.3848   25.4077
    0.0000  -15.0000   -7.500016116.8867   25.3913
    7.5000  -15.0000   -7.500015125.6680   25.5026
   -7.5000   -7.5000   -7.500016403.3965   25.4438
    0.0000   -7.5000   -7.500016933.6328   25.4262
    7.5000   -7.5000   -7.500015919.6123   25.5272
   -7.5000    0.0000   -7.500016680.3262   25.4394
    0.0000    0.0000   -7.500017181.4219   25.4165
    7.5000    0.0000   -7.500016151.4805   25.5040
   -7.5000    7.5000   -7.500015636.0049   25.3921
    0.0000    7.5000   -7.500016131.9229   25.3652
    7.5000    7.5000   -7.500015169.0107   25.4496
   -7.5000   15.0000   -7.500014492.5127   25.3512
    0.0000   15.0000   -7.500014975.1318   25.3250
    7.5000   15.0000   -7.500014080.2656   25.4189
   -7.5000   22.5000   -7.500013274.1240   25.3507
    0.0000   22.5000   -7.500013740.3701   25.3296
    7.5000   22.5000   -7.500012933.0312   25.4370
   -7.5000   30.0000   -7.500011988.8115   25.0782
    0.0000   30.0000   -7.500012409.2588   25.0620
    7.5000   30.0000   -7.500011718.8398   25.1719
   -7.5000   37.5000   -7.500011176.4219   25.1163
    0.0000   37.5000   -7.500011561.1396   25.0990
    7.5000   37.5000   -7.500010917.7314   25.1986
   -7.5000   45.0000   -7.500010068.4346   24.7724
    0.0000   45.0000   -7.500010413.9746   24.7499
    7.5000   45.0000   -7.5000 9810.6426   24.8346
   -7.5000  -45.0000    0.000012843.6895   25.8604
    0.0000  -45.0000    0.000013292.5342   25.8183
    7.5000  -45.0000    0.000012548.0762   25.8810
   -7.5000  -37.5000    0.000013743.8174   25.5956
    0.0000  -37.5000    0.000014222.7705   25.5511
    7.5000  -37.5000    0.000013257.5840   25.6119
   -7.5000  -30.0000    0.000014970.0391   25.4776
    0.0000  -30.0000    0.000015535.9062   25.4340
    7.5000  -30.0000    0.000014269.4160   25.5051
   -7.5000  -22.5000    0.000015624.8682   25.4874
    0.0000  -22.5000    0.000016331.5820   25.4470
    7.5000  -22.5000    0.000015151.1123   25.5304
   -7.5000  -15.0000    0.000016362.3438   25.5318
    0.0000  -15.0000    0.000017103.8008   25.4943
    7.5000  -15.0000    0.000016043.2754   25.5796
   -7.5000   -7.5000    0.000017288.5742   25.5679
    0.0000   -7.5000    0.000017946.5332   25.5295
    7.5000   -7.5000    0.000016831.4375   25.6035
   -7.5000    0.0000    0.000017570.5312   25.5646
    0.0000    0.0000    0.000018199.0781   25.5229
    7.5000    0.0000    0.000017034.2363   25.5843
   -7.5000    7.5000    0.000016487.1465   25.5180
    0.0000    7.5000    0.000017083.6738   25.4734
    7.5000    7.5000    0.000015969.2139   25.5338
   -7.5000   15.0000    0.000015291.2998   25.4766
    0.0000   15.0000    0.000015839.7041   25.4329
    7.5000   15.0000    0.000014797.6172   25.5040
   -7.5000   22.5000    0.000014019.8809   25.4756
    0.0000   22.5000    0.000014514.8477   25.4353
    7.5000   22.5000    0.000013572.7061   25.5187
   -7.5000   30.0000    0.000012661.1064   25.2014
    0.0000   30.0000    0.000013113.1689   25.1644
    7.5000   30.0000    0.000012299.7285   25.2486
   -7.5000   37.5000    0.000011749.0195   25.2393
    0.0000   37.5000    0.000012154.8701   25.2015
    7.5000   37.5000    0.000011418.7852   25.2745
   -7.5000   45.0000    0.000010579.0166   24.8941
    0.0000   45.0000    0.000010894.5205   24.8540
    7.5000   45.0000    0.000010222.0146   24.9143
   -7.5000  -45.0000    7.500012512.7129   25.9159
    0.0000  -45.0000    7.500013002.1895   25.8706
    7.5000  -45.0000    7.500012366.8281   25.9159
   -7.5000  -37.5000    7.500013493.9492   25.6534
    0.0000  -37.5000    7.500014033.7549   25.6087
    7.5000  -37.5000    7.500013057.5889   25.6555
   -7.5000  -30.0000    7.500014573.3955   25.5409
    0.0000  -30.0000    7.500015069.3018   25.4983
    7.5000  -30.0000    7.500013911.1240   25.5567
   -7.5000  -22.5000    7.500015137.4551   25.5527
    0.0000  -22.5000    7.500015708.3184   25.5111
    7.5000  -22.5000    7.500014760.6924   25.5789
   -7.5000  -15.0000    7.500015910.7012   25.5944
    0.0000  -15.0000    7.500016550.3301   25.5521
    7.5000  -15.0000    7.500015684.3125   25.6182
   -7.5000   -7.5000    7.500016795.7559   25.6253
    0.0000   -7.5000    7.500017415.4766   25.5816
    7.5000   -7.5000    7.500016436.4766   25.6361
   -7.5000    0.0000    7.500017049.1035   25.6190
    0.0000    0.0000    7.500017681.4746   25.5740
    7.5000    0.0000    7.500016616.7266   25.6184
   -7.5000    7.5000    7.500015989.4092   25.5753
    0.0000    7.5000    7.500016601.7852   25.5306
    7.5000    7.5000    7.500015582.1504   25.5772
   -7.5000   15.0000    7.500014852.5898   25.5399
    0.0000   15.0000    7.500015411.0732   25.4972
    7.5000   15.0000    7.500014439.8242   25.5556
   -7.5000   22.5000    7.500013642.9785   25.5409
    0.0000   22.5000    7.500014156.3691   25.4993
    7.5000   22.5000    7.500013231.3652   25.5671
   -7.5000   30.0000    7.500012303.8506   25.2632
    0.0000   30.0000    7.500012796.3105   25.2214
    7.5000   30.0000    7.500011990.4590   25.2867
   -7.5000   37.5000    7.500011401.7949   25.2959
    0.0000   37.5000    7.500011849.1074   25.2529
    7.5000   37.5000    7.500011088.1543   25.3068
   -7.5000   45.0000    7.500010248.8252   24.9481
    0.0000   45.0000    7.500010613.8809   24.9056
    7.5000   45.0000    7.5000 9909.4297   24.9490
   -7.5000  -45.0000   15.000012002.2148   25.9011
    0.0000  -45.0000   15.000012481.1436   25.8694
    7.5000  -45.0000   15.000011900.4922   25.9212
   -7.5000  -37.5000   15.000012960.3086   25.6420
    0.0000  -37.5000   15.000013408.2188   25.6125
    7.5000  -37.5000   15.000012504.4600   25.6671
   -7.5000  -30.0000   15.000014044.4541   25.5368
    0.0000  -30.0000   15.000014330.6836   25.5102
    7.5000  -30.0000   15.000013330.9805   25.5762
   -7.5000  -22.5000   15.000014624.7236   25.5513
    0.0000  -22.5000   15.000014982.9258   25.5245
    7.5000  -22.5000   15.000014168.3711   25.5979
   -7.5000  -15.0000   15.000015382.4688   25.5900
    0.0000  -15.0000   15.000015839.1641   25.5607
    7.5000  -15.0000   15.000015105.6719   25.6306
   -7.5000   -7.5000   15.000016188.9619   25.6149
    0.0000   -7.5000   15.000016645.3984   25.5837
    7.5000   -7.5000   15.000015811.0498   25.6427
   -7.5000    0.0000   15.000016441.5723   25.6044
    0.0000    0.0000   15.000016906.5273   25.5729
    7.5000    0.0000   15.000015981.8945   25.6236
   -7.5000    7.5000   15.000015415.3467   25.5638
    0.0000    7.5000   15.000015876.6641   25.5343
    7.5000    7.5000   15.000014967.0020   25.5888
   -7.5000   15.0000   15.000014311.4375   25.5357
    0.0000   15.0000   15.000014772.1484   25.5091
    7.5000   15.0000   15.000013858.0996   25.5751
   -7.5000   22.5000   15.000013136.9844   25.5395
    0.0000   22.5000   15.000013588.0830   25.5127
    7.5000   22.5000   15.000012695.8496   25.5861
   -7.5000   30.0000   15.000011806.7822   25.2588
    0.0000   30.0000   15.000012241.8936   25.2299
    7.5000   30.0000   15.000011445.5176   25.2989
   -7.5000   37.5000   15.000010932.3428   25.2857
    0.0000   37.5000   15.000011350.7959   25.2552
    7.5000   37.5000   15.000010579.0918   25.3135
   -7.5000   45.0000   15.0000 9815.3516   24.9367
    0.0000   45.0000   15.000010177.8018   24.9073
    7.5000   45.0000   15.0000 9504.5869   24.9558
   -7.5000  -45.0000   22.500011299.5771   25.8358
    0.0000  -45.0000   22.500011749.7852   25.8217
    7.5000  -45.0000   22.500011241.0703   25.9007
   -7.5000  -37.5000   22.500012194.2725   25.5772
    0.0000  -37.5000   22.500012579.3086   25.5638
    7.5000  -37.5000   22.500011798.2275   25.6429
   -7.5000  -30.0000   22.500013441.8750   25.4735
    0.0000  -30.0000   22.500013605.3711   25.4628
    7.5000  -30.0000   22.500012681.0068   25.5517
   -7.5000  -22.5000   22.500014243.3594   25.4892
    0.0000  -22.5000   22.500014410.7539   25.4801
    7.5000  -22.5000   22.500013570.7852   25.5775
   -7.5000  -15.0000   22.500014962.0371   25.5286
    0.0000  -15.0000   22.500015214.2422   25.5188
    7.5000  -15.0000   22.500014432.2295   25.6153
   -7.5000   -7.5000   22.500015615.9961   25.5527
    0.0000   -7.5000   22.500015837.6582   25.5407
    7.5000   -7.5000   22.500015014.5576   25.6274
   -7.5000    0.0000   22.500015769.3086   25.5403
    0.0000    0.0000   22.500016053.7686   25.5263
    7.5000    0.0000   22.500015174.1143   25.6037
   -7.5000    7.5000   22.500014743.2598   25.4994
    0.0000    7.5000   22.500015055.1484   25.4860
    7.5000    7.5000   22.500014168.0811   25.5646
   -7.5000   15.0000   22.500013664.4502   25.4725
    0.0000   15.0000   22.500013984.4893   25.4618
    7.5000   15.0000   22.500013129.3926   25.5505
   -7.5000   22.5000   22.500012488.5273   25.4774
    0.0000   22.5000   22.500012801.7627   25.4684
    7.5000   22.5000   22.500012005.7490   25.5657
   -7.5000   30.0000   22.500011247.9658   25.1982
    0.0000   30.0000   22.500011544.1621   25.1886
    7.5000   30.0000   22.500010818.8555   25.2838
   -7.5000   37.5000   22.500010473.4775   25.2245
    0.0000   37.5000   22.500010743.3682   25.2129
    7.5000   37.5000   22.500010046.7305   25.2985
   -7.5000   45.0000   22.5000 9415.5537   24.8764
    0.0000   45.0000   22.5000 9667.1602   24.8631
    7.5000   45.0000   22.5000 9038.5762   24.9366
   -7.5000  -45.0000   30.000010648.7646   25.8749
    0.0000  -45.0000   30.000010963.2666   25.8659
    7.5000  -45.0000   30.000010455.5254   25.9658
   -7.5000  -37.5000   30.000011460.7744   25.6116
    0.0000  -37.5000   30.000011627.4863   25.6006
    7.5000  -37.5000   30.000010982.6904   25.6968
   -7.5000  -30.0000   30.000012666.8223   25.5008
    0.0000  -30.0000   30.000012654.1953   25.4917
    7.5000  -30.0000   30.000011882.0684   25.5964
   -7.5000  -22.5000   30.000013732.9229   25.5147
    0.0000  -22.5000   30.000013634.4521   25.5099
    7.5000  -22.5000   30.000012788.2471   25.6265
   -7.5000  -15.0000   30.000014529.1475   25.5584
    0.0000  -15.0000   30.000014510.0859   25.5566
    7.5000  -15.0000   30.000013600.4033   25.6760
   -7.5000   -7.5000   30.000014892.8652   25.5889
    0.0000   -7.5000   30.000014958.8418   25.5848
    7.5000   -7.5000   30.000014057.5332   25.6946
   -7.5000    0.0000   30.000014821.8652   25.5794
    0.0000    0.0000   30.000015006.3311   25.5703
    7.5000    0.0000   30.000014149.7334   25.6680
   -7.5000    7.5000   30.000013767.6182   25.5338
    0.0000    7.5000   30.000014027.0059   25.5227
    7.5000    7.5000   30.000013200.1348   25.6181
   -7.5000   15.0000   30.000012705.7168   25.4997
    0.0000   15.0000   30.000013007.3721   25.4906
    7.5000   15.0000   30.000012228.3135   25.5952
   -7.5000   22.5000   30.000011595.2100   25.5029
    0.0000   22.5000   30.000011890.4980   25.4981
    7.5000   22.5000   30.000011194.3467   25.6147
   -7.5000   30.0000   30.000010448.6328   25.2276
    0.0000   30.0000   30.000010747.9619   25.2258
    7.5000   30.0000   30.000010104.1670   25.3437
   -7.5000   37.5000   30.0000 9741.8457   25.2604
    0.0000   37.5000   30.000010029.1855   25.2564
    7.5000   37.5000   30.0000 9422.7891   25.3647
   -7.5000   45.0000   30.0000 8744.9424   24.9147
    0.0000   45.0000   30.0000 8999.0264   24.9055
    7.5000   45.0000   30.0000 8452.0801   24.9990
   -7.5000  -45.0000   37.500010344.2900   26.1249
    0.0000  -45.0000   37.500010583.5469   26.1002
    7.5000  -45.0000   37.500010023.7363   26.1917
   -7.5000  -37.5000   37.500010926.4385   25.8587
    0.0000  -37.5000   37.500011132.1699   25.8308
    7.5000  -37.5000   37.500010503.8369   25.9182
   -7.5000  -30.0000   37.500011803.2129   25.7412
    0.0000  -30.0000   37.500012003.0176   25.7141
    7.5000  -30.0000   37.500011356.2275   25.8105
   -7.5000  -22.5000   37.500012634.0703   25.7519
    0.0000  -22.5000   37.500012915.0654   25.7299
    7.5000  -22.5000   37.500012245.4639   25.8395
   -7.5000  -15.0000   37.500013504.5684   25.7980
    0.0000  -15.0000   37.500013878.0117   25.7801
    7.5000  -15.0000   37.500013108.3037   25.8935
   -7.5000   -7.5000   37.500014062.3936   25.8341
    0.0000   -7.5000   37.500014466.6738   25.8148
    7.5000   -7.5000   37.500013592.9307   25.9178
   -7.5000    0.0000   37.500014124.6709   25.8292
    0.0000    0.0000   37.500014544.0898   25.8046
    7.5000    0.0000   37.500013668.7549   25.8943
   -7.5000    7.5000   37.500013144.3770   25.7812
    0.0000    7.5000   37.500013542.7188   25.7531
    7.5000    7.5000   37.500012726.3848   25.8398
   -7.5000   15.0000   37.500012118.6484   25.7401
    0.0000   15.0000   37.500012472.5859   25.7130
    7.5000   15.0000   37.500011768.7422   25.8094
   -7.5000   22.5000   37.500011056.9463   25.7401
    0.0000   22.5000   37.500011383.0107   25.7180
    7.5000   22.5000   37.500010775.8076   25.8276
   -7.5000   30.0000   37.500010010.0947   25.4641
    0.0000   30.0000   37.500010327.2432   25.4465
    7.5000   30.0000   37.5000 9767.0723   25.5583
   -7.5000   37.5000   37.5000 9365.1533   25.5023
    0.0000   37.5000   37.5000 9654.8398   25.4833
    7.5000   37.5000   37.5000 9142.6924   25.5849
   -7.5000   45.0000   37.5000 8412.5996   25.1572
    0.0000   45.0000   37.5000 8651.7471   25.1330
    7.5000   45.0000   37.5000 8189.5342   25.2199
   -7.5000  -45.0000   45.0000 9286.2168   26.3915
    0.0000  -45.0000   45.0000 9574.7842   26.3450
    7.5000  -45.0000   45.0000 9151.3018   26.4103
   -7.5000  -37.5000   45.0000 9751.4834   26.1280
    0.0000  -37.5000   45.0000 9990.2246   26.0799
    7.5000  -37.5000   45.0000 9554.4521   26.1437
   -7.5000  -30.0000   45.000010497.9932   26.0115
    0.0000  -30.0000   45.000010729.5908   25.9648
    7.5000  -30.0000   45.000010292.1748   26.0394
   -7.5000  -22.5000   45.000011221.2314   26.0203
    0.0000  -22.5000   45.000011458.3906   25.9770
    7.5000  -22.5000   45.000011051.1367   26.0641
   -7.5000  -15.0000   45.000011983.9756   26.0648
    0.0000  -15.0000   45.000012281.7070   26.0237
    7.5000  -15.0000   45.000011845.9697   26.1124
   -7.5000   -7.5000   45.000012502.5049   26.1018
    0.0000   -7.5000   45.000012829.6787   26.0593
    7.5000   -7.5000   45.000012335.8086   26.1360
   -7.5000    0.0000   45.000012700.5312   26.0996
    0.0000    0.0000   45.000013050.6553   26.0536
    7.5000    0.0000   45.000012492.9697   26.1176
   -7.5000    7.5000   45.000011910.7822   26.0528
    0.0000    7.5000   45.000012250.2031   26.0046
    7.5000    7.5000   45.000011668.0801   26.0679
   -7.5000   15.0000   45.000010988.0889   26.0105
    0.0000   15.0000   45.000011300.8457   25.9637
    7.5000   15.0000   45.000010763.7275   26.0383
   -7.5000   22.5000   45.000010041.0391   26.0082
    0.0000   22.5000   45.000010346.8213   25.9649
    7.5000   22.5000   45.0000 9850.1797   26.0520
   -7.5000   30.0000   45.0000 9104.1387   25.7253
    0.0000   30.0000   45.0000 9381.7627   25.6847
    7.5000   30.0000   45.0000 8922.9814   25.7722
   -7.5000   37.5000   45.0000 8529.9023   25.7642
    0.0000   37.5000   45.0000 8789.7236   25.7223
    7.5000   37.5000   45.0000 8345.5342   25.7980
   -7.5000   45.0000   45.0000 7647.5308   25.4334
    0.0000   45.0000   45.0000 7886.6421   25.3890
    7.5000   45.0000   45.0000 7460.5972   25.4521

---------------------------------------------------------------------
imgreg_4dfp /opt/freesurfer/average/711-2C_as_mni_average_305 /opt/freesurfer/average/711-2B_as_mni_average_305_mask talsrcimg_g11 none talsrcimg_to_711-2C_as_mni_average_305_t4 4355
---------------------------------------------------------------------

freesurfer imgreg_4dfp.c
/opt/freesurfer/average/711-2C_as_mni_average_305.4dfp.img
       256       256       256         1
  1.000000  1.000000  1.000000
orientation T byte_order littleendian
Reading image: /opt/freesurfer/average/711-2C_as_mni_average_305.4dfp.img
dimensions:      256       256       256
mmppix:       1.0000   -1.0000   -1.0000
center:     128.0000 -129.0000 -129.0000
/opt/freesurfer/average/711-2B_as_mni_average_305_mask.4dfp.img
       256       256       256         1
  1.000000  1.000000  1.000000
orientation T byte_order littleendian
Reading mask: /opt/freesurfer/average/711-2B_as_mni_average_305_mask.4dfp.img (2306576 pixels)
talsrcimg_g11.4dfp.img
       256       256       256         1
  1.000000  1.000000  1.000000
orientation T byte_order littleendian
Reading image: talsrcimg_g11.4dfp.img
dimensions:      256       256       256
mmppix:       1.0000   -1.0000   -1.0000
center:     128.0000 -129.0000 -129.0000
rotation matrix determinant  1.000000
image alignment mode   4355 decimal     1103 hex
   -7.5000  -45.0000  -45.0000 2163.9565   30.2148
    0.0000  -45.0000  -45.0000 2157.0266   30.2341
    7.5000  -45.0000  -45.0000 2128.9556   30.5595
   -7.5000  -37.5000  -45.0000 2189.4072   28.6435
    0.0000  -37.5000  -45.0000 2182.3064   28.6803
    7.5000  -37.5000  -45.0000 2155.6824   29.0094
   -7.5000  -30.0000  -45.0000 2201.9980   27.7794
    0.0000  -30.0000  -45.0000 2189.8723   27.6994
    7.5000  -30.0000  -45.0000 2175.7520   28.1046
   -7.5000  -22.5000  -45.0000 2210.4417   27.4982
    0.0000  -22.5000  -45.0000 2198.6145   27.4801
    7.5000  -22.5000  -45.0000 2177.9329   27.8603
   -7.5000  -15.0000  -45.0000 2213.8704   27.6197
    0.0000  -15.0000  -45.0000 2202.9541   27.6208
    7.5000  -15.0000  -45.0000 2183.3711   27.9830
   -7.5000   -7.5000  -45.0000 2216.3923   28.0716
    0.0000   -7.5000  -45.0000 2212.6729   28.0948
    7.5000   -7.5000  -45.0000 2191.4441   28.4955
   -7.5000    0.0000  -45.0000 2210.2124   28.8681
    0.0000    0.0000  -45.0000 2201.6846   28.8501
    7.5000    0.0000  -45.0000 2177.5947   29.2351
   -7.5000    7.5000  -45.0000 2182.9822   29.9325
    0.0000    7.5000  -45.0000 2171.3467   29.8159
    7.5000    7.5000  -45.0000 2146.8188   30.1774
   -7.5000   15.0000  -45.0000 2122.3386   31.2265
    0.0000   15.0000  -45.0000 2112.0737   31.1719
    7.5000   15.0000  -45.0000 2094.1313   31.6753
   -7.5000   22.5000  -45.0000 2056.1804   32.9813
    0.0000   22.5000  -45.0000 2047.3715   33.0552
    7.5000   22.5000  -45.0000 2038.4221   33.6923
   -7.5000   30.0000  -45.0000 1982.6354   35.5985
    0.0000   30.0000  -45.0000 1977.0787   35.7178
    7.5000   30.0000  -45.0000 1965.0765   36.5350
   -7.5000   37.5000  -45.0000 1892.8257   39.3184
    0.0000   37.5000  -45.0000 1887.1653   39.4072
    7.5000   37.5000  -45.0000 1876.0869   40.3431
   -7.5000   45.0000  -45.0000 1792.3806   44.2548
    0.0000   45.0000  -45.0000 1784.9764   44.3359
    7.5000   45.0000  -45.0000 1768.1672   45.3952
   -7.5000  -45.0000  -37.5000 2253.0552   27.9341
    0.0000  -45.0000  -37.5000 2241.4485   27.9866
    7.5000  -45.0000  -37.5000 2224.5090   28.2693
   -7.5000  -37.5000  -37.5000 2284.9810   26.4916
    0.0000  -37.5000  -37.5000 2273.4539   26.5686
    7.5000  -37.5000  -37.5000 2255.6921   26.8544
   -7.5000  -30.0000  -37.5000 2309.0117   25.7562
    0.0000  -30.0000  -37.5000 2296.3057   25.7732
    7.5000  -30.0000  -37.5000 2277.5798   26.0265
   -7.5000  -22.5000  -37.5000 2318.3916   25.4325
    0.0000  -22.5000  -37.5000 2310.3359   25.4448
    7.5000  -22.5000  -37.5000 2289.3540   25.6970
   -7.5000  -15.0000  -37.5000 2316.4136   25.3322
    0.0000  -15.0000  -37.5000 2315.5969   25.3231
    7.5000  -15.0000  -37.5000 2291.9810   25.5915
   -7.5000   -7.5000  -37.5000 2314.2095   25.6173
    0.0000   -7.5000  -37.5000 2319.4429   25.6246
    7.5000   -7.5000  -37.5000 2291.9246   25.9176
   -7.5000    0.0000  -37.5000 2297.4956   26.2546
    0.0000    0.0000  -37.5000 2296.0889   26.2352
    7.5000    0.0000  -37.5000 2271.4399   26.5892
   -7.5000    7.5000  -37.5000 2265.8369   27.3172
    0.0000    7.5000  -37.5000 2260.4321   27.2145
    7.5000    7.5000  -37.5000 2232.1821   27.5697
   -7.5000   15.0000  -37.5000 2210.9858   28.6868
    0.0000   15.0000  -37.5000 2203.7200   28.6448
    7.5000   15.0000  -37.5000 2182.1067   29.0922
   -7.5000   22.5000  -37.5000 2147.7195   30.5899
    0.0000   22.5000  -37.5000 2141.2632   30.5794
    7.5000   22.5000  -37.5000 2121.8608   31.0826
   -7.5000   30.0000  -37.5000 2072.4707   33.1767
    0.0000   30.0000  -37.5000 2068.7224   33.1564
    7.5000   30.0000  -37.5000 2051.4080   33.7813
   -7.5000   37.5000  -37.5000 1979.5076   36.5634
    0.0000   37.5000  -37.5000 1975.6658   36.5997
    7.5000   37.5000  -37.5000 1959.2192   37.3103
   -7.5000   45.0000  -37.5000 1870.8568   40.8445
    0.0000   45.0000  -37.5000 1867.1863   40.9083
    7.5000   45.0000  -37.5000 1855.5016   41.8431
   -7.5000  -45.0000  -30.0000 2371.8794   26.7134
    0.0000  -45.0000  -30.0000 2369.6685   26.8439
    7.5000  -45.0000  -30.0000 2345.2161   27.0272
   -7.5000  -37.5000  -30.0000 2403.2314   25.3332
    0.0000  -37.5000  -30.0000 2407.5793   25.5146
    7.5000  -37.5000  -30.0000 2384.4587   25.7264
   -7.5000  -30.0000  -30.0000 2430.6658   24.5169
    0.0000  -30.0000  -30.0000 2435.2446   24.6348
    7.5000  -30.0000  -30.0000 2405.1985   24.8092
   -7.5000  -22.5000  -30.0000 2438.5923   24.1465
    0.0000  -22.5000  -30.0000 2442.4377   24.1861
    7.5000  -22.5000  -30.0000 2417.9443   24.3953
   -7.5000  -15.0000  -30.0000 2441.0774   23.9796
    0.0000  -15.0000  -30.0000 2449.4050   24.0587
    7.5000  -15.0000  -30.0000 2428.4072   24.3269
   -7.5000   -7.5000  -30.0000 2444.3621   24.2081
    0.0000   -7.5000  -30.0000 2455.9985   24.3251
    7.5000   -7.5000  -30.0000 2428.5388   24.6658
   -7.5000    0.0000  -30.0000 2426.9556   24.8491
    0.0000    0.0000  -30.0000 2433.1394   24.9232
    7.5000    0.0000  -30.0000 2409.9868   25.3057
   -7.5000    7.5000  -30.0000 2393.3906   25.9443
    0.0000    7.5000  -30.0000 2397.6829   25.9558
    7.5000    7.5000  -30.0000 2376.4456   26.3511
   -7.5000   15.0000  -30.0000 2338.5190   27.3681
    0.0000   15.0000  -30.0000 2339.1985   27.3476
    7.5000   15.0000  -30.0000 2320.0117   27.7488
   -7.5000   22.5000  -30.0000 2271.1797   29.2740
    0.0000   22.5000  -30.0000 2270.3035   29.2824
    7.5000   22.5000  -30.0000 2248.7913   29.7441
   -7.5000   30.0000  -30.0000 2190.9119   31.8230
    0.0000   30.0000  -30.0000 2186.1423   31.8198
    7.5000   30.0000  -30.0000 2167.1267   32.4251
   -7.5000   37.5000  -30.0000 2089.2922   35.1974
    0.0000   37.5000  -30.0000 2084.8088   35.1463
    7.5000   37.5000  -30.0000 2070.9314   35.7831
   -7.5000   45.0000  -30.0000 1959.2770   39.2399
    0.0000   45.0000  -30.0000 1961.6119   39.2061
    7.5000   45.0000  -30.0000 1961.5963   39.9751
   -7.5000  -45.0000  -22.5000 2474.9412   25.2392
    0.0000  -45.0000  -22.5000 2469.5681   25.4110
    7.5000  -45.0000  -22.5000 2452.8274   25.5896
   -7.5000  -37.5000  -22.5000 2513.0281   23.9840
    0.0000  -37.5000  -22.5000 2515.7019   24.1916
    7.5000  -37.5000  -22.5000 2500.6404   24.3735
   -7.5000  -30.0000  -22.5000 2541.7605   23.1226
    0.0000  -30.0000  -22.5000 2548.8416   23.2976
    7.5000  -30.0000  -22.5000 2524.0339   23.4954
   -7.5000  -22.5000  -22.5000 2547.6133   22.6759
    0.0000  -22.5000  -22.5000 2556.0068   22.7830
    7.5000  -22.5000  -22.5000 2543.2588   23.0342
   -7.5000  -15.0000  -22.5000 2549.2649   22.5060
    0.0000  -15.0000  -22.5000 2565.8091   22.6628
    7.5000  -15.0000  -22.5000 2545.6301   22.9532
   -7.5000   -7.5000  -22.5000 2553.4282   22.7612
    0.0000   -7.5000  -22.5000 2567.8999   22.9270
    7.5000   -7.5000  -22.5000 2544.5564   23.2915
   -7.5000    0.0000  -22.5000 2544.4531   23.4797
    0.0000    0.0000  -22.5000 2554.5012   23.6029
    7.5000    0.0000  -22.5000 2527.7708   23.9197
   -7.5000    7.5000  -22.5000 2510.0581   24.5246
    0.0000    7.5000  -22.5000 2515.8101   24.5821
    7.5000    7.5000  -22.5000 2489.8430   24.8917
   -7.5000   15.0000  -22.5000 2448.0837   25.9667
    0.0000   15.0000  -22.5000 2452.9612   25.9961
    7.5000   15.0000  -22.5000 2426.6018   26.3020
   -7.5000   22.5000  -22.5000 2380.3716   27.8310
    0.0000   22.5000  -22.5000 2377.0967   27.8617
    7.5000   22.5000  -22.5000 2354.5007   28.2696
   -7.5000   30.0000  -22.5000 2282.9731   30.3535
    0.0000   30.0000  -22.5000 2282.0635   30.3736
    7.5000   30.0000  -22.5000 2260.0955   30.7876
   -7.5000   37.5000  -22.5000 2178.3188   33.5028
    0.0000   37.5000  -22.5000 2175.5120   33.4609
    7.5000   37.5000  -22.5000 2153.7488   33.9114
   -7.5000   45.0000  -22.5000 2054.0532   37.2995
    0.0000   45.0000  -22.5000 2052.7390   37.2800
    7.5000   45.0000  -22.5000 2041.2466   37.7385
   -7.5000  -45.0000  -15.0000 2546.7825   24.0010
    0.0000  -45.0000  -15.0000 2552.6335   24.1776
    7.5000  -45.0000  -15.0000 2538.1384   24.3656
   -7.5000  -37.5000  -15.0000 2590.0720   22.7243
    0.0000  -37.5000  -15.0000 2603.8418   22.9014
    7.5000  -37.5000  -15.0000 2588.8748   23.0551
   -7.5000  -30.0000  -15.0000 2623.8999   21.9432
    0.0000  -30.0000  -15.0000 2638.5801   22.0781
    7.5000  -30.0000  -15.0000 2613.0459   22.2320
   -7.5000  -22.5000  -15.0000 2627.4238   21.4441
    0.0000  -22.5000  -15.0000 2637.8076   21.5588
    7.5000  -22.5000  -15.0000 2625.5393   21.7724
   -7.5000  -15.0000  -15.0000 2627.5168   21.2511
    0.0000  -15.0000  -15.0000 2639.2754   21.4244
    7.5000  -15.0000  -15.0000 2626.6382   21.7257
   -7.5000   -7.5000  -15.0000 2634.9456   21.5171
    0.0000   -7.5000  -15.0000 2644.5303   21.7101
    7.5000   -7.5000  -15.0000 2623.1689   22.0659
   -7.5000    0.0000  -15.0000 2623.3059   22.2002
    0.0000    0.0000  -15.0000 2630.7136   22.3439
    7.5000    0.0000  -15.0000 2606.1780   22.6946
   -7.5000    7.5000  -15.0000 2590.3047   23.2472
    0.0000    7.5000  -15.0000 2592.9167   23.3007
    7.5000    7.5000  -15.0000 2573.6533   23.6117
   -7.5000   15.0000  -15.0000 2525.0540   24.6208
    0.0000   15.0000  -15.0000 2527.9487   24.6872
    7.5000   15.0000  -15.0000 2507.3911   25.0217
   -7.5000   22.5000  -15.0000 2450.6011   26.4418
    0.0000   22.5000  -15.0000 2448.9722   26.5076
    7.5000   22.5000  -15.0000 2424.9551   26.8900
   -7.5000   30.0000  -15.0000 2344.5012   28.8121
    0.0000   30.0000  -15.0000 2341.8879   28.7925
    7.5000   30.0000  -15.0000 2323.7585   29.2536
   -7.5000   37.5000  -15.0000 2240.0979   31.7841
    0.0000   37.5000  -15.0000 2228.2874   31.7632
    7.5000   37.5000  -15.0000 2211.7141   32.2155
   -7.5000   45.0000  -15.0000 2104.8955   35.4932
    0.0000   45.0000  -15.0000 2105.5474   35.4340
    7.5000   45.0000  -15.0000 2085.9790   35.9483
   -7.5000  -45.0000   -7.5000 2622.6846   22.9887
    0.0000  -45.0000   -7.5000 2630.5217   23.1815
    7.5000  -45.0000   -7.5000 2614.8884   23.3538
   -7.5000  -37.5000   -7.5000 2673.8438   21.7704
    0.0000  -37.5000   -7.5000 2682.3499   21.8631
    7.5000  -37.5000   -7.5000 2665.1614   22.0152
   -7.5000  -30.0000   -7.5000 2704.7019   20.9709
    0.0000  -30.0000   -7.5000 2711.9854   21.0130
    7.5000  -30.0000   -7.5000 2688.2092   21.1418
   -7.5000  -22.5000   -7.5000 2695.7776   20.3722
    0.0000  -22.5000   -7.5000 2706.8242   20.5156
    7.5000  -22.5000   -7.5000 2701.3083   20.7649
   -7.5000  -15.0000   -7.5000 2682.3872   20.0585
    0.0000  -15.0000   -7.5000 2697.5508   20.3485
    7.5000  -15.0000   -7.5000 2697.9746   20.7117
   -7.5000   -7.5000   -7.5000 2696.0024   20.3389
    0.0000   -7.5000   -7.5000 2706.0295   20.6367
    7.5000   -7.5000   -7.5000 2698.5862   21.0270
   -7.5000    0.0000   -7.5000 2685.3875   21.1098
    0.0000    0.0000   -7.5000 2693.1819   21.2817
    7.5000    0.0000   -7.5000 2680.4338   21.6693
   -7.5000    7.5000   -7.5000 2647.5547   22.1489
    0.0000    7.5000   -7.5000 2656.7493   22.2583
    7.5000    7.5000   -7.5000 2640.3633   22.6266
   -7.5000   15.0000   -7.5000 2585.3196   23.5291
    0.0000   15.0000   -7.5000 2591.5947   23.6248
    7.5000   15.0000   -7.5000 2571.0056   24.0147
   -7.5000   22.5000   -7.5000 2509.0864   25.2566
    0.0000   22.5000   -7.5000 2514.4485   25.3577
    7.5000   22.5000   -7.5000 2487.3875   25.7473
   -7.5000   30.0000   -7.5000 2392.5588   27.4544
    0.0000   30.0000   -7.5000 2395.7043   27.5676
    7.5000   30.0000   -7.5000 2378.0251   27.9231
   -7.5000   37.5000   -7.5000 2269.9260   30.3734
    0.0000   37.5000   -7.5000 2271.6060   30.3557
    7.5000   37.5000   -7.5000 2254.1331   30.7726
   -7.5000   45.0000   -7.5000 2147.1204   33.9928
    0.0000   45.0000   -7.5000 2144.0613   33.8153
    7.5000   45.0000   -7.5000 2118.8794   34.3176
   -7.5000  -45.0000    0.0000 2667.9260   22.2051
    0.0000  -45.0000    0.0000 2676.8987   22.4258
    7.5000  -45.0000    0.0000 2664.2668   22.7137
   -7.5000  -37.5000    0.0000 2732.6738   21.0779
    0.0000  -37.5000    0.0000 2744.6609   21.2730
    7.5000  -37.5000    0.0000 2719.4614   21.4131
   -7.5000  -30.0000    0.0000 2768.1431   20.2932
    0.0000  -30.0000    0.0000 2766.4509   20.3348
    7.5000  -30.0000    0.0000 2730.0840   20.4702
   -7.5000  -22.5000    0.0000 2741.6748   19.4158
    0.0000  -22.5000    0.0000 2751.1895   19.7053
    7.5000  -22.5000    0.0000 2738.6707   19.9832
   -7.5000  -15.0000    0.0000 2718.4604   19.1123
    0.0000  -15.0000    0.0000 2739.4971   19.5359
    7.5000  -15.0000    0.0000 2741.7529   19.9261
   -7.5000   -7.5000    0.0000 2743.2246   19.6011
    0.0000   -7.5000    0.0000 2750.8342   19.7984
    7.5000   -7.5000    0.0000 2749.1599   20.2822
   -7.5000    0.0000    0.0000 2736.2161   20.4093
    0.0000    0.0000    0.0000 2738.4648   20.5000
    7.5000    0.0000    0.0000 2728.3557   20.9321
   -7.5000    7.5000    0.0000 2698.8079   21.4658
    0.0000    7.5000    0.0000 2696.8750   21.5103
    7.5000    7.5000    0.0000 2684.4824   21.9385
   -7.5000   15.0000    0.0000 2627.6428   22.8170
    0.0000   15.0000    0.0000 2626.1741   22.8837
    7.5000   15.0000    0.0000 2606.5498   23.2964
   -7.5000   22.5000    0.0000 2550.9360   24.5396
    0.0000   22.5000    0.0000 2548.0461   24.6568
    7.5000   22.5000    0.0000 2519.9006   25.0149
   -7.5000   30.0000    0.0000 2435.7136   26.7128
    0.0000   30.0000    0.0000 2435.2480   26.8078
    7.5000   30.0000    0.0000 2411.1812   27.1480
   -7.5000   37.5000    0.0000 2302.5696   29.4993
    0.0000   37.5000    0.0000 2299.8794   29.5177
    7.5000   37.5000    0.0000 2278.5688   29.9127
   -7.5000   45.0000    0.0000 2173.3018   32.9201
    0.0000   45.0000    0.0000 2160.6328   32.9280
    7.5000   45.0000    0.0000 2135.3069   33.3870
   -7.5000  -45.0000    7.5000 2703.2515   21.8343
    0.0000  -45.0000    7.5000 2710.4246   21.9918
    7.5000  -45.0000    7.5000 2709.3269   22.4673
   -7.5000  -37.5000    7.5000 2767.8252   20.6864
    0.0000  -37.5000    7.5000 2783.6133   20.8727
    7.5000  -37.5000    7.5000 2764.8147   21.1607
   -7.5000  -30.0000    7.5000 2806.0459   19.8306
    0.0000  -30.0000    7.5000 2811.4277   19.9143
    7.5000  -30.0000    7.5000 2771.3003   20.1337
   -7.5000  -22.5000    7.5000 2763.7500   18.7385
    0.0000  -22.5000    7.5000 2771.9055   18.9417
    7.5000  -22.5000    7.5000 2764.8311   19.4378
   -7.5000  -15.0000    7.5000 2757.6223   18.6557
    0.0000  -15.0000    7.5000 2769.4622   18.8540
    7.5000  -15.0000    7.5000 2775.8362   19.5584
   -7.5000   -7.5000    7.5000 2778.1067   19.2386
    0.0000   -7.5000    7.5000 2791.1006   19.3356
    7.5000   -7.5000    7.5000 2786.6367   20.0099
   -7.5000    0.0000    7.5000 2768.1306   20.0453
    0.0000    0.0000    7.5000 2780.1646   20.1578
    7.5000    0.0000    7.5000 2765.5181   20.7070
   -7.5000    7.5000    7.5000 2729.5708   21.1288
    0.0000    7.5000    7.5000 2736.3777   21.2368
    7.5000    7.5000    7.5000 2728.1355   21.7257
   -7.5000   15.0000    7.5000 2657.8623   22.5068
    0.0000   15.0000    7.5000 2660.8914   22.6307
    7.5000   15.0000    7.5000 2648.4714   23.0919
   -7.5000   22.5000    7.5000 2585.1479   24.2746
    0.0000   22.5000    7.5000 2578.4827   24.3692
    7.5000   22.5000    7.5000 2552.3652   24.8368
   -7.5000   30.0000    7.5000 2464.3682   26.4119
    0.0000   30.0000    7.5000 2460.4812   26.4856
    7.5000   30.0000    7.5000 2443.3645   26.9883
   -7.5000   37.5000    7.5000 2319.3013   29.0749
    0.0000   37.5000    7.5000 2315.2295   29.1319
    7.5000   37.5000    7.5000 2292.5942   29.6270
   -7.5000   45.0000    7.5000 2183.2732   32.4424
    0.0000   45.0000    7.5000 2172.3291   32.4408
    7.5000   45.0000    7.5000 2144.3354   33.0208
   -7.5000  -45.0000   15.0000 2694.7498   21.8228
    0.0000  -45.0000   15.0000 2710.8071   22.0077
    7.5000  -45.0000   15.0000 2714.4077   22.4887
   -7.5000  -37.5000   15.0000 2761.2476   20.6645
    0.0000  -37.5000   15.0000 2782.6428   20.8535
    7.5000  -37.5000   15.0000 2775.0706   21.1428
   -7.5000  -30.0000   15.0000 2795.8306   19.7229
    0.0000  -30.0000   15.0000 2801.6184   19.7612
    7.5000  -30.0000   15.0000 2768.6426   20.0071
   -7.5000  -22.5000   15.0000 2770.8159   18.7555
    0.0000  -22.5000   15.0000 2765.0508   18.8131
    7.5000  -22.5000   15.0000 2763.7759   19.4224
   -7.5000  -15.0000   15.0000 2767.8025   18.6691
    0.0000  -15.0000   15.0000 2775.3699   18.9087
    7.5000  -15.0000   15.0000 2780.2866   19.5539
   -7.5000   -7.5000   15.0000 2789.5674   19.2817
    0.0000   -7.5000   15.0000 2794.1960   19.4750
    7.5000   -7.5000   15.0000 2797.7812   20.1078
   -7.5000    0.0000   15.0000 2775.9395   20.1251
    0.0000    0.0000   15.0000 2784.9343   20.2615
    7.5000    0.0000   15.0000 2778.0034   20.8731
   -7.5000    7.5000   15.0000 2732.1392   21.2286
    0.0000    7.5000   15.0000 2741.4985   21.3221
    7.5000    7.5000   15.0000 2734.0288   21.8575
   -7.5000   15.0000   15.0000 2658.8489   22.6077
    0.0000   15.0000   15.0000 2666.5986   22.6894
    7.5000   15.0000   15.0000 2650.9236   23.1449
   -7.5000   22.5000   15.0000 2578.4875   24.2885
    0.0000   22.5000   15.0000 2583.8242   24.4110
    7.5000   22.5000   15.0000 2557.8364   24.8439
   -7.5000   30.0000   15.0000 2440.6350   26.3677
    0.0000   30.0000   15.0000 2447.4412   26.5461
    7.5000   30.0000   15.0000 2432.2542   26.9620
   -7.5000   37.5000   15.0000 2306.0107   29.0709
    0.0000   37.5000   15.0000 2304.7046   29.2041
    7.5000   37.5000   15.0000 2281.5876   29.6697
   -7.5000   45.0000   15.0000 2177.5598   32.4282
    0.0000   45.0000   15.0000 2168.2297   32.4250
    7.5000   45.0000   15.0000 2148.2964   33.1089
   -7.5000  -45.0000   22.5000 2668.6733   22.2188
    0.0000  -45.0000   22.5000 2691.5332   22.3566
    7.5000  -45.0000   22.5000 2701.4829   22.8902
   -7.5000  -37.5000   22.5000 2742.7883   21.0377
    0.0000  -37.5000   22.5000 2763.4927   21.1373
    7.5000  -37.5000   22.5000 2756.7200   21.4549
   -7.5000  -30.0000   22.5000 2795.3579   20.2384
    0.0000  -30.0000   22.5000 2791.4038   20.0931
    7.5000  -30.0000   22.5000 2774.8882   20.4891
   -7.5000  -22.5000   22.5000 2814.4060   19.6661
    0.0000  -22.5000   22.5000 2794.3857   19.5017
    7.5000  -22.5000   22.5000 2789.7271   19.9630
   -7.5000  -15.0000   22.5000 2792.3892   19.4364
    0.0000  -15.0000   22.5000 2787.2224   19.4846
    7.5000  -15.0000   22.5000 2790.4460   20.0081
   -7.5000   -7.5000   22.5000 2791.7263   19.8745
    0.0000   -7.5000   22.5000 2778.9421   19.9181
    7.5000   -7.5000   22.5000 2785.3865   20.4558
   -7.5000    0.0000   22.5000 2766.6262   20.6755
    0.0000    0.0000   22.5000 2762.2180   20.6712
    7.5000    0.0000   22.5000 2763.3726   21.1845
   -7.5000    7.5000   22.5000 2721.7781   21.6774
    0.0000    7.5000   22.5000 2719.2981   21.6550
    7.5000    7.5000   22.5000 2714.7900   22.1530
   -7.5000   15.0000   22.5000 2652.5613   23.0132
    0.0000   15.0000   22.5000 2649.8552   22.9543
    7.5000   15.0000   22.5000 2636.3169   23.3945
   -7.5000   22.5000   22.5000 2560.5481   24.7862
    0.0000   22.5000   22.5000 2553.5554   24.7041
    7.5000   22.5000   22.5000 2535.1418   25.1018
   -7.5000   30.0000   22.5000 2429.7441   27.0072
    0.0000   30.0000   22.5000 2421.7607   26.9109
    7.5000   30.0000   22.5000 2404.9197   27.2344
   -7.5000   37.5000   22.5000 2306.4700   29.7644
    0.0000   37.5000   22.5000 2291.7981   29.6277
    7.5000   37.5000   22.5000 2268.1851   29.9934
   -7.5000   45.0000   22.5000 2186.5215   33.1630
    0.0000   45.0000   22.5000 2169.7397   32.9854
    7.5000   45.0000   22.5000 2143.8438   33.5388
   -7.5000  -45.0000   30.0000 2662.1821   23.3106
    0.0000  -45.0000   30.0000 2670.1086   23.2442
    7.5000  -45.0000   30.0000 2676.0298   23.6567
   -7.5000  -37.5000   30.0000 2757.0439   22.1465
    0.0000  -37.5000   30.0000 2744.8311   21.9191
    7.5000  -37.5000   30.0000 2733.3806   22.1945
   -7.5000  -30.0000   30.0000 2818.6682   21.3247
    0.0000  -30.0000   30.0000 2786.2458   20.9405
    7.5000  -30.0000   30.0000 2761.4302   21.2460
   -7.5000  -22.5000   30.0000 2844.8726   20.9200
    0.0000  -22.5000   30.0000 2811.3027   20.5920
    7.5000  -22.5000   30.0000 2791.6470   20.8423
   -7.5000  -15.0000   30.0000 2834.0237   20.8767
    0.0000  -15.0000   30.0000 2813.3582   20.6473
    7.5000  -15.0000   30.0000 2785.3728   20.8599
   -7.5000   -7.5000   30.0000 2782.7317   20.9212
    0.0000   -7.5000   30.0000 2774.9800   20.8781
    7.5000   -7.5000   30.0000 2758.7856   21.1610
   -7.5000    0.0000   30.0000 2729.6960   21.3961
    0.0000    0.0000   30.0000 2726.4766   21.4426
    7.5000    0.0000   30.0000 2720.7297   21.7486
   -7.5000    7.5000   30.0000 2682.4758   22.3274
    0.0000    7.5000   30.0000 2677.5671   22.3715
    7.5000    7.5000   30.0000 2667.3220   22.6955
   -7.5000   15.0000   30.0000 2611.5962   23.6734
    0.0000   15.0000   30.0000 2608.3391   23.7135
    7.5000   15.0000   30.0000 2591.4736   23.9967
   -7.5000   22.5000   30.0000 2516.6365   25.4548
    0.0000   22.5000   30.0000 2506.7380   25.4929
    7.5000   22.5000   30.0000 2492.3271   25.7469
   -7.5000   30.0000   30.0000 2389.8247   27.6665
    0.0000   30.0000   30.0000 2389.2083   27.6947
    7.5000   30.0000   30.0000 2362.1309   27.9503
   -7.5000   37.5000   30.0000 2275.3887   30.4372
    0.0000   37.5000   30.0000 2275.5571   30.4963
    7.5000   37.5000   30.0000 2242.2737   30.7842
   -7.5000   45.0000   30.0000 2166.2395   34.0506
    0.0000   45.0000   30.0000 2149.2151   33.9426
    7.5000   45.0000   30.0000 2112.0117   34.3090
   -7.5000  -45.0000   37.5000 2675.0876   25.0295
    0.0000  -45.0000   37.5000 2667.5349   24.7945
    7.5000  -45.0000   37.5000 2648.1375   24.9786
   -7.5000  -37.5000   37.5000 2739.6099   23.5777
    0.0000  -37.5000   37.5000 2732.5405   23.3227
    7.5000  -37.5000   37.5000 2698.3357   23.5040
   -7.5000  -30.0000   37.5000 2785.6523   22.5330
    0.0000  -30.0000   37.5000 2764.6260   22.2521
    7.5000  -30.0000   37.5000 2730.0654   22.5201
   -7.5000  -22.5000   37.5000 2801.3960   21.9421
    0.0000  -22.5000   37.5000 2785.7329   21.7746
    7.5000  -22.5000   37.5000 2761.5776   22.0814
   -7.5000  -15.0000   37.5000 2797.6133   22.0036
    0.0000  -15.0000   37.5000 2793.6907   21.9237
    7.5000  -15.0000   37.5000 2768.5361   22.1988
   -7.5000   -7.5000   37.5000 2772.9561   22.4479
    0.0000   -7.5000   37.5000 2774.5525   22.3959
    7.5000   -7.5000   37.5000 2737.5720   22.5342
   -7.5000    0.0000   37.5000 2716.9143   22.9341
    0.0000    0.0000   37.5000 2716.2200   22.9239
    7.5000    0.0000   37.5000 2682.3538   23.0777
   -7.5000    7.5000   37.5000 2644.2644   23.6464
    0.0000    7.5000   37.5000 2644.0710   23.6419
    7.5000    7.5000   37.5000 2611.0969   23.8588
   -7.5000   15.0000   37.5000 2558.2949   24.7764
    0.0000   15.0000   37.5000 2552.3730   24.7491
    7.5000   15.0000   37.5000 2531.9822   25.0292
   -7.5000   22.5000   37.5000 2450.6064   26.3989
    0.0000   22.5000   37.5000 2450.1443   26.4224
    7.5000   22.5000   37.5000 2431.9829   26.7140
   -7.5000   30.0000   37.5000 2342.8337   28.5967
    0.0000   30.0000   37.5000 2349.7246   28.6424
    7.5000   30.0000   37.5000 2324.8323   29.0026
   -7.5000   37.5000   37.5000 2241.1074   31.5487
    0.0000   37.5000   37.5000 2238.5093   31.5589
    7.5000   37.5000   37.5000 2218.3708   32.0260
   -7.5000   45.0000   37.5000 2128.7937   35.3052
    0.0000   45.0000   37.5000 2118.4604   35.2397
    7.5000   45.0000   37.5000 2096.0366   35.8153
   -7.5000  -45.0000   45.0000 2619.9851   26.5451
    0.0000  -45.0000   45.0000 2618.9387   26.3353
    7.5000  -45.0000   45.0000 2603.1724   26.6232
   -7.5000  -37.5000   45.0000 2674.0146   24.9856
    0.0000  -37.5000   45.0000 2667.5845   24.6870
    7.5000  -37.5000   45.0000 2651.5464   25.0836
   -7.5000  -30.0000   45.0000 2709.0493   23.8512
    0.0000  -30.0000   45.0000 2697.9512   23.5755
    7.5000  -30.0000   45.0000 2679.8174   23.9951
   -7.5000  -22.5000   45.0000 2732.7722   23.2325
    0.0000  -22.5000   45.0000 2715.9683   23.0189
    7.5000  -22.5000   45.0000 2703.2446   23.4512
   -7.5000  -15.0000   45.0000 2733.0344   23.2534
    0.0000  -15.0000   45.0000 2723.5103   23.0894
    7.5000  -15.0000   45.0000 2713.9609   23.5425
   -7.5000   -7.5000   45.0000 2713.9277   23.7715
    0.0000   -7.5000   45.0000 2715.0959   23.6610
    7.5000   -7.5000   45.0000 2695.5481   23.9919
   -7.5000    0.0000   45.0000 2667.8408   24.4616
    0.0000    0.0000   45.0000 2666.9592   24.3699
    7.5000    0.0000   45.0000 2643.3066   24.7290
   -7.5000    7.5000   45.0000 2599.9443   25.3967
    0.0000    7.5000   45.0000 2600.5798   25.2919
    7.5000    7.5000   45.0000 2573.5366   25.5893
   -7.5000   15.0000   45.0000 2503.2009   26.6132
    0.0000   15.0000   45.0000 2500.0176   26.5214
    7.5000   15.0000   45.0000 2477.1580   26.7441
   -7.5000   22.5000   45.0000 2391.5576   28.1626
    0.0000   22.5000   45.0000 2390.7500   28.0935
    7.5000   22.5000   45.0000 2374.1887   28.3675
   -7.5000   30.0000   45.0000 2286.9395   30.1998
    0.0000   30.0000   45.0000 2291.6655   30.2034
    7.5000   30.0000   45.0000 2271.7996   30.5699
   -7.5000   37.5000   45.0000 2193.3933   33.0586
    0.0000   37.5000   45.0000 2194.0203   33.0657
    7.5000   37.5000   45.0000 2176.5764   33.4751
   -7.5000   45.0000   45.0000 2080.5618   36.7825
    0.0000   45.0000   45.0000 2076.9890   36.7120
    7.5000   45.0000   45.0000 2054.1792   37.1966

---------------------------------------------------------------------
imgreg_4dfp /opt/freesurfer/average/711-2C_as_mni_average_305 /opt/freesurfer/average/711-2B_as_mni_average_305_mask talsrcimg_g11 none talsrcimg_to_711-2C_as_mni_average_305_t4 1283
---------------------------------------------------------------------

freesurfer imgreg_4dfp.c
/opt/freesurfer/average/711-2C_as_mni_average_305.4dfp.img
       256       256       256         1
  1.000000  1.000000  1.000000
orientation T byte_order littleendian
Reading image: /opt/freesurfer/average/711-2C_as_mni_average_305.4dfp.img
dimensions:      256       256       256
mmppix:       1.0000   -1.0000   -1.0000
center:     128.0000 -129.0000 -129.0000
/opt/freesurfer/average/711-2B_as_mni_average_305_mask.4dfp.img
       256       256       256         1
  1.000000  1.000000  1.000000
orientation T byte_order littleendian
Reading mask: /opt/freesurfer/average/711-2B_as_mni_average_305_mask.4dfp.img (2306576 pixels)
talsrcimg_g11.4dfp.img
       256       256       256         1
  1.000000  1.000000  1.000000
orientation T byte_order littleendian
Reading image: talsrcimg_g11.4dfp.img
dimensions:      256       256       256
mmppix:       1.0000   -1.0000   -1.0000
center:     128.0000 -129.0000 -129.0000
rotation matrix determinant  1.000000
fimgreg.f
image alignment mode   1283 decimal      503 hex
parameters
   -7.5000  -22.5000   30.0000    0.0000    0.0000    0.0000
eta,q 0.89467 21.16039
niter,ni,del,rscale     5    3   12.0000    1.2000
parameter  5  0.519379 ->  0.500000 qaram    1.1500
parameters
   -7.7514  -21.5145   28.4438    2.5480   -3.4500   -0.8219
eta,q 0.89774 20.85011
  0.1136  0.1134  0.1106  0.1127  0.1040  0.1039
  0.1073  0.1110  0.1048  0.1095  0.1023  0.1029
  0.1072  0.1094  0.1039  0.1058  0.1034  0.1023
  0.1059  0.1064  0.1054  0.1036  0.1045  0.1024
  0.1059  0.1055  0.1081  0.1043  0.1050  0.1027
  0.1096  0.1081  0.1137  0.1045  0.1074  0.1037
  0.1147  0.1110  0.1188  0.1046  0.1108  0.1052
niter,ni,del,rscale     5    3   12.0000    1.2000
parameters
   -5.0780  -23.2237   28.3007    4.4652   -6.2169   -1.5630
eta,q 0.90179 20.92125
  0.1202  0.1035  0.1085  0.1050  0.1011  0.1005
  0.1141  0.1022  0.1021  0.1029  0.0985  0.0991
  0.1065  0.1002  0.1000  0.1011  0.0986  0.0983
  0.1023  0.0999  0.1000  0.1000  0.0996  0.0984
  0.1005  0.1034  0.1012  0.0996  0.1021  0.0992
  0.1003  0.1074  0.1037  0.0992  0.1061  0.1002
  0.1042  0.1095  0.1083  0.1015  0.1109  0.1014
niter,ni,del,rscale     4    3   12.0000    1.2000
parameters
   -3.5854  -23.9299   28.2224    3.9570   -8.1514   -2.0226
eta,q 0.90271 20.85649
  0.1168  0.1026  0.1080  0.1016  0.1011  0.1000
  0.1103  0.1008  0.1013  0.0996  0.0976  0.0985
  0.1022  0.0990  0.0990  0.0979  0.0973  0.0975
  0.0982  0.0974  0.0978  0.0978  0.0977  0.0974
  0.0975  0.0990  0.0980  0.0986  0.0996  0.0984
  0.1006  0.1031  0.1020  0.1005  0.1039  0.0995
  0.1052  0.1056  0.1086  0.1032  0.1089  0.1004
niter,ni,del,rscale     3    3   12.0000    1.2000
parameters
   -2.5524  -23.7059   28.0627    3.3177   -9.9255   -1.4049
eta,q 0.90334 20.78650
  0.1147  0.1041  0.1067  0.1008  0.1002  0.1007
  0.1074  0.1018  0.0999  0.0989  0.0968  0.0989
  0.0998  0.0997  0.0982  0.0972  0.0964  0.0974
  0.0973  0.0972  0.0970  0.0971  0.0970  0.0966
  0.0978  0.0970  0.0975  0.0983  0.0982  0.0970
  0.1010  0.1006  0.1013  0.1002  0.1022  0.0982
  0.1058  0.1043  0.1077  0.1025  0.1073  0.0992
niter,ni,del,rscale     2    3   12.0000    1.2000
parameters
   -1.5511  -23.0211   27.6741    3.1764  -11.7178   -0.6196
eta,q 0.90475 20.68560
  0.1132  0.1053  0.1060  0.1007  0.0991  0.1002
  0.1066  0.1024  0.0986  0.0987  0.0959  0.0979
  0.0987  0.0997  0.0967  0.0968  0.0950  0.0961
  0.0967  0.0968  0.0962  0.0963  0.0962  0.0952
  0.0971  0.0962  0.0977  0.0974  0.0975  0.0958
  0.0995  0.0996  0.1018  0.0993  0.1009  0.0969
  0.1053  0.1032  0.1080  0.1008  0.1054  0.0980
niter,ni,del,rscale     1    3   12.0000    1.2000
parameters
   -0.7641  -22.6246   27.3352    3.9660  -12.9260    0.0623
eta,q 0.90480 20.60839
  0.1123  0.1043  0.1062  0.1014  0.0997  0.0995
  0.1057  0.1015  0.0989  0.0989  0.0966  0.0973
  0.0975  0.0981  0.0956  0.0959  0.0951  0.0957
  0.0952  0.0954  0.0952  0.0951  0.0953  0.0951
  0.0957  0.0959  0.0976  0.0962  0.0970  0.0957
  0.0989  0.0994  0.1023  0.0975  0.0997  0.0967
  0.1060  0.1032  0.1073  0.0985  0.1043  0.0975
registration optimization eta report
parameter search radius
    6.0000    6.0000    6.0000    6.0000    6.9000    6.0000
100000*second partial in parameter space
       39.       22.       32.       13.       14.        9.
  0.1123  0.1043  0.1062  0.1014  0.0997  0.0995
  0.1057  0.1015  0.0989  0.0989  0.0966  0.0973
  0.0975  0.0981  0.0956  0.0959  0.0951  0.0957
  0.0952  0.0954  0.0952  0.0951  0.0953  0.0951
  0.0957  0.0959  0.0976  0.0962  0.0970  0.0957
  0.0989  0.0994  0.1023  0.0975  0.0997  0.0967
  0.1060  0.1032  0.1073  0.0985  0.1043  0.0975
   -0.7641  -22.6246   27.3352    3.9660  -12.9260    0.0623
eta,q 0.90480 20.60839

---------------------------------------------------------------------
imgreg_4dfp /opt/freesurfer/average/711-2C_as_mni_average_305 /opt/freesurfer/average/711-2B_as_mni_average_305_mask talsrcimg_g11 none talsrcimg_to_711-2C_as_mni_average_305_t4 3335
---------------------------------------------------------------------

freesurfer imgreg_4dfp.c
/opt/freesurfer/average/711-2C_as_mni_average_305.4dfp.img
       256       256       256         1
  1.000000  1.000000  1.000000
orientation T byte_order littleendian
Reading image: /opt/freesurfer/average/711-2C_as_mni_average_305.4dfp.img
dimensions:      256       256       256
mmppix:       1.0000   -1.0000   -1.0000
center:     128.0000 -129.0000 -129.0000
/opt/freesurfer/average/711-2B_as_mni_average_305_mask.4dfp.img
       256       256       256         1
  1.000000  1.000000  1.000000
orientation T byte_order littleendian
Reading mask: /opt/freesurfer/average/711-2B_as_mni_average_305_mask.4dfp.img (2306576 pixels)
talsrcimg_g11.4dfp.img
       256       256       256         1
  1.000000  1.000000  1.000000
orientation T byte_order littleendian
Reading image: talsrcimg_g11.4dfp.img
dimensions:      256       256       256
mmppix:       1.0000   -1.0000   -1.0000
center:     128.0000 -129.0000 -129.0000
fimgreg.f
image alignment mode   3335 decimal      D07 hex
parameters
   -0.7641  -22.6246   27.3352   -2.5341   -0.2379   -2.7674
    1.4386   22.3233    0.1061   -6.8922  -22.3693    6.7412
eta,q 0.90186 20.55981
niter,ni,del,rscale     5    3    5.0000    1.2000
parameter  1 -0.635134 -> -0.500000 qaram    1.1500
parameter  2 -1.678282 -> -0.500000 qaram    1.1500
parameter  4  1.356401 ->  0.500000 qaram    1.1500
parameter  5  5.486462 ->  0.500000 qaram    1.1500
parameter  6  0.774205 ->  0.500000 qaram    1.1500
parameter  7 10.374583 ->  0.500000 qaram    1.1500
parameter  8  0.620357 ->  0.500000 qaram    1.1500
parameter  9  3.953470 ->  0.500000 qaram    1.1500
parameter 10 -1.225422 -> -0.500000 qaram    1.1500
parameter 11 -0.621949 -> -0.500000 qaram    1.1500
parameter 12 -1.054985 -> -0.500000 qaram    1.1500
parameters
    0.6159  -21.2446   27.8974   -6.6741   -4.3779   -6.9074
   -2.7014   18.1833   -4.0339   -2.7522  -18.2293   10.8812
eta,q 0.91942 20.69683
  0.1020  0.1001  0.0996  0.0900  0.0877  0.0871  0.0857  0.0856  0.0823  0.0876  0.0860  0.0834
  0.1005  0.0993  0.0979  0.0917  0.0900  0.0868  0.0860  0.0853  0.0831  0.0859  0.0840  0.0826
  0.0992  0.0984  0.0967  0.0937  0.0915  0.0873  0.0863  0.0855  0.0841  0.0846  0.0826  0.0819
  0.0981  0.0974  0.0961  0.0960  0.0922  0.0905  0.0868  0.0861  0.0853  0.0834  0.0818  0.0813
  0.0975  0.0965  0.0961  0.0995  0.0940  0.0964  0.0872  0.0868  0.0867  0.0823  0.0814  0.0808
  0.0974  0.0960  0.0965  0.1043  0.0958  0.1040  0.0876  0.0877  0.0880  0.0817  0.0812  0.0805
  0.0978  0.0960  0.0974  0.1093  0.0982  0.1102  0.0880  0.0894  0.0893  0.0816  0.0812  0.0805
niter,ni,del,rscale     7    3    5.0000    1.2000
parameter  3  2.142347 ->  0.500000 qaram    1.1500
parameter  4  0.705683 ->  0.500000 qaram    1.3225
parameter  5  8.854505 ->  0.500000 qaram    1.3225
parameter  7 -0.966121 -> -0.500000 qaram    1.3225
parameter  8  1.302304 ->  0.500000 qaram    1.3225
parameter  9  0.773657 ->  0.500000 qaram    1.3225
parameter 11  0.840201 ->  0.500000 qaram    1.3225
parameters
   -0.4938  -22.1317   26.5174  -11.4351   -9.1389  -10.6322
    2.0596   13.4223   -8.7949   -1.3642  -22.9903    9.9609
eta,q 0.93004 20.35931
  0.0809  0.0809  0.0763  0.0753  0.0707  0.0735  0.0744  0.0710  0.0706  0.0732  0.0702  0.0702
  0.0805  0.0804  0.0771  0.0756  0.0724  0.0730  0.0737  0.0711  0.0706  0.0719  0.0699  0.0702
  0.0804  0.0802  0.0784  0.0763  0.0740  0.0725  0.0731  0.0715  0.0708  0.0711  0.0701  0.0701
  0.0806  0.0804  0.0802  0.0774  0.0758  0.0728  0.0727  0.0722  0.0712  0.0706  0.0705  0.0699
  0.0813  0.0809  0.0821  0.0795  0.0782  0.0761  0.0723  0.0730  0.0719  0.0705  0.0710  0.0698
  0.0824  0.0816  0.0842  0.0830  0.0800  0.0821  0.0721  0.0739  0.0728  0.0709  0.0715  0.0701
  0.0840  0.0822  0.0864  0.0883  0.0818  0.0896  0.0721  0.0749  0.0740  0.0720  0.0720  0.0708
niter,ni,del,rscale     7    3    5.0000    1.2000
parameter  2  0.585920 ->  0.500000 qaram    1.3225
parameter  3  2.665891 ->  0.500000 qaram    1.3225
parameter  4  0.563870 ->  0.500000 qaram    1.5209
parameter  5  2.067221 ->  0.500000 qaram    1.5209
parameter  7 -0.631683 -> -0.500000 qaram    1.5209
parameter 10  1.680105 ->  0.500000 qaram    1.3225
parameter 12 -2.759821 ->  0.500000 qaram    1.3225
parameters
   -0.5605  -23.7187   24.9304  -16.9102  -14.6140  -14.5433
    7.5347    9.7440   -5.3021   -6.1252  -24.2998    5.1999
eta,q 0.94246 19.88305
  0.0714  0.0698  0.0649  0.0655  0.0596  0.0617  0.0643  0.0608  0.0638  0.0584  0.0596  0.0565
  0.0706  0.0696  0.0660  0.0653  0.0610  0.0615  0.0632  0.0605  0.0624  0.0587  0.0590  0.0573
  0.0701  0.0697  0.0676  0.0655  0.0629  0.0611  0.0621  0.0604  0.0612  0.0593  0.0588  0.0581
  0.0700  0.0700  0.0696  0.0664  0.0653  0.0615  0.0612  0.0605  0.0604  0.0601  0.0589  0.0588
  0.0701  0.0705  0.0717  0.0682  0.0682  0.0642  0.0606  0.0610  0.0601  0.0610  0.0591  0.0594
  0.0707  0.0712  0.0740  0.0713  0.0712  0.0692  0.0605  0.0620  0.0603  0.0620  0.0595  0.0599
  0.0716  0.0721  0.0765  0.0761  0.0748  0.0751  0.0610  0.0633  0.0610  0.0632  0.0599  0.0604
niter,ni,del,rscale     7    3    5.0000    1.2000
parameter  1 -0.513971 -> -0.500000 qaram    1.3225
parameter  2  0.671088 ->  0.500000 qaram    1.5209
parameter  3 30.780909 ->  0.500000 qaram    1.5209
parameter  5  0.534545 ->  0.500000 qaram    1.7490
parameter  6  0.768663 ->  0.500000 qaram    1.3225
parameter  8 -1.022344 -> -0.500000 qaram    1.5209
parameter 10  0.605063 ->  0.500000 qaram    1.5209
parameters
    1.0265  -25.5437   23.1053  -18.4838  -20.9105  -19.3043
    7.9567   15.2192   -2.5385  -11.6003  -20.5818    8.3442
eta,q 0.95462 19.58515
  0.0605  0.0563  0.0476  0.0531  0.0501  0.0468  0.0512  0.0518  0.0501  0.0464  0.0478  0.0483
  0.0592  0.0561  0.0502  0.0522  0.0498  0.0480  0.0496  0.0506  0.0486  0.0459  0.0469  0.0473
  0.0582  0.0564  0.0532  0.0515  0.0500  0.0490  0.0487  0.0495  0.0476  0.0460  0.0462  0.0464
  0.0575  0.0572  0.0561  0.0510  0.0512  0.0498  0.0484  0.0484  0.0470  0.0468  0.0458  0.0457
  0.0572  0.0586  0.0589  0.0513  0.0538  0.0512  0.0487  0.0474  0.0468  0.0484  0.0457  0.0454
  0.0572  0.0606  0.0618  0.0524  0.0593  0.0552  0.0495  0.0469  0.0471  0.0506  0.0458  0.0456
  0.0575  0.0630  0.0648  0.0565  0.0667  0.0607  0.0507  0.0473  0.0478  0.0529  0.0461  0.0464
niter,ni,del,rscale     7    3    5.0000    1.2000
parameter  3  3.174354 ->  0.500000 qaram    1.7490
parameter  4 -0.506859 -> -0.500000 qaram    1.7490
parameters
    0.6373  -24.8752   21.0065  -12.1874  -21.3641  -22.0967
    7.2060   15.7561   -4.8552  -10.4959  -17.9665   10.6464
eta,q 0.96112 19.66861
  0.0474  0.0494  0.0377  0.0438  0.0463  0.0411  0.0427  0.0441  0.0404  0.0436  0.0419  0.0418
  0.0462  0.0475  0.0398  0.0424  0.0437  0.0401  0.0410  0.0422  0.0397  0.0419  0.0407  0.0408
  0.0455  0.0461  0.0423  0.0413  0.0415  0.0396  0.0399  0.0406  0.0394  0.0404  0.0398  0.0399
  0.0454  0.0453  0.0452  0.0404  0.0398  0.0400  0.0396  0.0396  0.0395  0.0394  0.0393  0.0392
  0.0459  0.0453  0.0485  0.0399  0.0393  0.0409  0.0402  0.0398  0.0400  0.0393  0.0392  0.0389
  0.0471  0.0459  0.0520  0.0399  0.0415  0.0422  0.0415  0.0413  0.0408  0.0404  0.0395  0.0392
  0.0488  0.0473  0.0556  0.0405  0.0505  0.0465  0.0437  0.0437  0.0419  0.0426  0.0400  0.0404
niter,ni,del,rscale     7    3    5.0000    1.2000
parameter  3  1.268121 ->  0.500000 qaram    2.0114
parameters
    0.2841  -24.5852   18.5929  -12.6597  -18.9316  -21.0566
    7.4525   15.7363   -4.9136  -10.5916  -18.5805   10.0562
eta,q 0.96603 19.65701
  0.0413  0.0426  0.0336  0.0388  0.0433  0.0381  0.0377  0.0386  0.0358  0.0380  0.0352  0.0358
  0.0398  0.0407  0.0348  0.0373  0.0404  0.0366  0.0359  0.0364  0.0348  0.0361  0.0344  0.0350
  0.0390  0.0394  0.0364  0.0361  0.0376  0.0354  0.0345  0.0348  0.0341  0.0346  0.0340  0.0343
  0.0389  0.0389  0.0388  0.0352  0.0353  0.0342  0.0339  0.0339  0.0339  0.0339  0.0339  0.0339
  0.0395  0.0390  0.0421  0.0346  0.0337  0.0337  0.0343  0.0344  0.0342  0.0343  0.0342  0.0340
  0.0408  0.0400  0.0462  0.0353  0.0340  0.0343  0.0355  0.0362  0.0348  0.0359  0.0347  0.0349
  0.0426  0.0416  0.0509  0.0418  0.0406  0.0377  0.0375  0.0389  0.0359  0.0385  0.0354  0.0369
niter,ni,del,rscale     7    3    5.0000    1.2000
parameter  3  0.904014 ->  0.500000 qaram    2.3131
parameters
   -0.0061  -24.0369   15.8172  -10.7854  -18.1064  -22.0771
    7.0580   16.5824   -4.5620   -8.6339  -20.3647    9.9691
eta,q 0.96966 19.66692
  0.0365  0.0385  0.0302  0.0356  0.0389  0.0346  0.0339  0.0357  0.0326  0.0353  0.0310  0.0317
  0.0350  0.0363  0.0307  0.0337  0.0359  0.0330  0.0322  0.0328  0.0315  0.0331  0.0304  0.0310
  0.0341  0.0348  0.0320  0.0322  0.0330  0.0315  0.0310  0.0313  0.0308  0.0314  0.0303  0.0306
  0.0340  0.0339  0.0338  0.0310  0.0305  0.0301  0.0306  0.0306  0.0305  0.0305  0.0304  0.0303
  0.0345  0.0339  0.0367  0.0299  0.0288  0.0288  0.0310  0.0308  0.0307  0.0305  0.0307  0.0304
  0.0357  0.0348  0.0409  0.0295  0.0307  0.0321  0.0323  0.0321  0.0313  0.0314  0.0310  0.0308
  0.0376  0.0365  0.0462  0.0350  0.0400  0.0419  0.0347  0.0342  0.0324  0.0328  0.0316  0.0320
niter,ni,del,rscale     7    3    5.0000    1.2000
parameters
   -0.2794  -23.3518   13.6660  -11.3178  -17.4297  -23.7655
    7.0263   16.7971   -3.2744   -6.8171  -20.9048    9.1642
eta,q 0.97060 19.50080
  0.0328  0.0351  0.0315  0.0338  0.0374  0.0336  0.0329  0.0345  0.0317  0.0337  0.0306  0.0304
  0.0313  0.0328  0.0290  0.0318  0.0345  0.0319  0.0313  0.0313  0.0307  0.0316  0.0296  0.0298
  0.0305  0.0312  0.0290  0.0303  0.0316  0.0302  0.0301  0.0299  0.0299  0.0301  0.0294  0.0295
  0.0303  0.0303  0.0302  0.0289  0.0291  0.0287  0.0295  0.0295  0.0295  0.0295  0.0294  0.0294
  0.0309  0.0303  0.0322  0.0276  0.0274  0.0284  0.0298  0.0302  0.0295  0.0296  0.0297  0.0296
  0.0320  0.0310  0.0355  0.0285  0.0295  0.0343  0.0310  0.0317  0.0299  0.0303  0.0301  0.0300
  0.0337  0.0325  0.0408  0.0390  0.0389  0.0444  0.0333  0.0336  0.0308  0.0315  0.0306  0.0309
niter,ni,del,rscale     6    3    5.0000    1.2000
parameters
   -0.6186  -22.4893   12.9317  -10.9643  -17.9499  -24.7787
    6.7849   16.4665   -2.7367   -4.5723  -20.9345    8.6879
eta,q 0.97057 19.40375
  0.0318  0.0342  0.0338  0.0341  0.0364  0.0340  0.0328  0.0340  0.0313  0.0334  0.0309  0.0304
  0.0303  0.0319  0.0301  0.0320  0.0337  0.0322  0.0313  0.0311  0.0304  0.0315  0.0297  0.0299
  0.0295  0.0303  0.0289  0.0303  0.0311  0.0306  0.0301  0.0298  0.0298  0.0301  0.0294  0.0295
  0.0294  0.0294  0.0292  0.0289  0.0288  0.0290  0.0295  0.0295  0.0295  0.0295  0.0294  0.0294
  0.0300  0.0292  0.0306  0.0276  0.0276  0.0280  0.0298  0.0304  0.0296  0.0295  0.0297  0.0296
  0.0313  0.0298  0.0329  0.0277  0.0315  0.0318  0.0311  0.0320  0.0301  0.0301  0.0301  0.0299
  0.0330  0.0311  0.0361  0.0366  0.0418  0.0410  0.0335  0.0340  0.0310  0.0311  0.0306  0.0307
niter,ni,del,rscale     5    3    5.0000    1.2000
parameters
   -0.7607  -21.6752   12.2073  -10.8366  -18.6572  -25.7826
    6.5263   16.1995   -2.8280   -1.9945  -20.2966    8.5651
eta,q 0.97034 19.28482
  0.0322  0.0338  0.0338  0.0343  0.0359  0.0340  0.0329  0.0342  0.0313  0.0334  0.0313  0.0307
  0.0306  0.0317  0.0303  0.0322  0.0334  0.0323  0.0314  0.0314  0.0305  0.0316  0.0301  0.0301
  0.0297  0.0302  0.0290  0.0305  0.0310  0.0308  0.0303  0.0300  0.0300  0.0304  0.0297  0.0297
  0.0294  0.0294  0.0293  0.0290  0.0290  0.0293  0.0298  0.0298  0.0298  0.0298  0.0296  0.0297
  0.0299  0.0293  0.0307  0.0277  0.0279  0.0283  0.0301  0.0306  0.0299  0.0297  0.0298  0.0298
  0.0311  0.0298  0.0330  0.0281  0.0317  0.0318  0.0313  0.0322  0.0305  0.0301  0.0302  0.0301
  0.0327  0.0311  0.0361  0.0375  0.0416  0.0407  0.0335  0.0341  0.0314  0.0310  0.0306  0.0307
niter,ni,del,rscale     4    3    5.0000    1.2000
parameters
   -0.8406  -20.7031   11.3978  -10.4572  -19.7900  -26.8380
    6.2231   16.1604   -3.7759    0.9124  -18.8177    8.1378
eta,q 0.97029 19.12935
  0.0325  0.0341  0.0335  0.0346  0.0352  0.0339  0.0327  0.0342  0.0313  0.0336  0.0316  0.0306
  0.0309  0.0321  0.0304  0.0325  0.0329  0.0322  0.0314  0.0315  0.0305  0.0319  0.0304  0.0301
  0.0299  0.0305  0.0292  0.0307  0.0308  0.0308  0.0304  0.0303  0.0300  0.0307  0.0299  0.0298
  0.0297  0.0297  0.0294  0.0292  0.0290  0.0295  0.0299  0.0299  0.0299  0.0299  0.0297  0.0297
  0.0301  0.0294  0.0307  0.0279  0.0283  0.0286  0.0302  0.0306  0.0302  0.0297  0.0298  0.0298
  0.0311  0.0298  0.0331  0.0281  0.0323  0.0318  0.0313  0.0320  0.0310  0.0302  0.0301  0.0302
  0.0327  0.0311  0.0363  0.0371  0.0420  0.0406  0.0333  0.0338  0.0321  0.0311  0.0305  0.0308
niter,ni,del,rscale     3    3    5.0000    1.2000
parameters
   -0.9022  -19.6317   10.5624   -9.8237  -20.9765  -27.6869
    5.9517   16.2815   -4.8968    3.5031  -17.6516    7.1051
eta,q 0.97037 18.99245
  0.0324  0.0345  0.0332  0.0347  0.0350  0.0337  0.0324  0.0338  0.0313  0.0336  0.0313  0.0304
  0.0309  0.0324  0.0305  0.0326  0.0327  0.0321  0.0311  0.0314  0.0304  0.0318  0.0303  0.0299
  0.0300  0.0307  0.0293  0.0308  0.0306  0.0307  0.0302  0.0301  0.0298  0.0305  0.0298  0.0297
  0.0297  0.0297  0.0294  0.0292  0.0290  0.0294  0.0298  0.0298  0.0298  0.0297  0.0297  0.0297
  0.0301  0.0294  0.0306  0.0280  0.0284  0.0286  0.0301  0.0303  0.0302  0.0297  0.0297  0.0298
  0.0311  0.0299  0.0329  0.0280  0.0322  0.0310  0.0311  0.0316  0.0310  0.0302  0.0300  0.0302
  0.0326  0.0310  0.0361  0.0366  0.0417  0.0394  0.0329  0.0334  0.0322  0.0311  0.0306  0.0308
niter,ni,del,rscale     2    3    5.0000    1.2000
parameters
   -0.9669  -18.7036    9.9710   -9.4727  -21.8935  -28.2071
    5.8516   16.2429   -5.6775    5.5692  -16.9919    6.1709
eta,q 0.97030 18.90208
  0.0323  0.0341  0.0335  0.0348  0.0351  0.0338  0.0324  0.0335  0.0314  0.0332  0.0312  0.0305
  0.0308  0.0320  0.0309  0.0327  0.0328  0.0321  0.0311  0.0313  0.0304  0.0315  0.0303  0.0300
  0.0299  0.0305  0.0296  0.0309  0.0308  0.0307  0.0301  0.0301  0.0299  0.0303  0.0299  0.0297
  0.0296  0.0296  0.0294  0.0294  0.0293  0.0296  0.0297  0.0297  0.0297  0.0297  0.0297  0.0297
  0.0300  0.0295  0.0304  0.0282  0.0285  0.0287  0.0300  0.0302  0.0301  0.0298  0.0298  0.0299
  0.0310  0.0300  0.0325  0.0284  0.0316  0.0303  0.0310  0.0314  0.0309  0.0303  0.0302  0.0302
  0.0324  0.0311  0.0354  0.0373  0.0408  0.0379  0.0327  0.0335  0.0321  0.0312  0.0308  0.0308
niter,ni,del,rscale     1    3    5.0000    1.2000
parameters
   -1.0385  -17.9783    9.5773   -9.3281  -22.6960  -28.6655
    5.8703   16.1328   -6.1666    7.1321  -16.6626    5.5321
eta,q 0.97011 18.83156
  0.0323  0.0337  0.0338  0.0349  0.0352  0.0338  0.0326  0.0336  0.0317  0.0330  0.0313  0.0308
  0.0309  0.0317  0.0313  0.0328  0.0329  0.0322  0.0313  0.0315  0.0307  0.0314  0.0305  0.0302
  0.0300  0.0304  0.0299  0.0310  0.0310  0.0309  0.0303  0.0303  0.0301  0.0303  0.0301  0.0299
  0.0297  0.0297  0.0296  0.0296  0.0295  0.0298  0.0299  0.0299  0.0299  0.0299  0.0299  0.0299
  0.0301  0.0296  0.0304  0.0285  0.0288  0.0289  0.0302  0.0304  0.0302  0.0300  0.0300  0.0301
  0.0311  0.0302  0.0323  0.0289  0.0315  0.0304  0.0312  0.0316  0.0310  0.0306  0.0304  0.0304
  0.0325  0.0314  0.0352  0.0379  0.0403  0.0375  0.0327  0.0337  0.0321  0.0316  0.0311  0.0310
registration optimization eta report
parameter search radius
    3.1740    3.6501    5.5513   12.5928   12.5928    9.5220
   10.9503   10.9503    9.5220   10.9503    9.5220    9.5220
100000*second partial in parameter space
       27.       21.       16.        5.        5.        7.
        2.        3.        2.        2.        1.        1.
  0.0323  0.0337  0.0338  0.0349  0.0352  0.0338  0.0326  0.0336  0.0317  0.0330  0.0313  0.0308
  0.0309  0.0317  0.0313  0.0328  0.0329  0.0322  0.0313  0.0315  0.0307  0.0314  0.0305  0.0302
  0.0300  0.0304  0.0299  0.0310  0.0310  0.0309  0.0303  0.0303  0.0301  0.0303  0.0301  0.0299
  0.0297  0.0297  0.0296  0.0296  0.0295  0.0298  0.0299  0.0299  0.0299  0.0299  0.0299  0.0299
  0.0301  0.0296  0.0304  0.0285  0.0288  0.0289  0.0302  0.0304  0.0302  0.0300  0.0300  0.0301
  0.0311  0.0302  0.0323  0.0289  0.0315  0.0304  0.0312  0.0316  0.0310  0.0306  0.0304  0.0304
  0.0325  0.0314  0.0352  0.0379  0.0403  0.0375  0.0327  0.0337  0.0321  0.0316  0.0311  0.0310
   -1.0385  -17.9783    9.5773   -9.3281  -22.6960  -28.6655
    5.8703   16.1328   -6.1666    7.1321  -16.6626    5.5321
eta,q 0.97011 18.83156

---------------------------------------------------------------------
imgreg_4dfp /opt/freesurfer/average/711-2C_as_mni_average_305 /opt/freesurfer/average/711-2B_as_mni_average_305_mask talsrcimg_g11 none talsrcimg_to_711-2C_as_mni_average_305_t4 2311
---------------------------------------------------------------------

freesurfer imgreg_4dfp.c
/opt/freesurfer/average/711-2C_as_mni_average_305.4dfp.img
       256       256       256         1
  1.000000  1.000000  1.000000
orientation T byte_order littleendian
Reading image: /opt/freesurfer/average/711-2C_as_mni_average_305.4dfp.img
dimensions:      256       256       256
mmppix:       1.0000   -1.0000   -1.0000
center:     128.0000 -129.0000 -129.0000
/opt/freesurfer/average/711-2B_as_mni_average_305_mask.4dfp.img
       256       256       256         1
  1.000000  1.000000  1.000000
orientation T byte_order littleendian
Reading mask: /opt/freesurfer/average/711-2B_as_mni_average_305_mask.4dfp.img (2306576 pixels)
talsrcimg_g11.4dfp.img
       256       256       256         1
  1.000000  1.000000  1.000000
orientation T byte_order littleendian
Reading image: talsrcimg_g11.4dfp.img
dimensions:      256       256       256
mmppix:       1.0000   -1.0000   -1.0000
center:     128.0000 -129.0000 -129.0000
fimgreg.f
image alignment mode   2311 decimal      907 hex
parameters
   -1.0385  -17.9783    9.5773   -9.3281  -22.6960  -28.6655
    5.8703   16.1328   -6.1666    7.1321  -16.6626    5.5321
eta,q 0.97011 18.83156
niter,ni,del,rscale     5    3    5.0000    0.8000
parameter  4 -3.062988 -> -0.500000 qaram    1.1500
parameter  5 -1.113369 -> -0.500000 qaram    1.1500
parameter  6 -1.277205 -> -0.500000 qaram    1.1500
parameters
   -1.1362  -17.4503    9.4032   -6.5681  -19.9360  -25.9055
    6.0870   16.8395   -6.2576    6.1709  -15.8726    3.2041
eta,q 0.97249 19.19258
  0.0305  0.0308  0.0302  0.0315  0.0309  0.0302  0.0285  0.0288  0.0283  0.0280  0.0282  0.0276
  0.0301  0.0303  0.0300  0.0309  0.0302  0.0296  0.0280  0.0281  0.0279  0.0277  0.0278  0.0275
  0.0299  0.0301  0.0299  0.0303  0.0296  0.0290  0.0277  0.0278  0.0277  0.0276  0.0277  0.0275
  0.0299  0.0299  0.0298  0.0298  0.0291  0.0285  0.0276  0.0276  0.0276  0.0276  0.0276  0.0276
  0.0300  0.0298  0.0299  0.0294  0.0287  0.0279  0.0277  0.0277  0.0277  0.0277  0.0276  0.0278
  0.0303  0.0299  0.0301  0.0290  0.0284  0.0275  0.0279  0.0278  0.0280  0.0280  0.0277  0.0280
  0.0307  0.0301  0.0303  0.0286  0.0285  0.0277  0.0284  0.0282  0.0284  0.0285  0.0279  0.0284
niter,ni,del,rscale     7    3    5.0000    1.0000
parameters
   -1.2017  -18.1038    9.5086   -5.7673  -19.0899  -26.8239
    5.5676   16.2693   -6.5654    5.9348  -16.1351    3.7054
eta,q 0.97270 19.27438
  0.0286  0.0278  0.0284  0.0298  0.0298  0.0298  0.0284  0.0284  0.0283  0.0280  0.0279  0.0280
  0.0280  0.0275  0.0278  0.0289  0.0288  0.0288  0.0278  0.0277  0.0277  0.0276  0.0275  0.0276
  0.0276  0.0274  0.0275  0.0281  0.0279  0.0279  0.0274  0.0274  0.0274  0.0273  0.0273  0.0274
  0.0275  0.0275  0.0274  0.0274  0.0272  0.0270  0.0273  0.0273  0.0273  0.0273  0.0273  0.0273
  0.0277  0.0278  0.0275  0.0268  0.0267  0.0265  0.0275  0.0275  0.0275  0.0274  0.0274  0.0273
  0.0280  0.0284  0.0277  0.0268  0.0271  0.0287  0.0280  0.0279  0.0279  0.0277  0.0276  0.0275
  0.0287  0.0292  0.0282  0.0298  0.0294  0.0348  0.0289  0.0291  0.0285  0.0281  0.0279  0.0278
niter,ni,del,rscale     6    3    5.0000    0.9000
parameters
   -1.1170  -18.3266    9.4498   -5.6133  -18.5983  -26.7197
    5.7042   16.6214   -6.4941    5.3644  -16.1931    3.8157
eta,q 0.97292 19.31302
  0.0284  0.0279  0.0279  0.0293  0.0294  0.0297  0.0282  0.0283  0.0280  0.0276  0.0276  0.0276
  0.0278  0.0276  0.0275  0.0285  0.0286  0.0288  0.0276  0.0276  0.0275  0.0272  0.0272  0.0273
  0.0274  0.0273  0.0273  0.0279  0.0278  0.0280  0.0272  0.0272  0.0272  0.0271  0.0271  0.0271
  0.0273  0.0273  0.0273  0.0273  0.0272  0.0271  0.0271  0.0271  0.0271  0.0271  0.0271  0.0271
  0.0274  0.0275  0.0274  0.0268  0.0269  0.0265  0.0272  0.0272  0.0272  0.0272  0.0272  0.0271
  0.0277  0.0278  0.0276  0.0271  0.0274  0.0271  0.0275  0.0274  0.0275  0.0274  0.0273  0.0273
  0.0282  0.0284  0.0280  0.0301  0.0294  0.0309  0.0281  0.0280  0.0280  0.0278  0.0275  0.0275
niter,ni,del,rscale     5    3    5.0000    0.8000
parameters
   -1.1046  -18.5140    9.4856   -5.1510  -18.0651  -26.0039
    5.5805   16.8287   -6.3855    4.6370  -15.7809    3.4213
eta,q 0.97346 19.38731
  0.0279  0.0276  0.0276  0.0288  0.0289  0.0292  0.0274  0.0277  0.0274  0.0269  0.0271  0.0269
  0.0274  0.0273  0.0273  0.0282  0.0281  0.0284  0.0270  0.0270  0.0269  0.0267  0.0267  0.0267
  0.0272  0.0271  0.0271  0.0276  0.0275  0.0276  0.0267  0.0267  0.0267  0.0266  0.0266  0.0266
  0.0271  0.0271  0.0271  0.0271  0.0270  0.0268  0.0266  0.0266  0.0266  0.0266  0.0265  0.0265
  0.0272  0.0272  0.0271  0.0266  0.0267  0.0262  0.0266  0.0266  0.0266  0.0267  0.0266  0.0266
  0.0274  0.0275  0.0273  0.0268  0.0271  0.0264  0.0270  0.0268  0.0269  0.0269  0.0267  0.0267
  0.0279  0.0280  0.0276  0.0290  0.0287  0.0290  0.0276  0.0275  0.0273  0.0272  0.0269  0.0270
niter,ni,del,rscale     4    3    5.0000    0.7000
parameters
   -1.1264  -18.7529    9.5825   -4.7067  -17.2445  -25.2022
    5.3829   16.9137   -6.4132    3.7330  -15.1927    2.7349
eta,q 0.97411 19.48041
  0.0271  0.0269  0.0270  0.0280  0.0281  0.0284  0.0266  0.0269  0.0266  0.0262  0.0264  0.0261
  0.0268  0.0267  0.0268  0.0275  0.0274  0.0277  0.0262  0.0263  0.0262  0.0260  0.0261  0.0260
  0.0266  0.0265  0.0266  0.0270  0.0269  0.0270  0.0260  0.0260  0.0260  0.0259  0.0259  0.0259
  0.0265  0.0265  0.0265  0.0265  0.0264  0.0262  0.0259  0.0259  0.0259  0.0259  0.0259  0.0259
  0.0266  0.0267  0.0265  0.0262  0.0262  0.0257  0.0260  0.0259  0.0260  0.0260  0.0259  0.0260
  0.0268  0.0269  0.0267  0.0263  0.0264  0.0259  0.0263  0.0262  0.0262  0.0262  0.0260  0.0261
  0.0272  0.0273  0.0269  0.0281  0.0275  0.0280  0.0269  0.0269  0.0266  0.0266  0.0261  0.0264
niter,ni,del,rscale     3    3    5.0000    0.6000
parameters
   -1.1822  -19.0564    9.7024   -4.2755  -16.3140  -24.3240
    5.1945   16.9191   -6.5546    2.7327  -14.4967    1.9766
eta,q 0.97481 19.58565
  0.0263  0.0261  0.0263  0.0272  0.0271  0.0276  0.0258  0.0261  0.0257  0.0254  0.0257  0.0254
  0.0261  0.0259  0.0261  0.0267  0.0266  0.0269  0.0255  0.0257  0.0254  0.0253  0.0254  0.0252
  0.0259  0.0259  0.0259  0.0263  0.0261  0.0263  0.0253  0.0254  0.0253  0.0252  0.0252  0.0252
  0.0259  0.0259  0.0259  0.0259  0.0257  0.0256  0.0252  0.0252  0.0252  0.0252  0.0252  0.0252
  0.0259  0.0260  0.0259  0.0256  0.0255  0.0251  0.0253  0.0252  0.0253  0.0253  0.0252  0.0253
  0.0261  0.0262  0.0260  0.0258  0.0257  0.0252  0.0256  0.0255  0.0255  0.0255  0.0253  0.0254
  0.0264  0.0266  0.0261  0.0271  0.0264  0.0269  0.0260  0.0262  0.0258  0.0259  0.0254  0.0256
niter,ni,del,rscale     2    3    5.0000    0.5000
parameters
   -1.2515  -19.3719    9.8692   -3.9190  -15.4676  -23.4787
    5.0878   16.8060   -6.8149    1.7313  -13.9002    1.2281
eta,q 0.97544 19.68555
  0.0255  0.0253  0.0255  0.0262  0.0261  0.0268  0.0251  0.0254  0.0250  0.0247  0.0249  0.0247
  0.0253  0.0252  0.0253  0.0259  0.0257  0.0261  0.0248  0.0250  0.0247  0.0246  0.0247  0.0246
  0.0252  0.0252  0.0252  0.0255  0.0253  0.0255  0.0247  0.0247  0.0246  0.0246  0.0246  0.0246
  0.0252  0.0252  0.0252  0.0251  0.0251  0.0249  0.0246  0.0246  0.0246  0.0246  0.0246  0.0246
  0.0252  0.0253  0.0252  0.0249  0.0249  0.0245  0.0247  0.0246  0.0247  0.0247  0.0246  0.0246
  0.0254  0.0255  0.0252  0.0252  0.0250  0.0247  0.0248  0.0249  0.0248  0.0249  0.0246  0.0248
  0.0257  0.0258  0.0253  0.0262  0.0255  0.0259  0.0252  0.0256  0.0251  0.0252  0.0247  0.0249
niter,ni,del,rscale     1    3    5.0000    0.4000
parameters
   -1.3038  -19.6819   10.0887   -3.6305  -14.7451  -22.6739
    5.0885   16.6771   -7.0874    0.7242  -13.5118    0.5740
eta,q 0.97596 19.77529
  0.0248  0.0246  0.0248  0.0254  0.0252  0.0259  0.0245  0.0247  0.0243  0.0241  0.0243  0.0241
  0.0247  0.0245  0.0247  0.0251  0.0249  0.0253  0.0243  0.0244  0.0242  0.0241  0.0242  0.0241
  0.0246  0.0245  0.0246  0.0248  0.0247  0.0248  0.0241  0.0242  0.0241  0.0241  0.0241  0.0240
  0.0246  0.0246  0.0245  0.0245  0.0245  0.0244  0.0241  0.0241  0.0241  0.0241  0.0241  0.0241
  0.0246  0.0246  0.0245  0.0244  0.0244  0.0241  0.0241  0.0242  0.0241  0.0242  0.0241  0.0241
  0.0247  0.0248  0.0245  0.0246  0.0244  0.0242  0.0243  0.0244  0.0243  0.0243  0.0241  0.0242
  0.0249  0.0250  0.0246  0.0253  0.0248  0.0250  0.0245  0.0250  0.0244  0.0245  0.0242  0.0243
registration optimization eta report
parameter search radius
    0.8000    0.8000    0.8000    2.7600    2.7600    2.7600
    2.4000    2.4000    2.4000    2.4000    2.4000    2.4000
100000*second partial in parameter space
       50.       39.       31.       11.        7.       14.
        7.       13.        5.        4.        4.        3.
  0.0248  0.0246  0.0248  0.0254  0.0252  0.0259  0.0245  0.0247  0.0243  0.0241  0.0243  0.0241
  0.0247  0.0245  0.0247  0.0251  0.0249  0.0253  0.0243  0.0244  0.0242  0.0241  0.0242  0.0241
  0.0246  0.0245  0.0246  0.0248  0.0247  0.0248  0.0241  0.0242  0.0241  0.0241  0.0241  0.0240
  0.0246  0.0246  0.0245  0.0245  0.0245  0.0244  0.0241  0.0241  0.0241  0.0241  0.0241  0.0241
  0.0246  0.0246  0.0245  0.0244  0.0244  0.0241  0.0241  0.0242  0.0241  0.0242  0.0241  0.0241
  0.0247  0.0248  0.0245  0.0246  0.0244  0.0242  0.0243  0.0244  0.0243  0.0243  0.0241  0.0242
  0.0249  0.0250  0.0246  0.0253  0.0248  0.0250  0.0245  0.0250  0.0244  0.0245  0.0242  0.0243
   -1.3038  -19.6819   10.0887   -3.6305  -14.7451  -22.6739
    5.0885   16.6771   -7.0874    0.7242  -13.5118    0.5740
eta,q 0.97596 19.77529

---------------------------------------------------------------------
imgreg_4dfp /opt/freesurfer/average/711-2C_as_mni_average_305 /opt/freesurfer/average/711-2B_as_mni_average_305_mask talsrcimg_g11 none talsrcimg_to_711-2C_as_mni_average_305_t4 2311
---------------------------------------------------------------------

freesurfer imgreg_4dfp.c
/opt/freesurfer/average/711-2C_as_mni_average_305.4dfp.img
       256       256       256         1
  1.000000  1.000000  1.000000
orientation T byte_order littleendian
Reading image: /opt/freesurfer/average/711-2C_as_mni_average_305.4dfp.img
dimensions:      256       256       256
mmppix:       1.0000   -1.0000   -1.0000
center:     128.0000 -129.0000 -129.0000
/opt/freesurfer/average/711-2B_as_mni_average_305_mask.4dfp.img
       256       256       256         1
  1.000000  1.000000  1.000000
orientation T byte_order littleendian
Reading mask: /opt/freesurfer/average/711-2B_as_mni_average_305_mask.4dfp.img (2306576 pixels)
talsrcimg_g11.4dfp.img
       256       256       256         1
  1.000000  1.000000  1.000000
orientation T byte_order littleendian
Reading image: talsrcimg_g11.4dfp.img
dimensions:      256       256       256
mmppix:       1.0000   -1.0000   -1.0000
center:     128.0000 -129.0000 -129.0000
fimgreg.f
image alignment mode   2311 decimal      907 hex
parameters
   -1.3038  -19.6819   10.0887   -3.6305  -14.7451  -22.6739
    5.0885   16.6771   -7.0874    0.7242  -13.5118    0.5740
eta,q 0.97596 19.77530
niter,ni,del,rscale     5    3    5.0000    0.8000
parameters
   -1.3072  -20.0664   10.4576   -4.6027  -14.8306  -23.0707
    5.4714   16.2960   -7.3277    0.3500  -13.7865    1.4763
eta,q 0.97558 19.74071
  0.0257  0.0246  0.0255  0.0256  0.0259  0.0270  0.0257  0.0258  0.0252  0.0250  0.0249  0.0251
  0.0247  0.0242  0.0247  0.0250  0.0253  0.0260  0.0251  0.0251  0.0248  0.0247  0.0246  0.0248
  0.0242  0.0240  0.0242  0.0244  0.0247  0.0251  0.0246  0.0247  0.0245  0.0245  0.0245  0.0246
  0.0240  0.0240  0.0240  0.0240  0.0242  0.0243  0.0244  0.0244  0.0245  0.0245  0.0244  0.0244
  0.0242  0.0243  0.0240  0.0242  0.0241  0.0240  0.0244  0.0244  0.0246  0.0245  0.0245  0.0244
  0.0248  0.0248  0.0242  0.0259  0.0248  0.0256  0.0248  0.0251  0.0249  0.0248  0.0247  0.0245
  0.0257  0.0256  0.0245  0.0299  0.0267  0.0297  0.0254  0.0268  0.0254  0.0252  0.0249  0.0248
niter,ni,del,rscale     4    3    5.0000    0.7000
parameters
   -1.3817  -20.2479   10.4117   -4.2634  -14.5892  -22.9682
    5.7280   16.3004   -7.2602   -0.1770  -13.6131    1.5091
eta,q 0.97580 19.76970
  0.0252  0.0249  0.0250  0.0259  0.0258  0.0266  0.0253  0.0256  0.0250  0.0246  0.0247  0.0246
  0.0247  0.0246  0.0246  0.0254  0.0252  0.0258  0.0248  0.0249  0.0245  0.0243  0.0244  0.0244
  0.0245  0.0244  0.0244  0.0249  0.0247  0.0250  0.0244  0.0245  0.0243  0.0242  0.0242  0.0243
  0.0244  0.0244  0.0244  0.0244  0.0243  0.0243  0.0242  0.0242  0.0242  0.0242  0.0242  0.0242
  0.0245  0.0245  0.0245  0.0241  0.0242  0.0239  0.0242  0.0242  0.0243  0.0243  0.0242  0.0242
  0.0248  0.0248  0.0247  0.0244  0.0246  0.0246  0.0245  0.0246  0.0245  0.0245  0.0244  0.0244
  0.0253  0.0253  0.0250  0.0260  0.0258  0.0274  0.0251  0.0259  0.0249  0.0249  0.0246  0.0246
niter,ni,del,rscale     3    3    5.0000    0.6000
parameters
   -1.4365  -20.4019   10.4543   -4.0197  -14.2192  -22.5001
    5.6883   16.2746   -7.3084   -0.8801  -13.3023    1.1481
eta,q 0.97615 19.81569
  0.0248  0.0246  0.0247  0.0254  0.0253  0.0262  0.0246  0.0251  0.0244  0.0241  0.0243  0.0241
  0.0244  0.0244  0.0244  0.0250  0.0249  0.0254  0.0242  0.0245  0.0241  0.0239  0.0240  0.0240
  0.0242  0.0242  0.0242  0.0246  0.0244  0.0247  0.0240  0.0241  0.0239  0.0239  0.0239  0.0239
  0.0242  0.0242  0.0242  0.0242  0.0241  0.0241  0.0239  0.0239  0.0239  0.0239  0.0238  0.0239
  0.0243  0.0243  0.0242  0.0240  0.0240  0.0237  0.0239  0.0239  0.0239  0.0240  0.0239  0.0239
  0.0245  0.0245  0.0244  0.0243  0.0243  0.0240  0.0242  0.0243  0.0241  0.0241  0.0240  0.0240
  0.0249  0.0249  0.0246  0.0255  0.0251  0.0258  0.0247  0.0254  0.0245  0.0245  0.0241  0.0243
niter,ni,del,rscale     2    3    5.0000    0.5000
parameters
   -1.4635  -20.5996   10.5915   -3.7662  -13.7360  -21.9270
    5.6322   16.2503   -7.4503   -1.7254  -13.0443    0.6661
eta,q 0.97656 19.87267
  0.0244  0.0241  0.0243  0.0248  0.0247  0.0255  0.0241  0.0245  0.0239  0.0236  0.0238  0.0236
  0.0241  0.0239  0.0240  0.0245  0.0243  0.0249  0.0237  0.0240  0.0236  0.0235  0.0236  0.0235
  0.0239  0.0238  0.0239  0.0241  0.0240  0.0243  0.0235  0.0237  0.0235  0.0234  0.0235  0.0235
  0.0238  0.0238  0.0238  0.0238  0.0238  0.0237  0.0235  0.0235  0.0235  0.0235  0.0234  0.0234
  0.0239  0.0239  0.0238  0.0237  0.0237  0.0234  0.0235  0.0235  0.0235  0.0236  0.0235  0.0235
  0.0241  0.0241  0.0239  0.0239  0.0238  0.0236  0.0237  0.0239  0.0237  0.0237  0.0236  0.0236
  0.0244  0.0244  0.0241  0.0248  0.0244  0.0248  0.0241  0.0248  0.0239  0.0240  0.0237  0.0238
niter,ni,del,rscale     1    3    5.0000    0.4000
parameters
   -1.4781  -20.8906   10.7979   -3.5989  -13.1512  -21.3280
    5.6421   16.2401   -7.5974   -2.6381  -12.8484    0.2807
eta,q 0.97694 19.93014
  0.0238  0.0235  0.0238  0.0242  0.0241  0.0248  0.0235  0.0239  0.0234  0.0232  0.0233  0.0232
  0.0236  0.0234  0.0236  0.0239  0.0238  0.0242  0.0233  0.0235  0.0232  0.0231  0.0232  0.0231
  0.0235  0.0234  0.0235  0.0236  0.0236  0.0237  0.0232  0.0232  0.0231  0.0231  0.0231  0.0231
  0.0234  0.0234  0.0234  0.0234  0.0234  0.0233  0.0231  0.0231  0.0231  0.0231  0.0231  0.0231
  0.0235  0.0235  0.0234  0.0233  0.0233  0.0231  0.0231  0.0231  0.0231  0.0232  0.0231  0.0231
  0.0236  0.0237  0.0234  0.0235  0.0234  0.0232  0.0233  0.0234  0.0233  0.0233  0.0231  0.0232
  0.0239  0.0239  0.0235  0.0241  0.0237  0.0240  0.0235  0.0241  0.0234  0.0235  0.0233  0.0233
registration optimization eta report
parameter search radius
    0.8000    0.8000    0.8000    2.4000    2.4000    2.4000
    2.4000    2.4000    2.4000    2.4000    2.4000    2.4000
100000*second partial in parameter space
       63.       42.       38.       13.        9.       19.
        8.       16.        5.        4.        4.        3.
  0.0238  0.0235  0.0238  0.0242  0.0241  0.0248  0.0235  0.0239  0.0234  0.0232  0.0233  0.0232
  0.0236  0.0234  0.0236  0.0239  0.0238  0.0242  0.0233  0.0235  0.0232  0.0231  0.0232  0.0231
  0.0235  0.0234  0.0235  0.0236  0.0236  0.0237  0.0232  0.0232  0.0231  0.0231  0.0231  0.0231
  0.0234  0.0234  0.0234  0.0234  0.0234  0.0233  0.0231  0.0231  0.0231  0.0231  0.0231  0.0231
  0.0235  0.0235  0.0234  0.0233  0.0233  0.0231  0.0231  0.0231  0.0231  0.0232  0.0231  0.0231
  0.0236  0.0237  0.0234  0.0235  0.0234  0.0232  0.0233  0.0234  0.0233  0.0233  0.0231  0.0232
  0.0239  0.0239  0.0235  0.0241  0.0237  0.0240  0.0235  0.0241  0.0234  0.0235  0.0233  0.0233
   -1.4781  -20.8906   10.7979   -3.5989  -13.1512  -21.3280
    5.6421   16.2401   -7.5974   -2.6381  -12.8484    0.2807
eta,q 0.97694 19.93014

---------------------------------------------------------------------
compute_vox2vox talsrcimg talsrcimg_to_711-2C_as_mni_average_305_t4 /opt/freesurfer/average/711-2C_as_mni_average_305
---------------------------------------------------------------------

freesurfer compute_vox2vox.c
Reading: talsrcimg.4dfp.ifh
Reading: talsrcimg_to_711-2C_as_mni_average_305_t4
Reading: /opt/freesurfer/average/711-2C_as_mni_average_305.4dfp.ifh
Writing: talsrcimg_to_711-2C_as_mni_average_305_t4_vox2vox.txt

start time Mon Mar 9 03:56:28 CET 2026
end		time Mon Mar 9 03:56:43 CET 2026

mpr2mni305 success

avi2talxfm orig_nu.mgz /opt/freesurfer/average/mni305.cor.mgz talsrcimg_to_711-2C_as_mni_average_305_t4_vox2vox.txt transforms/talairach.auto.xfm
avi2talxfm done
mv -f /out/sourcedata/freesurfer/sub-v1s18x0051213_ses-1/mri/talsrcimg_to_711-2C_as_mni_average_305_t4_vox2vox.txt /out/sourcedata/freesurfer/sub-v1s18x0051213_ses-1/mri/transforms/talsrcimg_to_711-2C_as_mni_average_305_t4_vox2vox.txt
lta_convert --src orig_nu.mgz --trg /opt/freesurfer/average/mni305.cor.mgz --inxfm transforms/talairach.auto.xfm --outlta transforms/talairach.auto.xfm.lta --subject fsaverage
7.3.2

--src: orig_nu.mgz src image (geometry).
--trg: /opt/freesurfer/average/mni305.cor.mgz trg image (geometry).
--inmni: transforms/talairach.auto.xfm input MNI/XFM transform.
--outlta: transforms/talairach.auto.xfm.lta output LTA.
--s: fsaverage subject name
 LTA read, type : 1
 1.00432  -0.20949  -0.06457  -3.88115;
 0.16369   1.23682  -0.01463  -2.34821;
 0.09283   0.01924   1.14533   41.34081;
 0.00000   0.00000   0.00000   1.00000;
setting subject to fsaverage
Writing  LTA to file transforms/talairach.auto.xfm.lta...
lta_convert successful.
 
 
Started at Mon Mar 9 03:56:28 CET 2026
Ended   at Mon Mar  9 03:56:43 CET 2026
talairach_avi done
