status file for recon-all
Mon Mar  9 08:35:24 CET 2026
#@# Tessellate lh Mon Mar  9 08:35:24 CET 2026
#@# Smooth1 lh Mon Mar  9 08:35:27 CET 2026
#@# Inflation1 lh Mon Mar  9 08:35:30 CET 2026
#@# QSphere lh Mon Mar  9 08:35:42 CET 2026
#@# Fix Topology lh Mon Mar  9 08:36:48 CET 2026
#@# Smooth2 lh Mon Mar  9 08:41:45 CET 2026
#@# Inflation2 lh Mon Mar  9 08:41:48 CET 2026
#@# Curv .H and .K lh Mon Mar  9 08:42:02 CET 2026
#@# Sphere lh Mon Mar  9 08:42:47 CET 2026
#@# Surf Reg lh Mon Mar  9 08:44:56 CET 2026
#@# Jacobian white lh Mon Mar  9 08:48:21 CET 2026
#@# AvgCurv lh Mon Mar  9 08:48:22 CET 2026
#@# Cortical Parc lh Mon Mar  9 08:48:23 CET 2026
#@# white curv lh Mon Mar  9 08:54:23 CET 2026
#@# white area lh Mon Mar  9 08:54:25 CET 2026
#@# pial curv lh Mon Mar  9 08:54:25 CET 2026
#@# pial area lh Mon Mar  9 08:54:27 CET 2026
#@# thickness lh Mon Mar  9 08:54:27 CET 2026
#@# area and vertex vol lh Mon Mar  9 08:54:55 CET 2026
#@# Curvature Stats lh Mon Mar  9 08:54:56 CET 2026
#@# Cortical Parc 2 lh Mon Mar  9 08:54:59 CET 2026
#@# Cortical Parc 3 lh Mon Mar  9 08:55:11 CET 2026
#@# WM/GM Contrast lh Mon Mar  9 08:55:20 CET 2026
recon-all -s sub-v1s18x0051266_ses-1 finished without error at Mon Mar  9 08:55:23 CET 2026



#New# invocation of recon-all 



status file for recon-all
Mon Mar  9 09:20:28 CET 2026
#@# white curv lh Mon Mar  9 09:20:28 CET 2026
#@# white area lh Mon Mar  9 09:20:28 CET 2026
#@# pial curv lh Mon Mar  9 09:20:28 CET 2026
#@# pial area lh Mon Mar  9 09:20:28 CET 2026
#@# thickness lh Mon Mar  9 09:20:28 CET 2026
#@# area and vertex vol lh Mon Mar  9 09:20:28 CET 2026
#@# Parcellation Stats lh Mon Mar  9 09:20:28 CET 2026
#@# Parcellation Stats 2 lh Mon Mar  9 09:20:45 CET 2026
#@# Parcellation Stats 3 lh Mon Mar  9 09:20:53 CET 2026
#@# BA_exvivo Labels lh Mon Mar  9 09:21:02 CET 2026
recon-all -s sub-v1s18x0051266_ses-1 finished without error at Mon Mar  9 09:23:30 CET 2026
