status file for recon-all
Mon Mar  9 06:49:42 CET 2026
#@# MotionCor Mon Mar  9 06:49:44 CET 2026
#@# Talairach Mon Mar  9 06:49:51 CET 2026
#@# Talairach Failure Detection Mon Mar  9 06:54:19 CET 2026
#@# Nu Intensity Correction Mon Mar  9 06:54:19 CET 2026
#@# Intensity Normalization Mon Mar  9 06:57:37 CET 2026
recon-all -s sub-v1s18x0051266_ses-1 finished without error at Mon Mar  9 06:59:10 CET 2026



#New# invocation of recon-all 



status file for recon-all
Mon Mar  9 07:06:26 CET 2026
#@# EM Registration Mon Mar  9 07:06:26 CET 2026
recon-all -s sub-v1s18x0051266_ses-1 finished without error at Mon Mar  9 07:08:21 CET 2026



#New# invocation of recon-all 



status file for recon-all
Mon Mar  9 07:08:25 CET 2026
#@# CA Normalize Mon Mar  9 07:08:25 CET 2026
#@# CA Reg Mon Mar  9 07:09:45 CET 2026
#@# SubCort Seg Mon Mar  9 08:01:06 CET 2026
#@# CC Seg Mon Mar  9 08:27:55 CET 2026
#@# Merge ASeg Mon Mar  9 08:30:10 CET 2026
#@# Intensity Normalization2 Mon Mar  9 08:30:10 CET 2026
#@# Mask BFS Mon Mar  9 08:32:27 CET 2026
#@# WM Segmentation Mon Mar  9 08:32:28 CET 2026
#@# Fill Mon Mar  9 08:34:17 CET 2026
recon-all -s sub-v1s18x0051266_ses-1 finished without error at Mon Mar  9 08:35:19 CET 2026



#New# invocation of recon-all 



status file for recon-all
Mon Mar  9 09:15:41 CET 2026
#@# white curv lh Mon Mar  9 09:15:42 CET 2026
#@# white area lh Mon Mar  9 09:15:42 CET 2026
#@# pial curv lh Mon Mar  9 09:15:42 CET 2026
#@# pial area lh Mon Mar  9 09:15:42 CET 2026
#@# thickness lh Mon Mar  9 09:15:42 CET 2026
#@# area and vertex vol lh Mon Mar  9 09:15:42 CET 2026
#@# white curv rh Mon Mar  9 09:15:42 CET 2026
#@# white area rh Mon Mar  9 09:15:42 CET 2026
#@# pial curv rh Mon Mar  9 09:15:42 CET 2026
#@# pial area rh Mon Mar  9 09:15:42 CET 2026
#@# thickness rh Mon Mar  9 09:15:42 CET 2026
#@# area and vertex vol rh Mon Mar  9 09:15:42 CET 2026
#@# Cortical ribbon mask Mon Mar  9 09:15:42 CET 2026
recon-all -s sub-v1s18x0051266_ses-1 finished without error at Mon Mar  9 09:20:23 CET 2026



#New# invocation of recon-all 



status file for recon-all
Mon Mar  9 09:26:36 CET 2026
#@# white curv lh Mon Mar  9 09:26:36 CET 2026
#@# white area lh Mon Mar  9 09:26:36 CET 2026
#@# pial curv lh Mon Mar  9 09:26:36 CET 2026
#@# pial area lh Mon Mar  9 09:26:36 CET 2026
#@# thickness lh Mon Mar  9 09:26:36 CET 2026
#@# area and vertex vol lh Mon Mar  9 09:26:36 CET 2026
#@# white curv rh Mon Mar  9 09:26:36 CET 2026
#@# white area rh Mon Mar  9 09:26:36 CET 2026
#@# pial curv rh Mon Mar  9 09:26:36 CET 2026
#@# pial area rh Mon Mar  9 09:26:36 CET 2026
#@# thickness rh Mon Mar  9 09:26:36 CET 2026
#@# area and vertex vol rh Mon Mar  9 09:26:36 CET 2026
#@# Curvature Stats lh Mon Mar  9 09:26:36 CET 2026
#@# Curvature Stats rh Mon Mar  9 09:26:38 CET 2026
#@# Relabel Hypointensities Mon Mar  9 09:26:41 CET 2026
#@# APas-to-ASeg Mon Mar  9 09:26:56 CET 2026
#@# AParc-to-ASeg aparc Mon Mar  9 09:27:04 CET 2026
#@# AParc-to-ASeg aparc.a2009s Mon Mar  9 09:27:42 CET 2026
#@# AParc-to-ASeg aparc.DKTatlas Mon Mar  9 09:28:23 CET 2026
#@# WMParc Mon Mar  9 09:29:02 CET 2026
#@# ASeg Stats Mon Mar  9 09:32:58 CET 2026
recon-all -s sub-v1s18x0051266_ses-1 finished without error at Mon Mar  9 09:33:36 CET 2026
