/out/sourcedata/freesurfer/sub-v1s18x0051203_ses-1/mri
/opt/freesurfer/bin/talairach_avi
--i orig_nu.mgz --xfm transforms/talairach.auto.xfm
talairach_avi 7.3.2
Linux dna056 5.14.0-427.37.1.el9_4.x86_64 #1 SMP PREEMPT_DYNAMIC Fri Sep 13 12:41:50 EDT 2024 x86_64 x86_64 x86_64 GNU/Linux
Mon Mar  9 03:39:06 CET 2026
mri_convert orig_nu.mgz talsrcimg.img 
reading from orig_nu.mgz...
TR=0.00, TE=0.00, TI=0.00, flip angle=0.00
i_ras = (-1, 7.45058e-09, 0)
j_ras = (0, 0, -1)
k_ras = (7.45058e-09, 1, 0)
writing to talsrcimg.img...
Analyze Output Matrix
-1.00000   0.00000   0.00000   130.27846;
 0.00000   0.00000   1.00000  -124.42113;
 0.00000  -1.00000   0.00000   116.68280;
 0.00000   0.00000   0.00000   1.00000;
--------------------
INFO: set hdr.hist.orient to -1
mpr2mni305 talsrcimg
Mon Mar  9 03:39:06 CET 2026
/opt/freesurfer/bin/mpr2mni305 talsrcimg
mpr2mni305 7.3.2
target=711-2C_as_mni_average_305

---------------------------------------------------------------------
analyzeto4dfp talsrcimg -O0 -y
---------------------------------------------------------------------

freesurfer ifh2hdr.c
Mon Mar  9 03:39:07 2026
Writing: talsrcimg.4dfp.hdr
freesurfer analyzeto4dfp.c
Reading: talsrcimg.hdr
header size 348 bytes
hdr.dime.datatype	offset=70	value=2
hdr.dime.bitpix		offset=72	value=8
hdr.hist.orient		offset=252	value=-1
dimensionality     4
dimensions       256       256       256         1
Reading: talsrcimg.img
Writing: talsrcimg.4dfp.img
Writing: talsrcimg.4dfp.ifh
ifh2hdr talsrcimg -r0to206
ori=2

---------------------------------------------------------------------
gauss_4dfp talsrcimg 1.1
---------------------------------------------------------------------

freesurfer gauss_4dfp.c
Reading: talsrcimg.4dfp.img
Writing: talsrcimg_g11.4dfp.img
image dimensions 256 256 256 padded to 288 288 288
processing volume 1freesurfer ifh2hdr.c
Mon Mar  9 03:39:08 2026
Writing: talsrcimg_g11.4dfp.hdr

Writing: talsrcimg_g11.4dfp.ifh
including: talsrcimg.4dfp.img.rec in talsrcimg_g11.4dfp.img.rec

---------------------------------------------------------------------
imgreg_4dfp /opt/freesurfer/average/711-2C_as_mni_average_305 none talsrcimg_g11 none talsrcimg_to_711-2C_as_mni_average_305_t4 4355
---------------------------------------------------------------------

freesurfer imgreg_4dfp.c
/opt/freesurfer/average/711-2C_as_mni_average_305.4dfp.img
       256       256       256         1
  1.000000  1.000000  1.000000
orientation T byte_order littleendian
Reading image: /opt/freesurfer/average/711-2C_as_mni_average_305.4dfp.img
dimensions:      256       256       256
mmppix:       1.0000   -1.0000   -1.0000
center:     128.0000 -129.0000 -129.0000
talsrcimg_g11.4dfp.img
       256       256       256         1
  1.000000  1.000000  1.000000
orientation T byte_order littleendian
Reading image: talsrcimg_g11.4dfp.img
dimensions:      256       256       256
mmppix:       1.0000   -1.0000   -1.0000
center:     128.0000 -129.0000 -129.0000
t4_read: open error in t4_sub.f l:  41 t4_file(1:l)talsrcimg_to_711-2C_as_mni_average_305_t4 
t4_read: transform initialized to I4
rotation matrix determinant  1.000000
image alignment mode   4355 decimal     1103 hex
   -7.5000  -45.0000  -45.0000 7563.0977   23.1053
    0.0000  -45.0000  -45.0000 7805.9600   23.0198
    7.5000  -45.0000  -45.0000 7498.1963   23.0307
   -7.5000  -37.5000  -45.0000 8190.6064   23.0439
    0.0000  -37.5000  -45.0000 8448.8545   22.9604
    7.5000  -37.5000  -45.0000 8072.1777   22.9787
   -7.5000  -30.0000  -45.0000 9022.9678   23.1904
    0.0000  -30.0000  -45.0000 9304.7598   23.1064
    7.5000  -30.0000  -45.0000 8873.8623   23.1275
   -7.5000  -22.5000  -45.0000 9743.6650   23.3045
    0.0000  -22.5000  -45.000010045.3975   23.2187
    7.5000  -22.5000  -45.0000 9593.2236   23.2360
   -7.5000  -15.0000  -45.000010409.8252   23.2820
    0.0000  -15.0000  -45.000010742.4785   23.1979
    7.5000  -15.0000  -45.000010243.5723   23.2104
   -7.5000   -7.5000  -45.000011105.7002   23.1563
    0.0000   -7.5000  -45.000011453.5303   23.0722
    7.5000   -7.5000  -45.000010931.5928   23.0811
   -7.5000    0.0000  -45.000011733.0039   23.0327
    0.0000    0.0000  -45.000012125.4219   22.9476
    7.5000    0.0000  -45.000011549.0020   22.9584
   -7.5000    7.5000  -45.000011540.8174   23.0439
    0.0000    7.5000  -45.000011956.7881   22.9604
    7.5000    7.5000  -45.000011386.9102   22.9787
   -7.5000   15.0000  -45.000011150.9004   23.1904
    0.0000   15.0000  -45.000011561.0068   23.1064
    7.5000   15.0000  -45.000011018.6504   23.1275
   -7.5000   22.5000  -45.000010583.1025   23.3013
    0.0000   22.5000  -45.000010938.1328   23.2155
    7.5000   22.5000  -45.000010425.6846   23.2328
   -7.5000   30.0000  -45.0000 9687.8008   22.9717
    0.0000   30.0000  -45.0000 9979.1826   22.8888
    7.5000   30.0000  -45.0000 9517.2646   22.9011
   -7.5000   37.5000  -45.0000 9143.4531   22.8477
    0.0000   37.5000  -45.0000 9435.4609   22.7647
    7.5000   37.5000  -45.0000 8997.1709   22.7735
   -7.5000   45.0000  -45.0000 8361.4941   22.1487
    0.0000   45.0000  -45.0000 8616.9531   22.0669
    7.5000   45.0000  -45.0000 8212.4756   22.0773
   -7.5000  -45.0000  -37.5000 8083.6069   22.9888
    0.0000  -45.0000  -37.5000 8382.7852   22.8993
    7.5000  -45.0000  -37.5000 8025.5981   22.9154
   -7.5000  -37.5000  -37.5000 8729.9404   22.9185
    0.0000  -37.5000  -37.5000 9054.7461   22.8289
    7.5000  -37.5000  -37.5000 8636.5059   22.8495
   -7.5000  -30.0000  -37.5000 9592.3574   23.0584
    0.0000  -30.0000  -37.5000 9946.0117   22.9695
    7.5000  -30.0000  -37.5000 9476.7500   22.9917
   -7.5000  -22.5000  -37.500010365.9053   23.1773
    0.0000  -22.5000  -37.500010731.5332   23.0909
    7.5000  -22.5000  -37.500010219.4502   23.1105
   -7.5000  -15.0000  -37.500011048.1504   23.1667
    0.0000  -15.0000  -37.500011473.2422   23.0843
    7.5000  -15.0000  -37.500010889.3125   23.1007
   -7.5000   -7.5000  -37.500011763.4404   23.0459
    0.0000   -7.5000  -37.500012219.7305   22.9615
    7.5000   -7.5000  -37.500011595.3174   22.9759
   -7.5000    0.0000  -37.500012403.9102   22.9170
    0.0000    0.0000  -37.500012904.4229   22.8280
    7.5000    0.0000  -37.500012248.7852   22.8440
   -7.5000    7.5000  -37.500012202.3574   22.9185
    0.0000    7.5000  -37.500012714.9346   22.8289
    7.5000    7.5000  -37.500012064.0859   22.8495
   -7.5000   15.0000  -37.500011784.1055   23.0584
    0.0000   15.0000  -37.500012270.6211   22.9695
    7.5000   15.0000  -37.500011636.7217   22.9917
   -7.5000   22.5000  -37.500011156.5703   23.1741
    0.0000   22.5000  -37.500011586.3438   23.0877
    7.5000   22.5000  -37.500010976.2900   23.1073
   -7.5000   30.0000  -37.500010194.6104   22.8580
    0.0000   30.0000  -37.500010581.7061   22.7767
    7.5000   30.0000  -37.500010029.0449   22.7928
   -7.5000   37.5000  -37.5000 9599.8486   22.7388
    0.0000   37.5000  -37.5000 9966.9932   22.6556
    7.5000   37.5000  -37.5000 9443.1699   22.6697
   -7.5000   45.0000  -37.5000 8737.0186   22.0375
    0.0000   45.0000  -37.5000 9077.8604   21.9519
    7.5000   45.0000  -37.5000 8608.6982   21.9673
   -7.5000  -45.0000  -30.0000 8767.2207   23.9425
    0.0000  -45.0000  -30.0000 9078.6895   23.8433
    7.5000  -45.0000  -30.0000 8652.1797   23.8579
   -7.5000  -37.5000  -30.0000 9446.9600   23.8649
    0.0000  -37.5000  -30.0000 9784.1094   23.7628
    7.5000  -37.5000  -30.0000 9297.5664   23.7766
   -7.5000  -30.0000  -30.000010379.0664   24.0049
    0.0000  -30.0000  -30.000010747.3408   23.9062
    7.5000  -30.0000  -30.000010181.8428   23.9188
   -7.5000  -22.5000  -30.000011198.8252   24.1269
    0.0000  -22.5000  -30.000011599.4082   24.0365
    7.5000  -22.5000  -30.000010967.3877   24.0496
   -7.5000  -15.0000  -30.000011939.2100   24.1209
    0.0000  -15.0000  -30.000012401.3271   24.0372
    7.5000  -15.0000  -30.000011713.6074   24.0518
   -7.5000   -7.5000  -30.000012702.3574   24.0013
    0.0000   -7.5000  -30.000013230.1758   23.9126
    7.5000   -7.5000  -30.000012456.3223   23.9276
   -7.5000    0.0000  -30.000013373.6084   23.8679
    0.0000    0.0000  -30.000013923.2480   23.7691
    7.5000    0.0000  -30.000013093.3506   23.7837
   -7.5000    7.5000  -30.000013132.9580   23.8649
    0.0000    7.5000  -30.000013668.3945   23.7628
    7.5000    7.5000  -30.000012865.3154   23.7766
   -7.5000   15.0000  -30.000012649.3721   24.0049
    0.0000   15.0000  -30.000013174.7158   23.9062
    7.5000   15.0000  -30.000012388.7080   23.9188
   -7.5000   22.5000  -30.000011925.0273   24.1211
    0.0000   22.5000  -30.000012435.6572   24.0307
    7.5000   22.5000  -30.000011688.3184   24.0438
   -7.5000   30.0000  -30.000010871.7402   23.8017
    0.0000   30.0000  -30.000011345.3652   23.7192
    7.5000   30.0000  -30.000010681.0342   23.7335
   -7.5000   37.5000  -30.000010214.8350   23.6837
    0.0000   37.5000  -30.000010658.9424   23.5962
    7.5000   37.5000  -30.000010051.3584   23.6110
   -7.5000   45.0000  -30.0000 9269.3984   22.9687
    0.0000   45.0000  -30.0000 9685.3760   22.8736
    7.5000   45.0000  -30.0000 9134.9736   22.8877
   -7.5000  -45.0000  -22.5000 9440.1680   24.7655
    0.0000  -45.0000  -22.5000 9776.9316   24.6623
    7.5000  -45.0000  -22.5000 9262.4385   24.6714
   -7.5000  -37.5000  -22.500010186.7549   24.6927
    0.0000  -37.5000  -22.500010529.0967   24.5854
    7.5000  -37.5000  -22.5000 9957.4277   24.5904
   -7.5000  -30.0000  -22.500011195.2822   24.8399
    0.0000  -30.0000  -22.500011573.7646   24.7369
    7.5000  -30.0000  -22.500010908.0918   24.7384
   -7.5000  -22.5000  -22.500012046.8379   24.9584
    0.0000  -22.5000  -22.500012481.9258   24.8660
    7.5000  -22.5000  -22.500011741.7568   24.8691
   -7.5000  -15.0000  -22.500012880.8545   24.9428
    0.0000  -15.0000  -22.500013377.8525   24.8581
    7.5000  -15.0000  -22.500012562.6299   24.8666
   -7.5000   -7.5000  -22.500013672.3848   24.8192
    0.0000   -7.5000  -22.500014235.3838   24.7286
    7.5000   -7.5000  -22.500013333.8066   24.7396
   -7.5000    0.0000  -22.500014382.1621   24.6882
    0.0000    0.0000  -22.500014955.7305   24.5855
    7.5000    0.0000  -22.500013993.7676   24.5947
   -7.5000    7.5000  -22.500014090.1064   24.6927
    0.0000    7.5000  -22.500014669.2217   24.5854
    7.5000    7.5000  -22.500013716.5918   24.5904
   -7.5000   15.0000  -22.500013542.7617   24.8399
    0.0000   15.0000  -22.500014110.7090   24.7369
    7.5000   15.0000  -22.500013175.4766   24.7384
   -7.5000   22.5000  -22.500012757.6221   24.9507
    0.0000   22.5000  -22.500013288.6641   24.8584
    7.5000   22.5000  -22.500012396.2344   24.8614
   -7.5000   30.0000  -22.500011639.3740   24.6166
    0.0000   30.0000  -22.500012151.2861   24.5330
    7.5000   30.0000  -22.500011352.5420   24.5414
   -7.5000   37.5000  -22.500010928.1162   24.4945
    0.0000   37.5000  -22.500011428.1660   24.4052
    7.5000   37.5000  -22.500010704.8496   24.4160
   -7.5000   45.0000  -22.5000 9850.8965   23.7760
    0.0000   45.0000  -22.500010323.7686   23.6771
    7.5000   45.0000  -22.5000 9684.3008   23.6859
   -7.5000  -45.0000  -15.000010123.2373   25.3705
    0.0000  -45.0000  -15.000010471.0781   25.2696
    7.5000  -45.0000  -15.0000 9913.2021   25.2731
   -7.5000  -37.5000  -15.000010906.7119   25.3035
    0.0000  -37.5000  -15.000011257.5850   25.2007
    7.5000  -37.5000  -15.000010637.9443   25.2031
   -7.5000  -30.0000  -15.000012000.8965   25.4620
    0.0000  -30.0000  -15.000012397.5029   25.3622
    7.5000  -30.0000  -15.000011688.6641   25.3623
   -7.5000  -22.5000  -15.000012943.4766   25.5820
    0.0000  -22.5000  -15.000013381.2822   25.4883
    7.5000  -22.5000  -15.000012591.1787   25.4886
   -7.5000  -15.0000  -15.000013808.2998   25.5559
    0.0000  -15.0000  -15.000014338.8252   25.4679
    7.5000  -15.0000  -15.000013428.8369   25.4720
   -7.5000   -7.5000  -15.000014580.9756   25.4229
    0.0000   -7.5000  -15.000015194.5527   25.3311
    7.5000   -7.5000  -15.000014219.2676   25.3362
   -7.5000    0.0000  -15.000015325.8311   25.2910
    0.0000    0.0000  -15.000015978.5029   25.1907
    7.5000    0.0000  -15.000014953.7920   25.1943
   -7.5000    7.5000  -15.000015052.0557   25.3035
    0.0000    7.5000  -15.000015690.8223   25.2007
    7.5000    7.5000  -15.000014659.9531   25.2031
   -7.5000   15.0000  -15.000014460.3223   25.4620
    0.0000   15.0000  -15.000015063.5420   25.3622
    7.5000   15.0000  -15.000014039.0898   25.3623
   -7.5000   22.5000  -15.000013562.7373   25.5729
    0.0000   22.5000  -15.000014148.4697   25.4793
    7.5000   22.5000  -15.000013155.6543   25.4796
   -7.5000   30.0000  -15.000012384.9424   25.2252
    0.0000   30.0000  -15.000012960.8311   25.1383
    7.5000   30.0000  -15.000012066.3232   25.1423
   -7.5000   37.5000  -15.000011641.4375   25.0938
    0.0000   37.5000  -15.000012223.2959   25.0032
    7.5000   37.5000  -15.000011403.1494   25.0083
   -7.5000   45.0000  -15.000010431.8291   24.3712
    0.0000   45.0000  -15.000010980.8447   24.2746
    7.5000   45.0000  -15.000010289.3691   24.2780
   -7.5000  -45.0000   -7.500010837.4492   25.6819
    0.0000  -45.0000   -7.500011238.9795   25.5854
    7.5000  -45.0000   -7.500010654.0000   25.5911
   -7.5000  -37.5000   -7.500011646.8428   25.6150
    0.0000  -37.5000   -7.500012072.1240   25.5203
    7.5000  -37.5000   -7.500011429.6504   25.5312
   -7.5000  -30.0000   -7.500012852.5186   25.7786
    0.0000  -30.0000   -7.500013327.4375   25.6844
    7.5000  -30.0000   -7.500012581.6699   25.6973
   -7.5000  -22.5000   -7.500013931.8633   25.9036
    0.0000  -22.5000   -7.500014479.5801   25.8093
    7.5000  -22.5000   -7.500013582.1406   25.8194
   -7.5000  -15.0000   -7.500014814.4492   25.8760
    0.0000  -15.0000   -7.500015484.8652   25.7839
    7.5000  -15.0000   -7.500014482.8740   25.7921
   -7.5000   -7.5000   -7.500015559.2578   25.7369
    0.0000   -7.5000   -7.500016276.9844   25.6436
    7.5000   -7.5000   -7.500015290.2461   25.6492
   -7.5000    0.0000   -7.500016320.2871   25.6014
    0.0000    0.0000   -7.500017081.1230   25.5053
    7.5000    0.0000   -7.500016079.0684   25.5112
   -7.5000    7.5000   -7.500016061.0146   25.6150
    0.0000    7.5000   -7.500016783.7988   25.5203
    7.5000    7.5000   -7.500015755.7705   25.5312
   -7.5000   15.0000   -7.500015403.4346   25.7786
    0.0000   15.0000   -7.500016084.4541   25.6844
    7.5000   15.0000   -7.500015064.2256   25.6973
   -7.5000   22.5000   -7.500014404.4297   25.8916
    0.0000   22.5000   -7.500015073.4229   25.7974
    7.5000   22.5000   -7.500014063.3887   25.8074
   -7.5000   30.0000   -7.500013146.6768   25.5404
    0.0000   30.0000   -7.500013809.0664   25.4495
    7.5000   30.0000   -7.500012871.0312   25.4576
   -7.5000   37.5000   -7.500012374.6221   25.4031
    0.0000   37.5000   -7.500013046.7656   25.3111
    7.5000   37.5000   -7.500012195.5801   25.3166
   -7.5000   45.0000   -7.500011101.6387   24.6750
    0.0000   45.0000   -7.500011706.2783   24.5823
    7.5000   45.0000   -7.500010981.3545   24.5879
   -7.5000  -45.0000    0.000011416.1914   25.7380
    0.0000  -45.0000    0.000011881.4277   25.6429
    7.5000  -45.0000    0.000011311.4707   25.6568
   -7.5000  -37.5000    0.000012239.5586   25.6679
    0.0000  -37.5000    0.000012744.0742   25.5752
    7.5000  -37.5000    0.000012129.3613   25.5972
   -7.5000  -30.0000    0.000013578.5518   25.8303
    0.0000  -30.0000    0.000014164.1270   25.7370
    7.5000  -30.0000    0.000013413.6396   25.7624
   -7.5000  -22.5000    0.000014796.3691   25.9590
    0.0000  -22.5000    0.000015627.3701   25.8637
    7.5000  -22.5000    0.000014669.8887   25.8848
   -7.5000  -15.0000    0.000015668.1338   25.9360
    0.0000  -15.0000    0.000016617.3301   25.8426
    7.5000  -15.0000    0.000015650.5410   25.8584
   -7.5000   -7.5000    0.000016409.0996   25.7964
    0.0000   -7.5000    0.000017250.4648   25.7029
    7.5000   -7.5000    0.000016444.6484   25.7147
   -7.5000    0.0000    0.000017233.6641   25.6575
    0.0000    0.0000    0.000018057.6035   25.5628
    7.5000    0.0000    0.000017262.8398   25.5767
   -7.5000    7.5000    0.000016956.9688   25.6679
    0.0000    7.5000    0.000017742.6875   25.5752
    7.5000    7.5000    0.000016899.8047   25.5972
   -7.5000   15.0000    0.000016180.0117   25.8303
    0.0000   15.0000    0.000016972.1836   25.7370
    7.5000   15.0000    0.000016098.7061   25.7624
   -7.5000   22.5000    0.000015122.8730   25.9470
    0.0000   22.5000    0.000015909.0771   25.8518
    7.5000   22.5000    0.000015006.6445   25.8729
   -7.5000   30.0000    0.000013808.0879   25.6004
    0.0000   30.0000    0.000014575.7559   25.5082
    7.5000   30.0000    0.000013680.5439   25.5238
   -7.5000   37.5000    0.000013025.7783   25.4625
    0.0000   37.5000    0.000013785.7998   25.3703
    7.5000   37.5000    0.000012941.8438   25.3819
   -7.5000   45.0000    0.000011742.4414   24.7309
    0.0000   45.0000    0.000012402.7197   24.6396
    7.5000   45.0000    0.000011665.1885   24.6530
   -7.5000  -45.0000    7.500011090.3535   25.7246
    0.0000  -45.0000    7.500011553.4180   25.6245
    7.5000  -45.0000    7.500011036.8018   25.6425
   -7.5000  -37.5000    7.500011874.8379   25.6460
    0.0000  -37.5000    7.500012375.6660   25.5457
    7.5000  -37.5000    7.500011824.1377   25.5688
   -7.5000  -30.0000    7.500013207.2021   25.8025
    0.0000  -30.0000    7.500013879.1963   25.7031
    7.5000  -30.0000    7.500013193.9922   25.7279
   -7.5000  -22.5000    7.500014486.2451   25.9355
    0.0000  -22.5000    7.500015417.4033   25.8389
    7.5000  -22.5000    7.500014535.0957   25.8608
   -7.5000  -15.0000    7.500015287.9316   25.9237
    0.0000  -15.0000    7.500016042.1611   25.8314
    7.5000  -15.0000    7.500015416.1494   25.8498
   -7.5000   -7.5000    7.500015925.9961   25.7885
    0.0000   -7.5000    7.500016521.0176   25.6941
    7.5000   -7.5000    7.500016134.5527   25.7102
   -7.5000    0.0000    7.500016793.5020   25.6443
    0.0000    0.0000    7.500017432.2793   25.5447
    7.5000    0.0000    7.500016941.5215   25.5626
   -7.5000    7.5000    7.500016495.5547   25.6460
    0.0000    7.5000    7.500017204.0898   25.5457
    7.5000    7.5000    7.500016592.1445   25.5688
   -7.5000   15.0000    7.500015766.7324   25.8025
    0.0000   15.0000    7.500016507.8555   25.7031
    7.5000   15.0000    7.500015801.3330   25.7279
   -7.5000   22.5000    7.500014723.0244   25.9235
    0.0000   22.5000    7.500015492.6436   25.8270
    7.5000   22.5000    7.500014671.8057   25.8489
   -7.5000   30.0000    7.500013477.9355   25.5882
    0.0000   30.0000    7.500014231.4561   25.4971
    7.5000   30.0000    7.500013363.8652   25.5153
   -7.5000   37.5000    7.500012748.1143   25.4547
    0.0000   37.5000    7.500013495.4287   25.3616
    7.5000   37.5000    7.500012647.8096   25.3775
   -7.5000   45.0000    7.500011499.4053   24.7181
    0.0000   45.0000    7.500012154.5811   24.6221
    7.5000   45.0000    7.500011419.3389   24.6394
   -7.5000  -45.0000   15.000010645.3145   25.7103
    0.0000  -45.0000   15.000011047.6846   25.6037
    7.5000  -45.0000   15.000010577.3809   25.6194
   -7.5000  -37.5000   15.000011390.9199   25.6270
    0.0000  -37.5000   15.000011798.1602   25.5173
    7.5000  -37.5000   15.000011359.8369   25.5322
   -7.5000  -30.0000   15.000012605.5381   25.7773
    0.0000  -30.0000   15.000013123.1562   25.6713
    7.5000  -30.0000   15.000012618.1152   25.6848
   -7.5000  -22.5000   15.000013809.8174   25.9084
    0.0000  -22.5000   15.000014417.0713   25.8113
    7.5000  -22.5000   15.000013812.8789   25.8253
   -7.5000  -15.0000   15.000014738.6270   25.9018
    0.0000  -15.0000   15.000015211.4600   25.8120
    7.5000  -15.0000   15.000014729.8408   25.8277
   -7.5000   -7.5000   15.000015436.0479   25.7734
    0.0000   -7.5000   15.000015878.5947   25.6782
    7.5000   -7.5000   15.000015567.6641   25.6943
   -7.5000    0.0000   15.000016303.6719   25.6302
    0.0000    0.0000   15.000016837.9492   25.5241
    7.5000    0.0000   15.000016394.3027   25.5398
   -7.5000    7.5000   15.000016037.1289   25.6270
    0.0000    7.5000   15.000016598.9590   25.5173
    7.5000    7.5000   15.000015982.7910   25.5322
   -7.5000   15.0000   15.000015337.2168   25.7773
    0.0000   15.0000   15.000015891.2197   25.6713
    7.5000   15.0000   15.000015171.3750   25.6848
   -7.5000   22.5000   15.000014280.4424   25.8964
    0.0000   22.5000   15.000014827.5127   25.7994
    7.5000   22.5000   15.000014042.3818   25.8134
   -7.5000   30.0000   15.000013087.5068   25.5666
    0.0000   30.0000   15.000013631.4150   25.4780
    7.5000   30.0000   15.000012826.1475   25.4934
   -7.5000   37.5000   15.000012356.1123   25.4399
    0.0000   37.5000   15.000012921.2764   25.3459
    7.5000   37.5000   15.000012115.8750   25.3617
   -7.5000   45.0000   15.000011112.6904   24.7046
    0.0000   45.0000   15.000011636.0488   24.6023
    7.5000   45.0000   15.000010913.5742   24.6174
   -7.5000  -45.0000   22.500010069.5811   25.7227
    0.0000  -45.0000   22.500010509.4160   25.6160
    7.5000  -45.0000   22.500010038.8281   25.6261
   -7.5000  -37.5000   22.500010769.8535   25.6470
    0.0000  -37.5000   22.500011226.3203   25.5362
    7.5000  -37.5000   22.500010746.2754   25.5419
   -7.5000  -30.0000   22.500011900.1670   25.7999
    0.0000  -30.0000   22.500012395.8496   25.6936
    7.5000  -30.0000   22.500011847.3848   25.6957
   -7.5000  -22.5000   22.500013029.9775   25.9231
    0.0000  -22.5000   22.500013510.5654   25.8277
    7.5000  -22.5000   22.500012852.5635   25.8315
   -7.5000  -15.0000   22.500014138.7461   25.9069
    0.0000  -15.0000   22.500014507.3154   25.8195
    7.5000  -15.0000   22.500013758.1074   25.8289
   -7.5000   -7.5000   22.500015144.0977   25.7784
    0.0000   -7.5000   22.500015465.9502   25.6849
    7.5000   -7.5000   22.500014640.2197   25.6970
   -7.5000    0.0000   22.500016036.4463   25.6423
    0.0000    0.0000   22.500016380.3867   25.5362
    7.5000    0.0000   22.500015446.1250   25.5463
   -7.5000    7.5000   22.500015619.3291   25.6470
    0.0000    7.5000   22.500015970.9375   25.5362
    7.5000    7.5000   22.500015052.4277   25.5419
   -7.5000   15.0000   22.500014737.0449   25.7999
    0.0000   15.0000   22.500015115.2754   25.6936
    7.5000   15.0000   22.500014255.0264   25.6957
   -7.5000   22.5000   22.500013555.7627   25.9112
    0.0000   22.5000   22.500013996.5371   25.8158
    7.5000   22.5000   22.500013175.9082   25.8196
   -7.5000   30.0000   22.500012383.8359   25.5716
    0.0000   30.0000   22.500012863.6338   25.4854
    7.5000   30.0000   22.500012090.5469   25.4947
   -7.5000   37.5000   22.500011699.0752   25.4448
    0.0000   37.5000   22.500012182.2354   25.3525
    7.5000   37.5000   22.500011426.4297   25.3644
   -7.5000   45.0000   22.500010579.8545   24.7162
    0.0000   45.0000   22.500011023.4033   24.6140
    7.5000   45.0000   22.500010326.4453   24.6237
   -7.5000  -45.0000   30.0000 9402.4785   25.8794
    0.0000  -45.0000   30.0000 9860.9307   25.7779
    7.5000  -45.0000   30.0000 9311.7139   25.7827
   -7.5000  -37.5000   30.000010116.3770   25.8104
    0.0000  -37.5000   30.000010580.5273   25.7070
    7.5000  -37.5000   30.0000 9970.6787   25.7106
   -7.5000  -30.0000   30.000011210.7471   25.9718
    0.0000  -30.0000   30.000011659.5527   25.8714
    7.5000  -30.0000   30.000010975.2881   25.8727
   -7.5000  -22.5000   30.000012237.3154   26.0942
    0.0000  -22.5000   30.000012626.0781   26.0000
    7.5000  -22.5000   30.000011872.1338   26.0014
   -7.5000  -15.0000   30.000013123.0811   26.0679
    0.0000  -15.0000   30.000013483.0098   25.9795
    7.5000  -15.0000   30.000012688.3389   25.9847
   -7.5000   -7.5000   30.000013945.2627   25.9323
    0.0000   -7.5000   30.000014332.1104   25.8401
    7.5000   -7.5000   30.000013511.9600   25.8465
   -7.5000    0.0000   30.000014750.3164   25.7979
    0.0000    0.0000   30.000015183.4727   25.6969
    7.5000    0.0000   30.000014297.5127   25.7018
   -7.5000    7.5000   30.000014450.5938   25.8104
    0.0000    7.5000   30.000014923.4922   25.7070
    7.5000    7.5000   30.000014044.4082   25.7106
   -7.5000   15.0000   30.000013706.4424   25.9718
    0.0000   15.0000   30.000014188.8408   25.8714
    7.5000   15.0000   30.000013330.5479   25.8727
   -7.5000   22.5000   30.000012651.4902   26.0822
    0.0000   22.5000   30.000013146.0410   25.9880
    7.5000   22.5000   30.000012352.3496   25.9894
   -7.5000   30.0000   30.000011556.2100   25.7305
    0.0000   30.0000   30.000012031.5000   25.6432
    7.5000   30.0000   30.000011312.3018   25.6484
   -7.5000   37.5000   30.000010874.0498   25.5967
    0.0000   37.5000   30.000011301.4951   25.5056
    7.5000   37.5000   30.000010636.7012   25.5120
   -7.5000   45.0000   30.0000 9829.6025   24.8662
    0.0000   45.0000   30.000010215.9746   24.7689
    7.5000   45.0000   30.0000 9617.5332   24.7735
   -7.5000  -45.0000   37.5000 8964.1367   26.1231
    0.0000  -45.0000   37.5000 9463.3506   26.0280
    7.5000  -45.0000   37.5000 8907.0957   26.0353
   -7.5000  -37.5000   37.5000 9599.6133   26.0535
    0.0000  -37.5000   37.500010109.9404   25.9603
    7.5000  -37.5000   37.5000 9528.7549   25.9728
   -7.5000  -30.0000   37.500010569.4062   26.2193
    0.0000  -30.0000   37.500011111.2773   26.1267
    7.5000  -30.0000   37.500010484.1768   26.1409
   -7.5000  -22.5000   37.500011459.2422   26.3467
    0.0000  -22.5000   37.500011971.4170   26.2538
    7.5000  -22.5000   37.500011323.7373   26.2651
   -7.5000  -15.0000   37.500012276.4980   26.3193
    0.0000  -15.0000   37.500012768.6992   26.2286
    7.5000  -15.0000   37.500012125.5957   26.2381
   -7.5000   -7.5000   37.500013047.3232   26.1783
    0.0000   -7.5000   37.500013571.7119   26.0865
    7.5000   -7.5000   37.500012901.9307   26.0935
   -7.5000    0.0000   37.500013769.2002   26.0403
    0.0000    0.0000   37.500014331.3818   25.9457
    7.5000    0.0000   37.500013650.6504   25.9531
   -7.5000    7.5000   37.500013570.2461   26.0535
    0.0000    7.5000   37.500014112.1152   25.9603
    7.5000    7.5000   37.500013421.2744   25.9728
   -7.5000   15.0000   37.500012951.8330   26.2193
    0.0000   15.0000   37.500013499.3535   26.1267
    7.5000   15.0000   37.500012756.0781   26.1409
   -7.5000   22.5000   37.500012012.6846   26.3345
    0.0000   22.5000   37.500012557.9072   26.2417
    7.5000   22.5000   37.500011859.8623   26.2530
   -7.5000   30.0000   37.500010998.6396   25.9787
    0.0000   30.0000   37.500011511.3369   25.8892
    7.5000   30.0000   37.500010862.6445   25.8986
   -7.5000   37.5000   37.500010334.7881   25.8395
    0.0000   37.5000   37.500010818.9248   25.7489
    7.5000   37.5000   37.500010211.1973   25.7558
   -7.5000   45.0000   37.5000 9345.3799   25.0999
    0.0000   45.0000   37.5000 9788.0879   25.0087
    7.5000   45.0000   37.5000 9234.1523   25.0158
   -7.5000  -45.0000   45.0000 8164.5493   26.5556
    0.0000  -45.0000   45.0000 8639.4346   26.4612
    7.5000  -45.0000   45.0000 8208.6680   26.4760
   -7.5000  -37.5000   45.0000 8727.4326   26.4848
    0.0000  -37.5000   45.0000 9227.7021   26.3928
    7.5000  -37.5000   45.0000 8777.4121   26.4163
   -7.5000  -30.0000   45.0000 9595.6934   26.6547
    0.0000  -30.0000   45.000010112.1025   26.5620
    7.5000  -30.0000   45.0000 9606.1377   26.5888
   -7.5000  -22.5000   45.000010396.0391   26.7885
    0.0000  -22.5000   45.000010896.4727   26.6935
    7.5000  -22.5000   45.000010374.6484   26.7157
   -7.5000  -15.0000   45.000011121.7803   26.7639
    0.0000  -15.0000   45.000011616.7383   26.6708
    7.5000  -15.0000   45.000011097.5547   26.6874
   -7.5000   -7.5000   45.000011818.1787   26.6180
    0.0000   -7.5000   45.000012329.4424   26.5250
    7.5000   -7.5000   45.000011801.1914   26.5375
   -7.5000    0.0000   45.000012495.9336   26.4732
    0.0000    0.0000   45.000013034.7119   26.3791
    7.5000    0.0000   45.000012481.5029   26.3939
   -7.5000    7.5000   45.000012324.8506   26.4848
    0.0000    7.5000   45.000012859.7900   26.3928
    7.5000    7.5000   45.000012299.9707   26.4163
   -7.5000   15.0000   45.000011773.4629   26.6547
    0.0000   15.0000   45.000012309.7451   26.5620
    7.5000   15.0000   45.000011722.5039   26.5888
   -7.5000   22.5000   45.000010935.1191   26.7761
    0.0000   22.5000   45.000011461.1045   26.6811
    7.5000   22.5000   45.000010906.2344   26.7033
   -7.5000   30.0000   45.000010011.8984   26.4153
    0.0000   30.0000   45.000010511.7207   26.3233
    7.5000   30.0000   45.0000 9997.3467   26.3397
   -7.5000   37.5000   45.0000 9453.0488   26.2713
    0.0000   37.5000   45.0000 9914.6377   26.1795
    7.5000   37.5000   45.0000 9439.0840   26.1918
   -7.5000   45.0000   45.0000 8555.0137   25.5287
    0.0000   45.0000   45.0000 8949.1035   25.4379
    7.5000   45.0000   45.0000 8530.3008   25.4522

---------------------------------------------------------------------
imgreg_4dfp /opt/freesurfer/average/711-2C_as_mni_average_305 /opt/freesurfer/average/711-2B_as_mni_average_305_mask talsrcimg_g11 none talsrcimg_to_711-2C_as_mni_average_305_t4 4355
---------------------------------------------------------------------

freesurfer imgreg_4dfp.c
/opt/freesurfer/average/711-2C_as_mni_average_305.4dfp.img
       256       256       256         1
  1.000000  1.000000  1.000000
orientation T byte_order littleendian
Reading image: /opt/freesurfer/average/711-2C_as_mni_average_305.4dfp.img
dimensions:      256       256       256
mmppix:       1.0000   -1.0000   -1.0000
center:     128.0000 -129.0000 -129.0000
/opt/freesurfer/average/711-2B_as_mni_average_305_mask.4dfp.img
       256       256       256         1
  1.000000  1.000000  1.000000
orientation T byte_order littleendian
Reading mask: /opt/freesurfer/average/711-2B_as_mni_average_305_mask.4dfp.img (2306576 pixels)
talsrcimg_g11.4dfp.img
       256       256       256         1
  1.000000  1.000000  1.000000
orientation T byte_order littleendian
Reading image: talsrcimg_g11.4dfp.img
dimensions:      256       256       256
mmppix:       1.0000   -1.0000   -1.0000
center:     128.0000 -129.0000 -129.0000
rotation matrix determinant  1.000000
image alignment mode   4355 decimal     1103 hex
   -7.5000  -45.0000  -45.0000 2040.9551   29.7525
    0.0000  -45.0000  -45.0000 2044.1237   29.5634
    7.5000  -45.0000  -45.0000 2029.5305   29.9584
   -7.5000  -37.5000  -45.0000 2149.2473   27.5862
    0.0000  -37.5000  -45.0000 2147.7156   27.3810
    7.5000  -37.5000  -45.0000 2127.4221   27.7120
   -7.5000  -30.0000  -45.0000 2206.7075   26.0491
    0.0000  -30.0000  -45.0000 2209.0940   25.8812
    7.5000  -30.0000  -45.0000 2188.9453   26.1672
   -7.5000  -22.5000  -45.0000 2236.6926   24.7300
    0.0000  -22.5000  -45.0000 2236.5740   24.6227
    7.5000  -22.5000  -45.0000 2222.5378   24.8407
   -7.5000  -15.0000  -45.0000 2258.4250   23.6860
    0.0000  -15.0000  -45.0000 2258.6418   23.5955
    7.5000  -15.0000  -45.0000 2246.2205   23.8985
   -7.5000   -7.5000  -45.0000 2270.6123   23.2790
    0.0000   -7.5000  -45.0000 2276.5884   23.1929
    7.5000   -7.5000  -45.0000 2260.5110   23.5088
   -7.5000    0.0000  -45.0000 2263.9751   23.3348
    0.0000    0.0000  -45.0000 2268.9456   23.2892
    7.5000    0.0000  -45.0000 2249.3552   23.6285
   -7.5000    7.5000  -45.0000 2244.6687   23.8301
    0.0000    7.5000  -45.0000 2251.9570   23.7360
    7.5000    7.5000  -45.0000 2233.6721   24.1076
   -7.5000   15.0000  -45.0000 2210.9241   24.6849
    0.0000   15.0000  -45.0000 2220.9661   24.5543
    7.5000   15.0000  -45.0000 2209.6672   24.9573
   -7.5000   22.5000  -45.0000 2170.0381   26.0726
    0.0000   22.5000  -45.0000 2180.8818   25.9446
    7.5000   22.5000  -45.0000 2167.9795   26.3905
   -7.5000   30.0000  -45.0000 2103.4526   28.0010
    0.0000   30.0000  -45.0000 2111.9941   27.8814
    7.5000   30.0000  -45.0000 2095.8577   28.3736
   -7.5000   37.5000  -45.0000 2014.1000   30.5064
    0.0000   37.5000  -45.0000 2023.8784   30.3478
    7.5000   37.5000  -45.0000 2008.3966   30.9522
   -7.5000   45.0000  -45.0000 1908.9456   33.7166
    0.0000   45.0000  -45.0000 1916.7662   33.5181
    7.5000   45.0000  -45.0000 1910.2378   34.1959
   -7.5000  -45.0000  -37.5000 2126.6814   27.6032
    0.0000  -45.0000  -37.5000 2135.6677   27.4686
    7.5000  -45.0000  -37.5000 2123.1956   27.6968
   -7.5000  -37.5000  -37.5000 2234.3311   25.5511
    0.0000  -37.5000  -37.5000 2243.0769   25.4574
    7.5000  -37.5000  -37.5000 2228.6211   25.6674
   -7.5000  -30.0000  -37.5000 2295.2312   24.1376
    0.0000  -30.0000  -37.5000 2303.4387   24.0732
    7.5000  -30.0000  -37.5000 2289.7344   24.1901
   -7.5000  -22.5000  -37.5000 2330.4795   22.8861
    0.0000  -22.5000  -37.5000 2333.7312   22.8389
    7.5000  -22.5000  -37.5000 2320.3101   22.9370
   -7.5000  -15.0000  -37.5000 2350.8872   21.9176
    0.0000  -15.0000  -37.5000 2359.0974   21.8458
    7.5000  -15.0000  -37.5000 2343.8352   21.9896
   -7.5000   -7.5000  -37.5000 2365.0369   21.5352
    0.0000   -7.5000  -37.5000 2375.2791   21.4652
    7.5000   -7.5000  -37.5000 2358.9983   21.6187
   -7.5000    0.0000  -37.5000 2352.2769   21.5545
    0.0000    0.0000  -37.5000 2365.7517   21.5457
    7.5000    0.0000  -37.5000 2350.0801   21.6839
   -7.5000    7.5000  -37.5000 2343.5623   21.9523
    0.0000    7.5000  -37.5000 2358.5195   21.9210
    7.5000    7.5000  -37.5000 2341.2996   22.1485
   -7.5000   15.0000  -37.5000 2313.2761   22.7026
    0.0000   15.0000  -37.5000 2327.4941   22.6642
    7.5000   15.0000  -37.5000 2317.0251   22.9319
   -7.5000   22.5000  -37.5000 2266.4622   24.0221
    0.0000   22.5000  -37.5000 2279.3594   23.9497
    7.5000   22.5000  -37.5000 2269.4995   24.3316
   -7.5000   30.0000  -37.5000 2195.9409   25.8583
    0.0000   30.0000  -37.5000 2209.6780   25.7727
    7.5000   30.0000  -37.5000 2199.7124   26.2562
   -7.5000   37.5000  -37.5000 2098.1567   28.2564
    0.0000   37.5000  -37.5000 2109.5164   28.0927
    7.5000   37.5000  -37.5000 2097.1399   28.6830
   -7.5000   45.0000  -37.5000 1990.6097   31.3050
    0.0000   45.0000  -37.5000 2000.8397   31.0874
    7.5000   45.0000  -37.5000 1988.1688   31.6934
   -7.5000  -45.0000  -30.0000 2247.2151   26.6889
    0.0000  -45.0000  -30.0000 2249.8486   26.6556
    7.5000  -45.0000  -30.0000 2232.4866   26.7043
   -7.5000  -37.5000  -30.0000 2360.4368   24.6064
    0.0000  -37.5000  -30.0000 2365.5354   24.5796
    7.5000  -37.5000  -30.0000 2340.1553   24.5812
   -7.5000  -30.0000  -30.0000 2424.5422   23.1538
    0.0000  -30.0000  -30.0000 2427.3779   23.1622
    7.5000  -30.0000  -30.0000 2404.2429   23.1860
   -7.5000  -22.5000  -30.0000 2461.5750   21.9516
    0.0000  -22.5000  -30.0000 2465.4226   21.9976
    7.5000  -22.5000  -30.0000 2438.8782   22.0077
   -7.5000  -15.0000  -30.0000 2489.3384   21.0144
    0.0000  -15.0000  -30.0000 2495.5649   21.0145
    7.5000  -15.0000  -30.0000 2468.1570   21.0712
   -7.5000   -7.5000  -30.0000 2514.7363   20.6099
    0.0000   -7.5000  -30.0000 2523.0203   20.5545
    7.5000   -7.5000  -30.0000 2498.6895   20.6356
   -7.5000    0.0000  -30.0000 2504.3691   20.6194
    0.0000    0.0000  -30.0000 2517.8298   20.6122
    7.5000    0.0000  -30.0000 2489.2048   20.6790
   -7.5000    7.5000  -30.0000 2494.7627   21.0366
    0.0000    7.5000  -30.0000 2508.3152   21.0042
    7.5000    7.5000  -30.0000 2483.0874   21.1419
   -7.5000   15.0000  -30.0000 2461.2546   21.7971
    0.0000   15.0000  -30.0000 2471.6458   21.7766
    7.5000   15.0000  -30.0000 2449.6658   21.9385
   -7.5000   22.5000  -30.0000 2411.0930   23.0642
    0.0000   22.5000  -30.0000 2421.5095   23.0552
    7.5000   22.5000  -30.0000 2402.5059   23.2990
   -7.5000   30.0000  -30.0000 2331.5842   24.8476
    0.0000   30.0000  -30.0000 2340.7534   24.8319
    7.5000   30.0000  -30.0000 2328.2065   25.1714
   -7.5000   37.5000  -30.0000 2227.2368   27.2425
    0.0000   37.5000  -30.0000 2233.3489   27.1218
    7.5000   37.5000  -30.0000 2219.3064   27.5450
   -7.5000   45.0000  -30.0000 2111.3083   30.1970
    0.0000   45.0000  -30.0000 2117.7825   30.0097
    7.5000   45.0000  -30.0000 2101.5283   30.4972
   -7.5000  -45.0000  -22.5000 2339.8462   25.6101
    0.0000  -45.0000  -22.5000 2341.1560   25.6215
    7.5000  -45.0000  -22.5000 2309.4790   25.6023
   -7.5000  -37.5000  -22.5000 2460.8745   23.5359
    0.0000  -37.5000  -22.5000 2458.7700   23.5280
    7.5000  -37.5000  -22.5000 2425.9490   23.4903
   -7.5000  -30.0000  -22.5000 2532.2314   22.0723
    0.0000  -30.0000  -22.5000 2529.7090   22.1117
    7.5000  -30.0000  -22.5000 2495.0449   22.0347
   -7.5000  -22.5000  -22.5000 2568.2976   20.8996
    0.0000  -22.5000  -22.5000 2571.2839   20.9406
    7.5000  -22.5000  -22.5000 2535.7593   20.9238
   -7.5000  -15.0000  -22.5000 2605.1052   19.9372
    0.0000  -15.0000  -22.5000 2610.1709   19.9959
    7.5000  -15.0000  -22.5000 2578.5713   20.0558
   -7.5000   -7.5000  -22.5000 2637.2971   19.4978
    0.0000   -7.5000  -22.5000 2642.3040   19.5203
    7.5000   -7.5000  -22.5000 2614.5605   19.5790
   -7.5000    0.0000  -22.5000 2635.2183   19.5650
    0.0000    0.0000  -22.5000 2643.1353   19.5473
    7.5000    0.0000  -22.5000 2609.1848   19.6125
   -7.5000    7.5000  -22.5000 2626.0400   20.0446
    0.0000    7.5000  -22.5000 2636.3599   20.0415
    7.5000    7.5000  -22.5000 2596.5869   20.1097
   -7.5000   15.0000  -22.5000 2592.4534   20.8608
    0.0000   15.0000  -22.5000 2603.9102   20.8674
    7.5000   15.0000  -22.5000 2561.6375   20.8948
   -7.5000   22.5000  -22.5000 2530.4299   22.0214
    0.0000   22.5000  -22.5000 2541.6138   22.0495
    7.5000   22.5000  -22.5000 2502.2366   22.1427
   -7.5000   30.0000  -22.5000 2438.7141   23.7217
    0.0000   30.0000  -22.5000 2452.5071   23.7413
    7.5000   30.0000  -22.5000 2421.2900   23.8968
   -7.5000   37.5000  -22.5000 2326.2605   25.9928
    0.0000   37.5000  -22.5000 2338.1140   25.9859
    7.5000   37.5000  -22.5000 2311.4285   26.2324
   -7.5000   45.0000  -22.5000 2197.1465   28.8622
    0.0000   45.0000  -22.5000 2208.6812   28.8231
    7.5000   45.0000  -22.5000 2178.4128   29.0862
   -7.5000  -45.0000  -15.0000 2386.9873   24.5459
    0.0000  -45.0000  -15.0000 2391.5354   24.5969
    7.5000  -45.0000  -15.0000 2359.2310   24.6757
   -7.5000  -37.5000  -15.0000 2515.7585   22.4643
    0.0000  -37.5000  -15.0000 2512.8792   22.4672
    7.5000  -37.5000  -15.0000 2479.7344   22.5708
   -7.5000  -30.0000  -15.0000 2600.3538   21.0451
    0.0000  -30.0000  -15.0000 2599.6482   21.0780
    7.5000  -30.0000  -15.0000 2564.3340   21.1026
   -7.5000  -22.5000  -15.0000 2643.4851   19.8854
    0.0000  -22.5000  -15.0000 2641.6030   19.8886
    7.5000  -22.5000  -15.0000 2614.9573   19.9313
   -7.5000  -15.0000  -15.0000 2684.0754   18.9636
    0.0000  -15.0000  -15.0000 2690.9192   18.9816
    7.5000  -15.0000  -15.0000 2657.8201   19.0533
   -7.5000   -7.5000  -15.0000 2712.7915   18.4565
    0.0000   -7.5000  -15.0000 2721.1550   18.5251
    7.5000   -7.5000  -15.0000 2690.1008   18.5885
   -7.5000    0.0000  -15.0000 2718.2419   18.4952
    0.0000    0.0000  -15.0000 2730.7119   18.5578
    7.5000    0.0000  -15.0000 2697.0564   18.6144
   -7.5000    7.5000  -15.0000 2712.7625   18.9985
    0.0000    7.5000  -15.0000 2727.2034   19.0572
    7.5000    7.5000  -15.0000 2685.7385   19.1396
   -7.5000   15.0000  -15.0000 2680.2734   19.8805
    0.0000   15.0000  -15.0000 2691.3584   19.9133
    7.5000   15.0000  -15.0000 2650.5354   20.0182
   -7.5000   22.5000  -15.0000 2612.3872   21.0437
    0.0000   22.5000  -15.0000 2622.0315   21.0509
    7.5000   22.5000  -15.0000 2588.9592   21.1841
   -7.5000   30.0000  -15.0000 2513.8396   22.6690
    0.0000   30.0000  -15.0000 2525.8049   22.6633
    7.5000   30.0000  -15.0000 2497.8030   22.8884
   -7.5000   37.5000  -15.0000 2397.7407   24.8138
    0.0000   37.5000  -15.0000 2410.1626   24.8521
    7.5000   37.5000  -15.0000 2382.3503   25.1383
   -7.5000   45.0000  -15.0000 2248.7998   27.5575
    0.0000   45.0000  -15.0000 2259.9890   27.5372
    7.5000   45.0000  -15.0000 2236.7549   27.8099
   -7.5000  -45.0000   -7.5000 2418.0510   23.6426
    0.0000  -45.0000   -7.5000 2429.5325   23.6496
    7.5000  -45.0000   -7.5000 2406.8066   23.8982
   -7.5000  -37.5000   -7.5000 2544.3342   21.5858
    0.0000  -37.5000   -7.5000 2556.4348   21.5970
    7.5000  -37.5000   -7.5000 2532.3389   21.7924
   -7.5000  -30.0000   -7.5000 2634.3342   20.1291
    0.0000  -30.0000   -7.5000 2647.2002   20.1724
    7.5000  -30.0000   -7.5000 2622.1816   20.3123
   -7.5000  -22.5000   -7.5000 2701.6216   19.0287
    0.0000  -22.5000   -7.5000 2714.8811   19.0793
    7.5000  -22.5000   -7.5000 2685.0464   19.1603
   -7.5000  -15.0000   -7.5000 2748.8533   18.0513
    0.0000  -15.0000   -7.5000 2763.9702   18.0927
    7.5000  -15.0000   -7.5000 2728.1943   18.1890
   -7.5000   -7.5000   -7.5000 2778.3596   17.5007
    0.0000   -7.5000   -7.5000 2792.6943   17.5884
    7.5000   -7.5000   -7.5000 2765.6257   17.7300
   -7.5000    0.0000   -7.5000 2785.0833   17.5380
    0.0000    0.0000   -7.5000 2799.3574   17.6155
    7.5000    0.0000   -7.5000 2780.9377   17.7875
   -7.5000    7.5000   -7.5000 2777.8342   18.0807
    0.0000    7.5000   -7.5000 2794.3848   18.1144
    7.5000    7.5000   -7.5000 2767.7498   18.2881
   -7.5000   15.0000   -7.5000 2738.3503   18.9847
    0.0000   15.0000   -7.5000 2753.4565   18.9633
    7.5000   15.0000   -7.5000 2728.2070   19.1323
   -7.5000   22.5000   -7.5000 2664.8057   20.1671
    0.0000   22.5000   -7.5000 2676.5881   20.1354
    7.5000   22.5000   -7.5000 2653.6873   20.3612
   -7.5000   30.0000   -7.5000 2562.8562   21.7848
    0.0000   30.0000   -7.5000 2576.1343   21.7520
    7.5000   30.0000   -7.5000 2554.9299   22.0169
   -7.5000   37.5000   -7.5000 2442.4592   23.8856
    0.0000   37.5000   -7.5000 2458.3950   23.8776
    7.5000   37.5000   -7.5000 2438.7388   24.1806
   -7.5000   45.0000   -7.5000 2289.6023   26.5035
    0.0000   45.0000   -7.5000 2302.6875   26.5231
    7.5000   45.0000   -7.5000 2287.9324   26.8108
   -7.5000  -45.0000    0.0000 2430.2395   23.0026
    0.0000  -45.0000    0.0000 2447.0962   23.0004
    7.5000  -45.0000    0.0000 2436.9465   23.3517
   -7.5000  -37.5000    0.0000 2552.3848   20.9674
    0.0000  -37.5000    0.0000 2577.0315   20.9635
    7.5000  -37.5000    0.0000 2564.6858   21.2610
   -7.5000  -30.0000    0.0000 2651.2598   19.5433
    0.0000  -30.0000    0.0000 2679.8162   19.5860
    7.5000  -30.0000    0.0000 2663.1697   19.8574
   -7.5000  -22.5000    0.0000 2730.3928   18.3906
    0.0000  -22.5000    0.0000 2760.6558   18.5126
    7.5000  -22.5000    0.0000 2737.5293   18.7170
   -7.5000  -15.0000    0.0000 2786.1719   17.3462
    0.0000  -15.0000    0.0000 2817.7837   17.4610
    7.5000  -15.0000    0.0000 2790.0015   17.7199
   -7.5000   -7.5000    0.0000 2823.8315   16.7102
    0.0000   -7.5000    0.0000 2845.8120   16.7967
    7.5000   -7.5000    0.0000 2831.5767   17.1591
   -7.5000    0.0000    0.0000 2833.8708   16.8444
    0.0000    0.0000    0.0000 2850.5867   16.8455
    7.5000    0.0000    0.0000 2848.6375   17.2069
   -7.5000    7.5000    0.0000 2820.5120   17.4822
    0.0000    7.5000    0.0000 2838.1633   17.4033
    7.5000    7.5000    0.0000 2833.0901   17.7610
   -7.5000   15.0000    0.0000 2767.0830   18.3686
    0.0000   15.0000    0.0000 2786.3796   18.2855
    7.5000   15.0000    0.0000 2782.5627   18.6399
   -7.5000   22.5000    0.0000 2692.1926   19.5900
    0.0000   22.5000    0.0000 2706.7107   19.5417
    7.5000   22.5000    0.0000 2702.2190   19.8963
   -7.5000   30.0000    0.0000 2585.0833   21.2037
    0.0000   30.0000    0.0000 2605.5032   21.1809
    7.5000   30.0000    0.0000 2593.7727   21.5475
   -7.5000   37.5000    0.0000 2460.6450   23.2529
    0.0000   37.5000    0.0000 2485.3523   23.2878
    7.5000   37.5000    0.0000 2470.8081   23.6529
   -7.5000   45.0000    0.0000 2307.3806   25.7789
    0.0000   45.0000    0.0000 2327.2153   25.8527
    7.5000   45.0000    0.0000 2312.0210   26.1682
   -7.5000  -45.0000    7.5000 2443.7244   22.7803
    0.0000  -45.0000    7.5000 2449.1113   22.6412
    7.5000  -45.0000    7.5000 2452.6201   23.1951
   -7.5000  -37.5000    7.5000 2561.8022   20.7297
    0.0000  -37.5000    7.5000 2579.3589   20.5996
    7.5000  -37.5000    7.5000 2578.5906   21.0843
   -7.5000  -30.0000    7.5000 2657.9390   19.2909
    0.0000  -30.0000    7.5000 2682.8662   19.2200
    7.5000  -30.0000    7.5000 2680.4773   19.6444
   -7.5000  -22.5000    7.5000 2745.0801   18.1495
    0.0000  -22.5000    7.5000 2774.8555   18.1686
    7.5000  -22.5000    7.5000 2769.6438   18.5156
   -7.5000  -15.0000    7.5000 2808.1270   16.9931
    0.0000  -15.0000    7.5000 2847.7007   17.0303
    7.5000  -15.0000    7.5000 2831.4382   17.4581
   -7.5000   -7.5000    7.5000 2848.2683   16.2348
    0.0000   -7.5000    7.5000 2872.1172   16.0381
    7.5000   -7.5000    7.5000 2870.8015   16.7823
   -7.5000    0.0000    7.5000 2865.8906   16.4985
    0.0000    0.0000    7.5000 2880.0068   16.2670
    7.5000    0.0000    7.5000 2878.3206   16.9501
   -7.5000    7.5000    7.5000 2841.9109   17.1911
    0.0000    7.5000    7.5000 2861.9939   17.0509
    7.5000    7.5000    7.5000 2864.3687   17.5835
   -7.5000   15.0000    7.5000 2790.1919   18.0497
    0.0000   15.0000    7.5000 2813.3518   17.9873
    7.5000   15.0000    7.5000 2813.0601   18.4308
   -7.5000   22.5000    7.5000 2710.7207   19.2527
    0.0000   22.5000    7.5000 2733.5535   19.2608
    7.5000   22.5000    7.5000 2729.9302   19.6333
   -7.5000   30.0000    7.5000 2602.8235   20.9171
    0.0000   30.0000    7.5000 2624.9573   20.9664
    7.5000   30.0000    7.5000 2615.9775   21.3247
   -7.5000   37.5000    7.5000 2476.0642   23.0056
    0.0000   37.5000    7.5000 2500.6130   23.0398
    7.5000   37.5000    7.5000 2490.5833   23.4146
   -7.5000   45.0000    7.5000 2325.1433   25.4862
    0.0000   45.0000    7.5000 2342.0408   25.5680
    7.5000   45.0000    7.5000 2333.0933   25.9759
   -7.5000  -45.0000   15.0000 2434.9673   22.9593
    0.0000  -45.0000   15.0000 2432.4944   22.5045
    7.5000  -45.0000   15.0000 2439.0669   23.2178
   -7.5000  -37.5000   15.0000 2557.1819   20.9422
    0.0000  -37.5000   15.0000 2555.9783   20.4743
    7.5000  -37.5000   15.0000 2568.6780   21.1835
   -7.5000  -30.0000   15.0000 2655.2488   19.4566
    0.0000  -30.0000   15.0000 2658.6577   19.0338
    7.5000  -30.0000   15.0000 2675.1990   19.7564
   -7.5000  -22.5000   15.0000 2735.0867   18.2275
    0.0000  -22.5000   15.0000 2745.0430   17.8953
    7.5000  -22.5000   15.0000 2767.8921   18.5620
   -7.5000  -15.0000   15.0000 2805.3240   17.1601
    0.0000  -15.0000   15.0000 2823.7905   16.7852
    7.5000  -15.0000   15.0000 2833.1646   17.4795
   -7.5000   -7.5000   15.0000 2864.2620   16.5206
    0.0000   -7.5000   15.0000 2884.3262   16.1290
    7.5000   -7.5000   15.0000 2887.8540   16.8950
   -7.5000    0.0000   15.0000 2887.2170   16.6333
    0.0000    0.0000   15.0000 2901.2524   16.3648
    7.5000    0.0000   15.0000 2895.2727   17.0395
   -7.5000    7.5000   15.0000 2860.3867   17.3548
    0.0000    7.5000   15.0000 2867.0435   17.1541
    7.5000    7.5000   15.0000 2857.2234   17.6177
   -7.5000   15.0000   15.0000 2802.9304   18.2793
    0.0000   15.0000   15.0000 2804.9277   18.0717
    7.5000   15.0000   15.0000 2801.2700   18.4473
   -7.5000   22.5000   15.0000 2723.0671   19.5121
    0.0000   22.5000   15.0000 2724.8726   19.3078
    7.5000   22.5000   15.0000 2722.0159   19.6666
   -7.5000   30.0000   15.0000 2614.0410   21.1212
    0.0000   30.0000   15.0000 2621.2913   20.9348
    7.5000   30.0000   15.0000 2615.7517   21.3046
   -7.5000   37.5000   15.0000 2483.5942   23.1380
    0.0000   37.5000   15.0000 2488.7742   22.9862
    7.5000   37.5000   15.0000 2484.3240   23.3407
   -7.5000   45.0000   15.0000 2328.9109   25.6262
    0.0000   45.0000   15.0000 2326.9868   25.4917
    7.5000   45.0000   15.0000 2319.7634   25.8510
   -7.5000  -45.0000   22.5000 2411.9436   23.3029
    0.0000  -45.0000   22.5000 2423.5317   22.8695
    7.5000  -45.0000   22.5000 2428.4404   23.5806
   -7.5000  -37.5000   22.5000 2531.9146   21.2402
    0.0000  -37.5000   22.5000 2547.8723   20.8173
    7.5000  -37.5000   22.5000 2560.0544   21.5003
   -7.5000  -30.0000   22.5000 2631.5786   19.8641
    0.0000  -30.0000   22.5000 2648.9075   19.4364
    7.5000  -30.0000   22.5000 2661.7957   20.0557
   -7.5000  -22.5000   22.5000 2721.7620   18.7999
    0.0000  -22.5000   22.5000 2737.5911   18.3291
    7.5000  -22.5000   22.5000 2749.5356   18.8880
   -7.5000  -15.0000   22.5000 2811.3396   17.9083
    0.0000  -15.0000   22.5000 2823.8621   17.3307
    7.5000  -15.0000   22.5000 2817.2107   17.8882
   -7.5000   -7.5000   22.5000 2873.2051   17.4153
    0.0000   -7.5000   22.5000 2887.1218   16.9352
    7.5000   -7.5000   22.5000 2871.6953   17.3760
   -7.5000    0.0000   22.5000 2885.8311   17.5097
    0.0000    0.0000   22.5000 2898.0366   17.1287
    7.5000    0.0000   22.5000 2878.1755   17.4641
   -7.5000    7.5000   22.5000 2848.8062   18.0307
    0.0000    7.5000   22.5000 2852.7046   17.7605
    7.5000    7.5000   22.5000 2835.0195   17.9839
   -7.5000   15.0000   22.5000 2778.9900   18.7625
    0.0000   15.0000   22.5000 2783.0381   18.5262
    7.5000   15.0000   22.5000 2770.1877   18.7440
   -7.5000   22.5000   22.5000 2694.1282   19.8481
    0.0000   22.5000   22.5000 2704.6909   19.6803
    7.5000   22.5000   22.5000 2687.7004   19.8407
   -7.5000   30.0000   22.5000 2590.7764   21.3378
    0.0000   30.0000   22.5000 2608.6079   21.2492
    7.5000   30.0000   22.5000 2590.7112   21.4219
   -7.5000   37.5000   22.5000 2464.1587   23.3398
    0.0000   37.5000   22.5000 2475.2366   23.2972
    7.5000   37.5000   22.5000 2457.1924   23.4960
   -7.5000   45.0000   22.5000 2317.6003   25.9515
    0.0000   45.0000   22.5000 2327.0061   25.9347
    7.5000   45.0000   22.5000 2303.0374   26.0696
   -7.5000  -45.0000   30.0000 2397.0364   24.2456
    0.0000  -45.0000   30.0000 2412.9648   23.9027
    7.5000  -45.0000   30.0000 2411.5769   24.3177
   -7.5000  -37.5000   30.0000 2528.7229   22.3658
    0.0000  -37.5000   30.0000 2546.3098   21.9943
    7.5000  -37.5000   30.0000 2538.0789   22.3563
   -7.5000  -30.0000   30.0000 2631.2539   20.9976
    0.0000  -30.0000   30.0000 2646.0120   20.5797
    7.5000  -30.0000   30.0000 2636.5938   20.9033
   -7.5000  -22.5000   30.0000 2722.2429   19.8884
    0.0000  -22.5000   30.0000 2732.4832   19.3392
    7.5000  -22.5000   30.0000 2719.6240   19.6513
   -7.5000  -15.0000   30.0000 2790.7876   18.8656
    0.0000  -15.0000   30.0000 2806.4519   18.3648
    7.5000  -15.0000   30.0000 2779.8147   18.6879
   -7.5000   -7.5000   30.0000 2834.0110   18.3142
    0.0000   -7.5000   30.0000 2852.8936   17.9612
    7.5000   -7.5000   30.0000 2828.3850   18.2080
   -7.5000    0.0000   30.0000 2836.0967   18.3276
    0.0000    0.0000   30.0000 2859.6545   18.0526
    7.5000    0.0000   30.0000 2829.6758   18.2361
   -7.5000    7.5000   30.0000 2798.0425   18.8710
    0.0000    7.5000   30.0000 2824.1553   18.6724
    7.5000    7.5000   30.0000 2797.4580   18.7440
   -7.5000   15.0000   30.0000 2740.6470   19.6941
    0.0000   15.0000   30.0000 2759.2993   19.5265
    7.5000   15.0000   30.0000 2731.3428   19.5461
   -7.5000   22.5000   30.0000 2656.8132   20.7506
    0.0000   22.5000   30.0000 2676.4561   20.6234
    7.5000   22.5000   30.0000 2649.4539   20.6332
   -7.5000   30.0000   30.0000 2548.6309   22.1264
    0.0000   30.0000   30.0000 2569.8647   22.0419
    7.5000   30.0000   30.0000 2549.4133   22.0986
   -7.5000   37.5000   30.0000 2419.3040   24.0040
    0.0000   37.5000   30.0000 2432.2756   23.9293
    7.5000   37.5000   30.0000 2417.4136   24.0647
   -7.5000   45.0000   30.0000 2275.7578   26.5193
    0.0000   45.0000   30.0000 2293.0115   26.4238
    7.5000   45.0000   30.0000 2274.9983   26.5779
   -7.5000  -45.0000   37.5000 2377.6411   25.6516
    0.0000  -45.0000   37.5000 2395.9685   25.4666
    7.5000  -45.0000   37.5000 2374.8457   25.5767
   -7.5000  -37.5000   37.5000 2500.0828   23.6092
    0.0000  -37.5000   37.5000 2521.4443   23.3072
    7.5000  -37.5000   37.5000 2501.2971   23.4980
   -7.5000  -30.0000   37.5000 2600.8110   22.1622
    0.0000  -30.0000   37.5000 2621.6138   21.7778
    7.5000  -30.0000   37.5000 2602.6611   22.0051
   -7.5000  -22.5000   37.5000 2678.6665   20.9466
    0.0000  -22.5000   37.5000 2698.0078   20.4494
    7.5000  -22.5000   37.5000 2680.1816   20.7947
   -7.5000  -15.0000   37.5000 2742.3921   19.9312
    0.0000  -15.0000   37.5000 2754.4802   19.5120
    7.5000  -15.0000   37.5000 2738.1064   19.8317
   -7.5000   -7.5000   37.5000 2778.7651   19.4000
    0.0000   -7.5000   37.5000 2791.4121   19.0635
    7.5000   -7.5000   37.5000 2776.4023   19.3214
   -7.5000    0.0000   37.5000 2762.6919   19.3974
    0.0000    0.0000   37.5000 2785.9136   19.0783
    7.5000    0.0000   37.5000 2770.6069   19.2952
   -7.5000    7.5000   37.5000 2734.9529   19.8980
    0.0000    7.5000   37.5000 2754.7769   19.6493
    7.5000    7.5000   37.5000 2735.7588   19.7856
   -7.5000   15.0000   37.5000 2677.5200   20.6866
    0.0000   15.0000   37.5000 2700.0959   20.5214
    7.5000   15.0000   37.5000 2669.0144   20.5896
   -7.5000   22.5000   37.5000 2598.6943   21.8221
    0.0000   22.5000   37.5000 2624.1929   21.7059
    7.5000   22.5000   37.5000 2596.0745   21.7279
   -7.5000   30.0000   37.5000 2494.1440   23.3008
    0.0000   30.0000   37.5000 2514.3699   23.2183
    7.5000   30.0000   37.5000 2491.0720   23.2203
   -7.5000   37.5000   37.5000 2363.2676   25.1119
    0.0000   37.5000   37.5000 2380.6282   25.0864
    7.5000   37.5000   37.5000 2359.5430   25.0980
   -7.5000   45.0000   37.5000 2231.3516   27.5630
    0.0000   45.0000   37.5000 2251.0537   27.5807
    7.5000   45.0000   37.5000 2230.3335   27.5987
   -7.5000  -45.0000   45.0000 2329.3645   27.0129
    0.0000  -45.0000   45.0000 2354.6531   26.8861
    7.5000  -45.0000   45.0000 2332.5728   27.0110
   -7.5000  -37.5000   45.0000 2450.0115   24.9636
    0.0000  -37.5000   45.0000 2473.7095   24.6826
    7.5000  -37.5000   45.0000 2451.4917   24.8413
   -7.5000  -30.0000   45.0000 2539.6204   23.4678
    0.0000  -30.0000   45.0000 2565.2354   23.0777
    7.5000  -30.0000   45.0000 2542.7334   23.3035
   -7.5000  -22.5000   45.0000 2614.5906   22.2476
    0.0000  -22.5000   45.0000 2637.3833   21.7967
    7.5000  -22.5000   45.0000 2614.5120   22.0859
   -7.5000  -15.0000   45.0000 2670.4292   21.2263
    0.0000  -15.0000   45.0000 2684.9558   20.8603
    7.5000  -15.0000   45.0000 2665.8442   21.0986
   -7.5000   -7.5000   45.0000 2697.7356   20.7394
    0.0000   -7.5000   45.0000 2709.7537   20.3842
    7.5000   -7.5000   45.0000 2695.8567   20.6150
   -7.5000    0.0000   45.0000 2687.3254   20.6851
    0.0000    0.0000   45.0000 2707.7969   20.3559
    7.5000    0.0000   45.0000 2694.2847   20.5442
   -7.5000    7.5000   45.0000 2663.3516   21.1145
    0.0000    7.5000   45.0000 2681.2454   20.8606
    7.5000    7.5000   45.0000 2663.3235   20.9786
   -7.5000   15.0000   45.0000 2603.7341   21.9132
    0.0000   15.0000   45.0000 2623.7585   21.7289
    7.5000   15.0000   45.0000 2598.3953   21.7943
   -7.5000   22.5000   45.0000 2527.3708   23.0409
    0.0000   22.5000   45.0000 2549.6379   22.8641
    7.5000   22.5000   45.0000 2524.1877   22.9167
   -7.5000   30.0000   45.0000 2422.0322   24.6476
    0.0000   30.0000   45.0000 2445.6814   24.5136
    7.5000   30.0000   45.0000 2420.7827   24.5079
   -7.5000   37.5000   45.0000 2309.7656   26.6392
    0.0000   37.5000   45.0000 2325.5166   26.5460
    7.5000   37.5000   45.0000 2304.7227   26.5498
   -7.5000   45.0000   45.0000 2176.2078   29.1079
    0.0000   45.0000   45.0000 2185.5583   29.0399
    7.5000   45.0000   45.0000 2169.3623   29.1242

---------------------------------------------------------------------
imgreg_4dfp /opt/freesurfer/average/711-2C_as_mni_average_305 /opt/freesurfer/average/711-2B_as_mni_average_305_mask talsrcimg_g11 none talsrcimg_to_711-2C_as_mni_average_305_t4 1283
---------------------------------------------------------------------

freesurfer imgreg_4dfp.c
/opt/freesurfer/average/711-2C_as_mni_average_305.4dfp.img
       256       256       256         1
  1.000000  1.000000  1.000000
orientation T byte_order littleendian
Reading image: /opt/freesurfer/average/711-2C_as_mni_average_305.4dfp.img
dimensions:      256       256       256
mmppix:       1.0000   -1.0000   -1.0000
center:     128.0000 -129.0000 -129.0000
/opt/freesurfer/average/711-2B_as_mni_average_305_mask.4dfp.img
       256       256       256         1
  1.000000  1.000000  1.000000
orientation T byte_order littleendian
Reading mask: /opt/freesurfer/average/711-2B_as_mni_average_305_mask.4dfp.img (2306576 pixels)
talsrcimg_g11.4dfp.img
       256       256       256         1
  1.000000  1.000000  1.000000
orientation T byte_order littleendian
Reading image: talsrcimg_g11.4dfp.img
dimensions:      256       256       256
mmppix:       1.0000   -1.0000   -1.0000
center:     128.0000 -129.0000 -129.0000
rotation matrix determinant  1.000000
fimgreg.f
image alignment mode   1283 decimal      503 hex
parameters
    0.0000    0.0000   15.0000    0.0000    0.0000    0.0000
eta,q 0.90975 16.45490
niter,ni,del,rscale     5    3   12.0000    1.2000
parameter  3 -0.506725 -> -0.500000 qaram    1.1500
parameters
    1.3956   -2.8683   18.4500    1.9094   -2.0958   -2.9745
eta,q 0.91573 16.52578
  0.1067  0.0898  0.0960  0.0951  0.0852  0.0848
  0.0977  0.0867  0.0948  0.0916  0.0850  0.0843
  0.0940  0.0883  0.0899  0.0878  0.0847  0.0843
  0.0928  0.0902  0.0871  0.0848  0.0845  0.0848
  0.0905  0.0899  0.0853  0.0845  0.0852  0.0861
  0.0931  0.0911  0.0857  0.0863  0.0883  0.0878
  0.0967  0.0942  0.0880  0.0876  0.0928  0.0902
niter,ni,del,rscale     5    3   12.0000    1.2000
parameter  5  2.204312 ->  0.500000 qaram    1.1500
parameters
    0.1532   -2.7487   19.2686    3.1734   -5.5458   -4.1351
eta,q 0.91735 16.69946
  0.0853  0.0940  0.0971  0.0914  0.0828  0.0839
  0.0846  0.0877  0.0910  0.0885  0.0824  0.0829
  0.0849  0.0855  0.0860  0.0858  0.0834  0.0827
  0.0843  0.0848  0.0848  0.0845  0.0845  0.0826
  0.0834  0.0860  0.0843  0.0846  0.0861  0.0827
  0.0852  0.0886  0.0873  0.0854  0.0868  0.0840
  0.0909  0.0921  0.0924  0.0875  0.0876  0.0861
niter,ni,del,rscale     5    3   12.0000    1.2000
parameters
    0.3778   -2.8681   20.6103    2.0515   -6.7394   -4.2623
eta,q 0.91933 16.87867
  0.0882  0.0907  0.0951  0.0838  0.0852  0.0828
  0.0842  0.0867  0.0907  0.0820  0.0826  0.0811
  0.0822  0.0838  0.0869  0.0810  0.0810  0.0806
  0.0826  0.0826  0.0827  0.0810  0.0809  0.0807
  0.0836  0.0837  0.0810  0.0819  0.0830  0.0806
  0.0837  0.0868  0.0847  0.0841  0.0860  0.0810
  0.0869  0.0918  0.0896  0.0877  0.0883  0.0832
niter,ni,del,rscale     4    3   12.0000    1.2000
parameters
    0.5759   -2.5303   20.9489    1.3863   -7.4220   -4.2452
eta,q 0.91939 16.92305
  0.0889  0.0913  0.0938  0.0833  0.0859  0.0831
  0.0852  0.0865  0.0900  0.0816  0.0833  0.0814
  0.0816  0.0825  0.0840  0.0806  0.0812  0.0808
  0.0807  0.0808  0.0807  0.0806  0.0806  0.0806
  0.0823  0.0817  0.0826  0.0812  0.0821  0.0804
  0.0841  0.0851  0.0874  0.0824  0.0850  0.0811
  0.0879  0.0893  0.0925  0.0852  0.0883  0.0833
niter,ni,del,rscale     3    3   12.0000    1.2000
parameters
    0.8785   -2.3983   21.1875    1.0783   -7.8014   -4.4243
eta,q 0.91932 16.95178
  0.0895  0.0903  0.0945  0.0835  0.0865  0.0834
  0.0860  0.0855  0.0902  0.0817  0.0838  0.0817
  0.0818  0.0817  0.0835  0.0805  0.0813  0.0811
  0.0806  0.0806  0.0807  0.0807  0.0806  0.0806
  0.0821  0.0821  0.0831  0.0812  0.0819  0.0806
  0.0846  0.0851  0.0880  0.0819  0.0845  0.0816
  0.0879  0.0892  0.0933  0.0842  0.0880  0.0842
niter,ni,del,rscale     2    3   12.0000    1.2000
parameters
    1.0253   -2.3623   21.3454    0.8950   -7.9501   -4.4544
eta,q 0.91928 16.96949
  0.0895  0.0898  0.0950  0.0836  0.0870  0.0839
  0.0860  0.0851  0.0901  0.0817  0.0844  0.0821
  0.0819  0.0814  0.0831  0.0805  0.0816  0.0813
  0.0807  0.0807  0.0807  0.0808  0.0807  0.0807
  0.0826  0.0824  0.0834  0.0813  0.0818  0.0807
  0.0854  0.0850  0.0886  0.0820  0.0844  0.0818
  0.0886  0.0892  0.0941  0.0838  0.0879  0.0844
niter,ni,del,rscale     1    3   12.0000    1.2000
parameters
    1.0902   -2.3722   21.4318    0.8451   -8.0028   -4.4620
eta,q 0.91927 16.97859
  0.0896  0.0895  0.0952  0.0838  0.0873  0.0841
  0.0860  0.0849  0.0899  0.0818  0.0846  0.0823
  0.0819  0.0812  0.0829  0.0806  0.0817  0.0814
  0.0807  0.0807  0.0807  0.0808  0.0807  0.0807
  0.0829  0.0826  0.0836  0.0814  0.0817  0.0807
  0.0858  0.0850  0.0890  0.0820  0.0844  0.0820
  0.0889  0.0891  0.0945  0.0836  0.0878  0.0845
registration optimization eta report
parameter search radius
    6.0000    6.0000    6.9000    6.0000    6.9000    6.0000
100000*second partial in parameter space
       22.       23.       28.        8.       14.       10.
  0.0896  0.0895  0.0952  0.0838  0.0873  0.0841
  0.0860  0.0849  0.0899  0.0818  0.0846  0.0823
  0.0819  0.0812  0.0829  0.0806  0.0817  0.0814
  0.0807  0.0807  0.0807  0.0808  0.0807  0.0807
  0.0829  0.0826  0.0836  0.0814  0.0817  0.0807
  0.0858  0.0850  0.0890  0.0820  0.0844  0.0820
  0.0889  0.0891  0.0945  0.0836  0.0878  0.0845
    1.0902   -2.3722   21.4318    0.8451   -8.0028   -4.4620
eta,q 0.91927 16.97859

---------------------------------------------------------------------
imgreg_4dfp /opt/freesurfer/average/711-2C_as_mni_average_305 /opt/freesurfer/average/711-2B_as_mni_average_305_mask talsrcimg_g11 none talsrcimg_to_711-2C_as_mni_average_305_t4 3335
---------------------------------------------------------------------

freesurfer imgreg_4dfp.c
/opt/freesurfer/average/711-2C_as_mni_average_305.4dfp.img
       256       256       256         1
  1.000000  1.000000  1.000000
orientation T byte_order littleendian
Reading image: /opt/freesurfer/average/711-2C_as_mni_average_305.4dfp.img
dimensions:      256       256       256
mmppix:       1.0000   -1.0000   -1.0000
center:     128.0000 -129.0000 -129.0000
/opt/freesurfer/average/711-2B_as_mni_average_305_mask.4dfp.img
       256       256       256         1
  1.000000  1.000000  1.000000
orientation T byte_order littleendian
Reading mask: /opt/freesurfer/average/711-2B_as_mni_average_305_mask.4dfp.img (2306576 pixels)
talsrcimg_g11.4dfp.img
       256       256       256         1
  1.000000  1.000000  1.000000
orientation T byte_order littleendian
Reading image: talsrcimg_g11.4dfp.img
dimensions:      256       256       256
mmppix:       1.0000   -1.0000   -1.0000
center:     128.0000 -129.0000 -129.0000
fimgreg.f
image alignment mode   3335 decimal      D07 hex
parameters
    1.0902   -2.3722   21.4318   -1.2740   -0.3299   -0.9847
    7.9837   13.7637   -7.7041   -2.5535  -13.9222    1.4606
eta,q 0.91886 17.06867
niter,ni,del,rscale     5    3    5.0000    1.2000
parameter  4-56.410599 ->  0.500000 qaram    1.1500
parameter  5  2.033364 ->  0.500000 qaram    1.1500
parameter  7  0.763202 ->  0.500000 qaram    1.1500
parameter  8  0.515786 ->  0.500000 qaram    1.1500
parameter 11 -0.724691 -> -0.500000 qaram    1.1500
parameter 12 -2.673292 -> -0.500000 qaram    1.1500
parameters
    0.1450   -2.3896   21.1342   -5.4140   -4.4699   -3.8754
    3.8437    9.6237   -4.2707   -2.0273   -9.7822    5.6006
eta,q 0.93707 16.91300
  0.0816  0.0822  0.0819  0.0672  0.0668  0.0698  0.0675  0.0678  0.0679  0.0683  0.0706  0.0675
  0.0807  0.0813  0.0809  0.0709  0.0682  0.0690  0.0675  0.0658  0.0669  0.0669  0.0683  0.0664
  0.0806  0.0808  0.0805  0.0758  0.0702  0.0681  0.0677  0.0658  0.0661  0.0659  0.0665  0.0653
  0.0811  0.0806  0.0806  0.0805  0.0722  0.0687  0.0683  0.0675  0.0656  0.0654  0.0653  0.0643
  0.0817  0.0808  0.0810  0.0858  0.0749  0.0714  0.0691  0.0702  0.0654  0.0654  0.0646  0.0635
  0.0820  0.0814  0.0816  0.0903  0.0781  0.0773  0.0703  0.0736  0.0654  0.0663  0.0643  0.0628
  0.0823  0.0823  0.0826  0.0940  0.0814  0.0858  0.0719  0.0771  0.0657  0.0677  0.0643  0.0622
niter,ni,del,rscale     7    3    5.0000    1.2000
parameter  2  0.528541 ->  0.500000 qaram    1.1500
parameter  3  1.836010 ->  0.500000 qaram    1.1500
parameter  4  1.055787 ->  0.500000 qaram    1.3225
parameter  5  4.702484 ->  0.500000 qaram    1.3225
parameter 12 19.323196 -> -0.500000 qaram    1.3225
parameters
    0.8480   -3.7696   19.7542  -10.1750   -9.2309   -4.4905
    3.2829    9.5769   -1.6710   -1.8073   -7.6443   10.3616
eta,q 0.94902 16.68654
  0.0683  0.0627  0.0594  0.0549  0.0498  0.0540  0.0547  0.0595  0.0548  0.0549  0.0538  0.0550
  0.0660  0.0622  0.0602  0.0553  0.0518  0.0536  0.0536  0.0550  0.0539  0.0538  0.0528  0.0544
  0.0641  0.0621  0.0611  0.0568  0.0540  0.0533  0.0529  0.0529  0.0532  0.0530  0.0525  0.0536
  0.0629  0.0626  0.0621  0.0604  0.0556  0.0524  0.0527  0.0527  0.0527  0.0525  0.0525  0.0526
  0.0626  0.0634  0.0635  0.0669  0.0578  0.0514  0.0531  0.0536  0.0525  0.0526  0.0527  0.0517
  0.0632  0.0643  0.0651  0.0743  0.0602  0.0530  0.0540  0.0554  0.0526  0.0534  0.0527  0.0508
  0.0645  0.0653  0.0669  0.0790  0.0630  0.0569  0.0552  0.0592  0.0531  0.0549  0.0527  0.0502
niter,ni,del,rscale     7    3    5.0000    1.2000
parameter  2  0.734506 ->  0.500000 qaram    1.3225
parameter  3  4.052855 ->  0.500000 qaram    1.3225
parameter  5  1.421649 ->  0.500000 qaram    1.5209
parameter  6  0.524355 ->  0.500000 qaram    1.1500
parameter 10  1.264136 ->  0.500000 qaram    1.1500
parameter 12-10.022501 ->  0.500000 qaram    1.5209
parameters
    1.4030   -5.3566   18.1672  -14.6970  -14.7060   -8.6305
    3.2752    8.4592   -1.1575   -5.9473   -9.1607    4.8864
eta,q 0.96083 16.18417
  0.0548  0.0502  0.0451  0.0466  0.0418  0.0419  0.0455  0.0454  0.0442  0.0403  0.0414  0.0379
  0.0530  0.0498  0.0463  0.0460  0.0423  0.0425  0.0440  0.0434  0.0433  0.0406  0.0410  0.0389
  0.0517  0.0501  0.0479  0.0458  0.0437  0.0427  0.0430  0.0426  0.0428  0.0414  0.0407  0.0399
  0.0510  0.0508  0.0499  0.0467  0.0458  0.0426  0.0426  0.0426  0.0425  0.0425  0.0408  0.0407
  0.0508  0.0519  0.0519  0.0502  0.0489  0.0434  0.0430  0.0435  0.0426  0.0439  0.0410  0.0415
  0.0513  0.0533  0.0539  0.0572  0.0520  0.0460  0.0440  0.0450  0.0430  0.0456  0.0415  0.0424
  0.0524  0.0548  0.0560  0.0667  0.0549  0.0501  0.0455  0.0471  0.0438  0.0475  0.0420  0.0433
niter,ni,del,rscale     7    3    5.0000    1.2000
parameter  2  0.589467 ->  0.500000 qaram    1.5209
parameter  3 14.141188 ->  0.500000 qaram    1.5209
parameters
    1.5090   -7.1817   16.3422  -15.0241  -18.9141  -12.4190
    2.5545    8.1024   -0.6760   -9.6783   -8.9949    6.3628
eta,q 0.97170 16.11122
  0.0421  0.0387  0.0273  0.0356  0.0337  0.0311  0.0319  0.0339  0.0311  0.0298  0.0298  0.0318
  0.0405  0.0378  0.0305  0.0339  0.0319  0.0296  0.0304  0.0313  0.0301  0.0287  0.0291  0.0304
  0.0396  0.0380  0.0342  0.0325  0.0310  0.0295  0.0295  0.0298  0.0295  0.0285  0.0286  0.0292
  0.0392  0.0392  0.0378  0.0315  0.0316  0.0311  0.0293  0.0293  0.0293  0.0293  0.0285  0.0285
  0.0394  0.0413  0.0414  0.0311  0.0349  0.0327  0.0299  0.0301  0.0294  0.0310  0.0286  0.0283
  0.0402  0.0440  0.0451  0.0326  0.0406  0.0353  0.0311  0.0320  0.0299  0.0337  0.0290  0.0289
  0.0416  0.0471  0.0489  0.0381  0.0471  0.0400  0.0329  0.0347  0.0307  0.0368  0.0297  0.0307
niter,ni,del,rscale     7    3    5.0000    1.2000
parameter  3  0.925694 ->  0.500000 qaram    1.7490
parameters
    1.4340   -6.3559   14.2434  -12.2776  -18.7399  -12.3468
    2.5079    9.0351   -0.2545   -8.7947   -8.6578    5.2161
eta,q 0.97597 16.22503
  0.0309  0.0362  0.0247  0.0306  0.0315  0.0291  0.0275  0.0329  0.0262  0.0287  0.0259  0.0262
  0.0295  0.0327  0.0251  0.0286  0.0287  0.0273  0.0257  0.0277  0.0251  0.0265  0.0246  0.0250
  0.0286  0.0299  0.0261  0.0268  0.0261  0.0255  0.0244  0.0249  0.0244  0.0249  0.0241  0.0243
  0.0283  0.0283  0.0280  0.0253  0.0241  0.0241  0.0240  0.0240  0.0241  0.0241  0.0240  0.0240
  0.0287  0.0280  0.0309  0.0240  0.0237  0.0236  0.0245  0.0246  0.0242  0.0242  0.0242  0.0244
  0.0297  0.0291  0.0348  0.0241  0.0266  0.0255  0.0257  0.0264  0.0248  0.0252  0.0247  0.0255
  0.0313  0.0315  0.0391  0.0274  0.0329  0.0306  0.0276  0.0290  0.0258  0.0272  0.0254  0.0278
niter,ni,del,rscale     7    3    5.0000    1.2000
parameters
    1.3056   -5.8733   12.3618  -12.7620  -18.0621  -12.1237
    2.2839    9.6127   -0.0758   -7.6832   -7.7257    3.9943
eta,q 0.97713 16.20584
  0.0269  0.0313  0.0243  0.0283  0.0310  0.0277  0.0263  0.0313  0.0248  0.0276  0.0249  0.0249
  0.0253  0.0278  0.0232  0.0263  0.0281  0.0260  0.0244  0.0261  0.0238  0.0252  0.0236  0.0237
  0.0243  0.0253  0.0231  0.0245  0.0255  0.0245  0.0232  0.0234  0.0231  0.0236  0.0230  0.0230
  0.0240  0.0240  0.0239  0.0230  0.0232  0.0230  0.0228  0.0228  0.0229  0.0229  0.0229  0.0229
  0.0245  0.0242  0.0259  0.0226  0.0225  0.0219  0.0234  0.0236  0.0231  0.0230  0.0230  0.0233
  0.0257  0.0256  0.0292  0.0254  0.0250  0.0233  0.0247  0.0255  0.0236  0.0239  0.0233  0.0243
  0.0277  0.0283  0.0339  0.0318  0.0310  0.0293  0.0266  0.0286  0.0246  0.0256  0.0239  0.0262
niter,ni,del,rscale     6    3    5.0000    1.2000
parameters
    1.2733   -5.4756   11.8600  -12.5957  -17.9560  -11.9711
    2.1775    9.6006   -0.2997   -7.0803   -7.0864    3.2912
eta,q 0.97740 16.20755
  0.0259  0.0297  0.0261  0.0283  0.0303  0.0274  0.0261  0.0300  0.0242  0.0268  0.0245  0.0248
  0.0243  0.0263  0.0241  0.0262  0.0274  0.0256  0.0242  0.0252  0.0233  0.0244  0.0232  0.0235
  0.0232  0.0240  0.0230  0.0244  0.0248  0.0241  0.0230  0.0229  0.0227  0.0231  0.0226  0.0228
  0.0229  0.0229  0.0228  0.0228  0.0227  0.0227  0.0226  0.0226  0.0226  0.0226  0.0226  0.0226
  0.0232  0.0231  0.0235  0.0219  0.0223  0.0215  0.0231  0.0235  0.0228  0.0229  0.0227  0.0229
  0.0243  0.0246  0.0253  0.0239  0.0256  0.0229  0.0244  0.0256  0.0234  0.0239  0.0231  0.0239
  0.0262  0.0273  0.0285  0.0299  0.0318  0.0294  0.0263  0.0296  0.0244  0.0255  0.0237  0.0256
niter,ni,del,rscale     5    3    5.0000    1.2000
parameters
    1.2489   -5.3042   11.7312  -12.5500  -17.9124  -11.9198
    2.1625    9.4882   -0.5438   -6.8121   -6.8125    3.0469
eta,q 0.97746 16.20868
  0.0257  0.0286  0.0267  0.0281  0.0302  0.0273  0.0262  0.0297  0.0241  0.0263  0.0242  0.0250
  0.0240  0.0255  0.0243  0.0260  0.0273  0.0255  0.0242  0.0251  0.0232  0.0241  0.0230  0.0236
  0.0230  0.0234  0.0230  0.0242  0.0247  0.0240  0.0230  0.0229  0.0227  0.0229  0.0225  0.0228
  0.0226  0.0226  0.0226  0.0226  0.0226  0.0226  0.0225  0.0225  0.0225  0.0225  0.0225  0.0225
  0.0229  0.0231  0.0230  0.0217  0.0223  0.0213  0.0230  0.0234  0.0228  0.0229  0.0227  0.0228
  0.0240  0.0247  0.0246  0.0239  0.0257  0.0229  0.0243  0.0255  0.0234  0.0240  0.0231  0.0237
  0.0259  0.0276  0.0274  0.0302  0.0319  0.0297  0.0262  0.0298  0.0243  0.0257  0.0238  0.0253
niter,ni,del,rscale     4    3    5.0000    1.2000
parameters
    1.2385   -5.2422   11.6955  -12.5468  -17.8987  -11.9179
    2.1854    9.4347   -0.6759   -6.7253   -6.7272    2.9817
eta,q 0.97746 16.20796
  0.0257  0.0282  0.0269  0.0281  0.0301  0.0272  0.0262  0.0298  0.0241  0.0261  0.0241  0.0251
  0.0240  0.0252  0.0244  0.0260  0.0272  0.0255  0.0243  0.0251  0.0232  0.0240  0.0229  0.0237
  0.0229  0.0232  0.0230  0.0242  0.0246  0.0240  0.0230  0.0229  0.0227  0.0228  0.0225  0.0228
  0.0225  0.0225  0.0225  0.0225  0.0225  0.0225  0.0225  0.0225  0.0225  0.0225  0.0225  0.0225
  0.0229  0.0231  0.0229  0.0217  0.0222  0.0213  0.0230  0.0234  0.0227  0.0230  0.0227  0.0228
  0.0240  0.0249  0.0244  0.0240  0.0257  0.0229  0.0243  0.0254  0.0233  0.0241  0.0231  0.0236
  0.0259  0.0279  0.0272  0.0302  0.0319  0.0298  0.0262  0.0297  0.0243  0.0258  0.0238  0.0252
niter,ni,del,rscale     3    3    5.0000    1.2000
parameters
    1.2343   -5.2216   11.6852  -12.5466  -17.8965  -11.9220
    2.2011    9.4192   -0.7238   -6.6968   -6.6971    2.9645
eta,q 0.97746 16.20747
  0.0257  0.0281  0.0270  0.0281  0.0301  0.0272  0.0262  0.0299  0.0242  0.0261  0.0240  0.0251
  0.0240  0.0251  0.0244  0.0260  0.0272  0.0255  0.0243  0.0252  0.0233  0.0240  0.0229  0.0237
  0.0229  0.0232  0.0230  0.0241  0.0246  0.0240  0.0230  0.0229  0.0227  0.0228  0.0225  0.0228
  0.0225  0.0225  0.0225  0.0225  0.0225  0.0225  0.0225  0.0225  0.0225  0.0225  0.0225  0.0225
  0.0229  0.0231  0.0229  0.0217  0.0222  0.0213  0.0230  0.0233  0.0227  0.0230  0.0227  0.0228
  0.0239  0.0249  0.0243  0.0240  0.0257  0.0229  0.0243  0.0254  0.0233  0.0242  0.0231  0.0236
  0.0258  0.0280  0.0271  0.0303  0.0319  0.0298  0.0262  0.0297  0.0242  0.0258  0.0238  0.0252
registration optimization eta report
parameter search radius
    2.4000    3.6501    4.1976    9.5220   10.9503    8.2800
    8.2800    8.2800    7.2000    8.2800    8.2800   10.9503
100000*second partial in parameter space
       56.       41.       26.        8.        7.        9.
        5.       11.        3.        5.        2.        2.
  0.0257  0.0281  0.0270  0.0281  0.0301  0.0272  0.0262  0.0299  0.0242  0.0261  0.0240  0.0251
  0.0240  0.0251  0.0244  0.0260  0.0272  0.0255  0.0243  0.0252  0.0233  0.0240  0.0229  0.0237
  0.0229  0.0232  0.0230  0.0241  0.0246  0.0240  0.0230  0.0229  0.0227  0.0228  0.0225  0.0228
  0.0225  0.0225  0.0225  0.0225  0.0225  0.0225  0.0225  0.0225  0.0225  0.0225  0.0225  0.0225
  0.0229  0.0231  0.0229  0.0217  0.0222  0.0213  0.0230  0.0233  0.0227  0.0230  0.0227  0.0228
  0.0239  0.0249  0.0243  0.0240  0.0257  0.0229  0.0243  0.0254  0.0233  0.0242  0.0231  0.0236
  0.0258  0.0280  0.0271  0.0303  0.0319  0.0298  0.0262  0.0297  0.0242  0.0258  0.0238  0.0252
    1.2343   -5.2216   11.6852  -12.5466  -17.8965  -11.9220
    2.2011    9.4192   -0.7238   -6.6968   -6.6971    2.9645
eta,q 0.97746 16.20747

---------------------------------------------------------------------
imgreg_4dfp /opt/freesurfer/average/711-2C_as_mni_average_305 /opt/freesurfer/average/711-2B_as_mni_average_305_mask talsrcimg_g11 none talsrcimg_to_711-2C_as_mni_average_305_t4 2311
---------------------------------------------------------------------

freesurfer imgreg_4dfp.c
/opt/freesurfer/average/711-2C_as_mni_average_305.4dfp.img
       256       256       256         1
  1.000000  1.000000  1.000000
orientation T byte_order littleendian
Reading image: /opt/freesurfer/average/711-2C_as_mni_average_305.4dfp.img
dimensions:      256       256       256
mmppix:       1.0000   -1.0000   -1.0000
center:     128.0000 -129.0000 -129.0000
/opt/freesurfer/average/711-2B_as_mni_average_305_mask.4dfp.img
       256       256       256         1
  1.000000  1.000000  1.000000
orientation T byte_order littleendian
Reading mask: /opt/freesurfer/average/711-2B_as_mni_average_305_mask.4dfp.img (2306576 pixels)
talsrcimg_g11.4dfp.img
       256       256       256         1
  1.000000  1.000000  1.000000
orientation T byte_order littleendian
Reading image: talsrcimg_g11.4dfp.img
dimensions:      256       256       256
mmppix:       1.0000   -1.0000   -1.0000
center:     128.0000 -129.0000 -129.0000
fimgreg.f
image alignment mode   2311 decimal      907 hex
parameters
    1.2343   -5.2216   11.6852  -12.5466  -17.8965  -11.9220
    2.2011    9.4192   -0.7238   -6.6968   -6.6971    2.9645
eta,q 0.97746 16.20747
niter,ni,del,rscale     5    3    5.0000    0.8000
parameter  4 -0.661541 -> -0.500000 qaram    1.1500
parameters
    1.2677   -5.2034   11.7823   -9.7866  -16.4968  -10.3098
    2.4619    9.8459   -0.3708   -6.5546   -6.0334    1.6693
eta,q 0.97940 16.40904
  0.0240  0.0236  0.0232  0.0250  0.0244  0.0241  0.0226  0.0259  0.0219  0.0224  0.0222  0.0210
  0.0232  0.0230  0.0228  0.0242  0.0233  0.0231  0.0216  0.0232  0.0212  0.0214  0.0213  0.0207
  0.0227  0.0227  0.0226  0.0233  0.0223  0.0222  0.0210  0.0214  0.0208  0.0208  0.0208  0.0206
  0.0225  0.0225  0.0225  0.0225  0.0217  0.0214  0.0207  0.0207  0.0207  0.0207  0.0207  0.0206
  0.0227  0.0226  0.0226  0.0219  0.0214  0.0207  0.0208  0.0209  0.0207  0.0208  0.0207  0.0209
  0.0231  0.0230  0.0227  0.0217  0.0216  0.0207  0.0214  0.0221  0.0210  0.0213  0.0210  0.0212
  0.0239  0.0236  0.0230  0.0223  0.0226  0.0223  0.0223  0.0244  0.0216  0.0221  0.0214  0.0218
niter,ni,del,rscale     5    3    5.0000    0.8000
parameters
    0.9911   -5.4978   11.6728  -10.9356  -15.9997  -10.0438
    2.5066    9.3309   -0.5356   -6.6224   -6.1212    1.7096
eta,q 0.97957 16.41245
  0.0221  0.0214  0.0214  0.0228  0.0232  0.0235  0.0221  0.0234  0.0214  0.0220  0.0214  0.0212
  0.0211  0.0208  0.0208  0.0218  0.0221  0.0225  0.0212  0.0215  0.0208  0.0211  0.0208  0.0208
  0.0206  0.0205  0.0205  0.0209  0.0212  0.0215  0.0207  0.0206  0.0205  0.0206  0.0205  0.0205
  0.0206  0.0205  0.0205  0.0205  0.0207  0.0206  0.0205  0.0205  0.0204  0.0204  0.0204  0.0204
  0.0211  0.0209  0.0207  0.0212  0.0206  0.0201  0.0206  0.0211  0.0206  0.0207  0.0206  0.0205
  0.0222  0.0215  0.0211  0.0235  0.0212  0.0209  0.0212  0.0226  0.0209  0.0212  0.0209  0.0207
  0.0237  0.0224  0.0216  0.0274  0.0226  0.0239  0.0221  0.0251  0.0215  0.0221  0.0213  0.0212
niter,ni,del,rscale     4    3    5.0000    0.7000
parameters
    0.9680   -5.5449   11.6391  -11.0798  -15.8317   -9.8163
    2.5416    9.3756   -0.4914   -6.6661   -6.1877    1.5966
eta,q 0.97965 16.41749
  0.0219  0.0214  0.0212  0.0227  0.0224  0.0229  0.0216  0.0234  0.0211  0.0216  0.0211  0.0209
  0.0211  0.0209  0.0207  0.0218  0.0215  0.0221  0.0209  0.0216  0.0207  0.0209  0.0206  0.0206
  0.0206  0.0205  0.0205  0.0210  0.0208  0.0212  0.0205  0.0206  0.0204  0.0205  0.0204  0.0204
  0.0204  0.0204  0.0204  0.0204  0.0205  0.0204  0.0204  0.0204  0.0203  0.0204  0.0204  0.0204
  0.0206  0.0206  0.0206  0.0204  0.0205  0.0201  0.0205  0.0206  0.0204  0.0205  0.0205  0.0204
  0.0211  0.0209  0.0208  0.0214  0.0210  0.0209  0.0209  0.0215  0.0207  0.0210  0.0207  0.0206
  0.0220  0.0216  0.0212  0.0237  0.0223  0.0232  0.0216  0.0232  0.0211  0.0216  0.0211  0.0210
niter,ni,del,rscale     3    3    5.0000    0.6000
parameters
    0.9621   -5.5754   11.6373  -10.9106  -15.7269   -9.5835
    2.5615    9.4387   -0.4223   -6.6778   -6.1665    1.4690
eta,q 0.97979 16.43026
  0.0214  0.0211  0.0210  0.0222  0.0217  0.0223  0.0212  0.0226  0.0208  0.0212  0.0208  0.0206
  0.0208  0.0207  0.0206  0.0215  0.0211  0.0216  0.0207  0.0212  0.0205  0.0206  0.0205  0.0204
  0.0205  0.0204  0.0204  0.0209  0.0206  0.0209  0.0203  0.0205  0.0203  0.0203  0.0203  0.0202
  0.0203  0.0204  0.0204  0.0204  0.0203  0.0203  0.0202  0.0202  0.0202  0.0202  0.0202  0.0202
  0.0205  0.0204  0.0204  0.0202  0.0204  0.0201  0.0203  0.0204  0.0203  0.0203  0.0203  0.0203
  0.0208  0.0207  0.0206  0.0208  0.0208  0.0207  0.0206  0.0211  0.0205  0.0207  0.0205  0.0204
  0.0215  0.0212  0.0210  0.0224  0.0217  0.0224  0.0212  0.0224  0.0208  0.0212  0.0208  0.0207
niter,ni,del,rscale     2    3    5.0000    0.5000
parameters
    0.9365   -5.6039   11.6556  -10.7251  -15.6420   -9.3582
    2.5794    9.4556   -0.3778   -6.6739   -6.1289    1.3541
eta,q 0.97990 16.44200
  0.0210  0.0207  0.0207  0.0217  0.0212  0.0218  0.0208  0.0218  0.0205  0.0208  0.0206  0.0204
  0.0205  0.0204  0.0204  0.0211  0.0207  0.0212  0.0204  0.0209  0.0203  0.0204  0.0203  0.0202
  0.0203  0.0203  0.0203  0.0206  0.0203  0.0206  0.0202  0.0203  0.0202  0.0202  0.0201  0.0201
  0.0202  0.0202  0.0202  0.0202  0.0202  0.0202  0.0201  0.0201  0.0201  0.0201  0.0201  0.0201
  0.0203  0.0203  0.0203  0.0201  0.0202  0.0200  0.0202  0.0203  0.0201  0.0202  0.0202  0.0201
  0.0206  0.0205  0.0204  0.0206  0.0205  0.0205  0.0204  0.0208  0.0203  0.0204  0.0203  0.0203
  0.0211  0.0208  0.0206  0.0217  0.0212  0.0217  0.0208  0.0218  0.0205  0.0208  0.0205  0.0205
niter,ni,del,rscale     1    3    5.0000    0.4000
parameters
    0.9074   -5.6265   11.6901  -10.5718  -15.5751   -9.1486
    2.5948    9.4580   -0.3583   -6.6870   -6.1094    1.2199
eta,q 0.97997 16.45025
  0.0206  0.0204  0.0205  0.0211  0.0207  0.0213  0.0205  0.0212  0.0203  0.0205  0.0204  0.0202
  0.0203  0.0203  0.0203  0.0207  0.0204  0.0208  0.0202  0.0205  0.0202  0.0202  0.0202  0.0201
  0.0201  0.0201  0.0201  0.0203  0.0202  0.0204  0.0201  0.0202  0.0201  0.0201  0.0201  0.0200
  0.0201  0.0201  0.0201  0.0201  0.0201  0.0201  0.0200  0.0200  0.0200  0.0200  0.0200  0.0200
  0.0202  0.0201  0.0201  0.0201  0.0201  0.0200  0.0201  0.0201  0.0201  0.0201  0.0201  0.0201
  0.0204  0.0203  0.0202  0.0204  0.0203  0.0203  0.0202  0.0205  0.0201  0.0202  0.0202  0.0201
  0.0207  0.0205  0.0204  0.0211  0.0207  0.0211  0.0205  0.0212  0.0203  0.0205  0.0203  0.0203
registration optimization eta report
parameter search radius
    0.8000    0.8000    0.8000    2.7600    2.4000    2.4000
    2.4000    2.4000    2.4000    2.4000    2.4000    2.4000
100000*second partial in parameter space
       85.       57.       51.       13.       11.       20.
        8.       20.        5.        8.        6.        4.
  0.0206  0.0204  0.0205  0.0211  0.0207  0.0213  0.0205  0.0212  0.0203  0.0205  0.0204  0.0202
  0.0203  0.0203  0.0203  0.0207  0.0204  0.0208  0.0202  0.0205  0.0202  0.0202  0.0202  0.0201
  0.0201  0.0201  0.0201  0.0203  0.0202  0.0204  0.0201  0.0202  0.0201  0.0201  0.0201  0.0200
  0.0201  0.0201  0.0201  0.0201  0.0201  0.0201  0.0200  0.0200  0.0200  0.0200  0.0200  0.0200
  0.0202  0.0201  0.0201  0.0201  0.0201  0.0200  0.0201  0.0201  0.0201  0.0201  0.0201  0.0201
  0.0204  0.0203  0.0202  0.0204  0.0203  0.0203  0.0202  0.0205  0.0201  0.0202  0.0202  0.0201
  0.0207  0.0205  0.0204  0.0211  0.0207  0.0211  0.0205  0.0212  0.0203  0.0205  0.0203  0.0203
    0.9074   -5.6265   11.6901  -10.5718  -15.5751   -9.1486
    2.5948    9.4580   -0.3583   -6.6870   -6.1094    1.2199
eta,q 0.97997 16.45025

---------------------------------------------------------------------
imgreg_4dfp /opt/freesurfer/average/711-2C_as_mni_average_305 /opt/freesurfer/average/711-2B_as_mni_average_305_mask talsrcimg_g11 none talsrcimg_to_711-2C_as_mni_average_305_t4 2311
---------------------------------------------------------------------

freesurfer imgreg_4dfp.c
/opt/freesurfer/average/711-2C_as_mni_average_305.4dfp.img
       256       256       256         1
  1.000000  1.000000  1.000000
orientation T byte_order littleendian
Reading image: /opt/freesurfer/average/711-2C_as_mni_average_305.4dfp.img
dimensions:      256       256       256
mmppix:       1.0000   -1.0000   -1.0000
center:     128.0000 -129.0000 -129.0000
/opt/freesurfer/average/711-2B_as_mni_average_305_mask.4dfp.img
       256       256       256         1
  1.000000  1.000000  1.000000
orientation T byte_order littleendian
Reading mask: /opt/freesurfer/average/711-2B_as_mni_average_305_mask.4dfp.img (2306576 pixels)
talsrcimg_g11.4dfp.img
       256       256       256         1
  1.000000  1.000000  1.000000
orientation T byte_order littleendian
Reading image: talsrcimg_g11.4dfp.img
dimensions:      256       256       256
mmppix:       1.0000   -1.0000   -1.0000
center:     128.0000 -129.0000 -129.0000
fimgreg.f
image alignment mode   2311 decimal      907 hex
parameters
    0.9074   -5.6265   11.6901  -10.5718  -15.5751   -9.1486
    2.5948    9.4580   -0.3583   -6.6870   -6.1094    1.2199
eta,q 0.97997 16.45024
niter,ni,del,rscale     5    3    5.0000    0.8000
parameters
    0.8754   -5.6775   11.8017  -11.2538  -15.8890   -9.7976
    2.5235    9.2340   -0.5181   -6.7829   -6.3517    1.7628
eta,q 0.97958 16.41751
  0.0222  0.0214  0.0216  0.0220  0.0223  0.0229  0.0220  0.0237  0.0214  0.0220  0.0212  0.0213
  0.0210  0.0206  0.0207  0.0212  0.0213  0.0219  0.0212  0.0217  0.0208  0.0211  0.0207  0.0209
  0.0203  0.0202  0.0202  0.0205  0.0205  0.0210  0.0206  0.0207  0.0205  0.0206  0.0205  0.0206
  0.0200  0.0200  0.0200  0.0200  0.0202  0.0202  0.0205  0.0205  0.0204  0.0204  0.0204  0.0204
  0.0203  0.0202  0.0201  0.0203  0.0204  0.0204  0.0207  0.0209  0.0206  0.0207  0.0206  0.0204
  0.0211  0.0207  0.0205  0.0218  0.0214  0.0224  0.0212  0.0221  0.0209  0.0212  0.0209  0.0206
  0.0224  0.0216  0.0212  0.0247  0.0234  0.0266  0.0221  0.0244  0.0215  0.0221  0.0213  0.0210
niter,ni,del,rscale     4    3    5.0000    0.7000
parameters
    0.9583   -5.6038   11.7025  -10.9493  -15.8594   -9.8756
    2.5535    9.4201   -0.4176   -6.7387   -6.2891    1.7058
eta,q 0.97965 16.42332
  0.0220  0.0216  0.0211  0.0223  0.0222  0.0227  0.0216  0.0236  0.0212  0.0217  0.0211  0.0209
  0.0212  0.0210  0.0207  0.0216  0.0213  0.0219  0.0209  0.0217  0.0207  0.0209  0.0206  0.0206
  0.0206  0.0206  0.0204  0.0209  0.0207  0.0210  0.0205  0.0207  0.0204  0.0205  0.0204  0.0204
  0.0204  0.0204  0.0204  0.0204  0.0203  0.0203  0.0203  0.0203  0.0203  0.0203  0.0203  0.0203
  0.0205  0.0205  0.0205  0.0202  0.0204  0.0201  0.0205  0.0206  0.0204  0.0205  0.0204  0.0204
  0.0209  0.0208  0.0209  0.0208  0.0210  0.0212  0.0209  0.0214  0.0207  0.0209  0.0207  0.0206
  0.0217  0.0214  0.0213  0.0223  0.0224  0.0238  0.0216  0.0230  0.0211  0.0216  0.0210  0.0209
niter,ni,del,rscale     3    3    5.0000    0.6000
parameters
    0.9589   -5.5930   11.6525  -10.6861  -15.7714   -9.6511
    2.5680    9.4750   -0.3604   -6.6961   -6.1629    1.5345
eta,q 0.97980 16.43560
  0.0215  0.0211  0.0209  0.0219  0.0217  0.0223  0.0212  0.0227  0.0208  0.0212  0.0209  0.0206
  0.0208  0.0207  0.0206  0.0213  0.0210  0.0216  0.0206  0.0213  0.0205  0.0206  0.0205  0.0204
  0.0205  0.0204  0.0204  0.0208  0.0205  0.0209  0.0203  0.0205  0.0203  0.0203  0.0203  0.0202
  0.0203  0.0203  0.0203  0.0203  0.0203  0.0203  0.0202  0.0202  0.0202  0.0202  0.0202  0.0202
  0.0205  0.0204  0.0204  0.0202  0.0203  0.0201  0.0203  0.0204  0.0203  0.0203  0.0203  0.0203
  0.0208  0.0207  0.0207  0.0207  0.0208  0.0207  0.0206  0.0212  0.0204  0.0206  0.0205  0.0204
  0.0215  0.0211  0.0210  0.0218  0.0217  0.0224  0.0212  0.0225  0.0208  0.0211  0.0208  0.0207
niter,ni,del,rscale     2    3    5.0000    0.5000
parameters
    0.9297   -5.6072   11.6627  -10.5422  -15.6776   -9.3983
    2.5806    9.4610   -0.3561   -6.6774   -6.0953    1.3836
eta,q 0.97991 16.44567
  0.0210  0.0207  0.0207  0.0214  0.0212  0.0218  0.0208  0.0218  0.0205  0.0208  0.0206  0.0204
  0.0205  0.0204  0.0204  0.0209  0.0207  0.0212  0.0204  0.0209  0.0203  0.0204  0.0203  0.0202
  0.0203  0.0203  0.0202  0.0205  0.0203  0.0206  0.0202  0.0203  0.0201  0.0202  0.0201  0.0201
  0.0202  0.0202  0.0202  0.0202  0.0202  0.0202  0.0201  0.0201  0.0201  0.0201  0.0201  0.0201
  0.0203  0.0203  0.0203  0.0202  0.0202  0.0200  0.0202  0.0203  0.0201  0.0202  0.0201  0.0201
  0.0206  0.0205  0.0204  0.0205  0.0205  0.0205  0.0204  0.0209  0.0203  0.0204  0.0203  0.0203
  0.0211  0.0208  0.0206  0.0214  0.0211  0.0217  0.0208  0.0219  0.0205  0.0208  0.0205  0.0204
niter,ni,del,rscale     1    3    5.0000    0.4000
parameters
    0.9008   -5.6274   11.6979  -10.4420  -15.5983   -9.1745
    2.5925    9.4485   -0.3477   -6.6872   -6.0728    1.2410
eta,q 0.97998 16.45290
  0.0206  0.0204  0.0204  0.0209  0.0207  0.0213  0.0205  0.0212  0.0203  0.0205  0.0204  0.0202
  0.0203  0.0202  0.0202  0.0205  0.0204  0.0208  0.0202  0.0205  0.0201  0.0202  0.0202  0.0201
  0.0201  0.0201  0.0201  0.0203  0.0202  0.0204  0.0201  0.0202  0.0201  0.0201  0.0201  0.0200
  0.0201  0.0201  0.0201  0.0201  0.0201  0.0201  0.0200  0.0200  0.0200  0.0200  0.0200  0.0200
  0.0202  0.0201  0.0201  0.0201  0.0201  0.0200  0.0201  0.0201  0.0200  0.0201  0.0201  0.0201
  0.0204  0.0203  0.0202  0.0203  0.0203  0.0203  0.0202  0.0205  0.0201  0.0202  0.0202  0.0201
  0.0207  0.0205  0.0204  0.0209  0.0207  0.0211  0.0205  0.0212  0.0203  0.0205  0.0203  0.0203
registration optimization eta report
parameter search radius
    0.8000    0.8000    0.8000    2.4000    2.4000    2.4000
    2.4000    2.4000    2.4000    2.4000    2.4000    2.4000
100000*second partial in parameter space
       87.       56.       51.       14.       11.       20.
        8.       21.        5.        8.        6.        4.
  0.0206  0.0204  0.0204  0.0209  0.0207  0.0213  0.0205  0.0212  0.0203  0.0205  0.0204  0.0202
  0.0203  0.0202  0.0202  0.0205  0.0204  0.0208  0.0202  0.0205  0.0201  0.0202  0.0202  0.0201
  0.0201  0.0201  0.0201  0.0203  0.0202  0.0204  0.0201  0.0202  0.0201  0.0201  0.0201  0.0200
  0.0201  0.0201  0.0201  0.0201  0.0201  0.0201  0.0200  0.0200  0.0200  0.0200  0.0200  0.0200
  0.0202  0.0201  0.0201  0.0201  0.0201  0.0200  0.0201  0.0201  0.0200  0.0201  0.0201  0.0201
  0.0204  0.0203  0.0202  0.0203  0.0203  0.0203  0.0202  0.0205  0.0201  0.0202  0.0202  0.0201
  0.0207  0.0205  0.0204  0.0209  0.0207  0.0211  0.0205  0.0212  0.0203  0.0205  0.0203  0.0203
    0.9008   -5.6274   11.6979  -10.4420  -15.5983   -9.1745
    2.5925    9.4485   -0.3477   -6.6872   -6.0728    1.2410
eta,q 0.97998 16.45290

---------------------------------------------------------------------
compute_vox2vox talsrcimg talsrcimg_to_711-2C_as_mni_average_305_t4 /opt/freesurfer/average/711-2C_as_mni_average_305
---------------------------------------------------------------------

freesurfer compute_vox2vox.c
Reading: talsrcimg.4dfp.ifh
Reading: talsrcimg_to_711-2C_as_mni_average_305_t4
Reading: /opt/freesurfer/average/711-2C_as_mni_average_305.4dfp.ifh
Writing: talsrcimg_to_711-2C_as_mni_average_305_t4_vox2vox.txt

start time Mon Mar 9 03:39:06 CET 2026
end		time Mon Mar 9 03:40:36 CET 2026

mpr2mni305 success

avi2talxfm orig_nu.mgz /opt/freesurfer/average/mni305.cor.mgz talsrcimg_to_711-2C_as_mni_average_305_t4_vox2vox.txt transforms/talairach.auto.xfm
avi2talxfm done
mv -f /out/sourcedata/freesurfer/sub-v1s18x0051203_ses-1/mri/talsrcimg_to_711-2C_as_mni_average_305_t4_vox2vox.txt /out/sourcedata/freesurfer/sub-v1s18x0051203_ses-1/mri/transforms/talsrcimg_to_711-2C_as_mni_average_305_t4_vox2vox.txt
lta_convert --src orig_nu.mgz --trg /opt/freesurfer/average/mni305.cor.mgz --inxfm transforms/talairach.auto.xfm --outlta transforms/talairach.auto.xfm.lta --subject fsaverage
7.3.2

--src: orig_nu.mgz src image (geometry).
--trg: /opt/freesurfer/average/mni305.cor.mgz trg image (geometry).
--inmni: transforms/talairach.auto.xfm input MNI/XFM transform.
--outlta: transforms/talairach.auto.xfm.lta output LTA.
--s: fsaverage subject name
 LTA read, type : 1
 1.10849  -0.11769  -0.03232  -1.19756;
 0.07397   1.09197  -0.01833  -18.17183;
 0.01043   0.08603   1.18323   19.89544;
 0.00000   0.00000   0.00000   1.00000;
setting subject to fsaverage
Writing  LTA to file transforms/talairach.auto.xfm.lta...
lta_convert successful.
 
 
Started at Mon Mar 9 03:39:06 CET 2026
Ended   at Mon Mar  9 03:40:36 CET 2026
talairach_avi done
