status file for recon-all
Mon Mar  9 05:10:53 CET 2026
#@# Tessellate rh Mon Mar  9 05:10:53 CET 2026
#@# Smooth1 rh Mon Mar  9 05:10:55 CET 2026
#@# Inflation1 rh Mon Mar  9 05:10:58 CET 2026
#@# QSphere rh Mon Mar  9 05:11:12 CET 2026
#@# Fix Topology rh Mon Mar  9 05:12:21 CET 2026
#@# Smooth2 rh Mon Mar  9 05:18:03 CET 2026
#@# Inflation2 rh Mon Mar  9 05:18:05 CET 2026
#@# Curv .H and .K rh Mon Mar  9 05:18:19 CET 2026
#@# Sphere rh Mon Mar  9 05:18:57 CET 2026
#@# Surf Reg rh Mon Mar  9 05:21:52 CET 2026
#@# Jacobian white rh Mon Mar  9 05:25:48 CET 2026
#@# AvgCurv rh Mon Mar  9 05:25:48 CET 2026
#@# Cortical Parc rh Mon Mar  9 05:25:49 CET 2026
#@# white curv rh Mon Mar  9 05:31:54 CET 2026
#@# white area rh Mon Mar  9 05:31:55 CET 2026
#@# pial curv rh Mon Mar  9 05:31:56 CET 2026
#@# pial area rh Mon Mar  9 05:31:57 CET 2026
#@# thickness rh Mon Mar  9 05:31:58 CET 2026
#@# area and vertex vol rh Mon Mar  9 05:32:18 CET 2026
#@# Curvature Stats rh Mon Mar  9 05:32:19 CET 2026
#@# Cortical Parc 2 rh Mon Mar  9 05:32:21 CET 2026
#@# Cortical Parc 3 rh Mon Mar  9 05:32:31 CET 2026
#@# WM/GM Contrast rh Mon Mar  9 05:32:38 CET 2026
recon-all -s sub-v1s18x0051201_ses-1 finished without error at Mon Mar  9 05:32:41 CET 2026



#New# invocation of recon-all 



status file for recon-all
Mon Mar  9 05:39:22 CET 2026
#@# white curv rh Mon Mar  9 05:39:22 CET 2026
#@# white area rh Mon Mar  9 05:39:22 CET 2026
#@# pial curv rh Mon Mar  9 05:39:22 CET 2026
#@# pial area rh Mon Mar  9 05:39:22 CET 2026
#@# thickness rh Mon Mar  9 05:39:22 CET 2026
#@# area and vertex vol rh Mon Mar  9 05:39:22 CET 2026
#@# Parcellation Stats rh Mon Mar  9 05:39:22 CET 2026
#@# Parcellation Stats 2 rh Mon Mar  9 05:39:39 CET 2026
#@# Parcellation Stats 3 rh Mon Mar  9 05:39:50 CET 2026
#@# BA_exvivo Labels rh Mon Mar  9 05:39:58 CET 2026
recon-all -s sub-v1s18x0051201_ses-1 finished without error at Mon Mar  9 05:42:08 CET 2026
