status file for recon-all
Thu Mar 12 12:12:04 CET 2026
#@# MotionCor Thu Mar 12 12:12:06 CET 2026
#@# Talairach Thu Mar 12 12:12:13 CET 2026
#@# Talairach Failure Detection Thu Mar 12 12:16:41 CET 2026
#@# Nu Intensity Correction Thu Mar 12 12:16:41 CET 2026
#@# Intensity Normalization Thu Mar 12 12:20:00 CET 2026
recon-all -s sub-v1s18x0051280_ses-1 finished without error at Thu Mar 12 12:21:34 CET 2026



#New# invocation of recon-all 



status file for recon-all
Thu Mar 12 12:28:40 CET 2026
#@# EM Registration Thu Mar 12 12:28:40 CET 2026
recon-all -s sub-v1s18x0051280_ses-1 finished without error at Thu Mar 12 12:31:08 CET 2026



#New# invocation of recon-all 



status file for recon-all
Thu Mar 12 12:31:11 CET 2026
#@# CA Normalize Thu Mar 12 12:31:11 CET 2026
#@# CA Reg Thu Mar 12 12:32:34 CET 2026
#@# SubCort Seg Thu Mar 12 13:23:08 CET 2026
#@# CC Seg Thu Mar 12 13:51:56 CET 2026
#@# Merge ASeg Thu Mar 12 13:52:28 CET 2026
#@# Intensity Normalization2 Thu Mar 12 13:52:28 CET 2026
#@# Mask BFS Thu Mar 12 13:54:49 CET 2026
#@# WM Segmentation Thu Mar 12 13:54:49 CET 2026
#@# Fill Thu Mar 12 13:56:46 CET 2026
recon-all -s sub-v1s18x0051280_ses-1 finished without error at Thu Mar 12 13:57:48 CET 2026



#New# invocation of recon-all 



status file for recon-all
Thu Mar 12 14:43:38 CET 2026
#@# white curv lh Thu Mar 12 14:43:38 CET 2026
#@# white area lh Thu Mar 12 14:43:38 CET 2026
#@# pial curv lh Thu Mar 12 14:43:38 CET 2026
#@# pial area lh Thu Mar 12 14:43:38 CET 2026
#@# thickness lh Thu Mar 12 14:43:38 CET 2026
#@# area and vertex vol lh Thu Mar 12 14:43:38 CET 2026
#@# white curv rh Thu Mar 12 14:43:38 CET 2026
#@# white area rh Thu Mar 12 14:43:38 CET 2026
#@# pial curv rh Thu Mar 12 14:43:38 CET 2026
#@# pial area rh Thu Mar 12 14:43:38 CET 2026
#@# thickness rh Thu Mar 12 14:43:38 CET 2026
#@# area and vertex vol rh Thu Mar 12 14:43:38 CET 2026
#@# Cortical ribbon mask Thu Mar 12 14:43:38 CET 2026
recon-all -s sub-v1s18x0051280_ses-1 finished without error at Thu Mar 12 14:49:26 CET 2026



#New# invocation of recon-all 



status file for recon-all
Thu Mar 12 14:55:40 CET 2026
#@# white curv lh Thu Mar 12 14:55:40 CET 2026
#@# white area lh Thu Mar 12 14:55:40 CET 2026
#@# pial curv lh Thu Mar 12 14:55:40 CET 2026
#@# pial area lh Thu Mar 12 14:55:40 CET 2026
#@# thickness lh Thu Mar 12 14:55:40 CET 2026
#@# area and vertex vol lh Thu Mar 12 14:55:40 CET 2026
#@# white curv rh Thu Mar 12 14:55:40 CET 2026
#@# white area rh Thu Mar 12 14:55:40 CET 2026
#@# pial curv rh Thu Mar 12 14:55:40 CET 2026
#@# pial area rh Thu Mar 12 14:55:40 CET 2026
#@# thickness rh Thu Mar 12 14:55:40 CET 2026
#@# area and vertex vol rh Thu Mar 12 14:55:40 CET 2026
#@# Curvature Stats lh Thu Mar 12 14:55:40 CET 2026
#@# Curvature Stats rh Thu Mar 12 14:55:43 CET 2026
#@# Relabel Hypointensities Thu Mar 12 14:55:45 CET 2026
#@# APas-to-ASeg Thu Mar 12 14:56:00 CET 2026
#@# AParc-to-ASeg aparc Thu Mar 12 14:56:08 CET 2026
#@# AParc-to-ASeg aparc.a2009s Thu Mar 12 14:56:51 CET 2026
#@# AParc-to-ASeg aparc.DKTatlas Thu Mar 12 14:57:33 CET 2026
#@# WMParc Thu Mar 12 14:58:21 CET 2026
#@# ASeg Stats Thu Mar 12 15:02:19 CET 2026
recon-all -s sub-v1s18x0051280_ses-1 finished without error at Thu Mar 12 15:02:56 CET 2026
