status file for recon-all
Thu Mar 12 13:57:53 CET 2026
#@# Tessellate lh Thu Mar 12 13:57:53 CET 2026
#@# Smooth1 lh Thu Mar 12 13:57:57 CET 2026
#@# Inflation1 lh Thu Mar 12 13:58:00 CET 2026
#@# QSphere lh Thu Mar 12 13:58:13 CET 2026
#@# Fix Topology lh Thu Mar 12 13:59:05 CET 2026
#@# Smooth2 lh Thu Mar 12 14:05:28 CET 2026
#@# Inflation2 lh Thu Mar 12 14:05:31 CET 2026
#@# Curv .H and .K lh Thu Mar 12 14:05:44 CET 2026
#@# Sphere lh Thu Mar 12 14:06:30 CET 2026
#@# Surf Reg lh Thu Mar 12 14:10:03 CET 2026
#@# Jacobian white lh Thu Mar 12 14:13:32 CET 2026
#@# AvgCurv lh Thu Mar 12 14:13:33 CET 2026
#@# Cortical Parc lh Thu Mar 12 14:13:34 CET 2026
#@# white curv lh Thu Mar 12 14:20:03 CET 2026
#@# white area lh Thu Mar 12 14:20:04 CET 2026
#@# pial curv lh Thu Mar 12 14:20:05 CET 2026
#@# pial area lh Thu Mar 12 14:20:07 CET 2026
#@# thickness lh Thu Mar 12 14:20:08 CET 2026
#@# area and vertex vol lh Thu Mar 12 14:20:36 CET 2026
#@# Curvature Stats lh Thu Mar 12 14:20:38 CET 2026
#@# Cortical Parc 2 lh Thu Mar 12 14:20:40 CET 2026
#@# Cortical Parc 3 lh Thu Mar 12 14:20:53 CET 2026
#@# WM/GM Contrast lh Thu Mar 12 14:21:03 CET 2026
recon-all -s sub-v1s18x0051280_ses-1 finished without error at Thu Mar 12 14:21:06 CET 2026



#New# invocation of recon-all 



status file for recon-all
Thu Mar 12 14:49:30 CET 2026
#@# white curv lh Thu Mar 12 14:49:30 CET 2026
#@# white area lh Thu Mar 12 14:49:30 CET 2026
#@# pial curv lh Thu Mar 12 14:49:30 CET 2026
#@# pial area lh Thu Mar 12 14:49:30 CET 2026
#@# thickness lh Thu Mar 12 14:49:30 CET 2026
#@# area and vertex vol lh Thu Mar 12 14:49:30 CET 2026
#@# Parcellation Stats lh Thu Mar 12 14:49:30 CET 2026
#@# Parcellation Stats 2 lh Thu Mar 12 14:49:49 CET 2026
#@# Parcellation Stats 3 lh Thu Mar 12 14:49:58 CET 2026
#@# BA_exvivo Labels lh Thu Mar 12 14:50:07 CET 2026
recon-all -s sub-v1s18x0051280_ses-1 finished without error at Thu Mar 12 14:52:30 CET 2026
