status file for recon-all
Mon Mar  9 07:11:22 CET 2026
#@# MotionCor Mon Mar  9 07:11:24 CET 2026
#@# Talairach Mon Mar  9 07:11:29 CET 2026
#@# Talairach Failure Detection Mon Mar  9 07:14:20 CET 2026
#@# Nu Intensity Correction Mon Mar  9 07:14:20 CET 2026
#@# Intensity Normalization Mon Mar  9 07:17:06 CET 2026
recon-all -s sub-v1s18x0051275_ses-1 finished without error at Mon Mar  9 07:18:01 CET 2026



#New# invocation of recon-all 



status file for recon-all
Mon Mar  9 07:23:55 CET 2026
#@# EM Registration Mon Mar  9 07:23:55 CET 2026
recon-all -s sub-v1s18x0051275_ses-1 finished without error at Mon Mar  9 07:26:56 CET 2026



#New# invocation of recon-all 



status file for recon-all
Mon Mar  9 07:26:57 CET 2026
#@# CA Normalize Mon Mar  9 07:26:57 CET 2026
#@# CA Reg Mon Mar  9 07:27:49 CET 2026
#@# SubCort Seg Mon Mar  9 08:07:39 CET 2026
#@# CC Seg Mon Mar  9 08:25:47 CET 2026
#@# Merge ASeg Mon Mar  9 08:26:10 CET 2026
#@# Intensity Normalization2 Mon Mar  9 08:26:10 CET 2026
#@# Mask BFS Mon Mar  9 08:27:29 CET 2026
#@# WM Segmentation Mon Mar  9 08:27:30 CET 2026
#@# Fill Mon Mar  9 08:28:54 CET 2026
recon-all -s sub-v1s18x0051275_ses-1 finished without error at Mon Mar  9 08:29:31 CET 2026



#New# invocation of recon-all 



status file for recon-all
Mon Mar  9 09:06:25 CET 2026
#@# white curv lh Mon Mar  9 09:06:25 CET 2026
#@# white area lh Mon Mar  9 09:06:25 CET 2026
#@# pial curv lh Mon Mar  9 09:06:25 CET 2026
#@# pial area lh Mon Mar  9 09:06:25 CET 2026
#@# thickness lh Mon Mar  9 09:06:25 CET 2026
#@# area and vertex vol lh Mon Mar  9 09:06:25 CET 2026
#@# white curv rh Mon Mar  9 09:06:25 CET 2026
#@# white area rh Mon Mar  9 09:06:25 CET 2026
#@# pial curv rh Mon Mar  9 09:06:25 CET 2026
#@# pial area rh Mon Mar  9 09:06:25 CET 2026
#@# thickness rh Mon Mar  9 09:06:25 CET 2026
#@# area and vertex vol rh Mon Mar  9 09:06:25 CET 2026
#@# Cortical ribbon mask Mon Mar  9 09:06:25 CET 2026
recon-all -s sub-v1s18x0051275_ses-1 finished without error at Mon Mar  9 09:10:08 CET 2026



#New# invocation of recon-all 



status file for recon-all
Mon Mar  9 09:15:01 CET 2026
#@# white curv lh Mon Mar  9 09:15:01 CET 2026
#@# white area lh Mon Mar  9 09:15:01 CET 2026
#@# pial curv lh Mon Mar  9 09:15:01 CET 2026
#@# pial area lh Mon Mar  9 09:15:01 CET 2026
#@# thickness lh Mon Mar  9 09:15:01 CET 2026
#@# area and vertex vol lh Mon Mar  9 09:15:01 CET 2026
#@# white curv rh Mon Mar  9 09:15:01 CET 2026
#@# white area rh Mon Mar  9 09:15:01 CET 2026
#@# pial curv rh Mon Mar  9 09:15:01 CET 2026
#@# pial area rh Mon Mar  9 09:15:01 CET 2026
#@# thickness rh Mon Mar  9 09:15:02 CET 2026
#@# area and vertex vol rh Mon Mar  9 09:15:02 CET 2026
#@# Curvature Stats lh Mon Mar  9 09:15:02 CET 2026
#@# Curvature Stats rh Mon Mar  9 09:15:03 CET 2026
#@# Relabel Hypointensities Mon Mar  9 09:15:05 CET 2026
#@# APas-to-ASeg Mon Mar  9 09:15:15 CET 2026
#@# AParc-to-ASeg aparc Mon Mar  9 09:15:22 CET 2026
#@# AParc-to-ASeg aparc.a2009s Mon Mar  9 09:15:39 CET 2026
#@# AParc-to-ASeg aparc.DKTatlas Mon Mar  9 09:16:00 CET 2026
#@# WMParc Mon Mar  9 09:16:23 CET 2026
#@# ASeg Stats Mon Mar  9 09:18:39 CET 2026
recon-all -s sub-v1s18x0051275_ses-1 finished without error at Mon Mar  9 09:19:00 CET 2026
