status file for recon-all
Mon Mar  9 08:29:35 CET 2026
#@# Tessellate lh Mon Mar  9 08:29:35 CET 2026
#@# Smooth1 lh Mon Mar  9 08:29:38 CET 2026
#@# Inflation1 lh Mon Mar  9 08:29:40 CET 2026
#@# QSphere lh Mon Mar  9 08:29:52 CET 2026
#@# Fix Topology lh Mon Mar  9 08:30:53 CET 2026
#@# Smooth2 lh Mon Mar  9 08:35:08 CET 2026
#@# Inflation2 lh Mon Mar  9 08:35:10 CET 2026
#@# Curv .H and .K lh Mon Mar  9 08:35:22 CET 2026
#@# Sphere lh Mon Mar  9 08:35:55 CET 2026
#@# Surf Reg lh Mon Mar  9 08:38:01 CET 2026
#@# Jacobian white lh Mon Mar  9 08:41:24 CET 2026
#@# AvgCurv lh Mon Mar  9 08:41:24 CET 2026
#@# Cortical Parc lh Mon Mar  9 08:41:25 CET 2026
#@# white curv lh Mon Mar  9 08:47:15 CET 2026
#@# white area lh Mon Mar  9 08:47:16 CET 2026
#@# pial curv lh Mon Mar  9 08:47:17 CET 2026
#@# pial area lh Mon Mar  9 08:47:18 CET 2026
#@# thickness lh Mon Mar  9 08:47:18 CET 2026
#@# area and vertex vol lh Mon Mar  9 08:47:35 CET 2026
#@# Curvature Stats lh Mon Mar  9 08:47:36 CET 2026
#@# Cortical Parc 2 lh Mon Mar  9 08:47:38 CET 2026
#@# Cortical Parc 3 lh Mon Mar  9 08:47:47 CET 2026
#@# WM/GM Contrast lh Mon Mar  9 08:47:55 CET 2026
recon-all -s sub-v1s18x0051275_ses-1 finished without error at Mon Mar  9 08:47:57 CET 2026



#New# invocation of recon-all 



status file for recon-all
Mon Mar  9 09:10:11 CET 2026
#@# white curv lh Mon Mar  9 09:10:11 CET 2026
#@# white area lh Mon Mar  9 09:10:12 CET 2026
#@# pial curv lh Mon Mar  9 09:10:12 CET 2026
#@# pial area lh Mon Mar  9 09:10:12 CET 2026
#@# thickness lh Mon Mar  9 09:10:12 CET 2026
#@# area and vertex vol lh Mon Mar  9 09:10:12 CET 2026
#@# Parcellation Stats lh Mon Mar  9 09:10:12 CET 2026
#@# Parcellation Stats 2 lh Mon Mar  9 09:10:24 CET 2026
#@# Parcellation Stats 3 lh Mon Mar  9 09:10:31 CET 2026
#@# BA_exvivo Labels lh Mon Mar  9 09:10:37 CET 2026
recon-all -s sub-v1s18x0051275_ses-1 finished without error at Mon Mar  9 09:12:31 CET 2026
