status file for recon-all
Mon Mar  9 08:00:46 CET 2026
#@# Tessellate lh Mon Mar  9 08:00:46 CET 2026
#@# Smooth1 lh Mon Mar  9 08:00:50 CET 2026
#@# Inflation1 lh Mon Mar  9 08:00:52 CET 2026
#@# QSphere lh Mon Mar  9 08:01:04 CET 2026
#@# Fix Topology lh Mon Mar  9 08:02:10 CET 2026
#@# Smooth2 lh Mon Mar  9 08:07:05 CET 2026
#@# Inflation2 lh Mon Mar  9 08:07:08 CET 2026
#@# Curv .H and .K lh Mon Mar  9 08:07:21 CET 2026
#@# Sphere lh Mon Mar  9 08:08:05 CET 2026
#@# Surf Reg lh Mon Mar  9 08:11:14 CET 2026
#@# Jacobian white lh Mon Mar  9 08:15:02 CET 2026
#@# AvgCurv lh Mon Mar  9 08:15:03 CET 2026
#@# Cortical Parc lh Mon Mar  9 08:15:04 CET 2026
#@# white curv lh Mon Mar  9 08:20:52 CET 2026
#@# white area lh Mon Mar  9 08:20:54 CET 2026
#@# pial curv lh Mon Mar  9 08:20:55 CET 2026
#@# pial area lh Mon Mar  9 08:20:56 CET 2026
#@# thickness lh Mon Mar  9 08:20:57 CET 2026
#@# area and vertex vol lh Mon Mar  9 08:21:24 CET 2026
#@# Curvature Stats lh Mon Mar  9 08:21:26 CET 2026
#@# Cortical Parc 2 lh Mon Mar  9 08:21:28 CET 2026
#@# Cortical Parc 3 lh Mon Mar  9 08:21:41 CET 2026
#@# WM/GM Contrast lh Mon Mar  9 08:21:50 CET 2026
recon-all -s sub-v1s18x0051259_ses-1 finished without error at Mon Mar  9 08:21:53 CET 2026



#New# invocation of recon-all 



status file for recon-all
Mon Mar  9 08:46:58 CET 2026
#@# white curv lh Mon Mar  9 08:46:59 CET 2026
#@# white area lh Mon Mar  9 08:46:59 CET 2026
#@# pial curv lh Mon Mar  9 08:46:59 CET 2026
#@# pial area lh Mon Mar  9 08:46:59 CET 2026
#@# thickness lh Mon Mar  9 08:46:59 CET 2026
#@# area and vertex vol lh Mon Mar  9 08:46:59 CET 2026
#@# Parcellation Stats lh Mon Mar  9 08:46:59 CET 2026
#@# Parcellation Stats 2 lh Mon Mar  9 08:47:15 CET 2026
#@# Parcellation Stats 3 lh Mon Mar  9 08:47:24 CET 2026
#@# BA_exvivo Labels lh Mon Mar  9 08:47:32 CET 2026
recon-all -s sub-v1s18x0051259_ses-1 finished without error at Mon Mar  9 08:50:00 CET 2026
