status file for recon-all
Mon Mar  9 06:20:24 CET 2026
#@# MotionCor Mon Mar  9 06:20:26 CET 2026
#@# Talairach Mon Mar  9 06:20:34 CET 2026
#@# Talairach Failure Detection Mon Mar  9 06:25:01 CET 2026
#@# Nu Intensity Correction Mon Mar  9 06:25:01 CET 2026
#@# Intensity Normalization Mon Mar  9 06:28:20 CET 2026
recon-all -s sub-v1s18x0051259_ses-1 finished without error at Mon Mar  9 06:29:50 CET 2026



#New# invocation of recon-all 



status file for recon-all
Mon Mar  9 06:37:03 CET 2026
#@# EM Registration Mon Mar  9 06:37:03 CET 2026
recon-all -s sub-v1s18x0051259_ses-1 finished without error at Mon Mar  9 06:39:41 CET 2026



#New# invocation of recon-all 



status file for recon-all
Mon Mar  9 06:39:45 CET 2026
#@# CA Normalize Mon Mar  9 06:39:45 CET 2026
#@# CA Reg Mon Mar  9 06:41:05 CET 2026
#@# SubCort Seg Mon Mar  9 07:28:27 CET 2026
#@# CC Seg Mon Mar  9 07:55:11 CET 2026
#@# Merge ASeg Mon Mar  9 07:55:43 CET 2026
#@# Intensity Normalization2 Mon Mar  9 07:55:43 CET 2026
#@# Mask BFS Mon Mar  9 07:57:50 CET 2026
#@# WM Segmentation Mon Mar  9 07:57:51 CET 2026
#@# Fill Mon Mar  9 07:59:42 CET 2026
recon-all -s sub-v1s18x0051259_ses-1 finished without error at Mon Mar  9 08:00:43 CET 2026



#New# invocation of recon-all 



status file for recon-all
Mon Mar  9 08:43:14 CET 2026
#@# white curv lh Mon Mar  9 08:43:14 CET 2026
#@# white area lh Mon Mar  9 08:43:14 CET 2026
#@# pial curv lh Mon Mar  9 08:43:14 CET 2026
#@# pial area lh Mon Mar  9 08:43:14 CET 2026
#@# thickness lh Mon Mar  9 08:43:14 CET 2026
#@# area and vertex vol lh Mon Mar  9 08:43:14 CET 2026
#@# white curv rh Mon Mar  9 08:43:14 CET 2026
#@# white area rh Mon Mar  9 08:43:14 CET 2026
#@# pial curv rh Mon Mar  9 08:43:14 CET 2026
#@# pial area rh Mon Mar  9 08:43:14 CET 2026
#@# thickness rh Mon Mar  9 08:43:14 CET 2026
#@# area and vertex vol rh Mon Mar  9 08:43:14 CET 2026
#@# Cortical ribbon mask Mon Mar  9 08:43:14 CET 2026
recon-all -s sub-v1s18x0051259_ses-1 finished without error at Mon Mar  9 08:46:53 CET 2026



#New# invocation of recon-all 



status file for recon-all
Mon Mar  9 08:53:10 CET 2026
#@# white curv lh Mon Mar  9 08:53:10 CET 2026
#@# white area lh Mon Mar  9 08:53:10 CET 2026
#@# pial curv lh Mon Mar  9 08:53:10 CET 2026
#@# pial area lh Mon Mar  9 08:53:10 CET 2026
#@# thickness lh Mon Mar  9 08:53:10 CET 2026
#@# area and vertex vol lh Mon Mar  9 08:53:10 CET 2026
#@# white curv rh Mon Mar  9 08:53:10 CET 2026
#@# white area rh Mon Mar  9 08:53:10 CET 2026
#@# pial curv rh Mon Mar  9 08:53:10 CET 2026
#@# pial area rh Mon Mar  9 08:53:10 CET 2026
#@# thickness rh Mon Mar  9 08:53:10 CET 2026
#@# area and vertex vol rh Mon Mar  9 08:53:10 CET 2026
#@# Curvature Stats lh Mon Mar  9 08:53:10 CET 2026
#@# Curvature Stats rh Mon Mar  9 08:53:12 CET 2026
#@# Relabel Hypointensities Mon Mar  9 08:53:15 CET 2026
#@# APas-to-ASeg Mon Mar  9 08:53:29 CET 2026
#@# AParc-to-ASeg aparc Mon Mar  9 08:53:37 CET 2026
#@# AParc-to-ASeg aparc.a2009s Mon Mar  9 08:54:19 CET 2026
#@# AParc-to-ASeg aparc.DKTatlas Mon Mar  9 08:55:08 CET 2026
#@# WMParc Mon Mar  9 08:55:50 CET 2026
#@# ASeg Stats Mon Mar  9 08:59:52 CET 2026
recon-all -s sub-v1s18x0051259_ses-1 finished without error at Mon Mar  9 09:00:33 CET 2026
