status file for recon-all
Mon Mar  9 06:54:54 CET 2026
#@# Tessellate rh Mon Mar  9 06:54:54 CET 2026
#@# Smooth1 rh Mon Mar  9 06:54:57 CET 2026
#@# Inflation1 rh Mon Mar  9 06:54:59 CET 2026
#@# QSphere rh Mon Mar  9 06:55:09 CET 2026
#@# Fix Topology rh Mon Mar  9 06:56:06 CET 2026
#@# Smooth2 rh Mon Mar  9 07:01:47 CET 2026
#@# Inflation2 rh Mon Mar  9 07:01:49 CET 2026
#@# Curv .H and .K rh Mon Mar  9 07:01:59 CET 2026
#@# Sphere rh Mon Mar  9 07:02:46 CET 2026
#@# Surf Reg rh Mon Mar  9 07:05:23 CET 2026
#@# Jacobian white rh Mon Mar  9 07:08:33 CET 2026
#@# AvgCurv rh Mon Mar  9 07:08:34 CET 2026
#@# Cortical Parc rh Mon Mar  9 07:08:34 CET 2026
#@# white curv rh Mon Mar  9 07:14:20 CET 2026
#@# white area rh Mon Mar  9 07:14:22 CET 2026
#@# pial curv rh Mon Mar  9 07:14:22 CET 2026
#@# pial area rh Mon Mar  9 07:14:24 CET 2026
#@# thickness rh Mon Mar  9 07:14:24 CET 2026
#@# area and vertex vol rh Mon Mar  9 07:14:54 CET 2026
#@# Curvature Stats rh Mon Mar  9 07:14:55 CET 2026
#@# Cortical Parc 2 rh Mon Mar  9 07:14:57 CET 2026
#@# Cortical Parc 3 rh Mon Mar  9 07:15:10 CET 2026
#@# WM/GM Contrast rh Mon Mar  9 07:15:19 CET 2026
recon-all -s sub-v1s18x0051229_ses-1 finished without error at Mon Mar  9 07:15:22 CET 2026



#New# invocation of recon-all 



status file for recon-all
Mon Mar  9 07:25:43 CET 2026
#@# white curv rh Mon Mar  9 07:25:43 CET 2026
#@# white area rh Mon Mar  9 07:25:43 CET 2026
#@# pial curv rh Mon Mar  9 07:25:43 CET 2026
#@# pial area rh Mon Mar  9 07:25:43 CET 2026
#@# thickness rh Mon Mar  9 07:25:43 CET 2026
#@# area and vertex vol rh Mon Mar  9 07:25:43 CET 2026
#@# Parcellation Stats rh Mon Mar  9 07:25:43 CET 2026
#@# Parcellation Stats 2 rh Mon Mar  9 07:26:01 CET 2026
#@# Parcellation Stats 3 rh Mon Mar  9 07:26:10 CET 2026
#@# BA_exvivo Labels rh Mon Mar  9 07:26:19 CET 2026
recon-all -s sub-v1s18x0051229_ses-1 finished without error at Mon Mar  9 07:28:37 CET 2026
