/out/sourcedata/freesurfer/sub-v1s18x0051260_ses-1/mri
/opt/freesurfer/bin/talairach_avi
--i orig_nu.mgz --xfm transforms/talairach.auto.xfm
talairach_avi 7.3.2
Linux dna076 5.14.0-427.37.1.el9_4.x86_64 #1 SMP PREEMPT_DYNAMIC Fri Sep 13 12:41:50 EDT 2024 x86_64 x86_64 x86_64 GNU/Linux
Mon Mar  9 06:22:48 CET 2026
mri_convert orig_nu.mgz talsrcimg.img 
reading from orig_nu.mgz...
TR=0.00, TE=0.00, TI=0.00, flip angle=0.00
i_ras = (-1, 0, 0)
j_ras = (0, 0, -1)
k_ras = (0, 1, 0)
writing to talsrcimg.img...
Analyze Output Matrix
-1.00000   0.00000   0.00000   129.62576;
 0.00000   0.00000   1.00000  -103.79224;
 0.00000  -1.00000   0.00000   129.98392;
 0.00000   0.00000   0.00000   1.00000;
--------------------
INFO: set hdr.hist.orient to -1
mpr2mni305 talsrcimg
Mon Mar  9 06:22:48 CET 2026
/opt/freesurfer/bin/mpr2mni305 talsrcimg
mpr2mni305 7.3.2
target=711-2C_as_mni_average_305

---------------------------------------------------------------------
analyzeto4dfp talsrcimg -O0 -y
---------------------------------------------------------------------

freesurfer ifh2hdr.c
Mon Mar  9 06:22:48 2026
Writing: talsrcimg.4dfp.hdr
freesurfer analyzeto4dfp.c
Reading: talsrcimg.hdr
header size 348 bytes
hdr.dime.datatype	offset=70	value=2
hdr.dime.bitpix		offset=72	value=8
hdr.hist.orient		offset=252	value=-1
dimensionality     4
dimensions       256       256       256         1
Reading: talsrcimg.img
Writing: talsrcimg.4dfp.img
Writing: talsrcimg.4dfp.ifh
ifh2hdr talsrcimg -r0to242
ori=2

---------------------------------------------------------------------
gauss_4dfp talsrcimg 1.1
---------------------------------------------------------------------

freesurfer gauss_4dfp.c
Reading: talsrcimg.4dfp.img
Writing: talsrcimg_g11.4dfp.img
image dimensions 256 256 256 padded to 288 288 288
processing volume 1freesurfer ifh2hdr.c
Mon Mar  9 06:22:50 2026
Writing: talsrcimg_g11.4dfp.hdr

Writing: talsrcimg_g11.4dfp.ifh
including: talsrcimg.4dfp.img.rec in talsrcimg_g11.4dfp.img.rec

---------------------------------------------------------------------
imgreg_4dfp /opt/freesurfer/average/711-2C_as_mni_average_305 none talsrcimg_g11 none talsrcimg_to_711-2C_as_mni_average_305_t4 4355
---------------------------------------------------------------------

freesurfer imgreg_4dfp.c
/opt/freesurfer/average/711-2C_as_mni_average_305.4dfp.img
       256       256       256         1
  1.000000  1.000000  1.000000
orientation T byte_order littleendian
Reading image: /opt/freesurfer/average/711-2C_as_mni_average_305.4dfp.img
dimensions:      256       256       256
mmppix:       1.0000   -1.0000   -1.0000
center:     128.0000 -129.0000 -129.0000
talsrcimg_g11.4dfp.img
       256       256       256         1
  1.000000  1.000000  1.000000
orientation T byte_order littleendian
Reading image: talsrcimg_g11.4dfp.img
dimensions:      256       256       256
mmppix:       1.0000   -1.0000   -1.0000
center:     128.0000 -129.0000 -129.0000
t4_read: open error in t4_sub.f l:  41 t4_file(1:l)talsrcimg_to_711-2C_as_mni_average_305_t4 
t4_read: transform initialized to I4
rotation matrix determinant  1.000000
image alignment mode   4355 decimal     1103 hex
   -7.5000  -45.0000  -45.0000 5996.1685   17.1445
    0.0000  -45.0000  -45.0000 6248.3799   17.1288
    7.5000  -45.0000  -45.0000 5998.7544   17.0959
   -7.5000  -37.5000  -45.0000 6619.9380   16.6004
    0.0000  -37.5000  -45.0000 6913.1108   16.5881
    7.5000  -37.5000  -45.0000 6626.2925   16.5589
   -7.5000  -30.0000  -45.0000 7545.0649   16.1984
    0.0000  -30.0000  -45.0000 7890.8418   16.1873
    7.5000  -30.0000  -45.0000 7540.8267   16.1675
   -7.5000  -22.5000  -45.0000 8527.8350   15.9826
    0.0000  -22.5000  -45.0000 8936.8164   15.9714
    7.5000  -22.5000  -45.0000 8533.5850   15.9600
   -7.5000  -15.0000  -45.0000 9537.8818   15.8610
    0.0000  -15.0000  -45.0000 9986.2607   15.8492
    7.5000  -15.0000  -45.0000 9550.7744   15.8374
   -7.5000   -7.5000  -45.000010557.1846   15.7920
    0.0000   -7.5000  -45.000011038.7949   15.7793
    7.5000   -7.5000  -45.000010560.9541   15.7583
   -7.5000    0.0000  -45.000011583.2783   15.7870
    0.0000    0.0000  -45.000012125.3662   15.7750
    7.5000    0.0000  -45.000011564.3037   15.7471
   -7.5000    7.5000  -45.000011666.8398   15.7957
    0.0000    7.5000  -45.000012215.4805   15.7854
    7.5000    7.5000  -45.000011636.7471   15.7587
   -7.5000   15.0000  -45.000011550.8828   15.7906
    0.0000   15.0000  -45.000012114.0859   15.7809
    7.5000   15.0000  -45.000011537.6914   15.7614
   -7.5000   22.5000  -45.000011354.7861   15.7748
    0.0000   22.5000  -45.000011899.8809   15.7645
    7.5000   22.5000  -45.000011325.9678   15.7529
   -7.5000   30.0000  -45.000011057.7471   15.5627
    0.0000   30.0000  -45.000011588.7783   15.5514
    7.5000   30.0000  -45.000011053.6904   15.5397
   -7.5000   37.5000  -45.000011027.5264   15.5623
    0.0000   37.5000  -45.000011577.1562   15.5500
    7.5000   37.5000  -45.000011039.4326   15.5293
   -7.5000   45.0000  -45.000010577.9131   15.1811
    0.0000   45.0000  -45.000011120.5801   15.1695
    7.5000   45.0000  -45.000010572.0098   15.1427
   -7.5000  -45.0000  -37.5000 6294.5674   17.1753
    0.0000  -45.0000  -37.5000 6573.3672   17.1504
    7.5000  -45.0000  -37.5000 6297.9497   17.1112
   -7.5000  -37.5000  -37.5000 6954.9624   16.6309
    0.0000  -37.5000  -37.5000 7267.8901   16.6122
    7.5000  -37.5000  -37.5000 6950.6934   16.5770
   -7.5000  -30.0000  -37.5000 7925.5264   16.2251
    0.0000  -30.0000  -37.5000 8309.3408   16.2087
    7.5000  -30.0000  -37.5000 7918.7241   16.1808
   -7.5000  -22.5000  -37.5000 9000.0312   16.0054
    0.0000  -22.5000  -37.5000 9447.5537   15.9879
    7.5000  -22.5000  -37.5000 9012.5352   15.9659
   -7.5000  -15.0000  -37.500010081.3857   15.8823
    0.0000  -15.0000  -37.500010561.1465   15.8627
    7.5000  -15.0000  -37.500010082.2021   15.8408
   -7.5000   -7.5000  -37.500011146.1924   15.8144
    0.0000   -7.5000  -37.500011668.2783   15.7930
    7.5000   -7.5000  -37.500011122.0449   15.7647
   -7.5000    0.0000  -37.500012185.7148   15.8121
    0.0000    0.0000  -37.500012761.9199   15.7923
    7.5000    0.0000  -37.500012129.1953   15.7592
   -7.5000    7.5000  -37.500012254.1826   15.8227
    0.0000    7.5000  -37.500012843.5439   15.8068
    7.5000    7.5000  -37.500012219.9619   15.7748
   -7.5000   15.0000  -37.500012125.8291   15.8162
    0.0000   15.0000  -37.500012739.7891   15.8014
    7.5000   15.0000  -37.500012103.6865   15.7742
   -7.5000   22.5000  -37.500011940.6543   15.7973
    0.0000   22.5000  -37.500012535.6787   15.7808
    7.5000   22.5000  -37.500011909.6748   15.7588
   -7.5000   30.0000  -37.500011622.7607   15.5836
    0.0000   30.0000  -37.500012217.9072   15.5647
    7.5000   30.0000  -37.500011613.3760   15.5431
   -7.5000   37.5000  -37.500011592.4141   15.5844
    0.0000   37.5000  -37.500012208.4648   15.5635
    7.5000   37.5000  -37.500011577.5752   15.5357
   -7.5000   45.0000  -37.500011075.4092   15.2052
    0.0000   45.0000  -37.500011672.0146   15.1862
    7.5000   45.0000  -37.500011047.5508   15.1543
   -7.5000  -45.0000  -30.0000 6670.6343   17.9491
    0.0000  -45.0000  -30.0000 6976.7256   17.9184
    7.5000  -45.0000  -30.0000 6677.2163   17.8755
   -7.5000  -37.5000  -30.0000 7381.8706   17.3947
    0.0000  -37.5000  -30.0000 7715.3794   17.3716
    7.5000  -37.5000  -30.0000 7362.5400   17.3323
   -7.5000  -30.0000  -30.0000 8434.7988   16.9761
    0.0000  -30.0000  -30.0000 8865.1787   16.9550
    7.5000  -30.0000  -30.0000 8428.3184   16.9202
   -7.5000  -22.5000  -30.0000 9619.0840   16.7387
    0.0000  -22.5000  -30.000010121.2773   16.7147
    7.5000  -22.5000  -30.0000 9618.2832   16.6837
   -7.5000  -15.0000  -30.000010778.9150   16.5964
    0.0000  -15.0000  -30.000011338.0098   16.5695
    7.5000  -15.0000  -30.000010773.2783   16.5395
   -7.5000   -7.5000  -30.000011902.1543   16.5193
    0.0000   -7.5000  -30.000012504.7344   16.4915
    7.5000   -7.5000  -30.000011870.8516   16.4578
   -7.5000    0.0000  -30.000012945.7559   16.5227
    0.0000    0.0000  -30.000013590.8379   16.4982
    7.5000    0.0000  -30.000012905.1885   16.4616
   -7.5000    7.5000  -30.000013020.3643   16.5466
    0.0000    7.5000  -30.000013685.2510   16.5267
    7.5000    7.5000  -30.000012980.4629   16.4911
   -7.5000   15.0000  -30.000012892.2041   16.5470
    0.0000   15.0000  -30.000013575.0684   16.5277
    7.5000   15.0000  -30.000012844.4785   16.4941
   -7.5000   22.5000  -30.000012686.2148   16.5190
    0.0000   22.5000  -30.000013345.9023   16.4962
    7.5000   22.5000  -30.000012657.6885   16.4654
   -7.5000   30.0000  -30.000012351.0898   16.2860
    0.0000   30.0000  -30.000013025.7822   16.2599
    7.5000   30.0000  -30.000012340.6143   16.2304
   -7.5000   37.5000  -30.000012307.5342   16.2809
    0.0000   37.5000  -30.000012998.8398   16.2537
    7.5000   37.5000  -30.000012296.5498   16.2204
   -7.5000   45.0000  -30.000011730.3418   15.9002
    0.0000   45.0000  -30.000012388.2148   15.8767
    7.5000   45.0000  -30.000011699.3711   15.8415
   -7.5000  -45.0000  -22.5000 7047.3750   18.5759
    0.0000  -45.0000  -22.5000 7379.3711   18.5509
    7.5000  -45.0000  -22.5000 7038.8794   18.5136
   -7.5000  -37.5000  -22.5000 7812.3032   18.0186
    0.0000  -37.5000  -22.5000 8192.5293   17.9988
    7.5000  -37.5000  -22.5000 7795.8896   17.9635
   -7.5000  -30.0000  -22.5000 8960.2217   17.5957
    0.0000  -30.0000  -22.5000 9425.3145   17.5757
    7.5000  -30.0000  -22.5000 8940.3125   17.5439
   -7.5000  -22.5000  -22.500010231.4961   17.3453
    0.0000  -22.5000  -22.500010772.2236   17.3220
    7.5000  -22.5000  -22.500010231.9365   17.2941
   -7.5000  -15.0000  -22.500011460.5654   17.1834
    0.0000  -15.0000  -22.500012082.8936   17.1583
    7.5000  -15.0000  -22.500011479.1846   17.1326
   -7.5000   -7.5000  -22.500012655.0303   17.0949
    0.0000   -7.5000  -22.500013316.6797   17.0714
    7.5000   -7.5000  -22.500012639.6533   17.0422
   -7.5000    0.0000  -22.500013702.5010   17.1023
    0.0000    0.0000  -22.500014410.1904   17.0829
    7.5000    0.0000  -22.500013694.6543   17.0507
   -7.5000    7.5000  -22.500013751.0693   17.1396
    0.0000    7.5000  -22.500014470.8203   17.1229
    7.5000    7.5000  -22.500013734.1631   17.0908
   -7.5000   15.0000  -22.500013600.8945   17.1503
    0.0000   15.0000  -22.500014353.0713   17.1322
    7.5000   15.0000  -22.500013587.6074   17.1012
   -7.5000   22.5000  -22.500013354.1357   17.1162
    0.0000   22.5000  -22.500014100.2861   17.0941
    7.5000   22.5000  -22.500013374.3164   17.0663
   -7.5000   30.0000  -22.500013033.7988   16.8648
    0.0000   30.0000  -22.500013793.4385   16.8406
    7.5000   30.0000  -22.500013063.5938   16.8151
   -7.5000   37.5000  -22.500013026.0000   16.8509
    0.0000   37.5000  -22.500013795.7773   16.8280
    7.5000   37.5000  -22.500013051.8418   16.7993
   -7.5000   45.0000  -22.500012383.7197   16.4704
    0.0000   45.0000  -22.500013108.0752   16.4517
    7.5000   45.0000  -22.500012386.1758   16.4207
   -7.5000  -45.0000  -15.0000 7414.1743   18.9876
    0.0000  -45.0000  -15.0000 7766.3872   18.9728
    7.5000  -45.0000  -15.0000 7391.5757   18.9433
   -7.5000  -37.5000  -15.0000 8237.8564   18.4200
    0.0000  -37.5000  -15.0000 8673.6016   18.4072
    7.5000  -37.5000  -15.0000 8240.9775   18.3791
   -7.5000  -30.0000  -15.0000 9452.0957   17.9937
    0.0000  -30.0000  -15.0000 9970.1680   17.9783
    7.5000  -30.0000  -15.0000 9458.9082   17.9549
   -7.5000  -22.5000  -15.000010767.9902   17.7418
    0.0000  -22.5000  -15.000011360.4219   17.7235
    7.5000  -22.5000  -15.000010775.3770   17.7058
   -7.5000  -15.0000  -15.000012077.1758   17.5750
    0.0000  -15.0000  -15.000012754.9277   17.5572
    7.5000  -15.0000  -15.000012108.1475   17.5414
   -7.5000   -7.5000  -15.000013359.0107   17.4807
    0.0000   -7.5000  -15.000014085.5918   17.4663
    7.5000   -7.5000  -15.000013380.9297   17.4451
   -7.5000    0.0000  -15.000014462.3086   17.4854
    0.0000    0.0000  -15.000015252.2139   17.4746
    7.5000    0.0000  -15.000014496.8174   17.4489
   -7.5000    7.5000  -15.000014444.2041   17.5237
    0.0000    7.5000  -15.000015261.3223   17.5132
    7.5000    7.5000  -15.000014469.2617   17.4874
   -7.5000   15.0000  -15.000014270.7539   17.5387
    0.0000   15.0000  -15.000015075.5557   17.5250
    7.5000   15.0000  -15.000014287.8281   17.5018
   -7.5000   22.5000  -15.000014012.0186   17.5066
    0.0000   22.5000  -15.000014791.8477   17.4895
    7.5000   22.5000  -15.000014043.0615   17.4716
   -7.5000   30.0000  -15.000013697.9180   17.2515
    0.0000   30.0000  -15.000014488.7178   17.2345
    7.5000   30.0000  -15.000013758.4199   17.2187
   -7.5000   37.5000  -15.000013718.0508   17.2336
    0.0000   37.5000  -15.000014509.7031   17.2198
    7.5000   37.5000  -15.000013765.1680   17.1988
   -7.5000   45.0000  -15.000013058.1826   16.8494
    0.0000   45.0000  -15.000013806.5908   16.8391
    7.5000   45.0000  -15.000013087.2715   16.8143
   -7.5000  -45.0000   -7.5000 7785.9829   19.1636
    0.0000  -45.0000   -7.5000 8175.3945   19.1523
    7.5000  -45.0000   -7.5000 7757.9521   19.1222
   -7.5000  -37.5000   -7.5000 8660.0498   18.5729
    0.0000  -37.5000   -7.5000 9119.7129   18.5631
    7.5000  -37.5000   -7.5000 8649.6924   18.5360
   -7.5000  -30.0000   -7.5000 9929.9150   18.1355
    0.0000  -30.0000   -7.500010465.8115   18.1241
    7.5000  -30.0000   -7.5000 9931.6758   18.1055
   -7.5000  -22.5000   -7.500011275.4707   17.8905
    0.0000  -22.5000   -7.500011904.2334   17.8776
    7.5000  -22.5000   -7.500011320.4697   17.8674
   -7.5000  -15.0000   -7.500012666.9258   17.7390
    0.0000  -15.0000   -7.500013400.9111   17.7269
    7.5000  -15.0000   -7.500012736.5322   17.7169
   -7.5000   -7.5000   -7.500014059.5586   17.6513
    0.0000   -7.5000   -7.500014873.3916   17.6411
    7.5000   -7.5000   -7.500014134.4111   17.6221
   -7.5000    0.0000   -7.500015272.1533   17.6485
    0.0000    0.0000   -7.500016150.0537   17.6405
    7.5000    0.0000   -7.500015379.3809   17.6146
   -7.5000    7.5000   -7.500015223.0508   17.6718
    0.0000    7.5000   -7.500016106.9141   17.6640
    7.5000    7.5000   -7.500015347.1240   17.6389
   -7.5000   15.0000   -7.500014990.6406   17.6782
    0.0000   15.0000   -7.500015775.8760   17.6682
    7.5000   15.0000   -7.500015079.2559   17.6497
   -7.5000   22.5000   -7.500014718.4531   17.6517
    0.0000   22.5000   -7.500015442.8633   17.6399
    7.5000   22.5000   -7.500014796.9541   17.6294
   -7.5000   30.0000   -7.500014400.5039   17.4119
    0.0000   30.0000   -7.500015165.7197   17.4004
    7.5000   30.0000   -7.500014512.6602   17.3903
   -7.5000   37.5000   -7.500014454.5342   17.4011
    0.0000   37.5000   -7.500015225.4639   17.3913
    7.5000   37.5000   -7.500014517.7793   17.3726
   -7.5000   45.0000   -7.500013759.4668   17.0098
    0.0000   45.0000   -7.500014525.1680   17.0021
    7.5000   45.0000   -7.500013818.2197   16.9772
   -7.5000  -45.0000    0.0000 8051.0054   19.1828
    0.0000  -45.0000    0.0000 8475.5566   19.1655
    7.5000  -45.0000    0.0000 8026.6636   19.1289
   -7.5000  -37.5000    0.0000 8996.9971   18.5738
    0.0000  -37.5000    0.0000 9465.2344   18.5603
    7.5000  -37.5000    0.0000 8996.8125   18.5279
   -7.5000  -30.0000    0.000010329.1973   18.1241
    0.0000  -30.0000    0.000010869.2441   18.1119
    7.5000  -30.0000    0.000010351.7695   18.0899
   -7.5000  -22.5000    0.000011728.6973   17.8832
    0.0000  -22.5000    0.000012355.6445   17.8707
    7.5000  -22.5000    0.000011796.2900   17.8581
   -7.5000  -15.0000    0.000013162.2852   17.7474
    0.0000  -15.0000    0.000013880.3662   17.7343
    7.5000  -15.0000    0.000013238.0361   17.7212
   -7.5000   -7.5000    0.000014586.9248   17.6701
    0.0000   -7.5000    0.000015432.0098   17.6560
    7.5000   -7.5000    0.000014674.4902   17.6327
   -7.5000    0.0000    0.000015905.6250   17.6640
    0.0000    0.0000    0.000016922.5293   17.6508
    7.5000    0.0000    0.000016087.7324   17.6199
   -7.5000    7.5000    0.000015977.6084   17.6735
    0.0000    7.5000    0.000016951.8320   17.6623
    7.5000    7.5000    0.000016194.1514   17.6326
   -7.5000   15.0000    0.000015773.7051   17.6679
    0.0000   15.0000    0.000016444.8164   17.6572
    7.5000   15.0000    0.000015859.3174   17.6356
   -7.5000   22.5000    0.000015404.3066   17.6449
    0.0000   22.5000    0.000015977.1162   17.6335
    7.5000   22.5000    0.000015479.4736   17.6207
   -7.5000   30.0000    0.000015025.9697   17.4204
    0.0000   30.0000    0.000015678.8408   17.4079
    7.5000   30.0000    0.000015151.7051   17.3949
   -7.5000   37.5000    0.000015094.0986   17.4198
    0.0000   37.5000    0.000015829.4219   17.4062
    7.5000   37.5000    0.000015190.5518   17.3832
   -7.5000   45.0000    0.000014383.1641   17.0261
    0.0000   45.0000    0.000015142.6641   17.0134
    7.5000   45.0000    0.000014446.9756   16.9835
   -7.5000  -45.0000    7.5000 7687.5640   19.2197
    0.0000  -45.0000    7.5000 8080.0186   19.1918
    7.5000  -45.0000    7.5000 7695.6143   19.1479
   -7.5000  -37.5000    7.5000 8594.6660   18.6104
    0.0000  -37.5000    7.5000 9061.8389   18.5895
    7.5000  -37.5000    7.5000 8624.5020   18.5501
   -7.5000  -30.0000    7.5000 9869.9521   18.1563
    0.0000  -30.0000    7.500010430.0566   18.1380
    7.5000  -30.0000    7.5000 9916.2891   18.1067
   -7.5000  -22.5000    7.500011226.6875   17.9105
    0.0000  -22.5000    7.500011857.1387   17.8909
    7.5000  -22.5000    7.500011301.4062   17.8662
   -7.5000  -15.0000    7.500012630.8262   17.7727
    0.0000  -15.0000    7.500013309.2725   17.7508
    7.5000  -15.0000    7.500012708.0273   17.7263
   -7.5000   -7.5000    7.500013982.6064   17.6968
    0.0000   -7.5000    7.500014742.8535   17.6727
    7.5000   -7.5000    7.500014078.2275   17.6411
   -7.5000    0.0000    7.500015248.4961   17.6941
    0.0000    0.0000    7.500016206.2910   17.6720
    7.5000    0.0000    7.500015469.4482   17.6349
   -7.5000    7.5000    7.500015426.8076   17.7061
    0.0000    7.5000    7.500016351.9102   17.6882
    7.5000    7.5000    7.500015656.4717   17.6524
   -7.5000   15.0000    7.500015316.5664   17.6988
    0.0000   15.0000    7.500015866.6455   17.6822
    7.5000   15.0000    7.500015334.3789   17.6518
   -7.5000   22.5000    7.500014924.4131   17.6719
    0.0000   22.5000    7.500015395.7412   17.6534
    7.5000   22.5000    7.500014907.4082   17.6288
   -7.5000   30.0000    7.500014578.2881   17.4453
    0.0000   30.0000    7.500015153.7686   17.4241
    7.5000   30.0000    7.500014583.1904   17.4000
   -7.5000   37.5000    7.500014653.5225   17.4461
    0.0000   37.5000    7.500015325.8662   17.4228
    7.5000   37.5000    7.500014655.7451   17.3916
   -7.5000   45.0000    7.500013950.1455   17.0551
    0.0000   45.0000    7.500014627.8945   17.0338
    7.5000   45.0000    7.500013940.5293   16.9980
   -7.5000  -45.0000   15.0000 7242.6694   19.3162
    0.0000  -45.0000   15.0000 7581.8960   19.2835
    7.5000  -45.0000   15.0000 7262.4233   19.2373
   -7.5000  -37.5000   15.0000 8128.8086   18.7216
    0.0000  -37.5000   15.0000 8548.9990   18.6970
    7.5000  -37.5000   15.0000 8166.6592   18.6548
   -7.5000  -30.0000   15.0000 9352.6436   18.2700
    0.0000  -30.0000   15.0000 9847.5801   18.2476
    7.5000  -30.0000   15.0000 9408.6074   18.2102
   -7.5000  -22.5000   15.000010622.4004   18.0134
    0.0000  -22.5000   15.000011203.8955   17.9879
    7.5000  -22.5000   15.000010719.5137   17.9546
   -7.5000  -15.0000   15.000011921.8262   17.8595
    0.0000  -15.0000   15.000012565.9951   17.8307
    7.5000  -15.0000   15.000012011.3398   17.7986
   -7.5000   -7.5000   15.000013157.2949   17.7763
    0.0000   -7.5000   15.000013881.8770   17.7467
    7.5000   -7.5000   15.000013295.6328   17.7104
   -7.5000    0.0000   15.000014376.2783   17.7806
    0.0000    0.0000   15.000015243.9990   17.7545
    7.5000    0.0000   15.000014609.8818   17.7151
   -7.5000    7.5000   15.000014587.4688   17.8068
    0.0000    7.5000   15.000015377.5859   17.7857
    7.5000    7.5000   15.000014699.9795   17.7474
   -7.5000   15.0000   15.000014524.4883   17.8072
    0.0000   15.0000   15.000015140.9658   17.7867
    7.5000   15.0000   15.000014449.1084   17.7506
   -7.5000   22.5000   15.000014242.8164   17.7726
    0.0000   22.5000   15.000014890.3838   17.7483
    7.5000   22.5000   15.000014157.2871   17.7153
   -7.5000   30.0000   15.000013925.3369   17.5304
    0.0000   30.0000   15.000014620.1582   17.5025
    7.5000   30.0000   15.000013872.7979   17.4708
   -7.5000   37.5000   15.000013946.9336   17.5248
    0.0000   37.5000   15.000014644.7852   17.4959
    7.5000   37.5000   15.000013911.0508   17.4601
   -7.5000   45.0000   15.000013241.0430   17.1384
    0.0000   45.0000   15.000013918.7051   17.1133
    7.5000   45.0000   15.000013253.1533   17.0754
   -7.5000  -45.0000   22.5000 6752.3779   19.4451
    0.0000  -45.0000   22.5000 7043.9663   19.4195
    7.5000  -45.0000   22.5000 6776.4272   19.3808
   -7.5000  -37.5000   22.5000 7580.8960   18.8695
    0.0000  -37.5000   22.5000 7960.0732   18.8493
    7.5000  -37.5000   22.5000 7630.3950   18.8126
   -7.5000  -30.0000   22.5000 8732.2754   18.4212
    0.0000  -30.0000   22.5000 9200.5557   18.4007
    7.5000  -30.0000   22.5000 8788.9385   18.3676
   -7.5000  -22.5000   22.5000 9952.5186   18.1553
    0.0000  -22.5000   22.500010481.9824   18.1314
    7.5000  -22.5000   22.500010020.5850   18.1024
   -7.5000  -15.0000   22.500011171.3066   17.9844
    0.0000  -15.0000   22.500011737.9707   17.9587
    7.5000  -15.0000   22.500011248.0791   17.9320
   -7.5000   -7.5000   22.500012334.4941   17.8928
    0.0000   -7.5000   22.500012988.7275   17.8687
    7.5000   -7.5000   22.500012480.3135   17.8385
   -7.5000    0.0000   22.500013530.6152   17.9023
    0.0000    0.0000   22.500014268.6504   17.8825
    7.5000    0.0000   22.500013708.5068   17.8490
   -7.5000    7.5000   22.500013720.2646   17.9413
    0.0000    7.5000   22.500014333.0010   17.9243
    7.5000    7.5000   22.500013741.7988   17.8910
   -7.5000   15.0000   22.500013617.0273   17.9511
    0.0000   15.0000   22.500014166.4717   17.9325
    7.5000   15.0000   22.500013551.0400   17.9003
   -7.5000   22.5000   22.500013378.8730   17.9109
    0.0000   22.5000   22.500013932.8555   17.8882
    7.5000   22.5000   22.500013325.4785   17.8594
   -7.5000   30.0000   22.500013034.7529   17.6526
    0.0000   30.0000   22.500013589.4316   17.6277
    7.5000   30.0000   22.500013008.8779   17.6014
   -7.5000   37.5000   22.500013026.5264   17.6398
    0.0000   37.5000   22.500013578.3516   17.6163
    7.5000   37.5000   22.500013023.3145   17.5865
   -7.5000   45.0000   22.500012415.1357   17.2557
    0.0000   45.0000   22.500012985.3691   17.2367
    7.5000   45.0000   22.500012435.7852   17.2044
   -7.5000  -45.0000   30.0000 6185.4492   19.6013
    0.0000  -45.0000   30.0000 6442.6191   19.5874
    7.5000  -45.0000   30.0000 6209.2988   19.5572
   -7.5000  -37.5000   30.0000 6962.5752   19.0287
    0.0000  -37.5000   30.0000 7299.8389   19.0166
    7.5000  -37.5000   30.0000 6993.0308   18.9879
   -7.5000  -30.0000   30.0000 8041.1133   18.5781
    0.0000  -30.0000   30.0000 8453.9873   18.5632
    7.5000  -30.0000   30.0000 8083.7847   18.5394
   -7.5000  -22.5000   30.0000 9203.5176   18.3124
    0.0000  -22.5000   30.0000 9664.1191   18.2945
    7.5000  -22.5000   30.0000 9235.7148   18.2769
   -7.5000  -15.0000   30.000010331.1982   18.1385
    0.0000  -15.0000   30.000010860.1719   18.1211
    7.5000  -15.0000   30.000010374.6348   18.1054
   -7.5000   -7.5000   30.000011424.2793   18.0416
    0.0000   -7.5000   30.000012059.2266   18.0279
    7.5000   -7.5000   30.000011533.3057   18.0063
   -7.5000    0.0000   30.000012503.6592   18.0476
    0.0000    0.0000   30.000013173.4238   18.0376
    7.5000    0.0000   30.000012607.2158   18.0113
   -7.5000    7.5000   30.000012600.2412   18.0863
    0.0000    7.5000   30.000013173.3193   18.0767
    7.5000    7.5000   30.000012616.4326   18.0503
   -7.5000   15.0000   30.000012498.7949   18.0997
    0.0000   15.0000   30.000013043.6895   18.0867
    7.5000   15.0000   30.000012488.7764   18.0632
   -7.5000   22.5000   30.000012300.7744   18.0635
    0.0000   22.5000   30.000012851.6064   18.0468
    7.5000   22.5000   30.000012316.9854   18.0289
   -7.5000   30.0000   30.000011960.2256   17.8029
    0.0000   30.0000   30.000012494.7861   17.7863
    7.5000   30.0000   30.000011995.7539   17.7704
   -7.5000   37.5000   30.000011951.4717   17.7863
    0.0000   37.5000   30.000012462.4824   17.7731
    7.5000   37.5000   30.000011963.0400   17.7517
   -7.5000   45.0000   30.000011446.3467   17.3958
    0.0000   45.0000   30.000011965.2197   17.3862
    7.5000   45.0000   30.000011467.8789   17.3608
   -7.5000  -45.0000   37.5000 5880.5317   20.0283
    0.0000  -45.0000   37.5000 6129.3330   20.0179
    7.5000  -45.0000   37.5000 5885.5405   19.9865
   -7.5000  -37.5000   37.5000 6624.7568   19.4212
    0.0000  -37.5000   37.5000 6942.0078   19.4126
    7.5000  -37.5000   37.5000 6644.5396   19.3844
   -7.5000  -30.0000   37.5000 7654.6567   18.9452
    0.0000  -30.0000   37.5000 8042.2852   18.9350
    7.5000  -30.0000   37.5000 7682.2222   18.9165
   -7.5000  -22.5000   37.5000 8756.2148   18.6774
    0.0000  -22.5000   37.5000 9212.8623   18.6657
    7.5000  -22.5000   37.5000 8798.3291   18.6564
   -7.5000  -15.0000   37.5000 9816.9229   18.5139
    0.0000  -15.0000   37.500010351.6221   18.5029
    7.5000  -15.0000   37.5000 9884.9209   18.4936
   -7.5000   -7.5000   37.500010871.5400   18.4212
    0.0000   -7.5000   37.500011488.0908   18.4120
    7.5000   -7.5000   37.500010979.8271   18.3925
   -7.5000    0.0000   37.500011894.8135   18.4196
    0.0000    0.0000   37.500012540.1035   18.4126
    7.5000    0.0000   37.500011975.4717   18.3855
   -7.5000    7.5000   37.500011979.6709   18.4433
    0.0000    7.5000   37.500012590.9092   18.4367
    7.5000    7.5000   37.500012033.1279   18.4108
   -7.5000   15.0000   37.500011897.3320   18.4476
    0.0000   15.0000   37.500012481.1826   18.4390
    7.5000   15.0000   37.500011944.4795   18.4205
   -7.5000   22.5000   37.500011720.4941   18.4182
    0.0000   22.5000   37.500012293.1025   18.4076
    7.5000   22.5000   37.500011787.0771   18.3979
   -7.5000   30.0000   37.500011399.4277   18.1688
    0.0000   30.0000   37.500011937.3271   18.1584
    7.5000   30.0000   37.500011476.4014   18.1489
   -7.5000   37.5000   37.500011395.8242   18.1597
    0.0000   37.5000   37.500011914.3896   18.1508
    7.5000   37.5000   37.500011454.9141   18.1317
   -7.5000   45.0000   37.500010925.9053   17.7544
    0.0000   45.0000   37.500011455.0352   17.7476
    7.5000   45.0000   37.500011004.0205   17.7215
   -7.5000  -45.0000   45.0000 5302.3584   20.5113
    0.0000  -45.0000   45.0000 5509.8496   20.4919
    7.5000  -45.0000   45.0000 5314.8428   20.4518
   -7.5000  -37.5000   45.0000 5964.6611   19.8615
    0.0000  -37.5000   45.0000 6237.4399   19.8471
    7.5000  -37.5000   45.0000 5993.3330   19.8119
   -7.5000  -30.0000   45.0000 6904.3955   19.3581
    0.0000  -30.0000   45.0000 7233.3032   19.3458
    7.5000  -30.0000   45.0000 6938.5205   19.3225
   -7.5000  -22.5000   45.0000 7887.8960   19.0828
    0.0000  -22.5000   45.0000 8301.3037   19.0703
    7.5000  -22.5000   45.0000 7938.2705   19.0572
   -7.5000  -15.0000   45.0000 8855.0771   18.9272
    0.0000  -15.0000   45.0000 9369.0771   18.9137
    7.5000  -15.0000   45.0000 8947.0996   18.8997
   -7.5000   -7.5000   45.0000 9828.1230   18.8379
    0.0000   -7.5000   45.000010405.9971   18.8226
    7.5000   -7.5000   45.0000 9938.9111   18.7970
   -7.5000    0.0000   45.000010757.2168   18.8302
    0.0000    0.0000   45.000011364.8320   18.8158
    7.5000    0.0000   45.000010855.5967   18.7819
   -7.5000    7.5000   45.000010850.0830   18.8410
    0.0000    7.5000   45.000011439.4062   18.8292
    7.5000    7.5000   45.000010936.6182   18.7970
   -7.5000   15.0000   45.000010793.6377   18.8353
    0.0000   15.0000   45.000011359.2666   18.8246
    7.5000   15.0000   45.000010872.1738   18.8017
   -7.5000   22.5000   45.000010628.9229   18.8105
    0.0000   22.5000   45.000011176.1475   18.7992
    7.5000   22.5000   45.000010717.0166   18.7859
   -7.5000   30.0000   45.000010335.4619   18.5693
    0.0000   30.0000   45.000010850.1514   18.5565
    7.5000   30.0000   45.000010428.0469   18.5425
   -7.5000   37.5000   45.000010361.1924   18.5677
    0.0000   37.5000   45.000010874.8848   18.5530
    7.5000   37.5000   45.000010453.0957   18.5278
   -7.5000   45.0000   45.0000 9948.6709   18.1584
    0.0000   45.0000   45.000010456.6143   18.1445
    7.5000   45.0000   45.000010042.0820   18.1118

---------------------------------------------------------------------
imgreg_4dfp /opt/freesurfer/average/711-2C_as_mni_average_305 /opt/freesurfer/average/711-2B_as_mni_average_305_mask talsrcimg_g11 none talsrcimg_to_711-2C_as_mni_average_305_t4 4355
---------------------------------------------------------------------

freesurfer imgreg_4dfp.c
/opt/freesurfer/average/711-2C_as_mni_average_305.4dfp.img
       256       256       256         1
  1.000000  1.000000  1.000000
orientation T byte_order littleendian
Reading image: /opt/freesurfer/average/711-2C_as_mni_average_305.4dfp.img
dimensions:      256       256       256
mmppix:       1.0000   -1.0000   -1.0000
center:     128.0000 -129.0000 -129.0000
/opt/freesurfer/average/711-2B_as_mni_average_305_mask.4dfp.img
       256       256       256         1
  1.000000  1.000000  1.000000
orientation T byte_order littleendian
Reading mask: /opt/freesurfer/average/711-2B_as_mni_average_305_mask.4dfp.img (2306576 pixels)
talsrcimg_g11.4dfp.img
       256       256       256         1
  1.000000  1.000000  1.000000
orientation T byte_order littleendian
Reading image: talsrcimg_g11.4dfp.img
dimensions:      256       256       256
mmppix:       1.0000   -1.0000   -1.0000
center:     128.0000 -129.0000 -129.0000
rotation matrix determinant  1.000000
image alignment mode   4355 decimal     1103 hex
   -7.5000  -37.5000  -45.0000 1847.0483   25.3609
    0.0000  -37.5000  -45.0000 1857.0173   25.3372
    7.5000  -37.5000  -45.0000 1849.6433   25.3835
   -7.5000  -30.0000  -45.0000 1969.9315   22.1035
    0.0000  -30.0000  -45.0000 1985.0505   22.1253
    7.5000  -30.0000  -45.0000 1974.4452   22.1422
   -7.5000  -22.5000  -45.0000 2086.6108   19.6745
    0.0000  -22.5000  -45.0000 2099.8948   19.6444
    7.5000  -22.5000  -45.0000 2090.6707   19.6357
   -7.5000  -15.0000  -45.0000 2198.4812   17.7823
    0.0000  -15.0000  -45.0000 2207.2217   17.7602
    7.5000  -15.0000  -45.0000 2202.7866   17.7620
   -7.5000   -7.5000  -45.0000 2292.4058   16.2788
    0.0000   -7.5000  -45.0000 2299.8416   16.2537
    7.5000   -7.5000  -45.0000 2291.0569   16.2585
   -7.5000    0.0000  -45.0000 2369.6851   15.2144
    0.0000    0.0000  -45.0000 2380.0525   15.1755
    7.5000    0.0000  -45.0000 2364.2209   15.1536
   -7.5000    7.5000  -45.0000 2408.4041   14.5405
    0.0000    7.5000  -45.0000 2422.4231   14.4714
    7.5000    7.5000  -45.0000 2399.6282   14.4714
   -7.5000   15.0000  -45.0000 2422.6338   14.1393
    0.0000   15.0000  -45.0000 2440.0549   14.0310
    7.5000   15.0000  -45.0000 2424.1697   14.0581
   -7.5000   22.5000  -45.0000 2421.0188   13.9947
    0.0000   22.5000  -45.0000 2443.5701   13.9015
    7.5000   22.5000  -45.0000 2426.2075   13.9174
   -7.5000   30.0000  -45.0000 2407.3821   14.1110
    0.0000   30.0000  -45.0000 2427.0901   13.9781
    7.5000   30.0000  -45.0000 2414.9849   14.0007
   -7.5000   37.5000  -45.0000 2379.8997   14.5528
    0.0000   37.5000  -45.0000 2405.3040   14.4274
    7.5000   37.5000  -45.0000 2393.0464   14.4105
   -7.5000   45.0000  -45.0000 2328.4944   15.2228
    0.0000   45.0000  -45.0000 2357.3528   15.1061
    7.5000   45.0000  -45.0000 2345.0498   15.0783
   -7.5000   52.5000  -45.0000 2239.3621   16.0146
    0.0000   52.5000  -45.0000 2264.9578   15.8700
    7.5000   52.5000  -45.0000 2252.1995   15.8871
   -7.5000  -37.5000  -37.5000 1890.2688   24.0173
    0.0000  -37.5000  -37.5000 1893.0315   24.0508
    7.5000  -37.5000  -37.5000 1889.6854   24.0237
   -7.5000  -30.0000  -37.5000 2016.1154   20.9839
    0.0000  -30.0000  -37.5000 2027.4288   20.9747
    7.5000  -30.0000  -37.5000 2019.7074   20.9540
   -7.5000  -22.5000  -37.5000 2150.4902   18.6738
    0.0000  -22.5000  -37.5000 2159.5178   18.6414
    7.5000  -22.5000  -37.5000 2152.4241   18.6105
   -7.5000  -15.0000  -37.5000 2263.1575   16.8012
    0.0000  -15.0000  -37.5000 2272.7009   16.7769
    7.5000  -15.0000  -37.5000 2264.7275   16.7552
   -7.5000   -7.5000  -37.5000 2363.3792   15.3391
    0.0000   -7.5000  -37.5000 2371.7261   15.2418
    7.5000   -7.5000  -37.5000 2357.6904   15.2468
   -7.5000    0.0000  -37.5000 2442.5710   14.2733
    0.0000    0.0000  -37.5000 2458.4204   14.1988
    7.5000    0.0000  -37.5000 2434.6028   14.1760
   -7.5000    7.5000  -37.5000 2483.6345   13.5975
    0.0000    7.5000  -37.5000 2503.2808   13.5282
    7.5000    7.5000  -37.5000 2481.3635   13.5165
   -7.5000   15.0000  -37.5000 2506.2458   13.1996
    0.0000   15.0000  -37.5000 2523.6660   13.1037
    7.5000   15.0000  -37.5000 2509.6321   13.1059
   -7.5000   22.5000  -37.5000 2513.0488   13.0702
    0.0000   22.5000  -37.5000 2537.3149   12.9567
    7.5000   22.5000  -37.5000 2519.2476   12.9909
   -7.5000   30.0000  -37.5000 2499.6924   13.1863
    0.0000   30.0000  -37.5000 2525.0227   13.0607
    7.5000   30.0000  -37.5000 2511.7983   13.1073
   -7.5000   37.5000  -37.5000 2475.3315   13.5892
    0.0000   37.5000  -37.5000 2506.6357   13.4674
    7.5000   37.5000  -37.5000 2490.7178   13.4871
   -7.5000   45.0000  -37.5000 2421.8545   14.1922
    0.0000   45.0000  -37.5000 2452.5579   14.0978
    7.5000   45.0000  -37.5000 2439.3560   14.0571
   -7.5000   52.5000  -37.5000 2322.7070   14.9230
    0.0000   52.5000  -37.5000 2354.3667   14.8221
    7.5000   52.5000  -37.5000 2339.3015   14.8076
   -7.5000  -37.5000  -30.0000 1953.0178   23.7983
    0.0000  -37.5000  -30.0000 1957.1808   23.6879
    7.5000  -37.5000  -30.0000 1954.5944   23.6555
   -7.5000  -30.0000  -30.0000 2090.8127   20.7584
    0.0000  -30.0000  -30.0000 2100.8020   20.6648
    7.5000  -30.0000  -30.0000 2095.0449   20.6331
   -7.5000  -22.5000  -30.0000 2238.1589   18.4236
    0.0000  -22.5000  -30.0000 2249.0989   18.3507
    7.5000  -22.5000  -30.0000 2239.7375   18.3095
   -7.5000  -15.0000  -30.0000 2361.9319   16.4956
    0.0000  -15.0000  -30.0000 2372.9941   16.4431
    7.5000  -15.0000  -30.0000 2358.3694   16.4115
   -7.5000   -7.5000  -30.0000 2465.7119   14.9855
    0.0000   -7.5000  -30.0000 2479.6912   14.9141
    7.5000   -7.5000  -30.0000 2461.7959   14.8941
   -7.5000    0.0000  -30.0000 2549.1636   13.8772
    0.0000    0.0000  -30.0000 2563.5027   13.7964
    7.5000    0.0000  -30.0000 2544.3721   13.7688
   -7.5000    7.5000  -30.0000 2610.4519   13.1626
    0.0000    7.5000  -30.0000 2629.3984   13.0864
    7.5000    7.5000  -30.0000 2609.9238   13.0684
   -7.5000   15.0000  -30.0000 2638.3240   12.7513
    0.0000   15.0000  -30.0000 2658.2600   12.6913
    7.5000   15.0000  -30.0000 2642.2004   12.6583
   -7.5000   22.5000  -30.0000 2652.6116   12.6596
    0.0000   22.5000  -30.0000 2671.7197   12.5489
    7.5000   22.5000  -30.0000 2659.7800   12.5664
   -7.5000   30.0000  -30.0000 2641.0459   12.8223
    0.0000   30.0000  -30.0000 2665.8992   12.7035
    7.5000   30.0000  -30.0000 2651.6270   12.7174
   -7.5000   37.5000  -30.0000 2613.0525   13.1759
    0.0000   37.5000  -30.0000 2646.3560   13.0878
    7.5000   37.5000  -30.0000 2627.1145   13.1020
   -7.5000   45.0000  -30.0000 2554.3638   13.7667
    0.0000   45.0000  -30.0000 2586.3757   13.6651
    7.5000   45.0000  -30.0000 2570.5894   13.6705
   -7.5000   52.5000  -30.0000 2449.5366   14.4905
    0.0000   52.5000  -30.0000 2480.1226   14.3754
    7.5000   52.5000  -30.0000 2466.8381   14.3553
   -7.5000  -37.5000  -22.5000 1993.9149   23.4018
    0.0000  -37.5000  -22.5000 2003.0371   23.3851
    7.5000  -37.5000  -22.5000 1998.6844   23.3574
   -7.5000  -30.0000  -22.5000 2142.4141   20.4108
    0.0000  -30.0000  -22.5000 2152.0569   20.3291
    7.5000  -30.0000  -22.5000 2143.8809   20.3368
   -7.5000  -22.5000  -22.5000 2294.3728   18.0416
    0.0000  -22.5000  -22.5000 2307.6465   17.9587
    7.5000  -22.5000  -22.5000 2296.4944   17.9479
   -7.5000  -15.0000  -22.5000 2419.2900   16.0749
    0.0000  -15.0000  -22.5000 2435.4580   15.9848
    7.5000  -15.0000  -22.5000 2418.8757   16.0099
   -7.5000   -7.5000  -22.5000 2532.1418   14.5607
    0.0000   -7.5000  -22.5000 2549.6934   14.4672
    7.5000   -7.5000  -22.5000 2530.6877   14.4874
   -7.5000    0.0000  -22.5000 2620.9521   13.4153
    0.0000    0.0000  -22.5000 2639.6973   13.3237
    7.5000    0.0000  -22.5000 2623.5647   13.3394
   -7.5000    7.5000  -22.5000 2701.7212   12.6564
    0.0000    7.5000  -22.5000 2719.4897   12.5642
    7.5000    7.5000  -22.5000 2705.1484   12.5829
   -7.5000   15.0000  -22.5000 2738.4285   12.2385
    0.0000   15.0000  -22.5000 2757.3167   12.1489
    7.5000   15.0000  -22.5000 2745.9663   12.1693
   -7.5000   22.5000  -22.5000 2756.0361   12.1218
    0.0000   22.5000  -22.5000 2781.5156   12.0461
    7.5000   22.5000  -22.5000 2771.3145   12.0464
   -7.5000   30.0000  -22.5000 2754.3755   12.3044
    0.0000   30.0000  -22.5000 2787.0405   12.2247
    7.5000   30.0000  -22.5000 2771.4312   12.2158
   -7.5000   37.5000  -22.5000 2725.5984   12.6886
    0.0000   37.5000  -22.5000 2761.3723   12.5900
    7.5000   37.5000  -22.5000 2744.0854   12.6119
   -7.5000   45.0000  -22.5000 2662.1482   13.2835
    0.0000   45.0000  -22.5000 2693.5054   13.1294
    7.5000   45.0000  -22.5000 2679.6345   13.1633
   -7.5000   52.5000  -22.5000 2552.2622   13.9812
    0.0000   52.5000  -22.5000 2581.3250   13.8412
    7.5000   52.5000  -22.5000 2567.2495   13.8454
   -7.5000  -37.5000  -15.0000 2015.8053   23.0676
    0.0000  -37.5000  -15.0000 2028.1471   23.1149
    7.5000  -37.5000  -15.0000 2023.2114   23.1518
   -7.5000  -30.0000  -15.0000 2161.1663   20.0124
    0.0000  -30.0000  -15.0000 2177.8867   19.9921
    7.5000  -30.0000  -15.0000 2164.3694   20.0863
   -7.5000  -22.5000  -15.0000 2304.8586   17.5994
    0.0000  -22.5000  -15.0000 2321.4832   17.5096
    7.5000  -22.5000  -15.0000 2307.4832   17.6349
   -7.5000  -15.0000  -15.0000 2436.6926   15.6627
    0.0000  -15.0000  -15.0000 2449.5288   15.5751
    7.5000  -15.0000  -15.0000 2439.1841   15.6736
   -7.5000   -7.5000  -15.0000 2557.2434   14.1762
    0.0000   -7.5000  -15.0000 2577.8865   14.0724
    7.5000   -7.5000  -15.0000 2563.8416   14.1364
   -7.5000    0.0000  -15.0000 2655.6941   13.0142
    0.0000    0.0000  -15.0000 2681.8469   12.9209
    7.5000    0.0000  -15.0000 2668.1104   12.9674
   -7.5000    7.5000  -15.0000 2747.8625   12.2203
    0.0000    7.5000  -15.0000 2773.5010   12.1096
    7.5000    7.5000  -15.0000 2756.2991   12.1623
   -7.5000   15.0000  -15.0000 2797.5427   11.7242
    0.0000   15.0000  -15.0000 2827.5420   11.6432
    7.5000   15.0000  -15.0000 2807.7380   11.6861
   -7.5000   22.5000  -15.0000 2825.9922   11.5941
    0.0000   22.5000  -15.0000 2859.3030   11.4782
    7.5000   22.5000  -15.0000 2842.6614   11.5448
   -7.5000   30.0000  -15.0000 2828.6628   11.7781
    0.0000   30.0000  -15.0000 2868.5811   11.6817
    7.5000   30.0000  -15.0000 2854.9622   11.7202
   -7.5000   37.5000  -15.0000 2800.6526   12.2195
    0.0000   37.5000  -15.0000 2840.6851   12.0812
    7.5000   37.5000  -15.0000 2828.9126   12.1296
   -7.5000   45.0000  -15.0000 2737.1130   12.7909
    0.0000   45.0000  -15.0000 2768.4592   12.6397
    7.5000   45.0000  -15.0000 2760.2227   12.6840
   -7.5000   52.5000  -15.0000 2618.0508   13.4634
    0.0000   52.5000  -15.0000 2646.6057   13.3269
    7.5000   52.5000  -15.0000 2636.6304   13.3653
   -7.5000  -37.5000   -7.5000 2017.6194   22.8146
    0.0000  -37.5000   -7.5000 2030.9036   22.8750
    7.5000  -37.5000   -7.5000 2026.5281   22.9449
   -7.5000  -30.0000   -7.5000 2159.7302   19.7059
    0.0000  -30.0000   -7.5000 2172.7878   19.6660
    7.5000  -30.0000   -7.5000 2165.0869   19.7838
   -7.5000  -22.5000   -7.5000 2298.8967   17.1946
    0.0000  -22.5000   -7.5000 2312.0105   17.1275
    7.5000  -22.5000   -7.5000 2304.6455   17.3171
   -7.5000  -15.0000   -7.5000 2434.6169   15.2857
    0.0000  -15.0000   -7.5000 2449.6682   15.1980
    7.5000  -15.0000   -7.5000 2441.2151   15.3651
   -7.5000   -7.5000   -7.5000 2565.8130   13.8667
    0.0000   -7.5000   -7.5000 2584.7827   13.7400
    7.5000   -7.5000   -7.5000 2575.6172   13.8868
   -7.5000    0.0000   -7.5000 2670.9080   12.7462
    0.0000    0.0000   -7.5000 2696.2781   12.6130
    7.5000    0.0000   -7.5000 2688.0508   12.7267
   -7.5000    7.5000   -7.5000 2768.1960   11.9202
    0.0000    7.5000   -7.5000 2805.5835   11.7854
    7.5000    7.5000   -7.5000 2788.6482   11.8912
   -7.5000   15.0000   -7.5000 2837.1609   11.3382
    0.0000   15.0000   -7.5000 2880.7300   11.1577
    7.5000   15.0000   -7.5000 2852.7693   11.3160
   -7.5000   22.5000   -7.5000 2880.1970   11.1585
    0.0000   22.5000   -7.5000 2916.5371   10.9717
    7.5000   22.5000   -7.5000 2900.7874   11.1304
   -7.5000   30.0000   -7.5000 2881.0188   11.3556
    0.0000   30.0000   -7.5000 2925.4758   11.1740
    7.5000   30.0000   -7.5000 2919.2900   11.2832
   -7.5000   37.5000   -7.5000 2849.3943   11.7991
    0.0000   37.5000   -7.5000 2890.9587   11.6178
    7.5000   37.5000   -7.5000 2885.0427   11.7005
   -7.5000   45.0000   -7.5000 2782.0764   12.3859
    0.0000   45.0000   -7.5000 2817.7913   12.2188
    7.5000   45.0000   -7.5000 2810.4673   12.2988
   -7.5000   52.5000   -7.5000 2663.5989   13.0324
    0.0000   52.5000   -7.5000 2692.9968   12.8814
    7.5000   52.5000   -7.5000 2682.2859   12.9739
   -7.5000  -37.5000    0.0000 2005.9996   23.0206
    0.0000  -37.5000    0.0000 2017.6278   22.9596
    7.5000  -37.5000    0.0000 2013.9893   23.1200
   -7.5000  -30.0000    0.0000 2149.0762   19.8338
    0.0000  -30.0000    0.0000 2155.1494   19.6455
    7.5000  -30.0000    0.0000 2155.0339   19.8685
   -7.5000  -22.5000    0.0000 2282.3650   17.2376
    0.0000  -22.5000    0.0000 2288.7761   17.0127
    7.5000  -22.5000    0.0000 2291.7539   17.2995
   -7.5000  -15.0000    0.0000 2417.5715   15.2573
    0.0000  -15.0000    0.0000 2430.5190   15.0379
    7.5000  -15.0000    0.0000 2429.0708   15.2705
   -7.5000   -7.5000    0.0000 2551.3533   13.7949
    0.0000   -7.5000    0.0000 2568.7268   13.5764
    7.5000   -7.5000    0.0000 2564.7129   13.7773
   -7.5000    0.0000    0.0000 2662.8186   12.6753
    0.0000    0.0000    0.0000 2687.5381   12.4926
    7.5000    0.0000    0.0000 2683.9563   12.6337
   -7.5000    7.5000    0.0000 2768.5913   11.8378
    0.0000    7.5000    0.0000 2807.7456   11.6851
    7.5000    7.5000    0.0000 2793.2529   11.7923
   -7.5000   15.0000    0.0000 2855.2520   11.2081
    0.0000   15.0000    0.0000 2901.6638   10.9397
    7.5000   15.0000    0.0000 2879.4988   11.1641
   -7.5000   22.5000    0.0000 2907.7668   10.9383
    0.0000   22.5000    0.0000 2944.4927   10.6408
    7.5000   22.5000    0.0000 2935.3611   10.8809
   -7.5000   30.0000    0.0000 2905.4104   11.1125
    0.0000   30.0000    0.0000 2950.3955   10.8534
    7.5000   30.0000    0.0000 2946.5408   11.0184
   -7.5000   37.5000    0.0000 2874.5923   11.5807
    0.0000   37.5000    0.0000 2918.6653   11.3722
    7.5000   37.5000    0.0000 2911.2131   11.4752
   -7.5000   45.0000    0.0000 2799.7412   12.1943
    0.0000   45.0000    0.0000 2838.3281   12.0304
    7.5000   45.0000    0.0000 2830.0059   12.0870
   -7.5000   52.5000    0.0000 2683.3040   12.8437
    0.0000   52.5000    0.0000 2709.9658   12.6817
    7.5000   52.5000    0.0000 2703.7620   12.7303
   -7.5000  -37.5000    7.5000 1984.4935   23.4051
    0.0000  -37.5000    7.5000 1991.3594   23.2672
    7.5000  -37.5000    7.5000 1997.6199   23.5537
   -7.5000  -30.0000    7.5000 2124.5164   20.1277
    0.0000  -30.0000    7.5000 2129.1311   19.9459
    7.5000  -30.0000    7.5000 2133.7483   20.1543
   -7.5000  -22.5000    7.5000 2254.8142   17.4821
    0.0000  -22.5000    7.5000 2260.5173   17.2419
    7.5000  -22.5000    7.5000 2261.3010   17.5111
   -7.5000  -15.0000    7.5000 2390.8755   15.4902
    0.0000  -15.0000    7.5000 2400.2078   15.2006
    7.5000  -15.0000    7.5000 2400.3401   15.4246
   -7.5000   -7.5000    7.5000 2521.2698   13.9981
    0.0000   -7.5000    7.5000 2534.9998   13.6971
    7.5000   -7.5000    7.5000 2535.2249   13.8940
   -7.5000    0.0000    7.5000 2637.0608   12.8469
    0.0000    0.0000    7.5000 2656.9268   12.5842
    7.5000    0.0000    7.5000 2660.9824   12.7610
   -7.5000    7.5000    7.5000 2748.5942   11.9945
    0.0000    7.5000    7.5000 2781.2627   11.7531
    7.5000    7.5000    7.5000 2782.6272   11.9220
   -7.5000   15.0000    7.5000 2845.3850   11.4220
    0.0000   15.0000    7.5000 2888.7744   11.0888
    7.5000   15.0000    7.5000 2873.7712   11.3259
   -7.5000   22.5000    7.5000 2903.2659   11.0714
    0.0000   22.5000    7.5000 2945.2891   10.7165
    7.5000   22.5000    7.5000 2931.5645   10.9322
   -7.5000   30.0000    7.5000 2911.7354   11.1328
    0.0000   30.0000    7.5000 2958.6287   10.8879
    7.5000   30.0000    7.5000 2945.1960   10.9832
   -7.5000   37.5000    7.5000 2884.2996   11.5297
    0.0000   37.5000    7.5000 2928.2715   11.3371
    7.5000   37.5000    7.5000 2919.5439   11.3697
   -7.5000   45.0000    7.5000 2803.3704   12.1785
    0.0000   45.0000    7.5000 2835.5510   11.9904
    7.5000   45.0000    7.5000 2831.8264   12.0208
   -7.5000   52.5000    7.5000 2680.5164   12.8704
    0.0000   52.5000    7.5000 2704.0996   12.6960
    7.5000   52.5000    7.5000 2699.5378   12.7330
   -7.5000  -37.5000   15.0000 1945.3992   24.2755
    0.0000  -37.5000   15.0000 1946.2496   24.0599
    7.5000  -37.5000   15.0000 1950.4446   24.3819
   -7.5000  -30.0000   15.0000 2083.7695   20.7658
    0.0000  -30.0000   15.0000 2089.1628   20.5330
    7.5000  -30.0000   15.0000 2088.6367   20.8183
   -7.5000  -22.5000   15.0000 2215.3743   17.9719
    0.0000  -22.5000   15.0000 2223.3345   17.6563
    7.5000  -22.5000   15.0000 2222.3435   17.9864
   -7.5000  -15.0000   15.0000 2352.5002   15.8876
    0.0000  -15.0000   15.0000 2362.3779   15.5406
    7.5000  -15.0000   15.0000 2360.6240   15.8051
   -7.5000   -7.5000   15.0000 2476.9160   14.3401
    0.0000   -7.5000   15.0000 2491.1841   14.0063
    7.5000   -7.5000   15.0000 2493.9321   14.2421
   -7.5000    0.0000   15.0000 2593.1931   13.2263
    0.0000    0.0000   15.0000 2618.6313   12.9237
    7.5000    0.0000   15.0000 2620.4177   13.1046
   -7.5000    7.5000   15.0000 2709.8821   12.4395
    0.0000    7.5000   15.0000 2741.1011   12.1438
    7.5000    7.5000   15.0000 2740.2842   12.3160
   -7.5000   15.0000   15.0000 2804.0957   11.8981
    0.0000   15.0000   15.0000 2836.8540   11.5443
    7.5000   15.0000   15.0000 2824.3633   11.7086
   -7.5000   22.5000   15.0000 2861.6243   11.5183
    0.0000   22.5000   15.0000 2898.1133   11.2232
    7.5000   22.5000   15.0000 2882.7341   11.3116
   -7.5000   30.0000   15.0000 2880.6755   11.4789
    0.0000   30.0000   15.0000 2923.2051   11.2903
    7.5000   30.0000   15.0000 2909.6492   11.3384
   -7.5000   37.5000   15.0000 2856.5984   11.7747
    0.0000   37.5000   15.0000 2895.9634   11.6174
    7.5000   37.5000   15.0000 2884.8823   11.6402
   -7.5000   45.0000   15.0000 2774.2078   12.3708
    0.0000   45.0000   15.0000 2812.1465   12.1901
    7.5000   45.0000   15.0000 2803.5916   12.2212
   -7.5000   52.5000   15.0000 2649.5574   13.0797
    0.0000   52.5000   15.0000 2677.0798   12.9016
    7.5000   52.5000   15.0000 2672.9109   12.9343
   -7.5000  -37.5000   22.5000 1893.9312   25.4829
    0.0000  -37.5000   22.5000 1890.0095   25.2057
    7.5000  -37.5000   22.5000 1893.8740   25.5923
   -7.5000  -30.0000   22.5000 2036.9492   21.6132
    0.0000  -30.0000   22.5000 2042.2826   21.3718
    7.5000  -30.0000   22.5000 2037.7097   21.6886
   -7.5000  -22.5000   22.5000 2173.9368   18.7230
    0.0000  -22.5000   22.5000 2182.3206   18.4197
    7.5000  -22.5000   22.5000 2177.3545   18.7365
   -7.5000  -15.0000   22.5000 2307.8062   16.5480
    0.0000  -15.0000   22.5000 2320.2354   16.2210
    7.5000  -15.0000   22.5000 2315.5757   16.5201
   -7.5000   -7.5000   22.5000 2431.3877   14.9677
    0.0000   -7.5000   22.5000 2450.1133   14.6613
    7.5000   -7.5000   22.5000 2445.8306   14.9140
   -7.5000    0.0000   22.5000 2544.9990   13.8640
    0.0000    0.0000   22.5000 2572.8181   13.5622
    7.5000    0.0000   22.5000 2570.6011   13.7632
   -7.5000    7.5000   22.5000 2656.9219   13.1021
    0.0000    7.5000   22.5000 2682.8484   12.7484
    7.5000    7.5000   22.5000 2680.4075   12.9085
   -7.5000   15.0000   22.5000 2746.1130   12.4984
    0.0000   15.0000   22.5000 2774.3374   12.0950
    7.5000   15.0000   22.5000 2764.6226   12.2477
   -7.5000   22.5000   22.5000 2805.0662   12.0801
    0.0000   22.5000   22.5000 2836.6499   11.8011
    7.5000   22.5000   22.5000 2828.5044   11.9175
   -7.5000   30.0000   22.5000 2814.9475   12.0272
    0.0000   30.0000   22.5000 2847.9785   11.7862
    7.5000   30.0000   22.5000 2841.6816   11.8949
   -7.5000   37.5000   22.5000 2790.8188   12.2709
    0.0000   37.5000   22.5000 2823.7651   12.0546
    7.5000   37.5000   22.5000 2815.2629   12.1310
   -7.5000   45.0000   22.5000 2724.4155   12.8154
    0.0000   45.0000   22.5000 2762.3372   12.6357
    7.5000   45.0000   22.5000 2751.1975   12.6673
   -7.5000   52.5000   22.5000 2603.4470   13.5100
    0.0000   52.5000   22.5000 2637.0945   13.3120
    7.5000   52.5000   22.5000 2628.5486   13.3417
   -7.5000  -37.5000   30.0000 1834.1832   26.9549
    0.0000  -37.5000   30.0000 1830.7720   26.6264
    7.5000  -37.5000   30.0000 1834.7786   26.9374
   -7.5000  -30.0000   30.0000 1980.4431   22.8756
    0.0000  -30.0000   30.0000 1986.4951   22.6109
    7.5000  -30.0000   30.0000 1984.2318   22.8621
   -7.5000  -22.5000   30.0000 2124.5251   19.8269
    0.0000  -22.5000   30.0000 2135.8833   19.5606
    7.5000  -22.5000   30.0000 2127.7593   19.7959
   -7.5000  -15.0000   30.0000 2253.2410   17.5532
    0.0000  -15.0000   30.0000 2270.4749   17.2890
    7.5000  -15.0000   30.0000 2258.6448   17.4596
   -7.5000   -7.5000   30.0000 2376.4409   15.8885
    0.0000   -7.5000   30.0000 2404.7617   15.6155
    7.5000   -7.5000   30.0000 2395.3350   15.7880
   -7.5000    0.0000   30.0000 2487.9827   14.7149
    0.0000    0.0000   30.0000 2524.2905   14.4063
    7.5000    0.0000   30.0000 2515.8689   14.5648
   -7.5000    7.5000   30.0000 2595.8008   13.8551
    0.0000    7.5000   30.0000 2624.8364   13.4873
    7.5000    7.5000   30.0000 2616.4639   13.6285
   -7.5000   15.0000   30.0000 2680.1169   13.1681
    0.0000   15.0000   30.0000 2704.5803   12.8298
    7.5000   15.0000   30.0000 2696.1802   12.9595
   -7.5000   22.5000   30.0000 2732.0291   12.8166
    0.0000   22.5000   30.0000 2757.7754   12.5368
    7.5000   22.5000   30.0000 2751.1492   12.6644
   -7.5000   30.0000   30.0000 2734.8972   12.7292
    0.0000   30.0000   30.0000 2762.3511   12.4846
    7.5000   30.0000   30.0000 2759.8054   12.5900
   -7.5000   37.5000   30.0000 2707.3459   12.9405
    0.0000   37.5000   30.0000 2732.7585   12.7072
    7.5000   37.5000   30.0000 2728.1946   12.7684
   -7.5000   45.0000   30.0000 2654.5669   13.4219
    0.0000   45.0000   30.0000 2686.6726   13.2284
    7.5000   45.0000   30.0000 2677.9722   13.2716
   -7.5000   52.5000   30.0000 2544.1655   14.1228
    0.0000   52.5000   30.0000 2579.6870   13.9228
    7.5000   52.5000   30.0000 2569.2722   13.9343
   -7.5000  -37.5000   37.5000 1765.4537   29.0589
    0.0000  -37.5000   37.5000 1765.5050   28.7341
    7.5000  -37.5000   37.5000 1769.8838   28.9065
   -7.5000  -30.0000   37.5000 1919.7588   24.5521
    0.0000  -30.0000   37.5000 1926.6146   24.2310
    7.5000  -30.0000   37.5000 1923.9238   24.3419
   -7.5000  -22.5000   37.5000 2064.0742   21.2394
    0.0000  -22.5000   37.5000 2082.1831   20.9683
    7.5000  -22.5000   37.5000 2074.2517   21.0679
   -7.5000  -15.0000   37.5000 2188.8040   18.7695
    0.0000  -15.0000   37.5000 2216.1965   18.4916
    7.5000  -15.0000   37.5000 2204.3542   18.5973
   -7.5000   -7.5000   37.5000 2310.9263   16.9755
    0.0000   -7.5000   37.5000 2349.7681   16.7296
    7.5000   -7.5000   37.5000 2337.8445   16.8334
   -7.5000    0.0000   37.5000 2422.9351   15.7162
    0.0000    0.0000   37.5000 2461.1421   15.4075
    7.5000    0.0000   37.5000 2449.8445   15.5248
   -7.5000    7.5000   37.5000 2523.0234   14.7767
    0.0000    7.5000   37.5000 2561.7598   14.4576
    7.5000    7.5000   37.5000 2548.7283   14.5493
   -7.5000   15.0000   37.5000 2604.1787   14.0552
    0.0000   15.0000   37.5000 2630.7332   13.7875
    7.5000   15.0000   37.5000 2619.3484   13.8791
   -7.5000   22.5000   37.5000 2641.7393   13.7321
    0.0000   22.5000   37.5000 2670.2595   13.4645
    7.5000   22.5000   37.5000 2662.4092   13.5668
   -7.5000   30.0000   37.5000 2641.0635   13.5744
    0.0000   30.0000   37.5000 2667.2966   13.3397
    7.5000   30.0000   37.5000 2663.8225   13.4390
   -7.5000   37.5000   37.5000 2612.2141   13.7551
    0.0000   37.5000   37.5000 2637.3982   13.5501
    7.5000   37.5000   37.5000 2635.7134   13.6192
   -7.5000   45.0000   37.5000 2566.8953   14.2143
    0.0000   45.0000   37.5000 2599.4126   14.0196
    7.5000   45.0000   37.5000 2597.0918   14.0591
   -7.5000   52.5000   37.5000 2476.1272   14.8411
    0.0000   52.5000   37.5000 2507.5879   14.6604
    7.5000   52.5000   37.5000 2498.6997   14.6685
   -7.5000  -37.5000   45.0000 1685.3501   31.4858
    0.0000  -37.5000   45.0000 1688.3501   31.0190
    7.5000  -37.5000   45.0000 1691.2261   31.2398
   -7.5000  -30.0000   45.0000 1848.7667   26.5357
    0.0000  -30.0000   45.0000 1860.5198   26.1602
    7.5000  -30.0000   45.0000 1857.8053   26.2243
   -7.5000  -22.5000   45.0000 1996.9680   22.8736
    0.0000  -22.5000   45.0000 2016.1997   22.5297
    7.5000  -22.5000   45.0000 2008.1251   22.6137
   -7.5000  -15.0000   45.0000 2120.0872   20.2218
    0.0000  -15.0000   45.0000 2153.7043   19.9431
    7.5000  -15.0000   45.0000 2140.6135   19.9829
   -7.5000   -7.5000   45.0000 2236.6616   18.3111
    0.0000   -7.5000   45.0000 2280.9678   18.0904
    7.5000   -7.5000   45.0000 2268.2122   18.1318
   -7.5000    0.0000   45.0000 2346.0125   16.9719
    0.0000    0.0000   45.0000 2387.8894   16.7003
    7.5000    0.0000   45.0000 2378.9048   16.7495
   -7.5000    7.5000   45.0000 2441.7524   15.9403
    0.0000    7.5000   45.0000 2480.4041   15.6911
    7.5000    7.5000   45.0000 2469.5586   15.7479
   -7.5000   15.0000   45.0000 2510.8142   15.2444
    0.0000   15.0000   45.0000 2539.0945   14.9857
    7.5000   15.0000   45.0000 2529.6155   15.0465
   -7.5000   22.5000   45.0000 2540.1780   14.8458
    0.0000   22.5000   45.0000 2568.1301   14.5852
    7.5000   22.5000   45.0000 2562.7593   14.6618
   -7.5000   30.0000   45.0000 2538.5117   14.6153
    0.0000   30.0000   45.0000 2563.8406   14.4156
    7.5000   30.0000   45.0000 2559.7805   14.4813
   -7.5000   37.5000   45.0000 2514.2493   14.8051
    0.0000   37.5000   45.0000 2541.2849   14.6135
    7.5000   37.5000   45.0000 2540.7368   14.6497
   -7.5000   45.0000   45.0000 2469.0090   15.2537
    0.0000   45.0000   45.0000 2498.4478   15.1002
    7.5000   45.0000   45.0000 2497.3064   15.0872
   -7.5000   52.5000   45.0000 2397.1978   15.8209
    0.0000   52.5000   45.0000 2420.2654   15.6374
    7.5000   52.5000   45.0000 2414.1318   15.6199

---------------------------------------------------------------------
imgreg_4dfp /opt/freesurfer/average/711-2C_as_mni_average_305 /opt/freesurfer/average/711-2B_as_mni_average_305_mask talsrcimg_g11 none talsrcimg_to_711-2C_as_mni_average_305_t4 1283
---------------------------------------------------------------------

freesurfer imgreg_4dfp.c
/opt/freesurfer/average/711-2C_as_mni_average_305.4dfp.img
       256       256       256         1
  1.000000  1.000000  1.000000
orientation T byte_order littleendian
Reading image: /opt/freesurfer/average/711-2C_as_mni_average_305.4dfp.img
dimensions:      256       256       256
mmppix:       1.0000   -1.0000   -1.0000
center:     128.0000 -129.0000 -129.0000
/opt/freesurfer/average/711-2B_as_mni_average_305_mask.4dfp.img
       256       256       256         1
  1.000000  1.000000  1.000000
orientation T byte_order littleendian
Reading mask: /opt/freesurfer/average/711-2B_as_mni_average_305_mask.4dfp.img (2306576 pixels)
talsrcimg_g11.4dfp.img
       256       256       256         1
  1.000000  1.000000  1.000000
orientation T byte_order littleendian
Reading image: talsrcimg_g11.4dfp.img
dimensions:      256       256       256
mmppix:       1.0000   -1.0000   -1.0000
center:     128.0000 -129.0000 -129.0000
rotation matrix determinant  1.000000
fimgreg.f
image alignment mode   1283 decimal      503 hex
parameters
    0.0000   30.0000    7.5000    0.0000    0.0000    0.0000
eta,q 0.93061 10.89790
niter,ni,del,rscale     5    3   12.0000    1.2000
parameter  4  3.736751 ->  0.500000 qaram    1.1500
parameters
    1.1013   29.0686    5.2367   -3.4500   -0.8365   -1.2658
eta,q 0.94081 10.58191
  0.0813  0.0742  0.0692  0.0559  0.0633  0.0626
  0.0740  0.0703  0.0671  0.0585  0.0617  0.0603
  0.0697  0.0676  0.0664  0.0627  0.0603  0.0592
  0.0679  0.0679  0.0673  0.0665  0.0596  0.0596
  0.0686  0.0704  0.0699  0.0700  0.0606  0.0611
  0.0708  0.0743  0.0746  0.0753  0.0632  0.0633
  0.0732  0.0788  0.0797  0.0800  0.0669  0.0662
niter,ni,del,rscale     5    3   12.0000    1.2000
parameter  4  0.931111 ->  0.500000 qaram    1.3225
parameters
    1.5800   29.2703    4.5722   -7.4175   -1.5450   -1.6719
eta,q 0.94598 10.52309
  0.0704  0.0712  0.0654  0.0560  0.0600  0.0590
  0.0640  0.0654  0.0640  0.0543  0.0570  0.0559
  0.0599  0.0612  0.0613  0.0553  0.0547  0.0542
  0.0592  0.0594  0.0594  0.0598  0.0543  0.0541
  0.0607  0.0613  0.0604  0.0653  0.0564  0.0552
  0.0629  0.0655  0.0648  0.0692  0.0593  0.0571
  0.0664  0.0689  0.0710  0.0744  0.0631  0.0603
niter,ni,del,rscale     5    3   12.0000    1.2000
parameters
    1.9477   30.2569    3.9290   -9.0181   -1.9239   -2.0002
eta,q 0.94610 10.52948
  0.0649  0.0704  0.0608  0.0623  0.0591  0.0582
  0.0593  0.0641  0.0588  0.0570  0.0561  0.0555
  0.0555  0.0578  0.0556  0.0544  0.0543  0.0540
  0.0540  0.0540  0.0541  0.0543  0.0540  0.0540
  0.0549  0.0552  0.0552  0.0580  0.0550  0.0547
  0.0575  0.0585  0.0597  0.0651  0.0571  0.0562
  0.0626  0.0629  0.0667  0.0704  0.0605  0.0591
niter,ni,del,rscale     4    3   12.0000    1.2000
parameters
    2.2928   30.9744    3.5728   -9.6643   -2.1050   -2.0825
eta,q 0.94598 10.55677
  0.0626  0.0675  0.0604  0.0652  0.0590  0.0584
  0.0575  0.0615  0.0583  0.0587  0.0562  0.0559
  0.0549  0.0565  0.0555  0.0546  0.0544  0.0544
  0.0539  0.0538  0.0539  0.0540  0.0540  0.0540
  0.0541  0.0549  0.0546  0.0561  0.0549  0.0546
  0.0559  0.0575  0.0578  0.0623  0.0565  0.0561
  0.0610  0.0626  0.0640  0.0689  0.0596  0.0586
niter,ni,del,rscale     3    3   12.0000    1.2000
parameters
    2.2626   31.1858    3.4307   -9.8946   -2.0795   -2.0097
eta,q 0.94589 10.56690
  0.0611  0.0653  0.0605  0.0665  0.0593  0.0587
  0.0566  0.0600  0.0584  0.0600  0.0565  0.0561
  0.0547  0.0557  0.0558  0.0548  0.0546  0.0546
  0.0540  0.0540  0.0541  0.0541  0.0541  0.0541
  0.0543  0.0552  0.0545  0.0556  0.0548  0.0546
  0.0562  0.0584  0.0572  0.0611  0.0564  0.0560
  0.0618  0.0643  0.0629  0.0679  0.0592  0.0584
niter,ni,del,rscale     2    3   12.0000    1.2000
parameters
    2.2316   31.2376    3.3718   -9.9806   -2.0559   -1.9712
eta,q 0.94585 10.56917
  0.0612  0.0647  0.0605  0.0669  0.0593  0.0586
  0.0566  0.0597  0.0584  0.0605  0.0565  0.0561
  0.0547  0.0555  0.0559  0.0550  0.0546  0.0546
  0.0541  0.0541  0.0541  0.0541  0.0541  0.0542
  0.0544  0.0553  0.0545  0.0555  0.0548  0.0546
  0.0562  0.0587  0.0570  0.0607  0.0564  0.0561
  0.0618  0.0648  0.0624  0.0675  0.0592  0.0584
niter,ni,del,rscale     1    3   12.0000    1.2000
parameters
    2.2255   31.2551    3.3444  -10.0142   -2.0465   -1.9555
eta,q 0.94583 10.56996
  0.0613  0.0645  0.0606  0.0670  0.0593  0.0586
  0.0566  0.0596  0.0584  0.0607  0.0565  0.0561
  0.0547  0.0555  0.0560  0.0550  0.0546  0.0546
  0.0542  0.0542  0.0542  0.0542  0.0542  0.0542
  0.0544  0.0553  0.0545  0.0554  0.0548  0.0547
  0.0562  0.0588  0.0569  0.0605  0.0564  0.0561
  0.0617  0.0649  0.0623  0.0673  0.0593  0.0585
registration optimization eta report
parameter search radius
    6.0000    6.0000    6.0000    7.9350    6.0000    6.0000
100000*second partial in parameter space
       21.       29.       20.       21.       14.       12.
  0.0613  0.0645  0.0606  0.0670  0.0593  0.0586
  0.0566  0.0596  0.0584  0.0607  0.0565  0.0561
  0.0547  0.0555  0.0560  0.0550  0.0546  0.0546
  0.0542  0.0542  0.0542  0.0542  0.0542  0.0542
  0.0544  0.0553  0.0545  0.0554  0.0548  0.0547
  0.0562  0.0588  0.0569  0.0605  0.0564  0.0561
  0.0617  0.0649  0.0623  0.0673  0.0593  0.0585
    2.2255   31.2551    3.3444  -10.0142   -2.0465   -1.9555
eta,q 0.94583 10.56996

---------------------------------------------------------------------
imgreg_4dfp /opt/freesurfer/average/711-2C_as_mni_average_305 /opt/freesurfer/average/711-2B_as_mni_average_305_mask talsrcimg_g11 none talsrcimg_to_711-2C_as_mni_average_305_t4 3335
---------------------------------------------------------------------

freesurfer imgreg_4dfp.c
/opt/freesurfer/average/711-2C_as_mni_average_305.4dfp.img
       256       256       256         1
  1.000000  1.000000  1.000000
orientation T byte_order littleendian
Reading image: /opt/freesurfer/average/711-2C_as_mni_average_305.4dfp.img
dimensions:      256       256       256
mmppix:       1.0000   -1.0000   -1.0000
center:     128.0000 -129.0000 -129.0000
/opt/freesurfer/average/711-2B_as_mni_average_305_mask.4dfp.img
       256       256       256         1
  1.000000  1.000000  1.000000
orientation T byte_order littleendian
Reading mask: /opt/freesurfer/average/711-2B_as_mni_average_305_mask.4dfp.img (2306576 pixels)
talsrcimg_g11.4dfp.img
       256       256       256         1
  1.000000  1.000000  1.000000
orientation T byte_order littleendian
Reading image: talsrcimg_g11.4dfp.img
dimensions:      256       256       256
mmppix:       1.0000   -1.0000   -1.0000
center:     128.0000 -129.0000 -129.0000
fimgreg.f
image alignment mode   3335 decimal      D07 hex
parameters
    2.2255   31.2551    3.3444   -0.1220   -1.5597   -1.5863
    2.7398    4.1080   -3.4102   17.2591   -3.5711  -17.3781
eta,q 0.94575 10.70736
niter,ni,del,rscale     5    3    5.0000    1.2000
parameter  3 -0.658320 -> -0.500000 qaram    1.1500
parameter  4  2.855159 ->  0.500000 qaram    1.1500
parameter  5  1.744792 ->  0.500000 qaram    1.1500
parameter  6  0.969969 ->  0.500000 qaram    1.1500
parameters
    1.8767   31.9850    4.7244   -4.2620   -5.6997   -5.7263
    2.0991    4.6874   -1.8150   17.4886   -2.8082  -16.4203
eta,q 0.95815 10.38563
  0.0556  0.0567  0.0557  0.0467  0.0433  0.0421  0.0434  0.0476  0.0442  0.0450  0.0435  0.0435
  0.0548  0.0556  0.0550  0.0483  0.0449  0.0419  0.0426  0.0449  0.0431  0.0436  0.0426  0.0427
  0.0544  0.0547  0.0545  0.0508  0.0467  0.0427  0.0421  0.0429  0.0423  0.0425  0.0421  0.0421
  0.0542  0.0542  0.0541  0.0536  0.0489  0.0454  0.0420  0.0420  0.0419  0.0419  0.0419  0.0419
  0.0546  0.0541  0.0538  0.0569  0.0518  0.0493  0.0423  0.0423  0.0419  0.0421  0.0419  0.0419
  0.0555  0.0543  0.0536  0.0605  0.0552  0.0528  0.0430  0.0437  0.0422  0.0432  0.0423  0.0423
  0.0569  0.0549  0.0539  0.0637  0.0591  0.0568  0.0440  0.0462  0.0428  0.0448  0.0429  0.0428
niter,ni,del,rscale     7    3    5.0000    1.2000
parameter  2  0.680732 ->  0.500000 qaram    1.1500
parameter  3  0.562368 ->  0.500000 qaram    1.3225
parameter  4  0.610162 ->  0.500000 qaram    1.3225
parameter  5  6.773682 ->  0.500000 qaram    1.3225
parameter 12  0.640886 ->  0.500000 qaram    1.1500
parameters
    1.7087   30.6050    3.1374   -9.0230  -10.4607   -8.6640
    1.6195    4.1299   -2.0964   17.4135   -3.3797  -20.5603
eta,q 0.96547 10.06362
  0.0442  0.0413  0.0409  0.0395  0.0316  0.0365  0.0366  0.0380  0.0365  0.0373  0.0355  0.0347
  0.0428  0.0411  0.0404  0.0388  0.0342  0.0357  0.0356  0.0361  0.0356  0.0362  0.0351  0.0345
  0.0420  0.0413  0.0405  0.0389  0.0366  0.0349  0.0351  0.0351  0.0350  0.0353  0.0349  0.0346
  0.0419  0.0418  0.0411  0.0403  0.0387  0.0349  0.0349  0.0349  0.0349  0.0349  0.0349  0.0349
  0.0423  0.0427  0.0423  0.0430  0.0412  0.0370  0.0352  0.0355  0.0351  0.0350  0.0350  0.0354
  0.0434  0.0438  0.0440  0.0465  0.0438  0.0403  0.0360  0.0369  0.0358  0.0360  0.0353  0.0361
  0.0450  0.0452  0.0460  0.0506  0.0470  0.0445  0.0370  0.0391  0.0368  0.0377  0.0356  0.0370
niter,ni,del,rscale     7    3    5.0000    1.2000
parameter  2  0.570938 ->  0.500000 qaram    1.3225
parameter  5  1.262422 ->  0.500000 qaram    1.5209
parameters
    1.8034   29.0180    1.6355   -9.1566  -15.9358   -8.9142
    1.2849    4.0635   -1.9417   17.7756   -4.1608  -23.7333
eta,q 0.97136 10.03343
  0.0377  0.0344  0.0339  0.0375  0.0288  0.0329  0.0314  0.0331  0.0314  0.0328  0.0295  0.0295
  0.0360  0.0337  0.0333  0.0358  0.0287  0.0313  0.0301  0.0307  0.0301  0.0308  0.0291  0.0288
  0.0349  0.0338  0.0332  0.0342  0.0302  0.0301  0.0293  0.0293  0.0293  0.0296  0.0290  0.0286
  0.0345  0.0345  0.0337  0.0332  0.0332  0.0290  0.0290  0.0290  0.0290  0.0290  0.0290  0.0290
  0.0348  0.0356  0.0348  0.0333  0.0367  0.0290  0.0294  0.0295  0.0292  0.0291  0.0291  0.0297
  0.0357  0.0370  0.0363  0.0353  0.0401  0.0314  0.0304  0.0309  0.0300  0.0302  0.0293  0.0307
  0.0372  0.0386  0.0382  0.0386  0.0437  0.0340  0.0319  0.0331  0.0313  0.0322  0.0298  0.0319
niter,ni,del,rscale     7    3    5.0000    1.2000
parameters
    1.7368   29.7115    1.8295   -8.3979  -20.2840   -8.5094
    1.1804    4.1483   -1.8764   19.0515   -3.7410  -26.1227
eta,q 0.97351  9.96094
  0.0316  0.0354  0.0313  0.0338  0.0301  0.0316  0.0296  0.0313  0.0294  0.0313  0.0278  0.0279
  0.0299  0.0321  0.0298  0.0317  0.0278  0.0297  0.0281  0.0288  0.0280  0.0291  0.0272  0.0269
  0.0289  0.0298  0.0288  0.0298  0.0269  0.0282  0.0272  0.0273  0.0271  0.0275  0.0269  0.0265
  0.0286  0.0286  0.0284  0.0284  0.0282  0.0269  0.0268  0.0268  0.0268  0.0268  0.0268  0.0268
  0.0291  0.0285  0.0286  0.0281  0.0314  0.0268  0.0272  0.0273  0.0271  0.0269  0.0269  0.0277
  0.0301  0.0294  0.0294  0.0299  0.0353  0.0287  0.0283  0.0288  0.0280  0.0276  0.0272  0.0288
  0.0319  0.0313  0.0307  0.0330  0.0391  0.0313  0.0298  0.0311  0.0293  0.0289  0.0276  0.0301
niter,ni,del,rscale     6    3    5.0000    1.2000
parameters
    1.7795   30.4579    1.6457   -7.9415  -21.8004   -8.9184
    1.0605    4.2420   -2.0257   20.9688   -3.6020  -27.0990
eta,q 0.97413  9.93698
  0.0300  0.0335  0.0289  0.0317  0.0312  0.0303  0.0290  0.0307  0.0284  0.0306  0.0270  0.0279
  0.0281  0.0302  0.0274  0.0296  0.0286  0.0285  0.0275  0.0282  0.0272  0.0285  0.0264  0.0266
  0.0269  0.0278  0.0265  0.0276  0.0266  0.0271  0.0265  0.0266  0.0264  0.0270  0.0260  0.0259
  0.0265  0.0265  0.0262  0.0262  0.0261  0.0260  0.0261  0.0261  0.0261  0.0261  0.0260  0.0260
  0.0268  0.0263  0.0267  0.0261  0.0278  0.0265  0.0265  0.0266  0.0264  0.0260  0.0261  0.0266
  0.0279  0.0272  0.0279  0.0282  0.0312  0.0290  0.0276  0.0281  0.0273  0.0265  0.0264  0.0277
  0.0297  0.0291  0.0295  0.0315  0.0350  0.0316  0.0292  0.0304  0.0286  0.0275  0.0269  0.0288
niter,ni,del,rscale     5    3    5.0000    1.2000
parameters
    1.8009   31.0969    1.0451   -7.9724  -23.2836   -9.8841
    0.9564    4.3246   -2.1940   23.1388   -3.4739  -28.1848
eta,q 0.97462  9.88592
  0.0294  0.0322  0.0276  0.0307  0.0304  0.0293  0.0286  0.0301  0.0279  0.0300  0.0264  0.0272
  0.0275  0.0292  0.0263  0.0287  0.0281  0.0277  0.0270  0.0277  0.0267  0.0281  0.0259  0.0260
  0.0263  0.0271  0.0256  0.0268  0.0262  0.0264  0.0261  0.0262  0.0260  0.0266  0.0256  0.0254
  0.0259  0.0259  0.0257  0.0255  0.0255  0.0256  0.0257  0.0257  0.0257  0.0257  0.0255  0.0255
  0.0262  0.0258  0.0264  0.0258  0.0270  0.0263  0.0261  0.0262  0.0260  0.0255  0.0256  0.0261
  0.0274  0.0267  0.0279  0.0281  0.0303  0.0291  0.0272  0.0276  0.0269  0.0259  0.0259  0.0270
  0.0293  0.0286  0.0297  0.0315  0.0342  0.0318  0.0287  0.0299  0.0282  0.0268  0.0263  0.0281
niter,ni,del,rscale     4    3    5.0000    1.2000
parameters
    1.7900   31.9308    0.1595   -8.1737  -24.9650  -11.3008
    0.9173    4.2742   -2.2962   25.5358   -3.3542  -29.6444
eta,q 0.97547  9.80383
  0.0287  0.0321  0.0264  0.0295  0.0294  0.0280  0.0277  0.0289  0.0274  0.0297  0.0256  0.0261
  0.0269  0.0291  0.0252  0.0276  0.0272  0.0266  0.0263  0.0268  0.0261  0.0277  0.0250  0.0250
  0.0257  0.0268  0.0247  0.0260  0.0254  0.0255  0.0254  0.0254  0.0253  0.0261  0.0248  0.0245
  0.0254  0.0254  0.0250  0.0247  0.0248  0.0249  0.0251  0.0251  0.0251  0.0251  0.0247  0.0247
  0.0258  0.0250  0.0260  0.0250  0.0262  0.0258  0.0254  0.0255  0.0254  0.0247  0.0248  0.0253
  0.0269  0.0258  0.0276  0.0273  0.0297  0.0288  0.0264  0.0269  0.0262  0.0250  0.0250  0.0261
  0.0288  0.0276  0.0296  0.0308  0.0338  0.0316  0.0278  0.0290  0.0276  0.0261  0.0255  0.0271
niter,ni,del,rscale     3    3    5.0000    1.2000
parameters
    1.7383   32.6603   -0.7892   -8.2276  -26.2463  -12.6654
    0.8663    4.2550   -2.3966   27.1688   -3.1985  -30.8856
eta,q 0.97598  9.73184
  0.0276  0.0315  0.0255  0.0286  0.0290  0.0273  0.0269  0.0281  0.0268  0.0287  0.0250  0.0255
  0.0259  0.0283  0.0244  0.0268  0.0267  0.0259  0.0255  0.0260  0.0254  0.0267  0.0245  0.0244
  0.0248  0.0259  0.0239  0.0252  0.0248  0.0248  0.0246  0.0247  0.0246  0.0252  0.0242  0.0240
  0.0245  0.0245  0.0242  0.0239  0.0240  0.0241  0.0243  0.0243  0.0243  0.0243  0.0241  0.0241
  0.0249  0.0243  0.0252  0.0240  0.0250  0.0249  0.0246  0.0248  0.0247  0.0242  0.0242  0.0246
  0.0261  0.0252  0.0268  0.0262  0.0284  0.0279  0.0256  0.0261  0.0256  0.0248  0.0244  0.0254
  0.0279  0.0272  0.0287  0.0295  0.0329  0.0308  0.0269  0.0282  0.0269  0.0260  0.0249  0.0263
niter,ni,del,rscale     2    3    5.0000    1.2000
parameters
    1.7264   33.0648   -1.6039   -8.1036  -26.9956  -13.9123
    0.7672    4.2884   -2.4814   28.2594   -3.0697  -31.6211
eta,q 0.97607  9.68780
  0.0271  0.0301  0.0253  0.0282  0.0292  0.0270  0.0265  0.0279  0.0265  0.0280  0.0248  0.0256
  0.0254  0.0271  0.0242  0.0265  0.0269  0.0256  0.0252  0.0258  0.0252  0.0261  0.0243  0.0244
  0.0244  0.0250  0.0237  0.0250  0.0248  0.0246  0.0243  0.0245  0.0243  0.0248  0.0240  0.0239
  0.0240  0.0240  0.0240  0.0237  0.0237  0.0238  0.0241  0.0241  0.0241  0.0241  0.0240  0.0240
  0.0244  0.0242  0.0248  0.0236  0.0243  0.0245  0.0244  0.0245  0.0244  0.0241  0.0241  0.0244
  0.0254  0.0255  0.0261  0.0256  0.0273  0.0273  0.0253  0.0257  0.0253  0.0248  0.0243  0.0251
  0.0272  0.0277  0.0279  0.0289  0.0319  0.0302  0.0266  0.0278  0.0266  0.0262  0.0247  0.0259
niter,ni,del,rscale     1    3    5.0000    1.2000
parameters
    1.7287   33.3137   -2.3334   -7.9666  -27.4556  -15.1134
    0.6349    4.3395   -2.5246   29.0672   -3.0565  -32.0534
eta,q 0.97605  9.65527
  0.0270  0.0295  0.0253  0.0281  0.0293  0.0268  0.0264  0.0278  0.0265  0.0276  0.0247  0.0257
  0.0253  0.0266  0.0242  0.0264  0.0270  0.0255  0.0251  0.0257  0.0252  0.0258  0.0243  0.0245
  0.0243  0.0247  0.0237  0.0249  0.0249  0.0246  0.0243  0.0244  0.0243  0.0246  0.0240  0.0240
  0.0239  0.0239  0.0239  0.0237  0.0237  0.0238  0.0240  0.0240  0.0240  0.0240  0.0240  0.0240
  0.0243  0.0243  0.0246  0.0236  0.0241  0.0243  0.0244  0.0244  0.0244  0.0241  0.0241  0.0244
  0.0253  0.0257  0.0258  0.0255  0.0269  0.0269  0.0253  0.0256  0.0252  0.0249  0.0243  0.0250
  0.0270  0.0279  0.0273  0.0287  0.0314  0.0299  0.0266  0.0277  0.0265  0.0264  0.0247  0.0258
registration optimization eta report
parameter search radius
    2.4000    3.1740    3.1740    9.5220   10.9503    8.2800
    7.2000    7.2000    7.2000    7.2000    7.2000    8.2800
100000*second partial in parameter space
       53.       47.       24.        5.        6.        7.
        5.        7.        5.        6.        1.        3.
  0.0270  0.0295  0.0253  0.0281  0.0293  0.0268  0.0264  0.0278  0.0265  0.0276  0.0247  0.0257
  0.0253  0.0266  0.0242  0.0264  0.0270  0.0255  0.0251  0.0257  0.0252  0.0258  0.0243  0.0245
  0.0243  0.0247  0.0237  0.0249  0.0249  0.0246  0.0243  0.0244  0.0243  0.0246  0.0240  0.0240
  0.0239  0.0239  0.0239  0.0237  0.0237  0.0238  0.0240  0.0240  0.0240  0.0240  0.0240  0.0240
  0.0243  0.0243  0.0246  0.0236  0.0241  0.0243  0.0244  0.0244  0.0244  0.0241  0.0241  0.0244
  0.0253  0.0257  0.0258  0.0255  0.0269  0.0269  0.0253  0.0256  0.0252  0.0249  0.0243  0.0250
  0.0270  0.0279  0.0273  0.0287  0.0314  0.0299  0.0266  0.0277  0.0265  0.0264  0.0247  0.0258
    1.7287   33.3137   -2.3334   -7.9666  -27.4556  -15.1134
    0.6349    4.3395   -2.5246   29.0672   -3.0565  -32.0534
eta,q 0.97605  9.65527

---------------------------------------------------------------------
imgreg_4dfp /opt/freesurfer/average/711-2C_as_mni_average_305 /opt/freesurfer/average/711-2B_as_mni_average_305_mask talsrcimg_g11 none talsrcimg_to_711-2C_as_mni_average_305_t4 2311
---------------------------------------------------------------------

freesurfer imgreg_4dfp.c
/opt/freesurfer/average/711-2C_as_mni_average_305.4dfp.img
       256       256       256         1
  1.000000  1.000000  1.000000
orientation T byte_order littleendian
Reading image: /opt/freesurfer/average/711-2C_as_mni_average_305.4dfp.img
dimensions:      256       256       256
mmppix:       1.0000   -1.0000   -1.0000
center:     128.0000 -129.0000 -129.0000
/opt/freesurfer/average/711-2B_as_mni_average_305_mask.4dfp.img
       256       256       256         1
  1.000000  1.000000  1.000000
orientation T byte_order littleendian
Reading mask: /opt/freesurfer/average/711-2B_as_mni_average_305_mask.4dfp.img (2306576 pixels)
talsrcimg_g11.4dfp.img
       256       256       256         1
  1.000000  1.000000  1.000000
orientation T byte_order littleendian
Reading image: talsrcimg_g11.4dfp.img
dimensions:      256       256       256
mmppix:       1.0000   -1.0000   -1.0000
center:     128.0000 -129.0000 -129.0000
fimgreg.f
image alignment mode   2311 decimal      907 hex
parameters
    1.7287   33.3137   -2.3334   -7.9666  -27.4556  -15.1134
    0.6349    4.3395   -2.5246   29.0672   -3.0565  -32.0534
eta,q 0.97605  9.65528
niter,ni,del,rscale     5    3    5.0000    0.8000
parameter  3  0.527843 ->  0.500000 qaram    1.1500
parameters
    1.7329   33.4715   -3.2534   -6.5354  -26.8303  -15.9477
    0.5292    4.5105   -2.3939   29.8737   -2.9760  -32.0891
eta,q 0.97652  9.69499
  0.0253  0.0255  0.0239  0.0257  0.0253  0.0246  0.0248  0.0256  0.0249  0.0255  0.0240  0.0242
  0.0245  0.0247  0.0238  0.0250  0.0245  0.0241  0.0241  0.0245  0.0242  0.0246  0.0237  0.0237
  0.0241  0.0242  0.0238  0.0243  0.0238  0.0237  0.0237  0.0238  0.0237  0.0239  0.0235  0.0235
  0.0240  0.0240  0.0239  0.0238  0.0235  0.0234  0.0235  0.0235  0.0235  0.0235  0.0235  0.0235
  0.0241  0.0240  0.0242  0.0235  0.0235  0.0237  0.0237  0.0237  0.0236  0.0235  0.0235  0.0236
  0.0245  0.0244  0.0246  0.0237  0.0238  0.0247  0.0241  0.0243  0.0241  0.0239  0.0237  0.0238
  0.0253  0.0250  0.0251  0.0244  0.0246  0.0264  0.0249  0.0253  0.0247  0.0245  0.0239  0.0242
niter,ni,del,rscale     5    3    5.0000    0.8000
parameters
    1.7010   33.4973   -3.4553   -6.6025  -26.7979  -16.3105
    0.4850    4.5057   -2.3567   30.0029   -3.0145  -32.1105
eta,q 0.97648  9.68794
  0.0249  0.0248  0.0242  0.0250  0.0249  0.0248  0.0248  0.0255  0.0248  0.0251  0.0240  0.0243
  0.0241  0.0241  0.0237  0.0244  0.0242  0.0243  0.0241  0.0244  0.0241  0.0242  0.0237  0.0238
  0.0236  0.0236  0.0235  0.0238  0.0237  0.0238  0.0237  0.0237  0.0237  0.0237  0.0236  0.0235
  0.0235  0.0235  0.0235  0.0235  0.0235  0.0235  0.0235  0.0235  0.0235  0.0235  0.0235  0.0235
  0.0237  0.0236  0.0237  0.0236  0.0235  0.0235  0.0237  0.0237  0.0237  0.0237  0.0236  0.0236
  0.0242  0.0240  0.0240  0.0242  0.0241  0.0242  0.0241  0.0244  0.0241  0.0241  0.0237  0.0239
  0.0251  0.0248  0.0245  0.0254  0.0251  0.0257  0.0248  0.0255  0.0248  0.0249  0.0240  0.0242
niter,ni,del,rscale     4    3    5.0000    0.7000
parameters
    1.6981   33.5362   -3.6555   -6.4752  -26.7717  -16.4484
    0.4587    4.5173   -2.3236   30.1555   -2.9958  -32.1409
eta,q 0.97649  9.68854
  0.0247  0.0246  0.0240  0.0248  0.0246  0.0246  0.0245  0.0250  0.0245  0.0248  0.0239  0.0241
  0.0240  0.0240  0.0237  0.0243  0.0241  0.0242  0.0240  0.0242  0.0240  0.0241  0.0237  0.0237
  0.0237  0.0237  0.0235  0.0238  0.0237  0.0238  0.0236  0.0237  0.0236  0.0237  0.0236  0.0235
  0.0235  0.0235  0.0235  0.0235  0.0235  0.0235  0.0235  0.0235  0.0235  0.0235  0.0235  0.0235
  0.0237  0.0236  0.0237  0.0235  0.0236  0.0235  0.0236  0.0237  0.0236  0.0236  0.0235  0.0236
  0.0240  0.0239  0.0239  0.0240  0.0240  0.0240  0.0240  0.0242  0.0240  0.0240  0.0237  0.0238
  0.0247  0.0245  0.0243  0.0249  0.0247  0.0250  0.0245  0.0250  0.0245  0.0246  0.0239  0.0240
niter,ni,del,rscale     3    3    5.0000    0.6000
parameters
    1.6913   33.5506   -3.7506   -6.3417  -26.7639  -16.4053
    0.4753    4.5283   -2.3023   30.2171   -2.9624  -32.1744
eta,q 0.97652  9.69186
  0.0244  0.0243  0.0239  0.0246  0.0243  0.0244  0.0242  0.0247  0.0242  0.0244  0.0238  0.0239
  0.0239  0.0239  0.0237  0.0241  0.0239  0.0241  0.0238  0.0240  0.0238  0.0239  0.0236  0.0236
  0.0236  0.0236  0.0235  0.0237  0.0236  0.0237  0.0236  0.0236  0.0236  0.0236  0.0235  0.0235
  0.0235  0.0235  0.0235  0.0235  0.0235  0.0235  0.0235  0.0235  0.0235  0.0235  0.0235  0.0235
  0.0236  0.0236  0.0236  0.0235  0.0236  0.0235  0.0236  0.0236  0.0236  0.0236  0.0235  0.0236
  0.0239  0.0238  0.0238  0.0239  0.0238  0.0238  0.0238  0.0240  0.0238  0.0239  0.0236  0.0237
  0.0244  0.0242  0.0241  0.0245  0.0244  0.0246  0.0242  0.0246  0.0242  0.0243  0.0238  0.0239
niter,ni,del,rscale     2    3    5.0000    0.5000
parameters
    1.6848   33.5471   -3.7366   -6.2255  -26.7346  -16.2149
    0.5200    4.5228   -2.2795   30.2049   -2.9354  -32.1906
eta,q 0.97655  9.69810
  0.0241  0.0240  0.0239  0.0243  0.0241  0.0242  0.0240  0.0243  0.0240  0.0241  0.0237  0.0238
  0.0238  0.0237  0.0236  0.0239  0.0238  0.0239  0.0237  0.0238  0.0237  0.0237  0.0236  0.0236
  0.0236  0.0235  0.0235  0.0236  0.0236  0.0237  0.0235  0.0235  0.0235  0.0235  0.0235  0.0235
  0.0235  0.0235  0.0235  0.0235  0.0235  0.0235  0.0235  0.0235  0.0235  0.0235  0.0235  0.0235
  0.0236  0.0235  0.0235  0.0235  0.0235  0.0235  0.0235  0.0236  0.0235  0.0235  0.0235  0.0235
  0.0238  0.0237  0.0236  0.0238  0.0237  0.0237  0.0237  0.0238  0.0237  0.0237  0.0235  0.0236
  0.0241  0.0240  0.0238  0.0242  0.0241  0.0242  0.0240  0.0243  0.0240  0.0241  0.0237  0.0237
niter,ni,del,rscale     1    3    5.0000    0.4000
parameters
    1.6749   33.5225   -3.6416   -6.1427  -26.6805  -15.9240
    0.5538    4.5098   -2.2678   30.1278   -2.9001  -32.2019
eta,q 0.97657  9.70628
  0.0238  0.0238  0.0237  0.0240  0.0239  0.0240  0.0238  0.0240  0.0238  0.0238  0.0236  0.0236
  0.0236  0.0236  0.0236  0.0237  0.0237  0.0238  0.0236  0.0237  0.0236  0.0236  0.0235  0.0235
  0.0235  0.0235  0.0235  0.0235  0.0235  0.0236  0.0235  0.0235  0.0235  0.0235  0.0234  0.0234
  0.0235  0.0235  0.0235  0.0235  0.0234  0.0234  0.0234  0.0234  0.0234  0.0234  0.0234  0.0234
  0.0235  0.0235  0.0235  0.0235  0.0235  0.0234  0.0235  0.0235  0.0235  0.0235  0.0234  0.0235
  0.0236  0.0236  0.0235  0.0236  0.0236  0.0236  0.0236  0.0237  0.0236  0.0236  0.0235  0.0235
  0.0239  0.0238  0.0236  0.0240  0.0238  0.0239  0.0238  0.0240  0.0238  0.0239  0.0236  0.0236
registration optimization eta report
parameter search radius
    0.8000    0.8000    0.9200    2.4000    2.4000    2.4000
    2.4000    2.4000    2.4000    2.4000    2.4000    2.4000
100000*second partial in parameter space
       63.       53.       29.        9.        7.        9.
        6.       10.        6.        7.        2.        3.
  0.0238  0.0238  0.0237  0.0240  0.0239  0.0240  0.0238  0.0240  0.0238  0.0238  0.0236  0.0236
  0.0236  0.0236  0.0236  0.0237  0.0237  0.0238  0.0236  0.0237  0.0236  0.0236  0.0235  0.0235
  0.0235  0.0235  0.0235  0.0235  0.0235  0.0236  0.0235  0.0235  0.0235  0.0235  0.0234  0.0234
  0.0235  0.0235  0.0235  0.0235  0.0234  0.0234  0.0234  0.0234  0.0234  0.0234  0.0234  0.0234
  0.0235  0.0235  0.0235  0.0235  0.0235  0.0234  0.0235  0.0235  0.0235  0.0235  0.0234  0.0235
  0.0236  0.0236  0.0235  0.0236  0.0236  0.0236  0.0236  0.0237  0.0236  0.0236  0.0235  0.0235
  0.0239  0.0238  0.0236  0.0240  0.0238  0.0239  0.0238  0.0240  0.0238  0.0239  0.0236  0.0236
    1.6749   33.5225   -3.6416   -6.1427  -26.6805  -15.9240
    0.5538    4.5098   -2.2678   30.1278   -2.9001  -32.2019
eta,q 0.97657  9.70628

---------------------------------------------------------------------
imgreg_4dfp /opt/freesurfer/average/711-2C_as_mni_average_305 /opt/freesurfer/average/711-2B_as_mni_average_305_mask talsrcimg_g11 none talsrcimg_to_711-2C_as_mni_average_305_t4 2311
---------------------------------------------------------------------

freesurfer imgreg_4dfp.c
/opt/freesurfer/average/711-2C_as_mni_average_305.4dfp.img
       256       256       256         1
  1.000000  1.000000  1.000000
orientation T byte_order littleendian
Reading image: /opt/freesurfer/average/711-2C_as_mni_average_305.4dfp.img
dimensions:      256       256       256
mmppix:       1.0000   -1.0000   -1.0000
center:     128.0000 -129.0000 -129.0000
/opt/freesurfer/average/711-2B_as_mni_average_305_mask.4dfp.img
       256       256       256         1
  1.000000  1.000000  1.000000
orientation T byte_order littleendian
Reading mask: /opt/freesurfer/average/711-2B_as_mni_average_305_mask.4dfp.img (2306576 pixels)
talsrcimg_g11.4dfp.img
       256       256       256         1
  1.000000  1.000000  1.000000
orientation T byte_order littleendian
Reading image: talsrcimg_g11.4dfp.img
dimensions:      256       256       256
mmppix:       1.0000   -1.0000   -1.0000
center:     128.0000 -129.0000 -129.0000
fimgreg.f
image alignment mode   2311 decimal      907 hex
parameters
    1.6749   33.5225   -3.6416   -6.1427  -26.6805  -15.9240
    0.5538    4.5098   -2.2678   30.1278   -2.9001  -32.2019
eta,q 0.97657  9.70628
niter,ni,del,rscale     5    3    5.0000    0.8000
parameters
    1.6652   33.4859   -3.4536   -6.5635  -26.8471  -16.2874
    0.4959    4.4760   -2.3219   30.0252   -2.9878  -32.1586
eta,q 0.97648  9.68883
  0.0250  0.0247  0.0243  0.0249  0.0248  0.0248  0.0248  0.0254  0.0248  0.0250  0.0240  0.0243
  0.0241  0.0240  0.0239  0.0242  0.0241  0.0243  0.0241  0.0244  0.0241  0.0241  0.0237  0.0238
  0.0236  0.0236  0.0236  0.0237  0.0237  0.0238  0.0237  0.0237  0.0236  0.0237  0.0236  0.0235
  0.0234  0.0234  0.0234  0.0234  0.0234  0.0234  0.0235  0.0235  0.0235  0.0235  0.0235  0.0235
  0.0236  0.0236  0.0235  0.0237  0.0236  0.0235  0.0237  0.0238  0.0237  0.0237  0.0236  0.0236
  0.0242  0.0241  0.0237  0.0245  0.0242  0.0243  0.0241  0.0244  0.0241  0.0242  0.0237  0.0239
  0.0251  0.0248  0.0240  0.0257  0.0252  0.0258  0.0248  0.0255  0.0248  0.0251  0.0240  0.0242
niter,ni,del,rscale     4    3    5.0000    0.7000
parameters
    1.6876   33.5358   -3.6664   -6.4681  -26.7973  -16.4585
    0.4639    4.5052   -2.3159   30.1684   -2.9897  -32.1596
eta,q 0.97650  9.68801
  0.0247  0.0246  0.0239  0.0248  0.0246  0.0246  0.0245  0.0251  0.0245  0.0248  0.0239  0.0241
  0.0241  0.0240  0.0236  0.0243  0.0241  0.0242  0.0240  0.0242  0.0240  0.0241  0.0237  0.0237
  0.0237  0.0237  0.0235  0.0238  0.0237  0.0238  0.0236  0.0237  0.0236  0.0237  0.0236  0.0235
  0.0235  0.0235  0.0235  0.0235  0.0235  0.0235  0.0235  0.0235  0.0235  0.0235  0.0235  0.0235
  0.0236  0.0236  0.0236  0.0235  0.0236  0.0235  0.0236  0.0237  0.0236  0.0236  0.0235  0.0236
  0.0240  0.0239  0.0239  0.0240  0.0239  0.0240  0.0240  0.0242  0.0240  0.0240  0.0237  0.0238
  0.0247  0.0245  0.0242  0.0249  0.0247  0.0251  0.0245  0.0250  0.0245  0.0246  0.0239  0.0240
niter,ni,del,rscale     3    3    5.0000    0.6000
parameters
    1.6876   33.5563   -3.7634   -6.3394  -26.7739  -16.4258
    0.4742    4.5248   -2.2910   30.2410   -2.9604  -32.1732
eta,q 0.97652  9.69144
  0.0244  0.0243  0.0238  0.0245  0.0244  0.0244  0.0242  0.0247  0.0243  0.0244  0.0238  0.0239
  0.0239  0.0239  0.0236  0.0241  0.0239  0.0241  0.0238  0.0240  0.0238  0.0239  0.0236  0.0236
  0.0236  0.0236  0.0235  0.0237  0.0236  0.0237  0.0236  0.0236  0.0236  0.0236  0.0235  0.0235
  0.0235  0.0235  0.0235  0.0235  0.0235  0.0235  0.0235  0.0235  0.0235  0.0235  0.0235  0.0235
  0.0236  0.0236  0.0236  0.0235  0.0236  0.0235  0.0236  0.0236  0.0236  0.0236  0.0235  0.0236
  0.0239  0.0238  0.0237  0.0239  0.0238  0.0238  0.0238  0.0240  0.0238  0.0239  0.0236  0.0237
  0.0244  0.0242  0.0239  0.0245  0.0244  0.0246  0.0242  0.0246  0.0242  0.0243  0.0238  0.0239
niter,ni,del,rscale     2    3    5.0000    0.5000
parameters
    1.6831   33.5499   -3.7558   -6.2210  -26.7402  -16.2379
    0.5081    4.5188   -2.2819   30.2103   -2.9361  -32.1857
eta,q 0.97655  9.69734
  0.0241  0.0240  0.0238  0.0243  0.0241  0.0242  0.0240  0.0243  0.0240  0.0241  0.0237  0.0238
  0.0238  0.0237  0.0236  0.0239  0.0238  0.0239  0.0237  0.0238  0.0237  0.0237  0.0236  0.0236
  0.0236  0.0235  0.0235  0.0236  0.0236  0.0237  0.0235  0.0235  0.0235  0.0235  0.0235  0.0235
  0.0235  0.0235  0.0235  0.0235  0.0235  0.0235  0.0235  0.0235  0.0235  0.0235  0.0235  0.0235
  0.0236  0.0236  0.0235  0.0235  0.0235  0.0235  0.0235  0.0236  0.0235  0.0235  0.0235  0.0235
  0.0238  0.0237  0.0236  0.0238  0.0237  0.0237  0.0237  0.0238  0.0237  0.0237  0.0236  0.0236
  0.0241  0.0240  0.0237  0.0242  0.0241  0.0242  0.0240  0.0243  0.0240  0.0241  0.0237  0.0237
niter,ni,del,rscale     1    3    5.0000    0.4000
parameters
    1.6752   33.5223   -3.6640   -6.1374  -26.6863  -15.9590
    0.5657    4.5179   -2.2671   30.1305   -2.9035  -32.2013
eta,q 0.97657  9.70537
  0.0239  0.0238  0.0237  0.0240  0.0239  0.0240  0.0238  0.0240  0.0238  0.0238  0.0236  0.0236
  0.0236  0.0236  0.0236  0.0237  0.0236  0.0238  0.0236  0.0237  0.0236  0.0236  0.0235  0.0235
  0.0235  0.0235  0.0235  0.0235  0.0235  0.0236  0.0235  0.0235  0.0235  0.0235  0.0234  0.0234
  0.0235  0.0235  0.0235  0.0235  0.0235  0.0234  0.0234  0.0234  0.0234  0.0234  0.0234  0.0234
  0.0235  0.0235  0.0235  0.0235  0.0235  0.0234  0.0235  0.0235  0.0235  0.0235  0.0234  0.0235
  0.0236  0.0236  0.0235  0.0237  0.0236  0.0236  0.0236  0.0237  0.0236  0.0236  0.0235  0.0235
  0.0239  0.0238  0.0236  0.0240  0.0238  0.0239  0.0238  0.0240  0.0238  0.0239  0.0236  0.0236
registration optimization eta report
parameter search radius
    0.8000    0.8000    0.8000    2.4000    2.4000    2.4000
    2.4000    2.4000    2.4000    2.4000    2.4000    2.4000
100000*second partial in parameter space
       63.       54.       28.        9.        7.        9.
        6.       10.        6.        7.        3.        4.
  0.0239  0.0238  0.0237  0.0240  0.0239  0.0240  0.0238  0.0240  0.0238  0.0238  0.0236  0.0236
  0.0236  0.0236  0.0236  0.0237  0.0236  0.0238  0.0236  0.0237  0.0236  0.0236  0.0235  0.0235
  0.0235  0.0235  0.0235  0.0235  0.0235  0.0236  0.0235  0.0235  0.0235  0.0235  0.0234  0.0234
  0.0235  0.0235  0.0235  0.0235  0.0235  0.0234  0.0234  0.0234  0.0234  0.0234  0.0234  0.0234
  0.0235  0.0235  0.0235  0.0235  0.0235  0.0234  0.0235  0.0235  0.0235  0.0235  0.0234  0.0235
  0.0236  0.0236  0.0235  0.0237  0.0236  0.0236  0.0236  0.0237  0.0236  0.0236  0.0235  0.0235
  0.0239  0.0238  0.0236  0.0240  0.0238  0.0239  0.0238  0.0240  0.0238  0.0239  0.0236  0.0236
    1.6752   33.5223   -3.6640   -6.1374  -26.6863  -15.9590
    0.5657    4.5179   -2.2671   30.1305   -2.9035  -32.2013
eta,q 0.97657  9.70537

---------------------------------------------------------------------
compute_vox2vox talsrcimg talsrcimg_to_711-2C_as_mni_average_305_t4 /opt/freesurfer/average/711-2C_as_mni_average_305
---------------------------------------------------------------------

freesurfer compute_vox2vox.c
Reading: talsrcimg.4dfp.ifh
Reading: talsrcimg_to_711-2C_as_mni_average_305_t4
Reading: /opt/freesurfer/average/711-2C_as_mni_average_305.4dfp.ifh
Writing: talsrcimg_to_711-2C_as_mni_average_305_t4_vox2vox.txt

start time Mon Mar 9 06:22:48 CET 2026
end		time Mon Mar 9 06:23:02 CET 2026

mpr2mni305 success

avi2talxfm orig_nu.mgz /opt/freesurfer/average/mni305.cor.mgz talsrcimg_to_711-2C_as_mni_average_305_t4_vox2vox.txt transforms/talairach.auto.xfm
avi2talxfm done
mv -f /out/sourcedata/freesurfer/sub-v1s18x0051260_ses-1/mri/talsrcimg_to_711-2C_as_mni_average_305_t4_vox2vox.txt /out/sourcedata/freesurfer/sub-v1s18x0051260_ses-1/mri/transforms/talsrcimg_to_711-2C_as_mni_average_305_t4_vox2vox.txt
lta_convert --src orig_nu.mgz --trg /opt/freesurfer/average/mni305.cor.mgz --inxfm transforms/talairach.auto.xfm --outlta transforms/talairach.auto.xfm.lta --subject fsaverage
7.3.2

--src: orig_nu.mgz src image (geometry).
--trg: /opt/freesurfer/average/mni305.cor.mgz trg image (geometry).
--inmni: transforms/talairach.auto.xfm input MNI/XFM transform.
--outlta: transforms/talairach.auto.xfm.lta output LTA.
--s: fsaverage subject name
 LTA read, type : 1
 1.06324  -0.04684  -0.02878  -0.49120;
 0.04262   1.02613   0.45038  -37.71954;
 0.01536  -0.42317   1.17802  -31.99069;
 0.00000   0.00000   0.00000   1.00000;
setting subject to fsaverage
Writing  LTA to file transforms/talairach.auto.xfm.lta...
lta_convert successful.
 
 
Started at Mon Mar 9 06:22:48 CET 2026
Ended   at Mon Mar  9 06:23:02 CET 2026
talairach_avi done
