status file for recon-all
Mon Mar  9 07:48:31 CET 2026
#@# Tessellate lh Mon Mar  9 07:48:31 CET 2026
#@# Smooth1 lh Mon Mar  9 07:48:34 CET 2026
#@# Inflation1 lh Mon Mar  9 07:48:37 CET 2026
#@# QSphere lh Mon Mar  9 07:48:47 CET 2026
#@# Fix Topology lh Mon Mar  9 07:49:48 CET 2026
#@# Smooth2 lh Mon Mar  9 07:54:27 CET 2026
#@# Inflation2 lh Mon Mar  9 07:54:30 CET 2026
#@# Curv .H and .K lh Mon Mar  9 07:54:42 CET 2026
#@# Sphere lh Mon Mar  9 07:55:23 CET 2026
#@# Surf Reg lh Mon Mar  9 07:57:02 CET 2026
#@# Jacobian white lh Mon Mar  9 08:00:20 CET 2026
#@# AvgCurv lh Mon Mar  9 08:00:21 CET 2026
#@# Cortical Parc lh Mon Mar  9 08:00:22 CET 2026
#@# white curv lh Mon Mar  9 08:05:54 CET 2026
#@# white area lh Mon Mar  9 08:05:56 CET 2026
#@# pial curv lh Mon Mar  9 08:05:56 CET 2026
#@# pial area lh Mon Mar  9 08:05:58 CET 2026
#@# thickness lh Mon Mar  9 08:05:58 CET 2026
#@# area and vertex vol lh Mon Mar  9 08:06:24 CET 2026
#@# Curvature Stats lh Mon Mar  9 08:06:25 CET 2026
#@# Cortical Parc 2 lh Mon Mar  9 08:06:27 CET 2026
#@# Cortical Parc 3 lh Mon Mar  9 08:06:39 CET 2026
#@# WM/GM Contrast lh Mon Mar  9 08:06:48 CET 2026
recon-all -s sub-v1s18x0051255_ses-1 finished without error at Mon Mar  9 08:06:51 CET 2026



#New# invocation of recon-all 



status file for recon-all
Mon Mar  9 08:29:23 CET 2026
#@# white curv lh Mon Mar  9 08:29:23 CET 2026
#@# white area lh Mon Mar  9 08:29:23 CET 2026
#@# pial curv lh Mon Mar  9 08:29:23 CET 2026
#@# pial area lh Mon Mar  9 08:29:23 CET 2026
#@# thickness lh Mon Mar  9 08:29:23 CET 2026
#@# area and vertex vol lh Mon Mar  9 08:29:23 CET 2026
#@# Parcellation Stats lh Mon Mar  9 08:29:23 CET 2026
#@# Parcellation Stats 2 lh Mon Mar  9 08:29:39 CET 2026
#@# Parcellation Stats 3 lh Mon Mar  9 08:29:47 CET 2026
#@# BA_exvivo Labels lh Mon Mar  9 08:29:54 CET 2026
recon-all -s sub-v1s18x0051255_ses-1 finished without error at Mon Mar  9 08:32:12 CET 2026
