status file for recon-all
Mon Mar  9 08:06:55 CET 2026
#@# Tessellate rh Mon Mar  9 08:06:55 CET 2026
#@# Smooth1 rh Mon Mar  9 08:06:58 CET 2026
#@# Inflation1 rh Mon Mar  9 08:07:01 CET 2026
#@# QSphere rh Mon Mar  9 08:07:12 CET 2026
#@# Fix Topology rh Mon Mar  9 08:08:08 CET 2026
#@# Smooth2 rh Mon Mar  9 08:12:42 CET 2026
#@# Inflation2 rh Mon Mar  9 08:12:45 CET 2026
#@# Curv .H and .K rh Mon Mar  9 08:12:56 CET 2026
#@# Sphere rh Mon Mar  9 08:13:37 CET 2026
#@# Surf Reg rh Mon Mar  9 08:15:27 CET 2026
#@# Jacobian white rh Mon Mar  9 08:18:42 CET 2026
#@# AvgCurv rh Mon Mar  9 08:18:42 CET 2026
#@# Cortical Parc rh Mon Mar  9 08:18:43 CET 2026
#@# white curv rh Mon Mar  9 08:24:14 CET 2026
#@# white area rh Mon Mar  9 08:24:15 CET 2026
#@# pial curv rh Mon Mar  9 08:24:16 CET 2026
#@# pial area rh Mon Mar  9 08:24:17 CET 2026
#@# thickness rh Mon Mar  9 08:24:18 CET 2026
#@# area and vertex vol rh Mon Mar  9 08:24:42 CET 2026
#@# Curvature Stats rh Mon Mar  9 08:24:43 CET 2026
#@# Cortical Parc 2 rh Mon Mar  9 08:24:46 CET 2026
#@# Cortical Parc 3 rh Mon Mar  9 08:24:57 CET 2026
#@# WM/GM Contrast rh Mon Mar  9 08:25:06 CET 2026
recon-all -s sub-v1s18x0051255_ses-1 finished without error at Mon Mar  9 08:25:09 CET 2026



#New# invocation of recon-all 



status file for recon-all
Mon Mar  9 08:32:13 CET 2026
#@# white curv rh Mon Mar  9 08:32:13 CET 2026
#@# white area rh Mon Mar  9 08:32:13 CET 2026
#@# pial curv rh Mon Mar  9 08:32:13 CET 2026
#@# pial area rh Mon Mar  9 08:32:13 CET 2026
#@# thickness rh Mon Mar  9 08:32:13 CET 2026
#@# area and vertex vol rh Mon Mar  9 08:32:13 CET 2026
#@# Parcellation Stats rh Mon Mar  9 08:32:13 CET 2026
#@# Parcellation Stats 2 rh Mon Mar  9 08:32:29 CET 2026
#@# Parcellation Stats 3 rh Mon Mar  9 08:32:37 CET 2026
#@# BA_exvivo Labels rh Mon Mar  9 08:32:44 CET 2026
recon-all -s sub-v1s18x0051255_ses-1 finished without error at Mon Mar  9 08:34:59 CET 2026
