Log file for defect2seg
Mon Mar  9 07:08:05 CET 2026

setenv SUBJECTS_DIR /out/sourcedata/freesurfer
cd /out/sourcedata/freesurfer/sub-v1s18x0051238_ses-1/scripts
/opt/freesurfer/bin/defect2seg --s sub-v1s18x0051238_ses-1 --rh-only --cortex

freesurfer-linux-ubuntu22_x86_64-7.3.2-20220804-6354275
defect2seg 7.3.2
Linux dna070 5.14.0-427.37.1.el9_4.x86_64 #1 SMP PREEMPT_DYNAMIC Fri Sep 13 12:41:50 EDT 2024 x86_64 x86_64 x86_64 GNU/Linux
pid 1879368
mri_label2label --label-cortex /out/sourcedata/freesurfer/sub-v1s18x0051238_ses-1/surf/rh.orig.nofix /out/sourcedata/freesurfer/sub-v1s18x0051238_ses-1/mri/aseg.presurf.mgz 0 /out/sourcedata/freesurfer/sub-v1s18x0051238_ses-1/label/rh.nofix.cortex.label

 Generating cortex label... RemoveHipAmgy=0
 NucAccIsMedialWall=0
 mris->useRealRAS=0
24 non-cortical segments detected
only using segment with 7660 vertices
erasing segment 1 (vno[0] = 72385)
erasing segment 2 (vno[0] = 73280)
erasing segment 3 (vno[0] = 75606)
erasing segment 4 (vno[0] = 77744)
erasing segment 5 (vno[0] = 80955)
erasing segment 6 (vno[0] = 89628)
erasing segment 7 (vno[0] = 98260)
erasing segment 8 (vno[0] = 106389)
erasing segment 9 (vno[0] = 108151)
erasing segment 10 (vno[0] = 108153)
erasing segment 11 (vno[0] = 110373)
erasing segment 12 (vno[0] = 110439)
erasing segment 13 (vno[0] = 111435)
erasing segment 14 (vno[0] = 111565)
erasing segment 15 (vno[0] = 115110)
erasing segment 16 (vno[0] = 115694)
erasing segment 17 (vno[0] = 120143)
erasing segment 18 (vno[0] = 120704)
erasing segment 19 (vno[0] = 122559)
erasing segment 20 (vno[0] = 123495)
erasing segment 21 (vno[0] = 124320)
erasing segment 22 (vno[0] = 124331)
erasing segment 23 (vno[0] = 125159)
mri_label2vol --defects /out/sourcedata/freesurfer/sub-v1s18x0051238_ses-1/surf/rh.orig.nofix /out/sourcedata/freesurfer/sub-v1s18x0051238_ses-1/surf/rh.defect_labels /out/sourcedata/freesurfer/sub-v1s18x0051238_ses-1/mri/orig.mgz 2000 0 /out/sourcedata/freesurfer/sub-v1s18x0051238_ses-1/mri/rh.surface.defects.mgz /out/sourcedata/freesurfer/sub-v1s18x0051238_ses-1/label/rh.nofix.cortex.label
mri_label2vol supposed to be reproducible but seed not set
Contraining to label /out/sourcedata/freesurfer/sub-v1s18x0051238_ses-1/label/rh.nofix.cortex.label
Changing input type 0 to MRI_INT
Converting defects to volume: offset=2000, merge=0
Writing to /out/sourcedata/freesurfer/sub-v1s18x0051238_ses-1/mri/rh.surface.defects.mgz
mris_defects_pointset -s /out/sourcedata/freesurfer/sub-v1s18x0051238_ses-1/surf/rh.orig.nofix -d /out/sourcedata/freesurfer/sub-v1s18x0051238_ses-1/surf/rh.defect_labels -o /out/sourcedata/freesurfer/sub-v1s18x0051238_ses-1/surf/rh.defects.pointset --label /out/sourcedata/freesurfer/sub-v1s18x0051238_ses-1/label/rh.nofix.cortex.label
Reading in surface /out/sourcedata/freesurfer/sub-v1s18x0051238_ses-1/surf/rh.orig.nofix
Reading in defect segmentation /out/sourcedata/freesurfer/sub-v1s18x0051238_ses-1/surf/rh.defect_labels
Reading in label /out/sourcedata/freesurfer/sub-v1s18x0051238_ses-1/label/rh.nofix.cortex.label
#VMPC# mris_defects_pointset 1563236
mris_defects_pointset done
 
Started at Mon Mar 9 07:08:05 CET 2026 
Ended   at Mon Mar  9 07:08:15 CET 2026
Defect2seg-Run-Time-Sec 10
Defect2seg-Run-Time-Min 0.20
Defect2seg-Run-Time-Hours 0.00
 
defect2seg Done
