status file for recon-all
Mon Mar  9 06:47:10 CET 2026
#@# Tessellate lh Mon Mar  9 06:47:10 CET 2026
#@# Smooth1 lh Mon Mar  9 06:47:12 CET 2026
#@# Inflation1 lh Mon Mar  9 06:47:14 CET 2026
#@# QSphere lh Mon Mar  9 06:47:22 CET 2026
#@# Fix Topology lh Mon Mar  9 06:48:00 CET 2026
#@# Smooth2 lh Mon Mar  9 06:52:43 CET 2026
#@# Inflation2 lh Mon Mar  9 06:52:45 CET 2026
#@# Curv .H and .K lh Mon Mar  9 06:52:53 CET 2026
#@# Sphere lh Mon Mar  9 06:53:31 CET 2026
#@# Surf Reg lh Mon Mar  9 06:56:26 CET 2026
#@# Jacobian white lh Mon Mar  9 06:59:21 CET 2026
#@# AvgCurv lh Mon Mar  9 06:59:22 CET 2026
#@# Cortical Parc lh Mon Mar  9 06:59:22 CET 2026
#@# white curv lh Mon Mar  9 07:05:15 CET 2026
#@# white area lh Mon Mar  9 07:05:16 CET 2026
#@# pial curv lh Mon Mar  9 07:05:17 CET 2026
#@# pial area lh Mon Mar  9 07:05:18 CET 2026
#@# thickness lh Mon Mar  9 07:05:18 CET 2026
#@# area and vertex vol lh Mon Mar  9 07:05:39 CET 2026
#@# Curvature Stats lh Mon Mar  9 07:05:40 CET 2026
#@# Cortical Parc 2 lh Mon Mar  9 07:05:41 CET 2026
#@# Cortical Parc 3 lh Mon Mar  9 07:05:51 CET 2026
#@# WM/GM Contrast lh Mon Mar  9 07:05:58 CET 2026
recon-all -s sub-v1s18x0051238_ses-1 finished without error at Mon Mar  9 07:06:00 CET 2026



#New# invocation of recon-all 



status file for recon-all
Mon Mar  9 07:29:08 CET 2026
#@# white curv lh Mon Mar  9 07:29:08 CET 2026
#@# white area lh Mon Mar  9 07:29:08 CET 2026
#@# pial curv lh Mon Mar  9 07:29:08 CET 2026
#@# pial area lh Mon Mar  9 07:29:08 CET 2026
#@# thickness lh Mon Mar  9 07:29:08 CET 2026
#@# area and vertex vol lh Mon Mar  9 07:29:08 CET 2026
#@# Parcellation Stats lh Mon Mar  9 07:29:08 CET 2026
#@# Parcellation Stats 2 lh Mon Mar  9 07:29:23 CET 2026
#@# Parcellation Stats 3 lh Mon Mar  9 07:29:31 CET 2026
#@# BA_exvivo Labels lh Mon Mar  9 07:29:39 CET 2026
recon-all -s sub-v1s18x0051238_ses-1 finished without error at Mon Mar  9 07:31:29 CET 2026
