status file for recon-all
Mon Mar  9 05:42:28 CET 2026
#@# Tessellate rh Mon Mar  9 05:42:28 CET 2026
#@# Smooth1 rh Mon Mar  9 05:42:31 CET 2026
#@# Inflation1 rh Mon Mar  9 05:42:33 CET 2026
#@# QSphere rh Mon Mar  9 05:42:51 CET 2026
#@# Fix Topology rh Mon Mar  9 05:43:51 CET 2026
#@# Smooth2 rh Mon Mar  9 05:49:34 CET 2026
#@# Inflation2 rh Mon Mar  9 05:49:37 CET 2026
#@# Curv .H and .K rh Mon Mar  9 05:49:53 CET 2026
#@# Sphere rh Mon Mar  9 05:50:36 CET 2026
#@# Surf Reg rh Mon Mar  9 05:53:30 CET 2026
#@# Jacobian white rh Mon Mar  9 05:58:40 CET 2026
#@# AvgCurv rh Mon Mar  9 05:58:41 CET 2026
#@# Cortical Parc rh Mon Mar  9 05:58:42 CET 2026
#@# white curv rh Mon Mar  9 06:06:05 CET 2026
#@# white area rh Mon Mar  9 06:06:07 CET 2026
#@# pial curv rh Mon Mar  9 06:06:08 CET 2026
#@# pial area rh Mon Mar  9 06:06:09 CET 2026
#@# thickness rh Mon Mar  9 06:06:10 CET 2026
#@# area and vertex vol rh Mon Mar  9 06:06:33 CET 2026
#@# Curvature Stats rh Mon Mar  9 06:06:35 CET 2026
#@# Cortical Parc 2 rh Mon Mar  9 06:06:37 CET 2026
#@# Cortical Parc 3 rh Mon Mar  9 06:06:49 CET 2026
#@# WM/GM Contrast rh Mon Mar  9 06:06:58 CET 2026
recon-all -s sub-v1s18x0051206_ses-1 finished without error at Mon Mar  9 06:07:00 CET 2026



#New# invocation of recon-all 



status file for recon-all
Mon Mar  9 06:16:15 CET 2026
#@# white curv rh Mon Mar  9 06:16:15 CET 2026
#@# white area rh Mon Mar  9 06:16:15 CET 2026
#@# pial curv rh Mon Mar  9 06:16:15 CET 2026
#@# pial area rh Mon Mar  9 06:16:15 CET 2026
#@# thickness rh Mon Mar  9 06:16:15 CET 2026
#@# area and vertex vol rh Mon Mar  9 06:16:15 CET 2026
#@# Parcellation Stats rh Mon Mar  9 06:16:15 CET 2026
#@# Parcellation Stats 2 rh Mon Mar  9 06:16:35 CET 2026
#@# Parcellation Stats 3 rh Mon Mar  9 06:16:45 CET 2026
#@# BA_exvivo Labels rh Mon Mar  9 06:16:55 CET 2026
recon-all -s sub-v1s18x0051206_ses-1 finished without error at Mon Mar  9 06:19:24 CET 2026
