1773039741.244309229s 1 08ee2ff8-e047-40f6-80f4-5663c15e93b6
1773047037.810472023s 1 115fda3c-8150-441a-8d78-ebe4950c1fdb
1773037201.149878594s 1 1328c0c6-9fba-45db-9631-320339171b09
1773038015.255953922s 1 1466fcda-7e26-425b-a1a8-033d754b6d7a
1773038289.297232466s 1 14d15770-079c-4df4-bc9d-0d715e33d183
1773047177.563575297s 1 1707477f-ea2a-41a0-81e9-57c97da956b3
1773037094.994894743s 1 1737f480-c70f-4fdc-b5b9-c660e573f9f3
1773038478.016393548s 1 182a54a9-d588-4a6f-a4dc-913d717df85b
1773041579.097640024s 1 1aa8fcb4-c2ab-4bcd-a164-40a54163eb06
1773042038.068402055s 1 1e12b621-fe4a-4d2b-95c9-ec4b33d9fb27
1773047888.200356502s 1 2371cf94-44f6-4d37-8a61-62424cdb661c
1773036628.078926698s 1 23b0574e-92ba-43e6-b5e4-2933a3eaadae
1773046595.40876823s 1 2d69863a-ec8a-4006-8d82-560c0c8f38e7
1773038775.431425019s 1 3796f088-739f-42a5-9cec-fce3e003d446
1773041511.716940982s 1 38aa3ce6-c47a-4e1f-b062-a6e3161991ef
1773038039.090398676s 1 3b09ea42-d05c-4663-bf4b-a58ba01d1dbc
1773050847.352347913s 1 3db981f2-1cb0-42b9-92d4-2146dc96c2ba
1773047327.183067086s 1 3e00fa00-169b-4288-ba2b-fa68828e7d60
1773037032.246163149s 1 3eba572b-7fa5-4de3-b6a3-937a79737ddb
1773043858.765950795s 1 426b60c8-80b5-4aae-9f6e-5f4f8251fd8c
1773052105.988325851s 1 42980d64-2637-42ae-91fe-52a004792d56
1773042479.998973136s 1 45d3981b-5205-4ab4-9e3e-83941e779ba3
1773049607.646765969s 1 46a5ed3e-9418-4f5c-ae89-d59d16b7c8fb
1773038567.278306357s 1 4e67acbd-d6ed-4ab2-8956-b9181ae348a8
1773038000.013414359s 1 5161eae3-8dcc-4683-9d52-6a568856a101
1773038565.898790174s 1 52d3e08b-a35c-4617-a723-efc04c77620b
1773044622.186123371s 1 52f8aa3c-2943-43da-9f7d-468d309dbea8
1773048206.938605127s 1 5cffc29e-2e6e-4005-a5c9-a2bd516cbd13
1773040309.233137803s 1 5ec25afd-0def-4363-bda1-9ace56ae38dd
1773036659.060604398s 1 64312cb0-56f9-4c0e-b148-0783ab1b5491
1773049618.260069438s 1 653e5381-cefb-4f93-b13d-9fc2311b6f23
1773041698.358259389s 1 685f52ec-7d48-4283-b43f-be3eb6c0b9ec
1773039933.465319826s 1 688837fa-e76f-411b-88ee-c5c75ac3f3dc
1773048207.332392183s 1 69838a8a-b544-44e9-aa59-7d0227b8993e
1773039114.606034449s 1 6aa298e8-11c0-4695-bc79-a8e77284ea6d
1773043438.611076638s 1 71858f88-72be-4281-a934-5c066d7c5519
1773047714.381893824s 1 79b3fb21-07ee-4db5-91e5-0d295ce13ebf
1773052112.833171967s 1 79e57fa4-b3db-45dd-add8-e1be07a0ebe4
1773048702.632013267s 1 872089ff-b9ab-4074-b3ae-6dd0d8a7f2d2
1773326437.647620786s 1 90026738-8a58-44a2-bede-22bcbce6fc95
1773050109.871709977s 1 91343bbb-8b03-48d8-baea-a11126616fff
1773040205.261180232s 1 93198f39-edd6-43c1-9a69-1cc416d7475a
1773045949.706157818s 1 9a051c59-0c1c-4dd8-bae2-b048fc88c4cd
1773048266.169467547s 1 a5577371-7a19-4833-9f34-60a42bd45267
1773038976.752678508s 1 a8c122dd-7789-4b8d-8b8b-1d35b8142d02
1773041988.063048154s 1 af917d6c-a327-48a5-91f4-b27ba35fd929
1773045540.579581869s 1 b37e979e-6be2-41b0-adba-e9639d915894
1773037296.511394178s 1 b385d014-b20c-47f7-929b-9bcfb2d39b3f
1773042119.815533389s 1 b616a17a-c804-4030-be1e-8289ff19a95a
1773052516.079476708s 1 b8bf8cc5-f28a-4c02-bf84-00e7cffa01c2
1773037418.254577575s 1 bba86d6a-63e5-4b16-896f-2338f389244d
1773046025.715726137s 1 be08eaef-2973-4c83-9231-55bb1921ebd5
1773042113.27653557s 1 bff0943b-38cc-41b9-8023-04c7ac6077b4
1773035598.611398755s 1 ca8ceffd-9aa8-4129-8ae2-aaaee54583d0
1773037424.104581863s 1 cc7a339a-13e7-4460-b86c-881092211e8c
1773044327.671542668s 1 cdb66ec7-1766-46f9-bbc4-3cea337e576d
1773046759.885997856s 1 d9de4424-5749-4990-afa1-dc6db77a4024
1773050765.731215994s 1 da9e5372-e32c-40e9-a4b2-866d963b4ca0
1773050585.975515145s 1 dedc981b-604d-4a97-84fb-5d548d7d6b9a
1773049859.096955421s 1 df5210ae-5bef-45e9-878f-46116c0c1ed8
1773051257.292768459s 1 e0787baf-e46d-4ac9-834f-ec55824b99a6
1773043694.341637672s 1 ea75d48a-df0a-4b54-be00-58a8a61ceecb
1773039390.990485074s 1 eb520e3d-da1d-425b-a957-55b7470c378b
1773039822.747969447s 1 f21b18b9-de99-4a22-aad4-9d66565e18fb
1773042602.391581156s 1 f3f3592c-7edf-4db1-befc-ab4ae5b0394f
1773040888.180257602s 1 f9c14a87-fc90-4fe7-b913-7d2d17bc2716
1773038259.020885051s 1 fde0d9e2-24cb-4643-90c7-af8e4100720f
