/out/sourcedata/freesurfer/sub-v1s18x0051276_ses-1/mri
/opt/freesurfer/bin/talairach_avi
--i orig_nu.mgz --xfm transforms/talairach.auto.xfm
talairach_avi 7.3.2
Linux dna030 5.14.0-427.37.1.el9_4.x86_64 #1 SMP PREEMPT_DYNAMIC Fri Sep 13 12:41:50 EDT 2024 x86_64 x86_64 x86_64 GNU/Linux
Thu Mar 12 11:58:31 CET 2026
mri_convert orig_nu.mgz talsrcimg.img 
reading from orig_nu.mgz...
TR=0.00, TE=0.00, TI=0.00, flip angle=0.00
i_ras = (-1, 0, 0)
j_ras = (0, 0, -1)
k_ras = (0, 1, 0)
writing to talsrcimg.img...
Analyze Output Matrix
-1.00000   0.00000   0.00000   127.78387;
 0.00000   0.00000   1.00000  -120.74139;
 0.00000  -1.00000   0.00000   119.10413;
 0.00000   0.00000   0.00000   1.00000;
--------------------
INFO: set hdr.hist.orient to -1
mpr2mni305 talsrcimg
Thu Mar 12 11:58:32 CET 2026
/opt/freesurfer/bin/mpr2mni305 talsrcimg
mpr2mni305 7.3.2
target=711-2C_as_mni_average_305

---------------------------------------------------------------------
analyzeto4dfp talsrcimg -O0 -y
---------------------------------------------------------------------

freesurfer ifh2hdr.c
Thu Mar 12 11:58:32 2026
Writing: talsrcimg.4dfp.hdr
freesurfer analyzeto4dfp.c
Reading: talsrcimg.hdr
header size 348 bytes
hdr.dime.datatype	offset=70	value=2
hdr.dime.bitpix		offset=72	value=8
hdr.hist.orient		offset=252	value=-1
dimensionality     4
dimensions       256       256       256         1
Reading: talsrcimg.img
Writing: talsrcimg.4dfp.img
Writing: talsrcimg.4dfp.ifh
ifh2hdr talsrcimg -r0to245
ori=2

---------------------------------------------------------------------
gauss_4dfp talsrcimg 1.1
---------------------------------------------------------------------

freesurfer gauss_4dfp.c
Reading: talsrcimg.4dfp.img
Writing: talsrcimg_g11.4dfp.img
image dimensions 256 256 256 padded to 288 288 288
processing volume 1freesurfer ifh2hdr.c
Thu Mar 12 11:58:34 2026
Writing: talsrcimg_g11.4dfp.hdr

Writing: talsrcimg_g11.4dfp.ifh
including: talsrcimg.4dfp.img.rec in talsrcimg_g11.4dfp.img.rec

---------------------------------------------------------------------
imgreg_4dfp /opt/freesurfer/average/711-2C_as_mni_average_305 none talsrcimg_g11 none talsrcimg_to_711-2C_as_mni_average_305_t4 4355
---------------------------------------------------------------------

freesurfer imgreg_4dfp.c
/opt/freesurfer/average/711-2C_as_mni_average_305.4dfp.img
       256       256       256         1
  1.000000  1.000000  1.000000
orientation T byte_order littleendian
Reading image: /opt/freesurfer/average/711-2C_as_mni_average_305.4dfp.img
dimensions:      256       256       256
mmppix:       1.0000   -1.0000   -1.0000
center:     128.0000 -129.0000 -129.0000
talsrcimg_g11.4dfp.img
       256       256       256         1
  1.000000  1.000000  1.000000
orientation T byte_order littleendian
Reading image: talsrcimg_g11.4dfp.img
dimensions:      256       256       256
mmppix:       1.0000   -1.0000   -1.0000
center:     128.0000 -129.0000 -129.0000
t4_read: open error in t4_sub.f l:  41 t4_file(1:l)talsrcimg_to_711-2C_as_mni_average_305_t4 
t4_read: transform initialized to I4
rotation matrix determinant  1.000000
image alignment mode   4355 decimal     1103 hex
   -7.5000  -45.0000  -45.0000 6342.8018   16.6770
    0.0000  -45.0000  -45.0000 6589.8428   16.6438
    7.5000  -45.0000  -45.0000 6340.7290   16.5924
   -7.5000  -37.5000  -45.0000 6833.2295   16.1661
    0.0000  -37.5000  -45.0000 7129.2295   16.1401
    7.5000  -37.5000  -45.0000 6848.0771   16.0928
   -7.5000  -30.0000  -45.0000 7600.4443   15.7756
    0.0000  -30.0000  -45.0000 7944.1011   15.7598
    7.5000  -30.0000  -45.0000 7628.0425   15.7135
   -7.5000  -22.5000  -45.0000 8526.6572   15.6552
    0.0000  -22.5000  -45.0000 8916.4346   15.6433
    7.5000  -22.5000  -45.0000 8562.0303   15.5967
   -7.5000  -15.0000  -45.0000 9447.6162   15.5800
    0.0000  -15.0000  -45.0000 9866.9443   15.5648
    7.5000  -15.0000  -45.0000 9484.3096   15.5203
   -7.5000   -7.5000  -45.000010352.7441   15.5180
    0.0000   -7.5000  -45.000010803.4424   15.4957
    7.5000   -7.5000  -45.000010367.9678   15.4546
   -7.5000    0.0000  -45.000011184.7031   15.4815
    0.0000    0.0000  -45.000011665.1777   15.4551
    7.5000    0.0000  -45.000011203.2158   15.4162
   -7.5000    7.5000  -45.000011151.6016   15.4575
    0.0000    7.5000  -45.000011654.2637   15.4362
    7.5000    7.5000  -45.000011189.4404   15.3974
   -7.5000   15.0000  -45.000011000.8408   15.4536
    0.0000   15.0000  -45.000011532.8213   15.4395
    7.5000   15.0000  -45.000011063.2422   15.3982
   -7.5000   22.5000  -45.000010714.9082   15.4726
    0.0000   22.5000  -45.000011207.3936   15.4607
    7.5000   22.5000  -45.000010704.3262   15.4173
   -7.5000   30.0000  -45.000010364.0586   15.2955
    0.0000   30.0000  -45.000010843.9600   15.2806
    7.5000   30.0000  -45.000010322.6064   15.2380
   -7.5000   37.5000  -45.000010215.5430   15.2949
    0.0000   37.5000  -45.000010695.8193   15.2730
    7.5000   37.5000  -45.000010185.8965   15.2327
   -7.5000   45.0000  -45.0000 9636.0078   14.8873
    0.0000   45.0000  -45.000010108.6299   14.8619
    7.5000   45.0000  -45.0000 9615.5615   14.8245
   -7.5000  -45.0000  -37.5000 6681.9775   16.4782
    0.0000  -45.0000  -37.5000 6976.8340   16.4431
    7.5000  -45.0000  -37.5000 6693.7046   16.3891
   -7.5000  -37.5000  -37.5000 7215.1240   15.9769
    0.0000  -37.5000  -37.5000 7544.7852   15.9493
    7.5000  -37.5000  -37.5000 7239.4302   15.9001
   -7.5000  -30.0000  -37.5000 8034.1411   15.5865
    0.0000  -30.0000  -37.5000 8418.4688   15.5696
    7.5000  -30.0000  -37.5000 8072.4985   15.5248
   -7.5000  -22.5000  -37.5000 9013.7822   15.4610
    0.0000  -22.5000  -37.5000 9428.9287   15.4485
    7.5000  -22.5000  -37.5000 9052.7207   15.4059
   -7.5000  -15.0000  -37.500010000.1309   15.3864
    0.0000  -15.0000  -37.500010434.5859   15.3707
    7.5000  -15.0000  -37.500010028.2178   15.3300
   -7.5000   -7.5000  -37.500010932.3525   15.3356
    0.0000   -7.5000  -37.500011412.4854   15.3121
    7.5000   -7.5000  -37.500010963.3604   15.2718
   -7.5000    0.0000  -37.500011820.9209   15.3099
    0.0000    0.0000  -37.500012362.5352   15.2823
    7.5000    0.0000  -37.500011841.1162   15.2410
   -7.5000    7.5000  -37.500011798.5859   15.2853
    0.0000    7.5000  -37.500012346.2930   15.2627
    7.5000    7.5000  -37.500011851.2412   15.2220
   -7.5000   15.0000  -37.500011626.1582   15.2720
    0.0000   15.0000  -37.500012182.8496   15.2568
    7.5000   15.0000  -37.500011684.5332   15.2170
   -7.5000   22.5000  -37.500011269.6543   15.2823
    0.0000   22.5000  -37.500011776.0361   15.2699
    7.5000   22.5000  -37.500011275.8174   15.2303
   -7.5000   30.0000  -37.500010894.6797   15.1067
    0.0000   30.0000  -37.500011386.7080   15.0913
    7.5000   30.0000  -37.500010875.4170   15.0523
   -7.5000   37.5000  -37.500010791.9736   15.1157
    0.0000   37.5000  -37.500011314.1172   15.0926
    7.5000   37.5000  -37.500010788.0615   15.0530
   -7.5000   45.0000  -37.500010169.1182   14.7223
    0.0000   45.0000  -37.500010686.6543   14.6957
    7.5000   45.0000  -37.500010207.9189   14.6561
   -7.5000  -45.0000  -30.0000 7154.6738   17.0944
    0.0000  -45.0000  -30.0000 7478.0347   17.0571
    7.5000  -45.0000  -30.0000 7171.8760   17.0042
   -7.5000  -37.5000  -30.0000 7732.0918   16.5820
    0.0000  -37.5000  -30.0000 8094.3262   16.5492
    7.5000  -37.5000  -30.0000 7761.7324   16.4985
   -7.5000  -30.0000  -30.0000 8655.7520   16.1811
    0.0000  -30.0000  -30.0000 9068.2529   16.1603
    7.5000  -30.0000  -30.0000 8685.8857   16.1170
   -7.5000  -22.5000  -30.0000 9717.8887   16.0451
    0.0000  -22.5000  -30.000010149.9316   16.0330
    7.5000  -22.5000  -30.0000 9738.1641   15.9967
   -7.5000  -15.0000  -30.000010773.9160   15.9587
    0.0000  -15.0000  -30.000011234.7842   15.9462
    7.5000  -15.0000  -30.000010803.7510   15.9146
   -7.5000   -7.5000  -30.000011779.3105   15.9055
    0.0000   -7.5000  -30.000012301.5449   15.8841
    7.5000   -7.5000  -30.000011805.2461   15.8499
   -7.5000    0.0000  -30.000012734.0977   15.8857
    0.0000    0.0000  -30.000013297.7471   15.8565
    7.5000    0.0000  -30.000012725.6797   15.8160
   -7.5000    7.5000  -30.000012715.2656   15.8671
    0.0000    7.5000  -30.000013262.1992   15.8400
    7.5000    7.5000  -30.000012732.1914   15.7982
   -7.5000   15.0000  -30.000012523.1895   15.8555
    0.0000   15.0000  -30.000013073.0674   15.8368
    7.5000   15.0000  -30.000012553.5020   15.7984
   -7.5000   22.5000  -30.000012132.9482   15.8576
    0.0000   22.5000  -30.000012657.9756   15.8457
    7.5000   22.5000  -30.000012139.5166   15.8123
   -7.5000   30.0000  -30.000011663.7695   15.6697
    0.0000   30.0000  -30.000012202.0156   15.6574
    7.5000   30.0000  -30.000011662.6895   15.6275
   -7.5000   37.5000  -30.000011580.3682   15.6792
    0.0000   37.5000  -30.000012162.0234   15.6581
    7.5000   37.5000  -30.000011602.5068   15.6246
   -7.5000   45.0000  -30.000010914.9365   15.2872
    0.0000   45.0000  -30.000011454.4902   15.2591
    7.5000   45.0000  -30.000010941.4873   15.2202
   -7.5000  -45.0000  -22.5000 7634.4717   17.6965
    0.0000  -45.0000  -22.5000 7978.0625   17.6620
    7.5000  -45.0000  -22.5000 7633.3267   17.6161
   -7.5000  -37.5000  -22.5000 8286.8408   17.1740
    0.0000  -37.5000  -22.5000 8666.3867   17.1396
    7.5000  -37.5000  -22.5000 8295.2725   17.0919
   -7.5000  -30.0000  -22.5000 9299.5391   16.7693
    0.0000  -30.0000  -22.5000 9745.9629   16.7470
    7.5000  -30.0000  -22.5000 9336.3477   16.7055
   -7.5000  -22.5000  -22.500010434.7617   16.6296
    0.0000  -22.5000  -22.500010919.1855   16.6193
    7.5000  -22.5000  -22.500010476.5781   16.5879
   -7.5000  -15.0000  -22.500011562.2783   16.5314
    0.0000  -15.0000  -22.500012075.2676   16.5244
    7.5000  -15.0000  -22.500011590.5215   16.5011
   -7.5000   -7.5000  -22.500012663.2607   16.4656
    0.0000   -7.5000  -22.500013214.5586   16.4502
    7.5000   -7.5000  -22.500012668.9316   16.4245
   -7.5000    0.0000  -22.500013658.8213   16.4426
    0.0000    0.0000  -22.500014254.0312   16.4155
    7.5000    0.0000  -22.500013651.1904   16.3810
   -7.5000    7.5000  -22.500013675.1279   16.4319
    0.0000    7.5000  -22.500014277.0576   16.4033
    7.5000    7.5000  -22.500013691.6777   16.3643
   -7.5000   15.0000  -22.500013462.6348   16.4313
    0.0000   15.0000  -22.500014076.4189   16.4109
    7.5000   15.0000  -22.500013496.4395   16.3745
   -7.5000   22.5000  -22.500013062.6045   16.4332
    0.0000   22.5000  -22.500013640.0928   16.4229
    7.5000   22.5000  -22.500013088.7480   16.3943
   -7.5000   30.0000  -22.500012501.3613   16.2332
    0.0000   30.0000  -22.500013057.2402   16.2263
    7.5000   30.0000  -22.500012511.2539   16.2045
   -7.5000   37.5000  -22.500012410.7314   16.2336
    0.0000   37.5000  -22.500012970.1533   16.2184
    7.5000   37.5000  -22.500012407.1152   16.1932
   -7.5000   45.0000  -22.500011696.9199   15.8350
    0.0000   45.0000  -22.500012231.8418   15.8090
    7.5000   45.0000  -22.500011733.7090   15.7757
   -7.5000  -45.0000  -15.0000 8108.7012   18.1389
    0.0000  -45.0000  -15.0000 8484.5068   18.1070
    7.5000  -45.0000  -15.0000 8108.7524   18.0661
   -7.5000  -37.5000  -15.0000 8829.8916   17.6057
    0.0000  -37.5000  -15.0000 9251.1240   17.5731
    7.5000  -37.5000  -15.0000 8857.0645   17.5292
   -7.5000  -30.0000  -15.0000 9937.1650   17.1975
    0.0000  -30.0000  -15.000010420.0947   17.1762
    7.5000  -30.0000  -15.0000 9990.2373   17.1349
   -7.5000  -22.5000  -15.000011149.7842   17.0601
    0.0000  -22.5000  -15.000011689.3105   17.0502
    7.5000  -22.5000  -15.000011209.7988   17.0168
   -7.5000  -15.0000  -15.000012323.2793   16.9598
    0.0000  -15.0000  -15.000012899.0186   16.9534
    7.5000  -15.0000  -15.000012368.9941   16.9289
   -7.5000   -7.5000  -15.000013519.6943   16.8842
    0.0000   -7.5000  -15.000014148.0547   16.8704
    7.5000   -7.5000  -15.000013530.6660   16.8462
   -7.5000    0.0000  -15.000014587.6182   16.8524
    0.0000    0.0000  -15.000015256.8594   16.8272
    7.5000    0.0000  -15.000014587.1494   16.7969
   -7.5000    7.5000  -15.000014585.7031   16.8431
    0.0000    7.5000  -15.000015277.3955   16.8160
    7.5000    7.5000  -15.000014604.7559   16.7805
   -7.5000   15.0000  -15.000014366.3291   16.8504
    0.0000   15.0000  -15.000015031.0283   16.8310
    7.5000   15.0000  -15.000014392.0977   16.7948
   -7.5000   22.5000  -15.000013965.0186   16.8578
    0.0000   22.5000  -15.000014625.7891   16.8479
    7.5000   22.5000  -15.000013998.4521   16.8175
   -7.5000   30.0000  -15.000013346.2764   16.6558
    0.0000   30.0000  -15.000013987.7422   16.6495
    7.5000   30.0000  -15.000013365.8789   16.6264
   -7.5000   37.5000  -15.000013218.4121   16.6482
    0.0000   37.5000  -15.000013834.8730   16.6346
    7.5000   37.5000  -15.000013231.0586   16.6109
   -7.5000   45.0000  -15.000012483.1592   16.2395
    0.0000   45.0000  -15.000013028.9551   16.2152
    7.5000   45.0000  -15.000012495.7832   16.1860
   -7.5000  -45.0000   -7.5000 8657.7734   18.3535
    0.0000  -45.0000   -7.5000 9043.5352   18.3187
    7.5000  -45.0000   -7.5000 8640.5537   18.2718
   -7.5000  -37.5000   -7.5000 9448.7979   17.8074
    0.0000  -37.5000   -7.5000 9892.3711   17.7766
    7.5000  -37.5000   -7.5000 9461.6172   17.7304
   -7.5000  -30.0000   -7.500010620.0195   17.3906
    0.0000  -30.0000   -7.500011148.9150   17.3710
    7.5000  -30.0000   -7.500010685.0986   17.3249
   -7.5000  -22.5000   -7.500011909.2988   17.2570
    0.0000  -22.5000   -7.500012511.7607   17.2445
    7.5000  -22.5000   -7.500011994.7500   17.2010
   -7.5000  -15.0000   -7.500013153.7861   17.1658
    0.0000  -15.0000   -7.500013816.4941   17.1529
    7.5000  -15.0000   -7.500013259.0967   17.1147
   -7.5000   -7.5000   -7.500014451.5156   17.0917
    0.0000   -7.5000   -7.500015163.4785   17.0715
    7.5000   -7.5000   -7.500014509.0518   17.0366
   -7.5000    0.0000   -7.500015598.3887   17.0535
    0.0000    0.0000   -7.500016366.4434   17.0257
    7.5000    0.0000   -7.500015624.7441   16.9906
   -7.5000    7.5000   -7.500015547.3223   17.0363
    0.0000    7.5000   -7.500016342.5000   17.0106
    7.5000    7.5000   -7.500015589.0811   16.9730
   -7.5000   15.0000   -7.500015323.1670   17.0399
    0.0000   15.0000   -7.500016075.8809   17.0222
    7.5000   15.0000   -7.500015354.9268   16.9814
   -7.5000   22.5000   -7.500014921.4160   17.0519
    0.0000   22.5000   -7.500015683.4629   17.0395
    7.5000   22.5000   -7.500014978.1602   16.9991
   -7.5000   30.0000   -7.500014265.7930   16.8585
    0.0000   30.0000   -7.500014980.7969   16.8458
    7.5000   30.0000   -7.500014302.8398   16.8094
   -7.5000   37.5000   -7.500014108.0293   16.8522
    0.0000   37.5000   -7.500014770.6885   16.8323
    7.5000   37.5000   -7.500014130.3291   16.7981
   -7.5000   45.0000   -7.500013338.8525   16.4363
    0.0000   45.0000   -7.500013925.0283   16.4096
    7.5000   45.0000   -7.500013352.2568   16.3757
   -7.5000  -45.0000    0.0000 9145.6182   18.3715
    0.0000  -45.0000    0.0000 9566.6133   18.3318
    7.5000  -45.0000    0.0000 9138.4971   18.2751
   -7.5000  -37.5000    0.0000 9974.2324   17.8175
    0.0000  -37.5000    0.000010455.1055   17.7862
    7.5000  -37.5000    0.0000 9992.1416   17.7341
   -7.5000  -30.0000    0.000011189.6963   17.3915
    0.0000  -30.0000    0.000011754.7803   17.3715
    7.5000  -30.0000    0.000011258.6318   17.3206
   -7.5000  -22.5000    0.000012582.3848   17.2584
    0.0000  -22.5000    0.000013188.1475   17.2423
    7.5000  -22.5000    0.000012615.9209   17.1913
   -7.5000  -15.0000    0.000013920.8408   17.1761
    0.0000  -15.0000    0.000014600.5752   17.1562
    7.5000  -15.0000    0.000013981.9795   17.1074
   -7.5000   -7.5000    0.000015300.5410   17.1107
    0.0000   -7.5000    0.000016060.6689   17.0831
    7.5000   -7.5000    0.000015354.0000   17.0377
   -7.5000    0.0000    0.000016592.4277   17.0735
    0.0000    0.0000    0.000017476.4277   17.0417
    7.5000    0.0000    0.000016646.9121   16.9986
   -7.5000    7.5000    0.000016545.5625   17.0478
    0.0000    7.5000    0.000017433.4219   17.0218
    7.5000    7.5000    0.000016595.8105   16.9789
   -7.5000   15.0000    0.000016280.2080   17.0417
    0.0000   15.0000    0.000017091.0781   17.0236
    7.5000   15.0000    0.000016309.5732   16.9782
   -7.5000   22.5000    0.000015845.2373   17.0545
    0.0000   22.5000    0.000016634.5039   17.0385
    7.5000   22.5000    0.000015882.8916   16.9909
   -7.5000   30.0000    0.000015145.9697   16.8702
    0.0000   30.0000    0.000015917.4453   16.8508
    7.5000   30.0000    0.000015197.6670   16.8040
   -7.5000   37.5000    0.000014941.7852   16.8716
    0.0000   37.5000    0.000015661.2695   16.8444
    7.5000   37.5000    0.000014978.5752   16.7999
   -7.5000   45.0000    0.000014152.8555   16.4569
    0.0000   45.0000    0.000014792.6084   16.4263
    7.5000   45.0000    0.000014171.9678   16.3847
   -7.5000  -45.0000    7.5000 8928.2969   18.3528
    0.0000  -45.0000    7.5000 9311.3369   18.3111
    7.5000  -45.0000    7.5000 8885.3486   18.2507
   -7.5000  -37.5000    7.5000 9726.1846   17.7975
    0.0000  -37.5000    7.500010179.7520   17.7643
    7.5000  -37.5000    7.5000 9728.8125   17.7091
   -7.5000  -30.0000    7.500010901.1201   17.3647
    0.0000  -30.0000    7.500011453.3662   17.3436
    7.5000  -30.0000    7.500010958.1924   17.2935
   -7.5000  -22.5000    7.500012229.4463   17.2251
    0.0000  -22.5000    7.500012858.8750   17.2091
    7.5000  -22.5000    7.500012302.9932   17.1616
   -7.5000  -15.0000    7.500013551.6494   17.1419
    0.0000  -15.0000    7.500014256.5020   17.1224
    7.5000  -15.0000    7.500013632.1680   17.0770
   -7.5000   -7.5000    7.500014925.0635   17.0855
    0.0000   -7.5000    7.500015741.4180   17.0572
    7.5000   -7.5000    7.500015003.8516   17.0121
   -7.5000    0.0000    7.500016250.1387   17.0573
    0.0000    0.0000    7.500017331.1777   17.0243
    7.5000    0.0000    7.500016441.6621   16.9780
   -7.5000    7.5000    7.500016308.4131   17.0304
    0.0000    7.5000    7.500017465.8008   17.0030
    7.5000    7.5000    7.500016511.1562   16.9573
   -7.5000   15.0000    7.500016014.1523   17.0158
    0.0000   15.0000    7.500017019.5762   16.9968
    7.5000   15.0000    7.500016144.5527   16.9522
   -7.5000   22.5000    7.500015538.0410   17.0214
    0.0000   22.5000    7.500016458.0273   17.0055
    7.5000   22.5000    7.500015654.4824   16.9614
   -7.5000   30.0000    7.500014860.9043   16.8372
    0.0000   30.0000    7.500015749.6396   16.8180
    7.5000   30.0000    7.500015012.6201   16.7746
   -7.5000   37.5000    7.500014670.2676   16.8472
    0.0000   37.5000    7.500015547.2871   16.8192
    7.5000   37.5000    7.500014789.1084   16.7750
   -7.5000   45.0000    7.500013932.7314   16.4413
    0.0000   45.0000    7.500014763.5654   16.4094
    7.5000   45.0000    7.500014001.7588   16.3648
   -7.5000  -45.0000   15.0000 8554.7070   18.3545
    0.0000  -45.0000   15.0000 8921.1592   18.3142
    7.5000  -45.0000   15.0000 8525.6367   18.2573
   -7.5000  -37.5000   15.0000 9300.0186   17.8041
    0.0000  -37.5000   15.0000 9744.7695   17.7687
    7.5000  -37.5000   15.0000 9313.2129   17.7142
   -7.5000  -30.0000   15.000010449.2617   17.3735
    0.0000  -30.0000   15.000010996.4473   17.3510
    7.5000  -30.0000   15.000010509.5977   17.3044
   -7.5000  -22.5000   15.000011734.9277   17.2274
    0.0000  -22.5000   15.000012377.7012   17.2143
    7.5000  -22.5000   15.000011854.8730   17.1753
   -7.5000  -15.0000   15.000013045.2812   17.1348
    0.0000  -15.0000   15.000013723.7539   17.1212
    7.5000  -15.0000   15.000013163.8477   17.0873
   -7.5000   -7.5000   15.000014389.7764   17.0779
    0.0000   -7.5000   15.000015133.1738   17.0548
    7.5000   -7.5000   15.000014501.3418   17.0181
   -7.5000    0.0000   15.000015713.8145   17.0568
    0.0000    0.0000   15.000016797.9141   17.0252
    7.5000    0.0000   15.000016025.8506   16.9818
   -7.5000    7.5000   15.000015871.9844   17.0367
    0.0000    7.5000   15.000017354.5762   17.0074
    7.5000    7.5000   15.000016369.2783   16.9624
   -7.5000   15.0000   15.000015642.8301   17.0240
    0.0000   15.0000   15.000017077.3984   17.0036
    7.5000   15.0000   15.000016054.8623   16.9625
   -7.5000   22.5000   15.000015115.0195   17.0224
    0.0000   22.5000   15.000016378.5098   17.0094
    7.5000   22.5000   15.000015412.4932   16.9735
   -7.5000   30.0000   15.000014456.2578   16.8295
    0.0000   30.0000   15.000015629.7627   16.8161
    7.5000   30.0000   15.000014695.4307   16.7839
   -7.5000   37.5000   15.000014248.1318   16.8399
    0.0000   37.5000   15.000015402.9854   16.8171
    7.5000   37.5000   15.000014434.9551   16.7810
   -7.5000   45.0000   15.000013475.7676   16.4407
    0.0000   45.0000   15.000014490.4727   16.4104
    7.5000   45.0000   15.000013588.2559   16.3685
   -7.5000  -45.0000   22.5000 8131.6245   18.4380
    0.0000  -45.0000   22.5000 8492.8496   18.4016
    7.5000  -45.0000   22.5000 8143.2646   18.3540
   -7.5000  -37.5000   22.5000 8865.2441   17.8947
    0.0000  -37.5000   22.5000 9276.9082   17.8584
    7.5000  -37.5000   22.5000 8900.8682   17.8086
   -7.5000  -30.0000   22.5000 9970.1055   17.4713
    0.0000  -30.0000   22.500010433.5859   17.4476
    7.5000  -30.0000   22.500010036.3457   17.4043
   -7.5000  -22.5000   22.500011212.3799   17.3252
    0.0000  -22.5000   22.500011762.7725   17.3141
    7.5000  -22.5000   22.500011327.3818   17.2814
   -7.5000  -15.0000   22.500012434.0566   17.2227
    0.0000  -15.0000   22.500013039.1768   17.2151
    7.5000  -15.0000   22.500012568.1729   17.1910
   -7.5000   -7.5000   22.500013650.1270   17.1541
    0.0000   -7.5000   22.500014392.1318   17.1378
    7.5000   -7.5000   22.500013822.8037   17.1111
   -7.5000    0.0000   22.500014914.7607   17.1300
    0.0000    0.0000   22.500016086.4570   17.1015
    7.5000    0.0000   22.500015300.0469   17.0656
   -7.5000    7.5000   22.500015108.2959   17.1187
    0.0000    7.5000   22.500016692.5684   17.0885
    7.5000    7.5000   22.500015663.0547   17.0479
   -7.5000   15.0000   22.500014985.4199   17.1178
    0.0000   15.0000   22.500016517.1738   17.0962
    7.5000   15.0000   22.500015437.0332   17.0583
   -7.5000   22.5000   22.500014536.2891   17.1172
    0.0000   22.5000   22.500015918.4580   17.1061
    7.5000   22.5000   22.500014871.4209   17.0765
   -7.5000   30.0000   22.500013829.2412   16.9142
    0.0000   30.0000   22.500015075.0859   16.9067
    7.5000   30.0000   22.500014131.5107   16.8841
   -7.5000   37.5000   22.500013561.9531   16.9147
    0.0000   37.5000   22.500014733.4902   16.8986
    7.5000   37.5000   22.500013811.1396   16.8725
   -7.5000   45.0000   22.500012766.9668   16.5114
    0.0000   45.0000   22.500013740.1016   16.4838
    7.5000   45.0000   22.500012917.8281   16.4493
   -7.5000  -45.0000   30.0000 7604.3940   18.5462
    0.0000  -45.0000   30.0000 7943.4722   18.5129
    7.5000  -45.0000   30.0000 7654.8594   18.4716
   -7.5000  -37.5000   30.0000 8296.5430   18.0041
    0.0000  -37.5000   30.0000 8702.7373   17.9699
    7.5000  -37.5000   30.0000 8369.1611   17.9254
   -7.5000  -30.0000   30.0000 9346.9189   17.5832
    0.0000  -30.0000   30.0000 9815.2627   17.5607
    7.5000  -30.0000   30.0000 9457.5332   17.5188
   -7.5000  -22.5000   30.000010513.7988   17.4418
    0.0000  -22.5000   30.000011054.1230   17.4311
    7.5000  -22.5000   30.000010655.7949   17.3974
   -7.5000  -15.0000   30.000011680.6172   17.3388
    0.0000  -15.0000   30.000012299.9209   17.3318
    7.5000  -15.0000   30.000011858.8018   17.3071
   -7.5000   -7.5000   30.000012869.5000   17.2610
    0.0000   -7.5000   30.000013649.6650   17.2463
    7.5000   -7.5000   30.000013094.1494   17.2219
   -7.5000    0.0000   30.000014050.8809   17.2279
    0.0000    0.0000   30.000015141.0195   17.2015
    7.5000    0.0000   30.000014436.9893   17.1709
   -7.5000    7.5000   30.000014188.1201   17.2180
    0.0000    7.5000   30.000015330.0449   17.1895
    7.5000    7.5000   30.000014573.2031   17.1536
   -7.5000   15.0000   30.000014030.5010   17.2253
    0.0000   15.0000   30.000014991.7480   17.2048
    7.5000   15.0000   30.000014274.9102   17.1681
   -7.5000   22.5000   30.000013636.8945   17.2315
    0.0000   22.5000   30.000014533.5254   17.2208
    7.5000   22.5000   30.000013869.8271   17.1901
   -7.5000   30.0000   30.000013022.9648   17.0273
    0.0000   30.0000   30.000013930.0146   17.0203
    7.5000   30.0000   30.000013291.7607   16.9972
   -7.5000   37.5000   30.000012766.5605   17.0196
    0.0000   37.5000   30.000013662.1865   17.0050
    7.5000   37.5000   30.000013025.5586   16.9812
   -7.5000   45.0000   30.000011974.0908   16.6057
    0.0000   45.0000   30.000012756.0020   16.5802
    7.5000   45.0000   30.000012162.6738   16.5508
   -7.5000  -45.0000   37.5000 7296.5498   18.6673
    0.0000  -45.0000   37.5000 7684.6826   18.6310
    7.5000  -45.0000   37.5000 7377.1309   18.5840
   -7.5000  -37.5000   37.5000 7979.6733   18.1177
    0.0000  -37.5000   37.5000 8442.0449   18.0853
    7.5000  -37.5000   37.5000 8114.2710   18.0388
   -7.5000  -30.0000   37.5000 9009.0332   17.6886
    0.0000  -30.0000   37.5000 9535.9795   17.6679
    7.5000  -30.0000   37.5000 9173.7031   17.6214
   -7.5000  -22.5000   37.500010164.9326   17.5511
    0.0000  -22.5000   37.500010753.8320   17.5378
    7.5000  -22.5000   37.500010337.7979   17.4939
   -7.5000  -15.0000   37.500011306.5439   17.4572
    0.0000  -15.0000   37.500011946.7383   17.4435
    7.5000  -15.0000   37.500011476.4873   17.4052
   -7.5000   -7.5000   37.500012434.9375   17.3806
    0.0000   -7.5000   37.500013169.3115   17.3593
    7.5000   -7.5000   37.500012647.9404   17.3244
   -7.5000    0.0000   37.500013508.4844   17.3409
    0.0000    0.0000   37.500014395.2539   17.3117
    7.5000    0.0000   37.500013834.1387   17.2766
   -7.5000    7.5000   37.500013546.9912   17.3229
    0.0000    7.5000   37.500014376.9434   17.2960
    7.5000    7.5000   37.500013822.7051   17.2582
   -7.5000   15.0000   37.500013345.2930   17.3267
    0.0000   15.0000   37.500014067.6006   17.3079
    7.5000   15.0000   37.500013531.4053   17.2669
   -7.5000   22.5000   37.500012990.7471   17.3396
    0.0000   22.5000   37.500013722.4209   17.3263
    7.5000   22.5000   37.500013186.7275   17.2858
   -7.5000   30.0000   37.500012458.8291   17.1438
    0.0000   30.0000   37.500013202.6367   17.1303
    7.5000   30.0000   37.500012677.6387   17.0939
   -7.5000   37.5000   37.500012282.8145   17.1373
    0.0000   37.5000   37.500013032.8516   17.1163
    7.5000   37.5000   37.500012483.6006   17.0821
   -7.5000   45.0000   37.500011532.6123   16.7146
    0.0000   45.0000   37.500012221.1797   16.6865
    7.5000   45.0000   37.500011698.6318   16.6526
   -7.5000  -45.0000   45.0000 6726.7637   18.9555
    0.0000  -45.0000   45.0000 7123.0117   18.9125
    7.5000  -45.0000   45.0000 6834.9473   18.8539
   -7.5000  -37.5000   45.0000 7393.4224   18.3846
    0.0000  -37.5000   45.0000 7837.8857   18.3505
    7.5000  -37.5000   45.0000 7526.4849   18.2964
   -7.5000  -30.0000   45.0000 8356.8906   17.9330
    0.0000  -30.0000   45.0000 8827.6201   17.9109
    7.5000  -30.0000   45.0000 8483.1748   17.8579
   -7.5000  -22.5000   45.0000 9418.7676   17.7910
    0.0000  -22.5000   45.0000 9911.4746   17.7731
    7.5000  -22.5000   45.0000 9529.5488   17.7200
   -7.5000  -15.0000   45.000010475.5674   17.7032
    0.0000  -15.0000   45.000010985.2148   17.6814
    7.5000  -15.0000   45.000010568.0176   17.6306
   -7.5000   -7.5000   45.000011500.1436   17.6332
    0.0000   -7.5000   45.000012078.8105   17.6030
    7.5000   -7.5000   45.000011632.9570   17.5560
   -7.5000    0.0000   45.000012441.6289   17.5930
    0.0000    0.0000   45.000013116.2939   17.5584
    7.5000    0.0000   45.000012658.4600   17.5139
   -7.5000    7.5000   45.000012433.6504   17.5652
    0.0000    7.5000   45.000013049.0723   17.5369
    7.5000    7.5000   45.000012585.8682   17.4925
   -7.5000   15.0000   45.000012245.6016   17.5588
    0.0000   15.0000   45.000012813.4023   17.5389
    7.5000   15.0000   45.000012368.1318   17.4918
   -7.5000   22.5000   45.000011959.9678   17.5732
    0.0000   22.5000   45.000012557.4121   17.5555
    7.5000   22.5000   45.000012091.2461   17.5061
   -7.5000   30.0000   45.000011518.4912   17.3833
    0.0000   30.0000   45.000012117.0225   17.3618
    7.5000   30.0000   45.000011641.8379   17.3133
   -7.5000   37.5000   45.000011391.8545   17.3846
    0.0000   37.5000   45.000011992.8848   17.3549
    7.5000   37.5000   45.000011506.6143   17.3088
   -7.5000   45.0000   45.000010688.4404   16.9653
    0.0000   45.0000   45.000011269.4336   16.9320
    7.5000   45.0000   45.000010808.7920   16.8890

---------------------------------------------------------------------
imgreg_4dfp /opt/freesurfer/average/711-2C_as_mni_average_305 /opt/freesurfer/average/711-2B_as_mni_average_305_mask talsrcimg_g11 none talsrcimg_to_711-2C_as_mni_average_305_t4 4355
---------------------------------------------------------------------

freesurfer imgreg_4dfp.c
/opt/freesurfer/average/711-2C_as_mni_average_305.4dfp.img
       256       256       256         1
  1.000000  1.000000  1.000000
orientation T byte_order littleendian
Reading image: /opt/freesurfer/average/711-2C_as_mni_average_305.4dfp.img
dimensions:      256       256       256
mmppix:       1.0000   -1.0000   -1.0000
center:     128.0000 -129.0000 -129.0000
/opt/freesurfer/average/711-2B_as_mni_average_305_mask.4dfp.img
       256       256       256         1
  1.000000  1.000000  1.000000
orientation T byte_order littleendian
Reading mask: /opt/freesurfer/average/711-2B_as_mni_average_305_mask.4dfp.img (2306576 pixels)
talsrcimg_g11.4dfp.img
       256       256       256         1
  1.000000  1.000000  1.000000
orientation T byte_order littleendian
Reading image: talsrcimg_g11.4dfp.img
dimensions:      256       256       256
mmppix:       1.0000   -1.0000   -1.0000
center:     128.0000 -129.0000 -129.0000
rotation matrix determinant  1.000000
image alignment mode   4355 decimal     1103 hex
   -7.5000  -45.0000  -45.0000 1889.0056   28.1781
    0.0000  -45.0000  -45.0000 1884.4806   27.8688
    7.5000  -45.0000  -45.0000 1872.2739   28.0318
   -7.5000  -37.5000  -45.0000 1992.5374   25.0818
    0.0000  -37.5000  -45.0000 1995.0931   24.8543
    7.5000  -37.5000  -45.0000 1982.1279   24.9841
   -7.5000  -30.0000  -45.0000 2086.6216   22.6218
    0.0000  -30.0000  -45.0000 2091.0564   22.4414
    7.5000  -30.0000  -45.0000 2081.4697   22.5180
   -7.5000  -22.5000  -45.0000 2175.3450   20.7451
    0.0000  -22.5000  -45.0000 2182.3176   20.6112
    7.5000  -22.5000  -45.0000 2172.7266   20.6452
   -7.5000  -15.0000  -45.0000 2237.3286   19.3849
    0.0000  -15.0000  -45.0000 2245.6956   19.2814
    7.5000  -15.0000  -45.0000 2239.3997   19.3273
   -7.5000   -7.5000  -45.0000 2281.9189   18.4918
    0.0000   -7.5000  -45.0000 2291.2100   18.3623
    7.5000   -7.5000  -45.0000 2283.3630   18.4097
   -7.5000    0.0000  -45.0000 2303.0486   17.9157
    0.0000    0.0000  -45.0000 2311.6953   17.8218
    7.5000    0.0000  -45.0000 2303.3091   17.8388
   -7.5000    7.5000  -45.0000 2321.5232   17.6607
    0.0000    7.5000  -45.0000 2325.5286   17.5723
    7.5000    7.5000  -45.0000 2317.5723   17.5583
   -7.5000   15.0000  -45.0000 2327.8440   17.6574
    0.0000   15.0000  -45.0000 2340.8440   17.5472
    7.5000   15.0000  -45.0000 2326.7566   17.5134
   -7.5000   22.5000  -45.0000 2317.3418   17.7632
    0.0000   22.5000  -45.0000 2335.1736   17.6965
    7.5000   22.5000  -45.0000 2315.8647   17.6733
   -7.5000   30.0000  -45.0000 2294.6260   18.2028
    0.0000   30.0000  -45.0000 2312.9268   18.1114
    7.5000   30.0000  -45.0000 2292.5730   18.0631
   -7.5000   37.5000  -45.0000 2256.9087   18.7810
    0.0000   37.5000  -45.0000 2274.0146   18.6937
    7.5000   37.5000  -45.0000 2257.0515   18.6710
   -7.5000   45.0000  -45.0000 2204.2471   19.6593
    0.0000   45.0000  -45.0000 2222.1445   19.5489
    7.5000   45.0000  -45.0000 2202.0271   19.5240
   -7.5000  -45.0000  -37.5000 1949.4084   26.3420
    0.0000  -45.0000  -37.5000 1952.3715   26.2006
    7.5000  -45.0000  -37.5000 1938.3868   26.3035
   -7.5000  -37.5000  -37.5000 2062.3667   23.4367
    0.0000  -37.5000  -37.5000 2068.7305   23.3292
    7.5000  -37.5000  -37.5000 2056.8757   23.4099
   -7.5000  -30.0000  -37.5000 2163.8401   21.1044
    0.0000  -30.0000  -37.5000 2172.6770   21.0026
    7.5000  -30.0000  -37.5000 2160.4480   21.0167
   -7.5000  -22.5000  -37.5000 2259.9868   19.2969
    0.0000  -22.5000  -37.5000 2267.8501   19.1884
    7.5000  -22.5000  -37.5000 2259.3379   19.2071
   -7.5000  -15.0000  -37.5000 2330.2314   17.9748
    0.0000  -15.0000  -37.5000 2335.2551   17.8567
    7.5000  -15.0000  -37.5000 2328.4192   17.9124
   -7.5000   -7.5000  -37.5000 2373.0625   17.1671
    0.0000   -7.5000  -37.5000 2381.8079   17.0455
    7.5000   -7.5000  -37.5000 2375.6240   17.1250
   -7.5000    0.0000  -37.5000 2399.3752   16.6736
    0.0000    0.0000  -37.5000 2416.4861   16.5393
    7.5000    0.0000  -37.5000 2398.7566   16.5902
   -7.5000    7.5000  -37.5000 2415.7810   16.3347
    0.0000    7.5000  -37.5000 2432.6047   16.2385
    7.5000    7.5000  -37.5000 2413.2244   16.2655
   -7.5000   15.0000  -37.5000 2423.8662   16.1978
    0.0000   15.0000  -37.5000 2440.9143   16.0686
    7.5000   15.0000  -37.5000 2421.4514   16.0784
   -7.5000   22.5000  -37.5000 2417.8030   16.2615
    0.0000   22.5000  -37.5000 2434.2275   16.1161
    7.5000   22.5000  -37.5000 2414.3042   16.1475
   -7.5000   30.0000  -37.5000 2405.0767   16.6487
    0.0000   30.0000  -37.5000 2418.8799   16.5105
    7.5000   30.0000  -37.5000 2401.8660   16.5457
   -7.5000   37.5000  -37.5000 2370.9446   17.2524
    0.0000   37.5000  -37.5000 2386.2488   17.1240
    7.5000   37.5000  -37.5000 2365.4302   17.1522
   -7.5000   45.0000  -37.5000 2310.4578   18.0679
    0.0000   45.0000  -37.5000 2327.7476   17.9351
    7.5000   45.0000  -37.5000 2312.4290   17.9329
   -7.5000  -45.0000  -30.0000 2038.4771   25.6891
    0.0000  -45.0000  -30.0000 2043.5249   25.6643
    7.5000  -45.0000  -30.0000 2038.1742   25.7177
   -7.5000  -37.5000  -30.0000 2159.6924   22.8767
    0.0000  -37.5000  -30.0000 2171.5217   22.8011
    7.5000  -37.5000  -30.0000 2162.6829   22.8569
   -7.5000  -30.0000  -30.0000 2279.1560   20.6211
    0.0000  -30.0000  -30.0000 2289.5437   20.5468
    7.5000  -30.0000  -30.0000 2277.4509   20.5411
   -7.5000  -22.5000  -30.0000 2382.0310   18.8155
    0.0000  -22.5000  -30.0000 2388.3022   18.7366
    7.5000  -22.5000  -30.0000 2379.6616   18.7216
   -7.5000  -15.0000  -30.0000 2460.6719   17.4552
    0.0000  -15.0000  -30.0000 2467.7891   17.3589
    7.5000  -15.0000  -30.0000 2462.3591   17.4058
   -7.5000   -7.5000  -30.0000 2506.7249   16.5870
    0.0000   -7.5000  -30.0000 2521.1824   16.4710
    7.5000   -7.5000  -30.0000 2512.0625   16.5452
   -7.5000    0.0000  -30.0000 2542.6912   16.0530
    0.0000    0.0000  -30.0000 2562.1177   15.9102
    7.5000    0.0000  -30.0000 2539.7661   15.9865
   -7.5000    7.5000  -30.0000 2557.6001   15.6831
    0.0000    7.5000  -30.0000 2573.0886   15.5190
    7.5000    7.5000  -30.0000 2555.1299   15.6002
   -7.5000   15.0000  -30.0000 2568.0505   15.5099
    0.0000   15.0000  -30.0000 2581.5190   15.3338
    7.5000   15.0000  -30.0000 2568.2822   15.3898
   -7.5000   22.5000  -30.0000 2572.0620   15.5680
    0.0000   22.5000  -30.0000 2585.3601   15.3890
    7.5000   22.5000  -30.0000 2570.2209   15.4791
   -7.5000   30.0000  -30.0000 2556.0908   15.8984
    0.0000   30.0000  -30.0000 2567.9521   15.7257
    7.5000   30.0000  -30.0000 2556.5874   15.8424
   -7.5000   37.5000  -30.0000 2518.7573   16.4708
    0.0000   37.5000  -30.0000 2539.1892   16.3104
    7.5000   37.5000  -30.0000 2521.8081   16.4074
   -7.5000   45.0000  -30.0000 2456.8992   17.2696
    0.0000   45.0000  -30.0000 2477.9761   17.1183
    7.5000   45.0000  -30.0000 2458.0750   17.1616
   -7.5000  -45.0000  -22.5000 2107.9172   25.0292
    0.0000  -45.0000  -22.5000 2110.0378   24.9564
    7.5000  -45.0000  -22.5000 2105.1399   25.0543
   -7.5000  -37.5000  -22.5000 2241.6023   22.2108
    0.0000  -37.5000  -22.5000 2250.8179   22.1354
    7.5000  -37.5000  -22.5000 2245.0701   22.2111
   -7.5000  -30.0000  -22.5000 2366.4414   19.9946
    0.0000  -30.0000  -22.5000 2381.6543   19.9185
    7.5000  -30.0000  -22.5000 2372.7378   19.9760
   -7.5000  -22.5000  -22.5000 2472.2856   18.2038
    0.0000  -22.5000  -22.5000 2490.1135   18.1295
    7.5000  -22.5000  -22.5000 2479.2549   18.1773
   -7.5000  -15.0000  -22.5000 2556.2595   16.8426
    0.0000  -15.0000  -22.5000 2575.1328   16.7527
    7.5000  -15.0000  -22.5000 2564.9375   16.8311
   -7.5000   -7.5000  -22.5000 2611.6331   15.8803
    0.0000   -7.5000  -22.5000 2628.7078   15.7665
    7.5000   -7.5000  -22.5000 2617.5728   15.8124
   -7.5000    0.0000  -22.5000 2653.2151   15.2873
    0.0000    0.0000  -22.5000 2665.8008   15.1085
    7.5000    0.0000  -22.5000 2649.6384   15.1845
   -7.5000    7.5000  -22.5000 2682.6499   14.9458
    0.0000    7.5000  -22.5000 2692.8206   14.7495
    7.5000    7.5000  -22.5000 2677.7446   14.8463
   -7.5000   15.0000  -22.5000 2689.3430   14.7670
    0.0000   15.0000  -22.5000 2702.2087   14.5873
    7.5000   15.0000  -22.5000 2687.6069   14.6803
   -7.5000   22.5000  -22.5000 2693.3115   14.8372
    0.0000   22.5000  -22.5000 2707.2651   14.6643
    7.5000   22.5000  -22.5000 2696.3079   14.7912
   -7.5000   30.0000  -22.5000 2674.3977   15.1295
    0.0000   30.0000  -22.5000 2691.4746   14.9763
    7.5000   30.0000  -22.5000 2680.0337   15.1188
   -7.5000   37.5000  -22.5000 2640.8940   15.6297
    0.0000   37.5000  -22.5000 2660.9131   15.4662
    7.5000   37.5000  -22.5000 2643.6863   15.6203
   -7.5000   45.0000  -22.5000 2572.5251   16.3647
    0.0000   45.0000  -22.5000 2597.7014   16.1925
    7.5000   45.0000  -22.5000 2580.3271   16.2927
   -7.5000  -45.0000  -15.0000 2146.7798   24.3620
    0.0000  -45.0000  -15.0000 2154.5735   24.3447
    7.5000  -45.0000  -15.0000 2146.0391   24.3664
   -7.5000  -37.5000  -15.0000 2284.0557   21.5601
    0.0000  -37.5000  -15.0000 2299.5217   21.5476
    7.5000  -37.5000  -15.0000 2295.9197   21.6395
   -7.5000  -30.0000  -15.0000 2417.8621   19.3956
    0.0000  -30.0000  -15.0000 2436.5459   19.3744
    7.5000  -30.0000  -15.0000 2431.3948   19.4648
   -7.5000  -22.5000  -15.0000 2524.5093   17.6049
    0.0000  -22.5000  -15.0000 2543.1978   17.5389
    7.5000  -22.5000  -15.0000 2538.6357   17.6470
   -7.5000  -15.0000  -15.0000 2609.0081   16.1926
    0.0000  -15.0000  -15.0000 2621.1914   16.0849
    7.5000  -15.0000  -15.0000 2617.2803   16.1794
   -7.5000   -7.5000  -15.0000 2680.3774   15.1917
    0.0000   -7.5000  -15.0000 2695.5137   15.0759
    7.5000   -7.5000  -15.0000 2687.4587   15.1255
   -7.5000    0.0000  -15.0000 2725.3311   14.5268
    0.0000    0.0000  -15.0000 2735.5845   14.3898
    7.5000    0.0000  -15.0000 2727.4468   14.4123
   -7.5000    7.5000  -15.0000 2756.0110   14.1559
    0.0000    7.5000  -15.0000 2769.2947   13.9917
    7.5000    7.5000  -15.0000 2758.5291   14.0561
   -7.5000   15.0000  -15.0000 2763.6140   14.0036
    0.0000   15.0000  -15.0000 2775.2468   13.8398
    7.5000   15.0000  -15.0000 2765.8955   13.9289
   -7.5000   22.5000  -15.0000 2773.6328   14.0998
    0.0000   22.5000  -15.0000 2791.4980   13.9436
    7.5000   22.5000  -15.0000 2784.0508   14.0677
   -7.5000   30.0000  -15.0000 2757.0669   14.3838
    0.0000   30.0000  -15.0000 2781.4800   14.2281
    7.5000   30.0000  -15.0000 2769.0940   14.3576
   -7.5000   37.5000  -15.0000 2721.2539   14.8437
    0.0000   37.5000  -15.0000 2742.8672   14.6602
    7.5000   37.5000  -15.0000 2732.1951   14.8391
   -7.5000   45.0000  -15.0000 2654.5034   15.5449
    0.0000   45.0000  -15.0000 2673.5024   15.3260
    7.5000   45.0000  -15.0000 2665.2319   15.4800
   -7.5000  -45.0000   -7.5000 2176.1431   23.7470
    0.0000  -45.0000   -7.5000 2187.0618   23.7351
    7.5000  -45.0000   -7.5000 2174.9460   23.7801
   -7.5000  -37.5000   -7.5000 2318.4214   21.0207
    0.0000  -37.5000   -7.5000 2334.3132   20.9972
    7.5000  -37.5000   -7.5000 2326.1711   21.1290
   -7.5000  -30.0000   -7.5000 2447.0457   18.8246
    0.0000  -30.0000   -7.5000 2467.6086   18.8137
    7.5000  -30.0000   -7.5000 2460.1453   18.9236
   -7.5000  -22.5000   -7.5000 2554.1899   17.0299
    0.0000  -22.5000   -7.5000 2577.5276   16.9890
    7.5000  -22.5000   -7.5000 2571.4370   17.0871
   -7.5000  -15.0000   -7.5000 2642.7324   15.5912
    0.0000  -15.0000   -7.5000 2663.9412   15.5461
    7.5000  -15.0000   -7.5000 2660.5063   15.6217
   -7.5000   -7.5000   -7.5000 2723.0366   14.5465
    0.0000   -7.5000   -7.5000 2741.5659   14.4585
    7.5000   -7.5000   -7.5000 2738.1545   14.5319
   -7.5000    0.0000   -7.5000 2773.3835   13.8217
    0.0000    0.0000   -7.5000 2790.8494   13.7131
    7.5000    0.0000   -7.5000 2784.8359   13.7663
   -7.5000    7.5000   -7.5000 2809.4653   13.4129
    0.0000    7.5000   -7.5000 2828.2385   13.2584
    7.5000    7.5000   -7.5000 2814.9490   13.3101
   -7.5000   15.0000   -7.5000 2824.0403   13.2226
    0.0000   15.0000   -7.5000 2837.2949   13.0457
    7.5000   15.0000   -7.5000 2827.4187   13.1394
   -7.5000   22.5000   -7.5000 2838.5303   13.3762
    0.0000   22.5000   -7.5000 2857.0303   13.1895
    7.5000   22.5000   -7.5000 2849.1785   13.2908
   -7.5000   30.0000   -7.5000 2825.2600   13.6974
    0.0000   30.0000   -7.5000 2848.7563   13.4834
    7.5000   30.0000   -7.5000 2841.7456   13.6089
   -7.5000   37.5000   -7.5000 2790.0737   14.1452
    0.0000   37.5000   -7.5000 2804.3494   13.9193
    7.5000   37.5000   -7.5000 2800.8582   14.0759
   -7.5000   45.0000   -7.5000 2716.6533   14.8296
    0.0000   45.0000   -7.5000 2736.1948   14.5914
    7.5000   45.0000   -7.5000 2731.7251   14.7363
   -7.5000  -45.0000    0.0000 2187.1108   23.4363
    0.0000  -45.0000    0.0000 2198.5352   23.4544
    7.5000  -45.0000    0.0000 2193.1604   23.6025
   -7.5000  -37.5000    0.0000 2321.6863   20.6651
    0.0000  -37.5000    0.0000 2342.7854   20.7032
    7.5000  -37.5000    0.0000 2332.2566   20.8252
   -7.5000  -30.0000    0.0000 2444.4927   18.4390
    0.0000  -30.0000    0.0000 2474.1267   18.4190
    7.5000  -30.0000    0.0000 2462.9785   18.5193
   -7.5000  -22.5000    0.0000 2559.5994   16.6459
    0.0000  -22.5000    0.0000 2585.5239   16.5756
    7.5000  -22.5000    0.0000 2576.3877   16.6609
   -7.5000  -15.0000    0.0000 2655.4788   15.2303
    0.0000  -15.0000    0.0000 2675.4822   15.1433
    7.5000  -15.0000    0.0000 2667.6980   15.1880
   -7.5000   -7.5000    0.0000 2747.2573   14.1541
    0.0000   -7.5000    0.0000 2760.3225   14.0553
    7.5000   -7.5000    0.0000 2750.7163   14.0923
   -7.5000    0.0000    0.0000 2814.2854   13.3690
    0.0000    0.0000    0.0000 2826.9019   13.2746
    7.5000    0.0000    0.0000 2813.3950   13.2949
   -7.5000    7.5000    0.0000 2855.7861   12.9119
    0.0000    7.5000    0.0000 2868.6677   12.7587
    7.5000    7.5000    0.0000 2851.6511   12.7915
   -7.5000   15.0000    0.0000 2878.2190   12.6625
    0.0000   15.0000    0.0000 2883.8069   12.4093
    7.5000   15.0000    0.0000 2871.3464   12.5391
   -7.5000   22.5000    0.0000 2890.7102   12.7792
    0.0000   22.5000    0.0000 2899.3569   12.5483
    7.5000   22.5000    0.0000 2893.3562   12.6714
   -7.5000   30.0000    0.0000 2874.8691   13.1290
    0.0000   30.0000    0.0000 2892.0527   12.8897
    7.5000   30.0000    0.0000 2886.4509   13.0108
   -7.5000   37.5000    0.0000 2838.8142   13.6260
    0.0000   37.5000    0.0000 2850.1125   13.3685
    7.5000   37.5000    0.0000 2847.2754   13.5120
   -7.5000   45.0000    0.0000 2767.8584   14.3412
    0.0000   45.0000    0.0000 2776.5806   14.0339
    7.5000   45.0000    0.0000 2775.3662   14.1980
   -7.5000  -45.0000    7.5000 2188.0598   23.6238
    0.0000  -45.0000    7.5000 2203.0967   23.5482
    7.5000  -45.0000    7.5000 2192.9060   23.6767
   -7.5000  -37.5000    7.5000 2321.9932   20.7601
    0.0000  -37.5000    7.5000 2342.5898   20.6846
    7.5000  -37.5000    7.5000 2334.7583   20.7946
   -7.5000  -30.0000    7.5000 2442.1028   18.4082
    0.0000  -30.0000    7.5000 2463.6375   18.3392
    7.5000  -30.0000    7.5000 2461.1858   18.4463
   -7.5000  -22.5000    7.5000 2555.1848   16.5432
    0.0000  -22.5000    7.5000 2573.3887   16.4687
    7.5000  -22.5000    7.5000 2571.2974   16.5514
   -7.5000  -15.0000    7.5000 2653.0786   15.0816
    0.0000  -15.0000    7.5000 2671.5601   15.0135
    7.5000  -15.0000    7.5000 2664.8877   15.0445
   -7.5000   -7.5000    7.5000 2747.5496   13.9763
    0.0000   -7.5000    7.5000 2762.6177   13.8982
    7.5000   -7.5000    7.5000 2749.2969   13.9182
   -7.5000    0.0000    7.5000 2829.4771   13.1637
    0.0000    0.0000    7.5000 2846.8865   13.1277
    7.5000    0.0000    7.5000 2831.8079   13.1081
   -7.5000    7.5000    7.5000 2887.7676   12.6461
    0.0000    7.5000    7.5000 2915.1377   12.6668
    7.5000    7.5000    7.5000 2890.4917   12.5827
   -7.5000   15.0000    7.5000 2908.6321   12.2986
    0.0000   15.0000    7.5000 2928.0298   12.1858
    7.5000   15.0000    7.5000 2908.0493   12.2227
   -7.5000   22.5000    7.5000 2918.3948   12.4067
    0.0000   22.5000    7.5000 2939.1411   12.2109
    7.5000   22.5000    7.5000 2923.5071   12.3237
   -7.5000   30.0000    7.5000 2905.0356   12.7587
    0.0000   30.0000    7.5000 2930.2876   12.5894
    7.5000   30.0000    7.5000 2921.3528   12.6892
   -7.5000   37.5000    7.5000 2872.6240   13.3152
    0.0000   37.5000    7.5000 2895.6079   13.1198
    7.5000   37.5000    7.5000 2884.3027   13.2180
   -7.5000   45.0000    7.5000 2803.7864   14.0584
    0.0000   45.0000    7.5000 2832.3235   13.8608
    7.5000   45.0000    7.5000 2819.2893   13.9179
   -7.5000  -45.0000   15.0000 2170.6909   24.0219
    0.0000  -45.0000   15.0000 2177.1572   23.7743
    7.5000  -45.0000   15.0000 2177.1982   23.9182
   -7.5000  -37.5000   15.0000 2297.7996   20.9859
    0.0000  -37.5000   15.0000 2308.9097   20.8520
    7.5000  -37.5000   15.0000 2309.1707   20.9428
   -7.5000  -30.0000   15.0000 2418.3250   18.5580
    0.0000  -30.0000   15.0000 2433.1008   18.4949
    7.5000  -30.0000   15.0000 2430.5427   18.5507
   -7.5000  -22.5000   15.0000 2534.2856   16.6554
    0.0000  -22.5000   15.0000 2546.5991   16.5880
    7.5000  -22.5000   15.0000 2543.0452   16.6533
   -7.5000  -15.0000   15.0000 2637.0701   15.1573
    0.0000  -15.0000   15.0000 2647.7822   15.0903
    7.5000  -15.0000   15.0000 2642.4272   15.1612
   -7.5000   -7.5000   15.0000 2739.0347   14.0098
    0.0000   -7.5000   15.0000 2745.8684   13.9412
    7.5000   -7.5000   15.0000 2740.4216   14.0106
   -7.5000    0.0000   15.0000 2826.9290   13.1764
    0.0000    0.0000   15.0000 2839.6968   13.1404
    7.5000    0.0000   15.0000 2835.8696   13.1772
   -7.5000    7.5000   15.0000 2895.9529   12.7221
    0.0000    7.5000   15.0000 2928.3125   12.7862
    7.5000    7.5000   15.0000 2918.6775   12.7307
   -7.5000   15.0000   15.0000 2929.8091   12.4197
    0.0000   15.0000   15.0000 2986.1304   12.5291
    7.5000   15.0000   15.0000 2958.1711   12.4115
   -7.5000   22.5000   15.0000 2935.8237   12.3538
    0.0000   22.5000   15.0000 2987.0867   12.3640
    7.5000   22.5000   15.0000 2956.2405   12.3308
   -7.5000   30.0000   15.0000 2921.9780   12.6318
    0.0000   30.0000   15.0000 2965.4106   12.5808
    7.5000   30.0000   15.0000 2940.5728   12.5826
   -7.5000   37.5000   15.0000 2889.5662   13.2045
    0.0000   37.5000   15.0000 2925.6670   13.0984
    7.5000   37.5000   15.0000 2903.0364   13.1035
   -7.5000   45.0000   15.0000 2822.4595   14.0071
    0.0000   45.0000   15.0000 2851.6558   13.8652
    7.5000   45.0000   15.0000 2835.0081   13.8544
   -7.5000  -45.0000   22.5000 2142.6299   24.7185
    0.0000  -45.0000   22.5000 2148.0391   24.4730
    7.5000  -45.0000   22.5000 2148.0352   24.6188
   -7.5000  -37.5000   22.5000 2265.4241   21.5065
    0.0000  -37.5000   22.5000 2270.0613   21.3289
    7.5000  -37.5000   22.5000 2271.6104   21.5032
   -7.5000  -30.0000   22.5000 2380.0437   18.9664
    0.0000  -30.0000   22.5000 2379.6860   18.7799
    7.5000  -30.0000   22.5000 2384.2034   18.9482
   -7.5000  -22.5000   22.5000 2497.4443   16.9809
    0.0000  -22.5000   22.5000 2496.2629   16.8024
    7.5000  -22.5000   22.5000 2502.6873   16.9900
   -7.5000  -15.0000   22.5000 2606.9822   15.4406
    0.0000  -15.0000   22.5000 2602.5083   15.2808
    7.5000  -15.0000   22.5000 2607.3389   15.4363
   -7.5000   -7.5000   22.5000 2704.1045   14.2775
    0.0000   -7.5000   22.5000 2708.8525   14.1937
    7.5000   -7.5000   22.5000 2711.7878   14.2944
   -7.5000    0.0000   22.5000 2801.7520   13.4980
    0.0000    0.0000   22.5000 2832.2051   13.5448
    7.5000    0.0000   22.5000 2823.2170   13.5991
   -7.5000    7.5000   22.5000 2886.8186   13.0237
    0.0000    7.5000   22.5000 2951.2930   13.2259
    7.5000    7.5000   22.5000 2924.1016   13.1316
   -7.5000   15.0000   22.5000 2931.8140   12.6976
    0.0000   15.0000   22.5000 3011.8215   12.8721
    7.5000   15.0000   22.5000 2967.8423   12.7419
   -7.5000   22.5000   22.5000 2948.6667   12.6326
    0.0000   22.5000   22.5000 3008.3054   12.6293
    7.5000   22.5000   22.5000 2969.0273   12.5973
   -7.5000   30.0000   22.5000 2924.7996   12.8339
    0.0000   30.0000   22.5000 2969.1750   12.7657
    7.5000   30.0000   22.5000 2951.2434   12.7821
   -7.5000   37.5000   22.5000 2886.7429   13.3226
    0.0000   37.5000   22.5000 2924.7925   13.2263
    7.5000   37.5000   22.5000 2906.5718   13.2603
   -7.5000   45.0000   22.5000 2819.3621   14.1073
    0.0000   45.0000   22.5000 2843.3884   13.9745
    7.5000   45.0000   22.5000 2828.1558   13.9723
   -7.5000  -45.0000   30.0000 2095.9131   25.6163
    0.0000  -45.0000   30.0000 2099.7405   25.4001
    7.5000  -45.0000   30.0000 2106.1506   25.6956
   -7.5000  -37.5000   30.0000 2215.2852   22.2735
    0.0000  -37.5000   30.0000 2218.3704   22.0621
    7.5000  -37.5000   30.0000 2222.6299   22.3167
   -7.5000  -30.0000   30.0000 2331.6313   19.6623
    0.0000  -30.0000   30.0000 2328.8757   19.3971
    7.5000  -30.0000   30.0000 2338.6338   19.6714
   -7.5000  -22.5000   30.0000 2450.2705   17.6251
    0.0000  -22.5000   30.0000 2444.4065   17.4318
    7.5000  -22.5000   30.0000 2454.1501   17.6592
   -7.5000  -15.0000   30.0000 2565.0112   16.0599
    0.0000  -15.0000   30.0000 2568.4343   15.9492
    7.5000  -15.0000   30.0000 2568.4224   16.1250
   -7.5000   -7.5000   30.0000 2669.4812   14.9631
    0.0000   -7.5000   30.0000 2689.3511   14.9041
    7.5000   -7.5000   30.0000 2683.0293   15.0130
   -7.5000    0.0000   30.0000 2766.1084   14.1265
    0.0000    0.0000   30.0000 2799.3809   14.1393
    7.5000    0.0000   30.0000 2786.8076   14.1849
   -7.5000    7.5000   30.0000 2852.8186   13.5211
    0.0000    7.5000   30.0000 2901.7097   13.5843
    7.5000    7.5000   30.0000 2888.5232   13.5586
   -7.5000   15.0000   30.0000 2907.2742   13.1294
    0.0000   15.0000   30.0000 2956.6562   13.0317
    7.5000   15.0000   30.0000 2930.7920   13.0577
   -7.5000   22.5000   30.0000 2932.3677   13.0572
    0.0000   22.5000   30.0000 2971.9653   12.8722
    7.5000   22.5000   30.0000 2949.5513   12.9270
   -7.5000   30.0000   30.0000 2911.2803   13.2985
    0.0000   30.0000   30.0000 2947.7563   13.1438
    7.5000   30.0000   30.0000 2935.5715   13.1802
   -7.5000   37.5000   30.0000 2869.8682   13.7777
    0.0000   37.5000   30.0000 2898.6531   13.6239
    7.5000   37.5000   30.0000 2887.1948   13.6819
   -7.5000   45.0000   30.0000 2793.8516   14.5187
    0.0000   45.0000   30.0000 2814.0234   14.3433
    7.5000   45.0000   30.0000 2804.0415   14.3988
   -7.5000  -45.0000   37.5000 2048.6152   26.9513
    0.0000  -45.0000   37.5000 2045.5092   26.7536
    7.5000  -45.0000   37.5000 2051.2188   27.0787
   -7.5000  -37.5000   37.5000 2168.7087   23.4324
    0.0000  -37.5000   37.5000 2168.1638   23.2710
    7.5000  -37.5000   37.5000 2176.7463   23.6326
   -7.5000  -30.0000   37.5000 2288.9551   20.6661
    0.0000  -30.0000   37.5000 2294.1484   20.5635
    7.5000  -30.0000   37.5000 2299.7498   20.9117
   -7.5000  -22.5000   37.5000 2410.7771   18.6031
    0.0000  -22.5000   37.5000 2414.8501   18.4815
    7.5000  -22.5000   37.5000 2421.6956   18.7638
   -7.5000  -15.0000   37.5000 2525.5979   17.0008
    0.0000  -15.0000   37.5000 2534.2585   16.8754
    7.5000  -15.0000   37.5000 2535.6926   17.0696
   -7.5000   -7.5000   37.5000 2630.0176   15.7705
    0.0000   -7.5000   37.5000 2644.2937   15.6233
    7.5000   -7.5000   37.5000 2644.1367   15.7681
   -7.5000    0.0000   37.5000 2726.7732   14.8238
    0.0000    0.0000   37.5000 2745.7693   14.6909
    7.5000    0.0000   37.5000 2745.9629   14.8286
   -7.5000    7.5000   37.5000 2809.6035   14.1103
    0.0000    7.5000   37.5000 2839.6602   13.9958
    7.5000    7.5000   37.5000 2835.1462   14.0957
   -7.5000   15.0000   37.5000 2856.5349   13.6899
    0.0000   15.0000   37.5000 2887.9521   13.4276
    7.5000   15.0000   37.5000 2872.8523   13.5515
   -7.5000   22.5000   37.5000 2879.1177   13.6341
    0.0000   22.5000   37.5000 2912.9199   13.4165
    7.5000   22.5000   37.5000 2895.1609   13.4893
   -7.5000   30.0000   37.5000 2860.1956   13.8652
    0.0000   30.0000   37.5000 2898.0444   13.6983
    7.5000   30.0000   37.5000 2885.8225   13.7490
   -7.5000   37.5000   37.5000 2824.4045   14.3518
    0.0000   37.5000   37.5000 2855.0764   14.1668
    7.5000   37.5000   37.5000 2840.2212   14.2083
   -7.5000   45.0000   37.5000 2755.7766   15.0841
    0.0000   45.0000   37.5000 2778.9316   14.8800
    7.5000   45.0000   37.5000 2768.5554   14.9151
   -7.5000  -45.0000   45.0000 1994.3662   28.6164
    0.0000  -45.0000   45.0000 1994.4250   28.5938
    7.5000  -45.0000   45.0000 2006.0181   29.0211
   -7.5000  -37.5000   45.0000 2121.9514   24.9393
    0.0000  -37.5000   45.0000 2127.2688   24.9100
    7.5000  -37.5000   45.0000 2131.0774   25.2655
   -7.5000  -30.0000   45.0000 2246.0945   22.1004
    0.0000  -30.0000   45.0000 2248.3364   21.9508
    7.5000  -30.0000   45.0000 2248.0820   22.2431
   -7.5000  -22.5000   45.0000 2363.6360   19.8060
    0.0000  -22.5000   45.0000 2367.1116   19.5588
    7.5000  -22.5000   45.0000 2369.5967   19.8175
   -7.5000  -15.0000   45.0000 2478.7278   18.0073
    0.0000  -15.0000   45.0000 2488.0408   17.7583
    7.5000  -15.0000   45.0000 2487.0105   17.9734
   -7.5000   -7.5000   45.0000 2587.1013   16.6796
    0.0000   -7.5000   45.0000 2598.3120   16.3654
    7.5000   -7.5000   45.0000 2594.8962   16.5723
   -7.5000    0.0000   45.0000 2679.9883   15.6238
    0.0000    0.0000   45.0000 2692.3574   15.3274
    7.5000    0.0000   45.0000 2690.3743   15.5214
   -7.5000    7.5000   45.0000 2752.9309   14.8586
    0.0000    7.5000   45.0000 2770.1523   14.5446
    7.5000    7.5000   45.0000 2765.3845   14.7091
   -7.5000   15.0000   45.0000 2792.1284   14.3942
    0.0000   15.0000   45.0000 2814.0691   14.0762
    7.5000   15.0000   45.0000 2806.8271   14.2358
   -7.5000   22.5000   45.0000 2811.2712   14.3616
    0.0000   22.5000   45.0000 2836.7815   14.1248
    7.5000   22.5000   45.0000 2826.9575   14.2294
   -7.5000   30.0000   45.0000 2794.5808   14.5925
    0.0000   30.0000   45.0000 2819.1794   14.4081
    7.5000   30.0000   45.0000 2813.6152   14.4773
   -7.5000   37.5000   45.0000 2759.1880   15.0728
    0.0000   37.5000   45.0000 2780.7061   14.8860
    7.5000   37.5000   45.0000 2772.7942   14.9531
   -7.5000   45.0000   45.0000 2691.3560   15.8119
    0.0000   45.0000   45.0000 2716.1345   15.5646
    7.5000   45.0000   45.0000 2710.9539   15.6231

---------------------------------------------------------------------
imgreg_4dfp /opt/freesurfer/average/711-2C_as_mni_average_305 /opt/freesurfer/average/711-2B_as_mni_average_305_mask talsrcimg_g11 none talsrcimg_to_711-2C_as_mni_average_305_t4 1283
---------------------------------------------------------------------

freesurfer imgreg_4dfp.c
/opt/freesurfer/average/711-2C_as_mni_average_305.4dfp.img
       256       256       256         1
  1.000000  1.000000  1.000000
orientation T byte_order littleendian
Reading image: /opt/freesurfer/average/711-2C_as_mni_average_305.4dfp.img
dimensions:      256       256       256
mmppix:       1.0000   -1.0000   -1.0000
center:     128.0000 -129.0000 -129.0000
/opt/freesurfer/average/711-2B_as_mni_average_305_mask.4dfp.img
       256       256       256         1
  1.000000  1.000000  1.000000
orientation T byte_order littleendian
Reading mask: /opt/freesurfer/average/711-2B_as_mni_average_305_mask.4dfp.img (2306576 pixels)
talsrcimg_g11.4dfp.img
       256       256       256         1
  1.000000  1.000000  1.000000
orientation T byte_order littleendian
Reading image: talsrcimg_g11.4dfp.img
dimensions:      256       256       256
mmppix:       1.0000   -1.0000   -1.0000
center:     128.0000 -129.0000 -129.0000
rotation matrix determinant  1.000000
fimgreg.f
image alignment mode   1283 decimal      503 hex
parameters
    0.0000   15.0000   22.5000    0.0000    0.0000    0.0000
eta,q 0.94686 12.98128
niter,ni,del,rscale     5    3   12.0000    1.2000
parameter  4  0.661597 ->  0.500000 qaram    1.1500
parameters
    1.1996   16.3306   20.3854   -3.4500    0.0371    2.0844
eta,q 0.95438 12.78201
  0.0749  0.0681  0.0521  0.0450  0.0552  0.0542
  0.0667  0.0598  0.0476  0.0455  0.0513  0.0504
  0.0588  0.0536  0.0464  0.0461  0.0475  0.0472
  0.0509  0.0491  0.0479  0.0464  0.0456  0.0456
  0.0497  0.0483  0.0526  0.0480  0.0468  0.0456
  0.0556  0.0510  0.0591  0.0514  0.0506  0.0461
  0.0636  0.0573  0.0650  0.0552  0.0556  0.0471
niter,ni,del,rscale     5    3   12.0000    1.2000
parameter  4  1.405718 ->  0.500000 qaram    1.3225
parameters
    1.3976   17.5864   19.6155   -7.4175    0.0246    2.8344
eta,q 0.95728 12.70682
  0.0665  0.0600  0.0538  0.0418  0.0506  0.0482
  0.0573  0.0511  0.0478  0.0425  0.0476  0.0449
  0.0493  0.0468  0.0452  0.0439  0.0447  0.0431
  0.0456  0.0456  0.0457  0.0454  0.0428  0.0428
  0.0488  0.0458  0.0478  0.0458  0.0432  0.0428
  0.0560  0.0466  0.0525  0.0471  0.0466  0.0436
  0.0638  0.0505  0.0583  0.0511  0.0518  0.0457
niter,ni,del,rscale     5    3   12.0000    1.2000
parameter  4  0.569382 ->  0.500000 qaram    1.5209
parameters
    1.2870   19.1793   18.8701  -11.9801   -0.3067    1.7815
eta,q 0.96006 12.67305
  0.0618  0.0590  0.0519  0.0410  0.0479  0.0434
  0.0522  0.0504  0.0449  0.0403  0.0440  0.0407
  0.0448  0.0449  0.0412  0.0407  0.0414  0.0398
  0.0427  0.0427  0.0421  0.0414  0.0404  0.0404
  0.0468  0.0422  0.0457  0.0436  0.0415  0.0417
  0.0542  0.0437  0.0503  0.0459  0.0447  0.0432
  0.0620  0.0470  0.0560  0.0498  0.0503  0.0457
niter,ni,del,rscale     5    3   12.0000    1.2000
parameters
    1.6133   20.8860   18.3467  -12.6825   -0.9394    2.0436
eta,q 0.96068 12.63148
  0.0623  0.0599  0.0500  0.0470  0.0470  0.0441
  0.0529  0.0493  0.0430  0.0407  0.0429  0.0412
  0.0443  0.0424  0.0394  0.0388  0.0400  0.0396
  0.0399  0.0399  0.0399  0.0395  0.0393  0.0393
  0.0427  0.0400  0.0419  0.0409  0.0416  0.0401
  0.0497  0.0413  0.0462  0.0442  0.0456  0.0412
  0.0583  0.0443  0.0537  0.0479  0.0506  0.0428
niter,ni,del,rscale     4    3   12.0000    1.2000
parameters
    1.6784   21.4143   18.1911  -13.3426   -1.1301    2.2842
eta,q 0.96098 12.62781
  0.0608  0.0528  0.0517  0.0475  0.0481  0.0439
  0.0514  0.0439  0.0440  0.0404  0.0435  0.0412
  0.0430  0.0399  0.0396  0.0382  0.0401  0.0395
  0.0393  0.0393  0.0394  0.0393  0.0390  0.0390
  0.0427  0.0401  0.0413  0.0406  0.0406  0.0396
  0.0507  0.0430  0.0453  0.0443  0.0444  0.0409
  0.0601  0.0473  0.0523  0.0483  0.0492  0.0430
niter,ni,del,rscale     3    3   12.0000    1.2000
parameters
    1.6872   21.7128   18.0611  -13.6139   -1.2008    2.4320
eta,q 0.96120 12.62380
  0.0602  0.0520  0.0518  0.0488  0.0482  0.0437
  0.0507  0.0429  0.0439  0.0410  0.0436  0.0411
  0.0425  0.0395  0.0394  0.0378  0.0400  0.0394
  0.0390  0.0390  0.0390  0.0389  0.0388  0.0388
  0.0424  0.0403  0.0410  0.0402  0.0402  0.0395
  0.0507  0.0435  0.0452  0.0437  0.0438  0.0408
  0.0601  0.0478  0.0521  0.0481  0.0486  0.0432
niter,ni,del,rscale     2    3   12.0000    1.2000
parameters
    1.6613   21.8264   18.0135  -13.7078   -1.1928    2.4984
eta,q 0.96124 12.62079
  0.0598  0.0511  0.0522  0.0494  0.0483  0.0436
  0.0502  0.0422  0.0440  0.0414  0.0437  0.0410
  0.0421  0.0393  0.0393  0.0378  0.0400  0.0393
  0.0388  0.0388  0.0388  0.0388  0.0388  0.0388
  0.0422  0.0405  0.0408  0.0401  0.0400  0.0395
  0.0506  0.0439  0.0450  0.0434  0.0435  0.0409
  0.0601  0.0483  0.0517  0.0479  0.0483  0.0433
niter,ni,del,rscale     1    3   12.0000    1.2000
parameters
    1.6423   21.8635   17.9963  -13.7397   -1.1775    2.5225
eta,q 0.96124 12.61939
  0.0598  0.0507  0.0523  0.0496  0.0483  0.0435
  0.0501  0.0420  0.0441  0.0416  0.0437  0.0410
  0.0421  0.0392  0.0393  0.0377  0.0400  0.0393
  0.0388  0.0388  0.0388  0.0388  0.0388  0.0388
  0.0421  0.0407  0.0407  0.0401  0.0400  0.0394
  0.0505  0.0441  0.0448  0.0433  0.0435  0.0409
  0.0600  0.0484  0.0516  0.0478  0.0483  0.0434
registration optimization eta report
parameter search radius
    6.0000    6.0000    6.0000    9.1253    6.0000    6.0000
100000*second partial in parameter space
       57.       30.       37.       13.       26.       13.
  0.0598  0.0507  0.0523  0.0496  0.0483  0.0435
  0.0501  0.0420  0.0441  0.0416  0.0437  0.0410
  0.0421  0.0392  0.0393  0.0377  0.0400  0.0393
  0.0388  0.0388  0.0388  0.0388  0.0388  0.0388
  0.0421  0.0407  0.0407  0.0401  0.0400  0.0394
  0.0505  0.0441  0.0448  0.0433  0.0435  0.0409
  0.0600  0.0484  0.0516  0.0478  0.0483  0.0434
    1.6423   21.8635   17.9963  -13.7397   -1.1775    2.5225
eta,q 0.96124 12.61939

---------------------------------------------------------------------
imgreg_4dfp /opt/freesurfer/average/711-2C_as_mni_average_305 /opt/freesurfer/average/711-2B_as_mni_average_305_mask talsrcimg_g11 none talsrcimg_to_711-2C_as_mni_average_305_t4 3335
---------------------------------------------------------------------

freesurfer imgreg_4dfp.c
/opt/freesurfer/average/711-2C_as_mni_average_305.4dfp.img
       256       256       256         1
  1.000000  1.000000  1.000000
orientation T byte_order littleendian
Reading image: /opt/freesurfer/average/711-2C_as_mni_average_305.4dfp.img
dimensions:      256       256       256
mmppix:       1.0000   -1.0000   -1.0000
center:     128.0000 -129.0000 -129.0000
/opt/freesurfer/average/711-2B_as_mni_average_305_mask.4dfp.img
       256       256       256         1
  1.000000  1.000000  1.000000
orientation T byte_order littleendian
Reading mask: /opt/freesurfer/average/711-2B_as_mni_average_305_mask.4dfp.img (2306576 pixels)
talsrcimg_g11.4dfp.img
       256       256       256         1
  1.000000  1.000000  1.000000
orientation T byte_order littleendian
Reading image: talsrcimg_g11.4dfp.img
dimensions:      256       256       256
mmppix:       1.0000   -1.0000   -1.0000
center:     128.0000 -129.0000 -129.0000
fimgreg.f
image alignment mode   3335 decimal      D07 hex
parameters
    1.6423   21.8635   17.9963   -0.1180   -2.9771   -2.8820
   -4.7628    0.9489    4.4003   23.8159   -2.0549  -23.7460
eta,q 0.96356 12.74720
niter,ni,del,rscale     5    3    5.0000    1.2000
parameter  4  0.961560 ->  0.500000 qaram    1.1500
parameter  5  7.950830 ->  0.500000 qaram    1.1500
parameters
    1.7927   22.0026   17.7325   -4.2580   -7.1171   -6.0907
   -4.2958    1.4719    5.1201   22.2631   -1.6454  -22.9488
eta,q 0.97598 12.74288
  0.0420  0.0388  0.0387  0.0308  0.0222  0.0258  0.0277  0.0311  0.0274  0.0267  0.0254  0.0261
  0.0392  0.0376  0.0373  0.0315  0.0240  0.0247  0.0259  0.0274  0.0258  0.0251  0.0247  0.0250
  0.0373  0.0368  0.0365  0.0331  0.0274  0.0240  0.0247  0.0251  0.0247  0.0242  0.0242  0.0243
  0.0364  0.0364  0.0364  0.0363  0.0318  0.0248  0.0242  0.0242  0.0241  0.0241  0.0241  0.0240
  0.0368  0.0366  0.0370  0.0419  0.0366  0.0283  0.0244  0.0245  0.0242  0.0251  0.0241  0.0241
  0.0383  0.0373  0.0382  0.0487  0.0404  0.0345  0.0253  0.0262  0.0250  0.0276  0.0245  0.0245
  0.0408  0.0383  0.0399  0.0555  0.0430  0.0410  0.0269  0.0293  0.0264  0.0313  0.0251  0.0253
niter,ni,del,rscale     6    3    5.0000    1.2000
parameter  3  0.750858 ->  0.500000 qaram    1.1500
parameter 12  0.536314 ->  0.500000 qaram    1.1500
parameters
    1.9348   21.8627   16.3525   -7.0053  -11.2018   -6.7964
   -4.7149    1.2755    5.9916   22.3613   -0.9730  -27.0888
eta,q 0.97859 12.58853
  0.0279  0.0270  0.0232  0.0244  0.0235  0.0252  0.0244  0.0261  0.0247  0.0253  0.0229  0.0218
  0.0259  0.0252  0.0230  0.0234  0.0221  0.0238  0.0229  0.0237  0.0233  0.0236  0.0223  0.0214
  0.0246  0.0242  0.0233  0.0229  0.0216  0.0226  0.0221  0.0224  0.0224  0.0224  0.0220  0.0215
  0.0240  0.0240  0.0240  0.0230  0.0229  0.0216  0.0219  0.0219  0.0219  0.0219  0.0218  0.0218
  0.0243  0.0245  0.0250  0.0243  0.0264  0.0217  0.0224  0.0224  0.0220  0.0220  0.0219  0.0224
  0.0253  0.0258  0.0264  0.0278  0.0312  0.0239  0.0234  0.0240  0.0225  0.0232  0.0221  0.0232
  0.0271  0.0277  0.0281  0.0342  0.0356  0.0288  0.0249  0.0268  0.0236  0.0254  0.0226  0.0241
niter,ni,del,rscale     7    3    5.0000    1.2000
parameters
    1.9605   22.7197   15.6912   -6.2912  -12.6517   -7.2135
   -5.1162    1.0036    6.1897   23.5191   -0.7606  -28.5798
eta,q 0.97923 12.57501
  0.0247  0.0266  0.0221  0.0245  0.0249  0.0247  0.0236  0.0251  0.0233  0.0251  0.0218  0.0221
  0.0229  0.0244  0.0211  0.0229  0.0229  0.0232  0.0221  0.0227  0.0221  0.0231  0.0213  0.0211
  0.0218  0.0226  0.0208  0.0216  0.0213  0.0219  0.0212  0.0215  0.0213  0.0218  0.0210  0.0208
  0.0214  0.0214  0.0209  0.0208  0.0206  0.0208  0.0210  0.0210  0.0210  0.0210  0.0209  0.0209
  0.0218  0.0209  0.0215  0.0204  0.0219  0.0207  0.0215  0.0215  0.0212  0.0209  0.0209  0.0214
  0.0228  0.0213  0.0226  0.0212  0.0256  0.0227  0.0225  0.0230  0.0219  0.0216  0.0212  0.0222
  0.0245  0.0224  0.0240  0.0241  0.0304  0.0273  0.0241  0.0259  0.0231  0.0232  0.0217  0.0232
niter,ni,del,rscale     6    3    5.0000    1.2000
parameters
    1.9321   22.9418   15.5122   -6.0263  -13.1778   -7.4175
   -5.1570    0.8583    6.2394   23.8739   -0.8038  -29.0471
eta,q 0.97914 12.56843
  0.0239  0.0243  0.0226  0.0244  0.0258  0.0249  0.0237  0.0252  0.0231  0.0243  0.0217  0.0228
  0.0222  0.0225  0.0214  0.0228  0.0236  0.0234  0.0222  0.0228  0.0219  0.0225  0.0213  0.0214
  0.0211  0.0213  0.0208  0.0216  0.0218  0.0220  0.0212  0.0214  0.0212  0.0214  0.0210  0.0209
  0.0208  0.0208  0.0207  0.0207  0.0207  0.0208  0.0209  0.0209  0.0209  0.0209  0.0209  0.0209
  0.0212  0.0209  0.0211  0.0204  0.0210  0.0206  0.0213  0.0213  0.0211  0.0211  0.0209  0.0213
  0.0223  0.0217  0.0219  0.0214  0.0239  0.0224  0.0222  0.0229  0.0219  0.0220  0.0212  0.0220
  0.0240  0.0233  0.0231  0.0249  0.0284  0.0269  0.0238  0.0257  0.0231  0.0238  0.0218  0.0230
niter,ni,del,rscale     5    3    5.0000    1.2000
parameters
    1.9107   23.0371   15.4279   -5.9442  -13.3519   -7.5067
   -5.1618    0.8156    6.2651   24.0199   -0.8136  -29.2387
eta,q 0.97908 12.56588
  0.0240  0.0240  0.0229  0.0244  0.0262  0.0251  0.0238  0.0254  0.0231  0.0241  0.0217  0.0230
  0.0223  0.0223  0.0216  0.0229  0.0240  0.0235  0.0222  0.0229  0.0219  0.0224  0.0213  0.0216
  0.0212  0.0213  0.0210  0.0217  0.0221  0.0221  0.0212  0.0215  0.0212  0.0213  0.0211  0.0210
  0.0209  0.0209  0.0209  0.0208  0.0208  0.0209  0.0209  0.0209  0.0209  0.0209  0.0209  0.0209
  0.0213  0.0211  0.0212  0.0206  0.0209  0.0205  0.0213  0.0213  0.0212  0.0212  0.0210  0.0213
  0.0224  0.0220  0.0219  0.0216  0.0234  0.0223  0.0222  0.0228  0.0219  0.0221  0.0213  0.0220
  0.0241  0.0235  0.0230  0.0253  0.0278  0.0268  0.0238  0.0256  0.0231  0.0240  0.0218  0.0229
niter,ni,del,rscale     4    3    5.0000    1.2000
parameters
    1.9002   23.0702   15.3904   -5.9193  -13.4124   -7.5484
   -5.1624    0.7948    6.2807   24.0732   -0.8166  -29.3095
eta,q 0.97907 12.56463
  0.0241  0.0238  0.0230  0.0244  0.0263  0.0252  0.0238  0.0254  0.0231  0.0241  0.0218  0.0231
  0.0223  0.0223  0.0217  0.0229  0.0241  0.0235  0.0222  0.0229  0.0219  0.0223  0.0214  0.0216
  0.0213  0.0213  0.0211  0.0217  0.0222  0.0221  0.0213  0.0215  0.0212  0.0213  0.0211  0.0210
  0.0209  0.0209  0.0209  0.0209  0.0209  0.0209  0.0209  0.0209  0.0209  0.0209  0.0209  0.0209
  0.0213  0.0212  0.0212  0.0207  0.0209  0.0205  0.0213  0.0213  0.0212  0.0212  0.0210  0.0213
  0.0224  0.0221  0.0219  0.0218  0.0233  0.0223  0.0223  0.0228  0.0219  0.0222  0.0213  0.0220
  0.0241  0.0237  0.0230  0.0255  0.0276  0.0267  0.0238  0.0256  0.0231  0.0241  0.0219  0.0229
niter,ni,del,rscale     3    3    5.0000    1.2000
parameters
    1.8958   23.0830   15.3738   -5.9103  -13.4344   -7.5682
   -5.1641    0.7860    6.2836   24.0952   -0.8198  -29.3427
eta,q 0.97905 12.56410
  0.0241  0.0238  0.0230  0.0245  0.0264  0.0252  0.0238  0.0255  0.0231  0.0241  0.0218  0.0232
  0.0224  0.0222  0.0217  0.0229  0.0242  0.0236  0.0223  0.0229  0.0219  0.0223  0.0214  0.0217
  0.0213  0.0213  0.0211  0.0217  0.0223  0.0221  0.0213  0.0215  0.0212  0.0213  0.0211  0.0210
  0.0209  0.0209  0.0209  0.0209  0.0209  0.0209  0.0210  0.0210  0.0210  0.0210  0.0210  0.0210
  0.0213  0.0212  0.0212  0.0207  0.0209  0.0205  0.0213  0.0213  0.0212  0.0212  0.0210  0.0213
  0.0224  0.0222  0.0219  0.0218  0.0232  0.0223  0.0223  0.0228  0.0219  0.0222  0.0213  0.0220
  0.0241  0.0238  0.0230  0.0255  0.0275  0.0267  0.0238  0.0256  0.0231  0.0241  0.0219  0.0229
registration optimization eta report
parameter search radius
    2.4000    2.4000    2.7600    8.2800    8.2800    7.2000
    7.2000    7.2000    7.2000    7.2000    7.2000    8.2800
100000*second partial in parameter space
       55.       49.       27.        6.        9.       10.
        5.        9.        4.        6.        2.        3.
  0.0241  0.0238  0.0230  0.0245  0.0264  0.0252  0.0238  0.0255  0.0231  0.0241  0.0218  0.0232
  0.0224  0.0222  0.0217  0.0229  0.0242  0.0236  0.0223  0.0229  0.0219  0.0223  0.0214  0.0217
  0.0213  0.0213  0.0211  0.0217  0.0223  0.0221  0.0213  0.0215  0.0212  0.0213  0.0211  0.0210
  0.0209  0.0209  0.0209  0.0209  0.0209  0.0209  0.0210  0.0210  0.0210  0.0210  0.0210  0.0210
  0.0213  0.0212  0.0212  0.0207  0.0209  0.0205  0.0213  0.0213  0.0212  0.0212  0.0210  0.0213
  0.0224  0.0222  0.0219  0.0218  0.0232  0.0223  0.0223  0.0228  0.0219  0.0222  0.0213  0.0220
  0.0241  0.0238  0.0230  0.0255  0.0275  0.0267  0.0238  0.0256  0.0231  0.0241  0.0219  0.0229
    1.8958   23.0830   15.3738   -5.9103  -13.4344   -7.5682
   -5.1641    0.7860    6.2836   24.0952   -0.8198  -29.3427
eta,q 0.97905 12.56410

---------------------------------------------------------------------
imgreg_4dfp /opt/freesurfer/average/711-2C_as_mni_average_305 /opt/freesurfer/average/711-2B_as_mni_average_305_mask talsrcimg_g11 none talsrcimg_to_711-2C_as_mni_average_305_t4 2311
---------------------------------------------------------------------

freesurfer imgreg_4dfp.c
/opt/freesurfer/average/711-2C_as_mni_average_305.4dfp.img
       256       256       256         1
  1.000000  1.000000  1.000000
orientation T byte_order littleendian
Reading image: /opt/freesurfer/average/711-2C_as_mni_average_305.4dfp.img
dimensions:      256       256       256
mmppix:       1.0000   -1.0000   -1.0000
center:     128.0000 -129.0000 -129.0000
/opt/freesurfer/average/711-2B_as_mni_average_305_mask.4dfp.img
       256       256       256         1
  1.000000  1.000000  1.000000
orientation T byte_order littleendian
Reading mask: /opt/freesurfer/average/711-2B_as_mni_average_305_mask.4dfp.img (2306576 pixels)
talsrcimg_g11.4dfp.img
       256       256       256         1
  1.000000  1.000000  1.000000
orientation T byte_order littleendian
Reading image: talsrcimg_g11.4dfp.img
dimensions:      256       256       256
mmppix:       1.0000   -1.0000   -1.0000
center:     128.0000 -129.0000 -129.0000
fimgreg.f
image alignment mode   2311 decimal      907 hex
parameters
    1.8958   23.0830   15.3738   -5.9103  -13.4344   -7.5682
   -5.1641    0.7860    6.2836   24.0952   -0.8198  -29.3427
eta,q 0.97905 12.56409
niter,ni,del,rscale     5    3    5.0000    0.8000
parameters
    1.8899   23.0970   15.2645   -4.1874  -12.8218   -6.9766
   -5.0910    0.7692    6.1476   24.1550   -0.8494  -29.4559
eta,q 0.97967 12.65153
  0.0224  0.0222  0.0215  0.0226  0.0233  0.0232  0.0219  0.0229  0.0214  0.0221  0.0209  0.0211
  0.0216  0.0215  0.0212  0.0219  0.0222  0.0222  0.0210  0.0215  0.0208  0.0211  0.0206  0.0206
  0.0211  0.0211  0.0210  0.0214  0.0213  0.0213  0.0205  0.0206  0.0205  0.0206  0.0204  0.0204
  0.0209  0.0210  0.0209  0.0209  0.0207  0.0206  0.0203  0.0203  0.0203  0.0203  0.0203  0.0203
  0.0211  0.0211  0.0211  0.0207  0.0205  0.0202  0.0205  0.0206  0.0205  0.0205  0.0204  0.0205
  0.0216  0.0215  0.0213  0.0207  0.0211  0.0209  0.0210  0.0215  0.0209  0.0210  0.0206  0.0207
  0.0224  0.0222  0.0217  0.0213  0.0225  0.0226  0.0218  0.0230  0.0215  0.0220  0.0209  0.0211
niter,ni,del,rscale     4    3    5.0000    0.7000
parameters
    1.8905   22.9553   15.3550   -4.6528  -12.5754   -6.6898
   -5.0751    0.7800    6.1217   24.0824   -0.8563  -29.2709
eta,q 0.97977 12.65184
  0.0216  0.0212  0.0211  0.0212  0.0223  0.0225  0.0214  0.0222  0.0211  0.0215  0.0207  0.0209
  0.0209  0.0207  0.0207  0.0208  0.0215  0.0217  0.0207  0.0211  0.0206  0.0208  0.0204  0.0205
  0.0205  0.0204  0.0204  0.0205  0.0208  0.0209  0.0204  0.0205  0.0203  0.0204  0.0203  0.0203
  0.0203  0.0203  0.0203  0.0203  0.0204  0.0203  0.0202  0.0202  0.0202  0.0202  0.0202  0.0202
  0.0205  0.0205  0.0204  0.0204  0.0203  0.0202  0.0204  0.0204  0.0203  0.0204  0.0203  0.0203
  0.0209  0.0210  0.0206  0.0209  0.0209  0.0209  0.0207  0.0210  0.0206  0.0208  0.0204  0.0205
  0.0216  0.0217  0.0209  0.0221  0.0222  0.0224  0.0214  0.0222  0.0211  0.0217  0.0207  0.0208
niter,ni,del,rscale     3    3    5.0000    0.6000
parameters
    1.9138   22.9280   15.4344   -4.5942  -12.4358   -6.4619
   -5.0768    0.8018    6.0890   24.0187   -0.9247  -29.1423
eta,q 0.97985 12.66073
  0.0212  0.0210  0.0208  0.0210  0.0217  0.0220  0.0210  0.0216  0.0208  0.0211  0.0205  0.0206
  0.0206  0.0206  0.0205  0.0207  0.0210  0.0213  0.0205  0.0208  0.0204  0.0206  0.0203  0.0203
  0.0203  0.0203  0.0203  0.0204  0.0205  0.0207  0.0202  0.0203  0.0202  0.0203  0.0202  0.0202
  0.0202  0.0202  0.0202  0.0202  0.0202  0.0202  0.0201  0.0201  0.0202  0.0201  0.0201  0.0201
  0.0203  0.0203  0.0203  0.0202  0.0202  0.0201  0.0202  0.0203  0.0202  0.0203  0.0202  0.0202
  0.0206  0.0206  0.0204  0.0205  0.0207  0.0207  0.0205  0.0208  0.0205  0.0206  0.0203  0.0203
  0.0211  0.0211  0.0207  0.0211  0.0217  0.0219  0.0210  0.0216  0.0208  0.0212  0.0205  0.0206
niter,ni,del,rscale     2    3    5.0000    0.5000
parameters
    1.9230   22.9088   15.5049   -4.5230  -12.3108   -6.2572
   -5.0672    0.8315    6.0651   23.9658   -1.0106  -28.9967
eta,q 0.97991 12.66872
  0.0208  0.0207  0.0206  0.0207  0.0212  0.0215  0.0207  0.0211  0.0206  0.0208  0.0203  0.0204
  0.0204  0.0204  0.0203  0.0205  0.0207  0.0210  0.0204  0.0206  0.0203  0.0204  0.0202  0.0202
  0.0202  0.0202  0.0202  0.0203  0.0204  0.0205  0.0202  0.0202  0.0201  0.0202  0.0201  0.0201
  0.0201  0.0201  0.0201  0.0202  0.0201  0.0201  0.0201  0.0201  0.0201  0.0201  0.0201  0.0201
  0.0202  0.0202  0.0202  0.0202  0.0202  0.0201  0.0202  0.0202  0.0201  0.0202  0.0201  0.0201
  0.0204  0.0204  0.0203  0.0203  0.0205  0.0205  0.0204  0.0205  0.0203  0.0204  0.0202  0.0202
  0.0208  0.0208  0.0205  0.0207  0.0212  0.0214  0.0207  0.0211  0.0206  0.0209  0.0204  0.0204
niter,ni,del,rscale     1    3    5.0000    0.4000
parameters
    1.9264   22.8912   15.5760   -4.4723  -12.1962   -6.0620
   -5.0568    0.8585    6.0339   23.9140   -1.1118  -28.8415
eta,q 0.97995 12.67542
  0.0205  0.0205  0.0204  0.0205  0.0208  0.0211  0.0205  0.0207  0.0204  0.0205  0.0202  0.0203
  0.0203  0.0203  0.0202  0.0203  0.0205  0.0207  0.0202  0.0204  0.0202  0.0203  0.0201  0.0202
  0.0201  0.0201  0.0201  0.0202  0.0202  0.0203  0.0201  0.0202  0.0201  0.0201  0.0201  0.0201
  0.0201  0.0201  0.0201  0.0201  0.0201  0.0201  0.0201  0.0201  0.0200  0.0201  0.0201  0.0201
  0.0201  0.0201  0.0201  0.0201  0.0201  0.0201  0.0201  0.0201  0.0201  0.0201  0.0201  0.0201
  0.0203  0.0203  0.0202  0.0202  0.0203  0.0203  0.0202  0.0203  0.0202  0.0203  0.0201  0.0201
  0.0205  0.0205  0.0203  0.0205  0.0207  0.0209  0.0204  0.0207  0.0204  0.0206  0.0202  0.0202
registration optimization eta report
parameter search radius
    0.8000    0.8000    0.8000    2.4000    2.4000    2.4000
    2.4000    2.4000    2.4000    2.4000    2.4000    2.4000
100000*second partial in parameter space
       64.       61.       38.        6.       12.       16.
        7.       12.        6.        9.        3.        3.
  0.0205  0.0205  0.0204  0.0205  0.0208  0.0211  0.0205  0.0207  0.0204  0.0205  0.0202  0.0203
  0.0203  0.0203  0.0202  0.0203  0.0205  0.0207  0.0202  0.0204  0.0202  0.0203  0.0201  0.0202
  0.0201  0.0201  0.0201  0.0202  0.0202  0.0203  0.0201  0.0202  0.0201  0.0201  0.0201  0.0201
  0.0201  0.0201  0.0201  0.0201  0.0201  0.0201  0.0201  0.0201  0.0200  0.0201  0.0201  0.0201
  0.0201  0.0201  0.0201  0.0201  0.0201  0.0201  0.0201  0.0201  0.0201  0.0201  0.0201  0.0201
  0.0203  0.0203  0.0202  0.0202  0.0203  0.0203  0.0202  0.0203  0.0202  0.0203  0.0201  0.0201
  0.0205  0.0205  0.0203  0.0205  0.0207  0.0209  0.0204  0.0207  0.0204  0.0206  0.0202  0.0202
    1.9264   22.8912   15.5760   -4.4723  -12.1962   -6.0620
   -5.0568    0.8585    6.0339   23.9140   -1.1118  -28.8415
eta,q 0.97995 12.67542

---------------------------------------------------------------------
imgreg_4dfp /opt/freesurfer/average/711-2C_as_mni_average_305 /opt/freesurfer/average/711-2B_as_mni_average_305_mask talsrcimg_g11 none talsrcimg_to_711-2C_as_mni_average_305_t4 2311
---------------------------------------------------------------------

freesurfer imgreg_4dfp.c
/opt/freesurfer/average/711-2C_as_mni_average_305.4dfp.img
       256       256       256         1
  1.000000  1.000000  1.000000
orientation T byte_order littleendian
Reading image: /opt/freesurfer/average/711-2C_as_mni_average_305.4dfp.img
dimensions:      256       256       256
mmppix:       1.0000   -1.0000   -1.0000
center:     128.0000 -129.0000 -129.0000
/opt/freesurfer/average/711-2B_as_mni_average_305_mask.4dfp.img
       256       256       256         1
  1.000000  1.000000  1.000000
orientation T byte_order littleendian
Reading mask: /opt/freesurfer/average/711-2B_as_mni_average_305_mask.4dfp.img (2306576 pixels)
talsrcimg_g11.4dfp.img
       256       256       256         1
  1.000000  1.000000  1.000000
orientation T byte_order littleendian
Reading image: talsrcimg_g11.4dfp.img
dimensions:      256       256       256
mmppix:       1.0000   -1.0000   -1.0000
center:     128.0000 -129.0000 -129.0000
fimgreg.f
image alignment mode   2311 decimal      907 hex
parameters
    1.9264   22.8912   15.5760   -4.4723  -12.1962   -6.0620
   -5.0568    0.8585    6.0339   23.9140   -1.1118  -28.8415
eta,q 0.97995 12.67542
niter,ni,del,rscale     5    3    5.0000    0.8000
parameters
    1.9368   22.8587   15.7208   -5.1297  -12.5525   -6.4349
   -5.0989    0.9249    6.1529   23.8911   -1.0212  -28.8571
eta,q 0.97977 12.64231
  0.0217  0.0215  0.0213  0.0212  0.0222  0.0225  0.0216  0.0227  0.0214  0.0219  0.0208  0.0210
  0.0208  0.0207  0.0206  0.0206  0.0212  0.0215  0.0209  0.0213  0.0208  0.0210  0.0205  0.0205
  0.0203  0.0202  0.0202  0.0202  0.0205  0.0207  0.0204  0.0205  0.0204  0.0204  0.0203  0.0203
  0.0201  0.0201  0.0201  0.0201  0.0201  0.0201  0.0202  0.0202  0.0202  0.0202  0.0202  0.0202
  0.0202  0.0202  0.0201  0.0202  0.0203  0.0204  0.0204  0.0204  0.0203  0.0204  0.0203  0.0203
  0.0208  0.0208  0.0204  0.0209  0.0214  0.0217  0.0209  0.0212  0.0207  0.0210  0.0204  0.0206
  0.0217  0.0217  0.0208  0.0225  0.0233  0.0240  0.0217  0.0226  0.0213  0.0220  0.0208  0.0210
niter,ni,del,rscale     4    3    5.0000    0.7000
parameters
    1.9385   22.9252   15.5778   -4.7605  -12.5024   -6.4520
   -5.1087    0.8774    6.1396   23.9381   -0.9899  -29.0098
eta,q 0.97983 12.65364
  0.0214  0.0214  0.0208  0.0214  0.0220  0.0222  0.0213  0.0220  0.0211  0.0216  0.0206  0.0207
  0.0208  0.0208  0.0204  0.0208  0.0212  0.0214  0.0207  0.0210  0.0206  0.0208  0.0204  0.0204
  0.0204  0.0204  0.0202  0.0205  0.0206  0.0207  0.0203  0.0204  0.0203  0.0203  0.0202  0.0202
  0.0202  0.0202  0.0202  0.0202  0.0202  0.0202  0.0202  0.0202  0.0202  0.0202  0.0202  0.0202
  0.0204  0.0203  0.0204  0.0202  0.0202  0.0202  0.0203  0.0204  0.0203  0.0203  0.0202  0.0203
  0.0208  0.0206  0.0206  0.0204  0.0209  0.0211  0.0207  0.0210  0.0206  0.0207  0.0203  0.0205
  0.0214  0.0212  0.0210  0.0212  0.0222  0.0227  0.0213  0.0222  0.0211  0.0215  0.0206  0.0208
niter,ni,del,rscale     3    3    5.0000    0.6000
parameters
    1.9298   22.9136   15.5348   -4.6495  -12.4038   -6.3520
   -5.0971    0.8550    6.1053   23.9529   -0.9918  -29.0013
eta,q 0.97987 12.66139
  0.0211  0.0210  0.0207  0.0210  0.0216  0.0218  0.0210  0.0215  0.0208  0.0212  0.0205  0.0206
  0.0206  0.0205  0.0204  0.0206  0.0210  0.0212  0.0205  0.0208  0.0204  0.0206  0.0203  0.0203
  0.0203  0.0203  0.0202  0.0203  0.0205  0.0206  0.0202  0.0203  0.0202  0.0203  0.0202  0.0202
  0.0202  0.0202  0.0202  0.0202  0.0202  0.0201  0.0201  0.0201  0.0201  0.0201  0.0201  0.0201
  0.0203  0.0203  0.0203  0.0202  0.0202  0.0201  0.0202  0.0203  0.0202  0.0202  0.0202  0.0202
  0.0206  0.0206  0.0204  0.0204  0.0207  0.0208  0.0205  0.0208  0.0204  0.0206  0.0203  0.0203
  0.0211  0.0210  0.0207  0.0210  0.0216  0.0220  0.0210  0.0216  0.0208  0.0212  0.0205  0.0205
niter,ni,del,rscale     2    3    5.0000    0.5000
parameters
    1.9317   22.9031   15.5587   -4.5502  -12.2927   -6.1957
   -5.0760    0.8561    6.0649   23.9361   -1.0518  -28.9280
eta,q 0.97992 12.66920
  0.0208  0.0207  0.0205  0.0207  0.0212  0.0214  0.0207  0.0211  0.0206  0.0208  0.0203  0.0204
  0.0204  0.0204  0.0203  0.0204  0.0207  0.0209  0.0204  0.0205  0.0203  0.0204  0.0202  0.0202
  0.0202  0.0202  0.0202  0.0202  0.0203  0.0205  0.0202  0.0202  0.0201  0.0202  0.0201  0.0201
  0.0201  0.0201  0.0201  0.0201  0.0201  0.0201  0.0201  0.0201  0.0201  0.0201  0.0201  0.0201
  0.0202  0.0202  0.0202  0.0201  0.0201  0.0201  0.0201  0.0202  0.0201  0.0202  0.0201  0.0201
  0.0204  0.0204  0.0203  0.0203  0.0205  0.0205  0.0203  0.0205  0.0203  0.0204  0.0202  0.0202
  0.0208  0.0207  0.0205  0.0207  0.0212  0.0214  0.0207  0.0211  0.0206  0.0208  0.0203  0.0204
niter,ni,del,rscale     1    3    5.0000    0.4000
parameters
    1.9338   22.8892   15.6068   -4.4875  -12.1898   -6.0310
   -5.0569    0.8697    6.0385   23.9010   -1.1266  -28.7949
eta,q 0.97995 12.67548
  0.0205  0.0205  0.0204  0.0204  0.0208  0.0210  0.0204  0.0207  0.0204  0.0205  0.0202  0.0203
  0.0203  0.0202  0.0202  0.0203  0.0205  0.0206  0.0202  0.0204  0.0202  0.0203  0.0201  0.0201
  0.0201  0.0201  0.0201  0.0201  0.0202  0.0203  0.0201  0.0201  0.0201  0.0201  0.0201  0.0201
  0.0201  0.0201  0.0201  0.0201  0.0201  0.0201  0.0200  0.0200  0.0200  0.0200  0.0200  0.0200
  0.0201  0.0201  0.0201  0.0201  0.0201  0.0201  0.0201  0.0201  0.0201  0.0201  0.0201  0.0201
  0.0203  0.0203  0.0202  0.0202  0.0203  0.0203  0.0202  0.0203  0.0202  0.0203  0.0201  0.0201
  0.0205  0.0205  0.0203  0.0204  0.0207  0.0209  0.0204  0.0207  0.0204  0.0206  0.0202  0.0202
registration optimization eta report
parameter search radius
    0.8000    0.8000    0.8000    2.4000    2.4000    2.4000
    2.4000    2.4000    2.4000    2.4000    2.4000    2.4000
100000*second partial in parameter space
       64.       61.       39.        6.       12.       16.
        7.       12.        6.        9.        3.        3.
  0.0205  0.0205  0.0204  0.0204  0.0208  0.0210  0.0204  0.0207  0.0204  0.0205  0.0202  0.0203
  0.0203  0.0202  0.0202  0.0203  0.0205  0.0206  0.0202  0.0204  0.0202  0.0203  0.0201  0.0201
  0.0201  0.0201  0.0201  0.0201  0.0202  0.0203  0.0201  0.0201  0.0201  0.0201  0.0201  0.0201
  0.0201  0.0201  0.0201  0.0201  0.0201  0.0201  0.0200  0.0200  0.0200  0.0200  0.0200  0.0200
  0.0201  0.0201  0.0201  0.0201  0.0201  0.0201  0.0201  0.0201  0.0201  0.0201  0.0201  0.0201
  0.0203  0.0203  0.0202  0.0202  0.0203  0.0203  0.0202  0.0203  0.0202  0.0203  0.0201  0.0201
  0.0205  0.0205  0.0203  0.0204  0.0207  0.0209  0.0204  0.0207  0.0204  0.0206  0.0202  0.0202
    1.9338   22.8892   15.6068   -4.4875  -12.1898   -6.0310
   -5.0569    0.8697    6.0385   23.9010   -1.1266  -28.7949
eta,q 0.97995 12.67548

---------------------------------------------------------------------
compute_vox2vox talsrcimg talsrcimg_to_711-2C_as_mni_average_305_t4 /opt/freesurfer/average/711-2C_as_mni_average_305
---------------------------------------------------------------------

freesurfer compute_vox2vox.c
Reading: talsrcimg.4dfp.ifh
Reading: talsrcimg_to_711-2C_as_mni_average_305_t4
Reading: /opt/freesurfer/average/711-2C_as_mni_average_305.4dfp.ifh
Writing: talsrcimg_to_711-2C_as_mni_average_305_t4_vox2vox.txt

start time Thu Mar 12 11:58:32 CET 2026
end		time Thu Mar 12 11:59:59 CET 2026

mpr2mni305 success

avi2talxfm orig_nu.mgz /opt/freesurfer/average/mni305.cor.mgz talsrcimg_to_711-2C_as_mni_average_305_t4_vox2vox.txt transforms/talairach.auto.xfm
avi2talxfm done
mv -f /out/sourcedata/freesurfer/sub-v1s18x0051276_ses-1/mri/talsrcimg_to_711-2C_as_mni_average_305_t4_vox2vox.txt /out/sourcedata/freesurfer/sub-v1s18x0051276_ses-1/mri/transforms/talsrcimg_to_711-2C_as_mni_average_305_t4_vox2vox.txt
lta_convert --src orig_nu.mgz --trg /opt/freesurfer/average/mni305.cor.mgz --inxfm transforms/talairach.auto.xfm --outlta transforms/talairach.auto.xfm.lta --subject fsaverage
7.3.2

--src: orig_nu.mgz src image (geometry).
--trg: /opt/freesurfer/average/mni305.cor.mgz trg image (geometry).
--inmni: transforms/talairach.auto.xfm input MNI/XFM transform.
--outlta: transforms/talairach.auto.xfm.lta output LTA.
--s: fsaverage subject name
 LTA read, type : 1
 1.04339  -0.02302   0.05254  -0.90508;
-0.00875   0.98245   0.32166  -27.63719;
-0.06937  -0.26583   1.04765  -7.48453;
 0.00000   0.00000   0.00000   1.00000;
setting subject to fsaverage
Writing  LTA to file transforms/talairach.auto.xfm.lta...
lta_convert successful.
 
 
Started at Thu Mar 12 11:58:31 CET 2026
Ended   at Thu Mar 12 11:59:59 CET 2026
talairach_avi done
