/out/sourcedata/freesurfer/sub-v1s18x0051210_ses-1/mri
/opt/freesurfer/bin/talairach_avi
--i orig_nu.mgz --xfm transforms/talairach.auto.xfm
talairach_avi 7.3.2
Linux dna073 5.14.0-427.37.1.el9_4.x86_64 #1 SMP PREEMPT_DYNAMIC Fri Sep 13 12:41:50 EDT 2024 x86_64 x86_64 x86_64 GNU/Linux
Mon Mar  9 03:51:39 CET 2026
mri_convert orig_nu.mgz talsrcimg.img 
reading from orig_nu.mgz...
TR=0.00, TE=0.00, TI=0.00, flip angle=0.00
i_ras = (-1, 0, 0)
j_ras = (0, 0, -1)
k_ras = (0, 1, 0)
writing to talsrcimg.img...
Analyze Output Matrix
-1.00000   0.00000   0.00000   126.57321;
 0.00000   0.00000   1.00000  -132.84793;
 0.00000  -1.00000   0.00000   140.29056;
 0.00000   0.00000   0.00000   1.00000;
--------------------
INFO: set hdr.hist.orient to -1
mpr2mni305 talsrcimg
Mon Mar  9 03:51:39 CET 2026
/opt/freesurfer/bin/mpr2mni305 talsrcimg
mpr2mni305 7.3.2
target=711-2C_as_mni_average_305

---------------------------------------------------------------------
analyzeto4dfp talsrcimg -O0 -y
---------------------------------------------------------------------

freesurfer ifh2hdr.c
Mon Mar  9 03:51:39 2026
Writing: talsrcimg.4dfp.hdr
freesurfer analyzeto4dfp.c
Reading: talsrcimg.hdr
header size 348 bytes
hdr.dime.datatype	offset=70	value=2
hdr.dime.bitpix		offset=72	value=8
hdr.hist.orient		offset=252	value=-1
dimensionality     4
dimensions       256       256       256         1
Reading: talsrcimg.img
Writing: talsrcimg.4dfp.img
Writing: talsrcimg.4dfp.ifh
ifh2hdr talsrcimg -r0to246
ori=2

---------------------------------------------------------------------
gauss_4dfp talsrcimg 1.1
---------------------------------------------------------------------

freesurfer gauss_4dfp.c
Reading: talsrcimg.4dfp.img
Writing: talsrcimg_g11.4dfp.img
image dimensions 256 256 256 padded to 288 288 288
processing volume 1freesurfer ifh2hdr.c
Mon Mar  9 03:51:41 2026
Writing: talsrcimg_g11.4dfp.hdr

Writing: talsrcimg_g11.4dfp.ifh
including: talsrcimg.4dfp.img.rec in talsrcimg_g11.4dfp.img.rec

---------------------------------------------------------------------
imgreg_4dfp /opt/freesurfer/average/711-2C_as_mni_average_305 none talsrcimg_g11 none talsrcimg_to_711-2C_as_mni_average_305_t4 4355
---------------------------------------------------------------------

freesurfer imgreg_4dfp.c
/opt/freesurfer/average/711-2C_as_mni_average_305.4dfp.img
       256       256       256         1
  1.000000  1.000000  1.000000
orientation T byte_order littleendian
Reading image: /opt/freesurfer/average/711-2C_as_mni_average_305.4dfp.img
dimensions:      256       256       256
mmppix:       1.0000   -1.0000   -1.0000
center:     128.0000 -129.0000 -129.0000
talsrcimg_g11.4dfp.img
       256       256       256         1
  1.000000  1.000000  1.000000
orientation T byte_order littleendian
Reading image: talsrcimg_g11.4dfp.img
dimensions:      256       256       256
mmppix:       1.0000   -1.0000   -1.0000
center:     128.0000 -129.0000 -129.0000
t4_read: open error in t4_sub.f l:  41 t4_file(1:l)talsrcimg_to_711-2C_as_mni_average_305_t4 
t4_read: transform initialized to I4
rotation matrix determinant  1.000000
image alignment mode   4355 decimal     1103 hex
   -7.5000  -45.0000  -45.0000 6231.1895   15.3901
    0.0000  -45.0000  -45.0000 6503.4272   15.3858
    7.5000  -45.0000  -45.0000 6221.2451   15.3998
   -7.5000  -37.5000  -45.0000 6749.4077   15.2589
    0.0000  -37.5000  -45.0000 7031.1768   15.2591
    7.5000  -37.5000  -45.0000 6737.9634   15.2713
   -7.5000  -30.0000  -45.0000 7545.5957   15.2059
    0.0000  -30.0000  -45.0000 7837.6812   15.2090
    7.5000  -30.0000  -45.0000 7514.7715   15.2205
   -7.5000  -22.5000  -45.0000 8439.2822   15.1413
    0.0000  -22.5000  -45.0000 8771.0742   15.1426
    7.5000  -22.5000  -45.0000 8403.9131   15.1551
   -7.5000  -15.0000  -45.0000 9251.7842   15.0836
    0.0000  -15.0000  -45.0000 9614.3818   15.0820
    7.5000  -15.0000  -45.0000 9197.0107   15.0974
   -7.5000   -7.5000  -45.0000 9993.7773   15.0988
    0.0000   -7.5000  -45.000010385.4033   15.0953
    7.5000   -7.5000  -45.0000 9908.1338   15.1106
   -7.5000    0.0000  -45.000010652.2520   15.1629
    0.0000    0.0000  -45.000011035.9170   15.1602
    7.5000    0.0000  -45.000010546.1250   15.1732
   -7.5000    7.5000  -45.000010462.9678   15.2123
    0.0000    7.5000  -45.000010856.2227   15.2132
    7.5000    7.5000  -45.000010359.8115   15.2253
   -7.5000   15.0000  -45.000010187.7031   15.2059
    0.0000   15.0000  -45.000010564.3945   15.2090
    7.5000   15.0000  -45.000010104.3945   15.2205
   -7.5000   22.5000  -45.0000 9949.6279   15.1393
    0.0000   22.5000  -45.000010309.4893   15.1405
    7.5000   22.5000  -45.0000 9845.7490   15.1531
   -7.5000   30.0000  -45.0000 9606.0732   14.8826
    0.0000   30.0000  -45.0000 9932.6895   14.8810
    7.5000   30.0000  -45.0000 9478.1016   14.8962
   -7.5000   37.5000  -45.0000 9275.9600   14.8975
    0.0000   37.5000  -45.0000 9576.7354   14.8941
    7.5000   37.5000  -45.0000 9137.1211   14.9093
   -7.5000   45.0000  -45.0000 8573.1260   14.5809
    0.0000   45.0000  -45.0000 8863.3535   14.5783
    7.5000   45.0000  -45.0000 8452.0078   14.5909
   -7.5000  -45.0000  -37.5000 6703.4844   15.0897
    0.0000  -45.0000  -37.5000 6976.4141   15.0919
    7.5000  -45.0000  -37.5000 6675.8301   15.1131
   -7.5000  -37.5000  -37.5000 7257.2739   14.9515
    0.0000  -37.5000  -37.5000 7542.7544   14.9549
    7.5000  -37.5000  -37.5000 7221.2812   14.9737
   -7.5000  -30.0000  -37.5000 8112.1650   14.9008
    0.0000  -30.0000  -37.5000 8423.2266   14.9045
    7.5000  -30.0000  -37.5000 8060.9224   14.9190
   -7.5000  -22.5000  -37.5000 9072.3838   14.8439
    0.0000  -22.5000  -37.5000 9432.3018   14.8465
    7.5000  -22.5000  -37.5000 9000.4873   14.8593
   -7.5000  -15.0000  -37.5000 9940.6631   14.7928
    0.0000  -15.0000  -37.500010346.5635   14.7954
    7.5000  -15.0000  -37.5000 9873.0254   14.8117
   -7.5000   -7.5000  -37.500010705.3887   14.8066
    0.0000   -7.5000  -37.500011128.0322   14.8097
    7.5000   -7.5000  -37.500010597.8867   14.8294
   -7.5000    0.0000  -37.500011329.7012   14.8634
    0.0000    0.0000  -37.500011783.2930   14.8670
    7.5000    0.0000  -37.500011205.1572   14.8871
   -7.5000    7.5000  -37.500011129.6201   14.9065
    0.0000    7.5000  -37.500011592.7881   14.9105
    7.5000    7.5000  -37.500010995.5020   14.9292
   -7.5000   15.0000  -37.500010840.0273   14.9008
    0.0000   15.0000  -37.500011269.9609   14.9045
    7.5000   15.0000  -37.500010711.3008   14.9190
   -7.5000   22.5000  -37.500010566.5479   14.8419
    0.0000   22.5000  -37.500010973.0479   14.8445
    7.5000   22.5000  -37.500010462.2812   14.8572
   -7.5000   30.0000  -37.500010196.8916   14.5957
    0.0000   30.0000  -37.500010537.9541   14.5982
    7.5000   30.0000  -37.500010041.1133   14.6143
   -7.5000   37.5000  -37.5000 9839.3887   14.6092
    0.0000   37.5000  -37.500010171.1641   14.6123
    7.5000   37.5000  -37.5000 9676.2451   14.6318
   -7.5000   45.0000  -37.5000 9092.0068   14.2929
    0.0000   45.0000  -37.5000 9405.5898   14.2964
    7.5000   45.0000  -37.5000 8909.7686   14.3158
   -7.5000  -45.0000  -30.0000 7300.3481   15.4930
    0.0000  -45.0000  -30.0000 7596.3838   15.4944
    7.5000  -45.0000  -30.0000 7253.7627   15.5110
   -7.5000  -37.5000  -30.0000 7908.5381   15.3452
    0.0000  -37.5000  -30.0000 8224.1650   15.3424
    7.5000  -37.5000  -30.0000 7848.9790   15.3586
   -7.5000  -30.0000  -30.0000 8844.2646   15.2925
    0.0000  -30.0000  -30.0000 9220.3564   15.2880
    7.5000  -30.0000  -30.0000 8789.4746   15.3011
   -7.5000  -22.5000  -30.0000 9896.3379   15.2354
    0.0000  -22.5000  -30.000010327.1133   15.2339
    7.5000  -22.5000  -30.0000 9833.1562   15.2435
   -7.5000  -15.0000  -30.000010835.2334   15.1848
    0.0000  -15.0000  -30.000011303.5195   15.1888
    7.5000  -15.0000  -30.000010750.1631   15.2002
   -7.5000   -7.5000  -30.000011655.7871   15.1995
    0.0000   -7.5000  -30.000012133.1982   15.2057
    7.5000   -7.5000  -30.000011514.3662   15.2203
   -7.5000    0.0000  -30.000012309.9746   15.2574
    0.0000    0.0000  -30.000012834.2646   15.2603
    7.5000    0.0000  -30.000012134.1445   15.2761
   -7.5000    7.5000  -30.000012042.1650   15.2996
    0.0000    7.5000  -30.000012555.7734   15.2974
    7.5000    7.5000  -30.000011880.9072   15.3136
   -7.5000   15.0000  -30.000011731.8516   15.2925
    0.0000   15.0000  -30.000012202.0752   15.2880
    7.5000   15.0000  -30.000011550.2090   15.3011
   -7.5000   22.5000  -30.000011450.8672   15.2318
    0.0000   22.5000  -30.000011904.0957   15.2302
    7.5000   22.5000  -30.000011283.8301   15.2399
   -7.5000   30.0000  -30.000011004.1650   14.9839
    0.0000   30.0000  -30.000011399.9922   14.9878
    7.5000   30.0000  -30.000010814.9414   14.9991
   -7.5000   37.5000  -30.000010624.5879   14.9984
    0.0000   37.5000  -30.000010998.6357   15.0045
    7.5000   37.5000  -30.000010417.8311   15.0189
   -7.5000   45.0000  -30.0000 9805.2920   14.6826
    0.0000   45.0000  -30.000010155.4717   14.6854
    7.5000   45.0000  -30.0000 9587.9141   14.7006
   -7.5000  -45.0000  -22.5000 7923.7925   15.8195
    0.0000  -45.0000  -22.5000 8237.2148   15.8127
    7.5000  -45.0000  -22.5000 7871.5815   15.8164
   -7.5000  -37.5000  -22.5000 8604.3574   15.6694
    0.0000  -37.5000  -22.5000 8946.1318   15.6567
    7.5000  -37.5000  -22.5000 8545.8477   15.6633
   -7.5000  -30.0000  -22.5000 9659.3604   15.6160
    0.0000  -30.0000  -22.500010057.7959   15.6028
    7.5000  -30.0000  -22.5000 9588.3857   15.6115
   -7.5000  -22.5000  -22.500010788.0215   15.5559
    0.0000  -22.5000  -22.500011237.7803   15.5490
    7.5000  -22.5000  -22.500010681.5986   15.5558
   -7.5000  -15.0000  -22.500011790.5498   15.5027
    0.0000  -15.0000  -22.500012292.2744   15.5038
    7.5000  -15.0000  -22.500011636.9873   15.5095
   -7.5000   -7.5000  -22.500012638.7881   15.5178
    0.0000   -7.5000  -22.500013176.1094   15.5199
    7.5000   -7.5000  -22.500012437.8223   15.5242
   -7.5000    0.0000  -22.500013334.6250   15.5785
    0.0000    0.0000  -22.500013902.8809   15.5735
    7.5000    0.0000  -22.500013101.2822   15.5769
   -7.5000    7.5000  -22.500013026.2529   15.6233
    0.0000    7.5000  -22.500013575.2197   15.6113
    7.5000    7.5000  -22.500012816.0781   15.6178
   -7.5000   15.0000  -22.500012683.6904   15.6160
    0.0000   15.0000  -22.500013206.9307   15.6028
    7.5000   15.0000  -22.500012450.5713   15.6115
   -7.5000   22.5000  -22.500012398.7207   15.5511
    0.0000   22.5000  -22.500012884.3926   15.5442
    7.5000   22.5000  -22.500012154.5137   15.5510
   -7.5000   30.0000  -22.500011847.3262   15.2999
    0.0000   30.0000  -22.500012309.3408   15.3010
    7.5000   30.0000  -22.500011625.6201   15.3066
   -7.5000   37.5000  -22.500011407.7764   15.3148
    0.0000   37.5000  -22.500011853.6816   15.3169
    7.5000   37.5000  -22.500011185.7480   15.3212
   -7.5000   45.0000  -22.500010501.3037   15.0029
    0.0000   45.0000  -22.500010887.1797   14.9981
    7.5000   45.0000  -22.500010263.9746   15.0013
   -7.5000  -45.0000  -15.0000 8623.7549   16.0951
    0.0000  -45.0000  -15.0000 8964.6299   16.0823
    7.5000  -45.0000  -15.0000 8543.2256   16.0793
   -7.5000  -37.5000  -15.0000 9378.5127   15.9444
    0.0000  -37.5000  -15.0000 9750.8936   15.9292
    7.5000  -37.5000  -15.0000 9291.6445   15.9310
   -7.5000  -30.0000  -15.000010514.2510   15.8860
    0.0000  -30.0000  -15.000010951.2754   15.8738
    7.5000  -30.0000  -15.000010404.7100   15.8819
   -7.5000  -22.5000  -15.000011715.4170   15.8192
    0.0000  -22.5000  -15.000012226.4219   15.8128
    7.5000  -22.5000  -15.000011577.7715   15.8212
   -7.5000  -15.0000  -15.000012771.8877   15.7638
    0.0000  -15.0000  -15.000013331.2041   15.7624
    7.5000  -15.0000  -15.000012596.9326   15.7677
   -7.5000   -7.5000  -15.000013682.3916   15.7836
    0.0000   -7.5000  -15.000014267.6094   15.7802
    7.5000   -7.5000  -15.000013459.3281   15.7801
   -7.5000    0.0000  -15.000014442.6758   15.8507
    0.0000    0.0000  -15.000015074.8418   15.8398
    7.5000    0.0000  -15.000014182.3535   15.8367
   -7.5000    7.5000  -15.000014127.0391   15.8976
    0.0000    7.5000  -15.000014723.2188   15.8831
    7.5000    7.5000  -15.000013860.8018   15.8848
   -7.5000   15.0000  -15.000013722.0479   15.8860
    0.0000   15.0000  -15.000014273.4795   15.8738
    7.5000   15.0000  -15.000013446.4824   15.8819
   -7.5000   22.5000  -15.000013366.2305   15.8136
    0.0000   22.5000  -15.000013898.7119   15.8072
    7.5000   22.5000  -15.000013095.1270   15.8156
   -7.5000   30.0000  -15.000012741.3848   15.5598
    0.0000   30.0000  -15.000013240.5088   15.5584
    7.5000   30.0000  -15.000012453.6006   15.5637
   -7.5000   37.5000  -15.000012257.1533   15.5793
    0.0000   37.5000  -15.000012718.8916   15.5760
    7.5000   37.5000  -15.000011979.3125   15.5759
   -7.5000   45.0000  -15.000011264.0234   15.2742
    0.0000   45.0000  -15.000011679.0459   15.2637
    7.5000   45.0000  -15.000011008.0566   15.2607
   -7.5000  -45.0000   -7.5000 9389.7656   16.3006
    0.0000  -45.0000   -7.5000 9770.4951   16.2907
    7.5000  -45.0000   -7.5000 9298.0674   16.2937
   -7.5000  -37.5000   -7.500010194.3721   16.1482
    0.0000  -37.5000   -7.500010603.3799   16.1412
    7.5000  -37.5000   -7.500010088.4082   16.1470
   -7.5000  -30.0000   -7.500011418.2529   16.0906
    0.0000  -30.0000   -7.500011909.8203   16.0881
    7.5000  -30.0000   -7.500011297.9229   16.0987
   -7.5000  -22.5000   -7.500012679.0625   16.0238
    0.0000  -22.5000   -7.500013253.5684   16.0229
    7.5000  -22.5000   -7.500012554.1299   16.0348
   -7.5000  -15.0000   -7.500013806.2617   15.9672
    0.0000  -15.0000   -7.500014412.3594   15.9659
    7.5000  -15.0000   -7.500013618.4404   15.9762
   -7.5000   -7.5000   -7.500014826.6455   15.9857
    0.0000   -7.5000   -7.500015466.5645   15.9810
    7.5000   -7.5000   -7.500014572.7148   15.9869
   -7.5000    0.0000   -7.500015661.6621   16.0525
    0.0000    0.0000   -7.500016341.4238   16.0444
    7.5000    0.0000   -7.500015367.0312   16.0470
   -7.5000    7.5000   -7.500015308.1758   16.1007
    0.0000    7.5000   -7.500015968.1602   16.0944
    7.5000    7.5000   -7.500015005.3193   16.1002
   -7.5000   15.0000   -7.500014853.9619   16.0906
    0.0000   15.0000   -7.500015487.0312   16.0881
    7.5000   15.0000   -7.500014549.7207   16.0987
   -7.5000   22.5000   -7.500014439.7803   16.0164
    0.0000   22.5000   -7.500015051.7412   16.0155
    7.5000   22.5000   -7.500014144.4248   16.0274
   -7.5000   30.0000   -7.500013738.2607   15.7602
    0.0000   30.0000   -7.500014255.6533   15.7588
    7.5000   30.0000   -7.500013381.9229   15.7690
   -7.5000   37.5000   -7.500013207.1367   15.7784
    0.0000   37.5000   -7.500013711.8105   15.7737
    7.5000   37.5000   -7.500012889.6582   15.7796
   -7.5000   45.0000   -7.500012147.9902   15.4715
    0.0000   45.0000   -7.500012623.2881   15.4637
    7.5000   45.0000   -7.500011860.4336   15.4663
   -7.5000  -45.0000    0.000010109.5410   16.3280
    0.0000  -45.0000    0.000010522.0977   16.3264
    7.5000  -45.0000    0.0000 9995.6992   16.3424
   -7.5000  -37.5000    0.000010949.4326   16.1749
    0.0000  -37.5000    0.000011398.2383   16.1788
    7.5000  -37.5000    0.000010826.2197   16.1941
   -7.5000  -30.0000    0.000012225.2793   16.1221
    0.0000  -30.0000    0.000012765.0449   16.1293
    7.5000  -30.0000    0.000012096.9551   16.1442
   -7.5000  -22.5000    0.000013584.1396   16.0598
    0.0000  -22.5000    0.000014207.1426   16.0646
    7.5000  -22.5000    0.000013426.7354   16.0797
   -7.5000  -15.0000    0.000014811.1953   16.0034
    0.0000  -15.0000    0.000015454.4912   16.0044
    7.5000  -15.0000    0.000014595.1650   16.0214
   -7.5000   -7.5000    0.000015874.5293   16.0175
    0.0000   -7.5000    0.000016565.2148   16.0161
    7.5000   -7.5000    0.000015628.9766   16.0329
   -7.5000    0.0000    0.000016733.5449   16.0792
    0.0000    0.0000    0.000017468.4316   16.0791
    7.5000    0.0000    0.000016461.2207   16.0944
   -7.5000    7.5000    0.000016371.7822   16.1276
    0.0000    7.5000    0.000017097.1699   16.1320
    7.5000    7.5000    0.000016107.7441   16.1473
   -7.5000   15.0000    0.000015891.6387   16.1221
    0.0000   15.0000    0.000016623.4004   16.1293
    7.5000   15.0000    0.000015624.3965   16.1442
   -7.5000   22.5000    0.000015456.3877   16.0524
    0.0000   22.5000    0.000016138.2021   16.0571
    7.5000   22.5000    0.000015169.5107   16.0723
   -7.5000   30.0000    0.000014646.5439   15.7963
    0.0000   30.0000    0.000015221.6504   15.7973
    7.5000   30.0000    0.000014298.7754   15.8140
   -7.5000   37.5000    0.000014102.8369   15.8102
    0.0000   37.5000    0.000014657.5068   15.8089
    7.5000   37.5000    0.000013766.5566   15.8254
   -7.5000   45.0000    0.000012998.5596   15.4985
    0.0000   45.0000    0.000013514.0000   15.4984
    7.5000   45.0000    0.000012687.9590   15.5132
   -7.5000  -45.0000    7.500010075.3418   16.2994
    0.0000  -45.0000    7.500010458.4834   16.3031
    7.5000  -45.0000    7.5000 9940.5098   16.3260
   -7.5000  -37.5000    7.500010886.8301   16.1448
    0.0000  -37.5000    7.500011318.7012   16.1503
    7.5000  -37.5000    7.500010761.4658   16.1715
   -7.5000  -30.0000    7.500012135.9707   16.0949
    0.0000  -30.0000    7.500012637.6113   16.1011
    7.5000  -30.0000    7.500011988.7754   16.1180
   -7.5000  -22.5000    7.500013490.3477   16.0375
    0.0000  -22.5000    7.500014032.0771   16.0423
    7.5000  -22.5000    7.500013308.8760   16.0568
   -7.5000  -15.0000    7.500014758.2422   15.9831
    0.0000  -15.0000    7.500015371.3174   15.9871
    7.5000  -15.0000    7.500014544.9355   16.0048
   -7.5000   -7.5000    7.500015775.5850   15.9942
    0.0000   -7.5000    7.500016465.3594   15.9986
    7.5000   -7.5000    7.500015594.2637   16.0197
   -7.5000    0.0000    7.500016543.3906   16.0516
    0.0000    0.0000    7.500017275.4941   16.0567
    7.5000    0.0000    7.500016384.2070   16.0787
   -7.5000    7.5000    7.500016174.9375   16.0978
    0.0000    7.5000    7.500016868.6133   16.1039
    7.5000    7.5000    7.500016015.3477   16.1250
   -7.5000   15.0000    7.500015713.9160   16.0949
    0.0000   15.0000    7.500016403.2070   16.1011
    7.5000   15.0000    7.500015532.1738   16.1180
   -7.5000   22.5000    7.500015283.3730   16.0301
    0.0000   22.5000    7.500015935.5146   16.0349
    7.5000   22.5000    7.500015091.2412   16.0494
   -7.5000   30.0000    7.500014400.6523   15.7762
    0.0000   30.0000    7.500014986.4609   15.7802
    7.5000   30.0000    7.500014164.0664   15.7977
   -7.5000   37.5000    7.500013855.5215   15.7872
    0.0000   37.5000    7.500014450.4395   15.7916
    7.5000   37.5000    7.500013619.8975   15.8123
   -7.5000   45.0000    7.500012798.6387   15.4719
    0.0000   45.0000    7.500013350.7090   15.4768
    7.5000   45.0000    7.500012543.2178   15.4980
   -7.5000  -45.0000   15.0000 9863.6641   16.2748
    0.0000  -45.0000   15.000010257.8740   16.2763
    7.5000  -45.0000   15.0000 9760.3262   16.2937
   -7.5000  -37.5000   15.000010686.0205   16.1193
    0.0000  -37.5000   15.000011113.1992   16.1168
    7.5000  -37.5000   15.000010574.5381   16.1342
   -7.5000  -30.0000   15.000011902.6240   16.0678
    0.0000  -30.0000   15.000012354.4268   16.0637
    7.5000  -30.0000   15.000011739.8584   16.0780
   -7.5000  -22.5000   15.000013188.9268   16.0106
    0.0000  -22.5000   15.000013667.5225   16.0094
    7.5000  -22.5000   15.000012981.3955   16.0200
   -7.5000  -15.0000   15.000014520.4189   15.9575
    0.0000  -15.0000   15.000015055.6631   15.9617
    7.5000  -15.0000   15.000014238.6445   15.9739
   -7.5000   -7.5000   15.000015590.9980   15.9701
    0.0000   -7.5000   15.000016256.5879   15.9765
    7.5000   -7.5000   15.000015379.1621   15.9918
   -7.5000    0.0000   15.000016246.8652   16.0281
    0.0000    0.0000   15.000016941.7871   16.0311
    7.5000    0.0000   15.000016184.8750   16.0478
   -7.5000    7.5000   15.000015825.7021   16.0725
    0.0000    7.5000   15.000016482.4199   16.0706
    7.5000    7.5000   15.000015811.2246   16.0880
   -7.5000   15.0000   15.000015341.2969   16.0678
    0.0000   15.0000   15.000015939.9414   16.0637
    7.5000   15.0000   15.000015299.6875   16.0780
   -7.5000   22.5000   15.000014918.0010   16.0033
    0.0000   22.5000   15.000015492.4727   16.0021
    7.5000   22.5000   15.000014846.2061   16.0126
   -7.5000   30.0000   15.000014015.0107   15.7510
    0.0000   30.0000   15.000014575.9629   15.7552
    7.5000   30.0000   15.000013886.1035   15.7671
   -7.5000   37.5000   15.000013522.7266   15.7634
    0.0000   37.5000   15.000014070.9277   15.7698
    7.5000   37.5000   15.000013326.1943   15.7849
   -7.5000   45.0000   15.000012525.8418   15.4492
    0.0000   45.0000   15.000013039.3867   15.4522
    7.5000   45.0000   15.000012286.4150   15.4683
   -7.5000  -45.0000   22.5000 9553.4873   16.2807
    0.0000  -45.0000   22.5000 9915.3740   16.2740
    7.5000  -45.0000   22.5000 9428.6973   16.2784
   -7.5000  -37.5000   22.500010357.2070   16.1269
    0.0000  -37.5000   22.500010762.6963   16.1145
    7.5000  -37.5000   22.500010225.0518   16.1221
   -7.5000  -30.0000   22.500011519.5127   16.0710
    0.0000  -30.0000   22.500011946.7012   16.0583
    7.5000  -30.0000   22.500011369.5361   16.0680
   -7.5000  -22.5000   22.500012725.8799   16.0081
    0.0000  -22.5000   22.500013152.7197   16.0015
    7.5000  -22.5000   22.500012549.9551   16.0092
   -7.5000  -15.0000   22.500014022.3467   15.9534
    0.0000  -15.0000   22.500014534.1104   15.9548
    7.5000  -15.0000   22.500013741.1787   15.9611
   -7.5000   -7.5000   22.500015297.3223   15.9704
    0.0000   -7.5000   22.500015882.0508   15.9727
    7.5000   -7.5000   22.500014934.9297   15.9775
   -7.5000    0.0000   22.500015963.9473   16.0340
    0.0000    0.0000   22.500016601.9492   16.0292
    7.5000    0.0000   22.500015884.4238   16.0333
   -7.5000    7.5000   22.500015441.3535   16.0798
    0.0000    7.5000   22.500016043.0771   16.0681
    7.5000    7.5000   22.500015541.0283   16.0757
   -7.5000   15.0000   22.500014981.7227   16.0710
    0.0000   15.0000   22.500015518.3506   16.0583
    7.5000   15.0000   22.500015013.3936   16.0680
   -7.5000   22.5000   22.500014545.3457   16.0007
    0.0000   22.5000   22.500015091.6328   15.9941
    7.5000   22.5000   22.500014525.0430   16.0018
   -7.5000   30.0000   22.500013655.1514   15.7470
    0.0000   30.0000   22.500014172.2393   15.7483
    7.5000   30.0000   22.500013524.4326   15.7545
   -7.5000   37.5000   22.500013177.5693   15.7637
    0.0000   37.5000   22.500013654.0928   15.7659
    7.5000   37.5000   22.500012957.3232   15.7708
   -7.5000   45.0000   22.500012192.1006   15.4549
    0.0000   45.0000   22.500012657.5078   15.4503
    7.5000   45.0000   22.500011944.1621   15.4542
   -7.5000  -45.0000   30.0000 9114.9160   16.3211
    0.0000  -45.0000   30.0000 9466.4268   16.3080
    7.5000  -45.0000   30.0000 8994.0107   16.3048
   -7.5000  -37.5000   30.0000 9864.8125   16.1683
    0.0000  -37.5000   30.000010249.2334   16.1529
    7.5000  -37.5000   30.0000 9756.2363   16.1545
   -7.5000  -30.0000   30.000010945.6416   16.1089
    0.0000  -30.0000   30.000011335.4326   16.0965
    7.5000  -30.0000   30.000010830.4160   16.1047
   -7.5000  -22.5000   30.000012082.0928   16.0410
    0.0000  -22.5000   30.000012473.7510   16.0345
    7.5000  -22.5000   30.000011934.2373   16.0430
   -7.5000  -15.0000   30.000013333.5029   15.9848
    0.0000  -15.0000   30.000013773.5781   15.9834
    7.5000  -15.0000   30.000013076.1777   15.9886
   -7.5000   -7.5000   30.000014493.4805   16.0050
    0.0000   -7.5000   30.000014978.4238   16.0014
    7.5000   -7.5000   30.000014195.2900   16.0012
   -7.5000    0.0000   30.000015270.0127   16.0732
    0.0000    0.0000   30.000015789.8174   16.0621
    7.5000    0.0000   30.000015078.2842   16.0587
   -7.5000    7.5000   30.000014961.0908   16.1208
    0.0000    7.5000   30.000015477.7324   16.1061
    7.5000    7.5000   30.000014756.6143   16.1077
   -7.5000   15.0000   30.000014544.8203   16.1089
    0.0000   15.0000   30.000015053.0889   16.0965
    7.5000   15.0000   30.000014302.1748   16.1047
   -7.5000   22.5000   30.000014050.9785   16.0336
    0.0000   22.5000   30.000014573.3467   16.0271
    7.5000   22.5000   30.000013845.9287   16.0356
   -7.5000   30.0000   30.000013076.0635   15.7779
    0.0000   30.0000   30.000013550.2031   15.7765
    7.5000   30.0000   30.000012860.7354   15.7817
   -7.5000   37.5000   30.000012565.4092   15.7978
    0.0000   37.5000   30.000013024.7617   15.7944
    7.5000   37.5000   30.000012346.4082   15.7941
   -7.5000   45.0000   30.000011597.4795   15.4927
    0.0000   45.0000   30.000012024.8525   15.4820
    7.5000   45.0000   30.000011396.7148   15.4788
   -7.5000  -45.0000   37.5000 8935.1816   16.4652
    0.0000  -45.0000   37.5000 9278.3877   16.4546
    7.5000  -45.0000   37.5000 8830.1338   16.4563
   -7.5000  -37.5000   37.5000 9679.9814   16.3089
    0.0000  -37.5000   37.500010069.3662   16.3013
    7.5000  -37.5000   37.5000 9564.9941   16.3058
   -7.5000  -30.0000   37.500010742.8574   16.2494
    0.0000  -30.0000   37.500011188.5127   16.2463
    7.5000  -30.0000   37.500010624.7979   16.2558
   -7.5000  -22.5000   37.500011889.2021   16.1815
    0.0000  -22.5000   37.500012361.2324   16.1802
    7.5000  -22.5000   37.500011712.1943   16.1911
   -7.5000  -15.0000   37.500013091.4629   16.1251
    0.0000  -15.0000   37.500013606.7422   16.1233
    7.5000  -15.0000   37.500012851.8330   16.1326
   -7.5000   -7.5000   37.500014148.2012   16.1448
    0.0000   -7.5000   37.500014685.2539   16.1395
    7.5000   -7.5000   37.500013918.3154   16.1443
   -7.5000    0.0000   37.500014965.6465   16.2126
    0.0000    0.0000   37.500015491.8506   16.2038
    7.5000    0.0000   37.500014755.5957   16.2052
   -7.5000    7.5000   37.500014694.0596   16.2606
    0.0000    7.5000   37.500015204.7725   16.2537
    7.5000    7.5000   37.500014459.8750   16.2582
   -7.5000   15.0000   37.500014274.2471   16.2494
    0.0000   15.0000   37.500014776.7402   16.2463
    7.5000   15.0000   37.500014020.9893   16.2558
   -7.5000   22.5000   37.500013785.4092   16.1741
    0.0000   22.5000   37.500014288.2451   16.1727
    7.5000   22.5000   37.500013555.4189   16.1836
   -7.5000   30.0000   37.500012794.4863   15.9164
    0.0000   30.0000   37.500013270.5303   15.9146
    7.5000   30.0000   37.500012576.5947   15.9238
   -7.5000   37.5000   37.500012296.7441   15.9359
    0.0000   37.5000   37.500012767.1504   15.9306
    7.5000   37.5000   37.500012104.5742   15.9354
   -7.5000   45.0000   37.500011395.5381   15.6270
    0.0000   45.0000   37.500011810.9697   15.6186
    7.5000   45.0000   37.500011200.3545   15.6199
   -7.5000  -45.0000   45.0000 8313.3359   16.4941
    0.0000  -45.0000   45.0000 8648.0205   16.4923
    7.5000  -45.0000   45.0000 8214.9180   16.5065
   -7.5000  -37.5000   45.0000 9019.9688   16.3349
    0.0000  -37.5000   45.0000 9396.9668   16.3388
    7.5000  -37.5000   45.0000 8900.6035   16.3523
   -7.5000  -30.0000   45.000010053.9219   16.2792
    0.0000  -30.0000   45.000010486.9375   16.2864
    7.5000  -30.0000   45.0000 9897.1924   16.2995
   -7.5000  -22.5000   45.000011127.1064   16.2159
    0.0000  -22.5000   45.000011611.4893   16.2207
    7.5000  -22.5000   45.000010943.8486   16.2341
   -7.5000  -15.0000   45.000012188.7549   16.1601
    0.0000  -15.0000   45.000012695.1738   16.1610
    7.5000  -15.0000   45.000011989.8379   16.1764
   -7.5000   -7.5000   45.000013089.4883   16.1758
    0.0000   -7.5000   45.000013585.6143   16.1744
    7.5000   -7.5000   45.000012904.4990   16.1895
   -7.5000    0.0000   45.000013835.9023   16.2387
    0.0000    0.0000   45.000014328.8887   16.2385
    7.5000    0.0000   45.000013650.0088   16.2521
   -7.5000    7.5000   45.000013563.7256   16.2863
    0.0000    7.5000   45.000014058.3896   16.2908
    7.5000    7.5000   45.000013385.0859   16.3043
   -7.5000   15.0000   45.000013195.5029   16.2792
    0.0000   15.0000   45.000013674.0918   16.2864
    7.5000   15.0000   45.000013022.8604   16.2995
   -7.5000   22.5000   45.000012786.4346   16.2084
    0.0000   22.5000   45.000013258.7090   16.2132
    7.5000   22.5000   45.000012624.8975   16.2266
   -7.5000   30.0000   45.000011885.8770   15.9496
    0.0000   30.0000   45.000012343.1875   15.9505
    7.5000   30.0000   45.000011722.0420   15.9657
   -7.5000   37.5000   45.000011459.5459   15.9651
    0.0000   37.5000   45.000011896.6445   15.9637
    7.5000   37.5000   45.000011285.2148   15.9786
   -7.5000   45.0000   45.000010612.6816   15.6593
    0.0000   45.0000   45.000010992.5059   15.6592
    7.5000   45.0000   45.000010425.5840   15.6723

---------------------------------------------------------------------
imgreg_4dfp /opt/freesurfer/average/711-2C_as_mni_average_305 /opt/freesurfer/average/711-2B_as_mni_average_305_mask talsrcimg_g11 none talsrcimg_to_711-2C_as_mni_average_305_t4 4355
---------------------------------------------------------------------

freesurfer imgreg_4dfp.c
/opt/freesurfer/average/711-2C_as_mni_average_305.4dfp.img
       256       256       256         1
  1.000000  1.000000  1.000000
orientation T byte_order littleendian
Reading image: /opt/freesurfer/average/711-2C_as_mni_average_305.4dfp.img
dimensions:      256       256       256
mmppix:       1.0000   -1.0000   -1.0000
center:     128.0000 -129.0000 -129.0000
/opt/freesurfer/average/711-2B_as_mni_average_305_mask.4dfp.img
       256       256       256         1
  1.000000  1.000000  1.000000
orientation T byte_order littleendian
Reading mask: /opt/freesurfer/average/711-2B_as_mni_average_305_mask.4dfp.img (2306576 pixels)
talsrcimg_g11.4dfp.img
       256       256       256         1
  1.000000  1.000000  1.000000
orientation T byte_order littleendian
Reading image: talsrcimg_g11.4dfp.img
dimensions:      256       256       256
mmppix:       1.0000   -1.0000   -1.0000
center:     128.0000 -129.0000 -129.0000
rotation matrix determinant  1.000000
image alignment mode   4355 decimal     1103 hex
   -7.5000  -45.0000  -45.0000 1806.7227   24.9600
    0.0000  -45.0000  -45.0000 1817.4454   24.8597
    7.5000  -45.0000  -45.0000 1801.2194   25.1298
   -7.5000  -37.5000  -45.0000 1900.4495   22.4466
    0.0000  -37.5000  -45.0000 1907.6863   22.2541
    7.5000  -37.5000  -45.0000 1894.3859   22.5825
   -7.5000  -30.0000  -45.0000 1984.3080   20.3332
    0.0000  -30.0000  -45.0000 1992.8691   20.1437
    7.5000  -30.0000  -45.0000 1975.2847   20.4048
   -7.5000  -22.5000  -45.0000 2074.7668   18.6500
    0.0000  -22.5000  -45.0000 2083.6184   18.4927
    7.5000  -22.5000  -45.0000 2070.3838   18.6713
   -7.5000  -15.0000  -45.0000 2128.8254   17.4716
    0.0000  -15.0000  -45.0000 2139.8628   17.3663
    7.5000  -15.0000  -45.0000 2125.3398   17.5392
   -7.5000   -7.5000  -45.0000 2173.0254   16.7018
    0.0000   -7.5000  -45.0000 2180.3271   16.6110
    7.5000   -7.5000  -45.0000 2159.8154   16.8195
   -7.5000    0.0000  -45.0000 2191.6230   16.2561
    0.0000    0.0000  -45.0000 2194.0542   16.1518
    7.5000    0.0000  -45.0000 2176.2610   16.4060
   -7.5000    7.5000  -45.0000 2185.0432   16.0647
    0.0000    7.5000  -45.0000 2189.7124   15.9574
    7.5000    7.5000  -45.0000 2172.0696   16.2794
   -7.5000   15.0000  -45.0000 2163.5078   16.3372
    0.0000   15.0000  -45.0000 2165.7854   16.2008
    7.5000   15.0000  -45.0000 2150.2183   16.5312
   -7.5000   22.5000  -45.0000 2133.8342   16.9211
    0.0000   22.5000  -45.0000 2132.6118   16.8256
    7.5000   22.5000  -45.0000 2115.4954   17.1540
   -7.5000   30.0000  -45.0000 2090.6936   17.8324
    0.0000   30.0000  -45.0000 2090.6907   17.7690
    7.5000   30.0000  -45.0000 2070.0056   18.0764
   -7.5000   37.5000  -45.0000 2027.3672   19.0805
    0.0000   37.5000  -45.0000 2026.0636   19.0697
    7.5000   37.5000  -45.0000 2002.5378   19.4184
   -7.5000   45.0000  -45.0000 1934.6132   20.7393
    0.0000   45.0000  -45.0000 1938.3724   20.7767
    7.5000   45.0000  -45.0000 1918.8693   21.1476
   -7.5000  -45.0000  -37.5000 1889.3030   22.8351
    0.0000  -45.0000  -37.5000 1893.1423   22.6598
    7.5000  -45.0000  -37.5000 1875.1125   23.0465
   -7.5000  -37.5000  -37.5000 1986.8741   20.5006
    0.0000  -37.5000  -37.5000 1992.6118   20.3119
    7.5000  -37.5000  -37.5000 1979.6561   20.6485
   -7.5000  -30.0000  -37.5000 2077.4075   18.6229
    0.0000  -30.0000  -37.5000 2082.6628   18.4562
    7.5000  -30.0000  -37.5000 2070.0498   18.6853
   -7.5000  -22.5000  -37.5000 2173.5698   17.1197
    0.0000  -22.5000  -37.5000 2180.3337   17.0193
    7.5000  -22.5000  -37.5000 2165.3977   17.1585
   -7.5000  -15.0000  -37.5000 2236.3403   16.0408
    0.0000  -15.0000  -37.5000 2246.3430   15.9573
    7.5000  -15.0000  -37.5000 2229.9915   16.0753
   -7.5000   -7.5000  -37.5000 2275.6548   15.2663
    0.0000   -7.5000  -37.5000 2280.9939   15.2108
    7.5000   -7.5000  -37.5000 2262.7302   15.4011
   -7.5000    0.0000  -37.5000 2283.5085   14.8624
    0.0000    0.0000  -37.5000 2288.2788   14.7846
    7.5000    0.0000  -37.5000 2272.0061   15.0375
   -7.5000    7.5000  -37.5000 2284.0808   14.7641
    0.0000    7.5000  -37.5000 2291.7664   14.6782
    7.5000    7.5000  -37.5000 2269.9001   14.9257
   -7.5000   15.0000  -37.5000 2268.0171   15.0064
    0.0000   15.0000  -37.5000 2273.1377   14.9100
    7.5000   15.0000  -37.5000 2248.0933   15.1557
   -7.5000   22.5000  -37.5000 2231.9360   15.4990
    0.0000   22.5000  -37.5000 2238.4514   15.4151
    7.5000   22.5000  -37.5000 2218.4387   15.6729
   -7.5000   30.0000  -37.5000 2189.7983   16.2647
    0.0000   30.0000  -37.5000 2191.1196   16.1818
    7.5000   30.0000  -37.5000 2165.3928   16.4743
   -7.5000   37.5000  -37.5000 2122.3071   17.3569
    0.0000   37.5000  -37.5000 2124.8115   17.2944
    7.5000   37.5000  -37.5000 2096.5071   17.6456
   -7.5000   45.0000  -37.5000 2030.0953   18.8368
    0.0000   45.0000  -37.5000 2034.0061   18.8006
    7.5000   45.0000  -37.5000 2003.3523   19.1715
   -7.5000  -45.0000  -30.0000 1997.2303   21.6609
    0.0000  -45.0000  -30.0000 2002.7847   21.5226
    7.5000  -45.0000  -30.0000 1981.3556   21.8598
   -7.5000  -37.5000  -30.0000 2106.3364   19.4626
    0.0000  -37.5000  -30.0000 2113.4487   19.3277
    7.5000  -37.5000  -30.0000 2094.6780   19.5915
   -7.5000  -30.0000  -30.0000 2205.4587   17.6810
    0.0000  -30.0000  -30.0000 2218.5574   17.5957
    7.5000  -30.0000  -30.0000 2201.1541   17.7935
   -7.5000  -22.5000  -30.0000 2315.4861   16.2741
    0.0000  -22.5000  -30.0000 2329.2263   16.2258
    7.5000  -22.5000  -30.0000 2310.2249   16.3392
   -7.5000  -15.0000  -30.0000 2383.4155   15.2302
    0.0000  -15.0000  -30.0000 2395.1765   15.2069
    7.5000  -15.0000  -30.0000 2377.0850   15.2943
   -7.5000   -7.5000  -30.0000 2418.0586   14.5155
    0.0000   -7.5000  -30.0000 2424.3831   14.4980
    7.5000   -7.5000  -30.0000 2406.9739   14.6296
   -7.5000    0.0000  -30.0000 2428.3345   14.1473
    0.0000    0.0000  -30.0000 2435.6204   14.1174
    7.5000    0.0000  -30.0000 2413.0864   14.3021
   -7.5000    7.5000  -30.0000 2424.5510   14.0326
    0.0000    7.5000  -30.0000 2435.3499   14.0039
    7.5000    7.5000  -30.0000 2408.9968   14.1772
   -7.5000   15.0000  -30.0000 2409.5266   14.2100
    0.0000   15.0000  -30.0000 2417.7795   14.1337
    7.5000   15.0000  -30.0000 2387.2588   14.3595
   -7.5000   22.5000  -30.0000 2380.0039   14.6417
    0.0000   22.5000  -30.0000 2387.5559   14.5738
    7.5000   22.5000  -30.0000 2359.1082   14.7915
   -7.5000   30.0000  -30.0000 2333.8430   15.3641
    0.0000   30.0000  -30.0000 2336.2261   15.3185
    7.5000   30.0000  -30.0000 2307.6460   15.5700
   -7.5000   37.5000  -30.0000 2260.1804   16.4318
    0.0000   37.5000  -30.0000 2263.8469   16.3960
    7.5000   37.5000  -30.0000 2234.6589   16.7249
   -7.5000   45.0000  -30.0000 2165.3918   17.8690
    0.0000   45.0000  -30.0000 2167.2017   17.8127
    7.5000   45.0000  -30.0000 2137.1548   18.1916
   -7.5000  -45.0000  -22.5000 2077.9387   20.5385
    0.0000  -45.0000  -22.5000 2087.5806   20.4435
    7.5000  -45.0000  -22.5000 2066.8860   20.6951
   -7.5000  -37.5000  -22.5000 2199.0247   18.4683
    0.0000  -37.5000  -22.5000 2208.6670   18.4145
    7.5000  -37.5000  -22.5000 2192.5364   18.5631
   -7.5000  -30.0000  -22.5000 2310.7776   16.6963
    0.0000  -30.0000  -22.5000 2324.9849   16.6858
    7.5000  -30.0000  -22.5000 2312.5764   16.8123
   -7.5000  -22.5000  -22.5000 2427.6680   15.3188
    0.0000  -22.5000  -22.5000 2441.2573   15.3315
    7.5000  -22.5000  -22.5000 2420.7520   15.4242
   -7.5000  -15.0000  -22.5000 2497.8523   14.3271
    0.0000  -15.0000  -22.5000 2510.2913   14.3259
    7.5000  -15.0000  -22.5000 2484.6572   14.3861
   -7.5000   -7.5000  -22.5000 2535.6924   13.6616
    0.0000   -7.5000  -22.5000 2547.2212   13.6639
    7.5000   -7.5000  -22.5000 2518.4514   13.7495
   -7.5000    0.0000  -22.5000 2551.1455   13.3065
    0.0000    0.0000  -22.5000 2558.2349   13.3141
    7.5000    0.0000  -22.5000 2530.5654   13.4215
   -7.5000    7.5000  -22.5000 2546.5933   13.2264
    0.0000    7.5000  -22.5000 2554.5374   13.2063
    7.5000    7.5000  -22.5000 2527.7378   13.3379
   -7.5000   15.0000  -22.5000 2534.9968   13.3552
    0.0000   15.0000  -22.5000 2541.9216   13.3306
    7.5000   15.0000  -22.5000 2508.5144   13.5138
   -7.5000   22.5000  -22.5000 2511.4788   13.7476
    0.0000   22.5000  -22.5000 2515.3713   13.7153
    7.5000   22.5000  -22.5000 2482.2380   13.9314
   -7.5000   30.0000  -22.5000 2454.7275   14.4484
    0.0000   30.0000  -22.5000 2459.9966   14.4218
    7.5000   30.0000  -22.5000 2430.8164   14.6580
   -7.5000   37.5000  -22.5000 2376.5034   15.4957
    0.0000   37.5000  -22.5000 2382.5415   15.4607
    7.5000   37.5000  -22.5000 2349.0505   15.7304
   -7.5000   45.0000  -22.5000 2276.5818   16.9010
    0.0000   45.0000  -22.5000 2277.4546   16.8494
    7.5000   45.0000  -22.5000 2243.8694   17.1010
   -7.5000  -45.0000  -15.0000 2136.5791   19.5006
    0.0000  -45.0000  -15.0000 2142.8689   19.4643
    7.5000  -45.0000  -15.0000 2125.1243   19.6146
   -7.5000  -37.5000  -15.0000 2263.6003   17.4775
    0.0000  -37.5000  -15.0000 2271.2322   17.4560
    7.5000  -37.5000  -15.0000 2259.3223   17.5644
   -7.5000  -30.0000  -15.0000 2383.1921   15.7768
    0.0000  -30.0000  -15.0000 2396.8157   15.7814
    7.5000  -30.0000  -15.0000 2383.1169   15.8809
   -7.5000  -22.5000  -15.0000 2500.7666   14.4112
    0.0000  -22.5000  -15.0000 2520.0437   14.4579
    7.5000  -22.5000  -15.0000 2493.9917   14.5164
   -7.5000  -15.0000  -15.0000 2580.5972   13.4401
    0.0000  -15.0000  -15.0000 2592.0530   13.4726
    7.5000  -15.0000  -15.0000 2564.7061   13.5353
   -7.5000   -7.5000  -15.0000 2626.4180   12.8086
    0.0000   -7.5000  -15.0000 2636.2451   12.8410
    7.5000   -7.5000  -15.0000 2604.8503   12.9167
   -7.5000    0.0000  -15.0000 2651.2910   12.4753
    0.0000    0.0000  -15.0000 2659.0571   12.4944
    7.5000    0.0000  -15.0000 2626.1147   12.5929
   -7.5000    7.5000  -15.0000 2658.4336   12.4068
    0.0000    7.5000  -15.0000 2664.7690   12.4134
    7.5000    7.5000  -15.0000 2634.9653   12.5371
   -7.5000   15.0000  -15.0000 2644.9177   12.5424
    0.0000   15.0000  -15.0000 2649.8335   12.5478
    7.5000   15.0000  -15.0000 2616.0691   12.6873
   -7.5000   22.5000  -15.0000 2617.1152   12.9270
    0.0000   22.5000  -15.0000 2620.1025   12.9264
    7.5000   22.5000  -15.0000 2581.2542   13.0915
   -7.5000   30.0000  -15.0000 2554.4753   13.6086
    0.0000   30.0000  -15.0000 2557.9424   13.5987
    7.5000   30.0000  -15.0000 2522.0349   13.7950
   -7.5000   37.5000  -15.0000 2470.0972   14.5912
    0.0000   37.5000  -15.0000 2473.4929   14.5888
    7.5000   37.5000  -15.0000 2437.3010   14.8098
   -7.5000   45.0000  -15.0000 2359.1274   15.9132
    0.0000   45.0000  -15.0000 2361.5645   15.8783
    7.5000   45.0000  -15.0000 2326.1689   16.1059
   -7.5000  -45.0000   -7.5000 2178.7590   18.5513
    0.0000  -45.0000   -7.5000 2187.8281   18.5133
    7.5000  -45.0000   -7.5000 2174.6477   18.7460
   -7.5000  -37.5000   -7.5000 2312.0808   16.4934
    0.0000  -37.5000   -7.5000 2321.1077   16.4913
    7.5000  -37.5000   -7.5000 2308.0535   16.7002
   -7.5000  -30.0000   -7.5000 2436.9397   14.8314
    0.0000  -30.0000   -7.5000 2450.4009   14.8501
    7.5000  -30.0000   -7.5000 2432.8489   14.9849
   -7.5000  -22.5000   -7.5000 2557.0022   13.5587
    0.0000  -22.5000   -7.5000 2572.8682   13.5697
    7.5000  -22.5000   -7.5000 2550.9358   13.6774
   -7.5000  -15.0000   -7.5000 2637.8921   12.6169
    0.0000  -15.0000   -7.5000 2650.4077   12.6587
    7.5000  -15.0000   -7.5000 2625.1772   12.7608
   -7.5000   -7.5000   -7.5000 2703.2954   12.0422
    0.0000   -7.5000   -7.5000 2713.6028   12.0684
    7.5000   -7.5000   -7.5000 2677.4912   12.1693
   -7.5000    0.0000   -7.5000 2737.2295   11.7104
    0.0000    0.0000   -7.5000 2747.8914   11.7434
    7.5000    0.0000   -7.5000 2710.8855   11.8698
   -7.5000    7.5000   -7.5000 2752.3508   11.6420
    0.0000    7.5000   -7.5000 2761.5586   11.6615
    7.5000    7.5000   -7.5000 2723.6843   11.7787
   -7.5000   15.0000   -7.5000 2736.5710   11.7927
    0.0000   15.0000   -7.5000 2745.7358   11.8110
    7.5000   15.0000   -7.5000 2704.7302   11.9393
   -7.5000   22.5000   -7.5000 2706.4702   12.1846
    0.0000   22.5000   -7.5000 2713.6680   12.2022
    7.5000   22.5000   -7.5000 2671.0183   12.3519
   -7.5000   30.0000   -7.5000 2637.1082   12.8290
    0.0000   30.0000   -7.5000 2637.8496   12.8456
    7.5000   30.0000   -7.5000 2599.8115   13.0268
   -7.5000   37.5000   -7.5000 2541.2034   13.7624
    0.0000   37.5000   -7.5000 2543.7590   13.7534
    7.5000   37.5000   -7.5000 2508.1565   13.9807
   -7.5000   45.0000   -7.5000 2428.8320   15.0065
    0.0000   45.0000   -7.5000 2433.7102   14.9884
    7.5000   45.0000   -7.5000 2398.1719   15.2243
   -7.5000  -45.0000    0.0000 2211.1914   17.8028
    0.0000  -45.0000    0.0000 2222.5225   17.7600
    7.5000  -45.0000    0.0000 2204.3894   17.9993
   -7.5000  -37.5000    0.0000 2339.4490   15.7416
    0.0000  -37.5000    0.0000 2351.7778   15.7208
    7.5000  -37.5000    0.0000 2337.4141   15.9932
   -7.5000  -30.0000    0.0000 2465.8901   14.1287
    0.0000  -30.0000    0.0000 2481.3420   14.1315
    7.5000  -30.0000    0.0000 2463.2959   14.3343
   -7.5000  -22.5000    0.0000 2592.6960   12.8761
    0.0000  -22.5000    0.0000 2613.0254   12.9032
    7.5000  -22.5000    0.0000 2585.9348   13.0675
   -7.5000  -15.0000    0.0000 2688.1885   11.9791
    0.0000  -15.0000    0.0000 2702.7346   12.0001
    7.5000  -15.0000    0.0000 2674.5286   12.1517
   -7.5000   -7.5000    0.0000 2762.7759   11.3990
    0.0000   -7.5000    0.0000 2776.0081   11.4246
    7.5000   -7.5000    0.0000 2737.9819   11.5918
   -7.5000    0.0000    0.0000 2804.3110   11.0753
    0.0000    0.0000    0.0000 2813.9312   11.1205
    7.5000    0.0000    0.0000 2772.7158   11.2878
   -7.5000    7.5000    0.0000 2824.7341   11.0030
    0.0000    7.5000    0.0000 2836.2302   11.0248
    7.5000    7.5000    0.0000 2793.7554   11.1939
   -7.5000   15.0000    0.0000 2812.7776   11.1675
    0.0000   15.0000    0.0000 2825.9851   11.1940
    7.5000   15.0000    0.0000 2781.9346   11.3400
   -7.5000   22.5000    0.0000 2780.5132   11.5773
    0.0000   22.5000    0.0000 2786.5522   11.5935
    7.5000   22.5000    0.0000 2741.0698   11.7731
   -7.5000   30.0000    0.0000 2706.5649   12.2007
    0.0000   30.0000    0.0000 2703.8157   12.2348
    7.5000   30.0000    0.0000 2667.4963   12.4173
   -7.5000   37.5000    0.0000 2603.9390   13.0878
    0.0000   37.5000    0.0000 2601.7214   13.0889
    7.5000   37.5000    0.0000 2568.5498   13.3033
   -7.5000   45.0000    0.0000 2485.1199   14.2876
    0.0000   45.0000    0.0000 2487.8130   14.2668
    7.5000   45.0000    0.0000 2454.2812   14.5055
   -7.5000  -45.0000    7.5000 2238.9834   17.3050
    0.0000  -45.0000    7.5000 2247.2642   17.2562
    7.5000  -45.0000    7.5000 2227.7463   17.5422
   -7.5000  -37.5000    7.5000 2361.9863   15.2713
    0.0000  -37.5000    7.5000 2373.0498   15.2201
    7.5000  -37.5000    7.5000 2358.2349   15.5224
   -7.5000  -30.0000    7.5000 2488.5334   13.6762
    0.0000  -30.0000    7.5000 2504.0029   13.6480
    7.5000  -30.0000    7.5000 2484.2014   13.8851
   -7.5000  -22.5000    7.5000 2621.6770   12.4211
    0.0000  -22.5000    7.5000 2635.6665   12.3984
    7.5000  -22.5000    7.5000 2612.9817   12.6395
   -7.5000  -15.0000    7.5000 2735.2664   11.5363
    0.0000  -15.0000    7.5000 2750.3193   11.5203
    7.5000  -15.0000    7.5000 2720.4072   11.7577
   -7.5000   -7.5000    7.5000 2823.2134   10.9165
    0.0000   -7.5000    7.5000 2838.9241   10.9360
    7.5000   -7.5000    7.5000 2795.1255   11.2025
   -7.5000    0.0000    7.5000 2870.9060   10.5517
    0.0000    0.0000    7.5000 2882.0994   10.5895
    7.5000    0.0000    7.5000 2832.5781   10.8700
   -7.5000    7.5000    7.5000 2896.0850   10.5072
    0.0000    7.5000    7.5000 2907.4346   10.5131
    7.5000    7.5000    7.5000 2859.7458   10.7665
   -7.5000   15.0000    7.5000 2887.2974   10.6783
    0.0000   15.0000    7.5000 2893.9719   10.6802
    7.5000   15.0000    7.5000 2850.0222   10.8984
   -7.5000   22.5000    7.5000 2844.0591   11.0700
    0.0000   22.5000    7.5000 2847.3682   11.0835
    7.5000   22.5000    7.5000 2806.3765   11.3088
   -7.5000   30.0000    7.5000 2756.6206   11.7035
    0.0000   30.0000    7.5000 2755.8250   11.6983
    7.5000   30.0000    7.5000 2722.3245   11.9317
   -7.5000   37.5000    7.5000 2648.3601   12.5885
    0.0000   37.5000    7.5000 2649.7090   12.5774
    7.5000   37.5000    7.5000 2614.2361   12.8450
   -7.5000   45.0000    7.5000 2522.8301   13.7632
    0.0000   45.0000    7.5000 2525.2756   13.7503
    7.5000   45.0000    7.5000 2489.6079   14.0482
   -7.5000  -45.0000   15.0000 2242.4583   17.0821
    0.0000  -45.0000   15.0000 2258.0969   16.9955
    7.5000  -45.0000   15.0000 2236.2910   17.3667
   -7.5000  -37.5000   15.0000 2373.6611   15.0313
    0.0000  -37.5000   15.0000 2390.3105   14.9364
    7.5000  -37.5000   15.0000 2368.5010   15.3288
   -7.5000  -30.0000   15.0000 2499.8582   13.4199
    0.0000  -30.0000   15.0000 2515.8589   13.3290
    7.5000  -30.0000   15.0000 2493.4565   13.6896
   -7.5000  -22.5000   15.0000 2630.5352   12.1544
    0.0000  -22.5000   15.0000 2647.9688   12.0735
    7.5000  -22.5000   15.0000 2620.1047   12.3807
   -7.5000  -15.0000   15.0000 2757.5303   11.2464
    0.0000  -15.0000   15.0000 2772.3394   11.1909
    7.5000  -15.0000   15.0000 2741.0342   11.4713
   -7.5000   -7.5000   15.0000 2863.6846   10.6779
    0.0000   -7.5000   15.0000 2887.1367   10.6617
    7.5000   -7.5000   15.0000 2834.1653   10.9133
   -7.5000    0.0000   15.0000 2923.4070   10.2143
    0.0000    0.0000   15.0000 2945.2805   10.2422
    7.5000    0.0000   15.0000 2882.0386   10.6037
   -7.5000    7.5000   15.0000 2952.5703   10.1322
    0.0000    7.5000   15.0000 2969.1328   10.1062
    7.5000    7.5000   15.0000 2912.5427   10.4667
   -7.5000   15.0000   15.0000 2932.7126   10.3238
    0.0000   15.0000   15.0000 2941.9458   10.2984
    7.5000   15.0000   15.0000 2896.2820   10.5983
   -7.5000   22.5000   15.0000 2883.7773   10.7203
    0.0000   22.5000   15.0000 2889.1895   10.7001
    7.5000   22.5000   15.0000 2846.6843   11.0031
   -7.5000   30.0000   15.0000 2789.1545   11.3854
    0.0000   30.0000   15.0000 2798.1167   11.3701
    7.5000   30.0000   15.0000 2755.5649   11.6656
   -7.5000   37.5000   15.0000 2676.3577   12.3092
    0.0000   37.5000   15.0000 2678.0542   12.3190
    7.5000   37.5000   15.0000 2638.0969   12.5803
   -7.5000   45.0000   15.0000 2546.8149   13.4428
    0.0000   45.0000   15.0000 2547.5078   13.4567
    7.5000   45.0000   15.0000 2512.4424   13.7325
   -7.5000  -45.0000   22.5000 2245.2869   16.9891
    0.0000  -45.0000   22.5000 2262.1328   16.8035
    7.5000  -45.0000   22.5000 2241.4097   17.2616
   -7.5000  -37.5000   22.5000 2377.7888   14.9860
    0.0000  -37.5000   22.5000 2394.4421   14.8193
    7.5000  -37.5000   22.5000 2369.7163   15.2089
   -7.5000  -30.0000   22.5000 2502.4141   13.3545
    0.0000  -30.0000   22.5000 2518.9194   13.2293
    7.5000  -30.0000   22.5000 2492.5159   13.5906
   -7.5000  -22.5000   22.5000 2636.9006   12.0687
    0.0000  -22.5000   22.5000 2650.0090   11.9471
    7.5000  -22.5000   22.5000 2624.6887   12.3003
   -7.5000  -15.0000   22.5000 2765.1345   11.1341
    0.0000  -15.0000   22.5000 2779.2610   11.0308
    7.5000  -15.0000   22.5000 2748.7229   11.3689
   -7.5000   -7.5000   22.5000 2884.9697   10.5867
    0.0000   -7.5000   22.5000 2908.0728   10.5043
    7.5000   -7.5000   22.5000 2856.0369   10.7860
   -7.5000    0.0000   22.5000 2962.3176   10.1865
    0.0000    0.0000   22.5000 2993.5857   10.1210
    7.5000    0.0000   22.5000 2923.8982   10.4922
   -7.5000    7.5000   22.5000 2989.3557   10.0117
    0.0000    7.5000   22.5000 3014.7788    9.9533
    7.5000    7.5000   22.5000 2951.6208   10.4133
   -7.5000   15.0000   22.5000 2966.6121   10.2150
    0.0000   15.0000   22.5000 2975.4722   10.1786
    7.5000   15.0000   22.5000 2929.3184   10.5609
   -7.5000   22.5000   22.5000 2901.9980   10.6409
    0.0000   22.5000   22.5000 2911.1331   10.6202
    7.5000   22.5000   22.5000 2866.5518   10.9251
   -7.5000   30.0000   22.5000 2807.0847   11.2847
    0.0000   30.0000   22.5000 2815.1655   11.2766
    7.5000   30.0000   22.5000 2771.8594   11.5304
   -7.5000   37.5000   22.5000 2689.5496   12.1834
    0.0000   37.5000   22.5000 2690.0789   12.1894
    7.5000   37.5000   22.5000 2651.9065   12.4233
   -7.5000   45.0000   22.5000 2553.2305   13.3350
    0.0000   45.0000   22.5000 2555.9500   13.3463
    7.5000   45.0000   22.5000 2518.6279   13.5703
   -7.5000  -45.0000   30.0000 2239.8367   17.0975
    0.0000  -45.0000   30.0000 2252.7319   16.9200
    7.5000  -45.0000   30.0000 2230.4241   17.3231
   -7.5000  -37.5000   30.0000 2372.6965   15.0746
    0.0000  -37.5000   30.0000 2390.2166   14.9163
    7.5000  -37.5000   30.0000 2362.4055   15.3113
   -7.5000  -30.0000   30.0000 2494.3726   13.4186
    0.0000  -30.0000   30.0000 2508.4575   13.2639
    7.5000  -30.0000   30.0000 2485.7200   13.6550
   -7.5000  -22.5000   30.0000 2631.4524   12.1299
    0.0000  -22.5000   30.0000 2639.9175   11.9739
    7.5000  -22.5000   30.0000 2617.5181   12.3681
   -7.5000  -15.0000   30.0000 2763.0193   11.2151
    0.0000  -15.0000   30.0000 2770.7437   11.0649
    7.5000  -15.0000   30.0000 2746.2695   11.4387
   -7.5000   -7.5000   30.0000 2884.1807   10.6649
    0.0000   -7.5000   30.0000 2903.1853   10.5439
    7.5000   -7.5000   30.0000 2856.8745   10.8695
   -7.5000    0.0000   30.0000 2958.2119   10.3165
    0.0000    0.0000   30.0000 2987.7698   10.2305
    7.5000    0.0000   30.0000 2920.1465   10.5973
   -7.5000    7.5000   30.0000 2990.3853   10.2413
    0.0000    7.5000   30.0000 3012.7761   10.1440
    7.5000    7.5000   30.0000 2943.0149   10.5254
   -7.5000   15.0000   30.0000 2959.3225   10.4399
    0.0000   15.0000   30.0000 2976.5688   10.4018
    7.5000   15.0000   30.0000 2922.2502   10.6640
   -7.5000   22.5000   30.0000 2891.5874   10.8039
    0.0000   22.5000   30.0000 2905.0918   10.7875
    7.5000   22.5000   30.0000 2861.5847   11.0168
   -7.5000   30.0000   30.0000 2794.8562   11.3720
    0.0000   30.0000   30.0000 2804.3025   11.3551
    7.5000   30.0000   30.0000 2762.4204   11.5840
   -7.5000   37.5000   30.0000 2679.5381   12.2126
    0.0000   37.5000   30.0000 2687.6401   12.2160
    7.5000   37.5000   30.0000 2647.0608   12.4235
   -7.5000   45.0000   30.0000 2541.5330   13.3419
    0.0000   45.0000   30.0000 2546.7305   13.3537
    7.5000   45.0000   30.0000 2512.0098   13.5658
   -7.5000  -45.0000   37.5000 2224.3926   17.3959
    0.0000  -45.0000   37.5000 2233.1411   17.2061
    7.5000  -45.0000   37.5000 2211.9673   17.6412
   -7.5000  -37.5000   37.5000 2362.2932   15.3319
    0.0000  -37.5000   37.5000 2374.9963   15.2107
    7.5000  -37.5000   37.5000 2349.6843   15.5552
   -7.5000  -30.0000   37.5000 2485.7927   13.6905
    0.0000  -30.0000   37.5000 2498.1345   13.5861
    7.5000  -30.0000   37.5000 2474.9629   13.9039
   -7.5000  -22.5000   37.5000 2620.2622   12.4421
    0.0000  -22.5000   37.5000 2635.0967   12.3366
    7.5000  -22.5000   37.5000 2604.7676   12.6330
   -7.5000  -15.0000   37.5000 2754.8816   11.5629
    0.0000  -15.0000   37.5000 2768.4890   11.4712
    7.5000  -15.0000   37.5000 2730.7930   11.7385
   -7.5000   -7.5000   37.5000 2863.5117   10.9939
    0.0000   -7.5000   37.5000 2886.2676   10.9092
    7.5000   -7.5000   37.5000 2835.0510   11.2015
   -7.5000    0.0000   37.5000 2928.3186   10.6256
    0.0000    0.0000   37.5000 2940.3096   10.5288
    7.5000    0.0000   37.5000 2892.0168   10.8932
   -7.5000    7.5000   37.5000 2951.4519   10.5648
    0.0000    7.5000   37.5000 2968.0271   10.4837
    7.5000    7.5000   37.5000 2914.4995   10.7747
   -7.5000   15.0000   37.5000 2919.4895   10.7292
    0.0000   15.0000   37.5000 2938.9307   10.6718
    7.5000   15.0000   37.5000 2889.9397   10.8945
   -7.5000   22.5000   37.5000 2858.8950   11.1022
    0.0000   22.5000   37.5000 2871.6707   11.0566
    7.5000   22.5000   37.5000 2826.5894   11.2646
   -7.5000   30.0000   37.5000 2761.8140   11.6835
    0.0000   30.0000   37.5000 2773.0027   11.6602
    7.5000   30.0000   37.5000 2730.5249   11.8570
   -7.5000   37.5000   37.5000 2655.1118   12.4662
    0.0000   37.5000   37.5000 2663.6086   12.4691
    7.5000   37.5000   37.5000 2624.9817   12.6636
   -7.5000   45.0000   37.5000 2525.5144   13.5297
    0.0000   45.0000   37.5000 2529.5432   13.5243
    7.5000   45.0000   37.5000 2493.0688   13.7461
   -7.5000  -45.0000   45.0000 2199.5681   17.8711
    0.0000  -45.0000   45.0000 2209.7571   17.7436
    7.5000  -45.0000   45.0000 2190.1228   18.0861
   -7.5000  -37.5000   45.0000 2341.3237   15.8156
    0.0000  -37.5000   45.0000 2353.1658   15.7509
    7.5000  -37.5000   45.0000 2328.0159   16.0280
   -7.5000  -30.0000   45.0000 2469.2271   14.2214
    0.0000  -30.0000   45.0000 2484.0693   14.1733
    7.5000  -30.0000   45.0000 2449.7917   14.3977
   -7.5000  -22.5000   45.0000 2601.4678   12.9974
    0.0000  -22.5000   45.0000 2619.4707   12.9553
    7.5000  -22.5000   45.0000 2576.3464   13.1590
   -7.5000  -15.0000   45.0000 2726.6277   12.0910
    0.0000  -15.0000   45.0000 2745.8911   12.0369
    7.5000  -15.0000   45.0000 2699.7131   12.2371
   -7.5000   -7.5000   45.0000 2822.0535   11.4434
    0.0000   -7.5000   45.0000 2839.7134   11.3498
    7.5000   -7.5000   45.0000 2791.5107   11.6616
   -7.5000    0.0000   45.0000 2878.6101   11.0633
    0.0000    0.0000   45.0000 2885.3047   10.9964
    7.5000    0.0000   45.0000 2843.5725   11.2890
   -7.5000    7.5000   45.0000 2893.5901   11.0019
    0.0000    7.5000   45.0000 2903.5688   10.9230
    7.5000    7.5000   45.0000 2861.6321   11.1791
   -7.5000   15.0000   45.0000 2864.7947   11.1485
    0.0000   15.0000   45.0000 2877.4448   11.0869
    7.5000   15.0000   45.0000 2835.3831   11.3106
   -7.5000   22.5000   45.0000 2803.6538   11.5395
    0.0000   22.5000   45.0000 2811.7859   11.4743
    7.5000   22.5000   45.0000 2774.3870   11.6785
   -7.5000   30.0000   45.0000 2714.2307   12.1047
    0.0000   30.0000   45.0000 2724.7742   12.0871
    7.5000   30.0000   45.0000 2683.7256   12.2767
   -7.5000   37.5000   45.0000 2609.1191   12.9163
    0.0000   37.5000   45.0000 2618.7495   12.8940
    7.5000   37.5000   45.0000 2579.8838   13.0673
   -7.5000   45.0000   45.0000 2483.7375   13.9401
    0.0000   45.0000   45.0000 2490.0479   13.9064
    7.5000   45.0000   45.0000 2456.5051   14.0902

---------------------------------------------------------------------
imgreg_4dfp /opt/freesurfer/average/711-2C_as_mni_average_305 /opt/freesurfer/average/711-2B_as_mni_average_305_mask talsrcimg_g11 none talsrcimg_to_711-2C_as_mni_average_305_t4 1283
---------------------------------------------------------------------

freesurfer imgreg_4dfp.c
/opt/freesurfer/average/711-2C_as_mni_average_305.4dfp.img
       256       256       256         1
  1.000000  1.000000  1.000000
orientation T byte_order littleendian
Reading image: /opt/freesurfer/average/711-2C_as_mni_average_305.4dfp.img
dimensions:      256       256       256
mmppix:       1.0000   -1.0000   -1.0000
center:     128.0000 -129.0000 -129.0000
/opt/freesurfer/average/711-2B_as_mni_average_305_mask.4dfp.img
       256       256       256         1
  1.000000  1.000000  1.000000
orientation T byte_order littleendian
Reading mask: /opt/freesurfer/average/711-2B_as_mni_average_305_mask.4dfp.img (2306576 pixels)
talsrcimg_g11.4dfp.img
       256       256       256         1
  1.000000  1.000000  1.000000
orientation T byte_order littleendian
Reading image: talsrcimg_g11.4dfp.img
dimensions:      256       256       256
mmppix:       1.0000   -1.0000   -1.0000
center:     128.0000 -129.0000 -129.0000
rotation matrix determinant  1.000000
fimgreg.f
image alignment mode   1283 decimal      503 hex
parameters
    0.0000    7.5000   22.5000    0.0000    0.0000    0.0000
eta,q 0.94545  9.94443
niter,ni,del,rscale     5    3   12.0000    1.2000
parameter  3 -0.556360 -> -0.500000 qaram    1.1500
parameters
   -1.0416    6.1654   25.9500    1.2271    2.2906    1.6934
eta,q 0.95130  9.97210
  0.0573  0.0598  0.0642  0.0619  0.0588  0.0561
  0.0564  0.0551  0.0604  0.0587  0.0559  0.0538
  0.0552  0.0526  0.0559  0.0542  0.0529  0.0515
  0.0537  0.0542  0.0528  0.0510  0.0507  0.0494
  0.0544  0.0584  0.0511  0.0514  0.0494  0.0487
  0.0573  0.0615  0.0509  0.0539  0.0501  0.0498
  0.0645  0.0632  0.0527  0.0564  0.0523  0.0519
niter,ni,del,rscale     5    3   12.0000    1.2000
parameters
   -2.0639    6.6404   26.0723    1.1955    2.5065    1.0781
eta,q 0.95177  9.96319
  0.0555  0.0608  0.0590  0.0584  0.0555  0.0525
  0.0519  0.0572  0.0536  0.0533  0.0525  0.0507
  0.0486  0.0505  0.0501  0.0487  0.0499  0.0488
  0.0487  0.0480  0.0484  0.0484  0.0483  0.0483
  0.0520  0.0506  0.0507  0.0511  0.0490  0.0494
  0.0559  0.0543  0.0541  0.0545  0.0519  0.0517
  0.0620  0.0576  0.0574  0.0571  0.0547  0.0551
niter,ni,del,rscale     4    3   12.0000    1.2000
parameters
   -2.3651    6.7292   26.1609    1.1724    2.5311    0.7938
eta,q 0.95170  9.96196
  0.0573  0.0603  0.0588  0.0584  0.0550  0.0528
  0.0532  0.0558  0.0538  0.0533  0.0521  0.0511
  0.0498  0.0492  0.0502  0.0487  0.0498  0.0492
  0.0482  0.0482  0.0483  0.0483  0.0483  0.0483
  0.0508  0.0515  0.0506  0.0511  0.0489  0.0490
  0.0543  0.0553  0.0541  0.0545  0.0521  0.0511
  0.0592  0.0588  0.0577  0.0569  0.0552  0.0544
niter,ni,del,rscale     3    3   12.0000    1.2000
parameters
   -2.4783    6.7530   26.1857    1.1763    2.5333    0.6986
eta,q 0.95164  9.96133
  0.0579  0.0602  0.0586  0.0584  0.0550  0.0530
  0.0535  0.0556  0.0537  0.0533  0.0521  0.0514
  0.0502  0.0492  0.0502  0.0488  0.0499  0.0494
  0.0483  0.0483  0.0483  0.0483  0.0483  0.0483
  0.0505  0.0517  0.0507  0.0511  0.0488  0.0489
  0.0540  0.0556  0.0542  0.0545  0.0520  0.0509
  0.0585  0.0591  0.0579  0.0568  0.0553  0.0540
niter,ni,del,rscale     2    3   12.0000    1.2000
parameters
   -2.5164    6.7570   26.1949    1.1829    2.5328    0.6663
eta,q 0.95163  9.96124
  0.0581  0.0602  0.0585  0.0584  0.0549  0.0531
  0.0536  0.0555  0.0537  0.0533  0.0521  0.0514
  0.0503  0.0492  0.0502  0.0488  0.0499  0.0495
  0.0484  0.0484  0.0484  0.0484  0.0484  0.0484
  0.0504  0.0517  0.0507  0.0511  0.0488  0.0489
  0.0539  0.0556  0.0542  0.0545  0.0520  0.0508
  0.0582  0.0592  0.0579  0.0568  0.0554  0.0539
registration optimization eta report
parameter search radius
    6.0000    6.0000    6.9000    6.0000    6.0000    6.0000
100000*second partial in parameter space
       26.       30.       19.       25.       18.       14.
  0.0581  0.0602  0.0585  0.0584  0.0549  0.0531
  0.0536  0.0555  0.0537  0.0533  0.0521  0.0514
  0.0503  0.0492  0.0502  0.0488  0.0499  0.0495
  0.0484  0.0484  0.0484  0.0484  0.0484  0.0484
  0.0504  0.0517  0.0507  0.0511  0.0488  0.0489
  0.0539  0.0556  0.0542  0.0545  0.0520  0.0508
  0.0582  0.0592  0.0579  0.0568  0.0554  0.0539
   -2.5164    6.7570   26.1949    1.1829    2.5328    0.6663
eta,q 0.95163  9.96124

---------------------------------------------------------------------
imgreg_4dfp /opt/freesurfer/average/711-2C_as_mni_average_305 /opt/freesurfer/average/711-2B_as_mni_average_305_mask talsrcimg_g11 none talsrcimg_to_711-2C_as_mni_average_305_t4 3335
---------------------------------------------------------------------

freesurfer imgreg_4dfp.c
/opt/freesurfer/average/711-2C_as_mni_average_305.4dfp.img
       256       256       256         1
  1.000000  1.000000  1.000000
orientation T byte_order littleendian
Reading image: /opt/freesurfer/average/711-2C_as_mni_average_305.4dfp.img
dimensions:      256       256       256
mmppix:       1.0000   -1.0000   -1.0000
center:     128.0000 -129.0000 -129.0000
/opt/freesurfer/average/711-2B_as_mni_average_305_mask.4dfp.img
       256       256       256         1
  1.000000  1.000000  1.000000
orientation T byte_order littleendian
Reading mask: /opt/freesurfer/average/711-2B_as_mni_average_305_mask.4dfp.img (2306576 pixels)
talsrcimg_g11.4dfp.img
       256       256       256         1
  1.000000  1.000000  1.000000
orientation T byte_order littleendian
Reading image: talsrcimg_g11.4dfp.img
dimensions:      256       256       256
mmppix:       1.0000   -1.0000   -1.0000
center:     128.0000 -129.0000 -129.0000
fimgreg.f
image alignment mode   3335 decimal      D07 hex
parameters
   -2.5164    6.7570   26.1949   -0.1044   -0.0291   -0.1190
   -1.2538   -4.3939    1.1617   -2.1157    4.4192    2.0624
eta,q 0.95040  9.94378
niter,ni,del,rscale     5    3    5.0000    1.2000
parameter  4  9.859714 ->  0.500000 qaram    1.1500
parameter  5 70.359436 ->  0.500000 qaram    1.1500
parameter  6  0.574757 ->  0.500000 qaram    1.1500
parameters
   -2.3000    6.3211   26.1618   -4.2444   -4.1691   -4.2590
   -2.2871   -2.2769    1.5020   -3.0635    4.0333   -0.2370
eta,q 0.96498  9.72933
  0.0510  0.0503  0.0508  0.0397  0.0324  0.0364  0.0375  0.0432  0.0372  0.0382  0.0364  0.0357
  0.0502  0.0498  0.0501  0.0423  0.0359  0.0359  0.0364  0.0402  0.0362  0.0364  0.0357  0.0352
  0.0498  0.0495  0.0497  0.0458  0.0397  0.0360  0.0359  0.0375  0.0356  0.0353  0.0353  0.0350
  0.0496  0.0496  0.0495  0.0495  0.0431  0.0370  0.0359  0.0358  0.0353  0.0353  0.0352  0.0352
  0.0496  0.0498  0.0497  0.0527  0.0464  0.0391  0.0364  0.0353  0.0354  0.0363  0.0354  0.0356
  0.0499  0.0503  0.0502  0.0561  0.0501  0.0424  0.0373  0.0361  0.0360  0.0378  0.0359  0.0364
  0.0506  0.0510  0.0509  0.0600  0.0539  0.0462  0.0387  0.0380  0.0369  0.0399  0.0367  0.0375
niter,ni,del,rscale     7    3    5.0000    1.2000
parameter  4  1.003643 ->  0.500000 qaram    1.3225
parameter  5  2.003540 ->  0.500000 qaram    1.3225
parameters
   -2.1994    5.7515   25.4237   -9.0054   -8.9301   -2.6834
   -1.9353   -2.1819    2.5222   -2.6464    4.3490   -1.6092
eta,q 0.97435  9.60646
  0.0385  0.0361  0.0355  0.0314  0.0249  0.0310  0.0293  0.0314  0.0290  0.0313  0.0272  0.0268
  0.0368  0.0353  0.0349  0.0313  0.0259  0.0292  0.0276  0.0284  0.0275  0.0285  0.0264  0.0261
  0.0356  0.0349  0.0347  0.0324  0.0281  0.0276  0.0264  0.0264  0.0264  0.0266  0.0259  0.0257
  0.0350  0.0350  0.0349  0.0347  0.0315  0.0264  0.0259  0.0259  0.0259  0.0258  0.0257  0.0257
  0.0353  0.0356  0.0354  0.0384  0.0354  0.0256  0.0261  0.0265  0.0258  0.0261  0.0259  0.0262
  0.0363  0.0367  0.0361  0.0422  0.0390  0.0262  0.0271  0.0282  0.0265  0.0278  0.0263  0.0270
  0.0380  0.0381  0.0372  0.0461  0.0428  0.0291  0.0288  0.0311  0.0277  0.0302  0.0270  0.0281
niter,ni,del,rscale     7    3    5.0000    1.2000
parameter  5  0.578842 ->  0.500000 qaram    1.5209
parameters
   -2.0099    5.5687   25.6038  -11.2458  -14.4052   -1.2701
   -1.8349   -2.3683    2.8228   -2.5779    4.3607   -2.5419
eta,q 0.97678  9.42667
  0.0301  0.0284  0.0276  0.0287  0.0251  0.0284  0.0263  0.0282  0.0257  0.0275  0.0246  0.0244
  0.0279  0.0267  0.0265  0.0269  0.0240  0.0268  0.0247  0.0252  0.0245  0.0253  0.0239  0.0237
  0.0263  0.0258  0.0258  0.0258  0.0242  0.0253  0.0237  0.0236  0.0236  0.0238  0.0234  0.0233
  0.0257  0.0256  0.0256  0.0256  0.0256  0.0239  0.0233  0.0233  0.0233  0.0232  0.0232  0.0232
  0.0259  0.0262  0.0257  0.0271  0.0287  0.0229  0.0236  0.0240  0.0234  0.0238  0.0234  0.0236
  0.0270  0.0275  0.0262  0.0303  0.0333  0.0239  0.0246  0.0257  0.0242  0.0252  0.0238  0.0243
  0.0289  0.0293  0.0270  0.0350  0.0374  0.0270  0.0261  0.0285  0.0254  0.0274  0.0246  0.0252
niter,ni,del,rscale     7    3    5.0000    1.2000
parameters
   -1.9076    5.5530   25.8600  -10.6543  -15.2600   -0.9524
   -1.9060   -2.3213    2.9160   -2.4600    4.1414   -2.5770
eta,q 0.97701  9.42500
  0.0272  0.0263  0.0255  0.0286  0.0288  0.0276  0.0259  0.0284  0.0253  0.0272  0.0243  0.0245
  0.0252  0.0245  0.0243  0.0263  0.0262  0.0261  0.0244  0.0254  0.0241  0.0250  0.0236  0.0237
  0.0238  0.0235  0.0235  0.0245  0.0240  0.0246  0.0233  0.0235  0.0233  0.0236  0.0231  0.0232
  0.0232  0.0232  0.0232  0.0232  0.0231  0.0231  0.0230  0.0230  0.0230  0.0230  0.0230  0.0230
  0.0235  0.0237  0.0233  0.0231  0.0239  0.0227  0.0234  0.0237  0.0232  0.0235  0.0232  0.0232
  0.0246  0.0247  0.0238  0.0246  0.0268  0.0247  0.0244  0.0254  0.0240  0.0249  0.0237  0.0237
  0.0267  0.0263  0.0246  0.0282  0.0319  0.0281  0.0260  0.0281  0.0253  0.0270  0.0245  0.0245
niter,ni,del,rscale     6    3    5.0000    1.2000
parameters
   -1.9411    5.5687   25.9528  -10.5657  -15.4180   -0.8266
   -1.9072   -2.3199    2.9617   -2.4445    4.0751   -2.5603
eta,q 0.97706  9.42612
  0.0267  0.0262  0.0251  0.0282  0.0292  0.0275  0.0259  0.0284  0.0252  0.0271  0.0243  0.0244
  0.0247  0.0243  0.0239  0.0259  0.0266  0.0260  0.0244  0.0253  0.0240  0.0249  0.0236  0.0237
  0.0234  0.0233  0.0232  0.0241  0.0242  0.0245  0.0233  0.0234  0.0233  0.0235  0.0231  0.0232
  0.0230  0.0230  0.0230  0.0230  0.0230  0.0230  0.0229  0.0229  0.0229  0.0229  0.0229  0.0229
  0.0234  0.0234  0.0232  0.0231  0.0234  0.0228  0.0233  0.0236  0.0232  0.0235  0.0231  0.0231
  0.0248  0.0244  0.0238  0.0250  0.0258  0.0249  0.0243  0.0254  0.0240  0.0249  0.0236  0.0237
  0.0270  0.0259  0.0247  0.0288  0.0306  0.0283  0.0260  0.0282  0.0252  0.0270  0.0244  0.0244
niter,ni,del,rscale     5    3    5.0000    1.2000
parameters
   -1.9515    5.5705   25.9931  -10.5618  -15.4508   -0.7775
   -1.9151   -2.3239    2.9734   -2.4479    4.0454   -2.5492
eta,q 0.97708  9.42661
  0.0267  0.0261  0.0250  0.0281  0.0292  0.0274  0.0259  0.0283  0.0252  0.0270  0.0243  0.0244
  0.0247  0.0243  0.0238  0.0258  0.0266  0.0259  0.0243  0.0253  0.0240  0.0249  0.0236  0.0237
  0.0234  0.0232  0.0231  0.0241  0.0242  0.0244  0.0233  0.0234  0.0232  0.0234  0.0231  0.0231
  0.0229  0.0229  0.0229  0.0229  0.0229  0.0229  0.0229  0.0229  0.0229  0.0229  0.0229  0.0229
  0.0233  0.0234  0.0232  0.0231  0.0233  0.0228  0.0233  0.0236  0.0232  0.0234  0.0231  0.0231
  0.0247  0.0244  0.0238  0.0250  0.0256  0.0250  0.0243  0.0254  0.0240  0.0249  0.0236  0.0237
  0.0269  0.0259  0.0247  0.0289  0.0303  0.0284  0.0259  0.0282  0.0252  0.0270  0.0243  0.0244
niter,ni,del,rscale     4    3    5.0000    1.2000
parameters
   -1.9546    5.5671   26.0124  -10.5669  -15.4600   -0.7542
   -1.9187   -2.3241    2.9834   -2.4539    4.0257   -2.5424
eta,q 0.97708  9.42689
  0.0267  0.0260  0.0249  0.0281  0.0292  0.0274  0.0259  0.0283  0.0252  0.0270  0.0243  0.0244
  0.0247  0.0242  0.0238  0.0258  0.0266  0.0259  0.0243  0.0253  0.0240  0.0249  0.0236  0.0237
  0.0234  0.0232  0.0231  0.0241  0.0242  0.0244  0.0233  0.0234  0.0232  0.0234  0.0231  0.0231
  0.0229  0.0229  0.0229  0.0229  0.0229  0.0229  0.0229  0.0229  0.0229  0.0229  0.0229  0.0229
  0.0233  0.0234  0.0232  0.0231  0.0233  0.0228  0.0233  0.0236  0.0232  0.0234  0.0231  0.0231
  0.0246  0.0244  0.0238  0.0250  0.0256  0.0251  0.0243  0.0254  0.0240  0.0249  0.0236  0.0237
  0.0268  0.0259  0.0248  0.0289  0.0303  0.0284  0.0259  0.0282  0.0252  0.0270  0.0243  0.0244
registration optimization eta report
parameter search radius
    2.4000    2.4000    2.4000    9.5220   10.9503    8.2800
    7.2000    7.2000    7.2000    7.2000    7.2000    7.2000
100000*second partial in parameter space
       67.       53.       33.        6.        6.        7.
        6.       10.        4.        8.        3.        3.
  0.0267  0.0260  0.0249  0.0281  0.0292  0.0274  0.0259  0.0283  0.0252  0.0270  0.0243  0.0244
  0.0247  0.0242  0.0238  0.0258  0.0266  0.0259  0.0243  0.0253  0.0240  0.0249  0.0236  0.0237
  0.0234  0.0232  0.0231  0.0241  0.0242  0.0244  0.0233  0.0234  0.0232  0.0234  0.0231  0.0231
  0.0229  0.0229  0.0229  0.0229  0.0229  0.0229  0.0229  0.0229  0.0229  0.0229  0.0229  0.0229
  0.0233  0.0234  0.0232  0.0231  0.0233  0.0228  0.0233  0.0236  0.0232  0.0234  0.0231  0.0231
  0.0246  0.0244  0.0238  0.0250  0.0256  0.0251  0.0243  0.0254  0.0240  0.0249  0.0236  0.0237
  0.0268  0.0259  0.0248  0.0289  0.0303  0.0284  0.0259  0.0282  0.0252  0.0270  0.0243  0.0244
   -1.9546    5.5671   26.0124  -10.5669  -15.4600   -0.7542
   -1.9187   -2.3241    2.9834   -2.4539    4.0257   -2.5424
eta,q 0.97708  9.42689

---------------------------------------------------------------------
imgreg_4dfp /opt/freesurfer/average/711-2C_as_mni_average_305 /opt/freesurfer/average/711-2B_as_mni_average_305_mask talsrcimg_g11 none talsrcimg_to_711-2C_as_mni_average_305_t4 2311
---------------------------------------------------------------------

freesurfer imgreg_4dfp.c
/opt/freesurfer/average/711-2C_as_mni_average_305.4dfp.img
       256       256       256         1
  1.000000  1.000000  1.000000
orientation T byte_order littleendian
Reading image: /opt/freesurfer/average/711-2C_as_mni_average_305.4dfp.img
dimensions:      256       256       256
mmppix:       1.0000   -1.0000   -1.0000
center:     128.0000 -129.0000 -129.0000
/opt/freesurfer/average/711-2B_as_mni_average_305_mask.4dfp.img
       256       256       256         1
  1.000000  1.000000  1.000000
orientation T byte_order littleendian
Reading mask: /opt/freesurfer/average/711-2B_as_mni_average_305_mask.4dfp.img (2306576 pixels)
talsrcimg_g11.4dfp.img
       256       256       256         1
  1.000000  1.000000  1.000000
orientation T byte_order littleendian
Reading image: talsrcimg_g11.4dfp.img
dimensions:      256       256       256
mmppix:       1.0000   -1.0000   -1.0000
center:     128.0000 -129.0000 -129.0000
fimgreg.f
image alignment mode   2311 decimal      907 hex
parameters
   -1.9546    5.5671   26.0124  -10.5669  -15.4600   -0.7542
   -1.9187   -2.3241    2.9834   -2.4539    4.0257   -2.5424
eta,q 0.97708  9.42688
niter,ni,del,rscale     5    3    5.0000    0.8000
parameters
   -1.9261    5.5016   25.9731   -9.6183  -14.6302   -0.0273
   -1.9525   -2.2330    3.0889   -2.6239    4.0602   -2.8434
eta,q 0.97751  9.49041
  0.0247  0.0242  0.0238  0.0249  0.0247  0.0253  0.0240  0.0255  0.0237  0.0245  0.0233  0.0232
  0.0238  0.0234  0.0233  0.0241  0.0238  0.0244  0.0232  0.0239  0.0231  0.0234  0.0229  0.0228
  0.0231  0.0230  0.0230  0.0234  0.0232  0.0235  0.0227  0.0228  0.0227  0.0227  0.0226  0.0226
  0.0229  0.0229  0.0229  0.0229  0.0228  0.0227  0.0225  0.0225  0.0225  0.0225  0.0225  0.0225
  0.0231  0.0231  0.0230  0.0228  0.0227  0.0225  0.0227  0.0228  0.0226  0.0228  0.0226  0.0226
  0.0236  0.0236  0.0234  0.0231  0.0231  0.0231  0.0232  0.0238  0.0230  0.0237  0.0229  0.0229
  0.0246  0.0244  0.0238  0.0239  0.0238  0.0245  0.0241  0.0253  0.0236  0.0248  0.0233  0.0234
niter,ni,del,rscale     4    3    5.0000    0.7000
parameters
   -2.0200    5.5061   26.1092   -9.7751  -14.7321    0.3349
   -1.9504   -2.3280    3.0887   -2.6271    3.9449   -2.8902
eta,q 0.97759  9.49145
  0.0238  0.0237  0.0235  0.0237  0.0236  0.0247  0.0236  0.0246  0.0233  0.0241  0.0230  0.0230
  0.0230  0.0230  0.0230  0.0231  0.0230  0.0239  0.0229  0.0233  0.0228  0.0232  0.0227  0.0227
  0.0226  0.0226  0.0226  0.0227  0.0226  0.0231  0.0226  0.0226  0.0225  0.0226  0.0225  0.0225
  0.0225  0.0225  0.0225  0.0225  0.0225  0.0225  0.0224  0.0224  0.0224  0.0224  0.0224  0.0224
  0.0227  0.0226  0.0225  0.0226  0.0226  0.0225  0.0225  0.0227  0.0225  0.0226  0.0225  0.0225
  0.0233  0.0230  0.0228  0.0232  0.0231  0.0231  0.0229  0.0235  0.0228  0.0232  0.0227  0.0227
  0.0242  0.0236  0.0231  0.0240  0.0238  0.0243  0.0236  0.0247  0.0233  0.0241  0.0231  0.0231
niter,ni,del,rscale     3    3    5.0000    0.6000
parameters
   -2.0337    5.4991   26.2327   -9.7871  -14.7997    0.5875
   -1.9303   -2.3408    3.1302   -2.6509    3.8408   -2.8801
eta,q 0.97764  9.49410
  0.0235  0.0233  0.0232  0.0234  0.0233  0.0242  0.0232  0.0241  0.0230  0.0236  0.0228  0.0229
  0.0229  0.0228  0.0228  0.0229  0.0228  0.0235  0.0228  0.0231  0.0227  0.0229  0.0226  0.0226
  0.0225  0.0225  0.0225  0.0226  0.0225  0.0228  0.0225  0.0225  0.0225  0.0225  0.0224  0.0224
  0.0224  0.0224  0.0224  0.0224  0.0224  0.0224  0.0224  0.0224  0.0224  0.0224  0.0224  0.0224
  0.0225  0.0225  0.0224  0.0225  0.0225  0.0225  0.0225  0.0226  0.0224  0.0225  0.0224  0.0224
  0.0229  0.0228  0.0226  0.0229  0.0228  0.0230  0.0227  0.0232  0.0227  0.0230  0.0226  0.0226
  0.0235  0.0233  0.0229  0.0235  0.0234  0.0239  0.0232  0.0241  0.0230  0.0237  0.0229  0.0229
niter,ni,del,rscale     2    3    5.0000    0.5000
parameters
   -2.0424    5.4900   26.3161   -9.7770  -14.8534    0.7750
   -1.9153   -2.3433    3.1573   -2.6835    3.7600   -2.8582
eta,q 0.97765  9.49617
  0.0231  0.0230  0.0229  0.0231  0.0230  0.0237  0.0230  0.0236  0.0228  0.0232  0.0227  0.0227
  0.0227  0.0226  0.0226  0.0228  0.0226  0.0231  0.0226  0.0229  0.0226  0.0227  0.0225  0.0225
  0.0225  0.0224  0.0224  0.0225  0.0224  0.0226  0.0224  0.0225  0.0224  0.0224  0.0224  0.0224
  0.0224  0.0224  0.0224  0.0224  0.0224  0.0224  0.0223  0.0223  0.0223  0.0223  0.0223  0.0224
  0.0225  0.0224  0.0224  0.0224  0.0224  0.0224  0.0224  0.0225  0.0224  0.0225  0.0224  0.0224
  0.0227  0.0226  0.0225  0.0227  0.0227  0.0228  0.0226  0.0229  0.0226  0.0228  0.0225  0.0225
  0.0231  0.0230  0.0227  0.0232  0.0230  0.0235  0.0230  0.0235  0.0228  0.0233  0.0227  0.0227
niter,ni,del,rscale     1    3    5.0000    0.4000
parameters
   -2.0488    5.4806   26.3879   -9.7650  -14.8769    0.9073
   -1.9068   -2.3510    3.1965   -2.6963    3.7004   -2.8460
eta,q 0.97766  9.49824
  0.0228  0.0227  0.0227  0.0229  0.0227  0.0233  0.0227  0.0231  0.0227  0.0229  0.0226  0.0226
  0.0226  0.0225  0.0225  0.0226  0.0225  0.0229  0.0225  0.0227  0.0225  0.0226  0.0224  0.0225
  0.0224  0.0224  0.0224  0.0224  0.0224  0.0225  0.0224  0.0224  0.0224  0.0224  0.0224  0.0224
  0.0224  0.0223  0.0223  0.0223  0.0223  0.0223  0.0223  0.0223  0.0223  0.0223  0.0223  0.0223
  0.0224  0.0224  0.0224  0.0224  0.0224  0.0224  0.0224  0.0224  0.0224  0.0224  0.0224  0.0224
  0.0226  0.0225  0.0224  0.0226  0.0225  0.0227  0.0225  0.0227  0.0225  0.0226  0.0224  0.0224
  0.0228  0.0227  0.0226  0.0229  0.0228  0.0232  0.0227  0.0231  0.0226  0.0229  0.0226  0.0226
registration optimization eta report
parameter search radius
    0.8000    0.8000    0.8000    2.4000    2.4000    2.4000
    2.4000    2.4000    2.4000    2.4000    2.4000    2.4000
100000*second partial in parameter space
       76.       60.       45.        9.        7.       15.
        7.       14.        5.       10.        4.        4.
  0.0228  0.0227  0.0227  0.0229  0.0227  0.0233  0.0227  0.0231  0.0227  0.0229  0.0226  0.0226
  0.0226  0.0225  0.0225  0.0226  0.0225  0.0229  0.0225  0.0227  0.0225  0.0226  0.0224  0.0225
  0.0224  0.0224  0.0224  0.0224  0.0224  0.0225  0.0224  0.0224  0.0224  0.0224  0.0224  0.0224
  0.0224  0.0223  0.0223  0.0223  0.0223  0.0223  0.0223  0.0223  0.0223  0.0223  0.0223  0.0223
  0.0224  0.0224  0.0224  0.0224  0.0224  0.0224  0.0224  0.0224  0.0224  0.0224  0.0224  0.0224
  0.0226  0.0225  0.0224  0.0226  0.0225  0.0227  0.0225  0.0227  0.0225  0.0226  0.0224  0.0224
  0.0228  0.0227  0.0226  0.0229  0.0228  0.0232  0.0227  0.0231  0.0226  0.0229  0.0226  0.0226
   -2.0488    5.4806   26.3879   -9.7650  -14.8769    0.9073
   -1.9068   -2.3510    3.1965   -2.6963    3.7004   -2.8460
eta,q 0.97766  9.49824

---------------------------------------------------------------------
imgreg_4dfp /opt/freesurfer/average/711-2C_as_mni_average_305 /opt/freesurfer/average/711-2B_as_mni_average_305_mask talsrcimg_g11 none talsrcimg_to_711-2C_as_mni_average_305_t4 2311
---------------------------------------------------------------------

freesurfer imgreg_4dfp.c
/opt/freesurfer/average/711-2C_as_mni_average_305.4dfp.img
       256       256       256         1
  1.000000  1.000000  1.000000
orientation T byte_order littleendian
Reading image: /opt/freesurfer/average/711-2C_as_mni_average_305.4dfp.img
dimensions:      256       256       256
mmppix:       1.0000   -1.0000   -1.0000
center:     128.0000 -129.0000 -129.0000
/opt/freesurfer/average/711-2B_as_mni_average_305_mask.4dfp.img
       256       256       256         1
  1.000000  1.000000  1.000000
orientation T byte_order littleendian
Reading mask: /opt/freesurfer/average/711-2B_as_mni_average_305_mask.4dfp.img (2306576 pixels)
talsrcimg_g11.4dfp.img
       256       256       256         1
  1.000000  1.000000  1.000000
orientation T byte_order littleendian
Reading image: talsrcimg_g11.4dfp.img
dimensions:      256       256       256
mmppix:       1.0000   -1.0000   -1.0000
center:     128.0000 -129.0000 -129.0000
fimgreg.f
image alignment mode   2311 decimal      907 hex
parameters
   -2.0488    5.4806   26.3879   -9.7650  -14.8769    0.9073
   -1.9068   -2.3510    3.1965   -2.6963    3.7004   -2.8460
eta,q 0.97766  9.49824
niter,ni,del,rscale     5    3    5.0000    0.8000
parameters
   -2.0652    5.5097   26.4360  -10.0682  -14.9739    0.5689
   -1.9336   -2.3649    3.1443   -2.5938    3.6936   -2.8037
eta,q 0.97761  9.48461
  0.0242  0.0239  0.0235  0.0239  0.0238  0.0246  0.0239  0.0252  0.0235  0.0247  0.0232  0.0232
  0.0232  0.0230  0.0229  0.0231  0.0231  0.0237  0.0231  0.0236  0.0229  0.0235  0.0228  0.0228
  0.0225  0.0225  0.0225  0.0226  0.0225  0.0229  0.0226  0.0227  0.0225  0.0227  0.0225  0.0225
  0.0223  0.0223  0.0223  0.0223  0.0224  0.0224  0.0224  0.0224  0.0224  0.0224  0.0224  0.0224
  0.0226  0.0225  0.0224  0.0226  0.0225  0.0227  0.0226  0.0228  0.0225  0.0226  0.0225  0.0225
  0.0232  0.0230  0.0228  0.0233  0.0231  0.0239  0.0231  0.0237  0.0229  0.0234  0.0228  0.0228
  0.0243  0.0238  0.0234  0.0245  0.0240  0.0259  0.0239  0.0252  0.0236  0.0245  0.0232  0.0232
niter,ni,del,rscale     4    3    5.0000    0.7000
parameters
   -2.0205    5.4913   26.3406   -9.9253  -14.8721    0.5560
   -1.9339   -2.3223    3.1643   -2.6306    3.7393   -2.8121
eta,q 0.97763  9.48943
  0.0239  0.0235  0.0231  0.0238  0.0236  0.0244  0.0235  0.0247  0.0233  0.0241  0.0230  0.0230
  0.0231  0.0229  0.0227  0.0232  0.0230  0.0236  0.0229  0.0234  0.0228  0.0231  0.0227  0.0227
  0.0226  0.0225  0.0224  0.0227  0.0226  0.0229  0.0225  0.0226  0.0225  0.0226  0.0224  0.0225
  0.0224  0.0224  0.0224  0.0224  0.0224  0.0224  0.0224  0.0224  0.0224  0.0224  0.0224  0.0224
  0.0225  0.0226  0.0225  0.0225  0.0225  0.0225  0.0225  0.0226  0.0225  0.0226  0.0224  0.0224
  0.0230  0.0229  0.0229  0.0229  0.0229  0.0233  0.0229  0.0234  0.0228  0.0232  0.0227  0.0227
  0.0238  0.0235  0.0233  0.0237  0.0235  0.0247  0.0235  0.0245  0.0233  0.0241  0.0230  0.0230
niter,ni,del,rscale     3    3    5.0000    0.6000
parameters
   -2.0260    5.4855   26.3216   -9.8464  -14.8586    0.6656
   -1.9271   -2.3280    3.1741   -2.6704    3.7537   -2.8426
eta,q 0.97765  9.49295
  0.0234  0.0232  0.0230  0.0234  0.0233  0.0241  0.0232  0.0241  0.0230  0.0236  0.0229  0.0228
  0.0229  0.0227  0.0226  0.0230  0.0228  0.0234  0.0228  0.0231  0.0227  0.0229  0.0226  0.0226
  0.0225  0.0225  0.0224  0.0226  0.0225  0.0228  0.0225  0.0225  0.0225  0.0225  0.0224  0.0224
  0.0224  0.0224  0.0224  0.0224  0.0224  0.0224  0.0224  0.0224  0.0224  0.0224  0.0224  0.0224
  0.0225  0.0225  0.0225  0.0224  0.0225  0.0225  0.0224  0.0226  0.0224  0.0225  0.0224  0.0224
  0.0229  0.0228  0.0227  0.0228  0.0228  0.0231  0.0227  0.0231  0.0227  0.0230  0.0226  0.0226
  0.0235  0.0232  0.0230  0.0234  0.0233  0.0241  0.0232  0.0240  0.0230  0.0237  0.0228  0.0229
niter,ni,del,rscale     2    3    5.0000    0.5000
parameters
   -2.0391    5.4815   26.3507   -9.8018  -14.8613    0.8069
   -1.9271   -2.3369    3.1848   -2.6902    3.7218   -2.8651
eta,q 0.97766  9.49614
  0.0231  0.0230  0.0228  0.0231  0.0230  0.0237  0.0229  0.0235  0.0228  0.0233  0.0227  0.0227
  0.0227  0.0226  0.0226  0.0228  0.0227  0.0231  0.0226  0.0229  0.0226  0.0228  0.0225  0.0225
  0.0224  0.0224  0.0224  0.0225  0.0224  0.0226  0.0224  0.0225  0.0224  0.0224  0.0224  0.0224
  0.0224  0.0224  0.0224  0.0224  0.0224  0.0224  0.0223  0.0223  0.0223  0.0223  0.0223  0.0223
  0.0225  0.0224  0.0224  0.0224  0.0224  0.0224  0.0224  0.0225  0.0224  0.0225  0.0224  0.0224
  0.0227  0.0226  0.0225  0.0227  0.0226  0.0229  0.0226  0.0229  0.0225  0.0228  0.0225  0.0225
  0.0231  0.0230  0.0228  0.0231  0.0230  0.0236  0.0230  0.0235  0.0228  0.0233  0.0227  0.0227
niter,ni,del,rscale     1    3    5.0000    0.4000
parameters
   -2.0467    5.4771   26.3983   -9.7720  -14.8906    0.9197
   -1.9079   -2.3451    3.2055   -2.6917    3.6893   -2.8387
eta,q 0.97766  9.49797
  0.0228  0.0227  0.0227  0.0229  0.0227  0.0233  0.0227  0.0231  0.0227  0.0229  0.0226  0.0226
  0.0226  0.0225  0.0225  0.0226  0.0225  0.0229  0.0225  0.0227  0.0225  0.0226  0.0224  0.0224
  0.0224  0.0224  0.0224  0.0224  0.0224  0.0225  0.0224  0.0224  0.0224  0.0224  0.0224  0.0224
  0.0223  0.0223  0.0223  0.0223  0.0223  0.0223  0.0223  0.0223  0.0223  0.0223  0.0223  0.0223
  0.0224  0.0224  0.0224  0.0224  0.0224  0.0224  0.0224  0.0224  0.0224  0.0224  0.0224  0.0224
  0.0226  0.0225  0.0225  0.0226  0.0225  0.0227  0.0225  0.0227  0.0225  0.0226  0.0224  0.0224
  0.0228  0.0227  0.0226  0.0229  0.0228  0.0232  0.0227  0.0231  0.0227  0.0229  0.0226  0.0226
registration optimization eta report
parameter search radius
    0.8000    0.8000    0.8000    2.4000    2.4000    2.4000
    2.4000    2.4000    2.4000    2.4000    2.4000    2.4000
100000*second partial in parameter space
       77.       60.       46.        9.        7.       15.
        7.       14.        5.       10.        4.        4.
  0.0228  0.0227  0.0227  0.0229  0.0227  0.0233  0.0227  0.0231  0.0227  0.0229  0.0226  0.0226
  0.0226  0.0225  0.0225  0.0226  0.0225  0.0229  0.0225  0.0227  0.0225  0.0226  0.0224  0.0224
  0.0224  0.0224  0.0224  0.0224  0.0224  0.0225  0.0224  0.0224  0.0224  0.0224  0.0224  0.0224
  0.0223  0.0223  0.0223  0.0223  0.0223  0.0223  0.0223  0.0223  0.0223  0.0223  0.0223  0.0223
  0.0224  0.0224  0.0224  0.0224  0.0224  0.0224  0.0224  0.0224  0.0224  0.0224  0.0224  0.0224
  0.0226  0.0225  0.0225  0.0226  0.0225  0.0227  0.0225  0.0227  0.0225  0.0226  0.0224  0.0224
  0.0228  0.0227  0.0226  0.0229  0.0228  0.0232  0.0227  0.0231  0.0227  0.0229  0.0226  0.0226
   -2.0467    5.4771   26.3983   -9.7720  -14.8906    0.9197
   -1.9079   -2.3451    3.2055   -2.6917    3.6893   -2.8387
eta,q 0.97766  9.49797

---------------------------------------------------------------------
compute_vox2vox talsrcimg talsrcimg_to_711-2C_as_mni_average_305_t4 /opt/freesurfer/average/711-2C_as_mni_average_305
---------------------------------------------------------------------

freesurfer compute_vox2vox.c
Reading: talsrcimg.4dfp.ifh
Reading: talsrcimg_to_711-2C_as_mni_average_305_t4
Reading: /opt/freesurfer/average/711-2C_as_mni_average_305.4dfp.ifh
Writing: talsrcimg_to_711-2C_as_mni_average_305_t4_vox2vox.txt

start time Mon Mar 9 03:51:39 CET 2026
end		time Mon Mar 9 03:51:53 CET 2026

mpr2mni305 success

avi2talxfm orig_nu.mgz /opt/freesurfer/average/mni305.cor.mgz talsrcimg_to_711-2C_as_mni_average_305_t4_vox2vox.txt transforms/talairach.auto.xfm
avi2talxfm done
mv -f /out/sourcedata/freesurfer/sub-v1s18x0051210_ses-1/mri/talsrcimg_to_711-2C_as_mni_average_305_t4_vox2vox.txt /out/sourcedata/freesurfer/sub-v1s18x0051210_ses-1/mri/transforms/talsrcimg_to_711-2C_as_mni_average_305_t4_vox2vox.txt
lta_convert --src orig_nu.mgz --trg /opt/freesurfer/average/mni305.cor.mgz --inxfm transforms/talairach.auto.xfm --outlta transforms/talairach.auto.xfm.lta --subject fsaverage
7.3.2

--src: orig_nu.mgz src image (geometry).
--trg: /opt/freesurfer/average/mni305.cor.mgz trg image (geometry).
--inmni: transforms/talairach.auto.xfm input MNI/XFM transform.
--outlta: transforms/talairach.auto.xfm.lta output LTA.
--s: fsaverage subject name
 LTA read, type : 1
 1.10631   0.02639   0.02568   3.94969;
-0.04165   0.99077   0.03211  -23.07629;
-0.04298   0.03034   1.17501  -20.54822;
 0.00000   0.00000   0.00000   1.00000;
setting subject to fsaverage
Writing  LTA to file transforms/talairach.auto.xfm.lta...
lta_convert successful.
 
 
Started at Mon Mar 9 03:51:39 CET 2026
Ended   at Mon Mar  9 03:51:53 CET 2026
talairach_avi done
