/out/sourcedata/freesurfer/sub-v1s18x0051241_ses-1/mri
/opt/freesurfer/bin/talairach_avi
--i orig_nu.mgz --xfm transforms/talairach.auto.xfm
talairach_avi 7.3.2
Linux dna066 5.14.0-427.37.1.el9_4.x86_64 #1 SMP PREEMPT_DYNAMIC Fri Sep 13 12:41:50 EDT 2024 x86_64 x86_64 x86_64 GNU/Linux
Mon Mar  9 05:42:16 CET 2026
mri_convert orig_nu.mgz talsrcimg.img 
reading from orig_nu.mgz...
TR=0.00, TE=0.00, TI=0.00, flip angle=0.00
i_ras = (-1, 0, -3.72529e-09)
j_ras = (0, 0, -1)
k_ras = (0, 1, 0)
writing to talsrcimg.img...
Analyze Output Matrix
-1.00000   0.00000   0.00000   129.55927;
 0.00000   0.00000   1.00000  -124.97867;
-0.00000  -1.00000   0.00000   107.02087;
 0.00000   0.00000   0.00000   1.00000;
--------------------
INFO: set hdr.hist.orient to -1
mpr2mni305 talsrcimg
Mon Mar  9 05:42:16 CET 2026
/opt/freesurfer/bin/mpr2mni305 talsrcimg
mpr2mni305 7.3.2
target=711-2C_as_mni_average_305

---------------------------------------------------------------------
analyzeto4dfp talsrcimg -O0 -y
---------------------------------------------------------------------

freesurfer ifh2hdr.c
Mon Mar  9 05:42:17 2026
Writing: talsrcimg.4dfp.hdr
freesurfer analyzeto4dfp.c
Reading: talsrcimg.hdr
header size 348 bytes
hdr.dime.datatype	offset=70	value=2
hdr.dime.bitpix		offset=72	value=8
hdr.hist.orient		offset=252	value=-1
dimensionality     4
dimensions       256       256       256         1
Reading: talsrcimg.img
Writing: talsrcimg.4dfp.img
Writing: talsrcimg.4dfp.ifh
ifh2hdr talsrcimg -r0to213
ori=2

---------------------------------------------------------------------
gauss_4dfp talsrcimg 1.1
---------------------------------------------------------------------

freesurfer gauss_4dfp.c
Reading: talsrcimg.4dfp.img
Writing: talsrcimg_g11.4dfp.img
image dimensions 256 256 256 padded to 288 288 288
processing volume 1freesurfer ifh2hdr.c
Mon Mar  9 05:42:18 2026
Writing: talsrcimg_g11.4dfp.hdr

Writing: talsrcimg_g11.4dfp.ifh
including: talsrcimg.4dfp.img.rec in talsrcimg_g11.4dfp.img.rec

---------------------------------------------------------------------
imgreg_4dfp /opt/freesurfer/average/711-2C_as_mni_average_305 none talsrcimg_g11 none talsrcimg_to_711-2C_as_mni_average_305_t4 4355
---------------------------------------------------------------------

freesurfer imgreg_4dfp.c
/opt/freesurfer/average/711-2C_as_mni_average_305.4dfp.img
       256       256       256         1
  1.000000  1.000000  1.000000
orientation T byte_order littleendian
Reading image: /opt/freesurfer/average/711-2C_as_mni_average_305.4dfp.img
dimensions:      256       256       256
mmppix:       1.0000   -1.0000   -1.0000
center:     128.0000 -129.0000 -129.0000
talsrcimg_g11.4dfp.img
       256       256       256         1
  1.000000  1.000000  1.000000
orientation T byte_order littleendian
Reading image: talsrcimg_g11.4dfp.img
dimensions:      256       256       256
mmppix:       1.0000   -1.0000   -1.0000
center:     128.0000 -129.0000 -129.0000
t4_read: open error in t4_sub.f l:  41 t4_file(1:l)talsrcimg_to_711-2C_as_mni_average_305_t4 
t4_read: transform initialized to I4
rotation matrix determinant  1.000000
image alignment mode   4355 decimal     1103 hex
   -7.5000  -45.0000  -45.0000 4338.0210   25.2423
    0.0000  -45.0000  -45.0000 4491.4082   25.2593
    7.5000  -45.0000  -45.0000 4308.9180   25.2459
   -7.5000  -37.5000  -45.0000 4862.4790   24.1511
    0.0000  -37.5000  -45.0000 5032.2363   24.1611
    7.5000  -37.5000  -45.0000 4811.8975   24.1454
   -7.5000  -30.0000  -45.0000 5581.3423   23.2926
    0.0000  -30.0000  -45.0000 5759.3892   23.2987
    7.5000  -30.0000  -45.0000 5507.5308   23.2863
   -7.5000  -22.5000  -45.0000 6329.3008   22.5490
    0.0000  -22.5000  -45.0000 6534.3750   22.5508
    7.5000  -22.5000  -45.0000 6255.9224   22.5446
   -7.5000  -15.0000  -45.0000 7198.5737   22.1789
    0.0000  -15.0000  -45.0000 7421.9673   22.1824
    7.5000  -15.0000  -45.0000 7087.7466   22.1791
   -7.5000   -7.5000  -45.0000 8083.8472   21.9789
    0.0000   -7.5000  -45.0000 8332.2354   21.9882
    7.5000   -7.5000  -45.0000 7936.7568   21.9821
   -7.5000    0.0000  -45.0000 8990.3545   21.9822
    0.0000    0.0000  -45.0000 9273.1152   21.9968
    7.5000    0.0000  -45.0000 8835.2627   21.9876
   -7.5000    7.5000  -45.0000 9269.4434   22.0254
    0.0000    7.5000  -45.0000 9575.1680   22.0382
    7.5000    7.5000  -45.0000 9121.0488   22.0271
   -7.5000   15.0000  -45.0000 9331.2207   22.0471
    0.0000   15.0000  -45.0000 9644.8203   22.0526
    7.5000   15.0000  -45.0000 9165.3232   22.0418
   -7.5000   22.5000  -45.0000 9278.6689   22.0180
    0.0000   22.5000  -45.0000 9568.6094   22.0189
    7.5000   22.5000  -45.0000 9085.2783   22.0128
   -7.5000   30.0000  -45.0000 9175.0791   21.6893
    0.0000   30.0000  -45.0000 9450.2891   21.6923
    7.5000   30.0000  -45.0000 8948.3350   21.6890
   -7.5000   37.5000  -45.0000 9338.1826   21.6685
    0.0000   37.5000  -45.0000 9636.0957   21.6775
    7.5000   37.5000  -45.0000 9125.6680   21.6715
   -7.5000   45.0000  -45.0000 9123.0791   21.1385
    0.0000   45.0000  -45.0000 9430.1660   21.1525
    7.5000   45.0000  -45.0000 8945.5957   21.1437
   -7.5000  -45.0000  -37.5000 4674.8525   24.8904
    0.0000  -45.0000  -37.5000 4827.5811   24.9045
    7.5000  -45.0000  -37.5000 4613.2065   24.8878
   -7.5000  -37.5000  -37.5000 5220.7231   23.8047
    0.0000  -37.5000  -37.5000 5383.6875   23.8135
    7.5000  -37.5000  -37.5000 5133.2368   23.7937
   -7.5000  -30.0000  -37.5000 5979.9565   22.9424
    0.0000  -30.0000  -37.5000 6172.8540   22.9515
    7.5000  -30.0000  -37.5000 5895.5679   22.9367
   -7.5000  -22.5000  -37.5000 6804.6284   22.2078
    0.0000  -22.5000  -37.5000 7026.4219   22.2137
    7.5000  -22.5000  -37.5000 6701.8037   22.2060
   -7.5000  -15.0000  -37.5000 7744.5923   21.8530
    0.0000  -15.0000  -37.5000 7981.6938   21.8605
    7.5000  -15.0000  -37.5000 7599.2412   21.8562
   -7.5000   -7.5000  -37.5000 8702.1924   21.6727
    0.0000   -7.5000  -37.5000 8967.0176   21.6831
    7.5000   -7.5000  -37.5000 8524.7217   21.6765
   -7.5000    0.0000  -37.5000 9663.3291   21.6826
    0.0000    0.0000  -37.5000 9958.9736   21.6952
    7.5000    0.0000  -37.5000 9471.6855   21.6845
   -7.5000    7.5000  -37.5000 9952.7754   21.7135
    0.0000    7.5000  -37.500010269.4785   21.7254
    7.5000    7.5000  -37.5000 9759.4023   21.7117
   -7.5000   15.0000  -37.500010024.5957   21.7179
    0.0000   15.0000  -37.500010343.4424   21.7254
    7.5000   15.0000  -37.5000 9809.7754   21.7126
   -7.5000   22.5000  -37.5000 9955.5918   21.6839
    0.0000   22.5000  -37.500010265.2529   21.6888
    7.5000   22.5000  -37.5000 9715.0645   21.6813
   -7.5000   30.0000  -37.5000 9811.5605   21.3707
    0.0000   30.0000  -37.500010111.5205   21.3776
    7.5000   30.0000  -37.5000 9564.0674   21.3734
   -7.5000   37.5000  -37.5000 9955.8564   21.3669
    0.0000   37.5000  -37.500010272.1074   21.3770
    7.5000   37.5000  -37.5000 9720.9951   21.3704
   -7.5000   45.0000  -37.5000 9723.4619   20.8504
    0.0000   45.0000  -37.500010049.3662   20.8626
    7.5000   45.0000  -37.5000 9512.3711   20.8523
   -7.5000  -45.0000  -30.0000 5129.8911   25.9610
    0.0000  -45.0000  -30.0000 5280.7681   25.9802
    7.5000  -45.0000  -30.0000 5052.1328   25.9567
   -7.5000  -37.5000  -30.0000 5686.5146   24.8200
    0.0000  -37.5000  -30.0000 5870.4111   24.8314
    7.5000  -37.5000  -30.0000 5615.8799   24.8000
   -7.5000  -30.0000  -30.0000 6507.0381   23.9078
    0.0000  -30.0000  -30.0000 6732.2178   23.9197
    7.5000  -30.0000  -30.0000 6432.7876   23.8912
   -7.5000  -22.5000  -30.0000 7406.8955   23.1400
    0.0000  -22.5000  -30.0000 7657.6523   23.1497
    7.5000  -22.5000  -30.0000 7296.1982   23.1310
   -7.5000  -15.0000  -30.0000 8465.3193   22.7757
    0.0000  -15.0000  -30.0000 8735.4590   22.7888
    7.5000  -15.0000  -30.0000 8282.9199   22.7791
   -7.5000   -7.5000  -30.0000 9533.3135   22.5947
    0.0000   -7.5000  -30.0000 9824.5107   22.6110
    7.5000   -7.5000  -30.0000 9305.5215   22.6021
   -7.5000    0.0000  -30.000010588.8984   22.6065
    0.0000    0.0000  -30.000010904.3896   22.6235
    7.5000    0.0000  -30.000010337.2246   22.6089
   -7.5000    7.5000  -30.000010870.6777   22.6320
    0.0000    7.5000  -30.000011224.1719   22.6464
    7.5000    7.5000  -30.000010635.2773   22.6236
   -7.5000   15.0000  -30.000010935.1279   22.6281
    0.0000   15.0000  -30.000011297.9727   22.6377
    7.5000   15.0000  -30.000010692.3457   22.6126
   -7.5000   22.5000  -30.000010840.7275   22.5896
    0.0000   22.5000  -30.000011207.1992   22.5982
    7.5000   22.5000  -30.000010560.7012   22.5804
   -7.5000   30.0000  -30.000010657.1738   22.2747
    0.0000   30.0000  -30.000011005.9629   22.2870
    7.5000   30.0000  -30.000010367.2988   22.2776
   -7.5000   37.5000  -30.000010778.9219   22.2780
    0.0000   37.5000  -30.000011133.7832   22.2939
    7.5000   37.5000  -30.000010507.4385   22.2850
   -7.5000   45.0000  -30.000010526.4727   21.7548
    0.0000   45.0000  -30.000010885.6445   21.7712
    7.5000   45.0000  -30.000010263.3779   21.7571
   -7.5000  -45.0000  -22.5000 5576.5024   26.8913
    0.0000  -45.0000  -22.5000 5750.4194   26.9144
    7.5000  -45.0000  -22.5000 5486.4487   26.8869
   -7.5000  -37.5000  -22.5000 6188.2788   25.7208
    0.0000  -37.5000  -22.5000 6399.7119   25.7325
    7.5000  -37.5000  -22.5000 6091.7598   25.6934
   -7.5000  -30.0000  -22.5000 7094.3252   24.7868
    0.0000  -30.0000  -22.5000 7333.0942   24.7946
    7.5000  -30.0000  -22.5000 6968.2651   24.7531
   -7.5000  -22.5000  -22.5000 8094.7817   23.9958
    0.0000  -22.5000  -22.5000 8357.5059   24.0007
    7.5000  -22.5000  -22.5000 7923.3525   23.9695
   -7.5000  -15.0000  -22.5000 9250.7129   23.6130
    0.0000  -15.0000  -22.5000 9529.4912   23.6234
    7.5000  -15.0000  -22.5000 9025.6113   23.6055
   -7.5000   -7.5000  -22.500010403.3047   23.4128
    0.0000   -7.5000  -22.500010708.6152   23.4297
    7.5000   -7.5000  -22.500010137.5361   23.4173
   -7.5000    0.0000  -22.500011548.0273   23.4181
    0.0000    0.0000  -22.500011867.0674   23.4377
    7.5000    0.0000  -22.500011215.7705   23.4203
   -7.5000    7.5000  -22.500011833.5225   23.4501
    0.0000    7.5000  -22.500012187.0654   23.4645
    7.5000    7.5000  -22.500011476.2773   23.4349
   -7.5000   15.0000  -22.500011907.4648   23.4569
    0.0000   15.0000  -22.500012240.6172   23.4628
    7.5000   15.0000  -22.500011506.2637   23.4258
   -7.5000   22.5000  -22.500011806.3281   23.4218
    0.0000   22.5000  -22.500012164.3359   23.4259
    7.5000   22.5000  -22.500011394.3770   23.3962
   -7.5000   30.0000  -22.500011596.0479   23.0966
    0.0000   30.0000  -22.500011947.4941   23.1063
    7.5000   30.0000  -22.500011193.8965   23.0890
   -7.5000   37.5000  -22.500011722.9355   23.0882
    0.0000   37.5000  -22.500012097.4893   23.1046
    7.5000   37.5000  -22.500011351.6074   23.0923
   -7.5000   45.0000  -22.500011427.0391   22.5528
    0.0000   45.0000  -22.500011785.2266   22.5717
    7.5000   45.0000  -22.500011067.4014   22.5549
   -7.5000  -45.0000  -15.0000 6034.9097   27.4981
    0.0000  -45.0000  -15.0000 6229.4683   27.5216
    7.5000  -45.0000  -15.0000 5917.9917   27.4966
   -7.5000  -37.5000  -15.0000 6703.6577   26.3148
    0.0000  -37.5000  -15.0000 6941.8848   26.3262
    7.5000  -37.5000  -15.0000 6583.4521   26.2903
   -7.5000  -30.0000  -15.0000 7715.8628   25.3799
    0.0000  -30.0000  -15.0000 7955.3301   25.3828
    7.5000  -30.0000  -15.0000 7541.7290   25.3422
   -7.5000  -22.5000  -15.0000 8799.5059   24.5793
    0.0000  -22.5000  -15.0000 9065.4902   24.5775
    7.5000  -22.5000  -15.0000 8585.9395   24.5451
   -7.5000  -15.0000  -15.000010011.2354   24.1815
    0.0000  -15.0000  -15.000010326.2295   24.1845
    7.5000  -15.0000  -15.0000 9768.2012   24.1652
   -7.5000   -7.5000  -15.000011240.2061   23.9599
    0.0000   -7.5000  -15.000011603.4863   23.9729
    7.5000   -7.5000  -15.000010975.1748   23.9599
   -7.5000    0.0000  -15.000012462.0859   23.9549
    0.0000    0.0000  -15.000012847.5723   23.9741
    7.5000    0.0000  -15.000012137.7383   23.9580
   -7.5000    7.5000  -15.000012771.0713   23.9949
    0.0000    7.5000  -15.000013160.7070   24.0085
    7.5000    7.5000  -15.000012403.4580   23.9811
   -7.5000   15.0000  -15.000012837.1709   24.0178
    0.0000   15.0000  -15.000013204.4746   24.0200
    7.5000   15.0000  -15.000012413.3604   23.9838
   -7.5000   22.5000  -15.000012738.4668   23.9903
    0.0000   22.5000  -15.000013121.1328   23.9879
    7.5000   22.5000  -15.000012275.5957   23.9570
   -7.5000   30.0000  -15.000012499.9092   23.6561
    0.0000   30.0000  -15.000012881.3926   23.6587
    7.5000   30.0000  -15.000012028.2988   23.6400
   -7.5000   37.5000  -15.000012651.7549   23.6310
    0.0000   37.5000  -15.000013065.6758   23.6436
    7.5000   37.5000  -15.000012201.6982   23.6306
   -7.5000   45.0000  -15.000012319.9941   23.0837
    0.0000   45.0000  -15.000012725.8965   23.1022
    7.5000   45.0000  -15.000011879.7900   23.0867
   -7.5000  -45.0000   -7.5000 6529.4570   27.7330
    0.0000  -45.0000   -7.5000 6764.8716   27.7550
    7.5000  -45.0000   -7.5000 6386.7983   27.7375
   -7.5000  -37.5000   -7.5000 7250.3057   26.5437
    0.0000  -37.5000   -7.5000 7506.2310   26.5552
    7.5000  -37.5000   -7.5000 7103.7495   26.5313
   -7.5000  -30.0000   -7.5000 8352.6436   25.6095
    0.0000  -30.0000   -7.5000 8611.8682   25.6126
    7.5000  -30.0000   -7.5000 8150.8076   25.5870
   -7.5000  -22.5000   -7.5000 9528.7070   24.8036
    0.0000  -22.5000   -7.5000 9826.0254   24.8015
    7.5000  -22.5000   -7.5000 9278.5859   24.7832
   -7.5000  -15.0000   -7.500010846.0879   24.3992
    0.0000  -15.0000   -7.500011202.1807   24.4002
    7.5000  -15.0000   -7.500010558.3105   24.3900
   -7.5000   -7.5000   -7.500012152.8838   24.1727
    0.0000   -7.5000   -7.500012566.5293   24.1833
    7.5000   -7.5000   -7.500011870.2031   24.1750
   -7.5000    0.0000   -7.500013437.7637   24.1669
    0.0000    0.0000   -7.500013895.9229   24.1849
    7.5000    0.0000   -7.500013129.2578   24.1737
   -7.5000    7.5000   -7.500013757.9229   24.2105
    0.0000    7.5000   -7.500014219.5000   24.2245
    7.5000    7.5000   -7.500013399.7080   24.2069
   -7.5000   15.0000   -7.500013835.5049   24.2386
    0.0000   15.0000   -7.500014281.4717   24.2413
    7.5000   15.0000   -7.500013429.2275   24.2189
   -7.5000   22.5000   -7.500013713.7627   24.2086
    0.0000   22.5000   -7.500014178.1787   24.2056
    7.5000   22.5000   -7.500013267.3232   24.1881
   -7.5000   30.0000   -7.500013415.4541   23.8692
    0.0000   30.0000   -7.500013885.2861   23.8698
    7.5000   30.0000   -7.500012979.0625   23.8600
   -7.5000   37.5000   -7.500013582.7617   23.8403
    0.0000   37.5000   -7.500014126.1875   23.8506
    7.5000   37.5000   -7.500013147.4092   23.8423
   -7.5000   45.0000   -7.500013228.9014   23.2923
    0.0000   45.0000   -7.500013739.5518   23.3097
    7.5000   45.0000   -7.500012795.7549   23.2989
   -7.5000  -45.0000    0.0000 6973.6055   27.7389
    0.0000  -45.0000    0.0000 7217.6060   27.7583
    7.5000  -45.0000    0.0000 6798.2583   27.7461
   -7.5000  -37.5000    0.0000 7765.9629   26.5432
    0.0000  -37.5000    0.0000 8021.7324   26.5550
    7.5000  -37.5000    0.0000 7598.9771   26.5401
   -7.5000  -30.0000    0.0000 8962.1260   25.6017
    0.0000  -30.0000    0.0000 9242.8848   25.6090
    7.5000  -30.0000    0.0000 8756.9883   25.5974
   -7.5000  -22.5000    0.000010207.1836   24.7901
    0.0000  -22.5000    0.000010564.1992   24.7926
    7.5000  -22.5000    0.0000 9992.5029   24.7876
   -7.5000  -15.0000    0.000011595.9883   24.3865
    0.0000  -15.0000    0.000012027.8867   24.3910
    7.5000  -15.0000    0.000011381.2344   24.3891
   -7.5000   -7.5000    0.000012982.4326   24.1700
    0.0000   -7.5000    0.000013479.6465   24.1808
    7.5000   -7.5000    0.000012745.6807   24.1764
   -7.5000    0.0000    0.000014345.0664   24.1720
    0.0000    0.0000    0.000014898.1709   24.1886
    7.5000    0.0000    0.000014088.6514   24.1811
   -7.5000    7.5000    0.000014691.8242   24.2142
    0.0000    7.5000    0.000015253.0166   24.2288
    7.5000    7.5000    0.000014406.4170   24.2191
   -7.5000   15.0000    0.000014790.6582   24.2347
    0.0000   15.0000    0.000015376.6045   24.2411
    7.5000   15.0000    0.000014455.0596   24.2315
   -7.5000   22.5000    0.000014614.1191   24.1970
    0.0000   22.5000    0.000015261.6133   24.1985
    7.5000   22.5000    0.000014276.5244   24.1937
   -7.5000   30.0000    0.000014265.0449   23.8580
    0.0000   30.0000    0.000014898.7256   23.8619
    7.5000   30.0000    0.000013938.1709   23.8601
   -7.5000   37.5000    0.000014430.5771   23.8383
    0.0000   37.5000    0.000015093.6689   23.8489
    7.5000   37.5000    0.000014091.0449   23.8443
   -7.5000   45.0000    0.000014084.2969   23.2991
    0.0000   45.0000    0.000014678.5723   23.3150
    7.5000   45.0000    0.000013709.3906   23.3078
   -7.5000  -45.0000    7.5000 6813.9678   27.7877
    0.0000  -45.0000    7.5000 7065.1089   27.8056
    7.5000  -45.0000    7.5000 6673.3423   27.7888
   -7.5000  -37.5000    7.5000 7640.7939   26.5742
    0.0000  -37.5000    7.5000 7896.0840   26.5860
    7.5000  -37.5000    7.5000 7512.5044   26.5658
   -7.5000  -30.0000    7.5000 8851.4697   25.6110
    0.0000  -30.0000    7.5000 9152.9111   25.6228
    7.5000  -30.0000    7.5000 8688.2607   25.6081
   -7.5000  -22.5000    7.500010098.7461   24.7918
    0.0000  -22.5000    7.500010492.0713   24.7999
    7.5000  -22.5000    7.5000 9937.3604   24.7929
   -7.5000  -15.0000    7.500011466.0508   24.3963
    0.0000  -15.0000    7.500011924.7070   24.4063
    7.5000  -15.0000    7.500011306.5723   24.4030
   -7.5000   -7.5000    7.500012826.6631   24.1955
    0.0000   -7.5000    7.500013344.6943   24.2089
    7.5000   -7.5000    7.500012671.2842   24.2031
   -7.5000    0.0000    7.500014140.1504   24.2056
    0.0000    0.0000    7.500014703.8633   24.2216
    7.5000    0.0000    7.500013996.9824   24.2114
   -7.5000    7.5000    7.500014529.5186   24.2389
    0.0000    7.5000    7.500015133.6064   24.2539
    7.5000    7.5000    7.500014366.4502   24.2404
   -7.5000   15.0000    7.500014680.5537   24.2433
    0.0000   15.0000    7.500015447.9775   24.2533
    7.5000   15.0000    7.500014466.8887   24.2408
   -7.5000   22.5000    7.500014453.6387   24.1985
    0.0000   22.5000    7.500015201.9170   24.2054
    7.5000   22.5000    7.500014317.1914   24.1987
   -7.5000   30.0000    7.500014049.8652   23.8673
    0.0000   30.0000    7.500014704.1143   23.8766
    7.5000   30.0000    7.500013973.8838   23.8734
   -7.5000   37.5000    7.500014263.3486   23.8635
    0.0000   37.5000    7.500014902.2939   23.8764
    7.5000   37.5000    7.500014122.9590   23.8706
   -7.5000   45.0000    7.500013897.8594   23.3315
    0.0000   45.0000    7.500014510.1807   23.3468
    7.5000   45.0000    7.500013722.0498   23.3370
   -7.5000  -45.0000   15.0000 6629.5015   27.8776
    0.0000  -45.0000   15.0000 6870.2817   27.8982
    7.5000  -45.0000   15.0000 6507.1729   27.8730
   -7.5000  -37.5000   15.0000 7442.4292   26.6523
    0.0000  -37.5000   15.0000 7706.9829   26.6646
    7.5000  -37.5000   15.0000 7332.1484   26.6309
   -7.5000  -30.0000   15.0000 8607.1484   25.6728
    0.0000  -30.0000   15.0000 8926.5205   25.6856
    7.5000  -30.0000   15.0000 8486.0615   25.6550
   -7.5000  -22.5000   15.0000 9820.3594   24.8484
    0.0000  -22.5000   15.000010197.7559   24.8587
    7.5000  -22.5000   15.0000 9721.4912   24.8387
   -7.5000  -15.0000   15.000011155.2607   24.4571
    0.0000  -15.0000   15.000011567.0693   24.4712
    7.5000  -15.0000   15.000011057.5967   24.4608
   -7.5000   -7.5000   15.000012453.3340   24.2628
    0.0000   -7.5000   15.000012894.0166   24.2803
    7.5000   -7.5000   15.000012348.8818   24.2708
   -7.5000    0.0000   15.000013723.3350   24.2755
    0.0000    0.0000   15.000014197.6768   24.2938
    7.5000    0.0000   15.000013597.2686   24.2780
   -7.5000    7.5000   15.000014138.9697   24.3028
    0.0000    7.5000   15.000014728.0898   24.3184
    7.5000    7.5000   15.000013996.4121   24.2938
   -7.5000   15.0000   15.000014316.6113   24.2987
    0.0000   15.0000   15.000015000.0098   24.3090
    7.5000   15.0000   15.000014181.1133   24.2820
   -7.5000   22.5000   15.000013899.1855   24.2520
    0.0000   22.5000   15.000014459.5820   24.2613
    7.5000   22.5000   15.000013978.5225   24.2421
   -7.5000   30.0000   15.000013436.6064   23.9262
    0.0000   30.0000   15.000013914.9492   23.9394
    7.5000   30.0000   15.000013592.2783   23.9293
   -7.5000   37.5000   15.000013730.6582   23.9297
    0.0000   37.5000   15.000014249.3271   23.9468
    7.5000   37.5000   15.000013783.8027   23.9373
   -7.5000   45.0000   15.000013413.7754   23.3988
    0.0000   45.0000   15.000013950.9492   23.4164
    7.5000   45.0000   15.000013393.0059   23.4012
   -7.5000  -45.0000   22.5000 6362.4312   27.9154
    0.0000  -45.0000   22.5000 6555.6982   27.9392
    7.5000  -45.0000   22.5000 6263.4634   27.9108
   -7.5000  -37.5000   22.5000 7205.2534   26.7002
    0.0000  -37.5000   22.5000 7428.7109   26.7124
    7.5000  -37.5000   22.5000 7071.7300   26.6718
   -7.5000  -30.0000   22.5000 8330.5225   25.7307
    0.0000  -30.0000   22.5000 8629.3105   25.7387
    7.5000  -30.0000   22.5000 8198.3076   25.6956
   -7.5000  -22.5000   22.5000 9472.3125   24.9095
    0.0000  -22.5000   22.5000 9827.6064   24.9146
    7.5000  -22.5000   22.5000 9357.7246   24.8822
   -7.5000  -15.0000   22.500010717.2305   24.5121
    0.0000  -15.0000   22.500011088.3682   24.5229
    7.5000  -15.0000   22.500010608.8662   24.5044
   -7.5000   -7.5000   22.500011927.1152   24.3044
    0.0000   -7.5000   22.500012304.8867   24.3219
    7.5000   -7.5000   22.500011827.3633   24.3090
   -7.5000    0.0000   22.500013131.7188   24.3098
    0.0000    0.0000   22.500013545.3545   24.3302
    7.5000    0.0000   22.500013023.5811   24.3121
   -7.5000    7.5000   22.500013548.3535   24.3431
    0.0000    7.5000   22.500014003.2686   24.3581
    7.5000    7.5000   22.500013375.3135   24.3273
   -7.5000   15.0000   22.500013699.6270   24.3501
    0.0000   15.0000   22.500014204.6426   24.3563
    7.5000   15.0000   22.500013544.6357   24.3179
   -7.5000   22.5000   22.500013364.0352   24.3100
    0.0000   22.5000   22.500013831.0879   24.3143
    7.5000   22.5000   22.500013447.1270   24.2834
   -7.5000   30.0000   22.500012913.2080   23.9795
    0.0000   30.0000   22.500013364.8047   23.9896
    7.5000   30.0000   22.500013128.5664   23.9716
   -7.5000   37.5000   22.500013146.5078   23.9707
    0.0000   37.5000   22.500013683.6045   23.9878
    7.5000   37.5000   22.500013316.3633   23.9750
   -7.5000   45.0000   22.500012902.6582   23.4319
    0.0000   45.0000   22.500013418.3066   23.4515
    7.5000   45.0000   22.500012940.3369   23.4341
   -7.5000  -45.0000   30.0000 6042.0557   27.8762
    0.0000  -45.0000   30.0000 6228.6606   27.9001
    7.5000  -45.0000   30.0000 5934.4634   27.8748
   -7.5000  -37.5000   30.0000 6790.8813   26.6766
    0.0000  -37.5000   30.0000 7008.2080   26.6882
    7.5000  -37.5000   30.0000 6660.9175   26.6519
   -7.5000  -30.0000   30.0000 7837.2783   25.7288
    0.0000  -30.0000   30.0000 8114.0288   25.7319
    7.5000  -30.0000   30.0000 7727.0913   25.6907
   -7.5000  -22.5000   30.0000 8953.8164   24.9172
    0.0000  -22.5000   30.0000 9257.8496   24.9154
    7.5000  -22.5000   30.0000 8827.7959   24.8827
   -7.5000  -15.0000   30.000010143.3096   24.5139
    0.0000  -15.0000   30.000010476.6709   24.5170
    7.5000  -15.0000   30.000010020.5244   24.4975
   -7.5000   -7.5000   30.000011307.9844   24.2893
    0.0000   -7.5000   30.000011701.7324   24.3025
    7.5000   -7.5000   30.000011199.6582   24.2894
   -7.5000    0.0000   30.000012410.2451   24.2842
    0.0000    0.0000   30.000012907.2822   24.3037
    7.5000    0.0000   30.000012336.2725   24.2875
   -7.5000    7.5000   30.000012715.9736   24.3247
    0.0000    7.5000   30.000013230.9736   24.3386
    7.5000    7.5000   30.000012596.8701   24.3109
   -7.5000   15.0000   30.000012872.1006   24.3480
    0.0000   15.0000   30.000013328.6094   24.3502
    7.5000   15.0000   30.000012663.2168   24.3136
   -7.5000   22.5000   30.000012837.3750   24.3175
    0.0000   22.5000   30.000013245.4277   24.3151
    7.5000   22.5000   30.000012589.2637   24.2839
   -7.5000   30.0000   30.000012698.1777   23.9813
    0.0000   30.0000   30.000013071.0713   23.9840
    7.5000   30.0000   30.000012402.0596   23.9651
   -7.5000   37.5000   30.000012892.6729   23.9559
    0.0000   37.5000   30.000013267.6934   23.9687
    7.5000   37.5000   30.000012583.1299   23.9556
   -7.5000   45.0000   30.000012527.7012   23.4071
    0.0000   45.0000   30.000012890.4229   23.4260
    7.5000   45.0000   30.000012196.4551   23.4103
   -7.5000  -45.0000   37.5000 5883.3955   27.8649
    0.0000  -45.0000   37.5000 6077.2261   27.8880
    7.5000  -45.0000   37.5000 5768.5146   27.8702
   -7.5000  -37.5000   37.5000 6626.3730   26.6673
    0.0000  -37.5000   37.5000 6842.6851   26.6798
    7.5000  -37.5000   37.5000 6492.9150   26.6555
   -7.5000  -30.0000   37.5000 7658.9365   25.7265
    0.0000  -30.0000   37.5000 7927.1006   25.7304
    7.5000  -30.0000   37.5000 7552.6758   25.7044
   -7.5000  -22.5000   37.5000 8728.5918   24.9152
    0.0000  -22.5000   37.5000 9027.2656   24.9138
    7.5000  -22.5000   37.5000 8602.2012   24.8952
   -7.5000  -15.0000   37.5000 9882.4199   24.5084
    0.0000  -15.0000   37.500010236.4463   24.5102
    7.5000  -15.0000   37.5000 9735.7471   24.4998
   -7.5000   -7.5000   37.500011049.2725   24.2803
    0.0000   -7.5000   37.500011480.6572   24.2918
    7.5000   -7.5000   37.500010883.2471   24.2834
   -7.5000    0.0000   37.500012172.6162   24.2742
    0.0000    0.0000   37.500012694.3438   24.2932
    7.5000    0.0000   37.500011987.6650   24.2817
   -7.5000    7.5000   37.500012512.9775   24.3178
    0.0000    7.5000   37.500012987.0791   24.3326
    7.5000    7.5000   37.500012218.0566   24.3147
   -7.5000   15.0000   37.500012649.2783   24.3460
    0.0000   15.0000   37.500013042.1699   24.3494
    7.5000   15.0000   37.500012283.2080   24.3267
   -7.5000   22.5000   37.500012569.6475   24.3161
    0.0000   22.5000   37.500012934.5264   24.3138
    7.5000   22.5000   37.500012197.3096   24.2961
   -7.5000   30.0000   37.500012416.4727   23.9762
    0.0000   30.0000   37.500012762.0879   23.9775
    7.5000   30.0000   37.500012035.5850   23.9675
   -7.5000   37.5000   37.500012615.1191   23.9471
    0.0000   37.5000   37.500012949.4688   23.9582
    7.5000   37.5000   37.500012229.0059   23.9498
   -7.5000   45.0000   37.500012243.2188   23.3975
    0.0000   45.0000   37.500012575.7070   23.4158
    7.5000   45.0000   37.500011878.2803   23.4048
   -7.5000  -45.0000   45.0000 5403.6592   27.8091
    0.0000  -45.0000   45.0000 5595.9932   27.8303
    7.5000  -45.0000   45.0000 5330.8491   27.8171
   -7.5000  -37.5000   45.0000 6069.1606   26.6072
    0.0000  -37.5000   45.0000 6291.9536   26.6207
    7.5000  -37.5000   45.0000 5979.5640   26.6050
   -7.5000  -30.0000   45.0000 7035.3823   25.6597
    0.0000  -30.0000   45.0000 7300.6519   25.6685
    7.5000  -30.0000   45.0000 6936.4492   25.6563
   -7.5000  -22.5000   45.0000 8026.7275   24.8421
    0.0000  -22.5000   45.0000 8341.0713   24.8462
    7.5000  -22.5000   45.0000 7895.0259   24.8408
   -7.5000  -15.0000   45.0000 9108.0176   24.4363
    0.0000  -15.0000   45.0000 9482.2217   24.4423
    7.5000  -15.0000   45.0000 8931.6455   24.4401
   -7.5000   -7.5000   45.000010205.3770   24.2182
    0.0000   -7.5000   45.000010632.8965   24.2307
    7.5000   -7.5000   45.000010012.3027   24.2259
   -7.5000    0.0000   45.000011243.7832   24.2202
    0.0000    0.0000   45.000011727.5869   24.2385
    7.5000    0.0000   45.000011063.3145   24.2306
   -7.5000    7.5000   45.000011479.4873   24.2621
    0.0000    7.5000   45.000011937.5889   24.2784
    7.5000    7.5000   45.000011288.5117   24.2683
   -7.5000   15.0000   45.000011500.1611   24.2822
    0.0000   15.0000   45.000011917.4346   24.2902
    7.5000   15.0000   45.000011312.4961   24.2802
   -7.5000   22.5000   45.000011353.6836   24.2443
    0.0000   22.5000   45.000011779.7998   24.2473
    7.5000   22.5000   45.000011217.8535   24.2421
   -7.5000   30.0000   45.000011182.9238   23.9030
    0.0000   30.0000   45.000011594.1689   23.9085
    7.5000   30.0000   45.000011038.5576   23.9063
   -7.5000   37.5000   45.000011341.3857   23.8837
    0.0000   37.5000   45.000011761.4043   23.8958
    7.5000   37.5000   45.000011194.2188   23.8909
   -7.5000   45.0000   45.000011080.6592   23.3561
    0.0000   45.0000   45.000011478.7969   23.3737
    7.5000   45.0000   45.000010904.7158   23.3661

---------------------------------------------------------------------
imgreg_4dfp /opt/freesurfer/average/711-2C_as_mni_average_305 /opt/freesurfer/average/711-2B_as_mni_average_305_mask talsrcimg_g11 none talsrcimg_to_711-2C_as_mni_average_305_t4 4355
---------------------------------------------------------------------

freesurfer imgreg_4dfp.c
/opt/freesurfer/average/711-2C_as_mni_average_305.4dfp.img
       256       256       256         1
  1.000000  1.000000  1.000000
orientation T byte_order littleendian
Reading image: /opt/freesurfer/average/711-2C_as_mni_average_305.4dfp.img
dimensions:      256       256       256
mmppix:       1.0000   -1.0000   -1.0000
center:     128.0000 -129.0000 -129.0000
/opt/freesurfer/average/711-2B_as_mni_average_305_mask.4dfp.img
       256       256       256         1
  1.000000  1.000000  1.000000
orientation T byte_order littleendian
Reading mask: /opt/freesurfer/average/711-2B_as_mni_average_305_mask.4dfp.img (2306576 pixels)
talsrcimg_g11.4dfp.img
       256       256       256         1
  1.000000  1.000000  1.000000
orientation T byte_order littleendian
Reading image: talsrcimg_g11.4dfp.img
dimensions:      256       256       256
mmppix:       1.0000   -1.0000   -1.0000
center:     128.0000 -129.0000 -129.0000
rotation matrix determinant  1.000000
image alignment mode   4355 decimal     1103 hex
   -7.5000  -30.0000  -37.5000 1652.4967   40.0669
    0.0000  -30.0000  -37.5000 1653.4708   40.0343
    7.5000  -30.0000  -37.5000 1636.6874   40.7010
   -7.5000  -22.5000  -37.5000 1781.5195   34.6599
    0.0000  -22.5000  -37.5000 1785.8495   34.6701
    7.5000  -22.5000  -37.5000 1773.5103   35.3349
   -7.5000  -15.0000  -37.5000 1910.0980   30.5921
    0.0000  -15.0000  -37.5000 1907.2728   30.6010
    7.5000  -15.0000  -37.5000 1891.2933   31.1748
   -7.5000   -7.5000  -37.5000 2017.0735   27.6932
    0.0000   -7.5000  -37.5000 2012.8755   27.6930
    7.5000   -7.5000  -37.5000 1995.4177   28.0816
   -7.5000    0.0000  -37.5000 2102.4878   25.4792
    0.0000    0.0000  -37.5000 2096.1423   25.4802
    7.5000    0.0000  -37.5000 2078.0344   25.8036
   -7.5000    7.5000  -37.5000 2176.9067   23.8206
    0.0000    7.5000  -37.5000 2178.3291   23.7809
    7.5000    7.5000  -37.5000 2154.0090   24.0300
   -7.5000   15.0000  -37.5000 2212.1541   22.6052
    0.0000   15.0000  -37.5000 2213.6685   22.5818
    7.5000   15.0000  -37.5000 2190.6165   22.8321
   -7.5000   22.5000  -37.5000 2233.5249   21.6848
    0.0000   22.5000  -37.5000 2228.5281   21.6919
    7.5000   22.5000  -37.5000 2212.8899   22.0496
   -7.5000   30.0000  -37.5000 2238.2720   21.3805
    0.0000   30.0000  -37.5000 2238.3806   21.4235
    7.5000   30.0000  -37.5000 2219.6008   21.7699
   -7.5000   37.5000  -37.5000 2231.1919   21.4611
    0.0000   37.5000  -37.5000 2228.8435   21.5174
    7.5000   37.5000  -37.5000 2207.0186   21.9174
   -7.5000   45.0000  -37.5000 2201.7615   21.9343
    0.0000   45.0000  -37.5000 2203.5437   21.9797
    7.5000   45.0000  -37.5000 2180.3333   22.4310
   -7.5000   52.5000  -37.5000 2145.5059   22.6092
    0.0000   52.5000  -37.5000 2150.2778   22.6405
    7.5000   52.5000  -37.5000 2130.6287   23.1211
   -7.5000   60.0000  -37.5000 2051.3965   23.4197
    0.0000   60.0000  -37.5000 2050.3296   23.4416
    7.5000   60.0000  -37.5000 2029.9167   24.0073
   -7.5000  -30.0000  -30.0000 1752.9583   38.1861
    0.0000  -30.0000  -30.0000 1749.0265   38.2854
    7.5000  -30.0000  -30.0000 1743.3750   38.7870
   -7.5000  -22.5000  -30.0000 1886.1328   33.0126
    0.0000  -22.5000  -30.0000 1885.5209   33.0765
    7.5000  -22.5000  -30.0000 1880.7550   33.6105
   -7.5000  -15.0000  -30.0000 2030.4972   29.2163
    0.0000  -15.0000  -30.0000 2023.8158   29.2789
    7.5000  -15.0000  -30.0000 2004.8339   29.6684
   -7.5000   -7.5000  -30.0000 2149.1931   26.4131
    0.0000   -7.5000  -30.0000 2136.9390   26.4275
    7.5000   -7.5000  -30.0000 2115.4714   26.7143
   -7.5000    0.0000  -30.0000 2243.7988   24.2827
    0.0000    0.0000  -30.0000 2236.3967   24.3045
    7.5000    0.0000  -30.0000 2211.6841   24.5322
   -7.5000    7.5000  -30.0000 2316.5115   22.6846
    0.0000    7.5000  -30.0000 2315.7539   22.6413
    7.5000    7.5000  -30.0000 2290.4475   22.8131
   -7.5000   15.0000  -30.0000 2349.5903   21.4972
    0.0000   15.0000  -30.0000 2349.7778   21.4430
    7.5000   15.0000  -30.0000 2331.1582   21.6107
   -7.5000   22.5000  -30.0000 2370.3765   20.6328
    0.0000   22.5000  -30.0000 2372.6187   20.6203
    7.5000   22.5000  -30.0000 2354.6360   20.8657
   -7.5000   30.0000  -30.0000 2380.3091   20.3266
    0.0000   30.0000  -30.0000 2382.1592   20.3019
    7.5000   30.0000  -30.0000 2363.8235   20.5942
   -7.5000   37.5000  -30.0000 2368.1550   20.3358
    0.0000   37.5000  -30.0000 2369.4041   20.3607
    7.5000   37.5000  -30.0000 2350.0300   20.6626
   -7.5000   45.0000  -30.0000 2348.2866   20.7898
    0.0000   45.0000  -30.0000 2350.6887   20.7927
    7.5000   45.0000  -30.0000 2322.7698   21.1655
   -7.5000   52.5000  -30.0000 2299.5605   21.4888
    0.0000   52.5000  -30.0000 2298.4583   21.5179
    7.5000   52.5000  -30.0000 2273.0010   21.8993
   -7.5000   60.0000  -30.0000 2199.3135   22.3423
    0.0000   60.0000  -30.0000 2197.5569   22.3637
    7.5000   60.0000  -30.0000 2171.2212   22.8131
   -7.5000  -30.0000  -22.5000 1831.0236   36.2806
    0.0000  -30.0000  -22.5000 1827.6326   36.3770
    7.5000  -30.0000  -22.5000 1823.8406   36.7972
   -7.5000  -22.5000  -22.5000 1975.7151   31.4554
    0.0000  -22.5000  -22.5000 1974.6652   31.5841
    7.5000  -22.5000  -22.5000 1965.8881   31.8937
   -7.5000  -15.0000  -22.5000 2123.2556   27.7767
    0.0000  -15.0000  -22.5000 2115.6445   27.9058
    7.5000  -15.0000  -22.5000 2099.5493   28.1473
   -7.5000   -7.5000  -22.5000 2247.8052   24.9596
    0.0000   -7.5000  -22.5000 2238.7222   25.0544
    7.5000   -7.5000  -22.5000 2218.4956   25.3049
   -7.5000    0.0000  -22.5000 2354.0586   22.8568
    0.0000    0.0000  -22.5000 2341.7908   22.9125
    7.5000    0.0000  -22.5000 2312.1384   23.0715
   -7.5000    7.5000  -22.5000 2432.2163   21.2892
    0.0000    7.5000  -22.5000 2421.5806   21.2956
    7.5000    7.5000  -22.5000 2388.0098   21.4525
   -7.5000   15.0000  -22.5000 2467.4875   20.1666
    0.0000   15.0000  -22.5000 2463.8418   20.1558
    7.5000   15.0000  -22.5000 2427.4146   20.3363
   -7.5000   22.5000  -22.5000 2497.8569   19.4296
    0.0000   22.5000  -22.5000 2493.0273   19.4117
    7.5000   22.5000  -22.5000 2464.5767   19.5970
   -7.5000   30.0000  -22.5000 2515.4868   19.1373
    0.0000   30.0000  -22.5000 2512.7053   19.0669
    7.5000   30.0000  -22.5000 2485.7056   19.3330
   -7.5000   37.5000  -22.5000 2508.3345   19.1738
    0.0000   37.5000  -22.5000 2507.8643   19.1322
    7.5000   37.5000  -22.5000 2486.2310   19.4112
   -7.5000   45.0000  -22.5000 2488.2246   19.5983
    0.0000   45.0000  -22.5000 2487.9500   19.5794
    7.5000   45.0000  -22.5000 2461.2004   19.9315
   -7.5000   52.5000  -22.5000 2432.1572   20.3363
    0.0000   52.5000  -22.5000 2427.3882   20.2841
    7.5000   52.5000  -22.5000 2403.2935   20.6466
   -7.5000   60.0000  -22.5000 2322.8794   21.1921
    0.0000   60.0000  -22.5000 2316.3845   21.1686
    7.5000   60.0000  -22.5000 2289.0518   21.5311
   -7.5000  -30.0000  -15.0000 1885.5284   34.3905
    0.0000  -30.0000  -15.0000 1880.0316   34.4813
    7.5000  -30.0000  -15.0000 1874.2954   34.8139
   -7.5000  -22.5000  -15.0000 2039.1045   29.8381
    0.0000  -22.5000  -15.0000 2032.5204   29.8886
    7.5000  -22.5000  -15.0000 2018.6378   30.2245
   -7.5000  -15.0000  -15.0000 2189.1262   26.2974
    0.0000  -15.0000  -15.0000 2182.8677   26.3958
    7.5000  -15.0000  -15.0000 2159.0071   26.7363
   -7.5000   -7.5000  -15.0000 2316.3306   23.6024
    0.0000   -7.5000  -15.0000 2314.1160   23.6879
    7.5000   -7.5000  -15.0000 2282.1169   23.9928
   -7.5000    0.0000  -15.0000 2423.2266   21.5069
    0.0000    0.0000  -15.0000 2417.2605   21.5833
    7.5000    0.0000  -15.0000 2380.8345   21.8120
   -7.5000    7.5000  -15.0000 2507.9104   19.9413
    0.0000    7.5000  -15.0000 2504.5823   20.0138
    7.5000    7.5000  -15.0000 2471.3357   20.1988
   -7.5000   15.0000  -15.0000 2557.1091   18.9161
    0.0000   15.0000  -15.0000 2548.8464   18.9278
    7.5000   15.0000  -15.0000 2519.3894   19.1381
   -7.5000   22.5000  -15.0000 2594.0693   18.2363
    0.0000   22.5000  -15.0000 2586.0125   18.2416
    7.5000   22.5000  -15.0000 2556.4277   18.4314
   -7.5000   30.0000  -15.0000 2625.5627   17.9397
    0.0000   30.0000  -15.0000 2616.8186   17.8925
    7.5000   30.0000  -15.0000 2582.2905   18.1142
   -7.5000   37.5000  -15.0000 2623.1748   17.9916
    0.0000   37.5000  -15.0000 2624.3567   17.9448
    7.5000   37.5000  -15.0000 2588.4473   18.1728
   -7.5000   45.0000  -15.0000 2600.4829   18.4520
    0.0000   45.0000  -15.0000 2600.8542   18.4461
    7.5000   45.0000  -15.0000 2561.7363   18.6822
   -7.5000   52.5000  -15.0000 2536.1558   19.1375
    0.0000   52.5000  -15.0000 2536.1191   19.1667
    7.5000   52.5000  -15.0000 2497.0874   19.4567
   -7.5000   60.0000  -15.0000 2414.9167   19.9851
    0.0000   60.0000  -15.0000 2411.1782   19.9909
    7.5000   60.0000  -15.0000 2374.9775   20.3016
   -7.5000  -30.0000   -7.5000 1921.6656   32.5652
    0.0000  -30.0000   -7.5000 1922.0881   32.7189
    7.5000  -30.0000   -7.5000 1910.3077   33.2799
   -7.5000  -22.5000   -7.5000 2082.1448   28.2357
    0.0000  -22.5000   -7.5000 2082.8552   28.4026
    7.5000  -22.5000   -7.5000 2059.2649   28.9207
   -7.5000  -15.0000   -7.5000 2234.3403   24.8291
    0.0000  -15.0000   -7.5000 2236.1284   25.0114
    7.5000  -15.0000   -7.5000 2201.7485   25.5205
   -7.5000   -7.5000   -7.5000 2366.4475   22.2324
    0.0000   -7.5000   -7.5000 2366.3440   22.3820
    7.5000   -7.5000   -7.5000 2328.8552   22.8043
   -7.5000    0.0000   -7.5000 2479.4485   20.2735
    0.0000    0.0000   -7.5000 2475.5146   20.4004
    7.5000    0.0000   -7.5000 2438.3081   20.7157
   -7.5000    7.5000   -7.5000 2572.2285   18.7818
    0.0000    7.5000   -7.5000 2573.2446   18.8707
    7.5000    7.5000   -7.5000 2536.6406   19.1103
   -7.5000   15.0000   -7.5000 2636.9385   17.7099
    0.0000   15.0000   -7.5000 2631.6704   17.7665
    7.5000   15.0000   -7.5000 2603.9683   17.9923
   -7.5000   22.5000   -7.5000 2683.5977   17.0487
    0.0000   22.5000   -7.5000 2680.5903   17.1017
    7.5000   22.5000   -7.5000 2646.9287   17.2652
   -7.5000   30.0000   -7.5000 2714.2983   16.7287
    0.0000   30.0000   -7.5000 2711.6479   16.7629
    7.5000   30.0000   -7.5000 2674.9507   16.9468
   -7.5000   37.5000   -7.5000 2716.5320   16.8244
    0.0000   37.5000   -7.5000 2722.5906   16.8430
    7.5000   37.5000   -7.5000 2685.0798   17.0328
   -7.5000   45.0000   -7.5000 2694.2114   17.2870
    0.0000   45.0000   -7.5000 2702.9656   17.3423
    7.5000   45.0000   -7.5000 2660.9001   17.5583
   -7.5000   52.5000   -7.5000 2622.5320   18.0059
    0.0000   52.5000   -7.5000 2627.6599   18.0228
    7.5000   52.5000   -7.5000 2585.5166   18.3254
   -7.5000   60.0000   -7.5000 2494.3694   18.8295
    0.0000   60.0000   -7.5000 2494.5913   18.8302
    7.5000   60.0000   -7.5000 2456.4700   19.1342
   -7.5000  -30.0000    0.0000 1952.3232   31.4472
    0.0000  -30.0000    0.0000 1951.6587   31.5680
    7.5000  -30.0000    0.0000 1938.6427   32.2824
   -7.5000  -22.5000    0.0000 2107.8987   27.0787
    0.0000  -22.5000    0.0000 2116.1033   27.2893
    7.5000  -22.5000    0.0000 2094.8057   27.9576
   -7.5000  -15.0000    0.0000 2258.2842   23.7384
    0.0000  -15.0000    0.0000 2267.4739   23.9362
    7.5000  -15.0000    0.0000 2243.3057   24.5874
   -7.5000   -7.5000    0.0000 2392.8687   21.2368
    0.0000   -7.5000    0.0000 2399.6995   21.4054
    7.5000   -7.5000    0.0000 2373.2954   21.9564
   -7.5000    0.0000    0.0000 2508.2759   19.3171
    0.0000    0.0000    0.0000 2517.0879   19.4719
    7.5000    0.0000    0.0000 2487.5552   19.9279
   -7.5000    7.5000    0.0000 2614.6736   17.8760
    0.0000    7.5000    0.0000 2626.1404   17.9871
    7.5000    7.5000    0.0000 2591.0398   18.3323
   -7.5000   15.0000    0.0000 2694.5342   16.8121
    0.0000   15.0000    0.0000 2707.3840   16.8965
    7.5000   15.0000    0.0000 2673.4265   17.1984
   -7.5000   22.5000    0.0000 2756.1147   16.0576
    0.0000   22.5000    0.0000 2767.6248   16.1396
    7.5000   22.5000    0.0000 2725.7336   16.3634
   -7.5000   30.0000    0.0000 2787.7778   15.7399
    0.0000   30.0000    0.0000 2791.5115   15.8167
    7.5000   30.0000    0.0000 2755.7366   16.0655
   -7.5000   37.5000    0.0000 2789.8088   15.8415
    0.0000   37.5000    0.0000 2804.8154   15.9191
    7.5000   37.5000    0.0000 2764.2656   16.1355
   -7.5000   45.0000    0.0000 2771.3989   16.3630
    0.0000   45.0000    0.0000 2778.0356   16.4053
    7.5000   45.0000    0.0000 2739.6592   16.6952
   -7.5000   52.5000    0.0000 2691.1321   17.0920
    0.0000   52.5000    0.0000 2699.9280   17.0917
    7.5000   52.5000    0.0000 2664.0977   17.3934
   -7.5000   60.0000    0.0000 2550.6077   17.9165
    0.0000   60.0000    0.0000 2555.0938   17.9143
    7.5000   60.0000    0.0000 2523.2739   18.2517
   -7.5000  -30.0000    7.5000 1971.9786   30.8418
    0.0000  -30.0000    7.5000 1969.4546   30.8506
    7.5000  -30.0000    7.5000 1966.9266   31.9464
   -7.5000  -22.5000    7.5000 2129.2021   26.4325
    0.0000  -22.5000    7.5000 2136.9456   26.5740
    7.5000  -22.5000    7.5000 2127.2085   27.4371
   -7.5000  -15.0000    7.5000 2278.3877   23.1034
    0.0000  -15.0000    7.5000 2285.2769   23.2694
    7.5000  -15.0000    7.5000 2271.9873   23.9983
   -7.5000   -7.5000    7.5000 2411.3257   20.6175
    0.0000   -7.5000    7.5000 2419.7637   20.7405
    7.5000   -7.5000    7.5000 2405.1501   21.3716
   -7.5000    0.0000    7.5000 2530.2458   18.7353
    0.0000    0.0000    7.5000 2539.6746   18.8394
    7.5000    0.0000    7.5000 2521.9561   19.4045
   -7.5000    7.5000    7.5000 2641.6714   17.2959
    0.0000    7.5000    7.5000 2659.1711   17.3748
    7.5000    7.5000    7.5000 2633.3474   17.8789
   -7.5000   15.0000    7.5000 2737.4565   16.1874
    0.0000   15.0000    7.5000 2758.8000   16.2919
    7.5000   15.0000    7.5000 2727.4363   16.7038
   -7.5000   22.5000    7.5000 2812.8027   15.3383
    0.0000   22.5000    7.5000 2833.8325   15.4716
    7.5000   22.5000    7.5000 2791.5005   15.8419
   -7.5000   30.0000    7.5000 2855.8118   14.9298
    0.0000   30.0000    7.5000 2871.9500   15.0322
    7.5000   30.0000    7.5000 2833.3611   15.4556
   -7.5000   37.5000    7.5000 2867.4768   15.1281
    0.0000   37.5000    7.5000 2885.3005   15.1496
    7.5000   37.5000    7.5000 2842.8984   15.5147
   -7.5000   45.0000    7.5000 2829.2268   15.7479
    0.0000   45.0000    7.5000 2838.1497   15.7290
    7.5000   45.0000    7.5000 2808.5581   16.0859
   -7.5000   52.5000    7.5000 2738.8909   16.4638
    0.0000   52.5000    7.5000 2743.8872   16.4735
    7.5000   52.5000    7.5000 2721.0840   16.8528
   -7.5000   60.0000    7.5000 2592.4097   17.2929
    0.0000   60.0000    7.5000 2597.6340   17.3046
    7.5000   60.0000    7.5000 2575.1379   17.6865
   -7.5000  -30.0000   15.0000 1966.5239   30.4948
    0.0000  -30.0000   15.0000 1964.9515   30.5536
    7.5000  -30.0000   15.0000 1965.3141   31.6166
   -7.5000  -22.5000   15.0000 2125.6270   26.1146
    0.0000  -22.5000   15.0000 2130.3206   26.1610
    7.5000  -22.5000   15.0000 2131.1079   27.1973
   -7.5000  -15.0000   15.0000 2280.6360   22.8246
    0.0000  -15.0000   15.0000 2279.0271   22.8278
    7.5000  -15.0000   15.0000 2279.6792   23.7823
   -7.5000   -7.5000   15.0000 2415.5623   20.3503
    0.0000   -7.5000   15.0000 2410.9570   20.3451
    7.5000   -7.5000   15.0000 2413.2954   21.1797
   -7.5000    0.0000   15.0000 2536.3015   18.4693
    0.0000    0.0000   15.0000 2531.3281   18.4719
    7.5000    0.0000   15.0000 2527.2939   19.2099
   -7.5000    7.5000   15.0000 2649.9707   17.0306
    0.0000    7.5000   15.0000 2654.3730   17.0376
    7.5000    7.5000   15.0000 2645.1714   17.7103
   -7.5000   15.0000   15.0000 2752.5942   15.9255
    0.0000   15.0000   15.0000 2769.1687   15.9453
    7.5000   15.0000   15.0000 2751.7568   16.5265
   -7.5000   22.5000   15.0000 2834.8237   14.9052
    0.0000   22.5000   15.0000 2868.8481   14.9737
    7.5000   22.5000   15.0000 2824.0981   15.6055
   -7.5000   30.0000   15.0000 2887.0830   14.3653
    0.0000   30.0000   15.0000 2895.5222   14.2853
    7.5000   30.0000   15.0000 2865.7993   15.0991
   -7.5000   37.5000   15.0000 2907.7502   14.6607
    0.0000   37.5000   15.0000 2919.6143   14.6085
    7.5000   37.5000   15.0000 2880.1641   15.2396
   -7.5000   45.0000   15.0000 2854.8533   15.3716
    0.0000   45.0000   15.0000 2865.5674   15.3890
    7.5000   45.0000   15.0000 2839.8938   15.8681
   -7.5000   52.5000   15.0000 2761.0759   16.1236
    0.0000   52.5000   15.0000 2766.2244   16.1651
    7.5000   52.5000   15.0000 2748.8481   16.6220
   -7.5000   60.0000   15.0000 2610.0369   16.9709
    0.0000   60.0000   15.0000 2620.9631   17.0374
    7.5000   60.0000   15.0000 2600.0471   17.4827
   -7.5000  -30.0000   22.5000 1962.3132   30.8239
    0.0000  -30.0000   22.5000 1956.8748   30.7339
    7.5000  -30.0000   22.5000 1962.5018   31.9396
   -7.5000  -22.5000   22.5000 2126.8489   26.3115
    0.0000  -22.5000   22.5000 2123.1045   26.1766
    7.5000  -22.5000   22.5000 2126.8672   27.2276
   -7.5000  -15.0000   22.5000 2278.7451   22.8850
    0.0000  -15.0000   22.5000 2273.2332   22.7176
    7.5000  -15.0000   22.5000 2274.2913   23.7089
   -7.5000   -7.5000   22.5000 2411.2607   20.4003
    0.0000   -7.5000   22.5000 2402.1885   20.1988
    7.5000   -7.5000   22.5000 2402.7219   21.0956
   -7.5000    0.0000   22.5000 2526.9229   18.5645
    0.0000    0.0000   22.5000 2519.4858   18.3620
    7.5000    0.0000   22.5000 2517.8794   19.1745
   -7.5000    7.5000   22.5000 2645.5872   17.1526
    0.0000    7.5000   22.5000 2642.7639   16.9692
    7.5000    7.5000   22.5000 2641.9829   17.7139
   -7.5000   15.0000   22.5000 2749.0852   16.0286
    0.0000   15.0000   22.5000 2755.8328   15.8946
    7.5000   15.0000   22.5000 2751.0244   16.5825
   -7.5000   22.5000   22.5000 2842.3928   15.0319
    0.0000   22.5000   22.5000 2855.6426   14.8981
    7.5000   22.5000   22.5000 2832.3826   15.6801
   -7.5000   30.0000   22.5000 2893.3750   14.4416
    0.0000   30.0000   22.5000 2898.4255   14.3679
    7.5000   30.0000   22.5000 2880.9863   15.2148
   -7.5000   37.5000   22.5000 2909.7002   14.6057
    0.0000   37.5000   22.5000 2929.9663   14.6346
    7.5000   37.5000   22.5000 2892.2976   15.3068
   -7.5000   45.0000   22.5000 2860.2114   15.4064
    0.0000   45.0000   22.5000 2873.7871   15.4367
    7.5000   45.0000   22.5000 2845.8540   15.9359
   -7.5000   52.5000   22.5000 2772.3647   16.2681
    0.0000   52.5000   22.5000 2773.6765   16.2643
    7.5000   52.5000   22.5000 2749.1040   16.6965
   -7.5000   60.0000   22.5000 2620.2991   17.1243
    0.0000   60.0000   22.5000 2621.3010   17.1196
    7.5000   60.0000   22.5000 2599.0562   17.5339
   -7.5000  -30.0000   30.0000 1929.0233   31.2351
    0.0000  -30.0000   30.0000 1922.9324   31.1479
    7.5000  -30.0000   30.0000 1930.0125   32.1661
   -7.5000  -22.5000   30.0000 2102.9727   26.7055
    0.0000  -22.5000   30.0000 2096.7397   26.5425
    7.5000  -22.5000   30.0000 2099.0093   27.5126
   -7.5000  -15.0000   30.0000 2263.5505   23.2946
    0.0000  -15.0000   30.0000 2255.2244   23.1047
    7.5000  -15.0000   30.0000 2251.8293   24.0048
   -7.5000   -7.5000   30.0000 2398.5344   20.7625
    0.0000   -7.5000   30.0000 2393.0781   20.5914
    7.5000   -7.5000   30.0000 2386.8130   21.3730
   -7.5000    0.0000   30.0000 2506.8696   18.8534
    0.0000    0.0000   30.0000 2510.6843   18.7402
    7.5000    0.0000   30.0000 2504.5125   19.4593
   -7.5000    7.5000   30.0000 2616.9148   17.4223
    0.0000    7.5000   30.0000 2627.2002   17.3185
    7.5000    7.5000   30.0000 2624.4473   17.9676
   -7.5000   15.0000   30.0000 2720.8586   16.3721
    0.0000   15.0000   30.0000 2737.1531   16.2250
    7.5000   15.0000   30.0000 2729.8757   16.8301
   -7.5000   22.5000   30.0000 2818.2681   15.5509
    0.0000   22.5000   30.0000 2828.4600   15.3517
    7.5000   22.5000   30.0000 2808.1489   15.9977
   -7.5000   30.0000   30.0000 2890.1299   15.2269
    0.0000   30.0000   30.0000 2892.3088   15.1100
    7.5000   30.0000   30.0000 2861.1577   15.5996
   -7.5000   37.5000   30.0000 2891.7827   15.3024
    0.0000   37.5000   30.0000 2906.3398   15.2058
    7.5000   37.5000   30.0000 2868.9026   15.6438
   -7.5000   45.0000   30.0000 2835.3777   15.7685
    0.0000   45.0000   30.0000 2852.3784   15.7223
    7.5000   45.0000   30.0000 2815.7568   16.1254
   -7.5000   52.5000   30.0000 2741.1489   16.5188
    0.0000   52.5000   30.0000 2751.1536   16.5010
    7.5000   52.5000   30.0000 2718.4771   16.8776
   -7.5000   60.0000   30.0000 2591.4417   17.3633
    0.0000   60.0000   30.0000 2601.8933   17.3723
    7.5000   60.0000   30.0000 2572.3977   17.7196
   -7.5000  -30.0000   37.5000 1911.6187   32.2430
    0.0000  -30.0000   37.5000 1902.8925   32.0556
    7.5000  -30.0000   37.5000 1909.4606   33.1773
   -7.5000  -22.5000   37.5000 2077.3711   27.4537
    0.0000  -22.5000   37.5000 2071.6594   27.2884
    7.5000  -22.5000   37.5000 2078.4592   28.2609
   -7.5000  -15.0000   37.5000 2235.1799   23.9359
    0.0000  -15.0000   37.5000 2233.8901   23.7476
    7.5000  -15.0000   37.5000 2227.6736   24.5734
   -7.5000   -7.5000   37.5000 2375.7002   21.3635
    0.0000   -7.5000   37.5000 2379.9006   21.2420
    7.5000   -7.5000   37.5000 2368.6079   21.9160
   -7.5000    0.0000   37.5000 2488.3010   19.6180
    0.0000    0.0000   37.5000 2501.8340   19.5402
    7.5000    0.0000   37.5000 2482.0020   20.0347
   -7.5000    7.5000   37.5000 2605.3484   18.2713
    0.0000    7.5000   37.5000 2615.2136   18.1636
    7.5000    7.5000   37.5000 2590.3401   18.5751
   -7.5000   15.0000   37.5000 2708.6904   17.2269
    0.0000   15.0000   37.5000 2713.1570   17.0042
    7.5000   15.0000   37.5000 2690.4661   17.4728
   -7.5000   22.5000   37.5000 2787.5754   16.3586
    0.0000   22.5000   37.5000 2790.2463   16.2201
    7.5000   22.5000   37.5000 2765.7983   16.6789
   -7.5000   30.0000   37.5000 2840.6331   16.0666
    0.0000   30.0000   37.5000 2840.5012   15.9513
    7.5000   30.0000   37.5000 2812.6394   16.3416
   -7.5000   37.5000   37.5000 2840.0066   16.1269
    0.0000   37.5000   37.5000 2845.7542   15.9941
    7.5000   37.5000   37.5000 2814.6760   16.3372
   -7.5000   45.0000   37.5000 2786.0752   16.5409
    0.0000   45.0000   37.5000 2799.3735   16.4190
    7.5000   45.0000   37.5000 2767.5029   16.7681
   -7.5000   52.5000   37.5000 2689.0984   17.1886
    0.0000   52.5000   37.5000 2703.3098   17.0720
    7.5000   52.5000   37.5000 2674.6599   17.4275
   -7.5000   60.0000   37.5000 2549.5493   17.9115
    0.0000   60.0000   37.5000 2560.2593   17.8369
    7.5000   60.0000   37.5000 2538.2017   18.1923
   -7.5000  -30.0000   45.0000 1878.9954   33.5243
    0.0000  -30.0000   45.0000 1876.3804   33.4279
    7.5000  -30.0000   45.0000 1873.7050   34.3024
   -7.5000  -22.5000   45.0000 2045.7534   28.6629
    0.0000  -22.5000   45.0000 2049.3328   28.5825
    7.5000  -22.5000   45.0000 2041.2291   29.2323
   -7.5000  -15.0000   45.0000 2202.1758   25.1134
    0.0000  -15.0000   45.0000 2210.0769   25.0247
    7.5000  -15.0000   45.0000 2190.7007   25.5819
   -7.5000   -7.5000   45.0000 2341.9060   22.5618
    0.0000   -7.5000   45.0000 2355.0356   22.5457
    7.5000   -7.5000   45.0000 2327.2227   22.9868
   -7.5000    0.0000   45.0000 2455.4883   20.7600
    0.0000    0.0000   45.0000 2467.8210   20.6821
    7.5000    0.0000   45.0000 2439.6265   21.1265
   -7.5000    7.5000   45.0000 2557.4304   19.2846
    0.0000    7.5000   45.0000 2572.2595   19.1578
    7.5000    7.5000   45.0000 2547.5859   19.5933
   -7.5000   15.0000   45.0000 2647.9863   18.1121
    0.0000   15.0000   45.0000 2659.9985   17.9118
    7.5000   15.0000   45.0000 2635.5312   18.4300
   -7.5000   22.5000   45.0000 2719.2197   17.2094
    0.0000   22.5000   45.0000 2725.0964   17.1135
    7.5000   22.5000   45.0000 2705.2004   17.5801
   -7.5000   30.0000   45.0000 2763.6086   16.9209
    0.0000   30.0000   45.0000 2767.5889   16.8151
    7.5000   30.0000   45.0000 2742.6111   17.2209
   -7.5000   37.5000   45.0000 2759.1172   16.9434
    0.0000   37.5000   45.0000 2768.2241   16.8084
    7.5000   37.5000   45.0000 2743.4995   17.2083
   -7.5000   45.0000   45.0000 2711.6387   17.3706
    0.0000   45.0000   45.0000 2720.3359   17.2567
    7.5000   45.0000   45.0000 2695.5667   17.5989
   -7.5000   52.5000   45.0000 2620.1506   17.9664
    0.0000   52.5000   45.0000 2630.8582   17.8682
    7.5000   52.5000   45.0000 2605.7727   18.2073
   -7.5000   60.0000   45.0000 2485.2686   18.6708
    0.0000   60.0000   45.0000 2496.9043   18.6390
    7.5000   60.0000   45.0000 2473.8171   18.9556
   -7.5000  -30.0000   52.5000 1837.5631   35.3607
    0.0000  -30.0000   52.5000 1833.7068   35.1265
    7.5000  -30.0000   52.5000 1828.3302   35.8865
   -7.5000  -22.5000   52.5000 2005.4897   30.2971
    0.0000  -22.5000   52.5000 2009.0138   30.1587
    7.5000  -22.5000   52.5000 1994.4852   30.7087
   -7.5000  -15.0000   52.5000 2155.7268   26.5519
    0.0000  -15.0000   52.5000 2170.3259   26.5171
    7.5000  -15.0000   52.5000 2141.4812   27.0068
   -7.5000   -7.5000   52.5000 2288.4675   23.9077
    0.0000   -7.5000   52.5000 2309.2009   23.8690
    7.5000   -7.5000   52.5000 2274.7197   24.3136
   -7.5000    0.0000   52.5000 2397.1619   21.9303
    0.0000    0.0000   52.5000 2418.2375   21.9004
    7.5000    0.0000   52.5000 2380.9373   22.2948
   -7.5000    7.5000   52.5000 2491.1689   20.3803
    0.0000    7.5000   52.5000 2511.1589   20.2818
    7.5000    7.5000   52.5000 2482.1106   20.7437
   -7.5000   15.0000   52.5000 2574.9207   19.1567
    0.0000   15.0000   52.5000 2592.5596   19.0486
    7.5000   15.0000   52.5000 2565.1760   19.5162
   -7.5000   22.5000   52.5000 2641.4368   18.2511
    0.0000   22.5000   52.5000 2653.3674   18.2168
    7.5000   22.5000   52.5000 2633.4187   18.6516
   -7.5000   30.0000   52.5000 2672.9424   17.9777
    0.0000   30.0000   52.5000 2681.4873   17.8833
    7.5000   30.0000   52.5000 2657.1018   18.2853
   -7.5000   37.5000   52.5000 2671.7007   17.9964
    0.0000   37.5000   52.5000 2676.8379   17.8768
    7.5000   37.5000   52.5000 2662.8037   18.2797
   -7.5000   45.0000   52.5000 2628.4072   18.3729
    0.0000   45.0000   52.5000 2643.7415   18.2711
    7.5000   45.0000   52.5000 2624.2078   18.6302
   -7.5000   52.5000   52.5000 2545.9771   18.9261
    0.0000   52.5000   52.5000 2560.2224   18.8549
    7.5000   52.5000   52.5000 2539.9207   19.1919
   -7.5000   60.0000   52.5000 2418.6377   19.6176
    0.0000   60.0000   52.5000 2425.4973   19.5793
    7.5000   60.0000   52.5000 2405.9421   19.8870

---------------------------------------------------------------------
imgreg_4dfp /opt/freesurfer/average/711-2C_as_mni_average_305 /opt/freesurfer/average/711-2B_as_mni_average_305_mask talsrcimg_g11 none talsrcimg_to_711-2C_as_mni_average_305_t4 1283
---------------------------------------------------------------------

freesurfer imgreg_4dfp.c
/opt/freesurfer/average/711-2C_as_mni_average_305.4dfp.img
       256       256       256         1
  1.000000  1.000000  1.000000
orientation T byte_order littleendian
Reading image: /opt/freesurfer/average/711-2C_as_mni_average_305.4dfp.img
dimensions:      256       256       256
mmppix:       1.0000   -1.0000   -1.0000
center:     128.0000 -129.0000 -129.0000
/opt/freesurfer/average/711-2B_as_mni_average_305_mask.4dfp.img
       256       256       256         1
  1.000000  1.000000  1.000000
orientation T byte_order littleendian
Reading mask: /opt/freesurfer/average/711-2B_as_mni_average_305_mask.4dfp.img (2306576 pixels)
talsrcimg_g11.4dfp.img
       256       256       256         1
  1.000000  1.000000  1.000000
orientation T byte_order littleendian
Reading image: talsrcimg_g11.4dfp.img
dimensions:      256       256       256
mmppix:       1.0000   -1.0000   -1.0000
center:     128.0000 -129.0000 -129.0000
rotation matrix determinant  1.000000
fimgreg.f
image alignment mode   1283 decimal      503 hex
parameters
    0.0000   37.5000   22.5000    0.0000    0.0000    0.0000
eta,q 0.91777 14.59666
niter,ni,del,rscale     5    3   12.0000    1.2000
parameter  3  0.070427 -> -0.500000 qaram    1.1500
parameters
    0.2474   36.6150   25.9500    0.9788   -2.1284    0.0502
eta,q 0.91990 14.68963
  0.0930  0.0878  0.0808  0.0879  0.0839  0.0843
  0.0876  0.0841  0.0833  0.0854  0.0814  0.0821
  0.0843  0.0838  0.0864  0.0829  0.0801  0.0806
  0.0847  0.0843  0.0843  0.0819  0.0814  0.0801
  0.0861  0.0851  0.0815  0.0812  0.0846  0.0806
  0.0877  0.0872  0.0815  0.0825  0.0880  0.0820
  0.0905  0.0895  0.0825  0.0853  0.0908  0.0841
niter,ni,del,rscale     5    3   12.0000    1.2000
parameters
   -0.3691   36.0658   25.3274    0.8163   -1.5350    0.1769
eta,q 0.92048 14.56371
  0.0885  0.0900  0.0828  0.0874  0.0892  0.0850
  0.0858  0.0856  0.0855  0.0837  0.0863  0.0823
  0.0817  0.0804  0.0816  0.0808  0.0828  0.0801
  0.0801  0.0799  0.0796  0.0799  0.0799  0.0795
  0.0844  0.0837  0.0785  0.0811  0.0799  0.0803
  0.0885  0.0886  0.0823  0.0846  0.0833  0.0820
  0.0912  0.0934  0.0900  0.0880  0.0872  0.0845
niter,ni,del,rscale     4    3   12.0000    1.2000
parameters
   -0.4280   36.1089   24.7983    0.8288   -1.0758   -0.0075
eta,q 0.92031 14.54849
  0.0896  0.0902  0.0815  0.0874  0.0901  0.0845
  0.0872  0.0862  0.0860  0.0838  0.0866  0.0820
  0.0825  0.0811  0.0825  0.0808  0.0826  0.0800
  0.0795  0.0795  0.0795  0.0798  0.0798  0.0797
  0.0833  0.0815  0.0788  0.0805  0.0808  0.0808
  0.0874  0.0858  0.0810  0.0839  0.0843  0.0824
  0.0897  0.0898  0.0885  0.0874  0.0881  0.0849
niter,ni,del,rscale     3    3   12.0000    1.2000
parameters
   -0.3428   36.2447   24.1507    0.8217   -0.7549   -0.5056
eta,q 0.91976 14.55182
  0.0904  0.0892  0.0806  0.0877  0.0907  0.0842
  0.0879  0.0852  0.0858  0.0841  0.0867  0.0820
  0.0825  0.0809  0.0836  0.0813  0.0823  0.0805
  0.0797  0.0797  0.0797  0.0803  0.0803  0.0804
  0.0836  0.0810  0.0794  0.0810  0.0819  0.0815
  0.0873  0.0848  0.0807  0.0841  0.0852  0.0832
  0.0896  0.0882  0.0875  0.0878  0.0888  0.0853
niter,ni,del,rscale     2    3   12.0000    1.2000
parameters
   -0.1940   36.3831   23.3107    0.7959   -0.6526   -1.1588
eta,q 0.91826 14.54210
  0.0913  0.0882  0.0803  0.0888  0.0906  0.0850
  0.0878  0.0843  0.0850  0.0853  0.0864  0.0832
  0.0821  0.0811  0.0850  0.0828  0.0828  0.0820
  0.0802  0.0803  0.0803  0.0818  0.0818  0.0818
  0.0839  0.0812  0.0798  0.0823  0.0833  0.0829
  0.0871  0.0844  0.0807  0.0853  0.0864  0.0845
  0.0898  0.0871  0.0862  0.0891  0.0895  0.0863
niter,ni,del,rscale     1    3   12.0000    1.2000
parameter  3  0.585567 ->  0.500000 qaram    1.3225
parameter  5 -4.521307 ->  0.500000 qaram    1.1500
parameters
    0.0478   36.6435   19.3432    1.5452   -4.1026   -0.8757
eta,q 0.91811 14.30596
  0.0923  0.0883  0.0807  0.0940  0.0804  0.0872
  0.0877  0.0848  0.0837  0.0896  0.0814  0.0840
  0.0826  0.0825  0.0861  0.0860  0.0831  0.0821
  0.0817  0.0819  0.0818  0.0849  0.0848  0.0819
  0.0845  0.0823  0.0801  0.0851  0.0859  0.0826
  0.0870  0.0845  0.0811  0.0873  0.0863  0.0841
  0.0899  0.0870  0.0847  0.0902  0.0881  0.0857
niter,ni,del,rscale     2    3   12.0000    1.2000
parameters
   -0.4924   36.8328   21.4441    1.6275   -1.5334   -0.8028
eta,q 0.91480 14.40758
  0.0857  0.0925  0.0881  0.0920  0.0891  0.0883
  0.0825  0.0892  0.0835  0.0883  0.0873  0.0868
  0.0811  0.0842  0.0793  0.0861  0.0859  0.0857
  0.0819  0.0816  0.0815  0.0851  0.0850  0.0852
  0.0834  0.0818  0.0854  0.0854  0.0852  0.0853
  0.0839  0.0860  0.0844  0.0881  0.0852  0.0866
  0.0863  0.0933  0.0810  0.0917  0.0857  0.0884
niter,ni,del,rscale     1    3   12.0000    1.2000
parameter  3  0.234543 -> -0.500000 qaram    1.5209
parameters
    0.4005   36.6165   26.0067    1.0920   -2.2959    0.0426
eta,q 0.91973 14.70547
  0.0898  0.0913  0.0828  0.0860  0.0872  0.0851
  0.0860  0.0883  0.0802  0.0829  0.0841  0.0830
  0.0843  0.0859  0.0833  0.0811  0.0813  0.0812
  0.0852  0.0853  0.0853  0.0804  0.0802  0.0802
  0.0849  0.0854  0.0808  0.0819  0.0827  0.0804
  0.0846  0.0881  0.0804  0.0849  0.0869  0.0813
  0.0870  0.0932  0.0817  0.0880  0.0904  0.0832
niter,ni,del,rscale     1    3   12.0000    1.2000
parameters
   -0.3089   36.0299   22.2723    1.0239   -0.8528   -0.8572
eta,q 0.91603 14.39685
  0.0883  0.0900  0.0778  0.0916  0.0914  0.0868
  0.0854  0.0855  0.0847  0.0873  0.0899  0.0852
  0.0816  0.0804  0.0830  0.0848  0.0866  0.0842
  0.0803  0.0800  0.0796  0.0843  0.0843  0.0841
  0.0846  0.0838  0.0787  0.0849  0.0841  0.0852
  0.0886  0.0888  0.0873  0.0878  0.0856  0.0868
  0.0914  0.0936  0.0979  0.0918  0.0883  0.0886
registration optimization eta report
parameter search radius
    6.0000    6.0000    9.1252    6.0000    6.9000    6.0000
100000*second partial in parameter space
       24.       31.       10.       21.       11.       10.
  0.0883  0.0900  0.0778  0.0916  0.0914  0.0868
  0.0854  0.0855  0.0847  0.0873  0.0899  0.0852
  0.0816  0.0804  0.0830  0.0848  0.0866  0.0842
  0.0803  0.0800  0.0796  0.0843  0.0843  0.0841
  0.0846  0.0838  0.0787  0.0849  0.0841  0.0852
  0.0886  0.0888  0.0873  0.0878  0.0856  0.0868
  0.0914  0.0936  0.0979  0.0918  0.0883  0.0886
   -0.3089   36.0299   22.2723    1.0239   -0.8528   -0.8572
eta,q 0.91603 14.39685

---------------------------------------------------------------------
imgreg_4dfp /opt/freesurfer/average/711-2C_as_mni_average_305 /opt/freesurfer/average/711-2B_as_mni_average_305_mask talsrcimg_g11 none talsrcimg_to_711-2C_as_mni_average_305_t4 3335
---------------------------------------------------------------------

freesurfer imgreg_4dfp.c
/opt/freesurfer/average/711-2C_as_mni_average_305.4dfp.img
       256       256       256         1
  1.000000  1.000000  1.000000
orientation T byte_order littleendian
Reading image: /opt/freesurfer/average/711-2C_as_mni_average_305.4dfp.img
dimensions:      256       256       256
mmppix:       1.0000   -1.0000   -1.0000
center:     128.0000 -129.0000 -129.0000
/opt/freesurfer/average/711-2B_as_mni_average_305_mask.4dfp.img
       256       256       256         1
  1.000000  1.000000  1.000000
orientation T byte_order littleendian
Reading mask: /opt/freesurfer/average/711-2B_as_mni_average_305_mask.4dfp.img (2306576 pixels)
talsrcimg_g11.4dfp.img
       256       256       256         1
  1.000000  1.000000  1.000000
orientation T byte_order littleendian
Reading image: talsrcimg_g11.4dfp.img
dimensions:      256       256       256
mmppix:       1.0000   -1.0000   -1.0000
center:     128.0000 -129.0000 -129.0000
fimgreg.f
image alignment mode   3335 decimal      D07 hex
parameters
   -0.3089   36.0299   22.2723   -0.0223   -0.0276   -0.0270
    1.5223    1.4613   -1.4958   -1.8090   -1.4884    1.7867
eta,q 0.91746 14.43263
niter,ni,del,rscale     5    3    5.0000    1.2000
parameter  1 -0.922069 -> -0.500000 qaram    1.1500
parameter  4  2.725235 ->  0.500000 qaram    1.1500
parameter  5  1.733737 ->  0.500000 qaram    1.1500
parameter  6 -8.880281 ->  0.500000 qaram    1.1500
parameter  7 -1.223332 -> -0.500000 qaram    1.1500
parameter  8 -1.646328 -> -0.500000 qaram    1.1500
parameter  9 -0.752167 -> -0.500000 qaram    1.1500
parameter 10 -0.512865 -> -0.500000 qaram    1.1500
parameters
    1.0711   36.6580   22.6601   -4.1623   -4.1676   -4.1670
    5.6623    5.6013    2.6442    2.3310   -1.3010    3.0462
eta,q 0.93979 14.32073
  0.0846  0.0836  0.0820  0.0734  0.0716  0.0613  0.0683  0.0712  0.0653  0.0664  0.0620  0.0636
  0.0840  0.0826  0.0817  0.0760  0.0733  0.0649  0.0675  0.0695  0.0640  0.0646  0.0611  0.0620
  0.0833  0.0820  0.0816  0.0788  0.0748  0.0695  0.0667  0.0675  0.0630  0.0628  0.0605  0.0609
  0.0825  0.0817  0.0816  0.0816  0.0768  0.0737  0.0660  0.0651  0.0621  0.0613  0.0603  0.0603
  0.0819  0.0816  0.0816  0.0857  0.0793  0.0766  0.0654  0.0631  0.0615  0.0603  0.0603  0.0603
  0.0817  0.0818  0.0816  0.0902  0.0823  0.0807  0.0651  0.0619  0.0613  0.0604  0.0609  0.0609
  0.0820  0.0822  0.0818  0.0942  0.0862  0.0841  0.0651  0.0621  0.0615  0.0615  0.0620  0.0619
niter,ni,del,rscale     7    3    5.0000    1.2000
parameter  3 -0.508004 -> -0.500000 qaram    1.1500
parameter  4  1.351948 ->  0.500000 qaram    1.3225
parameter  5  1.951048 ->  0.500000 qaram    1.3225
parameter  6  0.749967 ->  0.500000 qaram    1.3225
parameter  7  0.735028 ->  0.500000 qaram    1.3225
parameter 12 -1.267416 -> -0.500000 qaram    1.1500
parameters
   -0.3023   35.5054   24.0401   -8.9233   -8.9286   -8.9280
    0.9013    8.3893    4.1658    1.3056   -1.2233    7.1862
eta,q 0.95682 14.05186
  0.0604  0.0594  0.0625  0.0506  0.0458  0.0455  0.0452  0.0523  0.0464  0.0464  0.0446  0.0461
  0.0595  0.0589  0.0608  0.0518  0.0477  0.0459  0.0449  0.0488  0.0452  0.0450  0.0443  0.0453
  0.0593  0.0588  0.0596  0.0544  0.0499  0.0460  0.0452  0.0465  0.0444  0.0443  0.0441  0.0446
  0.0602  0.0593  0.0588  0.0584  0.0524  0.0483  0.0459  0.0449  0.0440  0.0439  0.0440  0.0440
  0.0620  0.0602  0.0585  0.0646  0.0556  0.0529  0.0469  0.0440  0.0439  0.0443  0.0439  0.0435
  0.0643  0.0615  0.0585  0.0715  0.0589  0.0592  0.0482  0.0442  0.0443  0.0460  0.0442  0.0431
  0.0668  0.0632  0.0587  0.0771  0.0636  0.0646  0.0499  0.0465  0.0451  0.0485  0.0448  0.0430
niter,ni,del,rscale     7    3    5.0000    1.2000
parameter  2  1.012579 ->  0.500000 qaram    1.1500
parameter  3  2.079800 ->  0.500000 qaram    1.3225
parameter  5  1.853688 ->  0.500000 qaram    1.5209
parameter  6  0.588904 ->  0.500000 qaram    1.5209
parameter 10  0.840284 ->  0.500000 qaram    1.3225
parameter 11  0.922227 ->  0.500000 qaram    1.1500
parameter 12  1.286336 ->  0.500000 qaram    1.3225
parameters
   -0.6014   34.1254   22.4531  -13.6720  -14.4038  -14.4032
   -0.5674    6.0397    0.8662   -3.4554   -5.3633    2.4252
eta,q 0.97264 13.59215
  0.0462  0.0419  0.0378  0.0387  0.0328  0.0331  0.0356  0.0346  0.0330  0.0305  0.0293  0.0271
  0.0443  0.0419  0.0387  0.0382  0.0339  0.0330  0.0339  0.0331  0.0323  0.0301  0.0293  0.0272
  0.0433  0.0423  0.0402  0.0382  0.0358  0.0333  0.0330  0.0325  0.0322  0.0307  0.0295  0.0280
  0.0432  0.0431  0.0420  0.0391  0.0381  0.0344  0.0330  0.0329  0.0325  0.0321  0.0302  0.0293
  0.0440  0.0442  0.0440  0.0419  0.0409  0.0373  0.0339  0.0342  0.0334  0.0341  0.0310  0.0310
  0.0456  0.0454  0.0463  0.0472  0.0437  0.0429  0.0355  0.0361  0.0346  0.0364  0.0320  0.0327
  0.0477  0.0468  0.0488  0.0546  0.0473  0.0488  0.0376  0.0386  0.0361  0.0391  0.0331  0.0345
niter,ni,del,rscale     7    3    5.0000    1.2000
parameter  2  0.666052 ->  0.500000 qaram    1.3225
parameter  3  1.097526 ->  0.500000 qaram    1.5209
parameters
   -0.8090   32.5384   20.6280  -12.4676  -17.5927  -14.6526
   -0.1222    7.0307    2.1281   -2.6510   -6.8850    3.5422
eta,q 0.97785 13.65738
  0.0308  0.0262  0.0219  0.0275  0.0271  0.0287  0.0271  0.0280  0.0263  0.0284  0.0230  0.0248
  0.0288  0.0255  0.0226  0.0255  0.0245  0.0261  0.0247  0.0253  0.0244  0.0255  0.0226  0.0237
  0.0276  0.0259  0.0238  0.0240  0.0226  0.0240  0.0231  0.0235  0.0231  0.0234  0.0223  0.0228
  0.0274  0.0273  0.0255  0.0228  0.0225  0.0224  0.0225  0.0225  0.0224  0.0223  0.0222  0.0222
  0.0280  0.0297  0.0278  0.0223  0.0263  0.0215  0.0229  0.0226  0.0224  0.0225  0.0225  0.0221
  0.0296  0.0328  0.0310  0.0231  0.0321  0.0241  0.0242  0.0239  0.0231  0.0241  0.0231  0.0227
  0.0320  0.0363  0.0348  0.0264  0.0370  0.0321  0.0263  0.0260  0.0245  0.0269  0.0239  0.0241
niter,ni,del,rscale     7    3    5.0000    1.2000
parameters
   -0.8646   32.8302   18.9529  -10.4930  -17.7811  -15.6635
   -0.4461    7.6405    2.8279   -1.9992   -7.1618    1.2112
eta,q 0.97870 13.68711
  0.0257  0.0281  0.0223  0.0267  0.0286  0.0271  0.0255  0.0270  0.0250  0.0268  0.0222  0.0221
  0.0238  0.0251  0.0217  0.0246  0.0256  0.0245  0.0232  0.0238  0.0232  0.0240  0.0217  0.0215
  0.0226  0.0231  0.0216  0.0229  0.0229  0.0226  0.0218  0.0221  0.0220  0.0222  0.0215  0.0213
  0.0221  0.0221  0.0221  0.0216  0.0209  0.0210  0.0214  0.0214  0.0214  0.0214  0.0214  0.0214
  0.0226  0.0224  0.0233  0.0206  0.0211  0.0198  0.0221  0.0218  0.0216  0.0218  0.0215  0.0218
  0.0239  0.0238  0.0253  0.0212  0.0251  0.0238  0.0236  0.0230  0.0225  0.0232  0.0218  0.0225
  0.0261  0.0263  0.0283  0.0244  0.0305  0.0344  0.0260  0.0254  0.0240  0.0255  0.0223  0.0238
niter,ni,del,rscale     6    3    5.0000    1.2000
parameters
   -0.9476   33.1653   18.1062  -10.5449  -17.5017  -15.8161
   -0.8594    7.7481    3.1378   -1.3214   -7.3648   -0.6804
eta,q 0.97904 13.68102
  0.0248  0.0271  0.0225  0.0258  0.0291  0.0277  0.0250  0.0262  0.0243  0.0265  0.0220  0.0220
  0.0230  0.0241  0.0215  0.0239  0.0262  0.0250  0.0227  0.0230  0.0226  0.0236  0.0214  0.0212
  0.0218  0.0222  0.0211  0.0224  0.0233  0.0227  0.0214  0.0215  0.0215  0.0218  0.0212  0.0210
  0.0213  0.0213  0.0213  0.0211  0.0211  0.0210  0.0211  0.0211  0.0211  0.0211  0.0211  0.0211
  0.0217  0.0215  0.0219  0.0206  0.0209  0.0194  0.0217  0.0216  0.0213  0.0215  0.0212  0.0215
  0.0231  0.0228  0.0230  0.0225  0.0244  0.0219  0.0233  0.0230  0.0223  0.0229  0.0215  0.0221
  0.0255  0.0251  0.0249  0.0276  0.0298  0.0317  0.0257  0.0258  0.0239  0.0250  0.0220  0.0231
niter,ni,del,rscale     5    3    5.0000    1.2000
parameters
   -0.9898   33.3801   17.7341  -10.4154  -17.4025  -15.8398
   -1.1156    7.8051    3.3317   -0.8795   -7.5277   -1.3894
eta,q 0.97919 13.69132
  0.0246  0.0264  0.0230  0.0258  0.0289  0.0280  0.0249  0.0261  0.0239  0.0261  0.0219  0.0223
  0.0227  0.0235  0.0217  0.0239  0.0259  0.0251  0.0226  0.0228  0.0223  0.0231  0.0212  0.0213
  0.0215  0.0217  0.0210  0.0222  0.0231  0.0227  0.0212  0.0212  0.0212  0.0214  0.0209  0.0208
  0.0210  0.0210  0.0209  0.0209  0.0209  0.0208  0.0208  0.0208  0.0208  0.0208  0.0208  0.0208
  0.0213  0.0213  0.0214  0.0203  0.0207  0.0191  0.0214  0.0214  0.0211  0.0214  0.0210  0.0212
  0.0227  0.0227  0.0225  0.0221  0.0246  0.0218  0.0230  0.0228  0.0221  0.0229  0.0213  0.0218
  0.0250  0.0251  0.0240  0.0271  0.0301  0.0315  0.0254  0.0258  0.0237  0.0249  0.0219  0.0226
niter,ni,del,rscale     4    3    5.0000    1.2000
parameters
   -1.0171   33.4908   17.5738  -10.3892  -17.3758  -15.8931
   -1.2406    7.8253    3.4545   -0.6710   -7.5941   -1.7154
eta,q 0.97921 13.69196
  0.0245  0.0259  0.0233  0.0258  0.0288  0.0280  0.0250  0.0261  0.0238  0.0257  0.0220  0.0224
  0.0226  0.0232  0.0218  0.0238  0.0258  0.0251  0.0227  0.0228  0.0222  0.0229  0.0212  0.0214
  0.0213  0.0214  0.0210  0.0221  0.0230  0.0226  0.0213  0.0211  0.0212  0.0212  0.0209  0.0208
  0.0208  0.0208  0.0208  0.0208  0.0208  0.0208  0.0208  0.0208  0.0208  0.0208  0.0208  0.0208
  0.0211  0.0212  0.0212  0.0202  0.0207  0.0191  0.0213  0.0214  0.0211  0.0215  0.0210  0.0211
  0.0225  0.0227  0.0222  0.0222  0.0246  0.0220  0.0229  0.0229  0.0220  0.0230  0.0213  0.0217
  0.0248  0.0252  0.0237  0.0274  0.0303  0.0316  0.0252  0.0259  0.0237  0.0250  0.0219  0.0225
niter,ni,del,rscale     3    3    5.0000    1.2000
parameters
   -1.0248   33.5478   17.5010  -10.3727  -17.3751  -15.9250
   -1.3099    7.8363    3.5157   -0.5650   -7.6230   -1.8633
eta,q 0.97921 13.69180
  0.0245  0.0257  0.0235  0.0258  0.0288  0.0281  0.0251  0.0261  0.0237  0.0256  0.0220  0.0225
  0.0226  0.0230  0.0219  0.0238  0.0258  0.0252  0.0227  0.0228  0.0222  0.0228  0.0212  0.0215
  0.0213  0.0214  0.0210  0.0221  0.0230  0.0227  0.0213  0.0211  0.0211  0.0212  0.0209  0.0209
  0.0208  0.0208  0.0208  0.0208  0.0208  0.0208  0.0208  0.0208  0.0208  0.0208  0.0208  0.0208
  0.0211  0.0212  0.0212  0.0202  0.0207  0.0191  0.0213  0.0214  0.0211  0.0215  0.0210  0.0211
  0.0224  0.0228  0.0221  0.0222  0.0247  0.0220  0.0228  0.0229  0.0221  0.0230  0.0213  0.0217
  0.0248  0.0254  0.0236  0.0274  0.0303  0.0316  0.0252  0.0259  0.0237  0.0250  0.0219  0.0225
niter,ni,del,rscale     2    3    5.0000    1.2000
parameters
   -1.0300   33.5775   17.4656  -10.3572  -17.3787  -15.9449
   -1.3430    7.8396    3.5436   -0.5112   -7.6380   -1.9313
eta,q 0.97921 13.69173
  0.0245  0.0256  0.0236  0.0258  0.0288  0.0281  0.0251  0.0261  0.0237  0.0255  0.0221  0.0226
  0.0226  0.0230  0.0219  0.0238  0.0258  0.0252  0.0227  0.0228  0.0221  0.0227  0.0212  0.0215
  0.0213  0.0213  0.0210  0.0222  0.0230  0.0227  0.0213  0.0211  0.0211  0.0211  0.0208  0.0209
  0.0208  0.0208  0.0208  0.0208  0.0208  0.0208  0.0208  0.0208  0.0208  0.0208  0.0208  0.0208
  0.0211  0.0213  0.0212  0.0202  0.0207  0.0191  0.0213  0.0214  0.0211  0.0215  0.0210  0.0211
  0.0224  0.0228  0.0221  0.0222  0.0247  0.0220  0.0228  0.0229  0.0221  0.0230  0.0213  0.0217
  0.0248  0.0254  0.0236  0.0274  0.0304  0.0315  0.0252  0.0260  0.0237  0.0250  0.0219  0.0225
registration optimization eta report
parameter search radius
    2.7600    3.1740    3.6501    9.5220   10.9503   10.9503
    9.5220    8.2800    8.2800    9.5220    8.2800    9.5220
100000*second partial in parameter space
       51.       47.       21.        7.        7.        8.
        5.        8.        4.        5.        2.        2.
  0.0245  0.0256  0.0236  0.0258  0.0288  0.0281  0.0251  0.0261  0.0237  0.0255  0.0221  0.0226
  0.0226  0.0230  0.0219  0.0238  0.0258  0.0252  0.0227  0.0228  0.0221  0.0227  0.0212  0.0215
  0.0213  0.0213  0.0210  0.0222  0.0230  0.0227  0.0213  0.0211  0.0211  0.0211  0.0208  0.0209
  0.0208  0.0208  0.0208  0.0208  0.0208  0.0208  0.0208  0.0208  0.0208  0.0208  0.0208  0.0208
  0.0211  0.0213  0.0212  0.0202  0.0207  0.0191  0.0213  0.0214  0.0211  0.0215  0.0210  0.0211
  0.0224  0.0228  0.0221  0.0222  0.0247  0.0220  0.0228  0.0229  0.0221  0.0230  0.0213  0.0217
  0.0248  0.0254  0.0236  0.0274  0.0304  0.0315  0.0252  0.0260  0.0237  0.0250  0.0219  0.0225
   -1.0300   33.5775   17.4656  -10.3572  -17.3787  -15.9449
   -1.3430    7.8396    3.5436   -0.5112   -7.6380   -1.9313
eta,q 0.97921 13.69173

---------------------------------------------------------------------
imgreg_4dfp /opt/freesurfer/average/711-2C_as_mni_average_305 /opt/freesurfer/average/711-2B_as_mni_average_305_mask talsrcimg_g11 none talsrcimg_to_711-2C_as_mni_average_305_t4 2311
---------------------------------------------------------------------

freesurfer imgreg_4dfp.c
/opt/freesurfer/average/711-2C_as_mni_average_305.4dfp.img
       256       256       256         1
  1.000000  1.000000  1.000000
orientation T byte_order littleendian
Reading image: /opt/freesurfer/average/711-2C_as_mni_average_305.4dfp.img
dimensions:      256       256       256
mmppix:       1.0000   -1.0000   -1.0000
center:     128.0000 -129.0000 -129.0000
/opt/freesurfer/average/711-2B_as_mni_average_305_mask.4dfp.img
       256       256       256         1
  1.000000  1.000000  1.000000
orientation T byte_order littleendian
Reading mask: /opt/freesurfer/average/711-2B_as_mni_average_305_mask.4dfp.img (2306576 pixels)
talsrcimg_g11.4dfp.img
       256       256       256         1
  1.000000  1.000000  1.000000
orientation T byte_order littleendian
Reading image: talsrcimg_g11.4dfp.img
dimensions:      256       256       256
mmppix:       1.0000   -1.0000   -1.0000
center:     128.0000 -129.0000 -129.0000
fimgreg.f
image alignment mode   2311 decimal      907 hex
parameters
   -1.0300   33.5775   17.4656  -10.3572  -17.3787  -15.9449
   -1.3430    7.8396    3.5436   -0.5112   -7.6380   -1.9313
eta,q 0.97921 13.69174
niter,ni,del,rscale     5    3    5.0000    0.8000
parameter  6 -0.934772 -> -0.500000 qaram    1.1500
parameters
   -0.9430   33.6010   17.3555   -8.0205  -16.2872  -13.1849
   -1.7697    8.4840    3.5052   -0.4182   -6.7980   -3.0196
eta,q 0.98151 13.91081
  0.0222  0.0220  0.0213  0.0230  0.0231  0.0227  0.0201  0.0233  0.0199  0.0204  0.0202  0.0189
  0.0215  0.0213  0.0210  0.0222  0.0220  0.0216  0.0192  0.0211  0.0192  0.0194  0.0193  0.0186
  0.0210  0.0209  0.0208  0.0214  0.0210  0.0207  0.0187  0.0195  0.0187  0.0188  0.0188  0.0185
  0.0208  0.0208  0.0208  0.0208  0.0202  0.0199  0.0187  0.0186  0.0186  0.0185  0.0185  0.0185
  0.0209  0.0209  0.0209  0.0203  0.0198  0.0191  0.0190  0.0187  0.0187  0.0187  0.0186  0.0187
  0.0212  0.0213  0.0211  0.0202  0.0203  0.0186  0.0197  0.0196  0.0192  0.0193  0.0188  0.0190
  0.0220  0.0219  0.0214  0.0210  0.0216  0.0191  0.0207  0.0214  0.0200  0.0202  0.0193  0.0195
niter,ni,del,rscale     5    3    5.0000    0.8000
parameters
   -1.1651   33.4596   17.5514   -8.8852  -16.1162  -13.5506
   -1.3180    8.0151    3.2982   -0.4696   -6.5700   -2.6920
eta,q 0.98135 13.89210
  0.0200  0.0197  0.0198  0.0202  0.0212  0.0216  0.0205  0.0210  0.0199  0.0202  0.0195  0.0194
  0.0191  0.0190  0.0190  0.0194  0.0201  0.0205  0.0196  0.0196  0.0192  0.0193  0.0190  0.0190
  0.0185  0.0185  0.0186  0.0188  0.0191  0.0195  0.0190  0.0188  0.0188  0.0188  0.0187  0.0187
  0.0185  0.0184  0.0184  0.0184  0.0185  0.0185  0.0187  0.0187  0.0187  0.0187  0.0187  0.0187
  0.0189  0.0187  0.0185  0.0189  0.0185  0.0183  0.0188  0.0191  0.0188  0.0189  0.0187  0.0187
  0.0199  0.0193  0.0188  0.0205  0.0194  0.0201  0.0192  0.0203  0.0193  0.0194  0.0189  0.0189
  0.0212  0.0203  0.0192  0.0230  0.0212  0.0241  0.0200  0.0223  0.0201  0.0203  0.0193  0.0192
niter,ni,del,rscale     4    3    5.0000    0.7000
parameters
   -1.1706   33.4177   17.3907   -8.7659  -15.9288  -13.4212
   -1.3310    7.9984    3.2670   -0.5365   -6.5170   -2.8804
eta,q 0.98148 13.90191
  0.0200  0.0198  0.0191  0.0205  0.0208  0.0212  0.0198  0.0209  0.0195  0.0198  0.0192  0.0190
  0.0193  0.0191  0.0188  0.0198  0.0198  0.0203  0.0191  0.0196  0.0190  0.0191  0.0188  0.0187
  0.0188  0.0188  0.0187  0.0191  0.0191  0.0195  0.0187  0.0188  0.0186  0.0187  0.0186  0.0186
  0.0187  0.0187  0.0187  0.0186  0.0186  0.0186  0.0185  0.0185  0.0185  0.0185  0.0185  0.0185
  0.0188  0.0188  0.0188  0.0186  0.0186  0.0182  0.0187  0.0188  0.0186  0.0187  0.0186  0.0186
  0.0193  0.0192  0.0190  0.0192  0.0193  0.0192  0.0191  0.0195  0.0190  0.0191  0.0188  0.0188
  0.0201  0.0199  0.0194  0.0207  0.0207  0.0219  0.0198  0.0210  0.0196  0.0199  0.0191  0.0191
niter,ni,del,rscale     3    3    5.0000    0.6000
parameters
   -1.1837   33.4123   17.3845   -8.6626  -15.8314  -13.1313
   -1.3396    7.9963    3.2387   -0.5317   -6.5110   -2.9882
eta,q 0.98164 13.91596
  0.0196  0.0194  0.0190  0.0200  0.0201  0.0207  0.0193  0.0203  0.0191  0.0194  0.0189  0.0187
  0.0190  0.0189  0.0187  0.0194  0.0194  0.0200  0.0188  0.0192  0.0187  0.0188  0.0186  0.0185
  0.0186  0.0186  0.0186  0.0189  0.0188  0.0192  0.0185  0.0186  0.0185  0.0185  0.0184  0.0184
  0.0185  0.0185  0.0185  0.0185  0.0185  0.0185  0.0184  0.0184  0.0184  0.0184  0.0184  0.0184
  0.0186  0.0186  0.0186  0.0185  0.0185  0.0181  0.0185  0.0186  0.0185  0.0185  0.0184  0.0184
  0.0190  0.0189  0.0188  0.0190  0.0191  0.0188  0.0188  0.0192  0.0187  0.0188  0.0186  0.0186
  0.0196  0.0194  0.0190  0.0201  0.0202  0.0208  0.0193  0.0203  0.0192  0.0194  0.0189  0.0188
niter,ni,del,rscale     2    3    5.0000    0.5000
parameters
   -1.1922   33.4120   17.4586   -8.5763  -15.7589  -12.7922
   -1.3396    7.9933    3.2086   -0.5354   -6.5226   -3.0419
eta,q 0.98178 13.92932
  0.0191  0.0190  0.0188  0.0195  0.0195  0.0202  0.0189  0.0197  0.0188  0.0190  0.0186  0.0185
  0.0187  0.0187  0.0186  0.0190  0.0190  0.0196  0.0185  0.0189  0.0185  0.0186  0.0184  0.0183
  0.0185  0.0184  0.0184  0.0186  0.0186  0.0189  0.0183  0.0184  0.0183  0.0183  0.0183  0.0182
  0.0184  0.0184  0.0184  0.0184  0.0183  0.0183  0.0182  0.0182  0.0182  0.0182  0.0182  0.0182
  0.0184  0.0184  0.0184  0.0184  0.0184  0.0181  0.0183  0.0184  0.0183  0.0183  0.0183  0.0183
  0.0187  0.0186  0.0185  0.0187  0.0188  0.0186  0.0185  0.0189  0.0185  0.0186  0.0184  0.0184
  0.0192  0.0190  0.0187  0.0195  0.0196  0.0200  0.0189  0.0197  0.0188  0.0190  0.0186  0.0185
niter,ni,del,rscale     1    3    5.0000    0.4000
parameters
   -1.2020   33.4115   17.5654   -8.5156  -15.7122  -12.4511
   -1.3473    7.9681    3.1761   -0.5565   -6.5308   -3.0572
eta,q 0.98190 13.94010
  0.0187  0.0186  0.0186  0.0190  0.0190  0.0196  0.0185  0.0191  0.0185  0.0186  0.0184  0.0183
  0.0184  0.0184  0.0184  0.0186  0.0186  0.0191  0.0183  0.0185  0.0183  0.0183  0.0182  0.0182
  0.0183  0.0183  0.0183  0.0184  0.0183  0.0186  0.0181  0.0182  0.0181  0.0182  0.0181  0.0181
  0.0182  0.0182  0.0182  0.0182  0.0182  0.0182  0.0181  0.0181  0.0181  0.0181  0.0181  0.0181
  0.0183  0.0183  0.0182  0.0182  0.0182  0.0181  0.0182  0.0182  0.0181  0.0182  0.0181  0.0181
  0.0184  0.0184  0.0183  0.0185  0.0185  0.0184  0.0183  0.0186  0.0183  0.0183  0.0182  0.0182
  0.0188  0.0186  0.0184  0.0190  0.0190  0.0193  0.0185  0.0191  0.0185  0.0186  0.0184  0.0183
registration optimization eta report
parameter search radius
    0.8000    0.8000    0.8000    2.4000    2.4000    2.7600
    2.4000    2.4000    2.4000    2.4000    2.4000    2.4000
100000*second partial in parameter space
       81.       66.       43.       14.       14.       17.
        8.       17.        6.        9.        5.        3.
  0.0187  0.0186  0.0186  0.0190  0.0190  0.0196  0.0185  0.0191  0.0185  0.0186  0.0184  0.0183
  0.0184  0.0184  0.0184  0.0186  0.0186  0.0191  0.0183  0.0185  0.0183  0.0183  0.0182  0.0182
  0.0183  0.0183  0.0183  0.0184  0.0183  0.0186  0.0181  0.0182  0.0181  0.0182  0.0181  0.0181
  0.0182  0.0182  0.0182  0.0182  0.0182  0.0182  0.0181  0.0181  0.0181  0.0181  0.0181  0.0181
  0.0183  0.0183  0.0182  0.0182  0.0182  0.0181  0.0182  0.0182  0.0181  0.0182  0.0181  0.0181
  0.0184  0.0184  0.0183  0.0185  0.0185  0.0184  0.0183  0.0186  0.0183  0.0183  0.0182  0.0182
  0.0188  0.0186  0.0184  0.0190  0.0190  0.0193  0.0185  0.0191  0.0185  0.0186  0.0184  0.0183
   -1.2020   33.4115   17.5654   -8.5156  -15.7122  -12.4511
   -1.3473    7.9681    3.1761   -0.5565   -6.5308   -3.0572
eta,q 0.98190 13.94010

---------------------------------------------------------------------
imgreg_4dfp /opt/freesurfer/average/711-2C_as_mni_average_305 /opt/freesurfer/average/711-2B_as_mni_average_305_mask talsrcimg_g11 none talsrcimg_to_711-2C_as_mni_average_305_t4 2311
---------------------------------------------------------------------

freesurfer imgreg_4dfp.c
/opt/freesurfer/average/711-2C_as_mni_average_305.4dfp.img
       256       256       256         1
  1.000000  1.000000  1.000000
orientation T byte_order littleendian
Reading image: /opt/freesurfer/average/711-2C_as_mni_average_305.4dfp.img
dimensions:      256       256       256
mmppix:       1.0000   -1.0000   -1.0000
center:     128.0000 -129.0000 -129.0000
/opt/freesurfer/average/711-2B_as_mni_average_305_mask.4dfp.img
       256       256       256         1
  1.000000  1.000000  1.000000
orientation T byte_order littleendian
Reading mask: /opt/freesurfer/average/711-2B_as_mni_average_305_mask.4dfp.img (2306576 pixels)
talsrcimg_g11.4dfp.img
       256       256       256         1
  1.000000  1.000000  1.000000
orientation T byte_order littleendian
Reading image: talsrcimg_g11.4dfp.img
dimensions:      256       256       256
mmppix:       1.0000   -1.0000   -1.0000
center:     128.0000 -129.0000 -129.0000
fimgreg.f
image alignment mode   2311 decimal      907 hex
parameters
   -1.2020   33.4115   17.5654   -8.5156  -15.7122  -12.4511
   -1.3473    7.9681    3.1761   -0.5565   -6.5308   -3.0572
eta,q 0.98190 13.94011
niter,ni,del,rscale     5    3    5.0000    0.8000
parameters
   -1.2317   33.3875   17.7620   -9.2057  -16.0764  -12.8917
   -1.2061    7.8536    3.1883   -0.5700   -6.4605   -2.5396
eta,q 0.98157 13.90559
  0.0201  0.0197  0.0196  0.0200  0.0205  0.0208  0.0201  0.0213  0.0198  0.0202  0.0193  0.0193
  0.0190  0.0188  0.0188  0.0192  0.0195  0.0200  0.0192  0.0197  0.0190  0.0192  0.0188  0.0188
  0.0183  0.0183  0.0183  0.0185  0.0186  0.0191  0.0186  0.0188  0.0186  0.0186  0.0185  0.0186
  0.0181  0.0181  0.0181  0.0181  0.0182  0.0183  0.0184  0.0184  0.0184  0.0184  0.0184  0.0184
  0.0183  0.0183  0.0182  0.0184  0.0185  0.0183  0.0186  0.0188  0.0186  0.0186  0.0185  0.0185
  0.0191  0.0189  0.0185  0.0199  0.0197  0.0200  0.0191  0.0198  0.0190  0.0192  0.0188  0.0186
  0.0203  0.0198  0.0190  0.0223  0.0218  0.0232  0.0199  0.0217  0.0198  0.0202  0.0192  0.0190
niter,ni,del,rscale     4    3    5.0000    0.7000
parameters
   -1.1633   33.3936   17.6287   -8.9131  -15.9849  -12.8857
   -1.2911    7.9355    3.1964   -0.6140   -6.4769   -2.7216
eta,q 0.98167 13.91317
  0.0199  0.0196  0.0190  0.0203  0.0204  0.0206  0.0195  0.0209  0.0194  0.0197  0.0190  0.0188
  0.0191  0.0190  0.0186  0.0196  0.0195  0.0198  0.0189  0.0195  0.0188  0.0189  0.0186  0.0185
  0.0187  0.0186  0.0184  0.0189  0.0188  0.0191  0.0185  0.0187  0.0185  0.0185  0.0184  0.0184
  0.0184  0.0184  0.0184  0.0184  0.0183  0.0183  0.0183  0.0183  0.0183  0.0183  0.0183  0.0183
  0.0185  0.0186  0.0186  0.0183  0.0184  0.0181  0.0185  0.0185  0.0184  0.0185  0.0184  0.0184
  0.0189  0.0189  0.0188  0.0188  0.0191  0.0191  0.0189  0.0193  0.0188  0.0190  0.0186  0.0186
  0.0197  0.0196  0.0193  0.0202  0.0206  0.0213  0.0196  0.0208  0.0194  0.0197  0.0190  0.0189
niter,ni,del,rscale     3    3    5.0000    0.6000
parameters
   -1.1763   33.3985   17.5886   -8.7642  -15.8862  -12.6962
   -1.3038    7.9531    3.1846   -0.6063   -6.4907   -2.8741
eta,q 0.98179 13.92400
  0.0194  0.0192  0.0189  0.0198  0.0199  0.0202  0.0192  0.0202  0.0190  0.0193  0.0188  0.0186
  0.0188  0.0187  0.0185  0.0192  0.0192  0.0196  0.0186  0.0191  0.0186  0.0187  0.0184  0.0184
  0.0185  0.0184  0.0184  0.0187  0.0186  0.0189  0.0183  0.0185  0.0183  0.0183  0.0183  0.0182
  0.0183  0.0183  0.0183  0.0183  0.0183  0.0183  0.0182  0.0182  0.0182  0.0182  0.0182  0.0182
  0.0184  0.0184  0.0184  0.0183  0.0183  0.0181  0.0183  0.0184  0.0183  0.0183  0.0183  0.0183
  0.0188  0.0187  0.0186  0.0188  0.0189  0.0187  0.0186  0.0191  0.0186  0.0187  0.0185  0.0184
  0.0194  0.0192  0.0189  0.0199  0.0200  0.0204  0.0192  0.0202  0.0190  0.0193  0.0188  0.0186
niter,ni,del,rscale     2    3    5.0000    0.5000
parameters
   -1.1888   33.4041   17.6287   -8.6586  -15.8072  -12.4528
   -1.3167    7.9502    3.1622   -0.5970   -6.5167   -2.9693
eta,q 0.98188 13.93441
  0.0190  0.0189  0.0187  0.0193  0.0194  0.0198  0.0188  0.0196  0.0187  0.0189  0.0185  0.0184
  0.0186  0.0185  0.0184  0.0189  0.0188  0.0192  0.0184  0.0188  0.0184  0.0185  0.0183  0.0182
  0.0183  0.0183  0.0183  0.0185  0.0184  0.0187  0.0182  0.0183  0.0182  0.0182  0.0182  0.0181
  0.0182  0.0182  0.0182  0.0182  0.0182  0.0182  0.0181  0.0181  0.0181  0.0181  0.0181  0.0181
  0.0183  0.0183  0.0183  0.0182  0.0182  0.0180  0.0182  0.0183  0.0182  0.0182  0.0182  0.0182
  0.0186  0.0185  0.0184  0.0186  0.0186  0.0185  0.0184  0.0188  0.0184  0.0185  0.0183  0.0183
  0.0190  0.0188  0.0186  0.0194  0.0194  0.0197  0.0188  0.0196  0.0187  0.0189  0.0185  0.0184
niter,ni,del,rscale     1    3    5.0000    0.4000
parameters
   -1.2007   33.4091   17.7041   -8.5836  -15.7565  -12.1998
   -1.3229    7.9348    3.1387   -0.5953   -6.5378   -2.9989
eta,q 0.98195 13.94298
  0.0186  0.0185  0.0185  0.0189  0.0189  0.0193  0.0185  0.0190  0.0184  0.0186  0.0183  0.0182
  0.0183  0.0183  0.0183  0.0186  0.0185  0.0189  0.0182  0.0185  0.0182  0.0183  0.0182  0.0181
  0.0182  0.0182  0.0182  0.0183  0.0183  0.0184  0.0181  0.0182  0.0181  0.0181  0.0181  0.0181
  0.0181  0.0181  0.0181  0.0181  0.0181  0.0181  0.0180  0.0180  0.0180  0.0180  0.0180  0.0180
  0.0182  0.0182  0.0181  0.0181  0.0182  0.0180  0.0181  0.0182  0.0181  0.0181  0.0181  0.0181
  0.0184  0.0183  0.0182  0.0184  0.0184  0.0183  0.0182  0.0185  0.0182  0.0183  0.0182  0.0181
  0.0187  0.0185  0.0183  0.0189  0.0189  0.0191  0.0185  0.0191  0.0184  0.0185  0.0183  0.0182
registration optimization eta report
parameter search radius
    0.8000    0.8000    0.8000    2.4000    2.4000    2.4000
    2.4000    2.4000    2.4000    2.4000    2.4000    2.4000
100000*second partial in parameter space
       81.       66.       46.       13.       14.       19.
        8.       18.        6.        9.        5.        3.
  0.0186  0.0185  0.0185  0.0189  0.0189  0.0193  0.0185  0.0190  0.0184  0.0186  0.0183  0.0182
  0.0183  0.0183  0.0183  0.0186  0.0185  0.0189  0.0182  0.0185  0.0182  0.0183  0.0182  0.0181
  0.0182  0.0182  0.0182  0.0183  0.0183  0.0184  0.0181  0.0182  0.0181  0.0181  0.0181  0.0181
  0.0181  0.0181  0.0181  0.0181  0.0181  0.0181  0.0180  0.0180  0.0180  0.0180  0.0180  0.0180
  0.0182  0.0182  0.0181  0.0181  0.0182  0.0180  0.0181  0.0182  0.0181  0.0181  0.0181  0.0181
  0.0184  0.0183  0.0182  0.0184  0.0184  0.0183  0.0182  0.0185  0.0182  0.0183  0.0182  0.0181
  0.0187  0.0185  0.0183  0.0189  0.0189  0.0191  0.0185  0.0191  0.0184  0.0185  0.0183  0.0182
   -1.2007   33.4091   17.7041   -8.5836  -15.7565  -12.1998
   -1.3229    7.9348    3.1387   -0.5953   -6.5378   -2.9989
eta,q 0.98195 13.94298

---------------------------------------------------------------------
compute_vox2vox talsrcimg talsrcimg_to_711-2C_as_mni_average_305_t4 /opt/freesurfer/average/711-2C_as_mni_average_305
---------------------------------------------------------------------

freesurfer compute_vox2vox.c
Reading: talsrcimg.4dfp.ifh
Reading: talsrcimg_to_711-2C_as_mni_average_305_t4
Reading: /opt/freesurfer/average/711-2C_as_mni_average_305.4dfp.ifh
Writing: talsrcimg_to_711-2C_as_mni_average_305_t4_vox2vox.txt

start time Mon Mar 9 05:42:16 CET 2026
end		time Mon Mar 9 05:42:31 CET 2026

mpr2mni305 success

avi2talxfm orig_nu.mgz /opt/freesurfer/average/mni305.cor.mgz talsrcimg_to_711-2C_as_mni_average_305_t4_vox2vox.txt transforms/talairach.auto.xfm
avi2talxfm done
mv -f /out/sourcedata/freesurfer/sub-v1s18x0051241_ses-1/mri/talsrcimg_to_711-2C_as_mni_average_305_t4_vox2vox.txt /out/sourcedata/freesurfer/sub-v1s18x0051241_ses-1/mri/transforms/talsrcimg_to_711-2C_as_mni_average_305_t4_vox2vox.txt
lta_convert --src orig_nu.mgz --trg /opt/freesurfer/average/mni305.cor.mgz --inxfm transforms/talairach.auto.xfm --outlta transforms/talairach.auto.xfm.lta --subject fsaverage
7.3.2

--src: orig_nu.mgz src image (geometry).
--trg: /opt/freesurfer/average/mni305.cor.mgz trg image (geometry).
--inmni: transforms/talairach.auto.xfm input MNI/XFM transform.
--outlta: transforms/talairach.auto.xfm.lta output LTA.
--s: fsaverage subject name
 LTA read, type : 1
 1.08642  -0.09809   0.01357   2.57477;
 0.07953   1.13204   0.04155  -24.88600;
-0.03991   0.01165   1.18682  -13.83243;
 0.00000   0.00000   0.00000   1.00000;
setting subject to fsaverage
Writing  LTA to file transforms/talairach.auto.xfm.lta...
lta_convert successful.
 
 
Started at Mon Mar 9 05:42:16 CET 2026
Ended   at Mon Mar  9 05:42:31 CET 2026
talairach_avi done
