status file for recon-all
Mon Mar  9 06:38:24 CET 2026
#@# Tessellate lh Mon Mar  9 06:38:24 CET 2026
#@# Smooth1 lh Mon Mar  9 06:38:27 CET 2026
#@# Inflation1 lh Mon Mar  9 06:38:30 CET 2026
#@# QSphere lh Mon Mar  9 06:38:38 CET 2026
#@# Fix Topology lh Mon Mar  9 06:39:36 CET 2026
#@# Smooth2 lh Mon Mar  9 06:44:16 CET 2026
#@# Inflation2 lh Mon Mar  9 06:44:18 CET 2026
#@# Curv .H and .K lh Mon Mar  9 06:44:28 CET 2026
#@# Sphere lh Mon Mar  9 06:45:10 CET 2026
#@# Surf Reg lh Mon Mar  9 06:47:39 CET 2026
#@# Jacobian white lh Mon Mar  9 06:50:23 CET 2026
#@# AvgCurv lh Mon Mar  9 06:50:23 CET 2026
#@# Cortical Parc lh Mon Mar  9 06:50:24 CET 2026
#@# white curv lh Mon Mar  9 06:55:43 CET 2026
#@# white area lh Mon Mar  9 06:55:44 CET 2026
#@# pial curv lh Mon Mar  9 06:55:45 CET 2026
#@# pial area lh Mon Mar  9 06:55:46 CET 2026
#@# thickness lh Mon Mar  9 06:55:47 CET 2026
#@# area and vertex vol lh Mon Mar  9 06:56:13 CET 2026
#@# Curvature Stats lh Mon Mar  9 06:56:14 CET 2026
#@# Cortical Parc 2 lh Mon Mar  9 06:56:16 CET 2026
#@# Cortical Parc 3 lh Mon Mar  9 06:56:28 CET 2026
#@# WM/GM Contrast lh Mon Mar  9 06:56:36 CET 2026
recon-all -s sub-v1s18x0051230_ses-1 finished without error at Mon Mar  9 06:56:38 CET 2026



#New# invocation of recon-all 



status file for recon-all
Mon Mar  9 07:17:27 CET 2026
#@# white curv lh Mon Mar  9 07:17:27 CET 2026
#@# white area lh Mon Mar  9 07:17:27 CET 2026
#@# pial curv lh Mon Mar  9 07:17:27 CET 2026
#@# pial area lh Mon Mar  9 07:17:27 CET 2026
#@# thickness lh Mon Mar  9 07:17:27 CET 2026
#@# area and vertex vol lh Mon Mar  9 07:17:27 CET 2026
#@# Parcellation Stats lh Mon Mar  9 07:17:27 CET 2026
#@# Parcellation Stats 2 lh Mon Mar  9 07:17:42 CET 2026
#@# Parcellation Stats 3 lh Mon Mar  9 07:17:49 CET 2026
#@# BA_exvivo Labels lh Mon Mar  9 07:17:57 CET 2026
recon-all -s sub-v1s18x0051230_ses-1 finished without error at Mon Mar  9 07:20:04 CET 2026
