/out/sourcedata/freesurfer/sub-v1s18x0051239_ses-1/mri
/opt/freesurfer/bin/talairach_avi
--i orig_nu.mgz --xfm transforms/talairach.auto.xfm
talairach_avi 7.3.2
Linux dna067 5.14.0-427.37.1.el9_4.x86_64 #1 SMP PREEMPT_DYNAMIC Fri Sep 13 12:41:50 EDT 2024 x86_64 x86_64 x86_64 GNU/Linux
Mon Mar  9 05:30:09 CET 2026
mri_convert orig_nu.mgz talsrcimg.img 
reading from orig_nu.mgz...
TR=0.00, TE=0.00, TI=0.00, flip angle=0.00
i_ras = (-1, 0, -3.72529e-09)
j_ras = (0, 0, -1)
k_ras = (0, 1, 0)
writing to talsrcimg.img...
Analyze Output Matrix
-1.00000   0.00000   0.00000   123.50421;
 0.00000   0.00000   1.00000  -108.63483;
-0.00000  -1.00000   0.00000   113.68044;
 0.00000   0.00000   0.00000   1.00000;
--------------------
INFO: set hdr.hist.orient to -1
mpr2mni305 talsrcimg
Mon Mar  9 05:30:09 CET 2026
/opt/freesurfer/bin/mpr2mni305 talsrcimg
mpr2mni305 7.3.2
target=711-2C_as_mni_average_305

---------------------------------------------------------------------
analyzeto4dfp talsrcimg -O0 -y
---------------------------------------------------------------------

freesurfer ifh2hdr.c
Mon Mar  9 05:30:09 2026
Writing: talsrcimg.4dfp.hdr
freesurfer analyzeto4dfp.c
Reading: talsrcimg.hdr
header size 348 bytes
hdr.dime.datatype	offset=70	value=2
hdr.dime.bitpix		offset=72	value=8
hdr.hist.orient		offset=252	value=-1
dimensionality     4
dimensions       256       256       256         1
Reading: talsrcimg.img
Writing: talsrcimg.4dfp.img
Writing: talsrcimg.4dfp.ifh
ifh2hdr talsrcimg -r0to218
ori=2

---------------------------------------------------------------------
gauss_4dfp talsrcimg 1.1
---------------------------------------------------------------------

freesurfer gauss_4dfp.c
Reading: talsrcimg.4dfp.img
Writing: talsrcimg_g11.4dfp.img
image dimensions 256 256 256 padded to 288 288 288
processing volume 1freesurfer ifh2hdr.c
Mon Mar  9 05:30:11 2026
Writing: talsrcimg_g11.4dfp.hdr

Writing: talsrcimg_g11.4dfp.ifh
including: talsrcimg.4dfp.img.rec in talsrcimg_g11.4dfp.img.rec

---------------------------------------------------------------------
imgreg_4dfp /opt/freesurfer/average/711-2C_as_mni_average_305 none talsrcimg_g11 none talsrcimg_to_711-2C_as_mni_average_305_t4 4355
---------------------------------------------------------------------

freesurfer imgreg_4dfp.c
/opt/freesurfer/average/711-2C_as_mni_average_305.4dfp.img
       256       256       256         1
  1.000000  1.000000  1.000000
orientation T byte_order littleendian
Reading image: /opt/freesurfer/average/711-2C_as_mni_average_305.4dfp.img
dimensions:      256       256       256
mmppix:       1.0000   -1.0000   -1.0000
center:     128.0000 -129.0000 -129.0000
talsrcimg_g11.4dfp.img
       256       256       256         1
  1.000000  1.000000  1.000000
orientation T byte_order littleendian
Reading image: talsrcimg_g11.4dfp.img
dimensions:      256       256       256
mmppix:       1.0000   -1.0000   -1.0000
center:     128.0000 -129.0000 -129.0000
t4_read: open error in t4_sub.f l:  41 t4_file(1:l)talsrcimg_to_711-2C_as_mni_average_305_t4 
t4_read: transform initialized to I4
rotation matrix determinant  1.000000
image alignment mode   4355 decimal     1103 hex
   -7.5000  -45.0000  -45.0000 6712.6318   16.0298
    0.0000  -45.0000  -45.0000 7013.3599   16.0118
    7.5000  -45.0000  -45.0000 6702.5020   15.9862
   -7.5000  -37.5000  -45.0000 7195.8325   15.6537
    0.0000  -37.5000  -45.0000 7522.2290   15.6304
    7.5000  -37.5000  -45.0000 7167.8877   15.5972
   -7.5000  -30.0000  -45.0000 8061.0698   15.5352
    0.0000  -30.0000  -45.0000 8412.2920   15.5118
    7.5000  -30.0000  -45.0000 8010.6543   15.4817
   -7.5000  -22.5000  -45.0000 8969.8789   15.4771
    0.0000  -22.5000  -45.0000 9356.0459   15.4598
    7.5000  -22.5000  -45.0000 8912.4600   15.4420
   -7.5000  -15.0000  -45.0000 9845.3408   15.4702
    0.0000  -15.0000  -45.000010272.8291   15.4594
    7.5000  -15.0000  -45.0000 9798.5430   15.4502
   -7.5000   -7.5000  -45.000010677.6816   15.4931
    0.0000   -7.5000  -45.000011128.0029   15.4823
    7.5000   -7.5000  -45.000010602.2686   15.4697
   -7.5000    0.0000  -45.000011396.4180   15.5002
    0.0000    0.0000  -45.000011894.3525   15.4834
    7.5000    0.0000  -45.000011306.9170   15.4595
   -7.5000    7.5000  -45.000011316.4531   15.4834
    0.0000    7.5000  -45.000011810.2725   15.4605
    7.5000    7.5000  -45.000011265.6133   15.4280
   -7.5000   15.0000  -45.000011015.0547   15.4583
    0.0000   15.0000  -45.000011492.1309   15.4350
    7.5000   15.0000  -45.000010970.2832   15.4053
   -7.5000   22.5000  -45.000010577.4521   15.4500
    0.0000   22.5000  -45.000011060.2617   15.4328
    7.5000   22.5000  -45.000010537.9385   15.4152
   -7.5000   30.0000  -45.000010114.0713   15.2640
    0.0000   30.0000  -45.000010599.5664   15.2534
    7.5000   30.0000  -45.000010094.3418   15.2443
   -7.5000   37.5000  -45.0000 9817.8252   15.2866
    0.0000   37.5000  -45.000010302.1338   15.2760
    7.5000   37.5000  -45.0000 9787.7832   15.2636
   -7.5000   45.0000  -45.0000 9051.8271   14.9053
    0.0000   45.0000  -45.0000 9475.5596   14.8891
    7.5000   45.0000  -45.0000 8990.5762   14.8661
   -7.5000  -45.0000  -37.5000 7048.2051   15.9452
    0.0000  -45.0000  -37.5000 7371.1934   15.9182
    7.5000  -45.0000  -37.5000 7019.4893   15.8943
   -7.5000  -37.5000  -37.5000 7576.0376   15.5666
    0.0000  -37.5000  -37.5000 7930.3896   15.5379
    7.5000  -37.5000  -37.5000 7539.4434   15.5070
   -7.5000  -30.0000  -37.5000 8492.8350   15.4440
    0.0000  -30.0000  -37.5000 8885.0713   15.4175
    7.5000  -30.0000  -37.5000 8437.5234   15.3891
   -7.5000  -22.5000  -37.5000 9438.7158   15.3882
    0.0000  -22.5000  -37.5000 9873.2207   15.3673
    7.5000  -22.5000  -37.5000 9394.1436   15.3497
   -7.5000  -15.0000  -37.500010380.8545   15.3871
    0.0000  -15.0000  -37.500010855.6982   15.3700
    7.5000  -15.0000  -37.500010337.7168   15.3602
   -7.5000   -7.5000  -37.500011256.0508   15.4140
    0.0000   -7.5000  -37.500011750.6992   15.3945
    7.5000   -7.5000  -37.500011181.5176   15.3821
   -7.5000    0.0000  -37.500012006.8379   15.4206
    0.0000    0.0000  -37.500012556.7998   15.3954
    7.5000    0.0000  -37.500011957.7441   15.3732
   -7.5000    7.5000  -37.500011915.6074   15.3980
    0.0000    7.5000  -37.500012425.3486   15.3698
    7.5000    7.5000  -37.500011858.6094   15.3397
   -7.5000   15.0000  -37.500011603.1406   15.3681
    0.0000   15.0000  -37.500012093.0400   15.3418
    7.5000   15.0000  -37.500011531.3389   15.3138
   -7.5000   22.5000  -37.500011135.0498   15.3615
    0.0000   22.5000  -37.500011610.3896   15.3406
    7.5000   22.5000  -37.500011062.9004   15.3232
   -7.5000   30.0000  -37.500010651.3486   15.1820
    0.0000   30.0000  -37.500011119.9492   15.1651
    7.5000   30.0000  -37.500010604.9756   15.1555
   -7.5000   37.5000  -37.500010357.8838   15.2086
    0.0000   37.5000  -37.500010822.3027   15.1894
    7.5000   37.5000  -37.500010328.6533   15.1772
   -7.5000   45.0000  -37.5000 9545.5068   14.8287
    0.0000   45.0000  -37.5000 9946.1973   14.8046
    7.5000   45.0000  -37.5000 9485.2041   14.7832
   -7.5000  -45.0000  -30.0000 7506.9927   16.6113
    0.0000  -45.0000  -30.0000 7862.9141   16.5799
    7.5000  -45.0000  -30.0000 7479.8608   16.5580
   -7.5000  -37.5000  -30.0000 8098.2700   16.2177
    0.0000  -37.5000  -30.0000 8486.0361   16.1853
    7.5000  -37.5000  -30.0000 8068.8062   16.1550
   -7.5000  -30.0000  -30.0000 9076.7715   16.0912
    0.0000  -30.0000  -30.0000 9508.7236   16.0628
    7.5000  -30.0000  -30.0000 9036.5830   16.0346
   -7.5000  -22.5000  -30.000010089.0010   16.0333
    0.0000  -22.5000  -30.000010556.8682   16.0118
    7.5000  -22.5000  -30.000010051.7461   15.9958
   -7.5000  -15.0000  -30.000011114.5010   16.0302
    0.0000  -15.0000  -30.000011642.5830   16.0127
    7.5000  -15.0000  -30.000011084.6660   16.0065
   -7.5000   -7.5000  -30.000012034.5674   16.0568
    0.0000   -7.5000  -30.000012609.2275   16.0348
    7.5000   -7.5000  -30.000011995.5586   16.0260
   -7.5000    0.0000  -30.000012850.7041   16.0640
    0.0000    0.0000  -30.000013437.0469   16.0347
    7.5000    0.0000  -30.000012851.9258   16.0145
   -7.5000    7.5000  -30.000012710.7363   16.0417
    0.0000    7.5000  -30.000013265.1768   16.0100
    7.5000    7.5000  -30.000012704.4746   15.9803
   -7.5000   15.0000  -30.000012395.5479   16.0119
    0.0000   15.0000  -30.000012925.3428   15.9837
    7.5000   15.0000  -30.000012350.3643   15.9558
   -7.5000   22.5000  -30.000011890.7812   16.0037
    0.0000   22.5000  -30.000012406.9736   15.9823
    7.5000   22.5000  -30.000011848.3818   15.9665
   -7.5000   30.0000  -30.000011350.7275   15.8181
    0.0000   30.0000  -30.000011840.6914   15.8008
    7.5000   30.0000  -30.000011312.9170   15.7947
   -7.5000   37.5000  -30.000011101.3223   15.8444
    0.0000   37.5000  -30.000011572.9209   15.8226
    7.5000   37.5000  -30.000011068.2666   15.8140
   -7.5000   45.0000  -30.000010217.0293   15.4588
    0.0000   45.0000  -30.000010624.7275   15.4306
    7.5000   45.0000  -30.000010172.1377   15.4111
   -7.5000  -45.0000  -22.5000 7995.3525   17.1953
    0.0000  -45.0000  -22.5000 8370.4639   17.1700
    7.5000  -45.0000  -22.5000 7964.8066   17.1476
   -7.5000  -37.5000  -22.5000 8643.4219   16.7942
    0.0000  -37.5000  -22.5000 9058.0537   16.7650
    7.5000  -37.5000  -22.5000 8615.5254   16.7323
   -7.5000  -30.0000  -22.5000 9693.2314   16.6701
    0.0000  -30.0000  -22.500010151.0420   16.6439
    7.5000  -30.0000  -22.5000 9672.7812   16.6139
   -7.5000  -22.5000  -22.500010775.7510   16.6094
    0.0000  -22.5000  -22.500011288.6846   16.5924
    7.5000  -22.5000  -22.500010763.5693   16.5774
   -7.5000  -15.0000  -22.500011899.2754   16.5996
    0.0000  -15.0000  -22.500012469.1416   16.5894
    7.5000  -15.0000  -22.500011887.5791   16.5865
   -7.5000   -7.5000  -22.500012874.4473   16.6208
    0.0000   -7.5000  -22.500013498.4697   16.6067
    7.5000   -7.5000  -22.500012866.0850   16.6003
   -7.5000    0.0000  -22.500013711.6211   16.6280
    0.0000    0.0000  -22.500014366.1943   16.6044
    7.5000    0.0000  -22.500013736.0439   16.5836
   -7.5000    7.5000  -22.500013541.8877   16.6114
    0.0000    7.5000  -22.500014190.6562   16.5829
    7.5000    7.5000  -22.500013596.1768   16.5508
   -7.5000   15.0000  -22.500013250.7988   16.5875
    0.0000   15.0000  -22.500013894.1846   16.5614
    7.5000   15.0000  -22.500013292.7842   16.5318
   -7.5000   22.5000  -22.500012726.6309   16.5775
    0.0000   22.5000  -22.500013345.8242   16.5605
    7.5000   22.5000  -22.500012774.8145   16.5458
   -7.5000   30.0000  -22.500012114.9053   16.3824
    0.0000   30.0000  -22.500012664.5820   16.3723
    7.5000   30.0000  -22.500012124.2217   16.3695
   -7.5000   37.5000  -22.500011842.3633   16.4034
    0.0000   37.5000  -22.500012331.7891   16.3894
    7.5000   37.5000  -22.500011834.3223   16.3831
   -7.5000   45.0000  -22.500010928.0264   16.0136
    0.0000   45.0000  -22.500011348.1455   15.9909
    7.5000   45.0000  -22.500010906.0166   15.9708
   -7.5000  -45.0000  -15.0000 8477.9072   17.6225
    0.0000  -45.0000  -15.0000 8861.6680   17.6070
    7.5000  -45.0000  -15.0000 8462.0410   17.5812
   -7.5000  -37.5000  -15.0000 9136.8281   17.2161
    0.0000  -37.5000  -15.0000 9570.4170   17.1930
    7.5000  -37.5000  -15.0000 9152.9004   17.1566
   -7.5000  -30.0000  -15.000010238.3633   17.0942
    0.0000  -30.0000  -15.000010729.5918   17.0713
    7.5000  -30.0000  -15.000010283.4434   17.0389
   -7.5000  -22.5000  -15.000011393.6963   17.0314
    0.0000  -22.5000  -15.000011968.6387   17.0183
    7.5000  -22.5000  -15.000011456.4404   17.0028
   -7.5000  -15.0000  -15.000012630.7754   17.0168
    0.0000  -15.0000  -15.000013249.8076   17.0136
    7.5000  -15.0000  -15.000012687.3281   17.0109
   -7.5000   -7.5000  -15.000013707.2900   17.0344
    0.0000   -7.5000  -15.000014400.2969   17.0297
    7.5000   -7.5000  -15.000013755.4141   17.0219
   -7.5000    0.0000  -15.000014575.8721   17.0411
    0.0000    0.0000  -15.000015298.9277   17.0266
    7.5000    0.0000  -15.000014651.0908   17.0025
   -7.5000    7.5000  -15.000014391.3467   17.0287
    0.0000    7.5000  -15.000015130.5723   17.0061
    7.5000    7.5000  -15.000014527.8730   16.9703
   -7.5000   15.0000  -15.000014091.5527   17.0091
    0.0000   15.0000  -15.000014856.0234   16.9864
    7.5000   15.0000  -15.000014251.3926   16.9543
   -7.5000   22.5000  -15.000013554.0518   16.9978
    0.0000   22.5000  -15.000014290.9473   16.9847
    7.5000   22.5000  -15.000013729.9326   16.9694
   -7.5000   30.0000  -15.000012858.2480   16.7966
    0.0000   30.0000  -15.000013486.6338   16.7933
    7.5000   30.0000  -15.000012983.2959   16.7907
   -7.5000   37.5000  -15.000012598.3887   16.8140
    0.0000   37.5000  -15.000013153.5322   16.8093
    7.5000   37.5000  -15.000012653.0459   16.8016
   -7.5000   45.0000  -15.000011648.1836   16.4213
    0.0000   45.0000  -15.000012148.1426   16.4073
    7.5000   45.0000  -15.000011693.5205   16.3841
   -7.5000  -45.0000   -7.5000 8933.4033   17.8302
    0.0000  -45.0000   -7.5000 9329.4736   17.8164
    7.5000  -45.0000   -7.5000 8942.3975   17.7872
   -7.5000  -37.5000   -7.5000 9624.9102   17.4183
    0.0000  -37.5000   -7.500010077.9688   17.3961
    7.5000  -37.5000   -7.5000 9657.8164   17.3571
   -7.5000  -30.0000   -7.500010789.4316   17.2943
    0.0000  -30.0000   -7.500011290.0508   17.2708
    7.5000  -30.0000   -7.500010838.5264   17.2362
   -7.5000  -22.5000   -7.500012015.6025   17.2313
    0.0000  -22.5000   -7.500012589.3271   17.2166
    7.5000  -22.5000   -7.500012091.4736   17.1981
   -7.5000  -15.0000   -7.500013381.6768   17.2184
    0.0000  -15.0000   -7.500014013.0596   17.2135
    7.5000  -15.0000   -7.500013442.7002   17.2067
   -7.5000   -7.5000   -7.500014651.7383   17.2371
    0.0000   -7.5000   -7.500015437.0059   17.2327
    7.5000   -7.5000   -7.500014725.8652   17.2205
   -7.5000    0.0000   -7.500015581.9238   17.2429
    0.0000    0.0000   -7.500016457.3789   17.2300
    7.5000    0.0000   -7.500015733.2168   17.2025
   -7.5000    7.5000   -7.500015303.6982   17.2291
    0.0000    7.5000   -7.500016181.1602   17.2073
    7.5000    7.5000   -7.500015575.3799   17.1690
   -7.5000   15.0000   -7.500014961.7803   17.2085
    0.0000   15.0000   -7.500015839.8994   17.1851
    7.5000   15.0000   -7.500015279.7598   17.1509
   -7.5000   22.5000   -7.500014394.1279   17.1956
    0.0000   22.5000   -7.500015266.6582   17.1809
    7.5000   22.5000   -7.500014756.3281   17.1625
   -7.5000   30.0000   -7.500013649.0498   16.9950
    0.0000   30.0000   -7.500014443.0430   16.9902
    7.5000   30.0000   -7.500013963.6748   16.9835
   -7.5000   37.5000   -7.500013404.6084   17.0136
    0.0000   37.5000   -7.500014115.9785   17.0092
    7.5000   37.5000   -7.500013610.8359   16.9972
   -7.5000   45.0000   -7.500012444.5732   16.6189
    0.0000   45.0000   -7.500013090.7910   16.6064
    7.5000   45.0000   -7.500012597.4619   16.5800
   -7.5000  -45.0000    0.0000 9309.3271   17.8570
    0.0000  -45.0000    0.0000 9713.1562   17.8362
    7.5000  -45.0000    0.0000 9321.1602   17.8063
   -7.5000  -37.5000    0.0000 9990.9229   17.4387
    0.0000  -37.5000    0.000010471.8154   17.4122
    7.5000  -37.5000    0.000010030.9502   17.3741
   -7.5000  -30.0000    0.000011183.1621   17.3079
    0.0000  -30.0000    0.000011715.8887   17.2813
    7.5000  -30.0000    0.000011240.9092   17.2469
   -7.5000  -22.5000    0.000012481.8594   17.2454
    0.0000  -22.5000    0.000013044.0215   17.2257
    7.5000  -22.5000    0.000012529.2793   17.2050
   -7.5000  -15.0000    0.000013951.2285   17.2389
    0.0000  -15.0000    0.000014596.4678   17.2264
    7.5000  -15.0000    0.000013997.3486   17.2151
   -7.5000   -7.5000    0.000015450.3555   17.2634
    0.0000   -7.5000    0.000016374.8242   17.2509
    7.5000   -7.5000    0.000015561.1191   17.2355
   -7.5000    0.0000    0.000016611.5801   17.2695
    0.0000    0.0000    0.000017780.0703   17.2502
    7.5000    0.0000    0.000016943.0352   17.2222
   -7.5000    7.5000    0.000016271.3643   17.2498
    0.0000    7.5000    0.000017373.4961   17.2237
    7.5000    7.5000    0.000016758.6504   17.1864
   -7.5000   15.0000    0.000015786.3428   17.2226
    0.0000   15.0000    0.000016877.9512   17.1961
    7.5000   15.0000    0.000016356.5098   17.1621
   -7.5000   22.5000    0.000015193.7031   17.2098
    0.0000   22.5000    0.000016291.4668   17.1902
    7.5000   22.5000    0.000015744.6279   17.1696
   -7.5000   30.0000    0.000014434.3896   17.0157
    0.0000   30.0000    0.000015467.1904   17.0035
    7.5000   30.0000    0.000014840.9404   16.9922
   -7.5000   37.5000    0.000014160.3711   17.0400
    0.0000   37.5000    0.000015107.6611   17.0276
    7.5000   37.5000    0.000014396.9492   17.0124
   -7.5000   45.0000    0.000013158.4219   16.6458
    0.0000   45.0000    0.000013989.4248   16.6272
    7.5000   45.0000    0.000013305.3770   16.6002
   -7.5000  -45.0000    7.5000 8928.3145   17.8427
    0.0000  -45.0000    7.5000 9362.5449   17.8125
    7.5000  -45.0000    7.5000 8968.4375   17.7856
   -7.5000  -37.5000    7.5000 9583.8926   17.4190
    0.0000  -37.5000    7.500010087.9580   17.3868
    7.5000  -37.5000    7.5000 9697.5439   17.3523
   -7.5000  -30.0000    7.500010710.6992   17.2818
    0.0000  -30.0000    7.500011290.0000   17.2522
    7.5000  -30.0000    7.500010869.5537   17.2203
   -7.5000  -22.5000    7.500011937.4746   17.2195
    0.0000  -22.5000    7.500012548.6729   17.1960
    7.5000  -22.5000    7.500012085.0381   17.1762
   -7.5000  -15.0000    7.500013331.4961   17.2182
    0.0000  -15.0000    7.500014008.9443   17.1991
    7.5000  -15.0000    7.500013485.9268   17.1881
   -7.5000   -7.5000    7.500014915.1865   17.2484
    0.0000   -7.5000    7.500016085.0596   17.2265
    7.5000   -7.5000    7.500015148.7539   17.2126
   -7.5000    0.0000    7.500016381.1416   17.2557
    0.0000    0.0000    7.500018069.9980   17.2275
    7.5000    0.0000    7.500016837.4023   17.2025
   -7.5000    7.5000    7.500016219.3564   17.2303
    0.0000    7.5000    7.500017844.5176   17.1988
    7.5000    7.5000    7.500016748.6523   17.1649
   -7.5000   15.0000    7.500015631.3809   17.1969
    0.0000   15.0000    7.500017085.8711   17.1674
    7.5000   15.0000    7.500016160.3945   17.1360
   -7.5000   22.5000    7.500014946.9512   17.1840
    0.0000   22.5000    7.500016279.9121   17.1606
    7.5000   22.5000    7.500015427.7754   17.1411
   -7.5000   30.0000    7.500014073.2227   16.9953
    0.0000   30.0000    7.500015297.7021   16.9764
    7.5000   30.0000    7.500014491.0713   16.9657
   -7.5000   37.5000    7.500013705.4854   17.0252
    0.0000   37.5000    7.500014783.9385   17.0036
    7.5000   37.5000    7.500013995.2793   16.9899
   -7.5000   45.0000    7.500012732.6309   16.6325
    0.0000   45.0000    7.500013657.2266   16.6053
    7.5000   45.0000    7.500012943.7285   16.5812
   -7.5000  -45.0000   15.0000 8390.8125   17.8542
    0.0000  -45.0000   15.0000 8914.4111   17.8202
    7.5000  -45.0000   15.0000 8585.2168   17.7966
   -7.5000  -37.5000   15.0000 9034.8096   17.4307
    0.0000  -37.5000   15.0000 9600.4111   17.3958
    7.5000  -37.5000   15.0000 9259.5430   17.3631
   -7.5000  -30.0000   15.000010106.0068   17.2947
    0.0000  -30.0000   15.000010741.8047   17.2639
    7.5000  -30.0000   15.000010350.1758   17.2336
   -7.5000  -22.5000   15.000011238.1934   17.2323
    0.0000  -22.5000   15.000011953.3486   17.2091
    7.5000  -22.5000   15.000011494.0801   17.1919
   -7.5000  -15.0000   15.000012539.6357   17.2290
    0.0000  -15.0000   15.000013417.9873   17.2101
    7.5000  -15.0000   15.000012856.0195   17.2034
   -7.5000   -7.5000   15.000013999.0811   17.2577
    0.0000   -7.5000   15.000015476.2539   17.2339
    7.5000   -7.5000   15.000014548.2891   17.2244
   -7.5000    0.0000   15.000015341.9609   17.2654
    0.0000    0.0000   15.000017284.5273   17.2338
    7.5000    0.0000   15.000016023.2100   17.2120
   -7.5000    7.5000   15.000015288.9316   17.2413
    0.0000    7.5000   15.000017019.9629   17.2072
    7.5000    7.5000   15.000015779.0918   17.1752
   -7.5000   15.0000   15.000014891.1562   17.2093
    0.0000   15.0000   15.000016401.0938   17.1788
    7.5000   15.0000   15.000015287.3740   17.1489
   -7.5000   22.5000   15.000014254.7197   17.1967
    0.0000   22.5000   15.000015653.7021   17.1736
    7.5000   22.5000   15.000014677.8311   17.1566
   -7.5000   30.0000   15.000013371.1289   17.0060
    0.0000   30.0000   15.000014637.9922   16.9873
    7.5000   30.0000   15.000013790.4023   16.9807
   -7.5000   37.5000   15.000012946.7578   17.0343
    0.0000   37.5000   15.000014038.3955   17.0108
    7.5000   37.5000   15.000013280.3701   17.0015
   -7.5000   45.0000   15.000012055.8008   16.6418
    0.0000   45.0000   15.000012982.3008   16.6114
    7.5000   45.0000   15.000012317.1514   16.5904
   -7.5000  -45.0000   22.5000 7817.1479   17.9472
    0.0000  -45.0000   22.5000 8456.0986   17.9210
    7.5000  -45.0000   22.5000 8142.7324   17.8977
   -7.5000  -37.5000   22.5000 8437.9912   17.5263
    0.0000  -37.5000   22.5000 9120.6455   17.4960
    7.5000  -37.5000   22.5000 8783.6748   17.4619
   -7.5000  -30.0000   22.5000 9461.1562   17.3960
    0.0000  -30.0000   22.500010218.8691   17.3689
    7.5000  -30.0000   22.5000 9824.7939   17.3376
   -7.5000  -22.5000   22.500010562.4990   17.3324
    0.0000  -22.5000   22.500011368.6758   17.3148
    7.5000  -22.5000   22.500010925.1709   17.2994
   -7.5000  -15.0000   22.500011785.1016   17.3221
    0.0000  -15.0000   22.500012740.1279   17.3117
    7.5000  -15.0000   22.500012230.1484   17.3090
   -7.5000   -7.5000   22.500013012.6699   17.3444
    0.0000   -7.5000   22.500014430.0684   17.3299
    7.5000   -7.5000   22.500013724.8916   17.3234
   -7.5000    0.0000   22.500014094.1143   17.3520
    0.0000    0.0000   22.500015566.3496   17.3276
    7.5000    0.0000   22.500014769.7568   17.3059
   -7.5000    7.5000   22.500013964.9160   17.3346
    0.0000    7.5000   22.500015143.5068   17.3050
    7.5000    7.5000   22.500014418.4336   17.2716
   -7.5000   15.0000   22.500013676.6543   17.3093
    0.0000   15.0000   22.500014753.7754   17.2824
    7.5000   15.0000   22.500014084.4619   17.2515
   -7.5000   22.5000   22.500013202.9062   17.2963
    0.0000   22.5000   22.500014313.4580   17.2788
    7.5000   22.5000   22.500013662.6406   17.2636
   -7.5000   30.0000   22.500012490.6025   17.0978
    0.0000   30.0000   22.500013546.4980   17.0876
    7.5000   30.0000   22.500012929.5020   17.0849
   -7.5000   37.5000   22.500012102.1592   17.1200
    0.0000   37.5000   22.500013021.9180   17.1056
    7.5000   37.5000   22.500012433.0908   17.0992
   -7.5000   45.0000   22.500011281.3369   16.7253
    0.0000   45.0000   22.500012091.7432   16.7018
    7.5000   45.0000   22.500011537.1484   16.6809
   -7.5000  -45.0000   30.0000 7268.1909   18.2035
    0.0000  -45.0000   30.0000 7889.4604   18.1874
    7.5000  -45.0000   30.0000 7621.8252   18.1606
   -7.5000  -37.5000   30.0000 7875.3936   17.7761
    0.0000  -37.5000   30.0000 8510.5850   17.7519
    7.5000  -37.5000   30.0000 8219.2119   17.7138
   -7.5000  -30.0000   30.0000 8834.5791   17.6477
    0.0000  -30.0000   30.0000 9513.2227   17.6238
    7.5000  -30.0000   30.0000 9175.1172   17.5900
   -7.5000  -22.5000   30.0000 9843.0762   17.5816
    0.0000  -22.5000   30.000010533.6729   17.5680
    7.5000  -22.5000   30.000010170.5361   17.5519
   -7.5000  -15.0000   30.000010933.0635   17.5663
    0.0000  -15.0000   30.000011785.1895   17.5631
    7.5000  -15.0000   30.000011397.5391   17.5605
   -7.5000   -7.5000   30.000011984.6484   17.5850
    0.0000   -7.5000   30.000013078.5889   17.5802
    7.5000   -7.5000   30.000012584.4297   17.5722
   -7.5000    0.0000   30.000012893.7422   17.5920
    0.0000    0.0000   30.000013834.3457   17.5770
    7.5000    0.0000   30.000013342.5762   17.5519
   -7.5000    7.5000   30.000012743.7207   17.5790
    0.0000    7.5000   30.000013489.1260   17.5554
    7.5000    7.5000   30.000013063.6924   17.5180
   -7.5000   15.0000   30.000012493.7871   17.5583
    0.0000   15.0000   30.000013247.7480   17.5345
    7.5000   15.0000   30.000012826.6221   17.5011
   -7.5000   22.5000   30.000012100.0439   17.5445
    0.0000   22.5000   30.000012894.8389   17.5309
    7.5000   22.5000   30.000012488.8076   17.5151
   -7.5000   30.0000   30.000011545.0557   17.3389
    0.0000   30.0000   30.000012337.8008   17.3358
    7.5000   30.0000   30.000011919.6748   17.3332
   -7.5000   37.5000   30.000011215.1270   17.3574
    0.0000   37.5000   30.000011946.4785   17.3527
    7.5000   37.5000   30.000011515.4014   17.3448
   -7.5000   45.0000   30.000010441.2979   16.9567
    0.0000   45.0000   30.000011118.0020   16.9422
    7.5000   45.0000   30.000010682.0010   16.9180
   -7.5000  -45.0000   37.5000 7014.9902   18.6301
    0.0000  -45.0000   37.5000 7509.4858   18.6153
    7.5000  -45.0000   37.5000 7304.2461   18.5841
   -7.5000  -37.5000   37.5000 7606.2920   18.1821
    0.0000  -37.5000   37.5000 8090.3452   18.1581
    7.5000  -37.5000   37.5000 7849.4165   18.1164
   -7.5000  -30.0000   37.5000 8523.8828   18.0476
    0.0000  -30.0000   37.5000 9036.1396   18.0221
    7.5000  -30.0000   37.5000 8739.1895   17.9850
   -7.5000  -22.5000   37.5000 9488.0088   17.9797
    0.0000  -22.5000   37.500010063.8721   17.9637
    7.5000  -22.5000   37.5000 9717.6982   17.9438
   -7.5000  -15.0000   37.500010490.1963   17.9658
    0.0000  -15.0000   37.500011217.3262   17.9607
    7.5000  -15.0000   37.500010878.7197   17.9532
   -7.5000   -7.5000   37.500011470.7676   17.9858
    0.0000   -7.5000   37.500012309.8311   17.9813
    7.5000   -7.5000   37.500011883.5820   17.9682
   -7.5000    0.0000   37.500012306.2988   17.9916
    0.0000    0.0000   37.500013010.5996   17.9778
    7.5000    0.0000   37.500012562.4766   17.9486
   -7.5000    7.5000   37.500012139.6533   17.9765
    0.0000    7.5000   37.500012771.8320   17.9529
    7.5000    7.5000   37.500012375.4033   17.9121
   -7.5000   15.0000   37.500011905.4375   17.9544
    0.0000   15.0000   37.500012542.4570   17.9290
    7.5000   15.0000   37.500012157.5498   17.8923
   -7.5000   22.5000   37.500011573.1602   17.9412
    0.0000   22.5000   37.500012226.4785   17.9252
    7.5000   22.5000   37.500011859.1670   17.9055
   -7.5000   30.0000   37.500011071.7598   17.7332
    0.0000   30.0000   37.500011732.2402   17.7282
    7.5000   30.0000   37.500011347.9355   17.7208
   -7.5000   37.5000   37.500010789.0977   17.7530
    0.0000   37.5000   37.500011423.1855   17.7486
    7.5000   37.5000   37.500011017.4170   17.7357
   -7.5000   45.0000   37.500010065.8809   17.3418
    0.0000   45.0000   37.500010677.5596   17.3286
    7.5000   45.0000   37.500010260.8809   17.3004
   -7.5000  -45.0000   45.0000 6430.8550   19.1327
    0.0000  -45.0000   45.0000 6848.7383   19.1071
    7.5000  -45.0000   45.0000 6651.2476   19.0727
   -7.5000  -37.5000   45.0000 6960.6133   18.6505
    0.0000  -37.5000   45.0000 7381.2847   18.6179
    7.5000  -37.5000   45.0000 7133.0127   18.5742
   -7.5000  -30.0000   45.0000 7831.1802   18.4989
    0.0000  -30.0000   45.0000 8276.0029   18.4662
    7.5000  -30.0000   45.0000 7976.6187   18.4265
   -7.5000  -22.5000   45.0000 8742.5977   18.4278
    0.0000  -22.5000   45.0000 9243.0117   18.4034
    7.5000  -22.5000   45.0000 8911.5312   18.3790
   -7.5000  -15.0000   45.0000 9677.2441   18.4219
    0.0000  -15.0000   45.000010275.4502   18.4065
    7.5000  -15.0000   45.0000 9947.0537   18.3925
   -7.5000   -7.5000   45.000010583.3662   18.4510
    0.0000   -7.5000   45.000011207.0771   18.4355
    7.5000   -7.5000   45.000010790.9443   18.4172
   -7.5000    0.0000   45.000011298.8457   18.4574
    0.0000    0.0000   45.000011864.2812   18.4337
    7.5000    0.0000   45.000011432.0771   18.4016
   -7.5000    7.5000   45.000011128.5186   18.4331
    0.0000    7.5000   45.000011683.2334   18.4012
    7.5000    7.5000   45.000011305.6807   18.3585
   -7.5000   15.0000   45.000010896.3174   18.4009
    0.0000   15.0000   45.000011476.5244   18.3683
    7.5000   15.0000   45.000011101.4932   18.3291
   -7.5000   22.5000   45.000010603.2295   18.3875
    0.0000   22.5000   45.000011179.9365   18.3632
    7.5000   22.5000   45.000010830.2207   18.3389
   -7.5000   30.0000   45.000010169.3965   18.1819
    0.0000   30.0000   45.000010738.0244   18.1666
    7.5000   30.0000   45.000010387.3691   18.1528
   -7.5000   37.5000   45.0000 9924.9922   18.2107
    0.0000   37.5000   45.000010492.0244   18.1953
    7.5000   37.5000   45.000010111.2197   18.1773
   -7.5000   45.0000   45.0000 9261.6865   17.7989
    0.0000   45.0000   45.0000 9781.5068   17.7760
    7.5000   45.0000   45.0000 9406.2197   17.7451

---------------------------------------------------------------------
imgreg_4dfp /opt/freesurfer/average/711-2C_as_mni_average_305 /opt/freesurfer/average/711-2B_as_mni_average_305_mask talsrcimg_g11 none talsrcimg_to_711-2C_as_mni_average_305_t4 4355
---------------------------------------------------------------------

freesurfer imgreg_4dfp.c
/opt/freesurfer/average/711-2C_as_mni_average_305.4dfp.img
       256       256       256         1
  1.000000  1.000000  1.000000
orientation T byte_order littleendian
Reading image: /opt/freesurfer/average/711-2C_as_mni_average_305.4dfp.img
dimensions:      256       256       256
mmppix:       1.0000   -1.0000   -1.0000
center:     128.0000 -129.0000 -129.0000
/opt/freesurfer/average/711-2B_as_mni_average_305_mask.4dfp.img
       256       256       256         1
  1.000000  1.000000  1.000000
orientation T byte_order littleendian
Reading mask: /opt/freesurfer/average/711-2B_as_mni_average_305_mask.4dfp.img (2306576 pixels)
talsrcimg_g11.4dfp.img
       256       256       256         1
  1.000000  1.000000  1.000000
orientation T byte_order littleendian
Reading image: talsrcimg_g11.4dfp.img
dimensions:      256       256       256
mmppix:       1.0000   -1.0000   -1.0000
center:     128.0000 -129.0000 -129.0000
rotation matrix determinant  1.000000
image alignment mode   4355 decimal     1103 hex
   -7.5000  -45.0000  -37.5000 2058.9927   22.9814
    0.0000  -45.0000  -37.5000 2071.6030   23.0561
    7.5000  -45.0000  -37.5000 2055.7214   23.0984
   -7.5000  -37.5000  -37.5000 2181.2598   20.7737
    0.0000  -37.5000  -37.5000 2195.5198   20.8786
    7.5000  -37.5000  -37.5000 2178.8054   20.8864
   -7.5000  -30.0000  -37.5000 2287.1458   19.0406
    0.0000  -30.0000  -37.5000 2298.2864   19.1270
    7.5000  -30.0000  -37.5000 2280.6301   19.1201
   -7.5000  -22.5000  -37.5000 2367.8132   17.6109
    0.0000  -22.5000  -37.5000 2379.6973   17.7195
    7.5000  -22.5000  -37.5000 2359.6003   17.7089
   -7.5000  -15.0000  -37.5000 2418.2461   16.6643
    0.0000  -15.0000  -37.5000 2429.8506   16.7031
    7.5000  -15.0000  -37.5000 2413.0576   16.7368
   -7.5000   -7.5000  -37.5000 2447.3271   16.1118
    0.0000   -7.5000  -37.5000 2455.4958   16.0956
    7.5000   -7.5000  -37.5000 2435.6528   16.1536
   -7.5000    0.0000  -37.5000 2452.7334   15.6629
    0.0000    0.0000  -37.5000 2462.1829   15.6407
    7.5000    0.0000  -37.5000 2440.4939   15.7233
   -7.5000    7.5000  -37.5000 2469.5950   15.5198
    0.0000    7.5000  -37.5000 2469.2505   15.4408
    7.5000    7.5000  -37.5000 2453.6743   15.5926
   -7.5000   15.0000  -37.5000 2458.4700   15.5646
    0.0000   15.0000  -37.5000 2464.6558   15.4905
    7.5000   15.0000  -37.5000 2442.1003   15.6281
   -7.5000   22.5000  -37.5000 2446.2896   15.9523
    0.0000   22.5000  -37.5000 2454.4165   15.8583
    7.5000   22.5000  -37.5000 2432.1890   15.9906
   -7.5000   30.0000  -37.5000 2413.2388   16.6109
    0.0000   30.0000  -37.5000 2422.4268   16.5168
    7.5000   30.0000  -37.5000 2401.3809   16.6493
   -7.5000   37.5000  -37.5000 2359.7764   17.5209
    0.0000   37.5000  -37.5000 2371.7915   17.4983
    7.5000   37.5000  -37.5000 2347.5449   17.5639
   -7.5000   45.0000  -37.5000 2273.6628   18.6854
    0.0000   45.0000  -37.5000 2285.1702   18.6639
    7.5000   45.0000  -37.5000 2260.7983   18.7551
   -7.5000  -45.0000  -30.0000 2147.7932   22.6491
    0.0000  -45.0000  -30.0000 2160.2300   22.7280
    7.5000  -45.0000  -30.0000 2141.5637   22.8447
   -7.5000  -37.5000  -30.0000 2282.6611   20.4113
    0.0000  -37.5000  -30.0000 2296.2263   20.5327
    7.5000  -37.5000  -30.0000 2277.2703   20.6123
   -7.5000  -30.0000  -30.0000 2390.8474   18.6403
    0.0000  -30.0000  -30.0000 2406.9736   18.7199
    7.5000  -30.0000  -30.0000 2386.1824   18.7907
   -7.5000  -22.5000  -30.0000 2476.3379   17.2878
    0.0000  -22.5000  -30.0000 2489.8931   17.2976
    7.5000  -22.5000  -30.0000 2467.3384   17.3512
   -7.5000  -15.0000  -30.0000 2535.8369   16.2601
    0.0000  -15.0000  -30.0000 2547.0664   16.2254
    7.5000  -15.0000  -30.0000 2525.3872   16.2757
   -7.5000   -7.5000  -30.0000 2573.7649   15.5906
    0.0000   -7.5000  -30.0000 2581.0132   15.5457
    7.5000   -7.5000  -30.0000 2559.8105   15.5913
   -7.5000    0.0000  -30.0000 2589.1958   15.0819
    0.0000    0.0000  -30.0000 2598.8337   15.0533
    7.5000    0.0000  -30.0000 2582.9524   15.1573
   -7.5000    7.5000  -30.0000 2598.5376   14.9179
    0.0000    7.5000  -30.0000 2599.4331   14.8485
    7.5000    7.5000  -30.0000 2585.4924   15.0127
   -7.5000   15.0000  -30.0000 2588.1257   14.9938
    0.0000   15.0000  -30.0000 2592.6709   14.8890
    7.5000   15.0000  -30.0000 2572.0378   15.0724
   -7.5000   22.5000  -30.0000 2578.5144   15.3323
    0.0000   22.5000  -30.0000 2587.3574   15.2096
    7.5000   22.5000  -30.0000 2565.3521   15.4036
   -7.5000   30.0000  -30.0000 2538.4153   15.9521
    0.0000   30.0000  -30.0000 2551.6060   15.8442
    7.5000   30.0000  -30.0000 2528.7917   16.0484
   -7.5000   37.5000  -30.0000 2485.9277   16.8112
    0.0000   37.5000  -30.0000 2503.3613   16.7460
    7.5000   37.5000  -30.0000 2477.0015   16.8987
   -7.5000   45.0000  -30.0000 2397.4297   17.9595
    0.0000   45.0000  -30.0000 2413.8008   17.8596
    7.5000   45.0000  -30.0000 2388.1089   18.0395
   -7.5000  -45.0000  -22.5000 2218.6221   22.3465
    0.0000  -45.0000  -22.5000 2231.8987   22.3881
    7.5000  -45.0000  -22.5000 2215.6294   22.5573
   -7.5000  -37.5000  -22.5000 2356.0176   20.0827
    0.0000  -37.5000  -22.5000 2372.6787   20.1624
    7.5000  -37.5000  -22.5000 2354.9224   20.3093
   -7.5000  -30.0000  -22.5000 2468.0391   18.2664
    0.0000  -30.0000  -22.5000 2482.3008   18.3106
    7.5000  -30.0000  -22.5000 2468.8818   18.4751
   -7.5000  -22.5000  -22.5000 2558.0579   16.8762
    0.0000  -22.5000  -22.5000 2570.1162   16.8508
    7.5000  -22.5000  -22.5000 2553.6873   16.9744
   -7.5000  -15.0000  -22.5000 2626.5288   15.8184
    0.0000  -15.0000  -22.5000 2640.2380   15.7815
    7.5000  -15.0000  -22.5000 2621.1135   15.8653
   -7.5000   -7.5000  -22.5000 2663.7976   15.0280
    0.0000   -7.5000  -22.5000 2676.7192   14.9847
    7.5000   -7.5000  -22.5000 2660.3469   15.0750
   -7.5000    0.0000  -22.5000 2682.3542   14.4431
    0.0000    0.0000  -22.5000 2694.9238   14.4092
    7.5000    0.0000  -22.5000 2678.3645   14.5510
   -7.5000    7.5000  -22.5000 2690.9060   14.2309
    0.0000    7.5000  -22.5000 2696.2944   14.1888
    7.5000    7.5000  -22.5000 2685.8027   14.3727
   -7.5000   15.0000  -22.5000 2686.3379   14.3414
    0.0000   15.0000  -22.5000 2696.3970   14.2540
    7.5000   15.0000  -22.5000 2679.9888   14.4347
   -7.5000   22.5000  -22.5000 2680.5798   14.7132
    0.0000   22.5000  -22.5000 2692.6572   14.5928
    7.5000   22.5000  -22.5000 2676.5469   14.7958
   -7.5000   30.0000  -22.5000 2646.9426   15.2956
    0.0000   30.0000  -22.5000 2656.4456   15.1546
    7.5000   30.0000  -22.5000 2644.6301   15.3997
   -7.5000   37.5000  -22.5000 2584.1360   16.1280
    0.0000   37.5000  -22.5000 2591.2634   16.0044
    7.5000   37.5000  -22.5000 2582.1162   16.2200
   -7.5000   45.0000  -22.5000 2492.0266   17.2620
    0.0000   45.0000  -22.5000 2503.4600   17.1111
    7.5000   45.0000  -22.5000 2489.2349   17.3064
   -7.5000  -45.0000  -15.0000 2252.6516   22.1140
    0.0000  -45.0000  -15.0000 2266.6243   22.1660
    7.5000  -45.0000  -15.0000 2260.9175   22.3125
   -7.5000  -37.5000  -15.0000 2380.8059   19.7800
    0.0000  -37.5000  -15.0000 2399.9412   19.8822
    7.5000  -37.5000  -15.0000 2395.8350   20.0145
   -7.5000  -30.0000  -15.0000 2492.6567   17.9168
    0.0000  -30.0000  -15.0000 2513.6914   17.9881
    7.5000  -30.0000  -15.0000 2510.1987   18.1438
   -7.5000  -22.5000  -15.0000 2592.8953   16.4872
    0.0000  -22.5000  -15.0000 2608.6106   16.5110
    7.5000  -22.5000  -15.0000 2601.6118   16.6565
   -7.5000  -15.0000  -15.0000 2664.4827   15.3884
    0.0000  -15.0000  -15.0000 2682.9983   15.3909
    7.5000  -15.0000  -15.0000 2674.5828   15.5235
   -7.5000   -7.5000  -15.0000 2710.9521   14.5481
    0.0000   -7.5000  -15.0000 2727.5903   14.5307
    7.5000   -7.5000  -15.0000 2716.0286   14.6801
   -7.5000    0.0000  -15.0000 2729.6572   13.8793
    0.0000    0.0000  -15.0000 2741.9236   13.8427
    7.5000    0.0000  -15.0000 2729.2202   14.0592
   -7.5000    7.5000  -15.0000 2742.0273   13.6177
    0.0000    7.5000  -15.0000 2746.1384   13.5446
    7.5000    7.5000  -15.0000 2737.5483   13.7862
   -7.5000   15.0000  -15.0000 2746.7932   13.7368
    0.0000   15.0000  -15.0000 2752.9661   13.6473
    7.5000   15.0000  -15.0000 2744.8979   13.8489
   -7.5000   22.5000  -15.0000 2742.2922   14.1104
    0.0000   22.5000  -15.0000 2753.5317   14.0085
    7.5000   22.5000  -15.0000 2749.8850   14.2199
   -7.5000   30.0000  -15.0000 2706.1262   14.6916
    0.0000   30.0000  -15.0000 2716.7810   14.5563
    7.5000   30.0000  -15.0000 2718.2786   14.8312
   -7.5000   37.5000  -15.0000 2649.8254   15.5634
    0.0000   37.5000  -15.0000 2655.9795   15.3976
    7.5000   37.5000  -15.0000 2656.7717   15.6749
   -7.5000   45.0000  -15.0000 2559.7349   16.6654
    0.0000   45.0000  -15.0000 2567.3655   16.4926
    7.5000   45.0000  -15.0000 2564.1228   16.7240
   -7.5000  -45.0000   -7.5000 2256.3279   21.9451
    0.0000  -45.0000   -7.5000 2273.7224   21.9253
    7.5000  -45.0000   -7.5000 2263.1782   22.0481
   -7.5000  -37.5000   -7.5000 2384.9084   19.5791
    0.0000  -37.5000   -7.5000 2403.7046   19.5662
    7.5000  -37.5000   -7.5000 2399.0872   19.7224
   -7.5000  -30.0000   -7.5000 2499.8599   17.7286
    0.0000  -30.0000   -7.5000 2516.3711   17.6923
    7.5000  -30.0000   -7.5000 2516.9641   17.8593
   -7.5000  -22.5000   -7.5000 2600.5640   16.2751
    0.0000  -22.5000   -7.5000 2612.1660   16.2491
    7.5000  -22.5000   -7.5000 2612.6191   16.3803
   -7.5000  -15.0000   -7.5000 2682.3408   15.1351
    0.0000  -15.0000   -7.5000 2691.6375   15.0947
    7.5000  -15.0000   -7.5000 2692.4409   15.2596
   -7.5000   -7.5000   -7.5000 2739.7642   14.2876
    0.0000   -7.5000   -7.5000 2754.7656   14.2416
    7.5000   -7.5000   -7.5000 2751.4973   14.3980
   -7.5000    0.0000   -7.5000 2764.3896   13.5454
    0.0000    0.0000   -7.5000 2778.2749   13.5208
    7.5000    0.0000   -7.5000 2772.9041   13.7357
   -7.5000    7.5000   -7.5000 2765.3533   13.0936
    0.0000    7.5000   -7.5000 2771.8318   13.0310
    7.5000    7.5000   -7.5000 2776.8584   13.3458
   -7.5000   15.0000   -7.5000 2775.5957   13.1885
    0.0000   15.0000   -7.5000 2781.0232   13.0990
    7.5000   15.0000   -7.5000 2788.9321   13.4124
   -7.5000   22.5000   -7.5000 2776.0803   13.5994
    0.0000   22.5000   -7.5000 2786.1719   13.4877
    7.5000   22.5000   -7.5000 2803.9722   13.8157
   -7.5000   30.0000   -7.5000 2745.3608   14.2227
    0.0000   30.0000   -7.5000 2756.6296   14.0862
    7.5000   30.0000   -7.5000 2778.8984   14.4413
   -7.5000   37.5000   -7.5000 2689.5505   15.0510
    0.0000   37.5000   -7.5000 2698.6184   14.8987
    7.5000   37.5000   -7.5000 2713.5383   15.2373
   -7.5000   45.0000   -7.5000 2600.8013   16.1648
    0.0000   45.0000   -7.5000 2611.0327   16.0215
    7.5000   45.0000   -7.5000 2617.2161   16.3046
   -7.5000  -45.0000    0.0000 2247.6494   22.1059
    0.0000  -45.0000    0.0000 2247.9583   21.8541
    7.5000  -45.0000    0.0000 2245.9167   22.0464
   -7.5000  -37.5000    0.0000 2370.3298   19.6027
    0.0000  -37.5000    0.0000 2376.6697   19.4418
    7.5000  -37.5000    0.0000 2372.6194   19.6125
   -7.5000  -30.0000    0.0000 2483.2251   17.7023
    0.0000  -30.0000    0.0000 2491.2893   17.5767
    7.5000  -30.0000    0.0000 2488.8215   17.7020
   -7.5000  -22.5000    0.0000 2590.7095   16.2550
    0.0000  -22.5000    0.0000 2589.6228   16.1495
    7.5000  -22.5000    0.0000 2587.5056   16.2397
   -7.5000  -15.0000    0.0000 2680.0955   15.1297
    0.0000  -15.0000    0.0000 2675.5950   15.0283
    7.5000  -15.0000    0.0000 2672.9929   15.1286
   -7.5000   -7.5000    0.0000 2751.7754   14.2641
    0.0000   -7.5000    0.0000 2755.8965   14.2095
    7.5000   -7.5000    0.0000 2755.9614   14.3149
   -7.5000    0.0000    0.0000 2790.2046   13.5371
    0.0000    0.0000    0.0000 2814.9155   13.5776
    7.5000    0.0000    0.0000 2808.8760   13.7107
   -7.5000    7.5000    0.0000 2782.1641   12.9783
    0.0000    7.5000    0.0000 2792.9214   12.9555
    7.5000    7.5000    0.0000 2809.4114   13.3280
   -7.5000   15.0000    0.0000 2785.7905   12.9718
    0.0000   15.0000    0.0000 2795.7781   12.9069
    7.5000   15.0000    0.0000 2816.0422   13.2976
   -7.5000   22.5000    0.0000 2788.8354   13.3271
    0.0000   22.5000    0.0000 2802.6523   13.2582
    7.5000   22.5000    0.0000 2820.0750   13.5559
   -7.5000   30.0000    0.0000 2769.9692   13.9447
    0.0000   30.0000    0.0000 2781.6880   13.8034
    7.5000   30.0000    0.0000 2786.5068   14.0596
   -7.5000   37.5000    0.0000 2717.4458   14.8300
    0.0000   37.5000    0.0000 2731.6343   14.6592
    7.5000   37.5000    0.0000 2730.5930   14.8476
   -7.5000   45.0000    0.0000 2631.6497   15.9617
    0.0000   45.0000    0.0000 2640.2979   15.7876
    7.5000   45.0000    0.0000 2635.8833   15.9427
   -7.5000  -45.0000    7.5000 2219.1267   22.5399
    0.0000  -45.0000    7.5000 2221.0625   22.3514
    7.5000  -45.0000    7.5000 2217.8591   22.4095
   -7.5000  -37.5000    7.5000 2341.3757   19.9053
    0.0000  -37.5000    7.5000 2346.3857   19.7604
    7.5000  -37.5000    7.5000 2342.1243   19.8575
   -7.5000  -30.0000    7.5000 2454.8743   17.8647
    0.0000  -30.0000    7.5000 2458.6396   17.7569
    7.5000  -30.0000    7.5000 2454.1953   17.8735
   -7.5000  -22.5000    7.5000 2567.4336   16.3266
    0.0000  -22.5000    7.5000 2565.0579   16.2644
    7.5000  -22.5000    7.5000 2559.3872   16.3548
   -7.5000  -15.0000    7.5000 2656.3936   15.2075
    0.0000  -15.0000    7.5000 2656.9277   15.1362
    7.5000  -15.0000    7.5000 2656.4954   15.1967
   -7.5000   -7.5000    7.5000 2743.0598   14.4354
    0.0000   -7.5000    7.5000 2757.9805   14.4605
    7.5000   -7.5000    7.5000 2754.9536   14.4690
   -7.5000    0.0000    7.5000 2812.6545   13.9256
    0.0000    0.0000    7.5000 2872.8196   14.2050
    7.5000    0.0000    7.5000 2840.5229   14.0186
   -7.5000    7.5000    7.5000 2827.7380   13.4099
    0.0000    7.5000    7.5000 2895.5837   13.6320
    7.5000    7.5000    7.5000 2853.6492   13.5675
   -7.5000   15.0000    7.5000 2794.9705   13.0748
    0.0000   15.0000    7.5000 2842.1667   13.2132
    7.5000   15.0000    7.5000 2825.8596   13.2966
   -7.5000   22.5000    7.5000 2790.4543   13.2444
    0.0000   22.5000    7.5000 2822.3621   13.2631
    7.5000   22.5000    7.5000 2814.4602   13.3619
   -7.5000   30.0000    7.5000 2772.2146   13.8253
    0.0000   30.0000    7.5000 2799.0483   13.7645
    7.5000   30.0000    7.5000 2787.2485   13.8731
   -7.5000   37.5000    7.5000 2727.8469   14.7278
    0.0000   37.5000    7.5000 2747.6279   14.6137
    7.5000   37.5000    7.5000 2738.6047   14.7106
   -7.5000   45.0000    7.5000 2649.2512   15.8860
    0.0000   45.0000    7.5000 2659.2131   15.7598
    7.5000   45.0000    7.5000 2649.9624   15.8426
   -7.5000  -45.0000   15.0000 2172.6130   22.9741
    0.0000  -45.0000   15.0000 2186.2083   22.9633
    7.5000  -45.0000   15.0000 2187.0591   23.0100
   -7.5000  -37.5000   15.0000 2291.0530   20.2549
    0.0000  -37.5000   15.0000 2301.9893   20.2281
    7.5000  -37.5000   15.0000 2307.2363   20.3281
   -7.5000  -30.0000   15.0000 2411.7085   18.2740
    0.0000  -30.0000   15.0000 2412.3152   18.2018
    7.5000  -30.0000   15.0000 2416.5649   18.2782
   -7.5000  -22.5000   15.0000 2530.3850   16.7719
    0.0000  -22.5000   15.0000 2532.7910   16.7788
    7.5000  -22.5000   15.0000 2526.2473   16.7886
   -7.5000  -15.0000   15.0000 2630.0398   15.6884
    0.0000  -15.0000   15.0000 2649.6357   15.7849
    7.5000  -15.0000   15.0000 2634.4495   15.7677
   -7.5000   -7.5000   15.0000 2733.0955   14.9891
    0.0000   -7.5000   15.0000 2777.6235   15.2119
    7.5000   -7.5000   15.0000 2749.3606   15.0696
   -7.5000    0.0000   15.0000 2806.4053   14.4469
    0.0000    0.0000   15.0000 2893.2046   14.8953
    7.5000    0.0000   15.0000 2832.5623   14.5377
   -7.5000    7.5000   15.0000 2827.1177   13.7904
    0.0000    7.5000   15.0000 2906.5691   14.0524
    7.5000    7.5000   15.0000 2844.0508   13.8450
   -7.5000   15.0000   15.0000 2821.3120   13.5755
    0.0000   15.0000   15.0000 2868.7837   13.6095
    7.5000   15.0000   15.0000 2825.7310   13.4645
   -7.5000   22.5000   15.0000 2803.5215   13.6893
    0.0000   22.5000   15.0000 2847.9866   13.6829
    7.5000   22.5000   15.0000 2817.9849   13.6029
   -7.5000   30.0000   15.0000 2763.1895   14.1741
    0.0000   30.0000   15.0000 2796.5762   14.1285
    7.5000   30.0000   15.0000 2779.4646   14.1446
   -7.5000   37.5000   15.0000 2714.4336   14.9962
    0.0000   37.5000   15.0000 2728.0244   14.8982
    7.5000   37.5000   15.0000 2720.0630   14.9559
   -7.5000   45.0000   15.0000 2637.5178   16.0952
    0.0000   45.0000   15.0000 2644.4702   15.9556
    7.5000   45.0000   15.0000 2642.1345   16.0317
   -7.5000  -45.0000   22.5000 2123.7524   23.8011
    0.0000  -45.0000   22.5000 2152.4756   23.9983
    7.5000  -45.0000   22.5000 2152.5605   24.0344
   -7.5000  -37.5000   22.5000 2249.2507   21.0607
    0.0000  -37.5000   22.5000 2273.2859   21.1847
    7.5000  -37.5000   22.5000 2272.1521   21.2306
   -7.5000  -30.0000   22.5000 2376.2991   19.0646
    0.0000  -30.0000   22.5000 2396.4460   19.1715
    7.5000  -30.0000   22.5000 2385.0244   19.1872
   -7.5000  -22.5000   22.5000 2500.2253   17.6030
    0.0000  -22.5000   22.5000 2520.0347   17.6993
    7.5000  -22.5000   22.5000 2502.2410   17.6866
   -7.5000  -15.0000   22.5000 2608.3906   16.4768
    0.0000  -15.0000   22.5000 2635.9092   16.5498
    7.5000  -15.0000   22.5000 2614.0984   16.5351
   -7.5000   -7.5000   22.5000 2707.8191   15.6339
    0.0000   -7.5000   22.5000 2747.0186   15.7824
    7.5000   -7.5000   22.5000 2723.7046   15.7275
   -7.5000    0.0000   22.5000 2767.9170   14.8209
    0.0000    0.0000   22.5000 2830.3918   15.0866
    7.5000    0.0000   22.5000 2795.8113   14.9902
   -7.5000    7.5000   22.5000 2801.5488   14.1693
    0.0000    7.5000   22.5000 2828.4365   14.1158
    7.5000    7.5000   22.5000 2803.2012   14.1505
   -7.5000   15.0000   22.5000 2811.5657   14.0509
    0.0000   15.0000   22.5000 2831.4023   13.8327
    7.5000   15.0000   22.5000 2805.8735   13.8271
   -7.5000   22.5000   22.5000 2803.7856   14.2578
    0.0000   22.5000   22.5000 2838.1836   14.1016
    7.5000   22.5000   22.5000 2816.7898   14.1072
   -7.5000   30.0000   22.5000 2756.8335   14.7945
    0.0000   30.0000   22.5000 2788.5327   14.7137
    7.5000   30.0000   22.5000 2771.7249   14.7225
   -7.5000   37.5000   22.5000 2694.9573   15.6034
    0.0000   37.5000   22.5000 2709.6948   15.5400
    7.5000   37.5000   22.5000 2698.3181   15.5470
   -7.5000   45.0000   22.5000 2612.3369   16.6270
    0.0000   45.0000   22.5000 2624.1035   16.5131
    7.5000   45.0000   22.5000 2619.3796   16.5415
   -7.5000  -45.0000   30.0000 2085.7544   25.1314
    0.0000  -45.0000   30.0000 2116.6736   25.4318
    7.5000  -45.0000   30.0000 2113.6951   25.4804
   -7.5000  -37.5000   30.0000 2220.1423   22.3669
    0.0000  -37.5000   30.0000 2243.8630   22.4768
    7.5000  -37.5000   30.0000 2234.7729   22.4979
   -7.5000  -30.0000   30.0000 2349.8989   20.2841
    0.0000  -30.0000   30.0000 2365.0693   20.2464
    7.5000  -30.0000   30.0000 2349.8877   20.2583
   -7.5000  -22.5000   30.0000 2466.2588   18.6252
    0.0000  -22.5000   30.0000 2478.9956   18.5328
    7.5000  -22.5000   30.0000 2463.4399   18.5377
   -7.5000  -15.0000   30.0000 2572.6475   17.3180
    0.0000  -15.0000   30.0000 2585.8411   17.2199
    7.5000  -15.0000   30.0000 2573.4268   17.2562
   -7.5000   -7.5000   30.0000 2661.9553   16.2408
    0.0000   -7.5000   30.0000 2685.8748   16.2903
    7.5000   -7.5000   30.0000 2675.0713   16.3312
   -7.5000    0.0000   30.0000 2713.5354   15.3519
    0.0000    0.0000   30.0000 2728.6611   15.2357
    7.5000    0.0000   30.0000 2723.9736   15.3285
   -7.5000    7.5000   30.0000 2755.5928   14.7558
    0.0000    7.5000   30.0000 2754.2917   14.4243
    7.5000    7.5000   30.0000 2741.4717   14.5265
   -7.5000   15.0000   30.0000 2768.9966   14.6049
    0.0000   15.0000   30.0000 2778.3523   14.2811
    7.5000   15.0000   30.0000 2765.4465   14.3394
   -7.5000   22.5000   30.0000 2761.3052   14.8210
    0.0000   22.5000   30.0000 2784.1897   14.6266
    7.5000   22.5000   30.0000 2779.0977   14.6722
   -7.5000   30.0000   30.0000 2722.6748   15.4310
    0.0000   30.0000   30.0000 2748.6724   15.2875
    7.5000   30.0000   30.0000 2745.6484   15.3524
   -7.5000   37.5000   30.0000 2662.4409   16.3392
    0.0000   37.5000   30.0000 2679.4956   16.2157
    7.5000   37.5000   30.0000 2674.7170   16.2840
   -7.5000   45.0000   30.0000 2574.7603   17.3945
    0.0000   45.0000   30.0000 2595.5227   17.2670
    7.5000   45.0000   30.0000 2586.4890   17.3239
   -7.5000  -45.0000   37.5000 2049.7280   26.8763
    0.0000  -45.0000   37.5000 2062.1724   26.8381
    7.5000  -45.0000   37.5000 2060.2415   26.8910
   -7.5000  -37.5000   37.5000 2184.6196   23.8808
    0.0000  -37.5000   37.5000 2190.0842   23.6463
    7.5000  -37.5000   37.5000 2182.6750   23.6490
   -7.5000  -30.0000   37.5000 2307.0627   21.5441
    0.0000  -30.0000   37.5000 2308.5105   21.2170
    7.5000  -30.0000   37.5000 2296.0671   21.1697
   -7.5000  -22.5000   37.5000 2425.1143   19.6953
    0.0000  -22.5000   37.5000 2424.5530   19.3580
    7.5000  -22.5000   37.5000 2407.4141   19.3323
   -7.5000  -15.0000   37.5000 2525.2498   18.2017
    0.0000  -15.0000   37.5000 2527.8767   17.9396
    7.5000  -15.0000   37.5000 2514.0474   17.9831
   -7.5000   -7.5000   37.5000 2601.2461   16.9920
    0.0000   -7.5000   37.5000 2609.4744   16.7877
    7.5000   -7.5000   37.5000 2604.5476   16.8751
   -7.5000    0.0000   37.5000 2652.5444   16.0669
    0.0000    0.0000   37.5000 2653.0564   15.6297
    7.5000    0.0000   37.5000 2644.8225   15.7411
   -7.5000    7.5000   37.5000 2694.1157   15.4587
    0.0000    7.5000   37.5000 2694.0972   14.9923
    7.5000    7.5000   37.5000 2688.6201   15.1224
   -7.5000   15.0000   37.5000 2705.7976   15.2818
    0.0000   15.0000   37.5000 2713.8992   14.9419
    7.5000   15.0000   37.5000 2707.3486   15.0063
   -7.5000   22.5000   37.5000 2703.8335   15.5359
    0.0000   22.5000   37.5000 2716.5557   15.2904
    7.5000   22.5000   37.5000 2716.5879   15.3462
   -7.5000   30.0000   37.5000 2668.6743   16.1471
    0.0000   30.0000   37.5000 2690.3987   15.9219
    7.5000   30.0000   37.5000 2691.8108   16.0132
   -7.5000   37.5000   37.5000 2615.3499   17.0987
    0.0000   37.5000   37.5000 2633.9270   16.8769
    7.5000   37.5000   37.5000 2632.2300   16.9628
   -7.5000   45.0000   37.5000 2529.6943   18.2815
    0.0000   45.0000   37.5000 2558.0034   18.0944
    7.5000   45.0000   37.5000 2550.2407   18.1374
   -7.5000  -45.0000   45.0000 1994.5232   28.6209
    0.0000  -45.0000   45.0000 1999.1028   28.2704
    7.5000  -45.0000   45.0000 1989.0388   28.2264
   -7.5000  -37.5000   45.0000 2130.1208   25.3437
    0.0000  -37.5000   45.0000 2127.5378   24.8088
    7.5000  -37.5000   45.0000 2115.7646   24.7321
   -7.5000  -30.0000   45.0000 2255.8381   22.8163
    0.0000  -30.0000   45.0000 2252.2729   22.2265
    7.5000  -30.0000   45.0000 2236.1118   22.1233
   -7.5000  -22.5000   45.0000 2371.2715   20.8226
    0.0000  -22.5000   45.0000 2361.8164   20.2956
    7.5000  -22.5000   45.0000 2345.3298   20.2653
   -7.5000  -15.0000   45.0000 2457.8896   19.2009
    0.0000  -15.0000   45.0000 2451.5950   18.7785
    7.5000  -15.0000   45.0000 2442.4617   18.8634
   -7.5000   -7.5000   45.0000 2527.9077   17.9526
    0.0000   -7.5000   45.0000 2529.5042   17.4648
    7.5000   -7.5000   45.0000 2514.9492   17.5311
   -7.5000    0.0000   45.0000 2576.7566   16.9202
    0.0000    0.0000   45.0000 2578.2896   16.3642
    7.5000    0.0000   45.0000 2567.5217   16.4779
   -7.5000    7.5000   45.0000 2621.0098   16.3320
    0.0000    7.5000   45.0000 2623.5024   15.8643
    7.5000    7.5000   45.0000 2617.3418   15.9586
   -7.5000   15.0000   45.0000 2628.7844   16.1625
    0.0000   15.0000   45.0000 2639.6265   15.8348
    7.5000   15.0000   45.0000 2631.4844   15.8617
   -7.5000   22.5000   45.0000 2627.2056   16.4163
    0.0000   22.5000   45.0000 2638.2229   16.1385
    7.5000   22.5000   45.0000 2638.9155   16.1958
   -7.5000   30.0000   45.0000 2599.6482   17.0322
    0.0000   30.0000   45.0000 2617.1848   16.7425
    7.5000   30.0000   45.0000 2621.1138   16.8319
   -7.5000   37.5000   45.0000 2554.1284   17.9541
    0.0000   37.5000   45.0000 2574.7490   17.6493
    7.5000   37.5000   45.0000 2573.0466   17.7522
   -7.5000   45.0000   45.0000 2469.2534   19.1586
    0.0000   45.0000   45.0000 2490.2034   18.8734
    7.5000   45.0000   45.0000 2485.0369   18.9600
   -7.5000  -45.0000   52.5000 1932.7957   30.6651
    0.0000  -45.0000   52.5000 1929.7336   30.0446
    7.5000  -45.0000   52.5000 1915.7822   29.9048
   -7.5000  -37.5000   52.5000 2071.7014   27.0017
    0.0000  -37.5000   52.5000 2066.0061   26.2526
    7.5000  -37.5000   52.5000 2045.9098   26.0634
   -7.5000  -30.0000   52.5000 2195.1501   24.2384
    0.0000  -30.0000   52.5000 2189.7935   23.4965
    7.5000  -30.0000   52.5000 2166.1707   23.3219
   -7.5000  -22.5000   52.5000 2302.3889   22.1492
    0.0000  -22.5000   52.5000 2293.9106   21.4619
    7.5000  -22.5000   52.5000 2273.2236   21.4061
   -7.5000  -15.0000   52.5000 2382.1516   20.4447
    0.0000  -15.0000   52.5000 2379.7324   19.8141
    7.5000  -15.0000   52.5000 2363.2039   19.8505
   -7.5000   -7.5000   52.5000 2448.6477   19.0884
    0.0000   -7.5000   52.5000 2448.2590   18.4466
    7.5000   -7.5000   52.5000 2437.3726   18.5198
   -7.5000    0.0000   52.5000 2491.3826   17.9970
    0.0000    0.0000   52.5000 2496.2678   17.4303
    7.5000    0.0000   52.5000 2484.9983   17.5576
   -7.5000    7.5000   52.5000 2532.7920   17.4108
    0.0000    7.5000   52.5000 2542.9788   16.9987
    7.5000    7.5000   52.5000 2531.6726   17.0861
   -7.5000   15.0000   52.5000 2538.3296   17.2422
    0.0000   15.0000   52.5000 2550.0913   16.8921
    7.5000   15.0000   52.5000 2543.4243   16.9529
   -7.5000   22.5000   52.5000 2537.2612   17.5333
    0.0000   22.5000   52.5000 2548.7510   17.2377
    7.5000   22.5000   52.5000 2544.2144   17.2815
   -7.5000   30.0000   52.5000 2515.8057   18.1000
    0.0000   30.0000   52.5000 2538.9092   17.7753
    7.5000   30.0000   52.5000 2539.1494   17.8511
   -7.5000   37.5000   52.5000 2470.4294   18.9662
    0.0000   37.5000   52.5000 2499.3176   18.6142
    7.5000   37.5000   52.5000 2497.4573   18.6961
   -7.5000   45.0000   52.5000 2386.2217   20.1756
    0.0000   45.0000   52.5000 2408.8684   19.8584
    7.5000   45.0000   52.5000 2405.2983   19.9235

---------------------------------------------------------------------
imgreg_4dfp /opt/freesurfer/average/711-2C_as_mni_average_305 /opt/freesurfer/average/711-2B_as_mni_average_305_mask talsrcimg_g11 none talsrcimg_to_711-2C_as_mni_average_305_t4 1283
---------------------------------------------------------------------

freesurfer imgreg_4dfp.c
/opt/freesurfer/average/711-2C_as_mni_average_305.4dfp.img
       256       256       256         1
  1.000000  1.000000  1.000000
orientation T byte_order littleendian
Reading image: /opt/freesurfer/average/711-2C_as_mni_average_305.4dfp.img
dimensions:      256       256       256
mmppix:       1.0000   -1.0000   -1.0000
center:     128.0000 -129.0000 -129.0000
/opt/freesurfer/average/711-2B_as_mni_average_305_mask.4dfp.img
       256       256       256         1
  1.000000  1.000000  1.000000
orientation T byte_order littleendian
Reading mask: /opt/freesurfer/average/711-2B_as_mni_average_305_mask.4dfp.img (2306576 pixels)
talsrcimg_g11.4dfp.img
       256       256       256         1
  1.000000  1.000000  1.000000
orientation T byte_order littleendian
Reading image: talsrcimg_g11.4dfp.img
dimensions:      256       256       256
mmppix:       1.0000   -1.0000   -1.0000
center:     128.0000 -129.0000 -129.0000
rotation matrix determinant  1.000000
fimgreg.f
image alignment mode   1283 decimal      503 hex
parameters
    0.0000    7.5000   15.0000    0.0000    0.0000    0.0000
eta,q 0.91222 14.20704
niter,ni,del,rscale     5    3   12.0000    1.2000
parameter  3  0.725003 ->  0.500000 qaram    1.1500
parameter  4  0.739329 ->  0.500000 qaram    1.1500
parameters
    1.2030    5.7358   11.5500   -3.4500   -2.0768    2.0790
eta,q 0.93165 14.31462
  0.1096  0.0856  0.0774  0.0709  0.0764  0.0804
  0.1039  0.0809  0.0732  0.0711  0.0719  0.0761
  0.0951  0.0797  0.0741  0.0718  0.0691  0.0719
  0.0837  0.0803  0.0799  0.0727  0.0713  0.0692
  0.0811  0.0835  0.0881  0.0748  0.0774  0.0683
  0.0894  0.0918  0.0959  0.0778  0.0846  0.0692
  0.0995  0.0981  0.1025  0.0818  0.0906  0.0717
niter,ni,del,rscale     6    3   12.0000    1.2000
parameters
    1.4998    6.7929   11.3067   -6.1423   -2.7055    2.0534
eta,q 0.93225 14.34180
  0.0996  0.0913  0.0880  0.0694  0.0767  0.0748
  0.0895  0.0790  0.0789  0.0679  0.0725  0.0704
  0.0774  0.0706  0.0709  0.0675  0.0690  0.0681
  0.0683  0.0679  0.0684  0.0683  0.0675  0.0678
  0.0711  0.0695  0.0724  0.0699  0.0694  0.0687
  0.0837  0.0726  0.0806  0.0721  0.0754  0.0709
  0.0969  0.0779  0.0909  0.0744  0.0823  0.0744
niter,ni,del,rscale     5    3   12.0000    1.2000
parameters
    1.6433    7.9156   10.9385   -9.0495   -3.3100    1.6277
eta,q 0.93192 14.43097
  0.0973  0.0905  0.0850  0.0687  0.0781  0.0721
  0.0860  0.0783  0.0758  0.0692  0.0725  0.0693
  0.0751  0.0693  0.0700  0.0679  0.0691  0.0679
  0.0678  0.0675  0.0687  0.0687  0.0682  0.0682
  0.0704  0.0698  0.0716  0.0697  0.0702  0.0692
  0.0829  0.0717  0.0784  0.0715  0.0760  0.0705
  0.0967  0.0764  0.0886  0.0744  0.0831  0.0728
niter,ni,del,rscale     4    3   12.0000    1.2000
parameter  6  0.714150 ->  0.500000 qaram    1.1500
parameters
    1.8360    8.6388   10.4245  -12.2572   -3.6981   -1.8223
eta,q 0.93250 14.39220
  0.0984  0.0872  0.0834  0.0684  0.0803  0.0692
  0.0866  0.0762  0.0743  0.0686  0.0748  0.0676
  0.0756  0.0691  0.0691  0.0693  0.0711  0.0679
  0.0681  0.0678  0.0684  0.0682  0.0692  0.0694
  0.0704  0.0701  0.0714  0.0690  0.0708  0.0710
  0.0827  0.0726  0.0776  0.0706  0.0772  0.0720
  0.0970  0.0782  0.0888  0.0727  0.0840  0.0728
niter,ni,del,rscale     4    3   12.0000    1.2000
parameters
    1.7792    8.8304   10.5505  -13.0255   -3.4478   -0.7663
eta,q 0.93247 14.44028
  0.0977  0.0871  0.0902  0.0727  0.0828  0.0765
  0.0837  0.0764  0.0789  0.0693  0.0763  0.0719
  0.0724  0.0689  0.0710  0.0676  0.0705  0.0684
  0.0675  0.0675  0.0678  0.0678  0.0675  0.0674
  0.0727  0.0717  0.0707  0.0699  0.0680  0.0683
  0.0854  0.0768  0.0781  0.0722  0.0737  0.0701
  0.0982  0.0825  0.0884  0.0736  0.0816  0.0715
niter,ni,del,rscale     3    3   12.0000    1.2000
parameters
    1.8138    8.7854   10.4706  -12.7163   -3.4950   -0.4568
eta,q 0.93228 14.44575
  0.0979  0.0855  0.0886  0.0732  0.0821  0.0746
  0.0844  0.0754  0.0782  0.0693  0.0752  0.0703
  0.0733  0.0685  0.0704  0.0678  0.0701  0.0677
  0.0675  0.0675  0.0675  0.0675  0.0675  0.0676
  0.0722  0.0714  0.0711  0.0683  0.0687  0.0692
  0.0845  0.0772  0.0790  0.0698  0.0755  0.0710
  0.0972  0.0841  0.0893  0.0714  0.0830  0.0721
niter,ni,del,rscale     2    3   12.0000    1.2000
parameters
    1.8328    8.8473   10.4264  -12.6850   -3.5340   -0.3599
eta,q 0.93213 14.44194
  0.0977  0.0854  0.0886  0.0722  0.0822  0.0742
  0.0843  0.0757  0.0782  0.0690  0.0753  0.0700
  0.0733  0.0687  0.0706  0.0679  0.0703  0.0677
  0.0677  0.0677  0.0678  0.0678  0.0678  0.0678
  0.0724  0.0714  0.0712  0.0685  0.0689  0.0695
  0.0846  0.0764  0.0787  0.0699  0.0756  0.0713
  0.0973  0.0830  0.0889  0.0713  0.0831  0.0722
niter,ni,del,rscale     1    3   12.0000    1.2000
parameters
    1.8479    8.8787   10.4144  -12.6830   -3.5558   -0.3233
eta,q 0.93206 14.44040
  0.0977  0.0850  0.0888  0.0720  0.0823  0.0741
  0.0843  0.0755  0.0784  0.0690  0.0754  0.0699
  0.0735  0.0687  0.0708  0.0679  0.0705  0.0677
  0.0679  0.0679  0.0679  0.0679  0.0679  0.0679
  0.0725  0.0715  0.0712  0.0685  0.0689  0.0696
  0.0847  0.0763  0.0786  0.0698  0.0756  0.0713
  0.0973  0.0830  0.0887  0.0713  0.0831  0.0723
registration optimization eta report
parameter search radius
    6.0000    6.0000    6.9000    6.9000    6.0000    6.9000
100000*second partial in parameter space
       79.       44.       43.        8.       41.       11.
  0.0977  0.0850  0.0888  0.0720  0.0823  0.0741
  0.0843  0.0755  0.0784  0.0690  0.0754  0.0699
  0.0735  0.0687  0.0708  0.0679  0.0705  0.0677
  0.0679  0.0679  0.0679  0.0679  0.0679  0.0679
  0.0725  0.0715  0.0712  0.0685  0.0689  0.0696
  0.0847  0.0763  0.0786  0.0698  0.0756  0.0713
  0.0973  0.0830  0.0887  0.0713  0.0831  0.0723
    1.8479    8.8787   10.4144  -12.6830   -3.5558   -0.3233
eta,q 0.93206 14.44040

---------------------------------------------------------------------
imgreg_4dfp /opt/freesurfer/average/711-2C_as_mni_average_305 /opt/freesurfer/average/711-2B_as_mni_average_305_mask talsrcimg_g11 none talsrcimg_to_711-2C_as_mni_average_305_t4 3335
---------------------------------------------------------------------

freesurfer imgreg_4dfp.c
/opt/freesurfer/average/711-2C_as_mni_average_305.4dfp.img
       256       256       256         1
  1.000000  1.000000  1.000000
orientation T byte_order littleendian
Reading image: /opt/freesurfer/average/711-2C_as_mni_average_305.4dfp.img
dimensions:      256       256       256
mmppix:       1.0000   -1.0000   -1.0000
center:     128.0000 -129.0000 -129.0000
/opt/freesurfer/average/711-2B_as_mni_average_305_mask.4dfp.img
       256       256       256         1
  1.000000  1.000000  1.000000
orientation T byte_order littleendian
Reading mask: /opt/freesurfer/average/711-2B_as_mni_average_305_mask.4dfp.img (2306576 pixels)
talsrcimg_g11.4dfp.img
       256       256       256         1
  1.000000  1.000000  1.000000
orientation T byte_order littleendian
Reading image: talsrcimg_g11.4dfp.img
dimensions:      256       256       256
mmppix:       1.0000   -1.0000   -1.0000
center:     128.0000 -129.0000 -129.0000
fimgreg.f
image alignment mode   3335 decimal      D07 hex
parameters
    1.8479    8.8787   10.4144   -0.1941   -2.4339   -2.6278
   -0.8111    6.1745   -0.5633   21.9212   -6.2021  -21.9134
eta,q 0.93302 14.53394
niter,ni,del,rscale     5    3    5.0000    1.2000
parameter  4  1.504725 ->  0.500000 qaram    1.1500
parameter  5  1.629497 ->  0.500000 qaram    1.1500
parameter  6  0.538363 ->  0.500000 qaram    1.1500
parameter 10  0.714507 ->  0.500000 qaram    1.1500
parameter 12 -1.185870 -> -0.500000 qaram    1.1500
parameters
    2.0715    8.6872   10.5354   -4.3341   -6.5739   -6.7678
   -4.1843    5.5330    1.5023   17.7812   -3.4572  -17.7734
eta,q 0.96437 14.74353
  0.0747  0.0702  0.0703  0.0508  0.0394  0.0414  0.0410  0.0468  0.0447  0.0372  0.0410  0.0409
  0.0707  0.0682  0.0685  0.0537  0.0416  0.0407  0.0398  0.0423  0.0423  0.0370  0.0391  0.0394
  0.0681  0.0671  0.0674  0.0588  0.0464  0.0409  0.0397  0.0400  0.0405  0.0377  0.0378  0.0380
  0.0670  0.0670  0.0669  0.0669  0.0548  0.0426  0.0407  0.0396  0.0395  0.0394  0.0371  0.0369
  0.0674  0.0677  0.0671  0.0775  0.0655  0.0476  0.0426  0.0410  0.0394  0.0419  0.0369  0.0361
  0.0692  0.0692  0.0681  0.0892  0.0762  0.0559  0.0456  0.0446  0.0399  0.0456  0.0370  0.0355
  0.0722  0.0712  0.0697  0.1003  0.0856  0.0668  0.0493  0.0498  0.0409  0.0508  0.0375  0.0353
niter,ni,del,rscale     7    3    5.0000    1.2000
parameter  2 -0.793644 -> -0.500000 qaram    1.1500
parameter  3  1.554243 ->  0.500000 qaram    1.1500
parameter  5  0.657086 ->  0.500000 qaram    1.3225
parameter 12 -0.636973 -> -0.500000 qaram    1.3225
parameters
    2.5684   10.0672    9.1554   -8.0398  -11.3349   -4.9248
   -4.7522    5.8006    4.1453   15.2786   -3.6936  -13.0124
eta,q 0.97678 14.50741
  0.0420  0.0453  0.0299  0.0309  0.0262  0.0319  0.0274  0.0323  0.0280  0.0266  0.0253  0.0279
  0.0388  0.0415  0.0305  0.0300  0.0257  0.0296  0.0257  0.0279  0.0265  0.0250  0.0244  0.0262
  0.0367  0.0382  0.0316  0.0297  0.0264  0.0276  0.0248  0.0254  0.0253  0.0240  0.0240  0.0249
  0.0356  0.0354  0.0329  0.0308  0.0297  0.0257  0.0246  0.0246  0.0246  0.0242  0.0240  0.0240
  0.0355  0.0336  0.0346  0.0346  0.0375  0.0241  0.0252  0.0251  0.0242  0.0261  0.0242  0.0234
  0.0364  0.0329  0.0367  0.0433  0.0487  0.0241  0.0265  0.0271  0.0244  0.0297  0.0246  0.0232
  0.0382  0.0334  0.0389  0.0566  0.0601  0.0295  0.0283  0.0313  0.0252  0.0346  0.0254  0.0235
niter,ni,del,rscale     7    3    5.0000    1.2000
parameter  2 -0.722986 -> -0.500000 qaram    1.3225
parameter  3  0.598650 ->  0.500000 qaram    1.3225
parameters
    2.3704   11.6542    7.5684   -9.1834  -14.1836   -6.2339
   -5.3597    5.7459    4.3922   15.5965   -4.2209  -15.6232
eta,q 0.97872 14.31180
  0.0263  0.0333  0.0205  0.0243  0.0256  0.0255  0.0239  0.0273  0.0235  0.0259  0.0222  0.0223
  0.0244  0.0293  0.0201  0.0225  0.0231  0.0237  0.0225  0.0237  0.0224  0.0237  0.0217  0.0215
  0.0234  0.0259  0.0202  0.0210  0.0210  0.0222  0.0217  0.0220  0.0218  0.0223  0.0214  0.0213
  0.0232  0.0232  0.0208  0.0201  0.0204  0.0209  0.0215  0.0215  0.0215  0.0215  0.0214  0.0214
  0.0238  0.0214  0.0219  0.0202  0.0238  0.0204  0.0220  0.0221  0.0216  0.0215  0.0216  0.0220
  0.0253  0.0208  0.0233  0.0230  0.0338  0.0249  0.0232  0.0239  0.0222  0.0228  0.0219  0.0230
  0.0274  0.0215  0.0251  0.0309  0.0473  0.0350  0.0248  0.0275  0.0233  0.0258  0.0224  0.0243
niter,ni,del,rscale     7    3    5.0000    1.2000
parameters
    2.2161   12.4466    7.2880   -7.6779  -15.6546   -6.8666
   -5.4611    5.7588    4.3871   16.8992   -3.6128  -17.2276
eta,q 0.97896 14.31501
  0.0241  0.0284  0.0227  0.0256  0.0272  0.0257  0.0240  0.0275  0.0231  0.0257  0.0224  0.0223
  0.0224  0.0251  0.0215  0.0237  0.0245  0.0238  0.0225  0.0236  0.0221  0.0234  0.0216  0.0215
  0.0215  0.0227  0.0209  0.0221  0.0220  0.0223  0.0215  0.0217  0.0215  0.0220  0.0212  0.0211
  0.0213  0.0213  0.0209  0.0208  0.0203  0.0210  0.0213  0.0213  0.0213  0.0213  0.0211  0.0211
  0.0218  0.0209  0.0213  0.0199  0.0207  0.0199  0.0216  0.0218  0.0214  0.0211  0.0212  0.0215
  0.0230  0.0217  0.0221  0.0202  0.0267  0.0227  0.0225  0.0236  0.0220  0.0218  0.0214  0.0223
  0.0249  0.0238  0.0234  0.0240  0.0386  0.0309  0.0241  0.0274  0.0232  0.0236  0.0219  0.0234
niter,ni,del,rscale     6    3    5.0000    1.2000
parameters
    2.2213   12.8061    7.0523   -7.8280  -16.1516   -6.9710
   -5.5765    5.5956    4.2163   17.6125   -3.1781  -17.7243
eta,q 0.97871 14.29337
  0.0243  0.0264  0.0228  0.0252  0.0284  0.0263  0.0239  0.0271  0.0229  0.0250  0.0224  0.0228
  0.0225  0.0237  0.0216  0.0235  0.0256  0.0244  0.0225  0.0234  0.0221  0.0230  0.0217  0.0219
  0.0214  0.0219  0.0210  0.0221  0.0231  0.0227  0.0216  0.0217  0.0215  0.0218  0.0214  0.0214
  0.0210  0.0210  0.0210  0.0209  0.0210  0.0213  0.0213  0.0213  0.0213  0.0213  0.0213  0.0213
  0.0214  0.0212  0.0214  0.0202  0.0203  0.0200  0.0217  0.0219  0.0215  0.0214  0.0214  0.0216
  0.0225  0.0223  0.0222  0.0216  0.0239  0.0218  0.0226  0.0237  0.0221  0.0221  0.0216  0.0222
  0.0242  0.0245  0.0234  0.0278  0.0339  0.0295  0.0241  0.0277  0.0232  0.0240  0.0220  0.0231
niter,ni,del,rscale     5    3    5.0000    1.2000
parameters
    2.1951   12.9786    6.8719   -7.7202  -16.3406   -7.1922
   -5.5913    5.4461    4.0207   17.9534   -2.8280  -17.9055
eta,q 0.97856 14.28347
  0.0244  0.0258  0.0232  0.0256  0.0287  0.0264  0.0241  0.0272  0.0230  0.0247  0.0225  0.0230
  0.0226  0.0234  0.0220  0.0239  0.0259  0.0245  0.0226  0.0236  0.0222  0.0229  0.0218  0.0221
  0.0216  0.0219  0.0214  0.0225  0.0234  0.0228  0.0217  0.0218  0.0216  0.0218  0.0215  0.0216
  0.0213  0.0213  0.0213  0.0213  0.0212  0.0213  0.0214  0.0214  0.0214  0.0214  0.0214  0.0214
  0.0217  0.0216  0.0216  0.0205  0.0203  0.0200  0.0217  0.0220  0.0216  0.0216  0.0216  0.0217
  0.0227  0.0228  0.0224  0.0216  0.0232  0.0221  0.0226  0.0238  0.0222  0.0223  0.0218  0.0222
  0.0245  0.0250  0.0235  0.0273  0.0327  0.0301  0.0241  0.0279  0.0232  0.0243  0.0222  0.0231
niter,ni,del,rscale     4    3    5.0000    1.2000
parameters
    2.1745   13.0786    6.7507   -7.6668  -16.4555   -7.3320
   -5.5628    5.3392    3.8613   18.1809   -2.5990  -17.9684
eta,q 0.97846 14.27628
  0.0245  0.0256  0.0233  0.0257  0.0288  0.0265  0.0242  0.0274  0.0230  0.0246  0.0225  0.0231
  0.0227  0.0234  0.0222  0.0240  0.0261  0.0247  0.0227  0.0237  0.0222  0.0229  0.0218  0.0222
  0.0217  0.0220  0.0216  0.0226  0.0236  0.0230  0.0218  0.0220  0.0217  0.0219  0.0216  0.0217
  0.0214  0.0214  0.0214  0.0214  0.0214  0.0215  0.0215  0.0215  0.0215  0.0215  0.0215  0.0215
  0.0218  0.0218  0.0217  0.0207  0.0204  0.0202  0.0218  0.0220  0.0217  0.0217  0.0217  0.0218
  0.0228  0.0230  0.0225  0.0218  0.0231  0.0221  0.0227  0.0238  0.0223  0.0224  0.0219  0.0223
  0.0246  0.0252  0.0236  0.0276  0.0325  0.0299  0.0241  0.0279  0.0232  0.0245  0.0223  0.0231
niter,ni,del,rscale     3    3    5.0000    1.2000
parameters
    2.1571   13.1467    6.6652   -7.6340  -16.5378   -7.4348
   -5.5397    5.2642    3.7417   18.3398   -2.4310  -18.0048
eta,q 0.97837 14.27050
  0.0246  0.0256  0.0235  0.0257  0.0288  0.0266  0.0242  0.0275  0.0231  0.0246  0.0225  0.0232
  0.0228  0.0234  0.0223  0.0241  0.0261  0.0247  0.0228  0.0238  0.0223  0.0229  0.0219  0.0223
  0.0218  0.0220  0.0217  0.0227  0.0237  0.0230  0.0219  0.0221  0.0218  0.0219  0.0216  0.0218
  0.0215  0.0215  0.0215  0.0215  0.0215  0.0216  0.0216  0.0216  0.0216  0.0216  0.0216  0.0216
  0.0219  0.0219  0.0218  0.0208  0.0205  0.0203  0.0219  0.0221  0.0218  0.0218  0.0217  0.0218
  0.0229  0.0231  0.0225  0.0219  0.0231  0.0221  0.0228  0.0239  0.0223  0.0225  0.0220  0.0223
  0.0246  0.0253  0.0236  0.0277  0.0324  0.0299  0.0242  0.0279  0.0233  0.0246  0.0224  0.0232
niter,ni,del,rscale     2    3    5.0000    1.2000
parameters
    2.1446   13.1986    6.6056   -7.6103  -16.6055   -7.5070
   -5.5196    5.2091    3.6520   18.4650   -2.3212  -18.0315
eta,q 0.97831 14.26618
  0.0247  0.0255  0.0236  0.0258  0.0288  0.0267  0.0243  0.0276  0.0232  0.0246  0.0226  0.0232
  0.0229  0.0234  0.0224  0.0241  0.0262  0.0248  0.0228  0.0239  0.0224  0.0230  0.0220  0.0223
  0.0219  0.0221  0.0218  0.0228  0.0237  0.0231  0.0220  0.0222  0.0219  0.0220  0.0217  0.0219
  0.0216  0.0216  0.0216  0.0216  0.0216  0.0217  0.0217  0.0217  0.0217  0.0217  0.0217  0.0217
  0.0220  0.0220  0.0219  0.0209  0.0206  0.0203  0.0220  0.0221  0.0219  0.0218  0.0218  0.0219
  0.0230  0.0232  0.0226  0.0220  0.0231  0.0221  0.0228  0.0239  0.0224  0.0226  0.0220  0.0224
  0.0247  0.0253  0.0236  0.0278  0.0323  0.0298  0.0242  0.0279  0.0233  0.0246  0.0224  0.0232
niter,ni,del,rscale     1    3    5.0000    1.2000
parameters
    2.1356   13.2396    6.5579   -7.5947  -16.6572   -7.5669
   -5.5059    5.1706    3.5824   18.5664   -2.2346  -18.0598
eta,q 0.97826 14.26270
  0.0247  0.0255  0.0236  0.0258  0.0289  0.0267  0.0243  0.0277  0.0232  0.0246  0.0226  0.0233
  0.0230  0.0234  0.0225  0.0242  0.0262  0.0249  0.0229  0.0240  0.0224  0.0230  0.0220  0.0224
  0.0220  0.0222  0.0219  0.0229  0.0238  0.0232  0.0220  0.0222  0.0219  0.0220  0.0218  0.0219
  0.0217  0.0217  0.0217  0.0217  0.0217  0.0217  0.0217  0.0217  0.0217  0.0217  0.0217  0.0217
  0.0221  0.0221  0.0220  0.0209  0.0206  0.0204  0.0220  0.0221  0.0219  0.0219  0.0219  0.0219
  0.0231  0.0233  0.0226  0.0221  0.0232  0.0221  0.0229  0.0239  0.0224  0.0226  0.0221  0.0224
  0.0247  0.0254  0.0237  0.0278  0.0323  0.0298  0.0243  0.0279  0.0233  0.0247  0.0225  0.0233
registration optimization eta report
parameter search radius
    2.4000    3.1740    3.1740    8.2800    9.5220    8.2800
    7.2000    7.2000    7.2000    8.2800    7.2000    9.5220
100000*second partial in parameter space
       53.       37.       19.        8.       10.       10.
        5.       12.        3.        4.        2.        2.
  0.0247  0.0255  0.0236  0.0258  0.0289  0.0267  0.0243  0.0277  0.0232  0.0246  0.0226  0.0233
  0.0230  0.0234  0.0225  0.0242  0.0262  0.0249  0.0229  0.0240  0.0224  0.0230  0.0220  0.0224
  0.0220  0.0222  0.0219  0.0229  0.0238  0.0232  0.0220  0.0222  0.0219  0.0220  0.0218  0.0219
  0.0217  0.0217  0.0217  0.0217  0.0217  0.0217  0.0217  0.0217  0.0217  0.0217  0.0217  0.0217
  0.0221  0.0221  0.0220  0.0209  0.0206  0.0204  0.0220  0.0221  0.0219  0.0219  0.0219  0.0219
  0.0231  0.0233  0.0226  0.0221  0.0232  0.0221  0.0229  0.0239  0.0224  0.0226  0.0221  0.0224
  0.0247  0.0254  0.0237  0.0278  0.0323  0.0298  0.0243  0.0279  0.0233  0.0247  0.0225  0.0233
    2.1356   13.2396    6.5579   -7.5947  -16.6572   -7.5669
   -5.5059    5.1706    3.5824   18.5664   -2.2346  -18.0598
eta,q 0.97826 14.26270

---------------------------------------------------------------------
imgreg_4dfp /opt/freesurfer/average/711-2C_as_mni_average_305 /opt/freesurfer/average/711-2B_as_mni_average_305_mask talsrcimg_g11 none talsrcimg_to_711-2C_as_mni_average_305_t4 2311
---------------------------------------------------------------------

freesurfer imgreg_4dfp.c
/opt/freesurfer/average/711-2C_as_mni_average_305.4dfp.img
       256       256       256         1
  1.000000  1.000000  1.000000
orientation T byte_order littleendian
Reading image: /opt/freesurfer/average/711-2C_as_mni_average_305.4dfp.img
dimensions:      256       256       256
mmppix:       1.0000   -1.0000   -1.0000
center:     128.0000 -129.0000 -129.0000
/opt/freesurfer/average/711-2B_as_mni_average_305_mask.4dfp.img
       256       256       256         1
  1.000000  1.000000  1.000000
orientation T byte_order littleendian
Reading mask: /opt/freesurfer/average/711-2B_as_mni_average_305_mask.4dfp.img (2306576 pixels)
talsrcimg_g11.4dfp.img
       256       256       256         1
  1.000000  1.000000  1.000000
orientation T byte_order littleendian
Reading image: talsrcimg_g11.4dfp.img
dimensions:      256       256       256
mmppix:       1.0000   -1.0000   -1.0000
center:     128.0000 -129.0000 -129.0000
fimgreg.f
image alignment mode   2311 decimal      907 hex
parameters
    2.1356   13.2396    6.5579   -7.5947  -16.6572   -7.5669
   -5.5059    5.1706    3.5824   18.5664   -2.2346  -18.0598
eta,q 0.97826 14.26270
niter,ni,del,rscale     5    3    5.0000    0.8000
parameter  4 -0.671374 -> -0.500000 qaram    1.1500
parameters
    2.1092   13.2998    6.4362   -4.8347  -14.2723   -6.7567
   -5.5371    5.1208    3.4041   18.3854   -2.0028  -17.5910
eta,q 0.98011 14.48940
  0.0230  0.0227  0.0222  0.0239  0.0243  0.0230  0.0220  0.0251  0.0213  0.0214  0.0213  0.0207
  0.0223  0.0222  0.0219  0.0231  0.0231  0.0219  0.0208  0.0222  0.0205  0.0206  0.0205  0.0203
  0.0219  0.0219  0.0218  0.0224  0.0220  0.0210  0.0201  0.0204  0.0200  0.0201  0.0200  0.0200
  0.0217  0.0217  0.0217  0.0217  0.0210  0.0202  0.0199  0.0199  0.0199  0.0199  0.0199  0.0199
  0.0219  0.0218  0.0218  0.0212  0.0203  0.0197  0.0201  0.0205  0.0201  0.0200  0.0200  0.0199
  0.0224  0.0221  0.0220  0.0210  0.0202  0.0200  0.0208  0.0223  0.0206  0.0206  0.0204  0.0201
  0.0231  0.0226  0.0223  0.0215  0.0212  0.0221  0.0221  0.0253  0.0215  0.0218  0.0210  0.0205
niter,ni,del,rscale     5    3    5.0000    0.8000
parameters
    2.1676   12.8697    6.9201   -6.3076  -14.3408   -5.2768
   -5.4918    5.2350    3.6259   17.8573   -2.1581  -17.4041
eta,q 0.98084 14.49837
  0.0224  0.0206  0.0213  0.0214  0.0226  0.0229  0.0210  0.0243  0.0205  0.0206  0.0203  0.0200
  0.0210  0.0201  0.0205  0.0206  0.0215  0.0218  0.0200  0.0215  0.0198  0.0199  0.0196  0.0196
  0.0202  0.0198  0.0200  0.0200  0.0205  0.0208  0.0194  0.0198  0.0193  0.0193  0.0192  0.0193
  0.0199  0.0199  0.0198  0.0197  0.0199  0.0199  0.0192  0.0192  0.0192  0.0191  0.0192  0.0192
  0.0201  0.0203  0.0197  0.0205  0.0198  0.0191  0.0193  0.0196  0.0192  0.0194  0.0194  0.0192
  0.0208  0.0212  0.0198  0.0230  0.0209  0.0191  0.0199  0.0211  0.0196  0.0202  0.0197  0.0195
  0.0220  0.0224  0.0201  0.0283  0.0236  0.0211  0.0209  0.0239  0.0203  0.0217  0.0203  0.0199
niter,ni,del,rscale     4    3    5.0000    0.7000
parameters
    2.1578   12.6951    7.1336   -6.7692  -13.9357   -5.0985
   -5.5085    5.3152    3.8689   17.7191   -2.6414  -17.1282
eta,q 0.98099 14.50738
  0.0207  0.0200  0.0201  0.0211  0.0217  0.0216  0.0204  0.0226  0.0201  0.0204  0.0197  0.0197
  0.0198  0.0195  0.0196  0.0203  0.0207  0.0207  0.0196  0.0206  0.0196  0.0197  0.0192  0.0194
  0.0193  0.0192  0.0193  0.0196  0.0198  0.0199  0.0192  0.0195  0.0192  0.0193  0.0190  0.0191
  0.0192  0.0192  0.0191  0.0191  0.0192  0.0191  0.0190  0.0190  0.0190  0.0190  0.0190  0.0190
  0.0193  0.0194  0.0192  0.0192  0.0191  0.0187  0.0192  0.0193  0.0191  0.0191  0.0192  0.0191
  0.0199  0.0199  0.0193  0.0203  0.0196  0.0194  0.0196  0.0204  0.0194  0.0197  0.0195  0.0192
  0.0208  0.0206  0.0196  0.0229  0.0213  0.0221  0.0204  0.0224  0.0199  0.0208  0.0199  0.0196
niter,ni,del,rscale     3    3    5.0000    0.6000
parameters
    2.1466   12.5949    7.1525   -6.7078  -13.7136   -4.8667
   -5.5785    5.4530    3.9938   17.6000   -2.8566  -17.0772
eta,q 0.98115 14.52190
  0.0201  0.0198  0.0196  0.0206  0.0209  0.0210  0.0199  0.0218  0.0196  0.0200  0.0194  0.0194
  0.0195  0.0193  0.0192  0.0200  0.0201  0.0203  0.0193  0.0202  0.0192  0.0194  0.0191  0.0191
  0.0191  0.0191  0.0190  0.0194  0.0194  0.0196  0.0190  0.0192  0.0190  0.0190  0.0189  0.0189
  0.0190  0.0190  0.0190  0.0190  0.0190  0.0189  0.0189  0.0189  0.0188  0.0188  0.0189  0.0188
  0.0191  0.0192  0.0191  0.0189  0.0189  0.0186  0.0190  0.0191  0.0189  0.0190  0.0190  0.0189
  0.0195  0.0195  0.0192  0.0195  0.0195  0.0192  0.0193  0.0199  0.0191  0.0194  0.0192  0.0191
  0.0201  0.0201  0.0195  0.0209  0.0208  0.0211  0.0199  0.0214  0.0196  0.0202  0.0196  0.0194
niter,ni,del,rscale     2    3    5.0000    0.5000
parameters
    2.1623   12.5510    7.2390   -6.6101  -13.5697   -4.5362
   -5.6456    5.5593    4.0583   17.5445   -2.9479  -17.0746
eta,q 0.98131 14.53849
  0.0197  0.0194  0.0193  0.0201  0.0202  0.0204  0.0194  0.0209  0.0193  0.0196  0.0192  0.0191
  0.0192  0.0191  0.0191  0.0195  0.0196  0.0199  0.0190  0.0197  0.0190  0.0191  0.0189  0.0189
  0.0189  0.0189  0.0189  0.0191  0.0191  0.0193  0.0188  0.0190  0.0188  0.0188  0.0187  0.0187
  0.0188  0.0188  0.0188  0.0188  0.0188  0.0188  0.0187  0.0187  0.0187  0.0187  0.0187  0.0187
  0.0189  0.0189  0.0189  0.0188  0.0188  0.0186  0.0188  0.0189  0.0187  0.0188  0.0188  0.0187
  0.0192  0.0192  0.0190  0.0192  0.0192  0.0189  0.0191  0.0195  0.0189  0.0191  0.0190  0.0189
  0.0196  0.0196  0.0192  0.0202  0.0202  0.0202  0.0195  0.0206  0.0192  0.0197  0.0192  0.0191
niter,ni,del,rscale     1    3    5.0000    0.4000
parameters
    2.1795   12.5319    7.3662   -6.5665  -13.4730   -4.1832
   -5.6861    5.6375    4.0864   17.5127   -2.9778  -17.0800
eta,q 0.98142 14.55268
  0.0193  0.0191  0.0191  0.0195  0.0196  0.0199  0.0191  0.0201  0.0189  0.0192  0.0189  0.0188
  0.0190  0.0189  0.0189  0.0191  0.0192  0.0194  0.0188  0.0193  0.0188  0.0189  0.0187  0.0187
  0.0188  0.0187  0.0187  0.0189  0.0189  0.0190  0.0186  0.0188  0.0186  0.0187  0.0186  0.0186
  0.0187  0.0187  0.0187  0.0187  0.0187  0.0187  0.0186  0.0186  0.0186  0.0186  0.0186  0.0186
  0.0187  0.0187  0.0187  0.0187  0.0187  0.0185  0.0186  0.0187  0.0186  0.0186  0.0186  0.0186
  0.0189  0.0189  0.0188  0.0190  0.0190  0.0188  0.0188  0.0191  0.0187  0.0189  0.0188  0.0187
  0.0192  0.0192  0.0189  0.0196  0.0196  0.0195  0.0191  0.0199  0.0189  0.0193  0.0189  0.0189
registration optimization eta report
parameter search radius
    0.8000    0.8000    0.8000    2.7600    2.4000    2.4000
    2.4000    2.4000    2.4000    2.4000    2.4000    2.4000
100000*second partial in parameter space
       85.       69.       46.       11.       16.       18.
        9.       24.        6.       11.        6.        5.
  0.0193  0.0191  0.0191  0.0195  0.0196  0.0199  0.0191  0.0201  0.0189  0.0192  0.0189  0.0188
  0.0190  0.0189  0.0189  0.0191  0.0192  0.0194  0.0188  0.0193  0.0188  0.0189  0.0187  0.0187
  0.0188  0.0187  0.0187  0.0189  0.0189  0.0190  0.0186  0.0188  0.0186  0.0187  0.0186  0.0186
  0.0187  0.0187  0.0187  0.0187  0.0187  0.0187  0.0186  0.0186  0.0186  0.0186  0.0186  0.0186
  0.0187  0.0187  0.0187  0.0187  0.0187  0.0185  0.0186  0.0187  0.0186  0.0186  0.0186  0.0186
  0.0189  0.0189  0.0188  0.0190  0.0190  0.0188  0.0188  0.0191  0.0187  0.0189  0.0188  0.0187
  0.0192  0.0192  0.0189  0.0196  0.0196  0.0195  0.0191  0.0199  0.0189  0.0193  0.0189  0.0189
    2.1795   12.5319    7.3662   -6.5665  -13.4730   -4.1832
   -5.6861    5.6375    4.0864   17.5127   -2.9778  -17.0800
eta,q 0.98142 14.55268

---------------------------------------------------------------------
imgreg_4dfp /opt/freesurfer/average/711-2C_as_mni_average_305 /opt/freesurfer/average/711-2B_as_mni_average_305_mask talsrcimg_g11 none talsrcimg_to_711-2C_as_mni_average_305_t4 2311
---------------------------------------------------------------------

freesurfer imgreg_4dfp.c
/opt/freesurfer/average/711-2C_as_mni_average_305.4dfp.img
       256       256       256         1
  1.000000  1.000000  1.000000
orientation T byte_order littleendian
Reading image: /opt/freesurfer/average/711-2C_as_mni_average_305.4dfp.img
dimensions:      256       256       256
mmppix:       1.0000   -1.0000   -1.0000
center:     128.0000 -129.0000 -129.0000
/opt/freesurfer/average/711-2B_as_mni_average_305_mask.4dfp.img
       256       256       256         1
  1.000000  1.000000  1.000000
orientation T byte_order littleendian
Reading mask: /opt/freesurfer/average/711-2B_as_mni_average_305_mask.4dfp.img (2306576 pixels)
talsrcimg_g11.4dfp.img
       256       256       256         1
  1.000000  1.000000  1.000000
orientation T byte_order littleendian
Reading image: talsrcimg_g11.4dfp.img
dimensions:      256       256       256
mmppix:       1.0000   -1.0000   -1.0000
center:     128.0000 -129.0000 -129.0000
fimgreg.f
image alignment mode   2311 decimal      907 hex
parameters
    2.1795   12.5319    7.3662   -6.5665  -13.4730   -4.1832
   -5.6861    5.6375    4.0864   17.5127   -2.9778  -17.0800
eta,q 0.98142 14.55268
niter,ni,del,rscale     5    3    5.0000    0.8000
parameters
    2.1984   12.4802    7.5923   -7.2711  -14.0194   -4.7350
   -5.5843    5.5761    4.1727   17.3432   -3.1224  -16.7652
eta,q 0.98096 14.50203
  0.0209  0.0203  0.0203  0.0204  0.0212  0.0216  0.0208  0.0230  0.0203  0.0208  0.0199  0.0199
  0.0196  0.0193  0.0193  0.0196  0.0201  0.0206  0.0198  0.0208  0.0196  0.0199  0.0194  0.0195
  0.0188  0.0188  0.0188  0.0189  0.0192  0.0196  0.0193  0.0194  0.0192  0.0193  0.0191  0.0192
  0.0186  0.0186  0.0186  0.0186  0.0187  0.0188  0.0190  0.0190  0.0190  0.0190  0.0190  0.0190
  0.0188  0.0188  0.0187  0.0188  0.0190  0.0187  0.0192  0.0195  0.0191  0.0192  0.0192  0.0191
  0.0195  0.0194  0.0190  0.0201  0.0205  0.0208  0.0197  0.0208  0.0195  0.0199  0.0195  0.0193
  0.0208  0.0205  0.0195  0.0228  0.0238  0.0251  0.0207  0.0233  0.0202  0.0212  0.0200  0.0197
niter,ni,del,rscale     4    3    5.0000    0.7000
parameters
    2.1937   12.5207    7.2528   -6.8248  -13.8552   -5.0184
   -5.6426    5.6149    4.1553   17.4102   -3.0932  -16.9338
eta,q 0.98104 14.50912
  0.0205  0.0203  0.0194  0.0208  0.0213  0.0212  0.0203  0.0225  0.0199  0.0205  0.0198  0.0196
  0.0197  0.0196  0.0191  0.0200  0.0203  0.0204  0.0196  0.0205  0.0194  0.0198  0.0193  0.0192
  0.0192  0.0192  0.0190  0.0194  0.0195  0.0195  0.0191  0.0194  0.0191  0.0193  0.0190  0.0190
  0.0190  0.0190  0.0190  0.0190  0.0189  0.0188  0.0190  0.0190  0.0190  0.0190  0.0190  0.0190
  0.0192  0.0191  0.0192  0.0188  0.0188  0.0187  0.0191  0.0193  0.0191  0.0190  0.0191  0.0191
  0.0197  0.0195  0.0196  0.0192  0.0195  0.0200  0.0196  0.0204  0.0194  0.0196  0.0193  0.0193
  0.0205  0.0202  0.0200  0.0204  0.0214  0.0232  0.0204  0.0224  0.0200  0.0205  0.0197  0.0197
niter,ni,del,rscale     3    3    5.0000    0.6000
parameters
    2.1940   12.5357    7.2139   -6.5554  -13.7112   -4.8534
   -5.6787    5.6286    4.1354   17.4751   -3.0398  -17.0193
eta,q 0.98118 14.52693
  0.0201  0.0199  0.0195  0.0203  0.0208  0.0209  0.0199  0.0216  0.0196  0.0200  0.0195  0.0193
  0.0195  0.0194  0.0192  0.0198  0.0200  0.0202  0.0193  0.0201  0.0192  0.0195  0.0191  0.0190
  0.0191  0.0191  0.0190  0.0193  0.0193  0.0195  0.0189  0.0191  0.0189  0.0190  0.0189  0.0189
  0.0190  0.0190  0.0190  0.0190  0.0189  0.0189  0.0188  0.0188  0.0188  0.0188  0.0188  0.0188
  0.0191  0.0190  0.0190  0.0189  0.0189  0.0186  0.0189  0.0191  0.0189  0.0189  0.0189  0.0189
  0.0195  0.0193  0.0192  0.0192  0.0195  0.0192  0.0193  0.0200  0.0191  0.0193  0.0191  0.0191
  0.0201  0.0199  0.0195  0.0202  0.0208  0.0212  0.0199  0.0216  0.0196  0.0201  0.0195  0.0194
niter,ni,del,rscale     2    3    5.0000    0.5000
parameters
    2.2013   12.5368    7.2851   -6.4689  -13.5926   -4.5207
   -5.7065    5.6511    4.1176   17.4963   -3.0038  -17.0559
eta,q 0.98132 14.54286
  0.0196  0.0195  0.0193  0.0198  0.0202  0.0204  0.0194  0.0208  0.0192  0.0196  0.0192  0.0191
  0.0192  0.0191  0.0190  0.0194  0.0196  0.0198  0.0190  0.0196  0.0189  0.0192  0.0189  0.0189
  0.0189  0.0189  0.0189  0.0190  0.0191  0.0193  0.0188  0.0189  0.0188  0.0188  0.0187  0.0187
  0.0188  0.0188  0.0188  0.0188  0.0188  0.0188  0.0187  0.0187  0.0187  0.0187  0.0187  0.0187
  0.0189  0.0189  0.0189  0.0188  0.0188  0.0186  0.0188  0.0189  0.0187  0.0187  0.0187  0.0187
  0.0192  0.0191  0.0190  0.0191  0.0192  0.0189  0.0190  0.0196  0.0189  0.0191  0.0189  0.0189
  0.0196  0.0195  0.0192  0.0198  0.0202  0.0202  0.0195  0.0207  0.0193  0.0196  0.0192  0.0191
niter,ni,del,rscale     1    3    5.0000    0.4000
parameters
    2.2059   12.5318    7.4003   -6.4578  -13.4960   -4.1690
   -5.7190    5.6789    4.1127   17.4916   -2.9904  -17.0836
eta,q 0.98142 14.55588
  0.0192  0.0191  0.0191  0.0193  0.0196  0.0199  0.0191  0.0200  0.0189  0.0192  0.0190  0.0188
  0.0189  0.0189  0.0189  0.0190  0.0192  0.0194  0.0188  0.0192  0.0187  0.0189  0.0187  0.0187
  0.0187  0.0187  0.0187  0.0188  0.0189  0.0190  0.0186  0.0187  0.0186  0.0187  0.0186  0.0186
  0.0187  0.0187  0.0187  0.0187  0.0187  0.0187  0.0186  0.0186  0.0186  0.0186  0.0186  0.0186
  0.0187  0.0187  0.0187  0.0187  0.0187  0.0185  0.0186  0.0187  0.0186  0.0186  0.0186  0.0186
  0.0189  0.0189  0.0188  0.0189  0.0190  0.0187  0.0188  0.0192  0.0187  0.0188  0.0187  0.0187
  0.0192  0.0191  0.0189  0.0194  0.0196  0.0195  0.0191  0.0200  0.0189  0.0192  0.0189  0.0188
registration optimization eta report
parameter search radius
    0.8000    0.8000    0.8000    2.4000    2.4000    2.4000
    2.4000    2.4000    2.4000    2.4000    2.4000    2.4000
100000*second partial in parameter space
       85.       69.       45.       12.       16.       18.
        9.       24.        6.       11.        6.        5.
  0.0192  0.0191  0.0191  0.0193  0.0196  0.0199  0.0191  0.0200  0.0189  0.0192  0.0190  0.0188
  0.0189  0.0189  0.0189  0.0190  0.0192  0.0194  0.0188  0.0192  0.0187  0.0189  0.0187  0.0187
  0.0187  0.0187  0.0187  0.0188  0.0189  0.0190  0.0186  0.0187  0.0186  0.0187  0.0186  0.0186
  0.0187  0.0187  0.0187  0.0187  0.0187  0.0187  0.0186  0.0186  0.0186  0.0186  0.0186  0.0186
  0.0187  0.0187  0.0187  0.0187  0.0187  0.0185  0.0186  0.0187  0.0186  0.0186  0.0186  0.0186
  0.0189  0.0189  0.0188  0.0189  0.0190  0.0187  0.0188  0.0192  0.0187  0.0188  0.0187  0.0187
  0.0192  0.0191  0.0189  0.0194  0.0196  0.0195  0.0191  0.0200  0.0189  0.0192  0.0189  0.0188
    2.2059   12.5318    7.4003   -6.4578  -13.4960   -4.1690
   -5.7190    5.6789    4.1127   17.4916   -2.9904  -17.0836
eta,q 0.98142 14.55588

---------------------------------------------------------------------
compute_vox2vox talsrcimg talsrcimg_to_711-2C_as_mni_average_305_t4 /opt/freesurfer/average/711-2C_as_mni_average_305
---------------------------------------------------------------------

freesurfer compute_vox2vox.c
Reading: talsrcimg.4dfp.ifh
Reading: talsrcimg_to_711-2C_as_mni_average_305_t4
Reading: /opt/freesurfer/average/711-2C_as_mni_average_305.4dfp.ifh
Writing: talsrcimg_to_711-2C_as_mni_average_305_t4_vox2vox.txt

start time Mon Mar 9 05:30:09 CET 2026
end		time Mon Mar 9 05:30:24 CET 2026

mpr2mni305 success

avi2talxfm orig_nu.mgz /opt/freesurfer/average/mni305.cor.mgz talsrcimg_to_711-2C_as_mni_average_305_t4_vox2vox.txt transforms/talairach.auto.xfm
avi2talxfm done
mv -f /out/sourcedata/freesurfer/sub-v1s18x0051239_ses-1/mri/talsrcimg_to_711-2C_as_mni_average_305_t4_vox2vox.txt /out/sourcedata/freesurfer/sub-v1s18x0051239_ses-1/mri/transforms/talsrcimg_to_711-2C_as_mni_average_305_t4_vox2vox.txt
lta_convert --src orig_nu.mgz --trg /opt/freesurfer/average/mni305.cor.mgz --inxfm transforms/talairach.auto.xfm --outlta transforms/talairach.auto.xfm.lta --subject fsaverage
7.3.2

--src: orig_nu.mgz src image (geometry).
--trg: /opt/freesurfer/average/mni305.cor.mgz trg image (geometry).
--inmni: transforms/talairach.auto.xfm input MNI/XFM transform.
--outlta: transforms/talairach.auto.xfm.lta output LTA.
--s: fsaverage subject name
 LTA read, type : 1
 1.06424  -0.07327   0.05589   5.61804;
 0.02335   1.00559   0.20014  -27.28035;
-0.05532  -0.19985   1.11289   8.26956;
 0.00000   0.00000   0.00000   1.00000;
setting subject to fsaverage
Writing  LTA to file transforms/talairach.auto.xfm.lta...
lta_convert successful.
 
 
Started at Mon Mar 9 05:30:09 CET 2026
Ended   at Mon Mar  9 05:30:24 CET 2026
talairach_avi done
